12,109,N,29965980449,99.88660149666667
15,125,N,29962680737,99.87560245666667
102,58,N,29960707298,99.86902432666666
17,117,N,29956839185,99.85613061666668
33,90,N,29950078262,99.83359420666666
13,122,N,29948187120,99.8272904
126,107,N,29941445859,99.80481953
6,120,N,29939026326,99.79675442
10,60,N,29938103260,99.79367753333334
40,116,N,29930814487,99.76938162333333
14,123,N,29929060216,99.76353405333333
10,96,N,29923882776,99.74627592
36,119,N,29923627001,99.74542333666668
109,12,N,29917724240,99.72574746666668
89,60,N,29917110111,99.72370037
47,123,N,29911036430,99.70345476666667
122,13,N,29908466073,99.69488691000001
84,41,N,29908464667,99.69488222333334
117,30,N,29905639190,99.68546396666666
123,47,N,29897871620,99.65957206666667
99,2,N,29896429864,99.65476621333333
5,105,N,29890376437,99.63458812333333
119,48,N,29889866794,99.63288931333332
34,102,N,29889378365,99.63126121666667
91,28,N,29889138985,99.63046328333334
64,18,N,29886849668,99.62283222666667
125,1,N,29884719337,99.61573112333333
29,121,N,29883750523,99.61250174333334
117,17,N,29876951216,99.58983738666667
17,90,N,29876388098,99.58796032666667
1,125,N,29875290728,99.58430242666667
125,15,N,29873711404,99.57903801333333
21,90,N,29872930097,99.57643365666667
121,53,N,29872130429,99.57376809666667
30,77,N,29870343124,99.56781041333333
123,14,N,29867997957,99.55999319
28,115,N,29866642038,99.55547346
58,102,N,29865820711,99.55273570333333
48,119,N,29862247771,99.54082590333333
68,5,N,29861291615,99.53763871666666
66,9,N,29860829171,99.53609723666666
0,110,N,29860682076,99.53560691999999
124,42,N,29858123040,99.5270768
90,33,N,29856944390,99.52314796666667
119,26,N,29856638034,99.52212678
60,10,N,29855047370,99.51682456666666
73,23,N,29848525927,99.49508642333333
2,71,N,29846256963,99.48752320999999
28,91,N,29839408000,99.46469333333333
1,106,N,29836123587,99.45374529
8,125,N,29834961063,99.44987021
106,1,N,29827921770,99.4264059
93,18,N,29822253465,99.40751155000001
15,121,N,29816576450,99.38858816666666
82,120,N,29816297953,99.38765984333332
23,54,N,29814665462,99.38221820666666
118,25,N,29809071771,99.36357257
30,117,N,29808787134,99.36262378
79,4,N,29807603294,99.35867764666668
77,30,N,29806205424,99.35401807999999
69,126,N,29805855175,99.35285058333334
41,66,N,29804805869,99.34935289666666
42,124,N,29802285687,99.34095228999999
115,28,N,29801284554,99.33761518
60,17,N,29801225827,99.33741942333333
10,108,N,29800735459,99.33578486333333
111,25,N,29799897742,99.33299247333333
87,11,N,29792133213,99.30711071
53,121,N,29791953422,99.30651140666666
85,4,N,29791204654,99.30401551333333
102,34,N,29791152752,99.30384250666665
59,127,N,29790469866,99.30156622
11,97,N,29790144492,99.30048164
4,85,N,29789442295,99.29814098333334
96,10,N,29787424560,99.2914152
108,10,N,29785147024,99.28382341333334
115,4,N,29782326061,99.27442020333334
65,115,N,29775683183,99.25227727666666
7,82,N,29775481763,99.25160587666667
23,110,N,29775076839,99.25025613
9,66,N,29772372990,99.24124330000001
41,84,N,29770614720,99.2353824
82,0,N,29770388071,99.23462690333334
4,79,N,29769106557,99.23035519
110,23,N,29765658271,99.21886090333332
115,65,N,29764835311,99.21611770333332
23,73,N,29763403837,99.21134612333333
105,5,N,29761000358,99.20333452666667
103,29,N,29755291744,99.18430581333332
32,114,N,29752042893,99.17347631
42,88,N,29751843540,99.1728118
17,60,N,29750966421,99.16988807
42,107,N,29748518792,99.16172930666667
5,68,N,29748423254,99.16141084666667
127,59,N,29748227094,99.16075698
107,126,N,29744889788,99.14963262666666
113,49,N,29742648505,99.14216168333333
114,32,N,29736514138,99.12171379333333
109,28,N,29735734172,99.11911390666667
107,42,N,29727342980,99.09114326666668
120,82,N,29724748605,99.08249535
88,2,N,29723127059,99.07709019666666
127,71,N,29722398678,99.07466226
88,42,N,29711207139,99.03735713
100,18,N,29709578908,99.03192969333332
49,113,N,29707470814,99.02490271333333
71,2,N,29707116708,99.02372236
54,23,N,29706014937,99.02004979
66,41,N,29695658006,98.98552668666667
11,87,N,29688691486,98.96230495333333
18,100,N,29686253909,98.95417969666667
97,11,N,29685872847,98.95290949
105,11,N,29676084408,98.92028135999999
90,17,N,29675514658,98.91838219333333
84,15,N,29670377580,98.90125859999999
91,29,N,29666050069,98.88683356333333
15,84,N,29663660550,98.8788685
26,119,N,29653289309,98.84429769666667
60,89,N,29652858740,98.84286246666667
2,99,N,29647572143,98.82524047666666
66,22,N,29647154558,98.82384852666667
18,64,N,29643397779,98.81132593000001
116,40,N,29643059256,98.81019752
36,116,N,29642915230,98.80971743333333
25,111,N,29625316288,98.75105429333333
125,8,N,29624519111,98.74839703666667
120,6,N,29623279418,98.74426472666667
5,106,N,29620485823,98.73495274333334
102,17,N,29618505638,98.72835212666666
126,69,N,29615300248,98.71766749333334
11,105,N,29613280319,98.71093439666667
46,114,N,29612087603,98.70695867666667
4,103,N,29612005824,98.70668608
7,83,N,29609639710,98.69879903333333
71,127,N,29606858399,98.68952799666667
25,118,N,29584564648,98.61521549333332
106,5,N,29583242579,98.61080859666667
121,29,N,29581968180,98.60656060000001
29,91,N,29556041086,98.52013695333333
17,102,N,29552822663,98.50940887666667
57,126,N,29523942191,98.41314063666667
121,15,N,29504637163,98.34879054333334
29,103,N,29501905043,98.33968347666666
18,93,N,29499938643,98.33312881
4,115,N,29487389607,98.29129868999999
0,82,N,29461153799,98.20384599666667
90,21,N,29449958513,98.16652837666666
2,88,N,29447175597,98.15725199
126,57,N,29437436636,98.12478878666666
22,66,N,29425688480,98.08562826666667
119,36,N,29372812384,97.90937461333333
116,36,N,29368939980,97.8964666
110,0,N,29348273688,97.82757896
82,7,N,29245141927,97.48380642333333
83,7,N,29222655334,97.40885111333333
28,109,N,29195874996,97.31958332
114,46,N,29001670186,96.67223395333333
103,4,N,28929489652,96.43163217333334
45,1,N,11325510255,37.75170085
46,105,N,11253333128,37.51111042666667
102,125,N,11141784640,37.13928213333333
26,5,N,10891392589,36.30464196333333
35,26,N,10516671752,35.055572506666664
89,119,N,10244618256,34.14872752
101,123,N,10025105993,33.417019976666666
86,102,N,9386457464,31.288191546666667
54,114,N,9255642520,30.852141733333333
80,127,N,8932077864,29.77359288
57,66,N,8773819912,29.246066373333335
92,120,N,8742499528,29.141665093333337
54,66,N,8737869472,29.12623157333333
86,111,N,8662784344,28.875947813333337
35,2,N,8588787659,28.62929219666667
83,58,N,8479885808,28.266286026666666
123,119,N,8342893000,27.809643333333334
27,1,N,8243316264,27.47772088
83,11,N,8194809272,27.316030906666665
108,121,N,8145054736,27.150182453333333
27,77,N,8106291000,27.02097
6,30,N,8085830744,26.952769146666668
55,42,N,7987581016,26.625270053333335
112,110,N,7747762616,25.82587538666667
79,12,N,7701997436,25.67332478666667
16,5,N,7670957779,25.569859263333335
9,42,N,7648203544,25.494011813333334
43,58,N,7644756880,25.482522933333335
91,71,N,7623896217,25.41298739
118,105,N,7362072712,24.540242373333335
92,124,N,7262261688,24.20753896
95,107,N,7104963088,23.683210293333335
22,26,N,7005349368,23.35116456
78,114,N,6926969112,23.08989704
63,60,N,6862865585,22.876218616666666
56,109,N,6791431960,22.638106533333332
59,32,N,6784325312,22.614417706666668
67,47,N,6760505144,22.535017146666668
111,9,N,6734492312,22.448307706666668
50,23,N,6680819376,22.26939792
104,48,N,6632819000,22.109396666666665
23,30,N,6573416024,21.91138674666667
58,2,N,6568863632,21.896212106666667
99,58,N,6566451152,21.888170506666665
61,15,N,6463253944,21.544179813333333
86,47,N,6393833056,21.312776853333336
21,7,N,6377557071,21.25852357
8,82,N,6314637968,21.048793226666668
84,30,N,6313888660,21.046295533333335
45,49,N,6291648502,20.972161673333332
100,32,N,6241689328,20.805631093333332
49,10,N,6208585264,20.695284213333334
19,12,N,6121499330,20.404997766666668
87,111,N,6087117088,20.29039029333333
125,102,N,5975764272,19.91921424
83,89,N,5813106893,19.377022976666666
121,105,N,5706036436,19.02012145333333
13,4,N,5682249528,18.94083176
22,6,N,5621686048,18.738953493333334
14,0,N,5606499408,18.68833136
51,125,N,5594757256,18.649190853333334
69,59,N,5570433368,18.568111226666666
55,59,N,5516580832,18.388602773333336
65,14,N,5474787496,18.249291653333334
124,126,N,5431145752,18.10381917333333
3,54,N,5423949688,18.079832293333332
10,71,N,5382091344,17.940304479999998
98,34,N,5377265397,17.92421799
127,120,N,5295973408,17.653244693333335
9,49,N,5252524640,17.508415466666666
58,83,N,5145020856,17.15006952
71,10,N,5112920152,17.043067173333334
97,49,N,5099583720,16.9986124
69,79,N,5080180192,16.933933973333335
41,83,N,5032411768,16.774705893333334
81,41,N,5016839136,16.72279712
48,15,N,5002866885,16.67622295
65,91,N,4997667368,16.658891226666668
122,71,N,4951818640,16.506062133333334
108,124,N,4948827472,16.49609157333333
99,57,N,4945379464,16.484598213333335
76,46,N,4920062673,16.40020891
14,99,N,4917692648,16.392308826666664
50,108,N,4865777464,16.219258213333333
39,9,N,4823113184,16.077043946666667
102,86,N,4806835456,16.022784853333334
104,64,N,4766372192,15.887907306666666
78,84,N,4755426464,15.851421546666666
93,84,N,4709312974,15.697709913333332
40,21,N,4641230385,15.47076795
86,106,N,4632479877,15.44159959
39,21,N,4625984142,15.419947140000001
112,96,N,4615046680,15.383488933333334
112,22,N,4533527224,15.111757413333333
89,107,N,4507193920,15.023979733333334
37,86,N,4494470936,14.981569786666668
75,57,N,4444929488,14.816431626666668
98,46,N,4431318720,14.771062400000002
99,90,N,4425349819,14.751166063333335
20,17,N,4421771391,14.73923797
56,54,N,4395855520,14.652851733333334
67,27,N,4373259768,14.57753256
112,115,N,4366583104,14.555277013333335
3,36,N,4345745496,14.48581832
30,23,N,4333196872,14.443989573333333
92,91,N,4315160400,14.383868
57,99,N,4297505918,14.325019726666666
111,120,N,4293672456,14.312241519999999
51,59,N,4284966544,14.283221813333332
27,40,N,4284624008,14.282080026666666
945,102,Y,4275478496,14.251594986666666
55,7,N,4268177336,14.227257786666666
47,100,N,4255771096,14.185903653333334
100,85,N,4241005160,14.136683866666665
64,115,N,4235646719,14.118822396666667
76,116,N,4233853053,14.112843510000001
40,13,N,4185862363,13.952874543333332
85,77,N,4179865584,13.93288528
80,108,N,4164996120,13.883320399999999
87,32,N,4140387656,13.801292186666666
1135,125,Y,4137329367,13.791097890000001
72,25,N,4129152112,13.763840373333332
950,102,Y,4117434613,13.724782043333333
38,33,N,4076056152,13.586853839999998
81,106,N,4069799968,13.565999893333332
124,108,N,4068944816,13.563149386666668
98,51,N,4045533480,13.4851116
70,107,N,4029207240,13.4306908
68,90,N,4004442712,13.348142373333333
40,27,N,3989926592,13.299755306666666
111,86,N,3989678752,13.298929173333333
99,14,N,3986629576,13.288765253333334
79,88,N,3985444144,13.284813813333333
39,22,N,3984494352,13.28164784
67,12,N,3966818600,13.222728666666667
64,34,N,3939530384,13.131767946666667
117,82,N,3899017096,12.996723653333333
126,18,N,3890998432,12.969994773333331
44,127,N,3862865275,12.876217583333332
59,69,N,3847301576,12.824338586666666
101,34,N,3842424850,12.808082833333334
33,11,N,3836244152,12.787480506666668
20,122,N,3825752976,12.75250992
13,40,N,3825225414,12.75075138
3,28,N,3801664016,12.672213386666668
76,65,N,3798392336,12.661307786666667
120,111,N,3794003168,12.646677226666666
16,0,N,3771496128,12.57165376
75,112,N,3754355712,12.51451904
39,47,N,3751419752,12.504732506666667
19,53,N,3726645072,12.42215024
87,48,N,3709272704,12.364242346666666
50,18,N,3707739496,12.359131653333332
35,55,N,3700145996,12.333819986666667
94,35,N,3687269279,12.290897596666667
74,123,N,3679137312,12.26379104
78,45,N,3675194078,12.250646926666667
93,46,N,3672904136,12.243013786666666
18,126,N,3645918310,12.153061033333334
106,86,N,3644805364,12.149351213333333
32,110,N,3628334736,12.09444912
944,102,Y,3625887607,12.086292023333334
72,104,N,3610808048,12.036026826666667
66,57,N,3605616040,12.018720133333332
111,87,N,3605026560,12.0167552
80,77,N,3589888760,11.966295866666666
85,1,N,3586179416,11.953931386666666
38,92,N,3581528792,11.938429306666666
105,121,N,3575083792,11.916945973333332
31,0,N,3559193240,11.863977466666666
49,9,N,3539172656,11.797242186666667
116,78,N,3529820824,11.766069413333332
468,42,Y,3528945384,11.76315128
96,112,N,3526837742,11.756125806666667
118,77,N,3508402310,11.694674366666668
32,59,N,3490939544,11.636465146666666
74,87,N,3462566488,11.541888293333333
9,111,N,3409499320,11.364997733333333
88,79,N,3408602440,11.362008133333333
11,83,N,3378050208,11.260167359999999
31,27,N,3367055672,11.223518906666667
53,117,N,3361695488,11.205651626666667
31,60,N,3359857496,11.199524986666667
52,124,N,3351142190,11.170473966666666
789,82,Y,3345986760,11.1532892
96,88,N,3320101912,11.067006373333333
98,33,N,3310615177,11.035383923333333
80,29,N,3295292120,10.984307066666666
78,116,N,3284847592,10.949491973333334
36,45,N,3284813088,10.94937696
1126,124,Y,3280498744,10.934995813333332
92,103,N,3275725880,10.919086266666667
16,6,N,3275286024,10.917620079999999
2,58,N,3274433832,10.91477944
32,87,N,3267676928,10.892256426666666
56,97,N,3259039416,10.86346472
45,36,N,3257860616,10.859535386666666
951,102,Y,3257481389,10.858271296666667
7,55,N,3255346360,10.851154533333334
91,92,N,3247278538,10.824261793333333
95,40,N,3241027517,10.803425056666667
20,61,N,3239672296,10.798907653333334
73,95,N,3232014336,10.77338112
121,108,N,3212573896,10.708579653333333
52,57,N,3194997784,10.649992613333334
101,93,N,3194390560,10.647968533333334
64,104,N,3182769656,10.609232186666667
145,2,Y,3181415856,10.60471952
12,79,N,3158119952,10.527066506666667
50,101,N,3146046632,10.486822106666667
22,112,N,3138623256,10.46207752
109,118,N,3137444184,10.45814728
33,117,N,3133887816,10.44629272
12,26,N,3123820800,10.412736
366,29,Y,3123642360,10.412141199999999
75,103,N,3117006984,10.390023280000001
62,96,N,3114794152,10.382647173333332
77,118,N,3105758936,10.352529786666667
19,41,N,3101223896,10.337412986666667
52,76,N,3100079728,10.333599093333333
21,40,N,3084118436,10.280394786666665
37,88,N,3081055512,10.27018504
792,83,Y,3080871872,10.269572906666667
527,49,Y,3067502672,10.225008906666666
469,42,Y,3062579380,10.208597933333333
95,68,N,3058226152,10.194087173333333
148,2,Y,3058035880,10.193452933333333
69,34,N,3046728200,10.155760666666666
0,14,N,3035482560,10.1182752
106,100,N,3028978168,10.096593893333333
29,118,N,3026777280,10.0892576
216,11,Y,3014152120,10.047173733333334
73,56,N,3008556040,10.028520133333334
343,26,Y,2998396296,9.99465432
89,83,N,2997333216,9.99111072
796,83,Y,2996432536,9.988108453333332
70,113,N,2994422816,9.981409386666666
6,22,N,2989779592,9.965931973333333
97,98,N,2982044224,9.940147413333333
34,101,N,2976758144,9.922527146666667
24,52,N,2971884806,9.906282686666666
72,67,N,2967249928,9.890833093333333
970,105,Y,2957466200,9.858220666666668
185,7,Y,2956427336,9.854757786666667
947,102,Y,2948026032,9.82675344
43,96,N,2941017680,9.803392266666666
21,25,N,2938858088,9.796193626666666
72,80,N,2935144632,9.78381544
946,102,Y,2933804256,9.77934752
164,4,Y,2924334576,9.74778192
788,82,Y,2924291488,9.747638293333333
14,65,N,2922129632,9.740432106666667
103,109,N,2918480168,9.728267226666667
74,53,N,2908495048,9.694983493333334
1083,119,Y,2902710760,9.675702533333332
5,26,N,2895538325,9.651794416666666
26,22,N,2894029593,9.64676531
44,53,N,2891475656,9.638252186666667
1004,109,Y,2889802261,9.632674203333332
95,73,N,2889391544,9.631305146666666
10,49,N,2881057176,9.603523919999999
1130,125,Y,2879361200,9.597870666666667
63,48,N,2868901912,9.563006373333334
44,69,N,2868344043,9.56114681
103,92,N,2866390896,9.55463632
7,21,N,2863917792,9.546392639999999
16,45,N,2860230096,9.53410032
119,89,N,2840277296,9.467590986666668
136,1,Y,2834558520,9.4485284
107,89,N,2826175096,9.420583653333333
71,122,N,2826095704,9.420319013333334
495,45,Y,2822613728,9.408712426666668
6,7,N,2808112112,9.360373706666666
784,82,Y,2806875656,9.356252186666666
34,69,N,2805683536,9.352278453333334
162,4,Y,2803992784,9.346642613333334
62,8,N,2793338536,9.311128453333334
217,11,Y,2777424035,9.258080116666667
1137,126,Y,2770513672,9.235045573333334
48,87,N,2759612736,9.19870912
361,29,Y,2759248144,9.197493813333333
1084,119,Y,2754176198,9.180587326666668
67,35,N,2746127512,9.153758373333334
19,36,N,2745421232,9.151404106666666
108,50,N,2740630632,9.13543544
969,105,Y,2739422048,9.131406826666668
24,50,N,2735474808,9.11824936
3,65,N,2733213600,9.110712
1133,125,Y,2733064416,9.11021472
30,6,N,2720619584,9.068731946666666
25,21,N,2711148456,9.03716152
49,45,N,2710434360,9.0347812
312,23,Y,2707738632,9.025795440000001
931,100,Y,2702404632,9.00801544
85,100,N,2701743736,9.005812453333334
55,35,N,2698799728,8.995999093333333
71,91,N,2682863064,8.94287688
871,92,Y,2679891712,8.932972373333333
412,35,Y,2679302648,8.931008826666668
53,19,N,2672021160,8.9067372
13,64,N,2671240304,8.904134346666668
168,5,Y,2667440848,8.891469493333332
26,12,N,2665379486,8.884598286666668
29,80,N,2664820688,8.882735626666667
341,26,Y,2661946512,8.87315504
45,16,N,2659434792,8.86478264
77,85,N,2653714968,8.84571656
61,79,N,2646565488,8.82188496
948,102,Y,2642744705,8.809149016666666
26,35,N,2616736688,8.722455626666667
45,78,N,2604056816,8.680189386666665
847,89,Y,2602069488,8.67356496
55,8,N,2599554554,8.665181846666666
68,14,N,2594065240,8.646884133333334
1022,111,Y,2592172256,8.640574186666667
83,41,N,2584714576,8.615715253333335
258,16,Y,2581895248,8.606317493333334
61,76,N,2574957024,8.58319008
104,72,N,2567465384,8.558217946666668
160,4,Y,2565852376,8.552841253333334
81,85,N,2565047944,8.550159813333332
949,102,Y,2562353785,8.541179283333333
926,99,Y,2557032480,8.5234416
113,89,N,2555041536,8.516805119999999
118,109,N,2550957928,8.503193093333334
1,85,N,2545152157,8.483840523333333
1128,125,Y,2540913184,8.469710613333334
79,69,N,2539133240,8.463777466666667
56,73,N,2538920576,8.463068586666667
1136,126,Y,2534211560,8.447371866666668
73,63,N,2531851512,8.43950504
316,23,Y,2528530272,8.42843424
1101,121,Y,2525354296,8.417847653333334
100,106,N,2516695752,8.38898584
411,35,Y,2513869824,8.37956608
63,93,N,2511403576,8.371345253333333
109,103,N,2510564248,8.368547493333335
1,45,N,2509745040,8.365816800000001
1139,126,Y,2507725128,8.359083759999999
223,11,Y,2497605536,8.325351786666667
105,118,N,2496834544,8.322781813333334
186,7,Y,2493936592,8.313121973333333
77,80,N,2492082848,8.306942826666667
1098,121,Y,2489036872,8.296789573333333
315,23,Y,2482036032,8.27345344
1131,125,Y,2477434624,8.258115413333334
104,68,N,2473204068,8.24401356
167,4,Y,2470667232,8.235557440000001
464,42,Y,2470138216,8.233794053333334
44,122,N,2460015208,8.200050693333333
1125,124,Y,2459560506,8.19853502
751,77,Y,2456607536,8.188691786666666
1058,116,Y,2450984152,8.169947173333334
927,99,Y,2448045864,8.16015288
817,86,Y,2443117424,8.143724746666667
853,90,Y,2441647040,8.138823466666667
697,71,Y,2439100848,8.13033616
1085,119,Y,2438515104,8.128383679999999
175,5,Y,2437328912,8.124429706666666
662,66,Y,2435112064,8.117040213333333
37,61,N,2434888592,8.116295306666666
38,97,N,2429759456,8.099198186666667
703,71,Y,2426002064,8.086673546666667
119,123,N,2420202456,8.06734152
220,11,Y,2420179240,8.067264133333333
685,69,Y,2418890728,8.062969093333333
563,54,Y,2417489160,8.0582972
118,29,N,2412776336,8.042587786666665
342,26,Y,2410987024,8.036623413333334
368,30,Y,2405184280,8.017280933333334
74,113,N,2395048192,7.983493973333333
579,56,Y,2379789912,7.932633040000001
100,47,N,2379104752,7.930349173333333
971,105,Y,2366932984,7.889776613333334
22,39,N,2364510728,7.881702426666666
64,13,N,2358473680,7.861578933333334
165,4,Y,2355172848,7.85057616
39,43,N,2353132416,7.843774720000001
1046,114,Y,2343760168,7.812533893333333
785,82,Y,2338001592,7.79333864
115,112,N,2333863319,7.779544396666667
78,43,N,2332772752,7.775909173333333
94,72,N,2332498704,7.774995680000001
8,55,N,2328492992,7.7616433066666675
91,65,N,2328114080,7.760380266666667
523,49,Y,2327452232,7.758174106666667
1040,114,Y,2323017432,7.74339144
1032,113,Y,2322345104,7.741150346666667
595,58,Y,2320844376,7.73614792
124,92,N,2317246092,7.724153640000001
1138,126,Y,2311318570,7.704395233333333
822,86,Y,2309257904,7.697526346666667
818,86,Y,2308774704,7.69591568
30,84,N,2308703800,7.695679333333333
224,12,Y,2307710064,7.69236688
143,1,Y,2306123464,7.687078213333333
1100,121,Y,2303979883,7.679932943333332
972,105,Y,2298679648,7.662265493333334
860,91,Y,2298307704,7.66102568
1036,113,Y,2292195712,7.6406523733333325
80,72,N,2288059608,7.62686536
844,89,Y,2282048552,7.606828506666667
27,67,N,2280732704,7.602442346666667
786,82,Y,2278109880,7.593699600000001
42,9,N,2272676496,7.57558832
1044,114,Y,2272598728,7.575329093333333
682,69,Y,2271427944,7.57142648
88,96,N,2268291658,7.560972193333333
115,64,N,2262690552,7.54230184
565,54,Y,2259365032,7.531216773333334
840,89,Y,2247864504,7.492881680000001
339,26,Y,2240374588,7.467915293333334
660,66,Y,2239575209,7.465250696666667
319,23,Y,2237829577,7.459431923333333
93,101,N,2236582310,7.455274366666667
120,127,N,2235018376,7.450061253333333
211,10,Y,2221981839,7.40660613
1017,111,Y,2218970664,7.39656888
1095,120,Y,2218716520,7.395721733333334
866,92,Y,2210691464,7.368971546666667
1047,114,Y,2204834208,7.34944736
1086,119,Y,2190706328,7.302354426666667
803,84,Y,2187945736,7.293152453333334
770,80,Y,2182656408,7.275521359999999
114,110,N,2181647400,7.272157999999999
684,69,Y,2174304000,7.247679999999999
53,44,N,2173478440,7.2449281333333335
278,18,Y,2170351024,7.234503413333333
25,28,N,2164354744,7.214515813333334
28,25,N,2160502040,7.201673466666667
38,94,N,2156782144,7.189273813333333
700,71,Y,2153653984,7.178846613333334
878,93,Y,2153544448,7.178481493333333
15,48,N,2149741432,7.165804773333333
42,55,N,2149217480,7.164058266666666
51,8,N,2148603344,7.162011146666666
48,63,N,2148393216,7.1613107199999995
508,47,Y,2147278120,7.157593733333334
94,122,N,2142476168,7.141587226666666
470,42,Y,2140489960,7.134966533333334
89,113,N,2139250664,7.130835546666667
62,101,N,2138101080,7.127003599999999
1002,109,Y,2136572096,7.121906986666667
32,100,N,2135779440,7.1192648
336,26,Y,2133221224,7.110737413333333
1031,112,Y,2119066792,7.063555973333334
318,23,Y,2119024208,7.063414026666667
204,9,Y,2116406064,7.054686879999999
506,47,Y,2115330816,7.05110272
46,98,N,2115250704,7.0508356800000005
35,67,N,2114941016,7.049803386666667
90,68,N,2108670184,7.028900613333333
925,99,Y,2108025480,7.0267516
1129,125,Y,2105319088,7.017730293333334
122,44,N,2098181448,6.99393816
44,24,N,2095502896,6.985009653333334
4,13,N,2084520896,6.948402986666667
317,23,Y,2082946114,6.943153713333333
974,105,Y,2081575712,6.938585706666666
43,78,N,2080909768,6.936365893333334
96,43,N,2077759496,6.925864986666666
184,7,Y,2076849442,6.922831473333334
49,97,N,2076594448,6.921981493333333
161,4,Y,2073079080,6.9102635999999995
173,5,Y,2064383856,6.88127952
665,67,Y,2054986568,6.849955226666666
715,73,Y,2053224464,6.844081546666667
594,58,Y,2052991992,6.843306640000001
975,105,Y,2051310600,6.837701999999999
1060,116,Y,2047890124,6.826300413333334
87,74,N,2045828424,6.819428080000001
24,81,N,2044875862,6.816252873333334
1140,126,Y,2043051184,6.810170613333333
522,49,Y,2042839400,6.809464666666666
246,14,Y,2041373288,6.804577626666666
313,23,Y,2040211506,6.8007050200000005
172,5,Y,2039702472,6.79900824
364,29,Y,2035421440,6.784738133333333
63,113,N,2035183040,6.783943466666667
795,83,Y,2032514756,6.775049186666666
996,108,Y,2031571352,6.771904506666666
101,50,N,2031465679,6.771552263333333
286,19,Y,2029624368,6.765414560000001
178,6,Y,2028106008,6.76035336
841,89,Y,2022420112,6.741400373333334
560,54,Y,2022379176,6.74126392
31,20,N,2021884072,6.739613573333333
201,9,Y,2019977968,6.733259893333334
43,39,N,2017737608,6.7257920266666655
163,4,Y,2015831904,6.71943968
2,35,N,2011219840,6.704066133333334
843,89,Y,2008712696,6.695708986666666
702,71,Y,2007152264,6.690507546666667
856,91,Y,2006430952,6.688103173333333
82,117,N,2004899064,6.68299688
38,81,N,2004446680,6.681488933333333
1003,109,Y,2004111560,6.6803718666666665
62,20,N,1997007914,6.656693046666666
1078,118,Y,1993796944,6.645989813333333
166,4,Y,1990446576,6.63482192
465,42,Y,1989361076,6.631203586666666
371,30,Y,1985324648,6.617748826666666
804,84,Y,1981828280,6.606094266666666
304,22,Y,1980438848,6.601462826666666
6,16,N,1979611416,6.59870472
859,91,Y,1975644376,6.585481253333334
36,3,N,1962174784,6.540582613333333
444,39,Y,1961237376,6.5374579200000005
1042,114,Y,1956465184,6.521550613333334
1102,121,Y,1956441712,6.521472373333332
62,70,N,1952843688,6.509478959999999
107,95,N,1950745020,6.5024834
81,38,N,1947478992,6.49159664
151,2,Y,1946836280,6.489454266666667
571,55,Y,1945878512,6.486261706666667
104,95,N,1945572800,6.485242666666667
215,10,Y,1944719496,6.482398320000001
607,59,Y,1944305752,6.481019173333332
191,7,Y,1941829496,6.472764986666666
754,78,Y,1941090680,6.470302266666667
110,114,N,1940175304,6.467251013333334
499,46,Y,1934633928,6.448779759999999
276,18,Y,1932952840,6.443176133333334
758,78,Y,1931658904,6.438863013333333
14,68,N,1930497639,6.43499213
1132,125,Y,1926805784,6.422685946666666
863,91,Y,1922068752,6.40689584
68,95,N,1921483752,6.40494584
467,42,Y,1921227696,6.40409232
498,46,Y,1914254400,6.380848
816,86,Y,1911198456,6.37066152
1087,119,Y,1909652304,6.36550768
57,75,N,1908889168,6.362963893333333
386,32,Y,1907078816,6.356929386666667
984,107,Y,1905359231,6.351197436666666
1081,119,Y,1904661096,6.34887032
920,99,Y,1903578499,6.345261663333333
564,54,Y,1903054400,6.343514666666667
787,82,Y,1899324560,6.3310818666666675
405,34,Y,1897602784,6.3253426133333335
16,19,N,1897595776,6.325319253333333
807,84,Y,1895487088,6.318290293333333
747,77,Y,1894234264,6.314114213333333
54,56,N,1893090176,6.310300586666667
63,73,N,1889340412,6.297801373333334
922,99,Y,1889038160,6.2967938666666665
189,7,Y,1879989088,6.266630293333334
845,89,Y,1878543840,6.2618127999999995
113,74,N,1878066176,6.260220586666667
981,106,Y,1877496160,6.258320533333333
116,73,N,1876568776,6.255229253333333
77,27,N,1875395488,6.251318293333333
147,2,Y,1875024708,6.25008236
790,82,Y,1874360322,6.24786774
769,80,Y,1873447536,6.24482512
97,56,N,1867185200,6.223950666666667
351,27,Y,1867095352,6.223651173333334
33,98,N,1865855599,6.219518663333334
865,92,Y,1865610336,6.21870112
374,30,Y,1864675952,6.215586506666667
1149,127,Y,1862142416,6.207141386666667
1120,124,Y,1861772752,6.205909173333334
92,38,N,1861245128,6.204150426666667
441,39,Y,1859372904,6.19790968
387,32,Y,1859204936,6.197349786666666
1023,111,Y,1859068040,6.196893466666667
451,40,Y,1853582984,6.178609946666667
1082,119,Y,1853121560,6.177071866666667
798,83,Y,1852385792,6.174619306666667
937,101,Y,1852130592,6.17376864
1,27,N,1848460440,6.1615348
227,12,Y,1847965200,6.159884
75,13,N,1847044504,6.1568150133333335
105,46,N,1839585992,6.1319533066666665
990,107,Y,1838134576,6.127115253333333
896,96,Y,1836412472,6.121374906666667
771,80,Y,1835083568,6.116945226666667
1045,114,Y,1834540704,6.11513568
70,31,N,1834082008,6.113606693333333
1099,121,Y,1831909408,6.106364693333333
918,98,Y,1831035304,6.103451013333333
19,16,N,1830216219,6.10072073
95,104,N,1829293472,6.097644906666667
851,90,Y,1826695648,6.088985493333333
1145,127,Y,1826664480,6.0888816
46,93,N,1826549792,6.088499306666666
290,20,Y,1823302752,6.0776758399999995
179,6,Y,1820231848,6.0674394933333335
171,5,Y,1818597904,6.061993013333334
568,55,Y,1816960545,6.05653515
520,49,Y,1816383320,6.054611066666666
170,5,Y,1811204096,6.037346986666667
84,78,N,1804669840,6.0155661333333335
806,84,Y,1804214880,6.0140496
24,44,N,1802295928,6.007653093333333
1001,109,Y,1802094096,6.00698032
218,11,Y,1800585231,6.0019507700000005
1096,121,Y,1799985760,5.9999525333333334
221,11,Y,1799214592,5.997381973333334
146,2,Y,1797623928,5.99207976
53,74,N,1794101464,5.980338213333333
1005,109,Y,1793960224,5.979867413333333
744,77,Y,1792866554,5.976221846666667
390,32,Y,1792132032,5.9737734399999995
525,49,Y,1789646152,5.965487173333334
1124,124,Y,1787739968,5.959133226666666
213,10,Y,1786110264,5.9537008799999995
117,53,N,1784549304,5.94849768
261,16,Y,1782815744,5.942719146666667
144,2,Y,1782374552,5.941248506666667
584,57,Y,1781613216,5.9387107199999996
977,106,Y,1777475480,5.924918266666666
858,91,Y,1776054936,5.92018312
507,47,Y,1774027872,5.91342624
1079,118,Y,1771252616,5.904175386666666
503,46,Y,1770070024,5.900233413333334
190,7,Y,1770057872,5.900192906666667
333,25,Y,1768570600,5.895235333333333
114,54,N,1766210173,5.887367243333333
1016,111,Y,1765392120,5.884640399999999
109,56,N,1765200216,5.88400072
94,38,N,1764509216,5.881697386666667
502,46,Y,1764157280,5.880524266666667
139,1,Y,1763896368,5.87965456
696,71,Y,1763345384,5.877817946666666
20,31,N,1761190288,5.8706342933333335
212,10,Y,1757566448,5.8585548266666665
1089,120,Y,1750599048,5.83533016
209,10,Y,1748915744,5.829719146666667
122,94,N,1748000968,5.826669893333333
247,14,Y,1743074056,5.810246853333333
183,6,Y,1742154752,5.807182506666667
233,13,Y,1739524872,5.79841624
455,40,Y,1739399904,5.79799968
169,5,Y,1738892792,5.796309306666666
200,9,Y,1736378112,5.7879270400000005
586,57,Y,1734190704,5.78063568
661,66,Y,1728651912,5.76217304
794,83,Y,1726112464,5.753708213333334
830,87,Y,1724708664,5.74902888
1088,120,Y,1722210840,5.7407028
34,64,N,1718259712,5.727532373333333
305,22,Y,1714627000,5.715423333333333
1134,125,Y,1708538976,5.69512992
1127,124,Y,1706657880,5.6888596
436,38,Y,1705998248,5.6866608266666665
275,18,Y,1704746496,5.68248832
74,43,N,1697517976,5.658393253333333
635,63,Y,1695369168,5.65123056
156,3,Y,1692350152,5.641167173333334
979,106,Y,1689310576,5.631035253333333
84,93,N,1688245792,5.627485973333333
269,17,Y,1687156197,5.623853990000001
96,62,N,1686142560,5.6204752
833,88,Y,1685389232,5.617964106666666
309,22,Y,1684876648,5.616255493333333
669,67,Y,1683031360,5.610104533333334
1041,114,Y,1682643928,5.6088130933333336
529,50,Y,1678519136,5.595063786666667
34,98,N,1678252632,5.59417544
454,40,Y,1678069376,5.593564586666667
102,946,Y,1677362024,5.591206746666667
27,31,N,1674344955,5.58114985
939,101,Y,1674336024,5.58112008
98,97,N,1672796704,5.575989013333333
203,9,Y,1672018368,5.5733945600000006
367,29,Y,1671259632,5.57086544
86,37,N,1668780504,5.562601679999999
973,105,Y,1667678400,5.558928
76,52,N,1667032480,5.556774933333333
187,7,Y,1666619568,5.55539856
929,100,Y,1664584840,5.548616133333333
899,96,Y,1660755752,5.535852506666666
141,1,Y,1660080136,5.533600453333333
667,67,Y,1657534168,5.525113893333334
671,67,Y,1657152072,5.52384024
1107,122,Y,1656496704,5.521655679999999
556,53,Y,1655994216,5.5199807199999995
340,26,Y,1654510456,5.515034853333333
279,18,Y,1654136448,5.51378816
443,39,Y,1653344616,5.5111487200000004
198,8,Y,1652200904,5.5073363466666665
1113,123,Y,1652135048,5.507116826666667
369,30,Y,1649640080,5.498800266666667
79,61,N,1645546776,5.4851559199999995
775,80,Y,1645425544,5.484751813333333
997,108,Y,1645201400,5.484004666666667
257,16,Y,1644266167,5.480887223333333
800,84,Y,1641857956,5.4728598533333335
493,45,Y,1639930456,5.466434853333333
47,39,N,1639700016,5.46566672
1141,126,Y,1639048712,5.463495706666667
414,35,Y,1637722808,5.459076026666667
18,50,N,1637557224,5.45852408
36,19,N,1635548320,5.451827733333333
1090,120,Y,1629941576,5.433138586666667
1021,111,Y,1629730400,5.4324346666666665
653,65,Y,1625645304,5.41881768
797,83,Y,1623297464,5.410991546666667
447,39,Y,1621824968,5.4060832266666665
749,77,Y,1621217984,5.404059946666666
114,78,N,1616480320,5.388267733333333
61,20,N,1612226424,5.37408808
110,32,N,1611004428,5.37001476
663,66,Y,1610918376,5.369727920000001
935,100,Y,1605575520,5.3519184
24,51,N,1603940352,5.34646784
65,3,N,1602251768,5.340839226666667
987,107,Y,1600415004,5.33471668
391,32,Y,1599472808,5.331576026666666
1073,118,Y,1597649616,5.32549872
360,29,Y,1597552024,5.325173413333333
716,73,Y,1596421928,5.321406426666667
234,13,Y,1594530584,5.315101946666666
90,99,N,1593901168,5.313003893333333
1117,123,Y,1593210032,5.310700106666666
297,21,Y,1592072624,5.306908746666666
680,69,Y,1591309032,5.3043634399999995
644,64,Y,1590452904,5.301509680000001
852,90,Y,1589954401,5.2998480033333335
1112,123,Y,1589641152,5.29880384
876,93,Y,1585879832,5.286266106666666
40,95,N,1585562226,5.28520742
490,45,Y,1585240456,5.284134853333333
582,56,Y,1580240608,5.267468693333333
598,58,Y,1580095928,5.266986426666667
113,63,N,1579680656,5.2656021866666665
102,948,Y,1579491880,5.2649729333333335
404,34,Y,1578335600,5.2611186666666665
857,91,Y,1578325440,5.2610848
122,20,N,1577466360,5.2582212
718,73,Y,1576169539,5.253898463333333
699,71,Y,1575374568,5.25124856
567,54,Y,1574977544,5.2499251466666665
308,22,Y,1571612192,5.238707306666666
1092,120,Y,1567418672,5.224728906666667
33,38,N,1564536568,5.215121893333333
375,30,Y,1563463400,5.211544666666667
70,62,N,1561938488,5.206461626666667
398,33,Y,1559991120,5.1999704
110,112,N,1559969584,5.199898613333334
476,43,Y,1558624320,5.1954144
177,6,Y,1557266136,5.19088712
280,19,Y,1555831536,5.18610512
94,37,N,1554199576,5.180665253333333
471,42,Y,1553469848,5.178232826666666
108,80,N,1552143424,5.1738114133333335
41,19,N,1551623848,5.172079493333333
842,89,Y,1545093328,5.150311093333333
989,107,Y,1543854688,5.146182293333333
600,59,Y,1540470912,5.13490304
820,86,Y,1537439997,5.12479999
1116,123,Y,1536289056,5.12096352
46,76,N,1536231768,5.12077256
214,10,Y,1534112504,5.113708346666666
813,85,Y,1533774192,5.11258064
823,86,Y,1532972480,5.109908266666666
452,40,Y,1531222256,5.104074186666667
311,22,Y,1529788712,5.099295706666666
466,42,Y,1528935144,5.09645048
809,85,Y,1527592992,5.0919766399999995
1104,122,Y,1527460520,5.091535066666666
28,3,N,1526546424,5.088488079999999
848,90,Y,1525495924,5.084986413333334
861,91,Y,1523942176,5.079807253333334
701,71,Y,1522926464,5.0764215466666665
458,41,Y,1521321840,5.0710728
601,59,Y,1520501840,5.068339466666667
1097,121,Y,1513181368,5.043937893333333
826,87,Y,1513082376,5.0436079199999995
687,69,Y,1512093336,5.04031112
1142,126,Y,1510898640,5.0363288
1151,127,Y,1510833416,5.036111386666667
569,55,Y,1508236512,5.0274550399999995
592,58,Y,1506697896,5.02232632
271,17,Y,1503672368,5.012241226666666
867,92,Y,1501773872,5.0059129066666666
590,57,Y,1500964552,5.003215173333333
980,106,Y,1500727376,5.002424586666667
657,66,Y,1500192064,5.000640213333334
504,47,Y,1499666888,4.998889626666666
487,44,Y,1497032522,4.990108406666667
299,21,Y,1496689480,4.9889649333333335
1103,121,Y,1495361616,4.98453872
1106,122,Y,1493416392,4.97805464
363,29,Y,1493353848,4.9778461599999995
355,28,Y,1492815955,4.976053183333334
7,6,N,1490817467,4.969391556666666
978,106,Y,1490761464,4.9692048799999995
1143,126,Y,1487182992,4.95727664
409,35,Y,1486132136,4.953773786666667
1063,116,Y,1482693120,4.9423104
901,96,Y,1481725608,4.93908536
854,90,Y,1481637664,4.9387922133333335
202,9,Y,1480519160,4.935063866666667
1093,120,Y,1476680680,4.922268933333333
766,79,Y,1476533984,4.921779946666667
418,36,Y,1475659744,4.918865813333333
241,14,Y,1474724272,4.915747573333333
56,3,N,1472267248,4.907557493333333
1029,112,Y,1472187528,4.907291760000001
521,49,Y,1468229080,4.8940969333333335
678,68,Y,1467582712,4.891942373333333
943,101,Y,1467346712,4.891155706666667
76,61,N,1466559488,4.8885316266666665
158,3,Y,1463928480,4.8797616
692,70,Y,1463330320,4.877767733333333
535,50,Y,1463211208,4.877370693333334
597,58,Y,1462085048,4.873616826666667
106,81,N,1460974616,4.8699153866666665
20,62,N,1460650012,4.8688333733333335
37,75,N,1458927072,4.86309024
821,86,Y,1458259376,4.860864586666667
296,21,Y,1456716336,4.85572112
138,1,Y,1456703064,4.85567688
761,79,Y,1451226616,4.837422053333333
445,39,Y,1446670288,4.8222342933333335
459,41,Y,1446188232,4.82062744
85,81,N,1445644023,4.818813410000001
235,13,Y,1445496624,4.818322080000001
349,27,Y,1445433232,4.818110773333333
347,27,Y,1445262192,4.81754064
524,49,Y,1444567256,4.815224186666667
1147,127,Y,1443783280,4.812610933333334
75,37,N,1442382120,4.8079404
591,57,Y,1441429928,4.804766426666666
966,104,Y,1440770552,4.802568506666667
1075,118,Y,1439273952,4.79757984
102,947,Y,1439034293,4.796780976666667
442,39,Y,1438393056,4.79464352
585,57,Y,1435949320,4.786497733333333
577,56,Y,1433650520,4.778835066666667
735,75,Y,1433424040,4.778080133333333
755,78,Y,1432553648,4.775178826666666
1020,111,Y,1431665992,4.772219973333333
709,72,Y,1429920400,4.7664013333333335
432,38,Y,1429482976,4.764943253333334
400,34,Y,1427033336,4.7567777866666665
712,73,Y,1426896224,4.756320746666667
676,68,Y,1422853536,4.74284512
155,3,Y,1421407184,4.738023946666667
306,22,Y,1421025896,4.736752986666667
449,40,Y,1420617377,4.735391256666667
683,69,Y,1419931696,4.733105653333333
938,101,Y,1419256136,4.730853786666667
1110,122,Y,1415181104,4.717270346666667
850,90,Y,1414735664,4.715785546666667
362,29,Y,1410528960,4.701763199999999
370,30,Y,1407961032,4.6932034400000004
207,9,Y,1407879984,4.69293328
496,46,Y,1406279424,4.68759808
999,108,Y,1406259872,4.687532906666666
962,104,Y,1405784208,4.68594736
462,41,Y,1404836040,4.682786800000001
359,28,Y,1403784440,4.679281466666667
953,103,Y,1403020992,4.6767366400000006
460,41,Y,1402712584,4.675708613333334
933,100,Y,1401757143,4.6725238099999995
67,72,N,1400040360,4.6668012
746,77,Y,1400006464,4.666688213333333
489,45,Y,1395901264,4.653004213333333
1077,118,Y,1393291848,4.64430616
534,50,Y,1392095359,4.640317863333333
838,88,Y,1389848227,4.6328274233333335
150,2,Y,1389618936,4.63206312
248,15,Y,1385714360,4.619047866666667
729,75,Y,1385649648,4.61883216
253,15,Y,1384431048,4.61477016
512,48,Y,1384331208,4.614437359999999
149,2,Y,1382254904,4.607516346666666
372,30,Y,1382124904,4.607083013333333
774,80,Y,1381451312,4.604837706666666
59,55,N,1381286187,4.604287289999999
570,55,Y,1379363296,4.597877653333334
776,81,Y,1378020427,4.593401423333334
337,26,Y,1376707664,4.589025546666667
727,74,Y,1375989680,4.586632266666666
875,93,Y,1373003416,4.5766780533333336
264,17,Y,1371200411,4.5706680366666665
1076,118,Y,1370133552,4.56711184
994,108,Y,1366624192,4.555413973333334
872,93,Y,1366071640,4.553572133333334
47,86,N,1365142920,4.5504764
157,3,Y,1361735824,4.539119413333333
566,54,Y,1360647576,4.53549192
120,92,N,1359223272,4.53074424
602,59,Y,1358306259,4.52768753
66,54,N,1357872256,4.526240853333333
310,22,Y,1357535904,4.5251196799999995
263,16,Y,1357178344,4.523927813333333
153,3,Y,1357035984,4.52345328
501,46,Y,1354372719,4.51457573
388,32,Y,1352579288,4.508597626666667
811,85,Y,1352030712,4.50676904
793,83,Y,1351142720,4.503809066666667
968,105,Y,1350221624,4.500738746666666
919,98,Y,1348505736,4.49501912
891,95,Y,1347413744,4.491379146666667
243,14,Y,1347341864,4.491139546666666
393,33,Y,1343017765,4.476725883333333
646,64,Y,1342720280,4.475734266666667
905,97,Y,1340757456,4.46919152
73,116,N,1336824232,4.456080773333333
356,28,Y,1335355568,4.4511852266666665
767,79,Y,1333911256,4.446370853333334
1121,124,Y,1333174040,4.443913466666666
0,31,N,1332743088,4.44247696
237,13,Y,1330948544,4.436495146666666
11,33,N,1329612288,4.43204096
427,37,Y,1329519736,4.431732453333334
137,1,Y,1329367280,4.431224266666667
909,97,Y,1328656344,4.42885448
353,28,Y,1328283454,4.427611513333334
1067,117,Y,1328053864,4.4268462133333335
982,106,Y,1327118360,4.423727866666667
295,20,Y,1325143848,4.417146160000001
1034,113,Y,1324559328,4.41519776
562,54,Y,1324105056,4.41368352
1148,127,Y,1318637744,4.395459146666666
397,33,Y,1315857736,4.386192453333333
604,59,Y,1314519656,4.3817321866666665
658,66,Y,1313610896,4.378702986666667
605,59,Y,1311300168,4.37100056
69,44,N,1310613896,4.368712986666667
837,88,Y,1310287792,4.367625973333333
928,100,Y,1307644800,4.358816
674,68,Y,1307616048,4.35872016
587,57,Y,1306755296,4.355850986666667
636,63,Y,1306478544,4.35492848
188,7,Y,1305106584,4.35035528
131,0,Y,1304435896,4.348119653333334
428,37,Y,1303640392,4.345467973333333
846,89,Y,1303404752,4.3446825066666666
1056,116,Y,1302765089,4.3425502966666665
236,13,Y,1301408832,4.33802944
1091,120,Y,1301146256,4.337154186666667
273,18,Y,1298502896,4.328342986666667
883,94,Y,1297336440,4.3244548
123,101,N,1295569488,4.31856496
561,54,Y,1295084920,4.316949733333334
698,71,Y,1284497032,4.281656773333333
536,51,Y,1281829672,4.272765573333333
229,12,Y,1280514296,4.268380986666666
934,100,Y,1280127896,4.2670929866666665
373,30,Y,1279498976,4.264996586666666
1011,110,Y,1278154184,4.260513946666666
904,97,Y,1278058504,4.260195013333333
1053,115,Y,1276436272,4.254787573333333
307,22,Y,1275630848,4.2521028266666665
877,93,Y,1274194536,4.2473151200000006
932,100,Y,1272880664,4.242935546666667
773,80,Y,1270853172,4.23617724
995,108,Y,1270345096,4.234483653333333
651,65,Y,1269334960,4.231116533333333
654,65,Y,1268718848,4.2290628266666666
574,55,Y,1267607048,4.225356826666666
533,50,Y,1267226776,4.224089253333333
12,19,N,1266848536,4.222828453333333
254,15,Y,1264241432,4.214138106666667
547,52,Y,1263138680,4.210462266666667
245,14,Y,1260327186,4.20109062
808,85,Y,1256852244,4.1895074800000005
825,87,Y,1254403352,4.181344506666667
1007,109,Y,1254283888,4.180946293333333
632,63,Y,1252294000,4.174313333333333
1080,119,Y,1246936808,4.156456026666667
868,92,Y,1245177792,4.150592639999999
668,67,Y,1243912976,4.146376586666667
65,76,N,1243546264,4.145154213333333
1062,116,Y,1238247472,4.127491573333334
0,16,N,1237334688,4.1244489600000005
1006,109,Y,1236963184,4.123210613333334
492,45,Y,1233666056,4.112220186666667
440,39,Y,1231829312,4.106097706666667
1012,110,Y,1230590032,4.101966773333333
509,47,Y,1230109848,4.10036616
192,8,Y,1229466368,4.098221226666666
869,92,Y,1226900632,4.089668773333333
576,56,Y,1226700568,4.089001893333333
1026,112,Y,1225375368,4.08458456
416,36,Y,1225330248,4.08443416
12,67,N,1225148000,4.083826666666666
739,76,Y,1223895288,4.07965096
23,50,N,1222770391,4.075901303333334
420,36,Y,1220703072,4.06901024
634,63,Y,1220398408,4.0679946933333335
1000,109,Y,1220333760,4.0677791999999995
270,17,Y,1218725056,4.062416853333333
913,98,Y,1218161624,4.0605387466666665
448,40,Y,1216768712,4.055895706666666
474,43,Y,1212601008,4.04200336
791,82,Y,1212217256,4.040724186666667
348,27,Y,1211428352,4.038094506666667
1123,124,Y,1210545936,4.0351531199999995
450,40,Y,1208554784,4.0285159466666665
294,20,Y,1206758184,4.02252728
782,81,Y,1206613144,4.022043813333333
914,98,Y,1205581600,4.018605333333333
903,96,Y,1205080996,4.0169366533333335
1043,114,Y,1204126632,4.01375544
112,75,N,1199330560,3.9977685333333333
323,24,Y,1195308936,3.98436312
1013,110,Y,1194307744,3.981025813333333
738,76,Y,1193696096,3.978986986666667
51,98,N,1193432000,3.978106666666667
835,88,Y,1191357320,3.971191066666667
116,76,N,1190665040,3.9688834666666666
410,35,Y,1190199699,3.96733233
1018,111,Y,1189405232,3.9646841066666667
365,29,Y,1188856664,3.962855546666667
1094,120,Y,1188828984,3.96276328
645,64,Y,1188361112,3.9612037066666668
277,18,Y,1184733336,3.94911112
321,24,Y,1184728704,3.9490956799999997
819,86,Y,1183829576,3.9460985866666665
849,90,Y,1183777208,3.945924026666667
176,6,Y,1183178136,3.94392712
407,34,Y,1182769632,3.94256544
385,32,Y,1181661488,3.9388716266666663
180,6,Y,1180808928,3.93602976
497,46,Y,1179122352,3.93040784
281,19,Y,1177972989,3.9265766299999996
759,78,Y,1177492712,3.924975706666667
210,10,Y,1176506456,3.9216881866666666
54,3,N,1175772688,3.9192422933333333
485,44,Y,1175578776,3.91859592
960,104,Y,1175508952,3.9183631733333337
873,93,Y,1175352952,3.917843173333333
107,70,N,1171634391,3.90544797
338,26,Y,1171130784,3.90376928
256,16,Y,1170856464,3.90285488
1069,117,Y,1170173563,3.9005785433333338
912,98,Y,1169582472,3.8986082399999997
1035,113,Y,1167794040,3.8926468
378,31,Y,1162179912,3.8739330400000003
930,100,Y,1160814296,3.8693809866666666
13,75,N,1160498336,3.8683277866666663
513,48,Y,1159494872,3.864982906666667
1055,115,Y,1156529416,3.855098053333333
518,48,Y,1155902960,3.8530098666666666
1019,111,Y,1155787112,3.852623706666667
421,36,Y,1155517976,3.8517265866666666
647,64,Y,1154871848,3.849572826666667
762,79,Y,1151070240,3.8369008000000004
326,24,Y,1149166600,3.8305553333333333
691,70,Y,1148313512,3.8277117066666664
1070,117,Y,1148239822,3.8274660733333334
675,68,Y,1147492184,3.824973946666667
228,12,Y,1146606568,3.8220218933333334
805,84,Y,1145778944,3.8192631466666667
249,15,Y,1143203304,3.81067768
424,37,Y,1142058000,3.80686
401,34,Y,1140671152,3.802237173333333
1049,115,Y,1139758168,3.799193893333333
514,48,Y,1139289696,3.7976323200000004
272,18,Y,1138537160,3.7951238666666667
528,50,Y,1138121912,3.793739706666667
5,16,N,1136010264,3.7867008799999997
208,10,Y,1135528704,3.7850956800000004
1054,115,Y,1131332888,3.7711096266666666
93,63,N,1131299232,3.77099744
1105,122,Y,1129938264,3.76646088
31,70,N,1129634240,3.7654474666666666
1061,116,Y,1128244784,3.7608159466666664
1014,110,Y,1128184296,3.7606143199999997
456,41,Y,1127189462,3.757298206666667
916,98,Y,1127071880,3.756906266666667
431,37,Y,1126298000,3.7543266666666666
205,9,Y,1125204864,3.7506828800000003
829,87,Y,1125008864,3.7500295466666667
43,74,N,1124728728,3.74909576
52,70,N,1124008464,3.7466948799999997
613,60,Y,1122588664,3.7419622133333332
48,104,N,1122371840,3.741239466666667
491,45,Y,1120371912,3.73457304
892,95,Y,1120241240,3.734137466666667
889,95,Y,1118904303,3.72968101
357,28,Y,1118342528,3.7278084266666665
488,45,Y,1116145648,3.720485493333334
394,33,Y,1113980680,3.7132689333333335
219,11,Y,1113513016,3.7117100533333334
824,87,Y,1110191072,3.700636906666667
230,12,Y,1107847080,3.6928236000000005
1051,115,Y,1107002928,3.69000976
182,6,Y,1106907968,3.689693226666667
992,108,Y,1106655427,3.6888514233333334
983,106,Y,1106077520,3.6869250666666664
814,85,Y,1106019008,3.6867300266666665
377,31,Y,1105143080,3.6838102666666663
101,62,N,1104147504,3.68049168
991,107,Y,1103542686,3.67847562
142,1,Y,1103304994,3.677683313333333
627,62,Y,1103146952,3.6771565066666665
344,27,Y,1102727008,3.675756693333333
879,93,Y,1100874514,3.6695817133333337
127,80,N,1100188619,3.6672953966666664
81,24,N,1100062448,3.666874826666667
314,23,Y,1099305408,3.6643513599999995
802,84,Y,1098905912,3.6630197066666668
268,17,Y,1098147832,3.6604927733333334
352,28,Y,1095522112,3.6517403733333333
606,59,Y,1094620248,3.64873416
734,75,Y,1094540296,3.648467653333334
575,55,Y,1093079352,3.64359784
174,5,Y,1091800624,3.6393354133333333
1122,124,Y,1088726608,3.6290886933333337
908,97,Y,1087531400,3.6251046666666666
638,63,Y,1086690872,3.622302906666667
1030,112,Y,1086018064,3.6200602133333337
332,25,Y,1084145592,3.6138186400000003
57,52,N,1081340472,3.60446824
666,67,Y,1081219528,3.6040650933333334
1038,113,Y,1080359440,3.601198133333333
446,39,Y,1080007016,3.600023386666667
195,8,Y,1079933496,3.59977832
976,106,Y,1079764568,3.599215226666667
924,99,Y,1078933776,3.59644592
395,33,Y,1078918976,3.5963965866666667
1146,127,Y,1078062008,3.5935400266666666
641,64,Y,1073607000,3.5786900000000004
287,19,Y,1072234592,3.574115306666667
199,8,Y,1071181288,3.5706042933333335
834,88,Y,1067501064,3.55833688
399,33,Y,1066330264,3.554434213333333
439,38,Y,1065709120,3.552363733333333
832,88,Y,1064663536,3.5488784533333333
82,8,N,1063019280,3.5433976
60,63,N,1062253200,3.540844
457,41,Y,1062181632,3.5406054399999998
583,56,Y,1062087448,3.5402914933333336
140,1,Y,1061599568,3.5386652266666667
232,13,Y,1060683760,3.5356125333333335
1009,110,Y,1056573656,3.521912186666667
656,66,Y,1056210576,3.52070192
705,72,Y,1055860112,3.5195337066666665
8,62,N,1055596304,3.5186543466666667
267,17,Y,1055574648,3.5185821600000002
772,80,Y,1046547792,3.48849264
815,85,Y,1045596160,3.4853205333333332
526,49,Y,1043400928,3.4780030933333332
628,62,Y,1043095016,3.476983386666667
640,64,Y,1042146080,3.473820266666667
72,94,N,1039583368,3.4652778933333335
413,35,Y,1039007693,3.4633589766666666
572,55,Y,1036509056,3.455030186666667
1010,110,Y,1033572224,3.445240746666667
719,73,Y,1033444640,3.444815466666667
757,78,Y,1032992080,3.443306933333333
325,24,Y,1032843280,3.442810933333333
713,73,Y,1032631072,3.4421035733333336
124,52,N,1032259200,3.440864
9,39,N,1032256600,3.4408553333333334
940,101,Y,1032226624,3.440755413333333
864,92,Y,1032207144,3.4406904799999998
117,33,N,1032060200,3.4402006666666667
963,104,Y,1031817328,3.4393910933333336
123,74,N,1031793064,3.439310213333333
154,3,Y,1031751592,3.4391719733333335
650,65,Y,1030874320,3.4362477333333334
380,31,Y,1029492592,3.4316419733333334
731,75,Y,1029406072,3.431353573333333
781,81,Y,1029269232,3.43089744
831,87,Y,1029161512,3.4305383733333334
1144,127,Y,1028436088,3.428120293333333
59,51,N,1027565848,3.4252194933333335
244,14,Y,1026055864,3.420186213333333
21,39,N,1025558280,3.4185276
1150,127,Y,1025459848,3.4181994933333333
129,0,Y,1020903240,3.4030108000000006
890,95,Y,1020746536,3.4024884533333335
505,47,Y,1019286352,3.397621173333333
615,60,Y,1016395200,3.3879840000000003
1059,116,Y,1016302368,3.3876745600000002
923,99,Y,1016286896,3.387622986666667
463,41,Y,1014387608,3.3812920266666664
152,3,Y,1013325880,3.3777529333333334
961,104,Y,1012130128,3.373767093333333
354,28,Y,1010365256,3.367884186666667
540,51,Y,1010182696,3.3672756533333335
694,70,Y,1008751440,3.3625048
1074,118,Y,1008186000,3.3606200000000004
681,69,Y,1007399184,3.35799728
985,107,Y,1004850192,3.34950064
921,99,Y,1001696128,3.3389870933333334
952,103,Y,1000353152,3.3345105066666667
58,99,N,998993088,3.32997696
836,88,Y,998457496,3.328191653333333
102,951,Y,995717976,3.3190599199999995
593,58,Y,995687728,3.318959093333333
484,44,Y,995586352,3.3186211733333333
41,81,N,994444944,3.3148164799999997
1015,110,Y,994379680,3.3145989333333334
902,96,Y,992064000,3.30688
132,0,Y,991988984,3.3066299466666664
260,16,Y,991567472,3.3052249066666666
894,95,Y,989594671,3.298648903333333
967,104,Y,988394256,3.29464752
126,124,N,985419608,3.2847320266666666
531,50,Y,985162720,3.2838757333333337
406,34,Y,982241744,3.2741391466666667
103,75,N,981876728,3.2729224266666668
768,80,Y,981674688,3.27224896
618,61,Y,979600800,3.265336
517,48,Y,979203848,3.2640128266666664
242,14,Y,978274376,3.260914586666667
358,28,Y,974548624,3.2484954133333335
134,0,Y,974233192,3.247443973333333
643,64,Y,974175552,3.2472518399999997
611,60,Y,973430056,3.2447668533333336
425,37,Y,971999328,3.2399977599999996
670,67,Y,971352128,3.2378404266666667
328,25,Y,970852720,3.236175733333333
1052,115,Y,970302750,3.2343425000000003
750,77,Y,969783152,3.2326105066666666
222,11,Y,968791248,3.2293041600000003
1057,116,Y,967180960,3.223936533333333
250,15,Y,966125336,3.220417786666667
763,79,Y,965436840,3.2181227999999997
855,90,Y,964168568,3.2138952266666667
1118,123,Y,962508992,3.2083633066666666
679,68,Y,960436512,3.20145504
732,75,Y,958573832,3.1952461066666666
707,72,Y,957398592,3.1913286399999996
956,103,Y,957185168,3.1906172266666664
801,84,Y,955772112,3.18590704
648,65,Y,955440232,3.1848007733333334
799,83,Y,949571944,3.1652398133333337
494,45,Y,947928848,3.1597628266666664
1065,117,Y,946168800,3.1538959999999996
379,31,Y,945135936,3.15045312
345,27,Y,945073624,3.1502454133333337
265,17,Y,944807448,3.1493581600000002
827,87,Y,943100776,3.143669253333333
541,51,Y,940359960,3.1345331999999995
423,36,Y,939698576,3.132328586666667
282,19,Y,939572024,3.131906746666667
97,38,N,939316032,3.13105344
285,19,Y,938858136,3.12952712
839,88,Y,937220688,3.12406896
478,43,Y,936923856,3.12307952
133,0,Y,936011584,3.1200386133333335
986,107,Y,934381040,3.1146034666666664
102,944,Y,932526992,3.108423306666667
954,103,Y,931002360,3.1033412
396,33,Y,930750725,3.102502416666667
637,63,Y,930592512,3.10197504
346,27,Y,930318272,3.1010609066666666
1033,113,Y,929876501,3.0995883366666668
226,12,Y,929305664,3.097685546666667
532,50,Y,928550704,3.0951690133333334
402,34,Y,925911912,3.0863730400000002
58,43,N,924528016,3.0817600533333334
17,20,N,924175848,3.08058616
262,16,Y,921473624,3.0715787466666664
422,36,Y,921130272,3.07043424
1064,117,Y,920924336,3.0697477866666665
760,79,Y,920513152,3.0683771733333334
862,91,Y,919798432,3.0659947733333337
417,36,Y,918874304,3.0629143466666666
959,103,Y,918542848,3.061809493333333
551,52,Y,918184296,3.06061432
408,35,Y,915851416,3.0528380533333332
581,56,Y,914154368,3.0471812266666665
335,25,Y,914095655,3.0469855166666666
403,34,Y,913895552,3.0463185066666667
61,37,N,912713496,3.04237832
881,94,Y,912181072,3.040603573333333
659,66,Y,911599432,3.0386647733333336
544,52,Y,909583304,3.0319443466666667
238,13,Y,908573680,3.0285789333333333
655,65,Y,908349072,3.0278302399999997
554,53,Y,908091336,3.0269711200000002
911,97,Y,907778304,3.0259276799999997
724,74,Y,907707944,3.0256931466666668
3,56,N,907602912,3.02534304
70,52,N,907308928,3.0243630933333336
68,104,N,907135616,3.023785386666667
415,35,Y,906730240,3.0224341333333333
623,61,Y,904448416,3.0148280533333334
274,18,Y,903051904,3.0101730133333335
519,48,Y,902715816,3.00905272
888,95,Y,897558888,2.99186296
1114,123,Y,897005440,2.9900181333333333
907,97,Y,896818552,2.9893951733333335
906,97,Y,896745640,2.9891521333333335
37,94,N,895730968,2.9857698933333334
765,79,Y,894777978,2.9825932600000002
251,15,Y,893502664,2.9783422133333333
330,25,Y,889895672,2.966318906666667
1108,122,Y,889759944,2.9658664800000003
752,78,Y,889157888,2.963859626666667
196,8,Y,887907912,2.95969304
673,68,Y,887429600,2.9580986666666664
1066,117,Y,886051568,2.9535052266666666
764,79,Y,885418056,2.95139352
300,21,Y,884675568,2.94891856
810,85,Y,883353048,2.94451016
553,53,Y,880278903,2.93426301
721,74,Y,879580784,2.9319359466666666
25,72,N,878053168,2.9268438933333334
964,104,Y,876351128,2.9211704266666665
614,60,Y,876028120,2.920093733333333
915,98,Y,875865528,2.91955176
642,64,Y,874357096,2.914523653333333
609,60,Y,874144224,2.91381408
350,27,Y,873691848,2.91230616
558,53,Y,871985184,2.9066172800000003
102,950,Y,869837616,2.89945872
599,58,Y,869604344,2.8986811466666667
723,74,Y,868851808,2.8961726933333334
730,75,Y,868246400,2.8941546666666667
1024,112,Y,865615248,2.88538416
481,44,Y,864646776,2.8821559199999998
537,51,Y,864078448,2.8802614933333337
255,15,Y,863078816,2.8769293866666668
993,108,Y,861579080,2.8719302666666664
130,0,Y,860613680,2.8687122666666665
621,61,Y,858938528,2.863128426666667
756,78,Y,857615968,2.8587198933333333
722,74,Y,857484824,2.8582827466666667
329,25,Y,855192576,2.85064192
870,92,Y,854382800,2.8479426666666665
743,76,Y,853093544,2.8436451466666663
958,103,Y,850898200,2.8363273333333336
736,76,Y,850448176,2.834827253333333
588,57,Y,850187472,2.83395824
47,67,N,844140120,2.8138004000000003
1068,117,Y,839016464,2.796721546666667
88,37,N,837802928,2.7926764266666666
942,101,Y,836446376,2.788154586666667
327,24,Y,833578968,2.77859656
778,81,Y,832837569,2.77612523
779,81,Y,829702000,2.7656733333333334
741,76,Y,829319296,2.7643976533333334
664,67,Y,826332600,2.754442
240,14,Y,824959088,2.749863626666667
1037,113,Y,821150888,2.7371696266666667
733,75,Y,820254920,2.7341830666666667
483,44,Y,815648768,2.7188292266666667
895,95,Y,813939384,2.7131312800000003
812,85,Y,810357808,2.7011926933333332
259,16,Y,810237096,2.70079032
382,31,Y,809016976,2.6967232533333334
193,8,Y,806314616,2.6877153866666665
1048,115,Y,806148384,2.6871612799999998
874,93,Y,804673648,2.6822454933333333
1111,122,Y,801464440,2.6715481333333333
159,3,Y,799024096,2.6634136533333335
231,12,Y,796547256,2.65515752
1115,123,Y,794670880,2.6489029333333334
608,60,Y,794065888,2.6468862933333335
289,20,Y,793364440,2.644548133333333
998,108,Y,791752064,2.6391735466666666
1039,113,Y,788890328,2.6296344266666667
291,20,Y,787816072,2.6260535733333334
197,8,Y,786813496,2.6227116533333334
194,8,Y,786434368,2.6214478933333334
753,78,Y,782099240,2.6069974666666664
181,6,Y,781797704,2.6059923466666666
419,36,Y,778950400,2.5965013333333333
910,97,Y,777697024,2.5923234133333333
266,17,Y,774195608,2.580652026666667
589,57,Y,772673872,2.575579573333333
384,32,Y,771813104,2.5727103466666668
677,68,Y,771140448,2.57046816
477,43,Y,769932840,2.5664428
334,25,Y,769258808,2.5641960266666666
125,51,N,768036520,2.5601217333333333
1071,117,Y,767654968,2.558849893333333
1008,110,Y,763864496,2.5462149866666666
376,31,Y,761055936,2.53685312
1050,115,Y,757375872,2.52458624
475,43,Y,754713792,2.51571264
748,77,Y,754403536,2.5146784533333335
500,46,Y,754093040,2.5136434666666667
461,41,Y,751162816,2.5038760533333333
128,0,Y,746114880,2.4870495999999997
433,38,Y,745829912,2.486099706666667
714,73,Y,741466216,2.4715540533333336
728,75,Y,735295232,2.4509841066666667
331,25,Y,730664960,2.4355498666666664
612,60,Y,730024112,2.433413706666667
887,94,Y,729786072,2.43262024
573,55,Y,729593954,2.4319798466666667
127,44,N,729050608,2.4301686933333335
125,1129,Y,724973936,2.416579786666667
225,12,Y,724064928,2.41354976
302,21,Y,722548192,2.4084939733333335
511,47,Y,719706432,2.3990214400000003
8,51,N,717285589,2.3909519633333334
1072,118,Y,715250016,2.38416672
686,69,Y,715098328,2.383661093333333
389,32,Y,713689240,2.3789641333333336
125,1134,Y,713046144,2.37682048
672,68,Y,708814072,2.362713573333333
52,24,N,705953480,2.3531782666666667
917,98,Y,704847008,2.3494900266666665
742,76,Y,704795696,2.349318986666667
596,58,Y,704351288,2.3478376266666667
726,74,Y,702809904,2.34269968
649,65,Y,702747024,2.3424900799999997
957,103,Y,702471784,2.341572613333333
882,94,Y,702031024,2.340103413333333
516,48,Y,701854464,2.3395148800000003
745,77,Y,701663008,2.3388766933333334
783,81,Y,697061624,2.323538746666667
603,59,Y,695764576,2.3192152533333332
50,24,N,695475032,2.3182501066666665
426,37,Y,695112096,2.31704032
893,95,Y,693967928,2.3132264266666667
630,62,Y,693230480,2.310768266666667
624,62,Y,692931272,2.3097709066666665
135,0,Y,689910701,2.299702336666667
252,15,Y,688818064,2.2960602133333334
60,31,N,687867976,2.2928932533333333
955,103,Y,685244136,2.28414712
538,51,Y,681611800,2.2720393333333333
626,62,Y,679618072,2.2653935733333332
652,65,Y,679194472,2.263981573333333
392,33,Y,678660352,2.262201173333333
473,43,Y,677880888,2.25960296
897,96,Y,675061912,2.2502063733333335
610,60,Y,671073048,2.23691016
633,63,Y,668865024,2.22955008
206,9,Y,666601472,2.2220049066666667
530,50,Y,666504912,2.22168304
688,70,Y,663592200,2.2119739999999997
437,38,Y,662602080,2.2086736
580,56,Y,659754248,2.199180826666667
515,48,Y,653464456,2.1782148533333334
557,53,Y,653215472,2.1773849066666666
543,51,Y,652211544,2.1740384799999997
102,945,Y,649142424,2.16380808
284,19,Y,648642224,2.1621407466666667
298,21,Y,646837800,2.156126
67,667,Y,643987728,2.14662576
472,43,Y,642482088,2.14160696
737,76,Y,641285136,2.13761712
936,101,Y,636238760,2.1207958666666666
777,81,Y,635643488,2.118811626666667
1025,112,Y,633517904,2.111726346666667
619,61,Y,625287384,2.08429128
1028,112,Y,621125352,2.0704178399999997
886,94,Y,617202256,2.0573408533333333
559,53,Y,614995288,2.0499842933333334
239,13,Y,613323584,2.0444119466666666
37,428,Y,606307896,2.02102632
828,87,Y,601623640,2.0054121333333335
578,56,Y,596725024,1.9890834133333333
482,44,Y,595920880,1.9864029333333335
301,21,Y,595405744,1.9846858133333332
1119,123,Y,594333000,1.9811100000000001
616,61,Y,592522536,1.97507512
780,81,Y,587510736,1.95836912
85,812,Y,585372344,1.9512411466666668
510,47,Y,584367242,1.947890806666667
51,24,N,583293560,1.9443118666666666
113,70,N,582914528,1.9430484266666666
898,96,Y,578166664,1.9272222133333332
35,94,N,571670201,1.9055673366666668
717,73,Y,567110848,1.8903694933333333
740,76,Y,565937608,1.8864586933333334
303,21,Y,564105176,1.8803505866666668
900,96,Y,560960024,1.8698667466666665
546,52,Y,557510880,1.8583696
453,40,Y,552722448,1.84240816
720,74,Y,551130808,1.8371026933333332
725,74,Y,549778784,1.8325959466666666
288,20,Y,546256912,1.8208563733333332
283,19,Y,545321416,1.8177380533333332
941,101,Y,545255256,1.81751752
1109,122,Y,544663944,1.81554648
1027,112,Y,539485944,1.7982864800000002
15,61,N,537258448,1.7908614933333333
293,20,Y,521778024,1.7392600800000002
711,72,Y,521327488,1.7377582933333333
620,61,Y,521267456,1.7375581866666667
639,63,Y,516749312,1.7224977066666667
322,24,Y,511848928,1.7061630933333332
880,94,Y,509501096,1.6983369866666667
631,62,Y,507494560,1.691648533333333
629,62,Y,504567360,1.6818912
486,44,Y,503351768,1.6778392266666668
988,107,Y,502891928,1.6763064266666665
708,72,Y,502444912,1.6748163733333334
480,44,Y,499344888,1.6644829600000002
555,53,Y,499072104,1.6635736799999998
617,61,Y,498576952,1.6619231733333333
479,43,Y,490566472,1.6352215733333335
292,20,Y,488316120,1.6277204
622,61,Y,484784120,1.6159470666666664
125,1130,Y,482779368,1.60926456
552,53,Y,471811664,1.5727055466666666
430,37,Y,456405264,1.5213508800000002
63,637,Y,452261144,1.5075371466666665
383,31,Y,451250448,1.50416816
695,70,Y,450597552,1.50199184
67,670,Y,449488984,1.4982966133333333
704,72,Y,448447424,1.4948247466666666
710,72,Y,446989064,1.4899635466666667
320,24,Y,439174864,1.4639162133333332
41,462,Y,434355672,1.44785224
86,823,Y,432453832,1.4415127733333333
434,38,Y,430533280,1.4351109333333334
690,70,Y,422787624,1.40929208
965,104,Y,419538528,1.39846176
689,70,Y,413547664,1.3784922133333333
693,70,Y,413024408,1.3767480266666667
381,31,Y,410371600,1.3679053333333333
548,52,Y,403639472,1.3454649066666666
550,52,Y,401654960,1.3388498666666666
549,52,Y,399880320,1.3329344
429,37,Y,396992744,1.3233091466666667
539,51,Y,396833640,1.3227788
33,398,Y,394419016,1.3147300533333333
86,822,Y,394019552,1.3133985066666667
52,551,Y,391316712,1.30438904
37,427,Y,388096416,1.2936547200000001
46,503,Y,380708056,1.2690268533333333
32,388,Y,376030928,1.2534364266666667
706,72,Y,375147952,1.2504931733333333
68,673,Y,374172608,1.2472420266666666
59,607,Y,370253328,1.23417776
13,236,Y,370069408,1.2335646933333333
59,606,Y,366559224,1.22186408
52,547,Y,363061040,1.2102034666666668
86,818,Y,361862664,1.2062088800000001
885,94,Y,359035136,1.1967837866666668
125,1131,Y,357505936,1.1916864533333333
23,319,Y,355495160,1.1849838666666666
324,24,Y,355390608,1.18463536
106,980,Y,351739368,1.1724645599999999
44,481,Y,349695072,1.16565024
64,642,Y,342281944,1.1409398133333333
115,1051,Y,341232432,1.13744144
102,949,Y,339549704,1.1318323466666667
59,603,Y,339394240,1.1313141333333334
10,212,Y,339293376,1.13097792
39,447,Y,339196360,1.1306545333333333
89,844,Y,338477584,1.1282586133333332
103,953,Y,336764416,1.1225480533333334
106,983,Y,332311152,1.1077038399999999
101,936,Y,325888752,1.08629584
435,38,Y,324455824,1.0815194133333335
52,546,Y,322531424,1.0751047466666668
625,62,Y,321754360,1.0725145333333332
438,38,Y,319463568,1.06487856
106,981,Y,316604416,1.0553480533333333
542,51,Y,310075376,1.0335845866666666
83,795,Y,309745760,1.0324858666666668
65,655,Y,308071912,1.0269063733333335
125,1135,Y,307839928,1.0261330933333332
86,817,Y,305565768,1.01855256
125,1132,Y,297271056,0.9909035199999999
101,940,Y,294036120,0.9801204000000001
21,300,Y,292790120,0.9759670666666667
126,1136,Y,291341536,0.9711384533333334
22,308,Y,282820856,0.9427361866666666
884,94,Y,276917160,0.9230571999999999
47,509,Y,275217176,0.9173905866666667
545,52,Y,263022144,0.8767404799999999
86,820,Y,261751000,0.8725033333333333
125,1133,Y,260777448,0.8692581600000001
86,821,Y,247376304,0.8245876799999999
46,497,Y,242236680,0.8074556
27,344,Y,216070072,0.7202335733333333
24,324,Y,214262968,0.7142098933333334
20,295,Y,211332288,0.70444096
50,530,Y,204776192,0.6825873066666667
45,493,Y,203313280,0.6777109333333333
96,903,Y,197401384,0.6580046133333333
41,457,Y,192514960,0.6417165333333333
56,582,Y,191362712,0.6378757066666667
36,421,Y,190293712,0.6343123733333333
0,129,Y,188314720,0.6277157333333333
107,986,Y,188272616,0.6275753866666667
86,819,Y,187205216,0.6240173866666666
14,246,Y,180594912,0.6019830399999999
64,645,Y,179972080,0.5999069333333333
45,489,Y,174109672,0.5803655733333334
21,297,Y,173530960,0.5784365333333333
56,576,Y,162620739,0.54206913
107,987,Y,162107960,0.5403598666666667
120,1090,Y,159609608,0.5320320266666667
20,288,Y,158264552,0.5275485066666666
3,157,Y,156243744,0.52081248
78,756,Y,153447320,0.5114910666666667
80,774,Y,151379696,0.5045989866666666
20,289,Y,150757440,0.5025248
104,964,Y,148608440,0.49536146666666664
106,978,Y,148561264,0.4952042133333333
69,680,Y,148366512,0.49455504
125,1128,Y,144889240,0.4829641333333333
27,345,Y,144878696,0.48292898666666667
8,197,Y,142108536,0.47369511999999997
59,601,Y,141685672,0.4722855733333333
43,477,Y,141320224,0.47106741333333335
35,408,Y,138495528,0.46165175999999997
20,293,Y,138383208,0.46127735999999997
56,581,Y,138149416,0.4604980533333333
124,1125,Y,137335088,0.4577836266666666
43,479,Y,137316000,0.45772
80,773,Y,136494248,0.45498082666666667
16,260,Y,133696248,0.44565415999999997
53,556,Y,133527976,0.4450932533333334
1,136,Y,132094984,0.44031661333333333
110,1009,Y,132082968,0.44027656
89,841,Y,131914664,0.4397155466666667
80,775,Y,131857112,0.4395237066666667
34,403,Y,131807680,0.4393589333333333
25,329,Y,131626800,0.43875600000000003
57,586,Y,130583168,0.4352772266666667
7,191,Y,129915512,0.4330517066666667
83,797,Y,129655776,0.43218592
61,623,Y,129415768,0.4313858933333334
61,618,Y,129081928,0.43027309333333336
42,466,Y,128585520,0.4286184
70,692,Y,128150456,0.42716818666666667
101,943,Y,127935656,0.4264521866666667
31,383,Y,127185936,0.42395311999999996
50,529,Y,127159400,0.42386466666666667
77,751,Y,127124088,0.42374696
85,815,Y,126377216,0.42125738666666673
1,143,Y,125186288,0.4172876266666667
33,397,Y,124890400,0.4163013333333333
13,234,Y,123793240,0.4126441333333333
91,861,Y,123627248,0.41209082666666663
26,341,Y,123461928,0.41153976
34,404,Y,123110424,0.41036807999999997
54,563,Y,122204176,0.4073472533333333
12,227,Y,121107208,0.4036906933333333
3,154,Y,120836328,0.40278776000000005
87,829,Y,120329904,0.40109967999999996
103,958,Y,120237696,0.40079232000000004
46,498,Y,119685432,0.39895144
104,963,Y,119328368,0.39776122666666663
44,480,Y,118867440,0.3962248
51,539,Y,118368792,0.39456264
69,681,Y,118292080,0.39430693333333333
88,833,Y,118034752,0.39344917333333335
14,244,Y,117955656,0.39318551999999996
20,291,Y,117888832,0.3929627733333333
103,959,Y,116873752,0.3895791733333333
56,583,Y,116735152,0.38911717333333334
37,431,Y,116727824,0.3890927466666667
79,763,Y,116553496,0.3885116533333333
57,584,Y,116352608,0.3878420266666667
93,872,Y,116209800,0.387366
2,146,Y,115945480,0.38648493333333334
93,877,Y,114905152,0.3830171733333333
57,589,Y,114524976,0.38174991999999996
24,326,Y,114445336,0.3814844533333333
14,243,Y,114349856,0.3811661866666667
113,1036,Y,113896480,0.37965493333333333
41,461,Y,113613248,0.37871082666666667
93,875,Y,112908672,0.37636224
54,560,Y,112729800,0.375766
8,198,Y,112318808,0.37439602666666666
54,566,Y,112260696,0.37420232000000003
64,641,Y,112034816,0.37344938666666666
68,677,Y,112019272,0.37339757333333334
85,810,Y,111323880,0.3710796
71,701,Y,111093608,0.3703120266666666
59,602,Y,110679896,0.3689329866666667
63,634,Y,110353656,0.36784552
122,1107,Y,109986648,0.36662216000000003
53,552,Y,109739856,0.36579952
35,414,Y,109720840,0.3657361333333333
85,811,Y,109458448,0.36486149333333334
59,605,Y,108872568,0.36290856
1,138,Y,108540776,0.3618025866666667
55,570,Y,108493440,0.3616448
120,1094,Y,108170624,0.36056874666666666
112,1029,Y,108026272,0.3600875733333333
70,689,Y,107884632,0.35961544
28,355,Y,107821792,0.35940597333333335
34,407,Y,107555000,0.35851666666666665
114,1044,Y,107429568,0.35809856
8,192,Y,106952664,0.35650888
91,860,Y,106771368,0.35590456
39,440,Y,106523584,0.35507861333333335
19,282,Y,105883232,0.35294410666666665
24,321,Y,105738032,0.35246010666666666
50,534,Y,105672632,0.35224210666666667
116,1057,Y,105223912,0.35074637333333336
113,1039,Y,104914400,0.3497146666666667
78,759,Y,104869600,0.34956533333333334
65,654,Y,104841144,0.34947048
99,924,Y,104625128,0.34875042666666667
83,794,Y,104351888,0.3478396266666667
47,504,Y,104287240,0.3476241333333333
105,968,Y,103751880,0.34583959999999997
16,263,Y,103196088,0.34398696
79,764,Y,103176848,0.3439228266666666
70,688,Y,103143616,0.34381205333333337
98,913,Y,102949688,0.34316562666666667
33,392,Y,102920656,0.34306885333333337
64,644,Y,102839880,0.3427996
120,1091,Y,102255928,0.3408530933333333
2,150,Y,102010224,0.34003407999999996
78,753,Y,101752128,0.33917376
77,749,Y,101641656,0.33880552
53,553,Y,101542144,0.3384738133333334
53,554,Y,101524560,0.3384152
72,709,Y,101422032,0.33807344
17,270,Y,101351360,0.33783786666666665
50,528,Y,101331296,0.33777098666666666
93,873,Y,101320608,0.33773536
28,358,Y,100940112,0.33646704
35,409,Y,100916048,0.33638682666666664
82,790,Y,100294528,0.3343150933333333
0,130,Y,99165952,0.33055317333333334
46,502,Y,99095408,0.33031802666666665
7,188,Y,98859920,0.32953306666666665
107,985,Y,98856800,0.3295226666666667
33,394,Y,98765040,0.3292168
22,307,Y,98662288,0.32887429333333335
47,507,Y,98570872,0.3285695733333333
121,1097,Y,98394840,0.32798279999999996
71,702,Y,98145248,0.32715082666666667
89,847,Y,98019192,0.32673064
66,661,Y,97785208,0.3259506933333334
96,897,Y,97783856,0.3259461866666667
127,1149,Y,97398344,0.3246611466666667
38,437,Y,97187528,0.3239584266666667
44,483,Y,97160128,0.3238670933333333
58,596,Y,96973272,0.32324424
22,305,Y,96875200,0.32291733333333333
16,261,Y,96821544,0.32273848
93,876,Y,96805848,0.32268616
9,202,Y,96619104,0.32206368
1,142,Y,96551752,0.32183917333333334
57,585,Y,96474192,0.32158064
84,807,Y,96449264,0.3214975466666667
48,519,Y,96388744,0.32129581333333335
13,232,Y,96127928,0.32042642666666665
87,825,Y,96086088,0.32028696
63,635,Y,96030208,0.32010069333333335
31,382,Y,95997472,0.31999157333333333
113,1032,Y,95907208,0.31969069333333333
23,318,Y,95787496,0.3192916533333333
26,336,Y,95772112,0.3192403733333333
3,152,Y,95638544,0.3187951466666667
76,743,Y,95018024,0.31672674666666667
67,666,Y,94570872,0.31523624
21,299,Y,94468576,0.31489525333333335
44,486,Y,94260224,0.3142007466666667
42,470,Y,94030336,0.31343445333333336
1,137,Y,94024832,0.3134161066666667
108,993,Y,93883184,0.31294394666666664
106,982,Y,93624560,0.31208186666666665
80,769,Y,93558040,0.31186013333333334
3,153,Y,93511336,0.31170445333333335
120,1093,Y,92976360,0.3099212
74,723,Y,92919296,0.30973098666666665
40,451,Y,92872120,0.3095737333333333
82,789,Y,92870328,0.30956776
28,354,Y,92861432,0.30953810666666665
84,801,Y,92621600,0.30873866666666666
34,405,Y,92482952,0.30827650666666667
112,1025,Y,92365672,0.30788557333333333
37,429,Y,91975592,0.30658530666666667
116,1059,Y,91760304,0.30586768
69,683,Y,91680048,0.30560015999999995
100,932,Y,91563568,0.3052118933333333
106,977,Y,90951992,0.30317330666666664
109,1002,Y,90900504,0.30300168
118,1076,Y,90897848,0.30299282666666666
81,780,Y,90734040,0.3024468
97,905,Y,90694520,0.3023150666666667
109,1000,Y,90657360,0.3021912
49,522,Y,90470088,0.30156696
117,1065,Y,90448720,0.3014957333333333
8,195,Y,90374688,0.30124896
103,955,Y,89843944,0.29947981333333334
60,613,Y,89297912,0.2976597066666667
1,141,Y,89134048,0.2971134933333333
87,828,Y,89096168,0.29698722666666666
2,147,Y,88836680,0.2961222666666667
7,184,Y,88784112,0.29594704
37,426,Y,88403384,0.2946779466666667
39,445,Y,88384856,0.29461618666666667
100,930,Y,88312080,0.2943736
15,254,Y,88046680,0.2934889333333333
8,199,Y,87959256,0.29319752
50,531,Y,87816280,0.2927209333333333
46,496,Y,87792120,0.2926404
51,538,Y,87688856,0.2922961866666667
84,804,Y,87489144,0.29163048
64,640,Y,87295528,0.29098509333333333
28,357,Y,87151936,0.29050645333333336
97,911,Y,86994040,0.28998013333333333
78,755,Y,86542832,0.2884761066666667
100,931,Y,86438360,0.2881278666666666
33,395,Y,85768520,0.28589506666666664
45,495,Y,85573288,0.28524429333333334
68,675,Y,85429216,0.2847640533333333
123,1115,Y,85224320,0.28408106666666666
10,215,Y,85021008,0.28340336
118,1075,Y,84828064,0.28276021333333334
51,537,Y,84760560,0.28253520000000004
39,444,Y,84517808,0.2817260266666667
37,430,Y,84421616,0.2814053866666667
25,334,Y,84297360,0.2809912
24,323,Y,84196928,0.2806564266666667
70,694,Y,83268760,0.27756253333333336
23,315,Y,83203744,0.27734581333333336
32,391,Y,83071032,0.27690344
110,1008,Y,83042672,0.2768089066666667
32,385,Y,82924464,0.27641488
43,474,Y,82830488,0.2761016266666667
43,476,Y,82747736,0.27582578666666663
36,419,Y,82689984,0.27563328
63,638,Y,82562336,0.2752077866666667
55,575,Y,82278640,0.2742621333333333
73,716,Y,82264992,0.27421664
30,373,Y,82108128,0.27369376
127,1145,Y,81996624,0.27332208
115,1052,Y,81653136,0.27217712
101,937,Y,81641872,0.27213957333333333
118,1077,Y,81574448,0.27191482666666666
92,864,Y,81484696,0.2716156533333333
46,499,Y,81480736,0.2716024533333333
97,904,Y,81387496,0.2712916533333333
17,264,Y,81300120,0.2710004
5,173,Y,81251072,0.27083690666666665
31,378,Y,81213328,0.2707110933333333
19,286,Y,81080784,0.27026928
60,608,Y,80948848,0.26982949333333334
22,306,Y,80813792,0.2693793066666667
68,676,Y,80807824,0.2693594133333333
122,1106,Y,80761752,0.26920584
96,898,Y,80667104,0.26889034666666667
48,514,Y,80311256,0.2677041866666667
35,410,Y,80281848,0.26760616000000004
115,1049,Y,80082776,0.2669425866666667
58,598,Y,80066728,0.2668890933333333
101,938,Y,79795872,0.26598624
66,656,Y,79780424,0.26593474666666667
30,372,Y,79745336,0.26581778666666667
9,203,Y,79722208,0.26574069333333333
57,590,Y,79690480,0.2656349333333333
92,865,Y,79660528,0.2655350933333333
93,878,Y,79330280,0.2644342666666667
103,957,Y,79211144,0.26403714666666667
47,506,Y,79170328,0.26390109333333334
104,967,Y,79115144,0.2637171466666666
16,258,Y,79061120,0.26353706666666665
26,343,Y,78890600,0.2629686666666667
55,568,Y,78646960,0.26215653333333333
105,971,Y,78422328,0.26140776
75,733,Y,78366496,0.26122165333333336
94,885,Y,78233152,0.26077717333333333
75,735,Y,78194976,0.26064992
127,1148,Y,78163720,0.26054573333333336
70,690,Y,78068224,0.2602274133333333
15,248,Y,78063024,0.26021008
38,432,Y,77952704,0.25984234666666667
72,710,Y,77817632,0.2593921066666667
16,262,Y,77704800,0.259016
17,267,Y,77639728,0.25879909333333334
111,1021,Y,77281368,0.25760456
60,612,Y,77260008,0.25753336000000004
45,488,Y,77171040,0.2572368
72,705,Y,77123144,0.25707714666666664
69,685,Y,77042416,0.25680805333333334
105,969,Y,76995472,0.2566515733333333
98,918,Y,76902240,0.25634080000000004
109,1001,Y,76728528,0.25576176
15,250,Y,76697528,0.25565842666666666
62,625,Y,76674432,0.25558144
12,229,Y,76582544,0.2552751466666667
109,1003,Y,76571912,0.2552397066666667
57,591,Y,76520032,0.25506677333333333
97,909,Y,76214232,0.25404744
98,914,Y,76079688,0.25359896
25,328,Y,75983296,0.25327765333333335
27,346,Y,75784792,0.25261597333333335
100,928,Y,75670360,0.25223453333333334
31,379,Y,75658808,0.2521960266666667
26,339,Y,75645976,0.2521532533333333
2,144,Y,75634792,0.25211597333333335
43,478,Y,75542280,0.2518076
9,204,Y,75531440,0.25177146666666667
5,174,Y,75400152,0.25133384000000003
27,351,Y,75364624,0.25121541333333336
23,316,Y,75357992,0.25119330666666667
78,754,Y,75345112,0.25115037333333334
95,895,Y,75230840,0.25076946666666666
113,1035,Y,75146128,0.25048709333333335
115,1054,Y,75068520,0.2502284
48,515,Y,75011240,0.2500374666666667
57,587,Y,74603696,0.24867898666666666
73,715,Y,74476480,0.24825493333333332
74,721,Y,74467136,0.24822378666666667
109,1004,Y,74339744,0.2477991466666667
77,745,Y,74257352,0.24752450666666667
35,413,Y,74221192,0.24740397333333333
36,422,Y,74077944,0.24692648
63,636,Y,74054168,0.24684722666666667
122,1111,Y,74045448,0.24681816
75,732,Y,73865040,0.24621679999999999
32,389,Y,73805832,0.24601943999999998
28,352,Y,73645944,0.24548648
61,616,Y,73567288,0.24522429333333332
38,436,Y,73466528,0.2448884266666667
117,1068,Y,73286144,0.24428714666666668
9,205,Y,73281184,0.24427061333333333
49,520,Y,73259144,0.24419714666666664
13,235,Y,73219688,0.24406562666666667
49,523,Y,73218032,0.24406010666666667
106,979,Y,73092072,0.24364024
18,274,Y,73022840,0.24340946666666666
103,952,Y,72976232,0.2432541066666667
60,610,Y,72946000,0.24315333333333333
96,896,Y,72932568,0.24310856
62,629,Y,72905104,0.24301701333333334
92,870,Y,72706128,0.24235376
68,674,Y,72534928,0.24178309333333337
17,266,Y,72269632,0.24089877333333334
64,647,Y,72233784,0.24077928
7,190,Y,72106744,0.2403558133333333
3,158,Y,72067376,0.24022458666666668
42,471,Y,72065592,0.24021863999999998
50,532,Y,71927448,0.23975816
65,648,Y,71804536,0.23934845333333332
72,708,Y,71797480,0.23932493333333332
40,452,Y,71780992,0.23926997333333333
84,806,Y,71533944,0.23844648000000002
95,894,Y,71502616,0.23834205333333336
25,332,Y,71437352,0.23812450666666668
88,838,Y,71377256,0.23792418666666668
85,809,Y,71252520,0.2375084
6,183,Y,71212784,0.23737594666666667
113,1038,Y,70976632,0.23658877333333334
95,888,Y,70968856,0.23656285333333335
38,435,Y,70723912,0.23574637333333334
106,976,Y,70606864,0.23535621333333334
34,400,Y,70550896,0.2351696533333333
100,929,Y,70486056,0.23495352
10,213,Y,70481416,0.23493805333333334
91,858,Y,70462336,0.23487445333333334
65,650,Y,70355136,0.23451712000000002
71,698,Y,70338080,0.23446026666666667
119,1082,Y,70283792,0.23427930666666666
56,579,Y,70252080,0.2341736
54,561,Y,70148576,0.23382858666666667
29,367,Y,70144712,0.23381570666666665
82,791,Y,70127296,0.23375765333333332
42,465,Y,70098424,0.23366141333333335
89,845,Y,70054864,0.23351621333333336
61,622,Y,69888296,0.23296098666666668
115,1048,Y,69722216,0.23240738666666666
92,867,Y,69646840,0.23215613333333335
81,779,Y,69514928,0.23171642666666667
92,869,Y,69502880,0.23167626666666669
69,682,Y,69494912,0.23164970666666668
83,793,Y,69414984,0.23138328
2,149,Y,69404432,0.23134810666666666
10,214,Y,69359256,0.23119752
80,770,Y,69307376,0.23102458666666667
84,802,Y,69275624,0.23091874666666665
17,265,Y,69044064,0.23014688
40,453,Y,68844232,0.2294807733333333
6,180,Y,68727784,0.22909261333333336
54,562,Y,68706912,0.22902304
87,826,Y,68659096,0.22886365333333333
77,744,Y,68621928,0.22873976
81,778,Y,68569008,0.22856336
47,508,Y,68494928,0.22831642666666666
68,672,Y,68320752,0.22773584
12,225,Y,68315064,0.22771687999999998
18,276,Y,68186208,0.22728736000000002
108,992,Y,68169592,0.22723197333333334
50,535,Y,68149256,0.22716418666666668
101,939,Y,68112104,0.22704034666666664
73,718,Y,68063000,0.22687666666666664
79,762,Y,68016592,0.22672197333333333
94,881,Y,67957896,0.22652632
108,997,Y,67852992,0.22617663999999998
124,1121,Y,67847552,0.22615850666666665
37,424,Y,67838888,0.22612962666666664
55,571,Y,67736232,0.22578744
60,609,Y,67471496,0.22490498666666667
24,327,Y,67392240,0.2246408
42,469,Y,67203472,0.22401157333333332
108,996,Y,67158040,0.22386013333333335
95,890,Y,67103224,0.22367741333333335
74,726,Y,67034744,0.22344914666666665
19,280,Y,66826000,0.22275333333333336
111,1017,Y,66821096,0.22273698666666666
44,482,Y,66623296,0.22207765333333335
84,800,Y,66446424,0.22148808
40,449,Y,66267816,0.22089272
81,781,Y,66098288,0.22032762666666666
95,891,Y,65994088,0.21998029333333333
78,757,Y,65937264,0.21979088
30,368,Y,65806384,0.21935461333333334
20,292,Y,65593448,0.21864482666666668
62,631,Y,65566248,0.21855415999999997
96,899,Y,65554520,0.21851506666666665
69,686,Y,65519248,0.21839749333333333
15,253,Y,65422856,0.21807618666666667
104,961,Y,65398992,0.21799664
45,490,Y,65259312,0.21753103999999998
1,139,Y,65133632,0.2171121066666667
119,1086,Y,65065064,0.21688354666666668
62,630,Y,64996504,0.2166550133333333
83,792,Y,64968416,0.21656138666666666
40,454,Y,64833992,0.21611330666666664
76,739,Y,64803688,0.21601229333333333
124,1124,Y,64736560,0.2157885333333333
100,933,Y,64692736,0.21564245333333334
127,1146,Y,64589912,0.21529970666666667
120,1089,Y,64541768,0.21513922666666668
100,934,Y,64490872,0.21496957333333333
39,442,Y,64073240,0.2135774666666667
117,1067,Y,63946720,0.21315573333333332
99,920,Y,63918440,0.21306146666666667
49,526,Y,63878640,0.2129288
111,1022,Y,63867616,0.21289205333333336
45,492,Y,63856056,0.21285352000000002
88,834,Y,63709552,0.21236517333333332
99,921,Y,63701760,0.2123392
72,704,Y,63573912,0.21191304
85,808,Y,63562752,0.21187583999999998
78,752,Y,63446760,0.21148920000000002
119,1085,Y,63325368,0.21108455999999998
72,711,Y,63160120,0.21053373333333333
71,700,Y,63115720,0.21038573333333332
11,217,Y,63102720,0.2103424
48,516,Y,63074448,0.21024816
46,501,Y,62809752,0.20936584000000003
38,439,Y,62533288,0.20844429333333336
34,401,Y,62418640,0.20806213333333334
115,1053,Y,62383344,0.20794448
110,1010,Y,62369336,0.20789778666666664
68,678,Y,62353816,0.20784605333333336
83,798,Y,62338664,0.20779554666666666
22,311,Y,62182944,0.20727648
5,168,Y,62167160,0.2072238666666667
97,910,Y,62148272,0.20716090666666667
117,1069,Y,62051640,0.2068388
58,592,Y,62037544,0.20679181333333332
63,633,Y,62028288,0.20676096
91,863,Y,61681480,0.20560493333333335
5,169,Y,61589664,0.20529888
111,1018,Y,61558176,0.20519392
27,347,Y,61508272,0.20502757333333332
85,814,Y,61278856,0.2042628533333333
49,524,Y,61245680,0.2041522666666667
77,748,Y,61158728,0.20386242666666668
2,145,Y,61084696,0.2036156533333333
36,417,Y,60908320,0.20302773333333332
44,485,Y,60811352,0.20270450666666667
26,342,Y,60811000,0.20270333333333332
105,975,Y,60804880,0.20268293333333334
116,1061,Y,60796888,0.20265629333333335
26,338,Y,60714808,0.2023826933333333
25,330,Y,60631144,0.20210381333333333
123,1116,Y,60484576,0.20161525333333336
95,889,Y,60263344,0.20087781333333332
87,824,Y,60151400,0.20050466666666666
9,201,Y,60046168,0.2001538933333333
56,577,Y,60040264,0.2001342133333333
92,871,Y,59971736,0.19990578666666667
31,377,Y,59941544,0.19980514666666666
103,954,Y,59759328,0.19919776
55,572,Y,59492608,0.1983086933333333
73,713,Y,59390808,0.19796936
65,653,Y,59356480,0.19785493333333332
114,1043,Y,59325880,0.19775293333333333
116,1056,Y,59108608,0.19702869333333334
98,917,Y,59104168,0.19701389333333336
5,175,Y,58986856,0.19662285333333332
18,273,Y,58936088,0.1964536266666667
54,567,Y,58860376,0.19620125333333333
66,662,Y,58651944,0.19550648
13,239,Y,58621904,0.19540634666666665
9,207,Y,58611784,0.19537261333333333
20,294,Y,58518656,0.19506218666666666
58,594,Y,58462256,0.19487418666666667
104,966,Y,58277168,0.19425722666666667
47,510,Y,58198568,0.19399522666666666
39,443,Y,58090936,0.19363645333333332
122,1105,Y,57792248,0.19264082666666668
58,599,Y,57575920,0.19191973333333331
6,177,Y,57447512,0.19149170666666668
2,148,Y,57407856,0.19135952
56,578,Y,57303912,0.19101304
61,621,Y,57164096,0.19054698666666667
99,927,Y,57053680,0.19017893333333333
82,786,Y,56918096,0.18972698666666665
16,257,Y,56799976,0.18933325333333334
5,171,Y,56739416,0.18913138666666668
76,741,Y,56549880,0.1884996
13,233,Y,56511464,0.18837154666666667
42,468,Y,56500888,0.18833629333333332
95,893,Y,56474720,0.18824906666666666
126,1140,Y,56210600,0.18736866666666666
84,805,Y,56175440,0.18725146666666664
64,646,Y,56055576,0.18685192
88,836,Y,55914120,0.1863804
66,659,Y,55855848,0.18618616
14,245,Y,55657344,0.18552448000000002
110,1012,Y,55630744,0.18543581333333334
75,730,Y,55558976,0.18519658666666666
52,548,Y,55377632,0.18459210666666667
3,156,Y,55243584,0.18414528
6,179,Y,55224728,0.18408242666666666
107,991,Y,55216040,0.18405346666666667
0,128,Y,55143720,0.1838124
94,886,Y,55101856,0.18367285333333333
104,962,Y,54997384,0.18332461333333333
122,1104,Y,54976208,0.18325402666666668
17,269,Y,54917440,0.18305813333333334
118,1073,Y,54635392,0.18211797333333332
115,1055,Y,54455760,0.1815192
6,182,Y,54434072,0.18144690666666669
71,696,Y,54286544,0.18095514666666668
78,758,Y,54047008,0.1801566933333333
51,541,Y,54014704,0.18004901333333334
124,1122,Y,53963888,0.17987962666666668
11,218,Y,53593584,0.17864528000000002
114,1046,Y,53550680,0.17850226666666666
25,333,Y,53510248,0.17836749333333335
47,505,Y,53493824,0.17831274666666666
110,1015,Y,53403792,0.17801264
35,415,Y,53380320,0.1779344
97,907,Y,53376744,0.17792248000000002
66,657,Y,53100912,0.17700304
87,827,Y,53000832,0.17666944
38,438,Y,52882488,0.17627496
39,441,Y,52761960,0.1758732
22,304,Y,52743072,0.17581024
80,768,Y,52706784,0.17568928
122,1110,Y,52683408,0.17561136000000002
29,365,Y,52557344,0.17519114666666669
104,960,Y,52505568,0.17501856
61,620,Y,52448960,0.17482986666666667
44,484,Y,52359168,0.17453056
87,830,Y,52305832,0.17435277333333335
64,643,Y,52289256,0.17429751999999998
60,615,Y,52283368,0.17427789333333332
18,272,Y,51986920,0.17328973333333333
62,627,Y,51933384,0.17311128
29,360,Y,51908776,0.17302925333333333
65,652,Y,51604232,0.17201410666666667
23,314,Y,51297520,0.17099173333333334
86,816,Y,51202032,0.17067344
66,663,Y,51060008,0.17020002666666667
92,868,Y,50991232,0.16997077333333332
41,463,Y,50976416,0.16992138666666665
127,1147,Y,50973032,0.16991010666666667
16,259,Y,50832912,0.16944304
25,335,Y,50775704,0.16925234666666666
98,916,Y,50728880,0.16909626666666666
76,740,Y,50625800,0.16875266666666666
60,611,Y,50589416,0.16863138666666666
10,209,Y,50532776,0.16844258666666667
85,813,Y,50412144,0.16804048
14,247,Y,50335088,0.16778362666666666
24,325,Y,50333760,0.1677792
68,679,Y,50293736,0.16764578666666669
11,222,Y,50248552,0.16749517333333333
119,1083,Y,49780248,0.16593416
98,915,Y,49682984,0.16560994666666667
1,140,Y,49392288,0.16464096
108,998,Y,49388144,0.16462714666666667
113,1033,Y,49352824,0.16450941333333333
18,278,Y,49259672,0.16419890666666667
45,494,Y,49208696,0.16402898666666665
100,935,Y,49051736,0.16350578666666668
11,223,Y,48957984,0.16319328
91,859,Y,48917880,0.1630596
97,906,Y,48859848,0.16286616
52,549,Y,48766520,0.16255506666666666
29,366,Y,48684840,0.1622828
52,550,Y,48587768,0.16195922666666665
33,393,Y,48582128,0.16194042666666666
34,406,Y,48489608,0.16163202666666668
29,361,Y,48489568,0.16163189333333333
84,803,Y,48341992,0.16113997333333335
55,569,Y,48278984,0.16092994666666666
27,350,Y,48264512,0.16088170666666665
108,995,Y,48171960,0.1605732
101,941,Y,48073600,0.16024533333333335
24,322,Y,47987120,0.15995706666666665
81,782,Y,47906088,0.15968696000000002
17,271,Y,47905232,0.15968410666666666
21,301,Y,47772688,0.15924229333333334
79,761,Y,47767296,0.15922432
88,839,Y,47647400,0.15882466666666667
19,284,Y,47627280,0.1587576
116,1063,Y,47557304,0.15852434666666668
83,796,Y,47520032,0.15840010666666665
112,1031,Y,47482712,0.15827570666666668
8,193,Y,47478376,0.15826125333333335
92,866,Y,47425832,0.15808610666666667
21,298,Y,47423464,0.15807821333333333
42,464,Y,47331112,0.15777037333333332
95,892,Y,47290720,0.15763573333333333
10,211,Y,47268400,0.15756133333333333
74,724,Y,47235008,0.1574500266666667
81,777,Y,47222448,0.15740816
117,1066,Y,47142280,0.15714093333333334
12,224,Y,47139280,0.15713093333333333
32,387,Y,47101472,0.15700490666666667
88,832,Y,47066736,0.15688912
12,230,Y,46927272,0.15642424
14,241,Y,46910864,0.15636954666666666
73,717,Y,46769672,0.15589890666666667
40,450,Y,46566408,0.15522136
26,340,Y,46526328,0.15508776
43,473,Y,46435360,0.15478453333333334
33,396,Y,46303752,0.15434584
94,887,Y,46273312,0.15424437333333335
115,1050,Y,46168496,0.15389498666666665
55,574,Y,45770160,0.15256720000000001
51,542,Y,45726144,0.15242048
89,842,Y,45634320,0.1521144
9,206,Y,45412680,0.1513756
5,170,Y,45303944,0.15101314666666668
105,970,Y,45245280,0.1508176
35,412,Y,45225440,0.15075146666666667
45,491,Y,45210464,0.15070154666666666
70,695,Y,45151272,0.15050424
40,455,Y,45083584,0.15027861333333334
4,165,Y,44986520,0.14995506666666666
21,303,Y,44971392,0.14990463999999998
79,766,Y,44951416,0.14983805333333333
63,639,Y,44924536,0.14974845333333334
124,1126,Y,44864256,0.14954752000000002
32,390,Y,44775480,0.14925159999999998
11,220,Y,44668856,0.14889618666666665
41,456,Y,44293736,0.14764578666666667
127,1150,Y,44274784,0.14758261333333333
41,459,Y,44262288,0.14754096
74,727,Y,44218280,0.14739426666666666
72,706,Y,44160728,0.14720242666666666
52,544,Y,43939128,0.14646376
32,386,Y,43822272,0.14607424
73,712,Y,43785712,0.14595237333333333
54,565,Y,43680896,0.14560298666666666
12,228,Y,43654392,0.14551464
3,155,Y,43625016,0.14541672
67,669,Y,43574960,0.14524986666666667
123,1113,Y,43407368,0.14469122666666667
114,1040,Y,43336432,0.14445477333333334
7,185,Y,43281168,0.14427056
70,693,Y,43210912,0.14403637333333333
123,1117,Y,43199376,0.14399792
28,359,Y,43152840,0.1438428
19,281,Y,43091144,0.1436371466666667
6,181,Y,43009152,0.14336384
76,736,Y,43008544,0.14336181333333334
66,660,Y,42980072,0.14326690666666667
66,658,Y,42915936,0.14305312
67,664,Y,42831792,0.14277264
44,487,Y,42749200,0.14249733333333334
28,353,Y,42575280,0.1419176
15,249,Y,42574480,0.14191493333333333
82,785,Y,42472688,0.14157562666666665
81,776,Y,42192104,0.14064034666666667
34,402,Y,41966872,0.13988957333333332
13,237,Y,41927432,0.13975810666666666
119,1080,Y,41869096,0.13956365333333332
110,1013,Y,41859800,0.13953266666666667
126,1138,Y,41790872,0.13930290666666667
77,750,Y,41775056,0.13925018666666666
22,309,Y,41714712,0.13904904
38,433,Y,41524608,0.13841536
11,216,Y,41434096,0.13811365333333334
124,1123,Y,41247408,0.13749136
75,728,Y,41213208,0.13737736
12,226,Y,41138112,0.13712704
123,1118,Y,41066440,0.13688813333333333
63,632,Y,41005616,0.1366853866666667
30,369,Y,40933696,0.13644565333333333
88,837,Y,40848848,0.13616282666666668
56,580,Y,40757720,0.13585906666666667
26,337,Y,40755016,0.13585005333333333
39,446,Y,40745368,0.13581789333333333
31,376,Y,40612552,0.13537517333333332
77,746,Y,40544848,0.13514949333333334
96,902,Y,40402648,0.13467549333333334
116,1058,Y,40264360,0.13421453333333333
76,738,Y,40229616,0.13409872
117,1064,Y,40200816,0.13400272
121,1103,Y,40103952,0.13367984
118,1079,Y,39980944,0.13326981333333332
33,399,Y,39974416,0.13324805333333334
75,734,Y,39924824,0.13308274666666667
59,604,Y,39768376,0.13256125333333332
4,166,Y,39587048,0.13195682666666667
9,200,Y,39516552,0.13172183999999998
24,320,Y,39491328,0.13163776000000002
91,857,Y,39375840,0.1312528
54,564,Y,39326200,0.13108733333333333
0,133,Y,39325072,0.13108357333333334
8,194,Y,39285456,0.13095152000000002
74,725,Y,39148424,0.13049474666666666
51,540,Y,39100176,0.13033392
111,1016,Y,39036528,0.13012176
0,134,Y,39026056,0.13008685333333334
104,965,Y,39008560,0.13002853333333333
28,356,Y,39006624,0.13002208
11,221,Y,38931208,0.12977069333333335
99,923,Y,38766568,0.12922189333333334
109,1005,Y,38673520,0.12891173333333333
58,595,Y,38576664,0.12858888000000002
112,1026,Y,38457936,0.12819312
91,862,Y,38350112,0.12783370666666666
110,1014,Y,38313176,0.12771058666666668
29,363,Y,38305064,0.12768354666666668
36,423,Y,38208696,0.12736232
62,624,Y,38186064,0.12728688
103,956,Y,38177456,0.12725818666666666
58,593,Y,38159960,0.12719986666666666
109,1006,Y,38149856,0.12716618666666668
77,747,Y,38103576,0.12701192
108,999,Y,38025048,0.12675016
36,418,Y,37977000,0.12658999999999998
29,364,Y,37923752,0.12641250666666665
97,908,Y,37856408,0.12618802666666665
75,729,Y,37772344,0.12590781333333334
109,1007,Y,37528704,0.12509568
120,1092,Y,37517896,0.12505965333333333
27,349,Y,37429600,0.12476533333333334
76,742,Y,37350120,0.12450040000000001
41,458,Y,37173472,0.12391157333333333
69,684,Y,37173208,0.12391069333333334
8,196,Y,37158768,0.12386256
61,617,Y,37109504,0.12369834666666668
112,1024,Y,37063496,0.12354498666666666
0,131,Y,37040168,0.12346722666666667
79,767,Y,37007200,0.12335733333333333
5,172,Y,36957816,0.12319271999999999
116,1062,Y,36865464,0.12288488000000002
49,525,Y,36787120,0.12262373333333335
58,597,Y,36581808,0.12193936
38,434,Y,36316664,0.12105554666666665
4,161,Y,35930608,0.11976869333333333
10,210,Y,35807480,0.11935826666666666
21,302,Y,35603992,0.11867997333333334
0,132,Y,35522368,0.11840789333333332
53,555,Y,35375288,0.11791762666666666
74,720,Y,35299176,0.11766392
7,187,Y,35296096,0.11765365333333334
90,848,Y,35164072,0.11721357333333335
43,472,Y,35103960,0.1170132
19,283,Y,34983496,0.11661165333333333
121,1100,Y,34950048,0.11650015999999999
49,527,Y,34900168,0.11633389333333333
80,771,Y,34876904,0.11625634666666666
111,1023,Y,34683640,0.11561213333333334
35,411,Y,34478184,0.11492728
90,849,Y,34474472,0.11491490666666666
76,737,Y,34453496,0.11484498666666668
121,1098,Y,34344880,0.11448293333333334
18,275,Y,33992280,0.1133076
71,697,Y,33855032,0.11285010666666666
23,313,Y,33851904,0.11283968000000001
112,1030,Y,33846648,0.11282216
105,972,Y,33801896,0.11267298666666667
51,536,Y,33711128,0.11237042666666668
65,651,Y,33555528,0.11185176000000001
118,1072,Y,33348008,0.11116002666666668
71,703,Y,33299856,0.11099951999999999
82,787,Y,33288400,0.11096133333333333
101,942,Y,33250296,0.11083432
10,208,Y,32740240,0.10913413333333334
121,1096,Y,32695632,0.10898544
2,151,Y,32604440,0.10868146666666667
107,984,Y,32561184,0.10853728000000001
67,668,Y,32504488,0.10834829333333333
98,919,Y,32332904,0.10777634666666668
14,240,Y,32165024,0.10721674666666667
40,448,Y,32056136,0.10685378666666666
31,381,Y,31984368,0.10661456000000001
108,994,Y,31897600,0.10632533333333333
116,1060,Y,31849920,0.1061664
87,831,Y,31686352,0.10562117333333333
117,1071,Y,31594464,0.10531487999999999
99,926,Y,31588256,0.10529418666666668
12,231,Y,31539920,0.10513306666666666
67,665,Y,31371560,0.10457186666666667
59,600,Y,31339312,0.10446437333333333
48,512,Y,31201800,0.104006
48,513,Y,31197288,0.10399096000000001
120,1088,Y,31194024,0.10398008
51,543,Y,31120912,0.10373637333333334
53,557,Y,31099848,0.10366616
61,619,Y,30959576,0.10319858666666666
71,699,Y,30891184,0.10297061333333334
88,835,Y,30865392,0.10288464
79,760,Y,30697120,0.10232373333333333
96,900,Y,30522096,0.10174032
15,255,Y,30445264,0.10148421333333332
55,573,Y,30320632,0.10106877333333335
3,159,Y,30230464,0.10076821333333333
60,614,Y,30199608,0.10066536
98,912,Y,30165928,0.10055309333333333
73,714,Y,30135328,0.10045109333333332
126,1142,Y,29896784,0.09965594666666666
14,242,Y,29681600,0.09893866666666666
90,855,Y,29508768,0.09836255999999999
13,238,Y,29405816,0.09801938666666667
112,1027,Y,29223184,0.09741061333333333
16,256,Y,29218064,0.09739354666666666
70,691,Y,29138648,0.09712882666666667
37,425,Y,29058688,0.09686229333333334
114,1047,Y,28819640,0.09606546666666667
23,312,Y,28623192,0.09541063999999999
41,460,Y,28605616,0.09535205333333334
127,1144,Y,28566192,0.09522064
46,500,Y,28397720,0.09465906666666667
118,1078,Y,28301296,0.09433765333333333
121,1102,Y,28236536,0.09412178666666667
122,1108,Y,28199480,0.09399826666666666
121,1099,Y,27948296,0.09316098666666667
22,310,Y,27943328,0.09314442666666667
18,277,Y,27852448,0.09284149333333334
127,1151,Y,27685488,0.09228496
96,901,Y,27620288,0.09206762666666667
89,840,Y,27438816,0.09146272
30,374,Y,27411440,0.09137146666666666
94,880,Y,27385624,0.09128541333333334
112,1028,Y,27315456,0.09105152000000001
62,628,Y,27174616,0.09058205333333333
48,517,Y,27145856,0.09048618666666666
7,189,Y,26769672,0.08923224
91,856,Y,26702528,0.08900842666666667
52,545,Y,26668392,0.08889464
27,348,Y,26478760,0.08826253333333334
114,1041,Y,26323600,0.08774533333333333
83,799,Y,26256352,0.08752117333333334
30,371,Y,25948336,0.08649445333333333
90,851,Y,25755232,0.08585077333333332
4,167,Y,25701312,0.08567104
90,850,Y,25510392,0.08503464
117,1070,Y,25233504,0.08411168
0,135,Y,25193536,0.08397845333333333
15,252,Y,24799568,0.08266522666666667
57,588,Y,24763384,0.08254461333333334
74,722,Y,24763248,0.08254416
50,533,Y,24599904,0.08199967999999999
15,251,Y,24380272,0.08126757333333333
75,731,Y,24297632,0.08099210666666666
121,1101,Y,24225896,0.08075298666666667
124,1120,Y,24021624,0.08007208
89,843,Y,23431720,0.07810573333333333
69,687,Y,23288096,0.07762698666666668
105,973,Y,23082400,0.07694133333333333
30,375,Y,22941352,0.07647117333333334
90,852,Y,22901032,0.07633677333333333
99,922,Y,22831736,0.07610578666666667
53,558,Y,22730512,0.07576837333333333
113,1034,Y,22698320,0.07566106666666667
72,707,Y,22660032,0.07553344000000001
67,671,Y,22651400,0.07550466666666666
36,416,Y,22564952,0.07521650666666667
94,884,Y,22284928,0.07428309333333334
11,219,Y,22263424,0.07421141333333332
126,1143,Y,22057464,0.07352488
49,521,Y,22032112,0.07344037333333334
4,160,Y,21988888,0.07329629333333333
18,279,Y,21865912,0.07288637333333334
107,989,Y,21763024,0.07254341333333333
119,1084,Y,21716080,0.07238693333333333
123,1114,Y,21673872,0.07224624
111,1019,Y,21372816,0.07124272000000001
123,1112,Y,21311488,0.07103829333333334
80,772,Y,21024856,0.07008285333333333
29,362,Y,21022096,0.07007365333333333
21,296,Y,20819224,0.06939741333333332
62,626,Y,20789784,0.06929927999999999
23,317,Y,20756272,0.06918757333333334
94,883,Y,20258496,0.06752832
120,1095,Y,20166552,0.06722183999999999
65,649,Y,19969056,0.06656352
114,1045,Y,19674144,0.06558048
107,990,Y,19505920,0.06501973333333333
42,467,Y,19425560,0.06475186666666667
123,1119,Y,19329216,0.06443072
93,874,Y,19214560,0.06404853333333334
82,784,Y,19149720,0.0638324
82,788,Y,19030112,0.06343370666666667
43,475,Y,18978312,0.06326103999999999
126,1139,Y,18951352,0.06317117333333333
107,988,Y,18809216,0.06269738666666666
4,164,Y,18361096,0.06120365333333334
119,1087,Y,18211240,0.06070413333333334
73,719,Y,17992632,0.05997544
110,1011,Y,17732248,0.05910749333333333
4,162,Y,17645664,0.05881888
89,846,Y,17364944,0.05788314666666667
93,879,Y,17341248,0.05780416000000001
94,882,Y,17302536,0.057675119999999996
111,1020,Y,16929152,0.056430506666666665
6,178,Y,16486176,0.05495392
32,384,Y,16254160,0.05418053333333333
36,420,Y,16212496,0.05404165333333334
118,1074,Y,16189072,0.05396357333333333
119,1081,Y,16029648,0.05343216
7,186,Y,15875224,0.05291741333333333
20,290,Y,15719440,0.05239813333333333
81,783,Y,15576496,0.05192165333333333
114,1042,Y,15355120,0.05118373333333334
48,518,Y,15084744,0.05028248
122,1109,Y,14646272,0.04882090666666667
79,765,Y,14195696,0.04731898666666667
19,287,Y,13957344,0.04652448
124,1127,Y,13735232,0.045784106666666664
31,380,Y,13655152,0.045517173333333334
6,176,Y,13654352,0.04551450666666666
105,974,Y,13457568,0.04485856
19,285,Y,13235424,0.04411808
126,1141,Y,13049448,0.04349816
4,163,Y,12532496,0.041774986666666666
53,559,Y,12126824,0.04042274666666667
90,853,Y,11091000,0.036969999999999996
30,370,Y,10741552,0.03580517333333333
90,854,Y,10713064,0.03571021333333334
25,331,Y,10639312,0.035464373333333334
113,1037,Y,10301640,0.0343388
126,1137,Y,8864064,0.02954688
99,925,Y,7704312,0.02568104
17,268,Y,5877080,0.019590266666666665
47,511,Y,5438448,0.01812816
