9,206,Y,9901470464,19.802940928
118,25,N,9778170112,19.556340224
25,111,N,9742390424,19.484780848
111,9,N,9667028240,19.33405648
1075,118,Y,9390931848,18.781863696000002
87,32,N,8967530280,17.93506056
48,87,N,8945894592,17.891789184
32,110,N,8833715328,17.667430656
516,48,Y,8635390960,17.27078192
110,1013,Y,8606270992,17.212541983999998
13,40,N,3679421216,7.358842431999999
126,107,N,3524918824,7.049837648
101,34,N,3512182272,7.024364544
64,13,N,3507142440,7.014284880000001
34,64,N,3479592488,6.959184976
942,101,Y,3207895040,6.41579008
40,452,Y,3157643816,6.3152876319999995
107,986,Y,3024455232,6.0489104639999995
1136,126,Y,3000459784,6.0009195680000005
65,14,N,2090162144,4.180324288
105,46,N,1981209360,3.96241872
14,123,N,1971418488,3.9428369759999997
46,98,N,1918743104,3.837486208
91,65,N,1912032912,3.8240658240000003
79,12,N,1891087744,3.782175488
26,119,N,1817832264,3.6356645280000004
28,91,N,1776959024,3.5539180480000003
12,26,N,1732170600,3.4643412
28,115,N,1647263664,3.294527328
107,126,N,1646832432,3.293664864
49,521,Y,1618761728,3.237523456
119,123,N,1613877064,3.2277541280000004
16,45,N,1586381688,3.172763376
115,65,N,1579607872,3.159215744
354,28,Y,1553875024,3.1077500479999998
123,1119,Y,1547592504,3.095185008
109,28,N,1542358664,3.084717328
95,107,N,1460479216,2.920958432
45,49,N,1445825184,2.891650368
106,5,N,1422672384,2.845344768
767,79,Y,1410023192,2.820046384
65,655,Y,1407430664,2.8148613279999997
1000,109,Y,1400386376,2.8007727520000003
40,13,N,1398349768,2.796699536
123,1116,Y,1333000200,2.6660004
32,87,N,1330879120,2.6617582399999997
4,85,N,1327817240,2.65563448
110,32,N,1288243112,2.576486224
5,68,N,1256291320,2.5125826399999998
124,92,N,1213926304,2.4278526080000002
111,25,N,1207999760,2.4159995199999997
16,5,N,1168846656,2.337693312
83,11,N,1166046736,2.332093472
87,48,N,1151532320,2.30306464
24,81,N,1145940352,2.291880704
9,111,N,1139507040,2.27901408
2,58,N,1130039600,2.2600792000000003
22,6,N,1125577040,2.25115408
85,100,N,1121902248,2.243804496
93,18,N,1119689032,2.239378064
97,49,N,1112875216,2.225750432
13,64,N,1101833000,2.203666
62,101,N,1101157656,2.202315312
27,1,N,1100257240,2.2005144800000003
57,66,N,1057888360,2.11577672
25,118,N,1053512392,2.107024784
72,94,N,1038420912,2.0768418239999997
94,35,N,1034177520,2.06835504
35,2,N,1023968248,2.047936496
261,16,Y,1022031472,2.044062944
77,30,N,1011522952,2.023045904
1,106,N,1004278472,2.008556944
29,121,N,995902408,1.991804816
50,108,N,994764432,1.9895288640000002
126,124,N,991554440,1.98310888
0,14,N,980461536,1.960923072
97,38,N,974048216,1.9480964319999998
11,97,N,973620856,1.9472417119999998
11,105,N,953095632,1.906191264
109,12,N,947852080,1.8957041599999997
32,59,N,935504888,1.871009776
98,97,N,929729144,1.859458288
121,105,N,914972072,1.8299441440000002
6,7,N,907216528,1.8144330560000002
66,22,N,899033720,1.79806744
206,9,Y,896939296,1.7938785919999998
14,68,N,894612768,1.7892255360000002
34,98,N,893928840,1.7878576800000001
66,9,N,892228328,1.7844566560000001
100,106,N,890607544,1.781215088
30,6,N,887744360,1.77548872
101,50,N,886848616,1.773697232
5,105,N,881326104,1.7626522079999998
14,0,N,879551816,1.759103632
12,79,N,878331856,1.756663712
118,1075,Y,878251992,1.756503984
26,22,N,874178592,1.748357184
98,51,N,848859303,1.697718606
110,0,N,842852616,1.6857052319999999
92,865,Y,841293008,1.6825860160000001
18,50,N,841164248,1.682328496
13,122,N,833170392,1.6663407840000002
5,16,N,824577992,1.6491559839999999
893,95,Y,818905856,1.637811712
39,9,N,818419960,1.6368399200000001
58,595,Y,811019136,1.622038272
121,15,N,800483304,1.6009666079999998
708,72,Y,784023648,1.568047296
59,69,N,781657096,1.563314192
17,60,N,781225256,1.562450512
68,14,N,776281376,1.552562752
64,115,N,772031096,1.544062192
122,20,N,771975976,1.543951952
78,43,N,771838549,1.543677098
42,124,N,762861328,1.525722656
1013,110,Y,759397264,1.518794528
5,168,Y,758239328,1.516478656
9,42,N,757137248,1.5142744959999999
25,21,N,752530136,1.5050602720000001
85,4,N,752481288,1.5049625759999998
56,109,N,750948088,1.501896176
105,121,N,748659280,1.4973185599999999
124,108,N,744316808,1.488633616
55,42,N,739624096,1.479248192
797,83,Y,736096744,1.472193488
344,27,Y,735359144,1.4707182879999998
102,17,N,732047648,1.464095296
42,55,N,728599736,1.457199472
48,516,Y,728308136,1.456616272
98,33,N,726662448,1.453324896
22,39,N,725709160,1.45141832
96,112,N,722386384,1.444772768
19,12,N,721862024,1.443724048
10,49,N,720993840,1.44198768
31,27,N,714436400,1.4288728000000002
86,102,N,707549288,1.415098576
76,116,N,707091696,1.414183392
108,992,Y,705441192,1.410882384
0,110,N,698886456,1.397772912
878,93,Y,698423344,1.3968466880000001
84,30,N,693261312,1.386522624
68,95,N,689785144,1.379570288
81,38,N,686749856,1.373499712
38,94,N,686478304,1.372956608
105,118,N,684117416,1.368234832
91,71,N,683931336,1.367862672
27,77,N,682624560,1.36524912
50,534,Y,682022936,1.364045872
21,40,N,681088768,1.362177536
55,8,N,680824840,1.36164968
61,15,N,679370072,1.358740144
631,62,Y,677492632,1.354985264
59,32,N,674938048,1.349876096
12,109,N,673476504,1.346953008
19,16,N,671963200,1.3439264
97,11,N,670617848,1.341235696
165,4,Y,669639008,1.339278016
64,34,N,669440448,1.338880896
81,41,N,668984528,1.337969056
7,190,Y,667313904,1.334627808
587,57,Y,664637208,1.329274416
27,31,N,663392128,1.326784256
11,87,N,658128912,1.316257824
361,29,Y,652246272,1.3044925440000001
6,22,N,651978816,1.303957632
33,117,N,650609256,1.301218512
98,46,N,650403664,1.300807328
112,110,N,649326824,1.298653648
30,117,N,649266704,1.2985334080000002
46,105,N,647346208,1.294692416
116,40,N,639683376,1.279366752
497,46,Y,639542368,1.279084736
106,979,Y,637961184,1.275922368
57,75,N,637849256,1.275698512
19,53,N,631808152,1.2636163040000001
71,10,N,631275480,1.26255096
30,84,N,627756912,1.255513824
2,71,N,623210784,1.246421568
82,0,N,622701888,1.245403776
28,25,N,622046392,1.244092784
49,45,N,620378760,1.24075752
38,434,Y,620183904,1.240367808
98,919,Y,615933568,1.231867136
62,96,N,615576776,1.2311535519999999
22,26,N,614826808,1.229653616
100,18,N,611713656,1.223427312
117,30,N,609345832,1.218691664
111,120,N,608420512,1.216841024
48,104,N,608297888,1.2165957760000001
15,48,N,607500184,1.215000368
3,28,N,607216336,1.2144326719999998
43,96,N,604916443,1.209832886
123,101,N,604377960,1.20875592
38,33,N,604271912,1.208543824
61,76,N,601748536,1.203497072
76,46,N,601738928,1.2034778560000001
14,65,N,600308296,1.200616592
68,5,N,600259536,1.2005190719999999
49,97,N,595759064,1.191518128
117,17,N,592366144,1.184732288
38,97,N,592062960,1.18412592
15,84,N,591642680,1.18328536
84,78,N,585865592,1.171731184
77,27,N,584583752,1.169167504
8,82,N,580523467,1.161046934
116,76,N,580302440,1.16060488
5,106,N,579846320,1.15969264
84,15,N,577628904,1.155257808
99,57,N,577220600,1.1544412
66,57,N,577021616,1.154043232
69,79,N,574318808,1.148637616
46,76,N,573299680,1.14659936
58,2,N,571171816,1.142343632
1,85,N,571151120,1.14230224
81,85,N,568017024,1.136034048
37,61,N,565909312,1.131818624
41,83,N,565261976,1.1305239519999999
123,119,N,564821328,1.129642656
76,52,N,562710232,1.1254204639999998
4,79,N,559917792,1.119835584
11,83,N,559492856,1.118985712
108,10,N,558490656,1.116981312
45,1,N,557298560,1.11459712
126,1140,Y,555981872,1.111963744
1,45,N,555863208,1.111726416
34,101,N,555070608,1.1101412160000002
52,70,N,554300592,1.108601184
92,38,N,554248640,1.1084972800000001
40,116,N,553971192,1.107942384
79,766,Y,553870728,1.107741456
53,44,N,553744008,1.107488016
30,23,N,553741856,1.107483712
112,22,N,552848240,1.10569648
107,70,N,552529320,1.10505864
340,26,Y,551806000,1.103612
21,7,N,550041712,1.100083424
101,123,N,547976264,1.095952528
89,83,N,546847384,1.093694768
42,107,N,546432584,1.092865168
81,106,N,546383384,1.092766768
30,77,N,545452312,1.090904624
119,36,N,544586104,1.089172208
233,13,Y,542791600,1.0855831999999999
45,16,N,541818992,1.083637984
51,541,Y,541532464,1.083064928
18,126,N,540865576,1.081731152
31,20,N,540645288,1.081290576
87,111,N,539279896,1.078559792
44,24,N,539278488,1.078556976
83,58,N,537768320,1.0755366400000002
72,80,N,537348952,1.074697904
13,4,N,534531400,1.0690628
15,125,N,532918808,1.065837616
10,71,N,532222944,1.064445888
92,103,N,531936400,1.0638728
53,19,N,531072352,1.062144704
15,61,N,528492616,1.056985232
40,95,N,527715704,1.055431408
12,67,N,527244720,1.05448944
105,11,N,526565312,1.053130624
95,68,N,525565440,1.05113088
74,53,N,525460512,1.050921024
63,48,N,525291424,1.050582848
36,19,N,525278792,1.0505575839999999
73,63,N,524732128,1.049464256
71,127,N,524422320,1.04884464
36,116,N,521196128,1.042392256
68,674,Y,518842944,1.037685888
53,74,N,517324312,1.034648624
83,7,N,516454128,1.032908256
120,111,N,514889248,1.029778496
45,78,N,514535808,1.029071616
46,93,N,514330296,1.028660592
106,1,N,513900112,1.027800224
17,117,N,513877728,1.0277554560000002
6,30,N,512817976,1.025635952
16,0,N,511219280,1.02243856
49,113,N,510669136,1.0213382720000002
44,53,N,509469584,1.018939168
125,1,N,509142608,1.018285216
65,76,N,509100416,1.018200832
49,10,N,508431128,1.016862256
71,91,N,507872936,1.015745872
99,14,N,507311320,1.01462264
85,1,N,506613920,1.0132278399999999
65,91,N,505774600,1.0115492
55,59,N,505765048,1.011530096
43,78,N,505133507,1.010267014
86,37,N,505054376,1.010108752
7,83,N,504713952,1.0094279039999998
9,49,N,504633576,1.009267152
115,1055,Y,502801360,1.00560272
31,0,N,502736376,1.0054727520000002
12,19,N,501561496,1.003122992
48,15,N,500994992,1.0019899840000002
94,38,N,499960504,0.999921008
86,111,N,499168576,0.998337152
41,81,N,498572840,0.99714568
79,69,N,497125152,0.994250304
75,13,N,496803240,0.99360648
40,21,N,495994648,0.991989296
1014,110,Y,494397432,0.9887948639999999
36,3,N,491075624,0.9821512480000001
112,115,N,490687240,0.9813744799999999
34,69,N,490605960,0.98121192
101,62,N,489563384,0.979126768
14,99,N,488517056,0.977034112
122,13,N,487024128,0.9740482559999999
6,16,N,486659208,0.973318416
112,96,N,485557232,0.971114464
82,8,N,484774456,0.9695489119999999
4,103,N,484319960,0.9686399199999999
106,86,N,484169096,0.9683381919999999
76,61,N,483938424,0.9678768480000001
122,71,N,483761056,0.967522112
104,48,N,482219456,0.9644389119999999
79,61,N,481756336,0.963512672
120,92,N,481531936,0.9630638719999999
23,73,N,480595696,0.9611913919999999
15,121,N,479013336,0.9580266719999999
127,59,N,477668480,0.95533696
107,95,N,477644768,0.9552895360000001
43,74,N,476487872,0.952975744
33,11,N,472984776,0.945969552
109,56,N,471469264,0.9429385280000001
1,125,N,470633592,0.941267184
39,21,N,470510080,0.9410201599999999
63,93,N,469628336,0.9392566720000001
38,92,N,468666208,0.937332416
43,58,N,468331536,0.936663072
56,73,N,467930200,0.9358603999999999
123,14,N,466885224,0.933770448
108,124,N,466572352,0.9331447039999999
9,66,N,465923464,0.931846928
97,56,N,465194312,0.930388624
98,34,N,464689648,0.929379296
110,112,N,463235360,0.92647072
973,105,Y,460675368,0.921350736
111,86,N,458919088,0.917838176
92,91,N,457824992,0.9156499840000001
104,72,N,457811680,0.9156233600000001
21,39,N,457787840,0.91557568
69,34,N,457257920,0.9145158400000001
48,63,N,456632456,0.9132649119999999
69,126,N,455824624,0.911649248
72,104,N,455771800,0.9115435999999999
68,676,Y,455417272,0.9108345440000001
74,87,N,452272536,0.9045450720000001
90,17,N,452133280,0.9042665599999999
35,26,N,451703704,0.903407408
119,48,N,451548752,0.903097504
18,93,N,451482752,0.9029655040000001
120,6,N,451456720,0.90291344
41,84,N,451001896,0.9020037919999999
16,19,N,450800800,0.9016016
52,76,N,450421544,0.9008430879999999
75,103,N,450276320,0.90055264
3,56,N,449412760,0.8988255199999999
125,15,N,449178872,0.8983577439999999
103,4,N,449163856,0.8983277120000001
322,24,Y,448501128,0.897002256
71,2,N,448418640,0.8968372800000001
23,50,N,447920680,0.8958413599999999
5,26,N,447375736,0.894751472
90,68,N,447076576,0.894153152
1,138,Y,447015448,0.8940308960000001
0,31,N,444964976,0.8899299520000001
20,31,N,444641616,0.889283232
79,4,N,444483208,0.8889664159999999
47,39,N,444429472,0.8888589440000001
60,17,N,444278504,0.888557008
91,28,N,444181752,0.8883635040000001
41,66,N,443680144,0.887360288
52,57,N,442675592,0.885351184
103,75,N,442665888,0.885331776
57,99,N,442610352,0.8852207040000001
20,295,Y,441917888,0.8838357760000001
87,11,N,441395536,0.8827910720000001
819,86,Y,440996848,0.881993696
66,41,N,440697736,0.8813954719999999
120,82,N,440190312,0.880380624
41,19,N,439411712,0.878823424
94,72,N,439223320,0.87844664
121,108,N,439109448,0.8782188959999999
63,60,N,438679320,0.87735864
91,92,N,438644064,0.877288128
448,40,Y,438221088,0.876442176
8,55,N,437897432,0.8757948640000001
119,26,N,437388992,0.8747779840000001
25,28,N,437134360,0.87426872
90,21,N,435418448,0.870836896
67,72,N,435344960,0.87068992
108,50,N,435262376,0.8705247520000001
75,57,N,434843600,0.8696872
115,112,N,434811216,0.8696224319999999
570,55,Y,434557816,0.8691156320000001
35,94,N,433929736,0.867859472
80,127,N,432966856,0.8659337120000001
658,66,Y,432913696,0.8658273920000001
36,119,N,432795016,0.865590032
8,195,Y,431832064,0.8636641279999999
92,124,N,431801600,0.8636032
97,98,N,431609552,0.8632191040000001
114,46,N,431375136,0.862750272
108,997,Y,431244672,0.862489344
96,43,N,430366528,0.8607330559999999
283,19,Y,430365168,0.860730336
47,123,N,429901368,0.859802736
39,22,N,428973848,0.8579476960000001
92,120,N,427777328,0.855554656
60,613,Y,427242656,0.8544853119999999
113,49,N,426829368,0.8536587360000001
78,116,N,426549032,0.853098064
21,25,N,426039696,0.852079392
70,31,N,425560352,0.851120704
117,53,N,425298480,0.85059696
26,5,N,425278920,0.85055784
105,5,N,424857904,0.8497158080000001
61,79,N,424424520,0.8488490399999999
8,125,N,423805544,0.8476110880000001
85,77,N,423425152,0.846850304
26,35,N,422790624,0.845581248
47,67,N,422768656,0.845537312
50,101,N,419836288,0.8396725759999999
77,80,N,419375056,0.8387501119999999
77,118,N,418976336,0.837952672
57,52,N,417821840,0.83564368
53,117,N,417238800,0.8344776
56,3,N,416842848,0.833685696
38,81,N,416734504,0.833469008
33,90,N,416570032,0.833140064
7,21,N,416234832,0.832469664
88,37,N,415516808,0.831033616
80,72,N,414872544,0.8297450879999999
67,47,N,414689456,0.829378912
6,120,N,414029592,0.828059184
99,90,N,412575000,0.82515
15,254,Y,412043232,0.824086464
58,99,N,411682008,0.823364016
93,63,N,411559616,0.823119232
169,5,Y,411361952,0.8227239040000001
89,119,N,411280416,0.822560832
70,52,N,411227936,0.822455872
904,97,Y,411213904,0.8224278079999999
78,114,N,411052832,0.822105664
23,30,N,410853368,0.821706736
86,106,N,410070592,0.820141184
122,44,N,409870728,0.8197414559999999
96,10,N,409774784,0.819549568
82,120,N,407627745,0.81525549
54,66,N,407033240,0.81406648
10,60,N,406766816,0.8135336320000001
72,25,N,406272024,0.8125440479999999
76,65,N,404731272,0.809462544
61,37,N,404607368,0.8092147359999999
58,43,N,404119584,0.8082391680000001
120,127,N,403779192,0.8075583839999999
102,34,N,403279304,0.8065586079999999
75,112,N,403118096,0.8062361920000001
117,1065,Y,402387240,0.80477448
90,33,N,402373328,0.804746656
19,41,N,401964416,0.8039288320000001
69,59,N,401875680,0.80375136
70,62,N,401802120,0.8036042400000001
1,27,N,400996944,0.801993888
123,47,N,400454616,0.800909232
121,29,N,400297240,0.80059448
83,41,N,400182312,0.8003646240000001
7,55,N,399849504,0.799699008
60,63,N,399599768,0.799199536
8,62,N,399134744,0.798269488
22,66,N,398775328,0.797550656
100,85,N,398130416,0.796260832
16,6,N,397203360,0.79440672
70,113,N,396871856,0.7937437119999999
106,81,N,396485928,0.792971856
116,36,N,395989464,0.791978928
37,86,N,395038744,0.7900774879999999
52,24,N,394598520,0.78919704
26,12,N,394409632,0.788819264
406,34,Y,394154360,0.78830872
113,70,N,393734640,0.7874692799999999
17,90,N,393259744,0.786519488
100,32,N,392712552,0.785425104
101,942,Y,392567072,0.7851341439999999
85,81,N,392548328,0.785096656
0,16,N,392022584,0.7840451680000001
60,10,N,391566792,0.783133584
73,23,N,391435280,0.7828705599999999
81,24,N,391079144,0.7821582880000001
127,80,N,389508176,0.779016352
64,104,N,389372544,0.7787450880000001
46,499,Y,388897472,0.777794944
371,30,Y,387640440,0.7752808800000001
2,35,N,387327248,0.774654496
67,35,N,387281416,0.774562832
10,108,N,386729456,0.7734589119999999
108,80,N,386717112,0.773434224
64,18,N,386660200,0.7733203999999999
113,63,N,386570920,0.77314184
70,107,N,386514936,0.773029872
78,84,N,386151248,0.772302496
113,74,N,385527568,0.771055136
102,86,N,385254224,0.770508448
44,69,N,384750152,0.7695003039999999
86,47,N,384481176,0.768962352
94,37,N,384266616,0.768533232
29,103,N,383601496,0.767202992
100,47,N,383358272,0.766716544
0,82,N,383335120,0.7666702400000001
126,69,N,382991320,0.76598264
121,53,N,382740168,0.765480336
67,12,N,382664016,0.765328032
24,44,N,382460360,0.76492072
88,79,N,380898344,0.761796688
118,105,N,380407144,0.760814288
69,683,Y,379283024,0.758566048
107,89,N,377732592,0.755465184
125,8,N,376481856,0.752963712
40,27,N,375734440,0.75146888
21,90,N,375725176,0.751450352
51,98,N,375540976,0.7510819519999999
387,32,Y,375510824,0.751021648
107,42,N,374837768,0.749675536
20,61,N,374379512,0.7487590239999999
127,71,N,374257336,0.748514672
103,29,N,372780232,0.745560464
49,9,N,372428576,0.744857152
18,100,N,372204048,0.744408096
50,23,N,369357464,0.7387149279999999
93,84,N,369331344,0.738662688
75,37,N,368409800,0.7368195999999999
259,16,Y,367327024,0.734654048
32,114,N,367309496,0.734618992
119,89,N,366020344,0.732040688
125,102,N,365381576,0.730763152
57,126,N,364859688,0.729719376
19,36,N,363204008,0.726408016
61,20,N,362975992,0.725951984
104,64,N,362594256,0.725188512
87,74,N,362294080,0.72458816
51,8,N,362237373,0.7244747460000001
24,52,N,359425848,0.718851696
124,52,N,359286648,0.718573296
115,4,N,358913328,0.7178266560000001
109,103,N,358270824,0.716541648
127,120,N,357807536,0.715615072
74,113,N,357709656,0.715419312
13,75,N,357036672,0.714073344
34,102,N,356511528,0.713023056
60,31,N,355853632,0.7117072640000001
55,7,N,355482248,0.710964496
73,56,N,354919200,0.7098384
94,122,N,354319464,0.708638928
33,38,N,354074152,0.7081483040000001
95,73,N,353532936,0.707065872
118,77,N,353461672,0.706923344
74,43,N,352760272,0.705520544
28,109,N,350877128,0.7017542560000001
35,55,N,350270640,0.70054128
44,122,N,350240008,0.700480016
47,100,N,349503760,0.69900752
39,43,N,349098232,0.698196464
126,18,N,348886536,0.697773072
79,88,N,348761968,0.697523936
124,42,N,348579712,0.697159424
154,3,Y,347994032,0.695988064
53,121,N,347396424,0.694792848
84,41,N,347108256,0.694216512
84,93,N,346848104,0.693696208
62,8,N,346463832,0.6929276639999999
22,112,N,346063224,0.692126448
73,95,N,345687504,0.6913750080000001
103,92,N,345156960,0.69031392
124,126,N,344683656,0.689367312
2,99,N,344631360,0.68926272
83,89,N,344585576,0.689171152
46,114,N,343806680,0.68761336
55,35,N,343737552,0.687475104
27,40,N,343491032,0.686982064
20,62,N,342150312,0.684300624
80,108,N,342113280,0.68422656
102,125,N,342056872,0.684113744
42,88,N,341918680,0.6838373600000001
59,55,N,340695240,0.68139048
110,23,N,340557504,0.681115008
111,87,N,340540416,0.681080832
3,36,N,340496256,0.680992512
48,119,N,338634248,0.6772684959999999
89,107,N,337410752,0.674821504
31,70,N,337186776,0.674373552
4,115,N,335900608,0.671801216
17,102,N,335605920,0.67121184
37,75,N,335410680,0.67082136
45,36,N,335392432,0.670784864
77,85,N,335256048,0.670512096
22,310,Y,335130768,0.6702615359999999
93,101,N,334982096,0.669964192
56,97,N,334853736,0.6697074719999999
421,36,Y,333382288,0.666764576
23,110,N,332426936,0.6648538719999999
114,32,N,331351280,0.66270256
10,96,N,331348504,0.662697008
58,83,N,330821544,0.661643088
32,100,N,330489024,0.6609780479999999
96,62,N,330431832,0.6608636640000001
39,47,N,330315488,0.660630976
126,1136,Y,330213128,0.660426256
9,39,N,330032912,0.6600658239999999
59,127,N,328948928,0.657897856
24,51,N,328766320,0.65753264
78,45,N,328385512,0.656771024
104,95,N,328204056,0.6564081119999999
112,75,N,328029528,0.656059056
58,102,N,327389232,0.6547784640000001
20,122,N,326612992,0.653225984
80,77,N,325157472,0.650314944
99,2,N,324762816,0.649525632
20,17,N,323868376,0.647736752
115,64,N,321254720,0.64250944
0,134,Y,320798568,0.641597136
88,96,N,320188608,0.640377216
50,24,N,319974824,0.639949648
95,40,N,319906568,0.639813136
69,44,N,319644208,0.639288416
42,9,N,318311976,0.636623952
96,88,N,317588592,0.635177184
82,117,N,317313512,0.634627024
27,67,N,314785496,0.629570992
116,1063,Y,314704288,0.629408576
126,57,N,313679352,0.6273587039999999
33,98,N,312030504,0.624061008
18,64,N,311696264,0.623392528
484,44,Y,311415696,0.622831392
66,54,N,310385896,0.620771792
65,3,N,308681568,0.617363136
78,757,Y,306237480,0.61247496
67,27,N,305915592,0.6118311839999999
90,99,N,304875048,0.609750096
432,38,Y,304810592,0.609621184
37,88,N,304104728,0.608209456
44,127,N,303469800,0.6069396
455,40,Y,302208376,0.604416752
123,74,N,302092680,0.60418536
117,33,N,301977320,0.60395464
108,121,N,301591360,0.6031827200000001
116,78,N,301014232,0.602028464
93,46,N,300156432,0.600312864
4,165,Y,299949616,0.5998992320000001
43,39,N,299786784,0.5995735680000001
127,44,N,298772120,0.5975442400000001
175,5,Y,297542824,0.595085648
141,1,Y,297401928,0.594803856
59,51,N,297387320,0.59477464
23,54,N,295843056,0.591686112
452,40,Y,295824480,0.59164896
36,45,N,295734144,0.591468288
3,65,N,295550880,0.59110176
50,18,N,295175176,0.590350352
4,13,N,294786200,0.5895724
116,73,N,293450136,0.586900272
102,58,N,293340400,0.5866808
17,20,N,293205776,0.5864115520000001
7,82,N,291910976,0.583821952
114,78,N,289805104,0.579610208
25,330,Y,289793560,0.57958712
63,73,N,289312072,0.5786241440000001
68,90,N,287257992,0.574515984
13,236,Y,285746048,0.571492096
115,28,N,285307496,0.5706149920000001
71,122,N,285005744,0.570011488
7,6,N,284755560,0.56951112
118,109,N,284362224,0.568724448
62,20,N,283739648,0.567479296
31,60,N,283665008,0.567330016
986,107,Y,282857880,0.56571576
25,72,N,282760504,0.5655210079999999
24,50,N,282360160,0.56472032
51,24,N,282260000,0.56452
60,89,N,280635200,0.5612704
14,244,Y,280301832,0.5606036640000001
54,114,N,279397848,0.558795696
72,67,N,278246096,0.556492192
114,54,N,278240360,0.5564807199999999
74,123,N,278069320,0.55613864
103,109,N,278013000,0.556026
745,77,Y,277578808,0.555157616
843,89,Y,276707928,0.553415856
464,42,Y,276568168,0.553136336
1104,122,Y,276452488,0.552904976
73,116,N,275844832,0.5516896640000001
122,94,N,275153096,0.550306192
0,128,Y,274768120,0.54953624
1072,118,Y,274675440,0.54935088
49,523,Y,274521296,0.5490425919999999
106,100,N,273932896,0.5478657920000001
870,92,Y,273652832,0.5473056639999999
54,23,N,273644080,0.54728816
101,93,N,272079384,0.5441587680000001
110,114,N,271647520,0.54329504
117,82,N,270645728,0.541291456
125,51,N,268856496,0.537712992
109,1002,Y,268665920,0.53733184
37,94,N,267945928,0.535891856
29,91,N,267556144,0.535112288
68,104,N,267244104,0.534488208
88,42,N,267104256,0.5342085120000001
35,67,N,266789960,0.53357992
2,88,N,266694344,0.533388688
20,289,Y,265790032,0.531580064
28,3,N,264838584,0.5296771680000001
97,909,Y,264214344,0.528428688
383,31,Y,264044912,0.528089824
52,124,N,263347008,0.526694016
5,171,Y,261964016,0.523928032
576,56,Y,261319384,0.522638768
3,54,N,258208488,0.516416976
8,51,N,257377927,0.5147558539999999
17,264,Y,257122032,0.514244064
65,115,N,256669696,0.513339392
51,125,N,254543088,0.509086176
56,54,N,254198936,0.508397872
54,3,N,254172344,0.508344688
104,68,N,252661696,0.505323392
118,1072,Y,250984552,0.5019691039999999
174,5,Y,250275592,0.500551184
80,29,N,248048352,0.496096704
95,104,N,247018768,0.494037536
118,29,N,246455464,0.49291092799999997
63,113,N,244591048,0.489182096
51,59,N,244002832,0.488005664
863,91,Y,243792312,0.487584624
71,702,Y,243493672,0.48698734400000004
417,36,Y,243158984,0.48631796800000004
30,370,Y,243071664,0.486143328
933,100,Y,242395352,0.484790704
181,6,Y,241944488,0.483888976
1110,122,Y,240402936,0.480805872
89,113,N,239479008,0.478958016
804,84,Y,238911120,0.47782223999999995
89,60,N,237141632,0.474283264
673,68,Y,234530408,0.469060816
91,29,N,234409160,0.46881832
982,106,Y,233483600,0.46696719999999997
109,118,N,232781696,0.465563392
161,4,Y,229253408,0.458506816
82,7,N,229126232,0.458252464
167,4,Y,228473368,0.456946736
62,70,N,228400528,0.45680105600000004
744,77,Y,227481152,0.454962304
101,939,Y,227132872,0.454265744
83,797,Y,226175288,0.452350576
11,33,N,225146664,0.45029332800000005
114,110,N,224583552,0.449167104
246,14,Y,222050928,0.444101856
88,2,N,221449448,0.442898896
11,221,Y,221149576,0.442299152
99,58,N,219575024,0.439150048
47,86,N,219286784,0.43857356799999997
103,952,Y,218252432,0.436504864
109,1000,Y,217966408,0.435932816
319,23,Y,217509336,0.43501867200000005
126,1142,Y,216698008,0.433396016
756,78,Y,216291615,0.43258323
29,80,N,216279792,0.432559584
93,876,Y,214545728,0.42909145600000004
10,211,Y,212918296,0.425836592
291,20,Y,212308704,0.424617408
113,89,N,212252288,0.42450457599999997
87,826,Y,211414880,0.42282976
205,9,Y,211054128,0.42210825599999996
333,25,Y,209564584,0.41912916799999994
54,56,N,208004440,0.41600888
477,43,Y,206814968,0.413629936
1025,112,Y,206518272,0.41303654400000006
492,45,Y,206484848,0.412969696
95,890,Y,205556240,0.41111248
308,22,Y,205354088,0.410708176
21,297,Y,204115160,0.40823032
193,8,Y,203912904,0.407825808
974,105,Y,201813976,0.403627952
26,342,Y,199737128,0.399474256
29,118,N,198323376,0.396646752
299,21,Y,195812576,0.391625152
69,682,Y,194611616,0.389223232
46,497,Y,194584960,0.38916992
755,78,Y,194537848,0.389075696
6,179,Y,193809520,0.38761904
757,78,Y,193663424,0.387326848
585,57,Y,192968424,0.385936848
992,108,Y,192793232,0.385586464
820,86,Y,192507152,0.38501430400000003
68,679,Y,192244928,0.384489856
1007,109,Y,192025496,0.384050992
1088,120,Y,191817304,0.383634608
93,878,Y,191728680,0.38345736
59,604,Y,191298856,0.382597712
110,1010,Y,190250064,0.380500128
217,11,Y,190229840,0.38045968
837,88,Y,189482688,0.378965376
373,30,Y,188982336,0.377964672
6,177,Y,187356008,0.374712016
18,273,Y,187227456,0.37445491200000003
740,76,Y,184616456,0.36923291199999997
43,479,Y,184204824,0.368409648
79,767,Y,184109464,0.368218928
115,1052,Y,184030464,0.36806092799999995
120,1089,Y,184029584,0.368059168
45,492,Y,183131416,0.366262832
39,441,Y,181474232,0.362948464
103,955,Y,181087672,0.362175344
521,49,Y,180927520,0.36185504
37,424,Y,179589480,0.35917896
1119,123,Y,179229288,0.358458576
956,103,Y,179083624,0.358167248
75,729,Y,178210368,0.356420736
31,377,Y,178043232,0.356086464
747,77,Y,177777320,0.35555464
655,65,Y,176395152,0.352790304
63,636,Y,176120648,0.352241296
849,90,Y,175756760,0.35151352
48,513,Y,175559848,0.351119696
321,24,Y,174791344,0.349582688
17,270,Y,174368888,0.348737776
845,89,Y,172653472,0.345306944
57,587,Y,171957176,0.343914352
148,2,Y,169491600,0.33898320000000004
27,349,Y,168593088,0.337186176
1089,120,Y,168569224,0.33713844800000003
442,39,Y,167850440,0.33570088000000003
16,261,Y,167228832,0.33445766400000004
12,230,Y,167040952,0.334081904
119,1087,Y,166554904,0.333109808
28,354,Y,166139728,0.332279456
85,813,Y,166069568,0.332139136
1009,110,Y,165910160,0.33182032
118,1077,Y,165814600,0.3316292
48,512,Y,165016536,0.330033072
1116,123,Y,164293232,0.32858646399999997
30,374,Y,164247352,0.328494704
260,16,Y,163343376,0.326686752
652,65,Y,162565064,0.325130128
621,61,Y,161973264,0.323946528
857,91,Y,161420928,0.32284185600000004
83,792,Y,161221264,0.322442528
667,67,Y,159943880,0.31988775999999997
223,11,Y,159866672,0.31973334400000003
37,425,Y,159351480,0.31870296
40,448,Y,159318632,0.318637264
919,98,Y,157254992,0.31450998399999996
612,60,Y,156562688,0.313125376
52,551,Y,155578376,0.311156752
197,8,Y,155213968,0.310427936
32,391,Y,155029216,0.310058432
96,897,Y,154900704,0.309801408
107,989,Y,154615696,0.309231392
638,63,Y,154102008,0.308204016
969,105,Y,153470368,0.306940736
72,711,Y,153394048,0.306788096
879,93,Y,153324248,0.306648496
87,825,Y,153251920,0.30650384
48,515,Y,153150520,0.30630103999999997
30,369,Y,152547704,0.305095408
52,548,Y,152396576,0.304793152
23,316,Y,152001264,0.304002528
761,79,Y,149535712,0.29907142400000003
393,33,Y,149198648,0.29839729600000003
918,98,Y,148928665,0.29785733000000003
220,11,Y,148842168,0.297684336
534,50,Y,148759264,0.297518528
82,785,Y,148670688,0.297341376
685,69,Y,147859904,0.295719808
110,1015,Y,147687896,0.29537579199999997
865,92,Y,147439992,0.294879984
629,62,Y,146588984,0.293177968
96,903,Y,145682913,0.291365826
47,506,Y,145269224,0.290538448
74,723,Y,145194664,0.290389328
886,94,Y,144094048,0.288188096
592,58,Y,143882704,0.287765408
264,17,Y,142667664,0.285335328
104,967,Y,141552584,0.283105168
111,1022,Y,141550120,0.28310024
1096,121,Y,141004152,0.282008304
103,956,Y,140890008,0.28178001599999997
82,786,Y,140695136,0.281390272
120,1093,Y,140046719,0.280093438
46,501,Y,139893768,0.279787536
645,64,Y,139792024,0.27958404800000003
785,82,Y,139781688,0.27956337600000003
457,41,Y,139038248,0.278076496
36,423,Y,138595824,0.277191648
19,280,Y,137859136,0.275718272
122,1104,Y,137500808,0.275001616
286,19,Y,137489032,0.27497806399999997
778,81,Y,136568296,0.273136592
6,181,Y,136047832,0.272095664
790,82,Y,135718592,0.271437184
228,12,Y,135334048,0.270668096
460,41,Y,134723200,0.26944640000000003
550,52,Y,134647744,0.26929548799999997
407,34,Y,134340424,0.26868084799999997
960,104,Y,134262384,0.26852476799999997
92,870,Y,134125184,0.268250368
110,1014,Y,133614648,0.267229296
32,386,Y,133247768,0.266495536
31,378,Y,133207952,0.266415904
518,48,Y,133053264,0.266106528
733,75,Y,132949200,0.26589840000000003
692,70,Y,132948160,0.26589632
453,40,Y,132937248,0.26587449599999996
34,406,Y,132899744,0.265799488
68,672,Y,132653120,0.26530624
244,14,Y,132501672,0.265003344
814,85,Y,132186720,0.26437344
4,167,Y,131853112,0.263706224
168,5,Y,131621896,0.263243792
706,72,Y,131032736,0.262065472
89,840,Y,130894008,0.261788016
45,489,Y,130827088,0.261654176
910,97,Y,130685296,0.26137059199999996
77,744,Y,130671544,0.261343088
346,27,Y,130498632,0.260997264
37,426,Y,130400912,0.260801824
103,958,Y,130293576,0.260587152
281,19,Y,129938952,0.259877904
123,1112,Y,129671064,0.259342128
80,773,Y,129375656,0.258751312
87,831,Y,129269400,0.2585388
121,1103,Y,129264336,0.258528672
912,98,Y,128906240,0.25781248
70,691,Y,128776592,0.257553184
1093,120,Y,128537472,0.257074944
240,14,Y,128435504,0.256871008
71,699,Y,128321288,0.256642576
18,272,Y,128241264,0.256482528
1037,113,Y,127368840,0.25473767999999997
7,184,Y,127335600,0.2546712
1002,109,Y,127229064,0.254458128
46,500,Y,127134088,0.254268176
44,483,Y,127077896,0.254155792
229,12,Y,126933032,0.253866064
479,43,Y,126819224,0.25363844799999996
962,104,Y,126517784,0.253035568
114,1046,Y,126345928,0.252691856
591,57,Y,126282000,0.252564
12,228,Y,126162856,0.252325712
34,401,Y,125967792,0.251935584
869,92,Y,125950656,0.251901312
95,893,Y,125939840,0.25187968
80,771,Y,125853408,0.251706816
97,910,Y,125521944,0.251043888
792,83,Y,125134272,0.25026854400000004
28,358,Y,125084688,0.250169376
597,58,Y,125024816,0.250049632
89,843,Y,125010352,0.250020704
76,740,Y,124433672,0.248867344
40,453,Y,124418000,0.24883599999999997
523,49,Y,124322976,0.248645952
127,1146,Y,124128528,0.24825705599999998
36,417,Y,124046328,0.248092656
19,287,Y,122835232,0.245670464
24,322,Y,122590568,0.24518113599999997
105,971,Y,122529264,0.245058528
25,333,Y,122423728,0.244847456
1142,126,Y,122299328,0.24459865600000003
1140,126,Y,122201696,0.24440339200000002
80,775,Y,121803800,0.2436076
909,97,Y,121349672,0.242699344
4,160,Y,121313224,0.242626448
451,40,Y,121281728,0.24256345599999998
730,75,Y,121246016,0.24249203200000002
94,884,Y,120487000,0.240974
921,99,Y,120240488,0.24048097599999999
225,12,Y,120137968,0.240275936
117,1071,Y,119693600,0.2393872
623,61,Y,119441944,0.238883888
29,361,Y,119159752,0.23831950400000002
12,225,Y,119092240,0.23818448
547,52,Y,119088496,0.238176992
348,27,Y,118410968,0.23682193599999998
80,774,Y,118280648,0.236561296
766,79,Y,118183448,0.236366896
63,632,Y,117728360,0.23545672
9,201,Y,117505488,0.23501097599999998
26,339,Y,117423952,0.234847904
599,58,Y,117256904,0.23451380800000002
732,75,Y,116649624,0.23329924800000001
656,66,Y,116615688,0.233231376
62,631,Y,116596568,0.233193136
950,102,Y,116596224,0.23319244799999997
56,581,Y,116458952,0.232917904
676,68,Y,115963400,0.23192680000000002
19,283,Y,115953184,0.231906368
1148,127,Y,115754176,0.231508352
131,0,Y,115176736,0.230353472
544,52,Y,115054776,0.230109552
62,625,Y,114956008,0.22991201600000002
32,389,Y,114922680,0.22984536
201,9,Y,114914184,0.22982836799999998
104,963,Y,114699344,0.229398688
58,592,Y,114693248,0.22938649600000002
76,739,Y,114469368,0.22893873599999998
1141,126,Y,114338824,0.228677648
86,819,Y,114135600,0.2282712
63,639,Y,114095504,0.228191008
153,3,Y,114062232,0.228124464
74,727,Y,114013784,0.22802756799999999
595,58,Y,113951456,0.227902912
44,480,Y,113930304,0.227860608
29,366,Y,113780024,0.227560048
805,84,Y,113743240,0.22748648
458,41,Y,113703728,0.227407456
63,634,Y,113620448,0.22724089600000003
70,690,Y,113439520,0.22687903999999998
84,804,Y,113396200,0.2267924
70,694,Y,113283472,0.22656694400000002
114,1043,Y,113172920,0.22634584
434,38,Y,113056472,0.226112944
1070,117,Y,112918160,0.22583631999999998
818,86,Y,112748472,0.22549694399999998
25,331,Y,112518144,0.225036288
263,16,Y,112316704,0.224633408
674,68,Y,112229216,0.224458432
525,49,Y,112204264,0.224408528
41,461,Y,112187720,0.22437543999999998
20,288,Y,112121128,0.224242256
634,63,Y,111812888,0.22362577600000003
772,80,Y,111296480,0.22259296
803,84,Y,111280536,0.222561072
21,300,Y,110953352,0.221906704
53,554,Y,110944880,0.22188976
142,1,Y,110635640,0.22127128000000001
401,34,Y,110557776,0.221115552
71,700,Y,110507080,0.22101416
6,178,Y,110261168,0.22052233599999999
8,193,Y,110246768,0.22049353600000002
811,85,Y,110235392,0.22047078399999998
114,1041,Y,110085512,0.220171024
91,860,Y,110081552,0.22016310400000003
77,749,Y,110069272,0.22013854400000002
672,68,Y,109939640,0.21987928
190,7,Y,109800184,0.21960036800000002
11,222,Y,109771416,0.21954283200000002
663,66,Y,109571880,0.21914376
428,37,Y,109464688,0.218929376
461,41,Y,109407624,0.218815248
1114,123,Y,109291320,0.21858263999999997
88,836,Y,109284984,0.218569968
265,17,Y,109044408,0.218088816
36,420,Y,108988144,0.217976288
112,1028,Y,108886984,0.217773968
262,16,Y,108846152,0.217692304
58,599,Y,108775664,0.21755132800000002
16,258,Y,108712928,0.217425856
546,52,Y,108677928,0.217355856
940,101,Y,108659176,0.217318352
138,1,Y,108451824,0.21690364799999998
786,82,Y,108333920,0.21666784
176,6,Y,108237856,0.21647571200000001
327,24,Y,108124704,0.216249408
52,544,Y,107891928,0.215783856
822,86,Y,107733904,0.21546780799999998
906,97,Y,107730392,0.215460784
887,94,Y,107558488,0.21511697600000002
35,410,Y,107526928,0.215053856
1,141,Y,107310488,0.21462097600000002
74,725,Y,107200888,0.214401776
1038,113,Y,107013968,0.214027936
1139,126,Y,106922128,0.21384425599999998
26,341,Y,106855496,0.21371099200000002
677,68,Y,106829376,0.213658752
356,28,Y,106574136,0.21314827199999997
92,868,Y,106522464,0.21304492800000002
509,47,Y,106400960,0.21280192
58,597,Y,106271400,0.2125428
102,946,Y,106178520,0.21235704
300,21,Y,105981592,0.211963184
63,633,Y,105971832,0.21194366400000003
127,1145,Y,105819120,0.21163824
144,2,Y,105740936,0.211481872
104,962,Y,105590088,0.211180176
21,299,Y,105434608,0.210869216
61,619,Y,105328288,0.21065657599999998
541,51,Y,105231848,0.210463696
119,1081,Y,105161184,0.21032236799999998
2,147,Y,105141536,0.21028307200000002
1062,116,Y,104784624,0.20956924799999999
531,50,Y,104729976,0.209459952
993,108,Y,104693824,0.209387648
441,39,Y,104582848,0.20916569599999998
618,61,Y,104533344,0.209066688
146,2,Y,104304520,0.20860904000000002
72,708,Y,104265992,0.208531984
640,64,Y,103799976,0.20759995199999998
121,1097,Y,103774416,0.207548832
61,617,Y,103724336,0.207448672
7,191,Y,103581816,0.207163632
33,393,Y,103530064,0.20706012799999998
76,743,Y,103506760,0.20701352
297,21,Y,103339400,0.2066788
349,27,Y,103332704,0.206665408
78,756,Y,103288552,0.20657710399999998
78,754,Y,103187296,0.206374592
1118,123,Y,103000528,0.20600105600000002
598,58,Y,102995480,0.20599096000000003
1087,119,Y,102990488,0.205980976
18,278,Y,102918296,0.205836592
444,39,Y,102891688,0.205783376
295,20,Y,102691912,0.205383824
545,52,Y,102657128,0.205314256
4,163,Y,102583776,0.20516755199999998
58,593,Y,102397624,0.20479524799999999
342,26,Y,102269864,0.20453972800000003
1042,114,Y,102243360,0.20448672
3,152,Y,102157224,0.204314448
182,6,Y,101970800,0.2039416
61,621,Y,101745896,0.203491792
14,240,Y,101657152,0.203314304
125,1131,Y,101567768,0.203135536
27,344,Y,101523624,0.203047248
117,1066,Y,101474032,0.20294806399999998
32,387,Y,101307944,0.20261588800000002
583,56,Y,101305168,0.202610336
16,263,Y,101294472,0.202588944
50,530,Y,101022328,0.202044656
731,75,Y,101001088,0.20200217599999998
41,457,Y,100912368,0.20182473599999998
1,139,Y,100891616,0.20178323199999998
1120,124,Y,100890344,0.20178068799999999
94,883,Y,100606960,0.20121392000000002
12,224,Y,100580888,0.201161776
21,303,Y,100406064,0.200812128
995,108,Y,100094976,0.20018995199999998
52,546,Y,99892152,0.199784304
467,42,Y,99723760,0.19944752
192,8,Y,99563880,0.19912776
237,13,Y,99512344,0.199024688
91,856,Y,99488968,0.198977936
2,149,Y,99475000,0.19895
446,39,Y,99118608,0.198237216
38,439,Y,98999008,0.197998016
114,1047,Y,98910728,0.197821456
103,957,Y,98856632,0.197713264
841,89,Y,98761032,0.19752206399999997
726,74,Y,98739712,0.19747942400000001
40,451,Y,98648352,0.197296704
122,1109,Y,98609928,0.197219856
59,606,Y,98410576,0.19682115200000003
980,106,Y,98326704,0.196653408
935,100,Y,98230448,0.19646089600000002
18,276,Y,98214848,0.196429696
104,964,Y,98167728,0.196335456
758,78,Y,98100696,0.196201392
1102,121,Y,98095456,0.196190912
493,45,Y,97930696,0.195861392
47,507,Y,97919176,0.195838352
901,96,Y,97737712,0.19547542399999998
1045,114,Y,97695904,0.195391808
596,58,Y,97637440,0.19527488
81,776,Y,97531816,0.195063632
366,29,Y,97394672,0.194789344
1005,109,Y,97212632,0.19442526400000001
700,71,Y,97151016,0.19430203199999999
582,56,Y,97078552,0.194157104
118,1079,Y,96997936,0.193995872
103,954,Y,96997240,0.19399448
828,87,Y,96869576,0.193739152
19,282,Y,96827936,0.193655872
350,27,Y,96783840,0.19356768
916,98,Y,96713528,0.193427056
0,129,Y,96679464,0.193358928
1041,114,Y,96564264,0.193128528
330,25,Y,96466792,0.192933584
67,668,Y,96357616,0.192715232
26,338,Y,96255600,0.19251120000000002
28,359,Y,96236504,0.192473008
114,1040,Y,96199152,0.192398304
386,32,Y,96101872,0.19220374399999998
57,589,Y,96013792,0.192027584
743,76,Y,95949376,0.19189875199999998
589,57,Y,95839456,0.191678912
1055,115,Y,95733728,0.191467456
13,233,Y,95667432,0.19133486400000002
1,137,Y,95658544,0.191317088
780,81,Y,95643104,0.191286208
126,1138,Y,95610280,0.19122055999999998
13,237,Y,95436272,0.190872544
578,56,Y,95185680,0.19037136
325,24,Y,95159472,0.190318944
272,18,Y,95087336,0.19017467200000002
952,103,Y,94877656,0.18975531199999998
666,67,Y,94804760,0.18960952
35,413,Y,94622584,0.189245168
79,761,Y,94556048,0.189112096
971,105,Y,94531840,0.18906368
98,916,Y,94219872,0.18843974400000002
298,21,Y,94095592,0.18819118399999998
236,13,Y,93945720,0.18789144
1117,123,Y,93944808,0.18788961599999998
302,21,Y,93938664,0.187877328
28,357,Y,93705200,0.1874104
769,80,Y,93484104,0.186968208
210,10,Y,93455768,0.18691153600000002
68,677,Y,93374856,0.186749712
34,403,Y,93362728,0.186725456
414,35,Y,93308760,0.18661751999999998
1012,110,Y,93289240,0.18657848
101,943,Y,93277192,0.186554384
81,778,Y,93072384,0.186144768
31,379,Y,93048168,0.186096336
1001,109,Y,93026432,0.186052864
124,1122,Y,92920744,0.185841488
98,913,Y,92564480,0.18512896
447,39,Y,92556208,0.185112416
1026,112,Y,92545400,0.1850908
57,590,Y,92459704,0.184919408
84,805,Y,92440904,0.184881808
54,564,Y,92439048,0.184878096
997,108,Y,92422944,0.184845888
1108,122,Y,92341232,0.184682464
8,196,Y,92296160,0.18459232
3,153,Y,92271080,0.18454216
27,346,Y,92262560,0.18452512000000001
424,37,Y,92086240,0.18417248
52,550,Y,92064856,0.184129712
253,15,Y,92024328,0.184048656
1132,125,Y,92017904,0.184035808
669,67,Y,91983240,0.18396648000000002
486,44,Y,91961472,0.183922944
764,79,Y,91792008,0.18358401600000002
84,803,Y,91783304,0.183566608
66,660,Y,91703296,0.183406592
120,1094,Y,91635056,0.18327011199999999
221,11,Y,91632136,0.183264272
391,32,Y,91628168,0.183256336
40,455,Y,91498864,0.182997728
331,25,Y,91489872,0.182979744
66,657,Y,91411272,0.182822544
6,182,Y,91368680,0.18273736
29,360,Y,91266928,0.182533856
49,524,Y,91224776,0.18244955200000001
83,793,Y,91156520,0.18231304
1051,115,Y,91146288,0.18229257599999998
21,302,Y,91117424,0.182234848
723,74,Y,91104696,0.182209392
34,405,Y,91031592,0.182063184
963,104,Y,91006800,0.1820136
363,29,Y,91005104,0.182010208
25,328,Y,90938872,0.18187774399999998
89,846,Y,90934584,0.181869168
823,86,Y,90802504,0.18160500799999998
955,103,Y,90761200,0.1815224
22,306,Y,90755488,0.18151097600000002
194,8,Y,90732200,0.1814644
488,45,Y,90492920,0.18098584
254,15,Y,90383776,0.180767552
11,217,Y,90361320,0.18072264
445,39,Y,90199640,0.18039928
664,67,Y,90083752,0.180167504
5,169,Y,90077960,0.18015592
186,7,Y,89914416,0.179828832
574,55,Y,89896064,0.179792128
3,159,Y,89844104,0.179688208
13,235,Y,89772144,0.179544288
99,925,Y,89721568,0.179443136
3,154,Y,89421896,0.178843792
56,578,Y,89352736,0.178705472
1066,117,Y,89165032,0.178330064
648,65,Y,89078688,0.178157376
681,69,Y,89022680,0.17804535999999999
999,108,Y,88994848,0.177989696
22,308,Y,88981200,0.1779624
57,585,Y,88965688,0.177931376
586,57,Y,88874472,0.177748944
713,73,Y,88773368,0.177546736
65,649,Y,88769848,0.177539696
226,12,Y,88742040,0.17748408
323,24,Y,88738552,0.177477104
848,90,Y,88536184,0.177072368
57,586,Y,88518800,0.1770376
702,71,Y,88467736,0.176935472
104,965,Y,88445776,0.17689155199999998
939,101,Y,88345896,0.17669179200000001
389,32,Y,88309056,0.17661811200000002
1077,118,Y,88270856,0.176541712
379,31,Y,88263672,0.176527344
17,266,Y,88256704,0.17651340799999998
97,906,Y,88236840,0.17647368000000002
1073,118,Y,88236640,0.17647328
499,46,Y,88094096,0.17618819200000002
115,1051,Y,88034264,0.176068528
988,107,Y,87963544,0.175927088
116,1061,Y,87916808,0.175833616
80,772,Y,87858632,0.175717264
1063,116,Y,87762112,0.175524224
35,411,Y,87748832,0.175497664
137,1,Y,87696768,0.175393536
651,65,Y,87524240,0.17504847999999998
1082,119,Y,87482320,0.17496464
117,1068,Y,87454464,0.17490892800000002
68,678,Y,87375984,0.174751968
87,830,Y,87308632,0.17461726400000002
642,64,Y,87291744,0.174583488
854,90,Y,87220672,0.174441344
112,1026,Y,87200824,0.174401648
172,5,Y,87162480,0.17432496
872,93,Y,87070440,0.17414088
1092,120,Y,87008168,0.174016336
6,176,Y,86673792,0.173347584
43,472,Y,86543128,0.173086256
412,35,Y,86390328,0.172780656
8,192,Y,86373280,0.17274656
105,973,Y,86311208,0.172622416
12,229,Y,86294432,0.17258886399999998
14,241,Y,86265736,0.17253147200000002
948,102,Y,86069576,0.172139152
1100,121,Y,86020824,0.172041648
95,892,Y,85869480,0.17173896
471,42,Y,85834408,0.171668816
88,834,Y,85791288,0.17158257600000001
87,828,Y,85606048,0.171212096
32,388,Y,85586504,0.171173008
95,895,Y,85542176,0.171084352
405,34,Y,85468064,0.170936128
75,728,Y,85418272,0.170836544
998,108,Y,85415536,0.170831072
310,22,Y,85404024,0.17080804800000002
639,63,Y,85377624,0.170755248
1103,121,Y,85327944,0.17065588799999998
17,267,Y,85293016,0.170586032
515,48,Y,85137824,0.170275648
979,106,Y,85109048,0.170218096
30,373,Y,85061616,0.170123232
120,1090,Y,84982344,0.169964688
232,13,Y,84963192,0.169926384
290,20,Y,84894536,0.169789072
420,36,Y,84872776,0.169745552
119,1083,Y,84829880,0.16965976
423,36,Y,84524656,0.16904931199999998
81,779,Y,84458432,0.168916864
113,1037,Y,84453168,0.16890633600000002
39,442,Y,84412888,0.168825776
6,180,Y,84404992,0.168809984
945,102,Y,84382192,0.16876438400000002
116,1062,Y,84266272,0.168532544
43,475,Y,84245720,0.16849144
69,680,Y,84240280,0.16848056
30,371,Y,84231376,0.168462752
1053,115,Y,84218032,0.168436064
28,353,Y,84213328,0.168426656
724,74,Y,84156880,0.16831375999999998
20,292,Y,84142704,0.168285408
151,2,Y,84060184,0.168120368
504,47,Y,84000576,0.168001152
627,62,Y,83999432,0.167998864
171,5,Y,83929496,0.167858992
671,67,Y,83787528,0.167575056
947,102,Y,83667152,0.167334304
125,1134,Y,83571168,0.167142336
86,821,Y,83494352,0.166988704
125,1128,Y,83479624,0.166959248
30,368,Y,83452672,0.16690534399999998
36,421,Y,83310200,0.1666204
619,61,Y,83293128,0.16658625600000002
4,161,Y,83241400,0.1664828
364,29,Y,83184712,0.166369424
127,1151,Y,83110232,0.166220464
533,50,Y,83041904,0.166083808
466,42,Y,83017248,0.166034496
795,83,Y,83013328,0.166026656
73,719,Y,82877704,0.165755408
710,72,Y,82870992,0.16574198399999998
53,557,Y,82821160,0.16564232
57,591,Y,82817288,0.165634576
48,517,Y,82759624,0.165519248
1126,124,Y,82744264,0.165488528
128,0,Y,82719792,0.165439584
86,816,Y,82663712,0.165327424
1030,112,Y,82573976,0.16514795200000001
862,91,Y,82499400,0.1649988
738,76,Y,82498544,0.164997088
10,212,Y,82481600,0.1649632
746,77,Y,82427944,0.164855888
51,540,Y,82387776,0.164775552
49,520,Y,82316456,0.164632912
55,570,Y,82305736,0.16461147199999998
33,396,Y,82254696,0.164509392
285,19,Y,82222688,0.164445376
97,904,Y,82219944,0.164439888
48,519,Y,82057136,0.164114272
82,784,Y,82022024,0.164044048
1097,121,Y,81954784,0.163909568
749,77,Y,81946464,0.16389292800000002
107,990,Y,81945680,0.16389136
613,60,Y,81921048,0.16384209600000002
46,498,Y,81894000,0.163788
31,383,Y,81868120,0.16373624
679,68,Y,81853352,0.16370670399999998
347,27,Y,81851328,0.163702656
85,809,Y,81826984,0.163653968
16,259,Y,81752488,0.163504976
65,652,Y,81742024,0.163484048
510,47,Y,81618568,0.163237136
625,62,Y,81576360,0.16315272
21,298,Y,81483200,0.1629664
1095,120,Y,81453760,0.16290752
79,762,Y,81423776,0.162847552
215,10,Y,81397512,0.162795024
14,247,Y,81370072,0.162740144
41,460,Y,81297464,0.162594928
5,175,Y,81287464,0.162574928
377,31,Y,81243048,0.162486096
282,19,Y,81237176,0.162474352
355,28,Y,81226160,0.16245231999999998
16,256,Y,81216728,0.162433456
19,285,Y,81019864,0.162039728
113,1038,Y,81006280,0.16201256
551,52,Y,80906424,0.161812848
106,976,Y,80892424,0.161784848
92,866,Y,80860048,0.16172009599999998
87,827,Y,80709864,0.16141972799999998
108,999,Y,80704360,0.16140872
928,100,Y,80697912,0.16139582400000002
801,84,Y,80644248,0.161288496
27,347,Y,80601400,0.1612028
93,873,Y,80600360,0.16120072
22,307,Y,80597968,0.16119593599999998
67,669,Y,80597416,0.161194832
17,268,Y,80548232,0.161096464
111,1023,Y,80497968,0.160995936
856,91,Y,80480600,0.1609612
751,77,Y,80459808,0.16091961600000002
345,27,Y,80361088,0.160722176
867,92,Y,80354760,0.16070952
922,99,Y,80338488,0.160676976
312,23,Y,80337832,0.160675664
4,164,Y,80284280,0.16056856
289,20,Y,80270968,0.160541936
776,81,Y,80238664,0.160477328
975,105,Y,80238192,0.160476384
500,46,Y,80209824,0.160419648
689,70,Y,80178560,0.16035712000000002
33,397,Y,80154128,0.16030825599999998
109,1003,Y,80140616,0.160281232
36,418,Y,80033656,0.160067312
827,87,Y,79984040,0.15996808
57,588,Y,79941808,0.159883616
564,54,Y,79902480,0.15980496
495,45,Y,79891048,0.159782096
105,970,Y,79859320,0.15971864
55,571,Y,79856112,0.15971222399999999
72,710,Y,79835776,0.159671552
62,626,Y,79823064,0.159646128
71,701,Y,79755816,0.159511632
1064,117,Y,79734456,0.159468912
81,777,Y,79687760,0.15937552
538,51,Y,79663744,0.159327488
21,301,Y,79597264,0.159194528
66,658,Y,79565792,0.159131584
1131,125,Y,79534344,0.15906868799999999
768,80,Y,79525568,0.159051136
852,90,Y,79509168,0.159018336
195,8,Y,79485848,0.158971696
118,1078,Y,79405888,0.158811776
1098,121,Y,79405208,0.15881041599999998
234,13,Y,79396592,0.158793184
113,1033,Y,79362624,0.15872524799999999
199,8,Y,79357200,0.1587144
113,1034,Y,79344096,0.158688192
581,56,Y,79317568,0.158635136
17,265,Y,79296224,0.158592448
779,81,Y,79243376,0.158486752
61,623,Y,79201272,0.158402544
231,12,Y,79160256,0.158320512
94,887,Y,79102856,0.158205712
1,136,Y,79046632,0.158093264
847,89,Y,79028984,0.158057968
653,65,Y,79026888,0.15805377599999998
61,616,Y,78985496,0.15797099199999998
239,13,Y,78952368,0.157904736
784,82,Y,78925224,0.157850448
0,131,Y,78852288,0.157704576
68,673,Y,78808368,0.15761673599999998
73,716,Y,78803032,0.15760606400000002
683,69,Y,78752256,0.15750451199999999
73,713,Y,78751792,0.157503584
42,471,Y,78702232,0.157404464
920,99,Y,78607992,0.157215984
56,582,Y,78453120,0.15690624
102,951,Y,78398632,0.156797264
1024,112,Y,78397000,0.15679400000000002
719,73,Y,78387000,0.156774
71,698,Y,78357192,0.15671438399999998
64,640,Y,78343232,0.156686464
643,64,Y,78332328,0.156664656
474,43,Y,78299408,0.156598816
375,30,Y,78290176,0.156580352
47,505,Y,78273872,0.156547744
273,18,Y,78204832,0.156409664
111,1017,Y,78107992,0.156215984
720,74,Y,77889240,0.15577848
459,41,Y,77865728,0.155731456
502,46,Y,77861968,0.155723936
92,871,Y,77846552,0.155693104
147,2,Y,77799984,0.155599968
882,94,Y,77711656,0.155423312
67,670,Y,77678376,0.155356752
519,48,Y,77650008,0.15530001599999999
99,920,Y,77591520,0.15518304
501,46,Y,77524648,0.155049296
1144,127,Y,77524184,0.155048368
22,305,Y,77521672,0.155043344
11,218,Y,77492056,0.154984112
1113,123,Y,77479568,0.154959136
890,95,Y,77463696,0.154927392
53,552,Y,77345928,0.154691856
897,96,Y,77342784,0.154685568
248,15,Y,77340448,0.154680896
607,59,Y,77277464,0.154554928
1015,110,Y,77256992,0.154513984
722,74,Y,77230664,0.154461328
99,927,Y,77164176,0.154328352
603,59,Y,76995048,0.153990096
119,1080,Y,76960512,0.153921024
247,14,Y,76926568,0.153853136
787,82,Y,76871896,0.153743792
65,651,Y,76862312,0.153724624
91,861,Y,76852512,0.153705024
213,10,Y,76789488,0.153578976
836,88,Y,76679328,0.15335865599999998
252,15,Y,76634688,0.15326937599999998
224,12,Y,76525256,0.153050512
16,260,Y,76496872,0.15299374400000001
26,340,Y,76487544,0.152975088
75,732,Y,76367584,0.152735168
408,35,Y,76342184,0.15268436800000001
116,1056,Y,76325448,0.152650896
120,1091,Y,76270032,0.152540064
615,60,Y,76260096,0.152520192
341,26,Y,76152872,0.152305744
981,106,Y,76127776,0.152255552
1065,117,Y,76108832,0.152217664
8,198,Y,76049040,0.15209808
108,995,Y,76021800,0.1520436
10,214,Y,76001248,0.15200249600000001
67,664,Y,75928912,0.151857824
89,845,Y,75816760,0.15163352
111,1016,Y,75816520,0.15163304
55,572,Y,75807320,0.15161464
1044,114,Y,75747672,0.151495344
116,1060,Y,75738776,0.151477552
11,223,Y,75723848,0.151447696
304,22,Y,75667784,0.151335568
580,56,Y,75639640,0.15127928000000002
62,630,Y,75626448,0.151252896
381,31,Y,75572864,0.151145728
958,103,Y,75558296,0.15111659200000002
64,646,Y,75549424,0.151098848
989,107,Y,75466584,0.150933168
88,839,Y,75435800,0.1508716
840,89,Y,75396064,0.150792128
81,782,Y,75363416,0.150726832
11,220,Y,75359688,0.150719376
454,40,Y,75326464,0.150652928
89,844,Y,75270976,0.15054195199999998
540,51,Y,75270304,0.150540608
529,50,Y,75226040,0.15045208
60,612,Y,75194752,0.150389504
851,90,Y,75163128,0.150326256
985,107,Y,75118840,0.15023767999999998
718,73,Y,75086720,0.15017344
358,28,Y,75057912,0.150115824
73,718,Y,75052840,0.15010568
271,17,Y,75044376,0.15008875200000002
307,22,Y,74997144,0.149994288
317,23,Y,74922672,0.149845344
241,14,Y,74920848,0.149841696
51,538,Y,74869704,0.14973940800000002
75,730,Y,74832208,0.149664416
123,1114,Y,74808744,0.149617488
180,6,Y,74808240,0.14961648
77,746,Y,74765112,0.149530224
88,837,Y,74702624,0.14940524800000002
320,24,Y,74675440,0.14935088
67,667,Y,74613008,0.14922601600000002
111,1019,Y,74608392,0.14921678400000002
48,518,Y,74540688,0.149081376
39,444,Y,74527672,0.14905534399999998
339,26,Y,74498856,0.148997712
1122,124,Y,74480432,0.148960864
884,94,Y,74451760,0.14890351999999998
1071,117,Y,74275216,0.14855043199999998
359,28,Y,74243888,0.148487776
127,1147,Y,74083584,0.14816716800000002
51,537,Y,74057952,0.148115904
1036,113,Y,74036416,0.148072832
2,151,Y,74020240,0.14804048
49,522,Y,74005648,0.14801129600000001
222,11,Y,73973272,0.147946544
122,1105,Y,73918800,0.1478376
235,13,Y,73916600,0.1478332
39,443,Y,73834584,0.147669168
917,98,Y,73790416,0.147580832
773,80,Y,73757240,0.14751448
880,94,Y,73703480,0.14740696
38,432,Y,73656472,0.147312944
230,12,Y,73634648,0.147269296
123,1117,Y,73523672,0.147047344
42,466,Y,73487992,0.146975984
109,1007,Y,73486784,0.146973568
108,994,Y,73481936,0.146963872
1134,125,Y,73478368,0.146956736
915,98,Y,73453928,0.146907856
605,59,Y,73446368,0.146892736
0,132,Y,73379040,0.14675808
125,1132,Y,73317464,0.146634928
103,953,Y,73265648,0.146531296
113,1039,Y,73260224,0.146520448
23,313,Y,73246664,0.146493328
63,637,Y,73246352,0.146492704
105,972,Y,73238576,0.146477152
781,81,Y,73212608,0.146425216
1076,118,Y,73206016,0.146412032
109,1001,Y,73172040,0.14634408
44,484,Y,73037928,0.146075856
42,469,Y,73020344,0.146040688
96,899,Y,72961104,0.145922208
27,350,Y,72930528,0.14586105600000002
0,133,Y,72789984,0.145579968
64,644,Y,72733264,0.14546652799999998
91,859,Y,72710240,0.14542048
562,54,Y,72582056,0.145164112
60,608,Y,72499760,0.14499952
699,71,Y,72372096,0.144744192
80,770,Y,72360904,0.144721808
196,8,Y,72355656,0.144711312
12,227,Y,72305200,0.1446104
125,1135,Y,72296048,0.144592096
1059,116,Y,72258824,0.144517648
69,686,Y,72240800,0.14448160000000002
65,654,Y,72225920,0.14445184
59,603,Y,72218560,0.14443712
133,0,Y,72198808,0.144397616
1123,124,Y,72182432,0.14436486399999998
78,753,Y,72158408,0.144316816
114,1042,Y,72137304,0.144274608
16,262,Y,72136040,0.14427208
810,85,Y,72074448,0.144148896
84,801,Y,72059208,0.144118416
873,93,Y,72055720,0.14411144
65,653,Y,71934216,0.143868432
860,91,Y,71821320,0.14364264
145,2,Y,71804488,0.143608976
56,576,Y,71784992,0.143569984
57,584,Y,71772832,0.143545664
23,318,Y,71756752,0.143513504
14,242,Y,71752616,0.143505232
9,200,Y,71675072,0.14335014399999998
968,105,Y,71659952,0.143319904
90,855,Y,71610832,0.143221664
26,336,Y,71602720,0.14320544
38,437,Y,71583384,0.143166768
23,315,Y,71575200,0.14315039999999998
894,95,Y,71448952,0.142897904
280,19,Y,71448400,0.14289680000000002
219,11,Y,71411544,0.142823088
94,885,Y,71392968,0.142785936
99,922,Y,71371768,0.142743536
91,857,Y,71337720,0.14267544000000001
105,974,Y,71324440,0.14264887999999998
67,666,Y,71295688,0.142591376
332,25,Y,71289160,0.14257832
102,949,Y,71287464,0.142574928
575,55,Y,71282680,0.14256536
1043,114,Y,71254760,0.14250952
15,253,Y,71249448,0.14249889599999999
84,807,Y,71194008,0.142388016
824,87,Y,71120784,0.14224156799999998
75,731,Y,71091200,0.1421824
85,815,Y,71012416,0.14202483200000002
1034,113,Y,70982448,0.141964896
25,332,Y,70921968,0.141843936
380,31,Y,70844040,0.14168808
53,556,Y,70837440,0.14167488
66,659,Y,70832032,0.141664064
370,30,Y,70818112,0.14163622399999998
37,429,Y,70806808,0.141613616
8,199,Y,70749544,0.141499088
34,400,Y,70687800,0.1413756
78,755,Y,70604328,0.14120865600000002
876,93,Y,70603488,0.14120697599999998
106,980,Y,70602904,0.141205808
60,615,Y,70550096,0.141100192
84,806,Y,70541056,0.141082112
831,87,Y,70524376,0.141048752
119,1085,Y,70514848,0.141029696
211,10,Y,70487936,0.140975872
53,559,Y,70475368,0.140950736
75,733,Y,70474248,0.140948496
825,87,Y,70409904,0.140819808
120,1088,Y,70383160,0.14076632
115,1050,Y,70366568,0.140733136
654,65,Y,70356432,0.140712864
117,1069,Y,70316616,0.140633232
98,912,Y,70305248,0.140610496
96,900,Y,70294480,0.14058896
436,38,Y,70240416,0.140480832
288,20,Y,70208160,0.14041632
77,747,Y,70204072,0.14040814399999998
15,251,Y,70063096,0.140126192
555,53,Y,70038000,0.140076
59,605,Y,69990912,0.139981824
1107,122,Y,69975096,0.139950192
372,30,Y,69967400,0.1399348
68,675,Y,69966632,0.139933264
88,838,Y,69917960,0.13983592
41,459,Y,69865912,0.139731824
81,781,Y,69863120,0.13972624
871,92,Y,69835984,0.13967196799999998
251,15,Y,69822320,0.13964464
134,0,Y,69820952,0.13964190399999998
83,794,Y,69809496,0.139618992
30,375,Y,69801088,0.139602176
924,99,Y,69744024,0.139488048
90,852,Y,69732680,0.13946536
351,27,Y,69714144,0.13942828799999998
438,38,Y,69662400,0.1393248
9,202,Y,69598016,0.139196032
101,936,Y,69584328,0.139168656
54,562,Y,69574632,0.139149264
425,37,Y,69564528,0.139129056
60,611,Y,69562432,0.139124864
709,72,Y,69548688,0.139097376
20,294,Y,69495400,0.1389908
266,17,Y,69450552,0.138901104
107,984,Y,69436128,0.138872256
118,1073,Y,69411248,0.13882249600000002
159,3,Y,69406920,0.13881384
1079,118,Y,69401984,0.138803968
59,607,Y,69400024,0.13880004799999998
1031,112,Y,69332656,0.138665312
119,1084,Y,69280392,0.138560784
15,252,Y,69267216,0.13853443199999999
53,553,Y,69166304,0.138332608
9,204,Y,69163512,0.138327024
45,493,Y,69151512,0.138303024
122,1111,Y,69116136,0.138232272
903,96,Y,69115336,0.138230672
31,380,Y,69114544,0.138229088
1016,111,Y,69110736,0.138221472
31,381,Y,69092448,0.138184896
121,1096,Y,69084440,0.13816888
734,75,Y,69074424,0.138148848
9,205,Y,69058280,0.13811656
399,33,Y,69006376,0.138012752
47,508,Y,68993736,0.137987472
977,106,Y,68915952,0.137831904
1084,119,Y,68877184,0.13775436800000002
7,186,Y,68862360,0.13772472
1019,111,Y,68828824,0.137657648
52,545,Y,68824048,0.137648096
42,468,Y,68813256,0.137626512
100,933,Y,68810416,0.137620832
38,438,Y,68783272,0.137566544
1032,113,Y,68698752,0.137397504
218,11,Y,68677976,0.137355952
55,573,Y,68672384,0.137344768
25,329,Y,68649952,0.137299904
50,531,Y,68590912,0.137181824
954,103,Y,68585544,0.137171088
257,16,Y,68583408,0.137166816
129,0,Y,68553960,0.13710792
88,833,Y,68538000,0.137076
204,9,Y,68534144,0.137068288
532,50,Y,68462824,0.13692564799999998
112,1025,Y,68449784,0.136899568
938,101,Y,68446528,0.13689305599999999
177,6,Y,68423568,0.136847136
8,197,Y,68413168,0.136826336
102,948,Y,68330176,0.13666035199999998
976,106,Y,68327672,0.13665534399999998
16,257,Y,68270480,0.13654096
427,37,Y,68230472,0.136460944
996,108,Y,68226920,0.13645384
113,1035,Y,68185296,0.136370592
112,1031,Y,68159232,0.136318464
503,46,Y,68126920,0.13625384000000001
11,219,Y,68110320,0.13622064
435,38,Y,68092816,0.136185632
905,97,Y,68021976,0.136043952
610,60,Y,67967672,0.13593534399999999
978,106,Y,67949544,0.135899088
443,39,Y,67948872,0.135897744
1,142,Y,67894944,0.135789888
1008,110,Y,67891680,0.13578336
626,62,Y,67875888,0.135751776
63,635,Y,67860544,0.135721088
184,7,Y,67857072,0.135714144
558,53,Y,67853736,0.135707472
20,293,Y,67853720,0.13570743999999998
29,362,Y,67852248,0.135704496
101,937,Y,67842408,0.13568481599999999
106,983,Y,67838264,0.135676528
1018,111,Y,67800152,0.135600304
422,36,Y,67799480,0.13559896
22,311,Y,67789744,0.135579488
13,234,Y,67776616,0.135553232
665,67,Y,67770872,0.135541744
972,105,Y,67739512,0.135479024
641,64,Y,67730864,0.135461728
35,412,Y,67659024,0.135318048
125,1129,Y,67608080,0.13521616
367,29,Y,67585264,0.135170528
419,36,Y,67535432,0.135070864
64,642,Y,67517512,0.135035024
123,1115,Y,67467848,0.134935696
808,85,Y,67417840,0.13483568
796,83,Y,67397240,0.13479448
1130,125,Y,67371568,0.13474313599999999
7,189,Y,67283096,0.134566192
817,86,Y,67278680,0.13455736000000001
71,697,Y,67180600,0.13436120000000001
839,88,Y,67163744,0.134327488
577,56,Y,67162496,0.134324992
105,969,Y,67149168,0.134298336
198,8,Y,67109680,0.13421936
390,32,Y,67050616,0.134101232
3,156,Y,67044288,0.134088576
122,1108,Y,66981000,0.133962
524,49,Y,66901616,0.13380323200000002
1027,112,Y,66892800,0.13378559999999998
680,69,Y,66873152,0.13374630399999998
771,80,Y,66851688,0.133703376
620,61,Y,66846328,0.133692656
553,53,Y,66839440,0.13367888
62,629,Y,66837856,0.133675712
33,395,Y,66762672,0.133525344
568,55,Y,66762128,0.133524256
439,38,Y,66757936,0.133515872
14,246,Y,66740248,0.133480496
505,47,Y,66736040,0.13347208
690,70,Y,66681888,0.133363776
85,812,Y,66679760,0.13335952
560,54,Y,66667888,0.13333577600000002
51,542,Y,66609016,0.13321803200000001
1145,127,Y,66586864,0.133173728
44,485,Y,66549192,0.13309838400000001
60,609,Y,66520800,0.1330416
376,31,Y,66447560,0.13289512
1109,122,Y,66430784,0.132861568
32,390,Y,66403944,0.132807888
5,174,Y,66400384,0.132800768
1003,109,Y,66377472,0.13275494399999999
100,934,Y,66316952,0.132633904
1121,124,Y,66312216,0.13262443200000001
925,99,Y,66291184,0.132582368
108,996,Y,66268152,0.132536304
94,886,Y,66234968,0.132469936
572,55,Y,66212864,0.13242572800000002
678,68,Y,66151320,0.13230264
121,1101,Y,66149208,0.132298416
120,1095,Y,66131608,0.13226321600000002
324,24,Y,66096960,0.13219392
970,105,Y,66018616,0.132037232
255,15,Y,66011368,0.132022736
374,30,Y,65945504,0.131891008
907,97,Y,65916936,0.131833872
2,145,Y,65878200,0.1317564
686,69,Y,65791592,0.13158318400000002
66,662,Y,65790840,0.13158168
584,57,Y,65770376,0.131540752
58,598,Y,65693520,0.13138704
1035,113,Y,65620480,0.13124096000000002
512,48,Y,65617624,0.131235248
866,92,Y,65569704,0.13113940799999999
1133,125,Y,65547816,0.13109563200000002
496,46,Y,65530072,0.131060144
3,157,Y,65528200,0.1310564
774,80,Y,65521784,0.131043568
1090,120,Y,65496792,0.130993584
1081,119,Y,65482288,0.130964576
360,29,Y,65448232,0.130896464
155,3,Y,65436512,0.130873024
644,64,Y,65404440,0.13080888000000002
106,982,Y,65362376,0.130724752
353,28,Y,65314408,0.130628816
124,1123,Y,65313872,0.130627744
92,869,Y,65190664,0.130381328
487,44,Y,65183736,0.130367472
43,473,Y,65175920,0.13035184
94,881,Y,65136616,0.13027323200000002
200,9,Y,65101680,0.13020336
18,275,Y,65100496,0.13020099200000002
1091,120,Y,65092424,0.130184848
72,709,Y,65086928,0.130173856
338,26,Y,65066688,0.130133376
661,66,Y,65054920,0.13010984
91,862,Y,65041976,0.130083952
66,661,Y,65034248,0.130068496
100,928,Y,65031856,0.130063712
123,1113,Y,65003040,0.13000608
90,848,Y,64990032,0.129980064
242,14,Y,64895392,0.129790784
24,326,Y,64807544,0.129615088
930,100,Y,64749904,0.129499808
100,935,Y,64724192,0.129448384
38,435,Y,64717840,0.12943568
74,721,Y,64681848,0.129363696
385,32,Y,64665072,0.12933014399999998
883,94,Y,64664856,0.129329712
293,20,Y,64655336,0.129310672
100,932,Y,64614064,0.129228128
875,93,Y,64537272,0.129074544
891,95,Y,64528512,0.129057024
93,872,Y,64517560,0.12903512
3,158,Y,64511920,0.12902384
79,760,Y,64456888,0.128913776
5,170,Y,64451672,0.128903344
183,6,Y,64444896,0.128889792
480,44,Y,64344600,0.1286892
650,65,Y,64342128,0.128684256
816,86,Y,64334240,0.12866848
23,319,Y,64330008,0.128660016
33,398,Y,64328376,0.128656752
85,814,Y,64320352,0.12864070400000002
123,1118,Y,64313688,0.12862737600000002
74,726,Y,64260336,0.128520672
89,841,Y,64260288,0.128520576
691,70,Y,64195832,0.128391664
812,85,Y,64146752,0.128293504
431,37,Y,64086792,0.128173584
7,185,Y,64018456,0.128036912
1124,124,Y,63975184,0.127950368
152,3,Y,63955424,0.127910848
15,249,Y,63953256,0.127906512
573,55,Y,63901248,0.12780249600000002
93,879,Y,63886904,0.127773808
21,296,Y,63868232,0.127736464
877,93,Y,63865288,0.127730576
716,73,Y,63861768,0.127723536
116,1058,Y,63830400,0.1276608
791,82,Y,63826560,0.12765312
8,194,Y,63753504,0.127507008
35,414,Y,63747728,0.127495456
173,5,Y,63729064,0.127458128
798,83,Y,63707624,0.127415248
100,930,Y,63667096,0.12733419199999998
809,85,Y,63637520,0.12727504
66,656,Y,63617096,0.127234192
411,35,Y,63601032,0.127202064
157,3,Y,63593072,0.127186144
40,450,Y,63575816,0.127151632
777,81,Y,63559736,0.12711947199999998
834,88,Y,63538440,0.12707688
50,532,Y,63423376,0.126846752
1052,115,Y,63407248,0.126814496
267,17,Y,63405928,0.126811856
737,76,Y,63382632,0.126765264
750,77,Y,63347848,0.126695696
61,620,Y,63337024,0.12667404799999998
701,71,Y,63323080,0.12664616
121,1102,Y,63310488,0.126620976
590,57,Y,63306344,0.126612688
826,87,Y,63304576,0.126609152
753,78,Y,63204264,0.126408528
24,324,Y,63191624,0.126383248
37,427,Y,63157408,0.126314816
668,67,Y,63144992,0.126289984
96,902,Y,63140624,0.12628124799999998
126,1141,Y,63104544,0.126209088
566,54,Y,63099176,0.126198352
90,849,Y,63082960,0.12616592
813,85,Y,63041080,0.12608216
1115,123,Y,63002280,0.12600456
28,356,Y,62993104,0.125986208
54,566,Y,62989224,0.125978448
913,98,Y,62978000,0.125956
84,802,Y,62959368,0.125918736
43,477,Y,62929352,0.12585870400000002
45,495,Y,62905264,0.125810528
42,470,Y,62849632,0.125699264
1010,110,Y,62834720,0.12566944
752,78,Y,62834368,0.125668736
27,351,Y,62791144,0.125582288
932,100,Y,62782176,0.125564352
437,38,Y,62780600,0.12556119999999998
855,90,Y,62696848,0.125393696
86,823,Y,62677960,0.12535592
119,1086,Y,62665464,0.125330928
61,622,Y,62662072,0.125324144
66,663,Y,62548552,0.12509710400000001
1112,123,Y,62529040,0.12505808000000002
335,25,Y,62522488,0.125044976
90,851,Y,62500656,0.125001312
352,28,Y,62486208,0.124972416
86,820,Y,62482296,0.124964592
1067,117,Y,62481416,0.12496283200000001
95,889,Y,62464856,0.12492971200000001
520,49,Y,62399072,0.124798144
268,17,Y,62352880,0.12470576
600,59,Y,62295576,0.124591152
944,102,Y,62294040,0.12458808
110,1009,Y,62267400,0.1245348
91,863,Y,62191248,0.124382496
33,399,Y,62099872,0.12419974400000001
90,854,Y,62091272,0.12418254399999999
109,1006,Y,62088288,0.124176576
99,921,Y,61911320,0.12382264
25,334,Y,61861096,0.123722192
41,458,Y,61840152,0.12368030399999999
1023,111,Y,61831136,0.123662272
136,1,Y,61801104,0.12360220799999999
46,496,Y,61766448,0.123532896
44,482,Y,61763352,0.123526704
741,76,Y,61761280,0.12352255999999999
156,3,Y,61752856,0.123505712
119,1082,Y,61740392,0.123480784
329,25,Y,61691600,0.1233832
42,464,Y,61606048,0.12321209600000001
39,445,Y,61591536,0.123183072
1094,120,Y,61562272,0.12312454399999999
249,15,Y,61556560,0.12311311999999999
832,88,Y,61538712,0.12307742399999999
270,17,Y,61532176,0.12306435200000002
110,1012,Y,61516480,0.12303296000000001
1069,117,Y,61515632,0.123031264
614,60,Y,61495928,0.122991856
72,706,Y,61451944,0.12290388799999999
23,317,Y,61414616,0.122829232
121,1100,Y,61395896,0.12279179200000001
24,325,Y,61357424,0.122714848
90,850,Y,61344248,0.122688496
830,87,Y,61327344,0.122654688
46,503,Y,61296608,0.12259321599999999
707,72,Y,61269624,0.122539248
10,215,Y,61211728,0.122423456
530,50,Y,61174384,0.122348768
112,1029,Y,61149224,0.12229844799999999
44,481,Y,61141520,0.12228304
714,73,Y,61140272,0.12228054399999999
630,62,Y,61068864,0.122137728
108,993,Y,60973488,0.121946976
93,875,Y,60961824,0.12192364800000001
69,681,Y,60933232,0.121866464
378,31,Y,60926152,0.12185230400000001
122,1110,Y,60888704,0.12177740799999999
98,917,Y,60833408,0.121666816
72,704,Y,60824544,0.12164908799999999
694,70,Y,60793336,0.121586672
1099,121,Y,60702808,0.12140561600000001
104,960,Y,60681816,0.121363632
81,783,Y,60604072,0.121208144
90,853,Y,60592624,0.12118524800000001
258,16,Y,60555320,0.12111063999999999
735,75,Y,60552800,0.12110560000000001
927,99,Y,60544152,0.121088304
46,502,Y,60533912,0.121067824
77,745,Y,60491440,0.12098288000000001
106,977,Y,60443504,0.120887008
89,842,Y,60431232,0.120862464
895,95,Y,60389288,0.12077857600000001
97,908,Y,60351304,0.120702608
711,72,Y,60343568,0.120687136
50,528,Y,60285824,0.12057164799999999
111,1021,Y,60277792,0.120555584
33,394,Y,60276184,0.120552368
1149,127,Y,60274856,0.120549712
95,888,Y,60256288,0.12051257600000001
7,188,Y,60243320,0.12048664
127,1148,Y,60196752,0.120393504
64,647,Y,60194768,0.120389536
693,70,Y,60157216,0.120314432
705,72,Y,60145920,0.12029184
892,95,Y,60130600,0.1202612
1033,113,Y,60122792,0.12024558399999999
70,693,Y,60122104,0.120244208
127,1149,Y,60097176,0.12019435199999999
89,847,Y,60074392,0.120148784
628,62,Y,59994000,0.119988
284,19,Y,59988568,0.119977136
5,172,Y,59959016,0.11991803200000001
121,1098,Y,59948888,0.119897776
112,1027,Y,59942080,0.11988415999999999
473,43,Y,59923720,0.11984744000000001
964,104,Y,59880504,0.11976100800000002
1046,114,Y,59848008,0.119696016
120,1092,Y,59802584,0.119605168
1138,126,Y,59770920,0.11954184000000001
604,59,Y,59746096,0.11949219200000001
475,43,Y,59739240,0.11947848
130,0,Y,59683504,0.11936700800000001
888,95,Y,59646568,0.11929313600000001
62,628,Y,59636656,0.119273312
409,35,Y,59625184,0.119250368
846,89,Y,59581160,0.11916232
114,1045,Y,59508256,0.11901651199999999
303,21,Y,59479144,0.118958288
98,914,Y,59473648,0.11894729600000001
80,769,Y,59470816,0.118941632
833,88,Y,59460088,0.118920176
107,988,Y,59392320,0.11878464
74,724,Y,59375384,0.118750768
991,107,Y,59354584,0.118709168
608,60,Y,59336976,0.11867395199999999
759,78,Y,59321168,0.11864233599999999
1078,118,Y,59177400,0.1183548
106,978,Y,59166944,0.11833388800000001
117,1070,Y,59140408,0.11828081600000001
10,209,Y,59137944,0.11827588800000001
559,53,Y,59115408,0.118230816
88,835,Y,59077688,0.11815537599999999
413,35,Y,59073912,0.118147824
27,348,Y,59069248,0.118138496
189,7,Y,59060880,0.11812176
97,905,Y,59060504,0.118121008
49,525,Y,59057288,0.118114576
203,9,Y,59038008,0.11807601599999999
450,40,Y,59033896,0.118067792
682,69,Y,58998504,0.11799700799999999
83,795,Y,58958576,0.117917152
124,1126,Y,58934336,0.117868672
15,250,Y,58906640,0.11781327999999999
44,487,Y,58894304,0.117788608
207,9,Y,58894056,0.117788112
17,271,Y,58887624,0.117775248
662,66,Y,58820712,0.11764142400000001
83,798,Y,58814840,0.11762967999999999
166,4,Y,58771800,0.1175436
48,514,Y,58759752,0.117519504
24,321,Y,58664648,0.11732929599999999
802,84,Y,58603512,0.117207024
647,64,Y,58584168,0.11716833600000001
85,808,Y,58584080,0.11716816
287,19,Y,58553536,0.11710707199999999
274,18,Y,58493216,0.116986432
115,1049,Y,58472896,0.116945792
20,291,Y,58461400,0.11692280000000001
59,602,Y,58418280,0.11683655999999999
53,558,Y,58369360,0.11673872
548,52,Y,58366456,0.11673291200000001
98,918,Y,58359568,0.116719136
126,1137,Y,58342472,0.116684944
45,490,Y,58342280,0.11668455999999999
557,53,Y,58313608,0.11662721599999999
2,144,Y,58294200,0.11658840000000001
483,44,Y,58290000,0.11658
859,91,Y,58267888,0.116535776
929,100,Y,58240944,0.11648188799999999
844,89,Y,58230864,0.11646172799999999
593,58,Y,58218904,0.116437808
15,248,Y,58217488,0.11643497600000001
829,87,Y,58117120,0.11623423999999999
23,314,Y,58085200,0.1161704
569,55,Y,58076944,0.11615388800000001
83,799,Y,58048016,0.116096032
127,1150,Y,58039296,0.116078592
527,49,Y,58026920,0.11605383999999999
602,59,Y,58021128,0.11604225600000001
23,312,Y,57973160,0.11594631999999999
609,60,Y,57949960,0.11589992
77,748,Y,57947080,0.11589416
54,560,Y,57912488,0.11582497600000001
122,1106,Y,57910568,0.115821136
789,82,Y,57864176,0.11572835199999999
775,80,Y,57861744,0.115723488
85,810,Y,57736832,0.115473664
1151,127,Y,57731040,0.11546208
84,800,Y,57623584,0.11524716800000001
1086,119,Y,57595992,0.11519198400000001
117,1064,Y,57540064,0.115080128
86,817,Y,57536128,0.115072256
554,53,Y,57532904,0.115065808
42,467,Y,57529536,0.11505907200000001
67,671,Y,57514304,0.115028608
24,320,Y,57498664,0.11499732800000001
238,13,Y,57479936,0.114959872
4,166,Y,57452256,0.114904512
269,17,Y,57449632,0.114899264
565,54,Y,57388624,0.11477724800000001
314,23,Y,57277016,0.114554032
313,23,Y,57257160,0.11451432
185,7,Y,57249240,0.11449848
456,41,Y,57242920,0.11448584
1058,116,Y,57219104,0.11443820799999999
76,737,Y,57206352,0.114412704
539,51,Y,57187952,0.11437590399999999
404,34,Y,57030448,0.11406089600000001
124,1120,Y,57026432,0.114052864
113,1032,Y,56987408,0.11397481599999999
858,91,Y,56984408,0.113968816
736,76,Y,56958136,0.113916272
1083,119,Y,56940712,0.11388142400000001
400,34,Y,56922856,0.113845712
45,488,Y,56919848,0.11383969599999999
26,337,Y,56854776,0.11370955199999999
139,1,Y,56836392,0.113672784
739,76,Y,56759200,0.1135184
296,21,Y,56748464,0.113496928
838,88,Y,56747048,0.11349409599999999
561,54,Y,56734824,0.11346964799999999
78,752,Y,56733288,0.113466576
140,1,Y,56709016,0.113418032
1,140,Y,56686544,0.11337308800000001
382,31,Y,56674584,0.113349168
1127,124,Y,56590768,0.11318153600000001
208,10,Y,56590624,0.11318124800000001
762,79,Y,56499544,0.112999088
898,96,Y,56470616,0.112941232
149,2,Y,56456376,0.112912752
47,510,Y,56415752,0.112831504
55,569,Y,56406296,0.112812592
71,696,Y,56384184,0.11276836800000001
188,7,Y,56380376,0.11276075199999999
943,101,Y,56323848,0.112647696
967,104,Y,56309480,0.11261896
923,99,Y,56304832,0.11260966400000001
511,47,Y,56301376,0.112602752
60,614,Y,56298480,0.11259696000000001
0,130,Y,56242688,0.11248537600000001
111,1020,Y,56241688,0.112483376
336,26,Y,56239472,0.112478944
62,624,Y,56239248,0.11247849600000001
946,102,Y,56207160,0.11241432
102,947,Y,56168376,0.112336752
1022,111,Y,56162632,0.112325264
853,90,Y,56114168,0.112228336
69,684,Y,56055560,0.11211112
79,763,Y,56035200,0.11207039999999999
966,104,Y,56020792,0.112041584
567,54,Y,56018536,0.112037072
953,103,Y,56003664,0.112007328
704,72,Y,56000200,0.1120004
633,63,Y,55956064,0.111912128
9,203,Y,55956048,0.111912096
315,23,Y,55929424,0.11185884800000001
984,107,Y,55923464,0.111846928
765,79,Y,55905808,0.111811616
24,323,Y,55872112,0.111744224
52,547,Y,55855416,0.111710832
1039,113,Y,55805888,0.111611776
39,446,Y,55801184,0.111602368
47,511,Y,55760344,0.111520688
104,961,Y,55749136,0.111498272
102,950,Y,55731800,0.1114636
794,83,Y,55724656,0.111449312
19,286,Y,55716704,0.111433408
514,48,Y,55711304,0.11142260799999999
61,618,Y,55709888,0.111419776
635,63,Y,55682664,0.111365328
27,345,Y,55656928,0.111313856
695,70,Y,55655648,0.11131129599999999
908,97,Y,55615264,0.11123052800000001
742,76,Y,55607408,0.11121481600000001
1057,116,Y,55600808,0.111201616
67,665,Y,55597408,0.111194816
64,645,Y,55543760,0.11108752
388,32,Y,55533512,0.11106702399999999
25,335,Y,55505544,0.11101108800000001
70,689,Y,55500808,0.111001616
116,1059,Y,55490376,0.110980752
107,991,Y,55459016,0.110918032
75,735,Y,55423608,0.11084721599999998
88,832,Y,55401488,0.110802976
1056,116,Y,55378976,0.11075795199999999
900,96,Y,55357608,0.11071521599999999
162,4,Y,55321912,0.110643824
43,478,Y,55306744,0.11061348800000001
79,765,Y,55277440,0.11055488000000001
911,97,Y,55263608,0.110527216
396,33,Y,55253512,0.110507024
82,787,Y,55226200,0.11045239999999999
617,61,Y,55146672,0.11029334399999999
94,880,Y,55093568,0.110187136
30,372,Y,55075688,0.110151376
616,61,Y,55070424,0.110140848
549,52,Y,55045736,0.11009147200000001
42,465,Y,55031296,0.110062592
76,742,Y,55024552,0.110049104
697,71,Y,54913960,0.10982792000000001
14,243,Y,54905832,0.10981166399999999
34,407,Y,54892688,0.109785376
80,768,Y,54892352,0.109784704
41,462,Y,54874024,0.10974804800000001
44,486,Y,54851512,0.10970302400000001
1,143,Y,54849512,0.109699024
124,1125,Y,54838680,0.10967736000000002
3,155,Y,54837032,0.109674064
1105,122,Y,54822672,0.109645344
10,208,Y,54763832,0.10952766400000001
965,104,Y,54763544,0.109527088
125,1130,Y,54753624,0.10950724799999999
91,858,Y,54718928,0.109437856
115,1054,Y,54697416,0.109394832
158,3,Y,54688448,0.109376896
1080,119,Y,54662640,0.10932528
55,574,Y,54612656,0.109225312
29,363,Y,54589424,0.10917884800000001
13,239,Y,54586712,0.10917342399999999
107,987,Y,54560144,0.10912028800000001
163,4,Y,54468248,0.10893649600000001
1006,109,Y,54445720,0.10889144
994,108,Y,54425896,0.108851792
10,210,Y,54425784,0.10885156800000001
277,18,Y,54423960,0.10884791999999999
55,575,Y,54419576,0.10883915200000001
250,15,Y,54408784,0.10881756799999999
861,91,Y,54367816,0.10873563200000001
94,882,Y,54356752,0.108713504
70,695,Y,54346128,0.10869225600000001
1049,115,Y,54312024,0.108624048
105,968,Y,54299944,0.108599888
81,780,Y,54289120,0.10857823999999999
1060,116,Y,54286664,0.108573328
74,722,Y,54255952,0.10851190399999999
334,25,Y,54234520,0.10846904
112,1024,Y,54228560,0.10845711999999999
717,73,Y,54209280,0.10841856000000001
949,102,Y,54178696,0.108357392
1047,114,Y,54143688,0.108287376
37,431,Y,54134432,0.108268864
670,67,Y,54124216,0.10824843199999999
49,526,Y,54084504,0.10816900800000001
728,75,Y,54080576,0.108161152
97,907,Y,54066512,0.10813302400000001
1028,112,Y,54063320,0.10812664
214,10,Y,54059720,0.10811944000000001
107,985,Y,54043872,0.108087744
187,7,Y,53995712,0.107991424
127,1144,Y,53987128,0.107974256
64,643,Y,53952280,0.10790456000000001
73,714,Y,53947136,0.107894272
4,162,Y,53883416,0.10776683199999999
659,66,Y,53881632,0.10776326400000001
97,911,Y,53806272,0.107612544
2,148,Y,53792560,0.10758511999999999
12,231,Y,53784648,0.107569296
65,650,Y,53730856,0.10746171200000001
35,415,Y,53723432,0.10744686399999999
0,135,Y,53707040,0.10741408
76,738,Y,53696160,0.10739231999999999
178,6,Y,53663456,0.107326912
99,924,Y,53647384,0.107294768
82,788,Y,53621008,0.107242016
800,84,Y,53594424,0.107188848
40,454,Y,53572264,0.107144528
36,419,Y,53498696,0.106997392
55,568,Y,53481840,0.10696367999999999
990,107,Y,53469616,0.106939232
38,433,Y,53438000,0.106876
508,47,Y,53397224,0.106794448
485,44,Y,53386880,0.10677376
39,447,Y,53353296,0.106706592
727,74,Y,53349280,0.10669856000000001
729,75,Y,53280224,0.106560448
842,89,Y,53266280,0.10653256
101,941,Y,53191944,0.10638388800000001
105,975,Y,53173792,0.10634758400000001
606,59,Y,53173432,0.106346864
328,25,Y,53153680,0.10630736
506,47,Y,53123024,0.106246048
318,23,Y,53120440,0.10624088
941,101,Y,53099848,0.106199696
77,751,Y,53088456,0.10617691199999998
121,1099,Y,53076760,0.10615352
179,6,Y,53076624,0.106153248
1048,115,Y,53044680,0.10608936000000001
115,1053,Y,53023520,0.10604704
82,790,Y,53023088,0.10604617599999999
793,83,Y,52973464,0.105946928
316,23,Y,52932536,0.10586507199999999
45,494,Y,52913448,0.105826896
936,101,Y,52794256,0.10558851200000001
99,923,Y,52793984,0.10558796799999999
1040,114,Y,52783232,0.105566464
278,18,Y,52773480,0.10554696000000001
1017,111,Y,52745224,0.105490448
50,535,Y,52744408,0.105488816
646,64,Y,52710744,0.10542148800000001
76,741,Y,52704320,0.10540864
1137,126,Y,52696368,0.10539273599999999
1150,127,Y,52695696,0.10539139200000001
476,43,Y,52681296,0.105362592
637,63,Y,52645936,0.10529187200000001
1004,109,Y,52645280,0.10529056
38,436,Y,52607696,0.10521539199999999
15,255,Y,52570416,0.105140832
191,7,Y,52546552,0.105093104
868,92,Y,52533144,0.105066288
18,279,Y,52480184,0.104960368
63,638,Y,52468000,0.104936
160,4,Y,52430048,0.10486009600000001
118,1074,Y,52396136,0.10479227199999999
311,22,Y,52382352,0.10476470399999999
1129,125,Y,52306992,0.10461398400000001
85,811,Y,52139504,0.10427900799999999
649,65,Y,52134312,0.104268624
305,22,Y,52097104,0.104194208
92,867,Y,52086848,0.104173696
13,238,Y,52038304,0.10407660799999999
117,1067,Y,52022232,0.104044464
243,14,Y,51959496,0.103918992
37,428,Y,51959080,0.10391816
470,42,Y,51916480,0.10383295999999999
552,53,Y,51913248,0.10382649599999999
384,32,Y,51901976,0.103803952
902,96,Y,51841848,0.103683696
1128,125,Y,51839712,0.103679424
114,1044,Y,51780032,0.10356006400000001
369,30,Y,51757712,0.10351542400000001
498,46,Y,51753808,0.103507616
1085,119,Y,51733936,0.103467872
961,104,Y,51685304,0.103370608
126,1139,Y,51681024,0.10336204800000001
931,100,Y,51674464,0.103348928
292,20,Y,51616424,0.10323284799999999
449,40,Y,51570352,0.10314070400000001
256,16,Y,51515192,0.10303038400000002
2,150,Y,51500752,0.10300150400000001
657,66,Y,51490248,0.10298049599999999
125,1133,Y,51483288,0.10296657599999999
56,577,Y,51474536,0.102949072
113,1036,Y,51456408,0.102912816
51,539,Y,51425536,0.102851072
110,1008,Y,51385904,0.102771808
98,915,Y,51338448,0.102676896
108,998,Y,51332144,0.102664288
526,49,Y,51329056,0.10265811200000001
212,10,Y,51315560,0.10263112
934,100,Y,51296000,0.102592
899,96,Y,51292536,0.102585072
43,474,Y,51245840,0.10249167999999999
783,81,Y,51225960,0.10245192
392,33,Y,51181496,0.10236299200000001
76,736,Y,51153912,0.102307824
58,596,Y,51130488,0.102260976
47,504,Y,51121376,0.102242752
957,103,Y,51108112,0.102216224
1135,125,Y,51063864,0.10212772800000001
18,274,Y,51063064,0.10212612800000001
70,692,Y,51056920,0.10211384
54,567,Y,51048752,0.10209750399999999
279,18,Y,51025704,0.10205140800000001
1050,115,Y,51001504,0.102003008
41,456,Y,50934096,0.101868192
563,54,Y,50913192,0.101826384
22,304,Y,50893728,0.101787456
50,533,Y,50892928,0.10178585600000001
507,47,Y,50872664,0.101745328
429,37,Y,50840144,0.101680288
135,0,Y,50830944,0.10166188799999999
337,26,Y,50774528,0.10154905599999998
41,463,Y,50690480,0.10138096
6,183,Y,50682856,0.101365712
937,101,Y,50642456,0.101284912
35,409,Y,50625720,0.10125144000000001
54,563,Y,50595472,0.101190944
69,685,Y,50583408,0.101166816
478,43,Y,50576728,0.101153456
65,648,Y,50569872,0.101139744
31,376,Y,50522008,0.101044016
49,527,Y,50496152,0.100992304
58,594,Y,50457384,0.100914768
684,69,Y,50438104,0.100876208
806,84,Y,50430672,0.10086134399999999
78,758,Y,50385088,0.10077017599999999
481,44,Y,50376264,0.100752528
588,57,Y,50357544,0.10071508800000001
96,898,Y,50336456,0.100672912
93,874,Y,50331960,0.10066392
543,51,Y,50304960,0.10060991999999999
35,408,Y,50298848,0.10059769600000001
124,1124,Y,50265208,0.10053041600000001
368,30,Y,50248184,0.100496368
10,213,Y,50146480,0.10029296
19,281,Y,50139208,0.10027841600000001
959,103,Y,50120976,0.100241952
513,48,Y,50018848,0.100037696
395,33,Y,49965056,0.09993011199999999
517,48,Y,49934448,0.099868896
33,392,Y,49911944,0.099823888
687,69,Y,49893272,0.099786544
110,1011,Y,49885960,0.09977192
468,42,Y,49862272,0.09972454400000001
491,45,Y,49837096,0.099674192
34,404,Y,49834696,0.099669392
115,1048,Y,49828048,0.09965609599999999
104,966,Y,49774080,0.09954816000000001
611,60,Y,49706912,0.099413824
51,536,Y,49668224,0.09933644800000001
29,364,Y,49650256,0.09930051200000001
835,88,Y,49628936,0.099257872
807,84,Y,49617968,0.099235936
29,367,Y,49600480,0.09920096
914,98,Y,49571192,0.099142384
494,45,Y,49567504,0.099135008
721,74,Y,49538808,0.09907761600000001
362,29,Y,49524048,0.099048096
1074,118,Y,49504288,0.09900857599999999
1011,110,Y,49498872,0.098997744
20,290,Y,49446440,0.09889288
45,491,Y,49384624,0.09876924799999999
402,34,Y,49306696,0.098613392
397,33,Y,49263168,0.09852633599999999
489,45,Y,49216360,0.09843272
748,77,Y,49205632,0.098411264
760,79,Y,49164984,0.098329968
150,2,Y,49147464,0.098294928
1146,127,Y,49134744,0.098269488
54,565,Y,49054520,0.09810904
7,187,Y,49021904,0.09804380800000001
202,9,Y,48970296,0.097940592
754,78,Y,48954216,0.097908432
418,36,Y,48899064,0.09779812799999998
60,610,Y,48876440,0.09775287999999999
132,0,Y,48841192,0.09768238400000001
74,720,Y,48833032,0.097666064
636,63,Y,48723408,0.097446816
535,50,Y,48712288,0.097424576
86,818,Y,48702096,0.097404192
28,352,Y,48681104,0.09736220799999999
688,70,Y,48674760,0.09734952
32,385,Y,48646680,0.09729336000000001
2,146,Y,48570696,0.097141392
1125,124,Y,48553928,0.097107856
216,11,Y,48447272,0.096894544
725,74,Y,48352392,0.096704784
26,343,Y,48316056,0.09663211199999999
86,822,Y,48291544,0.09658308800000001
490,45,Y,48282672,0.096565344
430,37,Y,48250952,0.096501904
109,1005,Y,48243336,0.09648667200000001
660,66,Y,48221112,0.096442224
19,284,Y,48215608,0.096431216
472,43,Y,48160016,0.096320032
926,99,Y,48130504,0.09626100800000001
96,901,Y,48103416,0.09620683199999999
50,529,Y,48093184,0.096186368
13,232,Y,48047920,0.09609584
100,929,Y,48038432,0.096076864
394,33,Y,48030096,0.09606019199999999
1143,126,Y,47959656,0.09591931199999999
111,1018,Y,47946616,0.09589323200000001
56,583,Y,47872440,0.09574488
343,26,Y,47749184,0.095498368
715,73,Y,47740184,0.09548036800000001
433,38,Y,47700864,0.095401728
24,327,Y,47698064,0.095396128
537,51,Y,47680864,0.09536172799999999
87,824,Y,47679832,0.095359664
763,79,Y,47620560,0.09524112
594,58,Y,47600064,0.09520012800000001
124,1127,Y,47585688,0.095171376
301,21,Y,47574920,0.09514984
245,14,Y,47568704,0.09513740799999999
465,42,Y,47542824,0.095085648
696,71,Y,47515256,0.095030512
850,90,Y,47437112,0.09487422400000001
469,42,Y,47416400,0.0948328
73,715,Y,47384592,0.09476918399999999
56,580,Y,47380920,0.09476184
72,705,Y,47362008,0.09472401600000001
326,24,Y,47355112,0.09471022400000001
624,62,Y,47349696,0.09469939200000001
821,86,Y,47237960,0.09447592
1021,111,Y,47136232,0.094272464
95,894,Y,47099752,0.094199504
103,959,Y,47080928,0.094161856
52,549,Y,47070584,0.094141168
96,896,Y,47042840,0.09408567999999999
37,430,Y,47024352,0.094048704
72,707,Y,46967360,0.09393472
309,22,Y,46961536,0.09392307200000001
556,53,Y,46900712,0.09380142400000001
36,422,Y,46889904,0.093779808
276,18,Y,46884544,0.093769088
43,476,Y,46872840,0.09374568
542,51,Y,46872552,0.093745104
99,926,Y,46871008,0.093742016
95,891,Y,46751248,0.09350249599999999
78,759,Y,46645624,0.093291248
73,712,Y,46579608,0.093159216
53,555,Y,46547616,0.093095232
170,5,Y,46517464,0.093034928
1111,122,Y,46513592,0.093027184
39,440,Y,46396064,0.092792128
71,703,Y,46363400,0.0927268
59,600,Y,46358960,0.09271792000000001
896,96,Y,46276664,0.092553328
983,106,Y,46246016,0.092492032
116,1057,Y,46223584,0.09244716800000001
34,402,Y,46154880,0.09230976
782,81,Y,46110360,0.09222072
47,509,Y,46105920,0.09221184
126,1143,Y,46052880,0.09210576
788,82,Y,45998112,0.091996224
403,34,Y,45911128,0.091822256
12,226,Y,45832376,0.091664752
440,39,Y,45814592,0.091629184
675,68,Y,45807744,0.09161548800000001
712,73,Y,45780456,0.09156091200000001
1054,115,Y,45733360,0.09146672
227,12,Y,45536024,0.091072048
143,1,Y,45531952,0.091063904
209,10,Y,45513024,0.091026048
122,1107,Y,45509680,0.09101936
463,41,Y,45453536,0.090907072
112,1030,Y,45422696,0.09084539200000001
164,4,Y,45372008,0.09074401600000001
36,416,Y,45241728,0.090483456
632,63,Y,45218408,0.090436816
601,59,Y,45164792,0.090329584
1068,117,Y,45157416,0.090314832
703,71,Y,45073312,0.090146624
482,44,Y,45003968,0.090007936
118,1076,Y,44996720,0.08999344000000001
275,18,Y,44992528,0.08998505600000001
522,49,Y,44865904,0.08973180800000001
31,382,Y,44863216,0.089726432
101,938,Y,44756760,0.08951352
951,102,Y,44733672,0.089467344
17,269,Y,44694424,0.089388848
101,940,Y,44629160,0.08925832
75,734,Y,44557432,0.089114864
415,35,Y,44546280,0.08909256
109,1004,Y,44529496,0.089058992
426,37,Y,44454560,0.08890912000000001
889,95,Y,44432160,0.08886432
410,35,Y,44413344,0.088826688
102,944,Y,44374720,0.08874944
54,561,Y,44317424,0.088634848
124,1121,Y,44188208,0.088376416
1147,127,Y,44186808,0.088373616
462,41,Y,44158552,0.08831710400000001
102,945,Y,44118120,0.08823624
62,627,Y,43973960,0.08794792
73,717,Y,43784440,0.08756888
93,877,Y,43716400,0.08743279999999999
79,764,Y,43672624,0.087345248
77,750,Y,43395024,0.08679004800000001
398,33,Y,43256632,0.08651326399999999
11,216,Y,43237944,0.086475888
51,543,Y,43147664,0.086295328
622,61,Y,43039456,0.086078912
571,55,Y,42993408,0.085986816
1061,116,Y,42991608,0.085983216
14,245,Y,42958800,0.0859176
885,94,Y,42912592,0.085825184
357,28,Y,42813880,0.08562776
528,50,Y,42521320,0.08504264
32,384,Y,42433776,0.084867552
83,796,Y,42262224,0.084524448
5,173,Y,42258856,0.084517712
106,981,Y,42244608,0.08448921599999999
815,85,Y,42228832,0.084457664
64,641,Y,42136048,0.084272096
306,22,Y,42131024,0.084262048
87,829,Y,42100608,0.084201216
1106,122,Y,41933208,0.083866416
874,93,Y,41759264,0.083518528
294,20,Y,41692800,0.0833856
18,277,Y,41351704,0.082703408
59,601,Y,41214032,0.082428064
698,71,Y,41158440,0.08231688000000001
92,864,Y,40544088,0.081088176
100,931,Y,40373728,0.080747456
82,791,Y,40319368,0.080638736
799,83,Y,40298256,0.08059651200000001
9,207,Y,40201752,0.080403504
1029,112,Y,39950744,0.07990148799999999
40,449,Y,39553096,0.079106192
579,56,Y,39519592,0.079039184
22,309,Y,39386144,0.078772288
1020,111,Y,39104984,0.07820996799999999
536,51,Y,38835584,0.077671168
864,92,Y,38795272,0.077590544
82,789,Y,38786656,0.07757331199999999
28,355,Y,38751776,0.077503552
1101,121,Y,38532680,0.07706536
56,579,Y,37976552,0.075953104
69,687,Y,37889984,0.075779968
987,107,Y,37574144,0.075148288
881,94,Y,37334256,0.074668512
70,688,Y,36934512,0.07386902399999999
416,36,Y,36843240,0.07368648
770,80,Y,35527024,0.071054048
29,365,Y,35011408,0.070022816
365,29,Y,34194984,0.068389968
