36,19,N,5757529979,19.191766596666668
19,12,N,5635852673,18.78617557666667
116,36,N,5431685456,18.105618186666668
1062,116,Y,5199074744,17.330249146666667
12,227,Y,5181400880,17.27133626666667
71,91,N,4418692128,14.72897376
91,65,N,3912433376,13.041444586666668
65,3,N,3897076896,12.990256319999999
3,157,Y,3575977352,11.919924506666666
702,71,Y,3523724712,11.74574904
85,81,N,3509416112,11.698053706666666
81,38,N,3481555840,11.605186133333333
38,97,N,3441516272,11.471720906666667
4,85,N,3317922320,11.059741066666668
160,4,Y,2909942392,9.699807973333334
97,910,Y,2820337144,9.401123813333333
48,104,N,2585749256,8.619164186666668
115,112,N,2268970792,7.563235973333334
104,72,N,2244557144,7.481857146666666
112,22,N,2150007328,7.166691093333332
26,35,N,2137399496,7.124664986666667
119,48,N,2125682792,7.085609306666667
72,80,N,2081481128,6.938270426666667
22,26,N,2030791144,6.769303813333333
1085,119,Y,1727856168,5.7595205599999995
80,770,Y,1705411600,5.6847053333333335
1055,115,Y,1658849272,5.529497573333334
35,409,Y,1653543048,5.51181016
30,77,N,1409989936,4.699966453333333
89,107,N,1404911576,4.683038586666666
110,112,N,1378293192,4.594310640000001
1,125,N,1377531235,4.591770783333334
67,27,N,1358730560,4.529101866666667
108,10,N,1353451550,4.511505166666667
58,2,N,1338310344,4.46103448
27,31,N,1312680624,4.37560208
125,1,N,1311737761,4.372459203333333
40,13,N,1307075024,4.356916746666667
10,108,N,1306849537,4.356165123333334
14,99,N,1271005560,4.2366852
17,102,N,1252878425,4.176261416666667
107,95,N,1233690632,4.112302106666667
115,64,N,1184170600,3.9472353333333334
102,17,N,1184124869,3.947082896666667
108,50,N,1172266688,3.9075556266666664
2,71,N,1157893896,3.85964632
97,56,N,1144465512,3.8148850400000005
84,30,N,1138654336,3.7955144533333334
65,91,N,1131240792,3.77080264
127,80,N,1126859392,3.7561979733333333
0,14,N,1112954688,3.70984896
120,82,N,1097276136,3.6575871199999996
80,108,N,1089451304,3.631504346666667
122,13,N,1082847928,3.609493093333333
49,45,N,1075285856,3.5842861866666667
110,0,N,1067450168,3.558167226666667
112,115,N,1064319152,3.5477305066666665
95,40,N,1061224456,3.537414853333333
53,74,N,1047433744,3.4914458133333333
64,104,N,1023855032,3.4128501066666663
47,67,N,1022609760,3.4086992000000005
845,89,Y,1021000848,3.40333616
99,90,N,1018490616,3.39496872
94,38,N,1016618984,3.3887299466666665
79,12,N,1009101120,3.3636704
56,109,N,1005336280,3.351120933333333
82,8,N,995014512,3.3167150399999996
64,18,N,980557072,3.2685235733333333
109,12,N,970867880,3.236226266666667
105,5,N,964419200,3.2147306666666666
13,64,N,949774768,3.1659158933333336
14,65,N,944201560,3.1473385333333335
8,62,N,939574120,3.131913733333333
74,113,N,935520288,3.1184009599999998
71,122,N,934182424,3.1139414133333334
9,42,N,927368640,3.0912288
35,26,N,926364352,3.0878811733333333
102,34,N,923544216,3.07848072
98,33,N,917853328,3.059511093333333
12,19,N,914995648,3.0499854933333332
69,79,N,908093448,3.02697816
40,21,N,906187168,3.0206238933333336
77,27,N,906069688,3.0202322933333337
21,90,N,888951616,2.9631720533333334
97,49,N,885482392,2.951607973333333
101,123,N,882702304,2.9423410133333334
1009,110,Y,875413112,2.9180437066666665
13,237,Y,874600288,2.9153342933333333
81,41,N,869965632,2.89988544
91,71,N,869219072,2.8973969066666667
31,27,N,867820136,2.8927337866666667
109,103,N,866961960,2.8898732
21,7,N,860357160,2.8678572
48,15,N,858533008,2.8617766933333333
50,23,N,855243488,2.8508116266666668
34,98,N,849492048,2.83164016
39,9,N,847591296,2.8253043200000003
77,746,Y,843667680,2.8122256
38,81,N,832944304,2.7764810133333335
91,28,N,831670296,2.77223432
19,36,N,830926704,2.76975568
113,49,N,826888392,2.75629464
41,84,N,808702960,2.6956765333333332
45,36,N,804322720,2.6810757333333335
36,3,N,800627328,2.66875776
65,14,N,796996104,2.65665368
3,36,N,791065685,2.6368856166666665
104,48,N,789228832,2.630762773333333
31,60,N,783634096,2.612113653333333
36,116,N,782202304,2.607341013333333
45,1,N,781851240,2.6061708
63,48,N,780832576,2.6027752533333333
41,81,N,778057816,2.5935260533333335
118,77,N,778018280,2.593394266666667
12,67,N,773826167,2.5794205566666664
8,82,N,773333376,2.57777792
3,65,N,772860280,2.5762009333333333
86,37,N,770855432,2.5695181066666666
803,84,Y,760466624,2.5348887466666667
41,83,N,756048064,2.5201602133333334
104,64,N,754703232,2.51567744
12,26,N,753352464,2.51117488
76,61,N,752059888,2.506866293333333
112,96,N,743111488,2.4770382933333335
103,75,N,742612360,2.4753745333333335
33,38,N,741564344,2.4718811466666666
87,48,N,740684056,2.4689468533333336
80,72,N,738656400,2.462188
55,59,N,736579504,2.4552650133333334
61,15,N,736361208,2.45453736
92,38,N,733383624,2.4446120799999997
55,8,N,730658600,2.4355286666666665
87,32,N,729373496,2.4312449866666666
50,528,Y,728681568,2.42893856
16,45,N,725354352,2.4178478400000003
28,3,N,725138267,2.417127556666667
1150,127,Y,724256584,2.4141886133333332
46,114,N,723378608,2.4112620266666664
66,57,N,718185920,2.3939530666666666
36,119,N,717252448,2.3908414933333333
76,65,N,713022424,2.3767414133333333
71,127,N,709997616,2.3666587199999998
27,40,N,709866464,2.366221546666667
88,79,N,708359256,2.36119752
15,61,N,708224472,2.36074824
39,21,N,706264616,2.3542153866666666
90,852,Y,705758112,2.35252704
72,104,N,701853944,2.3395131466666665
107,89,N,699278968,2.3309298933333333
49,97,N,699135136,2.3304504533333334
112,75,N,696614336,2.3220477866666664
95,107,N,696363888,2.32121296
38,92,N,691117312,2.3037243733333335
53,44,N,690849064,2.3028302133333334
74,123,N,688941432,2.29647144
45,49,N,688390184,2.2946339466666665
25,118,N,685882176,2.2862739199999997
83,58,N,685861384,2.2862046133333336
60,10,N,684037176,2.28012392
5,105,N,678050472,2.26016824
61,76,N,677909944,2.2596998133333335
50,108,N,677894056,2.2596468533333334
64,115,N,676193608,2.2539786933333334
37,61,N,674808280,2.2493609333333335
1,45,N,673331080,2.244436933333333
107,70,N,671147528,2.237158426666667
26,22,N,669431552,2.2314385066666667
105,46,N,667563976,2.2252132533333335
83,89,N,663772328,2.212574426666667
117,30,N,662661184,2.2088706133333336
11,87,N,659973600,2.199912
13,40,N,658508232,2.19502744
35,55,N,657798800,2.1926626666666666
14,0,N,656505312,2.18835104
25,21,N,654017944,2.1800598133333335
77,30,N,653402030,2.1780067666666665
59,32,N,653289424,2.177631413333333
9,49,N,649837304,2.166124346666667
56,97,N,648855560,2.1628518666666667
5,16,N,648309184,2.1610306133333332
124,92,N,643643056,2.1454768533333333
10,71,N,643561976,2.1452065866666667
82,117,N,643499384,2.144997946666667
119,89,N,643150280,2.1438342666666665
94,35,N,642668072,2.1422269066666666
32,59,N,642336672,2.14112224
47,123,N,640282104,2.13427368
38,94,N,639851960,2.132839866666667
62,96,N,637622752,2.1254091733333333
85,4,N,635296424,2.1176547466666666
79,69,N,635220504,2.11740168
75,103,N,634080424,2.1136014133333334
75,57,N,633553464,2.11184488
114,46,N,633036872,2.1101229066666667
48,87,N,632277064,2.1075902133333333
34,102,N,631521432,2.10507144
7,55,N,630523792,2.1017459733333332
123,14,N,630124648,2.1004154933333337
5,106,N,629659648,2.0988654933333333
111,120,N,629579904,2.09859968
30,117,N,629427892,2.0980929733333333
121,108,N,628823664,2.0960788800000003
71,10,N,627678216,2.0922607199999996
82,0,N,627591312,2.09197104
125,15,N,626150968,2.0871698933333334
66,41,N,624494672,2.0816489066666666
120,92,N,624332936,2.0811097866666666
25,111,N,623327112,2.07775704
106,86,N,623203192,2.0773439733333334
96,88,N,622681416,2.07560472
43,78,N,620799176,2.0693305866666667
76,52,N,620247080,2.067490266666667
89,119,N,619575688,2.0652522933333333
12,79,N,619421088,2.06473696
98,46,N,617481032,2.058270106666667
123,47,N,617104144,2.057013813333333
46,76,N,616338760,2.0544625333333335
61,20,N,614577656,2.0485921866666668
57,66,N,613590040,2.0453001333333334
18,100,N,612878128,2.042927093333333
21,40,N,612846824,2.042822746666667
96,112,N,612339344,2.0411311466666664
104,962,Y,611771824,2.039239413333333
65,76,N,610561232,2.035204106666667
0,110,N,607599872,2.0253329066666668
92,120,N,607304640,2.0243488
42,88,N,606951192,2.02317064
88,96,N,606306728,2.0210224266666668
79,88,N,606096184,2.0203206133333333
27,77,N,605663848,2.0188794933333334
55,42,N,604666992,2.0155566400000002
10,49,N,604320176,2.0144005866666665
23,50,N,604230024,2.01410008
71,2,N,603753240,2.0125108
90,21,N,602426496,2.00808832
696,71,Y,602071728,2.00690576
22,112,N,599998728,1.99999576
123,119,N,599768776,1.9992292533333333
42,469,Y,599370992,1.9979033066666665
44,53,N,598562776,1.9952092533333334
23,54,N,598021192,1.9934039733333333
447,39,Y,597442144,1.9914738133333332
59,127,N,596339880,1.9877995999999998
21,39,N,594306056,1.9810201866666666
72,94,N,593324056,1.977746853333333
70,31,N,592095040,1.9736501333333334
52,70,N,588990936,1.9633031200000002
1,27,N,587634576,1.9587819199999998
594,58,Y,585755216,1.9525173866666665
61,79,N,585454168,1.9515138933333331
28,356,Y,584593072,1.9486435733333334
117,33,N,583928000,1.9464266666666667
78,43,N,583652864,1.9455095466666665
3,56,N,583445040,1.9448168
99,2,N,583426400,1.9447546666666666
52,76,N,582972344,1.9432411466666668
18,93,N,582800416,1.9426680533333334
26,5,N,581845720,1.9394857333333335
89,60,N,581669824,1.9388994133333333
105,11,N,581590008,1.9386333599999999
76,46,N,581214536,1.9373817866666667
18,272,Y,581212056,1.93737352
34,101,N,581081408,1.9369380266666667
31,70,N,580481568,1.9349385600000002
89,83,N,580012992,1.93337664
56,54,N,578969288,1.9298976266666668
31,0,N,577659448,1.9255314933333334
24,81,N,577498888,1.9249962933333333
4,79,N,577226168,1.9240872266666667
56,73,N,576699784,1.9223326133333334
42,9,N,576553480,1.9218449333333332
49,9,N,575579629,1.9185987633333332
96,10,N,575370992,1.9179033066666666
0,82,N,575096512,1.9169883733333333
74,53,N,574865976,1.91621992
2,58,N,574365376,1.9145512533333333
37,94,N,574089392,1.9136313066666668
20,61,N,572341528,1.9078050933333333
98,34,N,569566048,1.8985534933333332
102,86,N,569455072,1.8981835733333334
49,524,Y,568911504,1.89637168
15,121,N,567598232,1.8919941066666668
6,30,N,566450160,1.8881671999999998
65,115,N,562734568,1.8757818933333332
92,103,N,561804792,1.87268264
35,94,N,560910656,1.8697021866666668
0,31,N,558614048,1.8620468266666665
67,35,N,557587712,1.8586257066666667
42,55,N,556912816,1.8563760533333333
34,64,N,555537096,1.85179032
121,53,N,554485000,1.8482833333333333
66,54,N,553298016,1.8443267199999998
49,10,N,552940048,1.8431334933333334
105,118,N,551998928,1.8399964266666666
122,20,N,551717968,1.839059893333333
112,110,N,551324576,1.8377485866666667
10,96,N,550854216,1.83618072
119,36,N,550621888,1.835406293333333
82,120,N,550617344,1.8353911466666668
58,43,N,549885480,1.8329516000000001
111,9,N,549660112,1.8322003733333334
94,122,N,548871160,1.8295705333333332
54,66,N,548684576,1.8289485866666666
54,56,N,547167448,1.8238914933333332
103,92,N,545892936,1.8196431200000003
50,24,N,544480864,1.8149362133333333
53,19,N,544478408,1.8149280266666667
123,101,N,544362200,1.8145406666666666
118,109,N,543867856,1.8128928533333335
60,611,Y,542705768,1.8090192266666665
24,51,N,542176200,1.8072540000000001
10,60,N,542049536,1.8068317866666666
32,100,N,541482944,1.8049431466666668
97,98,N,541125786,1.80375262
38,33,N,540927104,1.8030903466666668
91,92,N,540525152,1.8017505066666668
120,111,N,540280592,1.8009353066666667
59,51,N,539336992,1.7977899733333333
118,25,N,537189368,1.7906312266666664
11,105,N,535288848,1.7842961599999998
17,90,N,534103792,1.780345973333333
92,124,N,533692088,1.778973626666667
37,86,N,533675120,1.7789170666666667
32,87,N,532128040,1.7737601333333333
116,76,N,532011792,1.77337264
33,98,N,531713368,1.7723778933333334
511,47,Y,530062864,1.7668762133333336
1094,120,Y,529744448,1.7658148266666667
48,119,N,529371568,1.7645718933333332
30,6,N,528882208,1.7629406933333334
126,18,N,528759968,1.7625332266666665
54,114,N,528735792,1.76245264
93,18,N,528609248,1.7620308266666667
14,123,N,527970784,1.7599026133333333
90,17,N,527856160,1.7595205333333332
5,26,N,527820664,1.7594022133333336
111,25,N,526788464,1.7559615466666667
19,41,N,526375456,1.7545848533333332
5,68,N,525366976,1.7512232533333334
34,69,N,524963896,1.7498796533333332
102,125,N,523115640,1.7437188
64,34,N,522649232,1.7421641066666667
81,24,N,522491528,1.741638426666667
62,628,Y,522382184,1.7412739466666667
109,56,N,522297080,1.7409902666666668
123,74,N,522200480,1.7406682666666666
46,105,N,521660328,1.73886776
57,99,N,521601272,1.7386709066666666
62,101,N,520490688,1.73496896
83,41,N,520306824,1.7343560800000002
50,101,N,520192736,1.7339757866666665
1013,110,Y,519836952,1.73278984
117,17,N,519641304,1.73213768
111,87,N,518147864,1.7271595466666667
2,99,N,517935984,1.7264532799999999
27,67,N,517267480,1.7242249333333335
101,50,N,516438992,1.7214633066666665
99,57,N,515568520,1.7185617333333334
73,95,N,515565152,1.7185505066666666
31,20,N,514321224,1.71440408
87,111,N,514301288,1.7143376266666666
114,32,N,514014312,1.71338104
121,105,N,513692856,1.71230952
120,6,N,513527928,1.7117597599999999
126,107,N,512588016,1.70862672
103,4,N,512404776,1.70801592
22,6,N,511079192,1.7035973066666668
60,17,N,511023424,1.7034114133333333
30,23,N,510837616,1.7027920533333334
19,53,N,510449296,1.7014976533333332
15,125,N,510161616,1.70053872
106,5,N,510149968,1.7004998933333335
90,68,N,509546264,1.6984875466666667
75,112,N,509142136,1.6971404533333334
32,114,N,508392264,1.69464088
32,110,N,507815664,1.69271888
33,392,Y,507684560,1.6922818666666666
40,116,N,507386552,1.6912885066666667
55,35,N,507158056,1.6905268533333333
22,66,N,506736768,1.68912256
86,111,N,506645008,1.6888166933333333
127,120,N,506154296,1.6871809866666667
100,106,N,505255272,1.68418424
70,52,N,505243064,1.6841435466666665
6,22,N,505226336,1.6840877866666666
96,43,N,504997696,1.6833256533333334
62,8,N,504072120,1.6802404
2,88,N,503362088,1.6778736266666667
69,34,N,502934280,1.6764476
114,78,N,502894576,1.6763152533333332
46,98,N,501099472,1.6703315733333335
555,53,Y,500980472,1.6699349066666667
63,60,N,499659008,1.6655300266666666
127,59,N,499431768,1.66477256
423,36,Y,499239576,1.66413192
7,83,N,498922784,1.6630759466666665
88,42,N,498206704,1.6606890133333334
113,63,N,496996264,1.6566542133333333
7,21,N,495974888,1.6532496266666665
108,124,N,495179344,1.6505978133333334
97,38,N,493649984,1.6454999466666664
40,95,N,493573872,1.6452462399999999
117,53,N,493143400,1.6438113333333333
9,66,N,492510432,1.6417014399999998
41,66,N,491331232,1.6377707733333333
108,121,N,490901968,1.6363398933333333
33,117,N,490234424,1.6341147466666668
79,61,N,490187824,1.6339594133333333
51,98,N,488917144,1.6297238133333332
47,39,N,487728248,1.6257608266666668
107,42,N,487491512,1.6249717066666665
110,32,N,487440232,1.6248007733333334
44,24,N,485681776,1.6189392533333333
105,121,N,485603192,1.6186773066666666
119,123,N,484794888,1.6159829600000002
106,81,N,483750120,1.6125003999999998
94,72,N,483500744,1.6116691466666666
528,50,Y,483314136,1.61104712
12,109,N,483024752,1.6100825066666669
18,64,N,482941264,1.6098042133333335
127,71,N,482783960,1.6092798666666668
29,121,N,482437912,1.6081263733333333
115,65,N,481688936,1.6056297866666667
121,29,N,481663800,1.6055460000000001
58,83,N,481528144,1.6050938133333335
15,48,N,480584584,1.6019486133333334
21,25,N,480391520,1.6013050666666668
23,30,N,479195888,1.5973196266666667
227,12,Y,477577976,1.5919265866666668
73,56,N,476317112,1.5877237066666667
107,126,N,475633392,1.58544464
96,62,N,475063520,1.5835450666666668
41,19,N,475009440,1.5833647999999998
118,105,N,474898184,1.582993946666667
111,86,N,474687345,1.5822911499999999
100,32,N,474283896,1.5809463199999998
57,52,N,474271960,1.5809065333333334
116,1062,Y,473706904,1.5790230133333334
2,35,N,473641960,1.5788065333333334
16,5,N,472065256,1.5735508533333336
70,62,N,470042168,1.5668072266666666
7,82,N,469818696,1.5660623200000001
39,43,N,468962920,1.5632097333333335
68,5,N,468550984,1.5618366133333335
60,31,N,468458120,1.5615270666666667
81,776,Y,468299336,1.5609977866666667
52,24,N,467937200,1.5597906666666665
74,87,N,467720176,1.5590672533333334
26,119,N,466706896,1.5556896533333333
33,90,N,466646336,1.5554877866666668
13,122,N,465952656,1.5531755200000001
51,59,N,465539200,1.5517973333333335
11,83,N,464903248,1.5496774933333335
72,67,N,464820560,1.5494018666666667
86,106,N,464528512,1.5484283733333333
122,71,N,464310000,1.5476999999999999
35,2,N,463843312,1.5461443733333333
90,33,N,461590464,1.53863488
33,11,N,461287920,1.5376264000000002
99,14,N,461003992,1.5366799733333334
80,77,N,457361664,1.5245388800000002
63,73,N,457218664,1.5240622133333332
57,75,N,457172440,1.5239081333333333
950,102,Y,456719144,1.5223971466666666
44,122,N,453583632,1.5119454399999999
119,26,N,452929048,1.5097634933333333
78,45,N,451562192,1.5052073066666667
24,44,N,450580656,1.50193552
29,118,N,450398272,1.5013275733333333
58,102,N,450045280,1.5001509333333334
76,116,N,450015752,1.5000525066666666
125,8,N,449916304,1.4997210133333332
83,11,N,447285400,1.4909513333333335
27,345,Y,446437056,1.48812352
67,47,N,446366520,1.4878884
22,39,N,446078352,1.48692784
116,40,N,445567016,1.4852233866666666
77,118,N,444216032,1.4807201066666666
52,124,N,443832400,1.4794413333333332
42,107,N,443597720,1.4786590666666666
124,126,N,443430456,1.47810152
1,85,N,443004160,1.4766805333333335
49,113,N,442523424,1.47507808
75,37,N,442035408,1.47345136
0,16,N,441945720,1.4731524
47,100,N,441743192,1.4724773066666668
100,18,N,441699136,1.4723304533333335
72,25,N,441516200,1.4717206666666667
63,93,N,441443488,1.4714782933333332
84,15,N,441351600,1.471172
103,109,N,440705760,1.4690192
28,25,N,439308624,1.46436208
45,16,N,436877264,1.4562575466666667
43,96,N,436011408,1.45337136
100,47,N,435353416,1.4511780533333332
20,31,N,435245328,1.45081776
124,108,N,434859288,1.4495309600000001
85,100,N,433997576,1.4466585866666666
682,69,Y,433855792,1.4461859733333333
85,77,N,432492520,1.4416417333333333
28,109,N,431262736,1.4375424533333334
53,117,N,431169696,1.4372323200000001
64,13,N,431058376,1.4368612533333334
113,70,N,430996232,1.4366541066666667
121,15,N,430834896,1.43611632
54,23,N,430688440,1.4356281333333334
44,127,N,429996232,1.4333207733333333
67,12,N,429389512,1.4312983733333333
9,111,N,428603403,1.42867801
43,58,N,428544696,1.4284823199999999
77,85,N,428181248,1.4272708266666667
51,24,N,428129432,1.4270981066666668
24,52,N,425322664,1.4177422133333333
57,126,N,425241856,1.4174728533333334
335,25,Y,424888816,1.4162960533333333
16,0,N,424489200,1.4149639999999999
59,55,N,423359160,1.4111972000000002
78,84,N,423135512,1.4104517066666666
83,7,N,422144528,1.4071484266666667
4,115,N,419731888,1.3991062933333334
70,107,N,419567240,1.3985574666666667
92,91,N,419503120,1.3983437333333333
39,22,N,419457128,1.3981904266666667
93,63,N,418607976,1.39535992
108,80,N,418295912,1.3943197066666666
115,28,N,416413864,1.3880462133333333
36,421,Y,415962008,1.3865400266666665
94,37,N,414570112,1.3819003733333333
53,121,N,414518024,1.3817267466666667
16,19,N,414354248,1.3811808266666665
66,9,N,414244696,1.3808156533333333
55,7,N,414215392,1.3807179733333332
6,120,N,414136464,1.38045488
43,74,N,413076224,1.3769207466666666
84,93,N,412859896,1.3761996533333332
126,57,N,412095048,1.37365016
15,84,N,411837984,1.37279328
48,63,N,411373040,1.3712434666666666
17,60,N,411223744,1.3707458133333332
25,72,N,410734576,1.3691152533333333
84,805,Y,410519328,1.36839776
23,110,N,410486136,1.36828712
93,46,N,410381320,1.3679377333333333
101,62,N,409921888,1.3664062933333334
20,122,N,408289752,1.36096584
68,14,N,408204008,1.3606800266666668
40,27,N,407532240,1.3584408
39,47,N,406303224,1.3543440800000002
42,124,N,406143536,1.3538117866666666
808,85,Y,405928784,1.3530959466666668
100,85,N,404282256,1.34760752
20,17,N,404082840,1.3469428
84,41,N,403329424,1.3444314133333333
69,126,N,402580824,1.34193608
30,84,N,400832984,1.3361099466666666
60,63,N,400289200,1.3342973333333334
52,57,N,400210808,1.3340360266666667
97,11,N,398927240,1.3297574666666665
725,74,Y,398510424,1.32836808
124,42,N,398502464,1.3283415466666666
113,74,N,398094816,1.3269827200000002
126,69,N,397793664,1.32597888
23,73,N,397792672,1.3259755733333334
969,105,Y,397488792,1.32496264
74,43,N,396998048,1.3233268266666667
102,58,N,396355888,1.3211862933333334
28,91,N,396232976,1.3207765866666668
114,110,N,394868400,1.316228
27,1,N,394732944,1.3157764799999998
80,127,N,394599808,1.3153326933333334
88,2,N,393389536,1.3112984533333334
73,63,N,393359592,1.31119864
122,94,N,392394648,1.30798216
125,51,N,392216840,1.3073894666666668
46,93,N,392124480,1.3070816
61,37,N,391355264,1.3045175466666665
18,126,N,390299680,1.3009989333333332
17,117,N,390216632,1.3007221066666665
69,59,N,390048152,1.3001605066666666
98,97,N,389708608,1.2990286933333333
73,23,N,387509176,1.2916972533333333
87,74,N,387128600,1.2904286666666667
86,47,N,386994800,1.2899826666666665
96,902,Y,386776416,1.28925472
93,84,N,386666312,1.2888877066666666
103,29,N,385843432,1.2861447733333333
123,1116,Y,384594968,1.2819832266666666
632,63,Y,384078032,1.2802601066666668
86,102,N,383994416,1.2799813866666667
110,23,N,382025184,1.27341728
6,16,N,381668864,1.2722295466666667
98,51,N,381361600,1.2712053333333335
75,13,N,381201752,1.2706725066666666
67,72,N,380715048,1.26905016
27,351,Y,380698384,1.2689946133333332
114,54,N,379287048,1.26429016
120,127,N,377900200,1.2596673333333335
36,45,N,377493008,1.2583100266666667
90,99,N,377398616,1.2579953866666667
409,35,Y,377384960,1.2579498666666666
110,114,N,377350224,1.25783408
37,88,N,377145280,1.2571509333333333
43,39,N,377130512,1.2571017066666668
908,97,Y,376590248,1.2553008266666668
81,106,N,375614600,1.2520486666666668
87,11,N,374707624,1.2490254133333334
13,75,N,374478488,1.2482616266666666
95,73,N,374211664,1.2473722133333334
106,1,N,372245808,1.2408193600000001
157,3,Y,371924208,1.23974736
59,69,N,371165240,1.2372174666666667
13,4,N,370838096,1.2361269866666666
62,70,N,369507144,1.2316904800000001
598,58,Y,369263024,1.2308767466666668
82,7,N,369038208,1.23012736
79,4,N,368816944,1.2293898133333334
9,39,N,368809264,1.2293642133333333
54,567,Y,368153744,1.2271791466666666
19,16,N,367876760,1.2262558666666665
78,116,N,367397464,1.2246582133333332
45,78,N,364045280,1.2134842666666665
24,50,N,363892928,1.2129764266666667
3,54,N,363249016,1.2108300533333334
7,6,N,362951472,1.20983824
6,7,N,361677568,1.2055918933333334
35,67,N,361208192,1.2040273066666667
66,22,N,360933704,1.2031123466666667
8,125,N,358919344,1.1963978133333335
68,104,N,358300784,1.1943359466666665
101,34,N,357003592,1.1900119733333334
51,125,N,356982112,1.1899403733333334
28,115,N,356558864,1.1885295466666665
124,52,N,356038120,1.1867937333333334
85,1,N,354636312,1.18212104
69,44,N,353939096,1.1797969866666667
116,78,N,352421256,1.17473752
115,4,N,351390536,1.1713017866666666
122,44,N,351329376,1.17109792
104,68,N,350476160,1.1682538666666666
81,85,N,349090120,1.1636337333333333
71,702,Y,348413144,1.1613771466666667
1076,118,Y,348228552,1.16076184
25,28,N,346524304,1.1550810133333334
26,338,Y,345866176,1.1528872533333334
117,82,N,345616504,1.1520550133333334
78,114,N,345273328,1.1509110933333333
29,80,N,344960448,1.14986816
16,6,N,344797528,1.1493250933333332
29,91,N,343463992,1.1448799733333335
126,124,N,342198480,1.1406616
68,90,N,341718504,1.13906168
110,1009,Y,340279856,1.1342661866666666
70,113,N,337580560,1.1252685333333334
68,95,N,335865416,1.1195513866666666
93,101,N,335423008,1.1180766933333335
60,89,N,334779320,1.1159310666666666
95,68,N,333360616,1.1112020533333333
769,80,Y,333258192,1.11086064
84,78,N,332806088,1.1093536266666668
77,80,N,332730288,1.10910096
37,75,N,332466816,1.1082227199999999
20,62,N,331270288,1.1042342933333333
38,439,Y,328597912,1.0953263733333334
930,100,Y,327514552,1.0917151733333332
125,102,N,327512680,1.0917089333333332
109,118,N,325371210,1.0845707
8,55,N,325206584,1.0840219466666667
11,97,N,324509576,1.0816985866666666
456,41,Y,324005536,1.0800184533333332
116,73,N,321342864,1.07114288
26,12,N,320340312,1.06780104
88,37,N,320047848,1.06682616
40,448,Y,319957640,1.0665254666666668
112,1026,Y,318481192,1.0616039733333333
3,28,N,318126480,1.0604216
352,28,Y,317459960,1.0581998666666668
62,20,N,314399048,1.0479968266666666
19,287,Y,314303144,1.0476771466666666
4,103,N,308997056,1.0299901866666668
61,623,Y,308582360,1.0286078666666667
79,767,Y,308482688,1.0282756266666666
50,18,N,308460120,1.0282004
653,65,Y,307455320,1.0248510666666666
909,97,Y,306840608,1.0228020266666666
101,93,N,306771840,1.0225728
104,95,N,305892888,1.0196429599999999
375,30,Y,304925024,1.0164167466666667
47,86,N,304092912,1.01364304
51,8,N,303254256,1.01084752
56,579,Y,302831960,1.0094398666666666
1,106,N,302675712,1.0089190399999999
4,160,Y,301836568,1.0061218933333334
18,50,N,301208608,1.0040286933333333
75,735,Y,301016584,1.0033886133333332
45,493,Y,300515112,1.0017170400000002
44,69,N,300468016,1.0015600533333333
77,751,Y,298236688,0.9941222933333334
11,33,N,297511168,0.9917038933333334
15,250,Y,296783496,0.9892783199999999
14,68,N,295425160,0.9847505333333333
91,29,N,295238968,0.9841298933333332
109,1007,Y,295233960,0.9841132
353,28,Y,293929056,0.97976352
1135,125,Y,293792952,0.97930984
8,51,N,292189672,0.9739655733333333
362,29,Y,290729960,0.9690998666666667
115,1054,Y,290725288,0.9690842933333335
80,29,N,290455152,0.96818384
64,641,Y,288339344,0.9611311466666667
4,13,N,287329936,0.9577664533333333
991,107,Y,285564408,0.95188136
99,58,N,285361480,0.9512049333333333
8,195,Y,284916792,0.94972264
1001,109,Y,280936680,0.9364555999999999
109,28,N,280839408,0.9361313600000001
54,3,N,280368952,0.9345631733333334
618,61,Y,280034384,0.9334479466666666
450,40,Y,279444888,0.93148296
29,103,N,279317800,0.9310593333333333
17,20,N,278649632,0.9288321066666667
63,113,N,278167480,0.9272249333333333
91,858,Y,277369680,0.9245656
58,99,N,276071616,0.9202387200000001
910,97,Y,273804016,0.9126800533333334
118,29,N,271747224,0.90582408
331,25,Y,267377408,0.8912580266666666
564,54,Y,266576432,0.8885881066666667
73,116,N,266506272,0.88835424
127,44,N,265593320,0.8853110666666667
1014,110,Y,264738448,0.8824614933333333
79,763,Y,263773152,0.87924384
127,1150,Y,263323624,0.8777454133333332
346,27,Y,263187504,0.87729168
106,100,N,260413272,0.86804424
1052,115,Y,259775584,0.8659186133333333
70,689,Y,259162824,0.86387608
572,55,Y,258146368,0.8604878933333334
514,48,Y,253456168,0.8448538933333333
26,336,Y,252027224,0.8400907466666666
56,3,N,251023200,0.836744
57,585,Y,248822008,0.8294066933333334
88,837,Y,244911040,0.8163701333333334
82,785,Y,244340208,0.8144673599999999
95,104,N,240560560,0.8018685333333333
38,434,Y,235591032,0.7853034400000001
1065,117,Y,234342696,0.78114232
291,20,Y,233313856,0.7777128533333334
58,596,Y,232184096,0.7739469866666667
2,147,Y,231721488,0.77240496
8,197,Y,230548592,0.7684953066666667
11,220,Y,228740104,0.7624670133333333
35,415,Y,227737536,0.75912512
574,55,Y,225037760,0.7501258666666667
399,33,Y,223690960,0.7456365333333334
454,40,Y,222709464,0.74236488
10,214,Y,218837432,0.7294581066666667
395,33,Y,218737104,0.7291236799999999
83,798,Y,218668096,0.7288936533333333
541,51,Y,217428120,0.7247604000000001
61,620,Y,216172584,0.7205752799999999
114,1040,Y,213609152,0.7120305066666667
526,49,Y,213566216,0.7118873866666666
770,80,Y,213115984,0.7103866133333333
1032,113,Y,212936016,0.70978672
46,501,Y,212397952,0.7079931733333333
30,370,Y,211294600,0.7043153333333333
535,50,Y,209657632,0.6988587733333333
17,271,Y,209608064,0.6986935466666667
119,1086,Y,209413528,0.6980450933333333
417,36,Y,206886800,0.6896226666666666
243,14,Y,206812248,0.6893741600000001
92,870,Y,205271344,0.6842378133333333
107,984,Y,203661008,0.6788700266666667
445,39,Y,203452736,0.6781757866666667
91,856,Y,201511152,0.6717038399999999
89,113,N,200868104,0.6695603466666666
119,1085,Y,199206728,0.6640224266666667
658,66,Y,198889264,0.6629642133333333
15,255,Y,197854608,0.65951536
72,705,Y,197535272,0.6584509066666666
1054,115,Y,197115784,0.6570526133333333
32,387,Y,196206920,0.6540230666666667
302,21,Y,195138192,0.6504606399999999
119,1080,Y,195135504,0.6504516800000001
926,99,Y,195077848,0.6502594933333333
146,2,Y,194996008,0.6499866933333334
799,83,Y,194255528,0.6475184266666666
1045,114,Y,193800640,0.6460021333333333
1,139,Y,193477592,0.6449253066666666
24,326,Y,192206272,0.6406875733333334
90,853,Y,191803528,0.6393450933333333
87,828,Y,191630696,0.6387689866666667
115,1055,Y,190831528,0.6361050933333333
505,47,Y,190831200,0.636104
731,75,Y,190462928,0.6348764266666667
103,957,Y,188623736,0.6287457866666667
410,35,Y,188180296,0.6272676533333333
100,930,Y,187181992,0.6239399733333333
815,85,Y,187110408,0.62370136
1026,112,Y,186747320,0.6224910666666666
357,28,Y,186660472,0.6222015733333334
397,33,Y,186628264,0.6220942133333334
68,675,Y,186147656,0.6204921866666667
107,987,Y,185122544,0.6170751466666666
90,850,Y,183552888,0.61184296
790,82,Y,183501600,0.611672
20,292,Y,182875112,0.6095837066666667
89,845,Y,181527320,0.6050910666666667
886,94,Y,180445320,0.6014844
194,8,Y,180067784,0.6002259466666666
697,71,Y,179868360,0.5995612
69,687,Y,179209336,0.5973644533333333
81,782,Y,179078104,0.5969270133333333
43,477,Y,178555128,0.59518376
1122,124,Y,178510688,0.5950356266666667
962,104,Y,177968544,0.59322848
496,46,Y,177734912,0.5924497066666667
732,75,Y,177205416,0.5906847199999999
100,929,Y,176420264,0.5880675466666666
465,42,Y,174925360,0.5830845333333333
242,14,Y,174753104,0.5825103466666667
80,774,Y,174666512,0.5822217066666666
627,62,Y,174658640,0.5821954666666667
82,787,Y,174284208,0.58094736
39,444,Y,173263600,0.5775453333333334
485,44,Y,173069064,0.57689688
985,107,Y,172795432,0.5759847733333333
262,16,Y,172412712,0.57470904
93,875,Y,172354472,0.5745149066666667
123,1114,Y,171166480,0.5705549333333333
742,76,Y,171142312,0.5704743733333333
108,994,Y,171131912,0.5704397066666667
47,510,Y,171100656,0.57033552
8,199,Y,170967720,0.5698924
914,98,Y,170508216,0.56836072
568,55,Y,169925832,0.56641944
15,249,Y,169117736,0.5637257866666667
860,91,Y,168870320,0.5629010666666666
972,105,Y,168768224,0.5625607466666667
1096,121,Y,168522024,0.56174008
314,23,Y,167870968,0.5595698933333333
25,329,Y,167582104,0.5586070133333333
1070,117,Y,167258040,0.5575268
112,1025,Y,166752480,0.5558416
10,210,Y,166705528,0.5556850933333334
113,89,N,166620536,0.5554017866666667
521,49,Y,166372288,0.5545742933333333
1030,112,Y,166055368,0.5535178933333333
159,3,Y,165208624,0.5506954133333334
400,34,Y,164706128,0.5490204266666666
99,927,Y,164658216,0.54886072
30,374,Y,164458824,0.5481960800000001
29,362,Y,164348224,0.5478274133333333
956,103,Y,163937584,0.5464586133333333
59,600,Y,163892016,0.54630672
46,496,Y,163434512,0.5447817066666667
829,87,Y,163365104,0.5445503466666667
122,1105,Y,163341504,0.54447168
437,38,Y,162743408,0.5424780266666667
124,1127,Y,162482184,0.54160728
24,321,Y,162197136,0.54065712
45,489,Y,161790144,0.53930048
569,55,Y,161624608,0.5387486933333334
27,349,Y,160674352,0.5355811733333333
504,47,Y,160445024,0.5348167466666667
22,309,Y,160339056,0.5344635200000001
51,539,Y,159890744,0.5329691466666666
897,96,Y,159847688,0.5328256266666667
76,740,Y,159399672,0.53133224
95,891,Y,159149208,0.53049736
752,78,Y,158892336,0.52964112
180,6,Y,158888952,0.52962984
92,867,Y,158699976,0.5289999200000001
901,96,Y,158433368,0.5281112266666667
366,29,Y,158274656,0.5275821866666667
630,62,Y,158006512,0.5266883733333333
448,40,Y,157930232,0.5264341066666667
117,1071,Y,157718704,0.5257290133333333
216,11,Y,157604272,0.5253475733333333
12,224,Y,157567752,0.52522584
727,74,Y,156818864,0.5227295466666667
90,854,Y,156393904,0.5213130133333332
272,18,Y,156216472,0.5207215733333334
1015,110,Y,155506936,0.5183564533333334
85,810,Y,155241208,0.5174706933333334
30,368,Y,154899656,0.5163321866666667
222,11,Y,154030608,0.51343536
436,38,Y,153838912,0.5127963733333334
549,52,Y,153264112,0.5108803733333334
261,16,Y,153227816,0.5107593866666666
881,94,Y,152822272,0.5094075733333333
99,921,Y,152668272,0.50889424
237,13,Y,152540032,0.5084667733333333
12,225,Y,151649040,0.5054968
71,696,Y,151636384,0.5054546133333333
20,289,Y,150825952,0.5027531733333334
38,438,Y,150277288,0.5009242933333333
36,423,Y,150235624,0.5007854133333333
852,90,Y,149857496,0.49952498666666667
9,200,Y,149793360,0.4993112
53,553,Y,149789504,0.49929834666666667
882,94,Y,149454328,0.4981810933333333
86,823,Y,149343591,0.49781197000000005
193,8,Y,149337552,0.49779184
944,102,Y,149299088,0.49766362666666664
1,142,Y,147998224,0.49332741333333335
120,1090,Y,147265112,0.4908837066666667
666,67,Y,147097600,0.4903253333333333
36,419,Y,146954968,0.48984989333333334
100,935,Y,146589576,0.48863192
1081,119,Y,146481776,0.4882725866666666
5,175,Y,146390504,0.48796834666666666
460,41,Y,146339216,0.4877973866666666
464,42,Y,146064328,0.48688109333333335
379,31,Y,145904192,0.4863473066666667
1116,123,Y,145296656,0.48432218666666665
153,3,Y,145237352,0.48412450666666673
49,522,Y,145191760,0.48397253333333334
42,464,Y,144960040,0.4832001333333333
165,4,Y,144943440,0.48314480000000004
820,86,Y,144870912,0.48290304
1075,118,Y,144869784,0.48289928
787,82,Y,144444264,0.48148087999999994
33,398,Y,143894568,0.47964856
1051,115,Y,143755288,0.47918429333333334
91,860,Y,143723904,0.47907968
427,37,Y,143550168,0.47850056
181,6,Y,143473352,0.4782445066666667
33,393,Y,143315320,0.47771773333333334
354,28,Y,143240032,0.4774667733333333
976,106,Y,142724608,0.47574869333333336
38,436,Y,142457584,0.4748586133333333
81,780,Y,142160672,0.4738689066666667
185,7,Y,141762792,0.47254263999999996
120,1093,Y,141759696,0.47253232
114,1042,Y,141228768,0.47076256
1110,122,Y,141102488,0.4703416266666666
26,343,Y,140618208,0.46872736
1149,127,Y,140591160,0.46863720000000003
114,1046,Y,140524448,0.4684148266666667
973,105,Y,140523304,0.4684110133333333
370,30,Y,140490296,0.46830098666666664
70,693,Y,139882488,0.46627496
684,69,Y,139265400,0.464218
86,820,Y,139253600,0.46417866666666663
48,518,Y,138935672,0.4631189066666667
509,47,Y,138238976,0.4607965866666667
57,584,Y,138204800,0.4606826666666667
495,45,Y,138111288,0.46037096000000005
1109,122,Y,138015888,0.46005296
7,191,Y,137730448,0.45910149333333333
217,11,Y,137682376,0.45894125333333335
1099,121,Y,137163192,0.45721064000000006
484,44,Y,136741544,0.45580514666666666
73,715,Y,136630312,0.4554343733333333
1118,123,Y,136365400,0.4545513333333333
31,382,Y,136053360,0.4535112
142,1,Y,135569712,0.45189904
356,28,Y,135499928,0.4516664266666666
763,79,Y,135466648,0.45155549333333334
556,53,Y,135164640,0.4505488
680,69,Y,134748632,0.44916210666666667
74,722,Y,134717976,0.44905991999999995
11,219,Y,134573464,0.44857821333333336
1133,125,Y,134534320,0.4484477333333334
173,5,Y,134504320,0.4483477333333334
68,677,Y,134231656,0.44743885333333333
16,259,Y,133949064,0.44649688
14,243,Y,133908680,0.4463622666666667
510,47,Y,133587792,0.44529264
121,1098,Y,133549952,0.4451665066666667
1033,113,Y,133313632,0.44437877333333337
885,94,Y,133204984,0.44401661333333337
1124,124,Y,133025200,0.4434173333333334
102,945,Y,132526984,0.4417566133333333
811,85,Y,132414856,0.4413828533333333
431,37,Y,132342976,0.4411432533333333
99,925,Y,132255008,0.4408500266666666
31,381,Y,132165448,0.4405514933333333
906,97,Y,132114312,0.44038104000000006
70,688,Y,131567992,0.43855997333333335
995,108,Y,131503472,0.43834490666666664
86,821,Y,131480040,0.4382668
66,662,Y,131374304,0.4379143466666667
230,12,Y,131350200,0.43783399999999995
106,979,Y,131266552,0.4375551733333333
705,72,Y,131036864,0.43678954666666664
55,569,Y,131016264,0.43672088000000003
679,68,Y,131006672,0.43668890666666665
39,447,Y,130993616,0.43664538666666664
468,42,Y,130874040,0.43624680000000005
101,939,Y,130792616,0.43597538666666663
978,106,Y,130542864,0.43514288
1022,111,Y,130432672,0.43477557333333333
25,328,Y,130378848,0.43459616
118,1074,Y,130360712,0.43453570666666663
10,208,Y,130352840,0.4345094666666667
98,913,Y,129680064,0.43226688
694,70,Y,129622456,0.43207485333333334
127,1145,Y,129540432,0.43180144000000004
78,752,Y,129492712,0.43164237333333333
108,997,Y,129206624,0.4306887466666667
87,827,Y,129146280,0.4304876
208,10,Y,129116856,0.43038952
404,34,Y,128810512,0.4293683733333334
13,239,Y,128498776,0.4283292533333333
69,680,Y,128404352,0.4280145066666667
110,1015,Y,127923368,0.42641122666666664
37,431,Y,127795360,0.4259845333333333
70,694,Y,127653608,0.42551202666666665
66,656,Y,127630504,0.42543501333333333
20,295,Y,127563536,0.4252117866666667
205,9,Y,127539656,0.4251321866666667
850,90,Y,127473128,0.4249104266666666
859,91,Y,127446824,0.42482274666666664
112,1029,Y,127311672,0.42437224
93,879,Y,127280576,0.42426858666666667
23,318,Y,127075464,0.42358488
916,98,Y,126950864,0.4231695466666667
117,1070,Y,126833104,0.42277701333333334
103,953,Y,126813584,0.42271194666666667
746,77,Y,126055520,0.42018506666666666
503,46,Y,126016728,0.42005576
687,69,Y,125743168,0.4191438933333333
597,58,Y,125675080,0.41891693333333335
20,294,Y,125467024,0.4182234133333333
0,128,Y,125341864,0.41780621333333334
2,146,Y,125250920,0.4175030666666667
726,74,Y,125108000,0.4170266666666667
402,34,Y,125100200,0.4170006666666667
308,22,Y,124938344,0.41646114666666667
127,1149,Y,124865616,0.41621872000000004
689,70,Y,124767432,0.41589144
122,1109,Y,124691064,0.41563688
600,59,Y,124659360,0.41553120000000004
623,61,Y,124242080,0.4141402666666667
80,773,Y,124174216,0.41391405333333336
117,1065,Y,124159682,0.4138656066666667
98,917,Y,124030544,0.4134351466666667
810,85,Y,123871232,0.4129041066666667
671,67,Y,123761384,0.41253794666666666
52,548,Y,123640728,0.41213576
350,27,Y,123477160,0.41159053333333334
1006,109,Y,123010716,0.41003572
425,37,Y,122963072,0.40987690666666665
71,701,Y,122826128,0.40942042666666667
493,45,Y,122769624,0.40923208
393,33,Y,122467816,0.4082260533333333
123,1118,Y,122438048,0.40812682666666666
1042,114,Y,122415208,0.4080506933333334
1098,121,Y,122202064,0.4073402133333333
74,727,Y,122028984,0.40676328
78,758,Y,121886864,0.40628954666666667
320,24,Y,121746104,0.40582034666666666
95,894,Y,121634696,0.4054489866666667
61,619,Y,121329856,0.4044328533333333
17,266,Y,121190496,0.40396832
61,618,Y,120977664,0.40325888000000004
3,153,Y,120933248,0.40311082666666664
426,37,Y,120856824,0.40285608
548,52,Y,120736904,0.40245634666666663
1000,109,Y,120478064,0.40159354666666663
17,264,Y,120383824,0.40127941333333333
1010,110,Y,120361424,0.40120474666666667
711,72,Y,120114568,0.40038189333333335
428,37,Y,120104216,0.4003473866666667
116,1060,Y,120090520,0.40030173333333335
446,39,Y,120003512,0.4000117066666667
55,573,Y,119955336,0.39985112
54,560,Y,119838656,0.39946218666666666
740,76,Y,119782560,0.39927519999999994
814,85,Y,119628008,0.3987600266666667
8,192,Y,119558408,0.3985280266666667
23,313,Y,119412328,0.3980410933333334
117,1069,Y,119361200,0.39787066666666665
1003,109,Y,119165912,0.3972197066666666
6,182,Y,119160712,0.3972023733333333
620,61,Y,119109000,0.39703000000000005
96,897,Y,119032120,0.3967737333333333
1092,120,Y,119021296,0.39673765333333333
9,206,Y,118808000,0.3960266666666667
1018,111,Y,118725576,0.39575192
27,348,Y,118651072,0.3955035733333333
106,978,Y,118591696,0.39530565333333334
108,992,Y,118497672,0.39499224
23,316,Y,118410952,0.3947031733333333
234,13,Y,118384624,0.39461541333333333
45,494,Y,118260360,0.3942012
47,511,Y,118121296,0.3937376533333333
796,83,Y,118058824,0.39352941333333336
35,413,Y,117867848,0.3928928266666667
821,86,Y,117820120,0.39273373333333333
6,183,Y,117570920,0.3919030666666667
19,282,Y,117451784,0.39150594666666666
5,170,Y,117370120,0.39123373333333333
125,1130,Y,116839768,0.38946589333333337
659,66,Y,116761800,0.389206
462,41,Y,116715384,0.38905128
95,889,Y,116708128,0.38902709333333335
120,1092,Y,116553176,0.38851058666666666
36,422,Y,116523568,0.3884118933333333
775,80,Y,116428624,0.38809541333333336
360,29,Y,116113160,0.3870438666666667
133,0,Y,116087088,0.38695696
83,799,Y,116042816,0.3868093866666667
60,612,Y,115924536,0.38641512
1100,121,Y,115920792,0.38640264
127,1146,Y,115918712,0.38639570666666667
675,68,Y,115722864,0.38574288
876,93,Y,115676240,0.38558746666666666
92,866,Y,115526296,0.38508765333333334
1137,126,Y,115284984,0.38428328
64,644,Y,115185456,0.38395152
41,463,Y,115141608,0.38380536
345,27,Y,115113576,0.38371192
832,88,Y,115104232,0.38368077333333334
358,28,Y,114989464,0.38329821333333336
864,92,Y,114893912,0.3829797066666667
88,832,Y,114875936,0.38291978666666665
524,49,Y,114842952,0.38280984
201,9,Y,114743048,0.38247682666666666
69,682,Y,114671680,0.38223893333333336
67,671,Y,114629384,0.3820979466666667
401,34,Y,114589096,0.3819636533333333
945,102,Y,114585560,0.3819518666666667
3,156,Y,114509288,0.3816976266666667
118,1073,Y,114467792,0.38155930666666665
89,840,Y,114265880,0.3808862666666667
984,107,Y,114252864,0.38084288
432,38,Y,114189184,0.3806306133333333
44,482,Y,114152808,0.38050936
111,1017,Y,113996944,0.37998981333333337
120,1094,Y,113895304,0.37965101333333334
104,964,Y,113892712,0.37964237333333334
40,449,Y,113498232,0.37832743999999996
390,32,Y,113488552,0.37829517333333335
53,558,Y,113376720,0.3779224
380,31,Y,113273600,0.3775786666666667
512,48,Y,112997808,0.37665936
223,11,Y,112984728,0.37661576
961,104,Y,112971296,0.37657098666666666
164,4,Y,112790064,0.37596688
59,603,Y,112789816,0.3759660533333333
1,138,Y,112492536,0.37497512
51,543,Y,112487600,0.37495866666666666
9,203,Y,112333816,0.37444605333333336
723,74,Y,112327520,0.37442506666666664
8,193,Y,112198264,0.3739942133333334
948,102,Y,111984552,0.37328184
940,101,Y,111811864,0.3727062133333333
1141,126,Y,111712352,0.37237450666666666
2,145,Y,111698696,0.3723289866666667
578,56,Y,111624984,0.37208328
78,759,Y,111515048,0.37171682666666667
1089,120,Y,111430296,0.37143432
32,385,Y,111310328,0.37103442666666664
952,103,Y,111025488,0.37008496
589,57,Y,110965376,0.3698845866666666
463,41,Y,110871728,0.3695724266666667
378,31,Y,110815264,0.3693842133333333
949,102,Y,110682664,0.3689422133333333
104,965,Y,110629240,0.36876413333333335
37,427,Y,110595168,0.36865055999999996
847,89,Y,110515112,0.36838370666666664
107,985,Y,110413048,0.3680434933333333
109,1003,Y,110266056,0.36755351999999997
1064,117,Y,110149680,0.36716560000000004
114,1045,Y,110138944,0.36712981333333333
532,50,Y,110038504,0.3667950133333333
91,862,Y,109895216,0.3663173866666667
975,105,Y,109837408,0.3661246933333333
108,995,Y,109712872,0.3657095733333333
685,69,Y,109682568,0.36560856
85,813,Y,109581864,0.36527287999999997
110,1013,Y,109475960,0.36491986666666665
46,502,Y,108990936,0.36330312000000003
108,996,Y,108985968,0.36328656000000004
637,63,Y,108917208,0.36305736
599,58,Y,108787880,0.36262626666666664
449,40,Y,108776512,0.3625883733333333
34,401,Y,108673336,0.3622444533333333
656,66,Y,108585960,0.3619532
238,13,Y,108530008,0.36176669333333333
633,63,Y,108513144,0.36171048
61,621,Y,108422256,0.36140752
202,9,Y,108355728,0.36118576
9,205,Y,108237560,0.3607918666666667
967,104,Y,108119552,0.3603985066666667
63,633,Y,108028296,0.36009432
434,38,Y,107903632,0.35967877333333337
22,306,Y,107850464,0.35950154666666667
579,56,Y,107840912,0.35946970666666667
109,1000,Y,107822096,0.35940698666666665
42,467,Y,107733176,0.3591105866666667
325,24,Y,107690680,0.35896893333333335
47,504,Y,107675408,0.35891802666666667
93,877,Y,107654416,0.35884805333333336
125,1129,Y,107632536,0.35877512
466,42,Y,107500232,0.3583341066666667
20,291,Y,107450752,0.35816917333333337
189,7,Y,107415224,0.3580507466666667
50,532,Y,107326304,0.35775434666666667
43,478,Y,107317208,0.3577240266666667
321,24,Y,107186928,0.35728976
58,598,Y,107160096,0.35720032
84,800,Y,107101168,0.3570038933333333
295,20,Y,107096784,0.35698928
66,659,Y,107031304,0.35677101333333333
1113,123,Y,106903272,0.35634424000000003
1127,124,Y,106805432,0.35601810666666667
443,39,Y,106728336,0.35576112
1059,116,Y,106727584,0.3557586133333333
959,103,Y,106567696,0.35522565333333334
3,152,Y,106450936,0.3548364533333333
856,91,Y,106413464,0.35471154666666666
74,724,Y,106394296,0.35464765333333337
403,34,Y,106323416,0.35441138666666666
412,35,Y,106196128,0.35398709333333334
753,78,Y,106163984,0.35387994666666667
469,42,Y,106138352,0.3537945066666667
7,188,Y,106077256,0.3535908533333333
298,21,Y,106036504,0.35345501333333335
36,418,Y,106034568,0.35344856
311,22,Y,106012816,0.35337605333333333
530,50,Y,105990312,0.35330104
31,383,Y,105971104,0.35323701333333335
200,9,Y,105890264,0.35296754666666663
974,105,Y,105823864,0.35274621333333334
175,5,Y,105798272,0.35266090666666666
304,22,Y,105742632,0.35247544
1130,125,Y,105732280,0.3524409333333333
883,94,Y,105678768,0.35226256
55,574,Y,105570920,0.35190306666666665
84,803,Y,105562624,0.35187541333333333
1148,127,Y,105549456,0.35183151999999995
118,1076,Y,105511096,0.35170365333333337
66,660,Y,105500536,0.3516684533333333
13,234,Y,105488640,0.35162879999999996
785,82,Y,105443352,0.35147784
545,52,Y,105376216,0.3512540533333333
996,108,Y,105225912,0.35075304
184,7,Y,105221480,0.3507382666666667
712,73,Y,104984736,0.34994912
6,181,Y,104979448,0.34993149333333334
37,425,Y,104903464,0.3496782133333333
920,99,Y,104850032,0.3495001066666667
28,353,Y,104736848,0.34912282666666666
611,60,Y,104649160,0.3488305333333333
82,786,Y,104570800,0.34856933333333334
250,15,Y,104541936,0.34847312
74,723,Y,104519944,0.34839981333333336
113,1032,Y,104473256,0.3482441866666667
305,22,Y,104451024,0.34817008
873,93,Y,104325392,0.34775130666666665
986,107,Y,104296344,0.34765448
103,958,Y,104276304,0.34758768
49,520,Y,104250184,0.3475006133333333
46,500,Y,104226568,0.34742189333333334
114,1044,Y,104022368,0.3467412266666667
6,180,Y,104013704,0.34671234666666667
67,664,Y,103995472,0.3466515733333333
481,44,Y,103986616,0.3466220533333333
872,93,Y,103979136,0.34659712
35,408,Y,103892640,0.3463088
1040,114,Y,103797520,0.34599173333333333
619,61,Y,103740944,0.34580314666666667
57,587,Y,103694928,0.34564976
73,719,Y,103686048,0.34562016
25,333,Y,103625408,0.34541802666666666
573,55,Y,103608016,0.34536005333333336
219,11,Y,103582064,0.3452735466666667
765,79,Y,103538544,0.34512848
122,1107,Y,103530496,0.3451016533333333
170,5,Y,103481624,0.3449387466666667
29,364,Y,103378128,0.34459375999999997
99,922,Y,103371064,0.3445702133333333
993,108,Y,103304760,0.34434919999999997
306,22,Y,103258640,0.34419546666666667
6,178,Y,103170456,0.34390152
59,602,Y,103134504,0.34378168
51,541,Y,102970360,0.34323453333333337
51,538,Y,102645144,0.34215048
418,36,Y,102625848,0.34208616000000003
522,49,Y,102570880,0.3419029333333333
584,57,Y,102535120,0.34178373333333334
33,399,Y,102527976,0.34175992
706,72,Y,102438032,0.34146010666666665
12,228,Y,102404752,0.3413491733333333
1044,114,Y,102393160,0.34131053333333333
64,640,Y,102369944,0.34123314666666665
78,757,Y,102353624,0.34117874666666664
54,564,Y,102248664,0.34082888
289,20,Y,102056448,0.34018816
287,19,Y,102049784,0.34016594666666666
1095,120,Y,102036096,0.34012032
958,103,Y,102014968,0.34004989333333335
30,375,Y,101888464,0.3396282133333333
0,135,Y,101848744,0.33949581333333334
664,67,Y,101770944,0.33923648
16,257,Y,101741560,0.3391385333333333
25,331,Y,101707656,0.33902552
67,670,Y,101632568,0.33877522666666665
268,17,Y,101583592,0.3386119733333333
255,15,Y,101525280,0.3384176
336,26,Y,101507304,0.33835768
11,222,Y,101496000,0.33832
1091,120,Y,101466832,0.33822277333333334
199,8,Y,101450160,0.3381672
140,1,Y,101199568,0.33733189333333335
738,76,Y,101025136,0.3367504533333333
116,1057,Y,101011288,0.3367042933333333
634,63,Y,100996568,0.3366552266666667
100,932,Y,100991184,0.33663728000000004
776,81,Y,100968128,0.33656042666666663
52,549,Y,100847312,0.33615770666666667
123,1115,Y,100827536,0.33609178666666667
52,546,Y,100798720,0.3359957333333333
492,45,Y,100792560,0.33597520000000003
43,472,Y,100773256,0.3359108533333333
45,488,Y,100656704,0.3355223466666667
529,50,Y,100580120,0.33526706666666667
53,555,Y,100579288,0.3352642933333333
657,66,Y,100331256,0.33443752000000004
65,655,Y,100236912,0.33412304
759,78,Y,100219192,0.3340639733333333
735,75,Y,100068432,0.33356144
110,1008,Y,100033864,0.33344621333333335
83,797,Y,99868832,0.33289610666666664
94,881,Y,99708736,0.33236245333333336
62,627,Y,99678680,0.33226226666666664
819,86,Y,99605480,0.3320182666666667
866,92,Y,99551624,0.3318387466666667
282,19,Y,99398504,0.33132834666666666
141,1,Y,99372072,0.33124024
97,909,Y,99215416,0.3307180533333334
11,218,Y,99095896,0.3303196533333333
36,417,Y,98989456,0.3299648533333333
162,4,Y,98987240,0.3299574666666667
59,606,Y,98957232,0.32985744
482,44,Y,98889944,0.32963314666666665
461,41,Y,98799136,0.32933045333333333
69,685,Y,98798168,0.32932722666666664
326,24,Y,98792368,0.3293078933333333
649,65,Y,98749768,0.3291658933333333
837,88,Y,98701136,0.3290037866666667
56,577,Y,98641576,0.3288052533333333
477,43,Y,98571736,0.32857245333333335
28,358,Y,98562120,0.3285404
902,96,Y,98557280,0.3285242666666667
11,217,Y,98517560,0.32839186666666664
739,76,Y,98441328,0.32813776
313,23,Y,98246272,0.32748757333333334
827,87,Y,98131640,0.3271054666666667
1103,121,Y,98124384,0.32708128
21,302,Y,98106408,0.32702136
263,16,Y,98092424,0.32697474666666665
828,87,Y,98085168,0.32695056
56,578,Y,98040000,0.3268
47,505,Y,98009816,0.32669938666666665
103,954,Y,97894992,0.32631664000000005
245,14,Y,97894040,0.32631346666666666
195,8,Y,97828856,0.3260961866666667
608,60,Y,97812184,0.32604061333333334
419,36,Y,97672504,0.32557501333333333
26,339,Y,97645480,0.32548493333333334
710,72,Y,97631152,0.32543717333333333
467,42,Y,97629792,0.32543264
274,18,Y,97584704,0.32528234666666667
1105,122,Y,97555816,0.32518605333333334
97,904,Y,97554416,0.3251813866666666
105,969,Y,97532160,0.3251072
38,435,Y,97502896,0.3250096533333333
554,53,Y,97470864,0.32490288
9,201,Y,97463848,0.3248794933333333
452,40,Y,97456568,0.32485522666666666
124,1122,Y,97391200,0.32463733333333333
40,455,Y,97384040,0.3246134666666667
9,207,Y,97350656,0.3245021866666667
834,88,Y,97329000,0.32443
91,859,Y,97206048,0.32402016
136,1,Y,97140584,0.3238019466666667
19,281,Y,97103088,0.32367695999999996
119,1087,Y,97068328,0.3235610933333333
118,1075,Y,97032680,0.32344226666666664
97,908,Y,97024584,0.32341527999999997
104,967,Y,96918360,0.3230612
4,164,Y,96913544,0.32304514666666667
615,60,Y,96913408,0.32304469333333335
946,102,Y,96712360,0.3223745333333333
94,880,Y,96662632,0.32220877333333336
93,872,Y,96578848,0.32192949333333337
7,184,Y,96576992,0.3219233066666667
780,81,Y,96498568,0.32166189333333334
4,162,Y,96464400,0.321548
988,107,Y,96431096,0.32143698666666665
118,1072,Y,96405360,0.3213512
118,1078,Y,96323856,0.32107952
951,102,Y,96141664,0.3204722133333333
1047,114,Y,96137872,0.32045957333333336
233,13,Y,96130752,0.32043584
862,91,Y,96126112,0.32042037333333334
150,2,Y,96066232,0.3202207733333333
774,80,Y,96062640,0.3202088
585,57,Y,95976728,0.31992242666666665
853,90,Y,95947024,0.31982341333333336
43,473,Y,95932336,0.3197744533333333
64,642,Y,95894688,0.31964896
48,512,Y,95886728,0.3196224266666667
32,384,Y,95630312,0.3187677066666667
440,39,Y,95566632,0.31855543999999997
756,78,Y,95561648,0.31853882666666666
0,133,Y,95543152,0.3184771733333333
1019,111,Y,95493568,0.3183118933333333
42,465,Y,95455992,0.31818663999999997
21,303,Y,95375352,0.31791784
812,85,Y,95320592,0.31773530666666666
27,346,Y,95313520,0.31771173333333336
22,305,Y,95308184,0.31769394666666667
1,136,Y,95258768,0.31752922666666666
28,359,Y,95191840,0.3173061333333333
102,949,Y,95181648,0.31727216
85,815,Y,95170424,0.3172347466666667
980,106,Y,95120912,0.3170697066666667
327,24,Y,95095608,0.31698536
32,391,Y,95090040,0.3169668
398,33,Y,95018128,0.3167270933333333
552,53,Y,94990352,0.31663450666666665
386,32,Y,94974744,0.31658248
24,323,Y,94957440,0.3165248
225,12,Y,94912936,0.3163764533333333
102,950,Y,94870536,0.31623512
45,492,Y,94867704,0.31622568
27,350,Y,94842648,0.31614216
19,285,Y,94817792,0.31605930666666665
604,59,Y,94784824,0.3159494133333333
826,87,Y,94784176,0.31594725333333334
110,1010,Y,94763096,0.31587698666666664
101,941,Y,94733384,0.31577794666666664
106,976,Y,94703832,0.31567944
488,45,Y,94673960,0.31557986666666665
54,561,Y,94631824,0.3154394133333333
1063,116,Y,94624968,0.31541656
1114,123,Y,94566448,0.3152214933333333
106,977,Y,94550648,0.3151688266666667
715,73,Y,94538064,0.31512688
53,556,Y,94512208,0.31504069333333334
85,808,Y,94364464,0.3145482133333333
277,18,Y,94343456,0.31447818666666666
518,48,Y,94321736,0.3144057866666667
934,100,Y,94253040,0.31417680000000003
767,79,Y,94218168,0.31406056
718,73,Y,94212280,0.3140409333333333
642,64,Y,94189576,0.31396525333333336
43,475,Y,94153360,0.31384453333333334
757,78,Y,94143968,0.31381322666666667
1053,115,Y,94016680,0.31338893333333334
74,726,Y,93988624,0.31329541333333333
56,576,Y,93988128,0.31329376
68,674,Y,93931008,0.31310336
444,39,Y,93885832,0.3129527733333333
499,46,Y,93820512,0.31273503999999996
798,83,Y,93707848,0.31235949333333335
1056,116,Y,93666792,0.31222264
647,64,Y,93539032,0.31179677333333333
51,536,Y,93469776,0.31156592
59,607,Y,93456696,0.31152232
249,15,Y,93416112,0.31138704
39,440,Y,93406776,0.31135592
6,176,Y,93369480,0.3112316
880,94,Y,93344352,0.31114784
239,13,Y,93292504,0.3109750133333333
1079,118,Y,93204880,0.31068293333333336
48,513,Y,93173656,0.3105788533333333
843,89,Y,93149952,0.31049984
214,10,Y,93081072,0.31027024
47,508,Y,93049264,0.3101642133333333
905,97,Y,92984628,0.30994876
1128,125,Y,92953000,0.30984333333333336
875,93,Y,92839232,0.3094641066666666
127,1148,Y,92798488,0.30932829333333334
624,62,Y,92756712,0.30918904
46,499,Y,92752152,0.30917384
515,48,Y,92697616,0.3089920533333333
424,37,Y,92683976,0.3089465866666667
863,91,Y,92618992,0.3087299733333333
17,270,Y,92595504,0.30865168
48,515,Y,92477816,0.30825938666666663
106,980,Y,92383696,0.3079456533333333
87,831,Y,92359088,0.30786362666666667
118,1079,Y,92313696,0.30771232
50,535,Y,92212600,0.30737533333333333
275,18,Y,92200912,0.3073363733333333
117,1064,Y,92197816,0.3073260533333333
439,38,Y,92157216,0.30719072000000003
67,668,Y,92118712,0.30706237333333336
64,645,Y,92088344,0.30696114666666663
58,594,Y,92056616,0.3068553866666667
662,66,Y,92017960,0.30672653333333333
111,1019,Y,91971704,0.30657234666666666
1011,110,Y,91899424,0.3063314133333333
123,1117,Y,91887792,0.30629264
59,601,Y,91867576,0.30622525333333334
126,1137,Y,91840104,0.30613367999999996
121,1103,Y,91689816,0.30563271999999997
116,1063,Y,91679240,0.30559746666666665
34,400,Y,91667992,0.30555997333333335
137,1,Y,91663736,0.30554578666666665
139,1,Y,91611968,0.30537322666666666
544,52,Y,91590568,0.3053018933333333
1038,113,Y,91551152,0.3051705066666667
323,24,Y,91531136,0.30510378666666665
113,1036,Y,91526848,0.30508949333333335
1005,109,Y,91427408,0.3047580266666667
62,624,Y,91402296,0.30467432
533,50,Y,91323912,0.30441304
927,99,Y,91293608,0.3043120266666666
1080,119,Y,91258264,0.30419421333333335
95,893,Y,91150496,0.30383498666666664
1012,110,Y,91130528,0.3037684266666667
954,103,Y,91084536,0.30361512
96,896,Y,91053368,0.30351122666666663
48,519,Y,91016176,0.30338725333333333
676,68,Y,90881952,0.30293984
583,56,Y,90846920,0.30282306666666664
66,658,Y,90843920,0.3028130666666667
0,130,Y,90777560,0.30259186666666665
100,933,Y,90742656,0.30247552
74,725,Y,90732016,0.30244005333333335
44,486,Y,90723184,0.30241061333333336
70,690,Y,90720240,0.30240079999999997
42,468,Y,90654560,0.3021818666666667
126,1138,Y,90601960,0.3020065333333333
43,479,Y,90581592,0.30193864
244,14,Y,90565248,0.30188416
88,839,Y,90536128,0.3017870933333333
392,33,Y,90448712,0.30149570666666664
605,59,Y,90432528,0.30144176
66,657,Y,90419456,0.3013981866666667
699,71,Y,90412008,0.30137336
88,833,Y,90400232,0.30133410666666666
18,277,Y,90349608,0.30116536
56,583,Y,90328816,0.30109605333333334
41,456,Y,90239480,0.30079826666666665
121,1100,Y,90189424,0.3006314133333333
24,327,Y,90123816,0.30041272
88,835,Y,90050528,0.30016842666666665
156,3,Y,90029768,0.30009922666666666
75,733,Y,89950904,0.29983634666666664
376,31,Y,89926152,0.29975384
893,95,Y,89890440,0.2996348
299,21,Y,89872512,0.29957503999999996
103,956,Y,89858816,0.2995293866666667
198,8,Y,89838848,0.2994628266666667
968,105,Y,89756128,0.2991870933333333
997,108,Y,89706856,0.29902285333333334
16,256,Y,89692992,0.29897664
108,998,Y,89667320,0.29889106666666665
761,79,Y,89654720,0.29884906666666666
45,490,Y,89624696,0.29874898666666666
1067,117,Y,89584608,0.29861536
10,215,Y,89577536,0.29859178666666664
21,296,Y,89567904,0.29855968
1090,120,Y,89555816,0.29851938666666666
596,58,Y,89530648,0.2984354933333333
17,265,Y,89521680,0.2984056
854,90,Y,89442376,0.29814125333333336
602,59,Y,89433272,0.2981109066666667
285,19,Y,89414576,0.29804858666666667
559,53,Y,89396488,0.2979882933333333
104,961,Y,89357192,0.29785730666666665
580,56,Y,89324448,0.29774816
501,46,Y,89312360,0.29770786666666665
40,452,Y,89282616,0.29760872
79,766,Y,89259480,0.2975316
877,93,Y,89231704,0.29743901333333334
124,1126,Y,89228520,0.29742840000000004
115,1048,Y,89226120,0.2974204
99,920,Y,89180632,0.29726877333333335
158,3,Y,89168360,0.2972278666666667
83,795,Y,89115904,0.29705301333333334
316,23,Y,89091256,0.29697085333333334
1,140,Y,89068408,0.29689469333333335
99,924,Y,89046824,0.29682274666666664
73,718,Y,89043272,0.29681090666666665
125,1135,Y,88986464,0.2966215466666667
49,527,Y,88956856,0.29652285333333334
661,66,Y,88936712,0.29645570666666665
415,35,Y,88904600,0.29634866666666665
60,610,Y,88857320,0.29619106666666667
957,103,Y,88842232,0.29614077333333333
1139,126,Y,88760104,0.2958670133333333
79,762,Y,88739904,0.29579968
124,1124,Y,88695936,0.29565312
4,163,Y,88666792,0.29555597333333333
458,41,Y,88659736,0.29553245333333333
797,83,Y,88647016,0.29549005333333334
121,1101,Y,88636584,0.29545528
107,990,Y,88632440,0.29544146666666665
560,54,Y,88579736,0.2952657866666667
35,410,Y,88575760,0.29525253333333334
591,57,Y,88469680,0.29489893333333334
82,788,Y,88430576,0.29476858666666667
29,360,Y,88376960,0.29458986666666664
891,95,Y,88357168,0.2945238933333333
593,58,Y,88355912,0.29451970666666666
76,743,Y,88290360,0.2943012
72,709,Y,88274856,0.29424952
44,481,Y,88221024,0.29407008
688,70,Y,88179840,0.2939328
483,44,Y,88159528,0.2938650933333333
33,397,Y,88119944,0.29373314666666667
670,67,Y,88085304,0.29361768
616,61,Y,88035984,0.29345328
24,324,Y,88034216,0.2934473866666667
73,714,Y,87981792,0.29327264
144,2,Y,87972152,0.2932405066666666
48,514,Y,87961520,0.2932050666666667
51,542,Y,87893760,0.2929792
700,71,Y,87873400,0.2929113333333333
674,68,Y,87861696,0.29287231999999996
895,95,Y,87744176,0.29248058666666665
494,45,Y,87730776,0.29243592
833,88,Y,87659064,0.29219688
935,100,Y,87578224,0.29192741333333333
124,1123,Y,87453728,0.29151242666666666
15,253,Y,87441440,0.2914714666666667
23,319,Y,87359272,0.29119757333333335
91,863,Y,87301040,0.29100346666666665
68,676,Y,87289096,0.29096365333333335
1025,112,Y,87282416,0.2909413866666667
11,223,Y,87266568,0.29088856
2,149,Y,87254496,0.29084832
40,450,Y,87190624,0.2906354133333333
31,380,Y,87188216,0.2906273866666667
586,57,Y,87181080,0.29060359999999996
84,807,Y,87149048,0.29049682666666665
745,77,Y,87143200,0.29047733333333337
113,1035,Y,87115432,0.29038477333333335
7,185,Y,87048952,0.2901631733333333
707,72,Y,87025728,0.29008575999999997
109,1002,Y,86988856,0.2899628533333333
45,495,Y,86925400,0.2897513333333333
3,155,Y,86904808,0.28968269333333335
85,811,Y,86856576,0.28952192
508,47,Y,86851936,0.28950645333333336
73,713,Y,86846376,0.28948792
97,905,Y,86834600,0.2894486666666667
61,622,Y,86805464,0.2893515466666667
77,749,Y,86788392,0.28929464
728,75,Y,86711552,0.28903850666666664
1126,124,Y,86686328,0.28895442666666665
805,84,Y,86671528,0.2889050933333333
46,503,Y,86658912,0.28886303999999996
846,89,Y,86606456,0.2886881866666667
744,77,Y,86587400,0.28862466666666664
50,533,Y,86562952,0.28854317333333335
203,9,Y,86535904,0.28845301333333334
527,49,Y,86501896,0.28833965333333333
49,521,Y,86468752,0.2882291733333333
89,844,Y,86392976,0.28797658666666665
566,54,Y,86391152,0.2879705066666667
28,357,Y,86375192,0.28791730666666665
56,582,Y,86331008,0.2877700266666667
1093,120,Y,86329104,0.28776368
32,389,Y,86320400,0.28773466666666664
92,864,Y,86276360,0.2875878666666667
94,885,Y,86269376,0.2875645866666667
18,279,Y,86240256,0.28746752000000003
1031,112,Y,86233392,0.28744464
15,251,Y,86088400,0.2869613333333333
64,647,Y,86077016,0.28692338666666667
88,836,Y,86053272,0.28684424
29,361,Y,86038840,0.2867961333333333
9,204,Y,85993752,0.28664584
368,30,Y,85987912,0.28662637333333335
1143,126,Y,85985056,0.2866168533333333
57,591,Y,85964024,0.2865467466666667
551,52,Y,85912536,0.28637512
793,83,Y,85834416,0.28611472
562,54,Y,85816192,0.2860539733333333
117,1066,Y,85806352,0.2860211733333333
58,592,Y,85776136,0.2859204533333333
1111,122,Y,85754384,0.2858479466666667
115,1052,Y,85723008,0.28574336
645,64,Y,85707280,0.28569093333333334
1060,116,Y,85702656,0.28567552
124,1121,Y,85664344,0.28554781333333334
73,716,Y,85648928,0.2854964266666667
577,56,Y,85640136,0.28546712
998,108,Y,85610080,0.28536693333333335
491,45,Y,85608928,0.2853630933333333
62,630,Y,85550296,0.2851676533333333
538,51,Y,85540104,0.28513368
567,54,Y,85534032,0.28511344
1142,126,Y,85531576,0.28510525333333336
63,632,Y,85450304,0.2848343466666667
105,972,Y,85379904,0.28459968
112,1031,Y,85347176,0.28449058666666666
475,43,Y,85292344,0.2843078133333333
56,580,Y,85219592,0.2840653066666667
25,330,Y,85174736,0.28391578666666667
55,572,Y,85157104,0.28385701333333335
190,7,Y,85144272,0.28381424
695,70,Y,85136672,0.2837889066666667
351,27,Y,85101832,0.2836727733333333
41,462,Y,85056624,0.28352208
102,947,Y,85049504,0.2834983466666667
581,56,Y,85007856,0.28335952
928,100,Y,84976480,0.28325493333333335
70,695,Y,84965456,0.2832181866666667
516,48,Y,84941016,0.28313672
67,669,Y,84927781,0.2830926033333333
789,82,Y,84920072,0.2830669066666667
90,849,Y,84913856,0.28304618666666664
1004,109,Y,84912192,0.28304064
519,48,Y,84911464,0.28303821333333334
14,247,Y,84862392,0.28287464
507,47,Y,84816632,0.28272210666666664
265,17,Y,84789224,0.28263074666666665
100,928,Y,84718296,0.28239432
19,283,Y,84717264,0.28239087999999996
116,1058,Y,84653392,0.28217797333333333
869,92,Y,84518112,0.28172704
75,732,Y,84512496,0.28170831999999996
922,99,Y,84288376,0.2809612533333333
8,194,Y,84283808,0.2809460266666667
421,36,Y,84245448,0.28081816
438,38,Y,84228784,0.2807626133333333
626,62,Y,84212024,0.2807067466666667
22,311,Y,84161232,0.28053743999999997
628,62,Y,84148952,0.28049650666666665
224,12,Y,84148432,0.28049477333333334
66,661,Y,84066784,0.2802226133333333
1115,123,Y,84035424,0.28011808
678,68,Y,84030488,0.28010162666666666
70,691,Y,83997016,0.2799900533333333
187,7,Y,83994288,0.27998096
109,1001,Y,83869280,0.27956426666666667
260,16,Y,83845960,0.27948653333333334
28,355,Y,83831256,0.27943752
87,830,Y,83804104,0.27934701333333334
849,90,Y,83803664,0.27934554666666667
104,960,Y,83762072,0.2792069066666667
963,104,Y,83727984,0.27909328
924,99,Y,83668792,0.2788959733333333
807,84,Y,83666984,0.27888994666666667
94,883,Y,83619752,0.27873250666666666
68,679,Y,83618792,0.2787293066666667
406,34,Y,83590480,0.27863493333333333
936,101,Y,83565584,0.27855194666666666
31,376,Y,83547544,0.27849181333333334
520,49,Y,83489215,0.27829738333333337
69,681,Y,83458232,0.27819410666666666
48,516,Y,83418320,0.27806106666666663
95,892,Y,83377504,0.2779250133333333
22,310,Y,83364880,0.2778829333333333
78,753,Y,83361296,0.27787098666666665
823,86,Y,83354301,0.27784767
451,40,Y,83339392,0.27779797333333334
97,911,Y,83337904,0.27779301333333334
264,17,Y,83302808,0.2776760266666667
115,1050,Y,83301464,0.27767154666666666
40,454,Y,83288248,0.27762749333333336
388,32,Y,83274720,0.2775824
17,267,Y,83159384,0.27719794666666664
77,748,Y,83155544,0.27718514666666666
334,25,Y,83114616,0.27704871999999997
858,91,Y,83020024,0.27673341333333334
373,30,Y,82992480,0.2766416
69,684,Y,82940400,0.276468
396,33,Y,82900416,0.27633472
294,20,Y,82845216,0.27615072
867,92,Y,82724016,0.27574672
281,19,Y,82716136,0.27572045333333334
95,888,Y,82711728,0.27570576
2,144,Y,82710456,0.27570152
81,781,Y,82655800,0.27551933333333334
374,30,Y,82653296,0.2755109866666667
13,233,Y,82629536,0.2754317866666667
111,1016,Y,82582072,0.27527357333333335
113,1033,Y,82579136,0.2752637866666667
125,1131,Y,82547624,0.2751587466666666
286,19,Y,82475872,0.27491957333333333
119,1083,Y,82460784,0.27486928
1073,118,Y,82453472,0.27484490666666667
151,2,Y,82335384,0.27445128
22,307,Y,82331056,0.27443685333333334
81,783,Y,82265920,0.2742197333333333
292,20,Y,82251648,0.27417216
82,790,Y,82250856,0.27416952
570,55,Y,82249744,0.27416581333333334
1077,118,Y,82234056,0.27411352
21,301,Y,82201256,0.27400418666666665
355,28,Y,82163112,0.27387704
125,1128,Y,82126464,0.27375488000000003
107,991,Y,82114680,0.2737156
29,365,Y,82074200,0.2735806666666667
343,26,Y,81881120,0.2729370666666667
7,187,Y,81868936,0.27289645333333334
55,571,Y,81863752,0.27287917333333334
338,26,Y,81821232,0.27273744
25,335,Y,81809352,0.27269783999999997
1083,119,Y,81807216,0.27269072
762,79,Y,81775000,0.2725833333333333
67,666,Y,81773592,0.27257864000000004
49,525,Y,81768312,0.27256104
324,24,Y,81761880,0.2725396
57,588,Y,81758944,0.2725298133333333
15,252,Y,81748728,0.27249576
933,100,Y,81735784,0.2724526133333333
21,300,Y,81709872,0.27236624
865,92,Y,81704728,0.27234909333333335
1082,119,Y,81694672,0.27231557333333334
101,937,Y,81661272,0.27220424000000004
126,1140,Y,81585104,0.2719503466666667
43,474,Y,81548480,0.27182826666666665
105,973,Y,81514024,0.2717134133333333
18,274,Y,81509336,0.27169778666666666
52,550,Y,81378664,0.27126221333333334
210,10,Y,81366728,0.2712224266666667
416,36,Y,81362952,0.27120984000000004
121,1102,Y,81356792,0.27118930666666663
1017,111,Y,81355152,0.27118384
385,32,Y,81262016,0.2708733866666667
25,334,Y,81257536,0.2708584533333333
23,315,Y,81254736,0.27084912
72,710,Y,81234288,0.27078096
888,95,Y,81195392,0.2706513066666667
26,342,Y,81193968,0.27064656000000004
1125,124,Y,81155864,0.27051954666666667
63,637,Y,81118696,0.2703956533333333
107,988,Y,81105552,0.27035184
39,446,Y,81088232,0.27029410666666664
1145,127,Y,81071976,0.27023991999999997
115,1053,Y,81069440,0.27023146666666664
53,554,Y,81028848,0.27009616000000003
65,653,Y,81008712,0.27002904
47,509,Y,80857216,0.26952405333333335
220,11,Y,80810120,0.26936706666666665
836,88,Y,80780944,0.26926981333333333
123,1119,Y,80762144,0.2692071466666667
781,81,Y,80730584,0.26910194666666665
91,857,Y,80710544,0.26903514666666667
16,263,Y,80654448,0.26884816
537,51,Y,80572072,0.2685735733333333
37,428,Y,80565408,0.26855135999999996
135,0,Y,80551984,0.2685066133333333
41,457,Y,80544152,0.2684805066666667
54,565,Y,80514888,0.26838296
766,79,Y,80494712,0.26831570666666665
337,26,Y,80489336,0.2682977866666667
72,704,Y,80468968,0.26822989333333336
24,320,Y,80394944,0.26798314666666667
387,32,Y,80390912,0.26796970666666664
788,82,Y,80327176,0.26775725333333333
24,325,Y,80318880,0.2677296
32,388,Y,80308312,0.26769437333333335
61,616,Y,80275776,0.26758592000000003
83,796,Y,80257520,0.2675250666666667
12,230,Y,80200448,0.26733482666666664
126,1136,Y,80153584,0.2671786133333333
1108,122,Y,80132632,0.2671087733333333
470,42,Y,80059824,0.26686608
878,93,Y,80057152,0.26685717333333336
39,445,Y,80043416,0.26681138666666665
211,10,Y,80042184,0.26680728
105,968,Y,80020176,0.26673392
155,3,Y,79986823,0.26662274333333336
63,634,Y,79972848,0.26657616
1024,112,Y,79921536,0.26640512
81,779,Y,79858616,0.26619538666666664
65,649,Y,79811552,0.2660385066666666
192,8,Y,79758088,0.26586029333333333
553,53,Y,79701456,0.26567152
342,26,Y,79679176,0.26559725333333334
112,1030,Y,79646224,0.2654874133333333
213,10,Y,79603008,0.26534336
884,94,Y,79587208,0.2652906933333333
609,60,Y,79566392,0.26522130666666666
764,79,Y,79553608,0.2651786933333333
119,1082,Y,79548344,0.2651611466666667
39,442,Y,79534912,0.2651163733333334
134,0,Y,79394944,0.2646498133333333
802,84,Y,79372320,0.2645744
98,918,Y,79295352,0.26431784
163,4,Y,79285248,0.26428416
720,74,Y,79283448,0.26427816
107,986,Y,79227384,0.26409128
257,16,Y,79213760,0.2640458666666667
269,17,Y,79150224,0.26383408
132,0,Y,79130976,0.26376992
50,531,Y,79117336,0.26372445333333333
105,975,Y,79113328,0.2637110933333333
71,699,Y,79110680,0.26370226666666663
941,101,Y,79107904,0.26369301333333334
28,352,Y,79084336,0.26361445333333333
1048,115,Y,79064528,0.26354842666666667
2,148,Y,78998608,0.2633286933333333
822,86,Y,78979616,0.26326538666666666
582,56,Y,78923600,0.2630786666666667
93,874,Y,78923296,0.26307765333333333
76,737,Y,78900936,0.26300312000000003
4,166,Y,78892080,0.26297360000000003
749,77,Y,78868280,0.26289426666666665
78,756,Y,78863424,0.26287808
251,15,Y,78800792,0.26266930666666666
30,372,Y,78713032,0.2623767733333333
721,74,Y,78710592,0.26236864000000004
309,22,Y,78677744,0.26225914666666666
24,322,Y,78636960,0.2621232
273,18,Y,78634040,0.26211346666666663
209,10,Y,78591976,0.2619732533333333
857,91,Y,78444416,0.26148138666666665
87,826,Y,78438048,0.26146016
31,378,Y,78403992,0.26134664
75,730,Y,78365576,0.2612185866666667
644,64,Y,78305272,0.26101757333333336
473,43,Y,78289272,0.26096423999999996
106,981,Y,78280664,0.26093554666666663
74,721,Y,78278256,0.26092751999999997
43,476,Y,78220064,0.2607335466666667
10,213,Y,78190832,0.2606361066666667
71,697,Y,78160832,0.26053610666666666
218,11,Y,78158696,0.2605289866666667
758,78,Y,78154792,0.2605159733333333
46,497,Y,78084880,0.2602829333333333
52,551,Y,77972536,0.25990845333333334
407,34,Y,77969656,0.25989885333333335
65,651,Y,77931768,0.25977256000000004
668,67,Y,77924120,0.25974706666666664
116,1059,Y,77910888,0.25970296
625,62,Y,77698552,0.25899517333333333
18,276,Y,77670856,0.25890285333333335
169,5,Y,77636792,0.25878930666666666
2,151,Y,77633488,0.2587782933333333
101,936,Y,77597536,0.25865845333333337
54,562,Y,77537832,0.25845944
99,923,Y,77536752,0.25845584
471,42,Y,77508896,0.2583629866666667
929,100,Y,77455072,0.25818357333333336
939,101,Y,77437448,0.25812482666666664
96,899,Y,77376232,0.25792077333333335
363,29,Y,77362824,0.25787608
98,915,Y,77319184,0.2577306133333333
62,629,Y,77304592,0.25768197333333337
23,314,Y,77300408,0.25766802666666666
92,871,Y,77297320,0.2576577333333333
1036,113,Y,77296464,0.25765488
79,760,Y,77208568,0.25736189333333337
85,812,Y,77179632,0.25726544
36,416,Y,77166896,0.25722298666666665
1101,121,Y,77146152,0.25715384
246,14,Y,77105752,0.2570191733333333
303,21,Y,77092328,0.2569744266666667
1049,115,Y,77081160,0.2569372
117,1068,Y,77054888,0.25684962666666666
41,461,Y,77049416,0.25683138666666666
1037,113,Y,76983152,0.2566105066666666
26,341,Y,76979152,0.2565971733333334
547,52,Y,76948296,0.25649432
102,946,Y,76947712,0.25649237333333336
182,6,Y,76880952,0.25626984
256,16,Y,76873568,0.25624522666666666
931,100,Y,76870160,0.25623386666666664
66,663,Y,76867648,0.25622549333333333
490,45,Y,76796416,0.25598805333333335
349,27,Y,76792592,0.2559753066666667
23,317,Y,76776480,0.2559216
70,692,Y,76710032,0.25570010666666665
779,81,Y,76695776,0.2556525866666667
704,72,Y,76660336,0.25553445333333336
93,876,Y,76654264,0.25551421333333335
55,568,Y,76649936,0.2554997866666667
57,589,Y,76641056,0.25547018666666665
870,92,Y,76561480,0.25520493333333333
122,1108,Y,76549504,0.25516501333333336
284,19,Y,76522000,0.2550733333333334
98,914,Y,76494168,0.25498055999999997
384,32,Y,76485728,0.2549524266666667
113,1037,Y,76439632,0.25479877333333334
56,581,Y,76380232,0.2546007733333333
565,54,Y,76377648,0.25459215999999996
603,59,Y,76359944,0.25453314666666665
109,1004,Y,76358536,0.25452845333333335
85,814,Y,76320696,0.25440232
722,74,Y,76272480,0.2542416
364,29,Y,76235096,0.25411698666666666
955,103,Y,76229664,0.25409887999999997
76,742,Y,76221864,0.25407288
89,842,Y,76179864,0.25393287999999997
94,882,Y,76159592,0.2538653066666667
332,25,Y,76119600,0.253732
58,599,Y,76105920,0.2536864
98,916,Y,76069840,0.25356613333333333
271,17,Y,76028744,0.25342914666666666
500,46,Y,76000560,0.2533352
177,6,Y,75811200,0.252704
100,931,Y,75783744,0.25261248000000003
12,229,Y,75779744,0.25259914666666666
561,54,Y,75686912,0.25228970666666667
91,861,Y,75684192,0.25228064
65,650,Y,75574248,0.25191416
248,15,Y,75570704,0.25190234666666667
708,72,Y,75532864,0.25177621333333333
59,604,Y,75514824,0.25171608
101,938,Y,75493416,0.25164472
113,1034,Y,75487232,0.2516241066666667
26,340,Y,75472792,0.25157597333333337
84,801,Y,75456432,0.25152144
641,64,Y,75340160,0.2511338666666667
478,43,Y,75316504,0.25105501333333335
259,16,Y,75214328,0.25071442666666666
372,30,Y,75192432,0.25064144
669,67,Y,75168440,0.2505614666666667
88,834,Y,75137928,0.25045976000000003
113,1039,Y,75117456,0.25039152
75,729,Y,75101424,0.25033808
126,1141,Y,75023320,0.25007773333333333
894,95,Y,75000976,0.25000325333333334
138,1,Y,74979560,0.24993186666666667
4,165,Y,74945312,0.2498177066666667
58,595,Y,74913560,0.24971186666666667
34,402,Y,74877392,0.24959130666666668
27,344,Y,74862288,0.24954095999999998
179,6,Y,74854160,0.24951386666666667
340,26,Y,74846744,0.24948914666666666
38,432,Y,74833144,0.24944381333333335
44,480,Y,74820408,0.24940136
72,706,Y,74800504,0.24933501333333333
1088,120,Y,74791312,0.24930437333333333
33,396,Y,74725352,0.24908450666666668
57,590,Y,74707680,0.2490256
923,99,Y,74705656,0.24901885333333332
67,665,Y,74693800,0.24897933333333333
1021,111,Y,74667224,0.24889074666666666
1134,125,Y,74644752,0.24881584
413,35,Y,74587496,0.24862498666666666
330,25,Y,74577296,0.24859098666666665
191,7,Y,74494440,0.2483148
90,848,Y,74472880,0.2482429333333333
1144,127,Y,74465280,0.2482176
686,69,Y,74457376,0.24819125333333333
889,95,Y,74456256,0.24818752000000002
773,80,Y,74444256,0.24814752
81,778,Y,74385440,0.24795146666666668
1028,112,Y,74325024,0.24775007999999998
1119,123,Y,74193056,0.24731018666666665
1097,121,Y,74189520,0.2472984
49,526,Y,74105712,0.24701904
51,537,Y,74081744,0.24693914666666666
152,3,Y,74023520,0.24674506666666668
27,347,Y,74019800,0.24673266666666666
15,254,Y,74013144,0.24671048
40,451,Y,73977096,0.24659031999999997
215,10,Y,73969288,0.24656429333333335
39,443,Y,73966136,0.24655378666666666
1107,122,Y,73962704,0.24654234666666666
145,2,Y,73909704,0.24636568
15,248,Y,73886488,0.24628829333333332
677,68,Y,73835208,0.24611735999999998
322,24,Y,73815496,0.24605165333333334
433,38,Y,73787392,0.24595797333333333
652,65,Y,73742808,0.24580936
72,711,Y,73673320,0.24557773333333333
31,377,Y,73653104,0.24551034666666668
830,87,Y,73606976,0.24535658666666668
39,441,Y,73605648,0.24535215999999999
613,60,Y,73586976,0.24528992000000002
394,33,Y,73572048,0.24524016
126,1142,Y,73555968,0.24518656
33,395,Y,73504768,0.24501589333333335
441,39,Y,73456112,0.24485370666666667
240,14,Y,73454832,0.24484944
47,507,Y,73397736,0.24465912
422,36,Y,73389048,0.24463015999999999
115,1049,Y,73371072,0.24457024
37,429,Y,73337672,0.24445890666666667
1029,112,Y,73186208,0.24395402666666666
348,27,Y,73172352,0.24390784000000001
977,106,Y,73113632,0.24371210666666665
30,373,Y,73068600,0.243562
65,654,Y,73024616,0.24341538666666665
206,9,Y,73003824,0.24334608
68,678,Y,72977272,0.24325757333333334
5,168,Y,72953208,0.24317736
196,8,Y,72934200,0.243114
40,453,Y,72875696,0.24291898666666667
1121,124,Y,72861920,0.2428730666666667
55,570,Y,72858888,0.24286296000000002
772,80,Y,72833736,0.24277912
550,52,Y,72812248,0.24270749333333333
965,104,Y,72809064,0.24269688
899,96,Y,72803952,0.24267984
971,105,Y,72731728,0.24243909333333333
52,545,Y,72721512,0.24240504000000002
38,437,Y,72667072,0.24222357333333333
1041,114,Y,72643528,0.24214509333333334
391,32,Y,72634024,0.24211341333333333
232,13,Y,72514336,0.24171445333333333
112,1028,Y,72509704,0.24169901333333335
106,983,Y,72471968,0.24157322666666664
127,1144,Y,72455384,0.24151794666666665
2,150,Y,72445680,0.2414856
105,971,Y,72441160,0.24147053333333332
359,28,Y,72432008,0.24144002666666667
80,769,Y,72405464,0.2413515466666667
489,45,Y,72396880,0.24132293333333335
1104,122,Y,72353448,0.24117816000000003
312,23,Y,72350848,0.24116949333333332
693,70,Y,72337088,0.24112362666666667
960,104,Y,72333624,0.24111208
588,57,Y,72323952,0.24107984000000002
1106,122,Y,72302296,0.24100765333333335
68,672,Y,72281168,0.24093722666666664
786,82,Y,72271408,0.2409046933333333
989,107,Y,72262712,0.24087570666666666
59,605,Y,72254216,0.24084738666666666
595,58,Y,72254000,0.24084666666666665
716,73,Y,72246704,0.2408223466666667
459,41,Y,72242232,0.24080744
10,209,Y,72224496,0.24074832
979,106,Y,72160448,0.24053482666666665
479,43,Y,72137640,0.2404588
896,96,Y,72101640,0.2403388
650,65,Y,72055968,0.24018656000000002
122,1106,Y,72027552,0.24009183999999997
486,44,Y,71999984,0.23999994666666666
186,7,Y,71980120,0.23993373333333332
60,609,Y,71971712,0.23990570666666666
904,97,Y,71969040,0.2398968
8,198,Y,71943376,0.2398112533333333
87,825,Y,71915360,0.23971786666666667
26,337,Y,71912760,0.2397092
37,426,Y,71910576,0.23970191999999999
75,731,Y,71904320,0.2396810666666667
65,652,Y,71872920,0.2395764
92,869,Y,71849616,0.23949872
197,8,Y,71722576,0.23907525333333332
102,951,Y,71709840,0.23903280000000002
1129,125,Y,71699248,0.23899749333333334
1043,114,Y,71609752,0.23869917333333335
729,75,Y,71602632,0.23867544000000002
114,1047,Y,71574808,0.23858269333333335
1039,113,Y,71530552,0.2384351733333333
76,741,Y,71500672,0.23833557333333336
539,51,Y,71487072,0.23829024
937,101,Y,71484408,0.23828136
17,268,Y,71443336,0.2381444533333333
143,1,Y,71439752,0.23813250666666666
103,959,Y,71389352,0.23796450666666666
655,65,Y,71382376,0.23794125333333332
1002,109,Y,71302976,0.23767658666666666
29,367,Y,71278776,0.23759592000000002
874,93,Y,71253440,0.23751146666666664
75,734,Y,71241640,0.23747213333333334
921,99,Y,71154528,0.23718176
842,89,Y,71153984,0.23717994666666667
72,708,Y,71151728,0.23717242666666666
280,19,Y,71137472,0.23712490666666666
983,106,Y,71079968,0.23693322666666666
111,1022,Y,71047056,0.23682351999999998
3,158,Y,71022480,0.23674159999999997
3,159,Y,70963568,0.23654522666666666
112,1024,Y,70958440,0.23652813333333333
1046,114,Y,70928480,0.2364282666666667
84,804,Y,70924552,0.23641517333333334
87,824,Y,70888504,0.23629501333333336
575,55,Y,70852888,0.23617629333333331
1123,124,Y,70804504,0.23601501333333333
1057,116,Y,70803304,0.23601101333333335
0,134,Y,70775152,0.23591717333333334
236,13,Y,70713168,0.23571056
791,82,Y,70710376,0.2357012533333333
660,66,Y,70685368,0.23561789333333333
53,559,Y,70652968,0.23550989333333333
94,886,Y,70638504,0.23546168
22,304,Y,70553112,0.23517704
42,471,Y,70525632,0.23508544
17,269,Y,70502400,0.235008
20,290,Y,70487648,0.23495882666666668
1023,111,Y,70465544,0.23488514666666666
341,26,Y,70460792,0.23486930666666667
42,466,Y,70443816,0.23481271999999997
103,955,Y,70440336,0.23480112000000003
1112,123,Y,70394880,0.2346496
734,75,Y,70392632,0.23464210666666666
83,793,Y,70380048,0.23460016
183,6,Y,70351088,0.23450362666666666
16,260,Y,70279752,0.23426584000000003
283,19,Y,70239536,0.23413178666666667
709,72,Y,70237328,0.23412442666666666
1007,109,Y,70206504,0.23402167999999998
68,673,Y,70206208,0.23402069333333334
127,1147,Y,70174024,0.23391341333333332
414,35,Y,70160448,0.23386816000000002
635,63,Y,70125008,0.23375002666666667
34,406,Y,70060528,0.23353509333333333
33,394,Y,70054632,0.23351544
16,262,Y,69991408,0.23330469333333334
18,278,Y,69986184,0.23328727999999999
71,703,Y,69983000,0.2332766666666667
925,99,Y,69949440,0.2331648
13,232,Y,69933128,0.23311042666666668
63,635,Y,69928984,0.23309661333333334
44,485,Y,69925792,0.23308597333333336
838,88,Y,69903920,0.23301306666666666
83,794,Y,69898224,0.23299408
318,23,Y,69896520,0.23298839999999998
442,39,Y,69893784,0.23297928
125,1133,Y,69832120,0.23277373333333334
747,77,Y,69829584,0.23276528000000002
964,104,Y,69800464,0.23266821333333332
844,89,Y,69794952,0.23264984
848,90,Y,69785264,0.23261754666666665
78,755,Y,69783968,0.23261322666666664
109,1005,Y,69744552,0.23248184
576,56,Y,69744376,0.23248125333333336
63,639,Y,69687400,0.23229133333333335
990,107,Y,69681336,0.23227112
667,67,Y,69668240,0.2322274666666667
154,3,Y,69625136,0.23208378666666665
266,17,Y,69572008,0.23190669333333333
71,700,Y,69558440,0.23186146666666668
801,84,Y,69552912,0.23184304
19,286,Y,69552272,0.23184090666666665
120,1095,Y,69529648,0.23176549333333335
111,1023,Y,69519472,0.23173157333333333
44,487,Y,69516024,0.23172008
80,772,Y,69499656,0.23166552
506,47,Y,69464320,0.23154773333333334
558,53,Y,69409664,0.23136554666666667
119,1081,Y,69399064,0.2313302133333333
110,1014,Y,69376680,0.23125559999999998
41,459,Y,69372520,0.23124173333333334
101,942,Y,69337160,0.23112386666666665
794,83,Y,69320520,0.23106839999999998
254,15,Y,69308480,0.23102826666666665
111,1020,Y,69280096,0.23093365333333332
531,50,Y,69269080,0.23089693333333333
48,517,Y,69229488,0.23076496
806,84,Y,69218448,0.23072816000000002
681,69,Y,69201928,0.23067309333333333
121,1096,Y,69190520,0.23063506666666667
50,534,Y,69188792,0.23062930666666667
231,12,Y,69146072,0.23048690666666669
71,698,Y,69066520,0.23022173333333332
911,97,Y,69061864,0.23020621333333333
982,106,Y,69041032,0.23013677333333332
60,614,Y,68980560,0.2299352
525,49,Y,68980280,0.22993426666666666
719,73,Y,68955616,0.22985205333333333
301,21,Y,68944912,0.22981637333333335
784,82,Y,68938480,0.2297949333333333
226,12,Y,68936248,0.22978749333333334
7,190,Y,68917584,0.22972527999999998
82,791,Y,68887824,0.22962607999999998
109,1006,Y,68886352,0.22962117333333332
1140,126,Y,68884272,0.22961424
90,855,Y,68865024,0.22955008000000002
10,211,Y,68820816,0.22940272000000003
78,754,Y,68805976,0.22935325333333334
713,73,Y,68738144,0.22912714666666667
502,46,Y,68737936,0.22912645333333337
72,707,Y,68705960,0.22901986666666665
102,948,Y,68671312,0.22890437333333336
44,483,Y,68654416,0.22884805333333336
1066,117,Y,68620472,0.22873490666666668
9,202,Y,68601000,0.22867
646,64,Y,68575472,0.22858490666666664
147,2,Y,68525712,0.22841904
4,167,Y,68521824,0.22840607999999998
79,764,Y,68518312,0.22839437333333334
12,226,Y,68503000,0.22834333333333331
229,12,Y,68488608,0.22829536
612,60,Y,68456968,0.22818989333333334
122,1111,Y,68440584,0.22813527999999997
825,87,Y,68398544,0.22799514666666668
472,43,Y,68398168,0.22799389333333334
813,85,Y,68368488,0.22789495999999998
841,89,Y,68325424,0.22775141333333335
455,40,Y,68300288,0.22766762666666668
80,768,Y,68298440,0.22766146666666665
614,60,Y,68294632,0.22764877333333336
947,102,Y,68269904,0.22756634666666664
32,386,Y,68192968,0.22730989333333332
37,424,Y,68174480,0.22724826666666664
592,58,Y,68142256,0.2271408533333333
970,105,Y,68132688,0.22710896000000003
751,77,Y,68123344,0.22707781333333332
35,412,Y,68121536,0.22707178666666666
743,76,Y,68112360,0.2270412
88,838,Y,68065392,0.22688463999999997
1078,118,Y,67956944,0.22652314666666667
1068,117,Y,67894088,0.22631362666666668
16,258,Y,67879760,0.22626586666666665
405,34,Y,67850000,0.22616666666666665
166,4,Y,67798224,0.22599408
411,35,Y,67768376,0.22589458666666667
96,901,Y,67737352,0.22579117333333334
523,49,Y,67667640,0.22555880000000003
221,11,Y,67635800,0.22545266666666666
42,470,Y,67634184,0.22544727999999997
127,1151,Y,67633112,0.2254437066666667
557,53,Y,67631728,0.2254390933333333
665,67,Y,67446856,0.22482285333333332
800,84,Y,67395808,0.22465269333333335
817,86,Y,67382280,0.22460760000000002
730,75,Y,67371736,0.22457245333333334
176,6,Y,67255792,0.22418597333333334
84,802,Y,67251720,0.2241724
92,868,Y,67200184,0.22400061333333332
53,552,Y,67177624,0.22392541333333335
253,15,Y,67109728,0.22369909333333332
755,78,Y,67105432,0.22368477333333334
329,25,Y,67077016,0.22359005333333334
1151,127,Y,67047440,0.22349146666666664
22,308,Y,66984928,0.22328309333333332
103,952,Y,66975200,0.22325066666666668
381,31,Y,66880440,0.2229348
93,878,Y,66863936,0.22287978666666666
5,171,Y,66853216,0.22284405333333332
498,46,Y,66852104,0.22284034666666666
95,890,Y,66831856,0.22277285333333333
16,261,Y,66813328,0.22271109333333333
31,379,Y,66760704,0.22253567999999999
69,683,Y,66739672,0.2224655733333333
21,297,Y,66733216,0.22244405333333334
174,5,Y,66660208,0.22220069333333334
34,404,Y,66629496,0.22209832
77,747,Y,66629112,0.22209704000000002
35,411,Y,66606416,0.22202138666666668
41,460,Y,66592408,0.22197469333333333
60,613,Y,66582856,0.22194285333333336
879,93,Y,66562776,0.22187592
622,61,Y,66513752,0.22171250666666664
383,31,Y,66488304,0.22162768
105,970,Y,66471368,0.22157122666666665
99,926,Y,66433552,0.22144517333333333
62,631,Y,66364632,0.22121544
97,906,Y,66286424,0.22095474666666667
804,84,Y,66219200,0.22073066666666669
513,48,Y,66115560,0.2203852
918,98,Y,66046600,0.22015533333333334
34,403,Y,66031176,0.22010392
999,108,Y,65988888,0.21996296
938,101,Y,65977000,0.21992333333333333
38,433,Y,65934816,0.21978272
1,141,Y,65931696,0.21977232
247,14,Y,65910680,0.21970226666666667
79,765,Y,65872600,0.21957533333333334
382,31,Y,65844168,0.21948056
638,63,Y,65836448,0.21945482666666669
80,775,Y,65836168,0.21945389333333332
913,98,Y,65835040,0.21945013333333332
760,79,Y,65826816,0.21942272000000002
98,912,Y,65779688,0.21926562666666666
1072,118,Y,65779152,0.21926384
19,284,Y,65746504,0.21915501333333334
20,293,Y,65740568,0.21913522666666668
733,75,Y,65725920,0.2190864
1061,116,Y,65681952,0.21893984
6,177,Y,65675328,0.21891776
161,4,Y,65632384,0.21877461333333334
1136,126,Y,65620944,0.21873648
932,100,Y,65620760,0.21873586666666667
546,52,Y,65618304,0.21872768
23,312,Y,65532104,0.21844034666666667
601,59,Y,65482544,0.21827514666666667
887,94,Y,65466384,0.21822128000000002
124,1125,Y,65447536,0.21815845333333336
82,784,Y,65390064,0.21796688
65,648,Y,65331400,0.21777133333333334
587,57,Y,65257800,0.217526
476,43,Y,65187000,0.21729
347,27,Y,65176488,0.21725496
19,280,Y,65128216,0.21709405333333334
128,0,Y,65105192,0.21701730666666666
1027,112,Y,65099616,0.21699872
95,895,Y,65027632,0.21675877333333332
21,298,Y,65023288,0.21674429333333334
178,6,Y,64995616,0.21665205333333332
14,242,Y,64983872,0.21661290666666666
212,10,Y,64957488,0.21652496
7,189,Y,64934400,0.21644799999999997
80,771,Y,64822536,0.21607511999999998
113,1038,Y,64733888,0.21577962666666667
10,212,Y,64719416,0.21573138666666664
987,107,Y,64634888,0.21544962666666667
640,64,Y,64618168,0.2153938933333333
651,65,Y,64561824,0.21520608000000002
11,221,Y,64428224,0.2147607466666667
1084,119,Y,64420816,0.21473605333333334
96,903,Y,64406008,0.21468669333333332
267,17,Y,64377944,0.21459314666666665
691,70,Y,64374096,0.21458032
14,246,Y,64367584,0.21455861333333331
122,1104,Y,64351712,0.21450570666666666
636,63,Y,64304736,0.21434912
389,32,Y,64303088,0.21434362666666665
64,643,Y,64270512,0.21423504000000002
104,966,Y,64194080,0.2139802666666667
1132,125,Y,64148944,0.21382981333333334
207,9,Y,64088376,0.21362792
67,667,Y,64082376,0.21360792
839,88,Y,64042232,0.2134741066666667
86,817,Y,63934960,0.2131165333333333
64,646,Y,63897272,0.21299090666666667
737,76,Y,63892256,0.21297418666666665
89,841,Y,63879680,0.21293226666666668
754,78,Y,63876544,0.21292181333333335
3,154,Y,63857592,0.21285864000000002
824,87,Y,63817480,0.21272493333333334
57,586,Y,63806024,0.21268674666666668
50,530,Y,63780792,0.21260264
49,523,Y,63780632,0.21260210666666665
29,366,Y,63725288,0.2124176266666667
1071,117,Y,63709968,0.21236656
607,59,Y,63668512,0.21222837333333333
1016,111,Y,63661480,0.21220493333333332
540,51,Y,63639480,0.21213159999999998
188,7,Y,63558944,0.2118631466666667
125,1132,Y,63555048,0.21185015999999998
118,1077,Y,63546672,0.21182224
1087,119,Y,63512816,0.2117093866666667
34,407,Y,63471632,0.21157210666666668
1050,115,Y,63471048,0.21157016
121,1097,Y,63452008,0.21150669333333336
125,1134,Y,63439952,0.21146650666666664
900,96,Y,63418696,0.21139565333333335
1,137,Y,63385592,0.21128530666666667
97,907,Y,63363840,0.2112128
698,71,Y,63333728,0.21111242666666669
123,1113,Y,63325248,0.21108415999999997
92,865,Y,63308240,0.2110274666666667
119,1084,Y,63303272,0.21101090666666666
130,0,Y,63271696,0.21090565333333333
100,934,Y,63217496,0.21072498666666667
429,37,Y,63200304,0.21066768
590,57,Y,63153536,0.21051178666666664
992,108,Y,63121608,0.21040536
851,90,Y,63104816,0.21034938666666664
54,566,Y,63103128,0.21034376
0,129,Y,63100936,0.2103364533333333
85,809,Y,63062888,0.21020962666666665
108,999,Y,63057288,0.21019096
18,275,Y,63026280,0.21008759999999999
1086,119,Y,63007344,0.21002448
63,638,Y,63007200,0.21002400000000002
105,974,Y,63005400,0.210018
517,48,Y,62949104,0.2098303466666667
915,98,Y,62789240,0.20929746666666668
367,29,Y,62669656,0.20889885333333333
890,95,Y,62664016,0.20888005333333332
126,1139,Y,62654744,0.20884914666666668
62,626,Y,62615864,0.20871954666666667
480,44,Y,62604224,0.20868074666666667
1020,111,Y,62542680,0.2084756
120,1091,Y,62489112,0.20829704000000002
5,172,Y,62459216,0.20819738666666668
315,23,Y,62434584,0.20811528
46,498,Y,62415504,0.20805168
1120,124,Y,62411248,0.20803749333333332
571,55,Y,62356616,0.20785538666666667
736,76,Y,62347760,0.20782586666666666
8,196,Y,62213800,0.2073793333333333
795,83,Y,62141024,0.20713674666666668
63,636,Y,62128488,0.20709496
241,14,Y,62077064,0.20692354666666668
818,86,Y,62064904,0.20688301333333334
1147,127,Y,62044512,0.20681504
1035,113,Y,62022112,0.20674037333333334
204,9,Y,61937032,0.20645677333333334
36,420,Y,61905784,0.20635261333333335
30,371,Y,61863984,0.20621328000000003
252,15,Y,61836216,0.20612071999999998
41,458,Y,61820880,0.2060696
228,12,Y,61800096,0.20600032
89,846,Y,61764072,0.20588024
534,50,Y,61758648,0.20586216
296,21,Y,61750216,0.20583405333333332
714,73,Y,61732208,0.20577402666666667
123,1112,Y,61720000,0.20573333333333332
69,686,Y,61714328,0.20571442666666664
96,898,Y,61525232,0.20508410666666668
377,31,Y,61434664,0.20478221333333335
408,35,Y,61431184,0.20477061333333332
13,236,Y,61405848,0.20468615999999998
310,22,Y,61403400,0.20467800000000003
55,575,Y,61252240,0.20417413333333334
112,1027,Y,61211304,0.20403767999999997
60,615,Y,61163480,0.20387826666666667
361,29,Y,61145832,0.20381944
966,104,Y,61068896,0.20356298666666667
782,81,Y,60947896,0.20315965333333333
610,60,Y,60927384,0.20309128
5,174,Y,60912056,0.20304018666666668
129,0,Y,60844992,0.20281664
89,843,Y,60791472,0.20263824
1058,116,Y,60782960,0.2026098666666667
75,728,Y,60779560,0.20259853333333333
84,806,Y,60773360,0.20257786666666666
87,829,Y,60710440,0.20236813333333334
703,71,Y,60709512,0.20236503999999997
53,557,Y,60686016,0.20228671999999998
98,919,Y,60682936,0.20227645333333336
34,405,Y,60627928,0.2020930933333333
86,822,Y,60619968,0.20206655999999998
13,238,Y,60582872,0.20194290666666667
29,363,Y,60547064,0.2018235466666667
942,101,Y,60537928,0.2017930933333333
124,1120,Y,60470200,0.20156733333333335
319,23,Y,60456920,0.20152306666666667
621,61,Y,60424464,0.20141488000000002
861,91,Y,60415480,0.20138493333333335
116,1056,Y,60289824,0.20096608000000002
768,80,Y,60233992,0.20077997333333336
994,108,Y,60231312,0.20077103999999998
14,241,Y,60166288,0.20055429333333333
654,65,Y,60146280,0.20048760000000002
943,101,Y,60134912,0.20044970666666667
111,1018,Y,60134152,0.2004471733333333
20,288,Y,60129528,0.20043176000000001
32,390,Y,60000280,0.20000093333333333
816,86,Y,59996296,0.19998765333333335
11,216,Y,59982600,0.199942
672,68,Y,59933632,0.19977877333333333
840,89,Y,59878496,0.19959498666666667
741,76,Y,59778768,0.19926255999999998
30,369,Y,59778048,0.19926016
12,231,Y,59685160,0.19895053333333335
5,173,Y,59664360,0.1988812
7,186,Y,59658216,0.19886072
76,739,Y,59646904,0.19882301333333333
62,625,Y,59598680,0.19866226666666667
121,1099,Y,59573864,0.19857954666666666
631,62,Y,59487080,0.19829026666666666
107,989,Y,59428832,0.1980961066666667
21,299,Y,59413888,0.19804629333333335
898,96,Y,59406160,0.19802053333333333
783,81,Y,59302480,0.19767493333333336
52,547,Y,59279048,0.1975968266666667
1074,118,Y,59263600,0.19754533333333335
77,750,Y,59191888,0.19730629333333333
120,1088,Y,59156104,0.19718701333333333
290,20,Y,59079248,0.19693082666666664
28,354,Y,59071448,0.19690482666666667
58,597,Y,58971768,0.19657256
102,944,Y,58964328,0.19654776
76,738,Y,58916272,0.19638757333333332
278,18,Y,58899112,0.19633037333333334
83,792,Y,58890440,0.19630146666666667
871,92,Y,58849200,0.196164
855,90,Y,58822808,0.19607602666666668
171,5,Y,58790832,0.19596944
981,106,Y,58727704,0.19575901333333334
435,38,Y,58597392,0.19532464000000002
328,25,Y,58508432,0.19502810666666667
73,717,Y,58338720,0.1944624
0,132,Y,58312664,0.19437554666666665
106,982,Y,58233496,0.19411165333333333
116,1061,Y,58202864,0.19400954666666667
120,1089,Y,58201904,0.19400634666666666
81,777,Y,58191632,0.19397210666666667
542,51,Y,58120128,0.19373375999999998
114,1043,Y,58085672,0.19361890666666665
617,61,Y,58058096,0.19352698666666668
919,98,Y,57956008,0.19318669333333333
692,70,Y,57841616,0.19280538666666666
79,761,Y,57805064,0.19268354666666668
82,789,Y,57782656,0.19260885333333333
131,0,Y,57403344,0.19134448
126,1143,Y,57313760,0.19104586666666667
701,71,Y,57296400,0.19098800000000002
101,940,Y,57236440,0.19078813333333333
371,30,Y,57182600,0.19060866666666668
73,712,Y,56990800,0.18996933333333335
683,69,Y,56965784,0.18988594666666667
25,332,Y,56901720,0.1896724
108,993,Y,56877992,0.18959330666666666
77,745,Y,56837816,0.18945938666666665
50,529,Y,56827976,0.18942658666666667
868,92,Y,56803136,0.18934378666666665
5,169,Y,56795744,0.18931914666666666
1034,113,Y,56776184,0.18925394666666667
279,18,Y,56676080,0.18892026666666667
6,179,Y,56650000,0.18883333333333333
606,59,Y,56601296,0.18867098666666668
35,414,Y,56598688,0.18866229333333331
835,88,Y,56583840,0.1886128
110,1011,Y,56580080,0.18860026666666665
122,1110,Y,56526944,0.18842314666666665
317,23,Y,56196384,0.18732128
89,847,Y,56187208,0.18729069333333334
369,30,Y,56160216,0.18720072000000001
74,720,Y,56116968,0.18705656
750,77,Y,56115872,0.18705290666666666
148,2,Y,56097832,0.18699277333333333
307,22,Y,56036448,0.18678816
172,5,Y,56022720,0.1867424
344,27,Y,55901776,0.18633925333333334
673,68,Y,55874864,0.18624954666666668
724,74,Y,55857792,0.18619264
300,21,Y,55844912,0.18614970666666666
663,66,Y,55830096,0.18610032
690,70,Y,55805120,0.18601706666666668
115,1051,Y,55784776,0.18594925333333334
563,54,Y,55784760,0.18594919999999998
1,143,Y,55766024,0.18588674666666666
778,81,Y,55732400,0.18577466666666667
1069,117,Y,55630280,0.18543426666666668
339,26,Y,55496360,0.18498786666666667
748,77,Y,55455416,0.18485138666666664
297,21,Y,55433672,0.18477890666666666
497,46,Y,55410216,0.18470071999999998
4,161,Y,55385016,0.18461671999999998
1008,110,Y,55292096,0.18430698666666667
86,816,Y,55290560,0.18430186666666667
110,1012,Y,55281664,0.18427221333333332
270,17,Y,55251112,0.18417037333333333
58,593,Y,55243784,0.18414594666666667
18,273,Y,55069304,0.18356434666666668
643,64,Y,55033976,0.18344658666666666
474,43,Y,54953768,0.18317922666666667
51,540,Y,54948296,0.18316098666666666
76,736,Y,54880192,0.18293397333333333
420,36,Y,54845320,0.18281773333333334
167,4,Y,54707136,0.18235712
831,87,Y,54651752,0.18217250666666668
536,51,Y,54224472,0.18074824
629,62,Y,54148520,0.18049506666666665
93,873,Y,53927520,0.1797584
1117,123,Y,53835816,0.17945272
96,900,Y,53797280,0.17932426666666668
45,491,Y,53780112,0.17926704000000002
104,963,Y,53735264,0.17911754666666665
86,819,Y,53714664,0.17904888000000002
903,96,Y,53681600,0.1789386666666667
1146,127,Y,53671984,0.17890661333333333
60,608,Y,53669840,0.17889946666666667
0,131,Y,53574744,0.17858248
114,1041,Y,53571008,0.17857002666666666
44,484,Y,53569480,0.17856493333333334
94,887,Y,53558864,0.17852954666666665
117,1067,Y,53482552,0.17827517333333331
639,63,Y,53246216,0.17748738666666666
453,40,Y,53238712,0.17746237333333334
293,20,Y,53179856,0.17726618666666666
777,81,Y,53070168,0.17690055999999998
14,240,Y,53047216,0.17682405333333334
111,1021,Y,52930568,0.17643522666666667
543,51,Y,52916816,0.17638938666666668
953,103,Y,52867384,0.17622461333333334
365,29,Y,52866144,0.17622047999999998
457,41,Y,52861624,0.17620541333333334
1102,121,Y,52811720,0.17603906666666666
52,544,Y,52799864,0.17599954666666667
168,5,Y,52679472,0.17559824000000002
276,18,Y,52551656,0.17517218666666667
77,744,Y,52529080,0.17509693333333334
86,818,Y,52519696,0.17506565333333335
149,2,Y,52287280,0.17429093333333334
333,25,Y,52066112,0.17355370666666667
101,943,Y,51916648,0.17305549333333334
54,563,Y,51897480,0.1729916
912,98,Y,51811152,0.17270384
717,73,Y,51750152,0.17250050666666666
14,244,Y,51547176,0.17182392
37,430,Y,51356944,0.17118981333333333
648,65,Y,51100800,0.170336
917,98,Y,51089464,0.17029821333333334
1131,125,Y,50947856,0.16982618666666668
907,97,Y,50527384,0.16842461333333333
487,44,Y,50133152,0.16711050666666669
14,245,Y,49864824,0.16621608000000002
61,617,Y,49556496,0.16518832
792,83,Y,49111936,0.16370645333333333
235,13,Y,48787584,0.16262527999999998
809,85,Y,48494224,0.16164741333333335
892,95,Y,48416048,0.16138682666666668
288,20,Y,48281272,0.16093757333333333
47,506,Y,47753240,0.15917746666666668
94,884,Y,47727800,0.15909266666666666
13,235,Y,47714696,0.15904898666666667
1138,126,Y,47198224,0.15732741333333333
258,16,Y,46504536,0.15501511999999998
430,37,Y,46258360,0.15419453333333333
771,80,Y,44934328,0.14978109333333334
90,851,Y,43569248,0.14523082666666667
