13,40,N,3460030120,6.920060240000001
101,34,N,3418444560,6.83688912
34,64,N,3365369096,6.7307381920000005
64,13,N,3317426128,6.634852255999999
126,107,N,3255916896,6.511833792000001
942,101,Y,3179811088,6.359622176
40,452,Y,3142599024,6.285198048
107,986,Y,3002138104,6.004276208
1136,126,Y,2969710848,5.939421696
65,14,N,1896326536,3.792653072
14,123,N,1745648032,3.4912960639999997
91,65,N,1726436464,3.4528729280000006
28,91,N,1680489000,3.360978
26,119,N,1617136528,3.2342730559999997
28,115,N,1549219256,3.098438512
79,12,N,1535126024,3.070252048
354,28,Y,1534885928,3.069771856
123,1119,Y,1533531224,3.0670624479999997
107,126,N,1519463680,3.0389273599999997
119,123,N,1511729776,3.0234595520000003
115,65,N,1507567776,3.015135552
109,28,N,1480630848,2.961261696
16,45,N,1451427968,2.902855936
12,26,N,1449465560,2.89893112
65,655,Y,1387796680,2.7755933600000002
767,79,Y,1385266920,2.77053384
1000,109,Y,1382159056,2.7643181119999998
95,107,N,1321819744,2.643639488
123,1116,Y,1306592688,2.613185376
45,49,N,1273920264,2.547840528
46,98,N,1175866728,2.351733456
124,92,N,1018413128,2.036826256
261,16,Y,1003249144,2.006498288
93,18,N,1001897384,2.003794768
49,521,Y,924247880,1.84849576
13,64,N,897137576,1.7942751520000002
126,124,N,885965168,1.771930336
50,108,N,857967864,1.7159357279999998
57,66,N,857585656,1.7151713119999998
77,30,N,856666568,1.713333136
40,13,N,839299096,1.6785981920000002
11,105,N,831896480,1.66379296
97,38,N,828951936,1.6579038720000001
92,865,Y,818430840,1.63686168
66,22,N,816118512,1.632237024
6,7,N,802806184,1.6056123679999998
62,101,N,802242960,1.6044859200000001
105,46,N,801757056,1.6035141119999998
893,95,Y,799090752,1.598181504
22,6,N,793820816,1.587641632
24,81,N,784117576,1.5682351519999997
18,50,N,775574160,1.55114832
101,50,N,750011008,1.500022016
98,97,N,747721016,1.495442032
26,22,N,688115896,1.376231792
110,0,N,686008480,1.37201696
108,992,Y,682698976,1.365397952
13,122,N,676420328,1.352840656
122,20,N,673331656,1.346663312
109,12,N,670174144,1.340348288
878,93,Y,669414328,1.338828656
39,9,N,661320728,1.322641456
66,9,N,658520288,1.317040576
631,62,Y,648604504,1.297209008
64,115,N,648409488,1.296818976
7,190,Y,646380760,1.29276152
121,15,N,642957592,1.2859151839999998
50,534,Y,642009368,1.284018736
0,14,N,641143344,1.2822866880000001
22,39,N,640680512,1.281361024
587,57,Y,636192848,1.272385696
17,60,N,636157464,1.2723149280000001
14,68,N,612043696,1.2240873920000002
497,46,Y,606168136,1.212336272
34,98,N,599657288,1.1993145760000001
102,17,N,598220248,1.196440496
38,434,Y,592772424,1.185544848
86,102,N,592694672,1.185389344
9,42,N,581247696,1.162495392
85,4,N,578466152,1.156932304
98,51,N,578441200,1.1568824
55,8,N,576336744,1.152673488
105,121,N,573024576,1.146049152
5,68,N,571871056,1.143742112
11,87,N,571085792,1.1421715840000002
98,33,N,570698264,1.141396528
16,5,N,565380736,1.1307614719999999
56,109,N,556624920,1.11324984
42,55,N,552371304,1.104742608
5,16,N,544814832,1.089629664
33,117,N,544734888,1.089469776
31,27,N,543411704,1.086823408
10,49,N,537651032,1.075302064
126,1140,Y,533792256,1.0675845119999998
340,26,Y,528438728,1.056877456
9,206,Y,528203744,1.056407488
97,11,N,526100216,1.052200432
12,79,N,524069856,1.048139712
106,5,N,511332176,1.022664352
64,34,N,510121360,1.02024272
3,28,N,507806568,1.015613136
105,118,N,494195288,0.988390576
30,6,N,490625352,0.9812507039999999
28,25,N,487705056,0.975410112
68,674,Y,487134336,0.9742686719999999
30,117,N,487131504,0.974263008
115,1055,Y,486294696,0.9725893919999999
27,77,N,483154040,0.9663080799999999
38,94,N,480683720,0.96136744
233,13,Y,480020312,0.960040624
51,541,Y,476609008,0.9532180160000001
0,110,N,476236088,0.952472176
112,110,N,476162192,0.9523243840000001
1014,110,Y,468828920,0.93765784
34,101,N,468727720,0.93745544
68,95,N,465112728,0.9302254560000001
100,18,N,462859728,0.9257194559999999
49,45,N,460302456,0.920604912
12,109,N,460072352,0.9201447039999999
117,17,N,457299008,0.9145980160000001
111,120,N,454170224,0.9083404479999999
84,30,N,453997384,0.907994768
71,10,N,449789136,0.899578272
32,87,N,449129784,0.8982595680000001
32,59,N,447508344,0.8950166880000001
15,48,N,447029440,0.89405888
96,112,N,446152208,0.8923044160000001
123,101,N,445294992,0.890589984
85,100,N,444793832,0.889587664
973,105,Y,440695704,0.881391408
84,78,N,440625888,0.8812517759999999
38,33,N,439454104,0.878908208
110,32,N,438946792,0.877893584
19,53,N,436560904,0.873121808
14,65,N,436477120,0.87295424
14,0,N,435953672,0.871907344
46,76,N,430998864,0.861997728
322,24,Y,430423568,0.860847136
61,15,N,429263584,0.858527168
22,26,N,424891104,0.849782208
45,78,N,422349312,0.8446986240000001
819,86,Y,420420288,0.840840576
21,40,N,419215072,0.838430144
20,295,Y,418629032,0.837258064
18,126,N,417809936,0.8356198719999999
25,21,N,417807072,0.8356141439999999
81,106,N,417673120,0.8353462399999999
8,195,Y,417241592,0.8344831840000001
81,41,N,415759048,0.8315180959999999
53,44,N,414613304,0.8292266079999999
45,16,N,413775336,0.8275506720000001
658,66,Y,413700640,0.8274012799999999
19,12,N,411395136,0.822790272
448,40,Y,410212208,0.820424416
48,104,N,409488176,0.8189763520000001
87,111,N,408296328,0.816592656
60,613,Y,407826832,0.815653664
33,11,N,406794016,0.8135880320000001
68,14,N,404539184,0.809078368
65,91,N,403871616,0.807743232
59,32,N,398757352,0.797514704
81,85,N,395507792,0.791015584
6,16,N,393871344,0.787742688
1,45,N,387763000,0.7755259999999999
76,46,N,386133048,0.772266096
99,57,N,382151200,0.7643024
49,10,N,382076200,0.7641524000000001
105,11,N,380036872,0.7600737439999999
36,19,N,379789584,0.759579168
117,1065,Y,379336992,0.758673984
108,10,N,379170720,0.75834144
98,46,N,379147752,0.758295504
76,52,N,378817456,0.757634912
45,1,N,377732672,0.755465344
78,43,N,377379296,0.754758592
101,942,Y,376797784,0.753595568
91,71,N,374987640,0.74997528
1,85,N,373656608,0.747313216
406,34,Y,368036720,0.73607344
3,56,N,366994584,0.733989168
55,59,N,365612056,0.731224112
49,97,N,360915648,0.721831296
122,71,N,359226128,0.718452256
30,77,N,358803040,0.71760608
123,119,N,356875960,0.71375192
116,76,N,356627400,0.7132548
69,79,N,356513168,0.713026336
2,71,N,354543784,0.709087568
66,57,N,352827464,0.7056549280000001
15,125,N,351672512,0.703345024
40,116,N,350919840,0.70183968
52,70,N,350325000,0.70065
48,63,N,348820104,0.697640208
99,14,N,348246840,0.69649368
79,61,N,347822744,0.695645488
117,30,N,347363824,0.694727648
14,99,N,347234408,0.694468816
127,59,N,346746968,0.693493936
120,6,N,345708872,0.691417744
15,254,Y,345491256,0.690982512
101,123,N,345473224,0.690946448
40,95,N,342772216,0.685544432
904,97,Y,342420576,0.684841152
5,105,N,341446896,0.682893792
31,0,N,340650504,0.681301008
123,14,N,339834008,0.6796680159999999
79,766,Y,339481800,0.6789636
65,76,N,339292880,0.67858576
12,19,N,338704912,0.677409824
41,83,N,338565928,0.6771318559999999
119,36,N,337851528,0.675703056
91,28,N,337614424,0.675228848
59,69,N,337378112,0.674756224
1,125,N,336383432,0.672766864
36,3,N,335978984,0.671957968
16,0,N,335708816,0.671417632
46,105,N,334416360,0.66883272
62,96,N,334034216,0.668068432
259,16,Y,333838136,0.667676272
87,11,N,331705160,0.66341032
83,58,N,331440408,0.662880816
83,7,N,330812088,0.661624176
79,4,N,330656200,0.6613124
95,68,N,329112704,0.658225408
7,83,N,328930632,0.657861264
75,13,N,328569080,0.6571381599999999
60,17,N,328195536,0.656391072
11,83,N,326754248,0.6535084959999999
46,93,N,326102520,0.65220504
20,31,N,325715912,0.651431824
57,75,N,325661488,0.651322976
15,84,N,325413456,0.650826912
30,84,N,323973848,0.647947696
21,7,N,323632952,0.6472659040000001
15,121,N,323563456,0.647126912
111,25,N,323185992,0.646371984
4,85,N,321990616,0.643981232
86,111,N,321182634,0.642365268
154,3,Y,320874784,0.641749568
41,81,N,320316240,0.64063248
81,38,N,318588248,0.637176496
120,92,N,317349520,0.63469904
8,55,N,316749624,0.633499248
110,112,N,316401000,0.632802
76,61,N,315408664,0.630817328
4,103,N,315115856,0.630231712
97,49,N,313147544,0.626295088
57,99,N,311059104,0.6221182080000001
52,57,N,310611104,0.621222208
53,19,N,309758232,0.6195164639999999
91,92,N,309404368,0.6188087360000001
44,69,N,308944168,0.617888336
10,71,N,308932288,0.617864576
56,3,N,308863464,0.617726928
71,91,N,308834032,0.6176680640000001
104,48,N,308006488,0.6160129759999999
100,85,N,307079336,0.614158672
48,15,N,306675784,0.613351568
126,1136,Y,306384640,0.61276928
61,79,N,306196608,0.612393216
44,53,N,305888904,0.6117778079999999
94,38,N,305482216,0.610964432
43,78,N,304709496,0.6094189919999999
82,0,N,304163160,0.60832632
71,127,N,302782136,0.605564272
16,19,N,302619208,0.6052384160000001
107,95,N,302586088,0.605172176
114,46,N,302560776,0.605121552
90,17,N,302284384,0.604568768
76,116,N,300857320,0.6017146400000001
87,32,N,299396976,0.598793952
27,31,N,298940296,0.597880592
92,38,N,298848464,0.597696928
47,39,N,298779096,0.5975581919999999
23,50,N,298620592,0.5972411839999999
120,127,N,298415824,0.596831648
87,48,N,298362744,0.596725488
115,112,N,297320920,0.59464184
113,49,N,296777472,0.593554944
47,123,N,296409520,0.59281904
92,124,N,294503040,0.58900608
112,96,N,293719520,0.58743904
125,1,N,293369768,0.5867395360000001
84,15,N,293007320,0.58601464
116,36,N,292442800,0.5848856
77,118,N,291848264,0.583696528
43,58,N,291734280,0.58346856
108,50,N,290916648,0.581833296
27,1,N,290472752,0.580945504
25,28,N,290160016,0.580320032
119,48,N,289919664,0.579839328
70,52,N,289461168,0.578922336
58,99,N,288553800,0.5771075999999999
113,70,N,287531752,0.5750635040000001
90,21,N,286899088,0.573798176
120,111,N,286652664,0.573305328
120,82,N,286631368,0.573262736
69,126,N,286145776,0.572291552
34,69,N,286050920,0.57210184
36,119,N,286020048,0.572040096
108,124,N,284906408,0.569812816
92,120,N,284898440,0.56979688
43,74,N,283066176,0.566132352
40,21,N,282749104,0.565498208
17,90,N,282580368,0.5651607359999999
74,53,N,282290152,0.564580304
88,79,N,281443104,0.562886208
29,121,N,281401968,0.562803936
78,116,N,280598144,0.561196288
74,87,N,280203464,0.560406928
99,90,N,279190032,0.558380064
78,757,Y,279166456,0.558332912
39,21,N,278846808,0.557693616
39,22,N,278824648,0.557649296
76,65,N,278210576,0.556421152
0,16,N,277244504,0.554489008
452,40,Y,276992744,0.553985488
85,77,N,276832368,0.553664736
97,98,N,276303320,0.5526066399999999
141,1,Y,276151528,0.5523030560000001
98,34,N,274865880,0.54973176
26,35,N,274130832,0.548261664
51,98,N,274077520,0.54815504
6,120,N,273152112,0.546304224
72,25,N,272989264,0.545978528
100,47,N,272321544,0.544643088
5,106,N,272152608,0.5443052159999999
106,1,N,272073256,0.544146512
58,2,N,271910552,0.5438211039999999
72,104,N,271172880,0.54234576
125,15,N,270667736,0.541335472
53,117,N,270163120,0.54032624
54,66,N,268909576,0.537819152
78,114,N,267773240,0.53554648
8,62,N,267171488,0.534342976
73,23,N,267098224,0.534196448
75,103,N,266440984,0.532881968
6,30,N,265921760,0.53184352
67,47,N,265453480,0.5309069599999999
15,61,N,265245760,0.53049152
94,72,N,264959096,0.529918192
30,23,N,264312904,0.528625808
25,330,Y,263850680,0.52770136
41,84,N,263675232,0.527350464
7,21,N,263342152,0.526684304
25,111,N,263025528,0.526051056
57,52,N,262652944,0.525305888
986,107,Y,262438928,0.524877856
53,74,N,262296080,0.52459216
20,61,N,262279040,0.52455808
104,72,N,261856296,0.523712592
72,80,N,261839176,0.523678352
21,25,N,261349144,0.522698288
33,90,N,261332456,0.522664912
50,101,N,261007560,0.52201512
48,87,N,260977032,0.521954064
106,86,N,260935632,0.5218712640000001
18,93,N,260465360,0.52093072
17,117,N,260372280,0.52074456
9,66,N,260215016,0.5204300319999999
125,102,N,259774344,0.519548688
92,91,N,259220784,0.5184415680000001
94,122,N,259036248,0.5180724959999999
0,31,N,258695984,0.517391968
38,97,N,257734336,0.515468672
78,84,N,257719472,0.515438944
14,244,Y,257501672,0.515003344
125,8,N,257120656,0.514241312
104,95,N,256911160,0.51382232
107,42,N,256220744,0.512441488
117,53,N,255990016,0.5119800320000001
32,114,N,255015152,0.510030304
60,63,N,254669296,0.5093385920000001
39,43,N,254171864,0.508343728
121,108,N,253917256,0.507834512
28,109,N,253507488,0.507014976
49,523,Y,253240848,0.506481696
94,37,N,253133368,0.506266736
122,44,N,253008736,0.506017472
115,4,N,252990992,0.505981984
12,67,N,252717448,0.505434896
4,115,N,252520584,0.505041168
69,34,N,252480672,0.5049613439999999
1104,122,Y,252049776,0.504099552
71,2,N,251736640,0.50347328
75,112,N,251627704,0.503255408
103,75,N,251453256,0.5029065119999999
103,29,N,251334104,0.502668208
64,104,N,249197112,0.498394224
86,37,N,248885176,0.49777035199999997
22,66,N,247800608,0.495601216
82,8,N,247589544,0.495179088
49,9,N,247486744,0.49497348799999996
67,35,N,247208688,0.494417376
116,40,N,247044176,0.49408835199999995
124,108,N,246945864,0.493891728
52,76,N,246657192,0.493314384
122,13,N,246643944,0.493287888
50,23,N,246086080,0.49217215999999997
175,5,Y,245262792,0.490525584
61,76,N,244688688,0.48937737600000003
29,103,N,244618272,0.489236544
123,47,N,244363904,0.488727808
84,93,N,244230256,0.48846051199999996
58,43,N,244188128,0.488376256
118,105,N,243797968,0.487595936
10,108,N,243734840,0.48746967999999996
70,107,N,243203944,0.486407888
47,100,N,242835120,0.48567024000000003
124,52,N,242468832,0.484937664
45,36,N,241519560,0.48303912
40,27,N,240247400,0.4804948
9,49,N,239774736,0.479549472
383,31,Y,239764832,0.479529664
56,73,N,239547848,0.479095696
106,81,N,239531528,0.479063056
85,81,N,239274304,0.478548608
7,55,N,239251952,0.47850390400000004
432,38,Y,238650200,0.4773004
83,11,N,238551824,0.477103648
126,69,N,238498920,0.47699784000000006
5,171,Y,238180688,0.47636137600000006
105,5,N,238122568,0.476245136
70,31,N,237992872,0.475985744
37,86,N,237354584,0.474709168
109,1002,Y,237228056,0.474456112
103,92,N,236925232,0.473850464
576,56,Y,236546216,0.47309243199999995
4,165,Y,236410880,0.47282176
35,26,N,236220520,0.47244104000000003
9,111,N,235850008,0.471700016
112,22,N,235307352,0.470614704
8,125,N,235302960,0.47060592
102,86,N,235179844,0.470359688
102,34,N,235082272,0.470164544
1,27,N,234873728,0.46974745599999995
90,68,N,234767416,0.46953483199999996
114,32,N,234714216,0.46942843200000006
101,62,N,234700152,0.46940030400000005
82,117,N,234684688,0.469369376
46,114,N,234683992,0.469367984
102,125,N,234318184,0.46863636799999997
89,119,N,234110112,0.46822022399999996
43,96,N,233938512,0.46787702400000003
2,58,N,232789192,0.465578384
49,113,N,232605832,0.46521166399999997
74,113,N,232532024,0.465064048
96,10,N,232528880,0.46505776
10,60,N,231986184,0.463972368
124,126,N,231620056,0.463240112
35,94,N,231604736,0.46320947200000007
95,40,N,230770176,0.46154035200000004
455,40,Y,230487464,0.46097492800000006
81,24,N,230081768,0.460163536
77,80,N,229914048,0.459828096
16,6,N,229579192,0.459158384
24,52,N,229329088,0.458658176
66,41,N,229088704,0.458177408
90,33,N,229063928,0.458127856
41,19,N,227875560,0.45575112
0,82,N,227643312,0.455286624
68,5,N,227422352,0.45484470399999993
9,39,N,226353424,0.45270684800000005
41,66,N,226264200,0.4525284
18,100,N,226242968,0.45248593600000003
19,41,N,226028952,0.452057904
87,74,N,225751304,0.45150260799999997
11,97,N,225185016,0.450370032
23,30,N,225138176,0.45027635200000005
94,35,N,225001208,0.450002416
77,27,N,224769208,0.449538416
47,67,N,224054400,0.44810880000000003
80,77,N,223989000,0.447978
111,87,N,223955136,0.447910272
61,20,N,223910176,0.447820352
79,88,N,223901824,0.447803648
127,120,N,223593256,0.447186512
1,106,N,223425712,0.446851424
74,43,N,223298600,0.4465972
55,42,N,223273312,0.446546624
42,88,N,222803288,0.445606576
109,103,N,222788016,0.445576032
17,264,Y,222558968,0.445117936
118,1072,Y,222100432,0.444200864
60,10,N,221943920,0.44388784000000003
112,115,N,221328840,0.44265768
99,2,N,221179064,0.442358128
79,69,N,221094688,0.442189376
100,32,N,221083888,0.442167776
80,127,N,220903440,0.44180688
23,110,N,220389240,0.44077848
30,370,Y,218676528,0.437353056
93,84,N,218378088,0.43675617600000005
89,107,N,218146480,0.43629296
64,18,N,217759840,0.43551967999999996
21,90,N,217716464,0.43543292800000005
59,55,N,217618320,0.43523664
62,8,N,217121816,0.43424363200000005
63,93,N,217103904,0.434207808
20,62,N,217088816,0.434177632
80,72,N,216592384,0.43318476799999994
50,18,N,216314952,0.432629904
63,60,N,216303808,0.43260761600000003
417,36,Y,216293112,0.43258622399999996
119,89,N,216267344,0.432534688
8,82,N,216250640,0.43250128
17,102,N,215884992,0.43176998399999994
77,85,N,215498176,0.43099635199999997
113,74,N,214955464,0.429910928
0,128,Y,214530600,0.42906120000000003
38,92,N,214346736,0.42869347199999996
36,116,N,213654408,0.427308816
181,6,Y,213630536,0.427261072
86,106,N,213311800,0.4266236
32,100,N,212980488,0.425960976
26,5,N,212709104,0.425418208
38,81,N,211518536,0.423037072
107,89,N,211326968,0.422653936
78,45,N,209933816,0.419867632
2,99,N,209691152,0.419382304
97,56,N,209595248,0.419190496
20,17,N,209545128,0.419090256
744,77,Y,209505768,0.41901153599999996
804,84,Y,209019672,0.41803934400000003
55,7,N,208899936,0.417799872
118,77,N,208805344,0.41761068799999995
24,44,N,208643624,0.417287248
27,67,N,208587344,0.41717468799999996
19,16,N,208580728,0.417161456
121,105,N,208407000,0.41681399999999996
112,75,N,208383456,0.416766912
39,47,N,208341648,0.41668329600000004
4,13,N,208159240,0.41631848
57,126,N,207938048,0.415876096
109,56,N,207866304,0.415732608
58,83,N,207837440,0.41567488
104,64,N,207517784,0.415035568
20,122,N,207440408,0.414880816
127,71,N,206268136,0.41253627200000004
6,22,N,206248440,0.41249688
59,127,N,205960520,0.41192104
58,102,N,205656752,0.411313504
21,39,N,205491192,0.41098238400000003
114,78,N,205217752,0.41043550400000006
93,63,N,204693992,0.409387984
25,72,N,204507448,0.40901489599999996
95,73,N,204346040,0.40869208
23,54,N,204239672,0.40847934399999997
32,110,N,203930432,0.407860864
67,72,N,203842024,0.40768404799999997
31,70,N,203414896,0.406829792
10,96,N,203350112,0.406700224
121,29,N,203202624,0.406405248
50,24,N,203117312,0.40623462399999993
108,80,N,202945184,0.405890368
37,88,N,202737792,0.40547558400000006
67,12,N,202624200,0.4052484
126,57,N,202384456,0.404768912
82,120,N,201767712,0.403535424
89,83,N,201751472,0.403502944
42,9,N,201421064,0.40284212799999997
72,94,N,201221792,0.402443584
42,107,N,201076048,0.402152096
18,64,N,201049768,0.402099536
117,33,N,200952104,0.40190420800000004
66,54,N,200725040,0.40145008
42,124,N,200594496,0.401188992
73,95,N,200518968,0.401037936
35,2,N,200470680,0.40094136
23,73,N,200323400,0.4006468
37,75,N,199840688,0.399681376
65,3,N,199803432,0.399606864
67,27,N,199617080,0.39923416
121,53,N,199335224,0.39867044799999996
96,43,N,199220928,0.39844185600000004
111,86,N,198676512,0.397353024
73,56,N,198330880,0.39666176
96,62,N,198236688,0.39647337600000004
44,24,N,198182512,0.396365024
33,38,N,197950264,0.39590052800000003
34,102,N,197352278,0.394704556
83,41,N,196494368,0.392988736
52,24,N,196410448,0.39282089600000003
44,122,N,196358880,0.39271775999999997
73,63,N,195933976,0.391867952
86,47,N,195740752,0.39148150400000004
75,57,N,194581024,0.389162048
115,64,N,194258688,0.388517376
55,35,N,194147208,0.388294416
44,127,N,193466520,0.38693304
48,119,N,192523928,0.385047856
88,96,N,192326816,0.38465363199999997
127,44,N,192245976,0.384491952
127,80,N,191783464,0.38356692800000003
111,9,N,191747136,0.383494272
7,82,N,191747096,0.383494192
53,121,N,191285624,0.382571248
80,108,N,190422288,0.380844576
35,55,N,190271088,0.38054217599999995
25,118,N,189699784,0.379399568
126,18,N,189345904,0.378691808
103,952,Y,189329032,0.378658064
4,79,N,189034168,0.378068336
123,74,N,188122064,0.37624412799999996
3,36,N,188006320,0.37601264
115,28,N,187441992,0.374883984
27,40,N,187162520,0.37432504
118,109,N,186774864,0.373549728
59,51,N,186715872,0.373431744
31,20,N,186035384,0.372070768
22,112,N,185982136,0.37196427200000004
84,41,N,185914616,0.37182923199999995
54,3,N,185318016,0.370636032
333,25,Y,184614056,0.369228112
71,122,N,184529064,0.369058128
56,97,N,184512056,0.36902411199999996
492,45,Y,184420888,0.368841776
109,1000,Y,184282520,0.36856504
37,61,N,184237456,0.368474912
19,36,N,184142400,0.36828479999999997
62,20,N,182801088,0.365602176
119,26,N,182786208,0.365572416
10,211,Y,182494280,0.36498856
96,88,N,182423448,0.364846896
33,98,N,181976560,0.36395312
43,39,N,181782000,0.363564
75,37,N,181560168,0.363120336
89,113,N,181481856,0.362963712
113,63,N,181373144,0.36274628800000003
116,78,N,180490888,0.360981776
974,105,Y,180463712,0.360927424
2,88,N,180114168,0.360228336
246,14,Y,180068168,0.360136336
291,20,Y,180008952,0.360017904
92,103,N,179952608,0.359905216
73,116,N,179685232,0.359370464
24,51,N,179667344,0.35933468799999996
88,37,N,179559320,0.35911864
21,297,Y,179096608,0.35819321600000004
126,1142,Y,178779248,0.357558496
93,46,N,178479120,0.35695824
63,73,N,178359696,0.356719392
63,48,N,178294512,0.356589024
69,44,N,178273408,0.356546816
125,51,N,178001768,0.356003536
83,89,N,177072152,0.35414430399999997
80,29,N,176299080,0.35259816
108,121,N,176167224,0.352334448
54,114,N,176075152,0.35215030399999997
110,1010,Y,175823600,0.3516472
5,26,N,175502168,0.351004336
3,54,N,174946408,0.349892816
110,23,N,174654896,0.349309792
117,82,N,173466944,0.346933888
69,59,N,173262456,0.346524912
116,73,N,173002936,0.346005872
51,24,N,172677144,0.345354288
90,99,N,171826296,0.343652592
36,45,N,171720544,0.343441088
61,37,N,171433064,0.342866128
70,113,N,171334952,0.34266990399999997
6,177,Y,170433832,0.34086766399999996
31,60,N,170346768,0.340693536
54,23,N,170310472,0.340620944
72,67,N,169912288,0.339824576
60,89,N,169249104,0.338498208
299,21,Y,169126976,0.338253952
26,12,N,169102864,0.33820572800000004
110,114,N,168886368,0.337772736
17,20,N,168882232,0.337764464
87,826,Y,168875936,0.337751872
18,273,Y,168758480,0.33751696000000003
29,91,N,168620672,0.337241344
28,3,N,168576952,0.337153904
35,67,N,168316720,0.33663344
103,109,N,168215432,0.336430864
167,4,Y,167812128,0.335624256
8,51,N,167323664,0.334647328
102,58,N,166845896,0.333691792
933,100,Y,166506176,0.333012352
1088,120,Y,166344416,0.332688832
118,25,N,166327304,0.33265460799999996
95,104,N,166273816,0.332547632
13,75,N,166211288,0.332422576
79,767,Y,166201184,0.332402368
45,492,Y,164245136,0.32849027199999997
124,42,N,163854648,0.32770929600000004
59,604,Y,163639352,0.327278704
93,101,N,162997608,0.32599521600000003
217,11,Y,162799752,0.325599504
740,76,Y,161899384,0.323798768
85,1,N,159988408,0.319976816
992,108,Y,159963704,0.31992740799999997
69,682,Y,159629656,0.319259312
68,104,N,159198504,0.318397008
308,22,Y,158750880,0.31750175999999997
122,94,N,158671032,0.31734206400000003
3,65,N,158483104,0.31696620799999997
118,29,N,157716112,0.31543222400000004
107,70,N,157248032,0.314496064
46,497,Y,157032544,0.314065088
982,106,Y,156130272,0.31226054400000003
74,123,N,156101984,0.312203968
13,4,N,155791776,0.311583552
63,636,Y,155347448,0.310694896
174,5,Y,154596016,0.309192032
91,29,N,154506896,0.309013792
120,1089,Y,154500608,0.30900121599999997
52,124,N,154480728,0.308961456
655,65,Y,154467800,0.30893560000000003
17,270,Y,154314944,0.30862988799999996
65,115,N,153961456,0.307922912
1119,123,Y,153281792,0.306563584
51,125,N,152602576,0.30520515200000004
51,8,N,152573400,0.3051468
37,94,N,152048112,0.30409622399999997
101,93,N,152043632,0.304087264
88,42,N,151841840,0.30368368
51,59,N,151757368,0.303514736
114,54,N,151702264,0.303404528
2,35,N,150788320,0.30157664
27,349,Y,150319784,0.300639568
24,50,N,150075768,0.300151536
109,118,N,150026496,0.30005299199999996
747,77,Y,149905968,0.299811936
28,354,Y,149834064,0.299668128
99,58,N,149111576,0.29822315200000005
757,78,Y,148919664,0.297839328
477,43,Y,148520832,0.297041664
68,90,N,147110200,0.2942204
16,261,Y,146346800,0.2926936
652,65,Y,146205272,0.292410544
1009,110,Y,145182304,0.29036460799999997
857,91,Y,143592984,0.287185968
100,106,N,142863136,0.285726272
321,24,Y,142806864,0.285613728
93,878,Y,142683072,0.285366144
62,70,N,142659560,0.28531912000000004
197,8,Y,141743280,0.28348656
83,792,Y,141494192,0.28298838400000004
88,2,N,141356176,0.282712352
119,1087,Y,139732912,0.27946582400000003
52,551,Y,138817544,0.277635088
442,39,Y,138715352,0.27743070400000003
104,68,N,138591384,0.277182768
70,62,N,136868472,0.273736944
956,103,Y,136704336,0.27340867199999996
7,6,N,136409464,0.272818928
52,548,Y,135497064,0.270994128
82,7,N,135292256,0.270584512
11,33,N,135068112,0.270136224
103,4,N,134493472,0.268986944
223,11,Y,133790784,0.267581568
1116,123,Y,131844856,0.263689712
72,711,Y,131108808,0.26221761600000004
629,62,Y,131064696,0.262129392
60,31,N,131016264,0.262032528
32,391,Y,130510792,0.26102158400000003
30,369,Y,130450976,0.260901952
56,54,N,130323976,0.260647952
110,1015,Y,130100544,0.260201088
114,110,N,129994000,0.259988
63,113,N,129613272,0.259226544
40,448,Y,129243528,0.258487056
43,479,Y,129044592,0.258089184
118,1077,Y,128035584,0.256071168
47,86,N,126656664,0.253313328
89,60,N,126420352,0.252840704
29,118,N,124375272,0.24875054400000002
667,67,Y,124372376,0.24874475199999999
845,89,Y,124233936,0.24846787199999998
48,515,Y,123663712,0.24732742400000002
106,100,N,122664696,0.24532939199999998
107,989,Y,122457456,0.24491491199999998
761,79,Y,122441776,0.244883552
612,60,Y,121561640,0.24312328
29,80,N,121475816,0.242951632
34,406,Y,119539736,0.23907947200000002
886,94,Y,118325704,0.23665140799999998
592,58,Y,117162888,0.234325776
110,1014,Y,117065112,0.234130224
122,1104,Y,116232792,0.23246558399999998
82,785,Y,116229456,0.23245891200000002
910,97,Y,115949400,0.23189880000000002
457,41,Y,115708832,0.231417664
534,50,Y,115139352,0.230278704
814,85,Y,114638464,0.229276928
95,893,Y,114028776,0.228057552
1002,109,Y,113422800,0.22684559999999998
1072,118,Y,113297992,0.22659598399999997
865,92,Y,113225896,0.22645179199999999
393,33,Y,113098040,0.22619608000000002
118,1075,Y,112041848,0.224083696
71,699,Y,111872344,0.223744688
103,955,Y,111324368,0.22264873599999999
37,426,Y,110564640,0.22112927999999998
87,825,Y,110537312,0.221074624
7,184,Y,110312608,0.22062521599999999
460,41,Y,110305536,0.220611072
706,72,Y,109580584,0.219161168
121,1103,Y,108893784,0.217787568
220,11,Y,107041408,0.21408281599999998
518,48,Y,106842288,0.21368457600000001
346,27,Y,106812744,0.213625488
240,14,Y,106766184,0.213532368
54,56,N,106251272,0.212502544
127,1146,Y,105864456,0.211728912
104,967,Y,105852240,0.21170448
1037,113,Y,105643240,0.21128648000000003
31,378,Y,105145168,0.210290336
4,160,Y,104573416,0.209146832
820,86,Y,103340176,0.20668035199999998
962,104,Y,103140128,0.20628025599999997
87,831,Y,102912656,0.20582531199999998
28,358,Y,101968344,0.20393668799999998
63,632,Y,101629312,0.20325862400000003
57,587,Y,101278840,0.20255768000000002
62,631,Y,100699024,0.201398048
70,691,Y,100691952,0.20138390400000003
950,102,Y,100667800,0.2013356
591,57,Y,100499824,0.20099964799999998
70,694,Y,99823944,0.199647888
790,82,Y,98868592,0.197737184
40,453,Y,98841104,0.19768220800000003
11,222,Y,98835232,0.19767046400000002
525,49,Y,98057976,0.196115952
113,89,N,97721408,0.195442816
521,49,Y,97256792,0.19451358400000002
656,66,Y,96902112,0.193804224
1093,120,Y,96570360,0.19314072000000002
730,75,Y,96397576,0.192795152
19,287,Y,95499064,0.190998128
25,333,Y,95169296,0.190338592
12,228,Y,94502832,0.189005664
82,786,Y,93908136,0.187816272
97,910,Y,93429952,0.186859904
76,739,Y,93410176,0.186820352
6,181,Y,93404936,0.18680987200000002
76,740,Y,93212744,0.186425488
86,819,Y,92913424,0.185826848
1,141,Y,92735704,0.185471408
1038,113,Y,92430792,0.184861584
906,97,Y,92426472,0.184852944
92,870,Y,92118928,0.18423785599999998
6,178,Y,91958384,0.183916768
36,417,Y,91909672,0.183819344
1,138,Y,91335400,0.1826708
112,1028,Y,91331584,0.18266316800000001
63,639,Y,91199552,0.18239910399999998
102,946,Y,90804040,0.18160808
919,98,Y,90390656,0.180781312
921,99,Y,90174960,0.18034992
92,868,Y,90080880,0.18016176
805,84,Y,90023040,0.18004608
63,633,Y,89453840,0.17890767999999999
88,836,Y,89357728,0.178715456
89,843,Y,89198160,0.17839632
117,1071,Y,88408208,0.176816416
94,884,Y,88254456,0.176508912
733,75,Y,87936536,0.175873072
62,625,Y,87211344,0.174422688
618,61,Y,87043440,0.17408688
887,94,Y,86977704,0.173955408
778,81,Y,86882616,0.173765232
161,4,Y,86438768,0.172877536
544,52,Y,86309656,0.172619312
663,66,Y,86287592,0.17257518400000002
803,84,Y,86240824,0.172481648
77,749,Y,85990328,0.171980656
262,16,Y,85964544,0.171929088
516,48,Y,85776120,0.17155224
44,483,Y,85420568,0.170841136
192,8,Y,85167096,0.170334192
44,480,Y,85074696,0.17014939199999998
1062,116,Y,84734152,0.16946830400000001
111,1022,Y,84705728,0.169411456
484,44,Y,84654472,0.16930894400000002
114,1041,Y,84518688,0.169037376
91,856,Y,84492560,0.16898512000000002
674,68,Y,84213336,0.168426672
786,82,Y,84207448,0.168414896
190,7,Y,83815216,0.167630432
348,27,Y,83803080,0.16760616
61,619,Y,83796600,0.1675932
119,1081,Y,83703568,0.16740713599999998
461,41,Y,83476256,0.166952512
104,962,Y,83341544,0.166683088
1118,123,Y,83141552,0.16628310400000001
319,23,Y,83067672,0.166135344
35,410,Y,82419200,0.1648384
58,592,Y,82340488,0.164680976
596,58,Y,82231776,0.164463552
58,593,Y,81949392,0.16389878400000002
818,86,Y,81853768,0.16370753600000001
3,152,Y,81411528,0.162823056
640,64,Y,81380568,0.162761136
1148,127,Y,81313664,0.16262732800000002
16,258,Y,80874544,0.161749088
7,191,Y,80872880,0.16174576000000002
18,276,Y,80774248,0.16154849599999999
434,38,Y,80747568,0.16149513599999998
493,45,Y,80554752,0.161109504
24,322,Y,80488480,0.16097696
83,797,Y,80145432,0.160290864
37,424,Y,79629872,0.159259744
634,63,Y,79340176,0.158680352
822,86,Y,79012864,0.158025728
4,167,Y,78969960,0.15793992
121,1097,Y,78563808,0.157127616
59,606,Y,78485080,0.15697016
14,240,Y,77977504,0.155955008
68,677,Y,77799288,0.155598576
52,546,Y,77763600,0.15552719999999998
0,134,Y,77420504,0.154841008
77,744,Y,77244992,0.154489984
21,303,Y,77097312,0.154194624
101,943,Y,77052248,0.154104496
541,51,Y,77041392,0.154082784
546,52,Y,76809936,0.15361987200000002
349,27,Y,76532624,0.153065248
811,85,Y,76273584,0.15254716799999998
114,1047,Y,76271152,0.152542304
995,108,Y,76205248,0.152410496
142,1,Y,76102288,0.152204576
350,27,Y,76044440,0.15208888
743,76,Y,75979032,0.151958064
828,87,Y,75830592,0.151661184
18,278,Y,75677736,0.151355472
58,595,Y,75445048,0.150890096
780,81,Y,75343952,0.150687904
401,34,Y,75268320,0.15053664
228,12,Y,75038768,0.150077536
27,346,Y,74997824,0.149995648
769,80,Y,74970416,0.149940832
523,49,Y,74759552,0.14951910399999999
16,263,Y,74581080,0.14916216000000002
330,25,Y,74555248,0.149110496
1,137,Y,74272616,0.148545232
194,8,Y,74192744,0.14838548799999998
265,17,Y,74144040,0.14828808000000002
1141,126,Y,74126736,0.148253472
40,451,Y,73955168,0.147910336
126,1138,Y,73884608,0.147769216
98,916,Y,73618344,0.147236688
547,52,Y,73513144,0.147026288
78,754,Y,73498544,0.146997088
869,92,Y,73306232,0.146612464
421,36,Y,73286056,0.146572112
13,237,Y,73274960,0.14654992
1055,115,Y,73210168,0.14642033599999998
295,20,Y,73193424,0.14638684799999999
13,233,Y,72980480,0.14596096
103,954,Y,72936160,0.14587232
823,86,Y,72814040,0.14562808
598,58,Y,72739256,0.145478512
52,544,Y,72617528,0.145235056
57,589,Y,72232560,0.14446512
550,52,Y,71850064,0.143700128
0,129,Y,71767352,0.143534704
116,1062,Y,71751168,0.143502336
8,196,Y,71653352,0.143306704
578,56,Y,71607432,0.143214864
116,1063,Y,71558528,0.143117056
85,813,Y,71557824,0.143115648
428,37,Y,71283024,0.142566048
81,776,Y,70678576,0.141357152
1120,124,Y,70499904,0.140999808
1108,122,Y,70274952,0.140549904
254,15,Y,70051280,0.14010256
17,266,Y,69945896,0.139891792
504,47,Y,69884288,0.139768576
29,360,Y,69748368,0.139496736
19,282,Y,69614152,0.139228304
34,405,Y,69421032,0.13884206400000002
713,73,Y,69261432,0.138522864
104,964,Y,69226776,0.138453552
1140,126,Y,69201992,0.138403984
342,26,Y,69196144,0.138392288
1092,120,Y,69050704,0.138101408
122,1109,Y,68779952,0.137559904
19,283,Y,68735040,0.13747008
412,35,Y,68716528,0.137433056
1139,126,Y,68698304,0.137396608
963,104,Y,68515760,0.13703152000000002
863,91,Y,68300016,0.136600032
879,93,Y,68239872,0.13647974400000001
83,793,Y,68193392,0.136386784
993,108,Y,68163152,0.136326304
74,727,Y,67991536,0.13598307199999998
446,39,Y,67935200,0.1358704
57,586,Y,67850600,0.13570120000000002
386,32,Y,67695336,0.135390672
323,24,Y,67498296,0.134996592
117,1066,Y,67462440,0.13492488
43,472,Y,67430872,0.134861744
651,65,Y,67429768,0.134859536
118,1079,Y,67417096,0.13483419200000002
45,489,Y,67410328,0.13482065599999998
290,20,Y,67406760,0.13481352
38,439,Y,67362736,0.13472547199999999
488,45,Y,67309792,0.13461958400000001
68,678,Y,67294336,0.13458867200000002
971,105,Y,67176808,0.134353616
3,159,Y,67149344,0.134298688
724,74,Y,67116936,0.134233872
52,550,Y,67028016,0.134056032
627,62,Y,66872520,0.13374503999999998
872,93,Y,66794552,0.133589104
1026,112,Y,66566664,0.133133328
66,658,Y,66402080,0.13280416
4,164,Y,66396264,0.132792528
39,442,Y,66309000,0.13261799999999999
710,72,Y,66222024,0.13244404799999998
11,217,Y,66133616,0.132267232
78,756,Y,65949120,0.13189824
111,1023,Y,65947696,0.131895392
114,1046,Y,65848264,0.131696528
117,1068,Y,65571448,0.131142896
17,268,Y,65502048,0.13100409600000001
669,67,Y,65463128,0.130926256
81,779,Y,65447040,0.13089408
21,302,Y,65418152,0.130836304
239,13,Y,65314472,0.130628944
87,828,Y,65275168,0.13055033600000002
112,1026,Y,65250992,0.13050198400000002
205,9,Y,65115048,0.130230096
19,280,Y,65103456,0.130206912
1077,118,Y,65090560,0.13018112
244,14,Y,64937840,0.12987568
779,81,Y,64878808,0.129757616
1053,115,Y,64760600,0.1295212
445,39,Y,64750400,0.1295008
127,1151,Y,64745800,0.12949159999999998
935,100,Y,64736536,0.129473072
76,743,Y,64453944,0.128907888
375,30,Y,64411528,0.128823056
1117,123,Y,64375456,0.128750912
35,411,Y,64355992,0.128711984
119,1083,Y,64258944,0.128517888
206,9,Y,64210096,0.128420192
801,84,Y,64164984,0.128329968
114,1043,Y,63981856,0.127963712
231,12,Y,63965184,0.127930368
841,89,Y,63789792,0.127579584
1001,109,Y,63761576,0.127523152
8,192,Y,63613304,0.12722660800000002
109,1003,Y,63606272,0.127212544
1113,123,Y,63382344,0.12676468800000001
25,331,Y,63328896,0.12665779200000002
882,94,Y,63328584,0.12665716800000001
36,418,Y,63270936,0.126541872
836,88,Y,63257576,0.126515152
237,13,Y,63233368,0.126466736
61,617,Y,63172560,0.12634512
73,713,Y,63040528,0.126081056
17,267,Y,63021304,0.126042608
95,892,Y,62885984,0.12577196799999998
105,973,Y,62881200,0.1257624
62,626,Y,62728848,0.125457696
43,475,Y,62651184,0.125302368
11,223,Y,62633480,0.12526696
751,77,Y,62614560,0.12522912
71,702,Y,62563752,0.125127504
723,74,Y,62519592,0.125039184
53,557,Y,62516664,0.125033328
486,44,Y,62491120,0.12498224
1144,127,Y,62450016,0.124900032
613,60,Y,62329064,0.124658128
29,366,Y,62299280,0.12459856
144,2,Y,62080656,0.12416131200000001
625,62,Y,62017488,0.12403497599999999
34,403,Y,61877456,0.12375491200000001
128,0,Y,61829248,0.123658496
20,292,Y,61827632,0.123655264
13,235,Y,61704896,0.123409792
1065,117,Y,61361720,0.12272343999999999
171,5,Y,61353320,0.12270664
41,457,Y,61310768,0.122621536
94,887,Y,61279832,0.12255966400000001
105,970,Y,61264928,0.122529856
26,340,Y,61251464,0.12250292800000001
619,61,Y,61240040,0.12248007999999999
732,75,Y,61170312,0.122340624
843,89,Y,61143152,0.12228630400000001
137,1,Y,61034216,0.12206843199999999
692,70,Y,61025488,0.122050976
92,866,Y,60925040,0.12185008
153,3,Y,60851632,0.121703264
1102,121,Y,60789080,0.12157815999999999
849,90,Y,60770392,0.12154078400000001
229,12,Y,60644656,0.121289312
195,8,Y,60553072,0.121106144
586,57,Y,60469752,0.120939504
69,680,Y,60400208,0.120800416
320,24,Y,60347616,0.12069523200000001
1044,114,Y,60177080,0.12035416
125,1134,Y,60150912,0.120301824
65,651,Y,60040344,0.12008068799999999
1082,119,Y,60037184,0.12007436800000001
373,30,Y,60012320,0.12002464
847,89,Y,59970600,0.1199412
17,265,Y,59908632,0.119817264
894,95,Y,59731696,0.119463392
988,107,Y,59633224,0.119266448
653,65,Y,59617384,0.11923476799999999
97,906,Y,59585016,0.119170032
47,505,Y,59381680,0.11876336
253,15,Y,59291040,0.11858208
389,32,Y,59270656,0.118541312
2,147,Y,59153296,0.118306592
355,28,Y,59093896,0.118187792
795,83,Y,59057864,0.11811572799999999
1005,109,Y,59055784,0.118111568
1045,114,Y,58977008,0.117954016
182,6,Y,58967864,0.117935728
756,78,Y,58930376,0.117860752
108,999,Y,58928184,0.117856368
87,827,Y,58894920,0.11778984
738,76,Y,58767776,0.117535552
749,77,Y,58741592,0.117483184
222,11,Y,58725360,0.11745072000000001
1110,122,Y,58677736,0.117355472
500,46,Y,58644440,0.11728888
69,686,Y,58523928,0.11704785599999999
95,895,Y,58417960,0.11683592
36,423,Y,58361296,0.116722592
998,108,Y,58360312,0.116720624
49,524,Y,58252632,0.116505264
82,784,Y,58246208,0.11649241599999999
41,460,Y,58220272,0.116440544
65,652,Y,58211760,0.11642352
66,657,Y,58198800,0.11639759999999999
1098,121,Y,58169592,0.11633918400000001
138,1,Y,58147040,0.11629408
1103,121,Y,58037664,0.116075328
81,777,Y,58029200,0.1160584
1051,115,Y,58006840,0.11601368000000001
33,397,Y,57996520,0.11599303999999999
84,801,Y,57952496,0.11590499199999998
551,52,Y,57935288,0.11587057600000002
115,1051,Y,57928088,0.115856176
909,97,Y,57917912,0.115835824
40,455,Y,57860352,0.115720704
533,50,Y,57566632,0.115133264
867,92,Y,57550616,0.11510123200000001
81,778,Y,57524800,0.1150496
264,17,Y,57261528,0.11452305600000001
25,328,Y,57239936,0.114479872
585,57,Y,57207456,0.11441491200000001
91,859,Y,57141512,0.114283024
108,994,Y,57122240,0.11424448
26,339,Y,57075512,0.114151024
664,67,Y,56989984,0.113979968
327,24,Y,56837120,0.11367424
47,507,Y,56828624,0.113657248
702,71,Y,56823384,0.11364676800000001
423,36,Y,56818936,0.11363787199999999
848,90,Y,56807352,0.113614704
93,876,Y,56777352,0.113554704
28,353,Y,56684496,0.113368992
1064,117,Y,56660768,0.113321536
495,45,Y,56601424,0.113202848
580,56,Y,56546488,0.113092976
10,212,Y,56533952,0.113067904
884,94,Y,56490016,0.11298003200000001
27,347,Y,56282488,0.11256497600000001
28,357,Y,56215432,0.11243086399999999
574,55,Y,56153608,0.11230721599999999
111,1016,Y,56137656,0.11227531199999999
22,311,Y,56122208,0.112244416
67,668,Y,56055816,0.11211163199999999
1095,120,Y,56015256,0.112030512
363,29,Y,55966624,0.111933248
79,762,Y,55905784,0.11181156799999999
989,107,Y,55796448,0.111592896
22,308,Y,55658840,0.11131768
928,100,Y,55639224,0.11127844799999999
726,74,Y,55608912,0.111217824
68,672,Y,55549800,0.11109959999999999
540,51,Y,55486576,0.11097315199999999
108,995,Y,55415832,0.11083166400000001
74,723,Y,55384240,0.11076847999999999
285,19,Y,55372800,0.1107456
14,241,Y,55324992,0.110649984
366,29,Y,55297120,0.11059424000000001
165,4,Y,55286624,0.110573248
75,732,Y,55221528,0.110443056
25,329,Y,55121808,0.110243616
116,1060,Y,55103648,0.110207296
332,25,Y,54977512,0.109955024
104,963,Y,54843672,0.10968734399999999
186,7,Y,54779448,0.109558896
764,79,Y,54663096,0.10932619199999999
825,87,Y,54625168,0.10925033599999999
562,54,Y,54553656,0.10910731200000001
79,761,Y,54532744,0.10906548800000002
127,1147,Y,54490624,0.10898124799999999
856,91,Y,54484744,0.10896948799999999
111,1019,Y,54418520,0.10883704000000001
116,1061,Y,54369920,0.10873984
3,153,Y,54346856,0.108693712
103,956,Y,54334376,0.108668752
57,591,Y,54232728,0.10846545599999999
6,176,Y,54181920,0.10836384
48,517,Y,54123200,0.10824639999999999
1066,117,Y,54055392,0.10811078400000002
84,807,Y,54003280,0.10800656
623,61,Y,53997624,0.10799524799999999
582,56,Y,53966368,0.107932736
21,299,Y,53964440,0.10792887999999999
221,11,Y,53880720,0.10776144000000001
6,180,Y,53769592,0.10753918400000001
620,61,Y,53713424,0.107426848
766,79,Y,53688168,0.107376336
372,30,Y,53625056,0.107250112
71,701,Y,53611576,0.107223152
302,21,Y,53545608,0.107091216
570,55,Y,53531248,0.107062496
1070,117,Y,53516112,0.107032224
75,728,Y,53464304,0.106928608
3,154,Y,53442448,0.106884896
53,559,Y,53396520,0.10679304
67,664,Y,53336944,0.106673888
380,31,Y,53303120,0.10660623999999999
23,318,Y,53280616,0.106561232
22,306,Y,53265208,0.106530416
474,43,Y,52907736,0.105815472
312,23,Y,52897256,0.105794512
436,38,Y,52834736,0.10566947200000001
381,31,Y,52747704,0.105495408
30,373,Y,52741760,0.10548352
538,51,Y,52651552,0.105303104
917,98,Y,52573032,0.105146064
1013,110,Y,52494664,0.104989328
968,105,Y,52441416,0.104882832
103,953,Y,52425048,0.104850096
21,301,Y,52392408,0.10478481600000002
509,47,Y,52373200,0.10474639999999999
104,965,Y,52361600,0.10472319999999999
1015,110,Y,52321624,0.104643248
211,10,Y,52303096,0.104606192
377,31,Y,52229472,0.104458944
361,29,Y,52214544,0.104429088
676,68,Y,52168792,0.104337584
106,983,Y,52158992,0.104317984
1099,121,Y,52149576,0.10429915199999999
38,432,Y,52137984,0.104275968
810,85,Y,52068648,0.10413729599999999
122,1111,Y,52054744,0.104109488
64,640,Y,51988840,0.10397767999999999
99,927,Y,51965208,0.103930416
916,98,Y,51928056,0.10385611200000001
213,10,Y,51838456,0.10367691200000001
700,71,Y,51832136,0.10366427200000002
471,42,Y,51830992,0.103661984
84,805,Y,51828344,0.103656688
22,307,Y,51821720,0.10364344
120,1088,Y,51708784,0.10341756799999999
1122,124,Y,51587456,0.103174912
339,26,Y,51586816,0.10317363199999999
1087,119,Y,51550504,0.10310100800000001
304,22,Y,51536544,0.10307308800000001
969,105,Y,51514912,0.10302982399999999
129,0,Y,51488800,0.1029776
11,218,Y,51390856,0.10278171200000001
689,70,Y,51321848,0.102643696
1042,114,Y,51274712,0.102549424
67,666,Y,51252032,0.10250406399999999
568,55,Y,51232200,0.10246439999999998
420,36,Y,51201392,0.102402784
33,393,Y,51178512,0.102357024
391,32,Y,51110480,0.10222096
41,461,Y,51065552,0.102131104
96,899,Y,51042560,0.10208512
948,102,Y,51014824,0.102029648
46,501,Y,51006840,0.10201368000000001
376,31,Y,51002456,0.102004912
955,103,Y,50964008,0.101928016
583,56,Y,50943912,0.10188782400000002
16,259,Y,50943200,0.1018864
111,1017,Y,50938592,0.10187718400000001
945,102,Y,50934472,0.10186894399999999
105,972,Y,50875336,0.101750672
105,974,Y,50873928,0.101747856
88,833,Y,50833016,0.101666032
101,936,Y,50777192,0.101554384
224,12,Y,50664168,0.101328336
639,63,Y,50544864,0.10108972799999999
996,108,Y,50535952,0.101071904
78,753,Y,50446480,0.10089296
57,588,Y,50389552,0.100779104
0,132,Y,50332728,0.100665456
80,770,Y,50295944,0.10059188799999999
200,9,Y,50295848,0.100591696
666,67,Y,50204544,0.100409088
298,21,Y,50178512,0.100357024
370,30,Y,50117872,0.10023574399999999
31,383,Y,50070304,0.10014060799999999
85,809,Y,50049672,0.10009934399999999
54,562,Y,50030368,0.100060736
9,200,Y,50010624,0.100021248
125,1135,Y,50010024,0.100020048
26,336,Y,49994744,0.099989488
880,94,Y,49993728,0.09998745599999999
1007,109,Y,49937272,0.09987454400000001
16,256,Y,49849088,0.09969817600000001
219,11,Y,49770256,0.099540512
20,294,Y,49747912,0.099495824
14,247,Y,49712152,0.09942430399999999
999,108,Y,49686048,0.09937209600000001
61,620,Y,49660472,0.09932094400000001
331,25,Y,49657272,0.09931454399999999
102,949,Y,49601680,0.09920336
685,69,Y,49586952,0.09917390400000001
180,6,Y,49575616,0.09915123199999999
91,861,Y,49471376,0.09894275200000001
51,540,Y,49442376,0.098884752
3,157,Y,49438768,0.098877536
199,8,Y,49394704,0.098789408
242,14,Y,49382544,0.098765088
60,611,Y,49317120,0.09863424
1132,125,Y,49251544,0.098503088
839,88,Y,49209784,0.09841956800000001
57,584,Y,49156976,0.098313952
503,46,Y,49123872,0.098247744
925,99,Y,49118792,0.098237584
103,958,Y,48996400,0.09799279999999999
414,35,Y,48958360,0.09791672
97,904,Y,48945224,0.097890448
113,1039,Y,48940992,0.097881984
922,99,Y,48936704,0.09787340800000001
67,669,Y,48886408,0.097772816
467,42,Y,48882984,0.097765968
1063,116,Y,48871456,0.09774291200000002
427,37,Y,48846344,0.09769268800000001
71,697,Y,48818904,0.09763780799999999
116,1056,Y,48797832,0.097595664
177,6,Y,48781856,0.097563712
1010,110,Y,48709840,0.09741968000000001
1019,111,Y,48691976,0.097383952
99,920,Y,48671912,0.097343824
851,90,Y,48609496,0.097218992
282,19,Y,48591224,0.09718244799999999
453,40,Y,48553976,0.097107952
1089,120,Y,48542120,0.09708424
8,198,Y,48518584,0.09703716800000001
72,710,Y,48512280,0.09702456
359,28,Y,48462928,0.096925856
8,197,Y,48442496,0.096884992
755,78,Y,48426768,0.096853536
59,603,Y,48390056,0.096780112
14,242,Y,48389512,0.09677902399999999
90,855,Y,48369880,0.09673976000000001
114,1040,Y,48368256,0.09673651200000001
63,634,Y,48287088,0.096574176
11,219,Y,48239296,0.096478592
371,30,Y,48213200,0.09642640000000001
159,3,Y,48175168,0.096350336
31,379,Y,48173624,0.096347248
7,186,Y,48158608,0.096317216
29,361,Y,48006816,0.096013632
94,881,Y,48002536,0.096005072
610,60,Y,47989904,0.095979808
77,747,Y,47890704,0.095781408
133,0,Y,47875096,0.095750192
201,9,Y,47850320,0.09570064
8,199,Y,47744520,0.09548904
573,55,Y,47707760,0.09541552
480,44,Y,47692112,0.095384224
443,39,Y,47688840,0.09537767999999999
379,31,Y,47678928,0.095357856
16,257,Y,47633816,0.09526763199999999
65,654,Y,47611112,0.095222224
123,1118,Y,47598504,0.095197008
1107,122,Y,47579144,0.09515828800000001
555,53,Y,47512848,0.09502569599999999
168,5,Y,47510120,0.09502023999999999
32,386,Y,47421024,0.094842048
422,36,Y,47413984,0.094827968
454,40,Y,47401544,0.09480308800000001
113,1037,Y,47401376,0.094802752
39,441,Y,47395592,0.094791184
605,59,Y,47383392,0.094766784
603,59,Y,47383016,0.094766032
787,82,Y,47382808,0.094765616
952,103,Y,47369696,0.094739392
709,72,Y,47325872,0.094651744
575,55,Y,47238544,0.094477088
1041,114,Y,47212344,0.09442468799999999
49,520,Y,47207504,0.09441500800000001
1035,113,Y,47168128,0.09433625600000001
529,50,Y,47144680,0.09428936
23,313,Y,47127360,0.09425472
101,937,Y,47103864,0.094207728
584,57,Y,47022384,0.094044768
123,1115,Y,47007728,0.09401545600000001
75,729,Y,46917192,0.093834384
27,350,Y,46880216,0.093760432
581,56,Y,46814784,0.093629568
196,8,Y,46810176,0.093620352
938,101,Y,46807776,0.093615552
68,676,Y,46795776,0.09359155200000001
66,656,Y,46770480,0.09354095999999999
784,82,Y,46734456,0.093468912
14,246,Y,46730256,0.093460512
812,85,Y,46714208,0.093428416
10,214,Y,46695416,0.09339083200000001
976,106,Y,46632416,0.093264832
28,359,Y,46625752,0.093251504
4,161,Y,46617048,0.093234096
20,293,Y,46605240,0.09321048
48,512,Y,46603120,0.09320624
21,298,Y,46581448,0.093162896
977,106,Y,46502464,0.093004928
1091,120,Y,46426776,0.09285355199999999
9,204,Y,46421256,0.092842512
1121,124,Y,46385464,0.092770928
75,733,Y,46378192,0.092756384
39,443,Y,46316560,0.09263312
626,62,Y,46251336,0.092502672
81,782,Y,46239744,0.092479488
266,17,Y,46195784,0.092391568
110,1013,Y,46183208,0.092366416
431,37,Y,46159728,0.09231945600000001
86,816,Y,46137520,0.09227504
94,885,Y,46070936,0.092141872
145,2,Y,46068008,0.092136016
184,7,Y,46058280,0.09211656
852,90,Y,46046904,0.092093808
255,15,Y,46039424,0.092078848
123,1117,Y,46007824,0.092015648
1073,118,Y,45981152,0.091962304
791,82,Y,45881120,0.09176224
96,900,Y,45876720,0.09175344
1100,121,Y,45871080,0.09174215999999999
72,709,Y,45850960,0.09170192
30,375,Y,45845320,0.09169064
272,18,Y,45829208,0.091658416
49,522,Y,45746400,0.0914928
252,15,Y,45729840,0.09145968
32,387,Y,45724048,0.091448096
50,531,Y,45716832,0.091433664
1071,117,Y,45702928,0.091405856
121,1096,Y,45680552,0.091361104
671,67,Y,45655440,0.09131088
643,64,Y,45589280,0.09117856
1151,127,Y,45557592,0.091115184
785,82,Y,45555312,0.091110624
2,151,Y,45519592,0.091039184
274,18,Y,45512184,0.09102436800000001
677,68,Y,45499696,0.090999392
69,683,Y,45495184,0.090990368
645,64,Y,45493456,0.09098691199999999
405,34,Y,45483208,0.09096641600000001
524,49,Y,45425432,0.090850864
89,845,Y,45394872,0.090789744
120,1094,Y,45319248,0.090638496
714,73,Y,45307152,0.090614304
125,1128,Y,45306752,0.090613504
125,1129,Y,45295512,0.090591024
120,1090,Y,45282520,0.09056504
3,156,Y,45259840,0.09051968
127,1145,Y,45207392,0.090414784
53,556,Y,45141552,0.090283104
360,29,Y,45135920,0.09027183999999999
530,50,Y,45131976,0.090263952
8,194,Y,45114480,0.09022896
824,87,Y,45090600,0.0901812
661,66,Y,45088344,0.090176688
10,209,Y,45074232,0.090148464
102,951,Y,45038112,0.090076224
1016,111,Y,45031176,0.090062352
62,629,Y,44988368,0.089976736
1142,126,Y,44946816,0.089893632
23,312,Y,44933696,0.089867392
16,260,Y,44919448,0.089838896
51,537,Y,44914896,0.08982979199999999
173,5,Y,44914128,0.089828256
75,730,Y,44895760,0.08979152
829,87,Y,44879392,0.08975878400000001
930,100,Y,44875936,0.089751872
444,39,Y,44851920,0.08970383999999999
80,775,Y,44848600,0.0896972
981,106,Y,44823248,0.08964649599999999
100,935,Y,44818248,0.08963649600000001
46,503,Y,44807976,0.089615952
1008,110,Y,44805440,0.08961088
553,53,Y,44790272,0.089580544
44,482,Y,44777160,0.08955432
45,493,Y,44770320,0.08954064
939,101,Y,44747920,0.08949584
86,821,Y,44655720,0.08931144
218,11,Y,44645712,0.089291424
89,844,Y,44617424,0.08923484799999999
189,7,Y,44589656,0.08917931200000001
152,3,Y,44543592,0.089087184
771,80,Y,44528080,0.08905616
116,1058,Y,44513968,0.089027936
797,83,Y,44504960,0.08900991999999999
66,661,Y,44473936,0.088947872
66,660,Y,44473320,0.08894664000000001
72,706,Y,44472672,0.088945344
711,72,Y,44445864,0.088891728
109,1006,Y,44440016,0.08888003200000001
745,77,Y,44411088,0.088822176
226,12,Y,44348744,0.08869748799999999
324,24,Y,44323664,0.088647328
753,78,Y,44291000,0.08858200000000001
88,834,Y,44274784,0.08854956800000001
777,81,Y,44272224,0.088544448
25,332,Y,44270688,0.088541376
954,103,Y,44244776,0.088489552
641,64,Y,44243864,0.088487728
4,166,Y,44243352,0.088486704
109,1007,Y,44241200,0.0884824
92,871,Y,44226088,0.088452176
564,54,Y,44210416,0.08842083199999999
55,572,Y,44205736,0.088411472
796,83,Y,44184168,0.08836833599999999
120,1091,Y,44155976,0.088311952
60,612,Y,44147520,0.08829504
809,85,Y,44144872,0.088289744
67,667,Y,44094128,0.08818825599999999
3,158,Y,44076024,0.08815204800000001
439,38,Y,44024296,0.088048592
96,902,Y,44006704,0.088013408
18,275,Y,43996960,0.08799392
113,1033,Y,43994096,0.087988192
353,28,Y,43983816,0.087967632
284,19,Y,43967120,0.08793424
701,71,Y,43952288,0.087904576
16,262,Y,43909696,0.087819392
84,803,Y,43906144,0.087812288
74,725,Y,43897472,0.087794944
38,437,Y,43896648,0.08779329599999999
15,249,Y,43878648,0.087757296
792,83,Y,43778488,0.087556976
888,95,Y,43765200,0.08753040000000001
102,948,Y,43739000,0.087478
108,996,Y,43733752,0.087467504
114,1042,Y,43687440,0.08737488
42,470,Y,43679776,0.087359552
215,10,Y,43675280,0.08735056
11,221,Y,43660176,0.087320352
1109,122,Y,43648888,0.08729777600000001
901,96,Y,43619872,0.087239744
5,175,Y,43571200,0.0871424
978,106,Y,43562064,0.087124128
826,87,Y,43547216,0.087094432
47,508,Y,43545232,0.08709046399999999
106,980,Y,43537456,0.087074912
600,59,Y,43508296,0.087016592
519,48,Y,43504688,0.087009376
1030,112,Y,43472896,0.08694579200000001
897,96,Y,43465288,0.086930576
39,445,Y,43367072,0.086734144
270,17,Y,43318424,0.086636848
210,10,Y,43311000,0.086622
84,804,Y,43294368,0.086588736
860,91,Y,43287640,0.08657527999999999
273,18,Y,43279280,0.08655855999999999
475,43,Y,43260536,0.086521072
317,23,Y,43240296,0.086480592
63,637,Y,43226768,0.086453536
34,401,Y,43202464,0.086404928
607,59,Y,43178376,0.086356752
496,46,Y,43145816,0.08629163200000001
90,849,Y,43112096,0.086224192
147,2,Y,43074040,0.08614808
56,576,Y,43072560,0.08614512
307,22,Y,43051232,0.086102464
734,75,Y,42976152,0.08595230400000001
1036,113,Y,42968752,0.085937504
358,28,Y,42936224,0.085872448
1083,119,Y,42839152,0.085678304
89,847,Y,42830832,0.085661664
35,414,Y,42777456,0.085554912
1043,114,Y,42744552,0.08548910400000001
83,799,Y,42733080,0.08546616
694,70,Y,42726784,0.08545356800000001
55,573,Y,42718616,0.085437232
251,15,Y,42713128,0.08542625599999999
120,1092,Y,42712912,0.085425824
156,3,Y,42701696,0.08540339200000001
599,58,Y,42691864,0.085383728
12,225,Y,42645880,0.08529176
718,73,Y,42582408,0.085164816
873,93,Y,42545304,0.085090608
10,215,Y,42523760,0.08504752
85,810,Y,42521240,0.08504247999999999
642,64,Y,42504016,0.08500803200000001
1124,124,Y,42492608,0.084985216
1003,109,Y,42477656,0.084955312
399,33,Y,42463176,0.08492635200000001
106,976,Y,42442184,0.084884368
668,67,Y,42418968,0.084837936
93,873,Y,42415536,0.084831072
877,93,Y,42410648,0.08482129599999999
905,97,Y,42397472,0.08479494400000001
997,108,Y,42391792,0.084783584
80,771,Y,42371432,0.084742864
27,351,Y,42345512,0.084691024
127,1150,Y,42341120,0.08468224
773,80,Y,42327648,0.084655296
99,921,Y,42315128,0.084630256
1084,119,Y,42295520,0.08459103999999999
88,839,Y,42294824,0.084589648
1,136,Y,42271320,0.08454264
90,848,Y,42241720,0.08448343999999999
510,47,Y,42234664,0.084469328
347,27,Y,42213296,0.084426592
76,742,Y,42210568,0.084421136
57,585,Y,42154800,0.0843096
75,731,Y,42106840,0.08421368
62,630,Y,42104192,0.084208384
985,107,Y,42035928,0.084071856
88,835,Y,42016680,0.08403336
32,390,Y,41996208,0.083992416
1069,117,Y,41985608,0.083971216
557,53,Y,41936328,0.08387265599999999
424,37,Y,41927824,0.083855648
85,808,Y,41889448,0.08377889599999999
50,530,Y,41785584,0.083571168
69,681,Y,41761896,0.083523792
628,62,Y,41751736,0.083503472
1033,113,Y,41689608,0.08337921599999999
198,8,Y,41689536,0.083379072
93,875,Y,41665712,0.083331424
9,203,Y,41652040,0.08330408
81,783,Y,41645920,0.08329184
960,104,Y,41608656,0.083217312
708,72,Y,41595696,0.083191392
111,1021,Y,41577104,0.08315420800000001
112,1031,Y,41569816,0.083139632
287,19,Y,41554480,0.08310896
647,64,Y,41505968,0.083011936
5,172,Y,41505424,0.083010848
750,77,Y,41499824,0.082999648
1115,123,Y,41473576,0.082947152
691,70,Y,41450224,0.082900448
924,99,Y,41450192,0.08290038400000001
297,21,Y,41445864,0.08289172800000001
907,97,Y,41437824,0.082875648
11,220,Y,41434984,0.082869968
78,755,Y,41431384,0.08286276799999999
817,86,Y,41411064,0.08282212800000001
840,89,Y,41365368,0.082730736
44,487,Y,41338760,0.08267752
105,968,Y,41321792,0.082643584
118,1073,Y,41319824,0.082639648
64,646,Y,41310016,0.08262003200000001
871,92,Y,41232496,0.082464992
12,227,Y,41230120,0.08246024
86,820,Y,41201224,0.08240244799999999
1145,127,Y,41189680,0.08237936
57,590,Y,41096272,0.082192544
120,1095,Y,41076088,0.082152176
844,89,Y,41072536,0.082145072
85,812,Y,41052552,0.082105104
22,310,Y,41050480,0.08210096
100,934,Y,41034032,0.082068064
33,396,Y,41017272,0.082034544
112,1029,Y,40938864,0.081877728
59,602,Y,40924840,0.08184968
929,100,Y,40859120,0.08171824
60,609,Y,40858232,0.081716464
100,928,Y,40837376,0.081674752
113,1034,Y,40827848,0.081655696
155,3,Y,40801968,0.081603936
92,869,Y,40764160,0.08152832
98,912,Y,40753400,0.08150679999999999
1031,112,Y,40693624,0.081387248
61,623,Y,40688200,0.0813764
71,696,Y,40675760,0.08135152
758,78,Y,40665240,0.08133048
1048,115,Y,40644928,0.081289856
1114,123,Y,40590680,0.08118136
5,169,Y,40566296,0.081132592
1097,121,Y,40527800,0.0810556
66,659,Y,40500560,0.08100112
816,86,Y,40440712,0.080881424
719,73,Y,40411856,0.080823712
108,997,Y,40409424,0.080818848
48,518,Y,40406432,0.080812864
91,862,Y,40397328,0.08079465599999999
123,1114,Y,40350328,0.080700656
100,932,Y,40304760,0.08060952
593,58,Y,40292128,0.080584256
37,427,Y,40267664,0.080535328
344,27,Y,40261968,0.080523936
1126,124,Y,40228712,0.080457424
106,982,Y,40227120,0.08045424
172,5,Y,40225688,0.08045137599999999
515,48,Y,40214808,0.08042961600000001
890,95,Y,40214760,0.08042951999999999
859,91,Y,40210616,0.08042123200000001
920,99,Y,40202232,0.080404464
214,10,Y,40201800,0.0804036
385,32,Y,40162712,0.080325424
774,80,Y,40138800,0.0802776
560,54,Y,40138544,0.080277088
31,381,Y,40113072,0.080226144
91,857,Y,40110656,0.080221312
1060,116,Y,40083768,0.080167536
157,3,Y,40036712,0.080073424
117,1064,Y,40013480,0.08002696000000001
45,495,Y,39972896,0.079945792
148,2,Y,39960016,0.079920032
119,1085,Y,39900456,0.079800912
44,484,Y,39849808,0.079699616
102,950,Y,39839024,0.079678048
367,29,Y,39809856,0.079619712
52,545,Y,39803032,0.07960606399999999
21,296,Y,39792472,0.079584944
648,65,Y,39792024,0.07958404799999999
74,721,Y,39785960,0.07957192
970,105,Y,39785560,0.07957112
903,96,Y,39760368,0.079520736
117,1069,Y,39740032,0.07948006399999999
1067,117,Y,39731168,0.07946233600000001
121,1099,Y,39717224,0.079434448
63,635,Y,39715472,0.079430944
958,103,Y,39703800,0.0794076
131,0,Y,39691024,0.079382048
64,644,Y,39680272,0.079360544
60,615,Y,39645744,0.079291488
176,6,Y,39631080,0.07926216
13,234,Y,39617376,0.07923475199999999
55,569,Y,39607840,0.07921568
1032,113,Y,39607112,0.079214224
686,69,Y,39589400,0.0791788
48,519,Y,39584880,0.07916976
61,622,Y,39577968,0.079155936
946,102,Y,39577488,0.079154976
98,917,Y,39518616,0.079037232
681,69,Y,39491672,0.078983344
74,724,Y,39471344,0.078942688
2,144,Y,39467144,0.078934288
42,471,Y,39463848,0.07892769599999999
345,27,Y,39453352,0.07890670400000001
15,252,Y,39433632,0.07886726399999999
512,48,Y,39421216,0.078842432
1081,119,Y,39420096,0.078840192
48,513,Y,39342280,0.07868456
609,60,Y,39333560,0.07866712000000001
100,930,Y,39317248,0.078634496
487,44,Y,39295192,0.078590384
127,1149,Y,39269472,0.078538944
705,72,Y,39265224,0.078530448
1023,111,Y,39222936,0.078445872
42,467,Y,39194608,0.078389216
310,22,Y,39190232,0.078380464
207,9,Y,39187296,0.07837459199999999
400,34,Y,39177248,0.078354496
84,806,Y,39145464,0.078290928
827,87,Y,39138832,0.07827766400000001
3,155,Y,39092040,0.07818407999999999
854,90,Y,39085968,0.078171936
1090,120,Y,39029536,0.07805907200000001
473,43,Y,39021104,0.078042208
124,1125,Y,39009648,0.078019296
1,142,Y,38944904,0.077889808
100,933,Y,38917736,0.077835472
12,231,Y,38908208,0.077816416
10,208,Y,38876712,0.077753424
558,53,Y,38857192,0.077714384
687,69,Y,38852672,0.077705344
532,50,Y,38844992,0.07768998399999999
654,65,Y,38841272,0.07768254399999999
662,66,Y,38764792,0.077529584
107,990,Y,38750200,0.0775004
699,71,Y,38743336,0.07748667199999999
980,106,Y,38724552,0.077449104
106,977,Y,38661632,0.077323264
390,32,Y,38632936,0.077265872
665,67,Y,38603544,0.077207088
23,317,Y,38586824,0.077173648
341,26,Y,38586704,0.077173408
99,922,Y,38571056,0.077142112
617,61,Y,38552240,0.07710448
88,832,Y,38548416,0.077096832
768,80,Y,38547472,0.077094944
26,337,Y,38511680,0.07702336
855,90,Y,38505728,0.07701145599999999
813,85,Y,38504448,0.077008896
967,104,Y,38481616,0.076963232
46,498,Y,38431824,0.07686364799999999
97,905,Y,38424272,0.076848544
798,83,Y,38424192,0.076848384
720,74,Y,38397560,0.07679512
243,14,Y,38392664,0.076785328
44,486,Y,38382240,0.07676448
80,769,Y,38374784,0.076749568
247,14,Y,38358752,0.07671750399999999
51,542,Y,38353016,0.076706032
808,85,Y,38344512,0.076689024
552,53,Y,38337000,0.076674
567,54,Y,38269184,0.076538368
451,40,Y,38200344,0.076400688
23,316,Y,38180272,0.076360544
793,83,Y,38152880,0.07630576
707,72,Y,38144208,0.076288416
479,43,Y,38131376,0.076262752
46,496,Y,38128560,0.07625712
387,32,Y,38127912,0.076255824
41,462,Y,38126872,0.076253744
257,16,Y,38126704,0.07625340800000001
72,704,Y,38125408,0.076250816
1150,127,Y,38102464,0.07620492799999999
1027,112,Y,38097864,0.076195728
107,985,Y,38096656,0.076193312
188,7,Y,38067120,0.07613423999999999
589,57,Y,38050584,0.076101168
378,31,Y,38033080,0.07606616000000001
356,28,Y,38018744,0.076037488
85,814,Y,38007592,0.076015184
918,98,Y,37993034,0.075986068
81,780,Y,37990648,0.075981296
682,69,Y,37975024,0.075950048
892,95,Y,37970816,0.075941632
12,230,Y,37967128,0.075934256
608,60,Y,37922032,0.075844064
0,130,Y,37919840,0.07583967999999999
1022,111,Y,37872688,0.075745376
49,525,Y,37853768,0.075707536
46,500,Y,37853296,0.075706592
90,853,Y,37818240,0.07563647999999999
36,421,Y,37779272,0.075558544
520,49,Y,37772720,0.07554544
837,88,Y,37772016,0.07554403200000001
22,305,Y,37749592,0.075499184
119,1080,Y,37710248,0.075420496
288,20,Y,37705136,0.075410272
39,446,Y,37661672,0.075323344
24,323,Y,37606336,0.07521267200000001
742,76,Y,37597520,0.07519503999999999
18,272,Y,37592712,0.075185424
102,947,Y,37578888,0.075157776
35,412,Y,37558328,0.075116656
429,37,Y,37551144,0.075102288
866,92,Y,37546416,0.075092832
731,75,Y,37518464,0.075036928
113,1032,Y,37516984,0.075033968
83,795,Y,37508008,0.075016016
280,19,Y,37478232,0.074956464
485,44,Y,37471520,0.07494304
1131,125,Y,37464560,0.07492912
31,377,Y,37393240,0.07478648
24,321,Y,37393056,0.074786112
99,923,Y,37376616,0.074753232
789,82,Y,37371520,0.07474304
604,59,Y,37364616,0.074729232
105,969,Y,37359272,0.074718544
868,92,Y,37319720,0.07463944
941,101,Y,37292072,0.074584144
74,722,Y,37265840,0.07453168
166,4,Y,37262136,0.074524272
335,25,Y,37237656,0.074475312
115,1054,Y,37223280,0.07444656000000001
45,494,Y,37198040,0.07439607999999999
41,458,Y,37196920,0.07439384
55,571,Y,37142752,0.074285504
55,574,Y,37110872,0.07422174399999999
60,614,Y,37085688,0.074171376
98,913,Y,37040832,0.07408166399999999
54,560,Y,37027144,0.074054288
93,872,Y,37023936,0.074047872
1034,113,Y,37002872,0.074005744
38,435,Y,36971704,0.073943408
88,837,Y,36964984,0.073929968
82,790,Y,36945968,0.07389193599999999
36,419,Y,36944888,0.07388977599999999
927,99,Y,36941936,0.07388387199999999
204,9,Y,36916912,0.07383382399999999
267,17,Y,36903400,0.0738068
870,92,Y,36901240,0.07380248
456,41,Y,36890304,0.073780608
119,1082,Y,36835592,0.073671184
119,1084,Y,36831344,0.073662688
42,465,Y,36777264,0.073554528
419,36,Y,36769792,0.073539584
563,54,Y,36761848,0.073523696
838,88,Y,36750880,0.07350176
89,840,Y,36747320,0.07349464
606,59,Y,36738400,0.0734768
565,54,Y,36722896,0.073445792
303,21,Y,36712512,0.073425024
117,1070,Y,36712016,0.073424032
123,1113,Y,36691720,0.07338344
58,599,Y,36651368,0.073302736
352,28,Y,36647088,0.073294176
91,863,Y,36643616,0.073287232
52,547,Y,36635048,0.073270096
923,99,Y,36596736,0.073193472
94,883,Y,36588824,0.073177648
1040,114,Y,36578864,0.073157728
79,760,Y,36574272,0.073148544
635,63,Y,36571792,0.073143584
1057,116,Y,36550904,0.07310180799999999
932,100,Y,36548688,0.073097376
236,13,Y,36537424,0.073074848
146,2,Y,36459592,0.072919184
1134,125,Y,36443144,0.072886288
0,131,Y,36436664,0.072873328
134,0,Y,36430304,0.07286060800000001
68,673,Y,36428384,0.072856768
680,69,Y,36427600,0.07285520000000001
15,250,Y,36343304,0.072686608
548,52,Y,36340120,0.07268024000000001
95,889,Y,36319312,0.072638624
833,88,Y,36312976,0.07262595200000001
80,768,Y,36302696,0.07260539199999999
944,102,Y,36286736,0.072573472
59,607,Y,36273144,0.072546288
1133,125,Y,36269656,0.07253931200000001
44,481,Y,36221712,0.072443424
95,888,Y,36190000,0.07238
97,911,Y,36169800,0.07233959999999999
1079,118,Y,36169792,0.07233958400000001
27,345,Y,36150376,0.072300752
30,374,Y,36143960,0.07228792
58,598,Y,36117464,0.072234928
79,763,Y,36114536,0.072229072
722,74,Y,36099056,0.072198112
27,348,Y,36051224,0.072102448
25,335,Y,36014336,0.072028672
38,436,Y,35986896,0.07197379200000001
1017,111,Y,35953656,0.071907312
187,7,Y,35948328,0.07189665599999999
5,174,Y,35904512,0.071809024
915,98,Y,35903024,0.071806048
136,1,Y,35886552,0.071773104
96,897,Y,35885640,0.07177127999999999
83,794,Y,35855344,0.071710688
107,988,Y,35841520,0.07168304
7,187,Y,35836536,0.071673072
1,139,Y,35815304,0.071630608
97,909,Y,35813656,0.071627312
40,450,Y,35809776,0.071619552
88,838,Y,35797232,0.071594464
66,663,Y,35786112,0.071572224
861,91,Y,35781840,0.07156368
90,854,Y,35771592,0.071543184
73,716,Y,35761688,0.071523376
139,1,Y,35752240,0.07150448000000001
364,29,Y,35742488,0.071484976
507,47,Y,35716344,0.071432688
44,485,Y,35707632,0.07141526399999999
834,88,Y,35703616,0.071407232
577,56,Y,35695312,0.071390624
43,477,Y,35686024,0.071372048
121,1101,Y,35678608,0.071357216
527,49,Y,35644088,0.071288176
1138,126,Y,35639200,0.0712784
77,748,Y,35631480,0.07126296
9,205,Y,35620432,0.071240864
118,1078,Y,35615232,0.07123046400000001
481,44,Y,35609424,0.071218848
61,621,Y,35606840,0.07121368
336,26,Y,35590072,0.071180144
241,14,Y,35580424,0.071160848
0,135,Y,35571896,0.071143792
250,15,Y,35562304,0.071124608
125,1131,Y,35561152,0.071122304
31,380,Y,35551408,0.071102816
762,79,Y,35534680,0.07106936
53,552,Y,35531936,0.071063872
526,49,Y,35517240,0.07103448
162,4,Y,35489624,0.07097924800000001
149,2,Y,35464560,0.07092912
883,94,Y,35421376,0.070842752
735,75,Y,35419520,0.07083903999999999
24,320,Y,35418144,0.070836288
470,42,Y,35416968,0.070833936
86,823,Y,35393768,0.070787536
70,689,Y,35355968,0.07071193599999999
775,80,Y,35354104,0.07070820800000001
268,17,Y,35337456,0.07067491199999999
30,372,Y,35314992,0.07062998399999999
831,87,Y,35285080,0.07057015999999999
43,473,Y,35280880,0.07056176
5,168,Y,35270248,0.07054049600000001
103,957,Y,35235040,0.07047008
1059,116,Y,35177672,0.070355344
112,1025,Y,35160992,0.070321984
902,96,Y,35157192,0.07031438400000001
29,362,Y,35068592,0.070137184
109,1001,Y,35056584,0.070113168
806,84,Y,35056120,0.07011224
86,817,Y,35048696,0.07009739200000001
0,133,Y,35047488,0.070094976
86,822,Y,35040048,0.070080096
334,25,Y,35037184,0.070074368
1006,109,Y,35023992,0.070047984
47,510,Y,35006744,0.070013488
502,46,Y,34978144,0.069956288
717,73,Y,34964392,0.06992878400000001
67,670,Y,34957064,0.06991412799999999
54,563,Y,34920600,0.0698412
315,23,Y,34839440,0.06967888
679,68,Y,34829776,0.069659552
47,511,Y,34820048,0.069640096
1047,114,Y,34789776,0.069579552
208,10,Y,34779088,0.069558176
99,925,Y,34775856,0.069551712
37,425,Y,34766560,0.06953311999999999
98,919,Y,34722168,0.069444336
61,616,Y,34707688,0.069415376
130,0,Y,34670640,0.06934127999999999
101,939,Y,34659392,0.069318784
122,1106,Y,34641728,0.069283456
90,852,Y,34624976,0.069249952
235,13,Y,34588376,0.06917675200000001
116,1059,Y,34574864,0.069149728
716,73,Y,34573592,0.069147184
311,22,Y,34557768,0.069115536
110,1011,Y,34536208,0.069072416
895,95,Y,34535840,0.06907168
1049,115,Y,34526080,0.06905216
984,107,Y,34525304,0.069050608
98,914,Y,34521304,0.06904260799999999
476,43,Y,34518608,0.069037216
53,558,Y,34507200,0.06901439999999999
630,62,Y,34488560,0.06897712
115,1048,Y,34473032,0.068946064
46,502,Y,34464432,0.06892886399999999
437,38,Y,34457656,0.068915312
911,97,Y,34451832,0.068903664
289,20,Y,34445920,0.06889184
876,93,Y,34437352,0.06887470400000001
1018,111,Y,34436360,0.06887272
1,143,Y,34431032,0.068862064
45,490,Y,34357376,0.068714752
135,0,Y,34345936,0.068691872
77,751,Y,34334168,0.068668336
56,578,Y,34324808,0.068649616
110,1009,Y,34293272,0.068586544
35,408,Y,34273576,0.068547152
313,23,Y,34227544,0.068455088
899,96,Y,34190672,0.068381344
752,78,Y,34188304,0.068376608
35,409,Y,34154264,0.06830852800000001
115,1052,Y,34150848,0.068301696
124,1122,Y,34143320,0.06828664
672,68,Y,34117264,0.068234528
53,553,Y,34103560,0.06820712
650,65,Y,34097752,0.068195504
269,17,Y,34090792,0.068181584
32,389,Y,34085520,0.06817104
739,76,Y,34068952,0.068137904
407,34,Y,34060768,0.068121536
47,504,Y,34048320,0.06809664
122,1108,Y,34031768,0.06806353600000001
293,20,Y,34003096,0.06800619200000001
89,846,Y,33996368,0.067992736
441,39,Y,33965552,0.06793110399999999
12,229,Y,33965040,0.06793008
100,929,Y,33958368,0.067916736
48,514,Y,33957952,0.067915904
1011,110,Y,33956112,0.06791222400000001
959,103,Y,33947288,0.067894576
183,6,Y,33943304,0.067886608
466,42,Y,33934152,0.06786830399999999
158,3,Y,33927432,0.067854864
636,63,Y,33922864,0.067845728
125,1130,Y,33921672,0.067843344
1056,116,Y,33902408,0.067804816
263,16,Y,33893728,0.067787456
765,79,Y,33888064,0.067776128
238,13,Y,33864792,0.067729584
124,1120,Y,33864448,0.067728896
459,41,Y,33857856,0.067715712
67,665,Y,33837440,0.06767487999999999
115,1049,Y,33836584,0.06767316799999999
216,11,Y,33827864,0.067655728
514,48,Y,33810656,0.067621312
535,50,Y,33796160,0.06759232
113,1038,Y,33745696,0.067491392
64,642,Y,33739496,0.067478992
99,924,Y,33700240,0.06740048
413,35,Y,33675608,0.067351216
191,7,Y,33607968,0.067215936
900,96,Y,33603048,0.06720609599999999
912,98,Y,33594640,0.06718928
29,363,Y,33552368,0.067104736
6,179,Y,33500152,0.067000304
781,81,Y,33490080,0.06698016
94,886,Y,33489344,0.066978688
60,608,Y,33471864,0.06694372800000001
74,726,Y,33456744,0.066913488
329,25,Y,33439784,0.066879568
121,1100,Y,33429768,0.066859536
65,648,Y,33425976,0.066851952
1052,115,Y,33415832,0.066831664
277,18,Y,33409760,0.06681952
965,104,Y,33405592,0.066811184
248,15,Y,33389216,0.066778432
65,649,Y,33322288,0.066644576
80,774,Y,33298376,0.06659675200000001
898,96,Y,33291552,0.066583104
72,705,Y,33278960,0.06655791999999999
499,46,Y,33262280,0.06652456
178,6,Y,33218768,0.066437536
55,570,Y,33218408,0.06643681600000001
115,1053,Y,33217080,0.06643416
67,671,Y,33192840,0.06638568
98,915,Y,33185136,0.066370272
15,255,Y,33181184,0.066362368
58,596,Y,33169752,0.066339504
776,81,Y,33168504,0.066337008
46,499,Y,33157040,0.06631408000000001
40,454,Y,33144632,0.066289264
124,1124,Y,33134728,0.06626945599999999
121,1098,Y,33126472,0.066252944
33,398,Y,33098632,0.06619726399999999
26,342,Y,33083280,0.06616656
258,16,Y,33066344,0.066132688
616,61,Y,33060552,0.066121104
697,71,Y,33057824,0.066115648
569,55,Y,33055752,0.066111504
807,84,Y,33045240,0.06609048
62,624,Y,33027912,0.066055824
15,248,Y,33025400,0.06605079999999999
637,63,Y,33016408,0.066032816
566,54,Y,33012144,0.066024288
41,459,Y,33009872,0.066019744
33,392,Y,32945024,0.06589004799999999
802,84,Y,32941728,0.065883456
351,27,Y,32901488,0.065802976
70,692,Y,32891992,0.065783984
73,719,Y,32861328,0.065722656
69,684,Y,32858408,0.065716816
858,91,Y,32857288,0.065714576
28,352,Y,32849792,0.06569958399999999
975,105,Y,32841992,0.065683984
15,251,Y,32825848,0.065651696
112,1024,Y,32824536,0.065649072
64,643,Y,32822320,0.06564464
73,714,Y,32813416,0.065626832
43,478,Y,32768328,0.065536656
93,879,Y,32758568,0.065517136
404,34,Y,32755384,0.065510768
498,46,Y,32748416,0.065496832
34,402,Y,32740272,0.065480544
943,101,Y,32727248,0.065454496
25,334,Y,32698448,0.065396896
29,367,Y,32697360,0.06539471999999999
59,605,Y,32687200,0.0653744
126,1139,Y,32686384,0.065372768
5,170,Y,32679552,0.065359104
127,1148,Y,32660536,0.06532107200000001
20,291,Y,32640624,0.065281248
18,279,Y,32637600,0.0652752
693,70,Y,32633664,0.065267328
93,874,Y,32611144,0.065222288
325,24,Y,32596224,0.065192448
90,850,Y,32583872,0.065167744
85,815,Y,32573912,0.065147824
875,93,Y,32528136,0.065056272
101,941,Y,32524432,0.065048864
79,765,Y,32493400,0.0649868
33,395,Y,32485592,0.064971184
32,388,Y,32474704,0.064949408
56,581,Y,32467176,0.064934352
338,26,Y,32461912,0.064923824
29,364,Y,32461392,0.064922784
1128,125,Y,32409528,0.064819056
49,527,Y,32403568,0.064807136
794,83,Y,32391384,0.064782768
75,735,Y,32383184,0.064766368
84,800,Y,32370784,0.064741568
42,468,Y,32348352,0.064696704
111,1020,Y,32326696,0.064653392
38,433,Y,32312448,0.064624896
249,15,Y,32304504,0.064609008
110,1012,Y,32294808,0.064589616
511,47,Y,32289536,0.064579072
65,653,Y,32287120,0.06457423999999999
39,444,Y,32282632,0.064565264
104,966,Y,32255720,0.06451144
62,628,Y,32241768,0.06448353600000001
597,58,Y,32237032,0.064474064
914,98,Y,32231592,0.064463184
13,238,Y,32222680,0.06444536000000001
1149,127,Y,32197816,0.06439563200000001
97,908,Y,32191416,0.064382832
70,695,Y,32181976,0.064363952
644,64,Y,32165448,0.064330896
994,108,Y,32161072,0.064322144
728,75,Y,32141720,0.06428344
73,718,Y,32120448,0.06424089599999999
1025,112,Y,32109320,0.06421864000000001
54,566,Y,32091592,0.064183184
281,19,Y,32086536,0.064173072
549,52,Y,32080688,0.06416137599999999
76,738,Y,32070944,0.064141888
122,1105,Y,32065648,0.06413129599999999
2,145,Y,32042560,0.06408512
150,2,Y,32018928,0.064037856
94,882,Y,31989384,0.063978768
58,594,Y,31979664,0.063959328
458,41,Y,31947960,0.06389592
36,422,Y,31937056,0.063874112
1105,122,Y,31878072,0.063756144
657,66,Y,31859560,0.06371912
87,824,Y,31851992,0.06370398399999999
89,842,Y,31850304,0.06370060799999999
328,25,Y,31818464,0.063636928
81,781,Y,31799768,0.063599536
49,526,Y,31782624,0.063565248
561,54,Y,31741880,0.06348376
64,647,Y,31738272,0.063476544
490,45,Y,31736544,0.063473088
33,399,Y,31727504,0.06345500800000001
45,488,Y,31711568,0.063423136
6,182,Y,31671808,0.063343616
633,63,Y,31671648,0.06334329600000001
230,12,Y,31666224,0.063332448
140,1,Y,31645368,0.063290736
123,1112,Y,31625736,0.063251472
1096,121,Y,31624128,0.063248256
543,51,Y,31592048,0.063184096
704,72,Y,31588760,0.06317752
683,69,Y,31579072,0.063158144
601,59,Y,31577672,0.063155344
638,63,Y,31566968,0.063133936
913,98,Y,31512208,0.063024416
96,898,Y,31495648,0.062991296
1046,114,Y,31445552,0.06289110399999999
78,752,Y,31434496,0.062868992
50,532,Y,31430008,0.062860016
104,961,Y,31413296,0.062826592
36,420,Y,31402768,0.062805536
55,568,Y,31402648,0.062805296
296,21,Y,31395176,0.062790352
6,183,Y,31391456,0.062782912
30,368,Y,31383392,0.062766784
54,565,Y,31353056,0.062706112
1137,126,Y,31351888,0.062703776
842,89,Y,31338224,0.062676448
278,18,Y,31334080,0.06266816
301,21,Y,31322472,0.06264494400000001
1080,119,Y,31290016,0.062580032
1129,125,Y,31273464,0.062546928
314,23,Y,31253864,0.062507728
71,700,Y,31251232,0.062502464
234,13,Y,31239224,0.062478448
53,555,Y,31237752,0.062475504
673,68,Y,31226984,0.062453968
121,1102,Y,31223728,0.062447456
127,1144,Y,31213824,0.062427648
343,26,Y,31205064,0.062410128
832,88,Y,31202032,0.062404064
119,1086,Y,31184128,0.062368256000000004
132,0,Y,31174624,0.062349248
61,618,Y,31168240,0.06233648
105,971,Y,31139560,0.06227912
821,86,Y,31122912,0.062245824
588,57,Y,31122056,0.062244112000000004
800,84,Y,31117616,0.062235231999999995
107,991,Y,31063160,0.06212632
95,894,Y,31062992,0.062125983999999995
748,77,Y,31030200,0.062060399999999995
675,68,Y,31026600,0.0620532
760,79,Y,31010800,0.0620216
71,698,Y,31009584,0.062019168
30,371,Y,30979688,0.061959376
936,101,Y,30960760,0.061921519999999994
949,102,Y,30884632,0.061769264000000004
209,10,Y,30878024,0.061756048
116,1057,Y,30871464,0.061742928
113,1036,Y,30845920,0.06169184
160,4,Y,30844944,0.061689888
763,79,Y,30823776,0.061647552
41,463,Y,30823696,0.061647391999999995
114,1045,Y,30821224,0.061642448
53,554,Y,30806456,0.061612912000000006
501,46,Y,30802120,0.061604240000000005
435,38,Y,30794832,0.061589664
50,535,Y,30784664,0.061569328
41,456,Y,30784208,0.061568416
56,580,Y,30720648,0.061441296
1068,117,Y,30694928,0.061389856
506,47,Y,30675480,0.06135096
1135,125,Y,30674688,0.061349376
14,243,Y,30673256,0.06134651199999999
80,772,Y,30668008,0.061336016
34,400,Y,30651584,0.061303168
203,9,Y,30642504,0.061285007999999995
19,285,Y,30595080,0.06119015999999999
109,1005,Y,30585968,0.061171936
8,193,Y,30583720,0.061167440000000003
309,22,Y,30562480,0.06112496
24,324,Y,30552928,0.061105856
15,253,Y,30548856,0.061097712000000005
1075,118,Y,30541112,0.061082224000000004
505,47,Y,30539144,0.061078288
34,404,Y,30532016,0.061064032
105,975,Y,30529600,0.061059199999999994
232,13,Y,30527728,0.061055455999999994
185,7,Y,30502016,0.061004032
84,802,Y,30492976,0.060985952
54,564,Y,30454872,0.060909744
1112,123,Y,30443888,0.060887776
125,1133,Y,30443192,0.060886383999999995
37,429,Y,30433536,0.060867072
126,1137,Y,30433208,0.060866416
395,33,Y,30401608,0.060803216
447,39,Y,30361128,0.060722255999999995
1028,112,Y,30346248,0.060692496
45,491,Y,30325888,0.060651776
450,40,Y,30298544,0.060597088
1012,110,Y,30295640,0.06059128
126,1141,Y,30286152,0.060572304
37,431,Y,30282064,0.060564128
125,1132,Y,30263600,0.0605272
20,290,Y,30233064,0.060466128
964,104,Y,30213824,0.060427648
256,16,Y,30212112,0.060424224
50,528,Y,30209592,0.060419184
953,103,Y,30186544,0.060373088
276,18,Y,30185192,0.060370384000000006
590,57,Y,30169416,0.060338831999999995
42,466,Y,30162656,0.06032531199999999
392,33,Y,30141632,0.060283264
212,10,Y,30128184,0.060256368
615,60,Y,30125928,0.06025185599999999
35,415,Y,30109672,0.060219343999999994
12,224,Y,30101680,0.06020336
124,1121,Y,30091440,0.060182879999999994
318,23,Y,30087088,0.060174176
7,189,Y,30079952,0.060159904
4,162,Y,30044320,0.060088640000000006
695,70,Y,30023728,0.060047456
595,58,Y,29971568,0.059943135999999994
715,73,Y,29969712,0.059939424
1058,116,Y,29952544,0.059905088
96,896,Y,29904560,0.05980912
62,627,Y,29869096,0.059738192
384,32,Y,29863808,0.059727616
9,202,Y,29849208,0.059698416
602,59,Y,29822080,0.059644159999999995
91,858,Y,29804824,0.059609648
572,55,Y,29796096,0.059592192
98,918,Y,29761736,0.059523472
517,48,Y,29758776,0.059517551999999994
1127,124,Y,29748296,0.059496592
26,343,Y,29735072,0.059470143999999996
42,469,Y,29651552,0.059303104
7,188,Y,29637768,0.059275536000000004
90,851,Y,29606712,0.059213424
27,344,Y,29597736,0.05919547199999999
783,81,Y,29592416,0.059184832
611,60,Y,29581976,0.059163952
1039,113,Y,29571680,0.059143360000000006
678,68,Y,29570272,0.059140544
966,104,Y,29561096,0.059122192
23,319,Y,29559120,0.05911824
1086,119,Y,29551048,0.059102096
5,173,Y,29534248,0.059068496000000005
106,978,Y,29514232,0.059028464
36,416,Y,29506144,0.059012287999999996
23,314,Y,29478608,0.058957216
75,734,Y,29458672,0.058917343999999996
772,80,Y,29428352,0.058856703999999996
52,549,Y,29413448,0.058826896000000004
937,101,Y,29402616,0.058805232
59,600,Y,29376680,0.05875336
99,926,Y,29372864,0.058745728
164,4,Y,29369496,0.058738992000000004
21,300,Y,29365416,0.058730832
42,464,Y,29343904,0.058687808
1111,122,Y,29343600,0.0586872
891,95,Y,29338360,0.05867672
286,19,Y,29320616,0.058641232
108,998,Y,29303104,0.05860620800000001
388,32,Y,29300256,0.058600511999999993
531,50,Y,29268904,0.058537808000000004
97,907,Y,29268272,0.058536543999999996
614,60,Y,29261176,0.05852235200000001
68,679,Y,29251336,0.058502672000000006
2,148,Y,29228792,0.05845758400000001
111,1018,Y,29219936,0.058439872000000004
23,315,Y,29218200,0.0584364
754,78,Y,29201432,0.058402864000000006
727,74,Y,29183296,0.058366592
438,38,Y,29182336,0.058364672
279,18,Y,29175624,0.058351248
83,798,Y,29150864,0.058301728
472,43,Y,29117152,0.058234304
684,69,Y,29098576,0.058197152
621,61,Y,29072448,0.058144896
542,51,Y,29067416,0.058134832
124,1123,Y,29030456,0.058060912
24,326,Y,28984096,0.057968191999999995
469,42,Y,28972640,0.05794528
10,213,Y,28965752,0.057931504
66,662,Y,28965216,0.057930432000000004
896,96,Y,28962464,0.057924927999999994
305,22,Y,28960216,0.057920431999999994
34,407,Y,28951784,0.057903567999999996
464,42,Y,28915232,0.057830464
227,12,Y,28915216,0.057830432
482,44,Y,28857752,0.057715504
1146,127,Y,28855080,0.057710159999999996
19,284,Y,28842056,0.057684111999999996
122,1110,Y,28839384,0.057678768000000005
559,53,Y,28819504,0.057639008
690,70,Y,28802224,0.057604447999999996
1050,115,Y,28791024,0.057582048000000004
696,71,Y,28785712,0.057571423999999996
539,51,Y,28743312,0.05748662399999999
108,993,Y,28737696,0.057475392
1125,124,Y,28710808,0.057421616
89,841,Y,28689080,0.05737816
80,773,Y,28684008,0.057368016
94,880,Y,28683936,0.05736787200000001
415,35,Y,28671232,0.057342464
465,42,Y,28662432,0.057324863999999996
107,987,Y,28639360,0.057278720000000005
554,53,Y,28624424,0.057248848000000005
109,1004,Y,28614832,0.057229664
124,1126,Y,28611624,0.057223248000000004
92,867,Y,28590168,0.057180336000000005
120,1093,Y,28557896,0.057115792
1021,111,Y,28523880,0.05704776
76,741,Y,28522568,0.057045136
1,140,Y,28520328,0.057040656
24,325,Y,28518000,0.057036
1094,120,Y,28511368,0.057022736000000004
1004,109,Y,28508064,0.057016128
972,105,Y,28497168,0.056994336
729,75,Y,28494176,0.056988352
1123,124,Y,28479416,0.056958832
117,1067,Y,28478592,0.056957183999999994
2,150,Y,28475264,0.05695052799999999
632,63,Y,28470968,0.056941936
96,901,Y,28470696,0.05694139199999999
202,9,Y,28435216,0.056870432
179,6,Y,28419200,0.056838400000000004
522,49,Y,28417256,0.056834512000000004
43,474,Y,28410048,0.056820096
169,5,Y,28409032,0.056818064
462,41,Y,28394808,0.056789616
1074,118,Y,28292224,0.056584447999999996
306,22,Y,28285288,0.056570576
225,12,Y,28277496,0.056554992000000005
103,959,Y,28277432,0.056554863999999996
478,43,Y,28266352,0.056532703999999996
271,17,Y,28217336,0.056434672000000005
20,288,Y,28185056,0.05637011199999999
26,341,Y,28166464,0.056332928
397,33,Y,28149264,0.056298528
961,104,Y,28143760,0.056287519999999994
71,703,Y,28130016,0.056260032
440,39,Y,28127072,0.056254144000000006
537,51,Y,28127064,0.056254128
110,1008,Y,28112208,0.05622441599999999
862,91,Y,28090448,0.056180895999999994
646,64,Y,28052128,0.056104256000000005
13,236,Y,28032168,0.056064336
54,567,Y,28014144,0.056028288
22,304,Y,27989232,0.055978464
114,1044,Y,27947904,0.055895808000000005
102,945,Y,27938984,0.055877968
594,58,Y,27936800,0.0558736
56,583,Y,27924304,0.055848607999999994
73,717,Y,27923304,0.055846608
82,788,Y,27922160,0.05584432
369,30,Y,27888344,0.055776688
7,185,Y,27851040,0.05570208
85,811,Y,27821440,0.055642880000000006
51,538,Y,27815392,0.055630784
51,539,Y,27798528,0.055597056
112,1027,Y,27796312,0.055592624
374,30,Y,27795464,0.055590928
398,33,Y,27753888,0.055507775999999995
426,37,Y,27751376,0.055502752
300,21,Y,27741736,0.055483472
39,440,Y,27740616,0.055481232000000005
37,428,Y,27736992,0.055473984
1143,126,Y,27696736,0.055393472
402,34,Y,27680568,0.055361136000000005
759,78,Y,27674056,0.055348112000000005
13,239,Y,27639232,0.055278464
491,45,Y,27619592,0.055239184
12,226,Y,27591808,0.055183616
410,35,Y,27509808,0.055019616
357,28,Y,27490384,0.054980768
1076,118,Y,27432872,0.054865744
124,1127,Y,27394312,0.05478862400000001
830,87,Y,27392864,0.054785728
37,430,Y,27389784,0.054779568
17,271,Y,27384568,0.054769135999999996
65,650,Y,27377240,0.05475448
362,29,Y,27369360,0.054738720000000005
983,106,Y,27364400,0.05472880000000001
101,938,Y,27358568,0.054717136
4,163,Y,27353344,0.054706687999999996
72,708,Y,27306392,0.054612784
93,877,Y,27278232,0.05455646399999999
48,516,Y,27257048,0.054514096
76,736,Y,27174464,0.054348928000000005
260,16,Y,27136136,0.054272271999999996
78,759,Y,27132952,0.054265904
737,76,Y,27132640,0.05426528
64,641,Y,27127280,0.05425455999999999
118,1074,Y,27088168,0.054176336
670,67,Y,27061960,0.05412392
799,83,Y,27047016,0.054094032
741,76,Y,27045384,0.054090768
56,577,Y,27020176,0.05404035200000001
47,506,Y,27008552,0.054017104
245,14,Y,27002624,0.054005248
86,818,Y,27001616,0.054003232
316,23,Y,27000040,0.05400007999999999
494,45,Y,26967976,0.053935951999999995
396,33,Y,26943800,0.0538876
721,74,Y,26941200,0.053882400000000004
411,35,Y,26939600,0.053879199999999995
14,245,Y,26912840,0.05382568
39,447,Y,26902848,0.05380569600000001
292,20,Y,26879128,0.053758256000000004
102,944,Y,26861096,0.053722191999999995
73,715,Y,26835592,0.053671184000000004
18,274,Y,26821160,0.05364232
55,575,Y,26769832,0.053539664
483,44,Y,26756920,0.05351384
91,860,Y,26630016,0.053260032
76,737,Y,26617048,0.053234096
624,62,Y,26613736,0.053227472
418,36,Y,26600576,0.053201151999999995
54,561,Y,26591664,0.053183327999999995
115,1050,Y,26587848,0.05317569600000001
163,4,Y,26526736,0.053053472
51,543,Y,26494336,0.052988672
337,26,Y,26473080,0.052946160000000006
931,100,Y,26449312,0.052898624
556,53,Y,26415232,0.052830464
77,745,Y,26403784,0.052807568
56,579,Y,26370448,0.052740896
853,90,Y,26364520,0.05272904
736,76,Y,26343808,0.052687616
947,102,Y,26333512,0.05266702400000001
47,509,Y,26307104,0.052614207999999996
579,56,Y,26253280,0.05250656
104,960,Y,26222960,0.05244592
659,66,Y,26164920,0.052329839999999996
1061,116,Y,26161744,0.052323488
31,376,Y,26151576,0.052303152
991,107,Y,26145024,0.052290048
28,356,Y,26142888,0.052285776000000006
151,2,Y,26090112,0.052180224000000004
143,1,Y,26073000,0.052146
50,533,Y,26011424,0.052022848
746,77,Y,26005552,0.052011104
70,690,Y,26002704,0.052005408
126,1143,Y,25992176,0.051984352
283,19,Y,25943888,0.051887776000000004
889,95,Y,25877888,0.051755775999999996
468,42,Y,25834520,0.05166904
1130,125,Y,25820840,0.051641679999999995
10,210,Y,25805224,0.051610448
170,5,Y,25761696,0.051523392
508,47,Y,25747120,0.051494240000000004
1029,112,Y,25725920,0.05145184
649,65,Y,25702128,0.051404255999999995
82,787,Y,25679920,0.051359840000000004
712,73,Y,25654536,0.051309072
430,37,Y,25646256,0.051292512
56,582,Y,25639696,0.051279392
59,601,Y,25636512,0.051273024
409,35,Y,25580128,0.051160256
107,984,Y,25565384,0.051130768
1078,118,Y,25527960,0.051055920000000005
43,476,Y,25500120,0.05100024
885,94,Y,25481608,0.050963216
571,55,Y,25468464,0.050936928000000006
118,1076,Y,25438992,0.050877984
193,8,Y,25417656,0.050835311999999994
68,675,Y,25402752,0.050805504
19,286,Y,25398640,0.05079728
69,685,Y,25392664,0.050785328000000005
87,830,Y,25385392,0.050770784000000006
73,712,Y,25381416,0.050762832
9,201,Y,25355664,0.050711328
28,355,Y,25354336,0.050708671999999996
11,216,Y,25352656,0.050705312
934,100,Y,25297392,0.050594784
1147,127,Y,25236272,0.050472544
368,30,Y,25231768,0.050463535999999996
275,18,Y,25227088,0.050454175999999996
24,327,Y,25191944,0.050383888
95,890,Y,25154408,0.050308816
77,750,Y,25118720,0.05023744
112,1030,Y,25098808,0.050197616
528,50,Y,25063320,0.05012664
1085,119,Y,25061616,0.050123232000000004
433,38,Y,25059120,0.05011824
100,931,Y,25034088,0.050068176
1106,122,Y,25018456,0.050036912
64,645,Y,24947216,0.049894432
698,71,Y,24943976,0.049887952
908,97,Y,24856312,0.049712624
850,90,Y,24850320,0.04970064
926,99,Y,24841280,0.04968256
990,107,Y,24771296,0.049542591999999996
536,51,Y,24753400,0.0495068
18,277,Y,24729136,0.049458272
122,1107,Y,24728040,0.04945607999999999
50,529,Y,24712952,0.049425904
79,764,Y,24668984,0.049337967999999996
782,81,Y,24578888,0.049157776
17,269,Y,24499368,0.048998735999999994
1054,115,Y,24496728,0.048993456
788,82,Y,24481040,0.048962080000000005
835,88,Y,24425520,0.04885104
32,384,Y,24418152,0.048836304
13,232,Y,24360304,0.048720608
96,903,Y,24174952,0.048349904
725,74,Y,24157992,0.048315984
72,707,Y,24134600,0.0482692
31,382,Y,24067152,0.048134304
951,102,Y,23996776,0.047993552
77,746,Y,23987904,0.047975808
87,829,Y,23895064,0.047790128
987,107,Y,23888088,0.047776176
82,791,Y,23886840,0.04777368
69,687,Y,23830352,0.047660704
940,101,Y,23676768,0.047353536
2,149,Y,23554560,0.04710912
425,37,Y,23552952,0.047105904000000004
703,71,Y,23507544,0.047015088000000003
408,35,Y,23447200,0.0468944
382,31,Y,23403880,0.04680776
26,338,Y,23390640,0.04678128
463,41,Y,23368080,0.04673616
874,93,Y,23343880,0.04668776
660,66,Y,23307496,0.046614992
957,103,Y,23243168,0.046486336
78,758,Y,23226776,0.046453552
33,394,Y,23029424,0.046058848
489,45,Y,22929944,0.045859888
70,693,Y,22837928,0.045675856
294,20,Y,22768568,0.045537136
22,309,Y,22677032,0.045354064
9,207,Y,22595352,0.045190704
19,281,Y,22566784,0.045133568
74,720,Y,22536272,0.045072544
2,146,Y,22501200,0.0450024
51,536,Y,22497048,0.044994096
513,48,Y,22482248,0.044964496
449,40,Y,22324928,0.044649856
1020,111,Y,22279104,0.044558207999999995
35,413,Y,22242488,0.044484975999999996
622,61,Y,22197256,0.044394512000000004
92,864,Y,22149776,0.044299552
394,33,Y,22078744,0.044157487999999995
63,638,Y,22061528,0.044123056
95,891,Y,22044560,0.04408912
113,1035,Y,22017968,0.044035936
83,796,Y,21929520,0.04385904
60,610,Y,21892736,0.043785472
32,385,Y,21868672,0.043737344
881,94,Y,21723272,0.043446544000000004
1101,121,Y,21521872,0.043043744
20,289,Y,21433656,0.042867312
58,597,Y,21384816,0.042769632
70,688,Y,21259280,0.04251856
40,449,Y,21252576,0.042505152
864,92,Y,21187616,0.042375232000000006
29,365,Y,21131744,0.042263488
979,106,Y,20885624,0.041771248000000004
365,29,Y,20863192,0.041726384000000005
688,70,Y,20743952,0.041487904
106,981,Y,20692160,0.04138432
846,89,Y,20684048,0.041368096
326,24,Y,20683848,0.041367695999999995
403,34,Y,20628696,0.041257392000000004
815,85,Y,20407480,0.04081496
38,438,Y,20393600,0.040787199999999996
1024,112,Y,20376760,0.04075352
106,979,Y,20280352,0.040560704
82,789,Y,19905608,0.039811216
770,80,Y,19797480,0.03959496
101,940,Y,18751032,0.037502064
545,52,Y,18491368,0.036982736
416,36,Y,15929144,0.031858288
