9,39,N,2067075768,6.89025256
66,9,N,2039730440,6.7991014666666665
657,66,Y,2034937432,6.783124773333333
39,446,Y,2006618776,6.688729253333333
105,46,N,982775624,3.2759187466666666
46,93,N,958363936,3.1945464533333334
974,105,Y,909520392,3.03173464
93,878,Y,905345840,3.017819466666667
69,126,N,763439416,2.5447980533333334
126,1142,Y,755809824,2.51936608
24,44,N,751825560,2.5060852000000002
44,69,N,737358088,2.4578602933333333
320,24,Y,729176224,2.4305874133333334
45,36,N,558424992,1.86141664
36,421,Y,535141248,1.78380416
488,45,Y,525896480,1.7529882666666667
93,46,N,485145976,1.6171532533333335
46,76,N,436393920,1.4546464000000001
61,37,N,434683312,1.4489443733333334
76,61,N,431246240,1.4374874666666668
46,105,N,419693936,1.3989797866666667
877,93,Y,399193840,1.3306461333333333
37,427,Y,398958736,1.3298624533333332
5,26,N,373260488,1.2442016266666667
105,5,N,341408296,1.1380276533333333
98,46,N,333992776,1.1133092533333333
916,98,Y,311084232,1.03694744
26,339,Y,307639944,1.02546648
98,97,N,278725712,0.9290857066666667
51,98,N,277655192,0.9255173066666668
536,51,Y,241074496,0.8035816533333333
97,908,Y,240638672,0.8021289066666666
85,4,N,232509912,0.77503304
27,1,N,229723976,0.7657465866666667
31,27,N,226902152,0.7563405066666666
1,85,N,216780672,0.72260224
377,31,Y,201064464,0.67021488
108,50,N,199761648,0.6658721599999999
4,161,Y,198978600,0.663262
22,66,N,197383840,0.6579461333333333
39,22,N,187829376,0.62609792
97,98,N,186797800,0.6226593333333333
56,97,N,182674056,0.60891352
81,41,N,174607104,0.5820236799999999
446,39,Y,169184456,0.5639481866666667
66,657,Y,167603384,0.5586779466666666
33,90,N,148259112,0.49419704
80,108,N,144206520,0.4806884
90,21,N,142873816,0.47624605333333336
10,96,N,142820493,0.47606831000000005
28,3,N,141307728,0.47102576
98,33,N,140694984,0.46898328
112,115,N,139151000,0.4638366666666667
14,0,N,138726200,0.4624206666666667
64,104,N,136850232,0.45616744
72,80,N,135026656,0.4500888533333333
115,64,N,133629624,0.44543207999999995
3,56,N,128533992,0.42844664
18,100,N,128487414,0.42829137999999994
121,108,N,122124608,0.40708202666666665
358,28,Y,121268584,0.4042286133333333
98,918,Y,118903176,0.39634392
60,63,N,118474296,0.39491432
1,125,N,117899570,0.39299856666666666
41,456,Y,117513640,0.3917121333333333
29,121,N,117395105,0.39131701666666663
780,81,Y,116665200,0.388884
0,110,N,113639576,0.37879858666666666
17,60,N,113537496,0.37845831999999996
94,38,N,111803760,0.3726792
107,42,N,110712126,0.36904042
10,108,N,109740993,0.36580331
919,98,Y,109612688,0.3653756266666667
21,297,Y,109468232,0.36489410666666666
104,962,Y,108865032,0.36288344
1025,112,Y,107730856,0.3591028533333333
125,1,N,106944010,0.35648003333333333
108,80,N,106939472,0.35646490666666664
1,106,N,106717358,0.35572452666666665
60,10,N,106260720,0.3542024
30,23,N,105989528,0.35329842666666667
23,50,N,103932752,0.34644250666666665
106,1,N,103932642,0.34644214
117,17,N,103542664,0.34514221333333334
50,24,N,102392656,0.34130885333333333
22,112,N,101336528,0.3377884266666667
72,94,N,101182064,0.33727354666666665
50,531,Y,100428720,0.3347624
35,2,N,100278600,0.334262
96,10,N,100043010,0.3334767
38,92,N,99821072,0.33273690666666667
121,29,N,98739147,0.32913049
61,76,N,97821880,0.3260729333333333
36,45,N,97105824,0.32368608
709,72,Y,96898088,0.32299362666666664
71,10,N,96509072,0.32169690666666667
36,119,N,95928382,0.3197612733333333
91,71,N,95923840,0.3197461333333333
68,14,N,95050704,0.31683568
78,43,N,94619432,0.3153981066666667
119,36,N,92524276,0.30841425333333333
66,57,N,92458920,0.3081964
9,111,N,91117216,0.30372405333333335
126,69,N,90885248,0.3029508266666667
63,60,N,90552272,0.3018409066666667
120,82,N,90085280,0.3002842666666667
90,17,N,89044180,0.29681393333333334
74,53,N,88982496,0.29660832
44,24,N,88022816,0.29340938666666666
80,72,N,88017256,0.29339085333333337
119,48,N,87932342,0.2931078066666667
53,19,N,87743136,0.29247712000000003
0,82,N,86552876,0.28850958666666665
17,102,N,86423348,0.28807782666666665
43,39,N,86383576,0.2879452533333333
102,17,N,86180100,0.287267
48,104,N,86131784,0.28710594666666667
11,97,N,85997180,0.2866572666666667
115,4,N,85738949,0.2857964966666667
4,103,N,85678035,0.28559344999999997
50,108,N,85235432,0.28411810666666665
10,49,N,85061840,0.28353946666666663
108,10,N,84474050,0.28158016666666663
126,18,N,84118608,0.28039536
57,126,N,83781232,0.27927077333333333
111,120,N,82869184,0.2762306133333334
6,30,N,82506344,0.27502114666666666
17,90,N,81975140,0.27325046666666664
65,91,N,81613552,0.27204517333333333
111,1018,Y,81556888,0.27185629333333333
42,107,N,81545776,0.2718192533333333
19,12,N,81522984,0.27174328
41,81,N,80444752,0.2681491733333333
83,41,N,79822968,0.26607656
96,112,N,79537277,0.26512425666666667
39,9,N,79525344,0.26508448
96,43,N,79390664,0.26463554666666667
92,865,Y,79210384,0.26403461333333333
37,86,N,78534432,0.26178144000000003
5,105,N,78138784,0.2604626133333333
63,635,Y,77735768,0.25911922666666665
878,93,Y,76948352,0.2564945066666667
12,19,N,76836656,0.25612218666666664
99,14,N,76758816,0.25586272
69,44,N,76421224,0.25473741333333333
4,85,N,76135536,0.25378512
105,974,Y,75961928,0.25320642666666665
25,111,N,75814664,0.2527155466666667
117,53,N,75180096,0.25060032000000004
1100,121,Y,75127584,0.25042528000000003
3,65,N,75025856,0.2500861866666667
64,34,N,74904048,0.24968016
49,9,N,74583040,0.24861013333333332
62,101,N,74380832,0.24793610666666668
23,54,N,73993152,0.24664384000000003
97,49,N,73711360,0.24570453333333334
83,7,N,73266960,0.2442232
1067,117,Y,73093128,0.24364376
82,8,N,73085560,0.2436185333333333
26,5,N,72767080,0.24255693333333334
24,323,Y,72633896,0.24211298666666664
76,52,N,72437360,0.2414578666666667
14,65,N,72384168,0.24128055999999998
7,83,N,72001296,0.24000432000000002
48,119,N,71908348,0.2396944933333333
17,117,N,71800240,0.23933413333333334
76,46,N,71775760,0.23925253333333335
26,35,N,71665264,0.23888421333333335
101,123,N,71491128,0.23830376
116,76,N,71123760,0.2370792
103,29,N,71115148,0.23705049333333333
706,72,Y,70780200,0.235934
103,4,N,70462428,0.23487476000000002
89,83,N,70361032,0.23453677333333334
98,51,N,70335264,0.23445088000000003
67,12,N,70094832,0.23364943999999999
19,41,N,69967936,0.23322645333333333
72,25,N,69575944,0.23191981333333334
53,44,N,69561256,0.23187085333333332
4,115,N,69485445,0.23161814999999997
48,63,N,69423296,0.23141098666666668
124,42,N,68691207,0.22897069
76,65,N,68527960,0.22842653333333332
112,96,N,68468640,0.22822879999999998
37,61,N,68353560,0.22784519999999997
97,56,N,67859088,0.22619696
12,79,N,67766720,0.22588906666666667
24,320,Y,67630680,0.22543559999999999
79,69,N,66971776,0.22323925333333333
3,36,N,66957056,0.22319018666666665
65,76,N,66790032,0.22263344000000002
36,116,N,66630048,0.22210016
9,49,N,66340888,0.22113629333333334
119,123,N,66339432,0.22113143999999998
104,64,N,66059632,0.22019877333333332
1142,126,Y,66054584,0.22018194666666666
41,83,N,66045632,0.22015210666666668
8,125,N,65789221,0.21929740333333334
86,106,N,65132592,0.21710864000000002
58,102,N,65130848,0.2171028266666667
7,55,N,65029696,0.21676565333333334
49,113,N,64593168,0.21531055999999998
104,95,N,64456856,0.21485618666666667
49,10,N,64219504,0.21406501333333336
90,68,N,64129136,0.21376378666666668
82,0,N,63940854,0.21313617999999998
116,40,N,63764984,0.21254994666666666
102,34,N,63749896,0.21249965333333334
94,35,N,63004152,0.21001383999999998
34,102,N,62675544,0.20891848
97,11,N,62519100,0.208397
100,18,N,62513515,0.20837838333333333
92,38,N,62368872,0.20789623999999998
23,30,N,62129032,0.20709677333333332
759,78,Y,61468024,0.20489341333333333
86,111,N,61390728,0.20463576000000003
27,31,N,61333576,0.20444525333333333
122,20,N,61320864,0.20440288
43,78,N,60939056,0.20313018666666666
91,65,N,60199360,0.2006645333333333
7,6,N,59813008,0.19937669333333335
42,124,N,59655704,0.19885234666666665
46,98,N,59354272,0.19784757333333333
8,62,N,59215872,0.19738624
117,33,N,59165696,0.19721898666666668
111,9,N,59044832,0.19681610666666666
124,108,N,58829008,0.19609669333333335
83,11,N,57553976,0.19184658666666665
112,1026,Y,57432656,0.19144218666666668
120,92,N,57177336,0.19059112
85,1,N,57079032,0.19026344
45,1,N,56841952,0.18947317333333333
40,116,N,56773920,0.18924639999999998
421,36,Y,56499104,0.18833034666666668
10,71,N,56272776,0.18757591999999998
45,49,N,56237416,0.18745805333333332
78,116,N,56213216,0.18737738666666667
41,84,N,55921608,0.18640536
122,94,N,55873888,0.18624629333333334
14,123,N,55769680,0.18589893333333332
32,59,N,55656664,0.18552221333333335
27,77,N,55117352,0.18372450666666668
96,88,N,54935072,0.18311690666666666
65,14,N,54883856,0.18294618666666668
513,48,Y,54676160,0.18225386666666665
102,58,N,54406928,0.18135642666666668
34,101,N,54321312,0.18107104
30,117,N,54126640,0.18042213333333335
0,16,N,54095800,0.18031933333333333
33,98,N,53918240,0.17972746666666667
15,61,N,53800536,0.17933512
7,21,N,53469280,0.17823093333333334
55,7,N,53456248,0.17818749333333334
84,30,N,53448368,0.17816122666666667
44,122,N,53427448,0.17809149333333332
56,109,N,53407384,0.17802461333333333
55,59,N,53346320,0.17782106666666667
10,60,N,53327528,0.17775842666666666
60,614,Y,53140648,0.17713549333333334
516,48,Y,53104952,0.17701650666666668
61,15,N,53062784,0.17687594666666667
110,112,N,52958432,0.17652810666666666
119,89,N,52892504,0.17630834666666667
87,111,N,52795504,0.17598501333333333
59,32,N,52738112,0.1757937066666667
104,72,N,52716520,0.17572173333333332
123,119,N,52683936,0.17561312
95,891,Y,52524576,0.17508192
112,75,N,52440424,0.17480141333333332
83,58,N,52428376,0.17476125333333334
15,125,N,52397832,0.17465944
105,121,N,52396848,0.17465616
70,62,N,51777560,0.17259186666666668
21,25,N,51275880,0.1709196
29,103,N,50961518,0.16987172666666667
38,94,N,50861080,0.16953693333333333
24,81,N,50802368,0.16934122666666668
5,106,N,50689448,0.16896482666666665
60,89,N,50593200,0.168644
73,95,N,50446344,0.16815448
123,47,N,50394632,0.1679821066666667
861,91,Y,50254808,0.16751602666666665
89,107,N,50253464,0.16751154666666668
118,105,N,50231592,0.16743864
54,3,N,49827352,0.16609117333333331
67,27,N,49826176,0.16608725333333332
90,33,N,49604344,0.16534781333333334
57,99,N,49590176,0.16530058666666667
65,115,N,49323864,0.16441287999999998
30,6,N,49225984,0.16408661333333333
71,91,N,49151520,0.16383840000000002
68,5,N,49065984,0.16355328
31,0,N,49039816,0.16346605333333333
108,121,N,49033656,0.16344552
15,48,N,49002400,0.16334133333333334
2,58,N,48983824,0.16327941333333335
0,14,N,48699400,0.16233133333333333
612,60,Y,48591968,0.16197322666666666
21,90,N,48446336,0.16148778666666666
54,56,N,48345200,0.16115066666666666
43,478,Y,48320352,0.16106784000000002
94,37,N,48310096,0.16103365333333333
108,124,N,48299320,0.16099773333333334
39,441,Y,48297888,0.16099296
21,7,N,48267600,0.160892
119,26,N,48243184,0.16081061333333332
71,127,N,48112840,0.16037613333333334
43,58,N,48089752,0.16029917333333332
45,488,Y,48049952,0.16016650666666668
12,109,N,48026320,0.16008773333333332
62,96,N,47984248,0.15994749333333333
125,8,N,47741134,0.15913711333333333
1,27,N,47736120,0.1591204
112,110,N,47732792,0.15910930666666664
1124,124,Y,47721576,0.15907192
99,57,N,47693544,0.15897848
55,42,N,47683616,0.15894538666666666
123,74,N,47663760,0.1588792
113,74,N,47600672,0.15866890666666666
86,102,N,47577064,0.1585902133333333
11,83,N,47404728,0.15801576
18,93,N,47262896,0.15754298666666666
93,877,Y,47069472,0.15689824
116,73,N,46881696,0.15627232000000002
50,23,N,46790888,0.15596962666666667
73,116,N,46780672,0.15593557333333335
123,14,N,46492032,0.15497344
42,9,N,46442024,0.15480674666666666
127,71,N,46400736,0.15466912
26,22,N,46398784,0.15466261333333334
102,86,N,46032512,0.15344170666666668
91,92,N,45929680,0.15309893333333333
52,24,N,45863944,0.15287981333333334
88,96,N,45712928,0.15237642666666668
120,111,N,45662592,0.15220864
59,127,N,45485200,0.15161733333333333
49,45,N,45481880,0.15160626666666666
0,132,Y,45352080,0.15117360000000002
39,43,N,45296632,0.15098877333333335
123,101,N,45111784,0.15037261333333332
51,125,N,45095640,0.1503188
48,15,N,45075016,0.15025005333333333
85,77,N,45069680,0.15023226666666667
88,834,Y,45064832,0.15021610666666665
53,74,N,44996224,0.14998741333333332
33,117,N,44971816,0.14990605333333334
52,124,N,44906136,0.14968712
13,40,N,44852360,0.14950786666666666
40,21,N,44703232,0.14901077333333335
95,73,N,44669088,0.14889696
11,87,N,44510016,0.14836672
37,88,N,44498632,0.14832877333333333
77,30,N,44313744,0.14771248
115,65,N,44149672,0.14716557333333333
19,53,N,44056760,0.14685586666666667
306,22,Y,44041936,0.14680645333333334
47,123,N,44015104,0.14671701333333334
16,19,N,44001696,0.14667232
30,373,Y,43883768,0.14627922666666668
53,121,N,43772456,0.14590818666666666
14,99,N,43580296,0.14526765333333333
110,23,N,43548832,0.14516277333333333
120,6,N,43431344,0.14477114666666666
43,96,N,43264904,0.14421634666666666
54,23,N,43253176,0.1441772533333333
53,117,N,43248384,0.14416128
48,87,N,43158376,0.14386125333333333
32,87,N,43024472,0.14341490666666665
117,30,N,42901184,0.14300394666666666
43,74,N,42875952,0.14291984
76,116,N,42825888,0.14275296
125,15,N,42804960,0.1426832
19,36,N,42626488,0.14208829333333334
71,2,N,42419112,0.14139704
58,2,N,42340016,0.14113338666666667
39,21,N,42292112,0.14097370666666667
71,122,N,42265392,0.14088464
1,45,N,42260896,0.14086965333333334
127,120,N,42258088,0.14086029333333333
60,17,N,42235104,0.14078368
855,90,Y,42146416,0.14048805333333333
23,73,N,42048512,0.14016170666666666
95,40,N,41791056,0.13930352000000001
77,80,N,41672816,0.13890938666666666
26,119,N,41616864,0.13872288
92,103,N,41546928,0.13848976
44,53,N,41540016,0.13846672000000002
425,37,Y,41529784,0.13843261333333332
79,12,N,41511256,0.13837085333333335
427,37,Y,41505672,0.13835224000000002
127,59,N,41427720,0.1380924
42,88,N,41171288,0.13723762666666667
81,783,Y,40860016,0.13620005333333335
49,97,N,40825728,0.13608576
23,110,N,40797736,0.13599245333333335
25,333,Y,40701624,0.13567208
83,89,N,40690008,0.13563335999999998
14,68,N,40663952,0.13554650666666668
270,17,Y,40625336,0.13541778666666665
20,62,N,40560040,0.13520013333333333
64,115,N,40542584,0.13514194666666668
113,63,N,40540080,0.13513360000000002
2,151,Y,40402096,0.13467365333333334
13,64,N,40391800,0.13463933333333333
111,86,N,40332952,0.13444317333333333
67,72,N,40264968,0.13421655999999998
2,145,Y,40249400,0.13416466666666668
70,52,N,40149440,0.13383146666666668
25,118,N,40039424,0.13346474666666666
121,15,N,40011792,0.13337264000000001
41,66,N,39980328,0.13326775999999999
121,105,N,39958336,0.13319445333333332
63,48,N,39812880,0.1327096
73,23,N,39690496,0.13230165333333335
109,103,N,39659448,0.13219816
372,30,Y,39633920,0.13211306666666667
58,83,N,39547088,0.13182362666666667
1,139,Y,39546664,0.13182221333333333
170,5,Y,39444432,0.13148144
84,15,N,39405072,0.13135024
328,25,Y,39378376,0.13126125333333333
2,71,N,39375752,0.13125250666666666
20,31,N,39331008,0.13110336
89,119,N,39329920,0.13109973333333333
8,55,N,39328656,0.13109552
112,22,N,39311896,0.13103965333333334
113,89,N,39288096,0.13096032
58,99,N,39268240,0.13089413333333333
38,33,N,39171152,0.13057050666666667
111,25,N,39120976,0.13040325333333333
96,62,N,39084544,0.13028181333333333
38,97,N,38907832,0.12969277333333334
13,122,N,38845928,0.12948642666666665
87,48,N,38816888,0.12938962666666667
81,24,N,38791432,0.12930477333333334
20,61,N,38754688,0.12918229333333334
27,67,N,38703328,0.12901109333333333
47,67,N,38691344,0.12897114666666668
30,77,N,38679264,0.12893088
5,16,N,38642952,0.12880984
72,67,N,38629712,0.12876570666666667
41,19,N,38586808,0.12862269333333332
31,60,N,38582408,0.12860802666666665
47,100,N,38505512,0.12835170666666668
66,54,N,38442784,0.12814261333333332
35,94,N,38365576,0.12788525333333334
86,37,N,38305672,0.12768557333333333
52,76,N,38290144,0.12763381333333335
121,53,N,38278920,0.1275964
65,3,N,38190768,0.12730256
29,91,N,38093336,0.12697778666666668
2,99,N,38087032,0.12695677333333333
882,94,Y,38020632,0.12673544
20,17,N,37928288,0.12642762666666668
104,48,N,37909800,0.126366
88,79,N,37888024,0.12629341333333333
12,231,Y,37886496,0.12628832
6,22,N,37868688,0.12622896
125,102,N,37562696,0.12520898666666666
54,66,N,37535296,0.12511765333333333
109,56,N,37522184,0.12507394666666669
106,5,N,37409928,0.12469975999999999
115,112,N,37319816,0.12439938666666667
11,105,N,37192496,0.12397498666666666
50,101,N,37190840,0.12396946666666667
118,25,N,37028632,0.12342877333333334
20,122,N,37009464,0.12336488
0,31,N,36997152,0.12332383999999999
59,69,N,36938928,0.12312976
185,7,Y,36841464,0.12280488
59,51,N,36799736,0.12266578666666668
560,54,Y,36750240,0.1225008
95,107,N,36708592,0.12236197333333333
9,42,N,36677104,0.12225701333333334
99,90,N,36663688,0.12221229333333333
116,78,N,36545928,0.12181976
39,47,N,36533648,0.12177882666666666
5,68,N,36514432,0.12171477333333333
77,118,N,36458144,0.12152714666666667
81,38,N,36441416,0.12147138666666667
76,738,Y,36414912,0.12138304000000001
57,52,N,36395712,0.12131904
60,31,N,36372440,0.12124146666666667
15,84,N,36294904,0.12098301333333333
94,72,N,36170760,0.1205692
110,0,N,36136320,0.12045440000000002
92,120,N,36120904,0.12040301333333334
58,43,N,36068896,0.12022965333333333
109,12,N,36048288,0.12016096
13,75,N,35933840,0.11977946666666667
69,79,N,35906408,0.11968802666666666
128,0,Y,35855920,0.11951973333333335
107,95,N,35775848,0.11925282666666666
84,41,N,35739648,0.11913216
10,208,Y,35713272,0.11904424
75,37,N,35699928,0.11899976
63,73,N,35540112,0.11846704
98,916,Y,35477648,0.11825882666666666
75,57,N,35464160,0.11821386666666667
16,0,N,35448192,0.11816063999999998
22,6,N,35413520,0.11804506666666667
52,70,N,35359760,0.11786586666666667
69,34,N,35300936,0.11766978666666666
82,785,Y,35216568,0.11738855999999999
22,26,N,35209288,0.11736429333333333
16,45,N,35122776,0.11707592
50,535,Y,34935992,0.11645330666666667
77,85,N,34847432,0.11615810666666666
99,58,N,34759328,0.11586442666666667
21,40,N,34723176,0.11574392
79,88,N,34657896,0.11552632
21,39,N,34486440,0.1149548
87,32,N,34478416,0.11492805333333334
68,104,N,34441408,0.11480469333333333
110,114,N,34433480,0.11477826666666667
19,16,N,34423016,0.11474338666666666
122,44,N,34377992,0.11459330666666666
42,55,N,34316520,0.1143884
103,92,N,34207144,0.11402381333333333
47,86,N,34186296,0.11395432000000001
55,35,N,34182376,0.11394125333333333
238,13,Y,34152608,0.11384202666666667
18,64,N,34139664,0.11379888
65,648,Y,33963112,0.11321037333333332
1086,119,Y,33925416,0.11308472
30,84,N,33838224,0.11279408
111,87,N,33747640,0.11249213333333333
101,940,Y,33746576,0.11248858666666668
110,1009,Y,33705688,0.11235229333333334
56,73,N,33696368,0.11232122666666666
100,930,Y,33630224,0.11210074666666667
77,27,N,33573000,0.11191000000000001
15,121,N,33558152,0.11186050666666666
38,81,N,33478216,0.11159405333333333
156,3,Y,33460448,0.11153482666666666
81,106,N,33431896,0.11143965333333333
70,107,N,33334104,0.11111368
84,93,N,33243816,0.11081272
95,104,N,33236272,0.11078757333333335
40,455,Y,33195448,0.11065149333333334
75,112,N,33192128,0.11064042666666667
73,715,Y,33080576,0.11026858666666668
118,77,N,33042096,0.11014032
62,8,N,33010744,0.11003581333333334
87,11,N,33008216,0.11002738666666667
101,50,N,32957048,0.10985682666666667
25,21,N,32895696,0.10965232
1089,120,Y,32868520,0.10956173333333333
87,74,N,32788168,0.10929389333333332
89,60,N,32784272,0.10928090666666666
121,1100,Y,32726288,0.10908762666666666
84,78,N,32592312,0.10864104000000001
74,123,N,32591024,0.10863674666666667
114,46,N,32568488,0.10856162666666666
676,68,Y,32555056,0.10851685333333333
109,118,N,32520776,0.10840258666666666
8,82,N,32454896,0.10818298666666668
64,18,N,32438296,0.10812765333333334
66,41,N,32293184,0.10764394666666667
110,1014,Y,32232840,0.1074428
55,8,N,32200592,0.10733530666666667
37,75,N,32175720,0.1072524
74,113,N,32117176,0.10705725333333334
69,59,N,32086104,0.10695368
24,52,N,32032968,0.10677656
127,80,N,32005512,0.10668504
73,56,N,31931440,0.10643813333333332
93,63,N,31915408,0.10638469333333334
107,126,N,31897648,0.10632549333333334
124,52,N,31893856,0.10631285333333335
94,122,N,31883056,0.10627685333333334
110,32,N,31860904,0.10620301333333333
67,35,N,31822096,0.10607365333333332
75,732,Y,31724296,0.10574765333333333
122,13,N,31704928,0.10568309333333333
57,66,N,31691368,0.10563789333333333
114,32,N,31685392,0.10561797333333332
126,107,N,31641264,0.10547087999999999
52,57,N,31581320,0.10527106666666666
78,84,N,31567944,0.10522648000000001
62,20,N,31496912,0.10498970666666667
93,101,N,31457776,0.10485925333333333
70,31,N,31374760,0.10458253333333334
61,20,N,31364040,0.1045468
97,38,N,31332864,0.10444288
476,43,Y,31329512,0.10443170666666667
305,22,Y,31312688,0.10437562666666667
18,126,N,31299808,0.10433269333333334
114,78,N,31297664,0.10432554666666667
16,5,N,31239744,0.10413248
67,47,N,31204744,0.10401581333333333
79,61,N,31195232,0.10398410666666666
18,50,N,31193440,0.10397813333333335
316,23,Y,31145520,0.10381839999999999
85,81,N,31073992,0.10357997333333333
32,114,N,31050352,0.10350117333333332
106,81,N,30910672,0.10303557333333332
35,55,N,30858800,0.10286266666666667
2,35,N,30819328,0.10273109333333334
9,66,N,30786872,0.10262290666666665
36,3,N,30743672,0.10247890666666666
6,7,N,30722048,0.10240682666666667
93,84,N,30714216,0.10238072
35,26,N,30687248,0.10229082666666667
36,19,N,30669408,0.10223136
145,2,Y,30605528,0.10201842666666668
78,114,N,30541400,0.10180466666666667
34,64,N,30504488,0.10168162666666666
31,20,N,30439608,0.10146535999999999
31,70,N,30289832,0.10096610666666665
908,97,Y,30272208,0.10090736
107,70,N,30162024,0.10054008
72,104,N,30153224,0.10051074666666668
102,125,N,30141728,0.10047242666666667
339,26,Y,30110432,0.10036810666666668
41,461,Y,30003464,0.10001154666666667
569,55,Y,30002616,0.10000872000000001
11,216,Y,29914008,0.09971336
93,18,N,29859200,0.09953066666666666
113,70,N,29822224,0.09940741333333333
669,67,Y,29804392,0.09934797333333333
463,41,Y,29747664,0.09915887999999999
244,14,Y,29746280,0.09915426666666667
964,104,Y,29716384,0.09905461333333335
100,85,N,29632960,0.09877653333333335
98,34,N,29625704,0.09875234666666666
80,773,Y,29522152,0.09840717333333333
45,78,N,29462264,0.09820754666666667
33,11,N,29420344,0.09806781333333334
51,24,N,29375320,0.09791773333333333
40,13,N,29365936,0.09788645333333333
88,42,N,29338040,0.09779346666666668
103,75,N,29293088,0.09764362666666666
24,50,N,29219104,0.09739701333333334
124,92,N,29182448,0.09727482666666666
737,76,Y,29067848,0.09689282666666667
100,32,N,29025232,0.09675077333333333
107,89,N,29013952,0.09671317333333333
28,91,N,28999760,0.09666586666666667
614,60,Y,28955824,0.09651941333333333
153,3,Y,28950152,0.09650050666666667
102,948,Y,28832120,0.09610706666666667
32,100,N,28685000,0.09561666666666667
81,85,N,28575616,0.09525205333333334
64,13,N,28521896,0.09507298666666666
101,62,N,28505056,0.09501685333333333
2,88,N,28470664,0.09490221333333333
214,10,Y,28440960,0.0948032
17,20,N,28398440,0.09466146666666667
75,103,N,28315928,0.09438642666666668
58,594,Y,28314504,0.09438168000000001
85,100,N,28169840,0.09389946666666667
25,28,N,28024976,0.09341658666666666
34,69,N,27903936,0.09301312
62,70,N,27857944,0.09285981333333333
124,126,N,27808456,0.09269485333333334
420,36,Y,27765832,0.09255277333333332
63,93,N,27746136,0.09248712
105,11,N,27742880,0.09247626666666667
7,82,N,27728672,0.09242890666666667
3,54,N,27704168,0.09234722666666667
27,40,N,27695600,0.09231866666666666
34,406,Y,27662512,0.09220837333333334
4,79,N,27479256,0.09159752
32,110,N,27441264,0.09147088
6,16,N,27289688,0.09096562666666666
74,87,N,27192264,0.09064088
204,9,Y,27105000,0.09035
12,67,N,27101952,0.09033983999999999
90,99,N,27086312,0.09028770666666668
37,94,N,27072128,0.09024042666666666
33,38,N,26991008,0.08997002666666666
109,28,N,26935376,0.08978458666666667
80,127,N,26828440,0.08942813333333333
40,95,N,26736872,0.08912290666666667
123,1113,Y,26659064,0.08886354666666667
124,1123,Y,26646640,0.08882213333333333
53,553,Y,26610664,0.08870221333333334
92,124,N,26559544,0.08853181333333333
34,98,N,26541648,0.08847216
106,86,N,26401520,0.08800506666666667
6,120,N,26244704,0.08748234666666667
56,54,N,26220280,0.08740093333333333
105,118,N,26194048,0.08731349333333334
17,267,Y,26163592,0.08721197333333333
103,109,N,26064280,0.08688093333333334
100,47,N,26043328,0.08681109333333333
28,25,N,26035888,0.08678629333333333
101,941,Y,26004128,0.08668042666666667
101,34,N,25998104,0.08666034666666667
531,50,Y,25964096,0.08654698666666667
26,12,N,25938552,0.08646184
59,55,N,25907280,0.0863576
47,39,N,25877880,0.08625959999999999
16,258,Y,25877424,0.08625808
444,39,Y,25682208,0.08560736000000001
76,737,Y,25640936,0.08546978666666667
45,16,N,25622856,0.08540952
655,65,Y,25543808,0.08514602666666667
853,90,Y,25541840,0.08513946666666666
25,72,N,25528432,0.08509477333333333
126,124,N,25523592,0.08507864
46,114,N,25416000,0.08472
91,29,N,25189344,0.08396448000000001
24,51,N,25173736,0.08391245333333333
79,4,N,25154696,0.08384898666666667
82,120,N,25130720,0.08376906666666667
33,396,Y,25060608,0.08353536
35,67,N,25046832,0.08348944
99,2,N,24811816,0.08270605333333333
4,13,N,24797864,0.08265954666666667
9,207,Y,24658304,0.08219434666666667
57,75,N,24653656,0.08217885333333333
98,919,Y,24646432,0.08215477333333333
51,8,N,24644952,0.08214984
555,53,Y,24614336,0.08204778666666666
50,18,N,24395568,0.08131856
44,127,N,24333080,0.08111026666666667
73,63,N,24282184,0.08094061333333333
127,44,N,24281872,0.08093957333333333
28,115,N,24233992,0.08077997333333332
68,90,N,24204904,0.08068301333333333
662,66,Y,24165240,0.0805508
51,536,Y,24156472,0.08052157333333333
1096,121,Y,24152832,0.08050944
161,4,Y,24070968,0.08023656
240,14,Y,24021360,0.0800712
113,49,N,23993096,0.07997698666666667
11,221,Y,23907648,0.07969216
91,28,N,23906424,0.07968808
82,117,N,23838200,0.07946066666666667
52,546,Y,23781472,0.07927157333333333
689,70,Y,23747696,0.07915898666666667
905,97,Y,23650872,0.07883624
120,127,N,23452416,0.07817472
94,880,Y,23446432,0.07815477333333333
68,95,N,23436728,0.07812242666666666
92,91,N,23367832,0.07789277333333333
88,37,N,23267648,0.07755882666666666
920,99,Y,23258832,0.07752943999999999
126,57,N,23193896,0.07731298666666667
74,43,N,23190952,0.07730317333333334
84,804,Y,23071152,0.07690384
8,51,N,23038448,0.07679482666666666
78,45,N,23038416,0.07679472
125,51,N,23014744,0.07671581333333333
115,1050,Y,22965416,0.07655138666666667
125,1132,Y,22875888,0.07625296
104,68,N,22852856,0.07617618666666666
172,5,Y,22826768,0.07608922666666668
3,28,N,22705392,0.07568464
106,100,N,22682296,0.07560765333333333
95,68,N,22650064,0.07550021333333334
114,54,N,22551768,0.07517256
12,26,N,22531960,0.07510653333333334
80,77,N,22481104,0.07493701333333334
116,1062,Y,22451464,0.07483821333333333
123,1117,Y,22408720,0.07469573333333333
164,4,Y,22257680,0.07419226666666666
217,11,Y,22214144,0.07404714666666667
91,858,Y,22169416,0.07389805333333332
11,33,N,22134080,0.07378026666666668
349,27,Y,22088304,0.07362768
1,137,Y,21991968,0.07330655999999999
61,79,N,21968720,0.07322906666666666
665,67,Y,21915320,0.07305106666666668
101,93,N,21839880,0.07279959999999999
115,28,N,21601296,0.07200432
80,29,N,21513592,0.07171197333333333
44,480,Y,21465392,0.07155130666666666
1002,109,Y,21451808,0.07150602666666667
31,377,Y,21448944,0.07149648
16,6,N,21441632,0.07147210666666666
804,84,Y,21437992,0.07145997333333333
116,36,N,21397304,0.07132434666666666
40,27,N,21364264,0.07121421333333333
108,995,Y,21263480,0.07087826666666666
17,270,Y,21166368,0.07055456
100,933,Y,21099552,0.07033184
38,439,Y,20827920,0.0694264
1033,113,Y,20755912,0.06918637333333333
556,53,Y,20744960,0.06914986666666667
271,17,Y,20681968,0.06893989333333334
71,703,Y,20642616,0.06880871999999999
117,82,N,20609184,0.06869728
118,109,N,20569008,0.06856336
22,39,N,20502720,0.0683424
926,99,Y,20491968,0.06830656
610,60,Y,20336192,0.06778730666666667
86,47,N,20229488,0.06743162666666666
122,1108,Y,20154016,0.06718005333333332
30,372,Y,19980688,0.06660229333333333
88,2,N,19971176,0.06657058666666667
75,13,N,19951488,0.06650496
82,7,N,19929904,0.06643301333333333
473,43,Y,19870464,0.06623488000000001
100,106,N,19781656,0.06593885333333334
70,113,N,19739640,0.06579879999999999
260,16,Y,19732696,0.06577565333333334
59,600,Y,19614048,0.06538015999999999
41,462,Y,19599968,0.06533322666666667
111,1016,Y,19543872,0.06514624000000001
106,979,Y,19401448,0.06467149333333333
810,85,Y,19376832,0.06458944
54,567,Y,19148464,0.06382821333333333
63,632,Y,19016416,0.06338805333333333
9,200,Y,18971880,0.0632396
718,73,Y,18913184,0.06304394666666667
28,109,N,18875288,0.06291762666666667
13,4,N,18697600,0.06232533333333333
122,71,N,18635208,0.06211736
21,300,Y,18586080,0.0619536
14,243,Y,18453848,0.061512826666666666
820,86,Y,18369864,0.06123288
66,22,N,18230040,0.0607668
1148,127,Y,18213368,0.060711226666666666
31,380,Y,18176288,0.06058762666666667
22,306,Y,18167296,0.060557653333333336
218,11,Y,17962848,0.059876160000000005
63,113,N,17955920,0.05985306666666666
105,975,Y,17954144,0.05984714666666666
767,79,Y,17928568,0.05976189333333333
103,954,Y,17898640,0.05966213333333333
618,61,Y,17757912,0.059193039999999995
699,71,Y,17672304,0.05890768
1039,113,Y,17605296,0.058684320000000005
56,3,N,17571624,0.058572080000000006
462,41,Y,17544952,0.05848317333333333
1151,127,Y,17533344,0.05844448
51,59,N,17527960,0.05842653333333333
888,95,Y,17510672,0.058368906666666664
221,11,Y,17477672,0.058258906666666666
792,83,Y,17465008,0.05821669333333333
673,68,Y,17350056,0.05783352
108,999,Y,17318072,0.05772690666666667
96,896,Y,17287736,0.057625786666666665
312,23,Y,17241616,0.057472053333333335
906,97,Y,17153248,0.05717749333333333
668,67,Y,17089600,0.05696533333333333
83,792,Y,17030712,0.05676903999999999
90,850,Y,17024736,0.05674912
60,613,Y,16976872,0.05658957333333334
54,114,N,16970672,0.05656890666666666
101,942,Y,16944728,0.05648242666666666
319,23,Y,16912736,0.056375786666666663
337,26,Y,16889464,0.05629821333333334
24,327,Y,16822328,0.05607442666666667
104,964,Y,16734144,0.05578048
115,1055,Y,16717504,0.05572501333333333
1065,117,Y,16651560,0.0555052
336,26,Y,16621080,0.055403600000000004
379,31,Y,16618800,0.055396
297,21,Y,16487688,0.054958959999999994
1037,113,Y,16418056,0.054726853333333325
46,502,Y,16409592,0.05469864
189,7,Y,16384208,0.05461402666666667
229,12,Y,16241736,0.05413912
166,4,Y,16152296,0.053840986666666674
4,166,Y,16140768,0.05380256
134,0,Y,16090880,0.05363626666666666
125,1130,Y,16074112,0.053580373333333334
62,630,Y,16053272,0.05351090666666666
8,195,Y,16040936,0.05346978666666667
921,99,Y,16022624,0.05340874666666667
346,27,Y,15993600,0.053312
720,74,Y,15869928,0.052899760000000004
1,138,Y,15861720,0.05287239999999999
114,1046,Y,15845064,0.052816880000000004
1093,120,Y,15774472,0.05258157333333333
692,70,Y,15766512,0.05255504
29,80,N,15754440,0.0525148
9,206,Y,15751696,0.05250565333333333
79,764,Y,15733592,0.05244530666666667
36,422,Y,15715264,0.05238421333333334
949,102,Y,15699936,0.05233312
117,1067,Y,15690336,0.052301120000000006
1092,120,Y,15658344,0.05219448
72,709,Y,15655872,0.05218624
124,1125,Y,15564824,0.051882746666666674
394,33,Y,15556616,0.05185538666666666
95,889,Y,15545832,0.051819439999999994
846,89,Y,15458968,0.05152989333333333
273,18,Y,15445496,0.05148498666666666
595,58,Y,15423384,0.051411280000000004
815,85,Y,15403424,0.05134474666666667
69,683,Y,15391528,0.05130509333333333
1080,119,Y,15390240,0.0513008
65,655,Y,15316544,0.05105514666666667
103,957,Y,15294088,0.05098029333333333
29,118,N,15244048,0.05081349333333333
835,88,Y,15178832,0.05059610666666666
184,7,Y,15170208,0.05056736
697,71,Y,15108568,0.05036189333333333
298,21,Y,14993560,0.04997853333333334
279,18,Y,14962160,0.04987386666666666
641,64,Y,14863952,0.04954650666666667
36,423,Y,14765488,0.049218293333333336
61,618,Y,14719176,0.049063920000000004
74,722,Y,14699168,0.04899722666666667
89,113,N,14698720,0.04899573333333333
889,95,Y,14689272,0.04896424
696,71,Y,14672320,0.048907733333333335
65,651,Y,14591128,0.04863709333333333
99,920,Y,14586352,0.04862117333333334
48,519,Y,14577576,0.04859192
1021,111,Y,14522432,0.048408106666666666
775,80,Y,14401504,0.04800501333333333
114,1042,Y,14254312,0.04751437333333333
118,29,N,14249512,0.04749837333333334
8,193,Y,14240760,0.047469199999999996
24,321,Y,14223504,0.047411680000000005
443,39,Y,14204848,0.04734949333333333
1044,114,Y,14127216,0.04709072
107,988,Y,14089168,0.04696389333333333
107,984,Y,14084568,0.04694856
99,922,Y,14082552,0.04694184
74,721,Y,14066088,0.04688696
88,835,Y,14000768,0.04666922666666667
368,30,Y,13956688,0.04652229333333333
81,780,Y,13942936,0.046476453333333334
781,81,Y,13917376,0.046391253333333334
667,67,Y,13888800,0.046296
113,1036,Y,13735136,0.045783786666666666
456,41,Y,13725344,0.045751146666666666
113,1038,Y,13660352,0.04553450666666667
288,20,Y,13649688,0.04549896
252,15,Y,13601104,0.045337013333333336
67,664,Y,13596304,0.04532101333333333
72,706,Y,13581072,0.04527024
5,173,Y,13569280,0.045230933333333334
168,5,Y,13561840,0.045206133333333336
195,8,Y,13492272,0.04497424
55,572,Y,13483768,0.044945893333333334
962,104,Y,13431584,0.044771946666666666
114,110,N,13428152,0.044760506666666665
37,426,Y,13418096,0.04472698666666667
548,52,Y,13410912,0.04470304
537,51,Y,13310552,0.04436850666666667
702,71,Y,13308200,0.044360666666666666
99,927,Y,13252888,0.04417629333333333
603,59,Y,13211232,0.044037440000000004
475,43,Y,13210136,0.044033786666666665
16,261,Y,13185192,0.04395064
891,95,Y,13150800,0.043836
918,98,Y,13013096,0.043376986666666666
1112,123,Y,13013032,0.043376773333333334
873,93,Y,12949224,0.04316408
92,866,Y,12924176,0.04308058666666667
25,331,Y,12914816,0.04304938666666667
370,30,Y,12894496,0.042981653333333335
1125,124,Y,12865232,0.042884106666666665
42,469,Y,12861416,0.042871386666666664
51,543,Y,12856552,0.042855173333333337
28,358,Y,12851320,0.042837733333333336
200,9,Y,12722224,0.04240741333333333
20,291,Y,12635856,0.04211952
41,463,Y,12620448,0.04206816
366,29,Y,12599160,0.0419972
40,448,Y,12595008,0.04198336
116,1057,Y,12574192,0.04191397333333333
796,83,Y,12551936,0.04183978666666666
86,823,Y,12517120,0.04172373333333333
345,27,Y,12514904,0.04171634666666667
14,244,Y,12488360,0.041627866666666666
1107,122,Y,12451592,0.041505306666666665
78,759,Y,12450912,0.041503040000000005
635,63,Y,12409248,0.041364160000000004
71,698,Y,12408096,0.04136032
109,1005,Y,12399672,0.04133224
58,596,Y,12394704,0.04131568
6,179,Y,12340408,0.04113469333333333
88,837,Y,12301104,0.04100368
761,79,Y,12283896,0.04094632
1087,119,Y,12232592,0.040775306666666664
512,48,Y,12226320,0.0407544
883,94,Y,12201168,0.040670559999999994
859,91,Y,12181472,0.04060490666666667
105,968,Y,12152264,0.040507546666666665
323,24,Y,12111216,0.04037072
231,12,Y,12076296,0.04025432
114,1044,Y,12047648,0.04015882666666666
31,383,Y,11995304,0.03998434666666667
50,533,Y,11994496,0.03998165333333333
5,172,Y,11973408,0.03991136
42,468,Y,11962224,0.03987408
1015,110,Y,11947072,0.039823573333333334
755,78,Y,11943288,0.03981096
48,516,Y,11904240,0.0396808
107,985,Y,11903008,0.03967669333333333
1138,126,Y,11846144,0.03948714666666667
132,0,Y,11824032,0.03941344
666,67,Y,11813296,0.03937765333333333
528,50,Y,11785832,0.03928610666666667
74,724,Y,11771184,0.03923728
131,0,Y,11770104,0.03923368
778,81,Y,11757944,0.039193146666666664
62,631,Y,11744424,0.03914808
0,128,Y,11715536,0.039051786666666664
1147,127,Y,11682184,0.03894061333333333
112,1029,Y,11666528,0.03888842666666666
322,24,Y,11635800,0.038786
125,1133,Y,11630016,0.03876672
26,337,Y,11622000,0.03874
765,79,Y,11593896,0.03864632
116,1060,Y,11584648,0.038615493333333334
100,932,Y,11567408,0.03855802666666667
101,938,Y,11543744,0.038479146666666665
593,58,Y,11531968,0.038439893333333336
615,60,Y,11519920,0.03839973333333333
228,12,Y,11518264,0.03839421333333333
885,94,Y,11454608,0.03818202666666667
979,106,Y,11434152,0.03811384
85,813,Y,11433664,0.03811221333333333
1132,125,Y,11414920,0.03804973333333333
1062,116,Y,11395336,0.037984453333333335
96,900,Y,11391816,0.03797272
23,316,Y,11383776,0.037945919999999994
566,54,Y,11377192,0.03792397333333333
967,104,Y,11367608,0.03789202666666666
533,50,Y,11322800,0.03774266666666667
1,140,Y,11315288,0.03771762666666667
38,432,Y,11297992,0.03765997333333333
233,13,Y,11291592,0.03763864
60,612,Y,11286752,0.037622506666666666
956,103,Y,11239552,0.03746517333333333
1018,111,Y,11217128,0.037390426666666664
9,202,Y,11209896,0.03736632
3,153,Y,11188928,0.03729642666666667
206,9,Y,11162200,0.037207333333333335
54,561,Y,11160320,0.03720106666666667
160,4,Y,11107792,0.03702597333333334
94,885,Y,11088616,0.03696205333333333
435,38,Y,11078904,0.03692968
53,555,Y,11057040,0.0368568
232,13,Y,11031120,0.0367704
507,47,Y,10996728,0.036655759999999996
1011,110,Y,10989848,0.03663282666666667
93,879,Y,10988352,0.03662784
608,60,Y,10965304,0.03655101333333333
209,10,Y,10929512,0.03643170666666667
636,63,Y,10902464,0.03634154666666666
1139,126,Y,10893536,0.036311786666666665
8,192,Y,10868784,0.03622928
500,46,Y,10868504,0.03622834666666667
125,1129,Y,10835112,0.036117039999999996
1060,116,Y,10831216,0.03610405333333333
112,1025,Y,10802920,0.036009733333333335
518,48,Y,10769976,0.03589992
426,37,Y,10756912,0.03585637333333334
952,103,Y,10743872,0.035812906666666665
29,367,Y,10735848,0.03578616
49,525,Y,10712152,0.035707173333333335
165,4,Y,10702968,0.035676559999999996
151,2,Y,10701064,0.03567021333333333
385,32,Y,10652944,0.035509813333333334
858,91,Y,10625128,0.03541709333333333
173,5,Y,10607632,0.035358773333333336
91,859,Y,10600424,0.035334746666666667
202,9,Y,10585888,0.03528629333333333
89,841,Y,10576648,0.03525549333333333
1,142,Y,10574360,0.03524786666666667
101,936,Y,10534840,0.035116133333333334
85,815,Y,10530640,0.035102133333333334
97,907,Y,10519568,0.03506522666666667
390,32,Y,10505568,0.035018560000000004
119,1087,Y,10454488,0.03484829333333333
990,107,Y,10408160,0.03469386666666667
237,13,Y,10382296,0.034607653333333335
25,329,Y,10372584,0.03457528
70,693,Y,10360112,0.03453370666666667
224,12,Y,10350136,0.034500453333333334
58,592,Y,10320984,0.034403279999999994
310,22,Y,10304048,0.03434682666666666
83,794,Y,10273824,0.03424608
110,1013,Y,10262488,0.034208293333333334
987,107,Y,10220376,0.03406792
86,817,Y,10202472,0.03400824
1032,113,Y,10199024,0.03399674666666667
735,75,Y,10178968,0.033929893333333336
865,92,Y,10171184,0.033903946666666664
18,278,Y,10169304,0.03389768
570,55,Y,10167480,0.0338916
821,86,Y,10164136,0.03388045333333333
84,806,Y,10157880,0.0338596
13,236,Y,10152440,0.03384146666666667
79,763,Y,10141872,0.03380624
98,917,Y,10141520,0.03380506666666666
35,412,Y,10123768,0.03374589333333333
117,1070,Y,10117792,0.03372597333333333
62,624,Y,10090568,0.033635226666666664
814,85,Y,10073144,0.03357714666666667
704,72,Y,10056128,0.03352042666666667
59,605,Y,10039752,0.033465840000000004
430,37,Y,10021448,0.033404826666666665
399,33,Y,10003824,0.03334608
1035,113,Y,9999160,0.03333053333333333
117,1064,Y,9977408,0.03325802666666667
760,79,Y,9961344,0.03320448
105,969,Y,9927336,0.03309112
977,106,Y,9919752,0.03306584
48,513,Y,9879992,0.03293330666666667
694,70,Y,9875608,0.03291869333333333
783,81,Y,9861824,0.03287274666666667
923,99,Y,9847152,0.03282384
1071,117,Y,9845560,0.03281853333333333
108,994,Y,9798424,0.03266141333333333
1043,114,Y,9792272,0.032640906666666664
79,761,Y,9760680,0.0325356
91,857,Y,9760240,0.03253413333333333
122,1106,Y,9743248,0.03247749333333333
910,97,Y,9721616,0.03240538666666667
447,39,Y,9704800,0.032349333333333334
157,3,Y,9696232,0.03232077333333334
91,861,Y,9692568,0.03230856
44,482,Y,9678920,0.032263066666666666
65,650,Y,9675968,0.03225322666666667
109,1000,Y,9672072,0.032240239999999996
119,1084,Y,9668440,0.03222813333333333
79,765,Y,9667368,0.03222456
607,59,Y,9634224,0.032114079999999996
127,1148,Y,9630520,0.032101733333333334
18,274,Y,9612432,0.032041440000000004
77,747,Y,9607128,0.03202376
120,1089,Y,9600296,0.03200098666666667
241,14,Y,9566248,0.031887493333333336
21,299,Y,9558976,0.031863253333333334
1120,124,Y,9553472,0.031844906666666666
480,44,Y,9528328,0.03176109333333333
34,404,Y,9512976,0.03170992
869,92,Y,9502136,0.03167378666666666
1149,127,Y,9487336,0.03162445333333333
449,40,Y,9477816,0.03159272
27,346,Y,9471056,0.031570186666666666
127,1144,Y,9469392,0.031564640000000005
80,770,Y,9460592,0.031535306666666665
616,61,Y,9450400,0.03150133333333333
12,226,Y,9404504,0.031348346666666665
1042,114,Y,9392640,0.0313088
816,86,Y,9386264,0.031287546666666666
107,987,Y,9383968,0.031279893333333336
0,134,Y,9373096,0.03124365333333333
30,368,Y,9367616,0.031225386666666667
254,15,Y,9349872,0.03116624
106,981,Y,9336184,0.03112061333333333
70,694,Y,9323072,0.031076906666666668
307,22,Y,9312984,0.031043279999999996
127,1145,Y,9307336,0.031024453333333334
73,713,Y,9306512,0.031021706666666666
0,131,Y,9286800,0.030956
340,26,Y,9283760,0.03094586666666667
139,1,Y,9276480,0.0309216
188,7,Y,9261888,0.030872959999999998
83,793,Y,9256736,0.030855786666666666
94,882,Y,9245656,0.030818853333333333
940,101,Y,9238560,0.030795200000000002
416,36,Y,9236952,0.03078984
163,4,Y,9222776,0.030742586666666665
50,528,Y,9221896,0.030739653333333332
432,38,Y,9219016,0.030730053333333333
1020,111,Y,9216728,0.030722426666666663
211,10,Y,9216040,0.030720133333333333
215,10,Y,9215088,0.030716959999999998
693,70,Y,9203304,0.03067768
994,108,Y,9196504,0.030655013333333335
455,40,Y,9194472,0.03064824
85,809,Y,9177560,0.030591866666666665
34,402,Y,9176600,0.030588666666666663
620,61,Y,9173600,0.030578666666666664
121,1099,Y,9164624,0.030548746666666668
103,955,Y,9160912,0.030536373333333335
37,424,Y,9157200,0.030524000000000003
15,251,Y,9145152,0.03048384
924,99,Y,9126832,0.03042277333333333
25,332,Y,9107368,0.030357893333333334
82,786,Y,9106312,0.030354373333333334
1014,110,Y,9088152,0.030293840000000002
363,29,Y,9082712,0.030275706666666666
894,95,Y,9080216,0.030267386666666667
6,180,Y,9074824,0.030249413333333336
49,527,Y,9065136,0.03021712
15,254,Y,9050768,0.030169226666666667
48,512,Y,9050472,0.03016824
1064,117,Y,9047392,0.030157973333333334
158,3,Y,9036032,0.030120106666666667
619,61,Y,9035616,0.030118719999999998
57,590,Y,9023536,0.030078453333333335
1026,112,Y,8987512,0.029958373333333333
45,493,Y,8965680,0.029885600000000002
43,476,Y,8955712,0.02985237333333333
589,57,Y,8933016,0.02977672
797,83,Y,8920720,0.02973573333333333
42,467,Y,8918904,0.02972968
32,384,Y,8916936,0.02972312
664,67,Y,8908464,0.02969488
411,35,Y,8888312,0.029627706666666666
11,218,Y,8876848,0.029589493333333335
108,992,Y,8866648,0.029555493333333332
77,745,Y,8849008,0.029496693333333334
912,98,Y,8845832,0.029486106666666664
3,152,Y,8842896,0.029476319999999997
16,259,Y,8818144,0.029393813333333334
60,615,Y,8816856,0.02938952
92,869,Y,8814552,0.029381840000000003
39,444,Y,8796752,0.029322506666666668
3,156,Y,8794984,0.029316613333333335
80,772,Y,8788720,0.02929573333333333
630,62,Y,8787816,0.02929272
267,17,Y,8778536,0.029261786666666668
179,6,Y,8773544,0.029245146666666666
1074,118,Y,8764072,0.029213573333333336
490,45,Y,8755344,0.02918448
123,1112,Y,8747168,0.029157226666666664
34,401,Y,8715552,0.02905184
2,146,Y,8710936,0.029036453333333333
20,292,Y,8708920,0.029029733333333335
965,104,Y,8690936,0.028969786666666667
333,25,Y,8687280,0.0289576
258,16,Y,8685872,0.028952906666666667
84,802,Y,8683456,0.028944853333333333
53,556,Y,8679704,0.028932346666666664
98,914,Y,8674664,0.028915546666666667
57,591,Y,8671080,0.0289036
117,1068,Y,8670448,0.028901493333333333
15,252,Y,8667136,0.028890453333333333
126,1139,Y,8651008,0.028836693333333333
127,1149,Y,8648048,0.028826826666666666
988,107,Y,8643616,0.028812053333333334
208,10,Y,8638824,0.028796079999999998
121,1102,Y,8625320,0.02875106666666667
433,38,Y,8615456,0.028718186666666666
197,8,Y,8599296,0.02866432
68,676,Y,8599280,0.028664266666666667
751,77,Y,8592704,0.02864234666666667
715,73,Y,8589032,0.02863010666666667
17,268,Y,8585824,0.028619413333333333
80,775,Y,8584560,0.0286152
46,500,Y,8584016,0.028613386666666664
904,97,Y,8582752,0.028609173333333335
672,68,Y,8574352,0.02858117333333333
104,965,Y,8573992,0.028579973333333335
927,99,Y,8571616,0.028572053333333333
102,949,Y,8570064,0.02856688
829,87,Y,8533584,0.028445279999999996
58,599,Y,8531152,0.028437173333333336
698,71,Y,8525736,0.02841912
746,77,Y,8516216,0.028387386666666667
127,1151,Y,8505624,0.028352079999999998
86,819,Y,8494768,0.028315893333333335
28,359,Y,8460008,0.02820002666666667
733,75,Y,8455648,0.028185493333333332
61,622,Y,8447576,0.028158586666666666
69,686,Y,8440704,0.028135680000000003
15,249,Y,8433152,0.028110506666666667
45,494,Y,8427416,0.028091386666666662
72,707,Y,8398360,0.027994533333333335
44,481,Y,8382488,0.027941626666666667
481,44,Y,8381864,0.02793954666666667
703,71,Y,8379880,0.027932933333333337
242,14,Y,8374184,0.027913946666666665
805,84,Y,8373440,0.027911466666666666
315,23,Y,8369240,0.027897466666666666
907,97,Y,8365368,0.02788456
78,758,Y,8364584,0.027881946666666664
776,81,Y,8362392,0.02787464
540,51,Y,8355056,0.027850186666666665
100,928,Y,8354496,0.027848320000000003
25,334,Y,8350160,0.02783386666666667
837,88,Y,8343048,0.02781016
1013,110,Y,8333008,0.027776693333333335
487,44,Y,8326608,0.027755359999999996
627,62,Y,8325992,0.027753306666666665
78,753,Y,8315800,0.027719333333333332
985,107,Y,8315784,0.02771928
1113,123,Y,8315184,0.02771728
653,65,Y,8292408,0.027641360000000004
553,53,Y,8288888,0.027629626666666664
493,45,Y,8285128,0.027617093333333332
52,549,Y,8280632,0.027602106666666664
50,530,Y,8273288,0.027577626666666664
192,8,Y,8270144,0.02756714666666667
90,855,Y,8258024,0.027526746666666668
594,58,Y,8254840,0.02751613333333333
1000,109,Y,8254368,0.02751456
162,4,Y,8252288,0.02750762666666667
631,62,Y,8247064,0.027490213333333336
503,46,Y,8247008,0.027490026666666667
182,6,Y,8246472,0.027488239999999997
6,178,Y,8229032,0.027430106666666666
17,266,Y,8228504,0.02742834666666667
30,371,Y,8225632,0.027418773333333337
255,15,Y,8214784,0.027382613333333333
99,926,Y,8213040,0.027376800000000003
54,565,Y,8206720,0.027355733333333333
800,84,Y,8205160,0.027350533333333333
591,57,Y,8202768,0.02734256
55,569,Y,8176096,0.027253653333333332
406,34,Y,8147552,0.02715850666666667
741,76,Y,8144856,0.027149519999999996
54,562,Y,8141792,0.027139306666666668
89,842,Y,8139688,0.02713229333333333
440,39,Y,8103760,0.027012533333333335
81,781,Y,8098712,0.026995706666666668
65,649,Y,8098440,0.0269948
936,101,Y,8098392,0.02699464
624,62,Y,8087976,0.02695992
793,83,Y,8079392,0.02693130666666667
445,39,Y,8074904,0.026916346666666667
46,497,Y,8073520,0.026911733333333337
626,62,Y,8039720,0.026799066666666666
7,185,Y,8038304,0.026794346666666666
67,665,Y,8030600,0.02676866666666667
997,108,Y,8025576,0.02675192
311,22,Y,8021128,0.026737093333333333
369,30,Y,8007072,0.026690239999999997
19,286,Y,8003376,0.026677919999999997
942,101,Y,7991392,0.026637973333333332
355,28,Y,7988448,0.026628159999999998
53,558,Y,7977168,0.026590560000000003
40,450,Y,7975056,0.02658352
23,319,Y,7959784,0.026532613333333333
748,77,Y,7947056,0.026490186666666665
472,43,Y,7934136,0.02644712
716,73,Y,7930160,0.026433866666666667
950,102,Y,7893144,0.02631048
193,8,Y,7889392,0.026297973333333335
976,106,Y,7883968,0.026279893333333332
1117,123,Y,7871912,0.026239706666666664
0,130,Y,7865600,0.026218666666666668
77,748,Y,7864288,0.026214293333333336
1109,122,Y,7862032,0.026206773333333336
361,29,Y,7858224,0.02619408
290,20,Y,7853432,0.026178106666666666
508,47,Y,7847672,0.026158906666666665
1130,125,Y,7845120,0.0261504
35,413,Y,7839264,0.02613088
1083,119,Y,7834192,0.026113973333333332
48,517,Y,7832376,0.02610792
573,55,Y,7820376,0.02606792
3,154,Y,7809152,0.026030506666666665
648,65,Y,7806744,0.026022479999999997
32,388,Y,7806728,0.026022426666666664
87,829,Y,7797336,0.02599112
806,84,Y,7793872,0.025979573333333335
106,978,Y,7761984,0.025873280000000002
82,788,Y,7749776,0.025832586666666667
342,26,Y,7749168,0.02583056
76,742,Y,7743344,0.025811146666666666
72,708,Y,7735968,0.02578656
262,16,Y,7735792,0.025785973333333333
92,867,Y,7731904,0.02577301333333333
477,43,Y,7725416,0.025751386666666667
436,38,Y,7706288,0.025687626666666668
0,133,Y,7700104,0.025667013333333332
87,827,Y,7695504,0.02565168
386,32,Y,7693152,0.025643839999999998
83,798,Y,7679560,0.025598533333333333
67,666,Y,7650352,0.02550117333333333
424,37,Y,7629776,0.025432586666666666
98,912,Y,7628664,0.025428879999999997
178,6,Y,7624144,0.025413813333333337
99,923,Y,7617112,0.025390373333333334
658,66,Y,7616320,0.025387733333333332
69,682,Y,7612920,0.0253764
395,33,Y,7607360,0.025357866666666666
56,583,Y,7604120,0.025347066666666668
580,56,Y,7603376,0.02534458666666667
81,779,Y,7602968,0.025343226666666666
802,84,Y,7602720,0.025342399999999998
18,276,Y,7595296,0.025317653333333332
996,108,Y,7585232,0.025284106666666667
45,489,Y,7575712,0.025252373333333335
1,141,Y,7572768,0.02524256
106,982,Y,7570784,0.025235946666666665
75,733,Y,7570344,0.02523448
108,996,Y,7568128,0.025227093333333332
519,48,Y,7538680,0.025128933333333336
127,1147,Y,7533632,0.02511210666666667
113,1035,Y,7531128,0.02510376
116,1056,Y,7528128,0.02509376
898,96,Y,7520024,0.025066746666666667
181,6,Y,7503728,0.025012426666666667
7,184,Y,7500120,0.025000400000000002
125,1134,Y,7493200,0.024977333333333334
459,41,Y,7491288,0.02497096
1036,113,Y,7487248,0.024957493333333334
373,30,Y,7485008,0.024950026666666666
35,411,Y,7482880,0.024942933333333334
133,0,Y,7477472,0.024924906666666666
318,23,Y,7463864,0.02487954666666667
654,65,Y,7461256,0.02487085333333333
499,46,Y,7461176,0.024870586666666666
92,871,Y,7448968,0.024829893333333335
1135,125,Y,7447992,0.02482664
114,1043,Y,7440344,0.024801146666666666
259,16,Y,7440144,0.024800480000000003
723,74,Y,7439800,0.024799333333333333
724,74,Y,7426376,0.024754586666666665
67,667,Y,7425368,0.024751226666666667
72,704,Y,7425048,0.02475016
14,240,Y,7423792,0.024745973333333334
48,518,Y,7419824,0.024732746666666666
250,15,Y,7417408,0.024724693333333332
68,679,Y,7395224,0.024650746666666667
356,28,Y,7391584,0.024638613333333333
598,58,Y,7390256,0.02463418666666667
81,782,Y,7386496,0.024621653333333333
401,34,Y,7376272,0.024587573333333335
167,4,Y,7370688,0.024568959999999997
410,35,Y,7359752,0.024532506666666665
10,214,Y,7358048,0.024526826666666664
707,72,Y,7350432,0.024501440000000003
1105,122,Y,7337432,0.024458106666666667
1,136,Y,7330424,0.02443474666666667
644,64,Y,7325224,0.024417413333333336
5,171,Y,7322752,0.024409173333333332
860,91,Y,7319888,0.024399626666666667
7,189,Y,7312696,0.024375653333333334
18,277,Y,7311328,0.024371093333333333
57,584,Y,7301384,0.024337946666666666
43,472,Y,7298384,0.024327946666666666
1133,125,Y,7296656,0.024322186666666665
4,164,Y,7290712,0.024302373333333332
261,16,Y,7287496,0.024291653333333333
67,670,Y,7282552,0.024275173333333334
1131,125,Y,7274984,0.024249946666666668
971,105,Y,7274656,0.02424885333333333
798,83,Y,7272440,0.024241466666666666
509,47,Y,7271560,0.024238533333333333
852,90,Y,7267616,0.024225386666666664
88,836,Y,7267080,0.0242236
247,14,Y,7259704,0.024199013333333335
12,224,Y,7259488,0.024198293333333332
53,557,Y,7256376,0.02418792
75,731,Y,7254176,0.024180586666666667
494,45,Y,7250744,0.024169146666666665
6,177,Y,7247408,0.024158026666666665
647,64,Y,7246384,0.024154613333333335
830,87,Y,7236128,0.024120426666666667
104,960,Y,7236000,0.024120000000000003
11,220,Y,7229280,0.0240976
14,241,Y,7229280,0.0240976
70,689,Y,7226888,0.024089626666666666
37,425,Y,7214960,0.024049866666666666
357,28,Y,7208728,0.02402909333333333
681,69,Y,7199680,0.023998933333333333
40,454,Y,7198976,0.023996586666666667
100,935,Y,7193192,0.023977306666666667
54,566,Y,7186832,0.023956106666666664
86,820,Y,7180144,0.02393381333333333
15,255,Y,7178768,0.023929226666666668
738,76,Y,7178112,0.02392704
483,44,Y,7149072,0.02383024
948,102,Y,7147192,0.02382397333333333
106,980,Y,7141768,0.023805893333333335
347,27,Y,7138864,0.023796213333333333
719,73,Y,7138088,0.023793626666666668
895,95,Y,7137632,0.023792106666666667
0,129,Y,7114776,0.02371592
402,34,Y,7110280,0.023700933333333334
124,1124,Y,7109224,0.023697413333333334
441,39,Y,7106056,0.023686853333333334
42,470,Y,7104376,0.023681253333333336
100,934,Y,7079408,0.023598026666666667
543,51,Y,7073192,0.02357730666666667
640,64,Y,7071584,0.023571946666666666
89,840,Y,7071160,0.023570533333333334
31,382,Y,7064336,0.023547786666666667
17,271,Y,7046784,0.02348928
117,1069,Y,7045264,0.023484213333333333
943,101,Y,7044856,0.023482853333333335
572,55,Y,7034776,0.023449253333333333
51,540,Y,7034440,0.023448133333333333
11,217,Y,7028912,0.023429706666666668
834,88,Y,7020960,0.023403200000000002
72,710,Y,7013512,0.023378373333333334
671,67,Y,6996800,0.02332266666666667
124,1121,Y,6984832,0.023282773333333333
623,61,Y,6971960,0.023239866666666668
1059,116,Y,6969280,0.023230933333333332
496,46,Y,6967672,0.023225573333333333
46,496,Y,6962168,0.023207226666666667
19,287,Y,6959992,0.023199973333333332
1115,123,Y,6954784,0.023182613333333334
31,378,Y,6950616,0.02316872
71,700,Y,6942688,0.023142293333333334
120,1088,Y,6939080,0.023130266666666666
434,38,Y,6937392,0.023124640000000002
1145,127,Y,6931912,0.023106373333333333
900,96,Y,6930448,0.023101493333333334
325,24,Y,6930256,0.023100853333333334
143,1,Y,6919152,0.02306384
63,634,Y,6912688,0.023042293333333335
39,440,Y,6911656,0.02303885333333333
299,21,Y,6911088,0.023036960000000002
1082,119,Y,6906624,0.02302208
982,106,Y,6904888,0.023016293333333333
596,58,Y,6900648,0.02300216
64,643,Y,6886704,0.022955680000000003
119,1086,Y,6885440,0.022951466666666667
1070,117,Y,6881352,0.02293784
16,262,Y,6877400,0.022924666666666666
795,83,Y,6865840,0.022886133333333333
24,325,Y,6865160,0.02288386666666667
105,972,Y,6848712,0.02282904
74,723,Y,6845384,0.022817946666666665
600,59,Y,6844496,0.022814986666666665
731,75,Y,6839328,0.02279776
525,49,Y,6836184,0.02278728
1119,123,Y,6835816,0.022786053333333334
73,712,Y,6834808,0.022782693333333333
275,18,Y,6834656,0.022782186666666666
944,102,Y,6823312,0.022744373333333335
159,3,Y,6815360,0.022717866666666666
378,31,Y,6802616,0.022675386666666665
294,20,Y,6797408,0.022658026666666664
3,157,Y,6788072,0.02262690666666667
52,548,Y,6786832,0.022622773333333332
375,30,Y,6782864,0.022609546666666668
104,967,Y,6778480,0.02259493333333333
36,420,Y,6778112,0.022593706666666664
43,479,Y,6773632,0.022578773333333333
33,394,Y,6767888,0.022559626666666666
23,318,Y,6766136,0.02255378666666667
46,499,Y,6764328,0.02254776
94,884,Y,6764200,0.022547333333333332
205,9,Y,6760792,0.022535973333333334
1072,118,Y,6760280,0.022534266666666667
632,63,Y,6758048,0.02252682666666667
109,1006,Y,6757048,0.022523493333333332
492,45,Y,6755320,0.022517733333333335
19,285,Y,6746688,0.02248896
925,99,Y,6745984,0.022486613333333332
88,838,Y,6740448,0.02246816
422,36,Y,6736464,0.02245488
601,59,Y,6729120,0.0224304
102,944,Y,6729096,0.02243032
87,830,Y,6727888,0.022426293333333333
28,356,Y,6723600,0.022411999999999998
116,1063,Y,6718304,0.02239434666666667
34,403,Y,6713864,0.022379546666666666
39,445,Y,6713216,0.022377386666666665
74,720,Y,6710512,0.022368373333333334
119,1083,Y,6708928,0.022363093333333334
64,644,Y,6696280,0.022320933333333334
880,94,Y,6695504,0.022318346666666666
423,36,Y,6689176,0.022297253333333333
867,92,Y,6688832,0.022296106666666666
870,92,Y,6688760,0.022295866666666667
278,18,Y,6688560,0.0222952
99,924,Y,6688304,0.02229434666666667
66,658,Y,6678768,0.02226256
465,42,Y,6655680,0.0221856
54,560,Y,6652776,0.02217592
1081,119,Y,6650088,0.02216696
129,0,Y,6643720,0.022145733333333334
58,595,Y,6640896,0.022136319999999998
824,87,Y,6632632,0.022108773333333335
210,10,Y,6627448,0.022091493333333333
663,66,Y,6627040,0.022090133333333335
27,351,Y,6618920,0.02206306666666667
113,1037,Y,6613704,0.02204568
97,905,Y,6613688,0.02204562666666667
1050,115,Y,6608400,0.022028
57,587,Y,6601464,0.02200488
67,669,Y,6599216,0.021997386666666667
33,392,Y,6598232,0.021994106666666666
80,774,Y,6582296,0.021940986666666665
736,76,Y,6581720,0.021939066666666666
89,845,Y,6573760,0.02191253333333333
629,62,Y,6555584,0.021851946666666667
64,647,Y,6552928,0.021843093333333334
97,910,Y,6551720,0.021839066666666667
535,50,Y,6547328,0.021824426666666667
575,55,Y,6547232,0.021824106666666666
198,8,Y,6539160,0.0217972
22,305,Y,6537584,0.021791946666666666
468,42,Y,6536032,0.021786773333333332
728,75,Y,6531848,0.021772826666666665
120,1093,Y,6530232,0.02176744
126,1141,Y,6527352,0.02175784
732,75,Y,6526208,0.02175402666666667
94,887,Y,6523816,0.021746053333333334
76,736,Y,6515752,0.021719173333333334
17,269,Y,6514008,0.02171336
119,1082,Y,6513200,0.021710666666666666
686,69,Y,6502424,0.021674746666666668
43,477,Y,6502152,0.02167384
1101,121,Y,6501256,0.021670853333333333
234,13,Y,6493888,0.021646293333333334
862,91,Y,6492968,0.021643226666666664
1029,112,Y,6492016,0.021640053333333333
478,43,Y,6487272,0.02162424
116,1059,Y,6483768,0.02161256
83,799,Y,6472464,0.02157488
117,1066,Y,6469320,0.0215644
296,21,Y,6468480,0.0215616
588,57,Y,6467720,0.021559066666666665
1047,114,Y,6466640,0.021555466666666665
57,589,Y,6452632,0.02150877333333333
9,204,Y,6451608,0.02150536
87,826,Y,6449328,0.02149776
52,550,Y,6443568,0.02147856
13,238,Y,6440128,0.021467093333333333
119,1085,Y,6431104,0.021437013333333334
70,692,Y,6430216,0.021434053333333335
22,309,Y,6422912,0.021409706666666667
102,951,Y,6418968,0.021396560000000002
901,96,Y,6413960,0.021379866666666667
56,576,Y,6410408,0.021368026666666668
77,744,Y,6403976,0.021346586666666667
935,100,Y,6398240,0.021327466666666666
116,1061,Y,6397144,0.021323813333333334
130,0,Y,6393816,0.02131272
712,73,Y,6392640,0.0213088
51,542,Y,6389688,0.02129896
713,73,Y,6387184,0.021290613333333333
97,906,Y,6386944,0.021289813333333334
43,474,Y,6384704,0.021282346666666667
1076,118,Y,6376224,0.021254079999999998
1110,122,Y,6375000,0.021249999999999998
439,38,Y,6373920,0.0212464
41,460,Y,6370704,0.02123568
711,72,Y,6368056,0.021226853333333334
418,36,Y,6363696,0.02121232
101,937,Y,6363568,0.021211893333333332
823,86,Y,6354664,0.02118221333333333
67,668,Y,6350056,0.021166853333333333
105,973,Y,6343760,0.02114586666666667
75,729,Y,6339168,0.02113056
99,925,Y,6338784,0.02112928
833,88,Y,6338776,0.021129253333333334
721,74,Y,6330576,0.02110192
364,29,Y,6326696,0.021088986666666667
12,227,Y,6323192,0.021077306666666667
49,521,Y,6313016,0.021043386666666667
6,176,Y,6311520,0.021038400000000002
44,485,Y,6310000,0.021033333333333334
85,810,Y,6304544,0.021015146666666665
832,88,Y,6304248,0.02101416
78,752,Y,6299992,0.020999973333333335
785,82,Y,6294792,0.02098264
59,604,Y,6294424,0.020981413333333334
587,57,Y,6294224,0.020980746666666664
62,625,Y,6293184,0.02097728
91,856,Y,6292472,0.020974906666666668
34,405,Y,6288952,0.02096317333333333
90,848,Y,6284696,0.020948986666666666
745,77,Y,6284632,0.020948773333333334
124,1126,Y,6282096,0.02094032
1146,127,Y,6273936,0.02091312
291,20,Y,6270120,0.0209004
1048,115,Y,6268280,0.020894266666666664
65,654,Y,6266640,0.020888800000000003
403,34,Y,6264688,0.020882293333333333
674,68,Y,6263744,0.020879146666666664
727,74,Y,6261176,0.020870586666666666
123,1115,Y,6252200,0.020840666666666667
787,82,Y,6245872,0.020819573333333334
55,575,Y,6244232,0.020814106666666665
52,544,Y,6241592,0.020805306666666665
504,47,Y,6238912,0.020796373333333333
579,56,Y,6238112,0.02079370666666667
822,86,Y,6237632,0.020792106666666667
784,82,Y,6233392,0.02077797333333333
677,68,Y,6232688,0.020775626666666665
207,9,Y,6231320,0.020771066666666668
1038,113,Y,6230384,0.020767946666666665
567,54,Y,6227976,0.02075992
13,233,Y,6213608,0.020712026666666668
72,711,Y,6208184,0.020693946666666668
40,453,Y,6204992,0.02068330666666667
817,86,Y,6204656,0.020682186666666668
417,36,Y,6202544,0.020675146666666665
396,33,Y,6200128,0.020667093333333334
679,68,Y,6190168,0.020633893333333334
558,53,Y,6188528,0.020628426666666665
277,18,Y,6187064,0.020623546666666666
5,170,Y,6184400,0.020614666666666667
96,902,Y,6183424,0.02061141333333333
896,96,Y,6176600,0.020588666666666665
243,14,Y,6173848,0.020579493333333334
10,210,Y,6151328,0.02050442666666667
79,767,Y,6150944,0.020503146666666666
1006,109,Y,6149976,0.020499919999999998
265,17,Y,6149800,0.020499333333333335
33,398,Y,6144944,0.020483146666666667
928,100,Y,6144736,0.02048245333333333
27,350,Y,6142040,0.02047346666666667
485,44,Y,6133832,0.02044610666666667
119,1080,Y,6131592,0.02043864
866,92,Y,6109888,0.020366293333333334
222,11,Y,6106104,0.020353680000000002
107,990,Y,6098544,0.02032848
110,1012,Y,6097376,0.020324586666666665
38,434,Y,6096736,0.020322453333333334
109,1001,Y,6094080,0.0203136
249,15,Y,6092272,0.020307573333333336
799,83,Y,6091656,0.020305519999999997
856,91,Y,6087856,0.020292853333333333
550,52,Y,6085096,0.020283653333333332
37,428,Y,6082480,0.02027493333333333
115,1051,Y,6065280,0.020217600000000002
85,811,Y,6065232,0.02021744
934,100,Y,6060928,0.02020309333333333
35,408,Y,6055288,0.020184293333333336
625,62,Y,6055168,0.020183893333333335
21,301,Y,6054952,0.020183173333333332
966,104,Y,6046008,0.020153360000000002
71,702,Y,6042728,0.020142426666666664
1094,120,Y,6033872,0.020112906666666666
827,87,Y,6033696,0.02011232
115,1049,Y,6029336,0.02009778666666667
764,79,Y,6025736,0.020085786666666668
293,20,Y,6023936,0.020079786666666665
621,61,Y,6021088,0.020070293333333333
62,627,Y,6012592,0.020041973333333334
393,33,Y,6009984,0.02003328
717,73,Y,6006592,0.020021973333333335
16,263,Y,6006448,0.02002149333333333
110,1015,Y,6005880,0.020019600000000002
960,104,Y,5999600,0.019998666666666668
66,659,Y,5994344,0.019981146666666668
398,33,Y,5991008,0.019970026666666668
61,620,Y,5984896,0.01994965333333333
12,228,Y,5980272,0.01993424
111,1020,Y,5977320,0.019924400000000002
951,102,Y,5964376,0.019881253333333335
1009,110,Y,5964232,0.019880773333333334
93,873,Y,5963480,0.019878266666666665
14,247,Y,5961592,0.019871973333333334
565,54,Y,5960856,0.019869519999999998
103,956,Y,5951560,0.01983853333333333
1137,126,Y,5948368,0.019827893333333332
491,45,Y,5943424,0.019811413333333333
777,81,Y,5942496,0.01980832
264,17,Y,5939640,0.0197988
88,833,Y,5936512,0.019788373333333335
1134,125,Y,5935680,0.0197856
412,35,Y,5930976,0.01976992
79,762,Y,5929072,0.019763573333333333
36,417,Y,5928000,0.01976
352,28,Y,5926976,0.01975658666666667
126,1136,Y,5920496,0.019734986666666666
991,107,Y,5919168,0.01973056
274,18,Y,5909824,0.019699413333333332
762,79,Y,5902224,0.01967408
978,106,Y,5897104,0.019657013333333334
49,524,Y,5894280,0.0196476
813,85,Y,5890672,0.019635573333333333
56,577,Y,5888688,0.01962896
1088,120,Y,5883984,0.01961328
61,617,Y,5882304,0.01960768
10,213,Y,5880320,0.019601066666666667
112,1024,Y,5880104,0.019600346666666667
471,42,Y,5878840,0.01959613333333333
389,32,Y,5878488,0.019594959999999998
25,328,Y,5874352,0.019581173333333333
70,691,Y,5873320,0.019577733333333333
772,80,Y,5871408,0.01957136
95,888,Y,5870880,0.0195696
32,385,Y,5870528,0.019568426666666666
85,812,Y,5869968,0.01956656
769,80,Y,5867640,0.0195588
289,20,Y,5867432,0.019558106666666665
37,429,Y,5865752,0.019552506666666667
2,149,Y,5863000,0.019543333333333333
574,55,Y,5861824,0.01953941333333333
941,101,Y,5860568,0.01953522666666667
546,52,Y,5849064,0.01949688
82,789,Y,5848696,0.019495653333333335
1069,117,Y,5847288,0.019490959999999998
24,322,Y,5842656,0.01947552
643,64,Y,5834360,0.019447866666666667
1004,109,Y,5831680,0.019438933333333335
933,100,Y,5823832,0.019412773333333334
27,349,Y,5823072,0.019410240000000002
909,97,Y,5822712,0.019409040000000002
88,839,Y,5822384,0.01940794666666667
257,16,Y,5820768,0.01940256
144,2,Y,5819384,0.01939794666666667
77,750,Y,5819080,0.019396933333333335
86,818,Y,5816856,0.01938952
117,1071,Y,5815632,0.01938544
92,870,Y,5814016,0.019380053333333334
448,40,Y,5809184,0.019363946666666666
22,307,Y,5808352,0.019361173333333332
16,257,Y,5804864,0.01934954666666667
41,459,Y,5799912,0.01933304
220,11,Y,5795520,0.0193184
82,791,Y,5793032,0.019310106666666667
953,103,Y,5787016,0.019290053333333335
21,298,Y,5786504,0.019288346666666664
954,103,Y,5784520,0.019281733333333335
38,438,Y,5782000,0.019273333333333333
57,585,Y,5779856,0.019266186666666667
12,229,Y,5778560,0.01926186666666667
55,571,Y,5778072,0.01926024
70,695,Y,5777192,0.019257306666666665
1127,124,Y,5766504,0.019221679999999998
37,430,Y,5764000,0.019213333333333332
76,741,Y,5758432,0.01919477333333333
470,42,Y,5753720,0.019179066666666668
83,797,Y,5739944,0.019133146666666666
35,414,Y,5739664,0.019132213333333335
19,282,Y,5736344,0.01912114666666667
48,514,Y,5734320,0.0191144
511,47,Y,5734000,0.019113333333333333
127,1150,Y,5732256,0.01910752
4,165,Y,5729584,0.019098613333333334
917,98,Y,5725960,0.019086533333333336
930,100,Y,5724880,0.019082933333333333
42,465,Y,5719368,0.019064559999999998
8,198,Y,5719336,0.01906445333333333
103,953,Y,5718088,0.019060293333333332
89,844,Y,5714432,0.01904810666666667
995,108,Y,5705296,0.019017653333333332
123,1119,Y,5703880,0.019012933333333332
938,101,Y,5702528,0.019008426666666668
5,169,Y,5698424,0.018994746666666666
73,717,Y,5694504,0.018981679999999997
112,1031,Y,5686024,0.018953413333333332
66,661,Y,5684640,0.0189488
33,399,Y,5680224,0.01893408
110,1010,Y,5677744,0.018925813333333333
1095,120,Y,5674752,0.01891584
1126,124,Y,5668416,0.01889472
634,63,Y,5668240,0.018894133333333334
73,718,Y,5665816,0.018886053333333333
7,190,Y,5664728,0.018882426666666667
51,541,Y,5663896,0.018879653333333333
489,45,Y,5663120,0.018877066666666668
81,778,Y,5657568,0.01885856
1049,115,Y,5653752,0.01884584
3,158,Y,5653432,0.018844773333333332
149,2,Y,5651072,0.018836906666666667
248,15,Y,5649360,0.0188312
53,559,Y,5647520,0.018825066666666668
177,6,Y,5644392,0.01881464
532,50,Y,5640392,0.018801306666666667
794,83,Y,5639928,0.018799760000000002
106,977,Y,5638408,0.018794693333333334
191,7,Y,5635648,0.018785493333333333
93,875,Y,5633728,0.018779093333333333
38,433,Y,5633552,0.018778506666666667
285,19,Y,5629744,0.018765813333333332
26,340,Y,5626888,0.018756293333333333
651,65,Y,5626392,0.01875464
549,52,Y,5625432,0.01875144
60,610,Y,5618064,0.01872688
887,94,Y,5617008,0.018723359999999998
69,680,Y,5611160,0.018703866666666666
62,628,Y,5609720,0.018699066666666667
135,0,Y,5601328,0.018671093333333333
17,265,Y,5600600,0.018668666666666667
47,506,Y,5600328,0.01866776
53,552,Y,5598032,0.01866010666666667
539,51,Y,5585080,0.018616933333333335
730,75,Y,5581616,0.018605386666666668
1031,112,Y,5580296,0.018600986666666666
124,1127,Y,5570072,0.018566906666666667
92,868,Y,5568672,0.01856224
186,7,Y,5551680,0.0185056
849,90,Y,5551096,0.01850365333333333
38,437,Y,5550704,0.018502346666666666
911,97,Y,5548864,0.018496213333333334
30,370,Y,5542184,0.018473946666666668
586,57,Y,5537504,0.018458346666666667
80,769,Y,5535360,0.0184512
126,1143,Y,5532944,0.018443146666666667
1066,117,Y,5524904,0.018416346666666666
45,495,Y,5521880,0.018406266666666667
13,234,Y,5521248,0.018404160000000003
773,80,Y,5521232,0.018404106666666666
670,67,Y,5519048,0.018396826666666668
268,17,Y,5505944,0.018353146666666667
71,699,Y,5503712,0.018345706666666666
8,194,Y,5499296,0.018330986666666667
68,675,Y,5497136,0.018323786666666668
93,876,Y,5496848,0.018322826666666667
628,62,Y,5491344,0.018304479999999998
521,49,Y,5488952,0.018296506666666667
26,338,Y,5479256,0.018264186666666668
77,751,Y,5477568,0.01825856
22,310,Y,5476080,0.0182536
1061,116,Y,5468912,0.018229706666666668
864,92,Y,5466112,0.01822037333333333
771,80,Y,5465688,0.01821896
12,230,Y,5464640,0.018215466666666666
380,31,Y,5463016,0.018210053333333334
779,81,Y,5460968,0.018203226666666666
75,728,Y,5455240,0.018184133333333335
1068,117,Y,5451384,0.01817128
831,87,Y,5450456,0.01816818666666667
331,25,Y,5449656,0.01816552
36,416,Y,5449344,0.01816448
141,1,Y,5449064,0.018163546666666665
33,397,Y,5445464,0.018151546666666667
405,34,Y,5445024,0.01815008
44,483,Y,5441768,0.018139226666666668
617,61,Y,5440264,0.018134213333333333
89,846,Y,5439224,0.018130746666666666
44,486,Y,5437176,0.018123919999999998
1027,112,Y,5436968,0.018123226666666666
251,15,Y,5432312,0.018107706666666664
14,246,Y,5430912,0.01810304
514,48,Y,5429568,0.01809856
15,248,Y,5428648,0.018095493333333334
754,78,Y,5428496,0.018094986666666667
1150,127,Y,5427320,0.018091066666666666
118,1076,Y,5425616,0.018085386666666668
899,96,Y,5424880,0.018082933333333332
300,21,Y,5422528,0.018075093333333334
148,2,Y,5421720,0.0180724
1128,125,Y,5411840,0.018039466666666667
576,56,Y,5406960,0.0180232
51,537,Y,5405872,0.018019573333333334
303,21,Y,5405688,0.01801896
8,199,Y,5404704,0.01801568
47,507,Y,5397904,0.017993013333333332
4,162,Y,5395080,0.0179836
88,832,Y,5391520,0.017971733333333333
109,1002,Y,5387352,0.01795784
235,13,Y,5387232,0.01795744
362,29,Y,5376992,0.017923306666666666
1123,124,Y,5373200,0.01791066666666667
102,947,Y,5372768,0.017909226666666667
4,167,Y,5370288,0.01790096
40,451,Y,5367816,0.017892719999999997
75,734,Y,5362336,0.01787445333333333
19,280,Y,5357408,0.017858026666666665
77,746,Y,5354736,0.01784912
2,148,Y,5351336,0.017837786666666668
876,93,Y,5346496,0.017821653333333333
97,909,Y,5345824,0.017819413333333336
460,41,Y,5345456,0.017818186666666666
284,19,Y,5339864,0.017799546666666666
766,79,Y,5337440,0.017791466666666665
239,13,Y,5336504,0.017788346666666666
73,716,Y,5336296,0.017787653333333334
10,209,Y,5335656,0.01778552
49,520,Y,5329128,0.01776376
1141,126,Y,5328016,0.017760053333333334
993,108,Y,5327936,0.017759786666666666
216,11,Y,5327192,0.017757306666666667
121,1097,Y,5326528,0.017755093333333333
1136,126,Y,5325032,0.017750106666666668
915,98,Y,5324336,0.017747786666666668
743,76,Y,5319272,0.017730906666666667
219,11,Y,5317400,0.017724666666666666
350,27,Y,5310440,0.017701466666666665
69,681,Y,5300824,0.017669413333333335
1005,109,Y,5296576,0.017655253333333332
13,237,Y,5294296,0.017647653333333336
230,12,Y,5284512,0.01761504
68,678,Y,5284480,0.017614933333333332
282,19,Y,5280648,0.01760216
744,77,Y,5279128,0.017597093333333334
59,603,Y,5274680,0.01758226666666667
64,641,Y,5272024,0.017573413333333333
946,102,Y,5271936,0.01757312
474,43,Y,5271392,0.017571306666666665
87,831,Y,5271320,0.01757106666666667
57,586,Y,5268408,0.017561359999999998
102,945,Y,5265392,0.01755130666666667
1046,114,Y,5264536,0.017548453333333335
2,144,Y,5259176,0.017530586666666667
94,886,Y,5245792,0.01748597333333333
871,92,Y,5243080,0.017476933333333333
118,1074,Y,5241312,0.01747104
1144,127,Y,5235648,0.01745216
113,1039,Y,5235224,0.017450746666666666
828,87,Y,5234544,0.017448480000000002
1098,121,Y,5233520,0.01744506666666667
90,852,Y,5225544,0.01741848
442,39,Y,5225520,0.0174184
154,3,Y,5214000,0.01738
32,387,Y,5212016,0.017373386666666664
65,652,Y,5209552,0.017365173333333334
749,77,Y,5205224,0.017350746666666667
95,894,Y,5198312,0.017327706666666665
20,289,Y,5194416,0.01731472
212,10,Y,5193256,0.017310853333333334
400,34,Y,5192576,0.017308586666666667
685,69,Y,5184608,0.017282026666666665
1114,123,Y,5181944,0.01727314666666667
95,895,Y,5180408,0.01726802666666667
121,1103,Y,5174120,0.017247066666666668
246,14,Y,5171456,0.017238186666666665
46,503,Y,5166584,0.017221946666666668
78,755,Y,5166264,0.01722088
99,921,Y,5166016,0.017220053333333336
1041,114,Y,5164928,0.017216426666666666
529,50,Y,5162024,0.017206746666666665
568,55,Y,5160296,0.017200986666666668
1099,121,Y,5159840,0.017199466666666666
1019,111,Y,5152456,0.017174853333333333
705,72,Y,5149048,0.01716349333333333
116,1058,Y,5143360,0.017144533333333333
117,1065,Y,5142824,0.017142746666666667
505,47,Y,5141280,0.0171376
884,94,Y,5139584,0.01713194666666667
96,899,Y,5136848,0.017122826666666667
124,1120,Y,5135696,0.017118986666666666
87,825,Y,5131984,0.017106613333333333
317,23,Y,5122848,0.01707616
253,15,Y,5119056,0.01706352
807,84,Y,5112088,0.017040293333333335
6,183,Y,5111040,0.0170368
125,1131,Y,5103992,0.01701330666666667
64,642,Y,5091712,0.016972373333333332
21,296,Y,5090416,0.016968053333333333
680,69,Y,5087712,0.01695904
245,14,Y,5082024,0.01694008
825,87,Y,5081776,0.016939253333333334
464,42,Y,5080448,0.016934826666666666
90,853,Y,5074872,0.01691624
137,1,Y,5072056,0.016906853333333333
9,205,Y,5066648,0.016888826666666665
21,303,Y,5062832,0.016876106666666668
16,256,Y,5061296,0.016870986666666667
23,313,Y,5057744,0.016859146666666665
33,393,Y,5057608,0.016858693333333334
1090,120,Y,5054000,0.01684666666666667
68,674,Y,5053168,0.016843893333333335
559,53,Y,5050360,0.016834533333333332
1054,115,Y,5048256,0.01682752
791,82,Y,5030840,0.016769466666666667
836,88,Y,5025296,0.016750986666666665
678,68,Y,5022176,0.016740586666666665
56,580,Y,5021152,0.016737173333333334
334,25,Y,5020856,0.016736186666666666
691,70,Y,5016440,0.016721466666666667
301,21,Y,5014472,0.016714906666666668
879,93,Y,5014368,0.01671456
72,705,Y,5012496,0.016708320000000002
126,1138,Y,5000160,0.0166672
176,6,Y,4992504,0.01664168
975,105,Y,4990944,0.016636480000000002
497,46,Y,4990560,0.0166352
461,41,Y,4989088,0.016630293333333334
85,814,Y,4982024,0.01660674666666667
55,573,Y,4981040,0.016603466666666667
344,27,Y,4980568,0.016601893333333333
886,94,Y,4976904,0.01658968
992,108,Y,4973360,0.016577866666666666
69,687,Y,4970712,0.01656904
91,860,Y,4965264,0.01655088
763,79,Y,4964840,0.016549466666666665
922,99,Y,4955176,0.016517253333333332
86,822,Y,4953296,0.016510986666666665
613,60,Y,4949456,0.016498186666666668
383,31,Y,4949328,0.01649776
33,395,Y,4946872,0.016489573333333334
28,352,Y,4942000,0.016473333333333333
64,640,Y,4939104,0.016463679999999998
18,275,Y,4928056,0.01642685333333333
63,636,Y,4922400,0.016408
502,46,Y,4921864,0.016406213333333333
42,471,Y,4920760,0.016402533333333334
16,260,Y,4906952,0.016356506666666666
56,582,Y,4902856,0.016342853333333334
295,20,Y,4899888,0.01633296
187,7,Y,4898760,0.0163292
86,821,Y,4898136,0.01632712
756,78,Y,4897424,0.016324746666666667
23,315,Y,4896624,0.01632208
111,1017,Y,4893544,0.01631181333333333
321,24,Y,4887256,0.016290853333333334
819,86,Y,4886792,0.016289306666666666
183,6,Y,4883824,0.016279413333333333
108,993,Y,4881280,0.01627093333333333
1012,110,Y,4881248,0.016270826666666665
68,673,Y,4880752,0.016269173333333335
450,40,Y,4874952,0.016249839999999998
341,26,Y,4873208,0.016244026666666668
972,105,Y,4870576,0.01623525333333333
74,726,Y,4865008,0.016216693333333334
30,374,Y,4861064,0.016203546666666666
605,59,Y,4858848,0.01619616
6,181,Y,4858288,0.01619429333333333
80,768,Y,4853752,0.016179173333333335
7,186,Y,4852528,0.016175093333333335
1040,114,Y,4847968,0.01615989333333333
1058,116,Y,4847336,0.016157786666666667
890,95,Y,4843344,0.016144480000000003
19,284,Y,4832416,0.016108053333333334
66,662,Y,4832288,0.016107626666666666
266,17,Y,4830792,0.016102639999999998
121,1101,Y,4826888,0.016089626666666666
199,8,Y,4824328,0.016081093333333334
1129,125,Y,4817504,0.016058346666666667
388,32,Y,4812184,0.016040613333333335
1111,122,Y,4806368,0.016021226666666666
46,501,Y,4805456,0.016018186666666667
283,19,Y,4804976,0.016016586666666666
196,8,Y,4802000,0.016006666666666666
59,601,Y,4796888,0.015989626666666666
5,168,Y,4794488,0.015981626666666665
545,52,Y,4794408,0.01598136
29,361,Y,4788104,0.015960346666666667
69,685,Y,4786696,0.015955653333333333
914,98,Y,4786048,0.015953493333333332
700,71,Y,4782264,0.015940879999999998
90,851,Y,4782080,0.015940266666666668
590,57,Y,4781704,0.015939013333333335
98,915,Y,4779512,0.015931706666666667
599,58,Y,4779184,0.015930613333333333
43,473,Y,4779120,0.0159304
327,24,Y,4770336,0.01590112
387,32,Y,4770320,0.015901066666666668
957,103,Y,4770184,0.015900613333333334
501,46,Y,4767512,0.015891706666666665
479,43,Y,4765520,0.015885066666666666
55,574,Y,4762712,0.015875706666666666
54,563,Y,4761720,0.015872400000000002
510,47,Y,4761056,0.015870186666666668
109,1004,Y,4756488,0.01585496
111,1021,Y,4754512,0.015848373333333332
577,56,Y,4753720,0.015845733333333334
469,42,Y,4748400,0.015828000000000002
534,50,Y,4744968,0.01581656
106,983,Y,4744480,0.015814933333333333
110,1011,Y,4744336,0.015814453333333336
561,54,Y,4743416,0.015811386666666667
803,84,Y,4743088,0.015810293333333333
1024,112,Y,4742496,0.01580832
353,28,Y,4741760,0.015805866666666668
66,660,Y,4735712,0.015785706666666666
286,19,Y,4730944,0.015769813333333334
102,950,Y,4727680,0.015758933333333336
31,379,Y,4726560,0.0157552
39,443,Y,4722920,0.015743066666666666
602,59,Y,4722872,0.015742906666666664
382,31,Y,4717160,0.015723866666666666
71,697,Y,4712504,0.015708346666666664
118,1072,Y,4711184,0.015703946666666666
227,12,Y,4707568,0.015691893333333335
23,312,Y,4705104,0.01568368
113,1034,Y,4700336,0.015667786666666666
753,78,Y,4700296,0.015667653333333333
848,90,Y,4699824,0.015666080000000002
809,85,Y,4699440,0.0156648
1102,121,Y,4698632,0.01566210666666667
1001,109,Y,4698216,0.01566072
147,2,Y,4695416,0.01565138666666667
87,828,Y,4693456,0.015644853333333333
103,958,Y,4692544,0.015641813333333334
138,1,Y,4684752,0.015615839999999999
58,598,Y,4681184,0.015603946666666667
112,1028,Y,4678896,0.01559632
482,44,Y,4677480,0.0155916
35,410,Y,4676856,0.01558952
47,509,Y,4675912,0.015586373333333334
571,55,Y,4672904,0.015576346666666666
14,245,Y,4668952,0.015563173333333333
61,623,Y,4659480,0.0155316
223,11,Y,4657152,0.01552384
113,1033,Y,4650856,0.015502853333333334
740,76,Y,4648832,0.015496106666666665
125,1135,Y,4646424,0.015488080000000001
585,57,Y,4645336,0.015484453333333335
54,564,Y,4644488,0.015481626666666666
947,102,Y,4642712,0.015475706666666667
236,13,Y,4638128,0.015460426666666667
722,74,Y,4634168,0.015447226666666668
557,53,Y,4632576,0.01544192
739,76,Y,4631624,0.015438746666666668
770,80,Y,4627888,0.015426293333333334
10,215,Y,4623408,0.01541136
517,48,Y,4623160,0.015410533333333332
73,719,Y,4617136,0.015390453333333335
4,160,Y,4616712,0.015389040000000001
58,593,Y,4611312,0.015371039999999999
281,19,Y,4604168,0.015347226666666668
1121,124,Y,4603600,0.015345333333333332
1028,112,Y,4602128,0.015340426666666667
39,442,Y,4601992,0.015339973333333333
2,147,Y,4599800,0.015332666666666666
43,475,Y,4593128,0.015310426666666665
32,390,Y,4588864,0.015296213333333334
68,672,Y,4580168,0.015267226666666666
42,466,Y,4580096,0.015266986666666668
60,611,Y,4576144,0.015253813333333333
606,59,Y,4570648,0.015235493333333334
74,725,Y,4567528,0.015225093333333332
19,283,Y,4566120,0.0152204
359,28,Y,4563304,0.015211013333333334
78,757,Y,4560312,0.01520104
354,28,Y,4556848,0.015189493333333333
931,100,Y,4555424,0.015184746666666667
343,26,Y,4549008,0.015163359999999999
26,343,Y,4545192,0.015150640000000002
1016,111,Y,4544272,0.015147573333333332
78,754,Y,4544024,0.015146746666666667
171,5,Y,4543264,0.015144213333333333
152,3,Y,4542120,0.0151404
103,952,Y,4541776,0.015139253333333333
332,25,Y,4538432,0.015128106666666667
24,324,Y,4529768,0.015099226666666667
652,65,Y,4528472,0.015094906666666668
75,730,Y,4528008,0.01509336
79,766,Y,4527784,0.015092613333333334
597,58,Y,4525328,0.015084426666666666
413,35,Y,4518352,0.015061173333333334
150,2,Y,4515120,0.0150504
69,684,Y,4513496,0.015044986666666666
527,49,Y,4512840,0.0150428
812,85,Y,4511400,0.015038000000000001
86,816,Y,4510096,0.015033653333333332
845,89,Y,4505064,0.01501688
32,391,Y,4502920,0.015009733333333334
38,435,Y,4501672,0.015005573333333333
973,105,Y,4501064,0.015003546666666668
14,242,Y,4498880,0.014996266666666667
115,1048,Y,4493592,0.014978640000000001
108,998,Y,4487024,0.014956746666666666
32,386,Y,4487000,0.014956666666666668
112,1027,Y,4485936,0.014953119999999999
376,31,Y,4480024,0.014933413333333333
122,1109,Y,4477368,0.014924560000000002
750,77,Y,4475504,0.014918346666666669
213,10,Y,4475192,0.014917306666666666
272,18,Y,4474832,0.014916106666666666
1053,115,Y,4473664,0.014912213333333335
120,1095,Y,4472032,0.014906773333333333
913,98,Y,4468800,0.014896000000000001
367,29,Y,4466464,0.014888213333333334
119,1081,Y,4459944,0.014866479999999998
0,135,Y,4457440,0.014858133333333332
562,54,Y,4452688,0.014842293333333333
74,727,Y,4451000,0.014836666666666668
415,35,Y,4450680,0.0148356
9,203,Y,4447920,0.0148264
175,5,Y,4442096,0.014806986666666667
453,40,Y,4442000,0.014806666666666668
29,366,Y,4440088,0.014800293333333334
90,854,Y,4438368,0.014794560000000002
8,197,Y,4438160,0.014793866666666666
84,800,Y,4436104,0.014787013333333335
112,1030,Y,4430376,0.014767919999999999
225,12,Y,4428976,0.014763253333333334
782,81,Y,4426368,0.01475456
451,40,Y,4422552,0.014741839999999999
114,1041,Y,4421896,0.014739653333333333
55,570,Y,4420248,0.014734160000000001
123,1114,Y,4419480,0.014731600000000001
30,375,Y,4418440,0.014728133333333332
725,74,Y,4416112,0.014720373333333335
287,19,Y,4414824,0.01471608
1017,111,Y,4412240,0.014707466666666667
203,9,Y,4406592,0.01468864
801,84,Y,4401816,0.01467272
276,18,Y,4397448,0.01465816
28,355,Y,4395064,0.014650213333333332
844,89,Y,4379264,0.014597546666666666
308,22,Y,4377176,0.014590586666666667
348,27,Y,4369040,0.014563466666666667
118,1079,Y,4359976,0.014533253333333333
8,196,Y,4359600,0.014532
104,966,Y,4351240,0.014504133333333334
687,69,Y,4350912,0.014503040000000002
22,304,Y,4343752,0.014479173333333335
903,96,Y,4343656,0.014478853333333333
280,19,Y,4343592,0.01447864
530,50,Y,4339936,0.014466453333333334
84,805,Y,4337080,0.014456933333333333
29,364,Y,4333808,0.014446026666666667
604,59,Y,4333400,0.014444666666666668
414,35,Y,4326792,0.01442264
73,714,Y,4326504,0.01442168
63,637,Y,4324504,0.014415013333333334
840,89,Y,4321344,0.014404479999999999
90,849,Y,4320360,0.0144012
47,508,Y,4320344,0.014401146666666666
118,1078,Y,4320280,0.014400933333333333
120,1092,Y,4319256,0.01439752
452,40,Y,4314664,0.014382213333333333
85,808,Y,4312064,0.014373546666666666
96,897,Y,4310800,0.014369333333333335
902,96,Y,4310576,0.014368586666666665
38,436,Y,4310008,0.014366693333333333
94,883,Y,4307352,0.01435784
683,69,Y,4306624,0.014355413333333334
1079,118,Y,4300312,0.014334373333333334
484,44,Y,4299640,0.014332133333333334
122,1105,Y,4297176,0.014323919999999999
18,279,Y,4294808,0.014316026666666667
114,1040,Y,4292304,0.014307680000000001
115,1052,Y,4289248,0.014297493333333335
81,777,Y,4286728,0.014289093333333334
838,88,Y,4281160,0.014270533333333335
857,91,Y,4281016,0.014270053333333333
578,56,Y,4279640,0.014265466666666667
752,78,Y,4278032,0.014260106666666666
26,342,Y,4275816,0.01425272
811,85,Y,4272776,0.014242586666666666
27,345,Y,4259648,0.014198826666666668
1030,112,Y,4256888,0.014189626666666667
96,901,Y,4251880,0.014172933333333335
18,273,Y,4249600,0.014165333333333334
113,1032,Y,4248600,0.014162
77,749,Y,4246008,0.014153359999999999
120,1090,Y,4241600,0.014138666666666666
50,534,Y,4237488,0.014124959999999999
118,1073,Y,4235136,0.01411712
660,66,Y,4232888,0.014109626666666666
384,32,Y,4229976,0.014099920000000002
44,487,Y,4214704,0.014049013333333334
1075,118,Y,4208504,0.014028346666666669
7,188,Y,4206928,0.014023093333333334
105,970,Y,4198216,0.013994053333333333
76,743,Y,4190984,0.013969946666666667
93,874,Y,4188752,0.013962506666666668
15,250,Y,4186408,0.013954693333333334
123,1118,Y,4185288,0.01395096
1106,122,Y,4181648,0.013938826666666668
122,1110,Y,4177856,0.013926186666666666
61,616,Y,4175736,0.01391912
140,1,Y,4173128,0.013910426666666666
71,701,Y,4168616,0.013895386666666667
404,34,Y,4162080,0.013873600000000002
486,44,Y,4161496,0.013871653333333333
109,1007,Y,4160888,0.013869626666666668
854,90,Y,4160504,0.013868346666666666
49,526,Y,4148352,0.013827840000000001
790,82,Y,4146280,0.013820933333333332
49,523,Y,4145576,0.013818586666666665
338,26,Y,4140544,0.013801813333333334
35,409,Y,4136272,0.013787573333333332
841,89,Y,4135496,0.013784986666666665
84,803,Y,4130416,0.013768053333333334
40,452,Y,4129968,0.013766559999999999
83,795,Y,4127296,0.013757653333333335
959,103,Y,4124512,0.013748373333333333
818,86,Y,4116712,0.013722373333333333
7,191,Y,4115624,0.013718746666666667
62,629,Y,4113632,0.013712106666666666
63,638,Y,4108552,0.013695173333333333
75,735,Y,4107712,0.013692373333333332
28,353,Y,4106736,0.01368912
526,49,Y,4104880,0.013682933333333333
742,76,Y,4103272,0.013677573333333333
97,904,Y,4100056,0.013666853333333333
843,89,Y,4099872,0.01366624
552,53,Y,4096256,0.013654186666666667
27,347,Y,4092976,0.013643253333333332
15,253,Y,4091936,0.013639786666666667
59,607,Y,4090504,0.013635013333333335
788,82,Y,4088352,0.013627840000000002
111,1023,Y,4085960,0.013619866666666668
1084,119,Y,4085896,0.013619653333333332
62,626,Y,4085664,0.01361888
59,606,Y,4085488,0.013618293333333333
47,510,Y,4085048,0.013616826666666665
1104,122,Y,4084304,0.013614346666666666
893,95,Y,4081464,0.01360488
51,538,Y,4075784,0.013585946666666666
226,12,Y,4074984,0.013583280000000001
458,41,Y,4066992,0.01355664
91,862,Y,4066776,0.01355592
581,56,Y,4066072,0.013553573333333334
22,311,Y,4062856,0.013542853333333332
93,872,Y,4061944,0.013539813333333334
121,1096,Y,4055104,0.013517013333333333
969,105,Y,4053512,0.013511706666666665
11,223,Y,4045320,0.0134844
690,70,Y,4045288,0.013484293333333335
639,63,Y,4045104,0.01348368
111,1019,Y,4036536,0.01345512
122,1107,Y,4032784,0.013442613333333332
136,1,Y,4029928,0.013433093333333333
31,381,Y,4027952,0.013426506666666666
28,354,Y,4023752,0.013412506666666667
1023,111,Y,4023552,0.01341184
392,33,Y,4022944,0.013409813333333333
123,1116,Y,4019696,0.013398986666666668
438,38,Y,4019288,0.013397626666666667
64,646,Y,4018680,0.013395599999999999
650,65,Y,4015560,0.0133852
21,302,Y,4012408,0.013374693333333333
457,41,Y,4008448,0.013361493333333333
983,106,Y,4007272,0.013357573333333332
269,17,Y,4000880,0.013336266666666666
87,824,Y,3999664,0.013332213333333334
25,335,Y,3999408,0.013331359999999999
50,532,Y,3996808,0.013322693333333333
963,104,Y,3994856,0.013316186666666667
55,568,Y,3993136,0.013310453333333333
78,756,Y,3989376,0.01329792
96,898,Y,3986872,0.013289573333333332
52,545,Y,3975416,0.013251386666666667
324,24,Y,3971600,0.013238666666666666
34,407,Y,3966128,0.013220426666666667
4,163,Y,3965248,0.013217493333333332
929,100,Y,3965112,0.013217040000000001
67,671,Y,3961624,0.013205413333333332
190,7,Y,3961144,0.013203813333333335
881,94,Y,3954944,0.013183146666666666
17,264,Y,3953200,0.013177333333333333
495,45,Y,3952584,0.013175280000000001
47,504,Y,3944544,0.013148479999999999
120,1094,Y,3937984,0.013126613333333334
659,66,Y,3936464,0.013121546666666666
851,90,Y,3928824,0.013096080000000001
847,89,Y,3926440,0.013088133333333333
5,174,Y,3922416,0.01307472
82,790,Y,3919368,0.01306456
1085,119,Y,3918832,0.013062773333333335
68,677,Y,3912120,0.0130404
61,621,Y,3911968,0.013039893333333333
42,464,Y,3911552,0.013038506666666666
100,931,Y,3907336,0.013024453333333335
83,796,Y,3903872,0.013012906666666667
64,645,Y,3903216,0.01301072
32,389,Y,3901968,0.01300656
56,578,Y,3891608,0.012972026666666667
970,105,Y,3885720,0.0129524
11,222,Y,3884760,0.012949200000000001
302,21,Y,3882192,0.012940639999999998
20,288,Y,3875560,0.012918533333333333
774,80,Y,3875536,0.012918453333333333
1,143,Y,3875160,0.012917199999999998
649,65,Y,3873272,0.012910906666666666
95,892,Y,3872696,0.012908986666666667
66,663,Y,3872448,0.01290816
3,155,Y,3872088,0.01290696
564,54,Y,3867768,0.012892559999999999
142,1,Y,3857112,0.01285704
126,1137,Y,3852304,0.012841013333333333
121,1098,Y,3849768,0.01283256
114,1045,Y,3846576,0.012821919999999999
20,293,Y,3846280,0.012820933333333333
70,688,Y,3842936,0.012809786666666666
646,64,Y,3837664,0.012792213333333335
381,31,Y,3834712,0.012782373333333333
174,5,Y,3827224,0.012757413333333334
371,30,Y,3821872,0.012739573333333334
1034,113,Y,3819800,0.012732666666666668
826,87,Y,3818088,0.012726959999999999
1108,122,Y,3815824,0.012719413333333332
45,492,Y,3813744,0.01271248
789,82,Y,3804968,0.012683226666666667
37,431,Y,3801632,0.012672106666666667
29,363,Y,3801080,0.012670266666666666
714,73,Y,3800632,0.012668773333333333
747,77,Y,3796968,0.012656559999999999
127,1146,Y,3796288,0.012654293333333334
10,211,Y,3795208,0.012650693333333334
108,997,Y,3792952,0.012643173333333334
101,939,Y,3792168,0.012640559999999999
939,101,Y,3791096,0.012636986666666666
868,92,Y,3781840,0.012606133333333333
107,991,Y,3773760,0.0125792
408,35,Y,3766472,0.012554906666666666
101,943,Y,3761056,0.012536853333333334
932,100,Y,3755288,0.012517626666666667
100,929,Y,3754688,0.012515626666666666
125,1128,Y,3754592,0.012515306666666668
36,418,Y,3749776,0.012499253333333335
409,35,Y,3748280,0.012494266666666668
726,74,Y,3746872,0.012489573333333332
49,522,Y,3745472,0.012484906666666667
1010,110,Y,3741184,0.012470613333333335
1051,115,Y,3740584,0.012468613333333333
1103,121,Y,3735792,0.01245264
26,336,Y,3733616,0.012445386666666666
1052,115,Y,3731712,0.01243904
115,1053,Y,3728960,0.012429866666666668
84,801,Y,3715864,0.012386213333333333
76,739,Y,3714640,0.012382133333333333
999,108,Y,3706536,0.012355119999999999
609,60,Y,3706240,0.012354133333333333
875,93,Y,3698328,0.01232776
842,89,Y,3697736,0.012325786666666666
31,376,Y,3695240,0.012317466666666667
1056,116,Y,3694592,0.012315306666666666
180,6,Y,3690352,0.012301173333333333
107,989,Y,3683944,0.012279813333333334
1003,109,Y,3677064,0.012256880000000001
498,46,Y,3671824,0.012239413333333334
106,976,Y,3666696,0.012222320000000002
2,150,Y,3650336,0.012167786666666666
95,890,Y,3645408,0.01215136
105,971,Y,3644000,0.012146666666666667
633,63,Y,3633640,0.012112133333333332
5,175,Y,3632424,0.01210808
330,25,Y,3625192,0.012083973333333333
695,70,Y,3622272,0.01207424
94,881,Y,3621400,0.012071333333333333
63,639,Y,3619608,0.01206536
7,187,Y,3614880,0.0120496
13,232,Y,3613168,0.012043893333333333
29,360,Y,3610312,0.012034373333333332
201,9,Y,3608472,0.012028239999999999
104,961,Y,3605464,0.012018213333333333
79,760,Y,3604904,0.012016346666666667
541,51,Y,3604696,0.012015653333333333
520,49,Y,3603808,0.012012693333333333
998,108,Y,3587560,0.011958533333333334
682,69,Y,3579736,0.011932453333333334
71,696,Y,3574944,0.01191648
360,29,Y,3569784,0.01189928
89,843,Y,3556728,0.01185576
11,219,Y,3556704,0.01185568
13,239,Y,3552184,0.011840613333333333
45,491,Y,3552040,0.011840133333333332
13,235,Y,3546880,0.011822933333333332
563,54,Y,3542520,0.0118084
592,58,Y,3538224,0.01179408
329,25,Y,3538208,0.011794026666666667
863,91,Y,3533824,0.011779413333333334
688,70,Y,3524112,0.01174704
47,505,Y,3523672,0.011745573333333332
29,365,Y,3523520,0.011745066666666667
637,63,Y,3520592,0.011735306666666667
44,484,Y,3514328,0.011714426666666666
684,69,Y,3512456,0.011708186666666667
65,653,Y,3511472,0.011704906666666666
256,16,Y,3510912,0.01170304
263,16,Y,3503768,0.011679226666666667
98,913,Y,3502088,0.011673626666666667
23,317,Y,3496600,0.011655333333333334
850,90,Y,3491008,0.011636693333333333
118,1077,Y,3481104,0.01160368
50,529,Y,3477296,0.011590986666666667
419,36,Y,3474680,0.011582266666666667
39,447,Y,3472624,0.011575413333333333
23,314,Y,3469912,0.011566373333333333
638,63,Y,3458512,0.011528373333333333
20,290,Y,3457440,0.0115248
109,1003,Y,3454304,0.011514346666666668
554,53,Y,3453536,0.011511786666666668
61,619,Y,3446608,0.011488693333333333
365,29,Y,3441192,0.011470639999999999
12,225,Y,3437624,0.011458746666666665
980,106,Y,3433912,0.011446373333333334
41,457,Y,3432744,0.01144248
80,771,Y,3432232,0.011440773333333334
102,946,Y,3425912,0.011419706666666668
81,776,Y,3421680,0.0114056
1073,118,Y,3419568,0.01139856
292,20,Y,3418592,0.011395306666666667
523,49,Y,3417360,0.0113912
981,106,Y,3402896,0.011342986666666667
701,71,Y,3396256,0.011320853333333334
57,588,Y,3383464,0.011278213333333334
309,22,Y,3370808,0.011236026666666668
20,294,Y,3363488,0.011211626666666667
1055,115,Y,3361864,0.011206213333333333
60,609,Y,3354632,0.011182106666666667
9,201,Y,3352368,0.01117456
437,38,Y,3351752,0.011172506666666667
547,52,Y,3349824,0.01116608
95,893,Y,3341448,0.01113816
986,107,Y,3340976,0.011136586666666667
584,57,Y,3339856,0.011132853333333333
96,903,Y,3319856,0.011066186666666667
91,863,Y,3307152,0.01102384
3,159,Y,3306720,0.0110224
583,56,Y,3303752,0.011012506666666666
76,740,Y,3303064,0.011010213333333333
24,326,Y,3294784,0.010982613333333334
937,101,Y,3292088,0.010973626666666667
51,539,Y,3290912,0.010969706666666667
1022,111,Y,3288256,0.010960853333333333
97,911,Y,3285312,0.01095104
1116,123,Y,3270496,0.010901653333333334
454,40,Y,3269352,0.01089784
431,37,Y,3258032,0.010860106666666666
872,93,Y,3252480,0.0108416
56,579,Y,3249312,0.01083104
968,105,Y,3236048,0.010786826666666667
734,75,Y,3232000,0.010773333333333333
304,22,Y,3213416,0.010711386666666668
1045,114,Y,3207960,0.0106932
107,986,Y,3204464,0.010681546666666666
169,5,Y,3199408,0.010664693333333333
10,212,Y,3196704,0.01065568
111,1022,Y,3193552,0.010645173333333334
52,547,Y,3193200,0.010644
35,415,Y,3191784,0.01063928
710,72,Y,3187472,0.010624906666666668
467,42,Y,3170856,0.010569519999999999
335,25,Y,3169624,0.010565413333333334
961,104,Y,3164400,0.010548
58,597,Y,3162216,0.01054072
20,295,Y,3134912,0.010449706666666666
1140,126,Y,3128752,0.010429173333333333
729,75,Y,3122568,0.01040856
708,72,Y,3110752,0.010369173333333332
397,33,Y,3100240,0.010334133333333334
758,78,Y,3097928,0.010326426666666668
1063,116,Y,3097376,0.010324586666666666
1118,123,Y,3092104,0.010307013333333333
36,419,Y,3088456,0.010294853333333335
582,56,Y,3085880,0.010286266666666667
104,963,Y,3084280,0.010280933333333334
70,690,Y,3083776,0.010279253333333334
984,107,Y,3083408,0.010278026666666667
1097,121,Y,3082512,0.010275040000000001
428,37,Y,3078136,0.010260453333333332
60,608,Y,3069880,0.010232933333333333
1057,116,Y,3066888,0.01022296
1007,109,Y,3066008,0.010220026666666666
18,272,Y,3056688,0.01018896
84,807,Y,3045904,0.010153013333333334
122,1104,Y,3043848,0.01014616
786,82,Y,3039128,0.010130426666666668
538,51,Y,3031064,0.010103546666666666
41,458,Y,3030064,0.010100213333333333
757,78,Y,3020960,0.010069866666666667
40,449,Y,3020680,0.010068933333333334
118,1075,Y,3017392,0.010057973333333333
45,490,Y,3016032,0.01005344
544,52,Y,3004328,0.010014426666666666
1122,124,Y,2997264,0.009990879999999999
114,1047,Y,2996456,0.009988186666666668
1077,118,Y,2990352,0.00996784
874,93,Y,2981240,0.009937466666666667
642,64,Y,2976960,0.0099232
466,42,Y,2975992,0.009919973333333333
52,551,Y,2970376,0.009901253333333332
326,24,Y,2967656,0.009892186666666667
611,60,Y,2966728,0.009889093333333333
53,554,Y,2959768,0.009865893333333334
66,656,Y,2957176,0.009857253333333333
407,34,Y,2947144,0.009823813333333334
22,308,Y,2928240,0.0097608
622,61,Y,2927384,0.009757946666666666
48,515,Y,2911656,0.00970552
522,49,Y,2904456,0.00968152
892,95,Y,2888584,0.009628613333333334
59,602,Y,2884568,0.009615226666666666
6,182,Y,2880456,0.009601519999999999
374,30,Y,2856920,0.009523066666666666
429,37,Y,2850912,0.00950304
27,348,Y,2848864,0.009496213333333333
897,96,Y,2848504,0.009495013333333333
524,49,Y,2843352,0.00947784
26,341,Y,2839576,0.009465253333333333
124,1122,Y,2832176,0.009440586666666667
958,103,Y,2826448,0.009421493333333334
25,330,Y,2821440,0.009404800000000001
110,1008,Y,2821272,0.009404240000000001
391,32,Y,2814024,0.00938008
313,23,Y,2809744,0.009365813333333334
945,102,Y,2801528,0.009338426666666667
63,633,Y,2783856,0.00927952
768,80,Y,2776784,0.009255946666666666
542,51,Y,2776616,0.009255386666666665
645,64,Y,2736368,0.009121226666666666
515,48,Y,2732152,0.009107173333333333
661,66,Y,2719504,0.009065013333333333
1091,120,Y,2692728,0.008975760000000001
506,47,Y,2682656,0.008942186666666666
351,27,Y,2664488,0.008881626666666666
551,52,Y,2645992,0.008819973333333333
1078,118,Y,2637088,0.008790293333333334
27,344,Y,2631512,0.008771706666666667
103,959,Y,2619944,0.008733146666666667
989,107,Y,2613256,0.008710853333333332
30,369,Y,2598480,0.0086616
146,2,Y,2592656,0.008642186666666668
955,103,Y,2586456,0.00862152
126,1140,Y,2572872,0.008576239999999999
82,784,Y,2551768,0.008505893333333334
122,1111,Y,2506312,0.008354373333333333
89,847,Y,2502896,0.008342986666666666
1008,110,Y,2501328,0.00833776
92,864,Y,2492760,0.0083092
1143,126,Y,2478576,0.00826192
839,88,Y,2476592,0.008255306666666667
194,8,Y,2452888,0.008176293333333333
29,362,Y,2424952,0.008083173333333334
120,1091,Y,2414824,0.008049413333333333
675,68,Y,2403376,0.008011253333333333
56,581,Y,2391560,0.007971866666666667
808,85,Y,2378248,0.007927493333333334
82,787,Y,2302192,0.007673973333333334
314,23,Y,2298376,0.007661253333333334
47,511,Y,2255816,0.007519386666666667
34,400,Y,2240792,0.0074693066666666665
19,281,Y,2186936,0.0072897866666666675
46,498,Y,2167016,0.007223386666666666
656,66,Y,1901536,0.006338453333333334
28,357,Y,1864560,0.0062152
115,1054,Y,1858784,0.006195946666666666
155,3,Y,1827248,0.006090826666666667
