122,20,N,401216696,0.802433392
40,13,N,400071608,0.800143216
13,122,N,397424160,0.79484832
20,295,Y,383832264,0.767664528
448,40,Y,381375976,0.762751952
5,68,N,363568312,0.727136624
16,5,N,343325272,0.686650544
107,126,N,322360400,0.6447208
95,107,N,318223832,0.636447664
68,95,N,308919936,0.617839872
126,1140,Y,294441280,0.5888825599999999
259,16,Y,292783152,0.5855663040000001
30,6,N,240832336,0.48166467199999996
77,30,N,233948864,0.46789772799999996
22,26,N,212665328,0.425330656
804,84,Y,184719000,0.369438
76,52,N,174866352,0.349732704
30,84,N,173538456,0.34707691199999996
84,30,N,172795856,0.345591712
84,78,N,166962768,0.333925536
46,76,N,163771872,0.32754374399999997
48,63,N,159418152,0.318836304
91,92,N,157561616,0.315123232
5,16,N,155637808,0.31127561600000003
119,48,N,154086472,0.308172944
105,46,N,153626368,0.307252736
26,119,N,152751928,0.30550385599999996
16,45,N,150865784,0.301731568
27,77,N,146222416,0.292444832
6,177,Y,141879824,0.28375964800000003
55,59,N,141809720,0.28361944
78,43,N,141266488,0.282532976
8,55,N,138649064,0.27729812800000003
45,492,Y,134797752,0.26959550400000004
109,12,N,133883864,0.267767728
69,126,N,133367880,0.26673576000000004
59,69,N,131067152,0.26213430400000004
174,5,Y,131058520,0.26211704
92,91,N,129812784,0.259625568
108,10,N,129085112,0.258170224
11,105,N,128715240,0.25743048
63,636,Y,123575328,0.247150656
14,65,N,123504080,0.24700816
47,39,N,123462288,0.246924576
308,22,Y,122220352,0.24444070399999998
126,1142,Y,121813840,0.24362768
747,77,Y,120069048,0.240138096
65,91,N,116225408,0.232450816
71,91,N,114746224,0.22949244800000002
12,19,N,114731056,0.22946211200000002
43,479,Y,112014080,0.22402816
197,8,Y,110825576,0.22165115200000002
52,548,Y,108196296,0.216392592
17,117,N,107928176,0.21585635200000003
125,102,N,107812456,0.21562491199999997
120,92,N,107709768,0.21541953600000002
24,81,N,107591192,0.21518238399999998
15,125,N,107419736,0.21483947199999998
11,87,N,107358680,0.21471735999999997
223,11,Y,105689104,0.21137820799999998
117,30,N,103338856,0.206677712
84,15,N,102600440,0.20520088
66,22,N,102335056,0.20467011200000002
81,41,N,100586928,0.20117385599999998
31,0,N,99668248,0.199336496
39,21,N,99340856,0.198681712
83,7,N,98831376,0.197662752
41,83,N,97482208,0.194964416
60,17,N,97031200,0.1940624
2,71,N,96527944,0.19305588799999998
97,11,N,96117440,0.19223488
4,85,N,95707496,0.191414992
0,110,N,94871880,0.18974376
76,116,N,92842808,0.185685616
120,6,N,91274168,0.182548336
61,79,N,91145720,0.18229144
26,35,N,90793216,0.181586432
53,117,N,90560096,0.18112019199999999
6,120,N,89454024,0.178908048
16,6,N,89389112,0.178778224
48,15,N,89387152,0.178774304
21,7,N,87916024,0.17583204800000002
19,53,N,87790560,0.17558112
7,83,N,84449672,0.168899344
58,2,N,84242576,0.168485152
94,38,N,83579688,0.167159376
910,97,Y,82416968,0.16483393600000001
5,106,N,82048216,0.164096432
30,369,Y,81217832,0.162435664
65,14,N,81213744,0.16242748799999998
40,27,N,80601704,0.161203408
21,40,N,78751888,0.157503776
87,825,Y,78512320,0.15702464000000002
104,48,N,77225784,0.154451568
612,60,Y,77061824,0.154123648
82,8,N,76995984,0.153991968
105,5,N,76714088,0.153428176
116,40,N,76580080,0.15316016000000002
7,184,Y,76289168,0.152578336
126,57,N,76262512,0.152525024
79,4,N,76034608,0.152069216
56,109,N,75868000,0.15173599999999998
48,119,N,75837104,0.151674208
57,99,N,75227408,0.15045481600000002
119,89,N,74995120,0.14999024
127,120,N,74645096,0.14929019200000002
106,86,N,73897400,0.1477948
15,84,N,73870024,0.147740048
86,47,N,73684392,0.147368784
92,868,Y,73244472,0.146488944
15,61,N,73150848,0.146301696
8,62,N,72876760,0.14575352
321,24,Y,72804432,0.145608864
27,31,N,72321152,0.144642304
44,127,N,70728368,0.141456736
240,14,Y,70569736,0.141139472
1002,109,Y,70316136,0.140632272
10,60,N,69937024,0.139874048
38,92,N,69788968,0.139577936
10,49,N,68171112,0.13634222399999998
121,15,N,67437640,0.13487528
12,109,N,67071176,0.13414235200000002
592,58,Y,66597776,0.133195552
28,25,N,66438128,0.132876256
52,57,N,65981656,0.131963312
92,870,Y,65973712,0.131947424
262,16,Y,65908616,0.131817232
44,53,N,65794688,0.131589376
23,50,N,65102304,0.130204608
13,40,N,64893528,0.12978705599999998
91,856,Y,64569792,0.129139584
663,66,Y,64518704,0.12903740800000002
35,410,Y,64448928,0.128897856
50,108,N,64348792,0.128697584
818,86,Y,63573368,0.12714673599999998
348,27,Y,62589528,0.12517905599999998
124,92,N,62527944,0.125055888
98,46,N,62441096,0.124882192
92,38,N,62302304,0.12460460799999999
112,110,N,62027072,0.12405414399999999
78,84,N,61792568,0.12358513599999998
90,21,N,61494360,0.12298872000000001
77,749,Y,60603272,0.121206544
6,178,Y,60267400,0.1205348
92,120,N,60172904,0.120345808
91,65,N,60052448,0.120104896
70,31,N,59756400,0.11951279999999999
117,1071,Y,59735184,0.119470368
38,94,N,59532968,0.119065936
100,47,N,59325752,0.118651504
14,0,N,59184000,0.11836800000000001
53,19,N,59157176,0.11831435200000001
55,8,N,58545264,0.117090528
102,946,Y,58479520,0.11695904
30,77,N,58320336,0.116640672
6,30,N,58316672,0.116633344
49,45,N,58192368,0.116384736
20,122,N,58095208,0.116190416
743,76,Y,57826112,0.115652224
99,14,N,57562816,0.115125632
19,41,N,57376144,0.114752288
39,43,N,57250816,0.114501632
80,77,N,57028216,0.114056432
105,121,N,56690248,0.113380496
89,843,Y,56682952,0.113365904
88,96,N,56548968,0.113097936
26,12,N,56192808,0.112385616
20,61,N,55810256,0.111620512
127,71,N,55530736,0.111061472
85,100,N,55457144,0.110914288
71,10,N,55404520,0.11080904000000001
17,90,N,55221320,0.11044264000000001
83,11,N,55219304,0.11043860800000001
24,51,N,55054384,0.11010876800000001
44,24,N,54996536,0.109993072
96,112,N,54980032,0.10996006400000001
109,28,N,54964536,0.10992907200000002
53,44,N,54759912,0.109519824
0,16,N,54726768,0.109453536
33,11,N,54674792,0.109349584
122,13,N,54197520,0.10839503999999998
79,69,N,53974400,0.1079488
34,98,N,53909264,0.107818528
111,120,N,53449576,0.106899152
120,82,N,53196408,0.106392816
6,181,Y,53114248,0.106228496
100,32,N,53057848,0.106115696
484,44,Y,52849200,0.1056984
38,33,N,52678192,0.10535638400000001
76,65,N,52277264,0.104554528
618,61,Y,51952152,0.103904304
127,80,N,51331368,0.102662736
21,25,N,51137224,0.10227444799999999
10,71,N,50894392,0.101788784
25,21,N,50677136,0.10135427200000001
119,26,N,50440656,0.100881312
2,58,N,50428336,0.100856672
86,106,N,50343512,0.10068702399999999
518,48,Y,49770080,0.09954015999999999
91,71,N,49725384,0.09945076800000001
14,68,N,49704600,0.0994092
59,32,N,49601888,0.09920377600000001
52,76,N,49177456,0.098354912
40,451,Y,48923016,0.097846032
96,10,N,48835456,0.097670912
62,625,Y,48631752,0.097263504
120,127,N,48629448,0.097258896
30,117,N,48521856,0.09704371199999999
42,88,N,48462992,0.09692598399999999
116,76,N,48461952,0.096923904
46,114,N,48259456,0.096518912
60,10,N,48256392,0.096512784
10,96,N,48164224,0.09632844800000001
43,96,N,47932232,0.095864464
32,87,N,47730400,0.0954608
48,104,N,47073080,0.09414615999999999
790,82,Y,46859656,0.093719312
21,90,N,46768704,0.093537408
108,124,N,46649960,0.09329992
41,19,N,46641432,0.093282864
102,34,N,46608152,0.093216304
43,58,N,46580120,0.09316024
106,5,N,46524752,0.093049504
79,12,N,46383496,0.092766992
51,125,N,46266760,0.09253352
73,56,N,46081320,0.09216263999999999
25,111,N,46070240,0.09214048
22,39,N,45836672,0.09167334399999999
110,0,N,45735272,0.091470544
85,813,Y,45711424,0.091422848
87,48,N,45697256,0.091394512
127,44,N,45596360,0.09119272
1,45,N,45514240,0.09102848
115,65,N,45450552,0.090901104
504,47,Y,45351840,0.09070368
121,108,N,45220104,0.090440208
41,81,N,45156176,0.090312352
101,123,N,45124328,0.090248656
77,27,N,45122248,0.09024449600000001
37,61,N,45044056,0.090088112
30,23,N,45038128,0.090076256
0,31,N,45029000,0.090058
16,19,N,44715176,0.089430352
58,102,N,44663112,0.08932622400000001
68,5,N,44540128,0.08908025600000001
38,81,N,44535040,0.08907008
12,228,Y,44388720,0.08877744
102,17,N,44380456,0.088760912
962,104,Y,44309784,0.088619568
124,126,N,44288320,0.08857664
83,797,Y,44156496,0.08831299199999999
295,20,Y,43989120,0.08797824
61,15,N,43898600,0.08779719999999999
47,100,N,43647848,0.087295696
64,115,N,43614472,0.087228944
99,57,N,43522632,0.087045264
78,754,Y,43521408,0.08704281600000001
42,124,N,43415464,0.086830928
117,17,N,43115600,0.0862312
62,20,N,42982088,0.085964176
92,124,N,42830144,0.085660288
110,112,N,42822752,0.085645504
64,18,N,42502736,0.085005472
118,105,N,42380144,0.084760288
63,48,N,42373856,0.084747712
95,73,N,41675888,0.083351776
14,99,N,41668912,0.083337824
115,64,N,41527840,0.08305568
24,52,N,41506400,0.0830128
65,76,N,41420280,0.08284056000000001
35,2,N,41418488,0.082836976
32,59,N,41312576,0.08262515200000001
102,86,N,41291800,0.08258360000000001
14,123,N,41280696,0.082561392
39,47,N,41192224,0.082384448
578,56,Y,41142944,0.082285888
90,33,N,40893376,0.081786752
124,52,N,40709480,0.08141896
54,66,N,40658384,0.08131676800000001
82,0,N,40653368,0.08130673599999999
68,14,N,40622192,0.081244384
123,119,N,40577176,0.081154352
71,2,N,40516304,0.081032608
81,38,N,40404368,0.08080873599999999
35,94,N,40288400,0.0805768
17,60,N,40198496,0.080396992
40,21,N,40165376,0.080330752
19,16,N,40030096,0.080060192
76,46,N,39901584,0.07980316800000001
45,16,N,39762496,0.079524992
93,63,N,39705896,0.079411792
46,105,N,39661112,0.079322224
126,69,N,39610688,0.07922137600000001
113,74,N,39597272,0.079194544
104,64,N,39530144,0.079060288
6,16,N,39500720,0.07900144
94,72,N,39314008,0.078628016
62,101,N,39269760,0.07853952
91,859,Y,39143344,0.078286688
52,24,N,39099336,0.078198672
112,75,N,39016208,0.078032416
3,28,N,38909528,0.077819056
0,14,N,38756664,0.07751332799999999
114,78,N,38736632,0.077473264
72,80,N,38721896,0.077443792
125,1,N,38672640,0.07734528
108,80,N,38627016,0.077254032
32,100,N,38528800,0.0770576
77,118,N,38470800,0.0769416
110,1010,Y,38433064,0.07686612799999999
85,4,N,38429264,0.076858528
7,55,N,38287816,0.07657563199999999
15,48,N,38270984,0.076541968
4,79,N,38259840,0.07651968
107,42,N,38134880,0.07626976
98,33,N,38014456,0.076028912
35,26,N,37976736,0.07595347200000001
67,35,N,37678888,0.075357776
32,110,N,37545208,0.075090416
84,41,N,37534040,0.07506808000000001
97,49,N,37517944,0.075035888
51,8,N,37505024,0.075010048
103,75,N,37383680,0.07476736
67,27,N,37290360,0.07458072
69,79,N,37073472,0.074146944
79,61,N,37023504,0.074047008
26,22,N,36999176,0.073998352
58,83,N,36804176,0.073608352
59,55,N,36658560,0.07331712
86,37,N,36620552,0.073241104
75,57,N,36620336,0.07324067199999999
102,58,N,36606768,0.07321353600000001
123,14,N,36501024,0.073002048
349,27,Y,36493400,0.0729868
5,105,N,36407288,0.072814576
33,90,N,36354920,0.07270984000000001
76,61,N,36322592,0.072645184
94,35,N,36300584,0.07260116800000001
11,97,N,36226720,0.07245344000000001
118,77,N,36056992,0.07211398399999999
82,785,Y,35864688,0.071729376
59,127,N,35842688,0.07168537600000001
57,52,N,35822296,0.071644592
51,24,N,35812720,0.07162544
73,95,N,35808064,0.071616128
74,87,N,35804648,0.07160929599999999
12,67,N,35766488,0.071532976
7,21,N,35685104,0.071370208
100,18,N,35486840,0.07097368
97,98,N,35466144,0.07093228800000001
1098,121,Y,35462688,0.070925376
123,47,N,35268264,0.070536528
8,125,N,35244912,0.070489824
47,67,N,35240376,0.070480752
40,448,Y,35228368,0.07045673599999999
111,25,N,35172096,0.070344192
65,115,N,35136280,0.07027256
61,76,N,35112904,0.070225808
12,79,N,35079656,0.070159312
75,103,N,35062112,0.070124224
55,35,N,35048920,0.07009784000000001
121,53,N,35007016,0.070014032
62,8,N,34932272,0.069864544
24,44,N,34896344,0.069792688
56,3,N,34861616,0.069723232
63,60,N,34860440,0.06972088
27,1,N,34827336,0.069654672
19,36,N,34810592,0.069621184
0,82,N,34808688,0.06961737600000001
114,54,N,34785640,0.06957128
83,41,N,34737144,0.069474288
80,108,N,34701192,0.069402384
25,330,Y,34635672,0.069271344
110,1014,Y,34599040,0.06919808
9,42,N,34587152,0.069174304
1140,126,Y,34583696,0.069167392
36,116,N,34338584,0.068677168
57,66,N,34324464,0.06864892800000001
65,651,Y,34219384,0.06843876800000001
3,54,N,34186960,0.06837392
71,702,Y,34156864,0.06831372799999999
77,80,N,34057800,0.0681156
19,12,N,34052936,0.068105872
935,100,Y,33993456,0.067986912
123,101,N,33862640,0.06772528
117,82,N,33844232,0.067688464
99,58,N,33822784,0.06764556799999999
57,586,Y,33789696,0.067579392
123,74,N,33783728,0.067567456
45,1,N,33682112,0.067364224
96,43,N,33670440,0.06734087999999999
61,617,Y,33668504,0.06733700799999999
104,95,N,33618728,0.067237456
125,15,N,33612824,0.067225648
62,96,N,33519944,0.06703988799999999
3,36,N,33443248,0.066886496
89,119,N,33298752,0.066597504
126,107,N,33239392,0.066478784
968,105,Y,33225056,0.066450112
43,78,N,33204224,0.06640844800000001
86,102,N,33138456,0.066276912
106,1,N,33079848,0.066159696
21,39,N,33032928,0.06606585599999999
42,55,N,33031288,0.066062576
69,34,N,33007592,0.066015184
87,111,N,33000160,0.06600032
87,32,N,32865560,0.06573112
19,280,Y,32823040,0.06564608000000001
1,125,N,32801608,0.06560321599999999
49,524,Y,32774704,0.06554940799999999
29,118,N,32767552,0.06553510400000001
97,56,N,32740584,0.065481168
31,70,N,32729096,0.065458192
106,81,N,32709856,0.06541971199999999
28,3,N,32707568,0.065415136
66,57,N,32688592,0.065377184
71,127,N,32682056,0.065364112
29,91,N,32647184,0.065294368
8,51,N,32627240,0.06525448
74,53,N,32611200,0.0652224
1144,127,Y,32604016,0.065208032
120,111,N,32563544,0.065127088
81,24,N,32554240,0.06510848
72,94,N,32538912,0.06507782399999999
109,103,N,32519656,0.065039312
692,70,Y,32515608,0.065031216
70,62,N,32512584,0.065025168
99,90,N,32437872,0.064875744
50,23,N,32405976,0.064811952
52,70,N,32369256,0.064738512
20,17,N,32348984,0.064697968
74,43,N,32248768,0.064497536
23,73,N,32225104,0.06445020800000001
32,114,N,32191960,0.06438392
35,67,N,32155168,0.064310336
100,85,N,32087776,0.064175552
55,42,N,32063032,0.064126064
60,63,N,32029688,0.064059376
653,65,Y,31960800,0.0639216
49,97,N,31897984,0.063795968
65,3,N,31845280,0.06369056
109,56,N,31567376,0.063134752
23,30,N,31472272,0.062944544
27,40,N,31446712,0.06289342399999999
88,79,N,31422712,0.062845424
19,282,Y,31368600,0.06273719999999999
93,84,N,31332736,0.062665472
20,62,N,31310032,0.062620064
69,59,N,31309472,0.062618944
18,93,N,31301872,0.06260374399999999
10,108,N,31262976,0.062525952
1,106,N,31253680,0.06250736
64,104,N,31203464,0.06240692799999999
53,74,N,31072432,0.062144863999999994
84,93,N,30978328,0.061956656000000006
34,69,N,30822568,0.061645136
998,108,Y,30808504,0.061617008
11,217,Y,30802184,0.06160436800000001
69,44,N,30722136,0.061444272
108,50,N,30698776,0.061397552
886,94,Y,30692696,0.061385392000000004
73,23,N,30487392,0.060974784000000004
87,831,Y,30448192,0.060896384000000005
72,104,N,30354104,0.060708208
50,24,N,30284592,0.060569184
43,74,N,30220936,0.060441871999999994
103,29,N,30195296,0.060390592
121,105,N,30184528,0.060369056
81,777,Y,30139088,0.060278176
89,107,N,30095128,0.060190256
57,75,N,30086832,0.060173664
112,115,N,30066832,0.060133663999999996
6,7,N,30052872,0.060105743999999996
738,76,Y,30019024,0.060038048
22,112,N,29911280,0.05982256
17,20,N,29829264,0.059658528
23,110,N,29789120,0.059578240000000005
38,97,N,29675272,0.059350544
1,85,N,29619128,0.059238255999999996
18,100,N,29565680,0.05913136
90,17,N,29544720,0.05908944000000001
31,27,N,29516080,0.05903216
67,72,N,29479488,0.058958975999999996
15,121,N,29435920,0.05887184
104,72,N,29419592,0.058839183999999996
36,119,N,29363344,0.058726688
29,121,N,29271616,0.058543232
265,17,Y,29261600,0.0585232
67,12,N,29257400,0.0585148
47,123,N,29239304,0.058478608
93,46,N,29200328,0.058400656
124,108,N,29038200,0.0580764
68,672,Y,28981384,0.057962768
99,2,N,28933360,0.05786672
117,33,N,28907832,0.057815663999999996
49,10,N,28778560,0.05755712
9,49,N,28710144,0.05742028799999999
96,62,N,28677672,0.057355343999999996
80,72,N,28642040,0.057284079999999994
111,87,N,28636784,0.057273568
107,89,N,28542720,0.05708544
67,47,N,28484968,0.056969936
113,49,N,28484680,0.056969360000000004
60,89,N,28478832,0.056957664
64,34,N,28430112,0.056860224
68,104,N,28377672,0.056755344
93,101,N,28374952,0.056749904000000004
118,25,N,28343656,0.056687312000000004
68,677,Y,28339936,0.056679872000000006
110,32,N,28259000,0.056518
88,42,N,28256272,0.056512544
91,28,N,28240640,0.05648128
36,3,N,28225488,0.05645097600000001
95,104,N,28207408,0.056414816
56,97,N,28162176,0.056324352
18,64,N,28119984,0.056239968
34,102,N,28089296,0.056178592
74,123,N,28089272,0.056178544
84,807,Y,28088736,0.056177472
115,112,N,28034552,0.056069104
41,66,N,28005240,0.05601048
57,126,N,27943496,0.055886992
10,214,Y,27933976,0.055867952
112,22,N,27928824,0.055857648
26,5,N,27917880,0.05583576
25,28,N,27913208,0.055826416
25,72,N,27766216,0.055532432
98,97,N,27681840,0.05536368
94,122,N,27655408,0.055310816
33,38,N,27633168,0.055266336
57,587,Y,27620128,0.05524025600000001
49,9,N,27552704,0.055105408
45,78,N,27550432,0.055100864
115,28,N,27507920,0.055015839999999996
49,113,N,27465600,0.054931200000000006
16,259,Y,27369152,0.054738303999999995
125,8,N,27363704,0.054727408000000005
228,12,Y,27299112,0.054598224
53,121,N,27283792,0.054567584
125,51,N,27282352,0.054564704
34,64,N,27261416,0.05452283199999999
86,111,N,27190600,0.0543812
79,88,N,27062960,0.054125919999999994
39,9,N,27051968,0.054103936
1092,120,Y,27048432,0.054096864
99,920,Y,26874552,0.053749104000000006
115,4,N,26853104,0.053706208000000005
126,18,N,26795160,0.05359032
119,36,N,26750432,0.053500863999999995
9,66,N,26704760,0.05340952
44,122,N,26684208,0.053368416
58,99,N,26669648,0.053339296
61,20,N,26667184,0.053334368
122,71,N,26584704,0.053169408
55,7,N,26581816,0.053163631999999995
82,7,N,26468664,0.052937328000000006
87,74,N,26450104,0.052900208
2,99,N,26368600,0.052737200000000005
63,73,N,26362816,0.052725631999999995
127,59,N,26340592,0.052681184
28,109,N,26292256,0.052584512
47,505,Y,26279912,0.052559824
59,51,N,26271128,0.052542256
2,35,N,26245904,0.052491808
4,13,N,26237896,0.05247579199999999
63,93,N,26200584,0.052401168
82,120,N,26123872,0.052247744
167,4,Y,25965888,0.051931776000000006
90,99,N,25940104,0.051880208
42,107,N,25849376,0.051698752
22,6,N,25803776,0.051607552
85,77,N,25767784,0.051535568
101,34,N,25763464,0.051526928
50,101,N,25737000,0.051474
177,6,Y,25702848,0.051405696
54,562,Y,25698792,0.051397583999999996
44,69,N,25690016,0.051380032000000006
8,82,N,25684720,0.05136944
114,32,N,25671696,0.051343392
11,83,N,25511360,0.05102272
105,11,N,25458968,0.050917936
16,0,N,25432712,0.050865424
971,105,Y,25331816,0.050663632
96,88,N,25326552,0.050653104000000004
54,3,N,25258144,0.050516288000000006
98,34,N,25227776,0.05045555200000001
24,50,N,25218240,0.050436480000000006
562,54,Y,25136816,0.050273632
81,85,N,25096136,0.050192271999999996
51,98,N,25086280,0.050172560000000005
117,53,N,25046960,0.05009392
89,83,N,25032216,0.050064432
85,81,N,24992920,0.04998584
105,118,N,24974296,0.04994859200000001
35,55,N,24861712,0.049723423999999995
12,26,N,24858360,0.049716720000000006
1148,127,Y,24842152,0.049684304
17,267,Y,24812808,0.049625616000000004
111,9,N,24806968,0.049613936000000004
83,89,N,24793352,0.049586704
107,95,N,24779896,0.049559792
28,115,N,24771784,0.049543568
54,23,N,24729752,0.049459503999999994
39,22,N,24701392,0.049402784
25,118,N,24614832,0.049229664
3,65,N,24582320,0.04916464
87,11,N,24532224,0.049064448
124,42,N,24478960,0.04895792
375,30,Y,24473312,0.04894662400000001
41,84,N,24462232,0.04892446400000001
93,18,N,24455648,0.04891129599999999
486,44,Y,24448104,0.048896208000000004
64,13,N,24441352,0.048882704
82,117,N,24425632,0.048851264000000005
107,70,N,24383200,0.0487664
112,96,N,24372112,0.048744224
1016,111,Y,24295992,0.048591984000000005
102,125,N,24223424,0.048446848
90,68,N,24205464,0.048410928
56,73,N,24165944,0.048331888
94,37,N,24150464,0.048300928
1120,124,Y,24150360,0.04830072
46,98,N,24141944,0.048283888
95,68,N,24043792,0.048087584
839,88,Y,23874808,0.047749616
45,49,N,23874224,0.047748448
110,23,N,23788576,0.047577152
803,84,Y,23726912,0.047453824
110,114,N,23713008,0.047426016
121,29,N,23661064,0.047322128
18,50,N,23629760,0.04725952
61,37,N,23622688,0.047245376
101,62,N,23605088,0.047210176
34,101,N,23569744,0.047139488
950,102,Y,23539008,0.047078016
109,118,N,23505968,0.047011936
880,94,Y,23441880,0.04688376
68,90,N,23383864,0.046767728
97,38,N,23337776,0.046675552
28,357,Y,23182768,0.046365536
37,86,N,23130728,0.046261456
118,109,N,23126552,0.046253104
60,611,Y,23120592,0.046241184
46,93,N,23063760,0.04612752
9,39,N,22984664,0.045969328000000004
116,78,N,22982880,0.04596576
83,58,N,22966104,0.045932208
58,43,N,22906232,0.045812464000000004
81,776,Y,22898328,0.045796656
43,39,N,22822768,0.045645536
7,6,N,22816008,0.045632016
70,107,N,22803672,0.045607344
52,124,N,22730936,0.045461872
96,900,Y,22678608,0.045357216000000006
75,112,N,22657032,0.045314064
1,27,N,22655232,0.045310464
75,13,N,22653912,0.045307824000000003
92,103,N,22637960,0.045275920000000004
33,98,N,22621184,0.045242368000000005
14,244,Y,22590360,0.04518072
66,54,N,22516608,0.045033216
54,114,N,22513024,0.045026048
61,619,Y,22419248,0.044838496
73,63,N,22415632,0.044831264
10,208,Y,22384664,0.044769328
666,67,Y,22380064,0.044760128
103,4,N,22339488,0.044678976
33,117,N,22335696,0.044671392000000004
977,106,Y,22294640,0.044589279999999995
45,493,Y,22175968,0.044351936
70,52,N,22116488,0.044232976
8,198,Y,22110056,0.044220112
18,126,N,22097552,0.044195104
119,123,N,22000072,0.044000144
72,709,Y,21973432,0.043946863999999995
995,108,Y,21945760,0.04389152
84,801,Y,21892760,0.043785519999999994
80,127,N,21870104,0.043740207999999996
6,22,N,21860184,0.043720367999999996
40,116,N,21857912,0.043715824
4,103,N,21840544,0.043681088
13,64,N,21833776,0.043667552
42,9,N,21823432,0.043646864
320,24,Y,21782704,0.043565408
9,111,N,21772952,0.043545904
114,46,N,21754992,0.043509984
31,20,N,21703616,0.043407232
37,75,N,21702304,0.043404608
116,73,N,21701032,0.043402064000000004
108,121,N,21689736,0.043379471999999995
47,86,N,21640312,0.043280624000000004
101,93,N,21559816,0.043119632
13,75,N,21489272,0.042978544
66,9,N,21394024,0.042788047999999995
66,41,N,21348400,0.0426968
28,91,N,21300168,0.042600336
5,26,N,21298936,0.042597871999999995
17,102,N,21155000,0.04231
111,86,N,21152184,0.042304368
113,70,N,21150608,0.042301216
244,14,Y,21091704,0.042183408
39,442,Y,21083200,0.0421664
48,87,N,21066480,0.04213296
31,60,N,20956136,0.041912272
7,82,N,20935720,0.04187144
110,1013,Y,20886032,0.041772064
72,25,N,20867664,0.041735328
75,37,N,20830120,0.04166024
78,116,N,20707064,0.041414128
1044,114,Y,20681320,0.04136264
91,861,Y,20677816,0.041355632
78,114,N,20644384,0.041288768
342,26,Y,20622992,0.041245984
116,36,N,20558680,0.04111736
60,31,N,20494456,0.040988911999999995
10,212,Y,20470392,0.040940784
70,113,N,20464672,0.040929344
122,94,N,20431008,0.040862016
33,397,Y,20279664,0.040559328
15,249,Y,20228480,0.04045696
74,113,N,20067672,0.040135343999999996
920,99,Y,20066736,0.040133471999999996
872,93,Y,20054856,0.040109712
81,106,N,19870960,0.03974192
37,94,N,19842712,0.039685424
80,29,N,19789728,0.039579456
50,18,N,19787208,0.039574416
1142,126,Y,19769656,0.039539312
186,7,Y,19728784,0.039457568
37,88,N,19663280,0.039326559999999997
63,113,N,19631816,0.039263632
626,62,Y,19575568,0.039151136
95,40,N,19569624,0.039139248
77,85,N,19439296,0.038878592000000003
29,103,N,19380184,0.038760367999999996
100,928,Y,19336592,0.038673184
89,113,N,19066128,0.038132256
553,53,Y,19053240,0.038106480000000005
98,51,N,19052584,0.038105167999999995
114,110,N,19013800,0.038027599999999995
471,42,Y,18992008,0.037984016
101,50,N,18954848,0.037909696
113,63,N,18805336,0.037610672000000005
88,37,N,18792904,0.037585808000000005
916,98,Y,18768904,0.037537808
367,29,Y,18636832,0.037273664000000005
45,36,N,18636384,0.037272768
461,41,Y,18625016,0.037250032
73,116,N,18498864,0.036997728
90,855,Y,18404312,0.036808624
84,804,Y,18389072,0.036778144
103,109,N,18283184,0.036566368
106,100,N,18280776,0.036561552
664,67,Y,18256144,0.036512288000000004
317,23,Y,18247480,0.03649496
88,2,N,18189864,0.036379728
570,55,Y,18093768,0.036187536
122,44,N,18061976,0.036123952
104,68,N,18018000,0.036036
27,67,N,17942544,0.035885087999999996
1057,116,Y,17900728,0.035801456
89,60,N,17897072,0.035794144
91,29,N,17887680,0.03577536
20,31,N,17565024,0.035130048000000004
22,66,N,17563256,0.035126512
103,92,N,17532856,0.035065712
893,95,Y,17489832,0.034979664
524,49,Y,17392624,0.034785248
363,29,Y,17383384,0.034766768
125,1128,Y,17329888,0.034659775999999996
1151,127,Y,17192752,0.034385504000000004
114,1040,Y,17097456,0.034194912
922,99,Y,16961856,0.033923712
97,906,Y,16950320,0.03390064
77,747,Y,16920560,0.03384112
573,55,Y,16889032,0.033778064000000003
997,108,Y,16811312,0.033622624
214,10,Y,16699096,0.033398192
1030,112,Y,16667704,0.033335408000000004
69,684,Y,16571360,0.03314272
1023,111,Y,16528552,0.033057104
51,59,N,16462304,0.032924608
479,43,Y,16453976,0.032907952000000004
106,977,Y,16446704,0.032893408
6,180,Y,16285320,0.032570640000000005
1053,115,Y,16278472,0.032556944
702,71,Y,16273264,0.032546528
4,115,N,16230192,0.032460383999999995
7,187,Y,16110720,0.03222144
868,92,Y,16095264,0.032190528
1072,118,Y,16076584,0.032153168
676,68,Y,16067952,0.032135904
85,1,N,15944232,0.031888464
56,54,N,15939192,0.031878384
126,124,N,15936736,0.031873472
640,64,Y,15856992,0.031713984
215,10,Y,15755248,0.031510496
100,106,N,15699400,0.031398800000000004
2,144,Y,15699152,0.031398304
985,107,Y,15659560,0.03131912
3,152,Y,15648064,0.031296128
81,782,Y,15606568,0.031213136000000002
36,45,N,15521904,0.031043808000000003
29,80,N,15487896,0.030975792
75,733,Y,15480480,0.030960960000000003
40,95,N,15471816,0.030943632
432,38,Y,15447520,0.03089504
111,1019,Y,15441296,0.030882592
72,67,N,15414824,0.030829647999999998
310,22,Y,15374184,0.030748367999999998
492,45,Y,15348552,0.030697104000000003
74,727,Y,15287408,0.030574816
18,275,Y,15259560,0.030519120000000004
470,42,Y,15160952,0.030321903999999997
22,308,Y,15138784,0.030277568
970,105,Y,15115584,0.030231168
424,37,Y,15082192,0.030164384
156,3,Y,15076768,0.030153535999999998
62,70,N,15045224,0.030090448
17,270,Y,14991968,0.029983936000000003
80,771,Y,14933664,0.029867328000000002
61,621,Y,14930048,0.029860096
58,592,Y,14910344,0.029820687999999998
843,89,Y,14907760,0.029815519999999998
11,33,N,14819040,0.02963808
36,19,N,14731184,0.029462368
65,654,Y,14679344,0.029358687999999997
533,50,Y,14469312,0.028938624
71,122,N,14375272,0.028750544
867,92,Y,14352848,0.028705696000000003
966,104,Y,14352592,0.028705183999999998
58,595,Y,14226464,0.028452928000000002
63,634,Y,14215936,0.028431871999999997
104,962,Y,14203008,0.028406016
100,934,Y,14187912,0.028375824
24,321,Y,14148312,0.028296624000000003
52,546,Y,14112640,0.02822528
3,56,N,14111016,0.028222031999999998
60,612,Y,14017120,0.028034240000000002
302,21,Y,14013856,0.028027712
8,192,Y,13963672,0.027927344
152,3,Y,13942448,0.027884896
101,937,Y,13936000,0.027871999999999997
78,45,N,13921512,0.027843024
7,191,Y,13884160,0.02776832
12,231,Y,13823216,0.027646432
54,56,N,13807272,0.027614544
1003,109,Y,13791952,0.027583904
2,88,N,13719784,0.027439568
372,30,Y,13662768,0.027325536
928,100,Y,13650520,0.02730104
48,519,Y,13648448,0.027296896
636,63,Y,13620856,0.027241712
41,460,Y,13365680,0.026731360000000003
188,7,Y,13364784,0.026729568000000002
24,323,Y,13297664,0.026595328
791,82,Y,13271232,0.026542463999999998
387,32,Y,13192840,0.026385679999999998
444,39,Y,13180544,0.026361088
69,683,Y,13067376,0.026134752000000004
3,156,Y,13059512,0.026119023999999998
655,65,Y,13055184,0.026110368
1088,120,Y,13043168,0.026086335999999998
284,19,Y,12999376,0.025998752000000003
13,234,Y,12986608,0.025973216
74,722,Y,12961272,0.025922544
86,821,Y,12935288,0.025870576000000003
11,221,Y,12898096,0.025796192
23,54,N,12865008,0.025730015999999998
5,174,Y,12853112,0.025706223999999996
785,82,Y,12790664,0.025581328
110,1011,Y,12758808,0.025517616
548,52,Y,12729712,0.025459423999999998
859,91,Y,12728816,0.025457631999999997
43,475,Y,12703928,0.025407856000000003
10,215,Y,12697368,0.025394736
42,467,Y,12686936,0.025373872
95,895,Y,12685752,0.025371504
625,62,Y,12640552,0.025281104
40,455,Y,12636240,0.02527248
873,93,Y,12553536,0.025107071999999998
1042,114,Y,12547688,0.025095376
445,39,Y,12520344,0.025040688000000002
706,72,Y,12459456,0.024918911999999998
3,157,Y,12403384,0.024806767999999996
27,348,Y,12394600,0.024789199999999997
352,28,Y,12379440,0.024758879999999997
109,1000,Y,12366400,0.0247328
714,73,Y,12354648,0.024709296
1118,123,Y,12338080,0.02467616
97,910,Y,12316904,0.024633807999999997
282,19,Y,12274104,0.024548208
61,618,Y,12256408,0.024512816
11,223,Y,12224128,0.024448256
47,508,Y,12156168,0.024312336
331,25,Y,12048112,0.024096224
76,740,Y,12027008,0.024054016
79,763,Y,11998616,0.023997232
37,424,Y,11994768,0.023989536
24,325,Y,11989888,0.023979776
16,262,Y,11972192,0.023944384
1100,121,Y,11966264,0.023932527999999998
828,87,Y,11945880,0.023891759999999998
285,19,Y,11845576,0.023691152
55,569,Y,11818240,0.02363648
104,964,Y,11701040,0.02340208
441,39,Y,11699584,0.023399168
266,17,Y,11694248,0.023388495999999998
14,247,Y,11688624,0.023377248
133,0,Y,11687040,0.02337408
870,92,Y,11617352,0.023234704
975,105,Y,11613280,0.02322656
106,980,Y,11571432,0.023142864000000003
11,219,Y,11536440,0.02307288
113,89,N,11515992,0.023031984
107,985,Y,11475920,0.02295184
8,197,Y,11413600,0.022827200000000002
111,1021,Y,11383920,0.02276784
14,241,Y,11345656,0.022691312
29,361,Y,11316528,0.022633056
1091,120,Y,11301176,0.022602352000000003
43,473,Y,11279336,0.022558672000000002
147,2,Y,11198984,0.022397968
203,9,Y,11164472,0.022328944
996,108,Y,11156624,0.022313248
605,59,Y,11154984,0.022309968
764,79,Y,11114456,0.022228912
41,459,Y,11074096,0.022148192
434,38,Y,11053944,0.022107888
439,38,Y,11044632,0.022089264
5,170,Y,11018304,0.022036608
879,93,Y,11011040,0.02202208
18,276,Y,10993384,0.021986768
98,914,Y,10965168,0.021930336
71,701,Y,10957592,0.021915184
1,142,Y,10928960,0.02185792
723,74,Y,10927984,0.021855968
21,301,Y,10927176,0.021854352
464,42,Y,10906344,0.021812688
360,29,Y,10879496,0.021758992
100,935,Y,10856256,0.021712512
41,458,Y,10850288,0.021700576000000003
157,3,Y,10824424,0.021648848000000002
118,1077,Y,10785536,0.021571072
550,52,Y,10774536,0.021549072000000002
800,84,Y,10732560,0.021465119999999997
67,666,Y,10703400,0.0214068
91,862,Y,10697616,0.021395232
94,885,Y,10689336,0.021378672
118,29,N,10688736,0.021377472
12,225,Y,10627192,0.021254383999999998
293,20,Y,10625464,0.021250928
0,131,Y,10610384,0.021220768
175,5,Y,10605584,0.021211168000000002
127,1146,Y,10593080,0.02118616
58,598,Y,10581152,0.021162304
369,30,Y,10580920,0.02116184
8,195,Y,10555944,0.021111888
309,22,Y,10470104,0.020940208000000002
685,69,Y,10441344,0.020882688
521,49,Y,10424616,0.020849232
1115,123,Y,10415712,0.020831423999999998
1122,124,Y,10411008,0.020822016
77,751,Y,10405928,0.020811856
856,91,Y,10398240,0.02079648
13,235,Y,10397160,0.020794319999999998
392,33,Y,10390544,0.020781088
13,4,N,10367520,0.02073504
1050,115,Y,10367328,0.020734656
123,1118,Y,10364152,0.020728304
137,1,Y,10356560,0.02071312
568,55,Y,10355496,0.020710992
52,544,Y,10351472,0.020702943999999997
1084,119,Y,10328736,0.020657472
72,711,Y,10324232,0.020648464
245,14,Y,10312464,0.020624928
809,85,Y,10214720,0.02042944
114,1041,Y,10195672,0.020391344
88,837,Y,10188728,0.020377456
779,81,Y,10188632,0.020377264
894,95,Y,10187616,0.020375232
540,51,Y,10172696,0.020345392
261,16,Y,10168120,0.020336240000000002
57,590,Y,10166896,0.020333792
37,431,Y,10151480,0.020302960000000002
762,79,Y,10150752,0.020301503999999998
777,81,Y,10149096,0.020298192
586,57,Y,10129240,0.020258480000000002
732,75,Y,10119008,0.020238016
47,504,Y,10108776,0.020217552
79,762,Y,10068912,0.020137824000000002
431,37,Y,10027768,0.020055536
44,484,Y,10026712,0.020053424
117,1068,Y,10025680,0.02005136
909,97,Y,10017784,0.020035568
117,1069,Y,10006872,0.020013744
58,599,Y,9995264,0.019990528
200,9,Y,9981376,0.019962752
527,49,Y,9965008,0.019930016000000002
49,521,Y,9948776,0.019897552000000002
116,1058,Y,9945184,0.019890368
25,331,Y,9944544,0.019889088
674,68,Y,9938016,0.019876032
906,97,Y,9932456,0.019864912
128,0,Y,9925920,0.019851840000000003
31,381,Y,9916080,0.019832159999999998
39,445,Y,9885632,0.019771264
825,87,Y,9884912,0.019769824
109,1007,Y,9875656,0.019751312
114,1042,Y,9859136,0.019718272000000002
0,132,Y,9852552,0.019705104
66,657,Y,9822376,0.019644751999999998
647,64,Y,9811640,0.01962328
46,503,Y,9785608,0.019571216
451,40,Y,9785096,0.019570192
847,89,Y,9757232,0.019514464000000002
38,435,Y,9751272,0.019502544
102,949,Y,9723184,0.019446368
126,1141,Y,9695368,0.019390736
53,552,Y,9654528,0.019309055999999998
410,35,Y,9651784,0.019303568
31,379,Y,9645704,0.019291408
696,71,Y,9597592,0.019195184
104,963,Y,9587464,0.019174928
32,386,Y,9587104,0.019174207999999998
280,19,Y,9539792,0.019079584
101,943,Y,9539568,0.019079136
115,1054,Y,9521200,0.019042399999999998
1139,126,Y,9518648,0.019037296
62,626,Y,9479776,0.018959552
114,1047,Y,9439488,0.018878976
978,106,Y,9402456,0.018804912
312,23,Y,9375552,0.018751103999999998
99,921,Y,9372680,0.018745360000000003
913,98,Y,9369352,0.018738704
724,74,Y,9324328,0.018648656
44,487,Y,9317536,0.018635072
776,81,Y,9309216,0.018618431999999997
80,769,Y,9306928,0.018613856
111,1016,Y,9304776,0.018609552
63,633,Y,9297776,0.018595552
31,377,Y,9286912,0.018573824
122,1106,Y,9275832,0.018551664000000002
602,59,Y,9245544,0.018491088
76,741,Y,9219376,0.018438752
150,2,Y,9191288,0.018382576
1089,120,Y,9188024,0.018376048
510,47,Y,9133120,0.01826624
45,494,Y,9112128,0.018224256
606,59,Y,9076344,0.018152688
60,614,Y,9063512,0.018127024
327,24,Y,9020416,0.018040832
1034,113,Y,9001792,0.018003584
1134,125,Y,8993192,0.017986384
1071,117,Y,8984744,0.017969488
269,17,Y,8974056,0.017948112000000002
86,818,Y,8943216,0.017886432
116,1061,Y,8929576,0.017859152
607,59,Y,8925112,0.017850223999999998
346,27,Y,8899592,0.017799184
563,54,Y,8881336,0.017762672
325,24,Y,8879640,0.01775928
51,541,Y,8876504,0.017753008
987,107,Y,8872328,0.017744656
267,17,Y,8861256,0.017722512
168,5,Y,8859232,0.017718464
111,1023,Y,8854824,0.017709647999999998
127,1149,Y,8818992,0.017637984
332,25,Y,8809640,0.01761928
166,4,Y,8808128,0.017616256
477,43,Y,8790904,0.017581808
357,28,Y,8786224,0.017572448
36,421,Y,8783048,0.017566096
299,21,Y,8766928,0.017533856
98,917,Y,8761880,0.01752376
1099,121,Y,8745920,0.01749184
26,336,Y,8738984,0.017477968
946,102,Y,8735968,0.017471936
117,1070,Y,8716328,0.017432656
121,1098,Y,8669432,0.017338864
67,664,Y,8655384,0.017310768
837,88,Y,8652368,0.017304736
25,333,Y,8650424,0.017300848
73,719,Y,8639424,0.017278848
1000,109,Y,8607640,0.01721528
144,2,Y,8606104,0.017212208
184,7,Y,8603072,0.017206144
48,512,Y,8598384,0.017196768
65,652,Y,8582696,0.017165392
519,48,Y,8581928,0.017163856
105,974,Y,8568752,0.017137504
99,922,Y,8565240,0.01713048
303,21,Y,8554632,0.017109264000000002
699,71,Y,8551224,0.017102448
125,1135,Y,8543576,0.017087151999999998
85,814,Y,8510424,0.017020847999999998
761,79,Y,8510256,0.017020511999999998
15,250,Y,8504416,0.017008832
22,310,Y,8504104,0.017008208
84,800,Y,8501592,0.017003183999999998
154,3,Y,8497704,0.016995408
74,726,Y,8491408,0.016982816
40,450,Y,8484968,0.016969935999999998
1116,123,Y,8480792,0.016961584
383,31,Y,8465040,0.01693008
939,101,Y,8461016,0.016922032
102,951,Y,8458840,0.01691768
125,1133,Y,8432472,0.016864944
226,12,Y,8428520,0.01685704
288,20,Y,8425600,0.0168512
1141,126,Y,8412056,0.016824112
722,74,Y,8408160,0.01681632
103,952,Y,8396872,0.016793744
118,1075,Y,8370448,0.016740896
39,441,Y,8366104,0.016732208
7,185,Y,8337144,0.016674288
1013,110,Y,8334200,0.0166684
68,674,Y,8325808,0.016651616
719,73,Y,8319576,0.016639152
964,104,Y,8316920,0.01663384
14,240,Y,8316360,0.01663272
1055,115,Y,8288528,0.016577056
230,12,Y,8288096,0.016576192
73,714,Y,8281792,0.016563584
405,34,Y,8276744,0.016553488
393,33,Y,8270064,0.016540127999999998
7,190,Y,8249712,0.016499424
693,70,Y,8232960,0.016465920000000002
1014,110,Y,8227032,0.016454064
78,752,Y,8214904,0.016429808
82,790,Y,8205928,0.016411856
41,461,Y,8201184,0.016402368
581,56,Y,8198160,0.01639632
907,97,Y,8193744,0.016387488
31,378,Y,8183392,0.016366784
89,844,Y,8171816,0.016343632
66,663,Y,8155248,0.016310496
162,4,Y,8143512,0.016287024
136,1,Y,8142352,0.016284704
42,470,Y,8130616,0.016261232
272,18,Y,8096656,0.016193311999999998
185,7,Y,8094088,0.016188176
759,78,Y,8089752,0.016179504
119,1080,Y,8068112,0.016136224
66,659,Y,8057744,0.016115488
52,549,Y,8047712,0.016095424
119,1085,Y,8028232,0.016056464
4,167,Y,8008888,0.016017776
48,518,Y,8001312,0.016002624
103,954,Y,7997152,0.015994304
21,302,Y,7992120,0.01598424
1037,113,Y,7981976,0.015963952
796,83,Y,7977392,0.015954784
90,854,Y,7975320,0.01595064
402,34,Y,7974368,0.015948736
76,738,Y,7973560,0.01594712
70,692,Y,7950424,0.015900848000000002
641,64,Y,7947904,0.015895808
183,6,Y,7946768,0.015893536
377,31,Y,7946088,0.015892175999999997
1108,122,Y,7927736,0.015855472000000002
542,51,Y,7913320,0.01582664
546,52,Y,7881432,0.015762864
85,815,Y,7876096,0.015752191999999998
799,83,Y,7859128,0.015718256
127,1145,Y,7854784,0.015709568
64,644,Y,7850256,0.015700512
412,35,Y,7848128,0.015696256
1131,125,Y,7845624,0.015691248
35,409,Y,7831072,0.015662144
603,59,Y,7825920,0.01565184
633,63,Y,7823512,0.015647024
70,689,Y,7810384,0.015620768
76,743,Y,7808192,0.015616383999999999
86,819,Y,7795184,0.015590368
50,531,Y,7787184,0.015574368000000002
46,500,Y,7776040,0.015552080000000001
831,87,Y,7771896,0.015543792
435,38,Y,7750928,0.015501856
229,12,Y,7720088,0.015440176
64,646,Y,7719624,0.015439248000000001
921,99,Y,7716240,0.015432480000000002
3,158,Y,7677824,0.015355648000000001
127,1151,Y,7676176,0.015352352000000001
438,38,Y,7676120,0.015352240000000001
109,1002,Y,7668744,0.015337488
689,70,Y,7620224,0.015240448
749,77,Y,7604288,0.015208576
86,823,Y,7603264,0.015206527999999999
3,155,Y,7598384,0.015196768
71,698,Y,7595768,0.015191536
108,997,Y,7590864,0.015181727999999999
5,172,Y,7578696,0.015157391999999999
93,877,Y,7573208,0.015146416000000001
654,65,Y,7565888,0.015131776
1107,122,Y,7544312,0.015088624
952,103,Y,7536280,0.01507256
38,437,Y,7509816,0.015019632
64,642,Y,7500768,0.015001536000000001
122,1111,Y,7495272,0.014990544000000001
63,637,Y,7492576,0.014985152000000002
105,971,Y,7492496,0.014984992
41,456,Y,7492376,0.014984752
61,620,Y,7474392,0.014948784
1007,109,Y,7457192,0.014914384
651,65,Y,7455920,0.01491184
1112,123,Y,7451016,0.014902032
57,584,Y,7446960,0.01489392
953,103,Y,7428936,0.014857872000000001
615,60,Y,7428272,0.014856544
999,108,Y,7425944,0.014851888
9,204,Y,7424240,0.01484848
65,648,Y,7415008,0.014830016000000001
324,24,Y,7410776,0.014821552
16,261,Y,7410360,0.01482072
65,653,Y,7406216,0.014812431999999999
49,527,Y,7398168,0.014796336
178,6,Y,7383696,0.014767392
783,81,Y,7372912,0.014745824000000001
649,65,Y,7345408,0.014690815999999999
274,18,Y,7339568,0.014679136
201,9,Y,7332856,0.014665712
391,32,Y,7328680,0.014657360000000001
954,103,Y,7286512,0.014573023999999999
218,11,Y,7285720,0.01457144
123,1112,Y,7276296,0.014552592000000001
112,1031,Y,7266168,0.014532335999999998
12,230,Y,7257552,0.014515104
235,13,Y,7250000,0.0145
877,93,Y,7247640,0.014495280000000001
373,30,Y,7246384,0.014492768000000001
810,85,Y,7243288,0.014486576
789,82,Y,7240200,0.014480400000000001
122,1105,Y,7237600,0.0144752
115,1053,Y,7234624,0.014469248
23,317,Y,7233904,0.014467808
1032,113,Y,7221704,0.014443408000000001
863,91,Y,7204880,0.01440976
61,616,Y,7177392,0.014354784
380,31,Y,7175336,0.014350672
361,29,Y,7170456,0.014340912
63,639,Y,7169120,0.01433824
322,24,Y,7147720,0.01429544
83,793,Y,7142528,0.014285055999999999
617,61,Y,7130352,0.014260704
34,406,Y,7123672,0.014247344
381,31,Y,7117296,0.014234592
98,913,Y,7110552,0.014221104
90,848,Y,7100424,0.014200848
34,407,Y,7099920,0.01419984
6,182,Y,7093904,0.014187808
1106,122,Y,7091728,0.014183456
473,43,Y,7091232,0.014182463999999999
38,434,Y,7089616,0.014179232000000002
841,89,Y,7084168,0.014168336
63,635,Y,7080936,0.014161872
1010,110,Y,7073376,0.014146752
18,272,Y,7072080,0.014144160000000001
298,21,Y,7069320,0.01413864
27,349,Y,7065784,0.014131568
52,545,Y,7064248,0.014128495999999999
138,1,Y,7063168,0.014126336
3,154,Y,7061056,0.014122112000000001
851,90,Y,7049768,0.014099536000000001
635,63,Y,7049328,0.014098656
1114,123,Y,7043864,0.014087727999999999
84,802,Y,7040888,0.014081776
54,567,Y,7036624,0.014073248
290,20,Y,6995176,0.013990352
120,1095,Y,6993320,0.01398664
36,422,Y,6991264,0.013982528
469,42,Y,6989736,0.013979472
80,773,Y,6986648,0.013973296000000001
108,998,Y,6978264,0.013956528
3,153,Y,6976312,0.013952624
75,728,Y,6963096,0.013926191999999999
895,95,Y,6951232,0.013902464
1033,113,Y,6938032,0.013876064
59,606,Y,6937816,0.013875631999999999
4,160,Y,6930456,0.013860912
1128,125,Y,6925304,0.013850608
116,1060,Y,6920808,0.013841616
490,45,Y,6913704,0.013827408000000001
26,341,Y,6907536,0.013815072
85,809,Y,6901744,0.013803488
89,842,Y,6892184,0.013784368000000002
341,26,Y,6887320,0.013774640000000001
914,98,Y,6883080,0.013766160000000001
814,85,Y,6882472,0.013764944
860,91,Y,6881256,0.013762512000000001
123,1115,Y,6874832,0.013749663999999998
100,929,Y,6870344,0.013740688
163,4,Y,6864120,0.01372824
72,704,Y,6863792,0.013727584
38,439,Y,6859160,0.013718319999999999
659,66,Y,6854728,0.013709456
68,679,Y,6854680,0.01370936
77,744,Y,6850496,0.013700992000000002
74,725,Y,6844312,0.013688624
58,596,Y,6830640,0.013661279999999998
16,258,Y,6826512,0.013653024000000001
638,63,Y,6816248,0.013632496
599,58,Y,6804624,0.013609248
516,48,Y,6804608,0.013609216
6,179,Y,6792304,0.013584608
127,1147,Y,6786816,0.013573632
741,76,Y,6786176,0.013572352000000001
672,68,Y,6785528,0.013571056
918,98,Y,6783056,0.013566112000000002
610,60,Y,6781792,0.013563584
389,32,Y,6780400,0.013560800000000001
56,578,Y,6771984,0.013543968
513,48,Y,6769256,0.013538512
101,939,Y,6743584,0.013487167999999999
544,52,Y,6739464,0.013478928000000001
40,454,Y,6729520,0.01345904
82,784,Y,6727376,0.013454752
784,82,Y,6725192,0.013450384
33,393,Y,6723920,0.013447839999999999
32,390,Y,6717888,0.013435775999999998
93,873,Y,6710200,0.013420399999999999
36,423,Y,6706984,0.013413967999999998
132,0,Y,6705392,0.013410784000000002
93,879,Y,6702216,0.013404431999999999
1119,123,Y,6696392,0.013392784
1068,117,Y,6684480,0.013368960000000001
1,139,Y,6669240,0.013338480000000002
18,279,Y,6664344,0.013328687999999998
18,277,Y,6656232,0.013312464
103,956,Y,6655008,0.013310016
564,54,Y,6651808,0.013303615999999999
257,16,Y,6647600,0.013295200000000002
891,95,Y,6641528,0.013283056
248,15,Y,6641024,0.013282048
398,33,Y,6637912,0.013275824
982,106,Y,6634552,0.013269104
56,583,Y,6633696,0.013267392
270,17,Y,6632168,0.013264336
115,1050,Y,6625448,0.013250896
98,919,Y,6625264,0.013250528000000001
74,721,Y,6624768,0.013249536
497,46,Y,6622208,0.013244415999999998
366,29,Y,6613608,0.013227216
415,35,Y,6609936,0.013219872
123,1119,Y,6597784,0.013195568
105,968,Y,6587800,0.013175599999999999
181,6,Y,6587160,0.01317432
834,88,Y,6576296,0.013152592
21,298,Y,6574568,0.013149135999999999
254,15,Y,6572256,0.013144512
642,64,Y,6562600,0.0131252
104,966,Y,6560096,0.013120192
709,72,Y,6554008,0.013108016
111,1017,Y,6552512,0.013105024
742,76,Y,6552040,0.013104079999999999
83,799,Y,6548096,0.013096192000000001
643,64,Y,6546440,0.01309288
707,72,Y,6544192,0.013088384
42,464,Y,6542736,0.013085471999999999
112,1026,Y,6541600,0.0130832
460,41,Y,6541472,0.013082944
543,51,Y,6516240,0.013032479999999999
488,45,Y,6516040,0.013032079999999998
853,90,Y,6512312,0.013024624
224,12,Y,6507064,0.013014128
16,260,Y,6506960,0.01301392
195,8,Y,6505224,0.013010448
114,1044,Y,6503048,0.013006096
993,108,Y,6500768,0.013001536000000001
113,1038,Y,6500488,0.013000976
1004,109,Y,6494296,0.012988592
822,86,Y,6490904,0.012981808000000001
120,1091,Y,6487968,0.012975935999999999
992,108,Y,6486304,0.012972607999999998
43,477,Y,6481128,0.012962256000000002
2,150,Y,6475776,0.012951552
5,173,Y,6468888,0.012937776
1069,117,Y,6450648,0.012901296
1150,127,Y,6436912,0.012873824
4,166,Y,6435536,0.012871072
406,34,Y,6434008,0.012868016000000001
35,412,Y,6431864,0.012863727999999998
60,608,Y,6424992,0.012849984
9,200,Y,6421808,0.012843616000000002
980,106,Y,6420816,0.012841632
199,8,Y,6405856,0.012811712
911,97,Y,6402384,0.012804768
529,50,Y,6389360,0.012778719999999999
414,35,Y,6389184,0.012778368000000002
33,396,Y,6387560,0.01277512
51,537,Y,6385376,0.012770752
1130,125,Y,6382896,0.012765792
974,105,Y,6379744,0.012759488000000001
933,100,Y,6374016,0.012748032
51,539,Y,6371448,0.012742896
807,84,Y,6362920,0.012725839999999999
695,70,Y,6357000,0.012714000000000001
861,91,Y,6353384,0.012706767999999998
20,290,Y,6344720,0.012689440000000001
458,41,Y,6343648,0.012687296
932,100,Y,6340936,0.012681872
442,39,Y,6327696,0.012655392
49,523,Y,6321480,0.01264296
819,86,Y,6318128,0.012636255999999998
9,201,Y,6309032,0.012618064
33,398,Y,6306992,0.012613984
29,367,Y,6306384,0.012612767999999998
0,133,Y,6304528,0.012609055999999999
113,1033,Y,6303448,0.012606896
118,1073,Y,6299424,0.012598848000000001
797,83,Y,6298520,0.012597039999999999
769,80,Y,6293352,0.012586703999999999
155,3,Y,6287288,0.012574575999999999
50,534,Y,6280552,0.012561104
33,395,Y,6260024,0.012520047999999999
120,1088,Y,6255664,0.012511328000000002
351,27,Y,6250328,0.012500656
247,14,Y,6250104,0.012500208
10,213,Y,6246096,0.012492192
1054,115,Y,6245280,0.012490560000000001
1125,124,Y,6241456,0.012482912
22,306,Y,6240968,0.012481935999999999
945,102,Y,6236712,0.012473424
1011,110,Y,6224120,0.012448240000000001
34,402,Y,6212544,0.012425087999999999
17,264,Y,6210480,0.01242096
1036,113,Y,6210048,0.012420096
286,19,Y,6206160,0.012412320000000001
1059,116,Y,6197592,0.012395184
58,593,Y,6191664,0.012383327999999999
984,107,Y,6189328,0.012378656000000002
39,440,Y,6188416,0.012376832
499,46,Y,6186744,0.012373488
102,947,Y,6186464,0.012372928000000002
587,57,Y,6186360,0.01237272
386,32,Y,6178240,0.01235648
411,35,Y,6176768,0.012353536
938,101,Y,6164064,0.012328128
370,30,Y,6160888,0.012321776000000001
429,37,Y,6157824,0.012315648
17,265,Y,6145240,0.01229048
505,47,Y,6142168,0.012284336
355,28,Y,6140768,0.012281536
217,11,Y,6138856,0.012277712
213,10,Y,6135816,0.012271632000000001
671,67,Y,6120672,0.012241344000000001
795,83,Y,6119696,0.012239392
124,1122,Y,6110112,0.012220224000000002
798,83,Y,6109648,0.012219296000000001
726,74,Y,6100192,0.012200384
88,839,Y,6083624,0.012167248
64,640,Y,6081512,0.012163024
973,105,Y,6076536,0.012153072000000001
716,73,Y,6075448,0.012150896
754,78,Y,6071600,0.0121432
631,62,Y,6064808,0.012129616
757,78,Y,6063392,0.012126784
2,145,Y,6062072,0.012124144
750,77,Y,6059952,0.012119904
242,14,Y,6059120,0.012118239999999999
71,700,Y,6057424,0.012114848000000001
103,953,Y,6053136,0.012106272
1067,117,Y,6052520,0.012105040000000001
263,16,Y,6045984,0.012091968
22,305,Y,6042056,0.012084112
744,77,Y,6042008,0.012084016
42,471,Y,6034320,0.01206864
713,73,Y,6021656,0.012043312
120,1090,Y,6007168,0.012014336
64,643,Y,6001376,0.012002752
119,1084,Y,5995288,0.011990576
538,51,Y,5989000,0.011977999999999999
475,43,Y,5987808,0.011975616
481,44,Y,5986264,0.011972528
118,1078,Y,5979912,0.011959824
1009,110,Y,5974416,0.011948832
55,572,Y,5971872,0.011943744000000001
55,571,Y,5965856,0.011931712
76,742,Y,5961968,0.011923936
158,3,Y,5953256,0.011906512
2,147,Y,5937184,0.011874368
256,16,Y,5934192,0.011868384000000001
319,23,Y,5932680,0.01186536
71,703,Y,5930144,0.011860288
917,98,Y,5929960,0.01185992
0,134,Y,5929744,0.011859488
130,0,Y,5925512,0.011851024
11,222,Y,5918360,0.01183672
572,55,Y,5916264,0.011832528
71,697,Y,5913896,0.011827792
24,320,Y,5912696,0.011825392
1020,111,Y,5909944,0.011819888
80,775,Y,5905576,0.011811152
60,615,Y,5894928,0.011789856
80,770,Y,5889744,0.011779488
94,881,Y,5885672,0.011771344000000001
72,707,Y,5877520,0.01175504
35,414,Y,5877152,0.011754304
21,303,Y,5871368,0.011742736
580,56,Y,5870584,0.011741168
780,81,Y,5867408,0.011734816
440,39,Y,5862768,0.011725536
927,99,Y,5858408,0.011716816
110,1012,Y,5855128,0.011710256
84,803,Y,5852680,0.01170536
44,485,Y,5850312,0.011700624
68,676,Y,5844416,0.011688832
58,597,Y,5842264,0.011684528
74,723,Y,5829768,0.011659536
561,54,Y,5827760,0.011655519999999999
727,74,Y,5825136,0.011650272
330,25,Y,5821960,0.01164392
107,991,Y,5819336,0.011638672000000001
428,37,Y,5800944,0.011601888
76,736,Y,5799128,0.011598256
31,382,Y,5783480,0.01156696
745,77,Y,5783080,0.01156616
180,6,Y,5774976,0.011549951999999999
91,863,Y,5772432,0.011544864
187,7,Y,5760672,0.011521344
227,12,Y,5760456,0.011520912
670,67,Y,5756368,0.011512735999999999
120,1089,Y,5753056,0.011506111999999999
611,60,Y,5752776,0.011505552
755,78,Y,5747104,0.011494208
50,530,Y,5741072,0.011482144
472,43,Y,5730512,0.011461024
888,95,Y,5725672,0.011451344
34,405,Y,5722552,0.011445104
609,60,Y,5722128,0.011444256
94,886,Y,5720896,0.011441792
110,1015,Y,5716360,0.01143272
40,453,Y,5706184,0.011412367999999999
812,85,Y,5703448,0.011406896
241,14,Y,5701136,0.011402272
27,350,Y,5701048,0.011402095999999999
2,148,Y,5699952,0.011399903999999999
813,85,Y,5698120,0.01139624
697,71,Y,5693600,0.0113872
63,632,Y,5693512,0.011387023999999999
28,352,Y,5686856,0.011373712
967,104,Y,5686304,0.011372608
766,79,Y,5686296,0.011372591999999999
555,53,Y,5685936,0.011371872
97,907,Y,5685336,0.011370672
0,128,Y,5684664,0.011369328
103,958,Y,5674248,0.011348496
7,186,Y,5671144,0.011342288
279,18,Y,5670072,0.011340144
103,959,Y,5667216,0.011334432
30,375,Y,5661728,0.011323456
212,10,Y,5653784,0.011307568
989,107,Y,5641248,0.011282496
122,1108,Y,5640352,0.011280703999999999
652,65,Y,5638328,0.011276656
963,104,Y,5637488,0.011274976
960,104,Y,5636656,0.011273312
25,329,Y,5627928,0.011255856
774,80,Y,5624608,0.011249216000000001
1052,115,Y,5619944,0.011239888
948,102,Y,5612296,0.011224592
46,498,Y,5606720,0.01121344
42,469,Y,5603720,0.011207439999999999
857,91,Y,5603368,0.011206736
66,658,Y,5603072,0.011206144
691,70,Y,5597768,0.011195536
67,668,Y,5596704,0.011193408
972,105,Y,5593224,0.011186448
164,4,Y,5592168,0.011184336
169,5,Y,5589488,0.011178976
66,661,Y,5587504,0.011175008
73,718,Y,5582112,0.011164224
79,765,Y,5574464,0.011148927999999999
305,22,Y,5573960,0.011147919999999999
55,570,Y,5573336,0.011146672
112,1025,Y,5570464,0.011140928
3,159,Y,5569248,0.011138496
77,748,Y,5567104,0.011134208
12,227,Y,5564344,0.011128688
838,88,Y,5550584,0.011101168
219,11,Y,5544496,0.011088992
140,1,Y,5543184,0.011086368000000001
1143,126,Y,5529448,0.011058896
768,80,Y,5529200,0.0110584
14,242,Y,5525336,0.011050672
116,1057,Y,5515168,0.011030336
85,812,Y,5513312,0.011026623999999999
101,936,Y,5511712,0.011023424
401,34,Y,5503696,0.011007392
36,420,Y,5503208,0.011006416000000002
59,600,Y,5497440,0.01099488
677,68,Y,5495784,0.010991568
1123,124,Y,5489808,0.010979616
637,63,Y,5487984,0.010975968
436,38,Y,5482768,0.010965536
88,832,Y,5474312,0.010948624
108,995,Y,5473560,0.01094712
202,9,Y,5471264,0.010942528
232,13,Y,5470736,0.010941472
91,858,Y,5470368,0.010940736
597,58,Y,5464272,0.010928544
57,591,Y,5462400,0.0109248
1048,115,Y,5457944,0.010915887999999999
4,162,Y,5452280,0.01090456
123,1114,Y,5449176,0.010898352
852,90,Y,5446440,0.01089288
926,99,Y,5446192,0.010892384
91,860,Y,5444176,0.010888352
112,1029,Y,5441560,0.01088312
78,757,Y,5441072,0.010882144
273,18,Y,5433288,0.010866576000000001
55,573,Y,5429544,0.010859088
306,22,Y,5429320,0.01085864
109,1005,Y,5426776,0.010853552
523,49,Y,5420648,0.010841296
721,74,Y,5418792,0.010837583999999999
639,63,Y,5418056,0.010836112
74,724,Y,5416328,0.010832656000000001
13,238,Y,5410800,0.010821599999999999
49,525,Y,5407768,0.010815535999999999
70,691,Y,5400408,0.010800816
502,46,Y,5399688,0.010799376000000001
145,2,Y,5399272,0.010798544
119,1082,Y,5398232,0.010796464
246,14,Y,5397320,0.01079464
413,35,Y,5397128,0.010794256
44,480,Y,5394336,0.010788672
126,1138,Y,5387072,0.010774144
82,791,Y,5386864,0.010773728
255,15,Y,5383768,0.010767536
95,893,Y,5383536,0.010767072
552,53,Y,5383200,0.0107664
427,37,Y,5379480,0.01075896
23,316,Y,5370152,0.010740304
96,902,Y,5367424,0.010734848
110,1009,Y,5364528,0.010729055999999999
107,986,Y,5364520,0.01072904
88,833,Y,5359600,0.0107192
1097,121,Y,5353408,0.010706816
1031,112,Y,5352728,0.010705455999999999
116,1063,Y,5349976,0.010699952
684,69,Y,5346016,0.010692031999999999
4,165,Y,5342432,0.010684863999999999
192,8,Y,5342024,0.010684048000000002
69,681,Y,5339600,0.0106792
616,61,Y,5338536,0.010677072000000001
107,990,Y,5336936,0.010673872000000001
397,33,Y,5331088,0.010662175999999999
1121,124,Y,5328736,0.010657472
122,1104,Y,5324112,0.010648224000000001
120,1094,Y,5314632,0.010629264
765,79,Y,5313720,0.01062744
27,344,Y,5308080,0.01061616
21,296,Y,5307384,0.010614768
446,39,Y,5307000,0.010614
61,623,Y,5306016,0.010612032
1058,116,Y,5290808,0.010581616
1027,112,Y,5290192,0.010580384
93,872,Y,5286504,0.010573008
657,66,Y,5286272,0.010572544
951,102,Y,5285704,0.010571408000000001
772,80,Y,5277568,0.010555136
675,68,Y,5276392,0.010552783999999999
1025,112,Y,5275856,0.010551712
648,65,Y,5274816,0.010549632
32,388,Y,5267720,0.01053544
848,90,Y,5260160,0.01052032
585,57,Y,5255864,0.010511728
711,72,Y,5250912,0.010501824
584,57,Y,5249744,0.010499488
1015,110,Y,5248416,0.010496832
530,50,Y,5244240,0.01048848
96,899,Y,5236032,0.010472064
67,670,Y,5235344,0.010470688
902,96,Y,5234672,0.010469344
760,79,Y,5233488,0.010466976
408,35,Y,5228488,0.010456976
179,6,Y,5222656,0.010445312
101,940,Y,5221264,0.010442528
94,883,Y,5220480,0.010440959999999999
105,975,Y,5219160,0.01043832
24,324,Y,5214952,0.010429904
358,28,Y,5203536,0.010407072
102,948,Y,5199056,0.010398112
463,41,Y,5189784,0.010379568
347,27,Y,5188096,0.010376192
29,362,Y,5183896,0.010367792
121,1099,Y,5182192,0.010364384
344,27,Y,5180432,0.010360864000000001
28,355,Y,5179136,0.010358272
630,62,Y,5177480,0.01035496
656,66,Y,5172256,0.010344512
87,828,Y,5164776,0.010329552
125,1129,Y,5156952,0.010313904
1146,127,Y,5154424,0.010308848
165,4,Y,5149408,0.010298815999999999
658,66,Y,5147480,0.010294959999999999
46,499,Y,5140232,0.010280464
771,80,Y,5139632,0.010279264
632,63,Y,5137728,0.010275456
343,26,Y,5137680,0.010275359999999999
121,1096,Y,5128504,0.010257008
833,88,Y,5127968,0.010255936
701,71,Y,5127456,0.010254912
32,384,Y,5127080,0.01025416
919,98,Y,5122448,0.010244896
75,729,Y,5121408,0.010242816
12,226,Y,5116824,0.010233648
72,710,Y,5116760,0.01023352
487,44,Y,5116232,0.010232464
112,1028,Y,5111480,0.01022296
37,429,Y,5098400,0.010196799999999999
896,96,Y,5097880,0.01019576
113,1032,Y,5097152,0.010194304
569,55,Y,5094512,0.010189024000000001
51,543,Y,5093680,0.010187360000000001
51,536,Y,5088400,0.0101768
108,999,Y,5087944,0.010175888000000001
829,87,Y,5087328,0.010174655999999999
1,137,Y,5082728,0.010165456
45,489,Y,5078200,0.010156400000000001
590,57,Y,5070736,0.010141472
124,1120,Y,5069184,0.010138368
83,792,Y,5064544,0.010129088
126,1139,Y,5063448,0.010126896
43,472,Y,5062432,0.010124863999999999
371,30,Y,5062288,0.010124576
206,9,Y,5060776,0.010121551999999999
491,45,Y,5056664,0.010113328
333,25,Y,5056304,0.010112608
729,75,Y,5049392,0.010098784000000001
604,59,Y,5048472,0.010096944
106,976,Y,5044128,0.010088256
19,285,Y,5042720,0.01008544
1066,117,Y,5041416,0.010082832
96,896,Y,5031576,0.010063152
125,1134,Y,5028952,0.010057904
105,973,Y,5022072,0.010044144
577,56,Y,5020528,0.010041056
955,103,Y,5018552,0.010037104
1,138,Y,5015032,0.010030064
296,21,Y,5014904,0.010029808
1110,122,Y,5013576,0.010027152
37,425,Y,5010816,0.010021631999999999
876,93,Y,5007288,0.010014575999999999
111,1018,Y,5000408,0.010000816000000001
9,203,Y,4998672,0.009997344
93,874,Y,4995008,0.009990016000000001
669,67,Y,4990720,0.009981440000000001
300,21,Y,4990448,0.009980896
805,84,Y,4985640,0.009971279999999999
1113,123,Y,4983728,0.009967456000000001
6,176,Y,4976800,0.0099536
117,1066,Y,4974576,0.009949152
554,53,Y,4973632,0.009947264
41,457,Y,4970080,0.00994016
60,609,Y,4966344,0.009932688
48,517,Y,4965192,0.009930384
29,360,Y,4962784,0.009925568000000001
501,46,Y,4962592,0.009925184
480,44,Y,4960352,0.009920704
161,4,Y,4960120,0.00992024
105,969,Y,4957928,0.009915856
48,514,Y,4955648,0.009911296
119,1087,Y,4946472,0.009892944
594,58,Y,4945816,0.009891632
56,577,Y,4935496,0.009870992
8,193,Y,4932184,0.009864368
1073,118,Y,4931552,0.009863104
297,21,Y,4930792,0.009861584
1063,116,Y,4929456,0.009858912
92,864,Y,4926136,0.009852272
591,57,Y,4924472,0.009848944
528,50,Y,4919864,0.009839728
86,816,Y,4917632,0.009835264
64,647,Y,4916696,0.009833392
731,75,Y,4910200,0.0098204
104,960,Y,4907864,0.009815728
23,313,Y,4907344,0.009814688
931,100,Y,4901648,0.009803296
836,88,Y,4901160,0.00980232
57,585,Y,4896240,0.00979248
24,322,Y,4895552,0.009791104
100,933,Y,4894688,0.009789376
114,1045,Y,4894328,0.009788656
31,383,Y,4893768,0.009787536000000001
459,41,Y,4891936,0.009783872
793,83,Y,4888376,0.009776752
13,233,Y,4884048,0.009768096
68,675,Y,4881576,0.009763151999999999
526,49,Y,4878184,0.009756368
51,542,Y,4876216,0.009752432
508,47,Y,4875808,0.009751616000000001
65,655,Y,4875088,0.009750176
456,41,Y,4874616,0.009749232
690,70,Y,4864376,0.009728752
89,847,Y,4860168,0.009720336
243,14,Y,4853816,0.009707632
4,163,Y,4852056,0.009704112
231,12,Y,4851440,0.009702879999999999
56,581,Y,4846248,0.009692496
338,26,Y,4843960,0.009687920000000001
54,565,Y,4839904,0.009679808
253,15,Y,4839200,0.0096784
27,346,Y,4838064,0.009676127999999999
95,889,Y,4837888,0.009675775999999999
106,979,Y,4836104,0.009672208
276,18,Y,4832552,0.009665103999999999
22,311,Y,4830280,0.00966056
1074,118,Y,4825536,0.009651072
16,257,Y,4824968,0.009649936
88,838,Y,4824624,0.009649248000000001
89,846,Y,4822352,0.009644704
30,373,Y,4817272,0.009634544
547,52,Y,4810064,0.009620128
121,1101,Y,4809368,0.009618736000000001
673,68,Y,4808344,0.009616688
1022,111,Y,4807152,0.009614303999999999
91,857,Y,4804280,0.00960856
304,22,Y,4802816,0.009605632
53,558,Y,4799192,0.009598384
525,49,Y,4796168,0.009592336
614,60,Y,4792696,0.009585392
758,78,Y,4792576,0.009585152
170,5,Y,4783648,0.009567296
44,481,Y,4780400,0.0095608
337,26,Y,4769176,0.009538352
12,224,Y,4761016,0.009522032
99,924,Y,4761008,0.009522016
60,613,Y,4760728,0.009521456
127,1144,Y,4758584,0.009517168
23,318,Y,4757528,0.009515056
81,779,Y,4756632,0.009513264
824,87,Y,4756184,0.009512368
29,363,Y,4748600,0.009497199999999999
775,80,Y,4746160,0.00949232
117,1067,Y,4746144,0.009492288
75,734,Y,4746032,0.009492064
268,17,Y,4742392,0.009484784
120,1093,Y,4741312,0.009482624
191,7,Y,4737840,0.00947568
260,16,Y,4729664,0.009459328
62,628,Y,4729368,0.009458736
275,18,Y,4725408,0.009450815999999999
313,23,Y,4720232,0.009440464
93,875,Y,4717672,0.009435344
46,497,Y,4712624,0.009425248
98,912,Y,4711552,0.009423104
35,413,Y,4711272,0.009422544
109,1006,Y,4708424,0.009416848
98,915,Y,4707480,0.00941496
390,32,Y,4702688,0.009405376
574,55,Y,4702064,0.009404128
103,957,Y,4701392,0.009402784
106,982,Y,4701144,0.009402288
1135,125,Y,4700904,0.009401808
88,834,Y,4700440,0.00940088
99,926,Y,4699728,0.009399455999999999
507,47,Y,4698520,0.009397039999999999
108,994,Y,4697504,0.009395008
842,89,Y,4693232,0.009386464
11,218,Y,4691864,0.009383728
24,326,Y,4691840,0.00938368
1041,114,Y,4687936,0.009375872
988,107,Y,4684408,0.009368816
509,47,Y,4679816,0.009359632
1,136,Y,4679784,0.009359567999999999
104,965,Y,4679600,0.0093592
67,669,Y,4674440,0.00934888
37,427,Y,4672016,0.009344031999999999
81,778,Y,4671992,0.009343984
1080,119,Y,4670224,0.009340448
683,69,Y,4670048,0.009340096
404,34,Y,4667288,0.009334575999999999
316,23,Y,4666832,0.009333664
364,29,Y,4664584,0.009329168
668,67,Y,4661880,0.00932376
1056,116,Y,4661600,0.0093232
61,622,Y,4661056,0.009322112
864,92,Y,4659936,0.009319872
665,67,Y,4657296,0.009314592
751,77,Y,4651856,0.009303712
142,1,Y,4646144,0.009292288
26,339,Y,4643960,0.00928792
75,732,Y,4641944,0.009283888
855,90,Y,4641176,0.009282352
53,555,Y,4637392,0.009274784
374,30,Y,4636824,0.009273647999999999
43,474,Y,4635360,0.009270720000000001
46,501,Y,4633344,0.009266688
1,141,Y,4632568,0.009265136
752,78,Y,4629056,0.009258111999999999
236,13,Y,4628408,0.009256816
549,52,Y,4623856,0.009247712
17,268,Y,4622032,0.009244064000000001
108,992,Y,4620232,0.009240464
70,688,Y,4609208,0.009218416
940,101,Y,4604624,0.009209248
97,911,Y,4601600,0.0092032
378,31,Y,4594648,0.009189296000000001
703,71,Y,4594624,0.009189248
936,101,Y,4593928,0.009187856
41,462,Y,4591856,0.009183712
99,925,Y,4588552,0.009177104
1017,111,Y,4585704,0.009171408
740,76,Y,4584928,0.009169856
105,970,Y,4575352,0.009150704
830,87,Y,4572200,0.0091444
595,58,Y,4568152,0.009136304
23,312,Y,4559280,0.00911856
884,94,Y,4544808,0.009089616
95,891,Y,4544216,0.009088432
97,909,Y,4543008,0.009086016
482,44,Y,4539992,0.009079984
915,98,Y,4537432,0.009074864
94,880,Y,4533136,0.009066272
8,196,Y,4532520,0.00906504
356,28,Y,4532136,0.009064272
101,942,Y,4532048,0.009064096
35,415,Y,4530608,0.009061216
19,287,Y,4525992,0.009051983999999999
42,465,Y,4522224,0.009044448
887,94,Y,4520776,0.009041552
748,77,Y,4512800,0.0090256
339,26,Y,4512600,0.0090252
86,820,Y,4509048,0.009018096000000001
79,766,Y,4508944,0.009017888
102,950,Y,4504272,0.009008544
849,90,Y,4496872,0.008993744000000001
102,944,Y,4495400,0.0089908
39,447,Y,4487136,0.008974272
56,582,Y,4485344,0.008970688000000001
1046,114,Y,4483920,0.008967840000000001
216,11,Y,4480696,0.008961391999999999
95,890,Y,4480456,0.008960912
27,345,Y,4479368,0.008958736
31,380,Y,4479160,0.00895832
646,64,Y,4477736,0.008955472
493,45,Y,4469120,0.00893824
59,602,Y,4468112,0.008936224000000001
113,1036,Y,4464784,0.008929568
537,51,Y,4462864,0.008925727999999999
85,811,Y,4461680,0.00892336
204,9,Y,4458488,0.008916976
6,183,Y,4457264,0.008914528
329,25,Y,4454776,0.008909552
96,897,Y,4454280,0.008908560000000001
85,808,Y,4454192,0.008908384
662,66,Y,4451664,0.008903328
72,708,Y,4449488,0.008898976
123,1116,Y,4445992,0.008891984
47,507,Y,4442872,0.008885744
46,496,Y,4442848,0.008885696
485,44,Y,4437936,0.008875872
291,20,Y,4431432,0.008862864
73,713,Y,4429968,0.008859935999999999
379,31,Y,4429304,0.008858608
694,70,Y,4426176,0.008852352
1064,117,Y,4423392,0.008846784
93,876,Y,4416216,0.008832432
141,1,Y,4409928,0.008819856
93,878,Y,4403104,0.008806208000000001
287,19,Y,4399200,0.0087984
172,5,Y,4395888,0.008791776000000001
208,10,Y,4392952,0.008785904
923,99,Y,4386136,0.008772272
47,509,Y,4382008,0.008764016000000001
556,53,Y,4381824,0.008763648
89,845,Y,4377992,0.008755984
644,64,Y,4377592,0.008755184
579,56,Y,4375576,0.008751152
70,690,Y,4374496,0.008748992
634,63,Y,4369864,0.008739728
82,789,Y,4368272,0.008736544
21,297,Y,4367112,0.008734223999999999
87,830,Y,4360664,0.008721328
17,266,Y,4360288,0.008720576
81,780,Y,4351320,0.008702640000000001
557,53,Y,4347632,0.008695264
124,1126,Y,4347464,0.008694928000000001
503,46,Y,4347456,0.008694912
419,36,Y,4345560,0.00869112
328,25,Y,4339640,0.00867928
4,161,Y,4334400,0.008668799999999999
334,25,Y,4329432,0.008658863999999999
18,274,Y,4328856,0.008657712
767,79,Y,4324344,0.008648688
100,931,Y,4323136,0.008646272
323,24,Y,4322528,0.008645056
95,892,Y,4316728,0.008633456
869,92,Y,4315800,0.0086316
901,96,Y,4312504,0.008625008
418,36,Y,4309728,0.008619456
1081,119,Y,4306600,0.0086132
734,75,Y,4306552,0.008613104
96,898,Y,4298520,0.00859704
661,66,Y,4296040,0.00859208
69,686,Y,4293008,0.008586016
221,11,Y,4290200,0.0085804
69,680,Y,4288232,0.008576464
115,1051,Y,4288192,0.008576384000000001
78,759,Y,4284072,0.008568144
712,73,Y,4277552,0.008555104
101,938,Y,4277256,0.008554512
80,768,Y,4275584,0.008551168
1145,127,Y,4274704,0.008549408
48,513,Y,4273976,0.008547952
69,685,Y,4269792,0.008539584
301,21,Y,4269200,0.0085384
1095,120,Y,4267368,0.008534736000000001
350,27,Y,4266536,0.008533072
60,610,Y,4262800,0.0085256
104,961,Y,4256456,0.008512912
49,522,Y,4253600,0.0085072
39,444,Y,4239824,0.008479648
88,836,Y,4236528,0.008473056
225,12,Y,4234856,0.008469712
1085,119,Y,4221960,0.008443919999999999
109,1001,Y,4221016,0.008442032
468,42,Y,4219080,0.00843816
22,307,Y,4219000,0.008438000000000001
114,1043,Y,4215000,0.00843
108,996,Y,4213192,0.008426383999999999
28,358,Y,4212040,0.008424079999999999
522,49,Y,4211768,0.008423535999999999
37,428,Y,4211464,0.008422928
45,490,Y,4210000,0.00842
1062,116,Y,4209336,0.008418672
198,8,Y,4207576,0.008415152
899,96,Y,4207232,0.008414464
58,594,Y,4204632,0.008409264
124,1127,Y,4203624,0.008407247999999999
102,945,Y,4202856,0.008405712000000001
929,100,Y,4199696,0.008399392
30,372,Y,4198528,0.008397056
801,84,Y,4195320,0.00839064
120,1092,Y,4191136,0.008382272
15,252,Y,4190768,0.008381536
959,103,Y,4189216,0.008378432
59,605,Y,4188448,0.008376896
517,48,Y,4187152,0.008374304
277,18,Y,4186560,0.00837312
624,62,Y,4186072,0.008372144
942,101,Y,4180544,0.008361088000000001
134,0,Y,4179056,0.008358112000000001
681,69,Y,4175952,0.008351904
59,607,Y,4175440,0.00835088
1117,123,Y,4171752,0.008343504
582,56,Y,4170800,0.008341600000000001
1047,114,Y,4168640,0.00833728
15,255,Y,4167928,0.008335855999999999
821,86,Y,4164632,0.008329264000000001
45,495,Y,4163480,0.008326960000000001
608,60,Y,4160080,0.00832016
1082,119,Y,4158056,0.008316111999999999
943,101,Y,4156472,0.008312944
5,175,Y,4153072,0.008306144
113,1037,Y,4149208,0.008298416
30,368,Y,4148296,0.008296592
1090,120,Y,4146880,0.008293759999999999
63,638,Y,4143584,0.008287168
239,13,Y,4142568,0.008285136
961,104,Y,4140232,0.008280464000000001
1086,119,Y,4139072,0.008278144
965,104,Y,4138128,0.008276256000000001
0,130,Y,4129296,0.008258592
576,56,Y,4129048,0.008258096
541,51,Y,4122912,0.008245824
1049,115,Y,4119304,0.008238608
28,354,Y,4119256,0.008238512
883,94,Y,4117344,0.008234687999999999
1129,125,Y,4113072,0.008226144
55,568,Y,4108664,0.008217328
1028,112,Y,4108320,0.00821664
26,340,Y,4108224,0.008216448
98,918,Y,4099464,0.008198928
511,47,Y,4095256,0.008190512
898,96,Y,4093104,0.008186208
118,1072,Y,4092832,0.008185664
588,57,Y,4092520,0.00818504
153,3,Y,4089072,0.008178144
14,243,Y,4087832,0.008175664
251,15,Y,4086680,0.00817336
990,107,Y,4085496,0.008170992
139,1,Y,4084600,0.0081692
396,33,Y,4082344,0.008164688
956,103,Y,4076736,0.008153472
148,2,Y,4074472,0.008148944
101,941,Y,4065472,0.008130944
146,2,Y,4065112,0.008130224
583,56,Y,4064568,0.008129136
81,783,Y,4062688,0.008125376
80,774,Y,4062624,0.008125248
56,576,Y,4062512,0.008125024
49,526,Y,4059032,0.008118064
66,660,Y,4057576,0.008115152
34,401,Y,4057392,0.008114784
25,334,Y,4055472,0.008110944
500,46,Y,4055176,0.008110352
23,314,Y,4051848,0.008103696
62,624,Y,4050456,0.008100912
26,342,Y,4046440,0.00809288
106,983,Y,4045584,0.008091168000000001
399,33,Y,4044720,0.00808944
90,850,Y,4044536,0.008089072000000001
112,1030,Y,4036656,0.008073312
20,293,Y,4035904,0.008071808
25,332,Y,4030832,0.008061664000000001
83,798,Y,4030224,0.008060448
1008,110,Y,4029152,0.008058304
29,365,Y,4028864,0.008057728
107,989,Y,4022368,0.008044736
125,1131,Y,4022368,0.008044736
1040,114,Y,4019464,0.008038927999999999
19,283,Y,4013208,0.008026416
15,253,Y,4012688,0.008025376
107,984,Y,4010944,0.008021888
686,69,Y,4006288,0.008012575999999999
19,286,Y,4004928,0.008009856000000001
83,796,Y,4001416,0.008002832
900,96,Y,3999056,0.007998112
368,30,Y,3997648,0.007995295999999999
558,53,Y,3997432,0.007994864
71,696,Y,3996296,0.007992592
700,71,Y,3995080,0.00799016
782,81,Y,3991512,0.007983024
866,92,Y,3989584,0.007979168
193,8,Y,3982440,0.007964879999999999
43,476,Y,3977312,0.007954624
0,135,Y,3976536,0.007953072
619,61,Y,3971664,0.007943328
73,712,Y,3966936,0.007933872
220,11,Y,3952928,0.007905856
70,695,Y,3951136,0.007902272
407,34,Y,3946936,0.007893872
85,810,Y,3942848,0.007885696000000001
121,1103,Y,3940456,0.007880912
44,486,Y,3937472,0.007874944
778,81,Y,3936920,0.00787384
514,48,Y,3933888,0.007867776
650,65,Y,3932616,0.007865232
986,107,Y,3932512,0.007865024
74,720,Y,3928920,0.007857840000000001
628,62,Y,3928808,0.007857616
885,94,Y,3925936,0.007851872000000001
710,72,Y,3924576,0.007849152
83,795,Y,3921304,0.007842608000000001
1079,118,Y,3918912,0.007837824
207,9,Y,3914680,0.00782936
42,466,Y,3910160,0.00782032
143,1,Y,3904440,0.007808880000000001
80,772,Y,3903880,0.00780776
788,82,Y,3895144,0.007790287999999999
15,251,Y,3890448,0.007780896
69,682,Y,3890376,0.007780752
1045,114,Y,3882920,0.0077658399999999995
826,87,Y,3880016,0.007760032
59,601,Y,3879960,0.00775992
566,54,Y,3875712,0.007751423999999999
882,94,Y,3875664,0.007751327999999999
8,199,Y,3874960,0.0077499199999999996
116,1062,Y,3872456,0.0077449120000000005
17,271,Y,3870816,0.007741632
52,547,Y,3869544,0.007739088
15,248,Y,3869096,0.0077381920000000005
115,1055,Y,3865296,0.0077305920000000005
840,89,Y,3863552,0.007727104
958,103,Y,3862152,0.0077243039999999995
720,74,Y,3861600,0.0077231999999999995
59,603,Y,3859912,0.007719824
353,28,Y,3857048,0.007714095999999999
79,761,Y,3853696,0.0077073919999999995
957,103,Y,3852784,0.0077055679999999994
620,61,Y,3847328,0.007694656
326,24,Y,3846360,0.00769272
467,42,Y,3844680,0.00768936
733,75,Y,3841888,0.007683776
79,767,Y,3840856,0.007681712
983,106,Y,3840608,0.007681215999999999
92,867,Y,3827720,0.00765544
835,88,Y,3827568,0.007655136000000001
171,5,Y,3823896,0.0076477920000000005
100,930,Y,3823872,0.007647744
1087,119,Y,3822640,0.007645279999999999
12,229,Y,3814536,0.007629072
50,529,Y,3814336,0.007628672
103,955,Y,3812096,0.007624192
660,66,Y,3811872,0.007623744
340,26,Y,3811840,0.00762368
252,15,Y,3809760,0.007619519999999999
1102,121,Y,3804104,0.007608208
715,73,Y,3797752,0.007595504
32,391,Y,3794368,0.007588736
222,11,Y,3781576,0.007563152
30,370,Y,3779904,0.0075598079999999995
447,39,Y,3778784,0.007557568
34,403,Y,3772344,0.007544688
930,100,Y,3768720,0.00753744
121,1100,Y,3767032,0.007534064
38,433,Y,3766344,0.007532688
194,8,Y,3763960,0.00752792
189,7,Y,3754560,0.00750912
0,129,Y,3752496,0.007504992
1101,121,Y,3752120,0.0075042400000000006
79,764,Y,3749080,0.007498159999999999
90,849,Y,3747064,0.007494128000000001
1021,111,Y,3745576,0.007491152
125,1132,Y,3735544,0.007471088
1038,113,Y,3735272,0.007470544
104,967,Y,3726056,0.0074521119999999995
421,36,Y,3724048,0.007448096
2,146,Y,3721656,0.0074433120000000005
425,37,Y,3721608,0.007443216000000001
54,561,Y,3719560,0.0074391200000000005
53,553,Y,3717040,0.00743408
816,86,Y,3712152,0.0074243040000000005
124,1125,Y,3710856,0.0074217120000000004
127,1148,Y,3704048,0.007408095999999999
31,376,Y,3702344,0.0074046879999999995
22,309,Y,3701848,0.0074036959999999995
704,72,Y,3697640,0.00739528
121,1102,Y,3697440,0.00739488
95,894,Y,3686280,0.00737256
105,972,Y,3685752,0.007371504
50,533,Y,3683408,0.007366816
881,94,Y,3679016,0.0073580320000000005
83,794,Y,3675512,0.007351023999999999
535,50,Y,3675496,0.007350992
336,26,Y,3672096,0.007344192
1126,124,Y,3671672,0.007343344
249,15,Y,3671592,0.007343184
111,1020,Y,3670336,0.007340672
593,58,Y,3662328,0.007324656
129,0,Y,3661600,0.0073232
71,699,Y,3661080,0.007322159999999999
90,853,Y,3659304,0.007318608000000001
159,3,Y,3657800,0.0073156
44,482,Y,3656128,0.007312256
107,987,Y,3651064,0.007302128
28,353,Y,3644824,0.007289647999999999
190,7,Y,3643624,0.007287248
73,716,Y,3641408,0.007282816
82,786,Y,3641304,0.007282608
865,92,Y,3639752,0.007279504
45,488,Y,3639384,0.007278768
1138,126,Y,3638664,0.007277328
534,50,Y,3638016,0.007276032
119,1086,Y,3635056,0.0072701120000000004
560,54,Y,3632712,0.007265424
718,73,Y,3632656,0.007265312
403,34,Y,3632344,0.007264688
75,735,Y,3631376,0.007262752000000001
37,426,Y,3628488,0.007256976
106,978,Y,3625432,0.007250863999999999
32,387,Y,3625376,0.007250752
135,0,Y,3623688,0.007247376
19,284,Y,3621232,0.007242464
815,85,Y,3614712,0.007229424
687,69,Y,3613800,0.0072276
107,988,Y,3612032,0.0072240640000000005
86,822,Y,3611872,0.007223744
947,102,Y,3607824,0.007215648
28,359,Y,3607160,0.007214320000000001
73,717,Y,3607024,0.007214048000000001
345,27,Y,3593488,0.0071869759999999994
981,106,Y,3593472,0.007186944000000001
452,40,Y,3590216,0.0071804320000000005
64,645,Y,3588080,0.007176159999999999
454,40,Y,3588040,0.0071760800000000005
108,993,Y,3586808,0.007173616000000001
238,13,Y,3583696,0.007167392
54,563,Y,3582928,0.007165856
1065,117,Y,3579888,0.007159776
52,550,Y,3579264,0.007158528000000001
426,37,Y,3577296,0.007154592
82,787,Y,3574424,0.007148847999999999
87,826,Y,3572248,0.007144496
47,511,Y,3565432,0.007130864000000001
116,1056,Y,3563944,0.007127888
763,79,Y,3562248,0.007124495999999999
20,292,Y,3561216,0.007122432000000001
271,17,Y,3557600,0.0071152
62,630,Y,3557336,0.007114672
99,927,Y,3554168,0.007108336
118,1079,Y,3551272,0.007102544
29,366,Y,3550808,0.007101616
1083,119,Y,3548936,0.007097872000000001
496,46,Y,3547400,0.0070948
29,364,Y,3546680,0.007093359999999999
126,1136,Y,3545392,0.007090783999999999
24,327,Y,3544536,0.007089072
151,2,Y,3542560,0.00708512
531,50,Y,3540576,0.007081152
871,92,Y,3538240,0.0070764800000000004
1024,112,Y,3533112,0.007066223999999999
38,438,Y,3531608,0.007063216
817,86,Y,3527920,0.00705584
792,83,Y,3525080,0.00705016
897,96,Y,3524800,0.0070496
21,299,Y,3524408,0.007048816
934,100,Y,3523784,0.007047568
890,95,Y,3518904,0.007037808
112,1024,Y,3517504,0.007035008
52,551,Y,3517224,0.007034448
33,392,Y,3513904,0.007027808
787,82,Y,3513896,0.007027792
97,904,Y,3512984,0.007025968
35,411,Y,3506808,0.007013616
1094,120,Y,3506344,0.007012688
76,739,Y,3500264,0.007000528
1019,111,Y,3492592,0.006985183999999999
18,273,Y,3492384,0.006984768000000001
26,338,Y,3485640,0.00697128
20,288,Y,3484288,0.006968575999999999
75,731,Y,3482280,0.00696456
753,78,Y,3479928,0.006959856
90,852,Y,3478968,0.0069579360000000005
811,85,Y,3476864,0.006953728
89,840,Y,3474136,0.006948272000000001
19,281,Y,3474088,0.006948176
1005,109,Y,3474080,0.006948159999999999
512,48,Y,3471344,0.006942688000000001
7,189,Y,3470592,0.0069411839999999995
601,59,Y,3469776,0.006939552000000001
27,351,Y,3466976,0.006933952
17,269,Y,3461712,0.006923424
912,98,Y,3455280,0.00691056
92,865,Y,3455104,0.006910207999999999
862,91,Y,3450768,0.006901536
112,1027,Y,3449504,0.006899007999999999
33,399,Y,3445048,0.006890095999999999
494,45,Y,3437248,0.006874496000000001
1109,122,Y,3434776,0.006869552
38,436,Y,3429456,0.006858912
210,10,Y,3428392,0.006856784
679,68,Y,3427200,0.0068544
730,75,Y,3423032,0.006846064
10,210,Y,3417760,0.00683552
119,1083,Y,3416048,0.006832095999999999
462,41,Y,3411992,0.006823984
1147,127,Y,3405336,0.006810671999999999
125,1130,Y,3405144,0.006810288
5,168,Y,3388584,0.006777168000000001
30,371,Y,3387152,0.006774303999999999
449,40,Y,3383560,0.00676712
65,649,Y,3381544,0.0067630879999999996
54,566,Y,3381032,0.006762064
45,491,Y,3377696,0.006755392000000001
48,516,Y,3371240,0.0067424799999999995
400,34,Y,3368920,0.00673784
575,55,Y,3364376,0.006728752
182,6,Y,3358784,0.006717568
307,22,Y,3355728,0.006711455999999999
43,478,Y,3353832,0.0067076639999999995
14,246,Y,3352344,0.006704688
7,188,Y,3351216,0.0067024319999999995
124,1124,Y,3345072,0.006690144
908,97,Y,3342992,0.006685984
437,38,Y,3342008,0.006684016
81,781,Y,3340376,0.006680752
48,515,Y,3337904,0.006675808000000001
116,1059,Y,3335928,0.006671856
118,1076,Y,3326504,0.006653007999999999
600,59,Y,3322200,0.0066444
64,641,Y,3320200,0.006640399999999999
1096,121,Y,3317256,0.0066345119999999995
645,64,Y,3316584,0.006633168000000001
1075,118,Y,3315848,0.006631696
38,432,Y,3307160,0.006614319999999999
78,755,Y,3306024,0.006612048000000001
77,745,Y,3297480,0.00659496
417,36,Y,3292712,0.006585424
994,108,Y,3292488,0.006584976
51,540,Y,3292168,0.006584336
34,400,Y,3289248,0.0065784960000000005
736,76,Y,3288392,0.0065767840000000004
875,93,Y,3287856,0.006575711999999999
289,20,Y,3283880,0.006567760000000001
66,656,Y,3280640,0.006561279999999999
94,882,Y,3276936,0.0065538720000000005
409,35,Y,3276296,0.006552592
1060,116,Y,3272808,0.006545616000000001
70,694,Y,3272624,0.006545248
75,730,Y,3267936,0.006535872
119,1081,Y,3264336,0.006528671999999999
92,869,Y,3260056,0.006520112
77,750,Y,3258264,0.006516528
160,4,Y,3254536,0.006509071999999999
1076,118,Y,3253912,0.006507824000000001
613,60,Y,3252848,0.006505695999999999
123,1117,Y,3252016,0.006504032
196,8,Y,3251296,0.006502592000000001
944,102,Y,3249376,0.006498752
11,216,Y,3247616,0.006495232000000001
717,73,Y,3246240,0.00649248
362,29,Y,3245480,0.00649096
39,443,Y,3244192,0.006488384
9,202,Y,3243640,0.00648728
5,171,Y,3242960,0.00648592
25,328,Y,3240984,0.006481967999999999
113,1034,Y,3239328,0.006478656
770,80,Y,3237008,0.006474016000000001
949,102,Y,3234984,0.006469968
1026,112,Y,3232080,0.006464159999999999
478,43,Y,3227024,0.0064540479999999996
115,1048,Y,3223576,0.006447151999999999
773,80,Y,3222424,0.0064448479999999995
11,220,Y,3216576,0.006433152
96,901,Y,3216064,0.0064321280000000005
725,74,Y,3215080,0.006430159999999999
32,389,Y,3212752,0.006425504
832,88,Y,3211360,0.00642272
941,101,Y,3211352,0.0064227039999999996
1006,109,Y,3203856,0.0064077119999999994
67,667,Y,3184384,0.0063687679999999995
62,629,Y,3182688,0.006365375999999999
36,417,Y,3182064,0.006364128
294,20,Y,3181832,0.006363664000000001
808,85,Y,3179608,0.006359215999999999
16,256,Y,3171776,0.006343552
55,574,Y,3161912,0.006323824
680,69,Y,3160872,0.006321744000000001
8,194,Y,3160568,0.006321136
423,36,Y,3154296,0.006308592000000001
53,556,Y,3153136,0.006306272
281,19,Y,3148600,0.006297200000000001
903,96,Y,3142120,0.006284240000000001
430,37,Y,3141528,0.006283056
682,69,Y,3141520,0.006283039999999999
110,1008,Y,3140776,0.006281551999999999
598,58,Y,3137608,0.006275215999999999
845,89,Y,3130944,0.006261887999999999
4,164,Y,3129848,0.0062596959999999995
621,61,Y,3125720,0.0062514400000000005
87,824,Y,3114048,0.006228096000000001
40,452,Y,3105720,0.0062114399999999995
67,671,Y,3104760,0.00620952
820,86,Y,3099360,0.0061987200000000004
457,41,Y,3098024,0.006196048
359,28,Y,3094808,0.006189616
68,673,Y,3091368,0.006182736
559,53,Y,3086320,0.00617264
827,87,Y,3077656,0.0061553120000000005
844,89,Y,3074040,0.00614808
551,52,Y,3071592,0.006143184
15,254,Y,3070304,0.006140608
455,40,Y,3068096,0.0061361919999999995
453,40,Y,3065504,0.006131008
123,1113,Y,3061928,0.006123856
854,90,Y,3058208,0.0061164159999999995
109,1003,Y,3044568,0.006089136
62,631,Y,3039520,0.00607904
388,32,Y,3039416,0.006078831999999999
1035,113,Y,3039320,0.00607864
127,1150,Y,3032552,0.006065104
794,83,Y,3029928,0.006059856
571,55,Y,3026600,0.0060532
5,169,Y,3021240,0.006042479999999999
126,1143,Y,3018800,0.0060376
874,93,Y,3018472,0.006036944
979,106,Y,3016240,0.00603248
1061,116,Y,3010104,0.006020208
40,449,Y,3007608,0.006015216
1149,127,Y,3006224,0.006012448
86,817,Y,3002320,0.00600464
53,557,Y,3001328,0.006002656
422,36,Y,2993240,0.005986480000000001
20,289,Y,2987224,0.005974448
1043,114,Y,2977464,0.005954928
76,737,Y,2947304,0.005894608
118,1074,Y,2942816,0.005885632
20,294,Y,2940424,0.005880848
1132,125,Y,2938736,0.005877472
1137,126,Y,2935448,0.0058708960000000004
385,32,Y,2928048,0.005856096
122,1107,Y,2925880,0.005851759999999999
16,263,Y,2925816,0.005851632
10,211,Y,2911872,0.0058237440000000005
1039,113,Y,2911232,0.005822464
1127,124,Y,2905488,0.005810976
109,1004,Y,2901184,0.005802368
50,535,Y,2899344,0.005798688
698,71,Y,2897440,0.0057948800000000005
46,502,Y,2893824,0.005787648
1051,115,Y,2892008,0.005784016
450,40,Y,2891720,0.00578344
117,1064,Y,2891672,0.005783343999999999
567,54,Y,2890512,0.005781024
969,105,Y,2889728,0.0057794560000000005
121,1097,Y,2883816,0.005767632
384,32,Y,2874448,0.005748896
335,25,Y,2873872,0.005747744
92,866,Y,2870936,0.005741872
976,106,Y,2870464,0.005740928
476,43,Y,2869600,0.0057392
806,84,Y,2865856,0.005731712
9,205,Y,2860848,0.005721696
258,16,Y,2860576,0.005721152
622,61,Y,2855976,0.005711952
382,31,Y,2855856,0.005711712
59,604,Y,2854472,0.005708944
55,575,Y,2852376,0.005704752
1,140,Y,2842664,0.005685328
36,419,Y,2834800,0.0056696
211,10,Y,2833160,0.005666320000000001
13,239,Y,2830536,0.005661072
1104,122,Y,2828648,0.005657296
84,806,Y,2818136,0.005636272
1103,121,Y,2815520,0.00563104
70,693,Y,2809656,0.005619312
318,23,Y,2805592,0.005611184
79,760,Y,2803424,0.005606848
21,300,Y,2802008,0.005604016000000001
78,753,Y,2795256,0.005590512000000001
1111,122,Y,2794800,0.0055896
97,905,Y,2793272,0.005586544
90,851,Y,2783224,0.005566448
89,841,Y,2779744,0.005559488
474,43,Y,2773888,0.005547776
9,207,Y,2773176,0.005546352
443,39,Y,2772232,0.005544464
1093,120,Y,2770728,0.005541456
77,746,Y,2767672,0.005535344
623,61,Y,2767176,0.005534351999999999
9,206,Y,2761832,0.005523664
515,48,Y,2761464,0.005522928
1136,126,Y,2759104,0.005518208
1078,118,Y,2758328,0.005516656
51,538,Y,2755824,0.005511648
53,559,Y,2755760,0.00551152
37,430,Y,2754856,0.005509712
50,528,Y,2754320,0.00550864
99,923,Y,2751928,0.0055038560000000005
47,510,Y,2750472,0.005500944
1105,122,Y,2742736,0.005485472
1070,117,Y,2727504,0.005455008
1012,110,Y,2714552,0.005429104000000001
376,31,Y,2714416,0.005428832
42,468,Y,2708840,0.00541768
858,91,Y,2695112,0.005390224000000001
78,758,Y,2693456,0.005386912
13,236,Y,2693304,0.005386608
678,68,Y,2686640,0.00537328
26,337,Y,2683168,0.005366336
1124,124,Y,2681048,0.005362095999999999
113,1035,Y,2679192,0.005358384
28,356,Y,2677160,0.00535432
98,916,Y,2675216,0.005350432
1001,109,Y,2667848,0.005335696
57,589,Y,2665336,0.005330672
264,17,Y,2663320,0.0053266400000000005
56,579,Y,2663296,0.005326592000000001
1,143,Y,2661680,0.00532336
466,42,Y,2657992,0.005315984
94,884,Y,2656056,0.005312112
629,62,Y,2656032,0.005312064
420,36,Y,2651424,0.005302848
937,101,Y,2648352,0.005296704
20,291,Y,2644416,0.005288832
14,245,Y,2643040,0.00528608
850,90,Y,2639560,0.00527912
802,84,Y,2636240,0.00527248
54,564,Y,2633752,0.005267504
36,418,Y,2615760,0.00523152
846,89,Y,2613696,0.005227392
122,1109,Y,2613160,0.00522632
115,1049,Y,2610048,0.0052200960000000005
72,705,Y,2609640,0.00521928
122,1110,Y,2608456,0.005216912000000001
53,554,Y,2607856,0.005215712
35,408,Y,2607016,0.005214032
114,1046,Y,2604296,0.005208592
746,77,Y,2591008,0.005182016
878,93,Y,2588640,0.00517728
314,23,Y,2582936,0.005165872
97,908,Y,2580016,0.005160032
111,1022,Y,2579352,0.005158704
892,95,Y,2573712,0.005147424
924,99,Y,2568616,0.005137231999999999
925,99,Y,2568464,0.005136928
2,149,Y,2563848,0.005127696
39,446,Y,2556512,0.005113024000000001
33,394,Y,2551120,0.00510224
47,506,Y,2550504,0.005101008
173,5,Y,2547040,0.00509408
283,19,Y,2545304,0.005090608
708,72,Y,2544728,0.005089456
1133,125,Y,2542704,0.005085408
688,70,Y,2540656,0.005081312
781,81,Y,2538744,0.005077488
506,47,Y,2534144,0.005068288
1077,118,Y,2530704,0.005061408
234,13,Y,2530440,0.00506088
395,33,Y,2529040,0.00505808
106,981,Y,2525856,0.005051712
72,706,Y,2525152,0.005050303999999999
667,67,Y,2522312,0.005044624
69,687,Y,2520368,0.005040736
67,665,Y,2519336,0.005038672
95,888,Y,2515560,0.00503112
124,1121,Y,2513144,0.005026288
520,49,Y,2509856,0.005019712
394,33,Y,2489384,0.004978768000000001
23,319,Y,2487496,0.004974992
62,627,Y,2486088,0.004972176
889,95,Y,2484024,0.004968048
596,58,Y,2483480,0.00496696
1029,112,Y,2480344,0.0049606879999999996
565,54,Y,2465600,0.0049312
25,335,Y,2465016,0.004930032
13,232,Y,2457672,0.004915344
532,50,Y,2453104,0.004906208
94,887,Y,2449456,0.004898912
545,52,Y,2445368,0.0048907360000000006
483,44,Y,2435544,0.004871088
465,42,Y,2431016,0.0048620320000000005
739,76,Y,2424136,0.004848272
73,715,Y,2416376,0.004832752
50,532,Y,2410112,0.004820224
536,51,Y,2409552,0.004819104
433,38,Y,2399648,0.004799296
416,36,Y,2397760,0.00479552
126,1137,Y,2394680,0.0047893599999999995
233,13,Y,2392032,0.004784064
57,588,Y,2391712,0.004783424
237,13,Y,2391488,0.0047829759999999995
365,29,Y,2382632,0.004765264
96,903,Y,2376192,0.004752383999999999
117,1065,Y,2366112,0.004732224
115,1052,Y,2346016,0.004692032
905,97,Y,2334176,0.004668352000000001
13,237,Y,2323272,0.004646544
49,520,Y,2306232,0.004612464
82,788,Y,2298952,0.004597904
823,86,Y,2296448,0.004592896
489,45,Y,2293616,0.004587232
354,28,Y,2289312,0.004578624
100,932,Y,2282608,0.004565216
36,416,Y,2270472,0.004540944
41,463,Y,2266296,0.004532592
18,278,Y,2266240,0.004532479999999999
728,75,Y,2265560,0.0045311200000000005
30,374,Y,2231728,0.004463456
26,343,Y,2228720,0.00445744
991,107,Y,2217936,0.004435872
250,15,Y,2140704,0.004281408
22,304,Y,2136904,0.0042738080000000005
278,18,Y,2136232,0.004272464
124,1123,Y,2100456,0.004200912
10,209,Y,2094744,0.004189488
131,0,Y,2051392,0.004102784
1018,111,Y,2042024,0.004084048
705,72,Y,2040560,0.00408112
737,76,Y,2022128,0.004044256
92,871,Y,2015696,0.004031392
495,45,Y,2009504,0.004019008
539,51,Y,1998432,0.003996864
786,82,Y,1969576,0.003939152
87,829,Y,1968768,0.003937536
176,6,Y,1959248,0.0039184960000000005
44,483,Y,1953640,0.00390728
66,662,Y,1948280,0.00389656
34,404,Y,1911440,0.0038228800000000003
756,78,Y,1897432,0.0037948640000000002
87,827,Y,1886744,0.003773488
56,580,Y,1884272,0.003768544
88,835,Y,1879104,0.003758208
904,97,Y,1878832,0.003757664
68,678,Y,1863064,0.003726128
589,57,Y,1859200,0.0037184
498,46,Y,1843752,0.003687504
32,385,Y,1839520,0.0036790399999999997
54,560,Y,1796496,0.0035929919999999997
84,805,Y,1765168,0.0035303360000000002
113,1039,Y,1747776,0.0034955520000000003
149,2,Y,1743168,0.003486336
65,650,Y,1695352,0.003390704
627,62,Y,1694816,0.0033896319999999996
2,151,Y,1671344,0.0033426880000000003
315,23,Y,1646416,0.0032928320000000003
27,347,Y,1632944,0.0032658879999999998
292,20,Y,1628608,0.003257216
78,756,Y,1619568,0.003239136
23,315,Y,1606184,0.0032123679999999997
735,75,Y,1564136,0.003128272
311,22,Y,1543160,0.00308632
205,9,Y,1539912,0.003079824
209,10,Y,1328112,0.002656224
