0,177,566,1000000,1000000,0,875488,875488,TRUE
1,379,782,5000000,5000000,29568,4389696,4360128,TRUE
2,456,591,50000,50000,71390,120830,49440,TRUE
3,179,752,50000,50000,78488,130600,52112,TRUE
4,291,182,1000000,1000000,114685,990173,875488,TRUE
5,173,651,10000,10000,160899,181288,20389,TRUE
6,587,452,10000,10000,277144,294472,17328,TRUE
7,378,580,80000,80000,329561,402345,72784,TRUE
8,147,244,200000,200000,347379,538627,191248,TRUE
9,571,244,10000,10000,404028,426991,22963,TRUE
10,374,570,10000000,10000000,435764,9554916,9119152,TRUE
11,184,547,1000000,1000000,482697,1368409,885712,TRUE
12,428,522,30000000,30000000,541669,33613944,33072275,TRUE
13,570,585,10000000,10000000,695626,18695488,17999862,TRUE
14,487,586,5000000,5000000,713558,7331076,6617518,TRUE
15,289,473,200000,200000,744211,924019,179808,TRUE
16,187,463,5000000,5000000,986502,5378936,4392434,TRUE
17,785,184,1000000,1000000,1255107,2177389,922282,TRUE
18,140,182,80000,80000,1343574,1416358,72784,TRUE
19,799,616,30000,30000,1516388,1548388,32000,TRUE
20,467,618,5000000,5000000,1525192,7512728,5987536,TRUE
21,185,646,2000000,2000000,1771065,3518825,1747760,TRUE
22,141,456,50000,50000,1820015,1869455,49440,TRUE
23,146,585,30000,30000,1878256,1918453,40197,TRUE
24,497,518,2000000,2000000,1974485,6296309,4321824,TRUE
25,619,585,10000,10000,1984660,2001172,16512,TRUE
26,489,247,10000,10000,2107136,2121792,14656,TRUE
27,585,774,2000000,2000000,2139170,3923570,1784400,TRUE
28,280,314,80000,80000,2175714,2251170,75456,TRUE
29,276,373,80000,80000,2182051,2257507,75456,TRUE
30,311,518,80000,80000,2210576,2310325,99749,TRUE
31,432,774,20000,20000,2347940,2390450,42510,TRUE
32,547,251,10000,10000,2397630,2412286,14656,TRUE
33,568,457,30000,30000,2408562,2440562,32000,TRUE
34,650,497,30000,30000,2476108,2508876,32768,TRUE
35,435,522,50000,50000,2482403,2663509,181106,TRUE
36,718,588,5000000,5000000,2558711,6982071,4423360,TRUE
37,755,485,20000,20000,2560683,2586840,26157,TRUE
38,619,547,1000000,1000000,2609977,3488137,878160,TRUE
39,715,374,30000,30000,2654703,2689604,34901,TRUE
40,429,497,2000000,2000000,2678658,4472354,1793696,TRUE
41,781,176,30000,30000,2766957,2798957,32000,TRUE
42,592,173,10000,10000,2838543,2853199,14656,TRUE
43,522,803,10000,10000,2873756,2892629,18873,TRUE
44,809,452,80000,80000,2941448,3016904,75456,TRUE
45,798,280,2000000,2000000,2975916,4720444,1744528,TRUE
46,720,261,10000000,10000000,2996477,11786797,8790320,TRUE
47,261,581,1000000,1000000,3132425,4085657,953232,TRUE
48,376,719,50000,50000,3373254,3422694,49440,TRUE
49,467,310,10000000,10000000,3442812,21111776,17668964,TRUE
50,276,801,30000,30000,3449836,3483792,33956,TRUE
51,496,781,30000,30000,3501959,3533959,32000,TRUE
52,542,868,30000,30000,3705210,3737210,32000,TRUE
53,566,277,50000,50000,3750006,3803944,53938,TRUE
54,651,176,50000,50000,3841831,3893943,52112,TRUE
55,772,266,10000000,10000000,3845401,12786457,8941056,TRUE
56,245,754,1000000,1000000,3862247,4737735,875488,TRUE
57,564,543,80000,80000,3896116,4053819,157703,TRUE
58,485,774,10000,10000,3910225,3928738,18513,TRUE
59,182,868,1000000,1000000,4110347,4985835,875488,TRUE
60,713,646,80000,80000,4141500,4229656,88156,TRUE
61,644,775,1000000,1000000,4436306,5311794,875488,TRUE
62,428,804,10000,10000,4704332,4718308,13976,TRUE
63,459,467,50000,50000,4877470,4987448,109978,TRUE
64,613,803,2000000,2000000,5179429,6926629,1747200,TRUE
65,485,285,80000,80000,5194141,5272269,78128,TRUE
66,723,711,200000,200000,5204194,5384002,179808,TRUE
67,715,172,30000,30000,5431162,5465834,34672,TRUE
68,187,806,30000,30000,5582672,5614672,32000,TRUE
69,543,774,80000,80000,5847011,5922467,75456,TRUE
70,488,776,1000000,1000000,5873300,6748788,875488,TRUE
71,266,810,50000,50000,6096430,6146377,49947,TRUE
72,803,493,30000,30000,6268690,6307765,39075,TRUE
73,490,749,5000000,5000000,6533034,10889498,4356464,TRUE
74,806,568,1000000,1000000,7092692,7968208,875516,TRUE
75,619,475,2000000,2000000,7190765,8935853,1745088,TRUE
76,289,587,5000000,5000000,7223890,11577682,4353792,TRUE
77,807,868,30000000,30000000,7269269,33611925,26342656,TRUE
78,868,583,2000000,2000000,7535424,9879673,2344249,TRUE
79,593,143,2000000,2000000,7576888,9319304,1742416,TRUE
80,589,434,10000000,10000000,7686384,16615528,8929144,TRUE
81,279,246,50000,50000,7701256,7750696,49440,TRUE
82,453,186,80000,80000,7793816,7871944,78128,TRUE
83,498,546,10000,10000,8050119,8064775,14656,TRUE
84,434,147,50000,50000,8083110,8141916,58806,TRUE
85,286,248,20000,20000,8246597,8267253,20656,TRUE
86,868,266,200000,200000,8518439,9043897,525458,TRUE
87,469,753,10000,10000,8535639,8550295,14656,TRUE
88,495,260,2000000,2000000,9327261,11164573,1837312,TRUE
89,780,378,10000,10000,9476905,9491561,14656,TRUE
90,372,452,30000,30000,9553510,9588182,34672,TRUE
91,801,434,200000,200000,9875308,10280700,405392,TRUE
92,474,580,50000,50000,10120796,10172908,52112,TRUE
93,798,432,10000000,10000000,10289870,19000238,8710368,TRUE
94,811,262,10000,10000,10315638,10327622,11984,TRUE
95,264,585,10000000,10000000,10335715,25585240,15249525,TRUE
96,780,495,200000,200000,10340232,10585429,245197,TRUE
97,708,750,30000,30000,10359212,10391212,32000,TRUE
98,471,648,2000000,2000000,10393858,12138946,1745088,TRUE
99,547,375,80000,80000,10414916,10493044,78128,TRUE
100,377,717,1000000,1000000,10470986,11346474,875488,TRUE
101,260,379,5000000,5000000,10523241,15367849,4844608,TRUE
102,566,291,80000,80000,10665231,10740687,75456,TRUE
103,785,754,10000,10000,11179329,11193985,14656,TRUE
104,568,459,30000,30000,11385665,11417665,32000,TRUE
105,376,716,80000,80000,11403128,11478584,75456,TRUE
106,587,310,10000000,10000000,11614164,27096337,15482173,TRUE
107,710,874,2000000,2000000,11646604,13403132,1756528,TRUE
108,775,312,80000,80000,11674525,11819881,145356,TRUE
109,379,755,5000000,5000000,11834212,16669617,4835405,TRUE
110,464,262,5000000,5000000,11848754,16205986,4357232,TRUE
111,806,870,50000,50000,11868651,11920763,52112,TRUE
112,723,485,5000000,5000000,11957984,16492144,4534160,TRUE
113,462,595,1000000,1000000,12284118,13159606,875488,TRUE
114,288,585,1000000,1000000,12333479,15264176,2930697,TRUE
115,541,172,80000,80000,12356594,12432050,75456,TRUE
116,784,434,50000,50000,12410853,12528652,117799,TRUE
117,459,517,200000,200000,12529825,12709633,179808,TRUE
118,773,592,10000,10000,12582187,12595692,13505,TRUE
119,247,799,10000,10000,12586820,12601764,14944,TRUE
120,718,290,1000000,1000000,12615857,13558241,942384,TRUE
121,782,807,20000,20000,12805758,12889449,83691,TRUE
122,378,565,200000,200000,12941285,13123765,182480,TRUE
123,308,498,5000000,5000000,13026560,17380352,4353792,TRUE
124,516,874,10000,10000,13041653,13066732,25079,TRUE
125,376,589,80000,80000,13045290,13156304,111014,TRUE
126,566,285,80000,80000,13371318,13511925,140607,TRUE
127,517,462,80000,80000,13480034,13590309,110275,TRUE
128,375,547,10000,10000,13919463,13937612,18149,TRUE
129,568,785,80000,80000,13967608,14066288,98680,TRUE
130,584,778,2000000,2000000,14024568,15769656,1745088,TRUE
131,807,567,20000,20000,14186676,14266781,80105,TRUE
132,288,568,10000,10000,14265001,14291388,26387,TRUE
133,473,545,80000,80000,14453537,14528993,75456,TRUE
134,806,281,10000,10000,14490458,14507786,17328,TRUE
135,542,615,2000000,2000000,14704994,16686754,1981760,TRUE
136,748,464,10000,10000,14785398,14846970,61572,TRUE
137,786,750,30000,30000,14929620,14961620,32000,TRUE
138,433,372,30000,30000,15404947,15436947,32000,TRUE
139,542,485,30000000,30000000,15556936,44877146,29320210,TRUE
140,755,488,10000,10000,15923783,15941949,18166,TRUE
141,797,519,10000,10000,16044666,16070662,25996,TRUE
142,147,612,10000000,10000000,16079162,25665090,9585928,TRUE
143,375,875,50000,50000,16188289,16286377,98088,TRUE
144,281,591,10000,10000,16218416,16233072,14656,TRUE
145,521,494,80000,80000,16326864,16456677,129813,TRUE
146,140,280,10000,10000,16396599,16413927,17328,TRUE
147,475,278,2000000,2000000,16415597,18163357,1747760,TRUE
148,454,772,5000000,5000000,16490893,20949085,4458192,TRUE
149,290,523,10000000,10000000,16716833,26490462,9773629,TRUE
150,805,802,50000,50000,17156353,17205793,49440,TRUE
151,712,755,2000000,2000000,17348860,19093948,1745088,TRUE
152,378,775,50000,50000,17350785,17400225,49440,TRUE
153,720,776,30000,30000,17423511,17455511,32000,TRUE
154,283,260,80000,80000,17473749,17549205,75456,TRUE
155,313,265,50000,50000,17522340,17571780,49440,TRUE
156,309,455,10000000,10000000,17582351,27280831,9698480,TRUE
157,261,456,5000000,5000000,17624512,22362224,4737712,TRUE
158,473,522,2000000,2000000,17665137,24594645,6929508,TRUE
159,540,644,10000,10000,17699205,17716533,17328,TRUE
160,433,144,10000,10000,17972814,17990430,17616,TRUE
161,184,750,10000,10000,17990493,18005149,14656,TRUE
162,749,495,5000000,5000000,18034877,22432221,4397344,TRUE
163,870,541,5000000,5000000,18336641,23180682,4844041,TRUE
164,377,474,80000,80000,18472240,18795056,322816,TRUE
165,717,584,80000,80000,18646629,18722085,75456,TRUE
166,523,751,2000000,2000000,18676119,20522526,1846407,TRUE
167,496,587,10000000,10000000,18854192,27852113,8997921,TRUE
168,172,147,80000,80000,18973054,19145798,172744,TRUE
169,719,648,10000,10000,19011063,19025719,14656,TRUE
170,540,262,200000,200000,19016981,19276080,259099,TRUE
171,569,186,10000,10000,19189546,19206874,17328,TRUE
172,265,290,30000000,30000000,19195918,46815815,27619897,TRUE
173,754,775,50000,50000,19199840,19302453,102613,TRUE
174,378,454,5000000,5000000,19371590,24216769,4845179,TRUE
175,614,493,30000,30000,19500202,19529530,29328,TRUE
176,872,595,5000000,5000000,19619695,24002271,4382576,TRUE
177,178,473,1000000,1000000,19648429,20538877,890448,TRUE
178,647,615,10000,10000,19653263,19670591,17328,TRUE
179,313,267,80000,80000,19816902,19951079,134177,TRUE
180,291,588,30000,30000,19961219,20028479,67260,TRUE
181,782,750,1000000,1000000,20065655,21811511,1745856,TRUE
182,784,811,1000000,1000000,20186570,21742975,1556405,TRUE
183,571,716,5000000,5000000,20232198,24586870,4354672,TRUE
184,710,650,50000,50000,20334337,20386449,52112,TRUE
185,545,484,30000,30000,20450983,20543738,92755,TRUE
186,435,784,10000,10000,20454859,20495639,40780,TRUE
187,783,754,10000,10000,20471964,20486620,14656,TRUE
188,435,465,30000,30000,20579432,20632725,53293,TRUE
189,494,717,50000,50000,20607918,20660030,52112,TRUE
190,582,592,80000,80000,20956158,21034286,78128,TRUE
191,612,431,200000,200000,21008245,21209030,200785,TRUE
192,308,378,10000000,10000000,21012314,30579221,9566907,TRUE
193,248,473,50000,50000,21155624,21208312,52688,TRUE
194,801,497,10000,10000,21208919,21226247,17328,TRUE
195,143,719,1000000,1000000,21215886,22091374,875488,TRUE
196,585,312,10000000,10000000,21397386,32198136,10800750,TRUE
197,279,468,2000000,2000000,21665363,23960664,2295301,TRUE
198,712,491,10000000,10000000,22242397,33251837,11009440,TRUE
199,246,787,200000,200000,22378606,22558414,179808,TRUE
200,309,805,20000,20000,22597810,22730239,132429,TRUE
201,776,647,1000000,1000000,22677870,23553358,875488,TRUE
202,279,465,80000,80000,22783240,22920728,137488,TRUE
203,185,457,10000,10000,22859892,22877220,17328,TRUE
204,804,544,1000000,1000000,22965250,23843410,878160,TRUE
205,517,176,200000,200000,23195913,23653630,457717,TRUE
206,372,520,5000000,5000000,23196129,27720596,4524467,TRUE
207,463,251,5000000,5000000,23380121,27816905,4436784,TRUE
208,567,496,1000000,1000000,23433413,24395349,961936,TRUE
209,143,495,1000000,1000000,23514467,25131778,1617311,TRUE
210,716,584,50000,50000,23520397,23577018,56621,TRUE
211,520,875,80000,80000,23736777,23891332,154555,TRUE
212,263,522,2000000,2000000,23852990,27902297,4049307,TRUE
213,491,800,30000,30000,23887978,23927533,39555,TRUE
214,773,542,10000000,10000000,23958165,34628378,10670213,TRUE
215,430,469,200000,200000,24016213,24196021,179808,TRUE
216,452,719,10000,10000,24124529,24139185,14656,TRUE
217,432,570,10000,10000,24137454,24149657,12203,TRUE
218,491,875,10000000,10000000,24443275,38246506,13803231,TRUE
219,471,807,10000,10000,24685150,24740857,55707,TRUE
220,565,452,80000,80000,24724134,24799590,75456,TRUE
221,802,470,1000000,1000000,24744133,25619621,875488,TRUE
222,463,520,80000,80000,24872631,25117300,244669,TRUE
223,315,265,1000000,1000000,24958013,26767271,1809258,TRUE
224,373,286,1000000,1000000,25003826,25879314,875488,TRUE
225,714,521,10000,10000,25110038,25124694,14656,TRUE
226,313,459,10000,10000,25135893,25179807,43914,TRUE
227,782,172,10000,10000,25187718,25202374,14656,TRUE
228,787,432,2000000,2000000,25211246,26956334,1745088,TRUE
229,279,459,30000000,30000000,25258153,53972734,28714581,TRUE
230,785,616,30000000,30000000,25378126,53222093,27843967,TRUE
231,616,580,10000000,10000000,25444153,37022186,11578033,TRUE
232,144,617,2000000,2000000,25482705,27230465,1747760,TRUE
233,520,471,10000,10000,25501085,25516772,15687,TRUE
234,376,588,1000000,1000000,25739820,26615308,875488,TRUE
235,289,571,10000,10000,25820957,25835613,14656,TRUE
236,314,772,30000,30000,25966747,26092007,125260,TRUE
237,522,772,1000000,1000000,26044306,27083149,1038843,TRUE
238,247,875,5000000,5000000,26150901,32363469,6212568,TRUE
239,433,491,2000000,2000000,26318738,30146573,3827835,TRUE
240,459,870,30000,30000,26340308,26380825,40517,TRUE
241,718,749,80000,80000,26405240,26483368,78128,TRUE
242,717,431,20000,20000,26420338,26444050,23712,TRUE
243,290,430,50000,50000,26485169,26569614,84445,TRUE
244,615,593,80000,80000,26561106,26636562,75456,TRUE
245,486,777,10000,10000,26697951,26712607,14656,TRUE
246,786,719,200000,200000,26923241,27105766,182525,TRUE
247,646,147,30000,30000,26947235,26979235,32000,TRUE
248,753,285,80000,80000,27030275,27105731,75456,TRUE
249,651,777,5000000,5000000,27040787,32438579,5397792,TRUE
250,490,781,80000,80000,27176849,27269882,93033,TRUE
251,378,172,1000000,1000000,27362203,28306761,944558,TRUE
252,723,499,50000,50000,27659236,27719685,60449,TRUE
253,774,466,200000,200000,27711986,27909789,197803,TRUE
254,778,487,1000000,1000000,27738826,28614314,875488,TRUE
255,461,523,2000000,2000000,27761848,32663704,4901856,TRUE
256,750,719,10000000,10000000,27843875,38628643,10784768,TRUE
257,276,248,80000,80000,27952897,28029325,76428,TRUE
258,467,493,1000000,1000000,27979844,29121188,1141344,TRUE
259,787,288,30000,30000,28030378,28062378,32000,TRUE
260,244,581,80000,80000,28321043,28396499,75456,TRUE
261,650,464,30000000,30000000,28359336,58332823,29973487,TRUE
262,145,454,30000000,30000000,28512893,60079435,31566542,TRUE
263,466,592,5000000,5000000,28810435,37758360,8947925,TRUE
264,291,588,10000,10000,28858428,28875756,17328,TRUE
265,570,180,200000,200000,28908827,29097163,188336,TRUE
266,591,541,1000000,1000000,29319915,30513210,1193295,TRUE
267,466,245,5000000,5000000,29486545,36662520,7175975,TRUE
268,619,474,20000,20000,29534528,29575581,41053,TRUE
269,774,310,1000000,1000000,29550659,30426147,875488,TRUE
270,489,454,1000000,1000000,29634250,31700413,2066163,TRUE
271,282,264,1000000,1000000,29665109,30540597,875488,TRUE
272,717,645,30000,30000,29767260,29799260,32000,TRUE
273,143,466,30000,30000,30172891,30264632,91741,TRUE
274,522,571,30000,30000,30379614,30495336,115722,TRUE
275,803,313,10000,10000,30397295,30414623,17328,TRUE
276,648,283,10000000,10000000,30420493,40090291,9669798,TRUE
277,616,805,10000,10000,30538123,30601786,63663,TRUE
278,173,281,10000,10000,30571271,30585927,14656,TRUE
279,802,520,2000000,2000000,30576752,32324512,1747760,TRUE
280,143,805,30000,30000,30603828,30638500,34672,TRUE
281,871,811,80000,80000,30811582,30889710,78128,TRUE
282,540,277,10000,10000,30922446,30937102,14656,TRUE
283,265,711,50000,50000,31680604,31873799,193195,TRUE
284,244,265,30000,30000,31945553,32005451,59898,TRUE
285,487,248,2000000,2000000,32061612,33876268,1814656,TRUE
286,182,265,80000,80000,32088043,32204219,116176,TRUE
287,181,472,20000,20000,32398094,32424094,26000,TRUE
288,647,251,80000,80000,32426420,32579836,153416,TRUE
289,802,566,30000000,30000000,32607663,59257122,26649459,TRUE
290,179,517,200000,200000,32904563,33115594,211031,TRUE
291,755,517,10000000,10000000,33050430,41801534,8751104,TRUE
292,585,872,80000,80000,33176013,33251469,75456,TRUE
293,713,431,30000000,30000000,33548618,64369114,30820496,TRUE
294,751,718,10000,10000,33568197,33593603,25406,TRUE
295,280,453,30000,30000,33801932,33979654,177722,TRUE
296,565,710,10000,10000,33803561,33820889,17328,TRUE
297,484,187,50000,50000,33839791,33937565,97774,TRUE
298,722,749,1000000,1000000,33870487,34748647,878160,TRUE
299,277,708,50000,50000,33877631,33929743,52112,TRUE
300,582,719,2000000,2000000,33903911,38280431,4376520,TRUE
301,587,774,5000000,5000000,33953769,40002735,6048966,TRUE
302,718,748,80000,80000,34063515,34141643,78128,TRUE
303,374,453,200000,200000,34311963,34494443,182480,TRUE
304,566,772,30000,30000,34372189,34411599,39410,TRUE
305,570,801,5000000,5000000,34564259,39733295,5169036,TRUE
306,286,787,50000,50000,34874994,34926450,51456,TRUE
307,804,184,10000,10000,34877070,34891726,14656,TRUE
308,649,314,1000000,1000000,34882555,35758043,875488,TRUE
309,286,498,30000,30000,34968863,35000863,32000,TRUE
310,715,266,50000,50000,34979530,35028970,49440,TRUE
311,751,612,80000,80000,35009853,35087981,78128,TRUE
312,569,647,2000000,2000000,35032745,38543891,3511146,TRUE
313,475,452,2000000,2000000,35221803,36969787,1747984,TRUE
314,571,485,200000,200000,35354611,35668662,314051,TRUE
315,753,542,50000,50000,35472889,35523673,50784,TRUE
316,722,613,20000,20000,35500389,35528854,28465,TRUE
317,265,309,20000,20000,35607329,35692119,84790,TRUE
318,249,142,2000000,2000000,35694555,37442315,1747760,TRUE
319,280,542,80000,80000,35890399,35970783,80384,TRUE
320,493,874,50000,50000,35914069,36008670,94601,TRUE
321,432,186,1000000,1000000,35920984,36796472,875488,TRUE
322,177,431,200000,200000,36288149,36646826,358677,TRUE
323,807,593,10000000,10000000,36337188,45108356,8771168,TRUE
324,750,615,10000,10000,36389490,36408538,19048,TRUE
325,464,145,30000000,30000000,36449853,77750923,41301070,TRUE
326,720,182,200000,200000,36484369,36680577,196208,TRUE
327,565,474,80000,80000,36564109,36648967,84858,TRUE
328,570,777,50000,50000,36737020,36826631,89611,TRUE
329,379,569,10000,10000,36935668,36962239,26571,TRUE
330,522,265,5000000,5000000,36975341,43205691,6230350,TRUE
331,800,518,30000,30000,37001826,37036498,34672,TRUE
332,616,378,5000000,5000000,37051525,41789378,4737853,TRUE
333,465,777,80000,80000,37167270,37301520,134250,TRUE
334,489,471,200000,200000,37490624,37843522,352898,TRUE
335,711,810,50000,50000,37580678,37678522,97844,TRUE
336,547,455,200000,200000,37644681,37824489,179808,TRUE
337,712,492,30000,30000,37665562,37700234,34672,TRUE
338,713,580,80000,80000,37676087,37782234,106147,TRUE
339,801,721,10000,10000,37721657,37820895,99238,TRUE
340,473,781,10000,10000,37764988,37779644,14656,TRUE
341,519,471,2000000,2000000,37803494,39564558,1761064,TRUE
342,180,522,10000000,10000000,37917319,46954267,9036948,TRUE
343,376,773,80000,80000,37991641,38067097,75456,TRUE
344,288,430,5000000,5000000,38083383,42745499,4662116,TRUE
345,284,140,200000,200000,38155573,38335381,179808,TRUE
346,144,796,1000000,1000000,38228546,39885461,1656915,TRUE
347,584,475,50000,50000,38342321,38394433,52112,TRUE
348,617,499,80000,80000,38558511,38631295,72784,TRUE
349,751,543,1000000,1000000,38559822,39435310,875488,TRUE
350,310,589,30000,30000,38570091,38604763,34672,TRUE
351,544,261,50000,50000,38595698,38672275,76577,TRUE
352,875,720,20000,20000,38631257,38654585,23328,TRUE
353,248,315,10000000,10000000,38694613,47396981,8702368,TRUE
354,471,260,50000,50000,38853097,38906094,52997,TRUE
355,494,615,80000,80000,39068545,39141329,72784,TRUE
356,276,713,10000,10000,39139657,39203630,63973,TRUE
357,752,780,5000000,5000000,39181249,43535041,4353792,TRUE
358,465,485,50000,50000,39329273,39528826,199553,TRUE
359,581,650,10000,10000,39524233,39539177,14944,TRUE
360,753,519,50000,50000,39756760,39851063,94303,TRUE
361,713,459,30000,30000,39898085,40146350,248265,TRUE
362,590,517,20000,20000,40003330,40088622,85292,TRUE
363,543,462,10000,10000,40052269,40075738,23469,TRUE
364,262,565,50000,50000,40142059,40194171,52112,TRUE
365,809,647,50000,50000,40167552,40216992,49440,TRUE
366,714,456,30000,30000,40190890,40222890,32000,TRUE
367,722,490,80000,80000,40751932,40827388,75456,TRUE
368,497,614,50000,50000,40815395,40862163,46768,TRUE
369,873,182,10000000,10000000,40920544,49622144,8701600,TRUE
370,647,289,50000,50000,41036286,41085726,49440,TRUE
371,615,721,80000,80000,41062196,41148604,86408,TRUE
372,713,185,5000000,5000000,41148622,53392642,12244020,TRUE
373,499,288,5000000,5000000,41294670,45912235,4617565,TRUE
374,568,433,20000,20000,41486891,41507547,20656,TRUE
375,372,428,80000,80000,41499179,41614859,115680,TRUE
376,782,463,5000000,5000000,41724131,46075251,4351120,TRUE
377,250,774,20000,20000,41738882,41762210,23328,TRUE
378,801,172,10000,10000,41881631,41893615,11984,TRUE
379,184,278,2000000,2000000,41889072,43687152,1798080,TRUE
380,465,260,30000,30000,41898163,41932835,34672,TRUE
381,469,781,10000,10000,41949438,41964094,14656,TRUE
382,618,251,5000000,5000000,41958948,47099201,5140253,TRUE
383,251,748,2000000,2000000,41991204,43974613,1983409,TRUE
384,484,290,50000,50000,42000352,42128211,127859,TRUE
385,714,485,80000,80000,42070629,42215306,144677,TRUE
386,647,785,80000,80000,42104188,42212218,108030,TRUE
387,279,177,2000000,2000000,42722139,46026766,3304627,TRUE
388,800,751,80000,80000,42749340,42890932,141592,TRUE
389,711,491,1000000,1000000,42755016,43630504,875488,TRUE
390,796,453,80000,80000,43196683,43272139,75456,TRUE
391,494,618,30000000,30000000,43299693,79250546,35950853,TRUE
392,276,722,80000,80000,43361664,43437120,75456,TRUE
393,433,651,5000000,5000000,43650435,48078326,4427891,TRUE
394,289,465,50000,50000,43658021,43713205,55184,TRUE
395,245,754,50000,50000,43748166,43847045,98879,TRUE
396,709,314,20000,20000,43782209,43805537,23328,TRUE
397,315,379,10000,10000,43928797,43942405,13608,TRUE
398,547,285,30000,30000,43971798,44006470,34672,TRUE
399,375,592,10000000,10000000,43995608,52697208,8701600,TRUE
400,808,452,10000000,10000000,44109177,56918226,12809049,TRUE
401,810,288,10000,10000,44172015,44286047,114032,TRUE
402,775,143,1000000,1000000,44188571,45064059,875488,TRUE
403,172,465,1000000,1000000,44276997,45152485,875488,TRUE
404,261,430,10000,10000,44330480,44345136,14656,TRUE
405,581,498,80000,80000,44596751,44684171,87420,TRUE
406,458,617,1000000,1000000,44637486,45590118,952632,TRUE
407,462,475,2000000,2000000,44826198,47445527,2619329,TRUE
408,808,772,80000,80000,44872097,45093444,221347,TRUE
409,616,711,10000,10000,44893997,44941346,47349,TRUE
410,376,802,1000000,1000000,45014223,47032374,2018151,TRUE
411,312,485,10000,10000,45015884,45030540,14656,TRUE
412,185,279,2000000,2000000,45042849,47843918,2801069,TRUE
413,264,185,10000,10000,45050656,45070706,20050,TRUE
414,751,648,30000,30000,45163171,45230419,67248,TRUE
415,434,647,200000,200000,45238474,45420954,182480,TRUE
416,493,612,200000,200000,45272983,45602509,329526,TRUE
417,581,454,1000000,1000000,45464891,47047580,1582689,TRUE
418,720,475,5000000,5000000,45894318,50927287,5032969,TRUE
419,428,309,30000000,30000000,46012486,74918830,28906344,TRUE
420,290,547,10000000,10000000,46067975,64235929,18167954,TRUE
421,590,570,200000,200000,46343429,46533301,189872,TRUE
422,545,810,10000,10000,46375063,46392391,17328,TRUE
423,251,585,30000,30000,46424912,46459846,34934,TRUE
424,749,459,10000,10000,46442775,46466430,23655,TRUE
425,374,285,30000,30000,46796747,46828747,32000,TRUE
426,615,647,80000,80000,46797035,46880315,83280,TRUE
427,244,377,30000,30000,46854863,46886863,32000,TRUE
428,455,545,5000000,5000000,46919926,52886395,5966469,TRUE
429,749,870,5000000,5000000,46938390,51312423,4374033,TRUE
430,494,462,10000000,10000000,47054096,67077780,20023684,TRUE
431,183,474,2000000,2000000,47442836,49190596,1747760,TRUE
432,799,591,2000000,2000000,47452090,49199850,1747760,TRUE
433,803,783,30000000,30000000,47471405,73668813,26197408,TRUE
434,498,646,50000,50000,47487588,47621695,134107,TRUE
435,452,286,2000000,2000000,47531441,49401593,1870152,TRUE
436,267,547,10000000,10000000,47600395,59215403,11615008,TRUE
437,291,428,2000000,2000000,47876860,49825266,1948406,TRUE
438,464,435,5000000,5000000,48050851,57372900,9322049,TRUE
439,184,717,10000,10000,48201327,48218655,17328,TRUE
440,589,720,10000,10000,48242748,48283223,40475,TRUE
441,785,262,10000,10000,48327110,48383278,56168,TRUE
442,613,146,1000000,1000000,48344072,49231000,886928,TRUE
443,568,871,10000,10000,48355992,48376319,20327,TRUE
444,486,146,10000,10000,48443510,48469400,25890,TRUE
445,179,244,30000000,30000000,48479499,79557085,31077586,TRUE
446,709,310,30000000,30000000,48651935,80363394,31711459,TRUE
447,722,870,10000,10000,48946394,48969603,23209,TRUE
448,871,567,80000,80000,49217129,49320035,102906,TRUE
449,519,490,10000,10000,49221012,49238436,17424,TRUE
450,260,141,80000,80000,49234863,49362379,127516,TRUE
451,428,251,80000,80000,49236380,49501006,264626,TRUE
452,546,811,30000,30000,49252331,49365519,113188,TRUE
453,811,457,1000000,1000000,49261262,50716265,1455003,TRUE
454,496,378,10000000,10000000,49502521,58296561,8794040,TRUE
455,774,314,2000000,2000000,49687155,51432243,1745088,TRUE
456,180,140,2000000,2000000,49712686,52328702,2616016,TRUE
457,177,808,5000000,5000000,49715707,54316955,4601248,TRUE
458,308,140,2000000,2000000,49763491,53199814,3436323,TRUE
459,430,519,50000,50000,49803082,49855751,52669,TRUE
460,290,452,2000000,2000000,49835108,52373465,2538357,TRUE
461,181,289,1000000,1000000,49939074,50817410,878336,TRUE
462,261,804,200000,200000,50103362,50280498,177136,TRUE
463,722,172,80000,80000,50225498,50303626,78128,TRUE
464,246,377,200000,200000,50290812,50470620,179808,TRUE
465,808,721,50000,50000,50304606,50429755,125149,TRUE
466,184,709,1000000,1000000,50361086,51430238,1069152,TRUE
467,523,291,10000,10000,50372942,50387598,14656,TRUE
468,175,800,10000,10000,50649432,50661416,11984,TRUE
469,288,751,30000,30000,50791862,50825794,33932,TRUE
470,582,469,1000000,1000000,51006284,51884444,878160,TRUE
471,615,874,1000000,1000000,51112041,52062297,950256,TRUE
472,248,456,5000000,5000000,51126928,56075707,4948779,TRUE
473,464,779,2000000,2000000,51190151,55663815,4473664,TRUE
474,245,464,1000000,1000000,51235766,54079131,2843365,TRUE
475,454,540,5000000,5000000,51322855,55889071,4566216,TRUE
476,719,496,80000,80000,51437361,51604453,167092,TRUE
477,749,462,2000000,2000000,51510487,55648727,4138240,TRUE
478,185,618,5000000,5000000,51527869,59456352,7928483,TRUE
479,262,291,80000,80000,51700647,51776103,75456,TRUE
480,581,264,30000000,30000000,51729395,83854831,32125436,TRUE
481,646,433,10000,10000,51890389,51907717,17328,TRUE
482,777,289,10000,10000,51942483,51960749,18266,TRUE
483,145,874,20000,20000,52062221,52131331,69110,TRUE
484,435,144,1000000,1000000,52073277,52963639,890362,TRUE
485,797,248,30000,30000,52395287,52429015,33728,TRUE
486,178,286,80000,80000,52616445,52694573,78128,TRUE
487,586,267,30000,30000,52652688,52716307,63619,TRUE
488,377,280,10000000,10000000,52684392,62255592,9571200,TRUE
489,452,518,20000,20000,52832721,52857435,24714,TRUE
490,774,810,80000,80000,52881174,53014923,133749,TRUE
491,176,594,50000,50000,52956056,53021195,65139,TRUE
492,749,581,2000000,2000000,52981008,55518057,2537049,TRUE
493,473,452,80000,80000,53157129,53292823,135694,TRUE
494,776,313,1000000,1000000,53188668,54064156,875488,TRUE
495,262,868,80000,80000,53214313,53289769,75456,TRUE
496,282,264,80000,80000,53238324,53389643,151319,TRUE
497,145,648,2000000,2000000,53372201,56058235,2686034,TRUE
498,372,870,10000,10000,53443155,53458933,15778,TRUE
499,798,545,50000,50000,53531528,53585768,54240,TRUE
500,278,244,5000000,5000000,53613801,62693323,9079522,TRUE
501,810,585,1000000,1000000,53726808,55655811,1929003,TRUE
502,811,429,80000,80000,53805057,53877841,72784,TRUE
503,644,717,30000,30000,53817559,53849559,32000,TRUE
504,264,787,5000000,5000000,53997338,58665767,4668429,TRUE
505,585,290,10000,10000,54010835,54026707,15872,TRUE
506,800,262,200000,200000,54094909,54289117,194208,TRUE
507,251,804,50000,50000,54115969,54169329,53360,TRUE
508,752,470,2000000,2000000,54203950,57383006,3179056,TRUE
509,260,803,1000000,1000000,54230680,55271233,1040553,TRUE
510,716,496,1000000,1000000,54306672,55767453,1460781,TRUE
511,586,594,30000,30000,54360375,54420639,60264,TRUE
512,461,748,10000000,10000000,54405019,68638619,14233600,TRUE
513,455,645,2000000,2000000,54430067,56191767,1761700,TRUE
514,467,543,1000000,1000000,54497847,55696407,1198560,TRUE
515,585,284,80000,80000,54572226,54649122,76896,TRUE
516,773,495,50000,50000,54713947,54763387,49440,TRUE
517,469,589,30000,30000,54840027,54872027,32000,TRUE
518,594,143,80000,80000,54888490,54965995,77505,TRUE
519,586,495,1000000,1000000,55024527,56134793,1110266,TRUE
520,644,571,1000000,1000000,55296976,56175136,878160,TRUE
521,278,811,1000000,1000000,55504406,56704811,1200405,TRUE
522,798,289,30000,30000,55730456,55762552,32096,TRUE
523,248,309,2000000,2000000,56081736,58906146,2824410,TRUE
524,289,772,10000000,10000000,56127272,70395264,14267992,TRUE
525,868,583,50000,50000,56201145,56250585,49440,TRUE
526,172,184,1000000,1000000,56204397,57079885,875488,TRUE
527,314,373,10000,10000,56243841,56255913,12072,TRUE
528,484,584,200000,200000,56390505,56572985,182480,TRUE
529,264,583,10000,10000,56454748,56511687,56939,TRUE
530,372,315,50000,50000,56458810,56508650,49840,TRUE
531,314,868,10000,10000,56682038,56696694,14656,TRUE
532,265,592,5000000,5000000,56947850,63775930,6828080,TRUE
533,144,772,50000,50000,57016404,57114068,97664,TRUE
534,616,462,1000000,1000000,57129380,58466324,1336944,TRUE
535,712,264,30000,30000,57238805,57372983,134178,TRUE
536,755,185,2000000,2000000,57362437,59432389,2069952,TRUE
537,781,142,10000,10000,57389103,57403759,14656,TRUE
538,710,469,10000,10000,57430348,57453666,23318,TRUE
539,283,470,20000,20000,57682019,57708019,26000,TRUE
540,784,723,5000000,5000000,57837771,66179928,8342157,TRUE
541,516,584,1000000,1000000,57954635,58882811,928176,TRUE
542,185,487,2000000,2000000,57990378,60425669,2435291,TRUE
543,469,492,200000,200000,58033176,58215656,182480,TRUE
544,581,714,50000,50000,58145903,58211983,66080,TRUE
545,266,281,2000000,2000000,58237600,60267547,2029947,TRUE
546,265,452,1000000,1000000,58276200,60120674,1844474,TRUE
547,753,245,5000000,5000000,58333114,62764450,4431336,TRUE
548,777,308,80000,80000,58356226,58434178,77952,TRUE
549,570,142,1000000,1000000,58392313,59344202,951889,TRUE
550,374,711,80000,80000,58888985,58975402,86417,TRUE
551,545,799,20000,20000,58982184,59005587,23403,TRUE
552,276,807,2000000,2000000,59004864,60752913,1748049,TRUE
553,473,796,10000000,10000000,59046306,68520233,9473927,TRUE
554,516,245,10000,10000,59168632,59196503,27871,TRUE
555,772,710,30000000,30000000,59326513,97894220,38567707,TRUE
556,463,710,10000000,10000000,59334583,86599456,27264873,TRUE
557,811,375,20000,20000,59363404,59386732,23328,TRUE
558,874,712,50000,50000,59460434,59512546,52112,TRUE
559,594,244,80000,80000,60101635,60312335,210700,TRUE
560,454,523,10000,10000,60104960,60119616,14656,TRUE
561,720,567,30000,30000,60201048,60230376,29328,TRUE
562,433,308,200000,200000,60627758,60825226,197468,TRUE
563,261,615,50000,50000,60698943,60748383,49440,TRUE
564,461,779,200000,200000,60708613,60950413,241800,TRUE
565,519,264,50000,50000,60781438,60874235,92797,TRUE
566,495,281,10000,10000,60793537,60808193,14656,TRUE
567,755,456,10000,10000,60834915,60849571,14656,TRUE
568,811,544,10000,10000,60901392,60946867,45475,TRUE
569,183,264,50000,50000,60915057,61003219,88162,TRUE
570,265,614,10000000,10000000,61026224,70914414,9888190,TRUE
571,455,564,20000,20000,61075174,61098502,23328,TRUE
572,264,651,80000,80000,61338114,61466607,128493,TRUE
573,708,313,200000,200000,61367764,61547572,179808,TRUE
574,266,544,2000000,2000000,61418142,63163230,1745088,TRUE
575,717,750,1000000,1000000,61553130,62467134,914004,TRUE
576,250,581,80000,80000,61560008,61660639,100631,TRUE
577,799,430,2000000,2000000,61567636,63490324,1922688,TRUE
578,811,584,50000,50000,61578273,61630385,52112,TRUE
579,372,174,50000,50000,61626005,61678117,52112,TRUE
580,428,873,30000,30000,61799127,61919918,120791,TRUE
581,710,490,20000,20000,61834985,61915996,81011,TRUE
582,315,873,10000000,10000000,61969468,70824572,8855104,TRUE
583,523,808,1000000,1000000,62019855,63825235,1805380,TRUE
584,471,286,10000,10000,62094289,62117362,23073,TRUE
585,586,180,1000000,1000000,62178128,63054496,876368,TRUE
586,754,499,30000000,30000000,62242613,92969460,30726847,TRUE
587,186,309,50000,50000,62344262,62445044,100782,TRUE
588,145,776,10000,10000,62439841,62455147,15306,TRUE
589,467,452,200000,200000,62514828,62694636,179808,TRUE
590,710,748,80000,80000,62522256,62708764,186508,TRUE
591,519,431,80000,80000,62584385,62759962,175577,TRUE
592,547,283,1000000,1000000,62624982,63633162,1008180,TRUE
593,376,458,10000,10000,62766083,62783411,17328,TRUE
594,431,377,30000,30000,62835863,62880410,44547,TRUE
595,570,183,5000000,5000000,62837496,67193960,4356464,TRUE
596,377,245,30000,30000,62846852,62881213,34361,TRUE
597,434,583,50000,50000,62875949,62928061,52112,TRUE
598,430,614,10000,10000,62946218,62964628,18410,TRUE
599,798,379,1000000,1000000,62966545,63913633,947088,TRUE
600,251,428,1000000,1000000,63002071,64542574,1540503,TRUE
601,176,314,2000000,2000000,63130755,69485051,6354296,TRUE
602,472,291,50000,50000,63302707,63403010,100303,TRUE
603,649,783,10000,10000,63304502,63324745,20243,TRUE
604,719,145,30000,30000,63328829,63372285,43456,TRUE
605,484,308,10000000,10000000,63420567,78240020,14819453,TRUE
606,433,490,30000,30000,63433820,63467532,33712,TRUE
607,519,375,50000,50000,63444633,63495761,51128,TRUE
608,519,492,200000,200000,63591427,63775843,184416,TRUE
609,473,289,200000,200000,64073045,64389129,316084,TRUE
610,753,649,80000,80000,64083200,64161328,78128,TRUE
611,472,262,2000000,2000000,64361548,66103964,1742416,TRUE
612,583,716,30000000,30000000,64461813,92012685,27550872,TRUE
613,617,775,1000000,1000000,64535438,65483982,948544,TRUE
614,614,588,20000,20000,64699844,64725954,26110,TRUE
615,175,543,50000,50000,64699873,64749313,49440,TRUE
616,523,615,10000,10000,64806920,64830539,23619,TRUE
617,594,465,20000,20000,64824892,64848220,23328,TRUE
618,802,569,5000000,5000000,64883910,69237702,4353792,TRUE
619,870,719,28328640,30000000,65001746,100000000,34998254,FALSE
620,580,644,5000000,5000000,65061389,69456301,4394912,TRUE
621,799,471,5000000,5000000,65284485,70012921,4728436,TRUE
622,460,787,10000000,10000000,65376210,78216032,12839822,TRUE
623,467,778,50000,50000,65639846,65766776,126930,TRUE
624,779,489,50000,50000,65666590,65716030,49440,TRUE
625,309,147,10000000,10000000,65670116,77087746,11417630,TRUE
626,313,490,10000000,10000000,65758859,77445593,11686734,TRUE
627,617,493,2000000,2000000,65844870,67668246,1823376,TRUE
628,488,282,10000,10000,65868957,65883613,14656,TRUE
629,749,613,200000,200000,66093245,66275725,182480,TRUE
630,260,582,5000000,5000000,66371982,77210903,10838921,TRUE
631,518,282,50000,50000,66431860,66538395,106535,TRUE
632,583,594,50000,50000,66487493,66702895,215402,TRUE
633,457,581,10000000,10000000,66510634,84272875,17762241,TRUE
634,472,263,1000000,1000000,66724591,67789407,1064816,TRUE
635,429,308,10000000,10000000,67056539,80961048,13904509,TRUE
636,517,711,2000000,2000000,67160048,68980272,1820224,TRUE
637,141,796,80000,80000,67246705,67382305,135600,TRUE
638,472,619,2000000,2000000,67374037,69337943,1963906,TRUE
639,779,468,50000,50000,67729162,67781675,52513,TRUE
640,377,774,30000,30000,67734988,67766988,32000,TRUE
641,754,262,5000000,5000000,67739484,76196373,8456889,TRUE
642,809,787,200000,200000,67754939,68072824,317885,TRUE
643,796,469,50000,50000,67865248,68006793,141545,TRUE
644,711,244,80000,80000,67924702,68129904,205202,TRUE
645,310,428,30000000,30000000,67966458,96798265,28831807,TRUE
646,519,542,80000,80000,67969657,68104168,134511,TRUE
647,187,590,30000,30000,68116487,68148487,32000,TRUE
648,716,582,2000000,2000000,68147363,71764988,3617625,TRUE
649,721,565,50000,50000,68217115,68268818,51703,TRUE
650,264,651,50000,50000,68446395,68502927,56532,TRUE
651,178,486,10000,10000,68513639,68525623,11984,TRUE
652,377,721,50000,50000,68553355,68602795,49440,TRUE
653,248,807,50000,50000,68669877,68721989,52112,TRUE
654,648,288,2000000,2000000,68673500,70418588,1745088,TRUE
655,542,522,80000,80000,68685051,68771884,86833,TRUE
656,175,375,10000,10000,68692172,68728941,36769,TRUE
657,587,808,80000,80000,68708847,68881999,173152,TRUE
658,719,475,10000,10000,68775113,68791490,16377,TRUE
659,797,179,5000000,5000000,68793948,73797223,5003275,TRUE
660,289,456,30000,30000,68795644,68837504,41860,TRUE
661,584,713,10000,10000,68871332,68885988,14656,TRUE
662,748,595,1000000,1000000,68908246,69786406,878160,TRUE
663,432,584,10000000,10000000,68987066,83728585,14741519,TRUE
664,646,459,2000000,2000000,69130447,70876147,1745700,TRUE
665,281,246,30000,30000,69192820,69224820,32000,TRUE
666,809,516,200000,200000,69206354,69506339,299985,TRUE
667,612,783,30000,30000,69356105,69437489,81384,TRUE
668,811,798,5000000,5000000,69616627,73979187,4362560,TRUE
669,187,314,10000000,10000000,69850268,79737210,9886942,TRUE
670,464,875,200000,200000,69955311,70505083,549772,TRUE
671,310,516,1000000,1000000,69991439,74759435,4767996,TRUE
672,248,283,2000000,2000000,70094844,71839932,1745088,TRUE
673,251,310,30000,30000,70108719,70187506,78787,TRUE
674,276,261,5000000,5000000,70365073,74741696,4376623,TRUE
675,753,178,30000,30000,70389630,70435085,45455,TRUE
676,647,580,30000,30000,70527051,70559051,32000,TRUE
677,260,467,1000000,1000000,70689950,72091797,1401847,TRUE
678,308,619,50000,50000,70705458,70857844,152386,TRUE
679,496,314,200000,200000,70747467,71218007,470540,TRUE
680,147,568,80000,80000,70779849,70862062,82213,TRUE
681,754,516,80000,80000,70783033,71111573,328540,TRUE
682,311,751,50000,50000,70828759,70884012,55253,TRUE
683,286,717,80000,80000,70889290,70962074,72784,TRUE
684,872,434,2000000,2000000,70899714,73816326,2916612,TRUE
685,711,521,30000,30000,70989189,71021189,32000,TRUE
686,542,617,5000000,5000000,71529616,76209816,4680200,TRUE
687,618,497,80000,80000,71596559,71680518,83959,TRUE
688,291,498,10000,10000,71622378,71637077,14699,TRUE
689,458,799,2000000,2000000,71634962,73380050,1745088,TRUE
690,489,584,23563500,30000000,71806629,100000000,28193371,FALSE
691,491,720,1000000,1000000,71893694,73087378,1193684,TRUE
692,453,545,1000000,1000000,71900163,72775651,875488,TRUE
693,429,775,50000,50000,71912753,71984920,72167,TRUE
694,806,494,1000000,1000000,71968965,73120746,1151781,TRUE
695,648,750,30000,30000,72101389,72136637,35248,TRUE
696,435,648,10000,10000,72105295,72130921,25626,TRUE
697,542,810,80000,80000,72137441,72334184,196743,TRUE
698,650,802,10000,10000,72146482,72169283,22801,TRUE
699,786,490,5000000,5000000,72321392,79198059,6876667,TRUE
700,493,647,10000000,10000000,72342001,81913201,9571200,TRUE
701,459,647,1000000,1000000,72418882,74345489,1926607,TRUE
702,460,875,5000000,5000000,72528770,81701344,9172574,TRUE
703,544,870,5000000,5000000,72623460,80765344,8141884,TRUE
704,487,805,80000,80000,72819386,72986350,166964,TRUE
705,547,474,30000,30000,73234167,73266167,32000,TRUE
706,187,467,1000000,1000000,73666157,75225674,1559517,TRUE
707,434,522,5000000,5000000,73686431,80201750,6515319,TRUE
708,185,173,1000000,1000000,73723165,74670749,947584,TRUE
709,454,311,10000000,10000000,73784015,88074493,14290478,TRUE
710,499,714,80000,80000,73926160,74006685,80525,TRUE
711,521,178,10000000,10000000,73951712,91291106,17339394,TRUE
712,461,775,80000,80000,74328605,74406733,78128,TRUE
713,569,720,50000,50000,74370569,74461452,90883,TRUE
714,183,172,80000,80000,74460189,74535645,75456,TRUE
715,492,140,50000,50000,74482036,74534148,52112,TRUE
716,716,471,10000000,10000000,74514729,85116349,10601620,TRUE
717,469,376,80000,80000,74738728,74816856,78128,TRUE
718,810,616,80000,80000,74908738,74984194,75456,TRUE
719,594,435,80000,80000,74949102,75027230,78128,TRUE
720,309,617,30000,30000,74971362,75078996,107634,TRUE
721,718,499,200000,200000,75105241,75363305,258064,TRUE
722,594,774,10000,10000,75176816,75188800,11984,TRUE
723,434,186,5000000,5000000,75189636,82452470,7262834,TRUE
724,716,796,80000,80000,75247257,75411949,164692,TRUE
725,612,142,10000000,10000000,75268812,90973148,15704336,TRUE
726,262,709,10000,10000,75503030,75518805,15775,TRUE
727,469,493,50000,50000,75592947,75711525,118578,TRUE
728,279,523,1000000,1000000,75758279,77568331,1810052,TRUE
729,176,544,10000,10000,75786365,75844368,58003,TRUE
730,801,585,30000,30000,75835963,75879675,43712,TRUE
731,282,752,80000,80000,75900298,75976805,76507,TRUE
732,249,288,50000,50000,75953171,75999939,46768,TRUE
733,715,717,30000,30000,76146078,76187134,41056,TRUE
734,454,719,5000000,5000000,76240623,87519344,11278721,TRUE
735,708,175,10000,10000,76436645,76453973,17328,TRUE
736,460,772,1000000,1000000,76516130,78856648,2340518,TRUE
737,713,178,5000000,5000000,76596653,82570717,5974064,TRUE
738,176,461,1000000,1000000,76671375,77565024,893649,TRUE
739,781,183,5000000,5000000,76798234,82899466,6101232,TRUE
740,543,587,80000,80000,76887075,77180039,292964,TRUE
741,430,618,200000,200000,77172814,77542822,370008,TRUE
742,314,375,50000,50000,77185382,77235082,49700,TRUE
743,432,588,200000,200000,77197671,77473513,275842,TRUE
744,809,648,80000,80000,77397643,77480238,82595,TRUE
745,485,280,10000,10000,77782229,77796885,14656,TRUE
746,544,612,1000000,1000000,77809156,79565976,1756820,TRUE
747,262,244,10000,10000,77890944,77916561,25617,TRUE
748,287,467,22787940,30000000,77937288,100000000,22062712,FALSE
749,646,785,10000000,10000000,78013052,86720748,8707696,TRUE
750,781,183,2000000,2000000,78039951,81707562,3667611,TRUE
751,310,808,30000,30000,78101015,78169194,68179,TRUE
752,176,499,50000,50000,78145332,78242725,97393,TRUE
753,433,785,10000,10000,78352818,78376752,23934,TRUE
754,616,141,30000,30000,78404918,78441492,36574,TRUE
755,457,796,5000000,5000000,78417743,85006299,6588556,TRUE
756,797,487,50000,50000,78418497,78468907,50410,TRUE
757,800,650,30000,30000,78461005,78493005,32000,TRUE
758,309,265,50000,50000,78593798,78643238,49440,TRUE
759,520,715,5000000,5000000,78617672,84582669,5964997,TRUE
760,286,468,50000,50000,78635940,78685380,49440,TRUE
761,467,751,200000,200000,78703908,78901048,197140,TRUE
762,431,711,10000,10000,78747124,78761780,14656,TRUE
763,494,455,10000,10000,79265122,79279778,14656,TRUE
764,286,184,10000000,10000000,79366782,88953076,9586294,TRUE
765,260,778,10000,10000,79446661,79461317,14656,TRUE
766,612,580,13644060,30000000,79795290,100000000,20204710,FALSE
767,311,261,50000,50000,79805051,79855218,50167,TRUE
768,543,284,20000,20000,79941876,80037609,95733,TRUE
769,182,290,30000,30000,79954069,79993614,39545,TRUE
770,377,431,80000,80000,80181702,80264806,83104,TRUE
771,276,143,5000000,5000000,80404212,84778116,4373904,TRUE
772,472,811,10000000,10000000,80602812,89301740,8698928,TRUE
773,773,588,2000000,2000000,80645951,82532127,1886176,TRUE
774,470,779,10000000,10000000,80733005,89789979,9056974,TRUE
775,755,544,10000000,10000000,81137509,89933509,8796000,TRUE
776,805,748,50000,50000,81166229,81212997,46768,TRUE
777,516,801,80000,80000,81686086,82093605,407519,TRUE
778,581,782,1000000,1000000,81727942,83882527,2154585,TRUE
779,722,455,2000000,2000000,81781049,83526137,1745088,TRUE
780,141,469,30000,30000,82054924,82086924,32000,TRUE
781,291,175,30000,30000,82255740,82315844,60104,TRUE
782,471,774,10000,10000,82422928,82491289,68361,TRUE
783,798,542,10000,10000,82558178,82581365,23187,TRUE
784,140,541,80000,80000,82627298,82702754,75456,TRUE
785,174,493,10000000,10000000,82685638,91387238,8701600,TRUE
786,720,246,30000,30000,82801194,82833194,32000,TRUE
787,456,260,80000,80000,82819076,82934093,115017,TRUE
788,784,141,10000,10000,82873730,82890676,16946,TRUE
789,484,571,30000,30000,82930402,82959730,29328,TRUE
790,462,591,10000000,10000000,83049920,97614353,14564433,TRUE
791,497,589,50000,50000,83065810,83115250,49440,TRUE
792,184,648,10000000,10000000,83091476,92399974,9308498,TRUE
793,613,591,2000000,2000000,83100835,86418608,3317773,TRUE
794,543,377,10000,10000,83135499,83155747,20248,TRUE
795,580,491,20000,20000,83163070,83194948,31878,TRUE
796,315,435,80000,80000,83398902,83619290,220388,TRUE
797,751,142,10000000,10000000,83432603,96872280,13439677,TRUE
798,645,718,10000,10000,83451509,83466165,14656,TRUE
799,784,581,80000,80000,83634009,83786983,152974,TRUE
800,798,497,2000000,2000000,83642520,85699880,2057360,TRUE
801,289,805,30000,30000,83659478,83694150,34672,TRUE
802,797,459,1000000,1000000,83881381,84813627,932246,TRUE
803,276,499,20000,20000,84039848,84206240,166392,TRUE
804,490,808,80000,80000,84049985,84128113,78128,TRUE
805,594,291,1000000,1000000,84085549,85011164,925615,TRUE
806,570,250,80000,80000,84286631,84362087,75456,TRUE
807,566,471,10000000,10000000,84509800,98800305,14290505,TRUE
808,717,583,50000,50000,84602506,84880861,278355,TRUE
809,180,309,80000,80000,84634012,84709468,75456,TRUE
810,460,517,1000000,1000000,84712164,85607762,895598,TRUE
811,286,485,80000,80000,84734638,84857830,123192,TRUE
812,722,646,30000,30000,84787184,84863140,75956,TRUE
813,435,486,80000,80000,84811252,84886708,75456,TRUE
814,464,715,80000,80000,84823149,84906397,83248,TRUE
815,868,497,5000000,5000000,84872897,91981649,7108752,TRUE
816,584,711,10000,10000,84886799,84903709,16910,TRUE
817,752,463,1000000,1000000,84903698,85839936,936238,TRUE
818,871,650,2000000,2000000,84904391,88133432,3229041,TRUE
819,276,799,50000,50000,84911290,84958058,46768,TRUE
820,279,650,10000,10000,85115557,85135192,19635,TRUE
821,246,452,2000000,2000000,85194615,86939703,1745088,TRUE
822,619,248,200000,200000,85254525,85576652,322127,TRUE
823,570,187,1000000,1000000,85267217,86202305,935088,TRUE
824,376,454,30000,30000,85309325,85400433,91108,TRUE
825,470,564,80000,80000,85336672,85504619,167947,TRUE
826,475,286,80000,80000,85440345,85527086,86741,TRUE
827,290,465,200000,200000,85447897,85812844,364947,TRUE
828,592,582,80000,80000,85730982,85814390,83408,TRUE
829,869,649,20000,20000,85741828,85853144,111316,TRUE
830,462,868,5000000,5000000,85847553,96309313,10461760,TRUE
831,379,458,1000000,1000000,85874754,86752914,878160,TRUE
832,565,374,80000,80000,86173029,86468748,295719,TRUE
833,183,804,200000,200000,86697346,86877154,179808,TRUE
834,544,868,5000000,5000000,86839304,94966817,8127513,TRUE
835,751,720,5000000,5000000,86890683,97467968,10577285,TRUE
836,372,783,10000,10000,86978154,87000166,22012,TRUE
837,591,522,30000,30000,87132207,87167697,35490,TRUE
838,498,287,5000000,5000000,87136351,91949716,4813365,TRUE
839,521,311,80000,80000,87224910,87381681,156771,TRUE
840,466,291,10000,10000,87333935,87357016,23081,TRUE
841,869,143,2000000,2000000,87418828,90790636,3371808,TRUE
842,372,187,5000000,5000000,87420798,91818142,4397344,TRUE
843,586,613,30000,30000,87448401,87481732,33331,TRUE
844,803,182,20000,20000,87560161,87583489,23328,TRUE
845,265,282,2000000,2000000,87573861,89340093,1766232,TRUE
846,874,143,5000000,5000000,87674865,95437372,7762507,TRUE
847,467,723,10000,10000,87991179,88010344,19165,TRUE
848,569,263,7556880,30000000,88061807,100000000,11938193,FALSE
849,519,187,50000,50000,88064827,88157838,93011,TRUE
850,435,540,80000,80000,88116914,88273529,156615,TRUE
851,543,475,200000,200000,88211789,88406659,194870,TRUE
852,459,173,200000,200000,88302371,88484851,182480,TRUE
853,755,564,10000,10000,88435309,88457573,22264,TRUE
854,874,267,50000,50000,88487486,88551982,64496,TRUE
855,373,749,80000,80000,88551220,88630140,78920,TRUE
856,177,312,30000,30000,88561230,88599422,38192,TRUE
857,172,614,20000,20000,88586351,88609679,23328,TRUE
858,871,280,5000000,5000000,88734512,93846076,5111564,TRUE
859,619,546,5000000,5000000,88808393,96989196,8180803,TRUE
860,781,772,1000000,1000000,88902579,89939372,1036793,TRUE
861,802,719,30000,30000,88987525,89133172,145647,TRUE
862,868,584,50000,50000,89091690,89446001,354311,TRUE
863,497,433,9785580,10000000,89371101,100000000,10628899,FALSE
864,751,311,80000,80000,89424823,89699272,274449,TRUE
865,182,492,2000000,2000000,89441647,91322820,1881173,TRUE
866,713,260,10000,10000,89828056,89842712,14656,TRUE
867,468,873,200000,200000,89847477,90102364,254887,TRUE
868,434,872,5000000,5000000,89886691,94421881,4535190,TRUE
869,872,146,2000000,2000000,90036086,95017084,4980998,TRUE
870,799,467,1000000,1000000,90066715,91610312,1543597,TRUE
871,716,873,50000,50000,90233022,90328445,95423,TRUE
872,246,310,5000000,5000000,90265496,96866233,6600737,TRUE
873,568,178,5000000,5000000,90310734,95014894,4704160,TRUE
874,431,752,5000000,5000000,90335106,94730546,4395440,TRUE
875,755,311,10935120,30000000,90478863,100000000,9521137,FALSE
876,375,147,10000,10000,90525829,90540485,14656,TRUE
877,777,491,30000,30000,90581415,90644284,62869,TRUE
878,580,710,5713200,30000000,90649774,100000000,9350226,FALSE
879,431,314,50000,50000,90659749,90764946,105197,TRUE
880,287,776,50000,50000,90714676,90785060,70384,TRUE
881,567,472,2602680,5000000,90813731,100000000,9186269,FALSE
882,799,284,80000,80000,91095758,91206824,111066,TRUE
883,279,495,10000,10000,91099470,91143280,43810,TRUE
884,473,173,8877540,30000000,91114966,100000000,8885034,FALSE
885,541,290,1000000,1000000,91178263,92056423,878160,TRUE
886,283,376,80000,80000,91220484,91332016,111532,TRUE
887,278,872,10000,10000,91266223,91323552,57329,TRUE
888,805,571,10000,10000,91266490,91321813,55323,TRUE
889,588,266,80000,80000,91274480,91352608,78128,TRUE
890,594,519,30000,30000,91356736,91390625,33889,TRUE
891,279,875,10000,10000,91483103,91522320,39217,TRUE
892,247,496,10000,10000,91494579,91527346,32767,TRUE
893,246,619,2000000,2000000,91616408,95877448,4261040,TRUE
894,615,806,80000,80000,91755310,91830766,75456,TRUE
895,612,569,30000,30000,91887829,91931308,43479,TRUE
896,281,520,200000,200000,92103973,92357848,253875,TRUE
897,718,378,50000,50000,92171305,92220745,49440,TRUE
898,246,281,80000,80000,92326504,92722624,396120,TRUE
899,570,593,2093460,5000000,92383091,100000000,7616909,FALSE
900,580,185,10000,10000,92400836,92415492,14656,TRUE
901,593,461,5000000,5000000,92479896,97101073,4621177,TRUE
902,583,146,50000,50000,92512378,92575018,62640,TRUE
903,649,617,5000000,5000000,92560792,96917256,4356464,TRUE
904,495,474,50000,50000,92561555,92613667,52112,TRUE
905,458,810,80000,80000,92607524,92684228,76704,TRUE
906,798,377,10000,10000,92642511,92659839,17328,TRUE
907,466,585,80000,80000,92765459,92901849,136390,TRUE
908,591,648,200000,200000,93299709,93481549,181840,TRUE
909,141,871,5000000,5000000,93662843,98496700,4833857,TRUE
910,181,464,4418760,30000000,93848439,100000000,6151561,FALSE
911,246,491,20000,20000,93856960,93972864,115904,TRUE
912,595,486,80000,80000,93994299,94069755,75456,TRUE
913,455,475,6404580,10000000,94000911,100000000,5999089,FALSE
914,429,265,50000,50000,94010235,94059675,49440,TRUE
915,710,469,200000,200000,94039837,94288716,248879,TRUE
916,546,375,80000,80000,94086379,94166120,79741,TRUE
917,748,458,1000000,1000000,94280549,95453637,1173088,TRUE
918,181,713,2490900,10000000,94431109,100000000,5568891,FALSE
919,452,755,80000,80000,94567455,94710543,143088,TRUE
920,469,458,4933500,5000000,94568273,100000000,5431727,FALSE
921,787,542,4077900,5000000,94572172,100000000,5427828,FALSE
922,752,281,10000,10000,94711287,94728694,17407,TRUE
923,147,491,1000000,1000000,94791491,95669651,878160,TRUE
924,372,186,200000,200000,95028914,95208722,179808,TRUE
925,787,181,1963740,2000000,95120672,100000000,4879328,FALSE
926,787,277,80000,80000,95145490,95410828,265338,TRUE
927,612,809,1000000,1000000,95451682,96634140,1182458,TRUE
928,806,487,4560900,30000000,95523407,100000000,4476593,FALSE
929,546,432,200000,200000,95529326,95722576,193250,TRUE
930,248,473,50000,50000,95588371,95722882,134511,TRUE
931,586,246,200000,200000,95646114,95898984,252870,TRUE
932,798,467,1000000,1000000,95754532,97221112,1466580,TRUE
933,491,470,80000,80000,95906436,95986567,80131,TRUE
934,431,590,3897120,30000000,96010362,100000000,3989638,FALSE
935,472,145,20000,20000,96014041,96091708,77667,TRUE
936,565,276,4500180,5000000,96079944,100000000,3920056,FALSE
937,459,580,1000000,1000000,96291739,97514200,1222461,TRUE
938,251,462,50000,50000,96334633,96471707,137074,TRUE
939,872,308,30000,30000,96366995,96398995,32000,TRUE
940,285,796,3995100,5000000,96477454,100000000,3522546,FALSE
941,646,182,2506080,5000000,96501052,100000000,3498948,FALSE
942,645,433,1000000,1000000,96506652,98221302,1714650,TRUE
943,175,612,2000000,2000000,96515251,98387269,1872018,TRUE
944,264,711,3857100,5000000,96639346,100000000,3360654,FALSE
945,286,583,1000000,1000000,96775867,97651355,875488,TRUE
946,772,177,50000,50000,97005244,97171212,165968,TRUE
947,144,753,3211260,5000000,97200618,100000000,2799382,FALSE
948,803,868,2000000,2000000,97224102,98971862,1747760,TRUE
949,140,454,2000000,2000000,97319475,99108115,1788640,TRUE
950,284,452,200000,200000,97326939,97506747,179808,TRUE
951,874,588,2964240,5000000,97328606,100000000,2671394,FALSE
952,493,182,1506960,10000000,97449087,100000000,2550913,FALSE
953,581,146,50000,50000,97577910,97627350,49440,TRUE
954,284,542,1000000,1000000,97580684,99609500,2028816,TRUE
955,244,378,80000,80000,97591824,97667280,75456,TRUE
956,183,491,200000,200000,97650861,97844304,193443,TRUE
957,262,871,1326180,2000000,97848153,100000000,2151847,FALSE
958,784,714,1569060,5000000,97850831,100000000,2149169,FALSE
959,462,247,80000,80000,97942337,98020465,78128,TRUE
960,779,142,10000,10000,97987813,98002469,14656,TRUE
961,141,496,50000,50000,98123472,98243851,120379,TRUE
962,308,433,1222680,10000000,98153700,100000000,1846300,FALSE
963,310,805,50000,50000,98186781,98239565,52784,TRUE
964,721,585,1052940,10000000,98321552,100000000,1678448,FALSE
965,487,287,1275120,5000000,98374258,100000000,1625742,FALSE
966,516,779,30000,30000,98513120,98547792,34672,TRUE
967,649,432,1230960,30000000,98901695,100000000,1098305,FALSE
968,431,714,471960,5000000,98970127,100000000,1029873,FALSE
969,803,545,977040,10000000,99143518,100000000,856482,FALSE
970,185,173,10000,10000,99188060,99206930,18870,TRUE
971,474,249,10000,10000,99213279,99296067,82788,TRUE
972,650,523,10000,10000,99352865,99367521,14656,TRUE
973,244,310,10000,10000,99409799,99424455,14656,TRUE
974,291,497,20000,20000,99514564,99539224,24660,TRUE
975,462,489,30000,30000,99532317,99566825,34508,TRUE
976,463,378,183540,5000000,99828840,100000000,171160,FALSE
