428,41,Y,54579936,54.579936
26,310,Y,50895264,50.895264
58,77,N,45812735,45.812734999999996
55,19,N,44998400,44.9984
45,94,N,44417632,44.417632000000005
52,522,Y,43168672,43.168672
86,52,N,42984768,42.984768
265,20,Y,42236288,42.236288
41,86,N,40737664,40.737664
77,719,Y,40548784,40.548784
76,710,Y,39929992,39.929992
464,45,Y,39230361,39.230361
64,44,N,38036896,38.036896
96,868,Y,38004224,38.004224
86,41,N,37886288,37.886288
37,26,N,37238656,37.238656
60,39,N,36747351,36.747351
772,84,Y,36092064,36.092064
44,454,Y,35679648,35.679648
22,64,N,35390752,35.390752
64,618,Y,35310240,35.31024
713,76,Y,35131680,35.131679999999996
494,49,Y,34979808,34.979808
807,88,Y,34945152,34.945152
94,5,N,34791872,34.791872
92,96,N,34786304,34.786304
85,3,N,33988096,33.988096
64,22,N,33986672,33.986672
60,52,N,33791168,33.791168
45,464,Y,33750544,33.750544
542,55,Y,33403840,33.40384
52,20,N,33146688,33.146688000000005
802,87,Y,33143776,33.143776
41,428,Y,32947936,32.947936
87,50,N,32600384,32.600384
53,45,N,32492864,32.492864
41,73,N,32142930,32.14293
81,67,N,31557472,31.557471999999997
77,716,Y,31421696,31.421695999999997
48,57,N,31079715,31.079715000000004
310,26,Y,30951264,30.951264000000002
50,58,N,30861216,30.861216000000002
48,485,Y,30824864,30.824864
18,244,Y,30781664,30.781664
279,22,Y,30713664,30.713664
754,81,Y,30622752,30.622752
60,584,Y,30573744,30.573744
67,49,N,30462592,30.462592
26,17,N,30022384,30.022384000000002
145,5,Y,29943040,29.94304
870,96,Y,29697591,29.697591000000003
23,290,Y,29452768,29.452768000000003
5,25,N,29404800,29.404799999999998
17,86,N,29373575,29.373575000000002
26,309,Y,29355328,29.355328000000004
755,81,Y,29180865,29.180865
68,53,N,29044032,29.044031999999998
803,87,Y,28942866,28.942866000000002
44,459,Y,28938304,28.938304
581,60,Y,28912896,28.912896
20,264,Y,28462016,28.462016000000002
5,145,Y,28359040,28.35904
39,77,N,28218752,28.218752000000002
25,44,N,27838144,27.838144
62,41,N,27747757,27.747757
785,85,Y,27681792,27.681791999999998
58,566,Y,27669152,27.669152000000004
34,68,N,27381760,27.38176
52,60,N,27379264,27.379264
64,616,Y,27299584,27.299584
41,431,Y,27249728,27.249728
84,31,N,27053888,27.053887999999997
88,62,N,26983200,26.9832
87,1,N,26962208,26.962207999999997
19,48,N,26898432,26.898432
96,58,N,26874579,26.874578999999997
31,76,N,26791520,26.791520000000002
49,499,Y,26788544,26.788543999999998
179,9,Y,26652416,26.652416000000002
49,64,N,26538272,26.538272000000003
76,37,N,26526592,26.526591999999997
60,26,N,26414656,26.414655999999997
583,60,Y,26394368,26.394368
76,62,N,26343872,26.343872
39,60,N,26332787,26.332787000000003
8,64,N,26284416,26.284416
650,68,Y,26277088,26.277088
15,18,N,26263680,26.26368
62,92,N,26200160,26.20016
709,76,Y,26174848,26.174848
20,42,N,26165376,26.165376000000002
42,23,N,26165376,26.165376000000002
9,15,N,26133568,26.133568
85,783,Y,26131456,26.131455999999996
92,26,N,26130592,26.130592000000004
1,85,N,26104576,26.104576
3,8,N,26087808,26.087808000000003
73,92,N,26087040,26.087040000000002
65,55,N,25281834,25.281833999999996
45,467,Y,24553796,24.553796
454,44,Y,24463648,24.463648
58,15,N,24359171,24.359171
46,471,Y,23806272,23.806272
22,60,N,23716172,23.716172
23,42,N,23702704,23.702704
612,64,Y,22594740,22.594739999999998
34,378,Y,22466916,22.466916
60,580,Y,22393160,22.39316
46,44,N,22205713,22.205713
17,26,N,22024416,22.024416
77,91,N,21967659,21.967659
570,58,Y,21956960,21.95696
45,85,N,21603164,21.603164
290,23,Y,21580768,21.580768
489,48,Y,21557552,21.557551999999998
20,52,N,21231616,21.231616
60,585,Y,21051135,21.051135000000002
49,59,N,20945557,20.945557
86,45,N,20858352,20.858352
57,39,N,20569440,20.56944
287,23,Y,20306228,20.306228
75,45,N,20075208,20.075208
5,142,Y,20017760,20.017760000000003
42,75,N,19866796,19.866796
309,26,Y,19715328,19.715328
55,547,Y,19233472,19.233472
41,58,N,19164384,19.164384000000002
39,84,N,19156928,19.156928
32,26,N,19156185,19.156185
26,308,Y,18932448,18.932447999999997
10,86,N,18770964,18.770964
264,20,Y,18704606,18.704606
53,61,N,18685792,18.685792
88,4,N,18680927,18.680927
84,772,Y,18604064,18.604064
61,84,N,18574464,18.574464
473,46,Y,18574160,18.57416
26,311,Y,18357685,18.357685
81,32,N,18287005,18.287005
7,64,N,18234112,18.234112
18,65,N,18147200,18.147199999999998
81,94,N,18115392,18.115392
44,46,N,18036021,18.036020999999998
19,96,N,18009120,18.00912
81,41,N,17815200,17.8152
496,49,Y,17740544,17.740544
23,77,N,17736672,17.736672000000002
96,875,Y,17688768,17.688768
87,796,Y,17536916,17.536915999999998
9,178,Y,17493568,17.493568
61,592,Y,17476192,17.476191999999998
49,73,N,17398464,17.398464
308,26,Y,17318239,17.318239
467,45,Y,17050272,17.050272
248,18,Y,16814912,16.814912
13,20,N,16774555,16.774555
462,45,Y,16662496,16.662495999999997
4,61,N,16606282,16.606282
23,59,N,16547488,16.547487999999998
85,71,N,16359057,16.359057
45,53,N,16318368,16.318368
45,19,N,16302592,16.302592
59,60,N,16075488,16.075488
616,64,Y,16051584,16.051584
55,542,Y,15891045,15.891045
91,46,N,15866032,15.866031999999999
44,452,Y,15521312,15.521312000000002
34,60,N,15465664,15.465664
52,55,N,15302208,15.302208
91,61,N,14873552,14.873552
60,22,N,14867424,14.867424000000002
22,280,Y,14813600,14.8136
460,45,Y,14782816,14.782815999999999
68,85,N,14674453,14.674453000000002
26,57,N,14640480,14.64048
20,13,N,14425952,14.425952
48,98,N,14404704,14.404703999999999
10,5,N,14396640,14.39664
187,10,Y,14390048,14.390048
798,87,Y,14348416,14.348416
28,87,N,14276280,14.27628
41,81,N,14267456,14.267456000000001
751,81,Y,14251584,14.251584000000001
81,65,N,14244736,14.244736
587,60,Y,14171136,14.171136
60,587,Y,14163136,14.163136000000002
434,41,Y,14157120,14.15712
463,45,Y,14047408,14.047408
85,787,Y,14002176,14.002175999999999
44,54,N,13975008,13.975007999999999
77,39,N,13951024,13.951024
46,475,Y,13919281,13.919281
716,77,Y,13901696,13.901696
60,581,Y,13752896,13.752896
720,77,Y,13719136,13.719136
20,261,Y,13566464,13.566464
10,182,Y,13533708,13.533708
48,490,Y,13524544,13.524543999999999
15,60,N,13518624,13.518624
26,60,N,13479456,13.479456
289,23,Y,13412032,13.412031999999998
26,314,Y,13355392,13.355391999999998
83,68,N,13299264,13.299263999999999
68,648,Y,13298272,13.298272
472,46,Y,13287488,13.287488
64,612,Y,13280608,13.280607999999999
5,143,Y,13256800,13.256799999999998
10,60,N,13245280,13.245280000000001
34,99,N,13223872,13.223872
10,7,N,13223616,13.223616
46,20,N,13211248,13.211248000000001
48,491,Y,13182016,13.182015999999999
84,74,N,13155232,13.155232
18,17,N,13148928,13.148927999999998
457,44,Y,13116096,13.116095999999999
68,14,N,13113984,13.113984
99,10,N,13043712,13.043712
184,10,Y,13027328,13.027327999999999
98,10,N,12873000,12.873000000000001
646,68,Y,12811424,12.811423999999999
749,81,Y,12785536,12.785536
49,86,N,12750304,12.750304000000002
60,10,N,12743456,12.743456
45,462,Y,12686496,12.686496
455,44,Y,12562409,12.562408999999999
68,647,Y,12478720,12.478720000000001
41,432,Y,12462377,12.462377
20,46,N,12432768,12.432768
45,86,N,12395040,12.39504
61,591,Y,12312064,12.312064
88,46,N,12299936,12.299936
49,493,Y,12218304,12.218304
585,60,Y,12199456,12.199456
89,9,N,12143478,12.143478
55,544,Y,12091008,12.091008
44,53,N,12075328,12.075328
22,13,N,11965664,11.965664
11,41,N,11774624,11.774624
41,434,Y,11717120,11.71712
5,10,N,11672784,11.672784
98,96,N,11556960,11.55696
44,455,Y,11551680,11.551680000000001
64,617,Y,11545088,11.545088
52,523,Y,11532384,11.532384
648,68,Y,11458272,11.458272
77,35,N,11433888,11.433888
10,184,Y,11419328,11.419328
41,78,N,11374112,11.374112
22,90,N,11327936,11.327936
22,283,Y,11317088,11.317088
59,23,N,11296224,11.296224
58,48,N,11280864,11.280864
46,28,N,11169216,11.169216
94,81,N,11165856,11.165856
493,49,Y,11147609,11.147609
96,870,Y,11101600,11.101600000000001
461,45,Y,11095904,11.095903999999999
580,60,Y,11082868,11.082868
61,593,Y,11072784,11.072783999999999
566,58,Y,11061152,11.061152
276,22,Y,11052736,11.052736000000001
85,785,Y,11001792,11.001792
497,49,Y,10983478,10.983478
41,433,Y,10975639,10.975639
88,811,Y,10960192,10.960192000000001
59,10,N,10957024,10.957024
185,10,Y,10941280,10.94128
20,262,Y,10908864,10.908864
53,44,N,10875744,10.875744
42,20,N,10864224,10.864224
68,61,N,10837216,10.837216
85,88,N,10764113,10.764113
81,748,Y,10757568,10.757568000000001
432,41,Y,10700000,10.7
260,20,Y,10670112,10.670112
81,88,N,10658208,10.658208
491,48,Y,10654016,10.654015999999999
87,11,N,10644576,10.644576
84,779,Y,10642816,10.642816
45,463,Y,10627360,10.62736
54,55,N,10616672,10.616672000000001
10,183,Y,10611168,10.611168
180,10,Y,10588000,10.588000000000001
58,570,Y,10577792,10.577792
74,20,N,10561248,10.561247999999999
429,41,Y,10527584,10.527584
147,5,Y,10516512,10.516512
544,55,Y,10515008,10.515008
1,46,N,10508800,10.5088
773,84,Y,10492800,10.492799999999999
712,76,Y,10490688,10.490687999999999
9,2,N,10482016,10.482016
10,99,N,10448832,10.448832
13,55,N,10440576,10.440576
90,18,N,10376832,10.376832
431,41,Y,10367542,10.367542
96,21,N,10351872,10.351872
315,26,Y,10342912,10.342912
71,76,N,10228509,10.228508999999999
26,74,N,10161824,10.161824
46,88,N,10135296,10.135296
18,90,N,10112576,10.112575999999999
52,517,Y,10089280,10.08928
286,23,Y,10055808,10.055807999999999
57,26,N,10054656,10.054656
38,60,N,10044128,10.044127999999999
379,34,Y,9992448,9.992448
20,74,N,9853472,9.853472
20,89,N,9848634,9.848634
46,91,N,9834464,9.834464
377,34,Y,9819904,9.819904
61,588,Y,9767652,9.767652
21,5,N,9760512,9.760512
29,58,N,9747168,9.747168
16,48,N,9717600,9.7176
76,16,N,9670624,9.670624
96,873,Y,9635008,9.635008000000001
94,52,N,9634880,9.634879999999999
5,147,Y,9628512,9.628512
88,85,N,9591104,9.591104
54,5,N,9586752,9.586752
15,1,N,9568864,9.568864000000001
57,48,N,9544960,9.54496
26,92,N,9533504,9.533503999999999
26,315,Y,9510912,9.510912000000001
873,96,Y,9411008,9.411008
868,96,Y,9348224,9.348224
20,266,Y,9264704,9.264704
808,88,Y,9239584,9.239584
19,9,N,9235840,9.23584
24,41,N,9232768,9.232768
6,34,N,9119648,9.119648
84,54,N,9105824,9.105824
372,34,Y,9072160,9.07216
18,251,Y,9063840,9.063839999999999
53,52,N,9047072,9.047072
74,53,N,9043616,9.043616
58,96,N,9000896,9.000896
484,48,Y,8984960,8.984960000000001
470,46,Y,8981088,8.981088
374,34,Y,8972992,8.972992
66,34,N,8965024,8.965024000000001
13,22,N,8950752,8.950752
799,87,Y,8936544,8.936544
313,26,Y,8901888,8.901888
49,83,N,8880576,8.880576
99,29,N,8875200,8.8752
18,245,Y,8873440,8.87344
94,17,N,8869632,8.869632
23,72,N,8853216,8.853216
750,81,Y,8850784,8.850784
26,34,N,8847424,8.847424
72,52,N,8837888,8.837888000000001
521,52,Y,8837728,8.837728
19,55,N,8828512,8.828512
2,49,N,8812384,8.812384
44,456,Y,8809472,8.809472
73,66,N,8808864,8.808864
84,24,N,8805984,8.805984
26,312,Y,8792160,8.79216
466,45,Y,8790176,8.790175999999999
20,265,Y,8788288,8.788288
46,37,N,8787104,8.787104
74,64,N,8782912,8.782912
9,173,Y,8782192,8.782192
96,98,N,8779648,8.779648
375,34,Y,8777248,8.777248
49,497,Y,8775232,8.775231999999999
64,614,Y,8769024,8.769024
23,18,N,8742816,8.742816000000001
569,58,Y,8726376,8.726376
14,22,N,8723552,8.723552
99,34,N,8723552,8.723552
589,61,Y,8717824,8.717824
267,20,Y,8706944,8.706944
174,9,Y,8699264,8.699264
35,42,N,8695712,8.695712
78,38,N,8695712,8.695712
522,52,Y,8672672,8.672671999999999
73,41,N,8668736,8.668736
23,28,N,8535868,8.535868
81,755,Y,8451744,8.451744
90,96,N,8407616,8.407615999999999
58,29,N,8349348,8.349347999999999
246,18,Y,8282848,8.282848
90,22,N,8276032,8.276032
872,96,Y,8206656,8.206655999999999
787,85,Y,8181253,8.181253
71,81,N,8131166,8.131165999999999
9,4,N,8075072,8.075072
0,61,N,8032776,8.032776
50,87,N,7881472,7.8814720000000005
87,9,N,7880160,7.88016
86,10,N,7835936,7.835936
487,48,Y,7830103,7.830102999999999
64,6,N,7734368,7.734368
20,263,Y,7581495,7.581495
38,76,N,7478976,7.478975999999999
4,64,N,7470432,7.470432000000001
619,64,Y,7438784,7.438784
752,81,Y,7322496,7.322496000000001
28,23,N,7267547,7.267547
378,34,Y,7266912,7.2669120000000005
874,96,Y,7233588,7.233588
618,64,Y,7214240,7.214239999999999
48,487,Y,7201051,7.201051
433,41,Y,7168384,7.168384
23,287,Y,7077904,7.077904
60,34,N,7066848,7.066848
44,67,N,7064224,7.064223999999999
181,10,Y,7036857,7.036857
781,85,Y,7000800,7.0008
5,21,N,6982136,6.982136
73,49,N,6957632,6.957631999999999
10,185,Y,6941280,6.94128
96,19,N,6938368,6.9383680000000005
593,61,Y,6934016,6.934016
97,0,N,6931596,6.931596
96,97,N,6930704,6.930704
61,53,N,6914176,6.914175999999999
58,50,N,6788416,6.788416
784,85,Y,6729605,6.729604999999999
44,65,N,6727744,6.7277439999999995
52,520,Y,6684832,6.684832
871,96,Y,6667168,6.667167999999999
59,81,N,6620352,6.6203520000000005
23,288,Y,6585920,6.585920000000001
15,13,N,6575135,6.575135
44,25,N,6574144,6.5741439999999995
70,44,N,6551680,6.55168
499,49,Y,6532544,6.532544
261,20,Y,6494464,6.494464
84,774,Y,6472256,6.472256
49,495,Y,6456864,6.4568639999999995
9,179,Y,6452416,6.4524159999999995
65,44,N,6450112,6.450112
10,187,Y,6422048,6.422047999999999
77,58,N,6388128,6.388128
60,582,Y,6371040,6.37104
34,66,N,6369312,6.369312000000001
77,720,Y,6351136,6.351136
81,749,Y,6345536,6.345536
87,28,N,6344800,6.3448
649,68,Y,6328505,6.328505
55,76,N,6307488,6.307488
46,53,N,6298080,6.298080000000001
28,46,N,6285920,6.285920000000001
44,458,Y,6276013,6.276013
96,90,N,6250976,6.250976
811,88,Y,6208192,6.2081919999999995
96,66,N,6186304,6.186304
55,545,Y,6186022,6.186022
41,430,Y,6171584,6.171584
61,595,Y,6092672,6.092671999999999
88,808,Y,6087584,6.087584
57,49,N,6075456,6.075456
87,22,N,6073504,6.073504
45,461,Y,6071904,6.071904
20,88,N,6052800,6.0527999999999995
96,871,Y,6008834,6.008833999999999
34,379,Y,5992448,5.992448
4,88,N,5932896,5.932896
60,38,N,5878000,5.878
68,12,N,5823296,5.823296
55,13,N,5823168,5.823168
806,88,Y,5791939,5.791939
85,45,N,5752576,5.752576
288,23,Y,5745920,5.74592
44,64,N,5687936,5.687936
782,85,Y,5661216,5.6612160000000005
85,782,Y,5637216,5.637216
20,6,N,5624096,5.624096
718,77,Y,5575648,5.575647999999999
12,48,N,5563232,5.563232
177,9,Y,5560288,5.560288
490,48,Y,5540544,5.540544
71,23,N,5522752,5.5227520000000005
144,5,Y,5520358,5.520358
278,22,Y,5504672,5.504672
76,711,Y,5488626,5.488626
67,55,N,5480128,5.480128
10,186,Y,5473312,5.473312
87,798,Y,5468416,5.468416
81,28,N,5467328,5.467328
21,96,N,5415328,5.415328
4,10,N,5390688,5.390688
89,20,N,5383552,5.383552
55,541,Y,5362240,5.36224
48,16,N,5338464,5.338464
797,87,Y,5295936,5.295935999999999
25,77,N,5294784,5.294784
52,86,N,5291584,5.291584
9,48,N,5273591,5.273591
54,84,N,5238656,5.238656
65,18,N,5234528,5.234528
710,76,Y,5233888,5.233887999999999
88,20,N,5156704,5.156704
60,59,N,5147552,5.147551999999999
45,7,N,5144512,5.144512
28,81,N,5103296,5.103296
59,49,N,5061472,5.061472
96,872,Y,5054656,5.054656
58,569,Y,5052000,5.0520000000000005
12,7,N,5049280,5.0492799999999995
10,4,N,5036608,5.036608
81,752,Y,5018496,5.018496
76,713,Y,4980400,4.9804
76,38,N,4959584,4.959584
76,55,N,4941801,4.941801
520,52,Y,4932832,4.932832
87,803,Y,4916096,4.916096
723,77,Y,4914048,4.914048
53,68,N,4904672,4.904672000000001
16,44,N,4866528,4.866528
43,55,N,4848896,4.848896
60,583,Y,4842368,4.842368
22,43,N,4834976,4.834976
753,81,Y,4824512,4.824512
68,651,Y,4821248,4.821248000000001
4,9,N,4807867,4.807867
49,498,Y,4804576,4.804576
18,11,N,4799392,4.799392
22,276,Y,4774236,4.774236
469,46,Y,4763117,4.763117
498,49,Y,4756576,4.756576
79,87,N,4752448,4.752448
651,68,Y,4749248,4.749248
77,723,Y,4722048,4.722048
76,40,N,4708096,4.708095999999999
22,87,N,4679392,4.679392
48,9,N,4679360,4.67936
475,46,Y,4639104,4.639104000000001
86,17,N,4619200,4.619199999999999
571,58,Y,4605952,4.605952
81,86,N,4601088,4.601088
88,807,Y,4593152,4.593152
41,435,Y,4574976,4.574976
568,58,Y,4571840,4.57184
88,79,N,4559360,4.55936
53,46,N,4556800,4.5568
786,85,Y,4547936,4.547936
141,5,Y,4539136,4.539136
66,73,N,4538464,4.538463999999999
17,18,N,4536256,4.536256000000001
19,82,N,4535744,4.535744
95,5,N,4532736,4.532736
16,87,N,4517504,4.517504
45,56,N,4513152,4.513152
44,16,N,4510816,4.510816
60,586,Y,4507360,4.50736
68,644,Y,4497984,4.497984
84,777,Y,4478240,4.4782399999999996
87,801,Y,4461920,4.46192
459,44,Y,4458304,4.458304
55,540,Y,4432928,4.4329279999999995
14,84,N,4431936,4.431936
76,715,Y,4427360,4.42736
82,18,N,4427008,4.427008000000001
13,95,N,4426240,4.42624
34,42,N,4423040,4.42304
34,26,N,4396704,4.396704
3,12,N,4391456,4.391456
55,546,Y,4378272,4.378272
16,59,N,4374016,4.374016
56,89,N,4374016,4.374016
247,18,Y,4371776,4.3717760000000006
613,64,Y,4365472,4.3654720000000005
85,780,Y,4362592,4.362592
29,99,N,4361824,4.361824
86,83,N,4357440,4.3574399999999995
66,71,N,4353472,4.353472
40,89,N,4351456,4.351456
38,99,N,4347904,4.347904
42,70,N,4347904,4.347904
98,15,N,4347904,4.347904
58,41,N,4335808,4.335808
66,68,N,4267904,4.267904
266,20,Y,4240704,4.240704
584,60,Y,4234944,4.2349440000000005
22,279,Y,4185664,4.185664
565,58,Y,4156808,4.156808
64,619,Y,4094784,4.094784
88,41,N,4092077,4.092077000000001
64,49,N,4090624,4.090624
77,23,N,3987328,3.9873279999999998
29,22,N,3964992,3.9649919999999996
98,48,N,3927232,3.927232
68,650,Y,3917088,3.9170879999999997
22,278,Y,3896672,3.896672
48,58,N,3880544,3.8805439999999995
5,140,Y,3846976,3.8469759999999997
36,88,N,3826240,3.8262400000000003
182,10,Y,3769984,3.769984
74,26,N,3732800,3.7328
49,494,Y,3731808,3.7318079999999996
471,46,Y,3702272,3.7022720000000002
94,45,N,3645920,3.64592
10,59,N,3637856,3.6378559999999998
40,76,N,3634870,3.63487
84,61,N,3627936,3.6279359999999996
3,76,N,3601997,3.601997
617,64,Y,3585088,3.5850880000000003
87,802,Y,3567776,3.5677760000000003
20,40,N,3555642,3.5556419999999997
23,286,Y,3543808,3.543808
523,52,Y,3532384,3.5323840000000004
285,23,Y,3514800,3.5147999999999997
10,98,N,3482752,3.482752
251,18,Y,3455840,3.4558400000000002
55,52,N,3434496,3.434496
61,590,Y,3431446,3.4314459999999998
19,45,N,3425600,3.4256
46,470,Y,3397088,3.397088
73,4,N,3391214,3.391214
81,754,Y,3374752,3.3747520000000004
18,248,Y,3358912,3.358912
719,77,Y,3356768,3.356768
774,84,Y,3352256,3.352256
46,472,Y,3332944,3.3329440000000004
24,34,N,3332256,3.332256
25,5,N,3275072,3.2750719999999998
32,81,N,3270848,3.270848
49,496,Y,3268544,3.2685440000000003
65,81,N,3240672,3.240672
96,874,Y,3239776,3.239776
48,19,N,3238416,3.2384160000000004
41,24,N,3236576,3.236576
85,68,N,3227008,3.227008
61,5,N,3218112,3.218112
81,751,Y,3179584,3.1795839999999997
582,60,Y,3171040,3.17104
81,753,Y,3171002,3.1710019999999997
458,44,Y,3163360,3.16336
5,71,N,3161954,3.161954
567,58,Y,3151520,3.15152
7,10,N,3090400,3.0904000000000003
31,84,N,3079328,3.079328
452,44,Y,3065312,3.065312
64,4,N,3055456,3.055456
11,9,N,3054496,3.054496
5,94,N,3052384,3.052384
183,10,Y,3035168,3.035168
76,709,Y,2966848,2.966848
64,56,N,2962272,2.962272
11,10,N,2953696,2.953696
86,49,N,2939968,2.939968
65,87,N,2922426,2.9224259999999997
68,83,N,2916576,2.916576
26,32,N,2912253,2.912253
41,62,N,2907264,2.907264
60,15,N,2902624,2.902624
68,646,Y,2890560,2.89056
95,37,N,2862881,2.8628810000000002
143,5,Y,2840800,2.8407999999999998
74,84,N,2828896,2.828896
722,77,Y,2805824,2.8058240000000003
20,260,Y,2798112,2.798112
91,77,N,2783936,2.783936
291,23,Y,2781824,2.7818240000000003
77,25,N,2781184,2.781184
517,52,Y,2777280,2.77728
87,65,N,2769038,2.769038
61,68,N,2756448,2.756448
176,9,Y,2724256,2.724256
5,146,Y,2706784,2.706784
547,55,Y,2705472,2.705472
66,23,N,2678464,2.678464
244,18,Y,2661664,2.661664
46,473,Y,2608928,2.608928
91,44,N,2608928,2.608928
748,81,Y,2597568,2.597568
62,76,N,2591040,2.59104
9,19,N,2564480,2.56448
54,44,N,2557760,2.55776
485,48,Y,2552864,2.552864
81,59,N,2541696,2.541696
81,750,Y,2522784,2.522784
87,799,Y,2512544,2.512544
9,11,N,2512224,2.5122240000000002
245,18,Y,2481440,2.48144
77,66,N,2463040,2.46304
68,34,N,2451072,2.451072
1,87,N,2365408,2.365408
37,76,N,2356720,2.35672
178,9,Y,2341568,2.341568
72,23,N,2340384,2.340384
586,60,Y,2339360,2.33936
263,20,Y,2334592,2.334592
35,96,N,2327456,2.3274559999999997
72,85,N,2309344,2.309344
495,49,Y,2296864,2.296864
55,91,N,2292704,2.292704
10,181,Y,2268021,2.268021
87,79,N,2263072,2.263072
262,20,Y,2233646,2.233646
9,177,Y,2216288,2.216288
519,52,Y,2201664,2.201664
83,98,N,2191200,2.1912000000000003
19,28,N,2188287,2.188287
23,289,Y,2188032,2.188032
140,5,Y,2182976,2.182976
10,95,N,2167200,2.1672000000000002
85,1,N,2157376,2.157376
76,31,N,2156608,2.1566080000000003
56,88,N,2152640,2.15264
71,5,N,2146480,2.14648
48,31,N,2139520,2.13952
0,64,N,2126880,2.12688
22,29,N,2125472,2.1254720000000002
49,492,Y,2116704,2.1167040000000004
644,68,Y,2113984,2.113984
32,76,N,2111168,2.111168
783,85,Y,2099456,2.099456
78,41,N,2094784,2.0947839999999998
23,70,N,2090336,2.0903359999999997
6,72,N,2087040,2.08704
21,36,N,2087040,2.08704
14,68,N,2073472,2.073472
591,61,Y,2048064,2.048064
85,15,N,2046656,2.046656
59,98,N,2039424,2.039424
70,23,N,2037888,2.0378879999999997
376,34,Y,2037472,2.0374719999999997
12,68,N,2031808,2.031808
5,54,N,2026560,2.0265600000000004
84,775,Y,2014592,2.014592
62,34,N,2014560,2.01456
93,49,N,2005888,2.005888
55,43,N,1997056,1.9970559999999997
68,66,N,1981920,1.98192
46,0,N,1980512,1.9805119999999998
64,615,Y,1970496,1.970496
46,474,Y,1969760,1.96976
44,70,N,1969376,1.969376
44,457,Y,1948096,1.9480959999999998
90,60,N,1927552,1.9275520000000002
76,32,N,1922240,1.92224
172,9,Y,1916160,1.91616
88,81,N,1914176,1.914176
31,48,N,1911584,1.911584
52,53,N,1908992,1.908992
91,55,N,1900704,1.900704
78,48,N,1898720,1.89872
5,61,N,1898496,1.898496
76,714,Y,1897897,1.8978970000000002
61,91,N,1896608,1.896608
76,3,N,1893440,1.89344
52,94,N,1887520,1.88752
10,180,Y,1884000,1.884
55,67,N,1882752,1.882752
55,543,Y,1880352,1.880352
50,45,N,1878368,1.878368
22,282,Y,1872256,1.872256
84,778,Y,1861120,1.86112
22,281,Y,1860640,1.8606399999999998
52,518,Y,1855872,1.8558720000000002
90,26,N,1847200,1.8472
46,468,Y,1840224,1.840224
23,38,N,1837600,1.8376
68,645,Y,1835680,1.83568
12,18,N,1818976,1.818976
21,46,N,1815584,1.8155839999999999
776,84,Y,1815232,1.815232
56,64,N,1815136,1.8151359999999999
175,9,Y,1803168,1.803168
48,489,Y,1793152,1.7931519999999999
249,18,Y,1783520,1.78352
26,313,Y,1757888,1.7578880000000001
869,96,Y,1756640,1.75664
48,12,N,1749408,1.7494079999999999
2,37,N,1744768,1.744768
21,56,N,1742752,1.7427519999999999
3,90,N,1739200,1.7392
7,12,N,1739200,1.7392
7,21,N,1739200,1.7392
15,7,N,1739200,1.7392
19,39,N,1739200,1.7392
29,36,N,1739200,1.7392
42,78,N,1739200,1.7392
79,93,N,1739200,1.7392
86,13,N,1739200,1.7392
59,16,N,1669792,1.6697920000000002
46,469,Y,1665760,1.6657600000000001
311,26,Y,1624320,1.62432
85,72,N,1614912,1.614912
142,5,Y,1601760,1.60176
34,6,N,1574176,1.574176
7,45,N,1570976,1.570976
64,74,N,1570976,1.570976
86,81,N,1566304,1.566304
8,21,N,1565312,1.565312
796,87,Y,1515488,1.5154880000000002
592,61,Y,1476192,1.476192
87,16,N,1474048,1.474048
15,85,N,1468672,1.468672
435,41,Y,1454976,1.454976
711,76,Y,1441726,1.4417259999999998
875,96,Y,1432768,1.432768
541,55,Y,1362240,1.36224
280,22,Y,1349600,1.3496
84,14,N,1332768,1.332768
5,144,Y,1314122,1.314122
58,568,Y,1307840,1.3078400000000001
66,77,N,1305824,1.305824
58,571,Y,1301952,1.301952
615,64,Y,1298496,1.298496
56,45,N,1294784,1.294784
23,291,Y,1285824,1.285824
67,44,N,1269856,1.2698559999999999
9,172,Y,1268160,1.26816
55,54,N,1266720,1.26672
71,85,N,1257600,1.2576
89,96,N,1244992,1.2449919999999999
284,23,Y,1230016,1.230016
6,29,N,1221451,1.221451
53,98,N,1219136,1.219136
647,68,Y,1214720,1.21472
45,465,Y,1211424,1.211424
52,516,Y,1191904,1.191904
5,95,N,1183584,1.183584
45,460,Y,1182816,1.182816
314,26,Y,1155392,1.155392
282,22,Y,1152256,1.152256
61,54,N,1140704,1.140704
594,61,Y,1139840,1.13984
28,0,N,1139200,1.1392
15,58,N,1139040,1.13904
77,717,Y,1125984,1.125984
41,8,N,1115328,1.1153279999999999
717,77,Y,1109984,1.1099839999999999
34,24,N,1100544,1.100544
775,84,Y,1094592,1.094592
23,71,N,1093408,1.0934080000000002
85,93,N,1089184,1.089184
84,776,Y,1087232,1.087232
516,52,Y,1071904,1.0719040000000002
283,22,Y,1061088,1.061088
88,56,N,1056864,1.056864
49,2,N,1052736,1.052736
67,81,N,1050272,1.050272
26,90,N,1049184,1.0491840000000001
41,11,N,1048992,1.048992
67,22,N,1044224,1.044224
56,49,N,1043520,1.04352
10,11,N,1028128,1.028128
34,377,Y,1027904,1.027904
645,68,Y,1019680,1.0196800000000001
45,50,N,1014368,1.014368
778,84,Y,1013120,1.01312
34,62,N,1004448,1.004448
37,46,N,1003936,1.0039360000000002
721,77,Y,990331,0.9903310000000001
67,4,N,987040,0.9870399999999999
810,88,Y,972512,0.972512
453,44,Y,960768,0.9607680000000001
43,22,N,953536,0.9535359999999999
34,375,Y,953248,0.953248
28,62,N,947936,0.9479359999999999
779,84,Y,946816,0.946816
373,34,Y,945504,0.945504
80,9,N,941312,0.941312
25,65,N,939936,0.9399360000000001
61,4,N,933632,0.933632
18,246,Y,930848,0.9308479999999999
46,1,N,929152,0.929152
36,91,N,918720,0.91872
88,36,N,918720,0.91872
93,84,N,916704,0.916704
11,28,N,915264,0.915264
88,809,Y,912128,0.912128
41,429,Y,911584,0.911584
804,88,Y,910528,0.910528
84,773,Y,908800,0.9088
68,51,N,905248,0.9052479999999999
45,466,Y,902176,0.902176
82,19,N,892640,0.8926399999999999
430,41,Y,891584,0.8915839999999999
64,8,N,884320,0.8843200000000001
89,50,N,883520,0.88352
76,712,Y,882688,0.882688
488,48,Y,879136,0.879136
4,54,N,878368,0.878368
6,98,N,875168,0.875168
78,4,N,869632,0.8696320000000001
6,16,N,869600,0.8696
18,82,N,869600,0.8696
24,80,N,869600,0.8696
25,31,N,869600,0.8696
43,71,N,869600,0.8696
50,74,N,869600,0.8696
51,86,N,869600,0.8696
99,91,N,869600,0.8696
99,38,N,869600,0.8696
18,12,N,864352,0.864352
11,87,N,861920,0.86192
61,589,Y,861824,0.8618239999999999
76,71,N,860960,0.8609600000000001
588,61,Y,850816,0.850816
20,267,Y,834944,0.8349439999999999
97,58,N,834848,0.834848
49,57,N,819808,0.819808
456,44,Y,817472,0.817472
34,374,Y,812992,0.812992
26,37,N,808928,0.8089280000000001
29,77,N,765280,0.7652800000000001
34,372,Y,752160,0.7521599999999999
52,72,N,748032,0.748032
614,64,Y,745024,0.745024
48,484,Y,744960,0.74496
52,521,Y,741728,0.741728
9,174,Y,739264,0.739264
2,9,N,726144,0.726144
83,49,N,725376,0.725376
173,9,Y,720160,0.72016
22,14,N,715552,0.7155520000000001
96,35,N,714688,0.714688
312,26,Y,712160,0.71216
35,26,N,705248,0.705248
67,32,N,705248,0.705248
92,18,N,696640,0.69664
1,97,N,695712,0.695712
17,94,N,695712,0.695712
25,7,N,695712,0.695712
35,32,N,695712,0.695712
74,59,N,695712,0.695712
92,62,N,695712,0.695712
85,781,Y,672800,0.6728
81,71,N,654464,0.654464
41,88,N,652928,0.6529280000000001
9,87,N,646720,0.6467200000000001
84,39,N,628416,0.628416
9,89,N,623136,0.623136
546,55,Y,618272,0.618272
809,88,Y,600128,0.600128
58,565,Y,591552,0.591552
68,649,Y,590933,0.590933
801,87,Y,581920,0.58192
64,613,Y,565472,0.565472
38,23,N,556672,0.556672
595,61,Y,556672,0.556672
88,806,Y,556480,0.55648
545,55,Y,547008,0.547008
85,784,Y,545312,0.545312
540,55,Y,544928,0.544928
23,285,Y,538848,0.538848
780,85,Y,530592,0.5305920000000001
543,55,Y,496352,0.496352
23,66,N,496320,0.49632
64,7,N,487104,0.487104
186,10,Y,481312,0.48131199999999996
715,76,Y,475360,0.47536
88,804,Y,470528,0.470528
60,90,N,468480,0.46848
5,141,Y,467136,0.46713600000000005
590,61,Y,464576,0.464576
77,718,Y,463648,0.463648
777,84,Y,462240,0.46224
9,176,Y,460256,0.46025600000000005
96,89,N,458048,0.45804799999999996
79,88,N,434464,0.434464
18,247,Y,427776,0.42777600000000005
31,71,N,426240,0.42624000000000006
87,797,Y,423936,0.42393600000000004
6,64,N,417664,0.417664
64,0,N,396736,0.396736
22,67,N,385152,0.385152
88,810,Y,380512,0.380512
46,21,N,376224,0.376224
85,786,Y,363936,0.363936
58,567,Y,363776,0.363776
24,84,N,356896,0.356896
40,20,N,356640,0.35664
281,22,Y,356640,0.35664
6,20,N,351456,0.351456
2,35,N,347904,0.347904
11,38,N,347904,0.347904
12,78,N,347904,0.347904
62,28,N,347904,0.347904
95,13,N,347904,0.347904
96,92,N,347904,0.347904
44,453,Y,344768,0.34476799999999996
57,56,N,334720,0.33471999999999996
468,46,Y,320224,0.320224
18,15,N,312864,0.312864
55,65,N,304320,0.30432
34,376,Y,301472,0.30147199999999996
800,87,Y,298592,0.298592
52,519,Y,297664,0.297664
18,24,N,294720,0.29472
77,722,Y,293824,0.293824
13,15,N,283680,0.28368
24,18,N,272320,0.27232
54,24,N,271872,0.271872
714,76,Y,255648,0.255648
23,284,Y,254016,0.254016
79,68,N,253152,0.25315200000000004
98,53,N,249056,0.24905600000000003
71,66,N,243488,0.24348799999999998
146,5,Y,242784,0.242784
77,721,Y,242240,0.24223999999999998
465,45,Y,235424,0.235424
82,84,N,213952,0.21395199999999998
492,49,Y,212704,0.212704
708,76,Y,212352,0.21235199999999999
5,33,N,212320,0.21232
61,93,N,212320,0.21232
474,46,Y,209760,0.20975999999999997
21,7,N,208800,0.2088
61,594,Y,203840,0.20384000000000002
58,70,N,202336,0.20233600000000002
66,96,N,201728,0.20172800000000002
0,46,N,200192,0.20019199999999998
88,805,Y,199424,0.199424
34,75,N,196608,0.19660799999999998
518,52,Y,191872,0.19187200000000001
84,4,N,191840,0.19184
8,41,N,189376,0.189376
27,52,N,189024,0.189024
77,37,N,188352,0.18835200000000002
11,27,N,183456,0.183456
95,10,N,182048,0.182048
9,175,Y,179168,0.179168
45,75,N,178476,0.178476
75,34,N,174824,0.174824
75,91,N,174688,0.17468799999999998
7,83,N,174336,0.174336
43,24,N,173920,0.17392
66,75,N,173920,0.17392
73,12,N,173920,0.17392
37,95,N,173280,0.17328000000000002
52,27,N,166080,0.16608
49,56,N,160224,0.160224
34,373,Y,153504,0.153504
18,249,Y,151520,0.15152
44,91,N,151520,0.15152
48,486,Y,149440,0.14944
40,57,N,144768,0.144768
33,57,N,142752,0.14275200000000002
93,79,N,141312,0.141312
96,869,Y,140640,0.14064
27,79,N,139200,0.1392
83,65,N,139200,0.1392
89,40,N,139200,0.1392
95,92,N,139200,0.1392
71,50,N,139168,0.139168
56,24,N,139136,0.13913599999999998
59,72,N,136608,0.136608
16,76,N,127264,0.127264
22,277,Y,125440,0.12544
4,84,N,122240,0.12224
48,14,N,121792,0.121792
54,61,N,118720,0.11872
14,48,N,117536,0.117536
84,93,N,113152,0.113152
805,88,Y,111424,0.11142400000000001
93,85,N,109632,0.10963200000000001
3,85,N,109152,0.10915199999999999
15,9,N,105216,0.10521599999999999
84,82,N,104960,0.10496
58,564,Y,101344,0.101344
18,23,N,100864,0.10086400000000001
22,39,N,95680,0.09568
250,18,Y,92576,0.09257599999999999
49,93,N,90016,0.090016
38,78,N,89952,0.089952
68,79,N,89600,0.0896
65,25,N,89088,0.089088
9,80,N,87072,0.087072
80,24,N,84032,0.084032
4,67,N,79904,0.079904
61,14,N,79872,0.079872
48,488,Y,79136,0.079136
564,58,Y,77344,0.077344
18,250,Y,76576,0.076576
59,89,N,75136,0.075136
66,89,N,73216,0.073216
0,54,N,73152,0.07315200000000001
82,72,N,73152,0.07315200000000001
19,70,N,73120,0.07312
90,79,N,73120,0.07312
79,95,N,71712,0.071712
57,40,N,71680,0.07168
58,97,N,71680,0.07168
33,5,N,70368,0.070368
74,50,N,70368,0.070368
93,82,N,70336,0.070336
70,58,N,70048,0.070048
57,0,N,69664,0.069664
31,25,N,69600,0.0696
37,80,N,69600,0.0696
38,11,N,69600,0.0696
54,4,N,69600,0.0696
57,33,N,69600,0.0696
58,69,N,69600,0.0696
69,85,N,69600,0.0696
94,56,N,69600,0.0696
0,97,N,69568,0.06956799999999999
33,97,N,69568,0.06956799999999999
35,2,N,69568,0.06956799999999999
53,74,N,69568,0.06956799999999999
55,63,N,69568,0.06956799999999999
63,62,N,69568,0.06956799999999999
71,12,N,69568,0.06956799999999999
91,16,N,69568,0.06956799999999999
97,1,N,69568,0.06956799999999999
76,708,Y,60352,0.060351999999999996
87,800,Y,58592,0.058592
75,5,N,54432,0.05443200000000001
277,22,Y,53440,0.05344
98,59,N,51328,0.051328
24,54,N,46016,0.046016
37,77,N,45600,0.0456
62,88,N,44992,0.044992
8,95,N,43552,0.043552
54,93,N,43552,0.043552
57,75,N,43552,0.043552
71,31,N,43552,0.043552
90,3,N,43552,0.043552
93,61,N,43552,0.043552
14,61,N,33824,0.033824
37,2,N,29664,0.029664
486,48,Y,29440,0.02944
5,75,N,26880,0.026879999999999998
49,67,N,26304,0.026303999999999998
17,74,N,26112,0.026112
27,29,N,26112,0.026112
29,24,N,26112,0.026112
51,32,N,26112,0.026112
65,28,N,26112,0.026112
65,83,N,26112,0.026112
72,82,N,26112,0.026112
51,52,N,23456,0.023456
77,29,N,23008,0.023008
29,6,N,18208,0.018208
42,34,N,18144,0.018144
56,21,N,17472,0.017472
35,77,N,17440,0.01744
70,42,N,16032,0.016032
0,28,N,13920,0.01392
15,98,N,13920,0.01392
24,43,N,13920,0.01392
36,28,N,13920,0.01392
45,36,N,13920,0.01392
80,51,N,13920,0.01392
20,80,N,10880,0.01088
70,31,N,9536,0.009536
6,40,N,8768,0.008768
11,73,N,8768,0.008768
26,35,N,8768,0.008768
30,35,N,8768,0.008768
54,14,N,8768,0.008768
59,74,N,8768,0.008768
75,66,N,8768,0.008768
87,30,N,8768,0.008768
48,78,N,7680,0.007679999999999999
1,15,N,7104,0.007104
56,57,N,7008,0.007008
1,94,N,5568,0.005568
8,14,N,5568,0.005568
12,3,N,5568,0.005568
24,56,N,5568,0.005568
25,40,N,5568,0.005568
32,94,N,5568,0.005568
50,71,N,5568,0.005568
62,31,N,5568,0.005568
66,12,N,5568,0.005568
79,27,N,5568,0.005568
79,97,N,5568,0.005568
89,66,N,5568,0.005568
94,75,N,5568,0.005568
97,96,N,5568,0.005568
2,14,N,3552,0.003552
11,18,N,3552,0.003552
24,29,N,3552,0.003552
32,67,N,3552,0.003552
56,94,N,3552,0.003552
79,90,N,3552,0.003552
17,80,N,2880,0.0028799999999999997
18,92,N,2112,0.002112
21,70,N,2112,0.002112
30,87,N,2112,0.002112
35,30,N,2112,0.002112
89,56,N,2112,0.002112
91,75,N,2112,0.002112
92,77,N,2112,0.002112
14,33,N,1536,0.0015359999999999998
77,92,N,1440,0.0014399999999999999
3,69,N,768,7.679999999999999E-4
27,11,N,768,7.679999999999999E-4
33,52,N,768,7.679999999999999E-4
35,72,N,768,7.679999999999999E-4
36,45,N,768,7.679999999999999E-4
51,68,N,768,7.679999999999999E-4
52,51,N,768,7.679999999999999E-4
69,58,N,768,7.679999999999999E-4
80,20,N,768,7.679999999999999E-4
91,36,N,768,7.679999999999999E-4
95,8,N,768,7.679999999999999E-4
99,2,N,768,7.679999999999999E-4
0,6,N,0,0.0
0,57,N,0,0.0
0,51,N,0,0.0
0,99,N,0,0.0
0,100,Y,0,0.0
0,101,Y,0,0.0
0,102,Y,0,0.0
0,103,Y,0,0.0
0,104,Y,0,0.0
0,105,Y,0,0.0
0,106,Y,0,0.0
0,107,Y,0,0.0
1,36,N,0,0.0
1,80,N,0,0.0
1,47,N,0,0.0
1,93,N,0,0.0
1,108,Y,0,0.0
1,109,Y,0,0.0
1,110,Y,0,0.0
1,111,Y,0,0.0
1,112,Y,0,0.0
1,113,Y,0,0.0
1,114,Y,0,0.0
1,115,Y,0,0.0
2,38,N,0,0.0
2,99,N,0,0.0
2,50,N,0,0.0
2,62,N,0,0.0
2,93,N,0,0.0
2,116,Y,0,0.0
2,117,Y,0,0.0
2,118,Y,0,0.0
2,119,Y,0,0.0
2,120,Y,0,0.0
2,121,Y,0,0.0
2,122,Y,0,0.0
2,123,Y,0,0.0
3,43,N,0,0.0
3,99,N,0,0.0
3,92,N,0,0.0
3,62,N,0,0.0
3,124,Y,0,0.0
3,125,Y,0,0.0
3,126,Y,0,0.0
3,127,Y,0,0.0
3,128,Y,0,0.0
3,129,Y,0,0.0
3,130,Y,0,0.0
3,131,Y,0,0.0
4,78,N,0,0.0
4,73,N,0,0.0
4,132,Y,0,0.0
4,133,Y,0,0.0
4,134,Y,0,0.0
4,135,Y,0,0.0
4,136,Y,0,0.0
4,137,Y,0,0.0
4,138,Y,0,0.0
4,139,Y,0,0.0
6,0,N,0,0.0
6,8,N,0,0.0
6,148,Y,0,0.0
6,149,Y,0,0.0
6,150,Y,0,0.0
6,151,Y,0,0.0
6,152,Y,0,0.0
6,153,Y,0,0.0
6,154,Y,0,0.0
6,155,Y,0,0.0
7,15,N,0,0.0
7,30,N,0,0.0
7,25,N,0,0.0
7,29,N,0,0.0
7,156,Y,0,0.0
7,157,Y,0,0.0
7,158,Y,0,0.0
7,159,Y,0,0.0
7,160,Y,0,0.0
7,161,Y,0,0.0
7,162,Y,0,0.0
7,163,Y,0,0.0
8,24,N,0,0.0
8,69,N,0,0.0
8,42,N,0,0.0
8,6,N,0,0.0
8,3,N,0,0.0
8,164,Y,0,0.0
8,165,Y,0,0.0
8,166,Y,0,0.0
8,167,Y,0,0.0
8,168,Y,0,0.0
8,169,Y,0,0.0
8,170,Y,0,0.0
8,171,Y,0,0.0
9,30,N,0,0.0
11,30,N,0,0.0
11,188,Y,0,0.0
11,189,Y,0,0.0
11,190,Y,0,0.0
11,191,Y,0,0.0
11,192,Y,0,0.0
11,193,Y,0,0.0
11,194,Y,0,0.0
11,195,Y,0,0.0
12,66,N,0,0.0
12,71,N,0,0.0
12,73,N,0,0.0
12,13,N,0,0.0
12,196,Y,0,0.0
12,197,Y,0,0.0
12,198,Y,0,0.0
12,199,Y,0,0.0
12,200,Y,0,0.0
12,201,Y,0,0.0
12,202,Y,0,0.0
12,203,Y,0,0.0
13,47,N,0,0.0
13,67,N,0,0.0
13,30,N,0,0.0
13,86,N,0,0.0
13,12,N,0,0.0
13,204,Y,0,0.0
13,205,Y,0,0.0
13,206,Y,0,0.0
13,207,Y,0,0.0
13,208,Y,0,0.0
13,209,Y,0,0.0
13,210,Y,0,0.0
13,211,Y,0,0.0
14,8,N,0,0.0
14,30,N,0,0.0
14,54,N,0,0.0
14,2,N,0,0.0
14,212,Y,0,0.0
14,213,Y,0,0.0
14,214,Y,0,0.0
14,215,Y,0,0.0
14,216,Y,0,0.0
14,217,Y,0,0.0
14,218,Y,0,0.0
14,219,Y,0,0.0
15,30,N,0,0.0
15,220,Y,0,0.0
15,221,Y,0,0.0
15,222,Y,0,0.0
15,223,Y,0,0.0
15,224,Y,0,0.0
15,225,Y,0,0.0
15,226,Y,0,0.0
15,227,Y,0,0.0
16,91,N,0,0.0
16,6,N,0,0.0
16,50,N,0,0.0
16,43,N,0,0.0
16,31,N,0,0.0
16,228,Y,0,0.0
16,229,Y,0,0.0
16,230,Y,0,0.0
16,231,Y,0,0.0
16,232,Y,0,0.0
16,233,Y,0,0.0
16,234,Y,0,0.0
16,235,Y,0,0.0
17,63,N,0,0.0
17,98,N,0,0.0
17,70,N,0,0.0
17,99,N,0,0.0
17,236,Y,0,0.0
17,237,Y,0,0.0
17,238,Y,0,0.0
17,239,Y,0,0.0
17,240,Y,0,0.0
17,241,Y,0,0.0
17,242,Y,0,0.0
17,243,Y,0,0.0
19,40,N,0,0.0
19,252,Y,0,0.0
19,253,Y,0,0.0
19,254,Y,0,0.0
19,255,Y,0,0.0
19,256,Y,0,0.0
19,257,Y,0,0.0
19,258,Y,0,0.0
19,259,Y,0,0.0
21,8,N,0,0.0
21,95,N,0,0.0
21,69,N,0,0.0
21,268,Y,0,0.0
21,269,Y,0,0.0
21,270,Y,0,0.0
21,271,Y,0,0.0
21,272,Y,0,0.0
21,273,Y,0,0.0
21,274,Y,0,0.0
21,275,Y,0,0.0
24,8,N,0,0.0
24,292,Y,0,0.0
24,293,Y,0,0.0
24,294,Y,0,0.0
24,295,Y,0,0.0
24,296,Y,0,0.0
24,297,Y,0,0.0
24,298,Y,0,0.0
24,299,Y,0,0.0
25,53,N,0,0.0
25,91,N,0,0.0
25,69,N,0,0.0
25,300,Y,0,0.0
25,301,Y,0,0.0
25,302,Y,0,0.0
25,303,Y,0,0.0
25,304,Y,0,0.0
25,305,Y,0,0.0
25,306,Y,0,0.0
25,307,Y,0,0.0
27,63,N,0,0.0
27,39,N,0,0.0
27,38,N,0,0.0
27,36,N,0,0.0
27,80,N,0,0.0
27,72,N,0,0.0
27,316,Y,0,0.0
27,317,Y,0,0.0
27,318,Y,0,0.0
27,319,Y,0,0.0
27,320,Y,0,0.0
27,321,Y,0,0.0
27,322,Y,0,0.0
27,323,Y,0,0.0
28,65,N,0,0.0
28,19,N,0,0.0
28,11,N,0,0.0
28,36,N,0,0.0
28,324,Y,0,0.0
28,325,Y,0,0.0
28,326,Y,0,0.0
28,327,Y,0,0.0
28,328,Y,0,0.0
28,329,Y,0,0.0
28,330,Y,0,0.0
28,331,Y,0,0.0
29,70,N,0,0.0
29,27,N,0,0.0
29,7,N,0,0.0
29,332,Y,0,0.0
29,333,Y,0,0.0
29,334,Y,0,0.0
29,335,Y,0,0.0
29,336,Y,0,0.0
29,337,Y,0,0.0
29,338,Y,0,0.0
29,339,Y,0,0.0
30,47,N,0,0.0
30,14,N,0,0.0
30,9,N,0,0.0
30,7,N,0,0.0
30,13,N,0,0.0
30,15,N,0,0.0
30,11,N,0,0.0
30,82,N,0,0.0
30,340,Y,0,0.0
30,341,Y,0,0.0
30,342,Y,0,0.0
30,343,Y,0,0.0
30,344,Y,0,0.0
30,345,Y,0,0.0
30,346,Y,0,0.0
30,347,Y,0,0.0
31,92,N,0,0.0
31,63,N,0,0.0
31,62,N,0,0.0
31,70,N,0,0.0
31,16,N,0,0.0
31,348,Y,0,0.0
31,349,Y,0,0.0
31,350,Y,0,0.0
31,351,Y,0,0.0
31,352,Y,0,0.0
31,353,Y,0,0.0
31,354,Y,0,0.0
31,355,Y,0,0.0
32,37,N,0,0.0
32,51,N,0,0.0
32,43,N,0,0.0
32,35,N,0,0.0
32,79,N,0,0.0
32,356,Y,0,0.0
32,357,Y,0,0.0
32,358,Y,0,0.0
32,359,Y,0,0.0
32,360,Y,0,0.0
32,361,Y,0,0.0
32,362,Y,0,0.0
32,363,Y,0,0.0
33,63,N,0,0.0
33,14,N,0,0.0
33,78,N,0,0.0
33,83,N,0,0.0
33,38,N,0,0.0
33,47,N,0,0.0
33,364,Y,0,0.0
33,365,Y,0,0.0
33,366,Y,0,0.0
33,367,Y,0,0.0
33,368,Y,0,0.0
33,369,Y,0,0.0
33,370,Y,0,0.0
33,371,Y,0,0.0
35,40,N,0,0.0
35,92,N,0,0.0
35,380,Y,0,0.0
35,381,Y,0,0.0
35,382,Y,0,0.0
35,383,Y,0,0.0
35,384,Y,0,0.0
35,385,Y,0,0.0
35,386,Y,0,0.0
35,387,Y,0,0.0
36,1,N,0,0.0
36,29,N,0,0.0
36,21,N,0,0.0
36,50,N,0,0.0
36,97,N,0,0.0
36,27,N,0,0.0
36,388,Y,0,0.0
36,389,Y,0,0.0
36,390,Y,0,0.0
36,391,Y,0,0.0
36,392,Y,0,0.0
36,393,Y,0,0.0
36,394,Y,0,0.0
36,395,Y,0,0.0
37,40,N,0,0.0
37,47,N,0,0.0
37,32,N,0,0.0
37,396,Y,0,0.0
37,397,Y,0,0.0
37,398,Y,0,0.0
37,399,Y,0,0.0
37,400,Y,0,0.0
37,401,Y,0,0.0
37,402,Y,0,0.0
37,403,Y,0,0.0
38,2,N,0,0.0
38,27,N,0,0.0
38,42,N,0,0.0
38,33,N,0,0.0
38,404,Y,0,0.0
38,405,Y,0,0.0
38,406,Y,0,0.0
38,407,Y,0,0.0
38,408,Y,0,0.0
38,409,Y,0,0.0
38,410,Y,0,0.0
38,411,Y,0,0.0
39,19,N,0,0.0
39,78,N,0,0.0
39,47,N,0,0.0
39,57,N,0,0.0
39,69,N,0,0.0
39,27,N,0,0.0
39,22,N,0,0.0
39,412,Y,0,0.0
39,413,Y,0,0.0
39,414,Y,0,0.0
39,415,Y,0,0.0
39,416,Y,0,0.0
39,417,Y,0,0.0
39,418,Y,0,0.0
39,419,Y,0,0.0
40,35,N,0,0.0
40,72,N,0,0.0
40,6,N,0,0.0
40,37,N,0,0.0
40,19,N,0,0.0
40,25,N,0,0.0
40,420,Y,0,0.0
40,421,Y,0,0.0
40,422,Y,0,0.0
40,423,Y,0,0.0
40,424,Y,0,0.0
40,425,Y,0,0.0
40,426,Y,0,0.0
40,427,Y,0,0.0
42,8,N,0,0.0
42,95,N,0,0.0
42,38,N,0,0.0
42,35,N,0,0.0
42,436,Y,0,0.0
42,437,Y,0,0.0
42,438,Y,0,0.0
42,439,Y,0,0.0
42,440,Y,0,0.0
42,441,Y,0,0.0
42,442,Y,0,0.0
42,443,Y,0,0.0
43,3,N,0,0.0
43,16,N,0,0.0
43,97,N,0,0.0
43,80,N,0,0.0
43,65,N,0,0.0
43,32,N,0,0.0
43,444,Y,0,0.0
43,445,Y,0,0.0
43,446,Y,0,0.0
43,447,Y,0,0.0
43,448,Y,0,0.0
43,449,Y,0,0.0
43,450,Y,0,0.0
43,451,Y,0,0.0
47,13,N,0,0.0
47,67,N,0,0.0
47,39,N,0,0.0
47,30,N,0,0.0
47,79,N,0,0.0
47,37,N,0,0.0
47,56,N,0,0.0
47,1,N,0,0.0
47,90,N,0,0.0
47,33,N,0,0.0
47,476,Y,0,0.0
47,477,Y,0,0.0
47,478,Y,0,0.0
47,479,Y,0,0.0
47,480,Y,0,0.0
47,481,Y,0,0.0
47,482,Y,0,0.0
47,483,Y,0,0.0
50,75,N,0,0.0
50,16,N,0,0.0
50,2,N,0,0.0
50,89,N,0,0.0
50,36,N,0,0.0
50,500,Y,0,0.0
50,501,Y,0,0.0
50,502,Y,0,0.0
50,503,Y,0,0.0
50,504,Y,0,0.0
50,505,Y,0,0.0
50,506,Y,0,0.0
50,507,Y,0,0.0
51,0,N,0,0.0
51,80,N,0,0.0
51,70,N,0,0.0
51,53,N,0,0.0
51,93,N,0,0.0
51,83,N,0,0.0
51,508,Y,0,0.0
51,509,Y,0,0.0
51,510,Y,0,0.0
51,511,Y,0,0.0
51,512,Y,0,0.0
51,513,Y,0,0.0
51,514,Y,0,0.0
51,515,Y,0,0.0
52,33,N,0,0.0
53,25,N,0,0.0
53,51,N,0,0.0
53,524,Y,0,0.0
53,525,Y,0,0.0
53,526,Y,0,0.0
53,527,Y,0,0.0
53,528,Y,0,0.0
53,529,Y,0,0.0
53,530,Y,0,0.0
53,531,Y,0,0.0
54,0,N,0,0.0
54,532,Y,0,0.0
54,533,Y,0,0.0
54,534,Y,0,0.0
54,535,Y,0,0.0
54,536,Y,0,0.0
54,537,Y,0,0.0
54,538,Y,0,0.0
54,539,Y,0,0.0
56,47,N,0,0.0
56,548,Y,0,0.0
56,549,Y,0,0.0
56,550,Y,0,0.0
56,551,Y,0,0.0
56,552,Y,0,0.0
56,553,Y,0,0.0
56,554,Y,0,0.0
56,555,Y,0,0.0
57,74,N,0,0.0
57,556,Y,0,0.0
57,557,Y,0,0.0
57,558,Y,0,0.0
57,559,Y,0,0.0
57,560,Y,0,0.0
57,561,Y,0,0.0
57,562,Y,0,0.0
57,563,Y,0,0.0
59,572,Y,0,0.0
59,573,Y,0,0.0
59,574,Y,0,0.0
59,575,Y,0,0.0
59,576,Y,0,0.0
59,577,Y,0,0.0
59,578,Y,0,0.0
59,579,Y,0,0.0
61,0,N,0,0.0
62,63,N,0,0.0
62,3,N,0,0.0
62,2,N,0,0.0
62,596,Y,0,0.0
62,597,Y,0,0.0
62,598,Y,0,0.0
62,599,Y,0,0.0
62,600,Y,0,0.0
62,601,Y,0,0.0
62,602,Y,0,0.0
62,603,Y,0,0.0
63,17,N,0,0.0
63,55,N,0,0.0
63,94,N,0,0.0
63,74,N,0,0.0
63,89,N,0,0.0
63,33,N,0,0.0
63,31,N,0,0.0
63,27,N,0,0.0
63,67,N,0,0.0
63,604,Y,0,0.0
63,605,Y,0,0.0
63,606,Y,0,0.0
63,607,Y,0,0.0
63,608,Y,0,0.0
63,609,Y,0,0.0
63,610,Y,0,0.0
63,611,Y,0,0.0
65,82,N,0,0.0
65,43,N,0,0.0
65,620,Y,0,0.0
65,621,Y,0,0.0
65,622,Y,0,0.0
65,623,Y,0,0.0
65,624,Y,0,0.0
65,625,Y,0,0.0
65,626,Y,0,0.0
65,627,Y,0,0.0
66,628,Y,0,0.0
66,629,Y,0,0.0
66,630,Y,0,0.0
66,631,Y,0,0.0
66,632,Y,0,0.0
66,633,Y,0,0.0
66,634,Y,0,0.0
66,635,Y,0,0.0
67,47,N,0,0.0
67,63,N,0,0.0
67,13,N,0,0.0
67,636,Y,0,0.0
67,637,Y,0,0.0
67,638,Y,0,0.0
67,639,Y,0,0.0
67,640,Y,0,0.0
67,641,Y,0,0.0
67,642,Y,0,0.0
67,643,Y,0,0.0
69,73,N,0,0.0
69,8,N,0,0.0
69,89,N,0,0.0
69,97,N,0,0.0
69,3,N,0,0.0
69,21,N,0,0.0
69,25,N,0,0.0
69,39,N,0,0.0
69,652,Y,0,0.0
69,653,Y,0,0.0
69,654,Y,0,0.0
69,655,Y,0,0.0
69,656,Y,0,0.0
69,657,Y,0,0.0
69,658,Y,0,0.0
69,659,Y,0,0.0
70,29,N,0,0.0
70,51,N,0,0.0
70,17,N,0,0.0
70,19,N,0,0.0
70,21,N,0,0.0
70,660,Y,0,0.0
70,661,Y,0,0.0
70,662,Y,0,0.0
70,663,Y,0,0.0
70,664,Y,0,0.0
70,665,Y,0,0.0
70,666,Y,0,0.0
70,667,Y,0,0.0
71,43,N,0,0.0
71,668,Y,0,0.0
71,669,Y,0,0.0
71,670,Y,0,0.0
71,671,Y,0,0.0
71,672,Y,0,0.0
71,673,Y,0,0.0
71,674,Y,0,0.0
71,675,Y,0,0.0
72,40,N,0,0.0
72,59,N,0,0.0
72,6,N,0,0.0
72,35,N,0,0.0
72,27,N,0,0.0
72,83,N,0,0.0
72,676,Y,0,0.0
72,677,Y,0,0.0
72,678,Y,0,0.0
72,679,Y,0,0.0
72,680,Y,0,0.0
72,681,Y,0,0.0
72,682,Y,0,0.0
72,683,Y,0,0.0
73,69,N,0,0.0
73,82,N,0,0.0
73,11,N,0,0.0
73,684,Y,0,0.0
73,685,Y,0,0.0
73,686,Y,0,0.0
73,687,Y,0,0.0
73,688,Y,0,0.0
73,689,Y,0,0.0
73,690,Y,0,0.0
73,691,Y,0,0.0
74,63,N,0,0.0
74,57,N,0,0.0
74,17,N,0,0.0
74,692,Y,0,0.0
74,693,Y,0,0.0
74,694,Y,0,0.0
74,695,Y,0,0.0
74,696,Y,0,0.0
74,697,Y,0,0.0
74,698,Y,0,0.0
74,699,Y,0,0.0
75,94,N,0,0.0
75,57,N,0,0.0
75,50,N,0,0.0
75,95,N,0,0.0
75,42,N,0,0.0
75,700,Y,0,0.0
75,701,Y,0,0.0
75,702,Y,0,0.0
75,703,Y,0,0.0
75,704,Y,0,0.0
75,705,Y,0,0.0
75,706,Y,0,0.0
75,707,Y,0,0.0
78,39,N,0,0.0
78,98,N,0,0.0
78,42,N,0,0.0
78,12,N,0,0.0
78,97,N,0,0.0
78,33,N,0,0.0
78,724,Y,0,0.0
78,725,Y,0,0.0
78,726,Y,0,0.0
78,727,Y,0,0.0
78,728,Y,0,0.0
78,729,Y,0,0.0
78,730,Y,0,0.0
78,731,Y,0,0.0
79,47,N,0,0.0
79,32,N,0,0.0
79,732,Y,0,0.0
79,733,Y,0,0.0
79,734,Y,0,0.0
79,735,Y,0,0.0
79,736,Y,0,0.0
79,737,Y,0,0.0
79,738,Y,0,0.0
79,739,Y,0,0.0
80,37,N,0,0.0
80,90,N,0,0.0
80,1,N,0,0.0
80,17,N,0,0.0
80,43,N,0,0.0
80,27,N,0,0.0
80,740,Y,0,0.0
80,741,Y,0,0.0
80,742,Y,0,0.0
80,743,Y,0,0.0
80,744,Y,0,0.0
80,745,Y,0,0.0
80,746,Y,0,0.0
80,747,Y,0,0.0
82,83,N,0,0.0
82,93,N,0,0.0
82,65,N,0,0.0
82,73,N,0,0.0
82,30,N,0,0.0
82,756,Y,0,0.0
82,757,Y,0,0.0
82,758,Y,0,0.0
82,759,Y,0,0.0
82,760,Y,0,0.0
82,761,Y,0,0.0
82,762,Y,0,0.0
82,763,Y,0,0.0
83,86,N,0,0.0
83,7,N,0,0.0
83,82,N,0,0.0
83,51,N,0,0.0
83,33,N,0,0.0
83,72,N,0,0.0
83,764,Y,0,0.0
83,765,Y,0,0.0
83,766,Y,0,0.0
83,767,Y,0,0.0
83,768,Y,0,0.0
83,769,Y,0,0.0
83,770,Y,0,0.0
83,771,Y,0,0.0
85,69,N,0,0.0
86,51,N,0,0.0
86,788,Y,0,0.0
86,789,Y,0,0.0
86,790,Y,0,0.0
86,791,Y,0,0.0
86,792,Y,0,0.0
86,793,Y,0,0.0
86,794,Y,0,0.0
86,795,Y,0,0.0
89,69,N,0,0.0
89,63,N,0,0.0
89,59,N,0,0.0
89,812,Y,0,0.0
89,813,Y,0,0.0
89,814,Y,0,0.0
89,815,Y,0,0.0
89,816,Y,0,0.0
89,817,Y,0,0.0
89,818,Y,0,0.0
89,819,Y,0,0.0
90,80,N,0,0.0
90,99,N,0,0.0
90,47,N,0,0.0
90,820,Y,0,0.0
90,821,Y,0,0.0
90,822,Y,0,0.0
90,823,Y,0,0.0
90,824,Y,0,0.0
90,825,Y,0,0.0
90,826,Y,0,0.0
90,827,Y,0,0.0
91,99,N,0,0.0
91,25,N,0,0.0
91,828,Y,0,0.0
91,829,Y,0,0.0
91,830,Y,0,0.0
91,831,Y,0,0.0
91,832,Y,0,0.0
91,833,Y,0,0.0
91,834,Y,0,0.0
91,835,Y,0,0.0
92,31,N,0,0.0
92,95,N,0,0.0
92,3,N,0,0.0
92,35,N,0,0.0
92,73,N,0,0.0
92,836,Y,0,0.0
92,837,Y,0,0.0
92,838,Y,0,0.0
92,839,Y,0,0.0
92,840,Y,0,0.0
92,841,Y,0,0.0
92,842,Y,0,0.0
92,843,Y,0,0.0
93,51,N,0,0.0
93,1,N,0,0.0
93,2,N,0,0.0
93,54,N,0,0.0
93,844,Y,0,0.0
93,845,Y,0,0.0
93,846,Y,0,0.0
93,847,Y,0,0.0
93,848,Y,0,0.0
93,849,Y,0,0.0
93,850,Y,0,0.0
93,851,Y,0,0.0
94,32,N,0,0.0
94,63,N,0,0.0
94,1,N,0,0.0
94,852,Y,0,0.0
94,853,Y,0,0.0
94,854,Y,0,0.0
94,855,Y,0,0.0
94,856,Y,0,0.0
94,857,Y,0,0.0
94,858,Y,0,0.0
94,859,Y,0,0.0
95,79,N,0,0.0
95,21,N,0,0.0
95,75,N,0,0.0
95,42,N,0,0.0
95,860,Y,0,0.0
95,861,Y,0,0.0
95,862,Y,0,0.0
95,863,Y,0,0.0
95,864,Y,0,0.0
95,865,Y,0,0.0
95,866,Y,0,0.0
95,867,Y,0,0.0
97,69,N,0,0.0
97,33,N,0,0.0
97,43,N,0,0.0
97,78,N,0,0.0
97,36,N,0,0.0
97,79,N,0,0.0
97,876,Y,0,0.0
97,877,Y,0,0.0
97,878,Y,0,0.0
97,879,Y,0,0.0
97,880,Y,0,0.0
97,881,Y,0,0.0
97,882,Y,0,0.0
97,883,Y,0,0.0
98,6,N,0,0.0
98,83,N,0,0.0
98,78,N,0,0.0
98,17,N,0,0.0
98,884,Y,0,0.0
98,885,Y,0,0.0
98,886,Y,0,0.0
98,887,Y,0,0.0
98,888,Y,0,0.0
98,889,Y,0,0.0
98,890,Y,0,0.0
98,891,Y,0,0.0
99,3,N,0,0.0
99,0,N,0,0.0
99,17,N,0,0.0
99,90,N,0,0.0
99,892,Y,0,0.0
99,893,Y,0,0.0
99,894,Y,0,0.0
99,895,Y,0,0.0
99,896,Y,0,0.0
99,897,Y,0,0.0
99,898,Y,0,0.0
99,899,Y,0,0.0
100,0,Y,0,0.0
101,0,Y,0,0.0
102,0,Y,0,0.0
103,0,Y,0,0.0
104,0,Y,0,0.0
105,0,Y,0,0.0
106,0,Y,0,0.0
107,0,Y,0,0.0
108,1,Y,0,0.0
109,1,Y,0,0.0
110,1,Y,0,0.0
111,1,Y,0,0.0
112,1,Y,0,0.0
113,1,Y,0,0.0
114,1,Y,0,0.0
115,1,Y,0,0.0
116,2,Y,0,0.0
117,2,Y,0,0.0
118,2,Y,0,0.0
119,2,Y,0,0.0
120,2,Y,0,0.0
121,2,Y,0,0.0
122,2,Y,0,0.0
123,2,Y,0,0.0
124,3,Y,0,0.0
125,3,Y,0,0.0
126,3,Y,0,0.0
127,3,Y,0,0.0
128,3,Y,0,0.0
129,3,Y,0,0.0
130,3,Y,0,0.0
131,3,Y,0,0.0
132,4,Y,0,0.0
133,4,Y,0,0.0
134,4,Y,0,0.0
135,4,Y,0,0.0
136,4,Y,0,0.0
137,4,Y,0,0.0
138,4,Y,0,0.0
139,4,Y,0,0.0
148,6,Y,0,0.0
149,6,Y,0,0.0
150,6,Y,0,0.0
151,6,Y,0,0.0
152,6,Y,0,0.0
153,6,Y,0,0.0
154,6,Y,0,0.0
155,6,Y,0,0.0
156,7,Y,0,0.0
157,7,Y,0,0.0
158,7,Y,0,0.0
159,7,Y,0,0.0
160,7,Y,0,0.0
161,7,Y,0,0.0
162,7,Y,0,0.0
163,7,Y,0,0.0
164,8,Y,0,0.0
165,8,Y,0,0.0
166,8,Y,0,0.0
167,8,Y,0,0.0
168,8,Y,0,0.0
169,8,Y,0,0.0
170,8,Y,0,0.0
171,8,Y,0,0.0
188,11,Y,0,0.0
189,11,Y,0,0.0
190,11,Y,0,0.0
191,11,Y,0,0.0
192,11,Y,0,0.0
193,11,Y,0,0.0
194,11,Y,0,0.0
195,11,Y,0,0.0
196,12,Y,0,0.0
197,12,Y,0,0.0
198,12,Y,0,0.0
199,12,Y,0,0.0
200,12,Y,0,0.0
201,12,Y,0,0.0
202,12,Y,0,0.0
203,12,Y,0,0.0
204,13,Y,0,0.0
205,13,Y,0,0.0
206,13,Y,0,0.0
207,13,Y,0,0.0
208,13,Y,0,0.0
209,13,Y,0,0.0
210,13,Y,0,0.0
211,13,Y,0,0.0
212,14,Y,0,0.0
213,14,Y,0,0.0
214,14,Y,0,0.0
215,14,Y,0,0.0
216,14,Y,0,0.0
217,14,Y,0,0.0
218,14,Y,0,0.0
219,14,Y,0,0.0
220,15,Y,0,0.0
221,15,Y,0,0.0
222,15,Y,0,0.0
223,15,Y,0,0.0
224,15,Y,0,0.0
225,15,Y,0,0.0
226,15,Y,0,0.0
227,15,Y,0,0.0
228,16,Y,0,0.0
229,16,Y,0,0.0
230,16,Y,0,0.0
231,16,Y,0,0.0
232,16,Y,0,0.0
233,16,Y,0,0.0
234,16,Y,0,0.0
235,16,Y,0,0.0
236,17,Y,0,0.0
237,17,Y,0,0.0
238,17,Y,0,0.0
239,17,Y,0,0.0
240,17,Y,0,0.0
241,17,Y,0,0.0
242,17,Y,0,0.0
243,17,Y,0,0.0
252,19,Y,0,0.0
253,19,Y,0,0.0
254,19,Y,0,0.0
255,19,Y,0,0.0
256,19,Y,0,0.0
257,19,Y,0,0.0
258,19,Y,0,0.0
259,19,Y,0,0.0
268,21,Y,0,0.0
269,21,Y,0,0.0
270,21,Y,0,0.0
271,21,Y,0,0.0
272,21,Y,0,0.0
273,21,Y,0,0.0
274,21,Y,0,0.0
275,21,Y,0,0.0
292,24,Y,0,0.0
293,24,Y,0,0.0
294,24,Y,0,0.0
295,24,Y,0,0.0
296,24,Y,0,0.0
297,24,Y,0,0.0
298,24,Y,0,0.0
299,24,Y,0,0.0
300,25,Y,0,0.0
301,25,Y,0,0.0
302,25,Y,0,0.0
303,25,Y,0,0.0
304,25,Y,0,0.0
305,25,Y,0,0.0
306,25,Y,0,0.0
307,25,Y,0,0.0
316,27,Y,0,0.0
317,27,Y,0,0.0
318,27,Y,0,0.0
319,27,Y,0,0.0
320,27,Y,0,0.0
321,27,Y,0,0.0
322,27,Y,0,0.0
323,27,Y,0,0.0
324,28,Y,0,0.0
325,28,Y,0,0.0
326,28,Y,0,0.0
327,28,Y,0,0.0
328,28,Y,0,0.0
329,28,Y,0,0.0
330,28,Y,0,0.0
331,28,Y,0,0.0
332,29,Y,0,0.0
333,29,Y,0,0.0
334,29,Y,0,0.0
335,29,Y,0,0.0
336,29,Y,0,0.0
337,29,Y,0,0.0
338,29,Y,0,0.0
339,29,Y,0,0.0
340,30,Y,0,0.0
341,30,Y,0,0.0
342,30,Y,0,0.0
343,30,Y,0,0.0
344,30,Y,0,0.0
345,30,Y,0,0.0
346,30,Y,0,0.0
347,30,Y,0,0.0
348,31,Y,0,0.0
349,31,Y,0,0.0
350,31,Y,0,0.0
351,31,Y,0,0.0
352,31,Y,0,0.0
353,31,Y,0,0.0
354,31,Y,0,0.0
355,31,Y,0,0.0
356,32,Y,0,0.0
357,32,Y,0,0.0
358,32,Y,0,0.0
359,32,Y,0,0.0
360,32,Y,0,0.0
361,32,Y,0,0.0
362,32,Y,0,0.0
363,32,Y,0,0.0
364,33,Y,0,0.0
365,33,Y,0,0.0
366,33,Y,0,0.0
367,33,Y,0,0.0
368,33,Y,0,0.0
369,33,Y,0,0.0
370,33,Y,0,0.0
371,33,Y,0,0.0
380,35,Y,0,0.0
381,35,Y,0,0.0
382,35,Y,0,0.0
383,35,Y,0,0.0
384,35,Y,0,0.0
385,35,Y,0,0.0
386,35,Y,0,0.0
387,35,Y,0,0.0
388,36,Y,0,0.0
389,36,Y,0,0.0
390,36,Y,0,0.0
391,36,Y,0,0.0
392,36,Y,0,0.0
393,36,Y,0,0.0
394,36,Y,0,0.0
395,36,Y,0,0.0
396,37,Y,0,0.0
397,37,Y,0,0.0
398,37,Y,0,0.0
399,37,Y,0,0.0
400,37,Y,0,0.0
401,37,Y,0,0.0
402,37,Y,0,0.0
403,37,Y,0,0.0
404,38,Y,0,0.0
405,38,Y,0,0.0
406,38,Y,0,0.0
407,38,Y,0,0.0
408,38,Y,0,0.0
409,38,Y,0,0.0
410,38,Y,0,0.0
411,38,Y,0,0.0
412,39,Y,0,0.0
413,39,Y,0,0.0
414,39,Y,0,0.0
415,39,Y,0,0.0
416,39,Y,0,0.0
417,39,Y,0,0.0
418,39,Y,0,0.0
419,39,Y,0,0.0
420,40,Y,0,0.0
421,40,Y,0,0.0
422,40,Y,0,0.0
423,40,Y,0,0.0
424,40,Y,0,0.0
425,40,Y,0,0.0
426,40,Y,0,0.0
427,40,Y,0,0.0
436,42,Y,0,0.0
437,42,Y,0,0.0
438,42,Y,0,0.0
439,42,Y,0,0.0
440,42,Y,0,0.0
441,42,Y,0,0.0
442,42,Y,0,0.0
443,42,Y,0,0.0
444,43,Y,0,0.0
445,43,Y,0,0.0
446,43,Y,0,0.0
447,43,Y,0,0.0
448,43,Y,0,0.0
449,43,Y,0,0.0
450,43,Y,0,0.0
451,43,Y,0,0.0
476,47,Y,0,0.0
477,47,Y,0,0.0
478,47,Y,0,0.0
479,47,Y,0,0.0
480,47,Y,0,0.0
481,47,Y,0,0.0
482,47,Y,0,0.0
483,47,Y,0,0.0
500,50,Y,0,0.0
501,50,Y,0,0.0
502,50,Y,0,0.0
503,50,Y,0,0.0
504,50,Y,0,0.0
505,50,Y,0,0.0
506,50,Y,0,0.0
507,50,Y,0,0.0
508,51,Y,0,0.0
509,51,Y,0,0.0
510,51,Y,0,0.0
511,51,Y,0,0.0
512,51,Y,0,0.0
513,51,Y,0,0.0
514,51,Y,0,0.0
515,51,Y,0,0.0
524,53,Y,0,0.0
525,53,Y,0,0.0
526,53,Y,0,0.0
527,53,Y,0,0.0
528,53,Y,0,0.0
529,53,Y,0,0.0
530,53,Y,0,0.0
531,53,Y,0,0.0
532,54,Y,0,0.0
533,54,Y,0,0.0
534,54,Y,0,0.0
535,54,Y,0,0.0
536,54,Y,0,0.0
537,54,Y,0,0.0
538,54,Y,0,0.0
539,54,Y,0,0.0
548,56,Y,0,0.0
549,56,Y,0,0.0
550,56,Y,0,0.0
551,56,Y,0,0.0
552,56,Y,0,0.0
553,56,Y,0,0.0
554,56,Y,0,0.0
555,56,Y,0,0.0
556,57,Y,0,0.0
557,57,Y,0,0.0
558,57,Y,0,0.0
559,57,Y,0,0.0
560,57,Y,0,0.0
561,57,Y,0,0.0
562,57,Y,0,0.0
563,57,Y,0,0.0
572,59,Y,0,0.0
573,59,Y,0,0.0
574,59,Y,0,0.0
575,59,Y,0,0.0
576,59,Y,0,0.0
577,59,Y,0,0.0
578,59,Y,0,0.0
579,59,Y,0,0.0
596,62,Y,0,0.0
597,62,Y,0,0.0
598,62,Y,0,0.0
599,62,Y,0,0.0
600,62,Y,0,0.0
601,62,Y,0,0.0
602,62,Y,0,0.0
603,62,Y,0,0.0
604,63,Y,0,0.0
605,63,Y,0,0.0
606,63,Y,0,0.0
607,63,Y,0,0.0
608,63,Y,0,0.0
609,63,Y,0,0.0
610,63,Y,0,0.0
611,63,Y,0,0.0
620,65,Y,0,0.0
621,65,Y,0,0.0
622,65,Y,0,0.0
623,65,Y,0,0.0
624,65,Y,0,0.0
625,65,Y,0,0.0
626,65,Y,0,0.0
627,65,Y,0,0.0
628,66,Y,0,0.0
629,66,Y,0,0.0
630,66,Y,0,0.0
631,66,Y,0,0.0
632,66,Y,0,0.0
633,66,Y,0,0.0
634,66,Y,0,0.0
635,66,Y,0,0.0
636,67,Y,0,0.0
637,67,Y,0,0.0
638,67,Y,0,0.0
639,67,Y,0,0.0
640,67,Y,0,0.0
641,67,Y,0,0.0
642,67,Y,0,0.0
643,67,Y,0,0.0
652,69,Y,0,0.0
653,69,Y,0,0.0
654,69,Y,0,0.0
655,69,Y,0,0.0
656,69,Y,0,0.0
657,69,Y,0,0.0
658,69,Y,0,0.0
659,69,Y,0,0.0
660,70,Y,0,0.0
661,70,Y,0,0.0
662,70,Y,0,0.0
663,70,Y,0,0.0
664,70,Y,0,0.0
665,70,Y,0,0.0
666,70,Y,0,0.0
667,70,Y,0,0.0
668,71,Y,0,0.0
669,71,Y,0,0.0
670,71,Y,0,0.0
671,71,Y,0,0.0
672,71,Y,0,0.0
673,71,Y,0,0.0
674,71,Y,0,0.0
675,71,Y,0,0.0
676,72,Y,0,0.0
677,72,Y,0,0.0
678,72,Y,0,0.0
679,72,Y,0,0.0
680,72,Y,0,0.0
681,72,Y,0,0.0
682,72,Y,0,0.0
683,72,Y,0,0.0
684,73,Y,0,0.0
685,73,Y,0,0.0
686,73,Y,0,0.0
687,73,Y,0,0.0
688,73,Y,0,0.0
689,73,Y,0,0.0
690,73,Y,0,0.0
691,73,Y,0,0.0
692,74,Y,0,0.0
693,74,Y,0,0.0
694,74,Y,0,0.0
695,74,Y,0,0.0
696,74,Y,0,0.0
697,74,Y,0,0.0
698,74,Y,0,0.0
699,74,Y,0,0.0
700,75,Y,0,0.0
701,75,Y,0,0.0
702,75,Y,0,0.0
703,75,Y,0,0.0
704,75,Y,0,0.0
705,75,Y,0,0.0
706,75,Y,0,0.0
707,75,Y,0,0.0
724,78,Y,0,0.0
725,78,Y,0,0.0
726,78,Y,0,0.0
727,78,Y,0,0.0
728,78,Y,0,0.0
729,78,Y,0,0.0
730,78,Y,0,0.0
731,78,Y,0,0.0
732,79,Y,0,0.0
733,79,Y,0,0.0
734,79,Y,0,0.0
735,79,Y,0,0.0
736,79,Y,0,0.0
737,79,Y,0,0.0
738,79,Y,0,0.0
739,79,Y,0,0.0
740,80,Y,0,0.0
741,80,Y,0,0.0
742,80,Y,0,0.0
743,80,Y,0,0.0
744,80,Y,0,0.0
745,80,Y,0,0.0
746,80,Y,0,0.0
747,80,Y,0,0.0
756,82,Y,0,0.0
757,82,Y,0,0.0
758,82,Y,0,0.0
759,82,Y,0,0.0
760,82,Y,0,0.0
761,82,Y,0,0.0
762,82,Y,0,0.0
763,82,Y,0,0.0
764,83,Y,0,0.0
765,83,Y,0,0.0
766,83,Y,0,0.0
767,83,Y,0,0.0
768,83,Y,0,0.0
769,83,Y,0,0.0
770,83,Y,0,0.0
771,83,Y,0,0.0
788,86,Y,0,0.0
789,86,Y,0,0.0
790,86,Y,0,0.0
791,86,Y,0,0.0
792,86,Y,0,0.0
793,86,Y,0,0.0
794,86,Y,0,0.0
795,86,Y,0,0.0
812,89,Y,0,0.0
813,89,Y,0,0.0
814,89,Y,0,0.0
815,89,Y,0,0.0
816,89,Y,0,0.0
817,89,Y,0,0.0
818,89,Y,0,0.0
819,89,Y,0,0.0
820,90,Y,0,0.0
821,90,Y,0,0.0
822,90,Y,0,0.0
823,90,Y,0,0.0
824,90,Y,0,0.0
825,90,Y,0,0.0
826,90,Y,0,0.0
827,90,Y,0,0.0
828,91,Y,0,0.0
829,91,Y,0,0.0
830,91,Y,0,0.0
831,91,Y,0,0.0
832,91,Y,0,0.0
833,91,Y,0,0.0
834,91,Y,0,0.0
835,91,Y,0,0.0
836,92,Y,0,0.0
837,92,Y,0,0.0
838,92,Y,0,0.0
839,92,Y,0,0.0
840,92,Y,0,0.0
841,92,Y,0,0.0
842,92,Y,0,0.0
843,92,Y,0,0.0
844,93,Y,0,0.0
845,93,Y,0,0.0
846,93,Y,0,0.0
847,93,Y,0,0.0
848,93,Y,0,0.0
849,93,Y,0,0.0
850,93,Y,0,0.0
851,93,Y,0,0.0
852,94,Y,0,0.0
853,94,Y,0,0.0
854,94,Y,0,0.0
855,94,Y,0,0.0
856,94,Y,0,0.0
857,94,Y,0,0.0
858,94,Y,0,0.0
859,94,Y,0,0.0
860,95,Y,0,0.0
861,95,Y,0,0.0
862,95,Y,0,0.0
863,95,Y,0,0.0
864,95,Y,0,0.0
865,95,Y,0,0.0
866,95,Y,0,0.0
867,95,Y,0,0.0
876,97,Y,0,0.0
877,97,Y,0,0.0
878,97,Y,0,0.0
879,97,Y,0,0.0
880,97,Y,0,0.0
881,97,Y,0,0.0
882,97,Y,0,0.0
883,97,Y,0,0.0
884,98,Y,0,0.0
885,98,Y,0,0.0
886,98,Y,0,0.0
887,98,Y,0,0.0
888,98,Y,0,0.0
889,98,Y,0,0.0
890,98,Y,0,0.0
891,98,Y,0,0.0
892,99,Y,0,0.0
893,99,Y,0,0.0
894,99,Y,0,0.0
895,99,Y,0,0.0
896,99,Y,0,0.0
897,99,Y,0,0.0
898,99,Y,0,0.0
899,99,Y,0,0.0
