8,125,N,6599952514,21.999841713333335
45,1,N,6110085648,20.36695216
78,45,N,5957479312,19.858264373333334
1,143,Y,5856407192,19.52135730666667
755,78,Y,5853364824,19.51121608
125,1,N,5783876501,19.279588336666666
1,125,N,5625722863,18.752409543333336
125,8,N,4041520709,13.471735696666668
4,103,N,4033755234,13.445850779999999
103,4,N,3999592121,13.331973736666667
36,119,N,3542479815,11.80826605
48,119,N,3504786618,11.68262206
90,17,N,3484023542,11.613411806666667
0,82,N,3479731528,11.599105093333334
108,10,N,3407444651,11.358148836666667
119,48,N,3281431351,10.938104503333333
11,97,N,3111433767,10.37144589
100,18,N,3071915682,10.239718940000001
96,10,N,3053338130,10.177793766666667
10,108,N,3051289084,10.170963613333333
97,11,N,3010271619,10.03423873
29,103,N,3002028807,10.00676269
119,36,N,2916337814,9.721126046666667
82,0,N,2867339202,9.55779734
102,17,N,2841349601,9.471165336666667
121,29,N,2836771565,9.455905216666666
103,29,N,2799612273,9.33204091
18,100,N,2689368794,8.964562646666668
14,65,N,2667107448,8.89035816
17,102,N,2635391523,8.78463841
17,90,N,2600541283,8.668470943333334
65,3,N,2600068256,8.666894186666667
42,107,N,2575852872,8.58617624
3,54,N,2567058968,8.556863226666668
54,562,Y,2483606928,8.27868976
241,14,Y,2469426352,8.231421173333334
34,64,N,2316506051,7.721686836666667
107,42,N,2255824996,7.519416653333333
29,121,N,2244767063,7.482556876666667
124,42,N,2171776257,7.23925419
106,1,N,2095907727,6.98635909
10,96,N,2062717317,6.87572439
42,124,N,1979364716,6.597882386666666
4,115,N,1975893088,6.586310293333334
115,4,N,1878486019,6.261620063333333
941,101,Y,1780882807,5.936276023333333
13,40,N,1727140879,5.757136263333333
101,34,N,1667684277,5.55894759
64,13,N,1665037489,5.550124963333333
40,453,Y,1536436765,5.121455883333334
1,106,N,1363458230,4.544860766666667
64,115,N,783243016,2.6108100533333336
112,110,N,745627856,2.485426186666667
1,45,N,722351648,2.4078388266666666
115,112,N,716703752,2.3890125066666665
4,85,N,710700104,2.3690003466666667
196,8,Y,708582248,2.3619408266666664
1,142,Y,706958920,2.3565297333333333
47,39,N,662184208,2.2072806933333333
39,21,N,633119056,2.1103968533333335
21,90,N,628542352,2.0951411733333334
45,78,N,584193200,1.9473106666666666
90,33,N,576213712,1.9207123733333336
110,1014,Y,560690832,1.86896944
404,34,Y,557480752,1.8582691733333334
43,78,N,548596384,1.8286546133333335
15,48,N,514011312,1.7133710399999997
48,15,N,508935248,1.6964508266666667
143,1,Y,506032872,1.68677624
65,14,N,504700296,1.68233432
87,111,N,500279448,1.66759816
71,91,N,494212832,1.6473761066666666
107,95,N,487581816,1.6252727200000001
78,755,Y,487285824,1.62428608
74,87,N,475190000,1.5839666666666665
78,43,N,472221416,1.5740713866666665
11,83,N,466912528,1.5563750933333333
85,100,N,466238448,1.55412816
101,123,N,459228040,1.5307601333333334
60,10,N,458618520,1.5287284
43,96,N,450435552,1.5014518399999999
10,71,N,447857744,1.4928591466666667
83,7,N,447744384,1.49248128
53,44,N,436036752,1.45345584
33,393,Y,435976792,1.4532559733333335
15,121,N,435519240,1.4517308
11,105,N,433436328,1.44478776
504,47,Y,431725312,1.4390843733333334
16,6,N,430656904,1.4355230133333334
7,55,N,429332936,1.4311097866666667
123,101,N,426332936,1.4211097866666667
64,34,N,423842008,1.4128066933333334
55,59,N,419503384,1.3983446133333335
105,118,N,413005040,1.3766834666666667
125,15,N,405974784,1.35324928
31,60,N,405899832,1.35299944
20,122,N,405810456,1.35270152
48,104,N,405205256,1.3506841866666666
49,45,N,404779264,1.3492642133333332
67,47,N,403923976,1.3464132533333333
91,28,N,401665984,1.3388866133333333
123,74,N,398031072,1.3267702399999999
47,123,N,397020696,1.32340232
24,81,N,384085088,1.2802836266666666
83,58,N,377805392,1.2593513066666666
107,126,N,368269120,1.2275637333333334
10,60,N,366347064,1.22115688
124,92,N,362626968,1.20875656
121,53,N,362141480,1.2071382666666666
27,31,N,361623696,1.20541232
26,119,N,356262168,1.18754056
44,53,N,354237872,1.1807929066666667
25,72,N,353862328,1.1795410933333335
3,65,N,353197760,1.1773258666666666
72,67,N,349740624,1.16580208
5,26,N,342716640,1.1423888
94,122,N,340927632,1.13642544
13,64,N,340391864,1.1346395466666666
50,24,N,336491256,1.12163752
12,19,N,334452024,1.11484008
9,66,N,333665344,1.1122178133333334
22,112,N,332991664,1.1099722133333334
96,88,N,332407528,1.1080250933333333
91,71,N,329876520,1.0995884
111,25,N,329184624,1.09728208
79,12,N,328637888,1.0954596266666667
78,114,N,326218496,1.0873949866666666
54,3,N,326199896,1.0873329866666666
21,25,N,325512904,1.0850430133333333
32,59,N,325317056,1.0843901866666668
35,26,N,323428024,1.0780934133333333
80,77,N,322963592,1.0765453066666666
40,13,N,322433136,1.07477712
111,86,N,320322080,1.0677402666666667
19,12,N,319100768,1.0636692266666665
104,72,N,318791960,1.0626398666666668
118,29,N,316720352,1.0557345066666666
92,120,N,313619088,1.04539696
14,0,N,312364048,1.0412134933333332
45,49,N,312330480,1.0411016
953,103,Y,311353760,1.0378458666666666
110,112,N,310454504,1.0348483466666667
31,27,N,309836000,1.0327866666666665
57,75,N,309718400,1.0323946666666668
75,103,N,307438760,1.0247958666666666
3,28,N,306476968,1.0215898933333334
66,57,N,306273840,1.0209128
71,10,N,305555640,1.0185188
6,120,N,305058088,1.0168602933333333
120,92,N,304904880,1.0163495999999999
88,79,N,304416704,1.0147223466666668
68,90,N,302818712,1.0093957066666666
72,94,N,302050624,1.0068354133333335
5,105,N,301235728,1.0041190933333333
100,930,Y,301045416,1.00348472
81,41,N,298960256,0.9965341866666666
120,111,N,297666440,0.9922214666666667
72,80,N,296624096,0.9887469866666667
41,83,N,294814216,0.9827140533333334
116,40,N,293780960,0.9792698666666667
31,0,N,293440120,0.9781337333333332
111,1023,Y,291833536,0.9727784533333333
10,49,N,291755536,0.9725184533333333
77,27,N,291625520,0.9720850666666666
99,57,N,289627512,0.96542504
122,44,N,289241976,0.9641399199999999
81,106,N,286261728,0.95420576
55,42,N,285303040,0.9510101333333333
38,94,N,285156920,0.9505230666666666
126,124,N,282617456,0.9420581866666666
98,34,N,282498296,0.9416609866666666
46,114,N,281853168,0.93951056
88,42,N,281305080,0.9376836
383,31,Y,281243952,0.9374798400000001
90,99,N,281241056,0.9374701866666666
15,61,N,280803376,0.9360112533333332
28,355,Y,280651544,0.9355051466666666
40,21,N,279753256,0.9325108533333333
120,127,N,279345768,0.93115256
223,11,Y,279335464,0.9311182133333333
0,14,N,279092800,0.9303093333333333
12,79,N,277820040,0.9260668
122,13,N,277290784,0.9243026133333334
122,71,N,275216432,0.9173881066666667
109,56,N,273910568,0.9130352266666667
34,101,N,273477232,0.9115907733333333
49,10,N,271670544,0.90556848
95,104,N,271031080,0.9034369333333334
757,78,Y,270456736,0.9015224533333333
24,52,N,269650784,0.8988359466666667
6,22,N,268407592,0.8946919733333333
796,83,Y,268115776,0.8937192533333335
79,69,N,267949456,0.8931648533333333
34,98,N,267697512,0.8923250400000001
36,116,N,267356616,0.8911887199999999
119,89,N,266853424,0.8895114133333333
6,30,N,266728192,0.8890939733333334
52,70,N,266199088,0.8873302933333334
5,16,N,266059352,0.8868645066666667
0,16,N,265970608,0.8865686933333333
59,605,Y,265862528,0.8862084266666668
98,51,N,264941968,0.8831398933333333
16,5,N,263901488,0.8796716266666668
60,17,N,263878728,0.87959576
28,115,N,263615616,0.87871872
25,21,N,263234808,0.8774493600000001
114,32,N,261942904,0.8731430133333334
37,86,N,261708488,0.8723616266666666
112,115,N,261275296,0.8709176533333333
85,4,N,260431536,0.86810512
21,40,N,260090952,0.86696984
122,94,N,259059960,0.8635332000000001
14,123,N,258757728,0.86252576
113,49,N,258154376,0.8605145866666667
61,79,N,257836200,0.8594539999999999
88,96,N,257641464,0.85880488
66,41,N,257305984,0.8576866133333333
56,97,N,257136872,0.8571229066666667
51,24,N,256337328,0.8544577600000001
112,75,N,256037744,0.8534591466666667
96,898,Y,255347544,0.8511584799999999
121,105,N,254684848,0.8489494933333332
78,116,N,254330984,0.8477699466666667
105,46,N,254224232,0.8474141066666666
42,88,N,254058504,0.8468616800000001
72,104,N,253710160,0.8457005333333333
88,37,N,253411864,0.8447062133333334
29,362,Y,252970248,0.8432341600000001
114,110,N,251832320,0.8394410666666666
109,12,N,251745720,0.8391523999999999
101,50,N,251452016,0.8381733866666666
32,100,N,251152312,0.8371743733333332
12,109,N,250885488,0.83628496
79,4,N,250722784,0.8357426133333333
80,72,N,250641664,0.8354722133333334
26,12,N,249921920,0.8330730666666666
122,20,N,249853008,0.83284336
36,45,N,249564440,0.8318814666666667
91,92,N,249496872,0.8316562399999999
55,7,N,249412448,0.8313748266666667
104,48,N,249145144,0.8304838133333334
60,89,N,248430184,0.8281006133333333
97,49,N,247651856,0.8255061866666666
50,23,N,246507016,0.8216900533333333
100,85,N,245046384,0.81682128
116,36,N,244586896,0.8152896533333334
27,77,N,244315536,0.81438512
57,66,N,243940424,0.8131347466666666
125,51,N,242743800,0.809146
38,81,N,242636088,0.80878696
64,18,N,239272952,0.7975765066666666
23,50,N,239242752,0.79747584
59,55,N,238922312,0.7964077066666667
123,47,N,238769984,0.7958999466666666
33,90,N,238757144,0.7958571466666666
121,108,N,238078816,0.7935960533333333
106,5,N,237979840,0.7932661333333334
69,79,N,237520408,0.7917346933333334
906,97,Y,237367608,0.79122536
12,67,N,237086024,0.7902867466666667
5,68,N,237017336,0.7900577866666666
33,98,N,236841656,0.7894721866666666
44,482,Y,236634632,0.7887821066666667
96,43,N,236286872,0.7876229066666667
120,82,N,236199408,0.7873313599999999
70,113,N,235438320,0.7847944000000001
28,91,N,235402216,0.7846740533333334
118,105,N,234599448,0.78199816
97,56,N,234565456,0.7818848533333334
82,120,N,234420384,0.7814012800000001
17,20,N,233889392,0.7796313066666667
14,241,Y,233705288,0.7790176266666666
77,80,N,233650624,0.7788354133333333
37,88,N,233601056,0.7786701866666667
104,964,Y,233571000,0.7785700000000001
79,88,N,232908552,0.77636184
31,20,N,232065336,0.7735511199999999
110,0,N,231910384,0.7730346133333333
105,5,N,231384552,0.77128184
119,123,N,230379848,0.7679328266666667
40,116,N,230294152,0.7676471733333333
126,57,N,230179728,0.7672657599999999
126,107,N,230112848,0.7670428266666667
70,52,N,230074424,0.7669147466666667
80,108,N,230021016,0.7667367199999999
92,38,N,229521136,0.7650704533333333
516,48,Y,228743488,0.7624782933333334
83,11,N,228301536,0.76100512
21,39,N,228227320,0.7607577333333333
71,2,N,228221896,0.7607396533333333
85,811,Y,227661256,0.7588708533333334
95,73,N,227256840,0.7575227999999999
50,108,N,227143008,0.75714336
2,71,N,226372088,0.7545736266666667
12,26,N,226302936,0.75434312
0,110,N,226105176,0.7536839200000001
562,54,Y,226099080,0.7536636
86,111,N,226080608,0.7536020266666668
195,8,Y,226024608,0.75341536
51,98,N,225868744,0.7528958133333333
97,98,N,225726744,0.75242248
120,6,N,225450360,0.7515012
13,122,N,225248472,0.75082824
0,31,N,225122848,0.7504094933333334
43,74,N,224866768,0.7495558933333334
2,35,N,224504688,0.74834896
17,60,N,223252768,0.7441758933333333
111,9,N,223217672,0.7440589066666667
95,107,N,222850024,0.7428334133333333
158,3,Y,222557760,0.7418591999999999
90,21,N,222226928,0.7407564266666666
30,23,N,222011328,0.74003776
87,48,N,221707984,0.7390266133333333
57,99,N,221358248,0.7378608266666667
124,108,N,221082400,0.7369413333333333
41,66,N,220235240,0.7341174666666667
35,67,N,220155528,0.7338517600000001
98,97,N,219913888,0.7330462933333334
30,77,N,219222216,0.73074072
67,27,N,218893704,0.72964568
96,112,N,218804176,0.7293472533333334
9,111,N,218481976,0.7282732533333334
77,30,N,218069960,0.7268998666666667
89,107,N,218068504,0.7268950133333334
68,5,N,217407160,0.7246905333333333
121,15,N,217120568,0.7237352266666667
81,38,N,216616616,0.7220553866666667
111,87,N,215989872,0.71996624
76,65,N,215290520,0.7176350666666667
52,76,N,214305104,0.7143503466666667
92,103,N,213890800,0.7129693333333333
115,64,N,213829544,0.7127651466666667
105,121,N,213717152,0.7123905066666667
26,5,N,213672408,0.71224136
30,117,N,212592448,0.7086414933333334
93,84,N,212128984,0.7070966133333334
74,53,N,211953472,0.7065115733333334
67,12,N,210975296,0.7032509866666666
62,8,N,210387752,0.7012925066666666
89,119,N,210095568,0.7003185599999999
92,124,N,210050192,0.7001673066666667
61,37,N,209759888,0.6991996266666667
535,50,Y,209673856,0.6989128533333333
54,23,N,209491168,0.6983038933333333
20,61,N,209192600,0.6973086666666667
85,77,N,209132344,0.6971078133333334
77,85,N,208724840,0.6957494666666667
26,22,N,208242624,0.69414208
108,121,N,208119424,0.6937314133333333
89,83,N,207517232,0.6917241066666666
75,112,N,207199634,0.6906654466666667
47,100,N,207081752,0.6902725066666666
70,31,N,206888408,0.6896280266666667
84,30,N,206786104,0.6892870133333334
61,15,N,206738896,0.6891296533333333
34,102,N,206698336,0.6889944533333333
8,62,N,206060672,0.6868689066666667
25,111,N,205598776,0.6853292533333334
101,93,N,205562120,0.6852070666666666
114,78,N,205393968,0.68464656
59,32,N,205220240,0.6840674666666667
50,101,N,205191344,0.6839711466666666
93,18,N,204855936,0.68285312
112,96,N,204132312,0.6804410399999999
7,83,N,203970560,0.6799018666666666
30,6,N,203729328,0.67909776
75,37,N,203587080,0.6786236
40,27,N,203542472,0.6784749066666667
83,41,N,203292160,0.6776405333333333
53,121,N,203074312,0.6769143733333334
97,38,N,203058728,0.6768624266666667
56,109,N,202914984,0.67638328
26,35,N,202872312,0.67624104
15,84,N,202736424,0.67578808
16,0,N,202158520,0.6738617333333333
58,43,N,202002312,0.67334104
98,33,N,201781816,0.6726060533333333
106,976,Y,201282576,0.6709419200000001
46,105,N,200527512,0.66842504
86,102,N,200268488,0.6675616266666666
15,125,N,200142312,0.66714104
69,126,N,199942264,0.6664742133333333
73,63,N,199908416,0.6663613866666667
37,75,N,199823320,0.6660777333333334
76,61,N,199493912,0.6649797066666667
112,22,N,199244304,0.66414768
40,95,N,198951680,0.6631722666666667
100,931,Y,198716688,0.66238896
81,85,N,198366936,0.6612231199999999
94,38,N,198108832,0.6603627733333334
22,6,N,198007192,0.6600239733333333
38,97,N,197882160,0.6596072
92,91,N,197708552,0.6590285066666667
78,84,N,197592960,0.6586432
46,76,N,197552952,0.65850984
101,62,N,197229112,0.6574303733333333
53,74,N,197201624,0.6573387466666667
59,127,N,196997456,0.6566581866666666
94,37,N,196891928,0.6563064266666666
72,25,N,196773776,0.6559125866666666
84,15,N,196211344,0.6540378133333333
86,47,N,196000088,0.6533336266666667
102,34,N,195386936,0.6512897866666667
76,46,N,195174880,0.6505829333333334
23,30,N,194901608,0.6496720266666667
119,26,N,194799576,0.6493319200000001
7,21,N,194560584,0.64853528
124,52,N,194330600,0.6477686666666667
19,53,N,194329368,0.64776456
22,26,N,194315456,0.6477181866666667
76,52,N,194184960,0.6472832000000001
107,89,N,194105016,0.64701672
108,124,N,194057832,0.6468594400000001
66,54,N,193836472,0.6461215733333333
76,116,N,193350768,0.6445025600000001
70,107,N,192555768,0.64185256
5,106,N,192127392,0.64042464
109,118,N,191924728,0.6397490933333333
45,16,N,191594168,0.6386472266666667
259,16,Y,191541704,0.6384723466666666
71,127,N,191115688,0.6370522933333334
64,104,N,190719928,0.6357330933333333
127,71,N,190544696,0.6351489866666666
41,81,N,190208048,0.6340268266666667
39,22,N,190177080,0.6339236
105,11,N,190120088,0.6337336266666667
32,87,N,189812008,0.6327066933333334
102,86,N,189349408,0.6311646933333334
86,37,N,189205328,0.6306844266666667
60,63,N,189131080,0.6304369333333333
49,97,N,187691856,0.62563952
65,76,N,187529984,0.6250999466666667
58,2,N,187137392,0.6237913066666666
110,1012,Y,187112000,0.6237066666666666
100,32,N,186779720,0.6225990666666668
75,13,N,186113008,0.6203766933333333
35,55,N,185915984,0.6197199466666666
86,106,N,185826880,0.6194229333333333
53,19,N,185739176,0.6191305866666666
85,81,N,185592832,0.6186427733333334
87,32,N,185159296,0.6171976533333333
9,49,N,185125744,0.6170858133333333
114,46,N,185100368,0.6170012266666667
62,70,N,185084808,0.61694936
48,63,N,184943616,0.6164787199999999
117,33,N,184895504,0.6163183466666666
49,9,N,184806624,0.61602208
58,102,N,184651024,0.6155034133333334
92,869,Y,184582320,0.6152744
35,2,N,184235136,0.61411712
127,80,N,184113312,0.61371104
103,75,N,183789408,0.61263136
73,56,N,183646808,0.6121560266666667
118,25,N,183375592,0.6112519733333334
95,40,N,183275784,0.61091928
66,22,N,182578544,0.6085951466666666
116,76,N,182215920,0.6073864
44,122,N,182195600,0.6073186666666667
18,126,N,181749552,0.60583184
74,43,N,181189048,0.6039634933333333
94,72,N,181154464,0.6038482133333334
902,96,Y,180988488,0.60329496
9,42,N,180942352,0.6031411733333334
111,120,N,180767312,0.6025577066666666
85,1,N,180735456,0.60245152
49,113,N,180573632,0.6019121066666666
9,39,N,180308000,0.6010266666666666
25,28,N,179929112,0.5997637066666667
117,30,N,179802792,0.5993426399999999
102,58,N,179528752,0.5984291733333333
23,73,N,179393744,0.5979791466666667
100,47,N,179364976,0.5978832533333334
8,82,N,179347400,0.5978246666666667
53,555,Y,179114024,0.5970467466666667
38,33,N,178245080,0.5941502666666667
60,31,N,178208728,0.5940290933333333
19,285,Y,177837816,0.5927927199999999
127,120,N,177606800,0.5920226666666667
83,89,N,177596784,0.59198928
1,27,N,177284776,0.5909492533333333
45,36,N,176904536,0.5896817866666667
2,88,N,176844648,0.58948216
17,117,N,176778352,0.5892611733333333
125,102,N,176740928,0.5891364266666667
117,53,N,176584088,0.5886136266666666
43,58,N,176104632,0.5870154399999999
42,9,N,176034464,0.5867815466666666
52,124,N,175865432,0.5862181066666666
96,62,N,175864104,0.58621368
46,98,N,175226304,0.58408768
41,19,N,175210816,0.5840360533333333
44,24,N,174775936,0.5825864533333334
87,11,N,174722088,0.5824069599999999
474,43,Y,174327928,0.5810930933333334
123,14,N,173914392,0.57971464
63,93,N,173594000,0.5786466666666666
66,9,N,173526320,0.5784210666666667
3,36,N,173201392,0.5773379733333334
104,68,N,173180072,0.5772669066666667
27,67,N,172962704,0.5765423466666667
69,34,N,172897232,0.5763241066666667
27,40,N,172484184,0.57494728
41,84,N,172287208,0.5742906933333334
51,59,N,171956968,0.5731898933333334
113,70,N,171429848,0.5714328266666666
91,65,N,170281968,0.56760656
4,79,N,169850736,0.56616912
117,17,N,169432960,0.5647765333333333
8,55,N,169298000,0.5643266666666666
61,20,N,168939360,0.5631312
30,84,N,168907928,0.5630264266666667
61,76,N,168691752,0.5623058400000001
39,43,N,168445664,0.5614855466666666
94,35,N,168229480,0.5607649333333333
108,80,N,167878504,0.5595950133333334
71,122,N,167762712,0.55920904
38,92,N,167519032,0.5583967733333334
52,57,N,167178664,0.5572622133333334
84,41,N,167130672,0.5571022400000001
58,593,Y,167065584,0.55688528
87,830,Y,166815232,0.5560507733333333
20,62,N,166600912,0.5553363733333334
51,125,N,166585680,0.5552856
34,69,N,166479496,0.5549316533333334
11,87,N,166437912,0.55479304
53,117,N,165994928,0.5533164266666666
73,95,N,164820088,0.5494002933333333
13,4,N,164703536,0.5490117866666666
126,69,N,164298744,0.54766248
54,66,N,164188352,0.5472945066666667
28,25,N,164179968,0.54726656
6,16,N,164152080,0.5471735999999999
87,74,N,164064184,0.5468806133333334
109,103,N,163913304,0.54637768
886,94,Y,163575024,0.54525008
79,61,N,163246072,0.5441535733333334
43,39,N,163179192,0.54393064
48,87,N,163076104,0.5435870133333334
104,64,N,162476992,0.5415899733333334
18,64,N,162430024,0.5414334133333333
42,55,N,162381968,0.5412732266666667
39,9,N,162245088,0.54081696
75,57,N,161516072,0.5383869066666667
32,114,N,161277912,0.5375930400000001
21,7,N,161039528,0.5367984266666667
82,117,N,160786920,0.5359564
117,82,N,160234368,0.5341145599999999
108,50,N,159963688,0.5332122933333333
73,23,N,159881344,0.5329378133333333
103,109,N,159653504,0.5321783466666666
106,81,N,159591640,0.5319721333333334
65,91,N,159503496,0.53167832
55,35,N,159446600,0.5314886666666667
52,24,N,158927784,0.5297592799999999
47,86,N,158920920,0.5297364
24,44,N,158882552,0.5296085066666667
44,69,N,158808424,0.5293614133333333
112,1027,Y,158774928,0.52924976
127,1149,Y,158609832,0.52869944
18,50,N,158484704,0.5282823466666667
18,93,N,158283200,0.5276106666666667
101,941,Y,157711392,0.52570464
39,47,N,157543736,0.5251457866666667
91,29,N,157298160,0.5243272
84,93,N,157015840,0.5233861333333334
63,73,N,156897000,0.52299
62,96,N,156135712,0.5204523733333333
991,107,Y,155812344,0.5193744800000001
60,611,Y,155785120,0.5192837333333333
14,68,N,155636608,0.5187886933333333
58,83,N,155601368,0.5186712266666667
44,127,N,155437128,0.51812376
24,51,N,154760208,0.51586736
116,78,N,154685952,0.51561984
36,3,N,154656248,0.5155208266666667
102,125,N,154608904,0.5153630133333333
57,52,N,154569888,0.51523296
113,63,N,153389336,0.5112977866666667
31,70,N,153308472,0.51102824
33,38,N,153277560,0.5109252
19,41,N,152498672,0.5083289066666666
93,46,N,152456976,0.50818992
29,91,N,152168144,0.5072271466666667
106,100,N,151879016,0.5062633866666667
81,24,N,151848272,0.5061609066666667
56,73,N,151564088,0.5052136266666667
62,101,N,151404256,0.5046808533333333
68,95,N,151260152,0.5042005066666666
32,110,N,151076120,0.5035870666666666
67,72,N,150964008,0.5032133599999999
7,82,N,150501048,0.5016701600000001
103,957,Y,150450856,0.5015028533333333
94,887,Y,150395080,0.5013169333333334
110,32,N,150060848,0.5002028266666667
47,67,N,149859136,0.4995304533333333
19,16,N,149798952,0.49932984
453,40,Y,148464072,0.49488023999999997
113,74,N,148217952,0.49405984000000003
220,11,Y,147029704,0.49009901333333333
23,110,N,146975768,0.48991922666666665
123,119,N,146951120,0.48983706666666665
51,537,Y,146789816,0.4892993866666666
84,78,N,146718856,0.4890628533333333
50,18,N,146276416,0.4875880533333333
68,14,N,145852936,0.48617645333333337
99,90,N,145758008,0.48586002666666667
646,64,Y,145059984,0.48353327999999995
675,68,Y,145020176,0.4834005866666667
68,104,N,144764136,0.48254711999999994
20,17,N,144561432,0.48187144000000004
37,61,N,144385672,0.4812855733333334
25,118,N,144084392,0.48028130666666663
80,127,N,144001648,0.4800054933333333
16,19,N,143720424,0.47906807999999995
70,62,N,143265464,0.47755154666666666
63,60,N,143260528,0.4775350933333334
27,1,N,142827656,0.4760921866666667
98,46,N,142544368,0.47514789333333335
4,13,N,142494944,0.47498314666666663
99,2,N,142271224,0.47423741333333336
69,44,N,142112200,0.47370733333333337
2,58,N,142044120,0.47348039999999997
100,106,N,141621936,0.47207311999999996
168,5,Y,141550432,0.47183477333333335
24,50,N,141065184,0.47021728
95,68,N,140908792,0.4696959733333333
6,7,N,140710736,0.4690357866666666
67,35,N,140577848,0.4685928266666667
36,19,N,140537272,0.4684575733333333
118,77,N,140114984,0.4670499466666667
23,54,N,139836288,0.46612096
106,86,N,139511616,0.46503871999999996
59,69,N,139062352,0.46354117333333333
107,70,N,138952384,0.4631746133333333
63,48,N,138630824,0.4621027466666667
90,68,N,137861256,0.45953752
35,94,N,137640896,0.4588029866666667
1022,111,Y,137579584,0.45859861333333335
10,208,Y,137528176,0.45842725333333334
82,8,N,137292616,0.45764205333333335
22,66,N,137120072,0.45706690666666666
77,118,N,136996888,0.4566562933333333
104,95,N,136964992,0.4565499733333333
13,75,N,136716536,0.4557217866666667
838,88,Y,135962104,0.4532070133333333
19,36,N,135733232,0.4524441066666667
20,31,N,135543192,0.45181064000000004
62,20,N,134716040,0.4490534666666666
99,14,N,134281264,0.44760421333333333
89,60,N,134033712,0.44677904
33,117,N,133898448,0.44632816
126,18,N,132973608,0.44324536
59,51,N,132439784,0.44146594666666666
103,92,N,132337704,0.44112568
29,80,N,131868152,0.43956050666666663
831,87,Y,131142920,0.43714306666666664
14,99,N,130920032,0.4364001066666666
689,70,Y,130382496,0.43460832
1,85,N,129553632,0.43184544
124,126,N,129435816,0.43145272
69,59,N,128943744,0.42981248
27,349,Y,128898016,0.42966005333333335
93,101,N,128605056,0.42868352000000004
74,123,N,128412224,0.4280407466666667
110,114,N,127135352,0.42378450666666667
16,45,N,127036344,0.42345448
104,967,Y,126831056,0.42277018666666666
58,99,N,126394192,0.42131397333333337
55,8,N,126348840,0.4211628
115,65,N,125455688,0.41818562666666664
472,43,Y,125454688,0.41818229333333334
290,20,Y,125258552,0.4175285066666667
612,60,Y,125166880,0.4172229333333334
37,94,N,124973288,0.41657762666666664
85,814,Y,124309704,0.41436568
28,3,N,123162520,0.4105417333333333
93,63,N,122917416,0.40972472
380,31,Y,122620152,0.40873384
102,944,Y,122152688,0.4071756266666666
127,59,N,122103272,0.40701090666666667
110,23,N,121865752,0.4062191733333333
54,114,N,121029952,0.4034331733333334
115,28,N,120572800,0.40190933333333334
37,429,Y,120059080,0.40019693333333334
65,115,N,118856912,0.3961897066666667
127,44,N,118687264,0.39562421333333336
46,93,N,118402120,0.3946737333333334
430,37,Y,116504416,0.38834805333333333
393,33,Y,116412680,0.3880422666666667
114,54,N,115900024,0.3863334133333334
482,44,Y,115827968,0.3860932266666667
531,50,Y,115366112,0.38455370666666666
22,39,N,114948760,0.38316253333333333
2,99,N,113232392,0.3774413066666667
10,213,Y,112933784,0.37644594666666664
94,883,Y,112841968,0.3761398933333333
11,33,N,112712528,0.37570842666666665
51,8,N,112450376,0.37483458666666664
408,35,Y,112449792,0.37483264
80,29,N,112267544,0.3742251466666667
283,19,Y,112261288,0.3742042933333333
1056,116,Y,112123224,0.37374408000000003
74,113,N,111398992,0.37132997333333334
857,91,Y,110920048,0.36973349333333333
57,126,N,110231088,0.36743696
89,840,Y,110192632,0.36730877333333334
118,109,N,109689400,0.3656313333333333
1124,124,Y,109579096,0.3652636533333333
86,817,Y,109446096,0.36482032000000003
83,793,Y,108745176,0.36248392
7,6,N,108225304,0.36075101333333337
59,607,Y,107968112,0.35989370666666665
82,788,Y,107866160,0.35955386666666667
56,3,N,107027448,0.35675816
123,1117,Y,106712336,0.35570778666666664
99,58,N,106394472,0.35464824
56,54,N,106284000,0.35428
89,113,N,106125808,0.35375269333333337
413,35,Y,105663296,0.35221098666666667
1131,125,Y,105088104,0.35029368
539,51,Y,105045224,0.3501507466666667
292,20,Y,104827312,0.34942437333333337
45,489,Y,104788536,0.34929511999999996
500,46,Y,104044400,0.34681466666666666
33,399,Y,103722488,0.3457416266666667
610,60,Y,103102600,0.34367533333333333
82,7,N,103037088,0.34345696
960,104,Y,102995504,0.34331834666666666
57,589,Y,102369616,0.34123205333333334
23,319,Y,102157184,0.3405239466666667
771,80,Y,102049552,0.3401651733333333
63,113,N,101992344,0.33997447999999997
115,1053,Y,101977584,0.33992528
509,47,Y,101691576,0.33897192
171,5,Y,101540912,0.3384697066666667
33,11,N,101329760,0.3377658666666667
71,698,Y,100555888,0.33518629333333333
26,340,Y,100536872,0.33512290666666666
20,292,Y,100001400,0.33333799999999997
978,106,Y,99494408,0.33164802666666665
28,109,N,99293504,0.3309783466666667
116,73,N,99089344,0.33029781333333336
322,24,Y,99064880,0.33021626666666665
706,72,Y,98276032,0.3275867733333333
73,116,N,97872248,0.32624082666666665
667,67,Y,97773816,0.32591272000000004
47,506,Y,97766712,0.32588904
88,2,N,97213656,0.32404552
95,891,Y,97205848,0.32401949333333335
1069,117,Y,96603552,0.32201184
555,53,Y,96173040,0.3205768
5,173,Y,96075456,0.32025152
29,118,N,95914152,0.31971384
97,908,Y,95754576,0.31918192
116,1062,Y,95700536,0.3190017866666667
104,960,Y,95667192,0.31889064
1000,109,Y,95625072,0.31875024
54,56,N,95213168,0.3173772266666667
116,1061,Y,94501240,0.3150041333333333
8,51,N,94417528,0.3147250933333333
497,46,Y,92915616,0.30971872
112,1030,Y,92302080,0.3076736
83,795,Y,92110408,0.30703469333333333
331,25,Y,91782488,0.3059416266666667
205,9,Y,91538472,0.30512824
31,379,Y,91022512,0.3034083733333333
67,665,Y,91013744,0.30337914666666665
39,445,Y,90991872,0.30330624
1092,120,Y,90730424,0.3024347466666667
105,971,Y,90632488,0.30210829333333333
113,89,N,90611928,0.30203976
1005,109,Y,90596584,0.3019886133333333
1009,110,Y,90319808,0.30106602666666665
116,1056,Y,90280976,0.30093658666666667
63,635,Y,90148168,0.3004938933333333
435,38,Y,89919712,0.29973237333333336
356,28,Y,89805064,0.29935021333333334
993,108,Y,89446928,0.29815642666666664
1036,113,Y,88507328,0.2950244266666667
67,667,Y,88262352,0.29420784
574,55,Y,87685120,0.29228373333333335
88,838,Y,87542848,0.29180949333333334
26,342,Y,86346760,0.28782253333333335
8,196,Y,85387624,0.28462541333333335
44,481,Y,85320560,0.28440186666666667
1061,116,Y,85304016,0.28434672
46,500,Y,85149336,0.28383112
812,85,Y,84898704,0.28299568
243,14,Y,84744544,0.28248181333333333
101,937,Y,84538704,0.28179568
904,97,Y,84283960,0.2809465333333333
201,9,Y,83876800,0.27958933333333336
512,48,Y,83849168,0.27949722666666665
109,1007,Y,83730768,0.27910256
110,1011,Y,83498312,0.2783277066666667
117,1066,Y,83293520,0.27764506666666666
862,91,Y,83208112,0.2773603733333333
695,70,Y,82957056,0.27652352
25,333,Y,82774080,0.27591360000000004
1116,123,Y,81861192,0.27287064
1098,121,Y,81771088,0.2725702933333333
169,5,Y,81746336,0.2724877866666667
107,984,Y,81665320,0.2722177333333333
596,58,Y,81309976,0.27103325333333333
967,104,Y,80872744,0.26957581333333336
151,2,Y,80580608,0.26860202666666666
0,128,Y,80132184,0.26710728
63,636,Y,79573368,0.26524456
134,0,Y,79559888,0.2651996266666667
1014,110,Y,79480128,0.26493376
537,51,Y,79410160,0.2647005333333333
602,59,Y,79080320,0.26360106666666666
111,1019,Y,79010392,0.26336797333333334
379,31,Y,78585072,0.26195024
175,5,Y,78549528,0.26183176
75,731,Y,78345880,0.26115293333333334
4,162,Y,78180720,0.2606024
115,1050,Y,77974808,0.2599160266666667
100,935,Y,77510640,0.25836879999999995
845,89,Y,77185256,0.25728418666666664
244,14,Y,77104576,0.2570152533333333
21,299,Y,76981040,0.25660346666666667
8,197,Y,76683880,0.25561293333333335
39,443,Y,76390096,0.2546336533333333
5,170,Y,76333080,0.2544436
89,845,Y,76312576,0.25437525333333333
98,916,Y,76247632,0.25415877333333337
899,96,Y,75106256,0.25035418666666664
1090,120,Y,74944712,0.24981570666666666
199,8,Y,74722168,0.24907389333333335
108,997,Y,74206800,0.24735600000000002
107,987,Y,74170072,0.24723357333333332
784,82,Y,74151672,0.24717224000000002
142,1,Y,74015416,0.24671805333333335
487,44,Y,73620232,0.24540077333333335
664,67,Y,73467488,0.2448916266666667
89,842,Y,73283504,0.24427834666666667
17,266,Y,73201488,0.24400496
18,279,Y,73100728,0.24366909333333334
3,154,Y,72601200,0.242004
3,157,Y,72591416,0.24197138666666668
37,426,Y,72325072,0.24108357333333333
253,15,Y,72291136,0.2409704533333333
865,92,Y,72239944,0.24079981333333333
766,79,Y,72109104,0.24036368
566,54,Y,72080648,0.24026882666666666
648,65,Y,72024032,0.24008010666666668
1033,113,Y,71854304,0.23951434666666668
14,244,Y,71700976,0.23900325333333336
15,255,Y,71510456,0.23836818666666668
1133,125,Y,71405952,0.23801984
817,86,Y,71384968,0.23794989333333333
733,75,Y,71340736,0.23780245333333336
24,327,Y,70611672,0.23537224
697,71,Y,70511640,0.23503880000000002
358,28,Y,70511472,0.23503824
69,683,Y,70500008,0.23500002666666667
931,100,Y,70316896,0.23438965333333334
763,79,Y,70245808,0.23415269333333333
69,681,Y,70138128,0.23379376000000002
299,21,Y,69988792,0.23329597333333332
389,32,Y,69754288,0.23251429333333334
84,800,Y,69418768,0.23139589333333335
105,975,Y,68921720,0.22973906666666666
56,583,Y,68794680,0.2293156
1011,110,Y,68377312,0.22792437333333335
41,462,Y,68054808,0.22684936
1059,116,Y,68021288,0.2267376266666667
34,404,Y,67904904,0.22634968
109,28,N,67882232,0.22627410666666664
276,18,Y,67595040,0.22531679999999998
190,7,Y,67528096,0.22509365333333334
65,654,Y,67364696,0.22454898666666667
388,32,Y,66972048,0.22324016
112,1028,Y,66861400,0.22287133333333334
686,69,Y,66765200,0.22255066666666667
34,407,Y,66751080,0.22250360000000002
1,140,Y,66705712,0.22235237333333335
123,1119,Y,66634528,0.22211509333333332
95,893,Y,66614520,0.2220484
704,72,Y,66484064,0.2216135466666667
4,164,Y,66376136,0.22125378666666665
25,332,Y,66358584,0.22119528
248,15,Y,66147416,0.22049138666666665
71,699,Y,65658912,0.21886304
609,60,Y,65610080,0.21870026666666667
41,458,Y,65553912,0.21851304000000002
813,85,Y,65220080,0.21740026666666667
17,268,Y,65213064,0.21737688
447,39,Y,64606384,0.21535461333333333
38,439,Y,64532752,0.21510917333333332
653,65,Y,64517496,0.21505831999999997
321,24,Y,64300384,0.21433461333333334
11,220,Y,64297496,0.21432498666666666
12,226,Y,64295536,0.21431845333333335
255,15,Y,64229656,0.2140988533333333
91,863,Y,64058376,0.21352792
5,174,Y,63948408,0.21316136
104,965,Y,63936720,0.21312240000000002
124,1121,Y,63838480,0.21279493333333332
94,881,Y,63829648,0.21276549333333333
984,107,Y,63668272,0.2122275733333333
251,15,Y,63611352,0.21203784
930,100,Y,63513440,0.21171146666666665
972,105,Y,63155488,0.21051829333333336
103,954,Y,63137624,0.21045874666666664
123,1116,Y,62767608,0.20922535999999997
30,371,Y,62467224,0.20822407999999998
91,858,Y,62364560,0.2078818666666667
239,13,Y,62363128,0.20787709333333335
1027,112,Y,62296704,0.20765568
25,331,Y,62284768,0.20761589333333333
4,163,Y,62203568,0.20734522666666666
605,59,Y,62176224,0.20725408
270,17,Y,62168224,0.20722741333333333
99,924,Y,61480272,0.20493424000000002
371,30,Y,61406584,0.20468861333333335
103,953,Y,61084856,0.20361618666666667
11,223,Y,60955912,0.20318637333333334
46,496,Y,60945424,0.20315141333333334
826,87,Y,60929112,0.20309704
976,106,Y,60926952,0.20308984
222,11,Y,60837048,0.20279016000000002
126,1136,Y,60825528,0.20275176
118,1078,Y,60819840,0.20273280000000002
282,19,Y,60352480,0.20117493333333333
79,766,Y,60338352,0.20112784
883,94,Y,60338344,0.20112781333333335
102,945,Y,60257096,0.20085698666666668
25,329,Y,60209424,0.20069808
911,97,Y,60109592,0.2003653066666667
45,488,Y,60061224,0.20020407999999998
338,26,Y,60024176,0.20008058666666667
102,951,Y,59680880,0.19893626666666664
48,512,Y,59650840,0.19883613333333333
403,34,Y,59639496,0.19879832
97,909,Y,59584280,0.19861426666666665
422,36,Y,59584128,0.19861376
782,81,Y,59369712,0.19789904
58,594,Y,59301248,0.1976708266666667
469,42,Y,59251552,0.19750517333333334
88,832,Y,59215528,0.19738509333333334
68,676,Y,59170504,0.19723501333333335
13,237,Y,59120144,0.19706714666666664
756,78,Y,58897152,0.19632384
939,101,Y,58825200,0.196084
790,82,Y,58753352,0.19584450666666667
22,304,Y,58744184,0.19581394666666666
434,38,Y,58681848,0.19560616
40,450,Y,58523992,0.19507997333333332
869,92,Y,58448392,0.19482797333333332
811,85,Y,58442368,0.19480789333333334
9,201,Y,58286552,0.19428850666666667
1007,109,Y,58263672,0.19421224
13,235,Y,58245704,0.19415234666666667
10,212,Y,57856176,0.19285392
106,982,Y,57633672,0.19211224000000002
33,397,Y,57585280,0.19195093333333335
7,189,Y,57576696,0.19192231999999998
75,735,Y,57500264,0.1916675466666667
113,1037,Y,57325920,0.1910864
124,1126,Y,57278280,0.1909276
740,76,Y,57172200,0.190574
70,692,Y,57148920,0.1904964
1,137,Y,57146048,0.19048682666666666
656,66,Y,57029568,0.19009856
593,58,Y,56902720,0.18967573333333335
22,308,Y,56881206,0.18960401999999998
77,750,Y,56854368,0.18951456
329,25,Y,56724312,0.18908104
237,13,Y,56682224,0.1889407466666667
64,645,Y,56585888,0.18861962666666668
73,715,Y,56554888,0.18851629333333333
203,9,Y,56528864,0.18842954666666667
27,345,Y,56251072,0.1875035733333333
62,627,Y,56247760,0.18749253333333332
511,47,Y,56189480,0.18729826666666666
146,2,Y,56092544,0.18697514666666668
1132,125,Y,56034704,0.18678234666666668
58,596,Y,55904928,0.18634976
498,46,Y,55882552,0.18627517333333332
2,147,Y,55877168,0.18625722666666666
37,424,Y,55597776,0.18532592
1021,111,Y,55581160,0.18527053333333335
202,9,Y,55550800,0.18516933333333332
3,56,N,55331992,0.18443997333333334
1072,118,Y,55304168,0.18434722666666667
93,879,Y,55261520,0.18420506666666667
88,839,Y,55239280,0.18413093333333333
91,857,Y,55198440,0.18399480000000001
762,79,Y,55179384,0.18393128
122,1110,Y,55128728,0.18376242666666667
858,91,Y,55031384,0.18343794666666666
71,703,Y,54891032,0.1829701066666667
19,282,Y,54835416,0.18278471999999998
268,17,Y,54823552,0.18274517333333334
693,70,Y,54769304,0.18256434666666668
307,22,Y,54737464,0.1824582133333333
20,294,Y,54657760,0.18219253333333335
160,4,Y,54570088,0.18190029333333332
99,921,Y,54526312,0.18175437333333333
297,21,Y,54497424,0.18165808
102,946,Y,54440464,0.18146821333333332
550,52,Y,54403088,0.18134362666666667
108,993,Y,54377440,0.18125813333333332
1053,115,Y,54329904,0.18109968
70,691,Y,54220952,0.18073650666666669
868,92,Y,54198824,0.18066274666666665
310,22,Y,54175416,0.18058472
80,769,Y,54173816,0.18057938666666665
582,56,Y,54062184,0.18020728
650,65,Y,53940160,0.17980053333333332
395,33,Y,53912648,0.17970882666666665
24,324,Y,53887936,0.17962645333333332
78,756,Y,53859784,0.17953261333333334
64,641,Y,53804616,0.17934872
6,183,Y,53775688,0.17925229333333334
174,5,Y,53743192,0.17914397333333335
887,94,Y,53418888,0.17806296
121,1101,Y,53335640,0.17778546666666667
0,134,Y,53262656,0.17754218666666668
31,382,Y,53261904,0.17753968
873,93,Y,53166800,0.17722266666666667
93,873,Y,53131168,0.17710389333333332
116,1059,Y,53101056,0.17700352
848,90,Y,53055952,0.17685317333333334
768,80,Y,52848480,0.1761616
159,3,Y,52828464,0.17609488
1030,112,Y,52827576,0.17609191999999999
57,585,Y,52782656,0.17594218666666667
47,504,Y,52772864,0.17590954666666667
818,86,Y,52764376,0.17588125333333332
330,25,Y,52755336,0.17585112
81,781,Y,52744784,0.17581594666666667
541,51,Y,52616792,0.17538930666666666
207,9,Y,52564528,0.17521509333333335
69,684,Y,52538584,0.17512861333333335
898,96,Y,52533352,0.17511117333333334
29,367,Y,52503512,0.17501170666666666
192,8,Y,52317296,0.17439098666666666
982,106,Y,52264208,0.17421402666666666
86,819,Y,52156584,0.17385528
79,761,Y,52102424,0.17367474666666669
65,648,Y,52079824,0.17359941333333334
1114,123,Y,51742496,0.17247498666666666
4,160,Y,51697152,0.17232383999999998
543,51,Y,51692136,0.17230711999999998
923,99,Y,51690056,0.17230018666666666
699,71,Y,51683008,0.17227669333333334
661,66,Y,51663824,0.17221274666666667
985,107,Y,51631144,0.17210381333333333
137,1,Y,51464728,0.17154909333333335
84,801,Y,51449712,0.17149904
710,72,Y,51372480,0.1712416
48,517,Y,51333480,0.1711116
1083,119,Y,51249744,0.17083248
929,100,Y,51205080,0.1706836
95,890,Y,51077744,0.17025914666666667
22,305,Y,50978216,0.16992738666666668
83,798,Y,50966512,0.16988837333333334
773,80,Y,50884000,0.16961333333333334
111,1018,Y,50768688,0.16922896
127,1145,Y,50737232,0.1691241066666667
77,751,Y,50560728,0.16853576
80,773,Y,50524216,0.16841405333333334
397,33,Y,50483200,0.16827733333333333
172,5,Y,50426696,0.16808898666666666
1099,121,Y,50411992,0.16803997333333331
269,17,Y,50285984,0.16761994666666666
853,90,Y,50281536,0.16760512
77,747,Y,50220400,0.16740133333333335
99,927,Y,50195000,0.16731666666666667
1023,111,Y,50176112,0.16725370666666667
425,37,Y,50168792,0.16722930666666666
678,68,Y,50158032,0.16719344
12,224,Y,50150576,0.16716858666666667
847,89,Y,50030120,0.16676706666666669
3,158,Y,50023096,0.16674365333333332
80,770,Y,49854624,0.16618208
491,45,Y,49816504,0.16605501333333333
877,93,Y,49806880,0.16602293333333334
117,1070,Y,49765160,0.16588386666666666
265,17,Y,49747616,0.16582538666666669
1142,126,Y,49734224,0.16578074666666667
854,90,Y,49716936,0.16572312
318,23,Y,49601840,0.16533946666666666
1104,122,Y,49593024,0.16531008
1106,122,Y,49588448,0.16529482666666667
16,259,Y,49548992,0.16516330666666668
315,23,Y,49454032,0.16484677333333334
937,101,Y,49356624,0.16452208000000001
481,44,Y,49263440,0.16421146666666667
677,68,Y,49170472,0.16390157333333333
125,1133,Y,49111496,0.16370498666666666
27,351,Y,49008384,0.16336128
1047,114,Y,48972272,0.16324090666666666
101,936,Y,48924632,0.16308210666666667
36,423,Y,48833976,0.16277992
608,60,Y,48796608,0.16265536
48,518,Y,48759992,0.16253330666666665
107,990,Y,48684840,0.1622828
1034,113,Y,48632616,0.16210872
518,48,Y,48555816,0.16185272
121,1097,Y,48415616,0.16138538666666669
105,974,Y,48406584,0.16135528
18,277,Y,48191584,0.16063861333333332
284,19,Y,48173192,0.16057730666666667
477,43,Y,48103128,0.16034376
52,550,Y,48086320,0.16028773333333332
999,108,Y,48046592,0.16015530666666666
122,1105,Y,47978072,0.15992690666666667
31,383,Y,47971000,0.15990333333333334
28,359,Y,47957272,0.15985757333333334
74,720,Y,47865896,0.15955298666666667
63,638,Y,47818312,0.15939437333333334
456,41,Y,47680096,0.1589336533333333
22,306,Y,47586416,0.15862138666666667
97,906,Y,47574776,0.15858258666666666
568,55,Y,47544752,0.1584825066666667
67,664,Y,47515040,0.15838346666666667
1012,110,Y,47511000,0.15836999999999998
355,28,Y,47503440,0.1583448
882,94,Y,47445248,0.1581508266666667
342,26,Y,47289064,0.15763021333333335
35,412,Y,47253040,0.15751013333333333
93,872,Y,47244240,0.1574808
31,377,Y,47149072,0.15716357333333333
234,13,Y,47143616,0.15714538666666666
116,1060,Y,47114512,0.15704837333333335
814,85,Y,47108592,0.15702864
966,104,Y,46953584,0.15651194666666668
90,852,Y,46930216,0.15643405333333332
1082,119,Y,46921624,0.15640541333333333
957,103,Y,46841632,0.15613877333333334
43,474,Y,46765536,0.15588512000000002
22,307,Y,46679112,0.15559704
44,484,Y,46674760,0.15558253333333333
52,545,Y,46651112,0.15550370666666669
32,388,Y,46571400,0.155238
20,288,Y,46426288,0.15475429333333335
8,199,Y,46227872,0.15409290666666667
36,419,Y,46190736,0.15396912
10,214,Y,46161704,0.1538723466666667
382,31,Y,46133440,0.15377813333333334
105,968,Y,46101672,0.15367224000000002
33,395,Y,46096248,0.15365415999999998
84,803,Y,46089872,0.15363290666666668
62,628,Y,46008296,0.15336098666666667
86,816,Y,45911432,0.15303810666666667
0,129,Y,45901848,0.15300616
266,17,Y,45876200,0.15292066666666668
809,85,Y,45787728,0.15262576
855,90,Y,45784384,0.15261461333333332
35,411,Y,45763312,0.15254437333333334
437,38,Y,45757864,0.15252621333333333
150,2,Y,45755112,0.15251704000000002
1135,125,Y,45727168,0.15242389333333334
4,166,Y,45707424,0.15235807999999998
101,940,Y,45630960,0.1521032
1031,112,Y,45630816,0.15210272
72,705,Y,45606920,0.15202306666666668
238,13,Y,45571936,0.15190645333333333
219,11,Y,45569120,0.15189706666666666
113,1032,Y,45564816,0.15188272
85,812,Y,45554560,0.15184853333333334
987,107,Y,45527624,0.15175874666666667
115,1055,Y,45481352,0.15160450666666667
1129,125,Y,45463208,0.15154402666666666
729,75,Y,45452112,0.15150704
585,57,Y,45451080,0.1515036
479,43,Y,45429944,0.15143314666666668
423,36,Y,45349888,0.15116629333333334
900,96,Y,45334352,0.15111450666666668
1096,121,Y,45289160,0.15096386666666667
938,101,Y,45287416,0.15095805333333334
66,656,Y,45223728,0.15074576
13,232,Y,45217848,0.15072616
367,29,Y,45198168,0.15066056
55,568,Y,45144240,0.1504808
546,52,Y,45116624,0.15038874666666666
90,854,Y,45067568,0.15022522666666668
750,77,Y,45008288,0.15002762666666666
30,373,Y,44998992,0.14999664000000001
206,9,Y,44991464,0.14997154666666668
96,897,Y,44982240,0.1499408
8,194,Y,44945664,0.14981888
749,77,Y,44753224,0.14917741333333331
254,15,Y,44732008,0.14910669333333332
669,67,Y,44730416,0.14910138666666667
127,1144,Y,44716816,0.14905605333333333
25,335,Y,44604456,0.14868151999999998
907,97,Y,44513608,0.14837869333333334
52,544,Y,44462832,0.14820944
8,195,Y,44459168,0.14819722666666665
364,29,Y,44427848,0.14809282666666668
23,315,Y,44414800,0.14804933333333334
226,12,Y,44334984,0.14778328
1121,124,Y,44332592,0.14777530666666666
52,549,Y,44291456,0.14763818666666667
473,43,Y,44261808,0.14753936
708,72,Y,44248984,0.14749661333333333
468,42,Y,44212912,0.14737637333333334
85,813,Y,44118104,0.14706034666666667
30,369,Y,44092904,0.14697634666666667
121,1096,Y,44066048,0.14688682666666666
57,591,Y,43929368,0.14643122666666666
337,26,Y,43924712,0.14641570666666667
429,37,Y,43912120,0.14637373333333334
988,107,Y,43814288,0.14604762666666665
68,675,Y,43809224,0.14603074666666666
946,102,Y,43807448,0.14602482666666666
127,1148,Y,43784368,0.14594789333333333
792,83,Y,43776736,0.14592245333333334
478,43,Y,43725408,0.14575136
394,33,Y,43692096,0.14564032000000002
947,102,Y,43650784,0.14550261333333334
59,606,Y,43634544,0.14544848000000002
51,536,Y,43545664,0.14515221333333334
212,10,Y,43528560,0.14509519999999998
136,1,Y,43491120,0.1449704
569,55,Y,43489944,0.14496648
1004,109,Y,43436480,0.14478826666666667
46,503,Y,43432480,0.14477493333333333
52,547,Y,43391568,0.14463856
645,64,Y,43385544,0.14461848
109,1006,Y,43316136,0.14438712
798,83,Y,43276992,0.14425664000000002
83,796,Y,43149192,0.14383064
60,614,Y,43122744,0.14374248
17,271,Y,43082312,0.14360770666666667
227,12,Y,43023376,0.14341125333333335
115,1049,Y,43003848,0.14334616
1136,126,Y,42951776,0.14317258666666666
948,102,Y,42899040,0.1429968
135,0,Y,42895504,0.14298501333333333
1028,112,Y,42890520,0.1429684
712,73,Y,42890464,0.14296821333333334
293,20,Y,42833440,0.14277813333333333
57,584,Y,42788944,0.14262981333333336
1,136,Y,42773032,0.14257677333333335
47,511,Y,42763800,0.142546
50,531,Y,42763440,0.1425448
444,39,Y,42703848,0.14234616
908,97,Y,42684352,0.14228117333333332
96,902,Y,42668704,0.14222901333333335
736,76,Y,42547208,0.14182402666666666
82,789,Y,42507648,0.14169216
9,200,Y,42465280,0.14155093333333332
635,63,Y,42363712,0.14121237333333334
510,47,Y,42343744,0.14114581333333334
60,609,Y,42334560,0.1411152
280,19,Y,42293816,0.14097938666666668
989,107,Y,42284424,0.14094808
377,31,Y,42227328,0.14075775999999998
79,767,Y,42206240,0.14068746666666668
69,687,Y,42162160,0.14054053333333333
1003,109,Y,42153352,0.14051117333333335
349,27,Y,42100360,0.14033453333333332
155,3,Y,42096344,0.14032114666666665
506,47,Y,42053024,0.14017674666666666
66,657,Y,42022544,0.14007514666666668
778,81,Y,42003792,0.14001264
803,84,Y,41977880,0.13992626666666666
1070,117,Y,41967392,0.13989130666666666
414,35,Y,41956160,0.13985386666666666
60,608,Y,41931504,0.13977168
508,47,Y,41880936,0.13960312
964,104,Y,41798520,0.13932840000000002
58,599,Y,41791296,0.13930431999999998
4,165,Y,41735688,0.13911895999999999
217,11,Y,41705416,0.13901805333333334
50,529,Y,41679848,0.13893282666666668
893,95,Y,41645360,0.13881786666666668
49,527,Y,41544576,0.13848192
441,39,Y,41507264,0.13835754666666666
879,93,Y,41476640,0.13825546666666666
86,823,Y,41457776,0.13819258666666667
33,394,Y,41379488,0.13793162666666667
881,94,Y,41377680,0.13792559999999998
1068,117,Y,41375040,0.1379168
340,26,Y,41359152,0.13786384000000002
36,421,Y,41314344,0.13771448
49,523,Y,41231320,0.13743773333333334
211,10,Y,41222040,0.1374068
0,131,Y,41204088,0.13734696
55,569,Y,41187272,0.13729090666666666
1141,126,Y,41164344,0.13721448
83,797,Y,41101520,0.13700506666666665
390,32,Y,41089000,0.13696333333333333
680,69,Y,41041712,0.13680570666666667
116,1057,Y,41018944,0.13672981333333334
95,888,Y,41008888,0.13669629333333333
60,612,Y,40965384,0.13655128
152,3,Y,40953552,0.13651184
619,61,Y,40951296,0.13650432
1076,118,Y,40930040,0.13643346666666667
829,87,Y,40906064,0.13635354666666666
76,736,Y,40875048,0.13625016
723,74,Y,40813728,0.13604576000000002
35,413,Y,40809736,0.13603245333333333
49,521,Y,40777920,0.1359264
89,846,Y,40773208,0.13591069333333333
1087,119,Y,40764760,0.13588253333333333
601,59,Y,40678832,0.13559610666666666
162,4,Y,40662072,0.13554024
488,45,Y,40661104,0.13553701333333334
589,57,Y,40619088,0.13539696
92,864,Y,40607160,0.13535719999999998
82,786,Y,40600904,0.13533634666666666
980,106,Y,40588552,0.13529517333333332
565,54,Y,40577288,0.13525762666666666
78,757,Y,40559624,0.13519874666666667
916,98,Y,40553208,0.13517736
77,746,Y,40520576,0.13506858666666668
1020,111,Y,40455080,0.13485026666666666
748,77,Y,40427176,0.13475725333333333
105,969,Y,40399056,0.13466352
742,76,Y,40357264,0.13452421333333334
599,58,Y,40301320,0.13433773333333335
90,850,Y,40285800,0.134286
34,401,Y,40247984,0.13415994666666667
111,1017,Y,40244304,0.13414768
31,376,Y,40177376,0.13392458666666665
418,36,Y,40144280,0.13381426666666665
1018,111,Y,40117040,0.13372346666666665
1040,114,Y,40109648,0.13369882666666666
178,6,Y,40038512,0.13346170666666668
15,250,Y,40025880,0.1334196
687,69,Y,40023552,0.13341184
1074,118,Y,40007144,0.13335714666666668
433,38,Y,39971400,0.133238
65,652,Y,39919448,0.13306482666666666
125,1132,Y,39891392,0.13297130666666668
1044,114,Y,39874824,0.13291608000000002
1108,122,Y,39867544,0.13289181333333333
78,759,Y,39864192,0.13288064
6,177,Y,39863544,0.13287848
344,27,Y,39843616,0.13281205333333335
336,26,Y,39829728,0.13276576
1120,124,Y,39810376,0.13270125333333332
1101,121,Y,39805344,0.13268448
981,106,Y,39698320,0.13232773333333334
362,29,Y,39694864,0.13231621333333335
416,36,Y,39656808,0.13218936
643,64,Y,39630312,0.13210104
57,586,Y,39598096,0.13199365333333332
12,225,Y,39588096,0.13196032
891,95,Y,39537872,0.13179290666666665
14,245,Y,39464168,0.13154722666666666
55,573,Y,39459952,0.13153317333333334
6,176,Y,39457648,0.13152549333333335
49,525,Y,39427432,0.13142477333333333
18,274,Y,39416592,0.13138864
42,469,Y,39405144,0.13135048
56,578,Y,39402920,0.13134306666666667
870,92,Y,39390552,0.13130184
7,184,Y,39386304,0.13128768
208,10,Y,39356408,0.13118802666666668
61,621,Y,39350784,0.13116928
79,764,Y,39347408,0.13115802666666668
13,236,Y,39339664,0.13113221333333333
30,375,Y,39317320,0.13105773333333334
167,4,Y,39297576,0.13099191999999998
1149,127,Y,39294424,0.13098141333333335
897,96,Y,39274744,0.13091581333333333
81,783,Y,39246608,0.13082202666666667
53,556,Y,39220912,0.13073637333333332
260,16,Y,39203632,0.13067877333333333
79,763,Y,39190264,0.13063421333333333
465,42,Y,39181928,0.13060642666666666
840,89,Y,39131976,0.13043992
366,29,Y,39114344,0.13038114666666667
797,83,Y,39102296,0.13034098666666669
846,89,Y,39082848,0.13027616
464,42,Y,39035088,0.13011696
48,513,Y,39017392,0.13005797333333333
80,768,Y,38967128,0.12989042666666667
97,911,Y,38957472,0.12985824
94,882,Y,38933544,0.12977848
59,600,Y,38923384,0.12974461333333334
459,41,Y,38873320,0.12957773333333333
1085,119,Y,38865616,0.12955205333333333
53,557,Y,38823144,0.12941048
983,106,Y,38814120,0.1293804
51,542,Y,38811024,0.12937008
47,508,Y,38808216,0.12936072
407,34,Y,38779304,0.12926434666666667
116,1058,Y,38675504,0.12891834666666666
651,65,Y,38649656,0.12883218666666665
84,804,Y,38635896,0.12878632
794,83,Y,38604808,0.12868269333333335
676,68,Y,38595768,0.12865256
138,1,Y,38579656,0.12859885333333332
1035,113,Y,38560376,0.12853458666666667
122,1107,Y,38556304,0.12852101333333332
106,978,Y,38553832,0.12851277333333333
1064,117,Y,38534416,0.12844805333333334
245,14,Y,38499824,0.12833274666666666
125,1134,Y,38499152,0.12833050666666668
372,30,Y,38423872,0.12807957333333334
417,36,Y,38408992,0.12802997333333332
114,1041,Y,38365344,0.12788448
830,87,Y,38359256,0.12786418666666666
852,90,Y,38354960,0.12784986666666667
443,39,Y,38339736,0.12779912000000002
707,72,Y,38338888,0.12779629333333334
1134,125,Y,38325016,0.12775005333333334
347,27,Y,38278280,0.12759426666666668
64,646,Y,38270816,0.12756938666666667
214,10,Y,38253608,0.12751202666666667
21,298,Y,38195800,0.12731933333333334
181,6,Y,38163640,0.12721213333333334
933,100,Y,38148048,0.12716016
326,24,Y,38117800,0.12705933333333333
594,58,Y,38091936,0.12697312
1015,110,Y,38091912,0.12697304
45,494,Y,38072048,0.12690682666666667
28,353,Y,38068616,0.12689538666666667
1137,126,Y,38039712,0.12679904
1017,111,Y,38039040,0.1267968
2,149,Y,38038792,0.12679597333333334
88,833,Y,38020736,0.12673578666666666
530,50,Y,38007440,0.12669146666666667
859,91,Y,37960216,0.12653405333333334
90,851,Y,37928608,0.12642869333333331
68,677,Y,37925680,0.12641893333333334
681,69,Y,37918368,0.12639456
274,18,Y,37892608,0.12630869333333333
432,38,Y,37881440,0.12627146666666667
34,403,Y,37871696,0.12623898666666666
48,516,Y,37853704,0.12617901333333334
66,660,Y,37840032,0.12613343999999999
800,84,Y,37784656,0.12594885333333333
1143,126,Y,37769616,0.12589872000000002
230,12,Y,37754304,0.12584768
24,323,Y,37558016,0.12519338666666666
126,1141,Y,37512712,0.12504237333333335
43,478,Y,37457248,0.12485749333333333
440,39,Y,37431592,0.12477197333333333
110,1010,Y,37418600,0.12472866666666668
38,435,Y,37413968,0.12471322666666666
776,81,Y,37400544,0.12466848
111,1020,Y,37399968,0.12466656000000001
13,233,Y,37385248,0.12461749333333334
21,302,Y,37354864,0.12451621333333332
922,99,Y,37341080,0.12447026666666666
1049,115,Y,37325408,0.12441802666666667
101,939,Y,37309992,0.12436664
141,1,Y,37301152,0.12433717333333333
369,30,Y,37286584,0.12428861333333334
118,1075,Y,37274504,0.12424834666666666
26,339,Y,37267384,0.12422461333333333
47,505,Y,37264800,0.124216
103,952,Y,37237184,0.12412394666666665
738,76,Y,37223352,0.12407784000000001
54,567,Y,37143920,0.12381306666666665
5,168,Y,37105656,0.12368552000000001
963,104,Y,37065728,0.12355242666666666
950,102,Y,37055872,0.12351957333333334
28,356,Y,37007024,0.12335674666666668
119,1084,Y,36999568,0.12333189333333333
470,42,Y,36945520,0.12315173333333333
663,66,Y,36932968,0.12310989333333333
70,688,Y,36900904,0.12300301333333333
28,357,Y,36850992,0.12283664
107,991,Y,36820328,0.12273442666666666
450,40,Y,36812336,0.12270778666666667
39,444,Y,36792720,0.1226424
50,535,Y,36783960,0.1226132
80,771,Y,36774216,0.12258072
611,60,Y,36763784,0.12254594666666666
525,49,Y,36588816,0.12196272000000001
795,83,Y,36563192,0.12187730666666666
1145,127,Y,36547888,0.12182629333333332
17,264,Y,36481544,0.12160514666666666
576,56,Y,36466688,0.12155562666666667
221,11,Y,36425760,0.1214192
27,350,Y,36423704,0.12141234666666666
1026,112,Y,36409624,0.12136541333333332
928,100,Y,36407624,0.12135874666666666
81,782,Y,36396816,0.12132272
88,835,Y,36389288,0.12129762666666667
415,35,Y,36383712,0.12127903999999999
1126,124,Y,36368560,0.12122853333333333
43,479,Y,36347608,0.12115869333333333
961,104,Y,36345216,0.12115072
399,33,Y,36312664,0.12104221333333334
118,1077,Y,36309736,0.12103245333333333
1107,122,Y,36300872,0.12100290666666666
81,778,Y,36247672,0.12082557333333334
46,498,Y,36233736,0.12077912
129,0,Y,36225168,0.12075055999999999
81,779,Y,36189056,0.12063018666666667
35,408,Y,36171904,0.12057301333333334
114,1043,Y,36171408,0.12057135999999999
5,169,Y,36137976,0.12045992000000001
74,725,Y,36127352,0.12042450666666665
872,93,Y,36097112,0.12032370666666668
936,101,Y,36093648,0.12031215999999999
23,314,Y,36011488,0.12003829333333334
40,451,Y,35980968,0.11993656
28,358,Y,35976448,0.11992149333333332
6,180,Y,35969976,0.11989992
68,674,Y,35965960,0.11988653333333332
163,4,Y,35957920,0.11985973333333334
166,4,Y,35932272,0.11977424
87,831,Y,35874864,0.11958288
918,98,Y,35867808,0.11955936
833,88,Y,35848280,0.11949426666666665
63,634,Y,35843720,0.11947906666666666
98,915,Y,35798888,0.11932962666666667
672,68,Y,35785512,0.11928504
89,847,Y,35783944,0.11927981333333335
37,425,Y,35739872,0.11913290666666666
892,95,Y,35694704,0.11898234666666667
692,70,Y,35686032,0.11895344000000001
264,17,Y,35679112,0.11893037333333334
197,8,Y,35677632,0.11892544
1062,116,Y,35629864,0.11876621333333333
684,69,Y,35627848,0.11875949333333333
959,103,Y,35591936,0.11863978666666666
103,959,Y,35588120,0.11862706666666667
77,748,Y,35549080,0.11849693333333333
572,55,Y,35512432,0.11837477333333332
714,73,Y,35499616,0.11833205333333333
82,790,Y,35486656,0.11828885333333335
561,54,Y,35425272,0.11808424000000001
115,1048,Y,35413352,0.11804450666666666
37,427,Y,35408864,0.11802954666666668
15,249,Y,35402296,0.11800765333333334
114,1045,Y,35390840,0.11796946666666668
252,15,Y,35379816,0.11793272
30,368,Y,35321912,0.11773970666666667
119,1080,Y,35313704,0.11771234666666666
1050,115,Y,35284376,0.11761458666666666
7,191,Y,35261544,0.11753848
110,1013,Y,35222448,0.11740816
705,72,Y,35194560,0.1173152
11,221,Y,35192648,0.11730882666666667
123,1115,Y,35170664,0.11723554666666666
540,51,Y,35126448,0.11708816
412,35,Y,35120584,0.11706861333333334
213,10,Y,35105288,0.11701762666666667
94,886,Y,35074640,0.11691546666666666
66,658,Y,35073112,0.11691037333333335
22,311,Y,35068896,0.11689632
19,283,Y,35038640,0.11679546666666667
9,207,Y,35029416,0.11676472
657,66,Y,34996000,0.11665333333333333
85,815,Y,34957584,0.11652528
71,700,Y,34944608,0.11648202666666665
793,83,Y,34944360,0.11648120000000001
14,242,Y,34903744,0.11634581333333334
62,625,Y,34877728,0.11625909333333334
917,98,Y,34836200,0.11612066666666666
951,102,Y,34812408,0.11604136000000001
484,44,Y,34805536,0.11601845333333333
106,983,Y,34788208,0.11596069333333332
47,510,Y,34759584,0.11586528000000001
1105,122,Y,34742256,0.11580752
14,247,Y,34687120,0.11562373333333334
121,1099,Y,34622400,0.11540800000000001
18,273,Y,34593168,0.11531055999999999
15,254,Y,34590496,0.11530165333333334
363,29,Y,34577216,0.11525738666666667
231,12,Y,34535080,0.11511693333333334
38,437,Y,34525904,0.11508634666666667
78,758,Y,34522824,0.11507608000000001
1058,116,Y,34521000,0.11506999999999999
84,802,Y,34513880,0.11504626666666666
536,51,Y,34466496,0.11488831999999999
998,108,Y,34411000,0.11470333333333334
106,980,Y,34403096,0.11467698666666667
842,89,Y,34395416,0.11465138666666666
127,1147,Y,34382832,0.11460943999999999
1147,127,Y,34381992,0.11460664
973,105,Y,34380384,0.11460127999999999
343,26,Y,34378648,0.11459549333333334
119,1083,Y,34358944,0.11452981333333334
125,1131,Y,34351968,0.11450656000000001
114,1047,Y,34351456,0.11450485333333332
58,598,Y,34340000,0.11446666666666666
76,739,Y,34296504,0.11432168
451,40,Y,34281168,0.11427056
29,366,Y,34276008,0.11425336
314,23,Y,34245456,0.11415151999999999
1139,126,Y,34229928,0.11409976
275,18,Y,34127432,0.11375810666666666
26,336,Y,34116648,0.11372216000000002
557,53,Y,34106664,0.11368888
20,290,Y,34099128,0.11366376
273,18,Y,34070552,0.11356850666666668
86,822,Y,34069512,0.11356503999999999
113,1036,Y,34068904,0.11356301333333334
98,918,Y,34063264,0.11354421333333332
2,146,Y,33979280,0.11326426666666667
746,77,Y,33953112,0.11317703999999999
30,372,Y,33905584,0.11301861333333334
72,704,Y,33870032,0.11290010666666667
735,75,Y,33861976,0.11287325333333334
821,86,Y,33844488,0.11281495999999999
27,346,Y,33841272,0.11280424
944,102,Y,33832832,0.11277610666666667
523,49,Y,33813760,0.11271253333333332
618,61,Y,33801336,0.11267111999999999
70,690,Y,33766288,0.11255429333333333
27,344,Y,33751104,0.11250368000000001
105,972,Y,33749112,0.11249704
720,74,Y,33748496,0.11249498666666667
16,263,Y,33726552,0.11242184000000001
384,32,Y,33692696,0.11230898666666667
91,862,Y,33682512,0.11227503999999999
74,724,Y,33672592,0.11224197333333333
475,43,Y,33660872,0.11220290666666666
304,22,Y,33638440,0.11212813333333334
698,71,Y,33634144,0.11211381333333334
460,41,Y,33620480,0.11206826666666668
61,623,Y,33602088,0.11200696
82,785,Y,33599880,0.1119996
615,60,Y,33599360,0.11199786666666667
1100,121,Y,33599072,0.11199690666666667
109,1005,Y,33580008,0.11193336
93,874,Y,33539600,0.11179866666666666
53,553,Y,33533440,0.11177813333333333
20,289,Y,33504560,0.11168186666666666
428,37,Y,33462832,0.11154277333333333
66,661,Y,33432632,0.11144210666666668
935,100,Y,33425160,0.11141720000000001
1094,120,Y,33390656,0.11130218666666666
49,524,Y,33357608,0.11119202666666665
333,25,Y,33335984,0.11111994666666666
108,999,Y,33327784,0.11109261333333333
55,574,Y,33306688,0.11102229333333333
124,1122,Y,33290288,0.11096762666666665
125,1130,Y,33285584,0.11095194666666666
37,431,Y,33264200,0.11088066666666667
112,1031,Y,33252120,0.11084039999999999
620,61,Y,33230216,0.11076738666666666
249,15,Y,33216592,0.11072197333333333
36,422,Y,33213728,0.11071242666666667
117,1069,Y,33205928,0.11068642666666667
70,693,Y,33203328,0.11067776
317,23,Y,33173968,0.11057989333333335
180,6,Y,33168584,0.11056194666666666
346,27,Y,33154512,0.11051504
373,30,Y,33146032,0.11048677333333333
885,94,Y,33140480,0.11046826666666666
851,90,Y,33136520,0.11045506666666667
83,799,Y,33123664,0.11041221333333334
51,539,Y,33123384,0.11041128
1127,124,Y,33050168,0.11016722666666667
1093,120,Y,33048640,0.11016213333333333
17,270,Y,33024408,0.11008135999999999
47,509,Y,33021272,0.11007090666666666
903,96,Y,32989792,0.10996597333333333
90,853,Y,32928456,0.10976152
47,507,Y,32926472,0.10975490666666668
115,1051,Y,32897160,0.10965720000000001
626,62,Y,32880352,0.10960117333333333
890,95,Y,32860040,0.10953346666666666
1037,113,Y,32812056,0.10937352
409,35,Y,32781184,0.10927061333333332
85,810,Y,32775992,0.10925330666666666
1002,109,Y,32773904,0.10924634666666666
118,1074,Y,32718584,0.10906194666666666
1041,114,Y,32715960,0.10905319999999999
58,597,Y,32712904,0.10904301333333334
739,76,Y,32679680,0.10893226666666668
332,25,Y,32642728,0.10880909333333333
1052,115,Y,32638552,0.10879517333333333
28,354,Y,32593592,0.10864530666666666
542,51,Y,32556448,0.10852149333333333
102,948,Y,32554976,0.10851658666666668
108,995,Y,32528400,0.108428
76,742,Y,32515920,0.1083864
925,99,Y,32485808,0.10828602666666667
517,48,Y,32482912,0.10827637333333333
926,99,Y,32480552,0.10826850666666667
26,343,Y,32476672,0.10825557333333333
15,252,Y,32474544,0.10824848
325,24,Y,32447480,0.10815826666666667
209,10,Y,32420128,0.10806709333333334
23,318,Y,32396720,0.10798906666666667
185,7,Y,32390904,0.10796968000000001
545,52,Y,32386024,0.10795341333333333
15,253,Y,32363616,0.10787872
1081,119,Y,32350576,0.10783525333333333
341,26,Y,32343448,0.10781149333333334
215,10,Y,32335648,0.10778549333333334
445,39,Y,32308120,0.10769373333333335
50,532,Y,32276576,0.10758858666666668
1001,109,Y,32273056,0.10757685333333333
1103,121,Y,32258264,0.10752754666666665
454,40,Y,32252272,0.10750757333333333
772,80,Y,32246712,0.10748904
60,610,Y,32231424,0.10743808
32,386,Y,32220176,0.10740058666666666
298,21,Y,32218912,0.10739637333333334
96,900,Y,32197088,0.10732362666666666
183,6,Y,32190032,0.10730010666666666
87,825,Y,32174864,0.10724954666666665
56,577,Y,32136656,0.10712218666666666
42,467,Y,32123200,0.10707733333333333
110,1008,Y,32108376,0.10702792
80,772,Y,32106584,0.10702194666666667
16,260,Y,32104048,0.10701349333333333
54,566,Y,32091240,0.10697079999999999
72,708,Y,32088192,0.10696064
12,230,Y,32082608,0.10694202666666666
114,1040,Y,32072240,0.10690746666666667
3,156,Y,32040952,0.10680317333333333
954,103,Y,32037440,0.10679146666666667
365,29,Y,32024808,0.10674936
832,88,Y,32013928,0.10671309333333333
711,72,Y,31999224,0.10666408000000001
1051,115,Y,31915224,0.10638407999999999
124,1123,Y,31911800,0.10637266666666666
828,87,Y,31910144,0.10636714666666666
583,56,Y,31907000,0.10635666666666667
461,41,Y,31888328,0.10629442666666668
93,876,Y,31866840,0.10622279999999999
590,57,Y,31863368,0.10621122666666666
204,9,Y,31855064,0.10618354666666666
368,30,Y,31839832,0.10613277333333335
613,60,Y,31809640,0.10603213333333333
553,53,Y,31806552,0.10602184
527,49,Y,31772704,0.10590901333333333
39,447,Y,31752232,0.10584077333333335
801,84,Y,31752128,0.10584042666666665
117,1071,Y,31741432,0.10580477333333334
126,1143,Y,31721464,0.10573821333333333
10,215,Y,31689048,0.10563015999999999
76,737,Y,31648320,0.10549439999999999
305,22,Y,31642136,0.10547378666666667
294,20,Y,31617920,0.10539306666666667
721,74,Y,31586096,0.10528698666666667
104,963,Y,31578952,0.10526317333333333
761,79,Y,31576128,0.10525376
345,27,Y,31563392,0.10521130666666667
863,91,Y,31548792,0.10516264
165,4,Y,31548592,0.10516197333333333
119,1085,Y,31546256,0.10515418666666666
53,558,Y,31540560,0.1051352
70,689,Y,31510312,0.10503437333333333
121,1098,Y,31505672,0.10501890666666668
49,522,Y,31492328,0.10497442666666666
88,836,Y,31472952,0.10490983999999999
98,912,Y,31457328,0.10485776
59,604,Y,31440000,0.1048
1008,110,Y,31438432,0.10479477333333333
28,352,Y,31403720,0.10467906666666667
802,84,Y,31388600,0.10462866666666668
113,1035,Y,31370088,0.10456695999999999
787,82,Y,31344304,0.10448101333333333
75,732,Y,31341680,0.10447226666666666
1113,123,Y,31341296,0.10447098666666665
55,575,Y,31329536,0.10443178666666666
652,65,Y,31304024,0.10434674666666667
216,11,Y,31278272,0.10426090666666667
30,374,Y,31243080,0.1041436
247,14,Y,31230912,0.10410304
12,227,Y,31228352,0.10409450666666667
670,67,Y,31226680,0.10408893333333333
14,243,Y,31224096,0.10408031999999999
1144,127,Y,31203464,0.10401154666666668
85,809,Y,31196936,0.10398978666666667
777,81,Y,31191472,0.10397157333333334
45,492,Y,31182152,0.10394050666666667
965,104,Y,31175808,0.10391936000000002
578,56,Y,31175760,0.1039192
61,618,Y,31159664,0.10386554666666668
871,92,Y,31148928,0.10382976000000001
1,141,Y,31148792,0.10382930666666666
878,93,Y,31147640,0.10382546666666667
2,150,Y,31129880,0.10376626666666668
462,41,Y,31101416,0.10367138666666667
72,706,Y,31090824,0.10363607999999999
458,41,Y,31088744,0.10362914666666666
37,430,Y,31073880,0.10357960000000001
824,87,Y,31062184,0.10354061333333334
30,370,Y,31058040,0.1035268
660,66,Y,31057976,0.10352658666666667
19,284,Y,31035760,0.10345253333333333
876,93,Y,31007608,0.10335869333333333
621,61,Y,31002936,0.10334312000000001
114,1046,Y,31002456,0.10334152
24,325,Y,30986528,0.10328842666666666
727,74,Y,30965952,0.10321984
123,1114,Y,30939720,0.10313239999999999
285,19,Y,30934168,0.10311389333333335
120,1089,Y,30900080,0.10300026666666667
154,3,Y,30895088,0.10298362666666667
235,13,Y,30887520,0.1029584
124,1124,Y,30862920,0.10287639999999999
986,107,Y,30852752,0.10284250666666667
942,101,Y,30827688,0.10275896
49,526,Y,30801480,0.1026716
494,45,Y,30787624,0.10262541333333335
51,543,Y,30778416,0.10259472
100,932,Y,30775536,0.10258512
816,86,Y,30768304,0.10256101333333333
595,58,Y,30758816,0.10252938666666667
359,28,Y,30758032,0.10252677333333333
157,3,Y,30757856,0.10252618666666666
682,69,Y,30732760,0.10244253333333334
634,63,Y,30726856,0.10242285333333333
639,63,Y,30718728,0.10239576
82,784,Y,30710224,0.10236741333333334
354,28,Y,30685440,0.10228480000000001
647,64,Y,30681616,0.10227205333333333
42,468,Y,30679672,0.10226557333333335
101,938,Y,30669320,0.10223106666666668
113,1033,Y,30666024,0.10222008
306,22,Y,30656784,0.10218928
10,210,Y,30630936,0.10210312
350,27,Y,30578312,0.10192770666666666
84,807,Y,30576800,0.10192266666666666
111,1022,Y,30572776,0.10190925333333334
54,563,Y,30569808,0.10189936
919,98,Y,30568168,0.10189389333333335
914,98,Y,30557512,0.10185837333333334
65,651,Y,30543952,0.10181317333333333
97,910,Y,30537192,0.10179064
932,100,Y,30520504,0.10173501333333333
92,866,Y,30485272,0.10161757333333334
96,903,Y,30484616,0.10161538666666667
410,35,Y,30444336,0.10148112000000001
99,922,Y,30424856,0.10141618666666666
73,712,Y,30423888,0.10141296000000001
962,104,Y,30410952,0.10136984
57,588,Y,30373968,0.10124655999999999
1084,119,Y,30342576,0.10114192
277,18,Y,30337528,0.10112509333333333
128,0,Y,30324832,0.10108277333333332
62,629,Y,30275784,0.10091928
33,396,Y,30260456,0.10086818666666666
591,57,Y,30240168,0.10080056
627,62,Y,30226584,0.10075527999999999
52,548,Y,30195120,0.1006504
78,753,Y,30170008,0.10056669333333333
86,818,Y,30166616,0.10055538666666666
0,132,Y,30162344,0.10054114666666666
51,540,Y,30140576,0.10046858666666668
16,257,Y,30109720,0.10036573333333335
405,34,Y,30096792,0.10032264
683,69,Y,30096000,0.10032
57,590,Y,30080112,0.10026703999999999
400,34,Y,30052432,0.10017477333333334
401,34,Y,30024720,0.1000824
1042,114,Y,30015960,0.1000532
118,1076,Y,30012416,0.10004138666666668
1088,120,Y,30006128,0.10002042666666666
131,0,Y,30002456,0.10000818666666667
856,91,Y,29993240,0.09997746666666667
113,1034,Y,29979304,0.09993101333333333
37,428,Y,29974112,0.09991370666666667
111,1021,Y,29970194,0.09990064666666666
913,98,Y,29963536,0.09987845333333334
969,105,Y,29960744,0.09986914666666666
25,328,Y,29957480,0.09985826666666665
747,77,Y,29941272,0.09980423999999999
483,44,Y,29938128,0.09979376
775,80,Y,29920984,0.09973661333333332
44,480,Y,29910120,0.0997004
1057,116,Y,29907352,0.09969117333333334
1073,118,Y,29900176,0.09966725333333333
328,25,Y,29890584,0.09963528
65,650,Y,29882320,0.09960773333333334
99,923,Y,29876760,0.09958919999999999
75,729,Y,29872704,0.09957568
59,602,Y,29858072,0.09952690666666665
1046,114,Y,29841040,0.09947013333333334
36,416,Y,29812888,0.09937629333333334
32,384,Y,29800896,0.09933632
15,251,Y,29792224,0.09930741333333333
88,837,Y,29782472,0.09927490666666666
246,14,Y,29742728,0.09914242666666667
737,76,Y,29739256,0.09913085333333334
780,81,Y,29674880,0.09891626666666666
1112,123,Y,29649312,0.09883104
127,1150,Y,29642240,0.09880746666666665
0,130,Y,29626664,0.09875554666666667
3,152,Y,29626016,0.09875338666666666
34,402,Y,29604208,0.09868069333333333
7,190,Y,29558776,0.09852925333333333
76,740,Y,29529296,0.09843098666666666
236,13,Y,29481896,0.09827298666666667
18,275,Y,29464496,0.09821498666666667
41,459,Y,29416248,0.09805415999999999
114,1042,Y,29353048,0.09784349333333334
12,231,Y,29344328,0.09781442666666666
641,64,Y,29341760,0.09780586666666667
753,78,Y,29327368,0.09775789333333333
92,865,Y,29327336,0.09775778666666667
108,996,Y,29298920,0.09766306666666666
263,16,Y,29270608,0.09756869333333335
301,21,Y,29249936,0.09749978666666666
63,637,Y,29248864,0.09749621333333333
1025,112,Y,29247576,0.09749192000000001
514,48,Y,29242960,0.09747653333333334
140,1,Y,29234472,0.09744823999999999
16,262,Y,29225136,0.09741712
819,86,Y,29222392,0.09740797333333334
45,490,Y,29187520,0.09729173333333334
9,203,Y,29161024,0.09720341333333334
17,265,Y,29140088,0.09713362666666667
54,560,Y,29131744,0.09710581333333333
1039,113,Y,29124088,0.09708029333333333
839,88,Y,29121272,0.09707090666666666
581,56,Y,29111312,0.09703770666666667
41,456,Y,29099048,0.09699682666666667
44,483,Y,29087768,0.09695922666666666
990,107,Y,29069368,0.09689789333333333
21,296,Y,28994824,0.09664941333333334
352,28,Y,28986672,0.09662224
50,533,Y,28979232,0.09659744
1078,118,Y,28976512,0.09658837333333334
52,546,Y,28958456,0.09652818666666667
1063,116,Y,28948168,0.09649389333333333
770,80,Y,28947024,0.09649008
1032,113,Y,28938056,0.09646018666666667
76,738,Y,28909296,0.09636432
850,90,Y,28899720,0.0963324
102,949,Y,28887360,0.09629120000000001
120,1092,Y,28871664,0.09623888
351,27,Y,28865056,0.09621685333333334
72,707,Y,28864560,0.0962152
24,322,Y,28859016,0.09619672
791,82,Y,28850424,0.09616808
104,966,Y,28842504,0.09614168000000001
279,18,Y,28828520,0.09609506666666667
110,1009,Y,28788280,0.09596093333333333
118,1072,Y,28775664,0.09591888
995,108,Y,28762536,0.09587512000000001
31,380,Y,28733384,0.09577794666666667
184,7,Y,28720480,0.09573493333333333
5,172,Y,28715192,0.09571730666666667
39,442,Y,28658648,0.09552882666666668
23,313,Y,28638880,0.09546293333333333
1029,112,Y,28612200,0.095374
734,75,Y,28582656,0.09527552
492,45,Y,28582536,0.09527512
173,5,Y,28561000,0.09520333333333333
144,2,Y,28553608,0.09517869333333333
629,62,Y,28533240,0.0951108
75,733,Y,28519128,0.09506376
945,102,Y,28517280,0.09505759999999999
1097,121,Y,28499904,0.09499968
915,98,Y,28478336,0.09492778666666667
505,47,Y,28471544,0.09490514666666668
45,491,Y,28448088,0.09482696
9,205,Y,28443792,0.09481264
31,381,Y,28437968,0.09479322666666667
228,12,Y,28418760,0.0947292
513,48,Y,28376832,0.09458944
20,295,Y,28314824,0.09438274666666666
19,280,Y,28302488,0.09434162666666666
564,54,Y,28296592,0.09432197333333334
573,55,Y,28296056,0.09432018666666667
35,409,Y,28293224,0.09431074666666667
716,73,Y,28285568,0.09428522666666667
73,716,Y,28275112,0.09425037333333333
810,85,Y,28253400,0.094178
84,806,Y,28251368,0.09417122666666666
125,1135,Y,28229520,0.0940984
256,16,Y,28199928,0.09399976
396,33,Y,28196864,0.09398954666666666
91,859,Y,28189904,0.09396634666666667
864,92,Y,28167488,0.09389162666666666
607,59,Y,28155880,0.09385293333333333
70,694,Y,28121968,0.09373989333333334
52,551,Y,28119304,0.09373101333333334
7,187,Y,28114144,0.09371381333333333
43,472,Y,28114008,0.09371336000000001
108,994,Y,28110680,0.09370226666666667
40,449,Y,28094144,0.09364714666666667
15,248,Y,28083744,0.09361248
520,49,Y,28077712,0.09359237333333334
229,12,Y,28067664,0.09355888
996,108,Y,28060968,0.09353655999999999
90,855,Y,28059136,0.09353045333333333
374,30,Y,28039192,0.09346397333333333
4,161,Y,28028680,0.09342893333333332
117,1065,Y,28022976,0.09340992000000001
843,89,Y,28006984,0.09335661333333334
119,1087,Y,27989304,0.09329768000000001
11,219,Y,27980520,0.0932684
515,48,Y,27956088,0.09318696
971,105,Y,27943912,0.09314637333333332
11,216,Y,27918736,0.09306245333333334
5,171,Y,27916376,0.09305458666666666
62,626,Y,27914880,0.0930496
262,16,Y,27871752,0.09290584
754,78,Y,27841216,0.09280405333333333
56,582,Y,27822040,0.09274013333333334
36,420,Y,27811272,0.09270424000000001
910,97,Y,27809352,0.09269784
604,59,Y,27802848,0.09267616
38,438,Y,27794584,0.09264861333333334
29,361,Y,27780912,0.09260304
992,108,Y,27770728,0.09256909333333334
51,541,Y,27766336,0.09255445333333334
718,73,Y,27759336,0.09253112000000001
42,465,Y,27754432,0.09251477333333334
12,229,Y,27735120,0.0924504
319,23,Y,27723800,0.09241266666666667
26,338,Y,27697184,0.09232394666666667
357,28,Y,27693744,0.09231248
29,360,Y,27692840,0.09230946666666667
8,192,Y,27687240,0.09229079999999999
480,44,Y,27676200,0.092254
39,441,Y,27672216,0.09224072
452,40,Y,27652824,0.09217608000000001
170,5,Y,27649424,0.09216474666666666
91,860,Y,27648296,0.09216098666666667
82,791,Y,27645272,0.09215090666666667
974,105,Y,27644888,0.09214962666666666
463,41,Y,27633424,0.09211141333333334
2,145,Y,27631352,0.09210450666666667
114,1044,Y,27625144,0.09208381333333333
1,139,Y,27620336,0.09206778666666666
120,1090,Y,27559960,0.09186653333333333
875,93,Y,27544928,0.09181642666666667
81,776,Y,27524520,0.0917484
378,31,Y,27519992,0.09173330666666667
24,326,Y,27516488,0.09172162666666667
41,460,Y,27511504,0.09170501333333334
302,21,Y,27510120,0.0917004
188,7,Y,27502776,0.09167592000000001
495,45,Y,27487648,0.09162549333333332
32,385,Y,27485632,0.09161877333333333
1086,119,Y,27483896,0.09161298666666667
630,62,Y,27478736,0.09159578666666666
67,671,Y,27476640,0.0915888
4,167,Y,27446712,0.09148904000000001
2,144,Y,27440952,0.09146984
123,1118,Y,27427888,0.09142629333333334
32,387,Y,27426872,0.09142290666666666
74,726,Y,27412784,0.09137594666666667
381,31,Y,27410144,0.09136714666666668
1140,126,Y,27403392,0.09134463999999999
955,103,Y,27399320,0.09133106666666667
94,885,Y,27397208,0.09132402666666667
102,947,Y,27395336,0.09131778666666666
66,663,Y,27381136,0.09127045333333333
2,151,Y,27366264,0.09122088
1048,115,Y,27353744,0.09117914666666667
449,40,Y,27335104,0.09111701333333333
78,752,Y,27302168,0.09100722666666666
406,34,Y,27298920,0.09099639999999999
385,32,Y,27287320,0.09095773333333333
67,670,Y,27239688,0.09079896
92,867,Y,27229432,0.09076477333333333
370,30,Y,27228592,0.09076197333333333
26,337,Y,27226176,0.09075392
6,178,Y,27202904,0.09067634666666667
668,67,Y,27181856,0.09060618666666667
789,82,Y,27170576,0.09056858666666666
126,1142,Y,27164792,0.09054930666666668
586,57,Y,27145448,0.09048482666666667
75,730,Y,27145288,0.09048429333333334
41,461,Y,27144224,0.09048074666666667
109,1001,Y,27129344,0.09043114666666667
103,956,Y,27121352,0.09040450666666666
361,29,Y,27118656,0.09039552
834,88,Y,27117528,0.09039175999999999
200,9,Y,27117520,0.09039173333333334
281,19,Y,27116904,0.09038968
193,8,Y,27101208,0.09033735999999999
59,603,Y,27075088,0.09025029333333334
233,13,Y,27068696,0.09022898666666666
147,2,Y,27049480,0.09016493333333334
13,238,Y,27040272,0.09013424
66,659,Y,27039608,0.09013202666666667
968,105,Y,27038256,0.09012751999999999
501,46,Y,27030528,0.09010176
7,186,Y,27009328,0.09003109333333334
98,919,Y,27000688,0.09000229333333333
31,378,Y,26956216,0.08985405333333334
79,762,Y,26916224,0.08972074666666667
1102,121,Y,26897696,0.08965898666666666
23,316,Y,26896304,0.08965434666666666
13,234,Y,26894688,0.08964896
40,452,Y,26887712,0.08962570666666667
554,53,Y,26886224,0.08962074666666667
46,497,Y,26876016,0.08958672000000001
489,45,Y,26867928,0.08955976
97,907,Y,26860536,0.08953512
177,6,Y,26840688,0.08946896
1019,111,Y,26840224,0.08946741333333333
471,42,Y,26837208,0.08945736
548,52,Y,26836536,0.08945512
728,75,Y,26829464,0.08943154666666667
1110,122,Y,26824512,0.08941504
934,100,Y,26821664,0.08940554666666667
42,470,Y,26795928,0.08931976
18,272,Y,26784688,0.08928229333333333
549,52,Y,26777728,0.08925909333333333
665,67,Y,26762616,0.08920872
1,138,Y,26753240,0.08917746666666666
16,256,Y,26726512,0.08908837333333333
649,65,Y,26716400,0.08905466666666666
89,841,Y,26715856,0.08905285333333333
70,695,Y,26714688,0.08904896000000001
104,961,Y,26713112,0.08904370666666667
98,914,Y,26706728,0.08902242666666667
1111,122,Y,26701760,0.08900586666666667
124,1125,Y,26671808,0.08890602666666667
1130,125,Y,26664360,0.0888812
1065,117,Y,26651592,0.08883864000000001
97,905,Y,26647792,0.08882597333333334
745,77,Y,26624744,0.08874914666666667
662,66,Y,26593104,0.08864368
119,1081,Y,26591704,0.08863901333333334
9,204,Y,26574000,0.08857999999999999
120,1095,Y,26571064,0.08857021333333333
132,0,Y,26570600,0.08856866666666667
1077,118,Y,26547696,0.08849232
38,436,Y,26523280,0.08841093333333334
72,710,Y,26514872,0.08838290666666666
719,73,Y,26486488,0.08828829333333334
570,55,Y,26485712,0.08828570666666667
731,75,Y,26484496,0.08828165333333333
884,94,Y,26472528,0.08824176
685,69,Y,26465408,0.08821802666666667
111,1016,Y,26460856,0.08820285333333333
3,153,Y,26456768,0.08818922666666666
109,1004,Y,26446112,0.08815370666666666
38,434,Y,26425752,0.08808584
210,10,Y,26422552,0.08807517333333334
743,76,Y,26420864,0.08806954666666666
50,534,Y,26417584,0.08805861333333334
679,68,Y,26409960,0.08803319999999999
164,4,Y,26393904,0.08797968
77,744,Y,26390848,0.08796949333333333
69,680,Y,26385720,0.0879524
145,2,Y,26363928,0.08787976
519,48,Y,26363160,0.0878772
109,1000,Y,26336696,0.08778898666666667
78,754,Y,26333464,0.08777821333333333
671,67,Y,26331216,0.08777072
87,824,Y,26328912,0.08776304
73,719,Y,26319256,0.08773085333333333
198,8,Y,26311368,0.08770456
1151,127,Y,26310624,0.08770208
18,278,Y,26308856,0.08769618666666668
1080,119,Y,26305648,0.08768549333333334
126,1138,Y,26303544,0.08767848
958,103,Y,26296272,0.08765424000000001
122,1109,Y,26279072,0.08759690666666667
20,291,Y,26274968,0.08758322666666667
421,36,Y,26231864,0.08743954666666667
117,1068,Y,26214960,0.0873832
1010,110,Y,26184040,0.08728013333333333
741,76,Y,26127120,0.0870904
90,849,Y,26125856,0.08708618666666668
769,80,Y,26112792,0.08704264
841,89,Y,26097312,0.08699104
43,473,Y,26071872,0.08690624
603,59,Y,26068096,0.08689365333333333
327,24,Y,26051808,0.08683935999999999
33,398,Y,26038936,0.08679645333333334
1075,118,Y,26007440,0.08669146666666666
108,998,Y,26000768,0.08666922666666667
476,43,Y,25993824,0.08664608
1079,118,Y,25979960,0.08659986666666666
67,668,Y,25977544,0.08659181333333334
56,576,Y,25975912,0.08658637333333333
122,1111,Y,25974144,0.08658048
106,977,Y,25949312,0.08649770666666667
107,988,Y,25928328,0.08642775999999999
156,3,Y,25912512,0.08637504
61,622,Y,25872784,0.08624261333333333
436,38,Y,25863264,0.08621088
894,95,Y,25820752,0.08606917333333333
92,868,Y,25793536,0.08597845333333334
13,239,Y,25790472,0.08596824
1013,110,Y,25788392,0.08596130666666667
387,32,Y,25783280,0.08594426666666666
68,672,Y,25776712,0.08592237333333333
1109,122,Y,25766152,0.08588717333333334
23,317,Y,25724528,0.08574842666666667
87,829,Y,25712128,0.08570709333333333
17,269,Y,25703552,0.08567850666666667
46,502,Y,25684560,0.0856152
58,592,Y,25663696,0.08554565333333333
109,1002,Y,25657504,0.08552501333333333
182,6,Y,25647552,0.08549184
426,37,Y,25647088,0.08549029333333333
64,640,Y,25644288,0.08548096
55,572,Y,25640736,0.08546912000000001
46,499,Y,25636656,0.08545552
88,834,Y,25619184,0.08539727999999999
674,68,Y,25610048,0.08536682666666666
806,84,Y,25607624,0.08535874666666667
105,970,Y,25587440,0.08529146666666666
91,856,Y,25571664,0.08523888
95,895,Y,25568720,0.08522906666666666
25,330,Y,25558656,0.08519552
563,54,Y,25544240,0.08514746666666667
62,624,Y,25532048,0.08510682666666666
18,276,Y,25530960,0.0851032
41,463,Y,25525440,0.0850848
587,57,Y,25510680,0.0850356
411,35,Y,25462336,0.08487445333333334
8,198,Y,25462240,0.08487413333333334
73,713,Y,25459880,0.08486626666666666
571,55,Y,25442144,0.08480714666666667
26,341,Y,25442136,0.08480712
526,49,Y,25428632,0.08476210666666667
24,321,Y,25421696,0.08473898666666667
360,29,Y,25417176,0.08472392000000001
640,64,Y,25413912,0.08471304
108,992,Y,25385736,0.08461912
636,63,Y,25385280,0.0846176
11,222,Y,25382296,0.08460765333333332
952,103,Y,25356688,0.08452229333333333
642,64,Y,25356040,0.08452013333333333
759,78,Y,25349872,0.08449957333333334
104,962,Y,25348920,0.0844964
334,25,Y,25348720,0.08449573333333332
386,32,Y,25308448,0.08436149333333334
0,135,Y,25272072,0.08424024000000001
63,632,Y,25254536,0.08418178666666666
77,749,Y,25247936,0.08415978666666667
21,300,Y,25245712,0.08415237333333334
949,102,Y,25240552,0.08413517333333334
654,65,Y,25214904,0.08404968
375,30,Y,25208960,0.08402986666666667
507,47,Y,25192056,0.08397352000000001
556,53,Y,25191056,0.08397018666666667
35,415,Y,25165904,0.08388634666666667
730,75,Y,25165368,0.08388456000000001
559,53,Y,25165032,0.08388344
79,760,Y,25152736,0.08384245333333334
1123,124,Y,25145232,0.08381744
6,181,Y,25140568,0.08380189333333334
376,31,Y,25132240,0.08377413333333333
194,8,Y,25115176,0.08371725333333332
109,1003,Y,25109344,0.08369781333333333
532,50,Y,25105680,0.0836856
81,780,Y,25092280,0.08364093333333333
72,709,Y,25091432,0.08363810666666666
866,92,Y,25091040,0.0836368
53,559,Y,25077040,0.08359013333333334
49,520,Y,25077016,0.08359005333333333
61,617,Y,25064640,0.0835488
888,95,Y,25059376,0.08353125333333333
694,70,Y,25049448,0.08349816
807,84,Y,25045672,0.08348557333333333
466,42,Y,25044696,0.08348232
99,920,Y,25044672,0.08348224
837,88,Y,25034552,0.08344850666666667
503,46,Y,25013032,0.08337677333333333
44,487,Y,25011432,0.08337143999999999
19,281,Y,24951360,0.0831712
89,844,Y,24918768,0.08306256
97,904,Y,24879640,0.08293213333333334
121,1103,Y,24878792,0.08292930666666667
558,53,Y,24876824,0.08292274666666667
92,871,Y,24866632,0.08288877333333333
53,554,Y,24862528,0.08287509333333333
68,673,Y,24852080,0.08284026666666666
115,1052,Y,24798056,0.08266018666666666
896,96,Y,24796984,0.08265661333333334
1138,126,Y,24785936,0.08261978666666667
713,73,Y,24777784,0.08259261333333334
38,433,Y,24775944,0.08258648
71,701,Y,24773248,0.08257749333333333
139,1,Y,24750024,0.08250008
54,561,Y,24727696,0.08242565333333333
50,530,Y,24713968,0.08237989333333333
598,58,Y,24693192,0.08231064
90,848,Y,24660584,0.08220194666666666
703,71,Y,24654200,0.08218066666666667
86,820,Y,24644528,0.08214842666666666
74,723,Y,24641408,0.08213802666666667
102,950,Y,24638840,0.08212946666666666
107,986,Y,24619064,0.08206354666666667
74,721,Y,24596192,0.08198730666666668
289,20,Y,24593424,0.08197808000000001
521,49,Y,24588464,0.08196154666666666
73,717,Y,24538080,0.0817936
278,18,Y,24536800,0.08178933333333334
1089,120,Y,24528040,0.08176013333333333
191,7,Y,24520792,0.08173597333333334
623,61,Y,24519080,0.08173026666666666
121,1100,Y,24509008,0.08169669333333333
224,12,Y,24506272,0.08168757333333333
533,50,Y,24503448,0.08167816
83,792,Y,24485784,0.08161928
271,17,Y,24478528,0.08159509333333333
912,98,Y,24467392,0.08155797333333334
1122,124,Y,24444952,0.08148317333333333
34,405,Y,24433320,0.0814444
100,928,Y,24431168,0.08143722666666667
91,861,Y,24408424,0.08136141333333334
149,2,Y,24406904,0.08135634666666666
65,655,Y,24400632,0.08133544
725,74,Y,24395496,0.08131832
823,86,Y,24374728,0.08124909333333334
64,643,Y,24370472,0.08123490666666666
87,827,Y,24366640,0.08122213333333334
625,62,Y,24338456,0.08112818666666667
100,929,Y,24336616,0.08112205333333333
867,92,Y,24332184,0.08110728
118,1079,Y,24326360,0.08108786666666666
39,440,Y,24323352,0.08107784
63,639,Y,24310960,0.08103653333333333
65,653,Y,24304688,0.08101562666666666
286,19,Y,24300640,0.08100213333333334
60,615,Y,24300400,0.08100133333333333
127,1146,Y,24297400,0.08099133333333333
125,1129,Y,24291808,0.08097269333333333
89,843,Y,24265200,0.080884
99,926,Y,24255464,0.08085154666666666
69,686,Y,24209592,0.08069864
6,179,Y,24201744,0.08067248
124,1120,Y,24196368,0.08065456
419,36,Y,24158168,0.08052722666666667
79,765,Y,24155104,0.08051701333333333
68,678,Y,24148880,0.08049626666666666
11,218,Y,24138968,0.08046322666666667
10,211,Y,24137608,0.08045869333333333
71,697,Y,24133000,0.08044333333333333
658,66,Y,24132432,0.08044144
46,501,Y,24112120,0.08037373333333334
567,54,Y,24098064,0.08032688
715,73,Y,24049568,0.08016522666666666
11,217,Y,24042800,0.08014266666666667
700,71,Y,24039960,0.0801332
42,464,Y,24026744,0.08008914666666667
76,741,Y,24020960,0.08006986666666667
42,471,Y,24017656,0.08005885333333333
628,62,Y,23989392,0.07996464
538,51,Y,23978736,0.07992912
77,745,Y,23976264,0.07992088
956,103,Y,23950592,0.07983530666666666
994,108,Y,23934648,0.07978215999999999
112,1024,Y,23911392,0.07970464
688,70,Y,23904592,0.07968197333333334
324,24,Y,23898688,0.07966229333333333
788,82,Y,23895928,0.07965309333333333
14,240,Y,23871024,0.07957008
7,188,Y,23836752,0.07945584
781,81,Y,23829744,0.07943248
56,579,Y,23799504,0.07933168
600,59,Y,23788552,0.07929517333333333
67,669,Y,23787712,0.07929237333333333
808,85,Y,23763944,0.07921314666666666
785,82,Y,23755632,0.07918544
116,1063,Y,23732736,0.07910912
23,312,Y,23720944,0.07906981333333334
353,28,Y,23692072,0.07897357333333334
486,44,Y,23684704,0.07894901333333333
631,62,Y,23683816,0.07894605333333334
547,52,Y,23648400,0.07882800000000001
112,1025,Y,23647944,0.07882647999999999
889,95,Y,23623376,0.07874458666666667
22,309,Y,23616328,0.07872109333333334
53,552,Y,23583360,0.0786112
48,514,Y,23567048,0.07855682666666666
122,1104,Y,23554136,0.07851378666666667
924,99,Y,23548992,0.07849664
95,889,Y,23494848,0.07831616
909,97,Y,23490560,0.07830186666666666
296,21,Y,23486544,0.07828848000000001
1146,127,Y,23444472,0.07814824000000001
502,46,Y,23444392,0.07814797333333334
588,57,Y,23443648,0.07814549333333334
1055,115,Y,23434864,0.07811621333333334
822,86,Y,23433024,0.07811008
96,896,Y,23425424,0.07808474666666666
56,580,Y,23414264,0.07804754666666666
774,80,Y,23397064,0.07799021333333334
3,159,Y,23391032,0.07797010666666666
124,1127,Y,23373880,0.07791293333333334
1117,123,Y,23333800,0.07777933333333333
874,93,Y,23331320,0.07777106666666667
74,722,Y,23317224,0.07772408
10,209,Y,23308168,0.07769389333333333
606,59,Y,23297864,0.07765954666666666
804,84,Y,23278312,0.07759437333333334
348,27,Y,23275928,0.07758642666666667
76,743,Y,23272272,0.07757424
83,794,Y,23250088,0.07750029333333333
119,1086,Y,23246736,0.07748912
616,61,Y,23239072,0.07746357333333334
54,564,Y,23226960,0.0774232
617,61,Y,23226312,0.07742104
0,133,Y,23222208,0.07740736
2,148,Y,23219472,0.07739824000000001
827,87,Y,23211640,0.07737213333333334
633,63,Y,23210048,0.07736682666666667
940,101,Y,23176104,0.07725368
100,934,Y,23172632,0.07724210666666667
1054,115,Y,23158152,0.07719384
825,87,Y,23146976,0.07715658666666667
95,892,Y,23128080,0.0770936
1006,109,Y,23123464,0.07707821333333334
19,287,Y,23111928,0.07703976
21,297,Y,23094120,0.0769804
126,1140,Y,23094000,0.07697999999999999
901,96,Y,23077136,0.07692378666666667
120,1094,Y,23024800,0.07674933333333334
9,202,Y,23023072,0.07674357333333333
38,432,Y,22990424,0.07663474666666667
176,6,Y,22981216,0.07660405333333332
161,4,Y,22965424,0.07655141333333333
1043,114,Y,22964648,0.07654882666666667
45,493,Y,22964048,0.07654682666666666
701,71,Y,22944400,0.07648133333333333
311,22,Y,22934128,0.07644709333333333
25,334,Y,22920752,0.07640250666666666
467,42,Y,22899376,0.07633125333333333
186,7,Y,22893840,0.0763128
250,15,Y,22867104,0.07622368
1071,117,Y,22866912,0.07622304
36,418,Y,22859648,0.07619882666666666
499,46,Y,22841096,0.07613698666666666
123,1112,Y,22835536,0.07611845333333334
179,6,Y,22809432,0.07603144
584,57,Y,22808384,0.07602794666666667
786,82,Y,22804080,0.0760136
997,108,Y,22777880,0.07592626666666667
120,1091,Y,22777672,0.07592557333333333
122,1106,Y,22769664,0.07589888
113,1038,Y,22749264,0.07583088
5,175,Y,22724376,0.07574792
970,105,Y,22717256,0.07572418666666667
55,571,Y,22708904,0.07569634666666668
189,7,Y,22687408,0.07562469333333334
490,45,Y,22661992,0.07553997333333333
287,19,Y,22647888,0.07549296
895,95,Y,22644808,0.07548269333333334
560,54,Y,22631880,0.0754396
921,99,Y,22611480,0.0753716
62,630,Y,22595648,0.07531882666666666
442,39,Y,22586760,0.0752892
1150,127,Y,22558832,0.07519610666666666
110,1015,Y,22542576,0.07514192
127,1151,Y,22536448,0.07512149333333333
836,88,Y,22522392,0.07507464
130,0,Y,22518536,0.07506178666666667
392,33,Y,22511488,0.07503829333333334
48,515,Y,22508088,0.07502696
632,63,Y,22496376,0.07498792
300,21,Y,22492448,0.07497482666666666
1045,114,Y,22492288,0.07497429333333333
101,942,Y,22476376,0.07492125333333333
805,84,Y,22461384,0.07487128
20,293,Y,22458136,0.07486045333333334
103,955,Y,22445832,0.07481944
644,64,Y,22431400,0.07477133333333334
68,679,Y,22428784,0.07476261333333334
316,23,Y,22424832,0.07474944
1024,112,Y,22411928,0.07470642666666667
1091,120,Y,22401608,0.07467202666666667
133,0,Y,22381184,0.07460394666666667
74,727,Y,22370528,0.07456842666666666
551,52,Y,22347760,0.07449253333333333
9,206,Y,22347128,0.07449042666666666
64,644,Y,22346304,0.07448768
85,808,Y,22338920,0.07446306666666666
905,97,Y,22330288,0.07443429333333333
121,1102,Y,22326760,0.07442253333333333
1118,123,Y,22324424,0.07441474666666667
544,52,Y,22305424,0.07435141333333334
40,455,Y,22262256,0.07420752
35,414,Y,22234424,0.07411474666666666
92,870,Y,22221352,0.07407117333333334
744,77,Y,22189120,0.07396373333333332
977,106,Y,22165232,0.07388410666666667
93,875,Y,22161664,0.07387221333333334
402,34,Y,22159080,0.0738636
312,23,Y,22153112,0.07384370666666666
257,16,Y,22128600,0.07376200000000001
638,63,Y,22127184,0.07375728
107,989,Y,22094328,0.07364776
98,917,Y,22081920,0.0736064
103,958,Y,22079768,0.07359922666666667
65,649,Y,22062856,0.07354285333333334
43,476,Y,22034152,0.07344717333333332
93,878,Y,22021384,0.07340461333333333
115,1054,Y,21990656,0.07330218666666666
50,528,Y,21984296,0.07328098666666667
22,310,Y,21978048,0.07326016
94,880,Y,21966344,0.07322114666666667
779,81,Y,21965040,0.0732168
40,454,Y,21964640,0.07321546666666667
242,14,Y,21947840,0.07315946666666667
105,973,Y,21939408,0.07313136
7,185,Y,21936472,0.07312157333333333
12,228,Y,21914312,0.07304770666666667
457,41,Y,21901808,0.07300602666666667
420,36,Y,21877728,0.07292575999999999
225,12,Y,21863408,0.07287802666666666
448,40,Y,21858928,0.07286309333333334
709,72,Y,21857280,0.0728576
303,21,Y,21855096,0.07285032
48,519,Y,21831608,0.07277202666666667
1095,120,Y,21826856,0.07275618666666667
624,62,Y,21809552,0.07269850666666666
16,258,Y,21795040,0.07265013333333334
313,23,Y,21777360,0.0725912
112,1026,Y,21769664,0.07256554666666666
767,79,Y,21768656,0.07256218666666667
21,301,Y,21762912,0.07254304
580,56,Y,21733088,0.07244362666666666
44,486,Y,21732000,0.07244
722,74,Y,21723480,0.0724116
32,389,Y,21717344,0.07239114666666666
58,595,Y,21695936,0.07231978666666666
493,45,Y,21647544,0.07215848
1115,123,Y,21632296,0.07210765333333333
98,913,Y,21616336,0.07205445333333334
752,78,Y,21564928,0.07188309333333333
579,56,Y,21555560,0.07185186666666667
61,620,Y,21553632,0.07184544
295,20,Y,21551320,0.07183773333333333
106,981,Y,21527616,0.07175872
927,99,Y,21487808,0.07162602666666666
59,601,Y,21469168,0.07156389333333334
323,24,Y,21456288,0.07152096
43,475,Y,21454368,0.07151456
597,58,Y,21413256,0.07137752
73,714,Y,21406712,0.07135570666666666
339,26,Y,21369704,0.07123234666666667
309,22,Y,21355824,0.07118608
758,78,Y,21350600,0.07116866666666666
75,734,Y,21347344,0.07115781333333333
113,1039,Y,21329128,0.07109709333333333
258,16,Y,21291848,0.07097282666666667
1128,125,Y,21282624,0.07094208
860,91,Y,21250792,0.07083597333333333
63,633,Y,21233640,0.0707788
19,286,Y,21165688,0.07055229333333334
72,711,Y,21159824,0.07053274666666666
308,22,Y,21125808,0.07041936
1148,127,Y,21123128,0.07041042666666666
99,925,Y,21095544,0.07031848
40,448,Y,21093784,0.07031261333333333
187,7,Y,21081968,0.07027322666666667
690,70,Y,21074672,0.07024890666666667
54,565,Y,21047984,0.07015994666666667
153,3,Y,21035336,0.07011778666666667
691,70,Y,21011544,0.07003848
496,46,Y,20959944,0.06986648000000001
16,261,Y,20909432,0.06969810666666668
1038,113,Y,20898968,0.06966322666666667
240,14,Y,20893120,0.06964373333333333
61,616,Y,20866480,0.06955493333333333
975,105,Y,20863752,0.06954584
232,13,Y,20862528,0.06954176000000001
267,17,Y,20853976,0.06951325333333333
118,1073,Y,20841456,0.06947152
861,91,Y,20833856,0.06944618666666666
673,68,Y,20826888,0.06942295999999999
1060,116,Y,20824896,0.06941632
455,40,Y,20801504,0.06933834666666666
62,631,Y,20779680,0.06926560000000001
614,60,Y,20671560,0.0689052
29,363,Y,20662408,0.06887469333333333
100,933,Y,20650216,0.06883405333333333
96,899,Y,20624320,0.06874773333333332
34,406,Y,20623632,0.06874544
107,985,Y,20622208,0.06874069333333334
101,943,Y,20611736,0.06870578666666666
29,365,Y,20596512,0.06865504
67,666,Y,20562160,0.06854053333333333
218,11,Y,20553136,0.06851045333333333
56,581,Y,20539600,0.06846533333333332
637,63,Y,20488216,0.06829405333333334
125,1128,Y,20485352,0.06828450666666668
291,20,Y,20466240,0.0682208
920,99,Y,20439664,0.06813221333333333
122,1108,Y,20427160,0.06809053333333334
522,49,Y,20412104,0.06804034666666667
42,466,Y,20399192,0.06799730666666667
424,37,Y,20398432,0.06799477333333334
1066,117,Y,20392408,0.06797469333333334
73,718,Y,20377032,0.06792344
552,53,Y,20350128,0.06783375999999999
93,877,Y,20245424,0.06748474666666666
71,702,Y,20226696,0.06742232000000001
71,696,Y,20161648,0.06720549333333332
66,662,Y,20155768,0.06718589333333333
84,805,Y,20150648,0.06716882666666667
659,66,Y,20134416,0.06711472
29,364,Y,20130712,0.06710237333333334
57,587,Y,20116872,0.06705624
24,320,Y,20099600,0.06699866666666666
1119,123,Y,20076224,0.06692074666666667
391,32,Y,20073672,0.06691224
534,50,Y,20071120,0.06690373333333333
120,1093,Y,20060320,0.06686773333333333
272,18,Y,20055704,0.06685234666666666
51,538,Y,20041416,0.06680472
81,777,Y,19956232,0.06652077333333332
45,495,Y,19912240,0.06637413333333333
622,61,Y,19908800,0.06636266666666667
666,67,Y,19891608,0.06630536000000001
335,25,Y,19870600,0.06623533333333334
835,88,Y,19830712,0.06610237333333334
75,728,Y,19799888,0.06599962666666667
148,2,Y,19799608,0.06599869333333333
119,1082,Y,19795504,0.06598501333333333
751,77,Y,19742424,0.06580807999999999
69,685,Y,19723976,0.06574658666666666
126,1137,Y,19699776,0.06566592
43,477,Y,19675592,0.06558530666666666
439,38,Y,19669344,0.06556448
320,24,Y,19666864,0.06555621333333334
112,1029,Y,19632728,0.06544242666666666
943,101,Y,19580376,0.06526792000000001
34,400,Y,19532784,0.06510927999999999
39,446,Y,19520176,0.06506725333333334
80,775,Y,19513704,0.06504568000000001
529,50,Y,19462392,0.06487464
60,613,Y,19376040,0.0645868
979,106,Y,19341496,0.06447165333333334
446,39,Y,19300752,0.06433584
123,1113,Y,19271792,0.06423930666666666
765,79,Y,19231776,0.06410592
126,1139,Y,19202568,0.06400855999999999
815,85,Y,19176960,0.0639232
21,303,Y,19151576,0.06383858666666667
760,79,Y,19023728,0.06341242666666666
120,1088,Y,19016320,0.06338773333333333
86,821,Y,19002320,0.06334106666666667
82,787,Y,18978024,0.06326008000000001
849,90,Y,18976080,0.0632536
592,58,Y,18913296,0.06304432
1067,117,Y,18888320,0.06296106666666668
1016,111,Y,18852360,0.0628412
35,410,Y,18825216,0.06275072
80,774,Y,18731544,0.062438480000000005
17,267,Y,18672744,0.062242479999999996
8,193,Y,18657536,0.062191786666666665
820,86,Y,18631464,0.062104879999999994
87,826,Y,18559632,0.06186544
33,392,Y,18498352,0.06166117333333334
799,83,Y,18472536,0.06157512
27,347,Y,18471168,0.06157056
702,71,Y,18437808,0.06145936
55,570,Y,18347144,0.06115714666666667
880,94,Y,18336824,0.061122746666666665
398,33,Y,18292328,0.060974426666666665
69,682,Y,18195304,0.06065101333333333
577,56,Y,18133384,0.060444613333333334
427,37,Y,18097704,0.06032568
438,38,Y,18094144,0.060313813333333334
724,74,Y,18007792,0.06002597333333333
27,348,Y,17983432,0.05994477333333333
41,457,Y,17914648,0.05971549333333334
783,81,Y,17902896,0.05967632
32,391,Y,17878048,0.05959349333333334
1125,124,Y,17772792,0.05924264
61,619,Y,17564512,0.058548373333333334
524,49,Y,17531416,0.05843805333333334
655,65,Y,17517304,0.05839101333333333
32,390,Y,17387984,0.057959946666666665
96,901,Y,17269448,0.05756482666666666
6,182,Y,17239984,0.05746661333333333
94,884,Y,17235936,0.05745312
117,1064,Y,17129144,0.05709714666666667
64,647,Y,17097264,0.05699088
14,246,Y,17089304,0.056964346666666665
117,1067,Y,17007896,0.05669298666666667
36,417,Y,16924192,0.05641397333333334
431,37,Y,16887208,0.05629069333333333
288,20,Y,16834312,0.056114373333333335
575,55,Y,16831424,0.05610474666666666
64,642,Y,16592752,0.05530917333333333
844,89,Y,16559264,0.055197546666666666
485,44,Y,16514952,0.055049839999999996
106,979,Y,16466328,0.05488776
44,485,Y,16465672,0.054885573333333326
696,71,Y,16441160,0.054803866666666666
764,79,Y,16294832,0.05431610666666667
3,155,Y,16153720,0.05384573333333334
732,75,Y,15925608,0.05308536
717,73,Y,15533912,0.05177970666666666
87,828,Y,15408920,0.05136306666666667
528,50,Y,14809552,0.04936517333333333
261,16,Y,14535880,0.04845293333333334
726,74,Y,14525072,0.04841690666666667
95,894,Y,13043848,0.043479493333333334
