79,4,N,29996523779,99.98841259666666
125,8,N,29996207268,99.98735756
59,127,N,29995944677,99.98648225666666
53,121,N,29995593824,99.98531274666666
106,5,N,29995321393,99.98440464333333
84,41,N,29994483882,99.98161293999999
105,5,N,29993641090,99.97880363333334
85,4,N,29992905397,99.97635132333333
105,11,N,29992204558,99.97401519333333
65,115,N,29992085650,99.97361883333333
5,105,N,29991734703,99.97244900999999
47,123,N,29990910250,99.96970083333333
40,116,N,29990787038,99.96929012666666
82,0,N,29989734833,99.96578277666667
90,21,N,29989635773,99.96545257666666
18,100,N,29988079075,99.96026358333333
25,111,N,29987814087,99.95938029
8,125,N,29986885828,99.95628609333333
116,36,N,29985572027,99.95190675666666
127,71,N,29985342804,99.95114268
120,6,N,29984799788,99.94933262666666
118,25,N,29984738949,99.94912983
15,84,N,29983652502,99.94550834
109,28,N,29983308405,99.94436135
41,84,N,29982920437,99.94306812333333
90,17,N,29982656468,99.94218822666666
103,29,N,29981648900,99.93882966666666
28,109,N,29980925635,99.93641878333334
68,5,N,29980578582,99.93526194
1,125,N,29979707005,99.93235668333334
11,105,N,29979622832,99.93207610666667
30,117,N,29979479853,99.93159951
125,15,N,29978877481,99.92959160333334
18,64,N,29978758285,99.92919428333333
116,40,N,29978645748,99.92881916
7,83,N,29977806213,99.92602071
117,30,N,29977168247,99.92389415666668
29,91,N,29977127974,99.92375991333333
66,41,N,29977084300,99.92361433333333
91,29,N,29977021903,99.92340634333333
102,17,N,29975868441,99.91956146999999
119,36,N,29975648745,99.91882915
42,88,N,29975537598,99.91845866
100,18,N,29975417464,99.91805821333334
107,126,N,29975156402,99.91718800666666
14,123,N,29974382811,99.91460937
123,47,N,29973836754,99.91278917999999
5,106,N,29973668225,99.91222741666667
71,127,N,29973609048,99.91203016
102,58,N,29973350618,99.91116872666666
107,42,N,29972901603,99.90967201
91,28,N,29972660097,99.90886699
30,77,N,29972145247,99.90715082333334
71,2,N,29971946389,99.90648796333333
120,82,N,29971696271,99.90565423666666
18,93,N,29971660816,99.90553605333334
29,121,N,29971383904,99.90461301333333
42,124,N,29971267303,99.90422434333334
88,2,N,29971068186,99.90356062
2,71,N,29970550739,99.90183579666667
89,60,N,29969609711,99.89869903666667
12,109,N,29969417473,99.89805824333334
114,32,N,29969364594,99.89788198000001
17,117,N,29969362345,99.89787448333334
42,107,N,29969072497,99.89690832333334
96,10,N,29967560166,99.89186722
82,120,N,29967453570,99.8915119
115,4,N,29966851290,99.8895043
17,60,N,29966572640,99.88857546666667
106,1,N,29965667436,99.88555812
21,90,N,29965009142,99.88336380666667
1,106,N,29964420156,99.88140052
60,10,N,29964091818,99.88030606
125,1,N,29963942702,99.87980900666666
33,90,N,29963811308,99.87937102666666
64,18,N,29963725383,99.87908461
103,4,N,29963629683,99.87876561
110,23,N,29963626233,99.87875411
66,9,N,29963255478,99.87751826
28,91,N,29962797731,99.87599243666668
102,34,N,29962517248,99.87505749333333
57,126,N,29962295730,99.8743191
46,114,N,29961342628,99.87114209333333
0,110,N,29961129129,99.87043043
73,23,N,29960768963,99.86922987666667
60,89,N,29960042975,99.86680991666667
110,0,N,29959626290,99.86542096666666
69,126,N,29958380243,99.86126747666667
77,30,N,29958325307,99.86108435666667
17,102,N,29957705164,99.85901721333333
124,42,N,29957399229,99.85799743
41,66,N,29956967517,99.85655839
10,96,N,29955712691,99.85237563666666
115,65,N,29955390494,99.85130164666667
83,7,N,29955057340,99.85019113333334
54,23,N,29954601949,99.84867316333333
15,125,N,29954077104,99.84692368
49,113,N,29952328065,99.84109355000001
11,97,N,29952214670,99.84071556666667
111,25,N,29951392900,99.83797633333333
109,12,N,29951230174,99.83743391333333
58,102,N,29951003872,99.83667957333333
122,13,N,29950389368,99.83463122666667
23,73,N,29950232617,99.83410872333334
127,59,N,29949751773,99.83250591000001
60,17,N,29949110594,99.83036864666667
11,87,N,29947801840,99.82600613333334
48,119,N,29947356407,99.82452135666666
126,69,N,29947320062,99.82440020666667
7,82,N,29946973672,99.82324557333332
108,10,N,29946092155,99.82030718333334
34,102,N,29945958570,99.81986189999999
87,11,N,29944787895,99.81595965
114,46,N,29944410073,99.81470024333333
126,57,N,29944007887,99.81335962333333
121,53,N,29943382696,99.81127565333333
4,79,N,29943323319,99.81107773
84,15,N,29941118090,99.80372696666666
17,90,N,29940729279,99.80243093
123,14,N,29940516899,99.80172299666667
88,42,N,29937792362,99.79264120666667
121,15,N,29937102292,99.79034097333333
99,2,N,29932909852,99.77636617333333
6,120,N,29932909217,99.77636405666667
117,17,N,29932696868,99.77565622666667
82,7,N,29932608838,99.77536279333333
4,103,N,29932051670,99.77350556666667
23,110,N,29930576908,99.76858969333333
66,22,N,29930232779,99.76744259666667
13,122,N,29930102576,99.76700858666666
0,82,N,29929549542,99.76516514
25,118,N,29928243712,99.76081237333332
29,103,N,29926176769,99.75392256333333
36,119,N,29926088099,99.75362699666667
2,88,N,29925681449,99.75227149666667
4,85,N,29923070517,99.74356839000001
115,28,N,29920980498,99.73660166
90,33,N,29918817282,99.72939094
10,108,N,29913037794,99.71012598
22,66,N,29912280920,99.70760306666666
93,18,N,29907204976,99.69068325333333
15,121,N,29902310319,99.67436773
10,60,N,29900648494,99.66882831333334
32,114,N,29899604460,99.6653482
113,49,N,29896971084,99.65657028
9,66,N,29892847140,99.6428238
26,119,N,29885940845,99.61980281666666
36,116,N,29884275643,99.61425214333333
2,99,N,29884072530,99.61357509999999
119,26,N,29883640003,99.61213334333333
126,107,N,29880598320,99.60199440000001
28,115,N,29880151972,99.60050657333333
23,54,N,29878875726,99.59625242
4,115,N,29859181867,99.53060622333332
97,11,N,29817655248,99.39218416
5,68,N,29802809275,99.34269758333333
119,48,N,29799345518,99.33115172666666
121,29,N,29717781092,99.05927030666668
6,30,N,21251217017,70.83739005666668
84,30,N,19760952623,65.86984207666666
50,23,N,19677064722,65.59021574
54,66,N,19019003730,63.3966791
56,109,N,18254199300,60.847331000000004
92,120,N,17900740334,59.669134446666675
86,102,N,17672635737,58.908785789999996
35,2,N,17277012555,57.59004185
26,5,N,17147424238,57.15808079333333
14,0,N,17015347698,56.717825659999995
57,66,N,16687669700,55.62556566666667
27,77,N,16558082601,55.19360867
8,82,N,16201177139,54.00392379666666
112,110,N,16098942043,53.66314014333333
61,15,N,16025078316,53.41692772
32,110,N,15855086019,52.85028672999999
101,123,N,15792097879,52.640326263333336
78,84,N,15671089452,52.23696484
39,21,N,15647410318,52.15803439333333
33,117,N,15381861614,51.27287204666666
23,30,N,15334581948,51.115273159999994
79,12,N,15054406848,50.18135616
97,49,N,15044352760,50.14784253333333
35,26,N,14508657005,48.362190016666666
55,42,N,14498042793,48.32680931
53,117,N,14461078116,48.20359372
49,10,N,14307046099,47.690153663333334
95,107,N,13956236531,46.52078843666666
20,17,N,13916863960,46.38954653333333
48,15,N,13887968792,46.29322930666667
108,121,N,13868111506,46.227038353333334
16,5,N,13824363106,46.08121035333333
104,48,N,13816724624,46.055748746666666
91,71,N,13726914824,45.75638274666667
112,96,N,13685958071,45.61986023666667
31,0,N,13633300808,45.44433602666666
59,32,N,13515358829,45.051196096666665
99,90,N,13335664066,44.45221355333333
30,23,N,13286951911,44.289839703333335
46,105,N,13260928016,44.203093386666666
67,12,N,13099139320,43.66379773333333
81,41,N,12895634255,42.98544751666667
57,99,N,12737976848,42.45992282666667
16,0,N,12686969184,42.28989728
65,14,N,12683460272,42.27820090666667
86,106,N,12633837153,42.112790509999996
51,125,N,12599550229,41.99850076333333
40,13,N,12587692224,41.95897408
45,1,N,12562610479,41.875368263333336
19,12,N,12364316755,41.21438918333333
83,11,N,12225310687,40.75103562333333
31,60,N,12203830387,40.679434623333336
54,114,N,12141752144,40.472507146666665
80,108,N,12129676328,40.43225442666667
112,115,N,12112375536,40.37458512
92,124,N,12111842316,40.37280772
63,60,N,11968555285,39.895184283333336
74,53,N,11945510736,39.81836912
71,10,N,11927580118,39.75860039333333
3,28,N,11878973680,39.59657893333333
68,90,N,11863437341,39.54479113666667
45,49,N,11826315608,39.421052026666665
21,25,N,11821448387,39.404827956666665
89,119,N,11815501765,39.385005883333335
108,124,N,11790171506,39.30057168666667
124,126,N,11727637786,39.09212595333334
80,127,N,11710710144,39.03570048
9,42,N,11675476265,38.91825421666667
27,1,N,11548450312,38.49483437333333
123,119,N,11548133336,38.49377778666667
38,33,N,11510756162,38.369187206666666
50,108,N,11467043239,38.22347746333333
76,116,N,11357386966,37.85795655333333
72,25,N,11193006450,37.310021500000005
22,6,N,11150924873,37.16974957666667
3,54,N,11142030659,37.14010219666667
80,77,N,11130482373,37.10160791
74,123,N,11109977624,37.03325874666666
87,32,N,11096311296,36.98770432
103,109,N,11081227929,36.937426429999995
3,36,N,10996705803,36.65568601
30,6,N,10683913631,35.61304543666667
86,111,N,10675778552,35.58592850666666
111,87,N,10664111456,35.54703818666667
65,91,N,10604316968,35.347723226666666
13,4,N,10593405528,35.31135176
75,103,N,10592572518,35.30857506
25,21,N,10581846003,35.27282001
55,7,N,10579340545,35.26446848333333
50,18,N,10543179425,35.14393141666667
26,22,N,10538389003,35.127963343333334
98,33,N,10532093255,35.10697751666667
22,26,N,10529687328,35.09895776
40,21,N,10510787185,35.03595728333334
111,9,N,10470917048,34.90305682666667
43,58,N,10454892399,34.84964133
30,84,N,10397335056,34.65778352
93,84,N,10326109544,34.42036514666667
98,46,N,10315049748,34.38349916
44,53,N,10300220368,34.334067893333334
28,25,N,10296120013,34.32040004333333
49,9,N,10267998912,34.22666304
21,7,N,10250390493,34.16796831
118,105,N,10210598516,34.03532838666667
111,120,N,10141975297,33.80658432333333
81,106,N,10131819849,33.77273283
118,109,N,10125576879,33.75192293
76,46,N,10054716224,33.515720746666666
78,114,N,10049327258,33.49775752666667
87,111,N,9973250267,33.24416755666667
64,115,N,9949319713,33.16439904333333
58,2,N,9891867870,32.9728929
100,32,N,9883632680,32.94544226666667
21,40,N,9805350368,32.68450122666667
58,83,N,9794084929,32.64694976333333
72,80,N,9729416326,32.43138775333333
76,65,N,9727723800,32.425746
72,104,N,9652223497,32.17407832333333
37,86,N,9634556424,32.11518808
44,122,N,9585021046,31.950070153333332
69,79,N,9508793320,31.695977733333336
112,22,N,9489570328,31.63190109333333
85,77,N,9487302360,31.6243412
14,99,N,9454797744,31.515992479999998
117,82,N,9436406848,31.454689493333333
75,57,N,9427613896,31.425379653333334
24,50,N,9423398151,31.411327169999996
13,40,N,9406271003,31.35423667666667
125,102,N,9385990611,31.28663537
16,6,N,9373848695,31.246162316666666
19,36,N,9351004797,31.17001599
83,41,N,9312550329,31.041834429999998
127,120,N,9312424232,31.041414106666664
43,78,N,9300505218,31.001684060000002
25,28,N,9294657504,30.98219168
105,121,N,9272064632,30.906882106666668
63,93,N,9268467528,30.89489176
122,71,N,9260363098,30.867876993333333
120,111,N,9257380344,30.857934479999997
81,85,N,9226690282,30.75563427333333
52,57,N,9176428640,30.588095466666665
19,41,N,9169471056,30.564903519999998
39,22,N,9158660840,30.52886946666667
27,40,N,9123938127,30.413127089999996
104,68,N,9077315753,30.257719176666665
56,97,N,9057621950,30.192073166666667
104,64,N,9016907839,30.056359463333333
39,9,N,9010516377,30.035054589999998
67,47,N,8923239175,29.744130583333334
83,58,N,8885225568,29.617418559999997
95,73,N,8882523528,29.608411759999996
18,126,N,8854534071,29.51511357
124,108,N,8827789472,29.425964906666668
89,107,N,8780151216,29.267170720000003
7,21,N,8721524327,29.071747756666667
62,96,N,8714288712,29.04762904
12,26,N,8689440552,28.96480184
108,50,N,8676130896,28.920436319999997
67,27,N,8637855448,28.792851493333334
61,76,N,8628754168,28.762513893333335
64,34,N,8596860061,28.65620020333333
37,88,N,8596030009,28.653433363333335
118,77,N,8593084376,28.643614586666665
61,79,N,8487578187,28.29192729
99,57,N,8476941872,28.25647290666667
78,116,N,8434100220,28.113667399999997
70,113,N,8385040000,27.950133333333333
32,87,N,8375690905,27.918969683333334
92,103,N,8367774048,27.89258016
82,117,N,8335736673,27.785788909999997
80,29,N,8331722561,27.772408536666664
66,57,N,8319047800,27.730159333333333
24,81,N,8307326435,27.691088116666666
38,92,N,8292394744,27.641315813333335
100,85,N,8261352544,27.537841813333337
80,72,N,8254364392,27.514547973333332
20,122,N,8248865560,27.496218533333334
19,53,N,8237319571,27.457731903333332
1,85,N,8212547448,27.37515816
13,64,N,8176222359,27.25407453
55,59,N,8167396789,27.224655963333333
97,56,N,8161328088,27.20442696
98,34,N,8153827796,27.179425986666665
45,36,N,8144199062,27.147330206666666
56,73,N,8137834840,27.126116133333333
70,107,N,8109448409,27.03149469666667
6,22,N,8108111360,27.027037866666664
96,112,N,8101973752,27.006579173333336
96,88,N,8080544544,26.93514848
68,14,N,8073071576,26.91023858666667
75,112,N,8014079280,26.7135976
92,91,N,8010585792,26.70195264
14,65,N,8010296016,26.700986719999996
52,124,N,7999499160,26.664997200000002
95,68,N,7983754936,26.612516453333335
41,83,N,7979569440,26.598564800000002
89,83,N,7975436592,26.58478864
99,14,N,7964468368,26.548227893333333
75,13,N,7935784376,26.452614586666666
62,8,N,7926452822,26.421509406666665
101,50,N,7917503792,26.391679306666667
121,108,N,7885600312,26.285334373333335
85,100,N,7824829696,26.082765653333333
56,54,N,7758049837,25.860166123333332
44,127,N,7737416197,25.791387323333332
42,9,N,7709445904,25.698153013333336
99,58,N,7689752739,25.63250913
43,96,N,7649643968,25.498813226666666
121,105,N,7646645746,25.48881915333333
79,88,N,7640581482,25.46860494
59,69,N,7638594032,25.461980106666665
47,100,N,7620035776,25.40011925333333
105,118,N,7565708345,25.219027816666667
55,8,N,7562470285,25.20823428333333
48,87,N,7534796254,25.115987513333334
114,110,N,7493039528,24.976798426666665
47,39,N,7491923993,24.973079976666668
126,18,N,7484495656,24.948318853333333
63,73,N,7484444872,24.948149573333332
47,67,N,7433798496,24.779328319999998
77,118,N,7410032155,24.700107183333333
63,113,N,7355730876,24.519102919999998
9,49,N,7341789568,24.472631893333332
6,7,N,7305419560,24.35139853333333
9,111,N,7256878640,24.189595466666667
26,12,N,7255372968,24.18457656
73,56,N,7227029088,24.09009696
32,100,N,7167872160,23.8929072
111,86,N,7131384568,23.77128189333333
63,48,N,7118722336,23.729074453333332
27,31,N,7096947969,23.65649323
31,27,N,7059104536,23.530348453333332
19,16,N,7041853319,23.472844396666666
37,61,N,7032222380,23.440741266666667
73,95,N,7007003504,23.35667834666667
74,87,N,6992989280,23.309964266666665
372,30,Y,6947742728,23.15914242666667
118,29,N,6919495909,23.064986363333333
39,47,N,6914939882,23.049799606666667
95,40,N,6865912928,22.886376426666665
32,59,N,6837730344,22.79243448
51,59,N,6790154842,22.633849473333335
34,69,N,6746631960,22.4887732
33,11,N,6734600896,22.448669653333333
38,97,N,6724421080,22.414736933333334
105,46,N,6722111728,22.407039093333335
98,97,N,6721560282,22.40520094
69,59,N,6717891696,22.392972320000002
0,14,N,6714933000,22.383110000000002
22,112,N,6710392504,22.367975013333332
64,13,N,6667770466,22.225901553333333
53,19,N,6667044654,22.22348218
77,85,N,6628312984,22.09437661333333
52,76,N,6622283951,22.074279836666665
50,101,N,6614212528,22.047375093333333
368,30,Y,6612097532,22.040325106666668
109,118,N,6597997128,21.99332376
62,101,N,6590983440,21.9699448
77,80,N,6547746648,21.82582216
45,16,N,6537795320,21.792651066666664
20,61,N,6536021780,21.786739266666665
55,35,N,6520933672,21.73644557333333
43,39,N,6520583896,21.735279653333333
85,1,N,6506174056,21.687246853333335
71,91,N,6495840707,21.65280235666667
87,48,N,6489348115,21.631160383333334
67,35,N,6465064416,21.55021472
79,69,N,6445816504,21.48605501333333
73,63,N,6442261784,21.474205946666665
12,79,N,6414553538,21.381845126666665
28,3,N,6395283396,21.317611319999997
109,103,N,6389062314,21.29687438
35,55,N,6382611527,21.275371756666665
88,79,N,6322749272,21.075830906666667
104,72,N,6314571553,21.048571843333335
101,34,N,6284847056,20.949490186666665
34,64,N,6247575588,20.82525196
97,98,N,6243619798,20.812065993333334
78,43,N,6212137376,20.707124586666666
53,44,N,6206156590,20.687188633333335
38,81,N,6183295972,20.610986573333335
83,89,N,6155782448,20.519274826666667
371,30,Y,6151800408,20.50600136
73,116,N,6140688480,20.4689616
115,64,N,6135212406,20.45070802
74,113,N,6133394384,20.444647946666667
40,27,N,6123052107,20.41017369
102,125,N,6120091736,20.400305786666667
94,38,N,6095463786,20.31821262
110,112,N,6083706129,20.27902043
44,69,N,6059093685,20.19697895
116,73,N,6051164529,20.17054843
10,49,N,6039979720,20.13326573333333
100,106,N,6035953040,20.11984346666667
124,92,N,6029531896,20.098439653333333
93,46,N,6024072525,20.08024175
3,65,N,6020482480,20.06827493333333
2,58,N,6001204133,20.004013776666664
49,97,N,5986291423,19.954304743333335
113,74,N,5970131552,19.900438506666667
10,71,N,5967375288,19.89125096
16,19,N,5952358784,19.841195946666666
51,98,N,5948464736,19.828215786666668
64,104,N,5941474952,19.804916506666668
46,93,N,5918035216,19.726784053333333
86,47,N,5903842336,19.679474453333334
103,75,N,5895967216,19.653224053333336
94,35,N,5894434702,19.648115673333333
7,6,N,5878124688,19.59374896
373,30,Y,5871839624,19.572798746666667
77,27,N,5841031504,19.470105013333335
103,92,N,5833512305,19.445041016666668
69,34,N,5827247112,19.42415704
656,66,Y,5822049752,19.406832506666667
867,92,Y,5810013752,19.366712506666666
71,122,N,5745174384,19.15058128
88,96,N,5710678496,19.035594986666666
70,31,N,5656898464,18.856328213333335
84,93,N,5643150272,18.810500906666665
76,61,N,5631470080,18.771566933333332
115,112,N,5610844784,18.702815946666668
27,67,N,5584795384,18.61598461333333
96,43,N,5583561536,18.61187178666667
120,127,N,5569035312,18.56345104
100,47,N,5559464728,18.531549093333332
94,122,N,5559058926,18.53019642
61,20,N,5554416976,18.514723253333333
93,63,N,5543199672,18.47733224
662,66,Y,5524991560,18.416638533333334
375,30,Y,5511041792,18.370139306666665
37,75,N,5506394056,18.354646853333335
11,83,N,5494992758,18.316642526666666
47,86,N,5482404952,18.274683173333333
62,20,N,5482228502,18.274095006666666
53,74,N,5464716544,18.21572181333333
59,55,N,5464068688,18.213562293333332
104,95,N,5460859097,18.20286365666667
101,93,N,5458913144,18.196377146666666
419,36,Y,5426756640,18.0891888
312,23,Y,5421935552,18.073118506666667
98,51,N,5413056448,18.043521493333333
791,82,Y,5377419592,17.924731973333333
36,45,N,5374039851,17.91346617
51,8,N,5364457122,17.88152374
8,62,N,5337108785,17.790362616666666
318,23,Y,5335268746,17.784229153333335
119,123,N,5303829635,17.679432116666664
66,54,N,5299904775,17.66634925
1,45,N,5291319816,17.63773272
160,4,Y,5283464406,17.61154802
242,14,Y,5282184584,17.607281946666667
78,45,N,5262954144,17.54318048
94,72,N,5248607728,17.49535909333333
21,39,N,5246639544,17.48879848
661,66,Y,5245519160,17.485063866666668
106,100,N,5207487344,17.358291146666666
1141,126,Y,5197788088,17.325960293333335
36,3,N,5188907341,17.296357803333333
36,19,N,5175029512,17.250098373333334
657,66,Y,5167102520,17.223675066666665
112,75,N,5150616544,17.168721813333335
117,53,N,5130009400,17.100031333333334
24,51,N,5127617400,17.092057999999998
65,3,N,5123749400,17.079164666666667
8,55,N,5122148436,17.07382812
20,31,N,5097239592,16.990798639999998
35,67,N,5084051464,16.946838213333333
94,37,N,5082927264,16.94309088
240,14,Y,5055379269,16.851264229999998
107,89,N,5044378184,16.81459394666667
62,70,N,5039407516,16.798025053333333
86,37,N,5036562704,16.788542346666667
1087,119,Y,5025153014,16.750510046666665
126,124,N,5024460414,16.74820138
38,94,N,5008905656,16.696352186666665
369,30,Y,4993306256,16.644354186666664
1123,124,Y,4980728046,16.602426819999998
24,52,N,4968480219,16.561600730000002
26,35,N,4963668808,16.54556269333333
313,23,Y,4960933448,16.536444826666667
92,38,N,4958573192,16.528577306666666
769,80,Y,4951578000,16.50526
43,74,N,4941741240,16.4724708
29,118,N,4930786721,16.435955736666667
565,54,Y,4920742745,16.402475816666666
1002,109,Y,4893027208,16.310090693333336
109,56,N,4877790327,16.25930109
114,54,N,4877234384,16.257447946666666
7,55,N,4871255441,16.23751813666667
90,99,N,4814132779,16.047109263333333
46,76,N,4808286192,16.027620640000002
119,89,N,4802044223,16.006814076666668
3,56,N,4802042480,16.006808266666667
39,43,N,4786240208,15.954134026666667
12,19,N,4771633312,15.905444373333333
45,78,N,4770170393,15.900567976666666
1142,126,Y,4767582392,15.891941306666665
784,82,Y,4764637512,15.88212504
146,2,Y,4759962392,15.866541306666667
49,45,N,4759667536,15.865558453333334
354,28,Y,4747372144,15.824573813333334
163,4,Y,4743287416,15.810958053333332
76,52,N,4737607456,15.792024853333334
1127,124,Y,4730825952,15.769419840000001
698,71,Y,4708251724,15.694172413333332
560,54,Y,4705547952,15.685159839999999
34,98,N,4703255240,15.677517466666666
1131,125,Y,4683318256,15.611060853333333
658,66,Y,4677304728,15.59101576
91,65,N,4667974561,15.559915203333333
355,28,Y,4655204168,15.517347226666667
31,20,N,4646801744,15.489339146666667
122,20,N,4640192768,15.467309226666668
336,26,Y,4627277224,15.424257413333335
6,16,N,4626214544,15.420715146666666
101,62,N,4620561785,15.401872616666667
150,2,Y,4612884414,15.376281380000002
14,68,N,4612009174,15.373363913333332
973,105,Y,4611994488,15.37331496
113,89,N,4607637320,15.358791066666665
5,26,N,4597984136,15.326613786666668
91,92,N,4593815616,15.31271872
122,44,N,4587257536,15.290858453333334
106,86,N,4583140934,15.277136446666667
316,23,Y,4556136616,15.187122053333333
116,78,N,4548440976,15.16146992
69,44,N,4539588272,15.131960906666666
659,66,Y,4533556928,15.111856426666668
370,30,Y,4533437800,15.111459333333332
697,71,Y,4517133864,15.057112880000002
663,66,Y,4513737576,15.045791920000001
702,71,Y,4499836356,14.99945452
41,19,N,4495416464,14.984721546666666
60,63,N,4492011848,14.973372826666667
1100,121,Y,4487283131,14.957610436666666
54,56,N,4486275704,14.954252346666665
1082,119,Y,4485071520,14.950238399999998
786,82,Y,4484759504,14.949198346666668
178,6,Y,4476996793,14.923322643333334
374,30,Y,4461736280,14.872454266666665
48,104,N,4461425168,14.871417226666667
42,55,N,4445686320,14.8189544
353,28,Y,4425778032,14.75259344
307,22,Y,4415515240,14.718384133333334
1075,118,Y,4413955864,14.713186213333335
944,102,Y,4411806288,14.70602096
22,39,N,4406991632,14.689972106666666
850,90,Y,4397253384,14.65751128
89,113,N,4395418112,14.651393706666665
1136,126,Y,4393577608,14.645258693333332
48,63,N,4392581976,14.641939919999999
41,81,N,4378843632,14.596145439999999
1099,121,Y,4375623160,14.585410533333334
33,98,N,4368548368,14.561827893333334
191,7,Y,4367292704,14.557642346666666
81,38,N,4365703160,14.552343866666668
587,57,Y,4358795640,14.529318799999999
948,102,Y,4349369168,14.497897226666668
329,25,Y,4344762915,14.482543049999999
1000,109,Y,4324115466,14.41371822
266,17,Y,4311296155,14.370987183333334
173,5,Y,4306594569,14.355315229999999
1080,119,Y,4306244344,14.354147813333334
660,66,Y,4304886128,14.349620426666668
1006,109,Y,4298410523,14.328035076666668
749,77,Y,4294579136,14.315263786666666
162,4,Y,4294247728,14.314159093333334
93,101,N,4293820762,14.312735873333333
1085,119,Y,4293737184,14.312457279999999
744,77,Y,4289605200,14.298684
945,102,Y,4288017599,14.293391996666665
102,86,N,4284221996,14.280739986666665
54,3,N,4281229624,14.270765413333333
75,37,N,4262351512,14.207838373333335
52,24,N,4259368119,14.19789373
31,70,N,4258197424,14.193991413333334
862,91,Y,4257042784,14.190142613333334
247,14,Y,4254463491,14.181544970000001
785,82,Y,4253003144,14.176677146666666
57,75,N,4241226640,14.137422133333333
1140,126,Y,4240248904,14.134163013333334
124,52,N,4237745248,14.125817493333335
44,24,N,4235784848,14.119282826666666
807,84,Y,4235781344,14.119271146666668
868,92,Y,4233396576,14.11132192
1065,117,Y,4225706608,14.085688693333335
23,50,N,4225487912,14.084959706666666
1005,109,Y,4221106168,14.070353893333335
359,28,Y,4217587816,14.058626053333334
1139,126,Y,4212874984,14.042916613333334
924,99,Y,4212828728,14.042762426666666
147,2,Y,4211632544,14.038775146666666
149,2,Y,4204599196,14.015330653333333
1046,114,Y,4200618440,14.002061466666666
16,45,N,4199506280,13.998354266666665
505,47,Y,4192161152,13.973870506666666
860,91,Y,4188989056,13.963296853333334
852,90,Y,4187346712,13.957822373333334
1129,125,Y,4181409080,13.938030266666669
273,18,Y,4179625900,13.932086333333332
789,82,Y,4175198898,13.91732966
703,71,Y,4169750032,13.899166773333333
1086,119,Y,4167503704,13.891679013333333
356,28,Y,4155620057,13.852066856666667
24,44,N,4155035024,13.850116746666666
166,4,Y,4145135536,13.817118453333332
72,67,N,4145120976,13.81706992
853,90,Y,4145084414,13.816948046666667
696,71,Y,4134074646,13.780248819999999
274,18,Y,4133671056,13.77890352
145,2,Y,4123644656,13.745482186666665
790,82,Y,4121176601,13.737255336666667
87,74,N,4120381948,13.734606493333334
68,95,N,4117688992,13.725629973333334
74,43,N,4115304398,13.717681326666668
34,101,N,4114993584,13.71664528
179,6,Y,4111953472,13.706511573333332
5,16,N,4108612208,13.695374026666668
1073,118,Y,4097112696,13.657042320000002
4,13,N,4092486893,13.641622976666667
389,32,Y,4075438896,13.58479632
161,4,Y,4067805048,13.55935016
595,58,Y,4066526952,13.55508984
469,42,Y,4064038944,13.546796480000001
84,78,N,4053593992,13.511979973333332
840,89,Y,4049484512,13.498281706666667
597,58,Y,4049117600,13.497058666666668
298,21,Y,4029811888,13.432706293333332
1074,118,Y,4026228080,13.420760266666667
15,48,N,4026042576,13.42014192
363,29,Y,4014625088,13.382083626666667
1066,117,Y,4011125128,13.370417093333334
1117,123,Y,4000023152,13.333410506666668
1119,123,Y,3988494896,13.294982986666668
70,62,N,3979304424,13.26434808
11,33,N,3976085080,13.253616933333333
40,95,N,3972376573,13.241255243333333
768,80,Y,3970489472,13.234964906666665
29,80,N,3965628408,13.21876136
1138,126,Y,3963986744,13.213289146666668
1097,121,Y,3953965534,13.179885113333334
108,80,N,3952757893,13.175859643333334
1001,109,Y,3946256808,13.154189359999998
203,9,Y,3944565296,13.148550986666665
414,35,Y,3944162056,13.147206853333335
227,12,Y,3943323536,13.144411786666666
167,4,Y,3941074564,13.136915213333333
174,5,Y,3941002824,13.13667608
9,39,N,3939681191,13.132270636666668
699,71,Y,3937945608,13.12648536
1024,112,Y,3937192392,13.12397464
921,99,Y,3927320392,13.091067973333335
1137,126,Y,3927165168,13.09055056
366,29,Y,3922766784,13.07588928
1124,124,Y,3920743216,13.069144053333334
340,26,Y,3919232008,13.064106693333333
360,29,Y,3918733544,13.062445146666668
341,26,Y,3917830688,13.059435626666666
1096,121,Y,3906834653,13.022782176666666
975,105,Y,3906741178,13.022470593333333
81,24,N,3898892943,12.996309810000001
1098,121,Y,3889337208,12.96445736
140,1,Y,3889127144,12.963757146666666
96,62,N,3882308053,12.941026843333333
107,95,N,3872728864,12.909096213333331
562,54,Y,3872256928,12.907523093333333
420,36,Y,3865877216,12.886257386666667
33,38,N,3858796576,12.862655253333333
1003,109,Y,3858048044,12.860160146666665
788,82,Y,3856121602,12.853738673333334
278,18,Y,3855388608,12.85129536
801,84,Y,3852802808,12.842676026666666
170,5,Y,3849090720,12.830302399999999
183,6,Y,3848354024,12.827846746666665
110,114,N,3848036880,12.8267896
753,78,Y,3839724152,12.799080506666666
392,33,Y,3835228024,12.784093413333334
1016,111,Y,3834439827,12.781466089999999
364,29,Y,3824359233,12.747864110000002
330,25,Y,3822941104,12.743137013333333
85,81,N,3821727936,12.73909312
955,103,Y,3803956488,12.67985496
572,55,Y,3801528624,12.67176208
337,26,Y,3798311801,12.661039336666665
600,59,Y,3796793152,12.655977173333333
926,99,Y,3794909056,12.649696853333333
120,92,N,3793492752,12.64497584
877,93,Y,3793464753,12.644882509999999
117,33,N,3789392946,12.63130982
209,10,Y,3786651352,12.622171173333333
131,0,Y,3776885408,12.589618026666665
748,77,Y,3773832952,12.579443173333333
352,28,Y,3770506392,12.56835464
929,100,Y,3770391803,12.567972676666667
182,6,Y,3759849688,12.532832293333335
303,21,Y,3758416012,12.528053373333334
802,84,Y,3758332950,12.527776500000002
421,36,Y,3756274605,12.520915350000001
464,42,Y,3755356880,12.517856266666666
1112,123,Y,3755022168,12.51674056
259,16,Y,3753244864,12.510816213333333
185,7,Y,3749372648,12.497908826666666
1077,118,Y,3747382393,12.491274643333334
998,108,Y,3745524883,12.485082943333333
983,106,Y,3745191840,12.4839728
746,77,Y,3738140160,12.4604672
157,3,Y,3725879080,12.419596933333334
947,102,Y,3714568808,12.381896026666666
1033,113,Y,3714275672,12.380918906666667
218,11,Y,3713510176,12.378367253333334
1130,125,Y,3711071456,12.370238186666667
308,22,Y,3707175280,12.357250933333333
950,102,Y,3706909064,12.356363546666667
171,5,Y,3696369648,12.32123216
184,7,Y,3692111741,12.307039136666667
204,9,Y,3691298984,12.304329946666668
1114,123,Y,3686833169,12.289443896666667
416,36,Y,3683695104,12.27898368
79,61,N,3678930453,12.26310151
315,23,Y,3677733360,12.2591112
467,42,Y,3676729465,12.255764883333335
855,90,Y,3675074045,12.250246816666667
208,10,Y,3673726152,12.245753839999999
328,25,Y,3671853672,12.23951224
116,76,N,3669734400,12.232448
1042,114,Y,3666234672,12.22078224
314,23,Y,3664403968,12.214679893333333
106,81,N,3661796832,12.20598944
46,98,N,3656822784,12.189409280000001
335,25,Y,3652070600,12.173568666666666
237,13,Y,3651922720,12.173075733333333
144,2,Y,3651205344,12.17068448
123,74,N,3650322735,12.16774245
130,0,Y,3647167080,12.1572236
113,63,N,3645194640,12.150648799999999
859,91,Y,3640379232,12.13459744
591,57,Y,3638353648,12.127845493333334
35,94,N,3630669104,12.102230346666666
561,54,Y,3629750200,12.099167333333332
365,29,Y,3627259634,12.090865446666667
1052,115,Y,3623055344,12.076851146666668
535,50,Y,3622051544,12.073505146666667
279,18,Y,3619548432,12.065161439999999
1069,117,Y,3608507008,12.028356693333334
235,13,Y,3603363456,12.01121152
701,71,Y,3601793480,12.005978266666666
455,40,Y,3598347944,11.994493146666667
1133,125,Y,3595864048,11.986213493333334
189,7,Y,3594659312,11.982197706666668
181,6,Y,3591419019,11.97139673
821,86,Y,3591262984,11.970876613333333
511,47,Y,3581040568,11.936801893333334
851,90,Y,3580945016,11.936483386666668
982,106,Y,3579233144,11.930777146666667
97,38,N,3577949933,11.926499776666667
1103,121,Y,3575716292,11.919054306666666
792,83,Y,3575347576,11.917825253333334
148,2,Y,3569154480,11.8971816
567,54,Y,3560212064,11.867373546666666
165,4,Y,3557363976,11.85787992
268,17,Y,3549571040,11.831903466666667
122,94,N,3548585800,11.828619333333332
72,94,N,3543982760,11.813275866666666
346,27,Y,3541467416,11.804891386666666
398,33,Y,3534717848,11.782392826666667
700,71,Y,3534218480,11.780728266666667
1015,110,Y,3531738532,11.772461773333333
249,15,Y,3525732208,11.752440693333334
672,68,Y,3525098283,11.75032761
229,12,Y,3520387824,11.73462608
32,385,Y,3517963592,11.726545306666667
897,96,Y,3516230824,11.720769413333333
319,23,Y,3512624688,11.70874896
1034,113,Y,3512590192,11.708633973333333
393,33,Y,3507588096,11.69196032
272,18,Y,3506193008,11.687310026666667
283,19,Y,3505793344,11.685977813333333
758,78,Y,3498144648,11.66048216
65,76,N,3497322776,11.657742586666666
1148,127,Y,3496640208,11.655467360000001
207,9,Y,3494496632,11.648322106666667
1050,115,Y,3489582976,11.631943253333334
468,42,Y,3488327464,11.627758213333333
946,102,Y,3482206896,11.60735632
639,63,Y,3481484440,11.604948133333332
919,98,Y,3479956792,11.599855973333334
968,105,Y,3479486288,11.598287626666668
176,6,Y,3475848624,11.58616208
151,2,Y,3474671400,11.582238
338,26,Y,3473712848,11.579042826666667
466,42,Y,3470527232,11.568424106666667
490,45,Y,3466900520,11.556335066666666
1037,113,Y,3466485080,11.554950266666667
1064,117,Y,3462774024,11.54258008
787,82,Y,3460950609,11.53650203
798,83,Y,3452267208,11.50755736
754,78,Y,3451857296,11.506190986666667
61,37,N,3450607248,11.50202416
854,90,Y,3449179592,11.497265306666666
58,99,N,3448290920,11.494303066666667
223,11,Y,3444059712,11.48019904
391,32,Y,3443438600,11.478128666666667
1020,111,Y,3436276904,11.454256346666666
848,90,Y,3434062296,11.44687432
397,33,Y,3431303624,11.437678746666666
844,89,Y,3431184328,11.437281093333333
1041,114,Y,3426972272,11.423240906666667
215,10,Y,3423416856,11.41138952
1092,120,Y,3421617808,11.405392693333333
276,18,Y,3420162032,11.400540106666666
270,17,Y,3415892728,11.386309093333333
678,68,Y,3415816016,11.386053386666667
0,16,N,3411718640,11.372395466666667
1115,123,Y,3408508680,11.361695600000001
60,31,N,3405853072,11.352843573333333
990,107,Y,3405541736,11.351805786666667
1135,125,Y,3405080048,11.350266826666665
334,25,Y,3402568552,11.341895173333333
606,59,Y,3394351016,11.314503386666667
498,46,Y,3394226712,11.31408904
168,5,Y,3392698744,11.308995813333333
52,70,N,3389696696,11.298988986666666
573,55,Y,3389108320,11.297027733333334
584,57,Y,3382932040,11.276440133333333
995,108,Y,3382160080,11.273866933333334
1068,117,Y,3379985142,11.26661714
812,85,Y,3375757112,11.252523706666667
127,80,N,3371626064,11.238753546666667
194,8,Y,3370290712,11.234302373333334
923,99,Y,3369494760,11.2316492
1072,118,Y,3367997946,11.22665982
636,63,Y,3363440592,11.21146864
1071,117,Y,3363078072,11.21026024
67,72,N,3362689930,11.208966433333334
847,89,Y,3359766216,11.19922072
265,17,Y,3358912199,11.196373996666667
1084,119,Y,3356677600,11.188925333333334
232,13,Y,3356062213,11.186874043333333
90,68,N,3354006584,11.180021946666667
152,3,Y,3351815176,11.172717253333333
806,84,Y,3351431096,11.171436986666667
589,57,Y,3346975688,11.156585626666667
1010,110,Y,3344623264,11.148744213333334
1070,117,Y,3343244672,11.144148906666667
1081,119,Y,3342006016,11.140020053333332
58,43,N,3338619776,11.128732586666667
908,97,Y,3335365640,11.117885466666666
842,89,Y,3331958032,11.106526773333334
114,78,N,3330425844,11.101419479999999
608,60,Y,3325532834,11.085109446666666
532,50,Y,3324785411,11.082618036666666
775,80,Y,3324145688,11.080485626666666
13,75,N,3323600752,11.078669173333333
615,60,Y,3321049760,11.070165866666667
810,85,Y,3303078744,11.010262480000002
343,26,Y,3301722888,11.005742960000001
222,11,Y,3300525719,11.001752396666667
1029,112,Y,3299652240,10.9988408
1079,118,Y,3298442016,10.99480672
317,23,Y,3297187464,10.990624879999999
614,60,Y,3296859944,10.989533146666666
70,52,N,3294296544,10.980988479999999
1078,118,Y,3292067775,10.973559250000001
156,3,Y,3289545616,10.965152053333334
422,36,Y,3287414560,10.958048533333335
305,22,Y,3286190272,10.953967573333333
930,100,Y,3285718752,10.95239584
676,68,Y,3281257544,10.937525146666667
907,97,Y,3280684232,10.935614106666666
590,57,Y,3279744136,10.932480453333334
843,89,Y,3279286000,10.930953333333333
841,89,Y,3279066960,10.9302232
516,48,Y,3275277432,10.91759144
153,3,Y,3274041624,10.91347208
1,27,N,3273439720,10.911465733333333
20,62,N,3271032952,10.903443173333335
1019,111,Y,3270762319,10.902541063333333
388,32,Y,3267460347,10.89153449
143,1,Y,3263577038,10.878590126666667
56,3,N,3263046760,10.876822533333334
267,17,Y,3262516000,10.875053333333334
957,103,Y,3261267598,10.870891993333332
954,103,Y,3250661160,10.835537200000001
839,88,Y,3250340480,10.834468266666667
199,8,Y,3249338464,10.831128213333335
465,42,Y,3249040808,10.830136026666667
1101,121,Y,3247584457,10.825281523333333
201,9,Y,3242527352,10.808424506666666
129,0,Y,3240176424,10.800588079999999
564,54,Y,3238037248,10.793457493333333
980,106,Y,3236482448,10.788274826666665
1102,121,Y,3227938632,10.75979544
1012,110,Y,3227288176,10.757627253333334
1040,114,Y,3226590878,10.755302926666667
457,41,Y,3225307816,10.751026053333334
994,108,Y,3224576576,10.748588586666667
818,86,Y,3220905648,10.73635216
1048,115,Y,3215020944,10.71673648
252,15,Y,3211267696,10.704225653333333
169,5,Y,3211229296,10.704097653333333
301,21,Y,3210222248,10.700740826666667
269,17,Y,3210136288,10.700454293333333
332,25,Y,3205073136,10.68357712
331,25,Y,3205018072,10.683393573333333
362,29,Y,3204793616,10.682645386666668
212,10,Y,3204540640,10.681802133333333
458,41,Y,3203089768,10.676965893333334
602,59,Y,3196115030,10.653716766666667
974,105,Y,3195723792,10.65241264
803,84,Y,3191161480,10.637204933333333
795,83,Y,3191122128,10.63707376
506,47,Y,3190461520,10.634871733333332
180,6,Y,3190378384,10.634594613333332
271,17,Y,3190267896,10.63422632
856,91,Y,3190004664,10.63334888
234,13,Y,3182973512,10.609911706666667
796,83,Y,3179732592,10.59910864
213,10,Y,3179197920,10.5973264
900,96,Y,3177570825,10.59190275
1051,115,Y,3174641272,10.582137573333334
1076,118,Y,3170368976,10.567896586666667
861,91,Y,3168971760,10.5632392
816,86,Y,3167507528,10.558358426666667
611,60,Y,3165023872,10.550079573333333
797,83,Y,3164030128,10.546767093333333
520,49,Y,3163753496,10.545844986666667
979,106,Y,3163699688,10.545665626666667
348,27,Y,3162446912,10.541489706666667
951,102,Y,3161838024,10.53946008
135,0,Y,3157532264,10.525107546666666
1126,124,Y,3155919888,10.51973296
264,17,Y,3155355404,10.517851346666667
134,0,Y,3155128200,10.517094
952,103,Y,3154655035,10.515516783333332
310,22,Y,3153138110,10.510460366666667
1008,110,Y,3152213664,10.50737888
417,36,Y,3147105408,10.49035136
978,106,Y,3143256272,10.477520906666667
1128,125,Y,3141799512,10.472665039999999
774,80,Y,3141587864,10.471959546666666
609,60,Y,3139925799,10.46641933
376,31,Y,3138437024,10.461456746666666
1054,115,Y,3137015400,10.456718
261,16,Y,3135913488,10.45304496
1063,116,Y,3134410936,10.448036453333334
949,102,Y,3134320768,10.447735893333334
175,5,Y,3133823600,10.446078666666667
12,67,N,3130363680,10.4345456
970,105,Y,3126258680,10.420862266666667
1067,117,Y,3123963440,10.413211466666667
451,40,Y,3122779000,10.409263333333334
127,44,N,3119144744,10.397149146666667
1111,122,Y,3117667024,10.392223413333333
619,61,Y,3117585328,10.391951093333333
1018,111,Y,3116427016,10.388090053333334
1025,112,Y,3110710616,10.369035386666667
277,18,Y,3109186568,10.363955226666667
504,47,Y,3108089048,10.360296826666666
164,4,Y,3107224288,10.357414293333333
197,8,Y,3105804521,10.352681736666666
673,68,Y,3104895984,10.34965328
450,40,Y,3102754048,10.342513493333334
718,73,Y,3102436224,10.34145408
452,40,Y,3101979296,10.339930986666666
1113,123,Y,3101265310,10.337551033333334
216,11,Y,3100133152,10.333777173333333
927,99,Y,3098054112,10.32684704
1120,124,Y,3097429784,10.324765946666666
596,58,Y,3096517376,10.321724586666667
992,108,Y,3096309440,10.321031466666666
275,18,Y,3096125664,10.32041888
1143,126,Y,3089981984,10.299939946666667
1132,125,Y,3088211976,10.294039920000001
684,69,Y,3087718120,10.292393733333334
214,10,Y,3085038846,10.28346282
95,104,N,3081855640,10.272852133333334
931,100,Y,3080597688,10.26865896
177,6,Y,3079647224,10.265490746666666
675,68,Y,3078397680,10.2613256
521,49,Y,3077511587,10.258371956666666
524,49,Y,3076884768,10.25628256
1116,123,Y,3076736528,10.255788426666665
578,56,Y,3073551241,10.245170803333334
410,35,Y,3073100784,10.24366928
0,31,N,3072468400,10.241561333333333
819,86,Y,3067346160,10.2244872
654,65,Y,3062662880,10.208876266666667
849,90,Y,3053725216,10.179084053333334
155,3,Y,3053702892,10.17900964
1059,116,Y,3045921360,10.1530712
172,5,Y,3045114728,10.150382426666667
306,22,Y,3044627144,10.148757146666666
920,99,Y,3044440160,10.148133866666667
935,100,Y,3043159766,10.143865886666667
141,1,Y,3041799592,10.139331973333334
808,85,Y,3040874728,10.136249093333333
518,48,Y,3039685592,10.132285306666667
136,1,Y,3039422744,10.131409146666668
793,83,Y,3039084360,10.1302812
566,54,Y,3034694168,10.115647226666667
1031,112,Y,3034441240,10.114804133333333
857,91,Y,3033733352,10.112444506666666
834,88,Y,3030042024,10.100140080000001
286,19,Y,3024826584,10.08275528
37,94,N,3020105107,10.067017023333333
845,89,Y,3018729585,10.06243195
999,108,Y,3018407432,10.061358106666667
965,104,Y,3016204752,10.05401584
903,96,Y,3012821032,10.042736773333333
333,25,Y,3010949240,10.036497466666667
558,53,Y,3008518920,10.0283964
987,107,Y,3006918649,10.023062163333334
986,107,Y,3003904702,10.013015673333333
804,84,Y,3002069456,10.006898186666668
1118,123,Y,2999050328,9.996834426666666
1121,124,Y,2993666944,9.978889813333334
972,105,Y,2990739032,9.969130106666666
517,48,Y,2988202512,9.96067504
390,32,Y,2988054128,9.960180426666666
683,69,Y,2987514264,9.95838088
68,104,N,2984678800,9.948929333333334
219,11,Y,2983745536,9.945818453333333
304,22,Y,2983491792,9.94497264
380,31,Y,2978809616,9.929365386666667
835,88,Y,2978311071,9.92770357
238,13,Y,2977924488,9.92641496
1049,115,Y,2977555576,9.925185253333334
384,32,Y,2977510616,9.925035386666666
956,103,Y,2975175736,9.917252453333333
997,108,Y,2974288080,9.9142936
922,99,Y,2969129352,9.89709784
110,32,N,2968760208,9.89586736
1053,115,Y,2963973835,9.879912783333333
805,84,Y,2963192792,9.877309306666666
800,84,Y,2960782752,9.86927584
423,36,Y,2960047764,9.86682588
762,79,Y,2958389144,9.861297146666667
771,80,Y,2954494808,9.848316026666666
910,97,Y,2954376424,9.847921413333333
878,93,Y,2954226376,9.847421253333334
996,108,Y,2952378664,9.841262213333334
646,64,Y,2952325534,9.841085113333333
1083,119,Y,2951533368,9.83844456
871,92,Y,2950214808,9.83404936
18,50,N,2946842597,9.822808656666666
57,52,N,2946019920,9.8200664
872,93,Y,2945466208,9.818220693333334
454,40,Y,2944996672,9.816655573333332
220,11,Y,2943668840,9.812229466666667
1023,111,Y,2942233176,9.80744392
251,15,Y,2942067328,9.806891093333334
932,100,Y,2941370880,9.8045696
1122,124,Y,2936990432,9.789968106666667
1091,120,Y,2936605512,9.78868504
728,75,Y,2935393568,9.784645226666665
448,40,Y,2933664728,9.778882426666668
285,19,Y,2929003125,9.76334375
494,45,Y,2926619040,9.7553968
904,97,Y,2926425680,9.754752266666667
770,80,Y,2924584608,9.74861536
250,15,Y,2921892360,9.7396412
794,83,Y,2919762376,9.732541253333334
138,1,Y,2917834790,9.726115966666667
530,50,Y,2915947312,9.719824373333333
1055,115,Y,2915547416,9.718491386666667
977,106,Y,2913294392,9.710981306666666
647,64,Y,2913240912,9.71080304
367,29,Y,2906046696,9.686822320000001
873,93,Y,2901049336,9.670164453333333
934,100,Y,2899965296,9.666550986666667
1004,109,Y,2897780696,9.659268986666666
766,79,Y,2894987648,9.649958826666667
412,35,Y,2892219400,9.640731333333333
299,21,Y,2892140193,9.64046731
899,96,Y,2890127904,9.633759679999999
1014,110,Y,2888515016,9.628383386666666
190,7,Y,2887799269,9.625997563333332
633,63,Y,2887351008,9.62450336
864,92,Y,2885501792,9.618339306666666
1043,114,Y,2884497440,9.614991466666666
489,45,Y,2882503704,9.60834568
503,46,Y,2880250720,9.600835733333334
981,106,Y,2880010104,9.600033680000001
228,12,Y,2879065600,9.596885333333335
1021,111,Y,2875226288,9.584087626666667
514,48,Y,2874487216,9.581624053333334
537,51,Y,2872200752,9.574002506666666
350,27,Y,2871624800,9.572082666666667
643,64,Y,2871591046,9.571970153333334
357,28,Y,2869080256,9.563600853333334
25,72,N,2868191611,9.560638703333334
1039,113,Y,2867765640,9.5592188
838,88,Y,2867349544,9.557831813333333
563,54,Y,2867325584,9.557751946666666
1027,112,Y,2867192672,9.557308906666668
195,8,Y,2864736648,9.54912216
142,1,Y,2864158728,9.547195760000001
284,19,Y,2863597776,9.54532592
1009,110,Y,2862822480,9.5427416
132,0,Y,2860845776,9.536152586666667
833,88,Y,2855695296,9.51898432
902,96,Y,2854296320,9.514321066666668
82,8,N,2848004272,9.493347573333333
1088,120,Y,2847462840,9.4915428
188,7,Y,2846556640,9.488522133333333
473,43,Y,2846067304,9.486891013333333
377,31,Y,2842856312,9.476187706666666
559,53,Y,2841779872,9.472599573333333
1047,114,Y,2841428456,9.471428186666667
751,77,Y,2840255800,9.467519333333334
210,10,Y,2838878104,9.462927013333333
533,50,Y,2837844672,9.45948224
1134,125,Y,2831169072,9.43723024
612,60,Y,2830296896,9.434322986666666
836,88,Y,2829174752,9.430582506666667
575,55,Y,2827404680,9.424682266666666
527,49,Y,2826102928,9.420343093333333
186,7,Y,2825835656,9.419452186666668
123,101,N,2823928656,9.41309552
1036,113,Y,2820584640,9.4019488
896,96,Y,2820362032,9.401206773333334
263,16,Y,2818478088,9.39492696
933,100,Y,2818213432,9.394044773333334
618,61,Y,2816382400,9.387941333333332
262,16,Y,2814939424,9.383131413333333
1011,110,Y,2813022440,9.376741466666667
358,28,Y,2812758624,9.37586208
745,77,Y,2808125400,9.360418
574,55,Y,2807710840,9.359036133333333
413,35,Y,2805300944,9.351003146666667
361,29,Y,2797646376,9.32548792
470,42,Y,2797376592,9.32458864
1058,116,Y,2797248864,9.324162880000001
1035,113,Y,2796212144,9.320707146666667
553,53,Y,2795467936,9.318226453333335
642,64,Y,2789819656,9.299398853333333
529,50,Y,2787153792,9.29051264
205,9,Y,2786043600,9.286812
1061,116,Y,2781548528,9.271828426666668
958,103,Y,2781082544,9.270275146666666
607,59,Y,2780849216,9.269497386666666
1144,127,Y,2778207408,9.26069136
224,12,Y,2773789616,9.245965386666667
556,53,Y,2772007600,9.240025333333334
257,16,Y,2771911632,9.23970544
248,15,Y,2770820064,9.236066880000001
732,75,Y,2768674480,9.228914933333334
344,27,Y,2767824648,9.22608216
387,32,Y,2767130872,9.223769573333334
1145,127,Y,2759777120,9.199257066666666
471,42,Y,2758670405,9.195568016666666
217,11,Y,2758334424,9.19444808
613,60,Y,2756853268,9.189510893333333
906,97,Y,2754021472,9.180071573333333
799,83,Y,2750959457,9.169864856666667
476,43,Y,2750764032,9.16921344
635,63,Y,2750231528,9.167438426666667
759,78,Y,2749917536,9.166391786666667
418,36,Y,2749274264,9.164247546666667
1022,111,Y,2746276872,9.15425624
1057,116,Y,2743774104,9.14591368
640,64,Y,2743330728,9.14443576
1090,120,Y,2738057632,9.126858773333334
1007,109,Y,2736600112,9.122000373333334
832,88,Y,2735856061,9.119520203333334
192,8,Y,2731560440,9.105201466666667
687,69,Y,2731347328,9.104491093333333
764,79,Y,2729988098,9.099960326666668
351,27,Y,2728318816,9.094396053333334
846,89,Y,2728099792,9.093665973333334
765,79,Y,2726225528,9.087418426666668
408,35,Y,2725820560,9.086068533333332
1045,114,Y,2724836368,9.082787893333332
442,39,Y,2714204560,9.047348533333334
443,39,Y,2710205592,9.03401864
236,13,Y,2709602616,9.03200872
711,72,Y,2708079520,9.026931733333333
48,516,Y,2707918536,9.02639512
345,27,Y,2707202352,9.024007840000001
652,65,Y,2705495332,9.018317773333333
582,56,Y,2704538672,9.015128906666666
50,24,N,2701224896,9.004082986666667
1013,110,Y,2697935451,8.99311817
1030,112,Y,2694705984,8.98235328
241,14,Y,2691593432,8.971978106666667
441,39,Y,2689358947,8.964529823333333
495,45,Y,2688419845,8.961399483333334
650,65,Y,2687003120,8.956677066666668
386,32,Y,2686209144,8.95403048
1151,127,Y,2686060776,8.95353592
399,33,Y,2681844024,8.93948008
580,56,Y,2681673792,8.93891264
966,104,Y,2681228280,8.9374276
462,41,Y,2680587320,8.935291066666666
1106,122,Y,2680578248,8.935260826666665
937,101,Y,2680451632,8.934838773333334
727,74,Y,2677986720,8.926622400000001
985,107,Y,2676847368,8.92282456
813,85,Y,2676846888,8.92282296
501,46,Y,2676775848,8.92258616
133,0,Y,2675902256,8.919674186666667
211,10,Y,2674024932,8.913416439999999
446,39,Y,2673649496,8.912164986666667
632,63,Y,2673017944,8.910059813333334
634,63,Y,2672619880,8.908732933333335
961,104,Y,2672271216,8.90757072
1038,113,Y,2671298064,8.904326880000001
221,11,Y,2669645504,8.898818346666665
531,50,Y,2669444760,8.898149199999999
302,21,Y,2665022399,8.883407996666666
959,103,Y,2664090815,8.880302716666668
499,46,Y,2663509224,8.878364079999999
394,33,Y,2662944152,8.876480506666667
515,48,Y,2661582104,8.871940346666667
969,105,Y,2654847048,8.84949016
879,93,Y,2653372336,8.844574453333333
187,7,Y,2652583104,8.84194368
953,103,Y,2651931256,8.839770853333333
621,61,Y,2651856336,8.83952112
568,55,Y,2650870760,8.836235866666668
610,60,Y,2641545928,8.805153093333333
1149,127,Y,2640744112,8.802480373333333
993,108,Y,2637044232,8.79014744
651,65,Y,2636716976,8.789056586666668
772,80,Y,2635797392,8.785991306666666
309,22,Y,2634097408,8.780324693333332
253,15,Y,2633166312,8.777221039999999
1147,127,Y,2630771952,8.76923984
51,24,N,2628977600,8.763258666666667
685,69,Y,2628459544,8.761531813333333
767,79,Y,2627807164,8.759357213333335
2,35,N,2627170728,8.75723576
246,14,Y,2627005328,8.756684426666666
1146,127,Y,2626983192,8.75661064
198,8,Y,2624109136,8.747030453333334
962,104,Y,2624030672,8.746768906666667
484,44,Y,2622958048,8.743193493333333
300,21,Y,2622739496,8.742464986666667
648,65,Y,2621914304,8.739714346666666
674,68,Y,2618426352,8.72808784
433,38,Y,2613551456,8.711838186666666
342,26,Y,2613500928,8.71166976
747,77,Y,2611565064,8.70521688
233,13,Y,2610280960,8.700936533333334
726,74,Y,2609581200,8.698604
154,3,Y,2609306232,8.69768744
925,99,Y,2606283408,8.68761136
538,51,Y,2604762920,8.682543066666666
712,73,Y,2603320021,8.677733403333333
911,97,Y,2602970048,8.676566826666667
713,73,Y,2602794760,8.675982533333332
289,20,Y,2602704296,8.675680986666666
459,41,Y,2601145488,8.67048496
15,61,N,2600331680,8.667772266666667
894,95,Y,2598307760,8.661025866666666
586,57,Y,2595828552,8.65276184
463,41,Y,2594711072,8.649036906666668
1093,120,Y,2590038664,8.633462213333333
976,106,Y,2589380885,8.631269616666666
588,57,Y,2588719120,8.629063733333334
971,105,Y,2587871008,8.626236693333333
453,40,Y,2587192872,8.623976240000001
244,14,Y,2584376592,8.61458864
891,95,Y,2580922117,8.603073723333333
939,101,Y,2580308451,8.60102817
668,67,Y,2579725596,8.59908532
963,104,Y,2578494600,8.594982
715,73,Y,2577155504,8.590518346666668
382,31,Y,2575723987,8.585746623333334
603,59,Y,2575295896,8.584319653333333
447,39,Y,2574227547,8.58075849
604,59,Y,2571348848,8.571162826666667
750,77,Y,2570070656,8.566902186666667
817,86,Y,2569120096,8.563733653333333
756,78,Y,2567336808,8.55778936
599,58,Y,2566139160,8.5537972
508,47,Y,2565703696,8.552345653333333
1026,112,Y,2565233344,8.550777813333333
829,87,Y,2556664856,8.522216186666668
497,46,Y,2555895176,8.519650586666666
434,38,Y,2554968927,8.51656309
1017,111,Y,2554845344,8.516151146666667
889,95,Y,2553727080,8.5124236
449,40,Y,2553701624,8.512338746666668
594,58,Y,2549805984,8.49935328
256,16,Y,2549687376,8.49895792
693,70,Y,2549411624,8.498038746666667
858,91,Y,2544982096,8.483273653333333
1089,120,Y,2543983336,8.479944453333333
1095,120,Y,2543803712,8.479345706666667
430,37,Y,2543439960,8.4781332
940,101,Y,2542927712,8.476425706666667
901,96,Y,2541547640,8.471825466666667
513,48,Y,2540215160,8.467383866666667
385,32,Y,2539402360,8.464674533333334
938,101,Y,2539370880,8.4645696
645,64,Y,2536123432,8.453744773333334
822,86,Y,2535692960,8.452309866666667
876,93,Y,2529335064,8.431116880000001
245,14,Y,2528196784,8.427322613333335
576,56,Y,2527999584,8.42666528
1125,124,Y,2523871720,8.412905733333334
231,12,Y,2521054507,8.403515023333332
1062,116,Y,2520591352,8.401971173333333
395,33,Y,2520199112,8.400663706666666
444,39,Y,2519033312,8.396777706666667
1044,114,Y,2518940510,8.396468366666667
677,68,Y,2517125709,8.39041903
482,44,Y,2514955112,8.383183706666667
196,8,Y,2512074824,8.373582746666667
865,92,Y,2511810936,8.372703119999999
571,55,Y,2510608696,8.368695653333333
984,107,Y,2510568768,8.368562559999999
716,73,Y,2509716672,8.36572224
936,101,Y,2498441507,8.328138356666667
620,61,Y,2498248359,8.32749453
670,67,Y,2497667320,8.325557733333333
509,47,Y,2495957632,8.319858773333333
1150,127,Y,2495494832,8.318316106666666
8,51,N,2495021728,8.316739093333334
425,37,Y,2489017440,8.2967248
641,64,Y,2486648728,8.288829093333334
714,73,Y,2484677343,8.28225781
519,48,Y,2481338480,8.271128266666667
522,49,Y,2477539704,8.25846568
649,65,Y,2476540480,8.255134933333332
409,35,Y,2476031231,8.253437436666665
293,20,Y,2475416144,8.251387146666666
895,95,Y,2473127446,8.243758153333333
752,78,Y,2469234512,8.230781706666667
139,1,Y,2468216096,8.227386986666668
811,85,Y,2464086384,8.21362128
297,21,Y,2462009280,8.2066976
916,98,Y,2461897808,8.206326026666666
601,59,Y,2460642456,8.20214152
725,74,Y,2460544712,8.201815706666666
440,39,Y,2458698328,8.195661093333333
536,51,Y,2457197360,8.190657866666665
680,69,Y,2455956390,8.1865213
260,16,Y,2455608416,8.185361386666665
989,107,Y,2454941280,8.1831376
605,59,Y,2454900784,8.183002613333333
137,1,Y,2454876574,8.182921913333335
570,55,Y,2454032960,8.180109866666667
487,44,Y,2451932848,8.173109493333333
510,47,Y,2450336192,8.167787306666668
193,8,Y,2449087000,8.163623333333334
735,75,Y,2443687432,8.145624773333333
311,22,Y,2437739088,8.125796959999999
913,98,Y,2435384521,8.117948403333333
837,88,Y,2433940936,8.113136453333333
964,104,Y,2433682120,8.112273733333334
525,49,Y,2432275096,8.107583653333334
988,107,Y,2431467184,8.104890613333334
870,92,Y,2428723307,8.095744356666666
349,27,Y,2427991629,8.093305430000001
644,64,Y,2426862336,8.08954112
404,34,Y,2426048272,8.086827573333332
617,61,Y,2424894168,8.08298056
616,61,Y,2423932920,8.0797764
928,100,Y,2422769536,8.075898453333332
682,69,Y,2422144648,8.073815493333333
667,67,Y,2419191024,8.06397008
552,53,Y,2415532880,8.051776266666668
869,92,Y,2411820504,8.03940168
526,49,Y,2410984657,8.036615523333333
1056,116,Y,2409236328,8.030787759999999
507,47,Y,2408618279,8.028727596666666
738,76,Y,2408266296,8.02755432
943,101,Y,2406251520,8.020838399999999
254,15,Y,2404690768,8.015635893333334
898,96,Y,2401885073,8.006283576666668
686,69,Y,2397697080,7.9923236
239,13,Y,2396307200,7.9876906666666665
258,16,Y,2394955051,7.983183503333334
528,50,Y,2391490576,7.971635253333334
554,53,Y,2390627944,7.968759813333333
158,3,Y,2390566397,7.968554656666667
722,74,Y,2390537760,7.9684592
206,9,Y,2390260392,7.96753464
665,67,Y,2389750136,7.965833786666667
294,20,Y,2389384880,7.964616266666667
243,14,Y,2383556616,7.94518872
890,95,Y,2383524182,7.945080606666667
760,79,Y,2383014000,7.943379999999999
1104,122,Y,2382924408,7.94308136
671,67,Y,2381868776,7.939562586666667
820,86,Y,2379622208,7.932074026666666
396,33,Y,2378885830,7.929619433333333
874,93,Y,2376564040,7.9218801333333335
424,37,Y,2375954592,7.9198486400000006
1094,120,Y,2364574208,7.881914026666667
577,56,Y,2364237918,7.88079306
320,24,Y,2363731288,7.8791042933333335
780,81,Y,2361326912,7.871089706666666
483,44,Y,2358345352,7.861151173333333
773,80,Y,2357703304,7.859011013333333
1032,113,Y,2357640792,7.8588026399999995
432,38,Y,2357126272,7.857087573333334
823,86,Y,2354172464,7.847241546666667
496,46,Y,2352404784,7.84134928
534,50,Y,2352096551,7.840321836666667
717,73,Y,2349762328,7.832541093333334
339,26,Y,2349306096,7.8310203199999995
592,58,Y,2347208736,7.8240291200000005
402,34,Y,2342689496,7.808964986666666
445,39,Y,2340594752,7.8019825066666675
128,0,Y,2335947016,7.786490053333334
761,79,Y,2330954816,7.7698493866666665
492,45,Y,2325657849,7.75219283
1028,112,Y,2324693231,7.748977436666666
415,35,Y,2318618824,7.728729413333333
474,43,Y,2316036568,7.720121893333333
200,9,Y,2312198504,7.707328346666667
378,31,Y,2312026584,7.706755279999999
679,68,Y,2310778456,7.702594853333333
815,85,Y,2305309200,7.684364
255,15,Y,2299293600,7.664312
491,45,Y,2298459100,7.661530333333333
724,74,Y,2297630992,7.658769973333333
593,58,Y,2297294075,7.657646916666666
461,41,Y,2292067216,7.640224053333333
734,75,Y,2290775064,7.63591688
830,87,Y,2290538720,7.635129066666667
59,51,N,2290020840,7.6334028
809,85,Y,2289660192,7.632200640000001
905,97,Y,2284495656,7.61498552
485,44,Y,2280322668,7.601075559999999
475,43,Y,2279173608,7.5972453600000005
863,91,Y,2273719160,7.579063866666666
778,81,Y,2273353944,7.57784648
653,65,Y,2271789192,7.57263064
763,79,Y,2270284760,7.567615866666667
733,75,Y,2268241152,7.560803839999999
719,73,Y,2267602584,7.55867528
557,53,Y,2266598032,7.555326773333333
555,53,Y,2264337144,7.54779048
569,55,Y,2262301768,7.541005893333333
637,63,Y,2262068456,7.540228186666667
777,81,Y,2258022735,7.5267424499999995
1060,116,Y,2255511000,7.518370000000001
287,19,Y,2255391560,7.5179718666666675
456,41,Y,2255367688,7.517892293333333
782,81,Y,2255182200,7.5172740000000005
826,87,Y,2254589944,7.515299813333333
875,93,Y,2252923000,7.509743333333334
1109,122,Y,2251381018,7.504603393333334
403,34,Y,2251052000,7.5035066666666665
325,24,Y,2245100728,7.483669093333334
502,46,Y,2235607120,7.452023733333333
695,70,Y,2231871904,7.439573013333334
542,51,Y,2230859600,7.436198666666667
17,20,N,2228835616,7.429452053333334
407,34,Y,2222878488,7.409594960000001
707,72,Y,2222625408,7.40875136
742,76,Y,2218711256,7.395704186666667
460,41,Y,2216967104,7.389890346666666
479,43,Y,2214923176,7.383077253333334
598,58,Y,2214564456,7.38188152
512,48,Y,2212019624,7.373398746666666
202,9,Y,2210289952,7.367633173333334
493,45,Y,2209079424,7.36359808
814,85,Y,2202360152,7.341200506666666
280,19,Y,2198949904,7.329833013333334
541,51,Y,2194890616,7.316302053333333
296,21,Y,2191187912,7.303959706666667
523,49,Y,2190477296,7.3015909866666675
581,56,Y,2188145992,7.293819973333333
893,95,Y,2187179448,7.29059816
915,98,Y,2173322144,7.244407146666666
295,20,Y,2166304608,7.221015359999999
892,95,Y,2166194888,7.220649626666667
757,78,Y,2165243792,7.217479306666667
917,98,Y,2164933768,7.216445893333333
638,63,Y,2164593637,7.215312123333334
500,46,Y,2158185744,7.19395248
88,37,N,2148341219,7.161137396666667
779,81,Y,2148256400,7.160854666666666
960,104,Y,2147179232,7.157264106666666
438,38,Y,2145261040,7.150870133333333
480,44,Y,2145125544,7.15041848
681,69,Y,2143110968,7.143703226666667
113,70,N,2139444240,7.131480799999999
579,56,Y,2135574432,7.118581440000001
1105,122,Y,2127083607,7.09027869
547,52,Y,2124679024,7.082263413333334
827,87,Y,2122728840,7.075762800000001
327,24,Y,2114663339,7.048877796666667
225,12,Y,2110015679,7.033385596666666
692,70,Y,2109168112,7.0305603733333335
540,51,Y,2108278392,7.027594639999999
825,87,Y,2106881696,7.022938986666667
426,37,Y,2106002392,7.020007973333334
583,56,Y,2105081888,7.016939626666667
721,74,Y,2094712520,6.982375066666667
629,62,Y,2089653552,6.96551184
729,75,Y,2083771933,6.945906443333333
381,31,Y,2083506488,6.945021626666667
281,19,Y,2083231240,6.944104133333333
488,45,Y,2080717248,6.9357241599999995
755,78,Y,2079088936,6.930296453333333
282,19,Y,2072772400,6.909241333333334
688,70,Y,2071103961,6.9036798699999995
406,34,Y,2069753848,6.8991794933333335
401,34,Y,2068114376,6.8937145866666665
1107,122,Y,2067911279,6.893037596666667
159,3,Y,2067314056,6.891046853333334
624,62,Y,2064687576,6.88229192
941,101,Y,2062844280,6.8761476
967,104,Y,2054672864,6.8489095466666665
585,57,Y,2053476040,6.844920133333334
405,34,Y,2052534742,6.841782473333333
866,92,Y,2050784312,6.835947706666666
323,24,Y,2048660801,6.828869336666667
326,24,Y,2046696312,6.822321039999999
626,62,Y,2043433312,6.811444373333334
991,107,Y,2043134248,6.810447493333334
230,12,Y,2036444608,6.7881486933333335
1108,122,Y,2035242360,6.7841412000000005
383,31,Y,2032286736,6.774289120000001
630,62,Y,2024489104,6.7482970133333335
477,43,Y,2017589240,6.725297466666667
743,76,Y,2000824184,6.669413946666666
548,52,Y,2000075632,6.666918773333333
723,74,Y,1995884344,6.652947813333333
783,81,Y,1989602224,6.6320074133333335
918,98,Y,1987630696,6.625435653333334
543,51,Y,1976923216,6.589744053333334
669,67,Y,1971917592,6.57305864
347,27,Y,1970729824,6.569099413333333
539,51,Y,1965631072,6.552103573333333
737,76,Y,1962386688,6.541288959999999
909,97,Y,1959728656,6.532428853333333
324,24,Y,1956496984,6.521656613333334
739,76,Y,1952973728,6.509912426666667
321,24,Y,1948212128,6.4940404266666665
481,44,Y,1944920536,6.483068453333334
741,76,Y,1939175368,6.463917893333333
400,34,Y,1924199856,6.413999519999999
914,98,Y,1920339359,6.401131196666666
226,12,Y,1906793800,6.355979333333334
436,38,Y,1905708032,6.3523601066666675
828,87,Y,1881320456,6.2710681866666675
884,94,Y,1880377608,6.26792536
437,38,Y,1864805200,6.216017333333333
942,101,Y,1863279848,6.210932826666666
740,76,Y,1859163056,6.197210186666666
431,37,Y,1850048192,6.166827306666667
730,75,Y,1845719272,6.152397573333333
655,65,Y,1843271920,6.144239733333333
710,72,Y,1836655816,6.122186053333333
322,24,Y,1835743480,6.119144933333334
427,37,Y,1830880960,6.102936533333334
736,76,Y,1829548120,6.098493733333334
720,74,Y,1828357264,6.094524213333333
731,75,Y,1816228536,6.0540951199999995
708,72,Y,1815352192,6.051173973333333
292,20,Y,1809138464,6.030461546666667
429,37,Y,1806188824,6.020629413333333
631,62,Y,1805425136,6.018083786666667
288,20,Y,1803380304,6.0112676800000004
411,35,Y,1803371840,6.011239466666667
107,70,N,1798989440,5.996631466666667
831,87,Y,1792879752,5.97626584
486,44,Y,1788721120,5.962403733333333
472,43,Y,1784755832,5.949186106666667
435,38,Y,1778216496,5.92738832
546,52,Y,1765264248,5.88421416
428,37,Y,1764029595,5.88009865
888,95,Y,1755855848,5.852852826666666
824,87,Y,1751996360,5.839987866666667
623,61,Y,1749081272,5.830270906666667
622,61,Y,1747921224,5.82640408
291,20,Y,1736672016,5.78890672
628,62,Y,1736329608,5.78776536
706,72,Y,1721634208,5.738780693333333
544,52,Y,1710361904,5.701206346666667
912,98,Y,1703185600,5.677285333333333
781,81,Y,1702681472,5.675604906666667
664,67,Y,1681052600,5.6035086666666665
666,67,Y,1658504912,5.528349706666667
689,70,Y,1637830544,5.459435146666667
439,38,Y,1627611496,5.425371653333333
290,20,Y,1626092280,5.4203076
545,52,Y,1624077792,5.41359264
379,31,Y,1616696288,5.388987626666666
125,51,N,1600181062,5.333936873333334
705,72,Y,1583261768,5.277539226666667
627,62,Y,1575321968,5.251073226666667
694,70,Y,1550616634,5.168722113333334
478,43,Y,1549247936,5.164159786666667
886,94,Y,1544161512,5.147205039999999
691,70,Y,1542712624,5.142375413333333
704,72,Y,1532337408,5.107791359999999
883,94,Y,1518436504,5.061455013333333
881,94,Y,1469537610,4.8984587
709,72,Y,1443688864,4.812296213333333
776,81,Y,1436560488,4.78853496
30,368,Y,1413782752,4.712609173333333
882,94,Y,1368479408,4.561598026666667
549,52,Y,1368114544,4.560381813333334
690,70,Y,1355177080,4.517256933333334
887,94,Y,1354494816,4.51498272
1110,122,Y,1289442504,4.29814168
625,62,Y,1273556664,4.24518888
30,372,Y,1215680840,4.052269466666666
550,52,Y,1185590144,3.951967146666667
30,375,Y,1133359784,3.777865946666667
63,636,Y,1101379327,3.6712644233333336
885,94,Y,1067688280,3.5589609333333336
101,936,Y,1050770968,3.5025698933333334
880,94,Y,1037710240,3.4590341333333336
551,52,Y,1007719200,3.3590639999999996
30,374,Y,968697600,3.228992
30,371,Y,967876216,3.2262540533333337
88,835,Y,966853360,3.2228445333333333
109,1006,Y,951573536,3.1719117866666666
85,810,Y,941276032,3.137586773333333
3,157,Y,902805944,3.0093531466666668
84,807,Y,902795072,3.0093169066666667
30,370,Y,896328992,2.9877633066666665
122,1111,Y,843187696,2.810625653333333
124,1124,Y,818370624,2.7279020800000002
50,533,Y,815320648,2.7177354933333335
22,310,Y,798819329,2.6627310966666666
12,230,Y,796355184,2.65451728
96,896,Y,793027016,2.6434233866666665
37,428,Y,782826600,2.6094220000000004
6,182,Y,777683248,2.5922774933333335
64,642,Y,756309176,2.521030586666667
109,1001,Y,749584896,2.49861632
1,142,Y,736802224,2.4560074133333334
73,717,Y,724011800,2.4133726666666666
30,373,Y,719408048,2.398026826666667
27,350,Y,696341328,2.32113776
64,641,Y,693769392,2.31256464
111,1021,Y,693073424,2.3102447466666667
37,430,Y,692780456,2.3092681866666664
64,645,Y,670183744,2.2339458133333334
39,441,Y,669055720,2.2301857333333333
60,613,Y,658069328,2.1935644266666667
118,1078,Y,656504968,2.188349893333333
28,354,Y,651489136,2.1716304533333335
44,484,Y,651085848,2.1702861600000003
28,356,Y,648574080,2.1619136
109,1005,Y,645561856,2.1518728533333333
88,834,Y,645443128,2.1514770933333334
50,529,Y,643465216,2.144884053333333
2,148,Y,643355432,2.1445181066666668
50,531,Y,634749248,2.1158308266666666
104,962,Y,634232952,2.11410984
22,308,Y,630916088,2.1030536266666666
14,242,Y,630088120,2.1002937333333334
30,369,Y,626570792,2.0885693066666664
26,337,Y,617341232,2.0578041066666666
67,669,Y,592786072,1.9759535733333333
63,632,Y,585776712,1.9525890399999999
22,306,Y,581042080,1.9368069333333335
107,987,Y,571244072,1.9041469066666667
72,706,Y,571166872,1.9038895733333332
32,386,Y,569773944,1.8992464800000002
91,863,Y,566251688,1.8875056266666665
61,616,Y,562241816,1.8741393866666667
101,940,Y,551747792,1.8391593066666667
23,318,Y,549704832,1.8323494400000002
61,617,Y,547575200,1.8252506666666668
21,303,Y,540371560,1.8012385333333332
84,802,Y,540107792,1.8003593066666668
27,349,Y,534627280,1.7820909333333332
23,312,Y,531936552,1.77312184
84,800,Y,529313992,1.7643799733333334
26,336,Y,526962288,1.7565409600000002
27,348,Y,523614296,1.7453809866666665
23,316,Y,523317968,1.7443932266666666
36,419,Y,520538344,1.7351278133333332
78,756,Y,518861866,1.7295395533333333
92,867,Y,512970184,1.7099006133333334
23,314,Y,512965312,1.7098843733333333
43,476,Y,511450840,1.7048361333333335
43,478,Y,510222080,1.7007402666666667
78,754,Y,509491416,1.69830472
46,500,Y,509116096,1.6970536533333334
77,750,Y,508021392,1.69340464
73,712,Y,507175112,1.6905837066666665
6,181,Y,505986016,1.6866200533333333
23,319,Y,504136464,1.6804548799999999
6,180,Y,500350976,1.6678365866666667
114,1045,Y,497516192,1.6583873066666668
47,506,Y,491324792,1.6377493066666666
60,610,Y,491032936,1.6367764533333333
39,447,Y,487307960,1.6243598666666668
82,788,Y,482829432,1.60943144
22,307,Y,480370120,1.6012337333333335
56,582,Y,479669320,1.5988977333333334
103,956,Y,479266392,1.5975546399999998
75,733,Y,477886032,1.59295344
40,455,Y,476096088,1.58698696
93,873,Y,470874480,1.5695816000000002
78,759,Y,470574352,1.5685811733333332
123,1119,Y,470468016,1.56822672
54,565,Y,468656144,1.5621871466666666
6,183,Y,466909424,1.5563647466666668
6,178,Y,465121504,1.5504050133333334
53,556,Y,461532424,1.5384414133333333
20,295,Y,459922384,1.5330746133333333
9,200,Y,459431248,1.5314374933333332
44,487,Y,450604024,1.5020134133333334
3,158,Y,449208344,1.4973611466666668
59,600,Y,447803568,1.49267856
72,708,Y,442420736,1.4747357866666666
113,1036,Y,438246088,1.4608202933333334
56,576,Y,438213456,1.46071152
51,539,Y,433891864,1.4463062133333333
95,891,Y,433828960,1.4460965333333333
81,778,Y,433797176,1.4459905866666667
69,682,Y,432687136,1.4422904533333332
88,836,Y,432134544,1.4404484800000001
16,262,Y,430731808,1.4357726933333335
64,643,Y,429642160,1.4321405333333335
85,812,Y,426720144,1.42240048
116,1059,Y,422150304,1.40716768
80,769,Y,420767272,1.4025575733333333
6,177,Y,419297560,1.3976585333333333
96,900,Y,417714408,1.39238136
111,1016,Y,416241184,1.3874706133333332
112,1031,Y,413124656,1.3770821866666667
101,943,Y,410631448,1.3687714933333333
70,693,Y,409068128,1.3635604266666668
3,153,Y,407590312,1.3586343733333335
1,141,Y,407037328,1.3567910933333334
23,315,Y,405592928,1.3519764266666667
116,1056,Y,404914416,1.34971472
25,329,Y,403718904,1.34572968
92,866,Y,401657720,1.3388590666666667
93,872,Y,401276120,1.3375870666666667
98,913,Y,398521336,1.3284044533333335
63,639,Y,398515360,1.3283845333333333
50,528,Y,395771288,1.3192376266666668
63,633,Y,393640384,1.3121346133333334
41,462,Y,393042376,1.3101412533333334
96,903,Y,392594864,1.3086495466666668
76,739,Y,389258040,1.2975268
56,578,Y,389231536,1.2974384533333332
115,1050,Y,389005624,1.2966854133333334
78,752,Y,388077528,1.29359176
9,207,Y,387417784,1.2913926133333333
32,389,Y,387390992,1.2913033066666666
7,191,Y,386928216,1.2897607199999999
11,223,Y,383980456,1.2799348533333332
116,1057,Y,382120456,1.2737348533333333
94,886,Y,382110656,1.2737021866666667
101,941,Y,382068984,1.27356328
53,559,Y,381316928,1.2710564266666666
6,176,Y,381312576,1.27104192
25,334,Y,380455080,1.2681836
16,257,Y,380381640,1.2679388
51,538,Y,379918952,1.2663965066666667
97,910,Y,379337040,1.2644568
33,396,Y,379305448,1.2643514933333333
70,690,Y,378903776,1.2630125866666666
43,475,Y,377229848,1.2574328266666668
50,534,Y,375577680,1.2519255999999999
23,317,Y,374076840,1.2469228
56,577,Y,371148856,1.2371628533333334
96,902,Y,370184512,1.2339483733333334
24,325,Y,368002968,1.22667656
69,683,Y,367814832,1.22604944
53,555,Y,367813696,1.2260456533333333
106,983,Y,367484896,1.2249496533333333
96,897,Y,367385744,1.2246191466666667
50,532,Y,366858208,1.2228606933333335
8,199,Y,366444872,1.2214829066666666
8,195,Y,366158304,1.22052768
80,771,Y,365659688,1.2188656266666666
101,938,Y,365151144,1.21717048
122,1108,Y,365014592,1.2167153066666667
25,328,Y,364111168,1.2137038933333333
78,757,Y,363856152,1.21285384
116,1061,Y,363500392,1.2116679733333333
84,801,Y,362239848,1.20746616
65,650,Y,361813056,1.2060435200000001
84,805,Y,361540304,1.2051343466666666
44,483,Y,361507568,1.2050252266666668
35,408,Y,361450464,1.2048348800000002
45,490,Y,360266512,1.2008883733333333
25,330,Y,360158560,1.2005285333333333
75,734,Y,359499360,1.1983312
48,518,Y,358991888,1.1966396266666668
40,454,Y,358603912,1.1953463733333332
64,646,Y,358559168,1.1951972266666666
41,461,Y,358055112,1.1935170400000001
24,321,Y,356973368,1.1899112266666667
25,331,Y,356640720,1.1888024000000001
16,258,Y,356259040,1.1875301333333332
125,1131,Y,355363520,1.1845450666666666
98,917,Y,354037416,1.18012472
78,758,Y,353362472,1.1778749066666667
24,320,Y,353326784,1.1777559466666667
115,1052,Y,351671384,1.1722379466666666
84,804,Y,351552352,1.1718411733333334
20,291,Y,351417960,1.1713932
99,926,Y,351303936,1.17101312
41,457,Y,351175936,1.1705864533333334
100,928,Y,350076872,1.1669229066666666
127,1148,Y,349848296,1.1661609866666667
78,755,Y,348547168,1.1618238933333334
23,313,Y,348543168,1.16181056
74,722,Y,348371832,1.16123944
25,332,Y,347782304,1.1592743466666666
93,879,Y,347458176,1.15819392
25,335,Y,347350200,1.157834
32,390,Y,347129952,1.1570998399999999
39,445,Y,347017520,1.1567250666666666
127,1146,Y,346195208,1.1539840266666668
86,819,Y,346167064,1.1538902133333333
96,899,Y,346118568,1.15372856
72,709,Y,345600424,1.1520014133333332
39,444,Y,345583743,1.15194581
38,433,Y,344253976,1.1475132533333332
67,668,Y,342626624,1.1420887466666667
9,206,Y,342183744,1.1406124800000002
88,839,Y,341957304,1.13985768
40,452,Y,340718800,1.1357293333333334
106,981,Y,340623984,1.1354132799999999
106,977,Y,340459480,1.1348649333333334
95,893,Y,338895832,1.1296527733333335
27,347,Y,338204616,1.1273487199999999
36,423,Y,337898256,1.12632752
93,874,Y,337190280,1.1239676
1,137,Y,336789536,1.1226317866666666
33,394,Y,335926920,1.1197564
116,1058,Y,335882640,1.1196088
83,793,Y,335871608,1.1195720266666667
33,393,Y,335257096,1.1175236533333335
81,780,Y,334959704,1.1165323466666666
88,838,Y,334021704,1.11340568
104,964,Y,333752752,1.1125091733333334
62,624,Y,333664640,1.1122154666666666
93,878,Y,332115704,1.1070523466666666
71,702,Y,331708128,1.10569376
43,477,Y,331465288,1.1048842933333334
43,479,Y,331463744,1.1048791466666665
69,680,Y,331423280,1.1047442666666667
47,510,Y,330500848,1.1016694933333333
120,1090,Y,330234528,1.10078176
33,392,Y,329951952,1.09983984
48,512,Y,329759016,1.09919672
103,959,Y,329591760,1.0986392
117,1070,Y,328244144,1.0941471466666666
63,634,Y,328112192,1.0937073066666667
31,376,Y,327928984,1.0930966133333333
95,889,Y,327385784,1.0912859466666667
34,401,Y,327129168,1.0904305600000002
3,152,Y,326762992,1.0892099733333334
59,602,Y,325971968,1.0865732266666668
56,580,Y,325707760,1.0856925333333334
109,1007,Y,325509160,1.0850305333333332
111,1018,Y,325167944,1.0838931466666666
81,779,Y,324623496,1.08207832
45,495,Y,324378784,1.0812626133333332
44,481,Y,324080088,1.08026696
9,202,Y,323580192,1.0786006399999999
108,998,Y,322919192,1.0763973066666666
80,774,Y,322666248,1.07555416
67,664,Y,322619240,1.0753974666666668
7,188,Y,322569568,1.0752318933333334
56,581,Y,322526344,1.0750878133333335
53,554,Y,322350088,1.0745002933333332
74,723,Y,321738480,1.0724616
6,179,Y,321704976,1.07234992
3,154,Y,321513024,1.0717100800000001
127,1151,Y,319084280,1.0636142666666668
34,403,Y,319053272,1.0635109066666668
73,713,Y,319000448,1.0633348266666667
77,751,Y,318999056,1.0633301866666667
92,870,Y,318909344,1.0630311466666666
1,140,Y,318683272,1.0622775733333332
104,963,Y,318311280,1.0610376
39,440,Y,318088440,1.0602947999999999
74,720,Y,317433232,1.0581107733333333
56,583,Y,316529624,1.0550987466666666
16,261,Y,316326536,1.0544217866666667
44,485,Y,315907672,1.0530255733333334
104,961,Y,315595680,1.0519855999999999
13,239,Y,315021176,1.0500705866666666
66,662,Y,314595224,1.0486507466666666
51,541,Y,314552360,1.0485078666666667
122,1109,Y,314307904,1.0476930133333333
46,497,Y,313295904,1.04431968
97,911,Y,312113728,1.0403790933333334
50,530,Y,311603472,1.03867824
24,326,Y,311016816,1.03672272
69,684,Y,310991800,1.0366393333333332
62,629,Y,308785848,1.02928616
33,399,Y,308561040,1.0285368
64,647,Y,308504928,1.02834976
70,691,Y,307340632,1.0244687733333333
48,515,Y,307331480,1.0244382666666667
32,387,Y,306718576,1.0223952533333334
104,965,Y,306124344,1.0204144800000001
20,293,Y,305617376,1.0187245866666665
22,305,Y,304263464,1.0142115466666668
43,474,Y,304113048,1.01371016
21,301,Y,303845272,1.0128175733333333
59,605,Y,303680880,1.0122696
13,233,Y,302973080,1.0099102666666666
59,606,Y,302562080,1.0085402666666667
67,667,Y,302048584,1.0068286133333333
85,814,Y,301905480,1.0063516
27,344,Y,301524296,1.0050809866666666
16,259,Y,301046864,1.0034895466666667
98,919,Y,299486376,0.9982879199999999
124,1123,Y,299423352,0.9980778399999999
94,880,Y,298953456,0.9965115199999999
55,574,Y,298539824,0.9951327466666666
124,1121,Y,298462512,0.9948750399999999
72,705,Y,297675984,0.99225328
69,681,Y,297510520,0.9917017333333333
120,1091,Y,296937312,0.98979104
83,794,Y,296624440,0.9887481333333333
53,553,Y,296595728,0.9886524266666666
85,808,Y,296543832,0.9884794400000001
97,906,Y,296042968,0.9868098933333334
75,731,Y,295982024,0.9866067466666666
63,635,Y,295963808,0.9865460266666668
37,427,Y,295855152,0.9861838399999999
34,405,Y,295777472,0.9859249066666668
112,1028,Y,295627632,0.98542544
101,937,Y,294700128,0.9823337600000001
81,782,Y,294679512,0.98226504
41,456,Y,294397952,0.9813265066666667
94,881,Y,294343640,0.9811454666666667
43,473,Y,294181088,0.9806036266666667
7,186,Y,293923912,0.9797463733333333
27,351,Y,293896016,0.9796533866666667
21,300,Y,293637392,0.9787913066666667
37,431,Y,293589936,0.97863312
48,514,Y,293439936,0.97813312
58,594,Y,293316192,0.97772064
7,190,Y,292412328,0.9747077599999999
94,884,Y,292278640,0.9742621333333333
59,603,Y,292258472,0.9741949066666666
86,818,Y,292086184,0.9736206133333333
57,584,Y,291544816,0.9718160533333334
61,623,Y,291458600,0.9715286666666666
61,622,Y,291011624,0.9700387466666667
96,898,Y,290738528,0.9691284266666665
72,711,Y,290700872,0.9690029066666667
117,1067,Y,290483768,0.9682792266666667
38,438,Y,290418200,0.9680606666666666
19,286,Y,290369616,0.9678987199999999
32,388,Y,290251936,0.9675064533333333
38,434,Y,289776096,0.96592032
87,824,Y,289690984,0.9656366133333334
81,783,Y,289195648,0.9639854933333334
31,381,Y,288955920,0.9631864
67,671,Y,288908272,0.9630275733333334
50,535,Y,287783432,0.9592781066666667
38,435,Y,287748120,0.9591604
57,588,Y,287647920,0.9588264000000001
61,618,Y,287466808,0.9582226933333333
115,1048,Y,287163328,0.9572110933333332
101,939,Y,287136320,0.9571210666666666
97,908,Y,286703552,0.9556785066666666
76,738,Y,286699880,0.9556662666666667
73,716,Y,286197184,0.9539906133333333
46,498,Y,285991728,0.95330576
69,686,Y,285174104,0.9505803466666667
70,694,Y,285106768,0.9503558933333333
31,377,Y,283792640,0.9459754666666667
84,803,Y,283538912,0.9451297066666666
100,930,Y,283432560,0.9447752
120,1095,Y,283280720,0.9442690666666667
115,1054,Y,283015368,0.94338456
108,996,Y,282736288,0.9424542933333333
83,799,Y,282154256,0.9405141866666666
99,927,Y,282111272,0.9403709066666667
97,909,Y,281921672,0.9397389066666666
45,489,Y,281085608,0.9369520266666667
113,1035,Y,281081824,0.9369394133333333
32,384,Y,280886160,0.9362872
106,980,Y,280877240,0.9362574666666666
41,460,Y,280871944,0.9362398133333333
87,828,Y,280808480,0.9360282666666667
28,355,Y,280665112,0.9355503733333332
109,1000,Y,280465024,0.9348834133333332
13,237,Y,280307016,0.93435672
80,770,Y,280113040,0.9337101333333333
52,547,Y,279901272,0.93300424
86,816,Y,279800912,0.9326697066666667
95,892,Y,279189904,0.9306330133333334
122,1105,Y,279138760,0.9304625333333334
118,1072,Y,279069424,0.9302314133333333
113,1032,Y,279064312,0.9302143733333333
89,844,Y,278771120,0.9292370666666667
120,1092,Y,278539216,0.9284640533333333
75,730,Y,278410896,0.92803632
72,707,Y,277915208,0.9263840266666666
57,590,Y,277877096,0.9262569866666668
27,346,Y,277307576,0.9243585866666666
104,960,Y,277293184,0.9243106133333333
86,822,Y,276622704,0.9220756800000001
118,1079,Y,276513248,0.9217108266666666
80,768,Y,276085608,0.9202853599999999
74,725,Y,275657336,0.9188577866666667
47,504,Y,275026205,0.9167540166666667
13,235,Y,274737456,0.91579152
26,343,Y,274535584,0.9151186133333332
116,1060,Y,274016696,0.9133889866666667
59,607,Y,273877128,0.91292376
13,236,Y,273870632,0.9129021066666666
76,736,Y,273515912,0.9117197066666668
24,323,Y,273240032,0.9108001066666667
31,382,Y,272961744,0.90987248
62,630,Y,272558696,0.9085289866666667
1,139,Y,272254032,0.90751344
31,380,Y,272158720,0.9071957333333334
41,459,Y,271833416,0.9061113866666667
124,1125,Y,271781552,0.9059385066666666
106,976,Y,271152840,0.9038428
63,637,Y,270826736,0.9027557866666666
97,904,Y,269732480,0.8991082666666668
42,469,Y,268957032,0.89652344
100,929,Y,268637520,0.8954584
62,628,Y,268343784,0.89447928
86,817,Y,268286440,0.8942881333333332
117,1071,Y,267974808,0.8932493600000001
117,1064,Y,267769632,0.89256544
0,130,Y,267535304,0.8917843466666667
80,775,Y,267144504,0.8904816799999999
43,472,Y,266926368,0.8897545600000001
3,155,Y,266802144,0.8893404800000001
79,764,Y,266681368,0.8889378933333334
61,620,Y,266255560,0.8875185333333334
74,721,Y,266014328,0.8867144266666667
3,156,Y,265606144,0.8853538133333333
37,429,Y,265114504,0.8837150133333335
89,845,Y,264856352,0.8828545066666668
15,249,Y,264835040,0.8827834666666666
19,281,Y,264244520,0.8808150666666668
57,589,Y,264051984,0.88017328
118,1073,Y,263877880,0.8795929333333334
29,365,Y,263742456,0.8791415199999999
75,728,Y,263007952,0.8766931733333334
73,719,Y,262996192,0.8766539733333334
44,482,Y,262958984,0.8765299466666666
83,792,Y,262686088,0.8756202933333334
113,1033,Y,262559930,0.8751997666666668
28,352,Y,262443472,0.8748115733333334
95,890,Y,262332035,0.8744401166666668
109,1002,Y,261729136,0.8724304533333332
11,222,Y,261410720,0.8713690666666666
77,744,Y,261363288,0.87121096
115,1051,Y,261104480,0.8703482666666666
66,660,Y,261074472,0.8702482399999999
14,247,Y,261044640,0.8701488000000001
34,404,Y,260920544,0.8697351466666666
85,813,Y,260614680,0.8687155999999999
61,621,Y,260564400,0.8685480000000001
65,654,Y,260460176,0.8682005866666667
92,865,Y,260360976,0.8678699200000001
92,864,Y,259932568,0.8664418933333332
57,587,Y,259620216,0.8654007199999999
26,339,Y,259404024,0.86468008
40,451,Y,258872416,0.8629080533333333
72,710,Y,258701592,0.86233864
79,767,Y,258654496,0.8621816533333333
2,144,Y,258339376,0.8611312533333334
111,1019,Y,258273824,0.8609127466666666
95,888,Y,257420712,0.8580690400000001
107,988,Y,257074248,0.85691416
91,856,Y,256791144,0.85597048
58,595,Y,256479432,0.8549314400000001
75,729,Y,256375288,0.8545842933333334
117,1065,Y,256322160,0.8544072
17,266,Y,255141552,0.85047184
53,557,Y,255018928,0.8500630933333333
54,564,Y,254885880,0.8496195999999999
112,1029,Y,254738104,0.8491270133333333
19,284,Y,254723288,0.8490776266666666
61,619,Y,254633312,0.8487777066666667
46,503,Y,254174954,0.8472498466666667
105,968,Y,253758496,0.8458616533333333
91,860,Y,253470104,0.8449003466666667
24,327,Y,253243432,0.8441447733333333
19,280,Y,253095520,0.8436517333333334
48,513,Y,252975752,0.8432525066666666
107,986,Y,252688288,0.8422942933333334
94,883,Y,252597008,0.8419900266666667
100,934,Y,252188960,0.8406298666666666
46,502,Y,251931000,0.8397699999999999
41,463,Y,251572656,0.8385755199999999
91,858,Y,251318848,0.8377294933333332
92,871,Y,250209184,0.8340306133333333
97,907,Y,249816856,0.8327228533333333
97,905,Y,249341048,0.8311368266666668
116,1063,Y,249156448,0.8305214933333332
22,304,Y,248898192,0.82966064
75,735,Y,248781160,0.8292705333333334
45,493,Y,248737208,0.8291240266666666
54,562,Y,248290184,0.8276339466666666
34,400,Y,248282896,0.8276096533333333
8,196,Y,247843416,0.82614472
44,486,Y,247607688,0.82535896
85,809,Y,247455832,0.8248527733333334
92,868,Y,247364040,0.8245468
124,1127,Y,247009176,0.82336392
8,194,Y,246710296,0.8223676533333333
117,1066,Y,246301008,0.82100336
12,231,Y,246295200,0.8209839999999999
127,1145,Y,246073664,0.8202455466666666
71,697,Y,245889896,0.8196329866666666
114,1042,Y,245882368,0.8196078933333333
48,519,Y,245702056,0.8190068533333335
55,575,Y,245562840,0.8185428
74,727,Y,245484528,0.81828176
104,966,Y,245115720,0.8170524
8,193,Y,245099016,0.8169967199999999
9,205,Y,244612328,0.8153744266666667
1,138,Y,243550832,0.8118361066666666
22,311,Y,242998195,0.8099939833333334
98,914,Y,242736168,0.80912056
73,715,Y,241937064,0.8064568799999999
108,997,Y,241803952,0.8060131733333333
71,699,Y,241543696,0.8051456533333332
78,753,Y,241291800,0.804306
117,1069,Y,240704640,0.8023488000000001
7,185,Y,240624768,0.80208256
34,402,Y,240480800,0.8016026666666667
54,561,Y,239996808,0.79998936
31,378,Y,239867104,0.7995570133333333
116,1062,Y,238967088,0.79655696
67,666,Y,238753304,0.7958443466666666
124,1122,Y,238732496,0.7957749866666667
8,197,Y,238111112,0.7937037066666666
88,832,Y,238063832,0.7935461066666667
93,877,Y,238018368,0.7933945600000001
38,437,Y,237876544,0.7929218133333334
20,290,Y,237862488,0.79287496
36,416,Y,237825304,0.7927510133333333
15,252,Y,237685712,0.7922857066666668
54,563,Y,237540896,0.7918029866666667
103,958,Y,237478552,0.7915951733333333
100,932,Y,237419168,0.7913972266666667
36,421,Y,237293688,0.79097896
113,1037,Y,237219944,0.7907331466666667
95,894,Y,237167624,0.7905587466666667
38,432,Y,237126680,0.7904222666666667
45,492,Y,236563248,0.7885441599999999
13,238,Y,236560096,0.7885336533333334
76,740,Y,236497144,0.7883238133333333
122,1107,Y,235964592,0.78654864
127,1144,Y,235912368,0.78637456
110,1010,Y,235569392,0.7852313066666666
62,631,Y,235392040,0.7846401333333333
68,674,Y,235013176,0.7833772533333333
29,367,Y,234704544,0.78234848
27,345,Y,234355456,0.7811848533333333
3,159,Y,233854464,0.77951488
21,299,Y,233836464,0.7794548800000001
33,395,Y,233827856,0.7794261866666666
70,692,Y,233354496,0.77784832
21,298,Y,233318392,0.7777279733333333
54,560,Y,232836856,0.7761228533333333
124,1120,Y,232670600,0.7755686666666667
106,978,Y,232640560,0.7754685333333333
74,726,Y,232429744,0.7747658133333333
12,227,Y,232229032,0.7740967733333333
8,198,Y,231972904,0.7732430133333333
17,265,Y,231113152,0.7703771733333333
110,1014,Y,231077960,0.7702598666666667
89,841,Y,230859536,0.7695317866666667
37,425,Y,230662944,0.76887648
103,957,Y,230515696,0.7683856533333333
109,1003,Y,230506304,0.7683543466666667
86,820,Y,230335536,0.76778512
41,458,Y,229893264,0.76631088
33,398,Y,229838320,0.7661277333333333
68,679,Y,229164512,0.7638817066666667
88,837,Y,229132840,0.7637761333333333
85,811,Y,228619568,0.7620652266666667
65,649,Y,228065888,0.7602196266666666
9,204,Y,227573208,0.75857736
98,915,Y,227489720,0.7582990666666667
28,359,Y,227368352,0.7578945066666666
110,1011,Y,227196848,0.7573228266666666
77,749,Y,226928432,0.7564281066666667
57,591,Y,226927744,0.7564258133333333
66,659,Y,226882552,0.7562751733333334
84,806,Y,225973344,0.75324448
114,1047,Y,225923928,0.75307976
91,859,Y,225752016,0.75250672
52,544,Y,225700240,0.7523341333333333
24,324,Y,225661644,0.75220548
62,627,Y,225394416,0.75131472
98,918,Y,225341324,0.7511377466666667
70,695,Y,225113784,0.75037928
80,773,Y,225111512,0.7503717066666667
68,678,Y,225040336,0.7501344533333333
64,640,Y,224996000,0.7499866666666666
77,746,Y,224514448,0.7483814933333334
86,821,Y,224211128,0.7473704266666666
7,189,Y,224174704,0.7472490133333333
92,869,Y,224087408,0.7469580266666667
99,924,Y,223959392,0.7465313066666667
94,885,Y,223757264,0.7458575466666667
99,922,Y,223672088,0.7455736266666666
40,453,Y,223047696,0.74349232
95,895,Y,222981264,0.74327088
19,283,Y,222627312,0.74209104
21,297,Y,222394024,0.7413134133333333
93,876,Y,222242776,0.7408092533333333
46,501,Y,222006880,0.7400229333333334
31,379,Y,221999784,0.7399992799999999
87,829,Y,221890128,0.73963376
35,409,Y,221796248,0.7393208266666667
115,1055,Y,221469928,0.7382330933333334
56,579,Y,221330560,0.7377685333333334
123,1117,Y,221124248,0.7370808266666666
64,644,Y,220572768,0.73524256
36,417,Y,220503800,0.7350126666666666
60,611,Y,220429040,0.7347634666666667
12,226,Y,220376296,0.7345876533333333
51,543,Y,220321464,0.73440488
34,406,Y,220155576,0.73385192
127,1150,Y,219993016,0.7333100533333333
118,1074,Y,219914840,0.7330494666666667
111,1022,Y,219331640,0.7311054666666666
52,545,Y,219234360,0.7307812
77,747,Y,219109296,0.7303643200000001
105,973,Y,219083184,0.73027728
87,827,Y,218688024,0.72896008
1,136,Y,218526992,0.7284233066666667
49,527,Y,218477376,0.72825792
11,220,Y,218266984,0.7275566133333333
81,776,Y,217970264,0.7265675466666667
47,508,Y,217519240,0.7250641333333333
59,601,Y,217508928,0.7250297600000001
11,218,Y,217492576,0.7249752533333333
111,1017,Y,216904192,0.7230139733333333
49,520,Y,216729408,0.72243136
70,688,Y,216719072,0.7223969066666667
35,413,Y,216629904,0.72209968
36,422,Y,216359960,0.7211998666666667
110,1012,Y,215531896,0.7184396533333334
83,795,Y,215312040,0.7177068
68,672,Y,215275104,0.71758368
82,785,Y,215249328,0.71749776
16,263,Y,215180704,0.7172690133333334
45,488,Y,214628072,0.7154269066666666
100,933,Y,214489648,0.7149654933333334
16,260,Y,214053328,0.7135110933333333
7,187,Y,213599376,0.7119979200000001
108,999,Y,213406936,0.7113564533333333
9,203,Y,213334920,0.7111164
25,333,Y,212950896,0.70983632
104,967,Y,212610992,0.7087033066666667
103,954,Y,212253600,0.707512
99,921,Y,212249232,0.7074974399999999
55,572,Y,212138240,0.7071274666666667
113,1039,Y,212099024,0.7069967466666667
110,1008,Y,211858312,0.7061943733333333
57,586,Y,211802880,0.7060096
12,229,Y,211688432,0.7056281066666666
83,798,Y,211151168,0.7038372266666666
15,253,Y,211122520,0.7037417333333333
76,737,Y,210700616,0.7023353866666667
66,661,Y,210154032,0.7005134399999999
112,1026,Y,209760472,0.6992015733333333
53,552,Y,209572544,0.6985751466666666
115,1049,Y,209436488,0.6981216266666667
13,232,Y,209185768,0.6972858933333334
88,833,Y,208680704,0.6956023466666666
82,786,Y,208472928,0.6949097599999999
39,446,Y,208399704,0.6946656800000001
26,341,Y,208311088,0.6943702933333333
87,826,Y,207642704,0.6921423466666666
94,887,Y,207331232,0.6911041066666667
58,596,Y,207248432,0.6908281066666666
39,443,Y,206990384,0.6899679466666667
105,970,Y,206958360,0.6898612000000001
46,499,Y,206745568,0.6891518933333334
91,857,Y,206621552,0.6887385066666666
107,990,Y,206276472,0.68758824
17,269,Y,206137872,0.68712624
19,285,Y,205816312,0.6860543733333333
79,761,Y,205796720,0.6859890666666667
37,426,Y,205654848,0.6855161599999999
49,525,Y,205514944,0.6850498133333333
65,655,Y,205497216,0.6849907199999999
34,407,Y,205398696,0.6846623199999999
122,1106,Y,205237688,0.6841256266666667
79,760,Y,205186232,0.6839541066666667
48,517,Y,204862536,0.6828751200000001
35,415,Y,204215864,0.6807195466666667
8,192,Y,203290616,0.6776353866666667
106,982,Y,203105640,0.6770188
53,558,Y,203061920,0.6768730666666667
12,228,Y,202537096,0.6751236533333334
51,537,Y,202513504,0.6750450133333333
103,952,Y,202073400,0.673578
60,608,Y,202023016,0.6734100533333333
120,1088,Y,201987784,0.6732926133333333
77,745,Y,201816792,0.67272264
110,1009,Y,201660576,0.67220192
60,609,Y,201215264,0.6707175466666666
1,143,Y,201136792,0.6704559733333333
83,797,Y,201111368,0.6703712266666667
31,383,Y,200840328,0.66946776
7,184,Y,200601640,0.6686721333333334
68,673,Y,200577816,0.66859272
105,974,Y,200539456,0.6684648533333334
17,267,Y,199980680,0.6666022666666667
63,638,Y,199908336,0.66636112
123,1113,Y,199848488,0.6661616266666667
67,670,Y,199738968,0.66579656
112,1025,Y,199717296,0.66572432
108,995,Y,199498696,0.6649956533333333
71,696,Y,199152008,0.6638400266666667
79,762,Y,198522936,0.66174312
110,1015,Y,198289800,0.6609659999999999
127,1147,Y,198267584,0.6608919466666666
74,724,Y,198221616,0.66073872
28,353,Y,197678776,0.6589292533333333
76,743,Y,197149792,0.6571659733333333
71,700,Y,196842520,0.6561417333333333
49,523,Y,196652384,0.6555079466666667
121,1100,Y,195957592,0.6531919733333333
81,781,Y,195725960,0.6524198666666666
54,567,Y,195708440,0.6523614666666667
101,942,Y,195666000,0.65222
117,1068,Y,195463296,0.6515443200000001
96,901,Y,195390440,0.6513014666666667
57,585,Y,195296792,0.6509893066666667
110,1013,Y,195231752,0.6507725066666666
66,656,Y,195118664,0.6503955466666667
2,150,Y,194711408,0.6490380266666667
29,362,Y,194513712,0.64837904
47,507,Y,193824224,0.6460807466666667
113,1034,Y,193557456,0.64519152
124,1126,Y,193539888,0.64513296
79,763,Y,193242504,0.64414168
107,984,Y,193133304,0.64377768
70,689,Y,193031168,0.6434372266666667
55,568,Y,192756936,0.64252312
59,604,Y,192440696,0.6414689866666666
65,653,Y,192322368,0.64107456
69,685,Y,191874704,0.6395823466666667
28,357,Y,191697560,0.6389918666666666
13,234,Y,191222456,0.6374081866666667
58,597,Y,191050672,0.6368355733333333
58,593,Y,190675688,0.6355856266666667
20,294,Y,190652664,0.63550888
37,424,Y,190540064,0.6351335466666667
65,648,Y,190194336,0.63398112
55,573,Y,189986584,0.6332886133333333
111,1020,Y,189321240,0.6310708
20,288,Y,189194472,0.63064824
123,1112,Y,188692976,0.6289765866666667
0,132,Y,188385176,0.6279505866666667
52,548,Y,188273200,0.6275773333333333
20,292,Y,188251872,0.62750624
0,131,Y,188199976,0.6273332533333333
90,851,Y,188106312,0.62702104
98,912,Y,187478664,0.62492888
52,546,Y,187229056,0.6240968533333333
35,411,Y,187051496,0.6235049866666666
5,168,Y,186219504,0.62073168
122,1104,Y,186201248,0.6206708266666667
19,282,Y,185792112,0.61930704
39,442,Y,185507168,0.6183572266666667
87,830,Y,185265672,0.61755224
51,540,Y,184919960,0.6163998666666667
105,975,Y,184844520,0.6161484
68,675,Y,184338232,0.6144607733333333
73,718,Y,183203312,0.6106777066666667
44,480,Y,183163376,0.6105445866666667
55,570,Y,182803528,0.6093450933333333
67,665,Y,182337104,0.6077903466666668
10,210,Y,182299368,0.6076645599999999
93,875,Y,181351552,0.6045051733333333
60,614,Y,181329936,0.60443312
14,240,Y,181062704,0.6035423466666667
123,1118,Y,180509496,0.60169832
5,172,Y,180365144,0.6012171466666666
21,302,Y,180175192,0.6005839733333334
127,1149,Y,180126816,0.60042272
114,1040,Y,179717824,0.5990594133333333
33,397,Y,179261792,0.5975393066666667
108,994,Y,179165880,0.5972196
21,296,Y,178944320,0.5964810666666667
71,703,Y,178620432,0.59540144
120,1089,Y,177779696,0.5925989866666667
62,626,Y,177527688,0.5917589600000001
103,955,Y,177220416,0.59073472
65,652,Y,176739792,0.58913264
51,536,Y,176547760,0.5884925333333333
98,916,Y,176545264,0.5884842133333333
82,784,Y,176075088,0.5869169599999999
0,129,Y,175933280,0.5864442666666666
55,571,Y,175885912,0.5862863733333333
79,766,Y,175753152,0.58584384
102,945,Y,175630408,0.5854346933333333
113,1038,Y,175621272,0.58540424
40,449,Y,174627072,0.58209024
49,526,Y,174012616,0.5800420533333333
107,989,Y,173440696,0.5781356533333334
82,789,Y,173099560,0.5769985333333333
90,853,Y,172388416,0.5746280533333333
90,852,Y,171499656,0.57166552
17,271,Y,170750544,0.56916848
122,1110,Y,170586424,0.5686214133333334
16,256,Y,169888784,0.5662959466666667
42,466,Y,169648600,0.5654953333333333
0,135,Y,169550928,0.56516976
121,1099,Y,169520248,0.5650674933333333
29,366,Y,169178992,0.5639299733333334
35,412,Y,168764560,0.5625485333333333
20,289,Y,168612272,0.5620409066666667
81,777,Y,168273440,0.5609114666666667
0,128,Y,167888048,0.5596268266666666
0,134,Y,167770424,0.5592347466666666
118,1075,Y,167695592,0.5589853066666667
125,1129,Y,167660808,0.55886936
14,246,Y,166928272,0.5564275733333334
2,149,Y,166054304,0.5535143466666667
106,979,Y,164502480,0.5483416
32,391,Y,164202040,0.5473401333333333
5,174,Y,164142496,0.5471416533333333
72,704,Y,164124760,0.5470825333333333
47,505,Y,164001896,0.5466729866666666
119,1085,Y,163942528,0.5464750933333333
42,471,Y,163556704,0.5451890133333334
55,569,Y,163463872,0.5448795733333334
91,861,Y,163401232,0.5446707733333334
105,971,Y,163013656,0.5433788533333334
120,1093,Y,162835928,0.5427864266666667
102,948,Y,162447856,0.5414928533333333
47,511,Y,161760496,0.5392016533333334
90,855,Y,161634456,0.53878152
115,1053,Y,161552464,0.5385082133333333
42,464,Y,161401240,0.5380041333333333
40,450,Y,161317864,0.5377262133333333
94,882,Y,161144568,0.53714856
114,1041,Y,160940160,0.5364672
121,1103,Y,160812928,0.5360430933333333
119,1086,Y,160303992,0.53434664
24,322,Y,160213024,0.5340434133333334
66,658,Y,160021896,0.53340632
69,687,Y,158963152,0.5298771733333333
5,169,Y,158873624,0.5295787466666667
112,1024,Y,158683672,0.5289455733333334
123,1115,Y,158312720,0.5277090666666667
75,732,Y,157950976,0.5265032533333334
103,953,Y,157945088,0.5264836266666666
14,245,Y,157514504,0.5250483466666667
89,846,Y,157447728,0.52482576
119,1081,Y,157186808,0.5239560266666667
11,219,Y,156713784,0.52237928
60,612,Y,156246472,0.5208215733333333
36,420,Y,155393296,0.5179776533333333
19,287,Y,154388096,0.5146269866666666
14,244,Y,154135776,0.51378592
42,468,Y,153437208,0.51145736
40,448,Y,153376448,0.5112548266666667
10,213,Y,153343688,0.5111456266666666
112,1030,Y,153188024,0.5106267466666666
76,742,Y,152931592,0.5097719733333334
82,791,Y,151894752,0.50631584
114,1046,Y,151824152,0.5060805066666667
18,279,Y,151378176,0.50459392
91,862,Y,150720896,0.5024029866666666
14,241,Y,150556832,0.5018561066666667
83,796,Y,150022064,0.5000735466666666
125,1130,Y,149435984,0.49811994666666665
73,714,Y,148700664,0.49566888000000003
38,439,Y,148640032,0.49546677333333333
49,521,Y,148609528,0.4953650933333333
11,217,Y,148569912,0.49523303999999996
12,225,Y,148431872,0.4947729066666667
105,972,Y,148237296,0.49412431999999995
38,436,Y,148052776,0.49350925333333334
52,551,Y,147592176,0.49197392
85,815,Y,146647800,0.48882600000000004
99,923,Y,146305800,0.487686
29,364,Y,145932744,0.48644248
11,221,Y,145127232,0.48375744
68,676,Y,144798480,0.48266159999999997
14,243,Y,144734576,0.4824485866666666
71,698,Y,144361912,0.4812063733333333
71,701,Y,144070904,0.48023634666666665
26,338,Y,143327656,0.47775885333333334
60,615,Y,142951312,0.47650437333333334
9,201,Y,142467936,0.47489311999999995
108,992,Y,142263960,0.47421319999999995
46,496,Y,141969647,0.4732321566666667
76,741,Y,141762592,0.4725419733333333
65,651,Y,141421336,0.4714044533333333
11,216,Y,141250304,0.4708343466666666
99,925,Y,140836000,0.4694533333333333
111,1023,Y,140591912,0.4686397066666666
125,1135,Y,140527824,0.46842608
90,848,Y,140322776,0.4677425866666667
119,1083,Y,140307584,0.4676919466666667
126,1141,Y,140250872,0.46750290666666666
45,494,Y,140090192,0.4669673066666667
5,171,Y,139706736,0.46568912
28,358,Y,138842728,0.4628090933333333
52,549,Y,138347312,0.46115770666666667
18,272,Y,138097488,0.46032495999999995
10,212,Y,137778736,0.4592624533333333
15,250,Y,137429016,0.45809672
107,985,Y,137029960,0.45676653333333334
119,1082,Y,136761360,0.45587120000000003
99,920,Y,136602936,0.45534312000000005
102,947,Y,136460488,0.45486829333333334
52,550,Y,136227696,0.45409232
35,410,Y,135910208,0.4530340266666667
4,164,Y,135772328,0.4525744266666667
36,418,Y,134981808,0.44993936
102,949,Y,134307544,0.4476918133333333
126,1137,Y,134007912,0.44669304000000004
5,170,Y,133944536,0.44648178666666666
42,470,Y,133549528,0.4451650933333333
54,566,Y,133235872,0.44411957333333335
109,1004,Y,132585552,0.44195184
18,274,Y,132582064,0.44194021333333333
58,599,Y,132441208,0.44147069333333333
17,268,Y,132353488,0.44117829333333336
112,1027,Y,132291920,0.4409730666666667
49,524,Y,131912744,0.43970914666666666
10,215,Y,131561144,0.4385371466666667
35,414,Y,130951584,0.43650528
100,935,Y,130638056,0.4354601866666667
123,1114,Y,130584152,0.4352805066666666
15,248,Y,130570768,0.4352358933333333
87,831,Y,130392408,0.43464136
121,1097,Y,129223392,0.43074463999999996
87,825,Y,129110160,0.43036719999999995
10,214,Y,129014696,0.4300489866666667
125,1132,Y,128274136,0.42758045333333333
62,625,Y,128180544,0.42726848
114,1044,Y,127419440,0.42473146666666667
26,340,Y,127262032,0.42420677333333334
118,1077,Y,126493256,0.4216441866666667
22,309,Y,126335832,0.42111944
58,598,Y,126270888,0.42090296
17,270,Y,126035288,0.4201176266666667
5,175,Y,125108952,0.41702984000000004
58,592,Y,124946152,0.4164871733333333
82,790,Y,124769216,0.4158973866666667
79,765,Y,124606576,0.41535525333333334
105,969,Y,124543560,0.4151452
4,165,Y,124354472,0.4145149066666667
29,363,Y,123876416,0.41292138666666667
90,854,Y,122503848,0.40834616
2,146,Y,122396096,0.4079869866666666
89,842,Y,122242264,0.40747421333333333
42,465,Y,121769776,0.4058992533333333
2,145,Y,121168136,0.40389378666666664
77,748,Y,120902320,0.4030077333333333
125,1133,Y,118943504,0.39647834666666665
45,491,Y,118791952,0.3959731733333334
26,342,Y,117920720,0.3930690666666667
15,251,Y,117790272,0.39263424
108,993,Y,117427736,0.3914257866666666
121,1101,Y,116986008,0.38995335999999997
126,1142,Y,116329432,0.38776477333333337
121,1096,Y,114992024,0.38330674666666664
82,787,Y,114916760,0.3830558666666667
2,147,Y,113668200,0.378894
80,772,Y,113032424,0.37677474666666666
42,467,Y,111895288,0.3729842933333333
123,1116,Y,111893320,0.37297773333333334
89,840,Y,111196856,0.37065618666666666
29,361,Y,110899600,0.36966533333333335
29,360,Y,110470632,0.36823543999999997
10,208,Y,106617200,0.3553906666666667
68,677,Y,105763344,0.35254448
126,1139,Y,105101056,0.35033685333333336
18,275,Y,103898704,0.3463290133333333
66,657,Y,103617536,0.3453917866666667
18,273,Y,102611912,0.34203970666666667
125,1128,Y,102223384,0.34074461333333333
18,277,Y,101939608,0.33979869333333335
12,224,Y,101671792,0.33890597333333333
15,254,Y,101653576,0.3388452533333333
107,991,Y,99215064,0.33071688
49,522,Y,97979216,0.32659738666666666
18,278,Y,97570456,0.3252348533333333
102,944,Y,96912040,0.32304013333333337
66,663,Y,96402240,0.3213408
51,542,Y,92367280,0.30789093333333334
120,1094,Y,92285984,0.30761994666666664
17,264,Y,91926792,0.30642263999999997
126,1140,Y,91408832,0.30469610666666663
118,1076,Y,90660800,0.3022026666666666
10,209,Y,89989088,0.29996362666666665
5,173,Y,89105984,0.2970199466666667
47,509,Y,89025936,0.29675312
126,1143,Y,88134544,0.29378181333333336
89,843,Y,87413728,0.29137909333333334
126,1138,Y,87126280,0.2904209333333333
100,931,Y,86512008,0.28837336
89,847,Y,86301424,0.28767141333333335
119,1087,Y,86167184,0.2872239466666667
86,823,Y,82077200,0.27359066666666665
90,850,Y,81439432,0.27146477333333335
4,162,Y,81212696,0.27070898666666665
4,163,Y,81104016,0.27034672
10,211,Y,80031232,0.2667707733333333
121,1102,Y,77617232,0.2587241066666667
102,950,Y,76993504,0.25664501333333334
119,1080,Y,74777448,0.24925816
15,255,Y,70705616,0.23568538666666666
90,849,Y,68096920,0.22698973333333336
2,151,Y,67899896,0.22633298666666665
125,1134,Y,66422336,0.2214077866666667
119,1084,Y,65720448,0.21906816
121,1098,Y,64469504,0.21489834666666668
18,276,Y,60993800,0.2033126666666667
114,1043,Y,60779560,0.20259853333333333
4,166,Y,60051496,0.20017165333333334
4,161,Y,55761848,0.18587282666666666
0,133,Y,45813664,0.15271221333333335
102,951,Y,37988312,0.12662770666666667
126,1136,Y,33501808,0.11167269333333334
4,167,Y,32815352,0.10938450666666667
4,160,Y,23713488,0.07904496
102,946,Y,19866040,0.06622013333333333
