121,108,N,21399856117,42.799712234
31,0,N,18697303434,37.394606868000004
101,34,N,16924787672,33.849575344
109,12,N,16223721920,32.44744384
49,9,N,16194735487,32.389470974
53,74,N,16068213450,32.1364269
10,49,N,15857334904,31.714669808
74,43,N,15617789040,31.23557808
71,10,N,15595812792,31.191625584
111,9,N,15594573096,31.189146192
32,110,N,15505636504,31.011273008
87,32,N,15342800352,30.685600704
63,60,N,15287440768,30.574881536
44,53,N,15182549484,30.365098967999998
12,19,N,15091117320,30.18223464
123,14,N,14724274275,29.448548549999998
15,121,N,14656718656,29.313437312
101,123,N,14498351928,28.996703856
84,93,N,14490131619,28.980263238
41,84,N,14479477536,28.958955072
25,111,N,14453918640,28.90783728
84,15,N,14396230475,28.79246095
105,46,N,14336714000,28.673428
118,25,N,14262819864,28.525639728
25,118,N,14189334992,28.378669984
103,109,N,14188423600,28.3768472
86,37,N,13996591840,27.99318368
48,87,N,13942725904,27.885451808
105,5,N,13934425968,27.868851936
93,101,N,13676230440,27.352460880000002
60,31,N,13599372496,27.198744992
105,121,N,13543906495,27.08781299
127,44,N,13258534680,26.51706936
108,124,N,12881096067,25.762192134
5,106,N,12835595216,25.671190432000003
11,105,N,12615616860,25.231233720000002
14,68,N,12474876577,24.949753154
106,86,N,12290339880,24.58067976
5,105,N,11603123440,23.206246880000002
97,98,N,11596530194,23.193060388
124,42,N,11588391457,23.176782914
462,41,Y,11477607184,22.955214368
50,101,N,11331445464,22.662890928000003
119,26,N,11265227038,22.530454076
118,1075,Y,11225295912,22.450591824
48,104,N,11035802000,22.071604
77,30,N,10978725111,21.957450222
1075,118,Y,10876265000,21.75253
81,41,N,10857753112,21.715506224
41,81,N,10804624296,21.609248592
9,203,Y,10802804520,21.60560904
9,206,Y,10750112568,21.500225136
98,51,N,10672195168,21.344390336
89,119,N,10662987744,21.325975488
40,13,N,10508338392,21.016676783999998
104,72,N,10479769704,20.959539408
60,89,N,10468435450,20.9368709
334,25,Y,10406831680,20.81366336
0,135,Y,10372329528,20.744659056
43,472,Y,10349725672,20.699451344
11,87,N,10338147672,20.676295344
13,40,N,10264846528,20.529693056
957,103,Y,10247610040,20.495220080000003
32,59,N,10168703244,20.337406488000003
19,282,Y,10086451496,20.172902992
1151,127,Y,10076295264,20.152590528
108,996,Y,10037500480,20.07500096
805,84,Y,10029940296,20.059880592000003
697,71,Y,9993441296,19.986882592
34,402,Y,9981442032,19.962884064
639,63,Y,9981094968,19.962189935999998
30,117,N,9879447149,19.758894297999998
38,94,N,9499747672,18.999495344
516,48,Y,9385612384,18.771224768
110,1013,Y,9229997112,18.459994224000003
99,57,N,9213457704,18.426915408
102,58,N,9051058264,18.102116528
120,127,N,9007812285,18.01562457
530,50,Y,8981435792,17.962871584000002
87,48,N,8951661656,17.903323312
41,66,N,8781565188,17.563130376
110,32,N,8762324966,17.524649932
68,676,Y,8758198672,17.516397344
969,105,Y,8729199008,17.458398016
37,426,Y,8642332680,17.28466536
118,77,N,8590003936,17.180007872
66,22,N,8536435850,17.0728717
15,84,N,8418214128,16.836428255999998
0,110,N,8395587576,16.791175152
66,41,N,8343130312,16.686260624
973,105,Y,8338570041,16.677140082
34,64,N,8315517896,16.631035792000002
46,497,Y,8153391232,16.306782464
60,10,N,8140756288,16.281512576
57,66,N,8095559352,16.191118703999997
59,32,N,8050056504,16.100113008
108,50,N,8027814760,16.05562952
45,1,N,8017454000,16.034908
125,102,N,7986774152,15.973548304
221,11,Y,7973892182,15.947784364
6,120,N,7966587271,15.933174542
64,13,N,7862133368,15.724266736
94,35,N,7830384776,15.660769552000001
127,80,N,7826687051,15.653374102
12,109,N,7821662448,15.643324896
16,6,N,7817365297,15.634730593999999
43,78,N,7789318768,15.578637536
73,63,N,7763588712,15.527177424
42,469,Y,7728533439,15.457066878000001
84,30,N,7711290102,15.422580203999999
76,52,N,7680817152,15.361634303999999
79,61,N,7629016210,15.258032420000001
107,95,N,7624882176,15.249764352
27,77,N,7623771272,15.247542544
65,14,N,7616850451,15.233700901999999
33,90,N,7605643006,15.211286012
77,80,N,7582203488,15.164406976
4,85,N,7518426600,15.0368532
83,89,N,7493080064,14.986160128
74,53,N,7452507112,14.905014223999999
61,15,N,7404491224,14.808982448
98,97,N,7383638304,14.767276608
0,31,N,7353188712,14.706377424
19,12,N,7348294064,14.696588127999998
90,99,N,7329988104,14.659976208
45,49,N,7304965600,14.6099312
91,65,N,7286731624,14.573463248
81,38,N,7273911016,14.547822032
7,83,N,7230954456,14.461908911999998
14,123,N,7211772089,14.423544178
9,111,N,7196991136,14.393982272
57,99,N,7144174128,14.288348255999999
906,97,Y,7141051088,14.282102176
51,536,Y,7132481568,14.264963136
66,57,N,7105654080,14.21130816
60,17,N,7082204488,14.164408976
58,99,N,7060139720,14.12027944
126,107,N,7048749872,14.097499744
125,1,N,7043043840,14.08608768
24,81,N,7041422102,14.082844204
89,60,N,7039906376,14.079812752
26,119,N,7039375296,14.078750592
16,5,N,7025483608,14.050967215999998
79,12,N,7003899016,14.007798031999998
28,91,N,6998187496,13.996374992
120,111,N,6871281789,13.742563578
9,42,N,6867396861,13.734793722
97,49,N,6860665144,13.721330288
75,13,N,6860377272,13.720754544
32,87,N,6844955480,13.68991096
49,97,N,6833625416,13.667250832
110,0,N,6805157142,13.610314284
17,102,N,6798792896,13.597585792
21,40,N,6792473440,13.58494688
614,60,Y,6785047188,13.570094376
41,83,N,6778442996,13.556885992000002
79,4,N,6765131736,13.530263472000001
35,55,N,6759219688,13.518439376
68,5,N,6723132512,13.446265024
124,92,N,6711299640,13.42259928
97,56,N,6710733448,13.421466896
0,14,N,6708013288,13.416026576
32,100,N,6698650528,13.397301056
50,23,N,6690775768,13.381551536
10,96,N,6662240264,13.324480527999999
27,31,N,6660458344,13.320916688
40,21,N,6643294360,13.286588720000001
15,48,N,6643217680,13.28643536
106,5,N,6628122872,13.256245744000001
26,337,Y,6604242444,13.208484888
83,11,N,6592700888,13.185401775999999
99,90,N,6580353200,13.160706399999999
1,27,N,6536623368,13.073246736
125,15,N,6518369072,13.036738144000001
28,25,N,6518236512,13.036473024000001
19,53,N,6517228360,13.034456720000001
86,102,N,6508920744,13.017841488
46,98,N,6500098790,13.00019758
92,38,N,6494584526,12.989169052
1,125,N,6476722644,12.953445288000001
76,61,N,6470710712,12.941421424
14,0,N,6460911272,12.921822544
121,15,N,6459564584,12.919129167999998
112,75,N,6437011264,12.874022528000001
37,86,N,6403070023,12.806140046
38,33,N,6400430360,12.800860720000001
85,4,N,6394091040,12.788182079999999
42,88,N,6393048267,12.786096533999999
90,21,N,6349658396,12.699316792000001
49,45,N,6333643160,12.66728632
5,68,N,6327478816,12.654957632
92,120,N,6309964792,12.619929584000001
57,75,N,6304585424,12.609170848000002
46,76,N,6301440374,12.602880748
121,29,N,6297102416,12.594204831999999
63,48,N,6280367176,12.560734351999999
109,103,N,6276931880,12.55386376
29,121,N,6251396072,12.502792143999999
9,49,N,6235189768,12.470379536
48,15,N,6233866816,12.467733632
16,0,N,6233616904,12.467233808
42,55,N,6214276888,12.428553776
23,73,N,6210646408,12.421292816
30,77,N,6191287864,12.382575728
111,120,N,6170080888,12.340161776
52,70,N,6150670312,12.301340624
102,34,N,6148143248,12.296286496
34,101,N,6147224528,12.294449056
85,77,N,6142336096,12.284672192
10,71,N,6136706568,12.273413136
46,105,N,6136648024,12.273296048
95,107,N,6117005224,12.234010448000001
104,48,N,6107019648,12.214039296
50,108,N,6104214141,12.208428282
96,112,N,6103327058,12.206654116
120,82,N,6098117304,12.196234608000001
25,28,N,6087994344,12.175988688
1,45,N,6086829512,12.173659023999999
261,16,Y,6073405339,12.146810678
53,44,N,6071348704,12.142697408
123,47,N,6058142413,12.116284826
2,58,N,6047006672,12.094013344
47,123,N,6020963656,12.041927312
37,61,N,6002138663,12.004277326
40,116,N,5999583000,11.999166
43,74,N,5989848768,11.979697536
25,21,N,5988929288,11.977858576
23,110,N,5982158232,11.964316464
69,79,N,5954269264,11.908538528
55,59,N,5953458984,11.906917968
13,122,N,5951908200,11.9038164
107,126,N,5947324528,11.894649056
10,60,N,5943564560,11.88712912
111,87,N,5939402112,11.878804224
49,10,N,5933546560,11.86709312
117,30,N,5932768000,11.865536
61,76,N,5926038152,11.852076304
14,65,N,5922235776,11.844471552
42,107,N,5911037048,11.822074096
122,13,N,5908682208,11.817364416
19,16,N,5908121536,11.816243072
75,103,N,5901706648,11.803413296
34,102,N,5892099608,11.784199216000001
62,96,N,5890842648,11.781685296
56,109,N,5874236762,11.748473524
80,108,N,5863172376,11.726344752
104,64,N,5852381608,11.704763216
117,1069,Y,5844513224,11.689026448
71,91,N,5841644848,11.683289696000001
19,41,N,5841317168,11.682634336
108,10,N,5822834520,11.645669040000001
58,102,N,5813323176,11.626646352
76,116,N,5809761680,11.61952336
62,101,N,5800605360,11.601210720000001
22,26,N,5800427124,11.600854248000001
87,11,N,5794952070,11.58990414
83,58,N,5771692296,11.543384592
31,27,N,5764032016,11.528064032
70,52,N,5754665720,11.509331439999999
123,101,N,5750917055,11.50183411
34,98,N,5745175960,11.49035192
121,105,N,5737651280,11.47530256
30,23,N,5731557936,11.463115872
24,51,N,5726757696,11.453515392
96,10,N,5715505296,11.431010592
82,120,N,5714339408,11.428678816
12,79,N,5714245872,11.428491743999999
78,43,N,5706528632,11.413057263999999
50,24,N,5702204192,11.404408384
111,25,N,5700853496,11.401706992000001
108,121,N,5689149488,11.378298976
53,19,N,5687685792,11.375371584
120,6,N,5680294845,11.360589690000001
100,18,N,5646920440,11.29384088
58,43,N,5645416608,11.290833216
98,34,N,5639407184,11.278814367999999
119,123,N,5627363088,11.254726176
55,42,N,5623262968,11.246525936
101,62,N,5614276432,11.228552864000001
105,11,N,5608919464,11.217838927999999
30,84,N,5597847237,11.195694474
23,30,N,5588562776,11.177125552
95,40,N,5587959768,11.175919535999999
17,60,N,5574933736,11.149867472
112,22,N,5558657720,11.11731544
127,120,N,5557671639,11.115343278000001
94,38,N,5557465096,11.114930192
52,76,N,5556421976,11.112843952
116,40,N,5549810728,11.099621456
53,121,N,5548553128,11.097106256
100,32,N,5547811720,11.09562344
5,16,N,5545106568,11.090213136000001
21,25,N,5536471144,11.072942288
85,100,N,5507329424,11.014658848
16,19,N,5506633288,11.013266576
64,104,N,5504106392,11.008212784
12,67,N,5500967304,11.001934608
102,17,N,5498944111,10.997888222
112,110,N,5498289528,10.996579056
98,46,N,5494137704,10.988275408
88,79,N,5481107256,10.962214512
35,67,N,5478802352,10.957604704
64,34,N,5478140648,10.956281296
35,2,N,5477071568,10.954143135999999
111,86,N,5474706803,10.949413606
26,22,N,5474189352,10.948378704
65,76,N,5453650584,10.907301168
84,41,N,5453565712,10.907131424
21,7,N,5448856456,10.897712912
127,71,N,5447188920,10.894377839999999
116,76,N,5435917824,10.871835648
97,38,N,5428067464,10.856134928
72,25,N,5427756120,10.85551224
53,117,N,5427056200,10.8541124
16,45,N,5416406056,10.832812112
112,96,N,5385053552,10.770107104
18,100,N,5383599352,10.767198704
56,97,N,5378166624,10.756333247999999
36,119,N,5377420600,10.7548412
55,35,N,5373933528,10.747867056
83,41,N,5355418592,10.710837183999999
73,56,N,5352878672,10.705757344
77,27,N,5351931096,10.703862191999999
21,90,N,5350240576,10.700481152
121,53,N,5335996456,10.671992912
30,6,N,5331793432,10.663586864
0,82,N,5327984104,10.655968207999999
93,18,N,5326973048,10.653946096
38,97,N,5323752744,10.647505488
79,69,N,5320602744,10.641205487999999
81,24,N,5307729488,10.615458976
120,92,N,5303088296,10.606176591999999
42,124,N,5294379307,10.588758614
76,46,N,5289103168,10.578206336
101,93,N,5284669240,10.569338479999999
72,94,N,5281575792,10.563151584
2,35,N,5266096296,10.532192592000001
76,65,N,5258804334,10.517608668000001
1077,118,Y,5256322584,10.512645167999999
90,17,N,5255158368,10.510316736
13,232,Y,5252636288,10.505272576
110,112,N,5250680272,10.501360544
13,75,N,5249289568,10.498579136
91,71,N,5247663200,10.4953264
88,42,N,5235848752,10.471697504
100,47,N,5231241152,10.462482304
27,1,N,5214214952,10.428429904
104,68,N,5193599144,10.387198288
37,75,N,5191854480,10.38370896
217,11,Y,5178002776,10.356005552
122,20,N,5177389528,10.354779056
777,81,Y,5175896156,10.351792311999999
118,105,N,5172131640,10.34426328
72,104,N,5167790144,10.335580288
96,43,N,5163566816,10.327133632
59,55,N,5160446416,10.320892832
96,88,N,5157882984,10.315765968
23,50,N,5157294952,10.314589904
74,113,N,5149226056,10.298452112
9,66,N,5138971128,10.277942256
87,111,N,5138311880,10.27662376
124,108,N,5134975712,10.269951424
26,35,N,5132335840,10.26467168
117,53,N,5126563248,10.253126496
110,23,N,5126369392,10.252738784
13,4,N,5120681352,10.241362704
42,9,N,5096931960,10.19386392
22,307,Y,5094097960,10.18819592
80,72,N,5092940528,10.185881056
44,122,N,5090558760,10.18111752
47,100,N,5085709456,10.171418912
73,23,N,5084102600,10.1682052
7,21,N,5082934304,10.165868608
89,107,N,5081557912,10.163115824
31,70,N,5079084552,10.158169104
61,79,N,5078543360,10.15708672
38,92,N,5070043352,10.140086704
81,85,N,5064589576,10.129179151999999
15,61,N,5042786984,10.085573968
70,113,N,5040762128,10.081524256
112,115,N,5036564368,10.073128736000001
59,127,N,5032462304,10.064924608
57,585,Y,5018284776,10.036569552000001
28,115,N,5017149728,10.034299456
99,2,N,5012183400,10.0243668
63,73,N,5006797184,10.013594368
52,24,N,5003731784,10.007463568
24,52,N,4994430576,9.988861152
119,36,N,4980740360,9.96148072
26,5,N,4973674554,9.947349108000001
6,22,N,4972033232,9.944066463999999
6,30,N,4971996232,9.943992463999999
20,17,N,4965953712,9.931907424
72,80,N,4959792255,9.91958451
174,5,Y,4959605678,9.919211356
2,71,N,4956653695,9.91330739
60,63,N,4952040040,9.90408008
95,73,N,4936252240,9.87250448
93,84,N,4924005344,9.848010688
66,9,N,4922541600,9.8450832
67,47,N,4922012896,9.844025792
10,108,N,4907213592,9.814427184000001
126,69,N,4887205544,9.774411087999999
86,111,N,4885888288,9.771776576
4,79,N,4877301536,9.754603072
14,99,N,4868284808,9.736569616
119,48,N,4865799472,9.731598944
20,61,N,4858468480,9.71693696
17,90,N,4857977893,9.715955786
87,74,N,4855957464,9.711914928
68,90,N,4853067688,9.706135375999999
61,37,N,4839313488,9.678626976
18,64,N,4837039720,9.67407944
47,39,N,4834752568,9.669505136000001
38,81,N,4831563912,9.663127824
40,27,N,4821052616,9.642105232
115,64,N,4816955752,9.633911504
113,70,N,4813714024,9.627428048
49,113,N,4810489096,9.620978192
92,124,N,4805494688,9.610989376
12,26,N,4804833296,9.609666592
55,7,N,4804486888,9.608973776000001
122,44,N,4801979832,9.603959664
0,16,N,4785246112,9.570492224
99,14,N,4784179216,9.568358432
69,34,N,4780836128,9.561672256000001
102,86,N,4779752552,9.559505104000001
43,58,N,4776126144,9.552252288
57,52,N,4774443008,9.548886015999999
13,64,N,4772527840,9.54505568
43,96,N,4765244480,9.53048896
75,57,N,4762442328,9.524884656000001
8,62,N,4762008484,9.524016968
3,36,N,4751050832,9.502101664
109,56,N,4748755808,9.497511616
54,66,N,4746657452,9.493314904
15,125,N,4740089952,9.480179904
83,7,N,4739844048,9.479688096
22,6,N,4733617168,9.467234335999999
71,127,N,4728093257,9.456186514
105,118,N,4722484632,9.444969264
6,16,N,4722224784,9.444449568
77,118,N,4714221376,9.428442752
1128,125,Y,4707997784,9.415995568
11,83,N,4696563968,9.393127935999999
64,115,N,4695259000,9.390518
39,21,N,4686041424,9.372082848
105,972,Y,4677406920,9.35481384
35,94,N,4676830968,9.353661936
102,125,N,4674452984,9.348905968
8,82,N,4672321880,9.34464376
44,24,N,4669323056,9.338646112
82,0,N,4666329104,9.332658208
35,26,N,4660843232,9.321686463999999
68,104,N,4660399248,9.320798496
66,54,N,4657361576,9.314723152
103,92,N,4652700888,9.305401776
56,73,N,4652458984,9.304917968
22,112,N,4647221520,9.29444304
78,84,N,4644807632,9.289615264
114,78,N,4637243112,9.274486224
113,89,N,4614628712,9.229257424
20,122,N,4610841632,9.221683264
86,106,N,4607310136,9.214620272
59,69,N,4596797112,9.193594224
17,20,N,4590643312,9.181286624
85,81,N,4590271352,9.180542704
100,85,N,4585070168,9.170140336000001
115,28,N,4583472544,9.166945088
51,125,N,4583216424,9.166432848
115,112,N,4564351254,9.128702508
80,769,Y,4559964921,9.119929842000001
78,116,N,4559291264,9.118582528
113,74,N,4556860921,9.113721842
62,70,N,4556327312,9.112654624
103,29,N,4553695208,9.107390416
98,33,N,4551577728,9.103155456
107,42,N,4547350632,9.094701264000001
77,85,N,4546299200,9.0925984
31,60,N,4543106600,9.0862132
966,104,Y,4541353296,9.082706592000001
45,16,N,4531210456,9.062420911999999
127,59,N,4528063840,9.056127680000001
123,119,N,4526336648,9.052673296
80,77,N,4523073960,9.04614792
115,65,N,4522821424,9.045642848
117,82,N,4520092776,9.040185552
41,19,N,4510386192,9.020772384
63,93,N,4508804168,9.017608336
90,33,N,4508032432,9.016064863999999
72,707,Y,4505536472,9.011072944
18,50,N,4496229632,8.992459263999999
31,20,N,4494726312,8.989452624
51,98,N,4493200336,8.986400672
29,80,N,4488955592,8.977911184
80,127,N,4483238517,8.966477034
22,39,N,4477341728,8.954683456
1,106,N,4475993712,8.951987424
100,106,N,4468590344,8.937180688
36,19,N,4463676768,8.927353536
55,8,N,4462279536,8.924559072000001
942,101,Y,4453223856,8.906447712
64,18,N,4436574712,8.873149424
91,29,N,4435020408,8.870040816
67,72,N,4432251264,8.864502528
3,65,N,4427223880,8.854447760000001
75,112,N,4426697616,8.853395232
108,80,N,4426126816,8.852253632
126,18,N,4414409432,8.828818864
22,66,N,4413949984,8.827899968
68,14,N,4411415952,8.822831904000001
58,2,N,4410365552,8.820731104
24,44,N,4409039558,8.818079116
89,83,N,4401971304,8.803942608
119,89,N,4397058856,8.794117712
101,50,N,4393390520,8.78678104
5,26,N,4389011876,8.778023752
34,69,N,4384278936,8.768557872
61,20,N,4382972120,8.76594424
96,62,N,4376015752,8.752031504
94,37,N,4364961689,8.729923378
71,2,N,4360791704,8.721583408
103,75,N,4352046720,8.704093440000001
18,126,N,4350874144,8.701748288
33,38,N,4330983856,8.661967712000001
58,83,N,4323216408,8.646432816
8,125,N,4321014064,8.642028128
114,46,N,4314813640,8.629627280000001
82,8,N,4285485384,8.570970768
52,57,N,4272751192,8.545502384
11,97,N,4267959208,8.535918416000001
75,37,N,4263479184,8.526958367999999
39,9,N,4254529368,8.509058736
39,47,N,4246035176,8.492070352
70,31,N,4238124200,8.4762484
8,55,N,4228165152,8.456330304
18,93,N,4226544280,8.45308856
126,124,N,4221914720,8.44382944
46,114,N,4216442064,8.432884128
762,79,Y,4212031844,8.424063688
27,40,N,4206344184,8.412688368
81,106,N,4203430016,8.406860032
17,117,N,4198510472,8.397020944
1,85,N,4193852928,8.387705856
69,59,N,4193812760,8.38762552
86,47,N,4175347432,8.350694864
93,63,N,4158092296,8.316184592
11,33,N,4156407216,8.312814432
48,63,N,4153298096,8.306596192
33,117,N,4152217352,8.304434704
44,127,N,4147657112,8.295314224
65,91,N,4146453272,8.292906544000001
114,32,N,4141393888,8.282787776
21,39,N,4140918840,8.281837679999999
104,963,Y,4140346312,8.280692624
20,31,N,4124251056,8.248502112
122,71,N,4123912464,8.247824928
94,122,N,4117930056,8.235860112
70,107,N,4101926640,8.203853279999999
94,72,N,4092995088,8.185990176
36,45,N,4092748112,8.185496224
103,4,N,4090256656,8.180513312
33,98,N,4086128216,8.172256432
45,78,N,4084001136,8.168002271999999
4,103,N,4082570128,8.165140256
69,126,N,4081285240,8.162570480000001
47,67,N,4077671904,8.155343808
67,27,N,4064845000,8.12969
43,39,N,4056569528,8.113139056
37,94,N,4044679512,8.089359024
52,124,N,4039085856,8.078171712
62,8,N,4037068164,8.074136328
20,62,N,4031914784,8.063829568
92,91,N,4025731504,8.051463007999999
82,7,N,4018513696,8.037027392
109,118,N,4014776224,8.029552448
84,78,N,4007270496,8.014540991999999
91,28,N,3999251392,7.998502784
71,122,N,3996514560,7.99302912
73,95,N,3991654832,7.983309664
48,119,N,3977773832,7.955547664
88,37,N,3963129857,7.926259714
92,103,N,3952183320,7.90436664
7,55,N,3950872208,7.9017444160000005
74,87,N,3948769160,7.89753832
27,67,N,3944461360,7.888922719999999
117,17,N,3925713960,7.85142792
40,95,N,3925103272,7.850206544000001
67,12,N,3916967896,7.833935792
24,50,N,3916413736,7.832827471999999
107,89,N,3912326536,7.824653072
68,95,N,3905512888,7.811025775999999
40,452,Y,3903363240,7.806726479999999
82,117,N,3898575192,7.797150384
113,49,N,3892693368,7.7853867359999995
90,68,N,3877636368,7.755272736
78,45,N,3877090088,7.754180176
26,12,N,3876796392,7.753592784
117,33,N,3853047112,7.706094224
79,88,N,3840234632,7.680469264000001
116,73,N,3835650360,7.6713007200000005
126,57,N,3833839384,7.667678768
36,116,N,3828999536,7.657999072000001
116,78,N,3821155760,7.64231152
32,114,N,3804446640,7.608893279999999
2,99,N,3794701344,7.589402688000001
3,28,N,3794429544,7.5888590879999995
88,96,N,3793111160,7.586222319999999
97,11,N,3791829352,7.583658704
91,92,N,3780173968,7.560347936
74,123,N,3777903359,7.5558067179999995
122,94,N,3768770064,7.537540128000001
36,3,N,3765983960,7.5319679200000005
29,91,N,3759546184,7.519092367999999
57,126,N,3753959016,7.507918031999999
85,1,N,3752147776,7.504295551999999
118,109,N,3751091200,7.5021824
123,74,N,3749920480,7.499840959999999
46,93,N,3747871872,7.495743743999999
62,20,N,3734596416,7.469192832
19,36,N,3721631536,7.443263072000001
25,72,N,3717028504,7.434057008
72,67,N,3711014976,7.422029952000001
1029,112,Y,3705257536,7.410515072
37,88,N,3702560696,7.405121392
39,43,N,3701712560,7.40342512
39,22,N,3701045656,7.4020913120000005
33,11,N,3697866912,7.395733824000001
73,116,N,3692328504,7.3846570080000005
65,3,N,3687808160,7.375616320000001
93,46,N,3681765016,7.363530032
1136,126,Y,3667863008,7.335726016000001
116,36,N,3664556608,7.329113216
78,114,N,3648092120,7.2961842400000005
4,13,N,3630276392,7.260552784000001
107,986,Y,3629400144,7.258800288
23,54,N,3624700952,7.249401904
54,114,N,3621205216,7.242410432
51,24,N,3608222040,7.21644408
95,68,N,3590122584,7.180245168000001
9,39,N,3541876248,7.083752496
124,126,N,3539437264,7.078874527999999
65,115,N,3532068784,7.064137568
106,100,N,3525588600,7.0511772
109,28,N,3524799320,7.04959864
47,86,N,3522295344,7.044590688
51,59,N,3520957104,7.041914208
113,63,N,3501117624,7.002235248
4,115,N,3496454736,6.992909472
6,7,N,3492671544,6.985343088
124,52,N,3484097600,6.9681952
80,29,N,3474711736,6.949423472
118,29,N,3461491192,6.922982384
796,83,Y,3446808368,6.893616735999999
106,1,N,3435110760,6.87022152
56,54,N,3427185152,6.854370304
106,81,N,3378397896,6.756795792
28,3,N,3377049416,6.7540988319999995
125,8,N,3364220536,6.728441072000001
107,70,N,3347740400,6.6954808
45,36,N,3341948560,6.68389712
110,114,N,3330729912,6.6614598240000005
54,3,N,3326782016,6.653564032
284,19,Y,3313101872,6.626203744000001
88,2,N,3280471096,6.560942192
382,31,Y,3274976324,6.549952648
10,215,Y,3269003128,6.538006255999999
29,103,N,3267612664,6.535225327999999
7,82,N,3267458016,6.534916032
54,23,N,3253797880,6.50759576
59,601,Y,3246808426,6.493616852000001
50,18,N,3246553456,6.493106912
70,62,N,3222063896,6.444127792
2,88,N,3219987048,6.439974095999999
30,371,Y,3200622740,6.401245479999999
114,110,N,3185699344,6.371398688
67,35,N,3172362384,6.344724768
633,63,Y,3167900781,6.335801562
59,51,N,3133351384,6.266702768
44,69,N,3097889976,6.1957799520000005
136,1,Y,3097348400,6.1946968
114,54,N,3095663798,6.191327596
80,773,Y,3092816168,6.185632336
51,8,N,3042693272,6.085386544
115,4,N,3022030984,6.044061968
315,23,Y,3020822472,6.041644944
63,113,N,3017869136,6.035738272
99,923,Y,3012876088,6.025752176
125,51,N,2992600688,5.985201376
69,44,N,2990695432,5.981390864000001
991,107,Y,2986728544,5.973457088
3,54,N,2966758248,5.933516496
104,95,N,2955244272,5.910488544
439,38,Y,2954753224,5.909506448
99,58,N,2918942824,5.837885647999999
7,6,N,2901475608,5.802951215999999
102,946,Y,2886386392,5.772772784
488,45,Y,2879548432,5.759096864
718,73,Y,2854117256,5.708234512000001
95,104,N,2837966232,5.675932464
58,595,Y,2812505624,5.625011248
29,118,N,2739820016,5.479640032
56,3,N,2721935000,5.4438699999999995
54,56,N,2687558992,5.375117984
94,884,Y,2683789504,5.367579008
107,991,Y,2682436864,5.364873728
53,555,Y,2660398152,5.320796304
81,780,Y,2639771848,5.279543695999999
661,66,Y,2636899800,5.2737996
21,299,Y,2589083216,5.178166431999999
8,51,N,2582860650,5.1657213
67,671,Y,2551923968,5.103847936
206,9,Y,2535867400,5.071734800000001
49,521,Y,2496312504,4.992625008
606,59,Y,2489888832,4.979777664
23,315,Y,2486056136,4.9721122719999995
5,171,Y,2485618464,4.971236928
110,1015,Y,2482543256,4.965086512
999,108,Y,2458449376,4.916898752
5,175,Y,2454778192,4.909556384
426,37,Y,2440338384,4.880676768
737,76,Y,2434570840,4.86914168
867,92,Y,2410193720,4.82038744
588,57,Y,2409154032,4.818308064
455,40,Y,2407429152,4.8148583039999995
108,992,Y,2390972552,4.781945104
357,28,Y,2377531800,4.7550636
589,57,Y,2369187568,4.738375135999999
260,16,Y,2368777896,4.737555792
89,846,Y,2356586944,4.713173888
28,109,N,2349081144,4.698162288
4,160,Y,2346344328,4.692688656
63,634,Y,2304038072,4.608076144
123,1119,Y,2290734776,4.581469552
25,328,Y,2288720408,4.577440816
123,1116,Y,2281305664,4.562611328
65,655,Y,2268641480,4.53728296
48,516,Y,2266690280,4.5333805599999994
3,56,N,2261214104,4.522428208
995,108,Y,2247959936,4.495919872
354,28,Y,2243882736,4.487765472
81,783,Y,2232083440,4.46416688
1,143,Y,2201631664,4.4032633279999995
920,99,Y,2200793800,4.4015876
881,94,Y,2146728568,4.293457136
89,113,N,2145232104,4.2904642079999995
15,253,Y,2143038728,4.286077456
1035,113,Y,2135022800,4.2700455999999996
337,26,Y,2128310498,4.256620996
1072,118,Y,2117045752,4.234091504
767,79,Y,2113405256,4.226810512
610,60,Y,2110473080,4.22094616
77,746,Y,2105201920,4.210403840000001
325,24,Y,2095795392,4.191590784000001
1073,118,Y,2091116152,4.182232303999999
590,57,Y,2070621776,4.141243552
65,651,Y,2066007712,4.1320154239999995
78,758,Y,2065999224,4.131998448
1000,109,Y,2049684344,4.099368688
479,43,Y,2041262800,4.082525599999999
144,2,Y,2039253816,4.078507632
390,32,Y,2034772446,4.069544892000001
90,852,Y,2034615312,4.069230623999999
628,62,Y,2007782736,4.0155654720000005
497,46,Y,1984071824,3.968143648
84,805,Y,1975067360,3.9501347200000003
99,921,Y,1974773640,3.94954728
79,764,Y,1971125416,3.942250832
472,43,Y,1964508072,3.9290161439999998
263,16,Y,1962806504,3.925613008
522,49,Y,1959711989,3.919423978
927,99,Y,1946325392,3.8926507839999998
103,955,Y,1942151528,3.884303056
59,603,Y,1931631736,3.8632634720000003
371,30,Y,1927571512,3.8551430239999998
0,128,Y,1916027920,3.83205584
666,67,Y,1909173128,3.818346256
83,792,Y,1908357912,3.816715824
28,354,Y,1890701024,3.7814020480000003
16,258,Y,1871798376,3.743596752
90,855,Y,1871440936,3.742881872
60,614,Y,1868532544,3.737065088
127,1151,Y,1866082968,3.7321659360000004
1145,127,Y,1864344216,3.7286884319999998
464,42,Y,1861963008,3.723926016
963,104,Y,1856414048,3.7128280960000004
1095,120,Y,1853652568,3.7073051359999996
919,98,Y,1852269112,3.704538224
98,919,Y,1839233472,3.678466944
631,62,Y,1834092848,3.668185696
91,861,Y,1828421432,3.6568428639999997
107,984,Y,1828372952,3.656745904
43,473,Y,1806699608,3.6133992160000004
25,334,Y,1799072096,3.5981441920000004
29,363,Y,1794389968,3.588779936
78,755,Y,1793062200,3.5861244
93,877,Y,1785670464,3.5713409279999997
55,572,Y,1783410832,3.566821664
61,617,Y,1773416037,3.546832074
861,91,Y,1745096392,3.490192784
64,644,Y,1738318688,3.476637376
100,930,Y,1726900064,3.453800128
209,10,Y,1719952552,3.439905104
97,905,Y,1710064280,3.4201285599999998
29,361,Y,1707855776,3.4157115520000003
401,34,Y,1690912128,3.3818242560000003
960,104,Y,1687111184,3.3742223680000003
70,691,Y,1685960568,3.371921136
4,166,Y,1685300512,3.370601024
41,462,Y,1684974656,3.369949312
77,751,Y,1684540544,3.3690810879999997
708,72,Y,1678256865,3.35651373
849,90,Y,1665145896,3.330291792
384,32,Y,1657567752,3.3151355039999997
5,168,Y,1654173456,3.308346912
43,479,Y,1651717056,3.3034341119999997
893,95,Y,1636876168,3.273752336
116,1059,Y,1632531168,3.2650623359999997
125,1128,Y,1631107976,3.262215952
676,68,Y,1630484768,3.260969536
24,322,Y,1623782696,3.247565392
61,623,Y,1622158208,3.244316416
52,548,Y,1617801400,3.2356028
200,9,Y,1616636848,3.2332736959999995
624,62,Y,1609427192,3.218854384
878,93,Y,1609352744,3.2187054880000003
17,264,Y,1606057408,3.212114816
4,163,Y,1604068608,3.2081372160000003
1014,110,Y,1599474112,3.198948224
103,957,Y,1595542552,3.191085104
14,242,Y,1595213320,3.19042664
282,19,Y,1590944456,3.181888912
164,4,Y,1589862752,3.179725504
55,570,Y,1585639520,3.1712790400000004
481,44,Y,1583567040,3.1671340800000003
4,165,Y,1582870936,3.165741872
15,254,Y,1581512968,3.1630259360000004
203,9,Y,1580416800,3.1608336
723,74,Y,1573168064,3.1463361279999997
955,103,Y,1572017424,3.144034848
124,1121,Y,1570803616,3.141607232
75,734,Y,1559890488,3.119780976
202,9,Y,1557843656,3.115687312
105,969,Y,1555789152,3.111578304
736,76,Y,1555232584,3.110465168
595,58,Y,1552582768,3.105165536
815,85,Y,1548627904,3.097255808
67,665,Y,1547810176,3.095620352
61,618,Y,1545955256,3.0919105119999997
80,770,Y,1545049736,3.0900994720000003
165,4,Y,1536923424,3.073846848
29,362,Y,1534258320,3.0685166400000004
52,550,Y,1532602112,3.065204224
344,27,Y,1524725336,3.0494506720000003
38,434,Y,1524546792,3.049093584
32,388,Y,1523499984,3.0469999679999997
769,80,Y,1520807056,3.041614112
9,207,Y,1519349848,3.038699696
105,971,Y,1517628898,3.035257796
135,0,Y,1515226712,3.030453424
75,730,Y,1507758720,3.01551744
1067,117,Y,1502625288,3.005250576
87,829,Y,1502444520,3.00488904
802,84,Y,1490768080,2.98153616
63,639,Y,1486474792,2.972949584
1013,110,Y,1485416976,2.970833952
118,1077,Y,1482069616,2.964139232
16,260,Y,1477297064,2.954594128
14,240,Y,1476733008,2.953466016
34,406,Y,1475608832,2.9512176639999996
93,879,Y,1474452888,2.948905776
11,221,Y,1472190416,2.9443808320000002
92,865,Y,1471021800,2.9420436000000003
696,71,Y,1470809672,2.941619344
587,57,Y,1466873984,2.933747968
62,625,Y,1464278288,2.928556576
65,652,Y,1451669880,2.90333976
438,38,Y,1450783040,2.90156608
361,29,Y,1447322968,2.894645936
355,28,Y,1441943680,2.8838873599999997
167,4,Y,1439547392,2.8790947840000003
751,77,Y,1439169784,2.878339568
30,370,Y,1438891568,2.8777831359999997
271,17,Y,1437004976,2.8740099519999998
71,697,Y,1436667936,2.873335872
22,310,Y,1431661272,2.863322544
92,868,Y,1430245448,2.860490896
1017,111,Y,1425295688,2.850591376
50,534,Y,1423430504,2.8468610080000003
566,54,Y,1420424368,2.8408487360000003
294,20,Y,1415610600,2.8312212
20,289,Y,1414475664,2.828951328
234,13,Y,1413377480,2.82675496
1030,112,Y,1412419968,2.824839936
187,7,Y,1409956096,2.819912192
715,73,Y,1405085944,2.810171888
678,68,Y,1404435768,2.808871536
1148,127,Y,1404284472,2.8085689439999997
105,973,Y,1403639120,2.80727824
474,43,Y,1403633616,2.807267232
7,190,Y,1396279160,2.79255832
218,11,Y,1394049000,2.7880979999999997
62,624,Y,1391744376,2.7834887520000002
572,55,Y,1390865672,2.781731344
103,952,Y,1388726952,2.777453904
996,108,Y,1379211080,2.75842216
124,1125,Y,1377817160,2.75563432
228,12,Y,1374514816,2.749029632
860,91,Y,1372786920,2.74557384
417,36,Y,1372782728,2.745565456
380,31,Y,1372599656,2.745199312
322,24,Y,1370298096,2.740596192
30,372,Y,1368562512,2.737125024
259,16,Y,1366551012,2.733102024
272,18,Y,1366412560,2.73282512
465,42,Y,1366221680,2.73244336
402,34,Y,1365492864,2.730985728
97,908,Y,1365208216,2.730416432
940,101,Y,1364367720,2.7287354400000003
797,83,Y,1363469632,2.7269392640000003
1096,121,Y,1356736264,2.713472528
469,42,Y,1356170840,2.71234168
175,5,Y,1354811688,2.709623376
71,699,Y,1352770376,2.705540752
117,1070,Y,1348844144,2.697688288
1138,126,Y,1345093128,2.690186256
152,3,Y,1345081080,2.6901621600000003
1,138,Y,1342680120,2.68536024
23,318,Y,1340780280,2.68156056
778,81,Y,1337365448,2.6747308960000002
82,788,Y,1336463192,2.672926384
41,458,Y,1336401328,2.672802656
67,664,Y,1335900120,2.67180024
943,101,Y,1334689192,2.669378384
48,518,Y,1334153152,2.668306304
61,620,Y,1333522184,2.667044368
817,86,Y,1333512992,2.667025984
823,86,Y,1332677216,2.665354432
31,378,Y,1332371984,2.664743968
121,1096,Y,1331734808,2.663469616
283,19,Y,1330874712,2.661749424
348,27,Y,1328503944,2.657007888
451,40,Y,1328058096,2.656116192
47,508,Y,1327194256,2.6543885119999997
75,728,Y,1325736528,2.651473056
64,645,Y,1325113664,2.6502273279999997
536,51,Y,1324203720,2.64840744
99,925,Y,1319954672,2.639909344
90,851,Y,1318953568,2.637907136
929,100,Y,1317171312,2.634342624
58,596,Y,1315596640,2.63119328
96,901,Y,1314897408,2.629794816
118,1076,Y,1313816504,2.627633008
321,24,Y,1313726496,2.6274529920000003
585,57,Y,1311596256,2.623192512
72,709,Y,1311262608,2.622525216
115,1052,Y,1310744248,2.621488496
233,13,Y,1308706936,2.617413872
43,475,Y,1308252576,2.616505152
2,147,Y,1306900120,2.6138002399999998
413,35,Y,1306629064,2.613258128
918,98,Y,1305920528,2.611841056
31,376,Y,1303579392,2.607158784
161,4,Y,1300886608,2.601773216
333,25,Y,1299497040,2.5989940799999998
581,56,Y,1298585640,2.59717128
340,26,Y,1295152408,2.590304816
170,5,Y,1293786520,2.58757304
253,15,Y,1293585560,2.5871711200000003
1045,114,Y,1293564624,2.5871292479999997
154,3,Y,1293539520,2.58707904
127,1145,Y,1293476864,2.586953728
104,964,Y,1292825064,2.585650128
879,93,Y,1292781160,2.58556232
50,530,Y,1291558104,2.5831162080000003
746,77,Y,1289537032,2.579074064
124,1126,Y,1288266360,2.57653272
74,723,Y,1287983608,2.575967216
79,766,Y,1284288800,2.5685776000000002
87,824,Y,1280948816,2.561897632
116,1061,Y,1278731272,2.557462544
59,606,Y,1276420248,2.552840496
347,27,Y,1275996080,2.5519921599999997
16,261,Y,1275977456,2.551954912
39,445,Y,1273512736,2.5470254719999996
100,929,Y,1270650928,2.541301856
198,8,Y,1270365808,2.540731616
91,856,Y,1268729080,2.53745816
9,200,Y,1268412528,2.536825056
11,218,Y,1268164024,2.536328048
34,407,Y,1267225552,2.534451104
97,906,Y,1266918312,2.533836624
41,460,Y,1266504480,2.53300896
106,978,Y,1266347880,2.53269576
119,1084,Y,1266011424,2.532022848
971,105,Y,1265175920,2.53035184
89,841,Y,1263235120,2.5264702399999996
50,528,Y,1262519432,2.525038864
761,79,Y,1261788816,2.523577632
32,384,Y,1261670272,2.523340544
428,37,Y,1261402464,2.5228049280000002
106,979,Y,1260262568,2.520525136
933,100,Y,1259422728,2.518845456
25,330,Y,1258405464,2.516810928
824,87,Y,1256939760,2.51387952
1084,119,Y,1254980728,2.509961456
570,55,Y,1254374336,2.508748672
897,96,Y,1253384536,2.506769072
70,694,Y,1252331792,2.504663584
747,77,Y,1249356192,2.498712384
709,72,Y,1249107136,2.498214272
675,68,Y,1248703560,2.49740712
537,51,Y,1248456464,2.496912928
908,97,Y,1247511976,2.495023952
307,22,Y,1246648536,2.493297072
6,178,Y,1245997080,2.49199416
73,719,Y,1244698064,2.489396128
240,14,Y,1243965728,2.487931456
94,887,Y,1239032600,2.4780652
846,89,Y,1238608424,2.477216848
992,108,Y,1235521920,2.47104384
110,1010,Y,1234547944,2.469095888
480,44,Y,1234239424,2.468478848
1069,117,Y,1232024721,2.464049442
314,23,Y,1230009264,2.460018528
68,674,Y,1228934960,2.4578699200000003
642,64,Y,1228844736,2.4576894719999998
115,1055,Y,1226547120,2.45309424
256,16,Y,1226451592,2.452903184
73,718,Y,1222998424,2.445996848
94,883,Y,1222702072,2.4454041440000003
782,81,Y,1221338640,2.44267728
28,357,Y,1220981544,2.441963088
456,41,Y,1220828616,2.441657232
753,78,Y,1220266200,2.4405324
56,577,Y,1220036280,2.44007256
97,911,Y,1219877424,2.4397548479999998
25,331,Y,1219004328,2.438008656
10,212,Y,1217239352,2.434478704
430,37,Y,1213676048,2.427352096
81,779,Y,1213035280,2.4260705600000003
82,791,Y,1210939752,2.421879504
57,590,Y,1209422136,2.4188442720000003
52,544,Y,1207134784,2.414269568
102,945,Y,1202831656,2.405663312
192,8,Y,1202537824,2.405075648
40,455,Y,1201091944,2.402183888
91,863,Y,1200045984,2.400091968
452,40,Y,1199437232,2.398874464
507,47,Y,1198271784,2.3965435680000002
632,63,Y,1197503248,2.395006496
956,103,Y,1195655744,2.391311488
1110,122,Y,1194713328,2.389426656
52,547,Y,1194083000,2.388166
341,26,Y,1192464048,2.384928096
584,57,Y,1192278120,2.3845562399999998
962,104,Y,1191579752,2.383159504
39,441,Y,1188760840,2.37752168
658,66,Y,1187582272,2.375164544
457,41,Y,1187406408,2.374812816
81,777,Y,1184770736,2.369541472
87,830,Y,1184390728,2.368781456
18,276,Y,1184054888,2.368109776
22,309,Y,1183950080,2.36790016
184,7,Y,1183747328,2.367494656
363,29,Y,1183703048,2.367406096
571,55,Y,1183390640,2.36678128
0,134,Y,1183305112,2.366610224
69,682,Y,1182565352,2.365130704
501,46,Y,1182195912,2.3643918239999997
159,3,Y,1181885928,2.363771856
51,541,Y,1181855648,2.363711296
914,98,Y,1181651424,2.363302848
1133,125,Y,1179255072,2.358510144
578,56,Y,1179238824,2.358477648
169,5,Y,1178024328,2.356048656
1066,117,Y,1177122776,2.354245552
591,57,Y,1176783976,2.353567952
521,49,Y,1175956176,2.3519123520000003
69,687,Y,1174279352,2.3485587039999998
20,290,Y,1174218528,2.348437056
728,75,Y,1174129464,2.348258928
76,741,Y,1173660496,2.347320992
947,102,Y,1173371544,2.346743088
1114,123,Y,1173088440,2.3461768800000002
544,52,Y,1172771672,2.3455433439999998
193,8,Y,1171521344,2.343042688
120,1092,Y,1169488792,2.338977584
117,1065,Y,1168346656,2.336693312
116,1063,Y,1167653224,2.3353064480000003
534,50,Y,1167428840,2.33485768
18,273,Y,1166340664,2.332681328
673,68,Y,1162399776,2.324799552
1090,120,Y,1162348672,2.324697344
37,429,Y,1161626136,2.323252272
118,1072,Y,1161448608,2.322897216
106,976,Y,1160653256,2.321306512
749,77,Y,1160057448,2.320114896
78,759,Y,1159665336,2.319330672
99,922,Y,1159622976,2.319245952
1,136,Y,1159363872,2.3187277440000003
499,46,Y,1159222992,2.3184459840000002
101,942,Y,1158771184,2.3175423680000002
20,295,Y,1158733448,2.317466896
997,108,Y,1158731616,2.3174632319999997
54,565,Y,1158660696,2.317321392
109,1000,Y,1158267352,2.316534704
27,344,Y,1157165144,2.3143302880000003
38,438,Y,1156485640,2.31297128
60,613,Y,1156133192,2.312266384
7,187,Y,1156040120,2.3120802400000002
403,34,Y,1154404808,2.308809616
122,1104,Y,1154359952,2.3087199039999997
662,66,Y,1152631392,2.305262784
573,55,Y,1152008048,2.304016096
85,809,Y,1151982088,2.303964176
108,997,Y,1148647528,2.297295056
232,13,Y,1145538440,2.29107688
818,86,Y,1144297752,2.288595504
406,34,Y,1143811904,2.287623808
12,230,Y,1142837264,2.285674528
448,40,Y,1142756816,2.2855136320000002
43,474,Y,1138831208,2.277662416
214,10,Y,1137231936,2.274463872
352,28,Y,1135652136,2.271304272
6,179,Y,1135315936,2.270631872
296,21,Y,1134377640,2.26875528
306,22,Y,1133155024,2.266310048
1120,124,Y,1132961264,2.265922528
7,185,Y,1131855192,2.263710384
86,816,Y,1131840648,2.2636812959999997
734,75,Y,1130952152,2.261904304
525,49,Y,1129767528,2.2595350560000003
56,581,Y,1129401544,2.2588030879999996
75,732,Y,1128138648,2.256277296
504,47,Y,1127036568,2.254073136
540,51,Y,1125128400,2.2502568
95,892,Y,1125083576,2.250167152
308,22,Y,1122634456,2.2452689120000002
104,966,Y,1122532176,2.245064352
70,692,Y,1122522504,2.245045008
4,167,Y,1122082808,2.244165616
685,69,Y,1122060272,2.2441205440000003
982,106,Y,1121087456,2.2421749120000003
10,213,Y,1120969200,2.2419384
309,22,Y,1119208376,2.238416752
54,562,Y,1117115168,2.234230336
63,633,Y,1116573608,2.233147216
126,1140,Y,1116349696,2.232699392
274,18,Y,1116062840,2.2321256800000002
1057,116,Y,1114957376,2.229914752
1070,117,Y,1114830088,2.229660176
381,31,Y,1112896128,2.225792256
292,20,Y,1112368040,2.22473608
916,98,Y,1112074232,2.2241484639999998
575,55,Y,1111246216,2.2224924319999997
278,18,Y,1110527856,2.2210557119999996
520,49,Y,1110054944,2.220109888
59,600,Y,1108947496,2.217894992
52,546,Y,1108695512,2.217391024
121,1100,Y,1106761752,2.213523504
84,800,Y,1106085328,2.212170656
106,981,Y,1104011200,2.2080224
231,12,Y,1103354960,2.2067099199999998
1147,127,Y,1100296112,2.2005922239999998
93,878,Y,1100045712,2.200091424
112,1025,Y,1099815680,2.19963136
17,266,Y,1099603512,2.199207024
467,42,Y,1098393208,2.196786416
127,1148,Y,1098320712,2.196641424
819,86,Y,1096731280,2.19346256
98,912,Y,1096558920,2.19311784
149,2,Y,1095963040,2.19192608
910,97,Y,1095250760,2.1905015199999998
77,745,Y,1094443048,2.188886096
900,96,Y,1093743632,2.187487264
112,1027,Y,1092437656,2.184875312
975,105,Y,1091974880,2.18394976
117,1066,Y,1091366960,2.18273392
704,72,Y,1090929640,2.1818592800000003
116,1060,Y,1090903512,2.1818070240000003
47,511,Y,1090469280,2.18093856
141,1,Y,1088391192,2.176782384
264,17,Y,1087688424,2.175376848
291,20,Y,1087682104,2.175364208
419,36,Y,1087678312,2.175356624
42,466,Y,1086934800,2.1738695999999997
484,44,Y,1085929112,2.1718582239999997
102,951,Y,1085434920,2.17086984
18,274,Y,1085411808,2.1708236160000003
0,130,Y,1085371696,2.1707433920000003
738,76,Y,1085112592,2.170225184
915,98,Y,1084325920,2.16865184
555,53,Y,1082431576,2.164863152
244,14,Y,1081342936,2.162685872
779,81,Y,1080774184,2.161548368
837,88,Y,1079861736,2.159723472
112,1029,Y,1079184444,2.158368888
1053,115,Y,1076482496,2.1529649920000002
67,669,Y,1076359088,2.152718176
972,105,Y,1075386712,2.150773424
987,107,Y,1074972520,2.14994504
303,21,Y,1074737000,2.1494739999999997
96,900,Y,1074662664,2.1493253279999998
526,49,Y,1073967528,2.1479350559999997
176,6,Y,1073570288,2.147140576
952,103,Y,1073181456,2.1463629120000003
101,937,Y,1073021349,2.146042698
55,573,Y,1072694680,2.14538936
554,53,Y,1071583952,2.143167904
744,77,Y,1070837320,2.1416746399999997
28,358,Y,1070319760,2.14063952
558,53,Y,1070272952,2.140545904
1139,126,Y,1069986840,2.1399736799999998
205,9,Y,1069425224,2.138850448
49,523,Y,1069397048,2.1387940960000003
768,80,Y,1069388872,2.138777744
101,939,Y,1068054328,2.1361086559999998
421,36,Y,1067230688,2.134461376
109,1002,Y,1066511408,2.133022816
45,491,Y,1066127136,2.132254272
19,283,Y,1065404584,2.130809168
5,174,Y,1064305936,2.128611872
476,43,Y,1062885272,2.125770544
732,75,Y,1062864120,2.12572824
607,59,Y,1061675608,2.123351216
703,71,Y,1061082600,2.1221652
16,262,Y,1059787128,2.119574256
47,505,Y,1058920576,2.117841152
48,514,Y,1058147280,2.11629456
131,0,Y,1057998096,2.1159961920000003
57,587,Y,1057656368,2.115312736
366,29,Y,1057549376,2.115098752
912,98,Y,1057308128,2.114616256
11,222,Y,1056505696,2.1130113919999998
858,91,Y,1055815920,2.1116318400000003
1119,123,Y,1054663696,2.109327392
100,934,Y,1054515600,2.1090312
1043,114,Y,1054428288,2.108856576
126,1138,Y,1053442000,2.106884
47,506,Y,1053245968,2.106491936
1003,109,Y,1051798056,2.103596112
213,10,Y,1050501594,2.101003188
379,31,Y,1050061616,2.100123232
901,96,Y,1049575376,2.099150752
863,91,Y,1049339720,2.09867944
126,1136,Y,1049323104,2.098646208
694,70,Y,1047896464,2.095792928
623,61,Y,1047655432,2.095310864
34,403,Y,1046874544,2.093749088
550,52,Y,1046738384,2.093476768
3,153,Y,1044766952,2.089533904
1124,124,Y,1044698168,2.089396336
14,241,Y,1043986408,2.0879728159999997
68,679,Y,1043810368,2.087620736
1065,117,Y,1043739688,2.087479376
938,101,Y,1043691128,2.087382256
98,914,Y,1043418224,2.0868364479999997
46,499,Y,1042979584,2.085959168
626,62,Y,1041915016,2.083830032
157,3,Y,1041517592,2.083035184
8,195,Y,1041448320,2.08289664
656,66,Y,1040829600,2.0816592
792,83,Y,1039915344,2.079830688
1041,114,Y,1037445176,2.074890352
102,944,Y,1037287000,2.0745739999999997
139,1,Y,1037210856,2.074421712
123,1113,Y,1036597608,2.0731952160000002
894,95,Y,1036362256,2.072724512
446,39,Y,1035304944,2.070609888
57,589,Y,1034848400,2.0696968
740,76,Y,1034530376,2.069060752
80,774,Y,1033519480,2.0670389599999996
52,551,Y,1033206544,2.066413088
830,87,Y,1032307040,2.06461408
60,608,Y,1031963456,2.0639269120000003
328,25,Y,1030325936,2.060651872
44,484,Y,1029747680,2.05949536
3,156,Y,1029182824,2.058365648
51,537,Y,1029043304,2.058086608
11,217,Y,1028933688,2.057867376
475,43,Y,1028701672,2.057403344
65,648,Y,1028666192,2.057332384
26,339,Y,1027826808,2.055653616
780,81,Y,1026635112,2.053270224
26,340,Y,1025333600,2.0506672
88,834,Y,1025301672,2.050603344
1127,124,Y,1024998968,2.049997936
745,77,Y,1024139824,2.048279648
1118,123,Y,1023638392,2.047276784
683,69,Y,1023342408,2.046684816
2,144,Y,1022916256,2.045832512
56,578,Y,1022862296,2.045724592
181,6,Y,1021705992,2.043411984
613,60,Y,1021595336,2.043190672
125,1134,Y,1021515144,2.043030288
1023,111,Y,1021186024,2.0423720480000003
643,64,Y,1020927592,2.041855184
72,705,Y,1020260296,2.040520592
359,28,Y,1019940568,2.039881136
42,465,Y,1019734888,2.0394697760000002
127,1144,Y,1019339456,2.038678912
495,45,Y,1018878704,2.037757408
876,93,Y,1018067384,2.0361347679999997
553,53,Y,1015818208,2.031636416
13,236,Y,1015456648,2.030913296
83,796,Y,1015383584,2.030767168
1094,120,Y,1015206056,2.030412112
407,34,Y,1015047840,2.03009568
45,494,Y,1014770960,2.02954192
378,31,Y,1014578464,2.029156928
113,1038,Y,1011195848,2.022391696
1047,114,Y,1010936592,2.021873184
44,485,Y,1010882528,2.021765056
182,6,Y,1010809544,2.021619088
45,488,Y,1010753792,2.021507584
275,18,Y,1010358504,2.020717008
1062,116,Y,1009939656,2.019879312
774,80,Y,1009434952,2.018869904
62,626,Y,1008678920,2.01735784
1126,124,Y,1008045384,2.0160907679999998
757,78,Y,1007773424,2.015546848
59,604,Y,1006543688,2.013087376
707,72,Y,1006311664,2.012623328
120,1093,Y,1005817872,2.011635744
81,781,Y,1005773096,2.011546192
78,757,Y,1005633232,2.011266464
235,13,Y,1005229440,2.01045888
8,196,Y,1004216584,2.0084331680000003
932,100,Y,1004141048,2.0082820960000003
32,390,Y,1004101656,2.008203312
76,737,Y,1003830940,2.00766188
290,20,Y,1003125496,2.006250992
31,382,Y,1002701912,2.005403824
12,225,Y,1002249022,2.004498044
48,513,Y,1001602584,2.003205168
342,26,Y,1001186904,2.0023738079999998
721,74,Y,1000688136,2.0013762720000003
722,74,Y,1000509584,2.001019168
68,678,Y,999695952,1.9993919039999999
30,368,Y,999013640,1.99802728
42,464,Y,997789344,1.995578688
1141,126,Y,997145544,1.9942910880000002
556,53,Y,995811712,1.9916234240000001
29,365,Y,995027768,1.9900555359999998
33,399,Y,995010384,1.990020768
755,78,Y,994877584,1.989755168
51,538,Y,994690512,1.989381024
1135,125,Y,993175176,1.9863503519999999
12,224,Y,993016320,1.98603264
331,25,Y,993003912,1.9860078239999999
117,1064,Y,992576504,1.985153008
114,1047,Y,992537984,1.985075968
289,20,Y,992291520,1.98458304
414,35,Y,991970072,1.9839401440000002
764,79,Y,991862328,1.9837246560000001
442,39,Y,991817624,1.983635248
54,563,Y,990903128,1.9818062559999998
376,31,Y,990892272,1.981784544
178,6,Y,990724784,1.981449568
80,771,Y,988515032,1.9770300639999998
1015,110,Y,987598000,1.975196
40,453,Y,987424096,1.974848192
63,636,Y,985990344,1.971980688
514,48,Y,985960152,1.9719203040000002
936,101,Y,984366168,1.9687323360000002
978,106,Y,984107040,1.96821408
24,327,Y,983253688,1.9665073759999998
820,86,Y,983044520,1.96608904
1,142,Y,982603280,1.9652065600000002
859,91,Y,982425400,1.9648507999999998
26,341,Y,981933336,1.963866672
981,106,Y,981541168,1.963082336
432,38,Y,981103688,1.962207376
106,983,Y,980573264,1.961146528
88,839,Y,980479536,1.960959072
124,1122,Y,979999472,1.959998944
617,61,Y,979137432,1.958274864
512,48,Y,978568384,1.957136768
45,490,Y,977197136,1.9543942719999998
76,743,Y,977058848,1.954117696
1049,115,Y,975669904,1.9513398080000002
79,761,Y,975358848,1.9507176960000001
64,647,Y,974048688,1.948097376
177,6,Y,973840888,1.947681776
27,347,Y,973828464,1.9476569280000002
6,176,Y,973197752,1.946395504
998,108,Y,972911784,1.9458235680000002
47,504,Y,972742272,1.945484544
36,421,Y,972735584,1.945471168
988,107,Y,972503624,1.945007248
229,12,Y,972196520,1.94439304
47,507,Y,972063840,1.94412768
69,683,Y,970904744,1.941809488
730,75,Y,970624760,1.9412495200000002
565,54,Y,970087832,1.940175664
66,663,Y,970052008,1.940104016
45,492,Y,969588896,1.939177792
57,586,Y,969571384,1.939142768
87,826,Y,968895464,1.937790928
21,298,Y,968791808,1.937583616
113,1034,Y,968670376,1.937340752
219,11,Y,968449728,1.9368994560000001
655,65,Y,967321640,1.93464328
299,21,Y,965596896,1.9311937920000002
1050,115,Y,964882624,1.929765248
630,62,Y,964363216,1.9287264320000002
191,7,Y,964116912,1.9282338239999999
53,553,Y,963794784,1.927589568
396,33,Y,963379520,1.9267590399999999
593,58,Y,963194520,1.92638904
7,184,Y,963095832,1.926191664
387,32,Y,961976000,1.9239519999999999
121,1097,Y,961507600,1.9230152
391,32,Y,961079960,1.9221599200000001
551,52,Y,961061904,1.922123808
111,1019,Y,961014608,1.9220292159999999
168,5,Y,960736848,1.9214736959999998
180,6,Y,960133640,1.92026728
389,32,Y,959380920,1.91876184
14,244,Y,959187504,1.918375008
1064,117,Y,959163232,1.918326464
38,437,Y,958839000,1.917678
55,571,Y,958363024,1.916726048
1025,112,Y,958316352,1.916632704
8,192,Y,957615520,1.91523104
257,16,Y,957445160,1.91489032
73,712,Y,956908776,1.9138175520000003
126,1137,Y,956562736,1.9131254720000002
416,36,Y,956519920,1.9130398400000002
41,461,Y,956396632,1.912793264
6,183,Y,956390896,1.912781792
1051,115,Y,955938264,1.911876528
118,1074,Y,955846720,1.91169344
502,46,Y,955819088,1.9116381759999999
160,4,Y,955795808,1.911591616
1122,124,Y,955653992,1.9113079840000002
851,90,Y,955284384,1.910568768
4,161,Y,955066176,1.9101323520000002
71,702,Y,954268928,1.9085378560000001
285,19,Y,953859520,1.90771904
32,386,Y,953489352,1.9069787040000001
123,1114,Y,953408560,1.9068171200000001
82,789,Y,953178312,1.906356624
70,695,Y,952910384,1.905820768
814,85,Y,952776192,1.9055523840000002
1104,122,Y,952726632,1.905453264
49,524,Y,952350896,1.904701792
19,284,Y,951929504,1.903859008
921,99,Y,950203680,1.90040736
114,1046,Y,950194088,1.900388176
20,291,Y,949176552,1.8983531040000001
546,52,Y,949146528,1.898293056
1125,124,Y,949139896,1.8982797919999999
466,42,Y,948699589,1.8973991780000001
928,100,Y,948519320,1.89703864
215,10,Y,948435632,1.896871264
72,710,Y,948368968,1.896737936
90,850,Y,947913888,1.895827776
375,30,Y,947660904,1.895321808
119,1081,Y,947329320,1.89465864
605,59,Y,947250208,1.894500416
542,51,Y,946837032,1.893674064
2,145,Y,944570824,1.8891416479999998
625,62,Y,944418216,1.888836432
29,366,Y,944409504,1.8888190079999998
104,961,Y,944366400,1.8887327999999999
17,267,Y,944022552,1.888045104
53,554,Y,943867704,1.887735408
72,708,Y,943494416,1.8869888320000001
103,958,Y,943312896,1.886625792
576,56,Y,943007760,1.88601552
1071,117,Y,942435800,1.8848716
527,49,Y,942310464,1.8846209280000001
194,8,Y,942136440,1.88427288
21,296,Y,941747096,1.8834941920000001
316,23,Y,941357080,1.88271416
124,1120,Y,940984224,1.881968448
119,1086,Y,940568288,1.881136576
17,268,Y,940537984,1.881075968
592,58,Y,940161728,1.880323456
27,346,Y,939308648,1.878617296
907,97,Y,938344512,1.876689024
35,410,Y,937970288,1.875940576
13,235,Y,937691560,1.8753831200000002
23,316,Y,937517576,1.875035152
92,866,Y,937246312,1.8744926240000002
119,1082,Y,937012888,1.874025776
71,696,Y,936435016,1.872870032
60,615,Y,936371376,1.872742752
93,873,Y,936149648,1.872299296
28,352,Y,935911632,1.8718232639999999
505,47,Y,935883152,1.8717663039999999
11,223,Y,935811752,1.871623504
370,30,Y,935261152,1.870522304
76,736,Y,934224576,1.868449152
74,722,Y,933618560,1.86723712
22,311,Y,933280726,1.8665614519999998
1088,120,Y,932951016,1.8659020320000002
57,588,Y,932933576,1.8658671519999999
265,17,Y,931815968,1.863631936
1,140,Y,931656336,1.863312672
582,56,Y,931567112,1.8631342240000002
49,522,Y,931544088,1.863088176
1144,127,Y,931452328,1.862904656
327,24,Y,930975408,1.861950816
61,621,Y,930690296,1.861380592
98,913,Y,930422128,1.860844256
46,501,Y,929216800,1.8584336
986,107,Y,928840976,1.8576819519999999
653,65,Y,928676568,1.857353136
101,943,Y,928622032,1.857244064
1115,123,Y,928485384,1.8569707679999998
96,898,Y,928410208,1.8568204160000001
31,380,Y,928067208,1.856134416
111,1023,Y,927761024,1.8555220479999999
110,1014,Y,927684616,1.855369232
852,90,Y,926827240,1.8536544799999999
110,1012,Y,926742784,1.853485568
130,0,Y,926207304,1.8524146080000001
388,32,Y,926136712,1.852273424
27,348,Y,926111984,1.852223968
16,257,Y,925586208,1.851172416
83,797,Y,924747528,1.849495056
111,1017,Y,924622616,1.8492452320000001
599,58,Y,924564720,1.84912944
10,211,Y,923984728,1.847969456
548,52,Y,923902616,1.847805232
596,58,Y,923382368,1.846764736
173,5,Y,922994168,1.8459883359999998
89,844,Y,922873432,1.8457468639999999
946,102,Y,922583176,1.8451663520000001
492,45,Y,921835768,1.8436715360000002
1032,113,Y,921263592,1.842527184
57,584,Y,920651656,1.8413033119999997
267,17,Y,919932328,1.8398646559999998
477,43,Y,919698144,1.8393962879999999
89,847,Y,919303856,1.838607712
84,802,Y,918885144,1.837770288
21,297,Y,918553264,1.837106528
54,561,Y,918365880,1.83673176
35,415,Y,918341808,1.836683616
124,1123,Y,918286697,1.836573394
645,64,Y,917849120,1.83569824
904,97,Y,917786160,1.83557232
46,498,Y,917643400,1.8352868000000002
784,82,Y,917581120,1.83516224
108,995,Y,917007144,1.834014288
1123,124,Y,916408736,1.832817472
60,610,Y,915687792,1.8313755840000001
6,181,Y,915345544,1.830691088
72,704,Y,914611016,1.829222032
39,442,Y,914458408,1.828916816
66,661,Y,914241528,1.828483056
97,909,Y,913828480,1.82765696
19,285,Y,913594400,1.8271888
44,481,Y,913223904,1.826447808
16,256,Y,913186096,1.826372192
30,374,Y,913005296,1.8260105919999998
126,1139,Y,912984168,1.825968336
539,51,Y,912729160,1.82545832
91,859,Y,912311928,1.8246238559999999
373,30,Y,912106728,1.824213456
3,152,Y,912020384,1.8240407680000001
113,1039,Y,911426800,1.8228536
58,593,Y,910741904,1.821483808
5,173,Y,910660240,1.82132048
223,11,Y,910475800,1.8209516
114,1045,Y,910454264,1.820908528
25,333,Y,910218864,1.820437728
564,54,Y,909741688,1.819483376
993,108,Y,909521424,1.819042848
702,71,Y,908680112,1.817360224
813,85,Y,908518312,1.817036624
620,61,Y,908370000,1.81674
2,150,Y,907911920,1.8158238399999997
94,880,Y,907898344,1.815796688
37,430,Y,907795176,1.8155903519999999
811,85,Y,906909528,1.813819056
1098,121,Y,906806504,1.813613008
22,304,Y,906799160,1.81359832
37,431,Y,906705840,1.81341168
38,439,Y,906366520,1.81273304
125,1130,Y,905927328,1.811854656
109,1003,Y,905800352,1.811600704
94,881,Y,905496056,1.810992112
56,579,Y,905318352,1.8106367040000002
798,83,Y,905253280,1.81050656
31,377,Y,904654928,1.809309856
880,94,Y,903949792,1.807899584
104,960,Y,903618264,1.8072365279999998
73,717,Y,903467280,1.8069345600000002
470,42,Y,902892880,1.80578576
125,1132,Y,902795760,1.8055915200000001
9,205,Y,902762792,1.805525584
841,89,Y,902489056,1.8049781120000001
110,1008,Y,902224928,1.804449856
28,353,Y,902138728,1.804277456
18,272,Y,901788288,1.803576576
14,243,Y,901740216,1.803480432
85,812,Y,901488608,1.802977216
1137,126,Y,901285544,1.802571088
349,27,Y,900829520,1.80165904
76,739,Y,899988224,1.799976448
515,48,Y,899766488,1.799532976
828,87,Y,899633496,1.799266992
148,2,Y,899357736,1.7987154719999998
953,103,Y,899078952,1.798157904
100,933,Y,899067736,1.7981354719999998
102,948,Y,899027520,1.79805504
608,60,Y,897995832,1.795991664
96,897,Y,897964848,1.795929696
84,801,Y,897910432,1.795820864
84,807,Y,897751768,1.795503536
112,1026,Y,897747552,1.795495104
773,80,Y,897606656,1.7952133120000002
911,97,Y,897246904,1.794493808
1026,112,Y,897011818,1.794023636
1092,120,Y,896660584,1.7933211679999999
48,517,Y,896013288,1.7920265760000003
1039,113,Y,894782584,1.789565168
873,93,Y,894630440,1.78926088
619,61,Y,894354016,1.7887080319999997
601,59,Y,894323352,1.788646704
91,860,Y,894263344,1.7885266880000001
118,1078,Y,894160912,1.7883218239999998
242,14,Y,893108144,1.786216288
118,1073,Y,892844952,1.7856899039999998
82,784,Y,891610408,1.783220816
393,33,Y,891445712,1.782891424
485,44,Y,891436816,1.782873632
109,1004,Y,891143704,1.782287408
9,201,Y,890410872,1.780821744
115,1051,Y,890260088,1.780520176
37,425,Y,890163896,1.780327792
34,400,Y,890084760,1.7801695199999998
105,970,Y,890081744,1.780163488
1078,118,Y,890030128,1.780060256
86,819,Y,889883168,1.779766336
69,685,Y,889732200,1.7794643999999997
36,420,Y,889382840,1.77876568
33,397,Y,889212096,1.778424192
6,177,Y,889136144,1.7782722880000001
79,767,Y,889105200,1.7782104
1011,110,Y,888422512,1.776845024
273,18,Y,888222536,1.7764450720000002
102,947,Y,887449688,1.7748993760000003
113,1035,Y,887235168,1.7744703359999998
857,91,Y,886513472,1.7730269440000002
66,662,Y,886283488,1.772566976
34,405,Y,885754696,1.771509392
545,52,Y,885389096,1.7707781919999999
618,61,Y,885310664,1.770621328
427,37,Y,885171096,1.770342192
243,14,Y,885161840,1.7703236800000002
201,9,Y,885160336,1.770320672
473,43,Y,884879968,1.769759936
445,39,Y,884641080,1.76928216
104,967,Y,884621480,1.76924296
55,575,Y,884592824,1.769185648
1009,110,Y,883591488,1.767182976
104,965,Y,883267928,1.766535856
99,927,Y,882583336,1.765166672
1082,119,Y,882256576,1.764513152
93,872,Y,881935320,1.76387064
621,61,Y,881546744,1.763093488
362,29,Y,881508928,1.763017856
185,7,Y,881091224,1.762182448
831,87,Y,880965704,1.761931408
25,335,Y,880709216,1.761418432
114,1043,Y,880333712,1.7606674239999998
1018,111,Y,880228872,1.7604577440000002
53,559,Y,879606256,1.759212512
125,1129,Y,879452008,1.758904016
1,139,Y,879396240,1.75879248
2,149,Y,878930560,1.75786112
42,470,Y,878925144,1.757850288
743,76,Y,878843064,1.7576861280000002
230,12,Y,878802616,1.757605232
627,62,Y,878674496,1.757348992
1059,116,Y,878648392,1.7572967839999998
771,80,Y,878569024,1.7571380479999998
383,31,Y,878535488,1.757070976
103,954,Y,878410248,1.756820496
1060,116,Y,878236982,1.756473964
111,1018,Y,877381080,1.75476216
78,756,Y,877232577,1.754465154
41,457,Y,877133936,1.754267872
93,876,Y,877046848,1.754093696
682,69,Y,876456152,1.752912304
138,1,Y,876372152,1.752744304
100,932,Y,875782768,1.751565536
460,41,Y,875163984,1.7503279680000001
85,810,Y,875041272,1.7500825439999999
220,11,Y,874714488,1.749428976
45,489,Y,874674552,1.749349104
122,1106,Y,874401200,1.7488024000000002
107,985,Y,873272416,1.746544832
211,10,Y,873200096,1.7464001919999999
246,14,Y,873062640,1.74612528
76,740,Y,873047040,1.7460940800000002
73,716,Y,873008464,1.746016928
128,0,Y,872580616,1.745161232
145,2,Y,871277848,1.7425556960000002
453,40,Y,871203592,1.742407184
615,60,Y,871095568,1.742191136
531,50,Y,871082976,1.7421659520000001
13,238,Y,871048744,1.742097488
346,27,Y,871032312,1.742064624
156,3,Y,870903184,1.7418063679999998
197,8,Y,870823920,1.7416478400000002
926,99,Y,870568968,1.7411379359999999
39,447,Y,870466320,1.74093264
68,672,Y,870332654,1.740665308
21,301,Y,870257264,1.7405145279999998
28,359,Y,869905480,1.73981096
974,105,Y,869863312,1.739726624
79,762,Y,869740408,1.7394808160000002
358,28,Y,869692032,1.7393840640000002
39,444,Y,868880536,1.7377610719999999
96,903,Y,867932840,1.73586568
62,628,Y,867839576,1.7356791520000001
776,81,Y,867455800,1.7349116000000002
51,539,Y,867092544,1.7341850879999998
142,1,Y,866864816,1.7337296320000002
87,827,Y,866685160,1.7333703200000001
36,423,Y,866191128,1.732382256
647,64,Y,866009568,1.7320191360000001
493,45,Y,865958120,1.73191624
67,668,Y,865940760,1.73188152
33,392,Y,865814456,1.7316289120000001
1033,113,Y,865735912,1.7314718239999998
748,77,Y,865654584,1.731309168
843,89,Y,865541496,1.731082992
44,486,Y,865025520,1.73005104
1024,112,Y,864767696,1.7295353919999998
984,107,Y,864378680,1.7287573600000001
670,67,Y,864211448,1.7284228959999999
781,81,Y,863798296,1.727596592
786,82,Y,863499720,1.72699944
17,265,Y,863364296,1.726728592
0,133,Y,862829320,1.72565864
459,41,Y,862779760,1.72555952
125,1133,Y,862007896,1.7240157919999999
103,956,Y,861970448,1.723940896
196,8,Y,861938940,1.72387788
49,527,Y,861327896,1.722655792
490,45,Y,861230544,1.7224610880000002
171,5,Y,860993816,1.721987632
1146,127,Y,860415544,1.7208310880000002
250,15,Y,860338496,1.720676992
905,97,Y,860128056,1.7202561120000002
418,36,Y,859825912,1.719651824
121,1103,Y,859824424,1.719648848
27,349,Y,858881528,1.7177630560000001
73,713,Y,858701744,1.7174034880000002
636,63,Y,858504592,1.717009184
1087,119,Y,858341168,1.7166823359999999
923,99,Y,858220400,1.7164408
368,30,Y,857640632,1.7152812640000001
127,1150,Y,857266824,1.714533648
1046,114,Y,857161344,1.7143226880000002
5,169,Y,857067408,1.714134816
557,53,Y,856566824,1.713133648
1021,111,Y,856548144,1.713096288
101,936,Y,856465584,1.712931168
48,515,Y,856010624,1.712021248
713,73,Y,855621216,1.711242432
46,503,Y,855226072,1.710452144
195,8,Y,855146624,1.710293248
724,74,Y,854969888,1.709939776
36,416,Y,854636376,1.709272752
616,61,Y,854470176,1.7089403520000002
74,727,Y,854154192,1.708308384
46,500,Y,854110264,1.7082205279999998
1055,115,Y,853953488,1.7079069759999999
583,56,Y,853152080,1.70630416
634,63,Y,853086832,1.7061736639999998
58,599,Y,853029128,1.706058256
1089,120,Y,852911600,1.7058232
896,96,Y,852564232,1.7051284640000002
82,790,Y,852257744,1.704515488
116,1062,Y,851525536,1.7030510719999998
304,22,Y,851239288,1.702478576
49,526,Y,850956008,1.701912016
137,1,Y,850887528,1.701775056
26,342,Y,850855664,1.701711328
10,209,Y,850626272,1.701252544
108,999,Y,849974152,1.6999483039999999
31,379,Y,849890808,1.6997816159999999
115,1050,Y,849197504,1.698395008
958,103,Y,848879584,1.6977591680000002
1103,121,Y,848712632,1.697425264
99,920,Y,848704280,1.6974085600000002
399,33,Y,848561304,1.697122608
420,36,Y,848424360,1.69684872
126,1142,Y,848169200,1.6963384000000001
552,53,Y,847904752,1.6958095039999999
120,1088,Y,847292568,1.694585136
1038,113,Y,847266656,1.694533312
518,48,Y,847061392,1.694122784
36,417,Y,846898240,1.69379648
120,1095,Y,846374072,1.6927481439999998
1131,125,Y,846005408,1.6920108159999998
62,627,Y,845860104,1.691720208
122,1111,Y,845766016,1.691532032
847,89,Y,845765224,1.691530448
443,39,Y,845691304,1.691382608
794,83,Y,845589080,1.6911781599999998
11,220,Y,845488768,1.6909775360000001
758,78,Y,845109176,1.6902183519999998
95,893,Y,844753312,1.6895066239999998
665,67,Y,844595624,1.689191248
877,93,Y,844034936,1.688069872
693,70,Y,843497968,1.686995936
82,785,Y,843018136,1.6860362720000002
1022,111,Y,842523200,1.6850463999999998
91,858,Y,842433784,1.684867568
1083,119,Y,842421344,1.684842688
848,90,Y,842386088,1.684772176
641,64,Y,842042576,1.6840851519999998
44,482,Y,841437880,1.6828757600000002
26,338,Y,841360320,1.6827206399999999
660,66,Y,840625840,1.68125168
58,594,Y,840141128,1.680282256
288,20,Y,839982864,1.6799657280000002
754,78,Y,839868448,1.6797368959999999
80,768,Y,839637592,1.6792751840000002
43,478,Y,839502672,1.6790053440000001
85,815,Y,839429840,1.67885968
126,1141,Y,839055008,1.678110016
826,87,Y,839031248,1.6780624960000001
1001,109,Y,838771080,1.67754216
30,375,Y,838229184,1.676458368
32,391,Y,838196568,1.6763931360000002
14,247,Y,838100832,1.676201664
324,24,Y,837775728,1.675551456
127,1146,Y,837759360,1.6755187200000001
113,1036,Y,837429656,1.674859312
763,79,Y,837385072,1.6747701439999998
1117,123,Y,836763896,1.673527792
186,7,Y,836751976,1.6735039520000001
559,53,Y,836657016,1.673314032
19,280,Y,836452976,1.6729059519999998
1007,109,Y,835947272,1.6718945440000001
68,675,Y,835758583,1.671517166
821,86,Y,835713104,1.671426208
14,245,Y,835192104,1.670384208
756,78,Y,835179344,1.6703586879999999
319,23,Y,835113616,1.670227232
517,48,Y,834898768,1.669797536
804,84,Y,834426416,1.668852832
298,21,Y,834290552,1.6685811040000003
51,540,Y,833951504,1.6679030080000001
482,44,Y,833447872,1.666895744
1129,125,Y,833324800,1.6666496
9,202,Y,833227872,1.666455744
100,935,Y,833109944,1.6662198879999999
109,1005,Y,832685944,1.6653718880000001
4,164,Y,832361000,1.664722
535,50,Y,832068512,1.6641370240000002
21,300,Y,831455096,1.662910192
845,89,Y,831142072,1.662284144
651,65,Y,830834440,1.6616688800000001
385,32,Y,830703080,1.66140616
350,27,Y,830654120,1.6613082399999999
117,1071,Y,830582824,1.661165648
92,870,Y,830395632,1.660791264
681,69,Y,830376680,1.6607533599999997
107,989,Y,829635336,1.659270672
127,1147,Y,829526152,1.6590523039999998
1036,113,Y,829448064,1.658896128
189,7,Y,828347568,1.6566951359999997
809,85,Y,828332808,1.6566656159999997
598,58,Y,828122912,1.6562458240000002
970,105,Y,828072792,1.656145584
123,1115,Y,827843344,1.655686688
12,227,Y,827595256,1.6551905120000001
976,106,Y,827463792,1.654927584
120,1091,Y,827205704,1.6544114079999999
408,35,Y,827036624,1.654073248
392,33,Y,826780600,1.6535612000000002
395,33,Y,826121408,1.6522428160000002
279,18,Y,825725448,1.651450896
85,808,Y,825645648,1.6512912960000001
18,275,Y,825354840,1.6507096799999998
935,100,Y,825019696,1.6500393919999998
66,657,Y,823605000,1.64721
117,1068,Y,823364824,1.646729648
35,412,Y,823326776,1.6466535519999999
760,79,Y,823103656,1.646207312
133,0,Y,822801440,1.6456028800000002
77,749,Y,822616752,1.645233504
18,277,Y,822613192,1.6452263839999999
23,313,Y,822593560,1.64518712
783,81,Y,822561912,1.645123824
13,233,Y,822000928,1.6440018559999998
78,752,Y,821989472,1.643978944
11,219,Y,821964520,1.6439290400000002
959,103,Y,821753616,1.6435072320000002
71,701,Y,821585171,1.643170342
91,857,Y,821259904,1.642519808
1002,109,Y,821113032,1.642226064
51,543,Y,820494760,1.64098952
870,92,Y,820342872,1.6406857439999998
126,1143,Y,820198728,1.6403974559999999
437,38,Y,820050648,1.6401012959999999
652,65,Y,819503184,1.639006368
62,630,Y,819307400,1.6386148
62,631,Y,818832768,1.6376655359999999
61,619,Y,818687656,1.637375312
17,270,Y,818395744,1.636791488
712,73,Y,818313680,1.63662736
424,37,Y,818230560,1.63646112
985,107,Y,818170272,1.6363405439999998
444,39,Y,817802336,1.635604672
644,64,Y,817493640,1.6349872800000003
77,744,Y,817477464,1.634954928
720,74,Y,817438552,1.634877104
77,748,Y,817199960,1.6343999200000001
471,42,Y,817014112,1.634028224
788,82,Y,816705176,1.633410352
115,1054,Y,816182744,1.632365488
44,483,Y,816000704,1.632001408
1142,126,Y,815941936,1.631883872
89,843,Y,815794064,1.631588128
87,825,Y,814964424,1.629928848
106,977,Y,814948944,1.629897888
106,982,Y,814058584,1.6281171680000002
37,424,Y,813036336,1.626072672
120,1090,Y,812755728,1.625511456
532,50,Y,812562296,1.6251245920000001
111,1016,Y,812413144,1.624826288
60,611,Y,812108832,1.6242176640000001
21,302,Y,812088800,1.6241775999999999
603,59,Y,811854912,1.623709824
300,21,Y,811779584,1.623559168
441,39,Y,811731464,1.623462928
53,557,Y,811237776,1.6224755519999998
15,249,Y,811085280,1.62217056
365,29,Y,810598088,1.621196176
692,70,Y,810567968,1.621135936
313,23,Y,810498936,1.620997872
775,80,Y,809913520,1.6198270399999999
398,33,Y,809897024,1.619794048
1093,120,Y,809678736,1.619357472
10,214,Y,809477208,1.618954416
55,569,Y,809465304,1.618930608
86,818,Y,809385937,1.6187718739999999
766,79,Y,809264392,1.618528784
10,210,Y,809012368,1.618024736
891,95,Y,809000184,1.618000368
302,21,Y,808741600,1.6174832000000001
54,564,Y,808693696,1.6173873920000001
808,85,Y,808372160,1.61674432
74,720,Y,807947144,1.6158942879999998
24,324,Y,807943232,1.615886464
669,67,Y,807492088,1.6149841759999999
108,998,Y,807394416,1.6147888320000001
84,804,Y,807316816,1.6146336319999999
13,234,Y,807263232,1.614526464
17,271,Y,806105184,1.612210368
944,102,Y,805716888,1.611433776
7,186,Y,805176584,1.610353168
795,83,Y,805020432,1.6100408640000001
654,65,Y,804865365,1.6097307299999999
436,38,Y,804359184,1.608718368
770,80,Y,803938976,1.607877952
311,22,Y,803847928,1.607695856
887,94,Y,803429280,1.60685856
680,69,Y,802980888,1.6059617759999998
297,21,Y,802859648,1.6057192960000002
1040,114,Y,802759952,1.6055199039999999
33,393,Y,802660760,1.60532152
100,931,Y,802338480,1.60467696
49,520,Y,802258640,1.60451728
101,940,Y,802191360,1.6043827199999998
22,308,Y,802057160,1.60411432
353,28,Y,802007976,1.604015952
791,82,Y,802002072,1.604004144
2,148,Y,801759048,1.603518096
35,411,Y,801703520,1.60340704
569,55,Y,801434512,1.602869024
79,763,Y,801403160,1.6028063200000002
885,94,Y,801305096,1.602610192
64,646,Y,801224136,1.602448272
212,10,Y,801155296,1.6023105919999998
97,910,Y,801130736,1.6022614720000001
759,78,Y,800732744,1.6014654879999999
506,47,Y,800371681,1.600743362
513,48,Y,800064304,1.600128608
262,16,Y,799890800,1.5997816000000002
15,252,Y,799300576,1.5986011519999999
110,1011,Y,799099960,1.5981999199999999
56,576,Y,799001936,1.5980038719999998
150,2,Y,798714864,1.597429728
1116,123,Y,798381600,1.5967631999999998
332,25,Y,798318624,1.5966372480000002
71,700,Y,798179792,1.596359584
580,56,Y,798173968,1.5963479360000001
72,706,Y,798114016,1.5962280320000002
32,385,Y,797989784,1.595979568
86,823,Y,797908808,1.595817616
68,673,Y,797732440,1.5954648799999998
286,19,Y,797676456,1.595352912
75,731,Y,797638576,1.595277152
1099,121,Y,797208136,1.594416272
829,87,Y,796736568,1.5934731359999998
968,105,Y,796727664,1.593455328
1143,126,Y,796402248,1.5928044959999998
62,629,Y,796387080,1.59277416
61,616,Y,796058728,1.592117456
397,33,Y,796014512,1.592029024
44,480,Y,795904584,1.591809168
434,38,Y,795804440,1.59160888
85,814,Y,795800720,1.59160144
34,401,Y,795599160,1.59119832
20,293,Y,795493344,1.590986688
671,67,Y,795399784,1.5907995679999998
146,2,Y,795318992,1.5906379839999998
109,1006,Y,795164120,1.59032824
23,314,Y,795145960,1.59029192
46,496,Y,794757616,1.5895152320000001
251,15,Y,794615616,1.5892312320000002
90,849,Y,794539200,1.5890784000000002
32,389,Y,793571760,1.58714352
123,1118,Y,793407888,1.5868157760000001
1006,109,Y,793160600,1.5863212000000002
1079,118,Y,793159144,1.586318288
116,1057,Y,793158760,1.58631752
17,269,Y,792873264,1.585746528
317,23,Y,792660304,1.5853206080000002
29,367,Y,792287920,1.58457584
50,535,Y,792150832,1.5843016639999998
114,1044,Y,792059280,1.5841185599999998
85,813,Y,791945008,1.5838900159999998
86,817,Y,791936848,1.583873696
84,806,Y,791804360,1.5836087200000002
75,729,Y,791792880,1.5835857599999998
865,92,Y,791363760,1.5827275200000002
79,765,Y,791034824,1.582069648
226,12,Y,790679752,1.581359504
53,556,Y,790638512,1.581277024
886,94,Y,790293304,1.5805866080000002
58,597,Y,789873928,1.5797478560000002
64,643,Y,789753696,1.579507392
790,82,Y,789476600,1.5789532
672,68,Y,789312960,1.57862592
19,287,Y,789165232,1.578330464
6,180,Y,789020456,1.578040912
20,288,Y,788981144,1.577962288
699,71,Y,788838344,1.5776766880000002
119,1087,Y,788814752,1.577629504
560,54,Y,788596928,1.577193856
237,13,Y,788265176,1.576530352
701,71,Y,788153944,1.5763078879999999
39,443,Y,787813760,1.5756275199999998
50,529,Y,787667305,1.5753346099999999
80,772,Y,787326344,1.574652688
74,725,Y,787152008,1.574304016
67,670,Y,787086096,1.574172192
47,509,Y,786790400,1.5735808
411,35,Y,786695784,1.573391568
882,94,Y,786098347,1.5721966939999998
147,2,Y,785463112,1.5709262240000001
394,33,Y,785355808,1.5707116159999999
295,20,Y,785325912,1.5706518240000003
268,17,Y,784914072,1.569828144
435,38,Y,784109536,1.568219072
86,820,Y,783869632,1.5677392639999999
339,26,Y,783733784,1.567467568
56,580,Y,783485552,1.5669711039999998
117,1067,Y,783414624,1.566829248
53,552,Y,783010512,1.5660210239999999
577,56,Y,782774560,1.56554912
166,4,Y,782725176,1.565450352
374,30,Y,782490504,1.564981008
917,98,Y,782166936,1.564333872
18,279,Y,782054104,1.564108208
59,607,Y,781582312,1.5631646240000001
36,422,Y,781434648,1.562869296
95,890,Y,781235632,1.562471264
752,78,Y,780864816,1.561729632
66,659,Y,780441624,1.560883248
121,1101,Y,780384512,1.5607690239999998
772,80,Y,780382280,1.56076456
967,104,Y,780347880,1.56069576
122,1108,Y,779930096,1.559860192
49,525,Y,779921912,1.559843824
454,40,Y,779914168,1.559828336
741,76,Y,779887144,1.5597742879999998
9,204,Y,778144888,1.5562897759999998
648,65,Y,777733432,1.555466864
864,92,Y,777515248,1.555030496
120,1089,Y,777416872,1.554833744
37,428,Y,777298416,1.554596832
69,680,Y,777183544,1.554367088
372,30,Y,776964192,1.553928384
58,598,Y,776812080,1.55362416
750,77,Y,776350080,1.5527001599999999
188,7,Y,776276392,1.552552784
458,41,Y,775789240,1.5515784799999999
1108,122,Y,775100608,1.550201216
541,51,Y,774261312,1.548522624
129,0,Y,774078288,1.548156576
88,836,Y,774022024,1.548044048
491,45,Y,773842400,1.5476847999999999
7,191,Y,773310400,1.5466208000000001
89,840,Y,773216272,1.546432544
114,1041,Y,773091080,1.54618216
24,326,Y,772965384,1.5459307679999998
95,895,Y,772781352,1.545562704
902,96,Y,772129920,1.54425984
54,560,Y,771462448,1.542924896
600,59,Y,771314000,1.542628
103,959,Y,771207328,1.5424146559999998
597,58,Y,770876136,1.541752272
94,882,Y,769943744,1.539887488
40,448,Y,769872032,1.539744064
80,775,Y,769819872,1.5396397439999998
965,104,Y,769450688,1.538901376
88,838,Y,769375552,1.538751104
108,993,Y,769229216,1.538458432
549,52,Y,768782816,1.537565632
83,799,Y,768482272,1.536964544
872,93,Y,768238720,1.5364774399999999
646,64,Y,767550952,1.535101904
691,70,Y,767540768,1.535081536
884,94,Y,766530056,1.533060112
883,94,Y,766459032,1.532918064
22,306,Y,766450936,1.532901872
3,159,Y,766232432,1.532464864
19,281,Y,766211776,1.532423552
82,787,Y,765795704,1.531591408
6,182,Y,765610064,1.531220128
26,336,Y,765517514,1.531035028
320,24,Y,764982208,1.529964416
90,848,Y,764682740,1.52936548
503,46,Y,764006968,1.528013936
586,57,Y,763714832,1.527429664
252,15,Y,763702368,1.5274047359999998
155,3,Y,763693096,1.527386192
50,532,Y,763465496,1.526930992
105,975,Y,763305008,1.526610016
310,22,Y,763109128,1.526218256
983,106,Y,762763848,1.525527696
82,786,Y,762534400,1.5250688000000001
922,99,Y,762358176,1.524716352
1106,122,Y,762272296,1.524544592
27,351,Y,762041792,1.524083584
35,413,Y,761482888,1.522965776
245,14,Y,760879256,1.521758512
335,25,Y,760868784,1.521737568
478,43,Y,760747688,1.521495376
88,832,Y,760675440,1.5213508800000002
1113,123,Y,760584456,1.521168912
844,89,Y,760202568,1.520405136
650,65,Y,759905392,1.5198107840000001
71,698,Y,759901864,1.519803728
89,845,Y,759777760,1.51955552
664,67,Y,759690416,1.519380832
1109,122,Y,759527416,1.5190548320000001
801,84,Y,759429288,1.518858576
122,1107,Y,759331768,1.518663536
509,47,Y,759292424,1.518584848
807,84,Y,759085920,1.51817184
3,154,Y,758836632,1.517673264
528,50,Y,758606256,1.517212512
67,666,Y,758500368,1.517000736
14,246,Y,758459160,1.51691832
63,632,Y,758145120,1.51629024
254,15,Y,758025512,1.516051024
124,1127,Y,758000888,1.516001776
108,994,Y,757943368,1.515886736
16,259,Y,757666216,1.515332432
48,519,Y,757248176,1.514496352
92,871,Y,757211400,1.5144228
27,350,Y,757059968,1.514119936
1012,110,Y,756882968,1.513765936
78,754,Y,756692856,1.513385712
594,58,Y,756588368,1.513176736
871,92,Y,756543056,1.513086112
53,558,Y,756468672,1.512937344
66,656,Y,755560688,1.511121376
695,70,Y,755083872,1.510167744
0,132,Y,754821792,1.509643584
1076,118,Y,754759336,1.509518672
898,96,Y,754743424,1.509486848
1034,113,Y,754574984,1.509149968
52,545,Y,754520048,1.509040096
95,888,Y,754294272,1.508588544
99,924,Y,754218792,1.5084375840000002
24,325,Y,754047616,1.508095232
994,108,Y,753994744,1.507989488
55,568,Y,753671680,1.50734336
602,59,Y,753383488,1.506766976
15,251,Y,753370080,1.50674016
345,27,Y,753059464,1.506118928
12,228,Y,752963336,1.505926672
107,990,Y,752842304,1.505684608
48,512,Y,752806680,1.5056133600000001
700,71,Y,752732168,1.505464336
1091,120,Y,752550592,1.505101184
1004,109,Y,752509816,1.505019632
1149,127,Y,752342832,1.504685664
59,602,Y,752215128,1.504430256
716,73,Y,751900968,1.503801936
657,66,Y,751826040,1.50365208
42,467,Y,751298688,1.502597376
561,54,Y,751293912,1.5025878240000001
689,70,Y,750940128,1.501880256
227,12,Y,750079504,1.500159008
367,29,Y,749906280,1.49981256
888,95,Y,749714784,1.499429568
35,414,Y,749563008,1.499126016
667,67,Y,749531000,1.499062
28,355,Y,749503560,1.49900712
158,3,Y,749039096,1.498078192
42,471,Y,749024832,1.498049664
143,1,Y,748648784,1.497297568
31,383,Y,748580232,1.497160464
1027,112,Y,748183728,1.496367456
98,915,Y,747699504,1.495399008
120,1094,Y,747634264,1.495268528
785,82,Y,747579256,1.495158512
78,753,Y,747565616,1.495131232
94,885,Y,747324720,1.4946494399999999
95,889,Y,747003664,1.4940073280000001
800,84,Y,746942528,1.4938850559999999
508,47,Y,746657408,1.493314816
842,89,Y,746564360,1.49312872
937,101,Y,746138923,1.492277846
26,343,Y,746121040,1.49224208
329,25,Y,746095520,1.49219104
568,55,Y,746007704,1.4920154079999999
38,433,Y,745625064,1.4912501280000001
70,690,Y,745464720,1.49092944
629,62,Y,745416256,1.4908325119999999
76,742,Y,745332232,1.490664464
66,660,Y,745109624,1.490219248
323,24,Y,744935728,1.489871456
114,1040,Y,744856184,1.4897123680000002
287,19,Y,744634384,1.489268768
440,39,Y,744330320,1.48866064
810,85,Y,743768216,1.4875364320000002
153,3,Y,743749264,1.487498528
33,394,Y,743723176,1.487446352
731,75,Y,743501024,1.487002048
115,1053,Y,743456680,1.48691336
949,102,Y,743306792,1.4866135839999999
119,1083,Y,742990576,1.485981152
92,867,Y,742925424,1.485850848
687,69,Y,742361240,1.4847224799999998
42,468,Y,742004016,1.484008032
270,17,Y,741848224,1.483696448
312,23,Y,741758600,1.4835172
489,45,Y,741623704,1.483247408
111,1022,Y,741616536,1.483233072
112,1028,Y,741583216,1.483166432
1042,114,Y,741571476,1.483142952
116,1056,Y,741544392,1.483088784
69,684,Y,741541216,1.483082432
563,54,Y,741474808,1.482949616
989,107,Y,741457168,1.4829143359999999
711,72,Y,741428328,1.482856656
280,19,Y,741172848,1.482345696
1134,125,Y,741123400,1.4822468
112,1031,Y,740908888,1.481817776
64,640,Y,740764328,1.481528656
677,68,Y,740616360,1.48123272
119,1080,Y,740508328,1.481016656
258,16,Y,738661824,1.477323648
684,69,Y,738487136,1.4769742719999999
412,35,Y,738287808,1.476575616
162,4,Y,738169144,1.476338288
1080,119,Y,737074432,1.474148864
281,19,Y,737048936,1.474097872
429,37,Y,736604352,1.473208704
106,980,Y,736542784,1.473085568
909,97,Y,735663496,1.471326992
1140,126,Y,735605152,1.471210304
612,60,Y,735427032,1.470854064
1121,124,Y,734479144,1.468958288
733,75,Y,734446720,1.46889344
40,451,Y,734416808,1.4688336160000002
20,292,Y,734306456,1.468612912
1150,127,Y,734163472,1.468326944
3,155,Y,734075112,1.468150224
980,106,Y,733866680,1.46773336
1,141,Y,733853608,1.467707216
41,459,Y,733784408,1.467568816
301,21,Y,733189808,1.466379616
727,74,Y,733001664,1.466003328
92,864,Y,732716240,1.46543248
326,24,Y,732602192,1.465204384
57,591,Y,732266008,1.464532016
609,60,Y,731861896,1.4637237920000001
40,450,Y,731838640,1.46367728
950,102,Y,731703048,1.463406096
43,477,Y,731611896,1.4632237920000002
856,91,Y,731363896,1.4627277920000001
447,39,Y,730818136,1.461636272
423,36,Y,730781832,1.461563664
579,56,Y,730772312,1.461544624
47,510,Y,730051536,1.460103072
705,72,Y,729733368,1.459466736
77,750,Y,729703424,1.459406848
538,51,Y,729526448,1.459052896
75,735,Y,729301296,1.458602592
1111,122,Y,729177552,1.458355104
822,86,Y,729088472,1.4581769439999999
611,60,Y,729001344,1.4580026879999999
207,9,Y,728936688,1.457873376
405,34,Y,728636656,1.457273312
88,833,Y,728615728,1.4572314560000001
913,98,Y,728443616,1.4568872320000001
318,23,Y,728010000,1.45602
109,1001,Y,727962840,1.45592568
803,84,Y,727857072,1.455714144
7,189,Y,727854544,1.455709088
0,131,Y,727747104,1.455494208
111,1021,Y,726718792,1.453437584
562,54,Y,726001496,1.452002992
574,55,Y,725859672,1.451719344
806,84,Y,725372096,1.450744192
122,1109,Y,725298032,1.450596064
81,776,Y,725016136,1.450032272
98,918,Y,724917704,1.449835408
73,715,Y,724756664,1.4495133279999999
961,104,Y,724479048,1.448958096
726,74,Y,724131568,1.448263136
38,435,Y,723645088,1.447290176
19,286,Y,723009912,1.446019824
208,10,Y,722974552,1.4459491039999999
61,622,Y,722932176,1.445864352
121,1099,Y,722625240,1.44525048
85,811,Y,722480728,1.4449614560000001
930,100,Y,722464688,1.4449293760000002
1100,121,Y,722430736,1.4448614720000001
101,941,Y,721885616,1.443771232
20,294,Y,721515184,1.4430303679999998
964,104,Y,721288176,1.4425763520000001
431,37,Y,720954384,1.441908768
1054,115,Y,720895584,1.441791168
622,61,Y,720837392,1.4416747840000002
3,157,Y,720836528,1.441673056
979,106,Y,720772864,1.441545728
710,72,Y,720693600,1.4413871999999999
742,76,Y,720324304,1.4406486079999998
36,418,Y,720261456,1.440522912
855,90,Y,720090840,1.44018168
679,68,Y,720037136,1.440074272
714,73,Y,719955520,1.43991104
277,18,Y,719810432,1.439620864
69,681,Y,719692072,1.439384144
1005,109,Y,719643256,1.439286512
954,103,Y,719547752,1.439095504
99,926,Y,719473736,1.438947472
50,531,Y,718846376,1.437692752
1101,121,Y,718651616,1.4373032319999999
104,962,Y,718496088,1.436992176
1081,119,Y,718278232,1.436556464
1061,116,Y,718221232,1.436442464
23,317,Y,718170792,1.436341584
121,1098,Y,718121512,1.436243024
825,87,Y,717350856,1.4347017119999999
91,862,Y,717157800,1.4343156
66,658,Y,716959384,1.433918768
33,396,Y,716917032,1.433834064
83,794,Y,716908496,1.433816992
1132,125,Y,716697064,1.433394128
838,88,Y,716498640,1.43299728
8,193,Y,716478952,1.432957904
124,1124,Y,715962192,1.431924384
892,95,Y,715774664,1.431549328
70,688,Y,715573776,1.431147552
21,303,Y,715487184,1.430974368
663,66,Y,714852240,1.42970448
30,373,Y,714729000,1.429458
547,52,Y,714687376,1.429374752
948,102,Y,714394336,1.428788672
37,427,Y,714270632,1.428541264
686,69,Y,713848480,1.42769696
222,11,Y,713837816,1.4276756320000001
87,831,Y,713791488,1.427582976
76,738,Y,713531672,1.427063344
924,99,Y,713469328,1.426938656
1068,117,Y,713448632,1.426897264
56,583,Y,712830160,1.42566032
98,916,Y,712782936,1.425565872
637,63,Y,712593768,1.425187536
433,38,Y,712017376,1.424034752
8,197,Y,711882784,1.423765568
951,102,Y,711651016,1.423302032
293,20,Y,711615760,1.42323152
31,381,Y,711560680,1.4231213600000001
224,12,Y,711475272,1.422950544
70,693,Y,711131904,1.422263808
5,170,Y,711034608,1.422069216
496,46,Y,710862872,1.421725744
39,440,Y,710622912,1.4212458239999999
72,711,Y,710208120,1.42041624
799,83,Y,710204432,1.4204088639999999
486,44,Y,710195216,1.420390432
939,101,Y,710006712,1.420013424
210,10,Y,709998096,1.419996192
835,88,Y,709845136,1.419690272
39,446,Y,709716424,1.419432848
840,89,Y,709645256,1.419290512
112,1024,Y,709606544,1.419213088
113,1033,Y,709208400,1.4184168000000001
190,7,Y,708966872,1.417933744
931,100,Y,707917096,1.415834192
0,129,Y,707903968,1.415807936
638,63,Y,706999056,1.413998112
105,968,Y,706780560,1.41356112
97,904,Y,706377456,1.412754912
7,188,Y,706320576,1.412641152
102,949,Y,705080920,1.41016184
16,263,Y,705005080,1.41001016
172,5,Y,704511488,1.409022976
107,987,Y,704462632,1.4089252639999998
23,312,Y,704042008,1.408084016
449,40,Y,704020208,1.408040416
22,305,Y,703577744,1.407155488
787,82,Y,703434360,1.40686872
123,1112,Y,703122360,1.40624472
64,642,Y,703081152,1.406162304
127,1149,Y,702857560,1.40571512
3,158,Y,702339840,1.40467968
866,92,Y,701998832,1.403997664
183,6,Y,701706928,1.403413856
29,360,Y,701388024,1.402776048
690,70,Y,701349896,1.402699792
890,95,Y,701078472,1.402156944
77,747,Y,700818016,1.401636032
1063,116,Y,700736112,1.401472224
15,250,Y,700717936,1.401435872
30,369,Y,700712576,1.401425152
101,938,Y,700704016,1.401408032
113,1037,Y,700571072,1.401142144
330,25,Y,700466576,1.400933152
415,35,Y,700145504,1.400291008
850,90,Y,700133088,1.400266176
25,332,Y,699795512,1.399591024
8,198,Y,699567128,1.399134256
945,102,Y,698801856,1.397603712
1031,112,Y,698740080,1.39748016
735,75,Y,698493424,1.396986848
46,502,Y,697994288,1.3959885760000001
43,476,Y,697882512,1.395765024
114,1042,Y,697825360,1.39565072
54,566,Y,697816504,1.3956330080000001
13,239,Y,697673440,1.39534688
73,714,Y,697622352,1.395244704
1044,114,Y,697459440,1.39491888
336,26,Y,697440608,1.3948812160000001
70,689,Y,697359024,1.3947180479999999
125,1131,Y,696808032,1.3936160640000002
87,828,Y,696584104,1.393168208
88,837,Y,695681992,1.391363984
24,323,Y,694949448,1.389898896
67,667,Y,694248584,1.388497168
119,1085,Y,694216312,1.388432624
1048,115,Y,694053752,1.388107504
422,36,Y,693956736,1.387913472
83,795,Y,693546424,1.387092848
874,93,Y,693315640,1.38663128
868,92,Y,693087952,1.386175904
1016,111,Y,692928936,1.385857872
834,88,Y,692603720,1.38520744
1097,121,Y,692501648,1.385003296
400,34,Y,692319312,1.384638624
51,542,Y,691985160,1.38397032
112,1030,Y,691485952,1.3829719040000001
1028,112,Y,691404488,1.382808976
719,73,Y,690543672,1.381087344
241,14,Y,690074992,1.380149984
122,1110,Y,689747544,1.379495088
377,31,Y,689737312,1.379474624
81,778,Y,689503888,1.379007776
98,917,Y,689292392,1.378584784
386,32,Y,689146152,1.3782923040000001
1056,116,Y,688976176,1.3779523519999999
65,650,Y,688901472,1.3778029440000001
255,15,Y,688856520,1.37771304
356,28,Y,688620552,1.3772411039999999
25,329,Y,688413552,1.376827104
65,653,Y,688378344,1.376756688
204,9,Y,688109104,1.3762182079999998
816,86,Y,687739672,1.375479344
121,1102,Y,687553312,1.375106624
567,54,Y,687531208,1.375062416
122,1105,Y,687442472,1.374884944
110,1009,Y,687300176,1.3746003519999999
125,1135,Y,687270536,1.374541072
24,320,Y,687038128,1.374076256
529,50,Y,686758688,1.3735173760000001
100,928,Y,686584464,1.3731689280000001
519,48,Y,686141208,1.372282416
8,194,Y,685416888,1.370833776
18,278,Y,685193096,1.370386192
12,226,Y,685155272,1.370310544
90,854,Y,685115040,1.37023008
45,493,Y,684977168,1.369954336
84,803,Y,684839232,1.369678464
793,83,Y,684611144,1.369222288
338,26,Y,684456368,1.368912736
812,85,Y,684446008,1.368892016
833,88,Y,684416120,1.36883224
111,1020,Y,684225936,1.368451872
236,13,Y,684089000,1.368178
668,67,Y,683197216,1.3663944319999999
941,101,Y,682297560,1.3645951200000002
5,172,Y,682285408,1.364570816
925,99,Y,682096016,1.364192032
59,605,Y,682065840,1.36413168
854,90,Y,681882584,1.363765168
248,15,Y,681720488,1.3634409760000001
68,677,Y,681281416,1.362562832
266,17,Y,680914024,1.361828048
109,1007,Y,680592152,1.361184304
635,63,Y,680342904,1.360685808
29,364,Y,680100448,1.360200896
69,686,Y,679890264,1.359780528
1107,122,Y,679626976,1.359253952
239,13,Y,678922096,1.357844192
1130,125,Y,678826744,1.357653488
132,0,Y,678254360,1.35650872
4,162,Y,678102040,1.35620408
225,12,Y,677352576,1.354705152
115,1048,Y,677263424,1.3545268480000001
500,46,Y,676690264,1.353380528
1105,122,Y,676113160,1.35222632
71,703,Y,675626184,1.351252368
827,87,Y,675434384,1.350868768
163,4,Y,675123728,1.350247456
33,395,Y,674736144,1.349472288
889,95,Y,674612840,1.34922568
247,14,Y,674574496,1.349148992
461,41,Y,673587872,1.347175744
58,592,Y,673137824,1.346275648
789,82,Y,672788048,1.345576096
2,151,Y,672458928,1.3449178560000001
977,106,Y,672436216,1.3448724319999998
533,50,Y,672295952,1.344591904
74,721,Y,671933552,1.343867104
116,1058,Y,671191896,1.3423837920000001
35,409,Y,670904808,1.341809616
24,321,Y,670233928,1.3404678559999998
32,387,Y,670172064,1.340344128
28,356,Y,670052600,1.3401052
96,902,Y,669939112,1.339878224
134,0,Y,669914472,1.339828944
875,93,Y,669885008,1.339770016
895,95,Y,668867696,1.337735392
706,72,Y,668351520,1.33670304
41,456,Y,668167624,1.336335248
739,76,Y,667925280,1.3358505600000001
54,567,Y,667790880,1.33558176
96,896,Y,667239688,1.334479376
1086,119,Y,667210824,1.334421648
38,436,Y,667136816,1.334273632
510,47,Y,667094320,1.33418864
404,34,Y,666246608,1.332493216
1102,121,Y,665984008,1.331968016
511,47,Y,665486192,1.330972384
351,27,Y,665160096,1.330320192
27,345,Y,664797328,1.329594656
249,15,Y,664699640,1.3293992799999998
604,59,Y,664654272,1.3293085439999999
10,208,Y,664521056,1.329042112
93,875,Y,663201224,1.326402448
2,146,Y,662775640,1.32555128
95,891,Y,662331704,1.324663408
79,760,Y,662268680,1.32453736
364,29,Y,661804512,1.323609024
74,726,Y,661368976,1.322737952
88,835,Y,660946232,1.321892464
90,853,Y,660663376,1.321326752
899,96,Y,660584192,1.321168384
64,641,Y,660239968,1.320479936
63,638,Y,659617592,1.319235184
216,11,Y,659526752,1.319053504
853,90,Y,659409352,1.3188187040000001
15,248,Y,658658160,1.31731632
35,408,Y,658626848,1.317253696
50,533,Y,658540576,1.317081152
65,654,Y,656444232,1.312888464
151,2,Y,656436064,1.312872128
836,88,Y,656205272,1.312410544
33,398,Y,655987672,1.311975344
659,66,Y,655447120,1.31089424
11,216,Y,655214608,1.310429216
63,635,Y,655117040,1.31023408
990,107,Y,654908760,1.30981752
60,609,Y,654796384,1.309592768
1058,116,Y,654665080,1.30933016
1019,111,Y,654343080,1.30868616
729,75,Y,654309864,1.308619728
523,49,Y,653785168,1.307570336
524,49,Y,653728672,1.3074573440000001
425,37,Y,653702200,1.3074044
640,64,Y,653617440,1.30723488
60,612,Y,653034968,1.306069936
1008,110,Y,652658752,1.305317504
12,231,Y,652286008,1.304572016
56,582,Y,651492224,1.3029844480000001
1,137,Y,651039552,1.302079104
468,42,Y,650403440,1.3008068799999999
44,487,Y,650278128,1.300556256
1052,115,Y,649370280,1.29874056
839,88,Y,649204520,1.2984090400000001
1085,119,Y,649195288,1.2983905759999999
75,733,Y,649148800,1.2982976
765,79,Y,648913032,1.297826064
97,907,Y,648731632,1.2974632640000001
832,88,Y,646430496,1.292860992
102,950,Y,645580400,1.2911607999999999
725,74,Y,645537704,1.291075408
115,1049,Y,645267336,1.290534672
410,35,Y,645070712,1.290141424
81,782,Y,644725968,1.289451936
1010,110,Y,644000536,1.288001072
934,100,Y,643050560,1.2861011199999999
89,842,Y,642953280,1.2859065600000001
360,29,Y,642634096,1.285268192
41,463,Y,640727184,1.2814543680000001
103,953,Y,640284184,1.2805683680000002
52,549,Y,640229928,1.280459856
13,237,Y,639274504,1.278549008
12,229,Y,639204152,1.278408304
113,1032,Y,639024752,1.278049504
862,91,Y,638558824,1.277117648
276,18,Y,638546744,1.277093488
83,793,Y,637996856,1.275993712
95,894,Y,637891629,1.275783258
343,26,Y,636613744,1.273227488
869,92,Y,634293432,1.268586864
123,1117,Y,632403376,1.2648067520000001
1037,113,Y,632280240,1.2645604799999999
86,821,Y,631513424,1.263026848
543,51,Y,630988064,1.2619761280000001
903,96,Y,630407512,1.260815024
487,44,Y,629825176,1.259650352
717,73,Y,629371656,1.258743312
494,45,Y,628859272,1.2577185439999998
96,899,Y,626165144,1.252330288
140,1,Y,624563790,1.24912758
199,8,Y,624389784,1.248779568
40,454,Y,622693064,1.245386128
107,988,Y,622190320,1.24438064
450,40,Y,621958464,1.243916928
45,495,Y,620824480,1.24164896
74,724,Y,619869456,1.239738912
23,319,Y,619164216,1.238328432
63,637,Y,618919016,1.237838032
1074,118,Y,618705712,1.237411424
36,419,Y,616759136,1.233518272
1112,123,Y,616490528,1.2329810559999999
688,70,Y,616383592,1.232767184
1020,111,Y,615935504,1.231871008
118,1079,Y,615019992,1.230039984
83,798,Y,613861160,1.22772232
92,869,Y,612923696,1.2258473920000001
55,574,Y,612907384,1.225814768
305,22,Y,612264174,1.224528348
483,44,Y,610252464,1.220504928
674,68,Y,609593536,1.219187072
238,13,Y,608362632,1.2167252640000001
40,449,Y,608140912,1.216281824
8,199,Y,607362992,1.214725984
409,35,Y,603747648,1.207495296
86,822,Y,602561132,1.2051222639999999
34,404,Y,601300496,1.202600992
65,649,Y,599044728,1.198089456
105,974,Y,598975680,1.19795136
179,6,Y,598554488,1.197108976
498,46,Y,598435296,1.196870592
94,886,Y,596458016,1.192916032
463,41,Y,594390064,1.188780128
369,30,Y,582745048,1.165490096
698,71,Y,582447779,1.164895558
38,432,Y,579809408,1.159618816
269,17,Y,579737608,1.159475216
649,65,Y,578012392,1.156024784
15,255,Y,569262264,1.138524528
93,874,Y,562757712,1.125515424
