15,125,N,18162618935,60.54206311666667
93,18,N,18021671922,60.07223974
1,125,N,18007972621,60.02657540333334
102,17,N,17989892208,59.96630736
22,66,N,17987371981,59.957906603333335
121,15,N,17943621823,59.81207274333333
60,17,N,17926922675,59.75640891666667
126,69,N,17914834293,59.71611431
91,29,N,17905171356,59.68390452
29,121,N,17900185237,59.66728412333333
118,25,N,17897528386,59.65842795333334
46,114,N,17893157167,59.64385722333333
53,121,N,17884658017,59.61552672333333
5,68,N,17883268169,59.61089389666666
117,30,N,17868252465,59.56084155
88,2,N,17850090291,59.50030097
12,109,N,17845567468,59.48522489333333
15,121,N,17835035083,59.45011694333333
58,102,N,17829009655,59.43003218333334
18,93,N,17813792114,59.37930704666666
59,127,N,17807735047,59.35911682333334
100,18,N,17807576887,59.35858962333334
66,9,N,17807117665,59.35705888333334
34,102,N,17803722565,59.34574188333334
111,25,N,17803069297,59.34356432333333
127,59,N,17802737627,59.34245875666667
9,66,N,17791380624,59.30460208
17,90,N,17784128258,59.28042752666667
25,111,N,17778609722,59.26203240666666
110,0,N,17774879035,59.24959678333334
125,15,N,17770834574,59.236115246666664
103,4,N,17768045724,59.226819080000006
71,127,N,17767764033,59.22588011
28,91,N,17764848660,59.2161622
4,103,N,17752415011,59.17471670333333
114,46,N,17744834857,59.14944952333333
36,119,N,17743622583,59.145408610000004
84,15,N,17738349450,59.127831500000006
121,29,N,17734078052,59.11359350666666
64,18,N,17730469204,59.10156401333333
102,58,N,17719966781,59.06655593666667
0,110,N,17719414039,59.06471346333333
14,123,N,17714269355,59.04756451666666
85,4,N,17712511231,59.04170410333334
23,54,N,17710757813,59.035859376666664
48,119,N,17703693457,59.01231152333334
2,88,N,17695434951,58.98478317
115,28,N,17685844205,58.952814016666665
103,29,N,17683448946,58.94482982
17,60,N,17682621398,58.942071326666664
68,5,N,17679810802,58.93270267333334
28,115,N,17674113139,58.91371046333334
33,90,N,17672681251,58.908937503333334
119,26,N,17667912620,58.893042066666666
120,82,N,17659188584,58.86396194666666
87,11,N,17652722468,58.84240822666666
36,116,N,17649502911,58.83167637
117,17,N,17648032374,58.82677458
109,12,N,17638135223,58.79378407666667
97,11,N,17632189630,58.77396543333333
127,71,N,17626589289,58.75529763
125,1,N,17623783987,58.74594662333333
116,36,N,17622727606,58.74242535333334
126,107,N,17611506212,58.705020706666666
25,118,N,17600805465,58.66935155
109,28,N,17591808497,58.639361656666665
17,102,N,17582530431,58.608434769999995
123,14,N,17579834609,58.59944869666667
26,119,N,17576570062,58.588566873333335
71,2,N,17568209271,58.560697569999995
10,96,N,17560717893,58.53572631
42,107,N,17541497337,58.471657789999995
69,126,N,17540593502,58.46864500666666
30,77,N,17533969973,58.44656657666667
41,66,N,17520301314,58.401004379999996
29,103,N,17505195263,58.35065087666666
77,30,N,17488103406,58.293678019999994
114,32,N,17478480187,58.26160062333333
8,125,N,17464853281,58.21617760333333
65,115,N,17443680121,58.14560040333333
79,4,N,17427042724,58.09014241333333
110,23,N,17422122529,58.07374176333333
29,91,N,17421982210,58.073274033333334
90,21,N,17412859176,58.04286392
120,6,N,17403896474,58.012988246666666
66,22,N,17402315836,58.00771945333333
60,10,N,17390017186,57.96672395333333
2,71,N,17387573204,57.958577346666665
54,23,N,17381934712,57.93978237333334
10,108,N,17375487628,57.918292093333335
121,53,N,17370373173,57.90124391
21,90,N,17357311872,57.85770624
115,65,N,17344393357,57.814644523333335
32,114,N,17339759261,57.79919753666667
96,10,N,17338993602,57.79664534
30,117,N,17334009257,57.78003085666666
17,117,N,17333629271,57.77876423666667
107,126,N,17320129208,57.73376402666667
90,17,N,17293378278,57.644594260000005
105,5,N,17292101044,57.640336813333334
7,83,N,17290436611,57.63478870333333
106,1,N,17289040989,57.630136629999996
124,42,N,17289005377,57.630017923333334
28,109,N,17273936417,57.57978805666667
0,82,N,17247470315,57.49156771666667
107,42,N,17244139342,57.480464473333335
41,84,N,17237531384,57.45843794666666
113,49,N,17236800957,57.456003190000004
42,88,N,17236481911,57.45493970333333
18,100,N,17232883224,57.442944080000004
11,87,N,17232781122,57.442603739999996
73,23,N,17220657765,57.402192549999995
15,84,N,17199902935,57.33300978333333
108,10,N,17194585029,57.315283429999994
10,60,N,17193457976,57.31152658666666
88,42,N,17188732428,57.29577475999999
4,79,N,17188410611,57.29470203666666
4,115,N,17174906369,57.24968789666667
7,82,N,17155522893,57.18507631000001
66,41,N,17143387989,57.14462663
40,116,N,17135013101,57.116710336666664
91,28,N,17119528262,57.065094206666664
2,99,N,17079477353,56.931591176666664
11,97,N,17074823418,56.91607806
57,126,N,17069162914,56.89720971333333
47,123,N,17063436391,56.87812130333333
89,60,N,17046705133,56.822350443333335
102,34,N,17042568287,56.80856095666667
82,120,N,17034859913,56.78286637666666
42,124,N,17018164280,56.72721426666667
90,33,N,17012754671,56.70918223666666
125,8,N,16950388579,56.501295263333326
123,47,N,16946521475,56.48840491666667
23,110,N,16893415253,56.31138417666667
6,120,N,16890345722,56.30115240666667
23,73,N,16883803581,56.27934527
18,64,N,16878779392,56.26259797333333
99,2,N,16873884719,56.24628239666667
126,57,N,16872870194,56.24290064666667
115,4,N,16862620555,56.20873518333334
5,105,N,16858469251,56.19489750333333
82,0,N,16830159687,56.100532290000004
83,7,N,16813886231,56.04628743666667
122,13,N,16745640286,55.81880095333334
119,48,N,16742372796,55.80790932000001
1,106,N,16737448531,55.79149510333333
4,85,N,16723010182,55.743367273333334
82,7,N,16718916038,55.72972012666667
84,41,N,16671007892,55.57002630666666
116,40,N,16666054544,55.55351514666667
49,113,N,16656169798,55.520565993333335
13,122,N,16505554562,55.01851520666666
106,5,N,16413064376,54.71021458666666
11,105,N,16208466510,54.0282217
119,36,N,16046337709,53.487792363333334
60,89,N,15624707419,52.08235806333333
5,106,N,15589356865,51.96452288333333
105,11,N,15578419699,51.928065663333335
16,6,N,2120694625,7.068982083333333
222,11,Y,1865323184,6.217743946666666
50,23,N,1751562680,5.838542266666667
92,120,N,1639943040,5.466476800000001
49,10,N,1557779704,5.192599013333334
38,92,N,1464724584,4.88241528
92,124,N,1442500072,4.808333573333334
21,25,N,1436206574,4.7873552466666665
71,10,N,1419879440,4.732931466666666
91,71,N,1414105456,4.7136848533333335
124,126,N,1379152256,4.597174186666667
9,42,N,1345683921,4.48561307
61,15,N,1327148280,4.4238276
18,126,N,1305818936,4.352729786666667
6,30,N,1240631296,4.135437653333334
105,118,N,1232894730,4.1096490999999995
55,42,N,1230671656,4.102238853333334
20,17,N,1199546968,3.9984898933333333
126,18,N,1169916184,3.899720613333333
80,108,N,1163572552,3.878575173333333
76,116,N,1161067616,3.8702253866666667
64,115,N,1113433696,3.711445653333333
127,120,N,1111650624,3.7055020799999996
112,96,N,1090194008,3.6339800266666664
16,5,N,1087991775,3.62663925
95,107,N,1075135168,3.583783893333333
80,127,N,1072041528,3.57347176
112,115,N,1067746952,3.5591565066666666
86,102,N,1057857928,3.526193093333333
48,15,N,1016185520,3.3872850666666667
78,84,N,1011094143,3.3703138100000003
63,60,N,976079184,3.25359728
50,108,N,974949432,3.24983144
101,123,N,954642456,3.18214152
98,46,N,936553920,3.1218464
108,121,N,932009136,3.10669712
54,114,N,926132306,3.0871076866666667
19,36,N,916784760,3.0559492
31,0,N,913416232,3.0447207733333332
21,7,N,895498600,2.984995333333333
44,69,N,886250136,2.95416712
27,1,N,884868392,2.9495613066666664
40,21,N,884613024,2.9487100799999997
55,8,N,881354343,2.93784781
25,28,N,875069256,2.91689752
1134,125,Y,862043128,2.8734770933333333
14,0,N,851542264,2.8384742133333334
52,124,N,839597304,2.79865768
74,53,N,830344528,2.767815093333333
26,5,N,827299720,2.7576657333333334
74,87,N,825301992,2.75100664
108,124,N,820471672,2.734905573333333
122,71,N,811293272,2.7043109066666666
433,38,Y,811046744,2.7034891466666666
75,57,N,809586968,2.6986232266666668
46,105,N,808426968,2.69475656
19,16,N,806485520,2.6882850666666664
79,12,N,804415192,2.6813839733333333
27,40,N,800336744,2.6677891466666668
53,117,N,796822168,2.6560738933333337
57,66,N,779311128,2.59770376
248,15,Y,777874338,2.59291446
84,30,N,777200688,2.59066896
271,17,Y,775966792,2.5865559733333336
111,120,N,775895648,2.5863188266666666
275,18,Y,774643128,2.58214376
124,92,N,765919072,2.5530635733333336
92,38,N,762508800,2.541696
104,48,N,761065864,2.536886213333333
55,7,N,755935360,2.5197845333333335
45,1,N,754456352,2.5148545066666665
39,21,N,746751264,2.48917088
63,48,N,737745320,2.4591510666666667
1099,121,Y,729509744,2.431699146666667
87,32,N,724252840,2.4141761333333336
121,108,N,723628000,2.4120933333333334
32,110,N,722824840,2.409416133333333
112,110,N,718942888,2.3964762933333335
80,77,N,716525360,2.3884178666666664
19,12,N,715397328,2.3846577599999996
115,64,N,715311744,2.38437248
75,112,N,710714288,2.3690476266666667
58,2,N,709461360,2.3648712
27,77,N,707826712,2.359422373333333
92,91,N,704863000,2.349543333333333
1005,109,Y,701911960,2.3397065333333336
103,92,N,699707960,2.3323598666666667
63,93,N,694303760,2.3143458666666663
1149,127,Y,691966328,2.3065544266666667
70,107,N,682217528,2.2740584266666666
35,2,N,679859696,2.2661989866666667
62,101,N,677134936,2.2571164533333334
72,25,N,672499736,2.2416657866666667
89,107,N,671968856,2.239896186666667
51,125,N,671442050,2.2381401666666667
56,73,N,670345008,2.23448336
44,53,N,670070840,2.233569466666667
265,17,Y,668234064,2.22744688
81,85,N,667189960,2.2239665333333334
81,41,N,665359368,2.21786456
1075,118,Y,660963816,2.2032127200000002
54,66,N,659687408,2.1989580266666664
72,104,N,655038144,2.18346048
99,90,N,652116578,2.1737219266666665
114,78,N,650912920,2.1697097333333333
104,68,N,648712072,2.1623735733333334
99,57,N,647972309,2.1599076966666666
1129,125,Y,647637480,2.1587916
50,18,N,646469416,2.1548980533333335
43,58,N,643141360,2.1438045333333333
861,91,Y,637943616,2.12647872
78,116,N,637177232,2.1239241066666668
76,52,N,636717080,2.1223902666666667
1091,120,Y,634523664,2.11507888
14,99,N,634073688,2.11357896
51,59,N,632350248,2.1078341600000003
124,108,N,632348904,2.10782968
95,68,N,630454344,2.10151448
59,32,N,628836608,2.096122026666667
30,6,N,623723168,2.0790772266666666
123,119,N,623680736,2.078935786666667
99,14,N,623489640,2.0782988
16,0,N,620037216,2.0667907199999997
38,33,N,616014656,2.0533821866666666
118,77,N,615233416,2.050778053333333
9,111,N,614308312,2.047694373333333
20,61,N,608392952,2.0279765066666666
117,33,N,604016056,2.0133868533333334
105,121,N,603801576,2.01267192
45,49,N,603305480,2.0110182666666665
122,44,N,599121288,1.99707096
18,277,Y,595287552,1.98429184
35,55,N,594278912,1.9809297066666665
67,12,N,592688720,1.9756290666666665
62,8,N,591515003,1.9717166766666665
79,88,N,589399688,1.9646656266666667
120,127,N,588568840,1.9618961333333333
316,23,Y,588243109,1.9608103633333331
56,109,N,588164504,1.9605483466666667
42,55,N,586176241,1.9539208033333335
30,23,N,585666888,1.95222296
23,30,N,585176888,1.9505896266666667
132,0,Y,580965432,1.93655144
334,25,Y,580390376,1.9346345866666665
67,47,N,579090680,1.9303022666666665
92,103,N,578882936,1.9296097866666666
3,36,N,578289368,1.9276312266666669
109,118,N,577282720,1.9242757333333333
56,97,N,568979560,1.8965985333333335
873,93,Y,568885480,1.8962849333333334
3,28,N,568705776,1.8956859199999998
83,58,N,568477248,1.89492416
1147,127,Y,565518456,1.88506152
84,93,N,565485680,1.8849522666666667
959,103,Y,561879256,1.8729308533333333
122,20,N,560577056,1.8685901866666668
22,6,N,559231320,1.8641044
39,22,N,558699008,1.8623300266666667
1135,125,Y,556652808,1.8555093599999999
100,47,N,556294440,1.8543147999999998
1131,125,Y,554860272,1.8495342399999999
1136,126,Y,549468400,1.8315613333333334
100,32,N,548241792,1.82747264
73,95,N,548234456,1.8274481866666668
772,80,Y,547249803,1.8241660100000001
77,85,N,547066304,1.8235543466666666
634,63,Y,546370880,1.8212362666666666
529,50,Y,545164864,1.8172162133333332
353,28,Y,545048576,1.816828586666667
1092,120,Y,544852864,1.8161762133333332
703,71,Y,544573976,1.8152465866666665
65,76,N,543584336,1.8119477866666667
86,106,N,541959112,1.8065303733333333
65,14,N,540729096,1.80243032
85,100,N,537212800,1.7907093333333333
1142,126,Y,536347552,1.7878251733333332
35,26,N,536267032,1.7875567733333333
98,51,N,535031112,1.7834370400000001
848,90,Y,534971384,1.7832379466666666
7,21,N,533175240,1.7772508
111,87,N,529708640,1.7656954666666664
96,112,N,528754792,1.7625159733333333
0,14,N,528628632,1.76209544
77,80,N,528587112,1.76195704
28,25,N,527966376,1.7598879200000002
118,105,N,527676000,1.7589199999999998
787,82,Y,527397552,1.7579918399999999
397,33,Y,526569424,1.7552314133333333
12,79,N,525598720,1.7519957333333331
101,50,N,522038936,1.7401297866666665
93,46,N,520335760,1.7344525333333332
7,55,N,518901880,1.7296729333333334
73,63,N,518233952,1.7274465066666669
71,91,N,517988880,1.7266296
10,71,N,517967320,1.7265577333333333
118,109,N,516750984,1.7225032800000002
1133,125,Y,516422208,1.7214073600000002
354,28,Y,515287832,1.7176261066666667
440,39,Y,514705264,1.7156842133333332
89,119,N,514643776,1.7154792533333334
80,29,N,511748600,1.7058286666666664
272,18,Y,510570608,1.7019020266666667
1106,122,Y,510508520,1.7016950666666666
1139,126,Y,510056992,1.7001899733333332
34,64,N,507947256,1.69315752
106,100,N,506689640,1.6889654666666667
25,21,N,506349112,1.6878303733333333
269,17,Y,506148664,1.6871622133333333
21,40,N,505448544,1.6848284799999997
1114,123,Y,505438936,1.6847964533333333
32,87,N,505423728,1.68474576
207,9,Y,504373080,1.6812436
65,91,N,499455784,1.6648526133333335
362,29,Y,499294088,1.6643136266666667
75,103,N,499266456,1.6642215200000001
96,88,N,496484808,1.65494936
86,111,N,495568152,1.6518938399999998
102,125,N,494107384,1.6470246133333335
44,122,N,492611016,1.6420367200000001
24,50,N,491266208,1.6375540266666666
423,36,Y,491007040,1.6366901333333332
11,83,N,490832432,1.6361081066666667
38,81,N,490766264,1.6358875466666665
77,27,N,487805496,1.62601832
68,14,N,486972264,1.62324088
513,48,Y,484896160,1.6163205333333333
121,105,N,483533784,1.61177928
31,60,N,482507928,1.60835976
101,34,N,481207072,1.6040235733333335
6,7,N,481004552,1.6033485066666666
36,19,N,479633464,1.5987782133333333
22,112,N,479548808,1.5984960266666668
68,90,N,478730688,1.5957689600000002
53,19,N,477321664,1.5910722133333333
1138,126,Y,476776070,1.5892535666666665
37,86,N,476658536,1.5888617866666666
5,16,N,475633008,1.58544336
44,127,N,475430240,1.5847674666666665
39,47,N,473241712,1.5774723733333333
63,73,N,473237472,1.5774582400000001
214,10,Y,471641472,1.5721382400000001
113,89,N,470500872,1.56833624
335,25,Y,470338512,1.56779504
83,11,N,469298057,1.5643268566666666
992,108,Y,469225176,1.5640839199999998
33,117,N,466844768,1.5561492266666666
1082,119,Y,465945370,1.5531512333333335
73,116,N,465243000,1.55081
394,33,Y,462395192,1.5413173066666668
554,53,Y,461865240,1.5395508
61,76,N,460726632,1.53575544
104,72,N,458837688,1.52945896
13,4,N,457826096,1.5260869866666666
93,84,N,457756776,1.5258559200000001
29,118,N,456759496,1.5225316533333333
1151,127,Y,453442808,1.5114760266666667
52,76,N,453375664,1.5112522133333335
419,36,Y,452766832,1.5092227733333332
528,50,Y,452599496,1.5086649866666666
9,49,N,451296600,1.504322
200,9,Y,451024024,1.5034134133333332
365,29,Y,450854576,1.5028485866666668
924,99,Y,450768328,1.5025610933333333
312,23,Y,446700464,1.4890015466666666
20,31,N,446219880,1.4873996
100,85,N,445555752,1.48518584
1130,125,Y,444418174,1.4813939133333334
48,87,N,443672200,1.4789073333333334
81,106,N,443354560,1.4778485333333333
291,20,Y,442243144,1.4741438133333333
117,82,N,442055840,1.4735194666666667
955,103,Y,441639736,1.4721324533333333
19,53,N,441537328,1.4717910933333334
69,79,N,441470712,1.47156904
32,100,N,440616784,1.4687226133333333
333,25,Y,440380888,1.4679362933333333
874,93,Y,439976608,1.4665886933333334
698,71,Y,439923600,1.4664119999999998
114,110,N,439602656,1.4653421866666667
33,11,N,439486976,1.4649565866666667
76,65,N,438969472,1.4632315733333334
1146,127,Y,438646720,1.4621557333333333
126,124,N,437838504,1.45946168
73,56,N,436758968,1.4558632266666667
464,42,Y,436476656,1.4549221866666666
13,40,N,436046072,1.4534869066666667
49,97,N,434746352,1.4491545066666667
918,98,Y,434731704,1.4491056800000002
986,107,Y,433598624,1.4453287466666667
97,49,N,433211296,1.4440376533333334
1006,109,Y,432378424,1.4412614133333332
178,6,Y,430375584,1.4345852799999999
82,8,N,430000944,1.43333648
366,29,Y,429780632,1.4326021066666668
213,10,Y,429070720,1.4302357333333333
212,10,Y,428631736,1.4287724533333335
277,18,Y,428555642,1.4285188066666665
470,42,Y,428525256,1.42841752
30,84,N,425987656,1.4199588533333334
66,54,N,425670800,1.4189026666666666
1,85,N,424984304,1.4166143466666665
111,9,N,424446312,1.41482104
18,50,N,423333672,1.41111224
70,113,N,422052296,1.4068409866666667
49,9,N,421811096,1.4060369866666667
120,111,N,421635912,1.4054530399999998
345,27,Y,421405904,1.4046863466666666
57,99,N,420471376,1.4015712533333333
467,42,Y,419836368,1.39945456
664,67,Y,418835640,1.3961188
34,69,N,418556696,1.3951889866666667
1093,120,Y,418452200,1.3948406666666666
261,16,Y,416928936,1.38976312
368,30,Y,415911840,1.3863728
109,56,N,415564752,1.38521584
76,46,N,415239280,1.3841309333333334
180,6,Y,413017632,1.37672544
22,26,N,412892208,1.37630736
99,58,N,412748376,1.3758279199999999
1063,116,Y,411749472,1.37249824
15,48,N,411558128,1.3718604266666667
633,63,Y,411265192,1.3708839733333333
490,45,Y,410247547,1.3674918233333333
95,73,N,409138491,1.36379497
936,101,Y,408305584,1.3610186133333333
93,63,N,408290200,1.3609673333333334
109,103,N,407737664,1.3591255466666667
357,28,Y,407609792,1.3586993066666668
203,9,Y,407189152,1.3572971733333332
55,59,N,407036224,1.3567874133333333
364,29,Y,405359160,1.3511972
98,33,N,404478688,1.3482622933333335
759,78,Y,403677776,1.3455925866666667
1144,127,Y,403172056,1.3439068533333332
820,86,Y,402932464,1.3431082133333332
901,96,Y,402849152,1.3428305066666666
699,71,Y,402599208,1.34199736
78,43,N,402191328,1.34063776
175,5,Y,401617088,1.3387236266666667
260,16,Y,400568528,1.3352284266666667
70,62,N,399571205,1.3319040166666667
78,45,N,398950680,1.3298356
61,20,N,395944856,1.3198161866666667
104,64,N,395731120,1.3191037333333333
1111,122,Y,395663576,1.3188785866666668
107,89,N,394785912,1.31595304
363,29,Y,393173304,1.31057768
46,76,N,392947552,1.3098251733333333
125,102,N,390905368,1.3030178933333334
735,75,Y,390799256,1.3026641866666668
749,77,Y,390177808,1.3005926933333334
649,65,Y,389313752,1.2977125066666666
984,107,Y,388890376,1.2963012533333333
3,65,N,387559568,1.2918652266666668
249,15,Y,386027416,1.2867580533333334
697,71,Y,385499184,1.28499728
770,80,Y,385318744,1.2843958133333333
251,15,Y,385248744,1.28416248
14,68,N,384775120,1.2825837333333332
88,37,N,383733296,1.2791109866666668
88,96,N,383335744,1.2777858133333333
66,57,N,383011528,1.2767050933333333
43,96,N,381820848,1.27273616
771,80,Y,381753040,1.2725101333333333
8,82,N,381713160,1.2723772
779,81,Y,380710816,1.2690360533333334
123,74,N,380511712,1.2683723733333332
257,16,Y,379408520,1.2646950666666668
172,5,Y,379346760,1.2644891999999999
330,25,Y,377756072,1.2591869066666668
469,42,Y,377721320,1.2590710666666667
672,68,Y,375622704,1.25207568
10,49,N,374508136,1.2483604533333332
89,83,N,373148928,1.2438297600000001
527,49,Y,373069216,1.2435640533333334
280,19,Y,372190752,1.24063584
143,1,Y,372096280,1.2403209333333334
851,90,Y,371714888,1.2390496266666666
965,104,Y,371467336,1.2382244533333333
13,64,N,370921544,1.2364051466666666
715,73,Y,370214900,1.2340496666666667
746,77,Y,369937331,1.2331244366666667
23,50,N,369142576,1.2304752533333332
946,102,Y,367937128,1.2264570933333334
45,16,N,367689664,1.2256322133333335
1070,117,Y,367079472,1.22359824
1058,116,Y,366356064,1.2211868799999999
38,97,N,366332872,1.2211095733333333
39,43,N,365449328,1.2181644266666667
201,9,Y,365004275,1.2166809166666668
611,60,Y,364666592,1.2155553066666667
87,111,N,363926240,1.2130874666666667
22,39,N,363659696,1.2121989866666667
661,66,Y,362171664,1.20723888
1128,125,Y,361757296,1.2058576533333334
1108,122,Y,361706379,1.20568793
67,27,N,361455656,1.2048521866666666
763,79,Y,361013752,1.2033791733333334
32,59,N,359059592,1.1968653066666666
2,35,N,359011816,1.1967060533333334
56,54,N,357854360,1.1928478666666666
72,80,N,357150544,1.1905018133333334
97,56,N,357121728,1.19040576
398,33,Y,356055472,1.1868515733333334
86,47,N,355454416,1.1848480533333334
864,92,Y,353847232,1.1794907733333333
103,109,N,353701928,1.1790064266666667
985,107,Y,353661792,1.17887264
37,94,N,353497776,1.17832592
9,39,N,352957844,1.1765261466666666
223,11,Y,352740636,1.17580212
118,29,N,351900920,1.1730030666666666
183,6,Y,351471045,1.17157015
852,90,Y,351289840,1.1709661333333332
205,9,Y,351284920,1.1709497333333334
113,63,N,351142792,1.1704759733333334
98,34,N,351045024,1.17015008
117,53,N,350998608,1.16999536
978,106,Y,349987080,1.1666236
786,82,Y,349866192,1.16622064
1030,112,Y,349772920,1.1659097333333333
76,61,N,349360176,1.16453392
52,57,N,348127000,1.1604233333333334
69,44,N,347899072,1.1596635733333334
859,91,Y,347800640,1.1593354666666666
120,92,N,347343992,1.1578133066666667
36,45,N,347103320,1.1570110666666666
1143,126,Y,346366064,1.1545535466666665
47,39,N,345032960,1.1501098666666665
784,82,Y,344021680,1.1467389333333333
608,60,Y,343482136,1.1449404533333334
306,22,Y,342942344,1.1431411466666666
67,35,N,342772344,1.14257448
41,83,N,342339448,1.1411314933333334
374,30,Y,341619377,1.1387312566666667
182,6,Y,340445824,1.1348194133333334
367,29,Y,339548168,1.1318272266666667
191,7,Y,338740072,1.1291335733333332
1098,121,Y,338203632,1.12734544
836,88,Y,337777880,1.1259262666666667
24,44,N,337753000,1.1258433333333333
64,34,N,336689416,1.1222980533333333
842,89,Y,335744168,1.1191472266666667
976,106,Y,335569544,1.1185651466666666
1150,127,Y,335471312,1.1182377066666667
1018,111,Y,335239752,1.1174658400000002
37,88,N,334804064,1.1160135466666667
209,10,Y,334535396,1.1151179866666667
655,65,Y,334316360,1.1143878666666667
1062,116,Y,334184360,1.1139478666666667
6,16,N,334011024,1.11337008
934,100,Y,333474968,1.1115832266666668
112,75,N,333331352,1.1111045066666667
81,24,N,332789544,1.10929848
872,93,Y,332735880,1.1091195999999999
62,96,N,331321272,1.10440424
100,106,N,330910024,1.1030334133333333
468,42,Y,330010992,1.10003664
33,38,N,329701200,1.0990039999999999
373,30,Y,329365128,1.09788376
85,1,N,328325400,1.094418
1084,119,Y,327877064,1.0929235466666667
370,30,Y,325978248,1.08659416
41,19,N,325290792,1.08430264
501,46,Y,325144784,1.0838159466666668
791,82,Y,324065912,1.0802197066666666
53,44,N,323560496,1.0785349866666667
6,22,N,323450577,1.07816859
110,112,N,323043624,1.0768120799999998
769,80,Y,322973560,1.0765785333333333
1008,110,Y,321634424,1.0721147466666667
91,92,N,321370096,1.0712336533333333
24,81,N,321346224,1.0711540800000001
189,7,Y,321275832,1.07091944
1148,127,Y,321073944,1.07024648
1141,126,Y,319857892,1.0661929733333333
888,95,Y,319247598,1.0641586600000001
40,13,N,319150176,1.06383392
856,91,Y,318894216,1.06298072
47,100,N,318858112,1.0628603733333333
48,63,N,318692864,1.0623095466666665
996,108,Y,318418000,1.0613933333333334
85,77,N,316919912,1.0563997066666668
617,61,Y,316736840,1.0557894666666667
46,93,N,315697376,1.0523245866666666
927,99,Y,315589720,1.0519657333333332
1069,117,Y,315337776,1.05112592
144,2,Y,315188320,1.0506277333333334
870,92,Y,314719080,1.0490636
24,51,N,314479952,1.0482665066666668
601,59,Y,313981888,1.0466062933333333
55,35,N,313554144,1.04518048
65,3,N,313303096,1.0443436533333332
79,69,N,311427560,1.0380918666666668
97,98,N,311381568,1.0379385600000002
112,22,N,310539528,1.03513176
857,91,Y,310365992,1.0345533066666668
1065,117,Y,310002976,1.0333432533333333
968,105,Y,309988232,1.0332941066666668
1094,120,Y,309610360,1.0320345333333334
1017,111,Y,309448184,1.0314939466666668
360,29,Y,309334264,1.0311142133333333
93,101,N,309239656,1.0307988533333332
256,16,Y,309032328,1.03010776
1014,110,Y,308654760,1.0288492
78,114,N,306232880,1.0207762666666667
127,44,N,305999904,1.01999968
151,2,Y,305853896,1.0195129866666666
24,52,N,305698368,1.0189945599999999
262,16,Y,305245632,1.01748544
800,84,Y,305041616,1.0168053866666666
62,70,N,304891344,1.01630448
243,14,Y,303977352,1.01325784
1039,113,Y,303329464,1.0110982133333333
944,102,Y,302497136,1.0083237866666668
105,46,N,301657648,1.0055254933333333
908,97,Y,300880288,1.0029342933333332
534,50,Y,300462096,1.00154032
716,73,Y,300006206,1.0000206866666668
20,122,N,299689144,0.9989638133333333
140,1,Y,299530392,0.99843464
566,54,Y,299326416,0.9977547200000001
26,22,N,298984824,0.99661608
31,27,N,298732264,0.9957742133333333
1012,110,Y,297328232,0.9910941066666666
725,74,Y,297007560,0.9900252
624,62,Y,296657328,0.98885776
1081,119,Y,296333616,0.98777872
572,55,Y,296191752,0.9873058400000001
913,98,Y,295977512,0.9865917066666667
683,69,Y,294936608,0.9831220266666666
210,10,Y,294570384,0.9819012800000001
69,34,N,294404496,0.98134832
149,2,Y,293483304,0.97827768
91,65,N,293470976,0.9782365866666667
1015,110,Y,293000408,0.9766680266666666
57,75,N,292993104,0.97664368
94,72,N,292829384,0.9760979466666666
853,90,Y,292062408,0.9735413599999999
660,66,Y,291686768,0.9722892266666666
1041,114,Y,291378448,0.9712614933333333
1,27,N,290429632,0.9680987733333334
12,26,N,290388920,0.9679630666666666
309,22,Y,290257920,0.9675263999999999
993,108,Y,290068917,0.96689639
104,95,N,289653280,0.9655109333333334
343,26,Y,289362784,0.9645426133333332
176,6,Y,288236224,0.9607874133333333
1122,124,Y,288174128,0.9605804266666667
571,55,Y,287914968,0.95971656
549,52,Y,287736545,0.9591218166666667
0,16,N,287603240,0.9586774666666668
421,36,Y,287352392,0.9578413066666667
113,74,N,287328064,0.9577602133333333
1137,126,Y,287221256,0.9574041866666667
114,54,N,286973936,0.9565797866666667
768,80,Y,286669480,0.9555649333333333
678,68,Y,286343032,0.9544767733333335
74,123,N,286006424,0.9533547466666668
14,65,N,285854768,0.9528492266666667
146,2,Y,285146432,0.9504881066666667
281,19,Y,284507446,0.9483581533333334
52,24,N,284213368,0.9473778933333333
1035,113,Y,284120920,0.9470697333333333
1023,111,Y,284101080,0.9470036
466,42,Y,283983872,0.9466129066666668
1038,113,Y,283213520,0.9440450666666665
35,67,N,283033504,0.9434450133333333
94,38,N,282690272,0.9423009066666667
871,92,Y,282292016,0.9409733866666667
1115,123,Y,282243520,0.9408117333333333
622,61,Y,281613632,0.9387121066666667
125,51,N,281599648,0.9386654933333334
63,113,N,281384704,0.9379490133333332
899,96,Y,281225264,0.9374175466666668
80,72,N,279876544,0.9329218133333335
1102,121,Y,279221840,0.9307394666666666
654,65,Y,278968224,0.9298940800000001
298,21,Y,278189064,0.92729688
766,79,Y,277548336,0.9251611200000001
420,36,Y,277272248,0.9242408266666666
68,104,N,277153608,0.92384536
106,81,N,276613648,0.9220454933333334
90,99,N,276558979,0.9218632633333332
989,107,Y,276169752,0.9205658400000001
1053,115,Y,276083736,0.9202791199999999
734,75,Y,276018016,0.9200600533333334
273,18,Y,275915832,0.91971944
1048,115,Y,275747176,0.9191572533333333
211,10,Y,275360984,0.9178699466666668
59,69,N,275347480,0.9178249333333333
61,79,N,274997640,0.9166588
799,83,Y,274928272,0.9164275733333332
51,24,N,274657800,0.9155260000000001
108,50,N,274450824,0.9148360799999999
181,6,Y,272737648,0.9091254933333333
58,83,N,272379040,0.9079301333333333
726,74,Y,272261760,0.9075392
355,28,Y,270956944,0.9031898133333334
297,21,Y,270935800,0.9031193333333333
1077,118,Y,270893216,0.9029773866666667
714,73,Y,268608464,0.8953615466666667
138,1,Y,268432120,0.8947737333333334
1080,119,Y,268380592,0.8946019733333332
16,19,N,268039456,0.8934648533333334
315,23,Y,268013392,0.8933779733333332
119,89,N,267727920,0.8924264
693,70,Y,267454672,0.8915155733333333
51,98,N,266717632,0.8890587733333334
107,95,N,266495034,0.8883167799999999
444,39,Y,266054808,0.8868493599999999
825,87,Y,265731544,0.8857718133333333
1089,120,Y,265045264,0.8834842133333333
903,96,Y,265018080,0.8833936
977,106,Y,264841912,0.8828063733333333
663,66,Y,264290880,0.8809696
974,105,Y,264148072,0.8804935733333333
113,70,N,264053664,0.88017888
1127,124,Y,263896536,0.87965512
1009,110,Y,263789840,0.8792994666666667
286,19,Y,263521664,0.8784055466666666
43,78,N,263480272,0.8782675733333334
904,97,Y,262102184,0.8736739466666668
187,7,Y,261817016,0.8727233866666666
141,1,Y,261812816,0.8727093866666668
1095,120,Y,261544416,0.87181472
1103,121,Y,261437144,0.8714571466666666
83,41,N,261379320,0.8712644
64,104,N,260745320,0.8691510666666666
21,39,N,260565312,0.86855104
179,6,Y,260562945,0.86854315
869,92,Y,260511840,0.8683728
612,60,Y,259972792,0.8665759733333334
758,78,Y,259147288,0.8638242933333333
77,118,N,258910520,0.8630350666666666
849,90,Y,257852864,0.8595095466666666
975,105,Y,257850936,0.8595031200000001
69,59,N,257669264,0.8588975466666666
643,64,Y,257632952,0.8587765066666666
560,54,Y,257617360,0.8587245333333333
303,21,Y,257003928,0.85667976
696,71,Y,256792232,0.8559741066666666
532,50,Y,255232720,0.8507757333333332
1024,112,Y,255112248,0.85037416
1086,119,Y,254894032,0.8496467733333334
1126,124,Y,254875168,0.8495838933333333
37,75,N,254470904,0.8482363466666667
909,97,Y,254184920,0.8472830666666666
949,102,Y,253767480,0.8458916000000001
865,92,Y,253741584,0.8458052799999999
1085,119,Y,253739032,0.8457967733333334
64,13,N,253319616,0.8443987199999999
379,31,Y,252904440,0.8430148000000001
1090,120,Y,252517632,0.8417254399999999
563,54,Y,252187456,0.8406248533333334
638,63,Y,252015416,0.8400513866666668
356,28,Y,251855440,0.8395181333333332
525,49,Y,251299368,0.83766456
453,40,Y,250966944,0.8365564799999999
238,13,Y,250728864,0.8357628799999999
738,76,Y,250696656,0.8356555200000001
349,27,Y,250099312,0.8336643733333333
0,31,N,249992880,0.8333096
185,7,Y,249109440,0.8303648
969,105,Y,248842744,0.8294758133333333
753,78,Y,248836644,0.8294554799999999
87,48,N,247742096,0.8258069866666667
278,18,Y,247558456,0.8251948533333333
1026,112,Y,247276520,0.8242550666666666
733,75,Y,246972656,0.8232421866666667
914,98,Y,246707800,0.8223593333333332
452,40,Y,246135088,0.8204502933333333
687,69,Y,246075568,0.8202518933333334
160,4,Y,246026552,0.8200885066666667
219,11,Y,245896504,0.8196550133333332
991,107,Y,245495536,0.8183184533333334
71,122,N,244810624,0.8160354133333334
45,78,N,244768800,0.815896
575,55,Y,244474808,0.8149160266666667
739,76,Y,244385328,0.8146177600000001
232,13,Y,244346400,0.814488
681,69,Y,244317016,0.8143900533333334
54,56,N,244313648,0.8143788266666667
292,20,Y,244212280,0.8140409333333333
765,79,Y,243764264,0.8125475466666667
42,9,N,243217568,0.8107252266666667
3,54,N,243099160,0.8103305333333333
416,36,Y,243042648,0.8101421600000001
28,3,N,243016184,0.8100539466666667
359,28,Y,242922920,0.8097430666666667
283,19,Y,242571808,0.8085726933333334
75,13,N,241488600,0.8049620000000001
1123,124,Y,241487368,0.8049578933333335
982,106,Y,241419208,0.8047306933333334
52,70,N,241404496,0.8046816533333334
165,4,Y,240956312,0.8031877066666667
302,21,Y,240849824,0.8028327466666667
811,85,Y,240607024,0.8020234133333334
484,44,Y,240370496,0.8012349866666667
794,83,Y,240322968,0.80107656
750,77,Y,239937208,0.7997906933333333
11,33,N,239563968,0.79854656
404,34,Y,239257808,0.7975260266666666
615,60,Y,238996544,0.7966551466666666
31,20,N,238721944,0.7957398133333333
862,91,Y,237931960,0.7931065333333334
646,64,Y,237733736,0.7924457866666667
40,27,N,237428896,0.7914296533333334
8,55,N,235755840,0.7858528
667,67,Y,235294840,0.7843161333333333
496,46,Y,235231416,0.78410472
386,32,Y,235059200,0.7835306666666666
1096,121,Y,234814200,0.782714
124,52,N,234591256,0.7819708533333334
68,95,N,233614440,0.7787147999999999
190,7,Y,233189576,0.7772985866666667
898,96,Y,233077760,0.7769258666666666
537,51,Y,232987536,0.7766251200000001
1124,124,Y,232823264,0.7760775466666666
36,3,N,232533912,0.77511304
1083,119,Y,232088448,0.77362816
101,93,N,232054352,0.7735145066666667
255,15,Y,231856792,0.7728559733333333
1003,109,Y,231711024,0.7723700800000001
588,57,Y,231494040,0.7716468
774,80,Y,231346064,0.7711535466666667
822,86,Y,231292656,0.7709755199999999
19,41,N,231267208,0.7708906933333333
1097,121,Y,231166992,0.77055664
640,64,Y,230156832,0.76718944
686,69,Y,229859168,0.7661972266666667
111,86,N,229549360,0.7651645333333333
87,74,N,227561944,0.7585398133333333
910,97,Y,226001672,0.7533389066666667
717,73,Y,225839160,0.7527971999999999
264,17,Y,224790088,0.7493002933333334
867,92,Y,224529464,0.7484315466666667
45,36,N,224211160,0.7473705333333333
487,44,Y,224069008,0.7468966933333333
570,55,Y,223849232,0.7461641066666667
27,31,N,223781808,0.74593936
94,122,N,223120168,0.7437338933333333
720,74,Y,222349536,0.74116512
49,45,N,222261424,0.7408714133333333
407,34,Y,221883752,0.7396125066666667
1066,117,Y,221707224,0.73902408
270,17,Y,221516376,0.7383879200000001
162,4,Y,220955280,0.7365176
83,89,N,220575976,0.7352532533333334
296,21,Y,219744384,0.73248128
625,62,Y,219521072,0.7317369066666667
1051,115,Y,218528000,0.7284266666666667
295,20,Y,218389880,0.7279662666666666
459,41,Y,218359280,0.7278642666666666
206,9,Y,218178712,0.7272623733333333
644,64,Y,217569448,0.7252314933333334
110,114,N,216911472,0.7230382399999999
304,22,Y,216544624,0.7218154133333333
276,18,Y,216215288,0.7207176266666667
60,63,N,215969760,0.7198992000000001
186,7,Y,215857472,0.7195249066666667
457,41,Y,215505392,0.7183513066666667
878,93,Y,215437192,0.7181239733333333
279,18,Y,215188376,0.7172945866666667
515,48,Y,214991416,0.7166380533333333
970,105,Y,214834536,0.71611512
518,48,Y,214813760,0.7160458666666667
268,17,Y,214534296,0.71511432
1001,109,Y,214259600,0.7141986666666666
966,104,Y,214165584,0.71388528
70,31,N,214043960,0.7134798666666666
8,62,N,213029208,0.71009736
168,5,Y,212967496,0.7098916533333334
951,102,Y,212841424,0.7094714133333333
72,67,N,212761240,0.7092041333333333
79,61,N,212256408,0.70752136
451,40,Y,211515552,0.70505184
1105,122,Y,211510320,0.7050344
1025,112,Y,211128376,0.7037612533333334
102,86,N,210603720,0.7020124
85,81,N,209455128,0.6981837599999999
1120,124,Y,209005448,0.6966848266666666
27,67,N,208887424,0.6962914133333333
795,83,Y,208476200,0.6949206666666666
773,80,Y,208000048,0.6933334933333334
707,72,Y,207825928,0.6927530933333333
876,93,Y,207661584,0.69220528
662,66,Y,207196024,0.6906534133333334
456,41,Y,207117248,0.6903908266666666
900,96,Y,206909792,0.6896993066666667
192,8,Y,206309824,0.6876994133333333
592,58,Y,206045024,0.6868167466666667
814,85,Y,206012888,0.6867096266666667
685,69,Y,205950960,0.6865032
492,45,Y,205899256,0.6863308533333333
86,37,N,205296608,0.6843220266666666
520,49,Y,204394832,0.6813161066666666
680,69,Y,204294008,0.6809800266666667
39,444,Y,204256552,0.6808551733333333
106,86,N,203795808,0.6793193599999999
376,31,Y,203528720,0.6784290666666667
641,64,Y,203267848,0.6775594933333333
23,316,Y,202972264,0.6765742133333333
517,48,Y,202341920,0.6744730666666666
108,80,N,201802128,0.67267376
694,70,Y,201717808,0.6723926933333333
95,40,N,201613272,0.6720442400000001
1132,125,Y,201582208,0.6719406933333333
47,86,N,201550616,0.6718353866666668
408,35,Y,201464376,0.67154792
40,95,N,201155512,0.6705183733333333
523,49,Y,200952152,0.6698405066666666
82,117,N,200614024,0.6687134133333333
922,99,Y,200414624,0.6680487466666667
948,102,Y,199048336,0.6634944533333333
26,12,N,198943784,0.6631459466666666
116,73,N,198521888,0.6617396266666666
988,107,Y,198123096,0.66041032
962,104,Y,197865528,0.6595517599999999
742,76,Y,197808816,0.6593627200000001
89,113,N,197452672,0.6581755733333333
659,66,Y,197440840,0.6581361333333333
896,96,Y,197303056,0.6576768533333334
584,57,Y,196841024,0.6561367466666667
307,22,Y,196466968,0.6548898933333334
945,102,Y,196432400,0.6547746666666666
744,77,Y,196205896,0.6540196533333333
762,79,Y,196195288,0.6539842933333333
657,66,Y,196110320,0.6537010666666666
313,23,Y,196046544,0.6534884799999999
37,61,N,196038416,0.6534613866666666
267,17,Y,195609832,0.6520327733333333
877,93,Y,195268408,0.6508946933333333
7,6,N,194516240,0.6483874666666667
188,7,Y,194424328,0.6480810933333333
375,30,Y,194233488,0.6474449600000001
228,12,Y,193925728,0.6464190933333334
119,123,N,193855608,0.64618536
677,68,Y,193358416,0.6445280533333333
94,883,Y,193119784,0.6437326133333333
606,59,Y,193114360,0.6437145333333333
116,78,N,192519552,0.64173184
412,35,Y,192461912,0.6415397066666667
274,18,Y,192372928,0.6412430933333334
573,55,Y,192173400,0.640578
653,65,Y,192008168,0.6400272266666667
620,61,Y,191816776,0.6393892533333333
629,62,Y,191415248,0.6380508266666667
127,80,N,191031472,0.6367715733333333
390,32,Y,190961160,0.6365372
177,6,Y,190692696,0.63564232
1007,109,Y,190551552,0.63517184
931,100,Y,190091040,0.6336368
96,62,N,189626720,0.6320890666666666
50,24,N,189586184,0.6319539466666667
855,90,Y,189138000,0.6304599999999999
103,75,N,189028368,0.63009456
616,61,Y,189022880,0.6300762666666667
403,34,Y,188850088,0.6295002933333333
60,31,N,188701096,0.6290036533333333
13,75,N,188392208,0.6279740266666667
418,36,Y,188270624,0.6275687466666666
953,103,Y,188183848,0.6272794933333333
154,3,Y,188122160,0.6270738666666666
805,84,Y,187857200,0.6261906666666667
817,86,Y,187375008,0.62458336
202,9,Y,187343480,0.6244782666666666
241,14,Y,186736040,0.6224534666666667
1,45,N,186671336,0.6222377866666666
1042,114,Y,186470648,0.6215688266666667
960,104,Y,186200296,0.6206676533333334
844,89,Y,186168824,0.6205627466666667
33,98,N,185247672,0.61749224
391,32,Y,184332312,0.61444104
971,105,Y,184280480,0.6142682666666667
500,46,Y,184266096,0.6142203199999999
250,15,Y,184092792,0.61364264
818,86,Y,184006880,0.6133562666666666
609,60,Y,183550936,0.6118364533333334
557,53,Y,183418168,0.6113938933333334
675,68,Y,183290696,0.6109689866666667
935,100,Y,183219249,0.6107308300000001
415,35,Y,183095008,0.6103166933333334
75,37,N,182616680,0.6087222666666667
30,374,Y,182098560,0.6069952
194,8,Y,181757544,0.60585848
310,22,Y,181738488,0.60579496
932,100,Y,181733944,0.6057798133333334
587,57,Y,181196880,0.6039896
46,98,N,180590920,0.6019697333333334
718,73,Y,180579560,0.6019318666666666
326,24,Y,180191592,0.60063864
327,24,Y,179534776,0.5984492533333333
34,101,N,179443416,0.59814472
700,71,Y,179140184,0.5971339466666666
823,86,Y,178875144,0.59625048
145,2,Y,178116216,0.59372072
602,59,Y,178061904,0.59353968
610,60,Y,177976600,0.5932553333333334
20,62,N,177792328,0.5926410933333334
950,102,Y,177440808,0.5914693599999999
4,13,N,176978176,0.5899272533333333
1125,124,Y,176432312,0.5881077066666667
240,14,Y,176218440,0.5873948
1119,123,Y,175791456,0.58597152
843,89,Y,175415472,0.5847182400000001
246,14,Y,175167920,0.5838930666666666
161,4,Y,175165016,0.5838833866666666
437,38,Y,175028640,0.5834288
25,72,N,174218976,0.58072992
150,2,Y,174105288,0.5803509600000001
34,98,N,173873432,0.5795781066666666
329,25,Y,173725584,0.57908528
247,14,Y,173246952,0.57748984
692,70,Y,173033584,0.5767786133333334
90,68,N,172855288,0.5761842933333333
48,104,N,172565384,0.5752179466666667
1116,123,Y,172328520,0.5744284
465,42,Y,171725656,0.5724188533333333
514,48,Y,171684120,0.5722804
311,22,Y,170947304,0.5698243466666667
1045,114,Y,170798696,0.5693289866666668
603,59,Y,169983248,0.5666108266666666
590,57,Y,169867664,0.5662255466666667
129,0,Y,169065212,0.5635507066666666
1101,121,Y,168994784,0.5633159466666666
294,20,Y,168973040,0.5632434666666667
740,76,Y,167260240,0.5575341333333333
1037,113,Y,167018056,0.5567268533333334
110,32,N,166965320,0.5565510666666666
61,37,N,166385824,0.5546194133333333
59,55,N,165934824,0.55311608
259,16,Y,165894056,0.5529801866666666
39,9,N,165590128,0.5519670933333334
521,49,Y,165468480,0.5515616
414,35,Y,164756136,0.54918712
579,56,Y,164532152,0.5484405066666667
400,34,Y,164411584,0.5480386133333334
62,20,N,164373896,0.5479129866666667
17,20,N,164163816,0.54721272
5,26,N,164126232,0.54708744
604,59,Y,163737432,0.5457914399999999
81,38,N,163735152,0.54578384
471,42,Y,163706176,0.5456872533333333
35,94,N,163694800,0.5456493333333333
576,56,Y,163488584,0.5449619466666666
730,75,Y,163383768,0.54461256
895,95,Y,162962712,0.54320904
1002,109,Y,162901528,0.5430050933333332
50,101,N,162594544,0.5419818133333333
116,76,N,162185296,0.5406176533333333
301,21,Y,161160616,0.5372020533333333
568,55,Y,161146552,0.5371551733333334
550,52,Y,161070992,0.5369033066666666
1113,123,Y,160759432,0.5358647733333334
422,36,Y,160460704,0.5348690133333334
12,19,N,160327432,0.5344247733333333
458,41,Y,159636888,0.5321229599999999
449,40,Y,159349048,0.5311634933333333
656,66,Y,158852824,0.5295094133333333
43,74,N,158812600,0.5293753333333333
319,23,Y,158712104,0.5290403466666667
387,32,Y,158558512,0.5285283733333334
208,10,Y,158392056,0.52797352
195,8,Y,158174384,0.5272479466666666
928,100,Y,158027440,0.5267581333333333
438,38,Y,157887280,0.5262909333333333
41,81,N,157501992,0.5250066400000001
828,87,Y,157479400,0.5249313333333333
173,5,Y,157466088,0.52488696
153,3,Y,157412992,0.5247099733333334
999,108,Y,157068832,0.5235627733333333
455,40,Y,156996288,0.5233209600000001
331,25,Y,156892016,0.5229733866666667
58,99,N,156791568,0.52263856
107,70,N,156593248,0.5219774933333333
170,5,Y,156391672,0.5213055733333334
460,41,Y,156286968,0.52095656
1050,115,Y,156275856,0.52091952
450,40,Y,156106672,0.5203555733333334
785,82,Y,156022872,0.5200762400000001
582,56,Y,154739272,0.5157975733333333
1029,112,Y,154696608,0.51565536
57,52,N,153973456,0.5132448533333334
16,45,N,153289704,0.51096568
431,37,Y,153245448,0.51081816
43,39,N,152935128,0.50978376
439,38,Y,152243392,0.5074779733333333
361,29,Y,151874096,0.5062469866666667
1087,119,Y,151506024,0.50502008
702,71,Y,151477344,0.50492448
1034,113,Y,151416712,0.5047223733333334
336,26,Y,151176248,0.5039208266666667
97,38,N,151059280,0.5035309333333333
752,78,Y,151033560,0.5034452
804,84,Y,150971656,0.5032388533333334
884,94,Y,150550832,0.5018361066666667
84,78,N,150357296,0.5011909866666666
891,95,Y,150124152,0.50041384
847,89,Y,149953288,0.4998442933333333
318,23,Y,149885576,0.49961858666666664
284,19,Y,149865872,0.49955290666666663
123,101,N,149747016,0.49915672
96,43,N,149575001,0.4985833366666667
789,82,Y,149348008,0.49782669333333335
756,78,Y,148186376,0.49395458666666664
29,80,N,147803336,0.4926777866666667
816,86,Y,147347088,0.49115696000000003
435,38,Y,146982088,0.48994029333333333
371,30,Y,146762704,0.48920901333333333
220,11,Y,146412488,0.4880416266666666
801,84,Y,146131328,0.4871044266666667
142,1,Y,145773448,0.4859114933333334
26,35,N,145266192,0.48422064
253,15,Y,145083464,0.48361154666666667
767,79,Y,144736152,0.48245383999999997
807,84,Y,144366232,0.4812207733333333
56,3,N,144292504,0.48097501333333337
1061,116,Y,144221880,0.48073960000000004
651,65,Y,144194536,0.4806484533333333
775,80,Y,144138064,0.4804602133333333
15,61,N,144097464,0.48032487999999995
95,104,N,143579896,0.4785996533333333
325,24,Y,143283792,0.47761264
74,113,N,143273184,0.47757727999999994
508,47,Y,142859944,0.4761998133333333
2,58,N,142382344,0.4746078133333333
167,4,Y,142264136,0.4742137866666667
614,60,Y,141995656,0.47331885333333334
1032,113,Y,141692128,0.47230709333333337
94,37,N,141480800,0.4716026666666667
650,65,Y,141230856,0.47076951999999994
1121,124,Y,141221920,0.47073973333333335
369,30,Y,140955576,0.46985192
533,50,Y,140793032,0.46931010666666667
67,72,N,140670896,0.46890298666666663
344,27,Y,140345160,0.46781720000000004
973,105,Y,139914152,0.4663805066666667
846,89,Y,139794216,0.46598072
790,82,Y,139698616,0.4656620533333333
1071,117,Y,139341288,0.46447096
216,11,Y,139237608,0.46412536
287,19,Y,138189400,0.4606313333333333
979,106,Y,138025512,0.46008504
237,13,Y,137998320,0.45999439999999997
558,53,Y,137738088,0.45912696
983,106,Y,137699288,0.4589976266666667
1020,111,Y,137419352,0.45806450666666665
147,2,Y,137034608,0.4567820266666666
850,90,Y,136956528,0.45652176
308,22,Y,136290336,0.45430111999999995
395,33,Y,136192816,0.45397605333333335
892,95,Y,135618632,0.4520621066666667
812,85,Y,135267088,0.45089029333333336
539,51,Y,135202056,0.45067351999999994
98,97,N,135126112,0.45042037333333335
166,4,Y,134970376,0.44990125333333336
472,43,Y,134967701,0.44989233666666667
233,13,Y,134893392,0.44964464000000004
578,56,Y,134599464,0.44866487999999993
1068,117,Y,134061248,0.4468708266666666
831,87,Y,133903712,0.4463457066666667
127,1147,Y,133574200,0.44524733333333333
328,25,Y,133367856,0.44455952000000004
776,81,Y,132991312,0.44330437333333333
164,4,Y,132880808,0.44293602666666665
196,8,Y,132713920,0.44237973333333336
940,101,Y,132651720,0.4421724
1073,118,Y,132067448,0.4402248266666666
47,67,N,132040048,0.4401334933333333
1052,115,Y,131905112,0.4396837066666667
148,2,Y,131882480,0.43960826666666664
630,62,Y,131671544,0.4389051466666667
645,64,Y,131458744,0.4381958133333333
788,82,Y,131305848,0.43768616000000005
133,0,Y,131029416,0.43676472
101,62,N,130597624,0.4353254133333333
204,9,Y,130587320,0.43529106666666667
314,23,Y,130300928,0.43433642666666666
342,26,Y,130255928,0.4341864266666667
1040,114,Y,129706072,0.4323535733333333
1047,114,Y,129396848,0.43132282666666666
1140,126,Y,128876130,0.4295871
921,99,Y,128483296,0.42827765333333334
139,1,Y,128262864,0.42754287999999996
163,4,Y,128142680,0.42714226666666666
658,66,Y,128073720,0.4269124
796,83,Y,128063760,0.4268792
358,28,Y,127987008,0.42662335999999995
87,824,Y,127870840,0.4262361333333333
858,91,Y,127739584,0.4257986133333333
90,848,Y,127610240,0.4253674666666667
410,35,Y,126923496,0.42307832
751,77,Y,126893136,0.42297712000000004
405,34,Y,126561016,0.4218700533333333
463,41,Y,126497200,0.42165733333333333
31,70,N,126321624,0.42107207999999996
1000,109,Y,126316048,0.42105349333333336
926,99,Y,126114592,0.4203819733333333
841,89,Y,125669442,0.41889814
158,3,Y,125472616,0.4182420533333333
320,24,Y,124985104,0.41661701333333334
24,326,Y,124751936,0.41583978666666666
636,63,Y,124713592,0.4157119733333333
679,68,Y,124651032,0.41550344000000006
226,12,Y,124623280,0.41541093333333334
930,100,Y,124431768,0.41477256
506,47,Y,124417120,0.4147237333333333
53,74,N,124102640,0.41367546666666666
66,661,Y,123628000,0.4120933333333333
109,1002,Y,123624840,0.41208279999999997
522,49,Y,123540120,0.41180039999999996
74,43,N,123106152,0.41035383999999997
383,31,Y,122805640,0.4093521333333333
115,112,N,122604112,0.40868037333333335
919,98,Y,122428624,0.4080954133333333
51,8,N,122351248,0.40783749333333336
809,85,Y,122195984,0.40731994666666665
854,90,Y,121927904,0.40642634666666666
1078,118,Y,121920112,0.40640037333333334
937,101,Y,121742936,0.40580978666666667
63,639,Y,121624704,0.40541568
1011,110,Y,121610144,0.4053671466666666
38,94,N,121406184,0.40468728000000004
1004,109,Y,121331504,0.40443834666666667
509,47,Y,121193552,0.4039785066666667
12,67,N,120902496,0.40300832000000003
425,37,Y,120691368,0.40230456
482,44,Y,120519784,0.4017326133333333
929,100,Y,120167600,0.4005586666666667
802,84,Y,120005472,0.40001823999999997
339,26,Y,119696912,0.3989897066666667
1117,123,Y,119515640,0.39838546666666663
1112,123,Y,119325792,0.39775263999999994
1107,122,Y,119202592,0.3973419733333333
792,83,Y,118952184,0.39650728
600,59,Y,118674440,0.39558146666666666
134,0,Y,117992424,0.39330807999999995
1044,114,Y,117776840,0.39258946666666666
748,77,Y,117602720,0.39200906666666663
574,55,Y,117478896,0.39159632
215,10,Y,117450296,0.3915009866666667
621,61,Y,117296136,0.39098711999999997
221,11,Y,116993368,0.3899778933333333
567,54,Y,116891816,0.38963938666666664
923,99,Y,116603632,0.38867877333333334
385,32,Y,116376344,0.38792114666666666
38,439,Y,116352232,0.38784077333333333
59,51,N,116333760,0.3877792
839,88,Y,116274256,0.3875808533333333
184,7,Y,115914000,0.38638
499,46,Y,115761168,0.38587056
709,72,Y,115664744,0.3855491466666667
504,47,Y,115160792,0.3838693066666667
155,3,Y,115156576,0.38385525333333337
711,72,Y,115121728,0.38373909333333334
350,27,Y,115064840,0.38354946666666667
954,103,Y,114802168,0.38267389333333335
24,321,Y,114574016,0.38191338666666663
54,3,N,114527472,0.38175824
670,67,Y,114509712,0.38169904
372,30,Y,114325008,0.38108336
337,26,Y,114295184,0.3809839466666667
845,89,Y,114136896,0.38045632
224,12,Y,113851640,0.3795054666666667
561,54,Y,113837768,0.37945922666666665
512,48,Y,113713480,0.37904493333333333
341,26,Y,113189624,0.37729874666666663
682,69,Y,113136624,0.37712207999999997
44,24,N,113088408,0.37696136
952,103,Y,112546440,0.3751548
70,52,N,112469256,0.37489752
684,69,Y,112329384,0.37443128
198,8,Y,112141328,0.3738044266666667
152,3,Y,112113392,0.3737113066666667
299,21,Y,111995104,0.37331701333333334
1046,114,Y,111713216,0.37237738666666664
1033,113,Y,111686272,0.37228757333333334
426,37,Y,111613464,0.37204488
1013,110,Y,111498656,0.37166218666666667
377,31,Y,111430512,0.37143504
782,81,Y,111259176,0.37086392
833,88,Y,111258896,0.37086298666666667
1021,111,Y,111113280,0.37037760000000003
647,64,Y,111086080,0.37028693333333335
432,38,Y,110966688,0.36988896
1100,121,Y,110314624,0.36771541333333335
322,24,Y,110284456,0.3676148533333333
1043,114,Y,110081912,0.36693970666666664
674,68,Y,109402232,0.36467410666666666
462,41,Y,109288440,0.36429480000000003
516,48,Y,109101536,0.36367178666666666
668,67,Y,108661344,0.36220448
266,17,Y,108636640,0.3621221333333333
806,84,Y,108463264,0.36154421333333336
995,108,Y,108210784,0.3607026133333333
706,72,Y,107849424,0.35949808
128,0,Y,107728664,0.35909554666666665
1036,113,Y,107708376,0.35902792
483,44,Y,107646752,0.35882250666666665
840,89,Y,107599504,0.35866501333333334
808,85,Y,107259336,0.35753112
88,79,N,107084384,0.3569479466666667
1076,118,Y,106678056,0.35559352
475,43,Y,106637272,0.35545757333333333
159,3,Y,106567184,0.3552239466666667
972,105,Y,106165376,0.35388458666666667
1118,123,Y,105641568,0.35213856
393,33,Y,105127768,0.35042589333333335
701,71,Y,104873288,0.34957762666666664
503,46,Y,104689768,0.34896589333333333
745,77,Y,104241432,0.34747144
1072,118,Y,104111232,0.34703744000000003
632,63,Y,103936856,0.34645618666666667
411,35,Y,103862808,0.34620936
980,106,Y,103235640,0.3441188
565,54,Y,102985384,0.3432846133333333
719,73,Y,102979408,0.34326469333333337
673,68,Y,102872792,0.3429093066666667
835,88,Y,102862024,0.3428734133333333
967,104,Y,102772176,0.34257392000000003
199,8,Y,102684816,0.34228272
252,15,Y,102652312,0.34217437333333334
830,87,Y,102626368,0.34208789333333334
997,108,Y,102620512,0.34206837333333334
384,32,Y,101770824,0.33923608
1060,116,Y,101739704,0.33913234666666664
803,84,Y,101592464,0.3386415466666666
137,1,Y,101511568,0.33837189333333334
338,26,Y,101348984,0.33782994666666666
348,27,Y,101080128,0.33693375999999997
73,712,Y,100915904,0.33638634666666667
352,28,Y,100837272,0.33612424
939,101,Y,100823264,0.33607754666666667
1067,117,Y,100491952,0.3349731733333333
635,63,Y,100239328,0.33413109333333335
815,85,Y,100144400,0.33381466666666665
548,52,Y,100137144,0.33379048
1019,111,Y,99427944,0.33142648
1031,112,Y,99398712,0.33132904
764,79,Y,99001976,0.3300065866666667
174,5,Y,98612520,0.3287084
933,100,Y,98413208,0.32804402666666665
902,96,Y,98398880,0.32799626666666665
671,67,Y,98338216,0.32779405333333334
577,56,Y,98335336,0.32778445333333334
443,39,Y,98177952,0.32725983999999997
157,3,Y,97897312,0.3263243733333333
218,11,Y,97890168,0.32630056
300,21,Y,97857624,0.32619208
535,50,Y,97391728,0.32463909333333335
747,77,Y,97185176,0.32395058666666665
860,91,Y,97009864,0.3233662133333334
990,107,Y,96938296,0.3231276533333333
409,35,Y,96835176,0.32278392
229,12,Y,96781024,0.32260341333333337
889,95,Y,96577336,0.3219244533333333
293,20,Y,96564184,0.32188061333333334
1022,111,Y,96071728,0.32023909333333334
399,33,Y,96038104,0.3201270133333334
69,683,Y,95943952,0.3198131733333333
605,59,Y,95943392,0.3198113066666667
669,67,Y,95734616,0.31911538666666667
761,79,Y,95474424,0.31824808
834,88,Y,95066864,0.3168895466666667
396,33,Y,94278472,0.3142615733333333
321,24,Y,94161328,0.3138710933333333
585,57,Y,94093656,0.31364552
254,15,Y,93555040,0.31185013333333333
1059,116,Y,93293920,0.31097973333333334
826,87,Y,93277832,0.3109261066666667
1074,118,Y,93178416,0.31059472
94,35,N,93076728,0.31025576
727,74,Y,93015592,0.31005197333333334
236,13,Y,92808456,0.30936152
245,14,Y,92744912,0.30914970666666663
1010,110,Y,92692496,0.3089749866666667
1056,116,Y,92593384,0.3086446133333333
193,8,Y,92517816,0.30839272
402,34,Y,92391080,0.3079702666666667
486,44,Y,92343416,0.3078113866666667
907,97,Y,92005120,0.3066837333333333
676,68,Y,91829240,0.30609746666666665
225,12,Y,91389480,0.3046316
941,101,Y,91268648,0.3042288266666667
380,31,Y,91252352,0.3041745066666667
519,48,Y,91214400,0.304048
474,43,Y,91179720,0.3039324
619,61,Y,91131984,0.30377328
958,103,Y,91099904,0.30366634666666664
235,13,Y,90926336,0.3030877866666667
1109,122,Y,90222088,0.30074029333333335
1016,111,Y,90172168,0.30057389333333334
485,44,Y,90123880,0.30041293333333335
736,76,Y,89952936,0.29984311999999996
783,81,Y,89830520,0.29943506666666664
454,40,Y,88950840,0.2965028
406,34,Y,88621896,0.29540632
1088,120,Y,88570408,0.2952346933333333
305,22,Y,88285264,0.2942842133333333
497,46,Y,88047416,0.2934913866666667
511,47,Y,87686456,0.29228818666666667
332,25,Y,87568032,0.29189344
628,62,Y,87370352,0.29123450666666667
1049,115,Y,87355448,0.2911848266666667
581,56,Y,87238576,0.29079525333333334
821,86,Y,87086760,0.29028919999999997
351,27,Y,86983064,0.28994354666666666
564,54,Y,86820424,0.28940141333333336
541,51,Y,86494080,0.2883136
258,16,Y,86421464,0.2880715466666667
524,49,Y,86318472,0.28772823999999997
562,54,Y,86146520,0.2871550666666667
392,33,Y,85987760,0.2866258666666667
446,39,Y,85967208,0.28655736
92,868,Y,85839016,0.28613005333333336
122,94,N,85666272,0.28555424
813,85,Y,85453208,0.2848440266666667
569,55,Y,84870976,0.2829032533333333
956,103,Y,84721536,0.28240511999999995
613,60,Y,84604432,0.2820147733333333
29,362,Y,84484696,0.2816156533333333
819,86,Y,84431744,0.28143914666666664
589,57,Y,83747080,0.27915693333333336
712,73,Y,83512600,0.27837533333333336
285,19,Y,83254472,0.27751490666666667
596,58,Y,82639408,0.27546469333333334
388,32,Y,82633256,0.27544418666666665
242,14,Y,82174496,0.27391498666666664
38,435,Y,82101856,0.2736728533333333
652,65,Y,82049000,0.27349666666666667
536,51,Y,81962776,0.27320925333333335
489,45,Y,81847400,0.27282466666666666
3,56,N,81752360,0.27250786666666665
494,45,Y,81448320,0.27149439999999997
810,85,Y,81289872,0.27096624
916,98,Y,81151688,0.27050562666666667
546,52,Y,80665320,0.2688844
33,399,Y,80636008,0.2687866933333333
722,74,Y,80572792,0.26857597333333333
346,27,Y,80511752,0.2683725066666667
290,20,Y,80328840,0.2677628
136,1,Y,80318568,0.26772856
1055,115,Y,80304512,0.2676817066666667
778,81,Y,80226704,0.26742234666666664
288,20,Y,80192728,0.2673090933333333
502,46,Y,79905288,0.26635095999999997
886,94,Y,79895992,0.26631997333333335
340,26,Y,79876336,0.26625445333333336
77,744,Y,79874832,0.26624944
44,485,Y,79873016,0.26624338666666664
510,47,Y,79782144,0.26594048
197,8,Y,79746400,0.2658213333333333
994,108,Y,79717448,0.2657248266666667
741,76,Y,79648784,0.2654959466666667
64,646,Y,79465480,0.2648849333333333
234,13,Y,79354136,0.26451378666666664
58,43,N,79166656,0.26388885333333334
8,51,N,79124264,0.26374754666666667
757,78,Y,79084312,0.2636143733333333
710,72,Y,78860512,0.26286837333333335
917,98,Y,78659936,0.2621997866666667
29,363,Y,78442896,0.26147632
598,58,Y,78268984,0.26089661333333336
695,70,Y,78255408,0.26085136
597,58,Y,78231696,0.26077232
559,53,Y,77145640,0.2571521333333333
169,5,Y,77122896,0.25707631999999997
627,62,Y,77037728,0.2567924266666667
897,96,Y,76801896,0.25600632
135,0,Y,76757824,0.25585941333333334
36,416,Y,76241416,0.25413805333333334
118,1076,Y,76008184,0.2533606133333333
347,27,Y,76003464,0.25334488
797,83,Y,75745752,0.25248584
498,46,Y,75297416,0.25099138666666665
72,94,N,74817688,0.24939229333333335
538,51,Y,74355576,0.24785191999999998
552,53,Y,74215792,0.24738597333333334
381,31,Y,73875240,0.2462508
86,817,Y,73404104,0.24468034666666666
424,37,Y,73272048,0.24424016
14,247,Y,73137536,0.24379178666666668
905,97,Y,72859248,0.24286416
436,38,Y,72723472,0.24241157333333335
493,45,Y,72600648,0.24200216
732,75,Y,72423767,0.24141255666666667
217,11,Y,72247744,0.24082581333333333
724,74,Y,72204504,0.24068167999999998
526,49,Y,72107776,0.24035925333333333
171,5,Y,72097576,0.24032525333333335
461,41,Y,71508744,0.23836248
607,59,Y,71422048,0.23807349333333333
131,0,Y,71044400,0.23681466666666665
838,88,Y,70549728,0.23516575999999997
623,61,Y,70460424,0.23486808
1057,116,Y,70207736,0.23402578666666665
987,107,Y,70123200,0.233744
691,70,Y,69885672,0.23295223999999998
637,63,Y,69847152,0.23282384
244,14,Y,69846464,0.23282154666666666
445,39,Y,69678376,0.2322612533333333
583,56,Y,69600984,0.23200327999999998
80,775,Y,69551096,0.23183698666666666
593,58,Y,69427800,0.231426
78,759,Y,69317864,0.23105954666666667
648,65,Y,69245888,0.2308196266666667
542,51,Y,68917136,0.22972378666666665
413,35,Y,68619176,0.22873058666666668
723,74,Y,68306832,0.22768944
743,76,Y,68132904,0.22710968
382,31,Y,68127992,0.22709330666666666
690,70,Y,67999344,0.22666447999999997
737,76,Y,67807136,0.22602378666666667
401,34,Y,67528024,0.22509341333333335
998,108,Y,66578080,0.22192693333333335
427,37,Y,66513976,0.22171325333333333
120,1093,Y,66274248,0.22091416000000003
1079,118,Y,65939600,0.21979866666666667
441,39,Y,65867392,0.21955797333333332
73,714,Y,65779656,0.21926552
868,92,Y,65744328,0.21914776
64,645,Y,65727088,0.21909029333333332
947,102,Y,65705248,0.21901749333333334
239,13,Y,65449168,0.21816389333333333
961,104,Y,65354184,0.21784728
44,481,Y,65190496,0.21730165333333334
893,95,Y,65071792,0.21690597333333334
595,58,Y,64946336,0.21648778666666668
713,73,Y,64778288,0.21592762666666665
447,39,Y,64722376,0.21574125333333333
829,87,Y,64584632,0.21528210666666667
837,88,Y,64562120,0.21520706666666667
479,43,Y,64370376,0.21456791999999997
156,3,Y,64333136,0.21444378666666666
957,103,Y,64304192,0.21434730666666665
1028,112,Y,64268968,0.21422989333333334
389,32,Y,64087688,0.21362562666666665
378,31,Y,63652936,0.21217645333333332
544,52,Y,63649664,0.21216554666666668
1054,115,Y,63426648,0.21142216
793,83,Y,63338392,0.21112797333333336
556,53,Y,63333296,0.21111098666666667
120,1092,Y,63060144,0.21020048
879,93,Y,62941064,0.20980354666666665
883,94,Y,62928824,0.20976274666666667
530,50,Y,62920576,0.20973525333333334
920,99,Y,62582008,0.20860669333333334
591,57,Y,62289304,0.2076310133333333
1110,122,Y,62204952,0.20734984
705,72,Y,61773208,0.2059106933333333
1064,117,Y,61589000,0.20529666666666666
755,78,Y,61254592,0.20418197333333332
545,52,Y,61252152,0.20417384000000002
49,525,Y,60983184,0.20327727999999998
798,83,Y,60848552,0.20282850666666669
481,44,Y,60780008,0.20260002666666665
505,47,Y,60718568,0.20239522666666665
488,45,Y,60470896,0.20156965333333332
18,273,Y,60433832,0.20144610666666665
599,58,Y,60345464,0.20115154666666668
780,81,Y,59905352,0.19968450666666668
890,95,Y,59742504,0.19914168000000002
863,91,Y,59614376,0.1987145866666667
531,50,Y,59386992,0.19795664
875,93,Y,58922416,0.19640805333333333
781,81,Y,58308504,0.19436168
729,75,Y,58104864,0.19368288
754,78,Y,58053584,0.19351194666666666
66,656,Y,57783864,0.19261288000000001
434,38,Y,57691448,0.19230482666666668
323,24,Y,57445352,0.19148450666666667
824,87,Y,57029648,0.19009882666666666
507,47,Y,56811608,0.18937202666666667
594,58,Y,56464596,0.18821532
911,97,Y,56044864,0.18681621333333334
906,97,Y,55964034,0.18654678
32,391,Y,55942648,0.18647549333333333
586,57,Y,55395544,0.18465181333333333
728,75,Y,54990584,0.18330194666666666
70,693,Y,54959664,0.18319888
50,530,Y,54825568,0.18275189333333333
478,43,Y,54294512,0.18098170666666666
130,0,Y,54008224,0.18002741333333333
15,251,Y,53979936,0.17993312
666,67,Y,53775664,0.17925221333333333
551,52,Y,53606912,0.17868970666666667
38,433,Y,53512264,0.17837421333333334
72,711,Y,53158216,0.17719405333333332
1104,122,Y,52921480,0.17640493333333335
66,659,Y,52209904,0.17403301333333332
543,51,Y,51805120,0.17268373333333334
231,12,Y,51337840,0.17112613333333332
925,99,Y,50953552,0.16984517333333335
887,94,Y,50626640,0.16875546666666666
107,984,Y,50555056,0.16851685333333333
777,81,Y,50119520,0.16706506666666665
25,334,Y,50079024,0.16693007999999998
11,216,Y,50022072,0.16674024
417,36,Y,49806248,0.16602082666666668
882,94,Y,49528744,0.16509581333333334
731,75,Y,49222520,0.16407506666666666
115,1051,Y,49203384,0.16401128
981,106,Y,49193776,0.16397925333333335
39,443,Y,49107760,0.16369253333333333
104,960,Y,48769288,0.16256429333333333
91,861,Y,48725680,0.16241893333333335
230,12,Y,48578240,0.1619274666666667
127,1148,Y,48318952,0.16106317333333334
1145,127,Y,48261200,0.16087066666666666
282,19,Y,48203104,0.16067701333333334
480,44,Y,48045992,0.16015330666666666
41,461,Y,47929992,0.15976664
1027,112,Y,47878312,0.15959437333333334
721,74,Y,47829936,0.15943311999999998
429,37,Y,47528640,0.1584288
832,88,Y,47407624,0.15802541333333334
495,45,Y,47335112,0.15778370666666666
631,62,Y,47246704,0.15748901333333334
33,397,Y,47010816,0.15670272
77,750,Y,46125848,0.15375282666666668
618,61,Y,46028112,0.15342704000000001
866,92,Y,45968672,0.15322890666666666
448,40,Y,45936696,0.15312232
31,380,Y,45933272,0.15311090666666666
688,70,Y,45856272,0.15285424
289,20,Y,45751344,0.15250448
21,297,Y,45691384,0.15230461333333334
29,364,Y,45342208,0.15114069333333335
90,855,Y,45336312,0.15112103999999998
881,94,Y,45269240,0.15089746666666667
69,680,Y,45135736,0.15045245333333335
31,379,Y,45045744,0.15015248
11,220,Y,44936592,0.14978864
124,1122,Y,44845376,0.14948458666666667
10,213,Y,44830480,0.14943493333333333
317,23,Y,44648880,0.1488296
227,12,Y,44532080,0.14844026666666665
708,72,Y,44468296,0.14822765333333332
21,303,Y,44455704,0.14818568
103,952,Y,43894792,0.14631597333333335
50,528,Y,43722728,0.14574242666666667
942,101,Y,43598416,0.14532805333333335
19,281,Y,43504976,0.14501658666666667
84,800,Y,43498928,0.14499642666666665
642,64,Y,43282224,0.14427408
29,367,Y,43005152,0.14335050666666665
31,381,Y,42852688,0.14284229333333334
912,98,Y,42012128,0.14004042666666666
92,870,Y,41596600,0.13865533333333332
76,736,Y,41237032,0.1374567733333333
95,891,Y,41082064,0.13694021333333334
97,910,Y,40641704,0.13547234666666666
30,375,Y,40513912,0.13504637333333333
442,39,Y,40392456,0.13464152
20,288,Y,40390800,0.134636
56,576,Y,40387728,0.13462576
92,869,Y,40338296,0.13446098666666667
111,1016,Y,40284848,0.13428282666666666
104,967,Y,40240400,0.13413466666666668
689,70,Y,39975192,0.13325064
7,189,Y,39755016,0.13251672
3,152,Y,39135640,0.13045213333333333
108,992,Y,39132904,0.13044301333333333
894,95,Y,38938480,0.12979493333333333
53,552,Y,38760664,0.12920221333333334
125,1135,Y,38644952,0.12881650666666666
63,637,Y,38483528,0.12827842666666667
476,43,Y,38287992,0.12762664
36,418,Y,38131368,0.12710456
65,654,Y,38084696,0.12694898666666668
3,158,Y,38027160,0.12675720000000001
93,875,Y,37980064,0.12660021333333332
92,867,Y,37861568,0.12620522666666667
22,310,Y,37692032,0.12564010666666667
89,846,Y,37536528,0.12512176
85,812,Y,37512936,0.12504312
50,532,Y,37021208,0.12340402666666667
704,72,Y,36973968,0.12324656
66,658,Y,36898576,0.12299525333333333
626,62,Y,36832664,0.12277554666666668
665,67,Y,36689992,0.12229997333333333
125,1129,Y,36585288,0.12195096
639,63,Y,36537520,0.12179173333333333
77,745,Y,36492656,0.12164218666666667
324,24,Y,36390968,0.12130322666666665
50,529,Y,36301520,0.12100506666666666
124,1121,Y,36268912,0.12089637333333332
86,820,Y,36257048,0.12085682666666668
119,1080,Y,36018920,0.12006306666666666
20,291,Y,35936096,0.11978698666666666
28,353,Y,35925952,0.11975317333333332
4,165,Y,35891160,0.1196372
473,43,Y,35831520,0.1194384
46,496,Y,35613656,0.11871218666666666
580,56,Y,35609000,0.11869666666666667
885,94,Y,35471312,0.11823770666666666
73,715,Y,35452824,0.11817608
102,951,Y,35431440,0.11810480000000001
124,1127,Y,35322672,0.11774224
91,859,Y,35314192,0.11771397333333333
40,454,Y,35162696,0.11720898666666667
44,484,Y,35162136,0.11720712000000001
15,254,Y,35076808,0.11692269333333334
75,735,Y,35069600,0.11689866666666666
48,516,Y,35067096,0.11689032
122,1108,Y,34959032,0.11653010666666666
82,786,Y,34913680,0.11637893333333332
553,53,Y,34790928,0.11596976
53,559,Y,34712568,0.11570856
117,1070,Y,34638616,0.11546205333333333
760,79,Y,34428520,0.11476173333333332
31,382,Y,34427416,0.11475805333333333
915,98,Y,34251968,0.11417322666666667
61,622,Y,34233528,0.11411176
122,1106,Y,34218616,0.11406205333333334
54,565,Y,33871216,0.11290405333333334
103,959,Y,33589392,0.11196464
15,255,Y,33561456,0.11187152
19,284,Y,33408776,0.11136258666666667
81,778,Y,33394088,0.11131362666666667
103,955,Y,33375464,0.11125154666666666
51,542,Y,33340496,0.11113498666666666
93,874,Y,33319600,0.11106533333333332
70,690,Y,33279720,0.11093240000000001
113,1036,Y,33228248,0.11076082666666667
827,87,Y,33150392,0.11050130666666667
19,282,Y,33131816,0.11043938666666668
9,202,Y,33129680,0.11043226666666665
263,16,Y,33117240,0.1103908
121,1100,Y,33096888,0.11032296
125,1130,Y,33078816,0.11026272
97,907,Y,33000568,0.11000189333333332
555,53,Y,32795880,0.1093196
31,378,Y,32572128,0.10857376
120,1091,Y,32396496,0.10798832000000001
76,743,Y,32377512,0.10792504
13,237,Y,32297000,0.10765666666666666
32,387,Y,32295272,0.10765090666666666
50,535,Y,32164264,0.10721421333333334
109,1003,Y,32153424,0.10717808000000001
430,37,Y,31816712,0.10605570666666667
7,185,Y,31716592,0.10572197333333334
125,1132,Y,31709208,0.10569736
25,331,Y,31692816,0.10564272000000001
428,37,Y,31587872,0.10529290666666667
18,276,Y,31557672,0.10519223999999999
540,51,Y,31439120,0.10479706666666666
109,1004,Y,31435584,0.10478528
8,196,Y,31333680,0.1044456
39,445,Y,31322488,0.10440829333333333
491,45,Y,31262176,0.10420725333333332
938,101,Y,31241256,0.10413752000000001
117,1065,Y,31232496,0.10410832
61,623,Y,31135984,0.10378661333333332
111,1021,Y,30851968,0.10283989333333333
4,160,Y,30813160,0.10271053333333333
62,628,Y,30787864,0.10262621333333333
125,1131,Y,30735384,0.10245128
36,423,Y,30673208,0.10224402666666667
88,835,Y,30657136,0.10219045333333333
81,783,Y,30484216,0.10161405333333333
88,838,Y,30471960,0.1015732
28,355,Y,30437968,0.10145989333333334
126,1143,Y,30336424,0.10112141333333334
84,801,Y,30257816,0.10085938666666668
105,971,Y,30246528,0.10082176000000001
63,633,Y,30230816,0.10076938666666667
24,320,Y,30224032,0.10074677333333333
97,906,Y,30132840,0.1004428
105,973,Y,29975328,0.09991776
73,717,Y,29924488,0.09974829333333335
121,1099,Y,29845024,0.09948341333333333
63,636,Y,29826608,0.09942202666666666
6,183,Y,29810592,0.09936864000000001
64,642,Y,29657616,0.09885872000000001
97,909,Y,29592304,0.09864101333333333
110,1008,Y,29587144,0.09862381333333332
17,269,Y,29567912,0.09855970666666668
103,956,Y,29548760,0.09849586666666667
77,749,Y,29470216,0.09823405333333333
63,634,Y,29431520,0.09810506666666667
59,605,Y,29323440,0.09774479999999999
1,137,Y,29221672,0.09740557333333333
16,257,Y,29131704,0.09710568
120,1090,Y,29025416,0.09675138666666666
477,43,Y,28964272,0.09654757333333333
61,617,Y,28806600,0.096022
66,663,Y,28785264,0.09595088
943,101,Y,28784088,0.09594696
27,345,Y,28762704,0.09587568
59,601,Y,28756120,0.09585373333333333
57,591,Y,28712856,0.09570952
39,446,Y,28690320,0.09563440000000001
50,534,Y,28677152,0.09559050666666667
61,618,Y,28627832,0.09542610666666666
35,414,Y,28575536,0.09525178666666667
82,788,Y,28418784,0.09472928
16,259,Y,28410216,0.09470072
9,201,Y,28387648,0.09462549333333334
9,206,Y,28335080,0.09445026666666667
101,939,Y,28230336,0.09410112
122,1109,Y,28089184,0.09363061333333333
113,1037,Y,28064000,0.09354666666666667
52,550,Y,28052552,0.09350850666666667
30,371,Y,27987248,0.09329082666666667
67,670,Y,27851064,0.09283688
0,131,Y,27753408,0.09251136
108,998,Y,27694128,0.09231376
111,1023,Y,27665592,0.09221864
63,635,Y,27464984,0.09154994666666666
28,357,Y,27458080,0.09152693333333332
87,825,Y,27362320,0.09120773333333333
76,738,Y,27313784,0.09104594666666667
34,402,Y,27284192,0.09094730666666667
33,393,Y,27207736,0.09069245333333334
28,354,Y,27150736,0.09050245333333334
124,1124,Y,27112048,0.09037349333333333
80,769,Y,26944104,0.08981367999999999
59,603,Y,26942280,0.0898076
119,1085,Y,26939208,0.08979736
121,1102,Y,26850568,0.08950189333333333
96,903,Y,26732984,0.08910994666666668
80,772,Y,26685520,0.08895173333333332
0,129,Y,26671448,0.08890482666666666
88,836,Y,26305368,0.08768456
73,716,Y,26277976,0.08759325333333333
47,504,Y,26228872,0.08742957333333334
87,831,Y,26220544,0.08740181333333334
880,94,Y,26196928,0.08732309333333334
108,997,Y,26155344,0.08718448000000001
22,309,Y,26008616,0.08669538666666667
25,332,Y,26004744,0.08668248
30,372,Y,25917840,0.0863928
4,164,Y,25916720,0.08638906666666667
127,1149,Y,25916256,0.08638752
44,487,Y,25888696,0.08629565333333333
6,179,Y,25829296,0.08609765333333333
14,240,Y,25817800,0.08605933333333333
49,523,Y,25693304,0.08564434666666668
964,104,Y,25670000,0.08556666666666667
20,293,Y,25636912,0.08545637333333334
12,228,Y,25621656,0.08540552
15,249,Y,25614512,0.08538170666666667
120,1088,Y,25587568,0.08529189333333333
36,422,Y,25555912,0.08518637333333333
70,695,Y,25552632,0.08517543999999999
98,914,Y,25543824,0.08514608
114,1047,Y,25511584,0.08503861333333333
91,862,Y,25496008,0.08498669333333334
113,1033,Y,25375664,0.08458554666666666
83,795,Y,25342536,0.08447512
70,692,Y,25262328,0.08420775999999999
60,610,Y,25242720,0.0841424
3,153,Y,25088248,0.08362749333333334
23,318,Y,24989872,0.08329957333333333
81,782,Y,24956320,0.08318773333333333
76,742,Y,24927080,0.08309026666666666
54,562,Y,24839880,0.0827996
963,104,Y,24818328,0.08272776
96,899,Y,24800040,0.0826668
10,210,Y,24761896,0.08253965333333334
52,547,Y,24567392,0.08189130666666666
83,792,Y,24528168,0.08176056
36,420,Y,24466472,0.08155490666666668
91,863,Y,24346712,0.08115570666666666
16,261,Y,24332632,0.08110877333333333
85,808,Y,24326440,0.08108813333333333
123,1114,Y,24283648,0.08094549333333333
24,327,Y,24265944,0.08088648
86,823,Y,24260496,0.08086832
13,233,Y,24184616,0.08061538666666666
48,517,Y,24147432,0.08049144
118,1075,Y,24043544,0.08014514666666667
13,235,Y,24017000,0.08005666666666666
29,366,Y,23986520,0.07995506666666666
72,709,Y,23925648,0.07975216
7,191,Y,23840856,0.07946952
25,330,Y,23746000,0.07915333333333334
1,136,Y,23698248,0.07899416000000001
29,365,Y,23687616,0.07895872
12,224,Y,23649656,0.07883218666666666
91,857,Y,23646920,0.07882306666666666
8,198,Y,23523608,0.07841202666666666
71,697,Y,23480960,0.07826986666666667
99,923,Y,23457024,0.07819008000000001
11,219,Y,23428888,0.07809629333333333
547,52,Y,23427944,0.07809314666666667
1,142,Y,23393456,0.07797818666666667
116,1056,Y,23279976,0.07759992
0,133,Y,23167976,0.07722658666666667
74,725,Y,23153328,0.07717776
46,503,Y,22954992,0.07651664
70,691,Y,22940392,0.07646797333333333
89,843,Y,22923840,0.0764128
14,243,Y,22840776,0.07613592000000001
83,793,Y,22837240,0.07612413333333333
22,304,Y,22829448,0.07609816
24,322,Y,22787456,0.07595818666666666
85,814,Y,22605656,0.07535218666666667
62,627,Y,22600112,0.07533370666666667
92,871,Y,22585184,0.07528394666666666
14,244,Y,22577400,0.07525799999999999
19,287,Y,22565000,0.07521666666666667
18,274,Y,22460720,0.07486906666666666
59,602,Y,22388824,0.07462941333333332
95,892,Y,22346144,0.07448714666666667
34,401,Y,22305072,0.07435024
50,531,Y,22266160,0.07422053333333332
123,1112,Y,22260264,0.07420088
82,790,Y,22151832,0.07383944
69,687,Y,22084400,0.07361466666666666
109,1005,Y,22080360,0.07360119999999999
0,130,Y,22047496,0.07349165333333332
88,837,Y,22018432,0.07339477333333334
84,803,Y,21938672,0.07312890666666666
102,945,Y,21912440,0.07304146666666667
126,1138,Y,21861720,0.0728724
80,773,Y,21779352,0.07259784
15,248,Y,21756448,0.07252149333333333
4,167,Y,21740528,0.07246842666666667
75,730,Y,21694552,0.07231517333333333
77,747,Y,21673608,0.07224536
10,208,Y,21653416,0.07217805333333334
74,727,Y,21652648,0.07217549333333334
17,265,Y,21623592,0.07207864
79,762,Y,21619560,0.0720652
75,731,Y,21586656,0.07195552000000001
91,860,Y,21552656,0.07184218666666665
96,901,Y,21483200,0.07161066666666667
76,740,Y,21419928,0.07139975999999999
48,513,Y,21367256,0.07122418666666666
22,306,Y,21362080,0.07120693333333333
31,377,Y,21286752,0.07095584
105,969,Y,21267248,0.07089082666666667
59,600,Y,21190840,0.07063613333333334
41,462,Y,21130416,0.07043471999999999
123,1115,Y,21043400,0.07014466666666666
45,492,Y,20996232,0.06998744
46,499,Y,20875640,0.06958546666666666
0,128,Y,20852064,0.06950688000000001
74,723,Y,20822184,0.06940728
74,726,Y,20813984,0.06937994666666666
6,180,Y,20710160,0.06903386666666667
26,340,Y,20704984,0.06901661333333332
120,1089,Y,20574800,0.06858266666666667
100,928,Y,20561192,0.06853730666666666
39,441,Y,20492032,0.06830677333333333
93,879,Y,20458808,0.06819602666666666
61,619,Y,20397184,0.06799061333333332
75,733,Y,20394808,0.06798269333333334
65,649,Y,20390520,0.0679684
77,746,Y,20313280,0.06771093333333333
54,560,Y,20283656,0.06761218666666666
22,311,Y,20277608,0.06759202666666667
116,1061,Y,20276160,0.0675872
93,873,Y,20215904,0.06738634666666667
70,689,Y,20198832,0.06732944
62,624,Y,20175416,0.06725138666666666
71,700,Y,20098496,0.06699498666666667
118,1078,Y,20086816,0.06695605333333333
38,436,Y,20022880,0.06674293333333334
105,970,Y,19993784,0.06664594666666666
79,765,Y,19929936,0.06643312
71,703,Y,19905528,0.06635176
41,456,Y,19847680,0.06615893333333334
17,267,Y,19827912,0.06609304
15,253,Y,19814568,0.06604856
58,599,Y,19804712,0.06601570666666666
57,588,Y,19761088,0.06587029333333333
54,567,Y,19754920,0.06584973333333334
70,694,Y,19754632,0.06584877333333333
27,344,Y,19746176,0.06582058666666667
90,850,Y,19730208,0.06576736
23,319,Y,19711368,0.06570456
9,200,Y,19692496,0.06564165333333334
8,197,Y,19687656,0.06562551999999999
40,455,Y,19634104,0.06544701333333333
45,490,Y,19612160,0.06537386666666667
126,1140,Y,19563792,0.06521264
55,575,Y,19556824,0.06518941333333333
49,522,Y,19527384,0.06509128
93,878,Y,19515776,0.06505258666666668
61,616,Y,19512576,0.06504192
19,283,Y,19496120,0.06498706666666666
51,539,Y,19431320,0.06477106666666667
84,806,Y,19427520,0.0647584
1,139,Y,19308872,0.06436290666666666
17,271,Y,19200008,0.06400002666666667
31,376,Y,19182616,0.06394205333333333
76,741,Y,19169200,0.06389733333333333
37,429,Y,19162896,0.06387632
25,333,Y,19157608,0.06385869333333334
44,486,Y,19135328,0.06378442666666667
60,615,Y,19070064,0.06356687999999999
101,942,Y,19062056,0.06354018666666666
6,177,Y,18982816,0.06327605333333333
108,996,Y,18979104,0.06326367999999999
34,403,Y,18975312,0.06325104
107,989,Y,18919312,0.06306437333333334
58,594,Y,18916184,0.06305394666666667
83,794,Y,18912608,0.06304202666666667
59,607,Y,18900104,0.06300034666666667
11,218,Y,18877120,0.06292373333333333
78,757,Y,18868640,0.06289546666666666
53,558,Y,18832976,0.06277658666666666
42,468,Y,18808424,0.06269474666666666
35,408,Y,18791088,0.06263695999999999
52,551,Y,18744040,0.062480133333333326
79,767,Y,18696424,0.062321413333333325
93,872,Y,18633256,0.062110853333333334
24,324,Y,18616624,0.06205541333333334
1,143,Y,18581288,0.06193762666666666
73,719,Y,18561472,0.06187157333333333
0,132,Y,18506224,0.06168741333333333
92,865,Y,18437688,0.06145896
107,986,Y,18385776,0.061285919999999994
73,713,Y,18356888,0.06118962666666666
27,349,Y,18304904,0.061016346666666665
7,186,Y,18302704,0.06100901333333333
29,360,Y,18204264,0.06068088
81,780,Y,18187696,0.060625653333333335
35,411,Y,18184080,0.0606136
113,1032,Y,18140408,0.06046802666666666
93,877,Y,18124576,0.060415253333333335
78,756,Y,18118664,0.06039554666666667
111,1020,Y,18085072,0.06028357333333333
51,540,Y,18059520,0.0601984
12,226,Y,18038216,0.060127386666666664
11,222,Y,18036648,0.060122159999999994
103,958,Y,18022160,0.06007386666666667
35,415,Y,18017544,0.06005848
113,1039,Y,18002936,0.06000978666666667
111,1022,Y,17876904,0.05958968
126,1142,Y,17844888,0.05948296
61,620,Y,17799872,0.059332906666666664
85,809,Y,17770184,0.05923394666666667
101,940,Y,17765016,0.059216719999999994
113,1034,Y,17730168,0.05910056
121,1098,Y,17710816,0.05903605333333333
33,394,Y,17680528,0.058935093333333334
10,214,Y,17675120,0.05891706666666666
29,361,Y,17592008,0.058640026666666664
79,763,Y,17557584,0.058525280000000006
66,660,Y,17549104,0.05849701333333333
84,807,Y,17528240,0.05842746666666667
124,1126,Y,17528208,0.058427360000000005
82,787,Y,17515032,0.05838344
113,1038,Y,17511008,0.058370026666666665
0,134,Y,17482920,0.058276400000000006
68,678,Y,17439104,0.05813034666666667
13,236,Y,17406768,0.058022559999999994
107,991,Y,17356864,0.05785621333333333
34,407,Y,17311416,0.05770472
10,211,Y,17297192,0.05765730666666667
3,155,Y,17289120,0.057630400000000005
67,664,Y,17288136,0.057627120000000004
117,1064,Y,17263424,0.05754474666666667
104,965,Y,17237848,0.057459493333333334
21,298,Y,17179832,0.05726610666666667
101,941,Y,17171888,0.05723962666666667
126,1139,Y,17088008,0.05696002666666667
114,1042,Y,17063376,0.05687792
83,796,Y,17035704,0.05678568
71,702,Y,17032344,0.056774479999999995
21,299,Y,17008280,0.05669426666666667
100,932,Y,17001520,0.056671733333333335
54,564,Y,16954448,0.056514826666666663
106,982,Y,16953112,0.056510373333333336
124,1123,Y,16926832,0.056422773333333336
126,1137,Y,16921400,0.056404666666666665
55,568,Y,16889088,0.05629695999999999
102,944,Y,16832024,0.056106746666666665
22,308,Y,16813688,0.05604562666666667
97,908,Y,16760560,0.05586853333333333
47,510,Y,16739768,0.055799226666666674
89,840,Y,16732024,0.055773413333333334
30,368,Y,16714488,0.05571496000000001
40,453,Y,16578000,0.05526
55,569,Y,16569768,0.05523256
127,1146,Y,16544536,0.05514845333333333
53,554,Y,16417584,0.054725279999999994
55,573,Y,16395696,0.05465232
106,979,Y,16334104,0.054447013333333336
109,1007,Y,16315168,0.05438389333333333
62,629,Y,16309248,0.054364159999999995
44,483,Y,16300720,0.05433573333333333
46,502,Y,16258368,0.05419456
74,720,Y,16167288,0.053890959999999995
38,432,Y,16157864,0.05385954666666667
87,827,Y,16136024,0.05378674666666667
90,854,Y,16135984,0.05378661333333333
28,356,Y,16123112,0.05374370666666666
53,556,Y,16107784,0.05369261333333334
116,1063,Y,16041160,0.05347053333333334
71,698,Y,16036184,0.05345394666666667
123,1116,Y,16024840,0.05341613333333334
126,1136,Y,16017232,0.05339077333333333
12,225,Y,16006632,0.053355440000000004
96,902,Y,15992912,0.05330970666666667
88,839,Y,15990640,0.053302133333333335
62,630,Y,15985776,0.053285919999999994
118,1072,Y,15960664,0.05320221333333334
5,173,Y,15872336,0.05290778666666667
67,669,Y,15826808,0.052756026666666664
81,776,Y,15825744,0.05275248
39,440,Y,15758632,0.052528773333333334
85,815,Y,15743944,0.05247981333333333
94,884,Y,15741104,0.05247034666666666
96,898,Y,15681272,0.052270906666666665
69,684,Y,15676656,0.05225552
10,215,Y,15658248,0.05219416
105,972,Y,15643888,0.052146293333333336
23,312,Y,15621736,0.05207245333333333
94,881,Y,15619408,0.05206469333333333
43,473,Y,15614584,0.052048613333333334
94,882,Y,15572992,0.05190997333333334
58,595,Y,15572552,0.05190850666666666
20,294,Y,15504240,0.0516808
60,612,Y,15496288,0.05165429333333333
56,580,Y,15398144,0.05132714666666666
17,268,Y,15374704,0.05124901333333333
37,426,Y,15358176,0.05119392
64,641,Y,15349376,0.051164586666666664
115,1052,Y,15345992,0.05115330666666666
30,373,Y,15320848,0.05106949333333334
89,845,Y,15278400,0.050928
27,350,Y,15271568,0.05090522666666667
60,614,Y,15266416,0.05088805333333333
111,1019,Y,15257928,0.050859760000000004
20,289,Y,15221280,0.0507376
1,140,Y,15211120,0.05070373333333334
65,651,Y,15190432,0.05063477333333334
45,491,Y,15123344,0.05041114666666667
91,858,Y,15050320,0.05016773333333333
55,572,Y,15047216,0.050157386666666665
87,826,Y,15031720,0.05010573333333333
109,1001,Y,15006376,0.050021253333333335
2,150,Y,14979224,0.049930746666666664
72,707,Y,14973944,0.049913146666666665
67,671,Y,14972936,0.04990978666666667
39,447,Y,14971688,0.04990562666666666
25,335,Y,14968248,0.04989416
88,833,Y,14907000,0.04969
56,582,Y,14887960,0.049626533333333334
20,290,Y,14829016,0.049430053333333335
42,470,Y,14758664,0.049195546666666666
66,657,Y,14758000,0.04919333333333333
105,975,Y,14694416,0.04898138666666667
33,396,Y,14669912,0.04889970666666667
45,495,Y,14642296,0.04880765333333333
41,460,Y,14561736,0.048539120000000005
68,675,Y,14555136,0.048517120000000004
80,771,Y,14517936,0.04839312
73,718,Y,14512536,0.04837512
119,1087,Y,14484728,0.04828242666666667
114,1046,Y,14461304,0.04820434666666667
118,1073,Y,14453320,0.048177733333333334
4,166,Y,14405352,0.04801784
9,204,Y,14390776,0.04796925333333333
60,613,Y,14382640,0.04794213333333333
37,431,Y,14379744,0.04793248
8,195,Y,14356536,0.04785512
65,653,Y,14350560,0.047835199999999994
124,1125,Y,14304424,0.04768141333333333
38,437,Y,14291208,0.04763736
102,948,Y,14248840,0.047496133333333336
18,279,Y,14231768,0.04743922666666667
28,358,Y,14230768,0.04743589333333333
109,1000,Y,14226736,0.04742245333333333
35,412,Y,14208552,0.04736184
32,384,Y,14199776,0.04733258666666667
37,428,Y,14142408,0.04714136
100,933,Y,14076920,0.046923066666666666
48,515,Y,14066768,0.046889226666666665
1,138,Y,14052792,0.04684264
98,918,Y,14052296,0.04684098666666667
50,533,Y,14042864,0.04680954666666667
101,936,Y,14030144,0.04676714666666666
103,954,Y,14001944,0.046673146666666665
72,706,Y,13921456,0.046404853333333336
51,537,Y,13864728,0.046215759999999995
118,1077,Y,13846864,0.046156213333333335
48,514,Y,13815992,0.04605330666666667
49,520,Y,13811112,0.04603704
69,686,Y,13782472,0.04594157333333333
125,1133,Y,13753592,0.04584530666666666
47,511,Y,13735376,0.04578458666666667
89,842,Y,13641584,0.045471946666666666
85,813,Y,13639272,0.045464239999999996
35,410,Y,13627152,0.04542384
78,758,Y,13602360,0.0453412
100,931,Y,13467920,0.04489306666666666
21,302,Y,13467552,0.04489184
72,710,Y,13451736,0.044839119999999996
41,463,Y,13396896,0.04465632
3,157,Y,13372480,0.04457493333333333
90,853,Y,13323352,0.04441117333333333
10,209,Y,13297800,0.044326000000000004
64,644,Y,13293208,0.04431069333333333
90,851,Y,13286088,0.04428696
37,430,Y,13217136,0.044057120000000005
92,864,Y,13209176,0.04403058666666666
68,676,Y,13189592,0.04396530666666667
109,1006,Y,13180112,0.04393370666666667
4,162,Y,13169872,0.04389957333333333
83,797,Y,13153544,0.04384514666666667
119,1082,Y,13121432,0.043738106666666665
46,501,Y,13099384,0.04366461333333333
99,926,Y,13096560,0.0436552
122,1105,Y,13061928,0.043539760000000004
112,1028,Y,13056760,0.043522533333333335
65,652,Y,13055600,0.043518666666666664
82,785,Y,13050528,0.04350176
55,574,Y,13045256,0.04348418666666667
55,570,Y,13043664,0.04347888
115,1048,Y,13006968,0.04335656
56,581,Y,13006560,0.0433552
71,696,Y,12980560,0.04326853333333334
19,285,Y,12944152,0.04314717333333334
102,949,Y,12934240,0.04311413333333333
122,1110,Y,12925904,0.043086346666666664
8,192,Y,12924128,0.04308042666666667
85,811,Y,12917264,0.04305754666666667
23,314,Y,12905336,0.04301778666666667
112,1030,Y,12897264,0.04299088
57,589,Y,12861304,0.04287101333333333
54,566,Y,12823952,0.04274650666666667
27,347,Y,12790232,0.042634106666666664
18,275,Y,12747216,0.042490719999999996
1,141,Y,12737200,0.04245733333333333
3,156,Y,12717488,0.04239162666666667
79,760,Y,12717040,0.04239013333333334
112,1027,Y,12713480,0.04237826666666667
26,343,Y,12705360,0.042351200000000006
54,561,Y,12673648,0.04224549333333333
97,904,Y,12646288,0.04215429333333333
64,647,Y,12542392,0.04180797333333333
9,203,Y,12530680,0.041768933333333334
43,477,Y,12529688,0.041765626666666666
96,896,Y,12517968,0.041726559999999996
60,609,Y,12505616,0.041685386666666664
57,584,Y,12476152,0.04158717333333334
112,1025,Y,12471312,0.04157104
35,413,Y,12459496,0.041531653333333335
81,777,Y,12431760,0.0414392
100,935,Y,12409816,0.04136605333333333
48,512,Y,12375288,0.04125096
103,957,Y,12343784,0.04114594666666667
95,888,Y,12341264,0.04113754666666667
80,770,Y,12286936,0.04095645333333334
107,985,Y,12286584,0.04095528
11,217,Y,12251336,0.04083778666666667
17,266,Y,12187688,0.04062562666666667
116,1062,Y,12172120,0.040573733333333334
5,175,Y,12127088,0.040423626666666664
13,232,Y,12105880,0.040352933333333334
63,638,Y,12098208,0.04032736
65,650,Y,12014504,0.040048346666666665
14,246,Y,11978232,0.03992744
111,1018,Y,11960680,0.039868933333333335
80,768,Y,11929864,0.039766213333333335
69,681,Y,11927896,0.03975965333333333
5,174,Y,11919696,0.03973232
74,721,Y,11899040,0.03966346666666667
84,802,Y,11862336,0.03954112
92,866,Y,11854544,0.03951514666666667
123,1118,Y,11806376,0.03935458666666667
115,1054,Y,11802168,0.03934056
118,1074,Y,11800976,0.039336586666666666
33,398,Y,11748784,0.03916261333333333
34,400,Y,11734992,0.03911664
98,915,Y,11705728,0.03901909333333333
25,329,Y,11675624,0.03891874666666666
121,1097,Y,11615912,0.03871970666666667
117,1067,Y,11611200,0.038704
44,480,Y,11593152,0.03864384
103,953,Y,11553480,0.0385116
34,406,Y,11513072,0.03837690666666667
11,221,Y,11486008,0.03828669333333334
72,705,Y,11483888,0.03827962666666667
88,832,Y,11460144,0.03820048
106,983,Y,11446960,0.03815653333333333
78,753,Y,11400472,0.03800157333333333
107,988,Y,11396864,0.037989546666666665
43,475,Y,11393256,0.03797752
108,999,Y,11378584,0.03792861333333333
127,1144,Y,11364464,0.03788154666666667
125,1128,Y,11351152,0.03783717333333333
113,1035,Y,11332888,0.037776293333333336
42,464,Y,11315864,0.037719546666666666
114,1044,Y,11311104,0.037703679999999996
110,1011,Y,11281888,0.03760629333333333
41,459,Y,11247424,0.037491413333333334
57,585,Y,11219552,0.037398506666666664
20,292,Y,11209696,0.03736565333333333
2,145,Y,11203688,0.037345626666666666
26,339,Y,11120584,0.03706861333333333
23,315,Y,11043768,0.03681256
45,488,Y,10968240,0.036560800000000004
53,553,Y,10938648,0.03646216
32,389,Y,10936832,0.03645610666666667
98,916,Y,10911888,0.03637296
43,479,Y,10785240,0.0359508
85,810,Y,10776904,0.03592301333333334
87,828,Y,10764416,0.03588138666666667
104,962,Y,10744744,0.035815813333333335
22,307,Y,10728288,0.03576096
35,409,Y,10701920,0.03567306666666667
21,296,Y,10695200,0.035650666666666664
68,674,Y,10695120,0.0356504
108,994,Y,10677344,0.03559114666666667
64,643,Y,10619288,0.03539762666666667
86,818,Y,10588752,0.035295839999999995
108,995,Y,10566008,0.03522002666666667
87,830,Y,10559352,0.03519784
51,541,Y,10526080,0.035086933333333334
2,149,Y,10487384,0.03495794666666666
115,1055,Y,10431216,0.03477072
99,927,Y,10419336,0.034731120000000004
30,370,Y,10383640,0.034612133333333336
42,471,Y,10380224,0.03460074666666667
34,405,Y,10374896,0.03458298666666667
10,212,Y,10370712,0.034569039999999995
100,934,Y,10341520,0.03447173333333334
53,557,Y,10325656,0.03441885333333333
116,1058,Y,10325368,0.03441789333333334
117,1071,Y,10299096,0.03433032
78,755,Y,10209592,0.03403197333333333
17,270,Y,10181000,0.033936666666666664
68,672,Y,10148256,0.03382752
21,301,Y,10124728,0.033749093333333334
8,199,Y,10121952,0.03373984
8,194,Y,10098528,0.03366176
119,1084,Y,10070944,0.03356981333333334
20,295,Y,10067696,0.033558986666666665
55,571,Y,10025032,0.03341677333333333
120,1094,Y,10015664,0.03338554666666667
107,987,Y,9975592,0.03325197333333333
52,546,Y,9951584,0.03317194666666667
43,476,Y,9946448,0.033154826666666665
84,804,Y,9923848,0.033079493333333335
56,578,Y,9913992,0.03304664
25,328,Y,9907784,0.03302594666666667
37,427,Y,9906360,0.0330212
5,168,Y,9894312,0.03298104
52,548,Y,9875600,0.032918666666666666
124,1120,Y,9846512,0.032821706666666665
47,506,Y,9777200,0.03259066666666667
106,980,Y,9773424,0.03257808
16,263,Y,9764632,0.032548773333333336
18,272,Y,9744512,0.032481706666666665
114,1043,Y,9739240,0.03246413333333333
51,536,Y,9725456,0.03241818666666667
45,493,Y,9715504,0.03238501333333334
98,917,Y,9682432,0.03227477333333333
14,242,Y,9640480,0.03213493333333333
57,586,Y,9611000,0.03203666666666667
59,604,Y,9609272,0.032030906666666664
21,300,Y,9576752,0.03192250666666667
121,1101,Y,9540872,0.031802906666666665
27,351,Y,9522280,0.03174093333333333
95,895,Y,9478816,0.03159605333333333
46,498,Y,9462720,0.031542400000000005
66,662,Y,9457504,0.03152501333333334
57,590,Y,9456928,0.03152309333333333
12,227,Y,9452184,0.03150728
105,968,Y,9438312,0.03146104
78,754,Y,9371928,0.03123976
41,458,Y,9370952,0.031236506666666664
102,950,Y,9355536,0.03118512
102,947,Y,9348360,0.0311612
99,925,Y,9317984,0.031059946666666668
31,383,Y,9316848,0.03105616
122,1111,Y,9269248,0.03089749333333333
89,841,Y,9220816,0.030736053333333336
51,538,Y,9202112,0.03067370666666667
46,497,Y,9151176,0.03050392
60,611,Y,9147968,0.030493226666666668
77,751,Y,9105304,0.030351013333333336
60,608,Y,9030656,0.030102186666666666
48,519,Y,8949488,0.02983162666666667
16,260,Y,8948248,0.029827493333333333
47,507,Y,8944328,0.029814426666666668
122,1104,Y,8936392,0.029787973333333332
6,178,Y,8936368,0.029787893333333332
19,286,Y,8926568,0.029755226666666666
107,990,Y,8887288,0.02962429333333333
86,819,Y,8882328,0.02960776
104,963,Y,8875792,0.029585973333333335
79,766,Y,8875424,0.029584746666666665
110,1009,Y,8870520,0.029568399999999998
27,346,Y,8781568,0.029271893333333333
18,278,Y,8769120,0.0292304
123,1119,Y,8728280,0.029094266666666667
34,404,Y,8701168,0.029003893333333332
97,905,Y,8652816,0.028842720000000002
62,625,Y,8606024,0.02868674666666667
32,388,Y,8583856,0.028612853333333337
64,640,Y,8559296,0.028530986666666668
47,508,Y,8557072,0.028523573333333337
56,577,Y,8538984,0.02846328
61,621,Y,8535392,0.02845130666666667
27,348,Y,8465056,0.028216853333333333
58,597,Y,8463480,0.0282116
123,1117,Y,8459296,0.028197653333333336
67,667,Y,8442912,0.02814304
26,337,Y,8442712,0.028142373333333335
11,223,Y,8397568,0.027991893333333333
40,450,Y,8373496,0.02791165333333333
13,234,Y,8371192,0.027903973333333332
62,626,Y,8346496,0.027821653333333335
42,467,Y,8339688,0.02779896
45,494,Y,8315520,0.027718399999999997
24,325,Y,8282600,0.027608666666666667
65,648,Y,8271840,0.027572799999999998
101,937,Y,8269328,0.02756442666666667
112,1029,Y,8239288,0.027464293333333334
106,978,Y,8218608,0.02739536
5,171,Y,8202920,0.027343066666666666
32,386,Y,8167016,0.02722338666666667
127,1150,Y,8146624,0.027155413333333333
2,146,Y,8119656,0.02706552
108,993,Y,8119208,0.027064026666666668
75,734,Y,8116416,0.02705472
106,976,Y,8108824,0.027029413333333332
81,779,Y,8049936,0.02683312
51,543,Y,8048552,0.026828506666666665
36,421,Y,8016256,0.026720853333333336
14,245,Y,8003240,0.026677466666666663
32,385,Y,7989800,0.02663266666666667
5,172,Y,7986800,0.02662266666666667
7,190,Y,7969480,0.026564933333333332
68,677,Y,7955600,0.02651866666666667
12,231,Y,7895144,0.026317146666666666
28,359,Y,7884776,0.026282586666666666
117,1068,Y,7865264,0.026217546666666664
53,555,Y,7834136,0.026113786666666666
127,1151,Y,7829720,0.026099066666666663
98,919,Y,7755632,0.025852106666666666
79,764,Y,7718816,0.025729386666666666
84,805,Y,7695792,0.02565264
93,876,Y,7689328,0.025631093333333334
37,425,Y,7660952,0.025536506666666667
75,732,Y,7651968,0.02550656
44,482,Y,7638912,0.025463040000000003
22,305,Y,7564264,0.025214213333333332
83,799,Y,7557056,0.025190186666666666
59,606,Y,7490480,0.02496826666666667
7,188,Y,7473688,0.02491229333333333
19,280,Y,7467624,0.024892080000000004
74,722,Y,7452520,0.024841733333333334
95,889,Y,7439480,0.02479826666666667
13,239,Y,7414008,0.02471336
15,250,Y,7390176,0.02463392
72,704,Y,7382616,0.02460872
94,886,Y,7356456,0.024521519999999998
101,943,Y,7316464,0.024388213333333335
117,1066,Y,7302576,0.02434192
49,527,Y,7282568,0.024275226666666667
38,438,Y,7282016,0.024273386666666667
52,545,Y,7271736,0.02423912
125,1134,Y,7229320,0.024097733333333333
69,682,Y,7214808,0.02404936
121,1103,Y,7205672,0.024018906666666666
87,829,Y,7171376,0.02390458666666667
105,974,Y,7164240,0.0238808
47,509,Y,7158448,0.023861493333333334
120,1095,Y,7145984,0.023819946666666664
94,887,Y,7092880,0.023642933333333335
111,1017,Y,7081056,0.023603520000000003
33,392,Y,7016176,0.023387253333333333
76,739,Y,7011552,0.02337184
67,665,Y,6994104,0.02331368
9,205,Y,6865592,0.022885306666666667
42,469,Y,6854568,0.02284856
97,911,Y,6827336,0.02275778666666667
47,505,Y,6808304,0.022694346666666667
98,913,Y,6803448,0.02267816
90,849,Y,6793944,0.02264648
126,1141,Y,6731136,0.02243712
26,342,Y,6719504,0.022398346666666666
23,313,Y,6669152,0.022230506666666667
40,451,Y,6661544,0.02220514666666667
40,449,Y,6652536,0.02217512
56,579,Y,6629192,0.022097306666666667
49,526,Y,6596112,0.02198704
95,890,Y,6578784,0.02192928
24,323,Y,6566312,0.021887706666666666
28,352,Y,6550488,0.02183496
43,472,Y,6520536,0.02173512
16,258,Y,6514272,0.02171424
37,424,Y,6485368,0.021617893333333332
42,466,Y,6448192,0.021493973333333333
75,729,Y,6443136,0.021477120000000002
6,176,Y,6416520,0.0213884
39,442,Y,6377128,0.021257093333333334
88,834,Y,6374064,0.02124688
80,774,Y,6353072,0.02117690666666667
89,847,Y,6345184,0.021150613333333335
69,685,Y,6325000,0.021083333333333332
62,631,Y,6310328,0.021034426666666668
2,147,Y,6270208,0.020900693333333335
104,964,Y,6260296,0.020867653333333333
94,880,Y,6252232,0.020840773333333333
91,856,Y,6217248,0.020724160000000002
119,1086,Y,6204400,0.020681333333333333
13,238,Y,6196616,0.020655386666666664
110,1014,Y,6182296,0.020607653333333333
86,822,Y,6176240,0.020587466666666665
4,161,Y,6174824,0.020582746666666665
106,977,Y,6157296,0.02052432
79,761,Y,6140184,0.02046728
83,798,Y,6120504,0.020401680000000002
67,666,Y,6045496,0.02015165333333333
71,701,Y,6022112,0.020073706666666667
14,241,Y,6020840,0.020069466666666664
82,784,Y,6001032,0.02000344
96,897,Y,5994304,0.019981013333333332
6,181,Y,5975520,0.0199184
68,679,Y,5932928,0.01977642666666667
30,369,Y,5914488,0.01971496
116,1057,Y,5913520,0.019711733333333335
65,655,Y,5906888,0.019689626666666668
42,465,Y,5855896,0.01951965333333333
110,1012,Y,5841712,0.01947237333333333
2,144,Y,5813032,0.019376773333333333
112,1024,Y,5799456,0.019331519999999998
71,699,Y,5778216,0.019260720000000002
16,262,Y,5775904,0.019253013333333333
104,966,Y,5766328,0.019221093333333335
58,598,Y,5760184,0.01920061333333333
26,338,Y,5745584,0.019151946666666666
114,1045,Y,5686408,0.01895469333333333
77,748,Y,5635648,0.018785493333333333
94,885,Y,5599024,0.018663413333333333
45,489,Y,5577240,0.0185908
49,521,Y,5556448,0.018521493333333333
36,419,Y,5543288,0.018477626666666667
104,961,Y,5501064,0.01833688
75,728,Y,5500368,0.01833456
2,151,Y,5484624,0.01828208
3,159,Y,5479368,0.018264560000000003
68,673,Y,5474576,0.018248586666666667
100,929,Y,5409536,0.018031786666666667
110,1010,Y,5395568,0.017985226666666666
67,668,Y,5364128,0.017880426666666664
63,632,Y,5344696,0.017815653333333334
26,341,Y,5311360,0.017704533333333335
38,434,Y,5299576,0.017665253333333332
99,924,Y,5293200,0.017644
54,563,Y,5291480,0.017638266666666666
52,549,Y,5285288,0.017617626666666667
95,893,Y,5262376,0.017541253333333333
56,583,Y,5256328,0.017521093333333335
58,593,Y,5253624,0.01751208
8,193,Y,5192336,0.01730778666666667
115,1049,Y,5187704,0.017292346666666666
116,1060,Y,5166024,0.017220080000000002
6,182,Y,5161400,0.017204666666666667
116,1059,Y,5137984,0.017126613333333332
70,688,Y,5134520,0.017115066666666665
96,900,Y,5120016,0.01706672
7,184,Y,5105352,0.01701784
16,256,Y,5102952,0.017009840000000002
7,187,Y,5087480,0.016958266666666666
46,500,Y,5076512,0.016921706666666668
86,816,Y,5065480,0.016884933333333334
98,912,Y,5042480,0.01680826666666667
9,207,Y,4996776,0.01665592
112,1031,Y,4979528,0.016598426666666666
102,946,Y,4974336,0.016581119999999998
118,1079,Y,4926880,0.016422933333333334
82,791,Y,4895128,0.016317093333333334
121,1096,Y,4876248,0.01625416
12,229,Y,4874392,0.016247973333333332
90,852,Y,4783920,0.0159464
12,230,Y,4781936,0.015939786666666667
78,752,Y,4775400,0.015918
58,592,Y,4748264,0.015827546666666668
26,336,Y,4742968,0.01580989333333333
86,821,Y,4735120,0.01578373333333333
0,135,Y,4715576,0.015718586666666666
48,518,Y,4683672,0.01561224
119,1083,Y,4676976,0.01558992
5,169,Y,4625088,0.01541696
115,1053,Y,4617960,0.0153932
43,474,Y,4571480,0.015238266666666667
127,1145,Y,4553096,0.015176986666666666
52,544,Y,4529936,0.015099786666666667
110,1015,Y,4479904,0.014933013333333335
4,163,Y,4474744,0.014915813333333335
72,708,Y,4406440,0.014688133333333334
2,148,Y,4328056,0.014426853333333333
117,1069,Y,4252464,0.01417488
3,154,Y,4232800,0.014109333333333333
101,938,Y,4189808,0.013966026666666667
15,252,Y,4153816,0.013846053333333334
99,922,Y,4151640,0.0138388
115,1050,Y,4137880,0.013792933333333333
100,930,Y,4091008,0.013636693333333332
114,1040,Y,4029368,0.013431226666666667
114,1041,Y,3957768,0.01319256
41,457,Y,3946680,0.013155600000000002
17,264,Y,3858144,0.012860479999999999
110,1013,Y,3782800,0.012609333333333332
76,737,Y,3702568,0.012341893333333335
40,448,Y,3520040,0.011733466666666666
33,395,Y,3471256,0.011570853333333334
99,921,Y,3362640,0.0112088
5,170,Y,3324496,0.011081653333333333
112,1026,Y,3286472,0.010954906666666667
81,781,Y,3276816,0.01092272
36,417,Y,3202872,0.01067624
89,844,Y,3149824,0.010499413333333334
123,1113,Y,3139688,0.010465626666666667
119,1081,Y,2989160,0.009963866666666666
95,894,Y,2970744,0.00990248
122,1107,Y,2969064,0.009896879999999999
40,452,Y,2920944,0.00973648
99,920,Y,2836152,0.00945384
82,789,Y,2704888,0.009016293333333333
57,587,Y,2516864,0.008389546666666666
32,390,Y,2506720,0.008355733333333334
43,478,Y,2463464,0.008211546666666666
49,524,Y,2292512,0.007641706666666666
23,317,Y,2261424,0.00753808
74,724,Y,1872200,0.006240666666666667
58,596,Y,1654328,0.0055144266666666665
106,981,Y,1407776,0.004692586666666667
