121,108,N,16943661502,56.47887167333333
101,34,N,16594463640,55.3148788
10,49,N,15667192496,52.22397498666667
71,10,N,15443398824,51.47799608
87,32,N,15078759264,50.26253088
49,9,N,15009055288,50.030184293333335
111,9,N,14863559172,49.54519724
15,121,N,14410340168,48.03446722666666
84,93,N,14338057240,47.793524133333335
41,84,N,14325310496,47.75103498666667
32,110,N,14237358806,47.457862686666665
84,15,N,13905476040,46.3515868
118,25,N,13866345502,46.22115167333333
53,74,N,13792162396,45.97387465333333
105,5,N,13775182328,45.917274426666665
31,0,N,13719474228,45.73158076
86,37,N,13650849712,45.502832373333334
25,111,N,13636574856,45.45524952
93,101,N,13585367184,45.28455728
48,87,N,13439615824,44.79871941333333
74,43,N,12955494352,43.184981173333334
44,53,N,12925532920,43.08510973333333
5,106,N,12691509312,42.30503104
63,60,N,12505161612,41.68387204
106,86,N,12003196200,40.010654
462,41,Y,11462635224,38.20878408
5,105,N,11436978811,38.12326270333333
109,12,N,11333292713,37.77764237666666
127,44,N,11035184957,36.783949856666666
25,118,N,10919104716,36.39701572
48,104,N,10879884080,36.26628026666667
60,31,N,10831204810,36.10401603333334
9,203,Y,10771187376,35.90395792
9,206,Y,10728275248,35.76091749333333
1075,118,Y,10596780000,35.3226
41,81,N,10327435424,34.42478474666667
40,13,N,10235144224,34.117147413333335
105,46,N,10221555360,34.0718512
97,98,N,10221291280,34.070970933333335
12,19,N,10147930025,33.82643341666667
104,72,N,10103010256,33.67670085333334
11,87,N,10057125392,33.52375130666667
13,40,N,10020009032,33.40003010666667
108,996,Y,10017455112,33.391517040000004
805,84,Y,9993591128,33.31197042666666
34,402,Y,9963972288,33.21324096
697,71,Y,9948660976,33.16220325333333
123,14,N,9878107312,32.92702437333334
101,123,N,9645863690,32.15287896666666
98,51,N,9501038200,31.67012733333333
516,48,Y,9370840136,31.236133786666663
38,94,N,9339658304,31.132194346666665
103,109,N,9316749839,31.055832796666667
110,1013,Y,9197910024,30.65970008
105,121,N,9120620084,30.402066946666668
99,57,N,9057959968,30.193199893333333
102,58,N,8944283720,29.814279066666664
87,48,N,8742874728,29.142915759999998
969,105,Y,8701923000,29.00641
37,426,Y,8606713280,28.68904426666667
108,124,N,8430764844,28.10254948
43,472,Y,8228491344,27.428304479999998
118,1075,Y,8059342994,26.864476646666667
34,64,N,8012781664,26.709272213333335
66,41,N,7983784768,26.612615893333334
11,105,N,7967010586,26.556701953333334
1151,127,Y,7960321935,26.53440645
60,10,N,7909554548,26.365181826666667
57,66,N,7907938142,26.359793806666666
77,30,N,7834621128,26.11540376
81,41,N,7834449257,26.114830856666664
125,102,N,7822772728,26.075909093333333
0,135,Y,7758901914,25.863006379999998
94,35,N,7738425840,25.794752799999998
32,59,N,7697977272,25.65992424
14,68,N,7687828688,25.626095626666668
45,1,N,7669915224,25.56638408
64,13,N,7657273432,25.524244773333333
73,63,N,7651128080,25.503760266666664
43,78,N,7626309416,25.421031386666666
76,52,N,7523014544,25.07671514666667
27,77,N,7478802664,24.92934221333333
107,95,N,7474673168,24.915577226666667
77,80,N,7472297152,24.907657173333334
65,14,N,7450921512,24.836405040000002
119,26,N,7415014647,24.71671549
639,63,Y,7368252806,24.560842686666668
83,89,N,7356953920,24.523179733333333
4,85,N,7329065440,24.430218133333334
12,109,N,7249434471,24.16478157
334,25,Y,7237435282,24.124784273333333
90,99,N,7200283381,24.000944603333334
91,65,N,7166000784,23.88666928
124,42,N,7144496658,23.81498886
74,53,N,7112646144,23.70882048
81,38,N,7091665379,23.638884596666667
7,83,N,7089913096,23.63304365333333
57,99,N,6988257656,23.294192186666667
45,49,N,6986560032,23.288533440000002
89,119,N,6980514801,23.26838267
58,99,N,6940808264,23.136027546666664
126,107,N,6911324752,23.03774917333333
125,1,N,6896726352,22.98908784
60,17,N,6880517960,22.935059866666666
16,5,N,6871185616,22.903952053333335
30,117,N,6849517674,22.83172558
60,89,N,6846444400,22.82148133333333
14,123,N,6838064232,22.79354744
19,12,N,6806782256,22.689274186666665
79,12,N,6798532713,22.66177571
98,97,N,6795614230,22.652047433333333
28,91,N,6768559339,22.561864463333333
0,31,N,6758562040,22.528540133333333
75,13,N,6751729792,22.505765973333332
120,111,N,6742633992,22.475446639999998
59,32,N,6670663088,22.23554362666667
17,102,N,6655166154,22.18388718
97,49,N,6651993456,22.17331152
89,60,N,6624600478,22.082001593333334
108,50,N,6618062892,22.06020964
35,55,N,6610864224,22.03621408
41,83,N,6603767528,22.01255842666667
26,119,N,6593722272,21.97907424
79,4,N,6581343696,21.93781232
21,40,N,6569749632,21.89916544
97,56,N,6555288416,21.85096138666667
32,100,N,6552820832,21.842736106666667
49,97,N,6544027768,21.81342589333333
68,5,N,6540159976,21.800533253333334
124,92,N,6538097928,21.79365976
50,101,N,6532902176,21.776340586666667
10,96,N,6529273688,21.764245626666668
0,14,N,6523271584,21.744238613333334
99,90,N,6461158672,21.537195573333335
83,11,N,6454244432,21.514148106666667
110,0,N,6449644136,21.498813786666666
9,111,N,6433459998,21.44486666
106,5,N,6426360192,21.42120064
50,23,N,6401234574,21.33744858
120,127,N,6385540920,21.2851364
19,53,N,6370763080,21.235876933333333
66,57,N,6366697848,21.222326159999998
86,102,N,6365880856,21.219602853333335
125,15,N,6356452344,21.18817448
110,32,N,6353272872,21.17757624
76,61,N,6339832088,21.13277362666667
121,15,N,6319848584,21.066161946666668
40,21,N,6312336080,21.041120266666667
1,125,N,6310638128,21.035460426666667
38,33,N,6282945344,20.943151146666665
33,90,N,6270498208,20.901660693333334
28,25,N,6255787640,20.852625466666666
112,75,N,6254060720,20.846869066666667
27,31,N,6237634472,20.79211490666667
92,38,N,6233188791,20.77729597
15,84,N,6226477617,20.75492539
14,0,N,6211897504,20.70632501333333
1,27,N,6202044632,20.673482106666665
37,86,N,6188321776,20.62773925333333
5,68,N,6175334675,20.584448916666666
92,120,N,6141002952,20.47000984
49,45,N,6136021264,20.453404213333336
29,121,N,6134960702,20.449869006666667
90,21,N,6113289192,20.37763064
906,97,Y,6103391522,20.344638406666668
16,0,N,6102686840,20.342289466666667
42,55,N,6096600472,20.322001573333335
51,536,Y,6085501812,20.28500604
121,29,N,6082722480,20.2757416
15,48,N,6079451560,20.264838533333332
85,4,N,6059823096,20.19941032
63,48,N,6052387936,20.17462645333333
85,77,N,6020788248,20.069294160000002
0,110,N,6001623408,20.00541136
102,34,N,6001302576,20.004341919999998
9,49,N,6000401382,20.00133794
111,120,N,5987374032,19.95791344
46,76,N,5974789968,19.91596656
104,48,N,5973082208,19.910274026666666
46,98,N,5964480464,19.881601546666666
25,28,N,5955558256,19.851860853333335
120,82,N,5950701912,19.83567304
95,107,N,5945829136,19.819430453333332
52,70,N,5938846920,19.7961564
48,15,N,5938011992,19.793373306666666
2,58,N,5927564712,19.758549040000002
96,112,N,5927152848,19.75717616
10,71,N,5892122160,19.640407200000002
55,59,N,5833307592,19.44435864
69,79,N,5829210064,19.43070021333333
47,123,N,5825848984,19.419496613333333
34,101,N,5823379648,19.41126549333333
13,122,N,5813268760,19.377562533333332
107,126,N,5792143248,19.30714416
41,66,N,5786978927,19.289929756666666
1,45,N,5781989928,19.27329976
50,108,N,5779270480,19.26423493333333
109,103,N,5769462080,19.231540266666666
23,110,N,5767435224,19.224784080000003
61,76,N,5761798576,19.205995253333334
42,107,N,5761412143,19.204707143333334
56,109,N,5757992992,19.193309973333335
19,16,N,5756793423,19.189311410000002
122,13,N,5752211112,19.174037039999998
49,10,N,5745679472,19.152264906666666
10,60,N,5739983080,19.133276933333335
23,73,N,5739655071,19.13218357
57,75,N,5736843953,19.122813176666668
80,108,N,5727215728,19.090719093333334
25,21,N,5720843048,19.06947682666667
34,102,N,5712873610,19.042912033333334
40,116,N,5705003081,19.016676936666666
53,44,N,5700906376,19.003021253333333
58,102,N,5694942592,18.983141973333336
14,65,N,5693250648,18.97750216
43,74,N,5685416592,18.95138864
71,91,N,5675688944,18.918963146666666
46,105,N,5675156552,18.917188506666665
123,47,N,5673882992,18.912943306666666
9,42,N,5673871592,18.912905306666666
30,77,N,5654503000,18.848343333333332
62,96,N,5654195216,18.847317386666667
19,41,N,5641533456,18.80511152
76,116,N,5639426304,18.798087680000002
83,58,N,5614298824,18.714329413333335
108,10,N,5611503808,18.705012693333334
24,81,N,5601821125,18.67273708333333
118,77,N,5599149270,18.6638309
82,120,N,5583255728,18.610852426666664
70,52,N,5582216408,18.607388026666666
96,10,N,5577984216,18.59328072
24,51,N,5575649888,18.585499626666664
34,98,N,5569530624,18.565102080000003
117,30,N,5563482256,18.544940853333333
12,79,N,5557013536,18.523378453333333
30,23,N,5552260136,18.507533786666666
78,43,N,5546351440,18.487838133333334
66,22,N,5544192604,18.480642013333334
58,43,N,5534151160,18.447170533333335
32,87,N,5527738822,18.425796073333334
62,101,N,5525970664,18.419902213333334
31,27,N,5521649288,18.405497626666666
95,40,N,5517417542,18.391391806666665
22,26,N,5507968360,18.359894533333335
53,19,N,5497976320,18.326587733333334
100,18,N,5491103816,18.303679386666666
84,30,N,5476766647,18.255888823333333
111,25,N,5469072784,18.230242613333335
957,103,Y,5467375265,18.224584216666667
55,42,N,5453039704,18.176799013333333
98,34,N,5446758614,18.155862046666666
79,61,N,5436316805,18.121056016666667
23,30,N,5434565512,18.115218373333335
17,60,N,5425255672,18.084185573333333
53,121,N,5416359800,18.054532666666667
94,38,N,5411543624,18.038478746666666
112,22,N,5407307416,18.024358053333334
123,101,N,5405391056,18.01797018666667
119,123,N,5395705584,17.98568528
16,19,N,5393374360,17.977914533333333
21,25,N,5393083080,17.976943600000002
88,79,N,5385205912,17.950686373333333
6,120,N,5368586701,17.895289003333335
120,6,N,5367559888,17.891866293333333
52,76,N,5361215392,17.870717973333335
12,67,N,5355418360,17.851394533333334
5,16,N,5352524016,17.84174672
35,67,N,5346185888,17.820619626666666
72,25,N,5331605488,17.772018293333332
35,2,N,5328556024,17.761853413333334
75,103,N,5328404207,17.76134735666667
104,64,N,5325760707,17.75253569
84,41,N,5323862544,17.74620848
112,110,N,5319714048,17.732380159999998
102,17,N,5313831048,17.712770159999998
127,71,N,5307095704,17.690319013333333
30,84,N,5302510888,17.67503629333333
101,62,N,5300023502,17.666745006666666
19,282,Y,5298400184,17.661333946666666
121,105,N,5281614082,17.60538027333333
65,76,N,5280898344,17.60299448
53,117,N,5266611088,17.555370293333333
116,76,N,5247959136,17.49319712
42,88,N,5246518120,17.488393733333332
127,120,N,5245834336,17.486114453333336
18,100,N,5239722391,17.46574130333333
61,15,N,5235815355,17.45271785
36,119,N,5227644872,17.425482906666666
111,86,N,5227224032,17.42408010666667
112,96,N,5219028221,17.396760736666668
111,87,N,5217773476,17.392578253333333
64,104,N,5217144898,17.390482993333332
108,121,N,5212642560,17.3754752
73,56,N,5209826991,17.36608997
98,46,N,5202702672,17.34234224
97,38,N,5201594521,17.338648403333334
30,6,N,5201177240,17.337257466666667
21,90,N,5200204504,17.334015013333335
127,80,N,5198402040,17.3280068
121,53,N,5193285842,17.310952806666666
13,232,Y,5188881296,17.296270986666666
101,93,N,5186418352,17.288061173333332
16,6,N,5179290367,17.264301223333334
55,35,N,5177762384,17.259207946666667
0,82,N,5177674824,17.25891608
16,45,N,5177436576,17.25812192
38,97,N,5163161565,17.210538550000003
116,40,N,5154869075,17.182896916666667
2,35,N,5146627752,17.15542584
100,32,N,5146454176,17.154847253333333
217,11,Y,5146097624,17.153658746666668
79,69,N,5144609496,17.14869832
64,34,N,5139494928,17.131649760000002
90,17,N,5139241416,17.13080472
83,41,N,5132221136,17.107403786666666
76,46,N,5127059344,17.090197813333333
120,92,N,5118555867,17.06185289
93,18,N,5108994424,17.029981413333335
26,22,N,5105199504,17.01733168
56,97,N,5102161355,17.007204516666665
110,112,N,5092815712,16.976052373333335
104,68,N,5082188688,16.94062896
105,11,N,5072307712,16.907692373333333
37,75,N,5067744928,16.892483093333333
21,7,N,5066290376,16.887634586666668
76,65,N,5060451957,16.86817319
122,20,N,5049011584,16.830038613333333
13,4,N,5040271240,16.800904133333333
59,55,N,5034001128,16.78000376
118,105,N,5026756320,16.7558544
96,43,N,5022438640,16.741462133333336
74,113,N,5019513760,16.731712533333333
13,75,N,5005334944,16.684449813333334
72,104,N,5003770408,16.679234693333335
27,1,N,5001646752,16.67215584
26,35,N,4989717416,16.63239138666667
91,71,N,4986456424,16.621521413333333
117,53,N,4983409344,16.61136448
72,94,N,4982473600,16.608245333333333
81,24,N,4979842223,16.599474076666667
44,122,N,4974055248,16.58018416
80,72,N,4969082056,16.563606853333333
89,107,N,4957166728,16.52388909333333
96,88,N,4953121760,16.510405866666666
88,42,N,4952721601,16.509072003333333
42,9,N,4948682872,16.495609573333333
73,23,N,4947536957,16.491789856666667
81,85,N,4946554880,16.488516266666668
7,21,N,4946083936,16.486946453333335
31,70,N,4938138984,16.460463280000003
15,61,N,4930935544,16.436451813333335
174,5,Y,4930480824,16.43493608
87,111,N,4922600000,16.408666666666665
70,113,N,4915747952,16.385826506666668
61,79,N,4915275736,16.384252453333335
23,50,N,4912454093,16.374846976666664
77,27,N,4912246308,16.374154360000002
28,115,N,4892327904,16.30775968
99,2,N,4889498403,16.29832801
63,73,N,4886767872,16.289226239999998
24,52,N,4883839032,16.27946344
38,92,N,4883339896,16.277799653333332
112,115,N,4879242152,16.264140506666667
37,61,N,4845358864,16.151196213333332
52,24,N,4829550898,16.098502993333334
59,127,N,4827617544,16.09205848
6,22,N,4826600688,16.08866896
42,124,N,4825881136,16.086270453333334
26,5,N,4819439816,16.064799386666667
95,73,N,4810971480,16.0365716
93,84,N,4807329464,16.02443154666667
47,100,N,4785852568,15.952841893333334
6,30,N,4778978320,15.929927733333333
2,71,N,4776446201,15.921487336666667
67,47,N,4767749208,15.892497359999998
66,9,N,4766160712,15.887202373333334
10,108,N,4762089498,15.873631660000001
119,36,N,4754348298,15.84782766
119,48,N,4734068816,15.780229386666667
85,100,N,4726331239,15.754437463333334
126,69,N,4722834461,15.742781536666667
14,99,N,4722109144,15.740363813333333
87,74,N,4709451992,15.698173306666666
68,90,N,4707977072,15.693256906666667
100,47,N,4704707360,15.682357866666665
20,61,N,4700718128,15.669060426666666
12,26,N,4699905839,15.666352796666667
72,80,N,4698316752,15.66105584
40,27,N,4695034712,15.650115706666668
49,113,N,4692953648,15.643178826666668
113,70,N,4680928568,15.603095226666666
0,16,N,4673953352,15.579844506666667
122,44,N,4672477760,15.574925866666668
1128,125,Y,4672332344,15.574441146666668
69,34,N,4667380056,15.55793352
55,7,N,4664497792,15.548325973333332
18,64,N,4647316876,15.491056253333332
61,37,N,4640592472,15.468641573333333
92,124,N,4638884768,15.462949226666666
8,62,N,4638206024,15.460686746666665
105,972,Y,4635293008,15.450976693333333
102,86,N,4625965608,15.419885359999999
124,108,N,4623243256,15.410810853333334
43,58,N,4619479898,15.398266326666665
13,64,N,4610357384,15.367857946666666
86,111,N,4605824480,15.352748266666666
57,52,N,4605160984,15.350536613333333
60,63,N,4600580208,15.33526736
109,56,N,4599465040,15.331550133333332
3,36,N,4599081288,15.33027096
9,66,N,4595506480,15.318354933333334
75,57,N,4592117104,15.307057013333333
105,118,N,4590351320,15.301171066666667
83,7,N,4585956280,15.286520933333334
22,6,N,4585769408,15.285898026666667
99,14,N,4581634224,15.272114079999998
11,83,N,4580154440,15.267181466666665
57,585,Y,4568674168,15.228913893333335
54,66,N,4564597544,15.215325146666666
35,94,N,4563504488,15.211681626666667
4,79,N,4563279928,15.210933093333335
8,82,N,4560917928,15.20305976
71,127,N,4560401096,15.201336986666666
43,96,N,4557883480,15.192944933333333
39,21,N,4554154400,15.180514666666667
64,115,N,4548657072,15.162190240000001
56,73,N,4548282928,15.160943093333334
82,0,N,4545267168,15.150890559999999
113,89,N,4539485112,15.13161704
15,125,N,4535610440,15.118701466666668
35,26,N,4532350512,15.107835040000001
102,125,N,4530594448,15.101981493333334
20,17,N,4524775968,15.08258656
103,92,N,4518604521,15.062015070000001
38,81,N,4515743735,15.052479116666667
44,24,N,4515163592,15.050545306666665
115,64,N,4510666520,15.035555066666667
114,78,N,4509241360,15.030804533333333
966,104,Y,4508827088,15.029423626666667
86,106,N,4502231672,15.007438906666668
51,125,N,4493051376,14.97683792
85,81,N,4492242320,14.974141066666666
66,54,N,4491939752,14.973132506666667
72,707,Y,4483626784,14.945422613333333
17,20,N,4481232584,14.937441946666667
59,69,N,4459634778,14.86544926
62,70,N,4453917464,14.846391546666668
103,29,N,4452988208,14.843294026666667
20,122,N,4452835056,14.84278352
22,112,N,4449936624,14.833122079999999
78,84,N,4445404560,14.818015200000001
100,85,N,4434489760,14.781632533333333
942,101,Y,4434445744,14.781485813333333
98,33,N,4421869048,14.739563493333332
107,42,N,4419971984,14.733239946666668
6,16,N,4415758952,14.719196506666668
29,80,N,4408386248,14.694620826666666
78,116,N,4408156216,14.693854053333332
115,65,N,4405839056,14.686130186666665
1,106,N,4398637536,14.662125119999999
17,90,N,4397546918,14.658489726666668
41,19,N,4385984912,14.619949706666665
45,16,N,4382516896,14.608389653333335
22,39,N,4370955912,14.56985304
115,112,N,4361445880,14.538152933333334
100,106,N,4346674464,14.488914880000001
91,29,N,4346624720,14.488749066666667
55,8,N,4344385344,14.481284480000001
115,28,N,4341047872,14.470159573333333
47,39,N,4338479432,14.461598106666667
123,119,N,4328329701,14.427765670000001
36,19,N,4321566624,14.40522208
67,72,N,4318567948,14.395226493333332
127,59,N,4298367072,14.327890239999999
117,82,N,4298037200,14.326790666666668
58,2,N,4297952192,14.326507306666667
68,14,N,4292690248,14.308967493333332
3,65,N,4283661328,14.278871093333334
50,24,N,4283227808,14.277426026666667
34,69,N,4279377160,14.264590533333333
101,50,N,4277994448,14.259981493333335
51,98,N,4276039648,14.253465493333334
530,50,Y,4266105328,14.220351093333333
94,37,N,4260861680,14.202872266666667
89,83,N,4249709632,14.165698773333332
77,85,N,4248103816,14.160346053333333
108,80,N,4243391300,14.144637666666668
96,62,N,4235421088,14.118070293333334
90,33,N,4229761968,14.099206559999999
24,44,N,4224558872,14.081862906666668
80,77,N,4218424448,14.061414826666665
61,20,N,4208229784,14.027432613333332
18,126,N,4206390448,14.021301493333333
5,26,N,4204364608,14.014548693333333
126,18,N,4203698552,14.012328506666666
68,104,N,4197561272,13.991870906666668
8,125,N,4193544728,13.978482426666666
33,38,N,4190407400,13.968024666666668
58,83,N,4184913544,13.949711813333332
114,46,N,4184323000,13.947743333333335
71,2,N,4184095483,13.946984943333332
80,127,N,4173682544,13.912275146666667
75,112,N,4171064904,13.90354968
39,9,N,4166293416,13.88764472
31,60,N,4144801360,13.816004533333334
52,57,N,4140547224,13.80182408
11,97,N,4131048952,13.770163173333334
75,37,N,4127286240,13.7576208
46,497,Y,4121978382,13.73992794
31,20,N,4121975216,13.739917386666667
77,118,N,4121880472,13.739601573333331
104,963,Y,4119424384,13.731414613333333
46,114,N,4117112672,13.723708906666667
103,75,N,4105219624,13.684065413333332
82,8,N,4095246752,13.650822506666666
1,85,N,4074393968,13.581313226666666
68,676,Y,4071801200,13.572670666666667
18,93,N,4070391936,13.567973119999998
126,124,N,4059635752,13.532119173333335
39,47,N,4054763696,13.515878986666666
17,117,N,4053417568,13.511391893333332
63,93,N,4049624938,13.498749793333333
69,59,N,4045716419,13.485721396666667
33,117,N,4042979376,13.47659792
8,55,N,4041355432,13.471184773333334
70,31,N,4018646480,13.395488266666666
93,63,N,4017447280,13.391490933333333
94,122,N,4016499248,13.388330826666667
21,39,N,4015830056,13.386100186666667
48,63,N,4010661048,13.368870159999998
122,71,N,4002563264,13.341877546666666
973,105,Y,3994916014,13.316386713333333
86,47,N,3992503208,13.308344026666665
110,23,N,3982502632,13.275008773333333
20,31,N,3981670712,13.272235706666665
22,66,N,3973757472,13.24585824
113,74,N,3971305544,13.237685146666667
114,32,N,3970347664,13.234492213333333
94,72,N,3965411008,13.218036693333332
43,39,N,3956531480,13.188438266666665
221,11,Y,3956259696,13.18753232
20,62,N,3955980040,13.186600133333334
4,103,N,3955731304,13.185771013333333
33,98,N,3954381048,13.18127016
70,107,N,3952844440,13.176148133333335
52,124,N,3937816584,13.126055280000001
87,11,N,3936971570,13.123238566666668
119,89,N,3934370080,13.114566933333332
65,91,N,3933398536,13.111328453333334
109,118,N,3931915240,13.106384133333332
18,50,N,3926374488,13.087914959999999
37,94,N,3922164056,13.073880186666667
81,106,N,3910040896,13.033469653333333
92,91,N,3906365969,13.021219896666667
91,28,N,3895200408,12.98400136
40,452,Y,3882492152,12.941640506666666
73,95,N,3882010560,12.9400352
64,18,N,3880697497,12.935658323333332
62,8,N,3878566104,12.928553679999998
67,27,N,3878415048,12.928050159999998
44,127,N,3877305200,12.924350666666667
69,126,N,3873592096,12.911973653333334
45,78,N,3868054832,12.893516106666667
71,122,N,3867227280,12.890757599999999
27,40,N,3861015704,12.870052346666666
36,45,N,3850988464,12.836628213333334
47,67,N,3850026264,12.833420879999998
7,55,N,3837746016,12.79248672
40,95,N,3833859313,12.779531043333334
74,87,N,3804554072,12.681846906666665
27,67,N,3801939096,12.67313032
82,117,N,3798941232,12.66313744
68,95,N,3794617160,12.648723866666668
107,89,N,3791446512,12.63815504
117,17,N,3788397344,12.627991146666668
82,7,N,3784848624,12.61616208
67,12,N,3783842752,12.612809173333334
92,103,N,3782373536,12.607911786666667
113,49,N,3777368568,12.591228560000001
26,12,N,3774355048,12.581183493333334
84,78,N,3760949296,12.536497653333335
36,116,N,3743792560,12.479308533333333
126,57,N,3734703752,12.449012506666666
79,88,N,3730634280,12.4354476
48,119,N,3727387920,12.4246264
117,33,N,3722676752,12.408922506666666
116,73,N,3700391144,12.334637146666665
97,11,N,3695241960,12.3174732
1029,112,Y,3679970520,12.2665684
24,50,N,3675255572,12.250851906666666
122,94,N,3668820600,12.229402
2,99,N,3665581728,12.218605759999999
118,109,N,3663081616,12.210272053333334
46,93,N,3649130152,12.163767173333333
88,96,N,3646767040,12.155890133333333
123,74,N,3645101776,12.150339253333334
32,114,N,3644968808,12.149896026666667
1136,126,Y,3642424448,12.141414826666667
25,72,N,3635310848,12.117702826666667
85,1,N,3623930520,12.0797684
29,91,N,3622653248,12.075510826666665
39,22,N,3617033152,12.056777173333334
3,28,N,3611915309,12.039717696666667
74,123,N,3608093752,12.026979173333334
72,67,N,3607116624,12.02372208
39,43,N,3596186520,11.9872884
261,16,Y,3595353688,11.984512293333333
107,986,Y,3582231688,11.940772293333334
19,36,N,3581175472,11.937251573333334
65,3,N,3564451976,11.881506586666667
116,78,N,3562394432,11.874648106666667
116,36,N,3555483759,11.85161253
36,3,N,3552625488,11.842084960000001
91,92,N,3547573680,11.8252456
90,68,N,3542796800,11.809322666666667
57,126,N,3542115312,11.80705104
103,4,N,3539853345,11.79951115
54,114,N,3523970664,11.74656888
93,46,N,3516552080,11.721840266666666
33,11,N,3502449704,11.674832346666667
78,45,N,3499992408,11.66664136
51,24,N,3497305752,11.65768584
23,54,N,3486754672,11.622515573333333
95,68,N,3466143567,11.55381189
9,39,N,3446571136,11.488570453333333
4,13,N,3446241688,11.487472293333333
78,114,N,3444794992,11.482649973333334
37,88,N,3438985432,11.463284773333333
106,100,N,3438107176,11.460357253333333
124,126,N,3431387472,11.43795824
80,29,N,3407334104,11.357780346666667
47,86,N,3404821480,11.349404933333334
42,469,Y,3401707040,11.339023466666667
6,7,N,3400470032,11.334900106666666
109,28,N,3391831256,11.306104186666667
118,29,N,3391113896,11.303712986666667
65,115,N,3370678504,11.235595013333333
796,83,Y,3369765216,11.232550719999999
4,115,N,3362866072,11.209553573333334
124,52,N,3362018248,11.206727493333334
106,1,N,3361269856,11.204232853333334
56,54,N,3354455624,11.181518746666667
62,20,N,3351905264,11.173017546666667
51,59,N,3346136708,11.153789026666667
28,3,N,3301181136,11.00393712
284,19,Y,3287070280,10.956900933333333
106,81,N,3265906896,10.886356319999999
125,8,N,3264110728,10.880369093333334
10,215,Y,3240122632,10.800408773333334
73,116,N,3239388885,10.797962949999999
110,114,N,3226650744,10.755502479999999
614,60,Y,3225817608,10.75272536
54,3,N,3210519728,10.701732426666668
107,70,N,3196612392,10.65537464
88,2,N,3150347800,10.501159333333334
45,36,N,3148310960,10.494369866666666
29,103,N,3145339592,10.484465306666667
50,18,N,3144094232,10.480314106666667
54,23,N,3139347800,10.464492666666667
113,63,N,3128094988,10.426983293333333
2,88,N,3110667168,10.36889056
114,110,N,3104270416,10.347568053333333
7,82,N,3088566560,10.295221866666667
136,1,Y,3078413672,10.261378906666668
70,62,N,3073742248,10.245807493333334
633,63,Y,3064725968,10.215753226666667
67,35,N,3048403624,10.161345413333333
80,773,Y,3046343578,10.154478593333334
26,337,Y,3044255525,10.147518416666665
59,51,N,3017732584,10.059108613333333
99,923,Y,2987264800,9.957549333333333
44,69,N,2984876408,9.949588026666667
114,54,N,2982667760,9.942225866666666
51,8,N,2967677832,9.89225944
117,1069,Y,2963484312,9.878281040000001
991,107,Y,2958698912,9.862329706666667
439,38,Y,2933649488,9.778831626666665
315,23,Y,2917109336,9.723697786666667
69,44,N,2890195736,9.633985786666667
115,4,N,2879370888,9.59790296
11,33,N,2876243936,9.587479786666666
88,37,N,2875700384,9.585667946666666
3,54,N,2873421814,9.578072713333333
63,113,N,2870021016,9.56673672
488,45,Y,2864396720,9.547989066666666
102,946,Y,2855395056,9.51798352
99,58,N,2849271888,9.49757296
718,73,Y,2831662904,9.438876346666666
104,95,N,2830470928,9.434903093333332
58,595,Y,2789765648,9.299218826666667
125,51,N,2775991710,9.2533057
7,6,N,2759622856,9.198742853333334
107,991,Y,2660455040,8.868183466666666
94,884,Y,2659820704,8.866069013333334
56,3,N,2654687471,8.848958236666666
29,118,N,2645514584,8.818381946666666
53,555,Y,2639604616,8.798682053333334
661,66,Y,2619791872,8.732639573333334
54,56,N,2608021192,8.693403973333332
81,780,Y,2587365888,8.624552959999999
67,671,Y,2540473120,8.468243733333333
95,104,N,2512940024,8.376466746666667
206,9,Y,2495992912,8.319976373333333
8,51,N,2480846888,8.269489626666667
49,521,Y,2467823080,8.226076933333333
5,171,Y,2465223616,8.217412053333334
110,1015,Y,2450546208,8.16848736
21,299,Y,2441431216,8.138104053333334
5,175,Y,2427373872,8.09124624
426,37,Y,2408654304,8.02884768
737,76,Y,2395547288,7.985157626666667
867,92,Y,2383096376,7.943654586666667
589,57,Y,2347826032,7.8260867733333335
357,28,Y,2344550776,7.815169253333333
588,57,Y,2342149784,7.807165946666666
260,16,Y,2341934720,7.806449066666667
89,846,Y,2335214448,7.784048159999999
1077,118,Y,2333944264,7.779814213333333
4,160,Y,2323392616,7.744642053333334
108,992,Y,2320942504,7.736475013333333
28,109,N,2304168672,7.6805622399999995
455,40,Y,2289044067,7.630146890000001
63,634,Y,2280219848,7.600732826666666
25,328,Y,2270818168,7.569393893333333
777,81,Y,2263497491,7.5449916366666665
123,1119,Y,2261941656,7.53980552
123,1116,Y,2256558176,7.521860586666667
65,655,Y,2248997456,7.496658186666667
48,516,Y,2240932360,7.469774533333333
995,108,Y,2224459968,7.41486656
354,28,Y,2211371040,7.3712368
3,56,N,2210574792,7.3685826400000005
1,143,Y,2176316776,7.254389253333334
920,99,Y,2175060712,7.250202373333334
22,307,Y,2165143162,7.217143873333333
762,79,Y,2162090687,7.206968956666667
15,253,Y,2121143832,7.070479440000001
881,94,Y,2111862680,7.0395422666666665
1072,118,Y,2097592512,6.99197504
610,60,Y,2080847736,6.93615912
1073,118,Y,2078177208,6.92725736
80,769,Y,2075356023,6.917853409999999
325,24,Y,2069539056,6.898463520000001
77,746,Y,2062517232,6.87505744
767,79,Y,2051108552,6.837028506666666
65,651,Y,2049028531,6.830095103333333
78,758,Y,2041001512,6.803338373333332
89,113,N,2030483080,6.7682769333333335
479,43,Y,2023730840,6.745769466666666
1000,109,Y,2016514784,6.7217159466666665
144,2,Y,2012822016,6.70940672
628,62,Y,1991864096,6.639546986666667
79,764,Y,1959933176,6.533110586666667
84,805,Y,1953763408,6.512544693333333
99,921,Y,1949348120,6.497827066666667
927,99,Y,1917793848,6.39264616
59,603,Y,1912622392,6.375407973333333
103,955,Y,1910378808,6.367929360000001
263,16,Y,1905862264,6.352874213333333
0,128,Y,1892949008,6.309830026666667
666,67,Y,1886559416,6.288531386666667
83,792,Y,1878528984,6.26176328
28,354,Y,1861233536,6.204111786666667
90,855,Y,1849414304,6.164714346666667
16,258,Y,1844926440,6.1497548
464,42,Y,1841470008,6.13823336
1145,127,Y,1839114812,6.1303827066666665
963,104,Y,1837791173,6.125970576666666
1095,120,Y,1834264056,6.11421352
919,98,Y,1826272368,6.08757456
337,26,Y,1824584120,6.081947066666666
91,861,Y,1801818360,6.0060611999999995
98,919,Y,1798164320,5.993881066666667
107,984,Y,1793004120,5.9766804
631,62,Y,1792143216,5.97381072
43,473,Y,1781537304,5.93845768
472,43,Y,1775487256,5.918290853333334
55,572,Y,1769411384,5.898037946666667
29,363,Y,1764250152,5.88083384
64,644,Y,1724453040,5.7481768
371,30,Y,1724377872,5.74792624
861,91,Y,1722743512,5.742478373333333
97,905,Y,1683961872,5.61320624
209,10,Y,1683154984,5.610516613333334
100,930,Y,1682393592,5.60797864
78,755,Y,1679471112,5.59823704
127,1151,Y,1674244784,5.580815946666666
960,104,Y,1668566376,5.56188792
29,361,Y,1667811184,5.559370613333333
401,34,Y,1665445632,5.55148544
41,462,Y,1664703248,5.549010826666667
70,691,Y,1659956920,5.533189733333333
384,32,Y,1639256904,5.46418968
43,479,Y,1635067424,5.450224746666667
5,168,Y,1634808616,5.449362053333333
849,90,Y,1631156392,5.437187973333334
77,751,Y,1621637184,5.40545728
125,1128,Y,1614516864,5.38172288
24,322,Y,1611454368,5.37151456
590,57,Y,1607769163,5.359230543333333
497,46,Y,1602935584,5.343118613333334
61,623,Y,1597932048,5.32644016
52,548,Y,1596689240,5.322297466666667
200,9,Y,1594225256,5.314084186666666
878,93,Y,1587337720,5.291125733333334
116,1059,Y,1585367872,5.2845595733333335
4,163,Y,1582593920,5.2753130666666666
1014,110,Y,1572333144,5.24111048
4,165,Y,1568419784,5.228065946666667
14,242,Y,1567924000,5.226413333333333
955,103,Y,1555637192,5.185457306666667
124,1121,Y,1554854928,5.18284976
15,254,Y,1554526776,5.1817559200000005
708,72,Y,1554257896,5.180859653333333
481,44,Y,1553520592,5.178401973333333
203,9,Y,1551060728,5.170202426666667
55,570,Y,1548602400,5.162008
723,74,Y,1546396528,5.154655093333333
60,614,Y,1545628328,5.152094426666666
164,4,Y,1536050280,5.1201676
736,76,Y,1534013192,5.113377306666667
61,618,Y,1525990472,5.086634906666666
75,734,Y,1525147632,5.08382544
105,969,Y,1523900168,5.0796672266666665
80,770,Y,1522626832,5.075422773333333
595,58,Y,1522005816,5.07335272
165,4,Y,1519296472,5.064321573333333
23,315,Y,1515207048,5.05069016
25,334,Y,1513798664,5.045995546666666
67,665,Y,1509472584,5.03157528
29,362,Y,1508070168,5.02690056
52,550,Y,1504282016,5.014273386666666
9,207,Y,1502342040,5.0078068
38,434,Y,1500104272,5.000347573333333
606,59,Y,1493749878,4.97916626
344,27,Y,1493102776,4.977009253333333
17,264,Y,1492628872,4.975429573333334
87,829,Y,1485272464,4.950908213333333
93,877,Y,1483029488,4.9434316266666665
1067,117,Y,1482918216,4.94306072
75,730,Y,1480618696,4.935395653333333
34,406,Y,1461098376,4.870327919999999
1013,110,Y,1460802568,4.869341893333334
624,62,Y,1459271248,4.864237493333333
93,879,Y,1457617848,4.85872616
696,71,Y,1454977456,4.8499248533333335
92,865,Y,1452479880,4.8415996
16,260,Y,1451279824,4.837599413333334
14,240,Y,1446390976,4.821303253333333
62,625,Y,1445774624,4.819248746666667
438,38,Y,1432417016,4.7747233866666665
65,652,Y,1431195024,4.77065008
587,57,Y,1422821208,4.7427373600000005
167,4,Y,1420610288,4.735367626666666
361,29,Y,1413363472,4.711211573333333
355,28,Y,1412526680,4.708422266666667
893,95,Y,1408354024,4.694513413333333
271,17,Y,1407993632,4.693312106666666
50,534,Y,1405523080,4.685076933333334
751,77,Y,1405266296,4.684220986666666
1035,113,Y,1405033158,4.68344386
30,370,Y,1402240040,4.6741334666666665
566,54,Y,1400693200,4.668977333333333
71,697,Y,1399958368,4.666527893333333
92,868,Y,1399267776,4.66422592
294,20,Y,1397883464,4.6596115466666665
234,13,Y,1392012424,4.640041413333333
678,68,Y,1382396784,4.60798928
187,7,Y,1378692216,4.5956407200000005
572,55,Y,1376360336,4.587867786666667
218,11,Y,1371426664,4.571422213333333
715,73,Y,1368783437,4.562611456666667
1030,112,Y,1365022264,4.550074213333334
124,1125,Y,1363848240,4.5461608
62,624,Y,1362230408,4.540768026666667
1017,111,Y,1360877056,4.536256853333334
103,952,Y,1358542048,4.528473493333333
1148,127,Y,1358145120,4.5271504
228,12,Y,1355325584,4.517751946666667
417,36,Y,1353205016,4.510683386666667
30,372,Y,1352930072,4.509766906666666
22,310,Y,1352231040,4.5074368
402,34,Y,1348765520,4.495885066666667
996,108,Y,1348477032,4.49492344
259,16,Y,1345193200,4.483977333333334
1096,121,Y,1344888616,4.482962053333334
474,43,Y,1342473568,4.474911893333333
380,31,Y,1341696440,4.472321466666666
272,18,Y,1336433680,4.454778933333333
175,5,Y,1333828432,4.446094773333333
322,24,Y,1331681392,4.438937973333333
1,138,Y,1330675008,4.43558336
797,83,Y,1327804080,4.4260136
1138,126,Y,1326600872,4.422002906666666
940,101,Y,1325899032,4.41966344
465,42,Y,1325465176,4.418217253333333
117,1070,Y,1324395920,4.414653066666667
41,458,Y,1321481240,4.4049374666666665
61,620,Y,1318617200,4.395390666666667
97,908,Y,1316581195,4.388603983333334
817,86,Y,1316313904,4.387713013333333
121,1096,Y,1316269304,4.387564346666667
152,3,Y,1312143864,4.37381288
82,788,Y,1309057176,4.3635239200000004
48,518,Y,1308723704,4.362412346666666
283,19,Y,1308597288,4.36199096
769,80,Y,1305150328,4.3505010933333335
943,101,Y,1302763904,4.3425463466666665
64,645,Y,1301568208,4.338560693333333
67,664,Y,1300578792,4.33526264
31,378,Y,1300026880,4.333422933333334
778,81,Y,1299631016,4.332103386666667
99,925,Y,1298161440,4.3272048
321,24,Y,1295795464,4.319318213333333
823,86,Y,1295114512,4.317048373333334
929,100,Y,1294397232,4.3146574399999995
90,851,Y,1293657608,4.312192026666667
58,596,Y,1293256192,4.310853973333333
72,709,Y,1292510288,4.308367626666667
75,728,Y,1290321856,4.301072853333333
451,40,Y,1289399616,4.29799872
135,0,Y,1289263448,4.297544826666667
43,475,Y,1288026752,4.2934225066666665
2,147,Y,1288005576,4.29335192
31,376,Y,1287468160,4.2915605333333335
104,964,Y,1279864672,4.266215573333334
118,1076,Y,1279821640,4.266072133333333
918,98,Y,1278245688,4.26081896
115,1052,Y,1275455320,4.251517733333333
71,699,Y,1274996711,4.249989036666666
1045,114,Y,1274924176,4.249747253333333
233,13,Y,1273321656,4.24440552
413,35,Y,1273169248,4.243897493333333
47,508,Y,1272630664,4.242102213333333
879,93,Y,1271597264,4.2386575466666665
170,5,Y,1271327344,4.237757813333333
340,26,Y,1269956224,4.233187413333334
124,1126,Y,1268231408,4.2274380266666665
79,766,Y,1257641216,4.1921373866666665
127,1145,Y,1257366336,4.19122112
585,57,Y,1255649088,4.18549696
63,639,Y,1254089232,4.1802974399999995
198,8,Y,1252742880,4.1758096
39,445,Y,1252360400,4.174534666666667
100,929,Y,1249515616,4.1650520533333335
860,91,Y,1249367864,4.164559546666666
347,27,Y,1249220928,4.16406976
11,218,Y,1246907648,4.156358826666667
933,100,Y,1246039496,4.153464986666667
119,1084,Y,1244649184,4.148830613333334
154,3,Y,1244251248,4.1475041599999996
25,330,Y,1243390568,4.144635226666667
9,200,Y,1243127778,4.14375926
1084,119,Y,1242408834,4.14136278
23,318,Y,1242230992,4.140769973333333
74,723,Y,1240629392,4.135431306666667
161,4,Y,1240151072,4.133836906666667
824,87,Y,1239645792,4.13215264
897,96,Y,1237965384,4.12655128
89,841,Y,1237409912,4.124699706666666
106,979,Y,1236222200,4.120740666666666
73,719,Y,1231933408,4.106444693333334
348,27,Y,1230150176,4.100500586666667
91,856,Y,1228195817,4.093986056666667
908,97,Y,1227475632,4.09158544
50,528,Y,1227312211,4.091040703333333
253,15,Y,1226650096,4.088833653333333
87,824,Y,1226641336,4.088804453333333
761,79,Y,1226417040,4.0880567999999995
32,384,Y,1226282056,4.087606853333333
41,460,Y,1226222272,4.0874075733333335
536,51,Y,1222992200,4.076640666666666
537,51,Y,1222865944,4.076219813333333
581,56,Y,1222494657,4.07498219
70,694,Y,1222352824,4.074509413333334
6,178,Y,1221810464,4.072701546666667
846,89,Y,1221089312,4.070297706666667
428,37,Y,1220970752,4.069902506666667
675,68,Y,1217337520,4.0577917333333335
94,887,Y,1216976536,4.056588453333333
34,407,Y,1214869192,4.049563973333333
992,108,Y,1214247600,4.047492
240,14,Y,1213306112,4.044353706666667
4,166,Y,1213034983,4.043449943333333
709,72,Y,1211069864,4.036899546666667
68,674,Y,1208618768,4.028729226666666
32,388,Y,1208305768,4.0276858933333335
456,41,Y,1208145576,4.0271519200000006
480,44,Y,1207728200,4.025760666666667
782,81,Y,1206177944,4.020593146666666
676,68,Y,1203555072,4.01185024
115,1055,Y,1202718008,4.009060026666667
110,1010,Y,1200798408,4.002661359999999
81,779,Y,1200147088,4.000490293333334
25,331,Y,1199432984,3.998109946666667
10,212,Y,1196056024,3.9868534133333333
94,883,Y,1195641160,3.985470533333333
103,957,Y,1194139288,3.9804642933333336
570,55,Y,1190697688,3.9689922933333337
52,544,Y,1190143344,3.9671444799999995
82,791,Y,1188915008,3.9630500266666666
73,718,Y,1186017224,3.9533907466666665
282,19,Y,1183163000,3.9438766666666667
430,37,Y,1182810800,3.9427026666666665
971,105,Y,1182237360,3.9407912000000005
56,577,Y,1181691096,3.93897032
52,547,Y,1177039936,3.923466453333333
7,190,Y,1173831128,3.9127704266666665
96,901,Y,1172728576,3.9090952533333336
40,455,Y,1172632720,3.9087757333333335
1110,122,Y,1171706048,3.905686826666667
256,16,Y,1170823760,3.902745866666667
507,47,Y,1169926624,3.8997554133333336
341,26,Y,1169224128,3.89741376
999,108,Y,1164798326,3.8826610866666664
159,3,Y,1164125608,3.880418693333333
658,66,Y,1163858312,3.879527706666667
116,1061,Y,1162612416,3.87537472
914,98,Y,1162567496,3.8752249866666664
962,104,Y,1162003120,3.8733437333333334
28,357,Y,1161915864,3.8730528799999995
102,945,Y,1160699552,3.868998506666667
18,276,Y,1160027744,3.8667591466666664
1066,117,Y,1159957120,3.866523733333333
591,57,Y,1159328488,3.864428293333334
578,56,Y,1159280544,3.8642684800000002
0,134,Y,1159219264,3.864064213333333
22,309,Y,1158867712,3.8628923733333336
30,371,Y,1158568285,3.8618942833333336
452,40,Y,1158363736,3.861212453333333
91,863,Y,1158132720,3.8604423999999997
728,75,Y,1157654088,3.85884696
363,29,Y,1157643536,3.8588117866666667
76,741,Y,1155660240,3.8522008000000003
521,49,Y,1155576392,3.851921306666667
184,7,Y,1154171968,3.847239893333333
169,5,Y,1154080864,3.846936213333333
57,590,Y,1153569448,3.8452314933333334
571,55,Y,1151801200,3.8393373333333334
947,102,Y,1150025128,3.8334170933333334
69,682,Y,1149795752,3.8326525066666663
97,906,Y,1148262912,3.8275430399999997
106,978,Y,1147923248,3.8264108266666668
749,77,Y,1147550936,3.8251697866666663
20,290,Y,1146295008,3.82098336
120,1092,Y,1146290264,3.820967546666667
116,1063,Y,1145266832,3.817556106666667
534,50,Y,1145201424,3.81733808
37,429,Y,1144991840,3.8166394666666665
642,64,Y,1144721152,3.8157371733333334
632,63,Y,1144475480,3.814918266666667
69,687,Y,1143745888,3.8124862933333334
118,1072,Y,1143386328,3.81128776
59,606,Y,1143372240,3.8112408
193,8,Y,1143270224,3.8109007466666664
51,541,Y,1142184328,3.807281093333333
1,136,Y,1142083200,3.806944
1090,120,Y,1141638904,3.8054630133333336
60,613,Y,1141167176,3.803890586666667
101,942,Y,1140171256,3.8005708533333333
78,759,Y,1140107112,3.8003570399999997
7,187,Y,1139034168,3.79678056
99,922,Y,1138201976,3.7940065866666663
109,1000,Y,1138156032,3.7938534400000004
122,1104,Y,1137779376,3.79259792
457,41,Y,1137609888,3.79203296
1114,123,Y,1136183360,3.787277866666667
499,46,Y,1134952840,3.7831761333333334
997,108,Y,1133723128,3.7790770933333335
54,565,Y,1133685816,3.77895272
1133,125,Y,1133613568,3.7787118933333335
544,52,Y,1132942624,3.7764754133333334
573,55,Y,1132919200,3.776397333333333
85,809,Y,1132912240,3.776374133333334
192,8,Y,1132753848,3.77584616
802,84,Y,1132489288,3.7749642933333334
403,34,Y,1131014888,3.7700496266666668
18,273,Y,1130716904,3.769056346666667
20,289,Y,1128271496,3.7609049866666666
12,230,Y,1127931480,3.7597716000000005
38,438,Y,1127072336,3.756907786666667
818,86,Y,1126778144,3.755927146666667
20,295,Y,1126672504,3.7555750133333334
117,1065,Y,1125283984,3.7509466133333333
11,221,Y,1124623376,3.748744586666666
448,40,Y,1122562496,3.741874986666667
232,13,Y,1121566968,3.7385565599999997
352,28,Y,1114935608,3.7164520266666665
6,179,Y,1114519320,3.7150643999999997
584,57,Y,1112967346,3.7098911533333334
108,997,Y,1112697128,3.708990426666667
214,10,Y,1112530456,3.7084348533333333
56,581,Y,1107872584,3.692908613333333
306,22,Y,1106317104,3.68772368
4,167,Y,1104680944,3.682269813333333
27,344,Y,1104410368,3.681367893333334
95,892,Y,1104362448,3.6812081599999997
406,34,Y,1102696104,3.6756536800000004
956,103,Y,1102426408,3.6747546933333335
54,562,Y,1102045624,3.6734854133333337
525,49,Y,1102032480,3.6734416
662,66,Y,1101696272,3.6723209066666667
70,692,Y,1099938320,3.666461066666667
685,69,Y,1099314088,3.664380293333333
734,75,Y,1098538336,3.6617944533333335
982,106,Y,1097483472,3.65827824
1120,124,Y,1096975296,3.6565843200000003
10,213,Y,1096835016,3.65611672
504,47,Y,1096144016,3.653813386666667
673,68,Y,1094500200,3.648334
916,98,Y,1093967328,3.64655776
121,1100,Y,1093883304,3.64627768
540,51,Y,1093188176,3.643960586666667
86,816,Y,1093129904,3.6437663466666668
1070,117,Y,1092501568,3.6416718933333336
308,22,Y,1092312032,3.641040106666667
63,633,Y,1091880304,3.639601013333333
59,600,Y,1091794824,3.63931608
575,55,Y,1086878760,3.6229292
278,18,Y,1086875458,3.622918193333333
84,800,Y,1086004552,3.620015173333333
106,976,Y,1085832080,3.6194402666666665
296,21,Y,1082034064,3.6067802133333333
52,546,Y,1082011648,3.6067054933333336
520,49,Y,1080658688,3.602195626666667
381,31,Y,1079373832,3.597912773333333
231,12,Y,1077132952,3.590443173333333
274,18,Y,1074276616,3.580922053333333
127,1148,Y,1074126752,3.580422506666667
77,745,Y,1073031536,3.576771786666667
467,42,Y,1072740520,3.575801733333334
910,97,Y,1072223338,3.5740777933333336
1057,116,Y,1072033928,3.573446426666667
819,86,Y,1071432912,3.5714430399999997
106,981,Y,1070128504,3.5670950133333332
704,72,Y,1069872600,3.566242
112,1025,Y,1069068160,3.5635605333333333
117,1066,Y,1069024968,3.5634165600000003
98,912,Y,1067090336,3.556967786666667
484,44,Y,1067036416,3.5567880533333334
116,1060,Y,1066243528,3.5541450933333336
149,2,Y,1065384816,3.55128272
915,98,Y,1064400544,3.5480018133333333
126,1140,Y,1063565008,3.5452166933333333
47,511,Y,1060267080,3.5342236
16,261,Y,1059863696,3.5328789866666668
291,20,Y,1059050352,3.5301678400000003
837,88,Y,1058934688,3.5297822933333336
303,21,Y,1058914040,3.5297134666666667
779,81,Y,1058854840,3.5295161333333334
972,105,Y,1058609984,3.528699946666667
952,103,Y,1057945560,3.5264851999999998
738,76,Y,1057676736,3.5255891200000002
987,107,Y,1057226064,3.52408688
555,53,Y,1056914968,3.5230498933333334
42,466,Y,1056032056,3.520106853333333
900,96,Y,1055935248,3.5197841600000004
93,878,Y,1054742520,3.5158084
768,80,Y,1053254096,3.5108469866666665
744,77,Y,1052165416,3.5072180533333333
205,9,Y,1050863336,3.5028777866666667
28,358,Y,1048806504,3.49602168
703,71,Y,1048382544,3.49460848
558,53,Y,1047583160,3.4919438666666665
19,283,Y,1047506928,3.4916897600000003
0,130,Y,1046374936,3.4879164533333333
382,31,Y,1046342262,3.48780754
1053,115,Y,1046051200,3.4868373333333333
16,262,Y,1045898256,3.48632752
421,36,Y,1045688384,3.485627946666667
96,900,Y,1044897520,3.4829917333333333
101,939,Y,1044661792,3.4822059733333335
112,1027,Y,1044109928,3.4803664266666665
17,266,Y,1043040024,3.47680008
55,573,Y,1042905096,3.47635032
109,1002,Y,1042667320,3.4755577333333334
49,523,Y,1041253616,3.470845386666667
366,29,Y,1040393352,3.46797784
5,174,Y,1040134960,3.467116533333333
1147,127,Y,1040111824,3.467039413333333
1043,114,Y,1039067568,3.4635585599999996
100,934,Y,1038953376,3.4631779199999997
419,36,Y,1038907320,3.4630243999999997
176,6,Y,1038696672,3.46232224
67,669,Y,1038529624,3.4617654133333335
105,973,Y,1038523792,3.4617459733333336
476,43,Y,1038468472,3.4615615733333334
11,222,Y,1037514080,3.458380266666667
379,31,Y,1037419752,3.4580658399999997
526,49,Y,1036938112,3.456460373333333
131,0,Y,1034924496,3.44974832
858,91,Y,1034095248,3.4469841600000004
102,951,Y,1033914656,3.446382186666667
912,98,Y,1033782728,3.4459424266666665
47,505,Y,1032138448,3.4404614933333333
607,59,Y,1032110288,3.4403676266666667
1003,109,Y,1031724680,3.439082266666667
1139,126,Y,1031093856,3.4369795199999995
59,601,Y,1030956048,3.4365201599999997
975,105,Y,1030536088,3.435120293333333
264,17,Y,1030162836,3.43387612
1119,123,Y,1029957472,3.4331915733333336
863,91,Y,1028936376,3.42978792
732,75,Y,1028423696,3.4280789866666668
550,52,Y,1027509336,3.4250311200000003
938,101,Y,1026827720,3.422759066666667
57,587,Y,1023940520,3.4131350666666664
46,499,Y,1023490376,3.4116345866666666
694,70,Y,1022397664,3.407992213333334
894,95,Y,1021931192,3.4064373066666667
1124,124,Y,1021598200,3.4053273333333336
14,241,Y,1021454968,3.404849893333333
157,3,Y,1021243408,3.404144693333333
34,403,Y,1019959800,3.399866
901,96,Y,1018882640,3.3962754666666664
1065,117,Y,1018066144,3.393553813333333
623,61,Y,1016550656,3.3885021866666665
8,195,Y,1016342864,3.387809546666667
123,1113,Y,1016326624,3.3877554133333336
126,1138,Y,1014872264,3.3829075466666665
3,153,Y,1013312464,3.377708213333333
740,76,Y,1012547824,3.3751594133333334
45,491,Y,1012473872,3.3749129066666668
52,551,Y,1012270272,3.37423424
48,514,Y,1012077448,3.3735914933333335
292,20,Y,1012003896,3.37334632
11,217,Y,1011822088,3.372740293333333
98,914,Y,1011564112,3.371880373333333
75,732,Y,1011068856,3.37022952
446,39,Y,1010382992,3.3679433066666666
213,10,Y,1009425768,3.36475256
1041,114,Y,1009345568,3.3644852266666665
328,25,Y,1009324200,3.3644140000000005
102,944,Y,1009127128,3.363757093333333
126,1136,Y,1008297848,3.3609928266666667
202,9,Y,1006941168,3.35647056
745,77,Y,1006481744,3.3549391466666667
26,339,Y,1005116840,3.3503894666666665
1127,124,Y,1005003824,3.3500127466666667
56,578,Y,1004565920,3.3485530666666667
125,1134,Y,1004380440,3.3479348
44,484,Y,1003672112,3.3455737066666664
80,774,Y,1003577856,3.34525952
3,156,Y,1002878480,3.342928266666666
181,6,Y,1002625584,3.3420852799999996
475,43,Y,1001612216,3.3387073866666666
792,83,Y,1001589768,3.33863256
554,53,Y,1000818648,3.33606216
683,69,Y,1000267208,3.334224026666667
18,274,Y,999574696,3.331915653333333
65,648,Y,998702656,3.3290088533333333
495,45,Y,998418408,3.32806136
57,589,Y,997951776,3.3265059200000002
88,834,Y,995871528,3.31957176
553,53,Y,995633504,3.318778346666667
13,236,Y,995378648,3.317928826666667
141,1,Y,994961448,3.3165381600000003
1062,116,Y,994759056,3.31586352
643,64,Y,994632120,3.3154404
113,1038,Y,994268160,3.3142272
359,28,Y,994133336,3.313777786666667
1126,124,Y,994047368,3.3134912266666663
83,796,Y,992601312,3.3086710399999997
275,18,Y,990453824,3.301512746666667
378,31,Y,989236688,3.297455626666667
1118,123,Y,989211072,3.29737024
469,42,Y,989171214,3.2972373800000003
876,93,Y,987918792,3.2930626400000005
932,100,Y,986283024,3.2876100800000003
127,1144,Y,986230840,3.2874361333333333
757,78,Y,986143256,3.287144186666666
342,26,Y,984508520,3.2816950666666664
235,13,Y,984364584,3.28121528
1069,117,Y,984214968,3.28071656
1094,120,Y,984058896,3.28019632
407,34,Y,983908364,3.2796945466666663
613,60,Y,983738416,3.2791280533333333
8,196,Y,983568424,3.2785614133333336
1047,114,Y,982666368,3.27555456
722,74,Y,982601520,3.2753384000000003
72,705,Y,982305184,3.2743506133333335
1141,126,Y,982027560,3.2734251999999997
721,74,Y,981930776,3.2731025866666665
120,1093,Y,981114440,3.2703814666666666
81,781,Y,980991448,3.2699714933333333
764,79,Y,979992064,3.2666402133333334
182,6,Y,979781400,3.2659380000000002
48,513,Y,979697112,3.2656570400000002
774,80,Y,979482672,3.2649422400000003
780,81,Y,978645304,3.262151013333333
753,78,Y,977388552,3.25796184
830,87,Y,974862328,3.2495410933333337
33,399,Y,974717056,3.2490568533333333
114,1047,Y,974308568,3.2476952266666665
331,25,Y,974200976,3.2473365866666666
1023,111,Y,973845032,3.2461501066666667
376,31,Y,973683856,3.2456128533333337
78,757,Y,973343784,3.2444792799999997
42,464,Y,973075632,3.24358544
60,608,Y,973038024,3.2434600799999997
656,66,Y,972295304,3.2409843466666666
1135,125,Y,971868936,3.2395631199999997
747,77,Y,971670456,3.23890152
707,72,Y,971569144,3.238563813333333
44,485,Y,970689992,3.2356333066666667
62,626,Y,970606944,3.2353564799999996
442,39,Y,970233720,3.2341124
45,494,Y,969859414,3.232864713333333
12,225,Y,969845424,3.2328180800000004
47,506,Y,969749640,3.2324988
29,365,Y,969655824,3.23218608
746,77,Y,969146064,3.23048688
45,488,Y,969016152,3.23005384
514,48,Y,968591104,3.228637013333333
290,20,Y,968375456,3.2279181866666664
26,341,Y,968061640,3.2268721333333334
414,35,Y,967406568,3.2246885599999997
178,6,Y,967308792,3.2243626400000003
118,1077,Y,966038408,3.2201280266666665
2,144,Y,965581208,3.2186040266666667
51,537,Y,965456366,3.2181878866666667
1,142,Y,964428928,3.214763093333333
307,22,Y,962936544,3.20978848
68,678,Y,962167288,3.2072242933333337
309,22,Y,961802992,3.2060099733333334
117,1064,Y,961481080,3.2049369333333333
80,771,Y,961229592,3.2040986399999998
1015,110,Y,960634584,3.20211528
54,563,Y,960425784,3.20141928
63,636,Y,959576264,3.198587546666667
88,839,Y,959440832,3.1981361066666665
7,185,Y,959125280,3.197084266666667
105,971,Y,958568665,3.1952288833333333
314,23,Y,958043913,3.19347971
998,108,Y,957263112,3.19087704
30,368,Y,957232656,3.19077552
432,38,Y,956497928,3.188326426666667
79,761,Y,955662552,3.18554184
104,966,Y,955168408,3.1838946933333334
47,504,Y,954647856,3.18215952
219,11,Y,953332456,3.177774853333333
45,492,Y,952618712,3.1753957066666665
21,298,Y,952143440,3.1738114666666664
66,663,Y,951508648,3.1716954933333334
978,106,Y,951229328,3.1707644266666666
81,783,Y,950288136,3.16762712
106,983,Y,949876160,3.166253866666666
69,683,Y,949571576,3.165238586666667
655,65,Y,949116648,3.1637221600000003
45,490,Y,948059784,3.16019928
396,33,Y,947823120,3.1594103999999996
177,6,Y,947487688,3.1582922933333335
229,12,Y,947369952,3.1578998400000002
512,48,Y,946989096,3.15663032
289,20,Y,946793056,3.155976853333333
556,53,Y,946636976,3.155456586666667
12,224,Y,943532312,3.145107706666667
988,107,Y,943459584,3.14486528
111,1019,Y,943212360,3.1440412
7,184,Y,943159680,3.1438656000000003
53,553,Y,942766880,3.1425562666666664
1025,112,Y,942757064,3.142523546666667
121,1097,Y,942639208,3.142130693333333
389,32,Y,941649232,3.1388307733333334
57,586,Y,941506784,3.138355946666667
730,75,Y,941492032,3.1383067733333334
124,1122,Y,940792000,3.1359733333333333
180,6,Y,940085512,3.1336183733333334
6,183,Y,938980568,3.1299352266666665
73,712,Y,938668720,3.128895733333333
112,1029,Y,938481616,3.1282720533333337
38,437,Y,937752152,3.125840506666667
160,4,Y,937203432,3.1240114400000003
299,21,Y,937044776,3.1234825866666664
76,743,Y,937018560,3.1233952
113,1034,Y,936452392,3.1215079733333333
82,789,Y,936295736,3.1209857866666666
36,421,Y,935917960,3.1197265333333335
851,90,Y,935494896,3.11831632
55,571,Y,935170280,3.1172342666666664
4,161,Y,934813568,3.1160452266666665
70,695,Y,934108472,3.1136949066666664
27,347,Y,933985584,3.11328528
49,524,Y,933186672,3.11062224
630,62,Y,933182440,3.1106081333333333
551,52,Y,933017288,3.1100576266666664
119,1081,Y,931650712,3.105502373333333
502,46,Y,931640040,3.1054668
215,10,Y,931443632,3.1048121066666665
87,826,Y,931363768,3.1045458933333334
820,86,Y,930808056,3.1026935200000003
19,284,Y,930708000,3.10236
118,1074,Y,930380872,3.1012695733333335
921,99,Y,930372288,3.1012409599999997
191,7,Y,930267920,3.1008930666666665
71,702,Y,929942016,3.09980672
123,1114,Y,929720088,3.09906696
285,19,Y,929635808,3.0987860266666667
14,244,Y,929256616,3.0975220533333334
546,52,Y,927784688,3.092615626666667
72,710,Y,927280184,3.090933946666667
41,461,Y,927223472,3.0907449066666666
1125,124,Y,926863864,3.089546213333333
542,51,Y,926568432,3.08856144
168,5,Y,926380208,3.087934026666667
466,42,Y,926030992,3.0867699733333334
17,267,Y,926006448,3.08668816
1064,117,Y,925823024,3.086076746666667
375,30,Y,925721928,3.08573976
90,850,Y,925721600,3.085738666666667
605,59,Y,925503088,3.0850102933333337
755,78,Y,925299528,3.08433176
936,101,Y,925096920,3.0836564
114,1046,Y,924862888,3.0828762933333334
35,410,Y,924796104,3.08265368
576,56,Y,924490800,3.081636
6,176,Y,924231144,3.08077048
814,85,Y,924135432,3.08045144
126,1137,Y,923955176,3.079850586666667
387,32,Y,923930712,3.07976904
119,1086,Y,923900968,3.0796698933333335
29,366,Y,923779208,3.079264026666667
194,8,Y,923728184,3.0790939466666667
59,604,Y,923044105,3.0768136833333335
103,958,Y,922621512,3.07540504
92,866,Y,922592192,3.0753073066666667
565,54,Y,922523208,3.07507736
20,291,Y,922468536,3.07489512
60,615,Y,921934504,3.073115013333333
124,1120,Y,921239336,3.0707977866666667
17,268,Y,921232472,3.0707749066666667
859,91,Y,920163152,3.0672105066666666
13,235,Y,920109528,3.06703176
81,777,Y,919799381,3.0659979366666668
1122,124,Y,919796104,3.0659870133333333
593,58,Y,919249904,3.0641663466666667
1104,122,Y,917128728,3.05709576
391,32,Y,916804176,3.05601392
74,722,Y,916658672,3.055528906666667
2,145,Y,916555432,3.0551847733333335
907,97,Y,915161424,3.05053808
72,708,Y,914715016,3.049050053333333
625,62,Y,914213448,3.04737816
582,56,Y,914018760,3.0467292
119,1082,Y,913803056,3.0460101866666665
265,17,Y,913237960,3.0441265333333334
76,736,Y,913001256,3.04333752
23,316,Y,912776168,3.042587226666667
71,696,Y,912275920,3.0409197333333333
104,961,Y,910507080,3.0350235999999997
93,873,Y,910118272,3.033727573333333
370,30,Y,909018944,3.0300631466666665
130,0,Y,908537560,3.028458533333333
28,352,Y,908430832,3.0281027733333334
1051,115,Y,908237480,3.0274582666666667
592,58,Y,907938320,3.0264610666666667
22,311,Y,907542072,3.02514024
316,23,Y,907330704,3.02443568
928,100,Y,905408632,3.018028773333333
111,1023,Y,904892048,3.0163068266666664
57,588,Y,904595728,3.0153190933333334
61,621,Y,904410536,3.0147017866666665
527,49,Y,904191160,3.013970533333333
21,296,Y,904068488,3.0135616266666667
1032,113,Y,903630720,3.0121024
98,913,Y,903085560,3.0102851999999998
946,102,Y,902804424,3.00934808
89,844,Y,902708256,3.00902752
96,898,Y,902433416,3.0081113866666667
110,1012,Y,902080336,3.0069344533333333
596,58,Y,902078704,3.006929013333333
16,257,Y,901713776,3.0057125866666667
599,58,Y,901505760,3.0050192
1123,124,Y,900534360,3.0017812
111,1017,Y,900460648,3.0015354933333334
11,223,Y,900128008,3.0004266933333334
986,107,Y,899934552,2.9997818400000003
327,24,Y,899701456,2.9990048533333336
47,507,Y,899591880,2.9986395999999997
53,554,Y,898962448,2.9965414933333334
89,847,Y,898536472,2.9951215733333334
645,64,Y,898506888,2.99502296
492,45,Y,898498984,2.994996613333333
653,65,Y,898336472,2.994454906666667
477,43,Y,898279572,2.99426524
244,14,Y,898206168,2.99402056
27,348,Y,897955048,2.993183493333333
784,82,Y,897834296,2.9927809866666664
904,97,Y,897731000,2.992436666666667
66,661,Y,897250360,2.990834533333333
505,47,Y,896321104,2.9877370133333336
1144,127,Y,895869232,2.9862307733333333
124,1123,Y,895475552,2.9849185066666664
1088,120,Y,895042840,2.9834761333333333
110,1014,Y,894945216,2.98315072
50,530,Y,894909192,2.98303064
21,297,Y,894788528,2.9826284266666665
19,285,Y,894570424,2.981901413333333
54,561,Y,892358712,2.9745290399999997
6,181,Y,892259360,2.9741978666666666
39,442,Y,892203584,2.974011946666667
620,61,Y,891939776,2.9731325866666665
522,49,Y,891934656,2.9731155200000003
539,51,Y,891909824,2.9730327466666666
108,995,Y,891766896,2.97255632
2,150,Y,890619904,2.9687330133333334
46,498,Y,890079712,2.966932373333333
27,346,Y,889836264,2.96612088
83,797,Y,889608136,2.965360453333333
1098,121,Y,889014000,2.96338
373,30,Y,888940696,2.9631356533333335
113,1039,Y,888770024,2.9625667466666665
125,1132,Y,888399080,2.9613302666666668
97,909,Y,887781744,2.95927248
223,11,Y,887460712,2.9582023733333336
8,192,Y,887419272,2.95806424
64,647,Y,887375536,2.9579184533333334
56,579,Y,886805008,2.9560166933333334
31,377,Y,886621912,2.9554063733333336
702,71,Y,886513848,2.95504616
388,32,Y,886502588,2.955008626666667
267,17,Y,885308640,2.9510288
257,16,Y,885117240,2.9503908
126,1139,Y,885039944,2.9501331466666665
32,386,Y,884519592,2.9483986399999997
1115,123,Y,884395746,2.94798582
811,85,Y,884343520,2.9478117333333334
72,704,Y,884068824,2.94689608
16,256,Y,883914344,2.9463811466666665
841,89,Y,883744008,2.94581336
73,717,Y,883458464,2.944861546666667
38,439,Y,883282656,2.94427552
100,933,Y,883188200,2.9439606666666664
109,1003,Y,883187408,2.943958026666667
349,27,Y,883180144,2.9439338133333335
114,1045,Y,883122680,2.943742266666667
173,5,Y,882708720,2.9423624
46,501,Y,882686376,2.94228792
104,960,Y,882565256,2.9418841866666665
993,108,Y,882219688,2.9407322933333333
51,538,Y,882068960,2.940229866666667
10,211,Y,881925120,2.9397504000000003
58,593,Y,881759064,2.93919688
85,812,Y,881527904,2.9384263466666667
37,431,Y,880084904,2.9336163466666667
470,42,Y,880067112,2.93355704
101,943,Y,879989080,2.933296933333333
118,1073,Y,879957760,2.9331925333333335
24,327,Y,879625280,2.9320842666666667
773,80,Y,879185624,2.9306187466666667
1092,120,Y,879170664,2.93056888
22,304,Y,878934448,2.9297814933333335
1137,126,Y,878791432,2.9293047733333335
118,1078,Y,878314784,2.927715946666667
485,44,Y,878200736,2.9273357866666667
564,54,Y,878196288,2.92732096
148,2,Y,878038208,2.9267940266666668
32,390,Y,877997672,2.926658906666667
14,243,Y,877795736,2.9259857866666668
617,61,Y,877660792,2.9255359733333335
815,85,Y,877495993,2.9249866433333334
9,205,Y,876439264,2.9214642133333335
96,897,Y,875885648,2.9196188266666665
798,83,Y,875506984,2.9183566133333336
26,340,Y,874433312,2.9147777066666665
880,94,Y,874014032,2.9133801066666667
242,14,Y,873739104,2.91246368
3,152,Y,873371552,2.911238506666667
37,425,Y,873335816,2.9111193866666665
35,415,Y,873311248,2.911037493333333
9,201,Y,873270840,2.9109027999999997
76,739,Y,872357040,2.9078568
1078,118,Y,872210664,2.90736888
82,784,Y,872160552,2.90720184
37,430,Y,871268664,2.90422888
84,807,Y,871145120,2.903817066666667
105,970,Y,871001480,2.9033382666666667
125,1130,Y,870850936,2.9028364533333333
515,48,Y,870471360,2.9015712
109,1004,Y,868979808,2.89659936
94,880,Y,868224576,2.89408192
55,575,Y,868169296,2.8938976533333336
427,37,Y,868097104,2.8936570133333332
953,103,Y,868044568,2.893481893333333
84,801,Y,867603112,2.8920103733333336
1039,113,Y,866795080,2.8893169333333333
115,1051,Y,866729656,2.889098853333333
48,517,Y,866714880,2.8890496000000003
86,819,Y,866433624,2.88811208
66,662,Y,865824328,2.8860810933333334
618,61,Y,865479528,2.88493176
445,39,Y,864048128,2.8801604266666665
548,52,Y,863940176,2.8798005866666667
813,85,Y,863572464,2.87857488
79,767,Y,863309496,2.8776983200000004
104,967,Y,863056608,2.87685536
1011,110,Y,862628088,2.87542696
102,948,Y,862605520,2.8753517333333334
545,52,Y,862506528,2.87502176
101,937,Y,862489224,2.87496408
473,43,Y,862061208,2.87353736
91,860,Y,861644440,2.8721481333333334
2,149,Y,861354848,2.871182826666667
69,685,Y,860604192,2.86868064
100,932,Y,860518312,2.8683943733333335
125,1129,Y,860367928,2.867893093333333
104,965,Y,860237704,2.8674590133333333
34,400,Y,859492248,2.86497416
110,1008,Y,859340000,2.8644666666666665
619,61,Y,859143088,2.863810293333333
857,91,Y,859059800,2.8635326666666665
220,11,Y,858703864,2.8623462133333333
1018,111,Y,858175240,2.8605841333333335
53,559,Y,858059312,2.8601977066666664
30,374,Y,857859936,2.85953312
25,335,Y,856868920,2.8562297333333335
31,380,Y,856703632,2.855678773333333
333,25,Y,856353608,2.854512026666667
138,1,Y,856336816,2.854456053333333
13,238,Y,856288712,2.8542957066666665
243,14,Y,855954288,2.85318096
1026,112,Y,855819696,2.85273232
41,457,Y,855761776,2.852539253333333
111,1018,Y,855753272,2.8525109066666667
36,420,Y,855671456,2.8522381866666664
743,76,Y,854859784,2.8495326133333334
128,0,Y,854818984,2.8493966133333335
230,12,Y,854713768,2.8490458933333334
615,60,Y,854571368,2.848571226666667
97,911,Y,854394988,2.8479832933333333
416,36,Y,854178512,2.8472617066666666
383,31,Y,853977648,2.84659216
44,481,Y,853816248,2.84605416
114,1043,Y,852836960,2.8427898666666667
107,985,Y,852803416,2.8426780533333336
974,105,Y,852646368,2.84215456
93,872,Y,852345072,2.84115024
99,927,Y,851876216,2.8395873866666665
76,740,Y,851345264,2.8378175466666664
5,173,Y,851274968,2.8375832266666667
627,62,Y,851173680,2.8372456
6,177,Y,850818832,2.8360627733333335
1059,116,Y,850662504,2.83554168
156,3,Y,850486904,2.834956346666667
102,947,Y,850453752,2.83484584
39,447,Y,850313792,2.834379306666667
145,2,Y,850189208,2.8339640266666666
197,8,Y,849270896,2.8309029866666666
93,876,Y,848921432,2.8297381066666665
185,7,Y,848894952,2.82964984
201,9,Y,848614368,2.82871456
926,99,Y,848509240,2.8283641333333334
490,45,Y,848483856,2.8282795199999997
211,10,Y,847671056,2.8255701866666665
0,133,Y,847474312,2.8249143733333333
362,29,Y,847408704,2.82469568
39,444,Y,847291600,2.8243053333333332
460,41,Y,846774432,2.82258144
911,97,Y,845967808,2.8198926933333333
682,69,Y,845803152,2.81934384
771,80,Y,845620920,2.8187364
73,716,Y,845091776,2.8169725866666666
42,465,Y,844994840,2.8166494666666666
647,64,Y,844845384,2.81615128
393,33,Y,844800848,2.816002826666667
84,802,Y,844531448,2.8151048266666665
831,87,Y,844012944,2.81337648
96,903,Y,843701160,2.8123372
28,353,Y,843547096,2.811823653333333
87,827,Y,843238792,2.810795973333333
33,397,Y,843128688,2.81042896
273,18,Y,842804744,2.8093491466666665
358,28,Y,842760808,2.8092026933333334
49,527,Y,842063936,2.8068797866666664
493,45,Y,841631224,2.8054374133333333
62,628,Y,841557192,2.80519064
776,81,Y,841036792,2.803455973333333
36,423,Y,840817120,2.8027237333333335
122,1106,Y,840470864,2.801569546666667
68,672,Y,840443568,2.80147856
28,359,Y,840359088,2.80119696
1082,119,Y,839922128,2.799740426666667
670,67,Y,839774192,2.7992473066666665
923,99,Y,838790912,2.795969706666667
418,36,Y,838595248,2.7953174933333336
21,301,Y,838097920,2.7936597333333335
557,53,Y,837880768,2.792935893333333
58,599,Y,837839032,2.7927967733333334
18,272,Y,837580064,2.791933546666667
121,1103,Y,836841200,2.789470666666667
1,139,Y,836631824,2.788772746666667
984,107,Y,836511216,2.78837072
724,74,Y,836484360,2.7882812
1021,111,Y,836205352,2.787351173333333
531,50,Y,836023328,2.7867444266666666
26,342,Y,835647128,2.7854904266666667
48,515,Y,835126352,2.783754506666667
195,8,Y,834410456,2.7813681866666666
171,5,Y,834179888,2.7805996266666666
103,954,Y,834179424,2.7805980800000003
250,15,Y,833947416,2.77982472
125,1133,Y,833465560,2.7782185333333334
1024,112,Y,833000456,2.7766681866666665
828,87,Y,832951816,2.7765060533333332
1060,116,Y,832911024,2.77637008
246,14,Y,832812160,2.7760405333333336
46,500,Y,832735744,2.7757858133333335
583,56,Y,831817456,2.772724853333333
1103,121,Y,831791624,2.7726387466666664
1055,115,Y,831756360,2.7725212
368,30,Y,831533464,2.7717782133333335
420,36,Y,831296400,2.770988
1089,120,Y,831231688,2.7707722933333336
713,73,Y,831199792,2.770665973333333
781,81,Y,831160233,2.77053411
142,1,Y,831051472,2.770171573333333
748,77,Y,830190384,2.76730128
31,379,Y,830066808,2.76688936
36,417,Y,830028568,2.7667618933333333
621,61,Y,829694416,2.7656480533333334
636,63,Y,829677592,2.765591973333333
51,539,Y,829546864,2.7651562133333334
25,333,Y,829458264,2.7648608799999996
42,470,Y,829373544,2.76457848
45,489,Y,829215544,2.7640518133333334
196,8,Y,828779120,2.7625970666666664
99,920,Y,828476726,2.7615890866666666
304,22,Y,828302008,2.7610066933333335
49,522,Y,827321832,2.75773944
896,96,Y,827165320,2.7572177333333334
786,82,Y,827053008,2.75684336
346,27,Y,826956736,2.756522453333333
17,265,Y,826487072,2.754956906666667
848,90,Y,826359111,2.75453037
87,830,Y,826319728,2.7543990933333333
46,503,Y,826289424,2.75429808
1049,115,Y,826213552,2.754045173333333
36,416,Y,825841400,2.7528046666666666
459,41,Y,825701752,2.752339173333333
665,67,Y,825691496,2.7523049866666667
91,858,Y,825527272,2.7517575733333333
74,727,Y,825303330,2.7510111
62,627,Y,825150416,2.7505013866666665
33,392,Y,824986296,2.74995432
958,103,Y,824629488,2.74876496
60,610,Y,823984428,2.74661476
843,89,Y,823584952,2.745283173333333
137,1,Y,823475376,2.74491792
26,338,Y,822784312,2.7426143733333332
608,60,Y,822508866,2.7416962199999997
616,61,Y,822386640,2.7412888
116,1062,Y,822359064,2.74119688
14,247,Y,821992608,2.73997536
126,1142,Y,821951880,2.7398396
82,790,Y,821837440,2.7394581333333337
1046,114,Y,821780824,2.739269413333333
34,405,Y,821422288,2.7380742933333333
518,48,Y,821127232,2.7370907733333336
43,478,Y,820980038,2.7366001266666666
58,594,Y,820582288,2.735274293333333
101,936,Y,820493280,2.7349776
103,956,Y,820169336,2.7338977866666667
120,1095,Y,820018488,2.73339496
67,668,Y,819744840,2.7324828
501,46,Y,819408184,2.7313606133333335
804,84,Y,819375584,2.7312519466666667
1033,113,Y,818331416,2.727771386666667
1117,123,Y,817864360,2.7262145333333336
85,810,Y,817693904,2.7256463466666667
758,78,Y,817318504,2.7243950133333334
660,66,Y,817236472,2.7241215733333335
552,53,Y,817206072,2.72402024
482,44,Y,817102912,2.7236763733333333
120,1088,Y,817064424,2.72354808
127,1150,Y,816789504,2.72263168
11,220,Y,816751736,2.7225057866666664
19,280,Y,816730360,2.7224345333333333
453,40,Y,816706848,2.7223561600000004
44,482,Y,815964728,2.7198824266666666
1131,125,Y,815732976,2.7191099199999997
324,24,Y,815687208,2.71895736
139,1,Y,815563282,2.7185442733333334
298,21,Y,815545376,2.718484586666667
5,169,Y,815526456,2.71842152
1146,127,Y,815473632,2.71824544
651,65,Y,815331648,2.71777216
693,70,Y,815179656,2.7172655199999998
821,86,Y,815098008,2.71699336
115,1050,Y,815089488,2.7169649600000003
1007,109,Y,814536632,2.7151221066666666
10,209,Y,814236832,2.714122773333333
794,83,Y,814159064,2.713863546666667
385,32,Y,814082464,2.7136082133333335
408,35,Y,813843448,2.712811493333333
14,245,Y,813625760,2.712085866666667
443,39,Y,813598104,2.71199368
1038,113,Y,813410192,2.711367306666667
970,105,Y,813365616,2.7112187199999997
399,33,Y,813333744,2.71111248
845,89,Y,813177520,2.710591733333333
186,7,Y,812859104,2.709530346666667
51,540,Y,812825432,2.709418106666667
126,1141,Y,812707128,2.70902376
4,164,Y,812654688,2.70884896
852,90,Y,812499560,2.7083318666666667
113,1035,Y,812351880,2.7078396000000002
873,93,Y,812336912,2.7077897066666665
107,989,Y,811602112,2.705340373333333
27,349,Y,811319888,2.7043996266666666
73,713,Y,810908736,2.70302912
95,893,Y,810506032,2.7016867733333334
350,27,Y,810500512,2.7016683733333333
390,32,Y,810269056,2.7008968533333335
112,1026,Y,809623280,2.6987442666666666
44,486,Y,809222760,2.6974092
120,1091,Y,808392688,2.694642293333333
18,277,Y,808234392,2.69411464
66,657,Y,807983760,2.6932792
288,20,Y,807599824,2.6919994133333334
91,859,Y,807501928,2.6916730933333333
122,1111,Y,806864544,2.68954848
80,768,Y,806651568,2.6888385599999998
31,382,Y,806538120,2.6884604
976,106,Y,806076688,2.686922293333333
392,33,Y,806070584,2.6869019466666666
1129,125,Y,805663680,2.6855456
68,675,Y,805655256,2.6855175200000003
712,73,Y,805556544,2.68518848
1022,111,Y,805300032,2.6843334399999996
90,852,Y,804800456,2.6826681866666666
127,1146,Y,804733896,2.68244632
85,808,Y,804499208,2.6816640266666667
756,78,Y,804351202,2.6811706733333334
395,33,Y,804046000,2.680153333333333
959,103,Y,803420107,2.6780670233333335
12,227,Y,803374960,2.6779165333333332
18,275,Y,802996584,2.67665528
127,1147,Y,802982792,2.6766093066666667
76,737,Y,802741992,2.67580664
133,0,Y,802582712,2.6752757066666666
39,441,Y,802022776,2.6734092533333333
17,270,Y,801833336,2.672777786666667
21,300,Y,801725824,2.6724194133333334
87,825,Y,801693872,2.672312906666667
652,65,Y,801666568,2.6722218933333335
123,1115,Y,801076960,2.6702565333333332
826,87,Y,800902368,2.66967456
847,89,Y,800610520,2.668701733333333
644,64,Y,800518200,2.668394
424,37,Y,800341624,2.6678054133333333
77,749,Y,800180992,2.667269973333333
44,483,Y,799622232,2.66540744
985,107,Y,799483368,2.66494456
809,85,Y,799476584,2.6649219466666665
62,630,Y,799159881,2.6638662699999998
51,543,Y,798745192,2.6624839733333334
106,982,Y,798113528,2.6603784266666666
57,584,Y,797459536,2.658198453333333
126,1143,Y,797376528,2.65792176
89,843,Y,797236792,2.657455973333333
870,92,Y,797132240,2.6571074666666665
444,39,Y,797091248,2.6569708266666665
877,93,Y,796025984,2.6534199466666664
437,38,Y,795808728,2.6526957600000003
78,752,Y,795800144,2.6526671466666665
120,1090,Y,795249768,2.65083256
788,82,Y,794744120,2.6491470666666666
1036,113,Y,794671016,2.648903386666667
106,977,Y,794482696,2.648275653333333
319,23,Y,794471032,2.6482367733333336
598,58,Y,794027136,2.64675712
681,69,Y,792477720,2.6415924
55,569,Y,792271680,2.6409056
117,1071,Y,792034984,2.6401166133333334
61,619,Y,791533888,2.6384462933333332
692,70,Y,791367680,2.6378922666666664
535,50,Y,790745936,2.6358197866666666
86,818,Y,790628912,2.6354297066666668
37,424,Y,790239640,2.6341321333333334
84,804,Y,790035112,2.6334503733333334
11,219,Y,790010840,2.6333694666666667
10,214,Y,789907432,2.633024773333333
53,557,Y,789634248,2.63211416
1142,126,Y,789583880,2.6319462666666666
109,1005,Y,789556336,2.6318544533333332
17,271,Y,789361030,2.6312034333333334
754,78,Y,789283776,2.63094592
189,7,Y,789170136,2.63056712
1093,120,Y,788755896,2.62918632
1040,114,Y,788750192,2.6291673066666665
680,69,Y,788138320,2.6271277333333334
398,33,Y,787891120,2.6263037333333332
436,38,Y,787756768,2.625855893333333
15,249,Y,787600792,2.6253359733333332
559,53,Y,787240656,2.62413552
21,302,Y,787097784,2.62365928
770,80,Y,786953688,2.6231789599999997
279,18,Y,786582448,2.6219414933333334
77,748,Y,786323344,2.6210778133333337
1002,109,Y,786304936,2.6210164533333336
365,29,Y,786297056,2.6209901866666665
32,391,Y,786236984,2.6207899466666666
808,85,Y,786141384,2.62047128
763,79,Y,785802704,2.6193423466666665
100,931,Y,785303616,2.61767872
775,80,Y,785245952,2.617486506666667
35,412,Y,784396480,2.6146549333333335
471,42,Y,784357640,2.6145254666666666
108,998,Y,784036280,2.6134542666666665
891,95,Y,783961336,2.613204453333333
13,233,Y,783824288,2.6127476266666667
887,94,Y,783313808,2.6110460266666666
92,870,Y,783273856,2.6109128533333337
68,679,Y,782856424,2.6095214133333333
297,21,Y,782734224,2.60911408
532,50,Y,782598864,2.6086628800000002
82,785,Y,782442832,2.6081427733333333
311,22,Y,781619536,2.6053984533333336
72,706,Y,781329176,2.6044305866666666
212,10,Y,781201424,2.604004746666667
35,411,Y,781057112,2.603523706666667
49,526,Y,780699280,2.6023309333333335
64,646,Y,780299408,2.600998026666667
60,611,Y,780062104,2.6002070133333333
62,631,Y,780018464,2.600061546666667
353,28,Y,779912696,2.5997089866666667
77,744,Y,779451600,2.598172
56,576,Y,779425656,2.59808552
10,210,Y,779153784,2.59717928
968,105,Y,779056832,2.5968561066666664
981,106,Y,778990784,2.5966359466666664
22,308,Y,778897184,2.5963239466666668
54,564,Y,778877592,2.5962586400000003
24,324,Y,778618352,2.5953945066666666
146,2,Y,778565640,2.5952188
1079,118,Y,778341984,2.59447328
113,1036,Y,777854544,2.59284848
603,59,Y,777849528,2.59283176
302,21,Y,777397808,2.5913260266666667
626,62,Y,776932376,2.5897745866666666
74,720,Y,776885200,2.5896173333333334
15,252,Y,776672288,2.588907626666667
569,55,Y,774964632,2.58321544
9,202,Y,774842562,2.58280854
29,367,Y,774838320,2.5827944
75,731,Y,774770520,2.5825684
671,67,Y,774672624,2.58224208
46,496,Y,774432688,2.5814422933333336
886,94,Y,774361272,2.58120424
434,38,Y,774089056,2.5802968533333335
1006,109,Y,773975552,2.5799185066666666
50,529,Y,773837528,2.5794584266666667
885,94,Y,773755720,2.5791857333333335
53,556,Y,773345720,2.5778190666666667
49,520,Y,773137096,2.577123653333333
759,78,Y,772900992,2.57633664
71,700,Y,772876144,2.576253813333333
317,23,Y,772717376,2.5757245866666665
944,102,Y,772400656,2.5746688533333333
1116,123,Y,772045272,2.57348424
117,1068,Y,771974112,2.57324704
13,234,Y,771955096,2.5731836533333334
791,82,Y,771943296,2.57314432
286,19,Y,771855424,2.5728514133333333
86,817,Y,771847712,2.5728257066666664
935,100,Y,771633000,2.57211
85,814,Y,771197504,2.5706583466666664
1099,121,Y,770907160,2.569690533333333
123,1118,Y,770827768,2.5694258933333334
80,772,Y,770790544,2.5693018133333334
829,87,Y,770581328,2.5686044266666666
34,401,Y,770325240,2.5677508
84,806,Y,770281984,2.5676066133333335
19,287,Y,770211704,2.5673723466666667
669,67,Y,769915816,2.5663860533333334
20,288,Y,769879184,2.566263946666667
116,1057,Y,769810816,2.5660360533333333
634,63,Y,769699224,2.5656640800000003
32,385,Y,769698032,2.5656601066666664
790,82,Y,769625816,2.5654193866666666
115,1054,Y,769553968,2.5651798933333336
79,765,Y,769247168,2.5641572266666666
672,68,Y,769013872,2.563379573333333
7,186,Y,768995752,2.5633191733333334
85,815,Y,768970120,2.5632337333333335
513,48,Y,768488048,2.5616268266666666
101,940,Y,768318872,2.561062906666667
766,79,Y,768285512,2.5609517066666667
90,849,Y,767762608,2.5592086933333333
882,94,Y,766951784,2.556505946666667
226,12,Y,766948440,2.5564948
86,823,Y,766901184,2.55633728
110,1011,Y,766837600,2.556125333333333
237,13,Y,766151856,2.55383952
109,1006,Y,765900800,2.5530026666666665
50,535,Y,765582160,2.551940533333333
262,16,Y,765534344,2.5517811466666664
147,2,Y,765454704,2.55151568
18,279,Y,765140272,2.550467573333333
74,725,Y,765033400,2.550111333333333
2,148,Y,764965760,2.5498858666666666
411,35,Y,764699120,2.548997066666667
1071,117,Y,764615688,2.54871896
699,71,Y,764611320,2.5487044
79,763,Y,764528128,2.5484270933333333
47,509,Y,764397696,2.54799232
61,616,Y,764243080,2.5474769333333334
865,92,Y,764114728,2.5470490933333334
68,673,Y,763786560,2.5459552
435,38,Y,763773408,2.54591136
23,313,Y,763745248,2.5458174933333333
150,2,Y,763313736,2.54437912
339,26,Y,763039600,2.5434653333333337
560,54,Y,762711200,2.542370666666667
62,629,Y,762086936,2.5402897866666665
394,33,Y,761938680,2.5397955999999997
6,180,Y,761478584,2.5382619466666667
397,33,Y,761446376,2.538154586666667
917,98,Y,761409888,2.5380329600000002
59,607,Y,761403160,2.5380105333333334
44,480,Y,761297960,2.5376598666666665
32,389,Y,761112200,2.537040666666667
53,552,Y,761039936,2.5367997866666667
9,204,Y,760982104,2.5366070133333336
372,30,Y,760859768,2.5361992266666666
295,20,Y,760741672,2.535805573333333
117,1067,Y,760739008,2.5357966933333334
39,443,Y,760535496,2.53511832
1009,110,Y,760222568,2.5340752266666664
122,1108,Y,760217472,2.53405824
648,65,Y,759797720,2.5326590666666666
121,1101,Y,759015128,2.5300504266666666
37,428,Y,758415744,2.52805248
441,39,Y,757943800,2.5264793333333335
95,890,Y,757419880,2.524732933333333
88,836,Y,757356000,2.52452
56,580,Y,756949640,2.5231654666666667
967,104,Y,756695672,2.5223189066666665
741,76,Y,756595160,2.521983866666667
89,840,Y,756063528,2.52021176
506,47,Y,755910320,2.5197010666666664
43,474,Y,755850048,2.5195001599999998
64,643,Y,755832984,2.51944328
69,680,Y,755497720,2.5183257333333335
541,51,Y,755195304,2.5173176799999997
114,1044,Y,755119632,2.51706544
864,92,Y,754814904,2.51604968
97,910,Y,754594936,2.5153164533333334
580,56,Y,754555632,2.5151854399999998
33,393,Y,754219544,2.514065146666667
120,1089,Y,754210512,2.51403504
902,96,Y,753845424,2.51281808
103,959,Y,753712656,2.51237552
66,659,Y,753619992,2.51206664
600,59,Y,753307960,2.5110265333333333
646,64,Y,752730536,2.5091017866666667
577,56,Y,752498768,2.5083292266666666
1108,122,Y,752282224,2.5076074133333335
24,326,Y,752035504,2.5067850133333334
54,560,Y,751956032,2.5065201066666667
85,813,Y,751834216,2.5061140533333335
1050,115,Y,751150112,2.5038337066666667
752,78,Y,750415472,2.5013849066666665
7,191,Y,750402152,2.5013405066666667
61,617,Y,750352672,2.501175573333333
795,83,Y,750248880,2.5008296
549,52,Y,750147280,2.5004909333333334
597,58,Y,749593576,2.498645253333333
300,21,Y,749424824,2.498082746666667
1143,126,Y,749320344,2.49773448
701,71,Y,748626000,2.4954199999999997
90,848,Y,748339296,2.49446432
30,375,Y,748287400,2.4942913333333334
108,993,Y,748212864,2.4940428800000003
517,48,Y,747971032,2.4932367733333334
86,820,Y,747803648,2.4926788266666664
503,46,Y,747137152,2.490457173333333
35,413,Y,746853552,2.48951184
454,40,Y,746652232,2.488840773333333
458,41,Y,746594304,2.48864768
40,448,Y,746135584,2.487118613333333
965,104,Y,746037632,2.4867921066666665
320,24,Y,745919016,2.48639672
884,94,Y,745690616,2.4856353866666665
883,94,Y,745494784,2.484982613333333
772,80,Y,745238528,2.4841284266666666
23,314,Y,745056499,2.4835216633333332
983,106,Y,744832936,2.4827764533333334
491,45,Y,744410464,2.4813682133333335
17,269,Y,744335072,2.4811169066666667
20,293,Y,744250232,2.480834106666667
251,15,Y,743799280,2.4793309333333333
27,351,Y,743587760,2.478625866666667
6,182,Y,743565496,2.478551653333333
124,1127,Y,743556904,2.478523013333333
122,1107,Y,743365960,2.4778865333333333
50,532,Y,743199344,2.4773311466666668
807,84,Y,743113624,2.4770454133333333
114,1041,Y,742810600,2.4760353333333334
268,17,Y,742271608,2.474238693333333
14,246,Y,742100472,2.4736682400000003
3,159,Y,742087568,2.473625226666667
760,79,Y,742058104,2.4735270133333334
586,57,Y,741858272,2.472860906666667
155,3,Y,741650656,2.4721688533333332
509,47,Y,741551416,2.4718380533333333
22,306,Y,741327760,2.4710925333333336
654,65,Y,741278552,2.4709285066666666
75,729,Y,740399640,2.4679988
19,281,Y,740133176,2.4671105866666667
310,22,Y,740133040,2.4671101333333336
188,7,Y,739674176,2.465580586666667
1106,122,Y,739519920,2.4650664
1012,110,Y,738965440,2.463218133333333
108,994,Y,738943456,2.463144853333333
252,15,Y,738872208,2.46290736
82,787,Y,738832240,2.4627741333333333
335,25,Y,738821504,2.462738346666667
58,598,Y,738677896,2.462259653333333
528,50,Y,738654088,2.462180293333333
67,666,Y,738615928,2.462053093333333
129,0,Y,738468112,2.4615603733333336
67,670,Y,738447424,2.4614914133333334
63,632,Y,738221168,2.4607372266666667
91,857,Y,738149776,2.4604992533333334
664,67,Y,738002928,2.4600097599999997
53,558,Y,737959832,2.4598661066666665
24,325,Y,737420256,2.4580675199999997
1004,109,Y,736875216,2.45625072
105,975,Y,736820032,2.4560667733333332
345,27,Y,736701760,2.4556725333333334
52,545,Y,736153488,2.45384496
78,754,Y,735882888,2.45294296
89,845,Y,735279304,2.4509310133333333
95,888,Y,735082672,2.4502755733333332
55,568,Y,734761592,2.4492053066666664
3,154,Y,734712312,2.44904104
478,43,Y,734480808,2.4482693600000003
1087,119,Y,734433280,2.4481109333333335
35,414,Y,734210184,2.44736728
108,999,Y,733718768,2.445729226666667
594,58,Y,733581720,2.4452724
667,67,Y,733194272,2.4439809066666665
641,64,Y,732974744,2.4432491466666666
48,512,Y,732603368,2.4420112266666667
1091,120,Y,731945368,2.439817893333333
95,895,Y,731861960,2.4395398666666663
94,882,Y,731516072,2.4383869066666666
1001,109,Y,730840312,2.436134373333333
1113,123,Y,730812896,2.4360429866666666
254,15,Y,730664944,2.4355498133333335
785,82,Y,730261152,2.43420384
95,889,Y,730240096,2.4341336533333333
119,1087,Y,729878232,2.43292744
1149,127,Y,729844576,2.4328152533333336
1109,122,Y,729576024,2.43192008
31,383,Y,729373840,2.4312461333333335
629,62,Y,728998472,2.429994906666667
92,871,Y,728966072,2.4298869066666664
158,3,Y,728902840,2.4296761333333334
82,786,Y,728640216,2.42880072
166,4,Y,728438712,2.42812904
691,70,Y,728312272,2.4277075733333335
71,701,Y,728175616,2.4272520533333335
26,343,Y,727977453,2.42659151
1034,113,Y,727905640,2.4263521333333333
508,47,Y,727819592,2.4260653066666666
16,259,Y,727352224,2.424507413333333
711,72,Y,727291632,2.42430544
0,132,Y,727077440,2.4235914666666667
750,77,Y,726967600,2.4232253333333333
1027,112,Y,726754024,2.4225134133333333
58,597,Y,726556400,2.4218546666666665
92,867,Y,726252760,2.420842533333333
15,251,Y,725794568,2.419315226666667
76,742,Y,725629936,2.4187664533333333
872,93,Y,725543992,2.4184799733333335
78,756,Y,725214072,2.41738024
120,1094,Y,724816888,2.4160562933333334
49,525,Y,724560320,2.4152010666666666
162,4,Y,724105736,2.4136857866666666
687,69,Y,724079288,2.4135976266666668
33,394,Y,723979656,2.41326552
88,832,Y,723916520,2.413055066666667
657,66,Y,723829808,2.4127660266666666
111,1022,Y,723677448,2.4122581600000004
800,84,Y,723408400,2.4113613333333332
48,519,Y,723324152,2.411080506666667
40,453,Y,723321353,2.411071176666667
842,89,Y,723063368,2.4102112266666667
1042,114,Y,722936840,2.4097894666666666
66,656,Y,722894048,2.4096468266666666
1076,118,Y,722246944,2.4074898133333336
440,39,Y,722215352,2.4073845066666664
12,228,Y,722185568,2.4072852266666667
731,75,Y,721989104,2.4066303466666668
568,55,Y,721927944,2.40642648
114,1040,Y,721673360,2.4055778666666665
329,25,Y,721668624,2.40556208
871,92,Y,721599360,2.4053312
602,59,Y,721588984,2.4052966133333333
677,68,Y,721267320,2.4042244
323,24,Y,721031360,2.4034378666666667
810,85,Y,720860568,2.40286856
801,84,Y,720598400,2.4019946666666665
374,30,Y,720532624,2.401775413333333
64,640,Y,720079536,2.40026512
258,16,Y,719710024,2.399033413333333
227,12,Y,719162584,2.3972086133333335
69,684,Y,719051432,2.3968381066666664
270,17,Y,718987208,2.3966240266666667
1080,119,Y,718783696,2.3959456533333334
80,775,Y,718599360,2.3953312
287,19,Y,718267080,2.3942235999999997
888,95,Y,718112168,2.393707226666667
281,19,Y,717742312,2.392474373333333
143,1,Y,717667232,2.3922241066666667
1134,125,Y,717610840,2.3920361333333333
720,74,Y,717509912,2.3916997066666665
922,99,Y,717345184,2.391150613333333
447,39,Y,717318680,2.3910622666666668
429,37,Y,717140200,2.3904673333333335
695,70,Y,717042448,2.390141493333333
412,35,Y,717016984,2.3900566133333334
313,23,Y,716764416,2.38921472
99,924,Y,716762232,2.3892074400000003
94,885,Y,716706608,2.389022026666667
367,29,Y,716486344,2.388287813333333
36,422,Y,715545048,2.3851501600000002
1140,126,Y,714594000,2.38198
66,660,Y,714593072,2.3819769066666665
78,753,Y,714518368,2.3817278933333337
562,54,Y,714515216,2.3817173866666668
733,75,Y,714438736,2.381462453333333
40,450,Y,714332960,2.3811098666666664
489,45,Y,714327584,2.381091946666667
57,591,Y,714299536,2.380998453333333
207,9,Y,714109984,2.3803666133333334
38,433,Y,713643568,2.3788118933333333
3,155,Y,713230616,2.377435386666667
115,1053,Y,712775192,2.3759173066666666
42,468,Y,712738680,2.3757956
1121,124,Y,712210906,2.374036353333333
806,84,Y,712125984,2.37375328
326,24,Y,712104232,2.373680773333333
59,602,Y,711979608,2.37326536
301,21,Y,711972048,2.37324016
856,91,Y,711830104,2.372767013333333
700,71,Y,711611664,2.37203888
609,60,Y,710819216,2.3693973866666664
112,1028,Y,710607024,2.36869008
684,69,Y,710369472,2.36789824
312,23,Y,710101928,2.3670064266666664
898,96,Y,709929248,2.3664308266666665
909,97,Y,709901336,2.3663377866666666
726,74,Y,709569080,2.3652302666666665
112,1031,Y,708943576,2.3631452533333333
705,72,Y,708554288,2.3618476266666666
913,98,Y,708384352,2.3612811733333334
77,750,Y,708145376,2.360484586666667
98,915,Y,707925184,2.3597506133333335
937,101,Y,707811512,2.3593717066666664
561,54,Y,707737768,2.3591258933333337
75,735,Y,707705504,2.3590183466666668
949,102,Y,707138480,2.3571282666666664
26,336,Y,707081320,2.356937733333333
579,56,Y,706899688,2.3563322933333333
38,435,Y,706560528,2.35520176
1150,127,Y,706393672,2.3546455733333334
0,131,Y,706119536,2.3537317866666667
989,107,Y,705938104,2.3531270133333333
950,102,Y,705912352,2.353041173333333
70,690,Y,705809136,2.35269712
423,36,Y,705802536,2.3526751200000002
742,76,Y,705621056,2.352070186666667
43,477,Y,705568864,2.3518962133333337
107,990,Y,705563976,2.35187992
47,510,Y,705555768,2.3518525599999998
1,140,Y,705256816,2.3508560533333336
689,70,Y,705246424,2.350821413333333
980,106,Y,704838464,2.349461546666667
405,34,Y,704824072,2.3494135733333334
83,799,Y,704769816,2.34923272
1,141,Y,704537736,2.34845912
101,941,Y,704494920,2.3483164
650,65,Y,704464992,2.34821664
822,86,Y,703954424,2.3465147466666667
431,37,Y,703790528,2.3459684266666665
601,59,Y,703612872,2.3453762400000002
111,1021,Y,703583768,2.345279226666667
994,108,Y,703516488,2.3450549599999997
825,87,Y,703487448,2.34495816
116,1056,Y,703362608,2.344542026666667
61,622,Y,703323496,2.3444116533333332
1054,115,Y,702817688,2.3427256266666667
88,833,Y,702382568,2.3412752266666668
622,61,Y,702111000,2.34037
964,104,Y,702089328,2.34029776
119,1080,Y,702008144,2.340027146666667
20,294,Y,701543184,2.3384772799999998
98,918,Y,700751856,2.33583952
855,90,Y,700159304,2.3338643466666666
277,18,Y,699804344,2.332681146666667
663,66,Y,699771496,2.3325716533333334
109,1001,Y,699663544,2.332211813333333
81,776,Y,699633256,2.3321108533333335
69,681,Y,699626256,2.33208752
28,355,Y,699489408,2.33163136
36,418,Y,699479760,2.3315992
930,100,Y,699427960,2.3314265333333335
844,89,Y,698932160,2.3297738666666667
39,440,Y,698906416,2.3296880533333333
222,11,Y,698674112,2.3289137066666665
83,794,Y,698270240,2.327567466666667
611,60,Y,698249536,2.3274984533333334
50,531,Y,698234192,2.3274473066666665
1132,125,Y,697952128,2.3265070933333334
23,317,Y,697910088,2.3263669599999997
3,157,Y,697845736,2.3261524533333335
574,55,Y,697687520,2.3256250666666665
70,688,Y,697572696,2.32524232
21,303,Y,697262968,2.3242098933333333
716,73,Y,697227376,2.3240912533333336
710,72,Y,697212632,2.3240421066666666
121,1098,Y,696985312,2.3232843733333333
37,427,Y,696619768,2.3220658933333334
153,3,Y,696491288,2.321637626666667
72,711,Y,696217320,2.3207244
538,51,Y,696125448,2.32041816
71,698,Y,695948920,2.319829733333333
30,373,Y,695467272,2.31822424
66,658,Y,695275008,2.31758336
5,170,Y,694965896,2.3165529866666668
20,292,Y,694795776,2.31598592
112,1024,Y,694692080,2.3156402666666667
8,193,Y,694588464,2.31529488
94,881,Y,694483920,2.3149464
1081,119,Y,694325984,2.314419946666667
612,60,Y,694131496,2.3137716533333337
208,10,Y,693974408,2.313248026666667
727,74,Y,693889896,2.31296632
98,916,Y,693821736,2.31273912
73,715,Y,693411544,2.3113718133333334
433,38,Y,692911096,2.3097036533333335
803,84,Y,692508080,2.308360266666667
563,54,Y,692467400,2.308224666666667
87,831,Y,692364576,2.30788192
1111,122,Y,692250072,2.30750024
318,23,Y,691874567,2.3062485566666666
42,471,Y,691485136,2.3049504533333334
19,286,Y,691025056,2.3034168533333332
210,10,Y,690777264,2.3025908800000003
42,467,Y,690709912,2.3023663733333333
840,89,Y,690317560,2.3010585333333333
91,862,Y,689967696,2.29989232
954,103,Y,689902824,2.29967608
1005,109,Y,689843624,2.299478746666667
979,106,Y,689796592,2.2993219733333334
838,88,Y,689759232,2.29919744
686,69,Y,689627512,2.2987583733333334
39,446,Y,689134792,2.2971159733333333
1101,121,Y,688951520,2.2965050666666667
1061,116,Y,688547240,2.2951574666666663
924,99,Y,688473192,2.29491064
783,81,Y,688023096,2.29341032
33,396,Y,687971624,2.2932387466666664
172,5,Y,687882496,2.2929416533333336
714,73,Y,687788472,2.29262824
119,1083,Y,687590768,2.2919692266666667
85,811,Y,687504944,2.2916831466666667
1083,119,Y,687305200,2.291017333333333
121,1099,Y,687252280,2.2908409333333335
0,129,Y,686787744,2.28929248
183,6,Y,686686816,2.288956053333333
3,158,Y,686655464,2.2888515466666663
7,188,Y,686643824,2.288812746666667
1100,121,Y,686192896,2.2873096533333337
29,360,Y,686111504,2.287038346666667
905,97,Y,686070912,2.28690304
638,63,Y,685917880,2.2863929333333335
101,938,Y,685682440,2.2856081333333336
496,46,Y,685621504,2.2854050133333335
293,20,Y,685353672,2.28451224
79,762,Y,685221560,2.2840718666666664
1068,117,Y,684922088,2.2830736266666665
799,83,Y,684604968,2.28201656
850,90,Y,684348032,2.2811601066666665
105,968,Y,683906016,2.27968672
8,197,Y,683492088,2.27830696
486,44,Y,683233384,2.2774446133333335
679,68,Y,683206344,2.27735448
280,19,Y,683182096,2.2772736533333333
124,1124,Y,682745880,2.2758196
15,250,Y,682510128,2.27503376
99,926,Y,682498312,2.2749943733333335
449,40,Y,682403448,2.27467816
106,980,Y,682205424,2.27401808
102,949,Y,681684520,2.272281733333333
7,189,Y,681308384,2.2710279466666665
41,459,Y,681167016,2.27055672
56,583,Y,681074432,2.2702481066666667
1048,115,Y,679595512,2.2653183733333333
13,239,Y,679287496,2.2642916533333333
113,1037,Y,679282040,2.264273466666667
637,63,Y,679060896,2.26353632
330,25,Y,678842816,2.2628093866666665
104,962,Y,678793928,2.2626464266666666
948,102,Y,678636616,2.2621220533333335
73,714,Y,678503016,2.2616767199999996
835,88,Y,678412392,2.26137464
245,14,Y,678198976,2.2606632533333335
30,369,Y,677919672,2.25973224
27,350,Y,677033176,2.256777253333333
719,73,Y,676888448,2.2562948266666667
22,305,Y,676794328,2.2559810933333333
945,102,Y,676703864,2.255679546666667
23,312,Y,676552544,2.2551751466666667
87,828,Y,676363216,2.2545440533333334
8,198,Y,675796792,2.2526559733333333
874,93,Y,675435384,2.25145128
422,36,Y,675349851,2.2511661700000003
939,101,Y,675105376,2.250351253333333
735,75,Y,674914296,2.24971432
107,987,Y,674357040,2.2478568
67,667,Y,674157640,2.2471921333333333
122,1109,Y,674072768,2.246909226666667
24,323,Y,673696048,2.2456534933333336
868,92,Y,673096328,2.2436544266666667
241,14,Y,672552312,2.24184104
415,35,Y,672219632,2.2407321066666666
16,263,Y,672139504,2.240465013333333
931,100,Y,672109016,2.240363386666667
88,837,Y,671987232,2.23995744
51,542,Y,671940816,2.23980272
46,502,Y,671879696,2.2395989866666666
113,1033,Y,671855016,2.23951672
125,1135,Y,671174336,2.237247786666667
961,104,Y,670844736,2.23614912
547,52,Y,670429768,2.2347658933333334
125,1131,Y,670424192,2.2347473066666668
122,1105,Y,670374784,2.2345826133333335
122,1110,Y,670153784,2.2338459466666665
400,34,Y,670104592,2.2336819733333333
43,476,Y,670027224,2.23342408
119,1085,Y,669945328,2.2331510933333334
112,1030,Y,669669224,2.2322307466666667
18,278,Y,669600144,2.23200048
1044,114,Y,669512528,2.2317084266666667
386,32,Y,669355912,2.2311863733333333
890,95,Y,668677264,2.2289242133333333
190,7,Y,668639256,2.22879752
834,88,Y,668493936,2.22831312
127,1149,Y,668426928,2.22808976
787,82,Y,668337216,2.22779072
4,162,Y,668056136,2.2268537866666667
236,13,Y,667996112,2.2266537066666667
64,642,Y,667854448,2.2261814933333333
1028,112,Y,667810840,2.2260361333333334
529,50,Y,667457775,2.22485925
25,329,Y,667274624,2.2242487466666665
65,650,Y,667245048,2.22415016
567,54,Y,667039472,2.223464906666667
31,381,Y,666937632,2.22312544
121,1102,Y,666905800,2.2230193333333332
866,92,Y,666774552,2.22258184
1097,121,Y,666523312,2.2217443733333333
24,320,Y,666520792,2.2217359733333333
81,778,Y,666507680,2.2216922666666665
123,1112,Y,666489120,2.2216304
70,689,Y,666298720,2.220995733333333
59,605,Y,665912296,2.2197076533333333
70,693,Y,665280744,2.21760248
204,9,Y,664742176,2.2158072533333333
25,332,Y,664351896,2.21450632
98,917,Y,664326288,2.21442096
5,172,Y,663167704,2.210559013333333
110,1009,Y,662974392,2.20991464
1107,122,Y,662742440,2.2091414666666664
1056,116,Y,662201960,2.2073398666666666
92,864,Y,662119224,2.20706408
336,26,Y,661962776,2.2065425866666666
239,13,Y,661582240,2.2052741333333334
83,795,Y,661367072,2.204556906666667
12,226,Y,661317920,2.2043930666666665
100,935,Y,661029640,2.203432133333333
90,854,Y,660970024,2.2032334133333333
114,1042,Y,660897056,2.202990186666667
827,87,Y,660676472,2.2022549066666666
77,747,Y,660658376,2.202194586666667
377,31,Y,660440816,2.2014693866666666
892,95,Y,659677544,2.1989251466666664
1105,122,Y,659292824,2.197642746666667
8,194,Y,659224552,2.1974151733333334
925,99,Y,658856944,2.1961898133333335
29,364,Y,658802504,2.1960083466666664
163,4,Y,658324824,2.19441608
255,15,Y,658105902,2.1936863399999997
109,1007,Y,657883400,2.192944666666667
115,1048,Y,657851232,2.19283744
88,838,Y,657569672,2.1918989066666663
33,395,Y,657421896,2.19140632
69,686,Y,657350816,2.1911693866666666
854,90,Y,656885896,2.189619653333333
889,95,Y,656745768,2.18915256
100,928,Y,656536896,2.18845632
84,803,Y,655755000,2.18585
266,17,Y,655216616,2.1840553866666665
111,1020,Y,654798448,2.1826614933333333
74,721,Y,654140600,2.1804686666666666
706,72,Y,654125800,2.180419333333333
500,46,Y,653853512,2.1795117066666667
28,356,Y,652981144,2.176603813333333
461,41,Y,652838048,2.1761268266666667
132,0,Y,652311128,2.1743704266666666
739,76,Y,652277832,2.1742594399999997
248,15,Y,651786792,2.17262264
1130,125,Y,651430656,2.17143552
224,12,Y,651166637,2.1705554566666665
1031,112,Y,651081816,2.1702727200000003
249,15,Y,650650664,2.1688355466666667
812,85,Y,650633664,2.16877888
533,50,Y,650420120,2.1680670666666666
690,70,Y,650348560,2.167828533333333
134,0,Y,650125056,2.16708352
1016,111,Y,650052088,2.1668402933333333
789,82,Y,650043376,2.166811253333333
793,83,Y,649709896,2.1656996533333333
68,677,Y,649565024,2.1652167466666667
10,208,Y,649391048,2.164636826666667
35,409,Y,649266712,2.1642223733333332
833,88,Y,649034408,2.1634480266666665
54,566,Y,648390160,2.1613005333333333
96,902,Y,648377200,2.1612573333333334
38,436,Y,648325672,2.161085573333333
895,95,Y,648324680,2.161082266666667
76,738,Y,648245904,2.16081968
1063,116,Y,647990000,2.1599666666666666
1102,121,Y,647903848,2.1596794933333334
364,29,Y,647148432,2.1571614400000003
510,47,Y,647114200,2.1570473333333333
1086,119,Y,646774248,2.15591416
41,456,Y,646670200,2.1555673333333334
27,345,Y,646626128,2.1554204266666668
351,27,Y,646598192,2.1553273066666665
32,387,Y,646306488,2.15435496
816,86,Y,645951456,2.15317152
71,703,Y,643972056,2.14657352
875,93,Y,643895464,2.1463182133333336
96,896,Y,643683531,2.14561177
58,592,Y,643663272,2.14554424
90,853,Y,643653264,2.1455108800000002
116,1058,Y,643543968,2.14514656
356,28,Y,643169256,2.1438975200000003
35,408,Y,642301432,2.1410047733333335
79,760,Y,641141912,2.1371397066666664
12,231,Y,640638160,2.135460533333333
404,34,Y,640424112,2.1347470399999997
941,101,Y,640125368,2.133751226666667
40,451,Y,639744728,2.132482426666667
95,891,Y,639118680,2.1303956
2,151,Y,639081248,2.130270826666667
65,654,Y,638843128,2.129477093333333
951,102,Y,638361632,2.1278721066666666
216,11,Y,638265552,2.1275518399999997
338,26,Y,638246264,2.1274875466666665
50,533,Y,637806536,2.1260217866666666
74,726,Y,637682512,2.1256083733333333
977,106,Y,637282016,2.1242733866666663
1008,110,Y,636557808,2.1218593599999998
63,638,Y,636212512,2.120708373333333
2,146,Y,636149800,2.1204993333333335
899,96,Y,635986152,2.11995384
24,321,Y,635802552,2.11934184
88,835,Y,635778792,2.11926264
511,47,Y,635614024,2.1187134133333334
65,653,Y,635507864,2.1183595466666665
853,90,Y,635426216,2.1180873866666667
1019,111,Y,635325592,2.117751973333333
836,88,Y,634891496,2.1163049866666666
1058,116,Y,634833760,2.1161125333333333
659,66,Y,634564120,2.1152137333333334
60,609,Y,634441408,2.1148046933333333
640,64,Y,634235552,2.1141185066666663
1,137,Y,633961888,2.1132062933333335
33,398,Y,633707024,2.112356746666667
56,582,Y,633241704,2.11080568
523,49,Y,632619808,2.1087326933333332
11,216,Y,631919528,2.1063984266666664
839,88,Y,631858184,2.1061939466666666
524,49,Y,630316728,2.10105576
64,641,Y,629292720,2.0976424000000002
75,733,Y,628661088,2.09553696
668,67,Y,628502192,2.095007306666667
410,35,Y,627818728,2.0927290933333333
725,74,Y,627356864,2.0911895466666666
425,37,Y,627148912,2.0904963733333335
225,12,Y,626180704,2.087269013333333
151,2,Y,625042864,2.0834762133333333
63,635,Y,624717016,2.082390053333333
832,88,Y,623736368,2.079121226666667
103,953,Y,623394016,2.0779800533333335
934,100,Y,622829288,2.076097626666667
729,75,Y,622653592,2.0755119733333336
765,79,Y,622547288,2.0751576266666665
247,14,Y,622297352,2.0743245066666667
45,493,Y,621990216,2.07330072
44,487,Y,621906856,2.0730228533333332
604,59,Y,621905488,2.0730182933333334
60,612,Y,621884448,2.0729481599999997
54,567,Y,620915608,2.0697186933333334
360,29,Y,620660944,2.0688698133333334
862,91,Y,619955936,2.0665197866666665
115,1049,Y,619907504,2.0663583466666666
95,894,Y,619509216,2.0650307199999998
41,463,Y,619009872,2.0633662399999997
1052,115,Y,618856976,2.062856586666667
519,48,Y,618416984,2.0613899466666665
276,18,Y,618281344,2.060937813333333
89,842,Y,618148248,2.0604941599999997
990,107,Y,618112888,2.0603762933333334
97,904,Y,618081176,2.060270586666667
13,237,Y,617915792,2.0597193066666666
1010,110,Y,617774696,2.059248986666667
52,549,Y,617703400,2.0590113333333333
113,1032,Y,616606872,2.05535624
1037,113,Y,616163072,2.053876906666667
12,229,Y,615998480,2.0533282666666666
468,42,Y,615839992,2.0527999733333333
1085,119,Y,615533600,2.0517786666666664
86,821,Y,615033760,2.050112533333333
102,950,Y,613690352,2.0456345066666666
83,793,Y,613376976,2.04458992
15,248,Y,612992856,2.04330952
717,73,Y,612788344,2.042627813333333
93,875,Y,609156568,2.0305218933333333
869,92,Y,608703488,2.0290116266666667
543,51,Y,608409688,2.0280322933333332
63,637,Y,606130904,2.0204363466666666
635,63,Y,605487264,2.01829088
450,40,Y,605297600,2.0176586666666667
40,454,Y,604766704,2.015889013333333
97,907,Y,604666968,2.0155565600000003
903,96,Y,603760568,2.0125352266666665
81,782,Y,602841704,2.0094723466666666
96,899,Y,602780976,2.00926992
83,798,Y,599649968,1.9988332266666666
92,869,Y,598724072,1.9957469066666667
118,1079,Y,597504568,1.9916818933333333
483,44,Y,597150024,1.99050008
123,1117,Y,597104160,1.9903471999999998
494,45,Y,596983240,1.9899441333333334
23,319,Y,596919520,1.9897317333333335
343,26,Y,596690008,1.9889666933333334
45,495,Y,594976432,1.9832547733333334
1074,118,Y,593311264,1.9777042133333331
238,13,Y,593286128,1.9776204266666666
107,988,Y,593066784,1.97688928
674,68,Y,592355544,1.97451848
111,1016,Y,591498640,1.9716621333333333
140,1,Y,590649416,1.968831386666667
55,574,Y,589520008,1.9650666933333334
34,404,Y,587226408,1.95742136
199,8,Y,586530608,1.9551020266666668
8,199,Y,586169520,1.9538984
86,822,Y,585905856,1.95301952
487,44,Y,585836736,1.95278912
74,724,Y,582530040,1.9417668
179,6,Y,582134992,1.9404499733333334
1020,111,Y,582044584,1.9401486133333332
36,419,Y,581454944,1.9381831466666666
409,35,Y,580543216,1.9351440533333333
332,25,Y,580385664,1.9346188800000002
498,46,Y,576576160,1.9219205333333333
94,886,Y,575954768,1.9198492266666665
463,41,Y,575577048,1.91859016
305,22,Y,574382024,1.9146067466666667
105,974,Y,572737152,1.90912384
65,649,Y,572525040,1.9084168
40,449,Y,568410048,1.89470016
38,432,Y,563681488,1.8789382933333334
649,65,Y,563208296,1.8773609866666665
369,30,Y,561142680,1.8704756
698,71,Y,560904000,1.86968
269,17,Y,557632912,1.8587763733333331
1112,123,Y,556823120,1.8560770666666666
688,70,Y,556176328,1.8539210933333334
15,255,Y,546003040,1.8200101333333334
93,874,Y,542080488,1.80693496
