113,196,N,19988231322,99.94115661000001
71,27,N,19979561478,99.89780739
145,196,N,19961120498,99.80560249
196,113,N,19951458662,99.75729331
196,145,N,19928674078,99.64337039
196,45,N,19473106366,97.36553183
45,71,N,19473105146,97.36552573
27,71,N,19312414666,96.56207333
27,212,N,18693732346,93.46866173000001
212,145,N,18693731126,93.46865563
27,162,N,18382938570,91.91469285
162,113,N,18382937350,91.91468675
27,49,N,18362820785,91.814103925
49,113,N,18362819565,91.81409782499999
1198,196,Y,17642619883,88.213099415
1200,196,Y,17615313231,88.07656615500001
1197,196,Y,17545051496,87.72525748
352,27,Y,17538280526,87.69140263
355,27,Y,17342021374,86.71010687
1199,196,Y,17310824474,86.55412237
1196,196,Y,17273085064,86.36542532
351,27,Y,17174126828,85.87063414
354,27,Y,17145453662,85.72726831
353,27,Y,17072272222,85.36136111
27,353,Y,10529860818,52.64930409
145,212,N,10239832944,51.19916472
212,27,N,10239832006,51.19916003
196,1196,Y,10223852288,51.119261439999995
71,45,N,10194196640,50.9709832
45,196,N,10194196194,50.97098097
196,1198,Y,10066744656,50.33372328
196,1197,Y,10051285910,50.25642955000001
27,354,Y,10018383490,50.091917450000004
49,27,N,9976661824,49.88330912
113,49,N,9976661824,49.88330912
27,351,Y,9976106000,49.88053
113,162,N,9974795618,49.87397809
162,27,N,9974794494,49.87397247
27,355,Y,9959063488,49.79531744
196,1199,Y,9950371470,49.75185735
196,1200,Y,9851290542,49.25645271
145,71,N,9688840010,48.44420005
27,352,Y,9687432346,48.43716173
71,145,N,9118216806,45.59108403
0,21,N,0,0.0
0,49,N,0,0.0
0,68,N,0,0.0
0,85,N,0,0.0
0,102,N,0,0.0
0,119,N,0,0.0
0,128,N,0,0.0
0,145,N,0,0.0
0,179,N,0,0.0
0,184,N,0,0.0
0,201,N,0,0.0
0,216,Y,0,0.0
0,217,Y,0,0.0
0,218,Y,0,0.0
0,219,Y,0,0.0
0,220,Y,0,0.0
1,20,N,0,0.0
1,48,N,0,0.0
1,69,N,0,0.0
1,84,N,0,0.0
1,103,N,0,0.0
1,118,N,0,0.0
1,129,N,0,0.0
1,144,N,0,0.0
1,178,N,0,0.0
1,185,N,0,0.0
1,200,N,0,0.0
1,221,Y,0,0.0
1,222,Y,0,0.0
1,223,Y,0,0.0
1,224,Y,0,0.0
1,225,Y,0,0.0
2,27,N,0,0.0
2,39,N,0,0.0
2,71,N,0,0.0
2,87,N,0,0.0
2,90,N,0,0.0
2,110,N,0,0.0
2,143,N,0,0.0
2,151,N,0,0.0
2,171,N,0,0.0
2,193,N,0,0.0
2,209,N,0,0.0
2,226,Y,0,0.0
2,227,Y,0,0.0
2,228,Y,0,0.0
2,229,Y,0,0.0
2,230,Y,0,0.0
3,26,N,0,0.0
3,38,N,0,0.0
3,70,N,0,0.0
3,86,N,0,0.0
3,91,N,0,0.0
3,111,N,0,0.0
3,142,N,0,0.0
3,150,N,0,0.0
3,170,N,0,0.0
3,192,N,0,0.0
3,208,N,0,0.0
3,231,Y,0,0.0
3,232,Y,0,0.0
3,233,Y,0,0.0
3,234,Y,0,0.0
3,235,Y,0,0.0
4,28,N,0,0.0
4,51,N,0,0.0
4,64,N,0,0.0
4,77,N,0,0.0
4,93,N,0,0.0
4,124,N,0,0.0
4,135,N,0,0.0
4,147,N,0,0.0
4,164,N,0,0.0
4,188,N,0,0.0
4,202,N,0,0.0
4,236,Y,0,0.0
4,237,Y,0,0.0
4,238,Y,0,0.0
4,239,Y,0,0.0
4,240,Y,0,0.0
5,29,N,0,0.0
5,50,N,0,0.0
5,65,N,0,0.0
5,76,N,0,0.0
5,92,N,0,0.0
5,125,N,0,0.0
5,134,N,0,0.0
5,146,N,0,0.0
5,165,N,0,0.0
5,189,N,0,0.0
5,203,N,0,0.0
5,241,Y,0,0.0
5,242,Y,0,0.0
5,243,Y,0,0.0
5,244,Y,0,0.0
5,245,Y,0,0.0
6,34,N,0,0.0
6,46,N,0,0.0
6,67,N,0,0.0
6,73,N,0,0.0
6,104,N,0,0.0
6,108,N,0,0.0
6,139,N,0,0.0
6,155,N,0,0.0
6,177,N,0,0.0
6,183,N,0,0.0
6,207,N,0,0.0
6,246,Y,0,0.0
6,247,Y,0,0.0
6,248,Y,0,0.0
6,249,Y,0,0.0
6,250,Y,0,0.0
7,35,N,0,0.0
7,47,N,0,0.0
7,66,N,0,0.0
7,72,N,0,0.0
7,105,N,0,0.0
7,109,N,0,0.0
7,138,N,0,0.0
7,154,N,0,0.0
7,176,N,0,0.0
7,182,N,0,0.0
7,206,N,0,0.0
7,251,Y,0,0.0
7,252,Y,0,0.0
7,253,Y,0,0.0
7,254,Y,0,0.0
7,255,Y,0,0.0
8,30,N,0,0.0
8,45,N,0,0.0
8,54,N,0,0.0
8,75,N,0,0.0
8,100,N,0,0.0
8,120,N,0,0.0
8,137,N,0,0.0
8,157,N,0,0.0
8,163,N,0,0.0
8,186,N,0,0.0
8,211,N,0,0.0
8,256,Y,0,0.0
8,257,Y,0,0.0
8,258,Y,0,0.0
8,259,Y,0,0.0
8,260,Y,0,0.0
9,31,N,0,0.0
9,44,N,0,0.0
9,55,N,0,0.0
9,74,N,0,0.0
9,101,N,0,0.0
9,121,N,0,0.0
9,136,N,0,0.0
9,156,N,0,0.0
9,162,N,0,0.0
9,187,N,0,0.0
9,210,N,0,0.0
9,261,Y,0,0.0
9,262,Y,0,0.0
9,263,Y,0,0.0
9,264,Y,0,0.0
9,265,Y,0,0.0
10,24,N,0,0.0
10,42,N,0,0.0
10,62,N,0,0.0
10,79,N,0,0.0
10,106,N,0,0.0
10,114,N,0,0.0
10,126,N,0,0.0
10,161,N,0,0.0
10,167,N,0,0.0
10,195,N,0,0.0
10,215,N,0,0.0
10,266,Y,0,0.0
10,267,Y,0,0.0
10,268,Y,0,0.0
10,269,Y,0,0.0
10,270,Y,0,0.0
11,25,N,0,0.0
11,43,N,0,0.0
11,63,N,0,0.0
11,78,N,0,0.0
11,107,N,0,0.0
11,115,N,0,0.0
11,127,N,0,0.0
11,160,N,0,0.0
11,166,N,0,0.0
11,194,N,0,0.0
11,214,N,0,0.0
11,271,Y,0,0.0
11,272,Y,0,0.0
11,273,Y,0,0.0
11,274,Y,0,0.0
11,275,Y,0,0.0
12,18,N,0,0.0
12,40,N,0,0.0
12,56,N,0,0.0
12,83,N,0,0.0
12,95,N,0,0.0
12,123,N,0,0.0
12,132,N,0,0.0
12,159,N,0,0.0
12,174,N,0,0.0
12,191,N,0,0.0
12,205,N,0,0.0
12,276,Y,0,0.0
12,277,Y,0,0.0
12,278,Y,0,0.0
12,279,Y,0,0.0
12,280,Y,0,0.0
13,19,N,0,0.0
13,41,N,0,0.0
13,57,N,0,0.0
13,82,N,0,0.0
13,94,N,0,0.0
13,122,N,0,0.0
13,133,N,0,0.0
13,158,N,0,0.0
13,175,N,0,0.0
13,190,N,0,0.0
13,204,N,0,0.0
13,281,Y,0,0.0
13,282,Y,0,0.0
13,283,Y,0,0.0
13,284,Y,0,0.0
13,285,Y,0,0.0
14,22,N,0,0.0
14,52,N,0,0.0
14,60,N,0,0.0
14,81,N,0,0.0
14,97,N,0,0.0
14,113,N,0,0.0
14,141,N,0,0.0
14,152,N,0,0.0
14,172,N,0,0.0
14,197,N,0,0.0
14,199,N,0,0.0
14,286,Y,0,0.0
14,287,Y,0,0.0
14,288,Y,0,0.0
14,289,Y,0,0.0
14,290,Y,0,0.0
15,23,N,0,0.0
15,53,N,0,0.0
15,61,N,0,0.0
15,80,N,0,0.0
15,96,N,0,0.0
15,112,N,0,0.0
15,140,N,0,0.0
15,153,N,0,0.0
15,173,N,0,0.0
15,196,N,0,0.0
15,198,N,0,0.0
15,291,Y,0,0.0
15,292,Y,0,0.0
15,293,Y,0,0.0
15,294,Y,0,0.0
15,295,Y,0,0.0
16,32,N,0,0.0
16,37,N,0,0.0
16,58,N,0,0.0
16,88,N,0,0.0
16,98,N,0,0.0
16,116,N,0,0.0
16,131,N,0,0.0
16,148,N,0,0.0
16,169,N,0,0.0
16,181,N,0,0.0
16,212,N,0,0.0
16,296,Y,0,0.0
16,297,Y,0,0.0
16,298,Y,0,0.0
16,299,Y,0,0.0
16,300,Y,0,0.0
17,33,N,0,0.0
17,36,N,0,0.0
17,59,N,0,0.0
17,89,N,0,0.0
17,99,N,0,0.0
17,117,N,0,0.0
17,130,N,0,0.0
17,149,N,0,0.0
17,168,N,0,0.0
17,180,N,0,0.0
17,213,N,0,0.0
17,301,Y,0,0.0
17,302,Y,0,0.0
17,303,Y,0,0.0
17,304,Y,0,0.0
17,305,Y,0,0.0
18,12,N,0,0.0
18,40,N,0,0.0
18,68,N,0,0.0
18,83,N,0,0.0
18,92,N,0,0.0
18,118,N,0,0.0
18,141,N,0,0.0
18,155,N,0,0.0
18,173,N,0,0.0
18,185,N,0,0.0
18,206,N,0,0.0
18,306,Y,0,0.0
18,307,Y,0,0.0
18,308,Y,0,0.0
18,309,Y,0,0.0
18,310,Y,0,0.0
19,13,N,0,0.0
19,41,N,0,0.0
19,69,N,0,0.0
19,82,N,0,0.0
19,93,N,0,0.0
19,119,N,0,0.0
19,140,N,0,0.0
19,154,N,0,0.0
19,172,N,0,0.0
19,184,N,0,0.0
19,207,N,0,0.0
19,311,Y,0,0.0
19,312,Y,0,0.0
19,313,Y,0,0.0
19,314,Y,0,0.0
19,315,Y,0,0.0
20,1,N,0,0.0
20,44,N,0,0.0
20,54,N,0,0.0
20,88,N,0,0.0
20,106,N,0,0.0
20,110,N,0,0.0
20,143,N,0,0.0
20,147,N,0,0.0
20,164,N,0,0.0
20,189,N,0,0.0
20,211,N,0,0.0
20,316,Y,0,0.0
20,317,Y,0,0.0
20,318,Y,0,0.0
20,319,Y,0,0.0
20,320,Y,0,0.0
21,0,N,0,0.0
21,45,N,0,0.0
21,55,N,0,0.0
21,89,N,0,0.0
21,107,N,0,0.0
21,111,N,0,0.0
21,142,N,0,0.0
21,146,N,0,0.0
21,165,N,0,0.0
21,188,N,0,0.0
21,210,N,0,0.0
21,321,Y,0,0.0
21,322,Y,0,0.0
21,323,Y,0,0.0
21,324,Y,0,0.0
21,325,Y,0,0.0
22,14,N,0,0.0
22,38,N,0,0.0
22,64,N,0,0.0
22,72,N,0,0.0
22,98,N,0,0.0
22,114,N,0,0.0
22,137,N,0,0.0
22,148,N,0,0.0
22,176,N,0,0.0
22,195,N,0,0.0
22,215,N,0,0.0
22,326,Y,0,0.0
22,327,Y,0,0.0
22,328,Y,0,0.0
22,329,Y,0,0.0
22,330,Y,0,0.0
23,15,N,0,0.0
23,39,N,0,0.0
23,65,N,0,0.0
23,73,N,0,0.0
23,99,N,0,0.0
23,115,N,0,0.0
23,136,N,0,0.0
23,149,N,0,0.0
23,177,N,0,0.0
23,194,N,0,0.0
23,214,N,0,0.0
23,331,Y,0,0.0
23,332,Y,0,0.0
23,333,Y,0,0.0
23,334,Y,0,0.0
23,335,Y,0,0.0
24,10,N,0,0.0
24,51,N,0,0.0
24,66,N,0,0.0
24,74,N,0,0.0
24,96,N,0,0.0
24,124,N,0,0.0
24,131,N,0,0.0
24,161,N,0,0.0
24,169,N,0,0.0
24,180,N,0,0.0
24,201,N,0,0.0
24,336,Y,0,0.0
24,337,Y,0,0.0
24,338,Y,0,0.0
24,339,Y,0,0.0
24,340,Y,0,0.0
25,11,N,0,0.0
25,50,N,0,0.0
25,67,N,0,0.0
25,75,N,0,0.0
25,97,N,0,0.0
25,125,N,0,0.0
25,130,N,0,0.0
25,160,N,0,0.0
25,168,N,0,0.0
25,181,N,0,0.0
25,200,N,0,0.0
25,341,Y,0,0.0
25,342,Y,0,0.0
25,343,Y,0,0.0
25,344,Y,0,0.0
25,345,Y,0,0.0
26,3,N,0,0.0
26,48,N,0,0.0
26,70,N,0,0.0
26,76,N,0,0.0
26,104,N,0,0.0
26,120,N,0,0.0
26,127,N,0,0.0
26,153,N,0,0.0
26,163,N,0,0.0
26,193,N,0,0.0
26,213,N,0,0.0
26,346,Y,0,0.0
26,347,Y,0,0.0
26,348,Y,0,0.0
26,349,Y,0,0.0
26,350,Y,0,0.0
27,2,N,0,0.0
27,77,N,0,0.0
27,105,N,0,0.0
27,121,N,0,0.0
27,126,N,0,0.0
27,152,N,0,0.0
27,192,N,0,0.0
28,4,N,0,0.0
28,52,N,0,0.0
28,59,N,0,0.0
28,79,N,0,0.0
28,90,N,0,0.0
28,112,N,0,0.0
28,128,N,0,0.0
28,144,N,0,0.0
28,171,N,0,0.0
28,183,N,0,0.0
28,203,N,0,0.0
28,356,Y,0,0.0
28,357,Y,0,0.0
28,358,Y,0,0.0
28,359,Y,0,0.0
28,360,Y,0,0.0
29,5,N,0,0.0
29,53,N,0,0.0
29,58,N,0,0.0
29,78,N,0,0.0
29,91,N,0,0.0
29,113,N,0,0.0
29,129,N,0,0.0
29,145,N,0,0.0
29,170,N,0,0.0
29,182,N,0,0.0
29,202,N,0,0.0
29,361,Y,0,0.0
29,362,Y,0,0.0
29,363,Y,0,0.0
29,364,Y,0,0.0
29,365,Y,0,0.0
30,8,N,0,0.0
30,46,N,0,0.0
30,62,N,0,0.0
30,84,N,0,0.0
30,102,N,0,0.0
30,116,N,0,0.0
30,135,N,0,0.0
30,151,N,0,0.0
30,175,N,0,0.0
30,196,N,0,0.0
30,209,N,0,0.0
30,366,Y,0,0.0
30,367,Y,0,0.0
30,368,Y,0,0.0
30,369,Y,0,0.0
30,370,Y,0,0.0
31,9,N,0,0.0
31,47,N,0,0.0
31,63,N,0,0.0
31,85,N,0,0.0
31,103,N,0,0.0
31,117,N,0,0.0
31,134,N,0,0.0
31,150,N,0,0.0
31,174,N,0,0.0
31,197,N,0,0.0
31,208,N,0,0.0
31,371,Y,0,0.0
31,372,Y,0,0.0
31,373,Y,0,0.0
31,374,Y,0,0.0
31,375,Y,0,0.0
32,16,N,0,0.0
32,37,N,0,0.0
32,60,N,0,0.0
32,80,N,0,0.0
32,94,N,0,0.0
32,108,N,0,0.0
32,133,N,0,0.0
32,157,N,0,0.0
32,167,N,0,0.0
32,191,N,0,0.0
32,199,N,0,0.0
32,376,Y,0,0.0
32,377,Y,0,0.0
32,378,Y,0,0.0
32,379,Y,0,0.0
32,380,Y,0,0.0
33,17,N,0,0.0
33,36,N,0,0.0
33,61,N,0,0.0
33,81,N,0,0.0
33,95,N,0,0.0
33,109,N,0,0.0
33,132,N,0,0.0
33,156,N,0,0.0
33,166,N,0,0.0
33,190,N,0,0.0
33,198,N,0,0.0
33,381,Y,0,0.0
33,382,Y,0,0.0
33,383,Y,0,0.0
33,384,Y,0,0.0
33,385,Y,0,0.0
34,6,N,0,0.0
34,42,N,0,0.0
34,56,N,0,0.0
34,87,N,0,0.0
34,100,N,0,0.0
34,122,N,0,0.0
34,139,N,0,0.0
34,159,N,0,0.0
34,179,N,0,0.0
34,187,N,0,0.0
34,204,N,0,0.0
34,386,Y,0,0.0
34,387,Y,0,0.0
34,388,Y,0,0.0
34,389,Y,0,0.0
34,390,Y,0,0.0
35,7,N,0,0.0
35,43,N,0,0.0
35,57,N,0,0.0
35,86,N,0,0.0
35,101,N,0,0.0
35,123,N,0,0.0
35,138,N,0,0.0
35,158,N,0,0.0
35,178,N,0,0.0
35,186,N,0,0.0
35,205,N,0,0.0
35,391,Y,0,0.0
35,392,Y,0,0.0
35,393,Y,0,0.0
35,394,Y,0,0.0
35,395,Y,0,0.0
36,17,N,0,0.0
36,33,N,0,0.0
36,67,N,0,0.0
36,85,N,0,0.0
36,100,N,0,0.0
36,118,N,0,0.0
36,126,N,0,0.0
36,159,N,0,0.0
36,167,N,0,0.0
36,185,N,0,0.0
36,202,N,0,0.0
36,396,Y,0,0.0
36,397,Y,0,0.0
36,398,Y,0,0.0
36,399,Y,0,0.0
36,400,Y,0,0.0
37,16,N,0,0.0
37,32,N,0,0.0
37,66,N,0,0.0
37,84,N,0,0.0
37,101,N,0,0.0
37,119,N,0,0.0
37,127,N,0,0.0
37,158,N,0,0.0
37,166,N,0,0.0
37,184,N,0,0.0
37,203,N,0,0.0
37,401,Y,0,0.0
37,402,Y,0,0.0
37,403,Y,0,0.0
37,404,Y,0,0.0
37,405,Y,0,0.0
38,3,N,0,0.0
38,22,N,0,0.0
38,69,N,0,0.0
38,80,N,0,0.0
38,99,N,0,0.0
38,121,N,0,0.0
38,138,N,0,0.0
38,146,N,0,0.0
38,163,N,0,0.0
38,191,N,0,0.0
38,209,N,0,0.0
38,406,Y,0,0.0
38,407,Y,0,0.0
38,408,Y,0,0.0
38,409,Y,0,0.0
38,410,Y,0,0.0
39,2,N,0,0.0
39,23,N,0,0.0
39,68,N,0,0.0
39,81,N,0,0.0
39,98,N,0,0.0
39,120,N,0,0.0
39,139,N,0,0.0
39,147,N,0,0.0
39,162,N,0,0.0
39,190,N,0,0.0
39,208,N,0,0.0
39,411,Y,0,0.0
39,412,Y,0,0.0
39,413,Y,0,0.0
39,414,Y,0,0.0
39,415,Y,0,0.0
40,12,N,0,0.0
40,18,N,0,0.0
40,65,N,0,0.0
40,74,N,0,0.0
40,105,N,0,0.0
40,108,N,0,0.0
40,140,N,0,0.0
40,145,N,0,0.0
40,171,N,0,0.0
40,192,N,0,0.0
40,210,N,0,0.0
40,416,Y,0,0.0
40,417,Y,0,0.0
40,418,Y,0,0.0
40,419,Y,0,0.0
40,420,Y,0,0.0
41,13,N,0,0.0
41,19,N,0,0.0
41,64,N,0,0.0
41,75,N,0,0.0
41,104,N,0,0.0
41,109,N,0,0.0
41,141,N,0,0.0
41,144,N,0,0.0
41,170,N,0,0.0
41,193,N,0,0.0
41,211,N,0,0.0
41,421,Y,0,0.0
41,422,Y,0,0.0
41,423,Y,0,0.0
41,424,Y,0,0.0
41,425,Y,0,0.0
42,10,N,0,0.0
42,34,N,0,0.0
42,59,N,0,0.0
42,77,N,0,0.0
42,95,N,0,0.0
42,114,N,0,0.0
42,129,N,0,0.0
42,149,N,0,0.0
42,177,N,0,0.0
42,189,N,0,0.0
42,201,N,0,0.0
42,426,Y,0,0.0
42,427,Y,0,0.0
42,428,Y,0,0.0
42,429,Y,0,0.0
42,430,Y,0,0.0
43,11,N,0,0.0
43,35,N,0,0.0
43,58,N,0,0.0
43,76,N,0,0.0
43,94,N,0,0.0
43,115,N,0,0.0
43,128,N,0,0.0
43,148,N,0,0.0
43,176,N,0,0.0
43,188,N,0,0.0
43,200,N,0,0.0
43,431,Y,0,0.0
43,432,Y,0,0.0
43,433,Y,0,0.0
43,434,Y,0,0.0
43,435,Y,0,0.0
44,9,N,0,0.0
44,20,N,0,0.0
44,70,N,0,0.0
44,82,N,0,0.0
44,90,N,0,0.0
44,116,N,0,0.0
44,137,N,0,0.0
44,161,N,0,0.0
44,178,N,0,0.0
44,197,N,0,0.0
44,198,N,0,0.0
44,436,Y,0,0.0
44,437,Y,0,0.0
44,438,Y,0,0.0
44,439,Y,0,0.0
44,440,Y,0,0.0
45,8,N,0,0.0
45,21,N,0,0.0
45,83,N,0,0.0
45,91,N,0,0.0
45,117,N,0,0.0
45,136,N,0,0.0
45,160,N,0,0.0
45,179,N,0,0.0
45,199,N,0,0.0
45,441,Y,0,0.0
45,442,Y,0,0.0
45,443,Y,0,0.0
45,444,Y,0,0.0
45,445,Y,0,0.0
46,6,N,0,0.0
46,30,N,0,0.0
46,55,N,0,0.0
46,72,N,0,0.0
46,93,N,0,0.0
46,110,N,0,0.0
46,133,N,0,0.0
46,150,N,0,0.0
46,165,N,0,0.0
46,181,N,0,0.0
46,214,N,0,0.0
46,446,Y,0,0.0
46,447,Y,0,0.0
46,448,Y,0,0.0
46,449,Y,0,0.0
46,450,Y,0,0.0
47,7,N,0,0.0
47,31,N,0,0.0
47,54,N,0,0.0
47,73,N,0,0.0
47,92,N,0,0.0
47,111,N,0,0.0
47,132,N,0,0.0
47,151,N,0,0.0
47,164,N,0,0.0
47,180,N,0,0.0
47,215,N,0,0.0
47,451,Y,0,0.0
47,452,Y,0,0.0
47,453,Y,0,0.0
47,454,Y,0,0.0
47,455,Y,0,0.0
48,1,N,0,0.0
48,26,N,0,0.0
48,56,N,0,0.0
48,86,N,0,0.0
48,96,N,0,0.0
48,112,N,0,0.0
48,143,N,0,0.0
48,157,N,0,0.0
48,169,N,0,0.0
48,182,N,0,0.0
48,207,N,0,0.0
48,456,Y,0,0.0
48,457,Y,0,0.0
48,458,Y,0,0.0
48,459,Y,0,0.0
48,460,Y,0,0.0
49,0,N,0,0.0
49,57,N,0,0.0
49,87,N,0,0.0
49,97,N,0,0.0
49,142,N,0,0.0
49,156,N,0,0.0
49,168,N,0,0.0
49,183,N,0,0.0
49,206,N,0,0.0
49,461,Y,0,0.0
49,462,Y,0,0.0
49,463,Y,0,0.0
49,464,Y,0,0.0
49,465,Y,0,0.0
50,5,N,0,0.0
50,25,N,0,0.0
50,62,N,0,0.0
50,89,N,0,0.0
50,106,N,0,0.0
50,124,N,0,0.0
50,130,N,0,0.0
50,153,N,0,0.0
50,175,N,0,0.0
50,195,N,0,0.0
50,205,N,0,0.0
50,466,Y,0,0.0
50,467,Y,0,0.0
50,468,Y,0,0.0
50,469,Y,0,0.0
50,470,Y,0,0.0
51,4,N,0,0.0
51,24,N,0,0.0
51,63,N,0,0.0
51,88,N,0,0.0
51,107,N,0,0.0
51,125,N,0,0.0
51,131,N,0,0.0
51,152,N,0,0.0
51,174,N,0,0.0
51,194,N,0,0.0
51,204,N,0,0.0
51,471,Y,0,0.0
51,472,Y,0,0.0
51,473,Y,0,0.0
51,474,Y,0,0.0
51,475,Y,0,0.0
52,14,N,0,0.0
52,28,N,0,0.0
52,60,N,0,0.0
52,78,N,0,0.0
52,103,N,0,0.0
52,122,N,0,0.0
52,135,N,0,0.0
52,155,N,0,0.0
52,172,N,0,0.0
52,186,N,0,0.0
52,213,N,0,0.0
52,476,Y,0,0.0
52,477,Y,0,0.0
52,478,Y,0,0.0
52,479,Y,0,0.0
52,480,Y,0,0.0
53,15,N,0,0.0
53,29,N,0,0.0
53,61,N,0,0.0
53,79,N,0,0.0
53,102,N,0,0.0
53,123,N,0,0.0
53,134,N,0,0.0
53,154,N,0,0.0
53,173,N,0,0.0
53,187,N,0,0.0
53,212,N,0,0.0
53,481,Y,0,0.0
53,482,Y,0,0.0
53,483,Y,0,0.0
53,484,Y,0,0.0
53,485,Y,0,0.0
54,8,N,0,0.0
54,20,N,0,0.0
54,47,N,0,0.0
54,77,N,0,0.0
54,93,N,0,0.0
54,108,N,0,0.0
54,130,N,0,0.0
54,157,N,0,0.0
54,173,N,0,0.0
54,189,N,0,0.0
54,205,N,0,0.0
54,486,Y,0,0.0
54,487,Y,0,0.0
54,488,Y,0,0.0
54,489,Y,0,0.0
54,490,Y,0,0.0
55,9,N,0,0.0
55,21,N,0,0.0
55,46,N,0,0.0
55,76,N,0,0.0
55,92,N,0,0.0
55,109,N,0,0.0
55,131,N,0,0.0
55,156,N,0,0.0
55,172,N,0,0.0
55,188,N,0,0.0
55,204,N,0,0.0
55,491,Y,0,0.0
55,492,Y,0,0.0
55,493,Y,0,0.0
55,494,Y,0,0.0
55,495,Y,0,0.0
56,12,N,0,0.0
56,34,N,0,0.0
56,48,N,0,0.0
56,72,N,0,0.0
56,98,N,0,0.0
56,121,N,0,0.0
56,133,N,0,0.0
56,150,N,0,0.0
56,171,N,0,0.0
56,181,N,0,0.0
56,199,N,0,0.0
56,496,Y,0,0.0
56,497,Y,0,0.0
56,498,Y,0,0.0
56,499,Y,0,0.0
56,500,Y,0,0.0
57,13,N,0,0.0
57,35,N,0,0.0
57,49,N,0,0.0
57,73,N,0,0.0
57,99,N,0,0.0
57,120,N,0,0.0
57,132,N,0,0.0
57,151,N,0,0.0
57,170,N,0,0.0
57,180,N,0,0.0
57,198,N,0,0.0
57,501,Y,0,0.0
57,502,Y,0,0.0
57,503,Y,0,0.0
57,504,Y,0,0.0
57,505,Y,0,0.0
58,16,N,0,0.0
58,29,N,0,0.0
58,43,N,0,0.0
58,74,N,0,0.0
58,101,N,0,0.0
58,124,N,0,0.0
58,141,N,0,0.0
58,148,N,0,0.0
58,175,N,0,0.0
58,185,N,0,0.0
58,213,N,0,0.0
58,506,Y,0,0.0
58,507,Y,0,0.0
58,508,Y,0,0.0
58,509,Y,0,0.0
58,510,Y,0,0.0
59,17,N,0,0.0
59,28,N,0,0.0
59,42,N,0,0.0
59,75,N,0,0.0
59,100,N,0,0.0
59,125,N,0,0.0
59,140,N,0,0.0
59,149,N,0,0.0
59,174,N,0,0.0
59,184,N,0,0.0
59,212,N,0,0.0
59,511,Y,0,0.0
59,512,Y,0,0.0
59,513,Y,0,0.0
59,514,Y,0,0.0
59,515,Y,0,0.0
60,14,N,0,0.0
60,32,N,0,0.0
60,52,N,0,0.0
60,82,N,0,0.0
60,94,N,0,0.0
60,110,N,0,0.0
60,127,N,0,0.0
60,159,N,0,0.0
60,165,N,0,0.0
60,183,N,0,0.0
60,207,N,0,0.0
60,516,Y,0,0.0
60,517,Y,0,0.0
60,518,Y,0,0.0
60,519,Y,0,0.0
60,520,Y,0,0.0
61,15,N,0,0.0
61,33,N,0,0.0
61,53,N,0,0.0
61,83,N,0,0.0
61,95,N,0,0.0
61,111,N,0,0.0
61,126,N,0,0.0
61,158,N,0,0.0
61,164,N,0,0.0
61,182,N,0,0.0
61,206,N,0,0.0
61,521,Y,0,0.0
61,522,Y,0,0.0
61,523,Y,0,0.0
61,524,Y,0,0.0
61,525,Y,0,0.0
62,10,N,0,0.0
62,30,N,0,0.0
62,50,N,0,0.0
62,86,N,0,0.0
62,107,N,0,0.0
62,116,N,0,0.0
62,137,N,0,0.0
62,155,N,0,0.0
62,179,N,0,0.0
62,191,N,0,0.0
62,203,N,0,0.0
62,526,Y,0,0.0
62,527,Y,0,0.0
62,528,Y,0,0.0
62,529,Y,0,0.0
62,530,Y,0,0.0
63,11,N,0,0.0
63,31,N,0,0.0
63,51,N,0,0.0
63,87,N,0,0.0
63,106,N,0,0.0
63,117,N,0,0.0
63,136,N,0,0.0
63,154,N,0,0.0
63,178,N,0,0.0
63,190,N,0,0.0
63,202,N,0,0.0
63,531,Y,0,0.0
63,532,Y,0,0.0
63,533,Y,0,0.0
63,534,Y,0,0.0
63,535,Y,0,0.0
64,4,N,0,0.0
64,22,N,0,0.0
64,41,N,0,0.0
64,88,N,0,0.0
64,90,N,0,0.0
64,115,N,0,0.0
64,138,N,0,0.0
64,160,N,0,0.0
64,169,N,0,0.0
64,193,N,0,0.0
64,210,N,0,0.0
64,536,Y,0,0.0
64,537,Y,0,0.0
64,538,Y,0,0.0
64,539,Y,0,0.0
64,540,Y,0,0.0
65,5,N,0,0.0
65,23,N,0,0.0
65,40,N,0,0.0
65,89,N,0,0.0
65,91,N,0,0.0
65,114,N,0,0.0
65,139,N,0,0.0
65,161,N,0,0.0
65,168,N,0,0.0
65,192,N,0,0.0
65,211,N,0,0.0
65,541,Y,0,0.0
65,542,Y,0,0.0
65,543,Y,0,0.0
65,544,Y,0,0.0
65,545,Y,0,0.0
66,7,N,0,0.0
66,24,N,0,0.0
66,37,N,0,0.0
66,78,N,0,0.0
66,103,N,0,0.0
66,112,N,0,0.0
66,135,N,0,0.0
66,146,N,0,0.0
66,163,N,0,0.0
66,187,N,0,0.0
66,201,N,0,0.0
66,546,Y,0,0.0
66,547,Y,0,0.0
66,548,Y,0,0.0
66,549,Y,0,0.0
66,550,Y,0,0.0
67,6,N,0,0.0
67,25,N,0,0.0
67,36,N,0,0.0
67,79,N,0,0.0
67,102,N,0,0.0
67,113,N,0,0.0
67,134,N,0,0.0
67,147,N,0,0.0
67,162,N,0,0.0
67,186,N,0,0.0
67,200,N,0,0.0
67,551,Y,0,0.0
67,552,Y,0,0.0
67,553,Y,0,0.0
67,554,Y,0,0.0
67,555,Y,0,0.0
68,0,N,0,0.0
68,18,N,0,0.0
68,39,N,0,0.0
68,84,N,0,0.0
68,96,N,0,0.0
68,122,N,0,0.0
68,142,N,0,0.0
68,153,N,0,0.0
68,167,N,0,0.0
68,195,N,0,0.0
68,209,N,0,0.0
68,556,Y,0,0.0
68,557,Y,0,0.0
68,558,Y,0,0.0
68,559,Y,0,0.0
68,560,Y,0,0.0
69,1,N,0,0.0
69,19,N,0,0.0
69,38,N,0,0.0
69,85,N,0,0.0
69,97,N,0,0.0
69,123,N,0,0.0
69,143,N,0,0.0
69,152,N,0,0.0
69,166,N,0,0.0
69,194,N,0,0.0
69,208,N,0,0.0
69,561,Y,0,0.0
69,562,Y,0,0.0
69,563,Y,0,0.0
69,564,Y,0,0.0
69,565,Y,0,0.0
70,3,N,0,0.0
70,26,N,0,0.0
70,44,N,0,0.0
70,81,N,0,0.0
70,104,N,0,0.0
70,118,N,0,0.0
70,128,N,0,0.0
70,144,N,0,0.0
70,176,N,0,0.0
70,196,N,0,0.0
70,214,N,0,0.0
70,566,Y,0,0.0
70,567,Y,0,0.0
70,568,Y,0,0.0
70,569,Y,0,0.0
70,570,Y,0,0.0
71,2,N,0,0.0
71,80,N,0,0.0
71,105,N,0,0.0
71,119,N,0,0.0
71,129,N,0,0.0
71,177,N,0,0.0
71,197,N,0,0.0
71,215,N,0,0.0
71,571,Y,0,0.0
71,572,Y,0,0.0
71,573,Y,0,0.0
71,574,Y,0,0.0
71,575,Y,0,0.0
72,7,N,0,0.0
72,22,N,0,0.0
72,46,N,0,0.0
72,56,N,0,0.0
72,103,N,0,0.0
72,115,N,0,0.0
72,126,N,0,0.0
72,148,N,0,0.0
72,164,N,0,0.0
72,197,N,0,0.0
72,210,N,0,0.0
72,576,Y,0,0.0
72,577,Y,0,0.0
72,578,Y,0,0.0
72,579,Y,0,0.0
72,580,Y,0,0.0
73,6,N,0,0.0
73,23,N,0,0.0
73,47,N,0,0.0
73,57,N,0,0.0
73,102,N,0,0.0
73,114,N,0,0.0
73,127,N,0,0.0
73,149,N,0,0.0
73,165,N,0,0.0
73,196,N,0,0.0
73,211,N,0,0.0
73,581,Y,0,0.0
73,582,Y,0,0.0
73,583,Y,0,0.0
73,584,Y,0,0.0
73,585,Y,0,0.0
74,9,N,0,0.0
74,24,N,0,0.0
74,40,N,0,0.0
74,58,N,0,0.0
74,95,N,0,0.0
74,121,N,0,0.0
74,132,N,0,0.0
74,154,N,0,0.0
74,162,N,0,0.0
74,192,N,0,0.0
74,203,N,0,0.0
74,586,Y,0,0.0
74,587,Y,0,0.0
74,588,Y,0,0.0
74,589,Y,0,0.0
74,590,Y,0,0.0
75,8,N,0,0.0
75,25,N,0,0.0
75,41,N,0,0.0
75,59,N,0,0.0
75,94,N,0,0.0
75,120,N,0,0.0
75,133,N,0,0.0
75,155,N,0,0.0
75,163,N,0,0.0
75,193,N,0,0.0
75,202,N,0,0.0
75,591,Y,0,0.0
75,592,Y,0,0.0
75,593,Y,0,0.0
75,594,Y,0,0.0
75,595,Y,0,0.0
76,5,N,0,0.0
76,26,N,0,0.0
76,43,N,0,0.0
76,55,N,0,0.0
76,93,N,0,0.0
76,119,N,0,0.0
76,140,N,0,0.0
76,160,N,0,0.0
76,168,N,0,0.0
76,191,N,0,0.0
76,212,N,0,0.0
76,596,Y,0,0.0
76,597,Y,0,0.0
76,598,Y,0,0.0
76,599,Y,0,0.0
76,600,Y,0,0.0
77,4,N,0,0.0
77,27,N,0,0.0
77,42,N,0,0.0
77,54,N,0,0.0
77,92,N,0,0.0
77,118,N,0,0.0
77,141,N,0,0.0
77,161,N,0,0.0
77,169,N,0,0.0
77,190,N,0,0.0
77,213,N,0,0.0
77,601,Y,0,0.0
77,602,Y,0,0.0
77,603,Y,0,0.0
77,604,Y,0,0.0
77,605,Y,0,0.0
78,11,N,0,0.0
78,29,N,0,0.0
78,52,N,0,0.0
78,66,N,0,0.0
78,107,N,0,0.0
78,109,N,0,0.0
78,129,N,0,0.0
78,146,N,0,0.0
78,170,N,0,0.0
78,194,N,0,0.0
78,215,N,0,0.0
78,606,Y,0,0.0
78,607,Y,0,0.0
78,608,Y,0,0.0
78,609,Y,0,0.0
78,610,Y,0,0.0
79,10,N,0,0.0
79,28,N,0,0.0
79,53,N,0,0.0
79,67,N,0,0.0
79,106,N,0,0.0
79,108,N,0,0.0
79,128,N,0,0.0
79,147,N,0,0.0
79,171,N,0,0.0
79,195,N,0,0.0
79,214,N,0,0.0
79,611,Y,0,0.0
79,612,Y,0,0.0
79,613,Y,0,0.0
79,614,Y,0,0.0
79,615,Y,0,0.0
80,15,N,0,0.0
80,32,N,0,0.0
80,38,N,0,0.0
80,71,N,0,0.0
80,101,N,0,0.0
80,117,N,0,0.0
80,139,N,0,0.0
80,144,N,0,0.0
80,176,N,0,0.0
80,180,N,0,0.0
80,199,N,0,0.0
80,616,Y,0,0.0
80,617,Y,0,0.0
80,618,Y,0,0.0
80,619,Y,0,0.0
80,620,Y,0,0.0
81,14,N,0,0.0
81,33,N,0,0.0
81,39,N,0,0.0
81,70,N,0,0.0
81,100,N,0,0.0
81,116,N,0,0.0
81,138,N,0,0.0
81,145,N,0,0.0
81,177,N,0,0.0
81,181,N,0,0.0
81,198,N,0,0.0
81,621,Y,0,0.0
81,622,Y,0,0.0
81,623,Y,0,0.0
81,624,Y,0,0.0
81,625,Y,0,0.0
82,13,N,0,0.0
82,19,N,0,0.0
82,44,N,0,0.0
82,60,N,0,0.0
82,105,N,0,0.0
82,122,N,0,0.0
82,130,N,0,0.0
82,156,N,0,0.0
82,172,N,0,0.0
82,182,N,0,0.0
82,209,N,0,0.0
82,626,Y,0,0.0
82,627,Y,0,0.0
82,628,Y,0,0.0
82,629,Y,0,0.0
82,630,Y,0,0.0
83,12,N,0,0.0
83,18,N,0,0.0
83,45,N,0,0.0
83,61,N,0,0.0
83,104,N,0,0.0
83,123,N,0,0.0
83,131,N,0,0.0
83,157,N,0,0.0
83,173,N,0,0.0
83,183,N,0,0.0
83,208,N,0,0.0
83,631,Y,0,0.0
83,632,Y,0,0.0
83,633,Y,0,0.0
83,634,Y,0,0.0
83,635,Y,0,0.0
84,1,N,0,0.0
84,30,N,0,0.0
84,37,N,0,0.0
84,68,N,0,0.0
84,97,N,0,0.0
84,111,N,0,0.0
84,137,N,0,0.0
84,152,N,0,0.0
84,178,N,0,0.0
84,187,N,0,0.0
84,205,N,0,0.0
84,636,Y,0,0.0
84,637,Y,0,0.0
84,638,Y,0,0.0
84,639,Y,0,0.0
84,640,Y,0,0.0
85,0,N,0,0.0
85,31,N,0,0.0
85,36,N,0,0.0
85,69,N,0,0.0
85,96,N,0,0.0
85,110,N,0,0.0
85,136,N,0,0.0
85,153,N,0,0.0
85,179,N,0,0.0
85,186,N,0,0.0
85,204,N,0,0.0
85,641,Y,0,0.0
85,642,Y,0,0.0
85,643,Y,0,0.0
85,644,Y,0,0.0
85,645,Y,0,0.0
86,3,N,0,0.0
86,35,N,0,0.0
86,48,N,0,0.0
86,62,N,0,0.0
86,91,N,0,0.0
86,125,N,0,0.0
86,134,N,0,0.0
86,158,N,0,0.0
86,166,N,0,0.0
86,188,N,0,0.0
86,201,N,0,0.0
86,646,Y,0,0.0
86,647,Y,0,0.0
86,648,Y,0,0.0
86,649,Y,0,0.0
86,650,Y,0,0.0
87,2,N,0,0.0
87,34,N,0,0.0
87,49,N,0,0.0
87,63,N,0,0.0
87,90,N,0,0.0
87,124,N,0,0.0
87,135,N,0,0.0
87,159,N,0,0.0
87,167,N,0,0.0
87,189,N,0,0.0
87,200,N,0,0.0
87,651,Y,0,0.0
87,652,Y,0,0.0
87,653,Y,0,0.0
87,654,Y,0,0.0
87,655,Y,0,0.0
88,16,N,0,0.0
88,20,N,0,0.0
88,51,N,0,0.0
88,64,N,0,0.0
88,99,N,0,0.0
88,113,N,0,0.0
88,142,N,0,0.0
88,150,N,0,0.0
88,174,N,0,0.0
88,185,N,0,0.0
88,207,N,0,0.0
88,656,Y,0,0.0
88,657,Y,0,0.0
88,658,Y,0,0.0
88,659,Y,0,0.0
88,660,Y,0,0.0
89,17,N,0,0.0
89,21,N,0,0.0
89,50,N,0,0.0
89,65,N,0,0.0
89,98,N,0,0.0
89,112,N,0,0.0
89,143,N,0,0.0
89,151,N,0,0.0
89,175,N,0,0.0
89,184,N,0,0.0
89,206,N,0,0.0
89,661,Y,0,0.0
89,662,Y,0,0.0
89,663,Y,0,0.0
89,664,Y,0,0.0
89,665,Y,0,0.0
90,2,N,0,0.0
90,28,N,0,0.0
90,44,N,0,0.0
90,64,N,0,0.0
90,87,N,0,0.0
90,119,N,0,0.0
90,132,N,0,0.0
90,160,N,0,0.0
90,173,N,0,0.0
90,189,N,0,0.0
90,199,N,0,0.0
90,666,Y,0,0.0
90,667,Y,0,0.0
90,668,Y,0,0.0
90,669,Y,0,0.0
90,670,Y,0,0.0
91,3,N,0,0.0
91,29,N,0,0.0
91,45,N,0,0.0
91,65,N,0,0.0
91,86,N,0,0.0
91,118,N,0,0.0
91,133,N,0,0.0
91,161,N,0,0.0
91,172,N,0,0.0
91,188,N,0,0.0
91,198,N,0,0.0
91,671,Y,0,0.0
91,672,Y,0,0.0
91,673,Y,0,0.0
91,674,Y,0,0.0
91,675,Y,0,0.0
92,5,N,0,0.0
92,18,N,0,0.0
92,47,N,0,0.0
92,55,N,0,0.0
92,77,N,0,0.0
92,123,N,0,0.0
92,128,N,0,0.0
92,148,N,0,0.0
92,163,N,0,0.0
92,193,N,0,0.0
92,206,N,0,0.0
92,676,Y,0,0.0
92,677,Y,0,0.0
92,678,Y,0,0.0
92,679,Y,0,0.0
92,680,Y,0,0.0
93,4,N,0,0.0
93,19,N,0,0.0
93,46,N,0,0.0
93,54,N,0,0.0
93,76,N,0,0.0
93,122,N,0,0.0
93,129,N,0,0.0
93,149,N,0,0.0
93,162,N,0,0.0
93,192,N,0,0.0
93,207,N,0,0.0
93,681,Y,0,0.0
93,682,Y,0,0.0
93,683,Y,0,0.0
93,684,Y,0,0.0
93,685,Y,0,0.0
94,13,N,0,0.0
94,32,N,0,0.0
94,43,N,0,0.0
94,60,N,0,0.0
94,75,N,0,0.0
94,110,N,0,0.0
94,134,N,0,0.0
94,154,N,0,0.0
94,177,N,0,0.0
94,195,N,0,0.0
94,213,N,0,0.0
94,686,Y,0,0.0
94,687,Y,0,0.0
94,688,Y,0,0.0
94,689,Y,0,0.0
94,690,Y,0,0.0
95,12,N,0,0.0
95,33,N,0,0.0
95,42,N,0,0.0
95,61,N,0,0.0
95,74,N,0,0.0
95,111,N,0,0.0
95,135,N,0,0.0
95,155,N,0,0.0
95,176,N,0,0.0
95,194,N,0,0.0
95,212,N,0,0.0
95,691,Y,0,0.0
95,692,Y,0,0.0
95,693,Y,0,0.0
95,694,Y,0,0.0
95,695,Y,0,0.0
96,15,N,0,0.0
96,24,N,0,0.0
96,48,N,0,0.0
96,68,N,0,0.0
96,85,N,0,0.0
96,109,N,0,0.0
96,140,N,0,0.0
96,156,N,0,0.0
96,169,N,0,0.0
96,181,N,0,0.0
96,209,N,0,0.0
96,696,Y,0,0.0
96,697,Y,0,0.0
96,698,Y,0,0.0
96,699,Y,0,0.0
96,700,Y,0,0.0
97,14,N,0,0.0
97,25,N,0,0.0
97,49,N,0,0.0
97,69,N,0,0.0
97,84,N,0,0.0
97,108,N,0,0.0
97,141,N,0,0.0
97,157,N,0,0.0
97,168,N,0,0.0
97,180,N,0,0.0
97,208,N,0,0.0
97,701,Y,0,0.0
97,702,Y,0,0.0
97,703,Y,0,0.0
97,704,Y,0,0.0
97,705,Y,0,0.0
98,16,N,0,0.0
98,22,N,0,0.0
98,39,N,0,0.0
98,56,N,0,0.0
98,89,N,0,0.0
98,125,N,0,0.0
98,137,N,0,0.0
98,150,N,0,0.0
98,170,N,0,0.0
98,183,N,0,0.0
98,211,N,0,0.0
98,706,Y,0,0.0
98,707,Y,0,0.0
98,708,Y,0,0.0
98,709,Y,0,0.0
98,710,Y,0,0.0
99,17,N,0,0.0
99,23,N,0,0.0
99,38,N,0,0.0
99,57,N,0,0.0
99,88,N,0,0.0
99,124,N,0,0.0
99,136,N,0,0.0
99,151,N,0,0.0
99,171,N,0,0.0
99,182,N,0,0.0
99,210,N,0,0.0
99,711,Y,0,0.0
99,712,Y,0,0.0
99,713,Y,0,0.0
99,714,Y,0,0.0
99,715,Y,0,0.0
100,8,N,0,0.0
100,34,N,0,0.0
100,36,N,0,0.0
100,59,N,0,0.0
100,81,N,0,0.0
100,113,N,0,0.0
100,138,N,0,0.0
100,158,N,0,0.0
100,165,N,0,0.0
100,185,N,0,0.0
100,215,N,0,0.0
100,716,Y,0,0.0
100,717,Y,0,0.0
100,718,Y,0,0.0
100,719,Y,0,0.0
100,720,Y,0,0.0
101,9,N,0,0.0
101,35,N,0,0.0
101,37,N,0,0.0
101,58,N,0,0.0
101,80,N,0,0.0
101,112,N,0,0.0
101,139,N,0,0.0
101,159,N,0,0.0
101,164,N,0,0.0
101,184,N,0,0.0
101,214,N,0,0.0
101,721,Y,0,0.0
101,722,Y,0,0.0
101,723,Y,0,0.0
101,724,Y,0,0.0
101,725,Y,0,0.0
102,0,N,0,0.0
102,30,N,0,0.0
102,53,N,0,0.0
102,67,N,0,0.0
102,73,N,0,0.0
102,121,N,0,0.0
102,127,N,0,0.0
102,146,N,0,0.0
102,175,N,0,0.0
102,190,N,0,0.0
102,201,N,0,0.0
102,726,Y,0,0.0
102,727,Y,0,0.0
102,728,Y,0,0.0
102,729,Y,0,0.0
102,730,Y,0,0.0
103,1,N,0,0.0
103,31,N,0,0.0
103,52,N,0,0.0
103,66,N,0,0.0
103,72,N,0,0.0
103,120,N,0,0.0
103,126,N,0,0.0
103,147,N,0,0.0
103,174,N,0,0.0
103,191,N,0,0.0
103,200,N,0,0.0
103,731,Y,0,0.0
103,732,Y,0,0.0
103,733,Y,0,0.0
103,734,Y,0,0.0
103,735,Y,0,0.0
104,6,N,0,0.0
104,26,N,0,0.0
104,41,N,0,0.0
104,70,N,0,0.0
104,83,N,0,0.0
104,117,N,0,0.0
104,130,N,0,0.0
104,153,N,0,0.0
104,167,N,0,0.0
104,187,N,0,0.0
104,203,N,0,0.0
104,736,Y,0,0.0
104,737,Y,0,0.0
104,738,Y,0,0.0
104,739,Y,0,0.0
104,740,Y,0,0.0
105,7,N,0,0.0
105,27,N,0,0.0
105,40,N,0,0.0
105,71,N,0,0.0
105,82,N,0,0.0
105,116,N,0,0.0
105,131,N,0,0.0
105,152,N,0,0.0
105,166,N,0,0.0
105,186,N,0,0.0
105,202,N,0,0.0
105,741,Y,0,0.0
105,742,Y,0,0.0
105,743,Y,0,0.0
105,744,Y,0,0.0
105,745,Y,0,0.0
106,10,N,0,0.0
106,20,N,0,0.0
106,50,N,0,0.0
106,63,N,0,0.0
106,79,N,0,0.0
106,115,N,0,0.0
106,142,N,0,0.0
106,144,N,0,0.0
106,179,N,0,0.0
106,197,N,0,0.0
106,205,N,0,0.0
106,746,Y,0,0.0
106,747,Y,0,0.0
106,748,Y,0,0.0
106,749,Y,0,0.0
106,750,Y,0,0.0
107,11,N,0,0.0
107,21,N,0,0.0
107,51,N,0,0.0
107,62,N,0,0.0
107,78,N,0,0.0
107,114,N,0,0.0
107,143,N,0,0.0
107,145,N,0,0.0
107,178,N,0,0.0
107,196,N,0,0.0
107,204,N,0,0.0
107,751,Y,0,0.0
107,752,Y,0,0.0
107,753,Y,0,0.0
107,754,Y,0,0.0
107,755,Y,0,0.0
108,6,N,0,0.0
108,32,N,0,0.0
108,40,N,0,0.0
108,54,N,0,0.0
108,79,N,0,0.0
108,97,N,0,0.0
108,127,N,0,0.0
108,145,N,0,0.0
108,173,N,0,0.0
108,184,N,0,0.0
108,209,N,0,0.0
108,756,Y,0,0.0
108,757,Y,0,0.0
108,758,Y,0,0.0
108,759,Y,0,0.0
108,760,Y,0,0.0
109,7,N,0,0.0
109,33,N,0,0.0
109,41,N,0,0.0
109,55,N,0,0.0
109,78,N,0,0.0
109,96,N,0,0.0
109,126,N,0,0.0
109,144,N,0,0.0
109,172,N,0,0.0
109,185,N,0,0.0
109,208,N,0,0.0
109,761,Y,0,0.0
109,762,Y,0,0.0
109,763,Y,0,0.0
109,764,Y,0,0.0
109,765,Y,0,0.0
110,2,N,0,0.0
110,20,N,0,0.0
110,46,N,0,0.0
110,60,N,0,0.0
110,85,N,0,0.0
110,94,N,0,0.0
110,140,N,0,0.0
110,161,N,0,0.0
110,165,N,0,0.0
110,182,N,0,0.0
110,201,N,0,0.0
110,766,Y,0,0.0
110,767,Y,0,0.0
110,768,Y,0,0.0
110,769,Y,0,0.0
110,770,Y,0,0.0
111,3,N,0,0.0
111,21,N,0,0.0
111,47,N,0,0.0
111,61,N,0,0.0
111,84,N,0,0.0
111,95,N,0,0.0
111,141,N,0,0.0
111,160,N,0,0.0
111,164,N,0,0.0
111,183,N,0,0.0
111,200,N,0,0.0
111,771,Y,0,0.0
111,772,Y,0,0.0
111,773,Y,0,0.0
111,774,Y,0,0.0
111,775,Y,0,0.0
112,15,N,0,0.0
112,28,N,0,0.0
112,48,N,0,0.0
112,66,N,0,0.0
112,89,N,0,0.0
112,101,N,0,0.0
112,132,N,0,0.0
112,157,N,0,0.0
112,163,N,0,0.0
112,197,N,0,0.0
112,207,N,0,0.0
112,776,Y,0,0.0
112,777,Y,0,0.0
112,778,Y,0,0.0
112,779,Y,0,0.0
112,780,Y,0,0.0
113,14,N,0,0.0
113,29,N,0,0.0
113,67,N,0,0.0
113,88,N,0,0.0
113,100,N,0,0.0
113,133,N,0,0.0
113,156,N,0,0.0
113,206,N,0,0.0
113,781,Y,0,0.0
113,782,Y,0,0.0
113,783,Y,0,0.0
113,784,Y,0,0.0
113,785,Y,0,0.0
114,10,N,0,0.0
114,22,N,0,0.0
114,42,N,0,0.0
114,65,N,0,0.0
114,73,N,0,0.0
114,107,N,0,0.0
114,135,N,0,0.0
114,154,N,0,0.0
114,171,N,0,0.0
114,192,N,0,0.0
114,205,N,0,0.0
114,786,Y,0,0.0
114,787,Y,0,0.0
114,788,Y,0,0.0
114,789,Y,0,0.0
114,790,Y,0,0.0
115,11,N,0,0.0
115,23,N,0,0.0
115,43,N,0,0.0
115,64,N,0,0.0
115,72,N,0,0.0
115,106,N,0,0.0
115,134,N,0,0.0
115,155,N,0,0.0
115,170,N,0,0.0
115,193,N,0,0.0
115,204,N,0,0.0
115,791,Y,0,0.0
115,792,Y,0,0.0
115,793,Y,0,0.0
115,794,Y,0,0.0
115,795,Y,0,0.0
116,16,N,0,0.0
116,30,N,0,0.0
116,44,N,0,0.0
116,62,N,0,0.0
116,81,N,0,0.0
116,105,N,0,0.0
116,130,N,0,0.0
116,151,N,0,0.0
116,169,N,0,0.0
116,187,N,0,0.0
116,215,N,0,0.0
116,796,Y,0,0.0
116,797,Y,0,0.0
116,798,Y,0,0.0
116,799,Y,0,0.0
116,800,Y,0,0.0
117,17,N,0,0.0
117,31,N,0,0.0
117,45,N,0,0.0
117,63,N,0,0.0
117,80,N,0,0.0
117,104,N,0,0.0
117,131,N,0,0.0
117,150,N,0,0.0
117,168,N,0,0.0
117,186,N,0,0.0
117,214,N,0,0.0
117,801,Y,0,0.0
117,802,Y,0,0.0
117,803,Y,0,0.0
117,804,Y,0,0.0
117,805,Y,0,0.0
118,1,N,0,0.0
118,18,N,0,0.0
118,36,N,0,0.0
118,70,N,0,0.0
118,77,N,0,0.0
118,91,N,0,0.0
118,136,N,0,0.0
118,158,N,0,0.0
118,179,N,0,0.0
118,181,N,0,0.0
118,213,N,0,0.0
118,806,Y,0,0.0
118,807,Y,0,0.0
118,808,Y,0,0.0
118,809,Y,0,0.0
118,810,Y,0,0.0
119,0,N,0,0.0
119,19,N,0,0.0
119,37,N,0,0.0
119,71,N,0,0.0
119,76,N,0,0.0
119,90,N,0,0.0
119,137,N,0,0.0
119,159,N,0,0.0
119,178,N,0,0.0
119,180,N,0,0.0
119,212,N,0,0.0
119,811,Y,0,0.0
119,812,Y,0,0.0
119,813,Y,0,0.0
119,814,Y,0,0.0
119,815,Y,0,0.0
120,8,N,0,0.0
120,26,N,0,0.0
120,39,N,0,0.0
120,57,N,0,0.0
120,75,N,0,0.0
120,103,N,0,0.0
120,129,N,0,0.0
120,148,N,0,0.0
120,176,N,0,0.0
120,190,N,0,0.0
120,203,N,0,0.0
120,816,Y,0,0.0
120,817,Y,0,0.0
120,818,Y,0,0.0
120,819,Y,0,0.0
120,820,Y,0,0.0
121,9,N,0,0.0
121,27,N,0,0.0
121,38,N,0,0.0
121,56,N,0,0.0
121,74,N,0,0.0
121,102,N,0,0.0
121,128,N,0,0.0
121,149,N,0,0.0
121,177,N,0,0.0
121,191,N,0,0.0
121,202,N,0,0.0
121,821,Y,0,0.0
121,822,Y,0,0.0
121,823,Y,0,0.0
121,824,Y,0,0.0
121,825,Y,0,0.0
122,13,N,0,0.0
122,34,N,0,0.0
122,52,N,0,0.0
122,68,N,0,0.0
122,82,N,0,0.0
122,93,N,0,0.0
122,142,N,0,0.0
122,146,N,0,0.0
122,167,N,0,0.0
122,195,N,0,0.0
122,210,N,0,0.0
122,826,Y,0,0.0
122,827,Y,0,0.0
122,828,Y,0,0.0
122,829,Y,0,0.0
122,830,Y,0,0.0
123,12,N,0,0.0
123,35,N,0,0.0
123,53,N,0,0.0
123,69,N,0,0.0
123,83,N,0,0.0
123,92,N,0,0.0
123,143,N,0,0.0
123,147,N,0,0.0
123,166,N,0,0.0
123,194,N,0,0.0
123,211,N,0,0.0
123,831,Y,0,0.0
123,832,Y,0,0.0
123,833,Y,0,0.0
123,834,Y,0,0.0
123,835,Y,0,0.0
124,4,N,0,0.0
124,24,N,0,0.0
124,50,N,0,0.0
124,58,N,0,0.0
124,87,N,0,0.0
124,99,N,0,0.0
124,139,N,0,0.0
124,152,N,0,0.0
124,175,N,0,0.0
124,189,N,0,0.0
124,199,N,0,0.0
124,836,Y,0,0.0
124,837,Y,0,0.0
124,838,Y,0,0.0
124,839,Y,0,0.0
124,840,Y,0,0.0
125,5,N,0,0.0
125,25,N,0,0.0
125,51,N,0,0.0
125,59,N,0,0.0
125,86,N,0,0.0
125,98,N,0,0.0
125,138,N,0,0.0
125,153,N,0,0.0
125,174,N,0,0.0
125,188,N,0,0.0
125,198,N,0,0.0
125,841,Y,0,0.0
125,842,Y,0,0.0
125,843,Y,0,0.0
125,844,Y,0,0.0
125,845,Y,0,0.0
126,10,N,0,0.0
126,27,N,0,0.0
126,36,N,0,0.0
126,61,N,0,0.0
126,72,N,0,0.0
126,103,N,0,0.0
126,109,N,0,0.0
126,148,N,0,0.0
126,165,N,0,0.0
126,194,N,0,0.0
126,207,N,0,0.0
126,846,Y,0,0.0
126,847,Y,0,0.0
126,848,Y,0,0.0
126,849,Y,0,0.0
126,850,Y,0,0.0
127,11,N,0,0.0
127,26,N,0,0.0
127,37,N,0,0.0
127,60,N,0,0.0
127,73,N,0,0.0
127,102,N,0,0.0
127,108,N,0,0.0
127,149,N,0,0.0
127,164,N,0,0.0
127,195,N,0,0.0
127,206,N,0,0.0
127,851,Y,0,0.0
127,852,Y,0,0.0
127,853,Y,0,0.0
127,854,Y,0,0.0
127,855,Y,0,0.0
128,0,N,0,0.0
128,28,N,0,0.0
128,43,N,0,0.0
128,70,N,0,0.0
128,79,N,0,0.0
128,92,N,0,0.0
128,121,N,0,0.0
128,145,N,0,0.0
128,175,N,0,0.0
128,182,N,0,0.0
128,211,N,0,0.0
128,856,Y,0,0.0
128,857,Y,0,0.0
128,858,Y,0,0.0
128,859,Y,0,0.0
128,860,Y,0,0.0
129,1,N,0,0.0
129,29,N,0,0.0
129,42,N,0,0.0
129,71,N,0,0.0
129,78,N,0,0.0
129,93,N,0,0.0
129,120,N,0,0.0
129,144,N,0,0.0
129,174,N,0,0.0
129,183,N,0,0.0
129,210,N,0,0.0
129,861,Y,0,0.0
129,862,Y,0,0.0
129,863,Y,0,0.0
129,864,Y,0,0.0
129,865,Y,0,0.0
130,17,N,0,0.0
130,25,N,0,0.0
130,50,N,0,0.0
130,54,N,0,0.0
130,82,N,0,0.0
130,104,N,0,0.0
130,116,N,0,0.0
130,154,N,0,0.0
130,162,N,0,0.0
130,193,N,0,0.0
130,201,N,0,0.0
130,866,Y,0,0.0
130,867,Y,0,0.0
130,868,Y,0,0.0
130,869,Y,0,0.0
130,870,Y,0,0.0
131,16,N,0,0.0
131,24,N,0,0.0
131,51,N,0,0.0
131,55,N,0,0.0
131,83,N,0,0.0
131,105,N,0,0.0
131,117,N,0,0.0
131,155,N,0,0.0
131,163,N,0,0.0
131,192,N,0,0.0
131,200,N,0,0.0
131,871,Y,0,0.0
131,872,Y,0,0.0
131,873,Y,0,0.0
131,874,Y,0,0.0
131,875,Y,0,0.0
132,12,N,0,0.0
132,33,N,0,0.0
132,47,N,0,0.0
132,57,N,0,0.0
132,74,N,0,0.0
132,90,N,0,0.0
132,112,N,0,0.0
132,146,N,0,0.0
132,178,N,0,0.0
132,189,N,0,0.0
132,209,N,0,0.0
132,876,Y,0,0.0
132,877,Y,0,0.0
132,878,Y,0,0.0
132,879,Y,0,0.0
132,880,Y,0,0.0
133,13,N,0,0.0
133,32,N,0,0.0
133,46,N,0,0.0
133,56,N,0,0.0
133,75,N,0,0.0
133,91,N,0,0.0
133,113,N,0,0.0
133,147,N,0,0.0
133,179,N,0,0.0
133,188,N,0,0.0
133,208,N,0,0.0
133,881,Y,0,0.0
133,882,Y,0,0.0
133,883,Y,0,0.0
133,884,Y,0,0.0
133,885,Y,0,0.0
134,5,N,0,0.0
134,31,N,0,0.0
134,53,N,0,0.0
134,67,N,0,0.0
134,86,N,0,0.0
134,94,N,0,0.0
134,115,N,0,0.0
134,156,N,0,0.0
134,173,N,0,0.0
134,197,N,0,0.0
134,215,N,0,0.0
134,886,Y,0,0.0
134,887,Y,0,0.0
134,888,Y,0,0.0
134,889,Y,0,0.0
134,890,Y,0,0.0
135,4,N,0,0.0
135,30,N,0,0.0
135,52,N,0,0.0
135,66,N,0,0.0
135,87,N,0,0.0
135,95,N,0,0.0
135,114,N,0,0.0
135,157,N,0,0.0
135,172,N,0,0.0
135,196,N,0,0.0
135,214,N,0,0.0
135,891,Y,0,0.0
135,892,Y,0,0.0
135,893,Y,0,0.0
135,894,Y,0,0.0
135,895,Y,0,0.0
136,9,N,0,0.0
136,23,N,0,0.0
136,45,N,0,0.0
136,63,N,0,0.0
136,85,N,0,0.0
136,99,N,0,0.0
136,118,N,0,0.0
136,158,N,0,0.0
136,171,N,0,0.0
136,187,N,0,0.0
136,213,N,0,0.0
136,896,Y,0,0.0
136,897,Y,0,0.0
136,898,Y,0,0.0
136,899,Y,0,0.0
136,900,Y,0,0.0
137,8,N,0,0.0
137,22,N,0,0.0
137,44,N,0,0.0
137,62,N,0,0.0
137,84,N,0,0.0
137,98,N,0,0.0
137,119,N,0,0.0
137,159,N,0,0.0
137,170,N,0,0.0
137,186,N,0,0.0
137,212,N,0,0.0
137,901,Y,0,0.0
137,902,Y,0,0.0
137,903,Y,0,0.0
137,904,Y,0,0.0
137,905,Y,0,0.0
138,7,N,0,0.0
138,35,N,0,0.0
138,38,N,0,0.0
138,64,N,0,0.0
138,81,N,0,0.0
138,100,N,0,0.0
138,125,N,0,0.0
138,153,N,0,0.0
138,168,N,0,0.0
138,181,N,0,0.0
138,199,N,0,0.0
138,906,Y,0,0.0
138,907,Y,0,0.0
138,908,Y,0,0.0
138,909,Y,0,0.0
138,910,Y,0,0.0
139,6,N,0,0.0
139,34,N,0,0.0
139,39,N,0,0.0
139,65,N,0,0.0
139,80,N,0,0.0
139,101,N,0,0.0
139,124,N,0,0.0
139,152,N,0,0.0
139,169,N,0,0.0
139,180,N,0,0.0
139,198,N,0,0.0
139,911,Y,0,0.0
139,912,Y,0,0.0
139,913,Y,0,0.0
139,914,Y,0,0.0
139,915,Y,0,0.0
140,15,N,0,0.0
140,19,N,0,0.0
140,40,N,0,0.0
140,59,N,0,0.0
140,76,N,0,0.0
140,96,N,0,0.0
140,110,N,0,0.0
140,150,N,0,0.0
140,176,N,0,0.0
140,184,N,0,0.0
140,205,N,0,0.0
140,916,Y,0,0.0
140,917,Y,0,0.0
140,918,Y,0,0.0
140,919,Y,0,0.0
140,920,Y,0,0.0
141,14,N,0,0.0
141,18,N,0,0.0
141,41,N,0,0.0
141,58,N,0,0.0
141,77,N,0,0.0
141,97,N,0,0.0
141,111,N,0,0.0
141,151,N,0,0.0
141,177,N,0,0.0
141,185,N,0,0.0
141,204,N,0,0.0
141,921,Y,0,0.0
141,922,Y,0,0.0
141,923,Y,0,0.0
141,924,Y,0,0.0
141,925,Y,0,0.0
142,3,N,0,0.0
142,21,N,0,0.0
142,49,N,0,0.0
142,68,N,0,0.0
142,88,N,0,0.0
142,106,N,0,0.0
142,122,N,0,0.0
142,161,N,0,0.0
142,167,N,0,0.0
142,191,N,0,0.0
142,203,N,0,0.0
142,926,Y,0,0.0
142,927,Y,0,0.0
142,928,Y,0,0.0
142,929,Y,0,0.0
142,930,Y,0,0.0
143,2,N,0,0.0
143,20,N,0,0.0
143,48,N,0,0.0
143,69,N,0,0.0
143,89,N,0,0.0
143,107,N,0,0.0
143,123,N,0,0.0
143,160,N,0,0.0
143,166,N,0,0.0
143,190,N,0,0.0
143,202,N,0,0.0
143,931,Y,0,0.0
143,932,Y,0,0.0
143,933,Y,0,0.0
143,934,Y,0,0.0
143,935,Y,0,0.0
144,1,N,0,0.0
144,28,N,0,0.0
144,41,N,0,0.0
144,70,N,0,0.0
144,80,N,0,0.0
144,106,N,0,0.0
144,109,N,0,0.0
144,129,N,0,0.0
144,171,N,0,0.0
144,197,N,0,0.0
144,213,N,0,0.0
144,936,Y,0,0.0
144,937,Y,0,0.0
144,938,Y,0,0.0
144,939,Y,0,0.0
144,940,Y,0,0.0
145,0,N,0,0.0
145,29,N,0,0.0
145,40,N,0,0.0
145,81,N,0,0.0
145,107,N,0,0.0
145,108,N,0,0.0
145,128,N,0,0.0
145,170,N,0,0.0
145,941,Y,0,0.0
145,942,Y,0,0.0
145,943,Y,0,0.0
145,944,Y,0,0.0
145,945,Y,0,0.0
146,5,N,0,0.0
146,21,N,0,0.0
146,38,N,0,0.0
146,66,N,0,0.0
146,78,N,0,0.0
146,102,N,0,0.0
146,122,N,0,0.0
146,132,N,0,0.0
146,169,N,0,0.0
146,185,N,0,0.0
146,199,N,0,0.0
146,946,Y,0,0.0
146,947,Y,0,0.0
146,948,Y,0,0.0
146,949,Y,0,0.0
146,950,Y,0,0.0
147,4,N,0,0.0
147,20,N,0,0.0
147,39,N,0,0.0
147,67,N,0,0.0
147,79,N,0,0.0
147,103,N,0,0.0
147,123,N,0,0.0
147,133,N,0,0.0
147,168,N,0,0.0
147,184,N,0,0.0
147,198,N,0,0.0
147,951,Y,0,0.0
147,952,Y,0,0.0
147,953,Y,0,0.0
147,954,Y,0,0.0
147,955,Y,0,0.0
148,16,N,0,0.0
148,22,N,0,0.0
148,43,N,0,0.0
148,58,N,0,0.0
148,72,N,0,0.0
148,92,N,0,0.0
148,120,N,0,0.0
148,126,N,0,0.0
148,179,N,0,0.0
148,183,N,0,0.0
148,209,N,0,0.0
148,956,Y,0,0.0
148,957,Y,0,0.0
148,958,Y,0,0.0
148,959,Y,0,0.0
148,960,Y,0,0.0
149,17,N,0,0.0
149,23,N,0,0.0
149,42,N,0,0.0
149,59,N,0,0.0
149,73,N,0,0.0
149,93,N,0,0.0
149,121,N,0,0.0
149,127,N,0,0.0
149,178,N,0,0.0
149,182,N,0,0.0
149,208,N,0,0.0
149,961,Y,0,0.0
149,962,Y,0,0.0
149,963,Y,0,0.0
149,964,Y,0,0.0
149,965,Y,0,0.0
150,3,N,0,0.0
150,31,N,0,0.0
150,46,N,0,0.0
150,56,N,0,0.0
150,88,N,0,0.0
150,98,N,0,0.0
150,117,N,0,0.0
150,140,N,0,0.0
150,173,N,0,0.0
150,195,N,0,0.0
150,211,N,0,0.0
150,966,Y,0,0.0
150,967,Y,0,0.0
150,968,Y,0,0.0
150,969,Y,0,0.0
150,970,Y,0,0.0
151,2,N,0,0.0
151,30,N,0,0.0
151,47,N,0,0.0
151,57,N,0,0.0
151,89,N,0,0.0
151,99,N,0,0.0
151,116,N,0,0.0
151,141,N,0,0.0
151,172,N,0,0.0
151,194,N,0,0.0
151,210,N,0,0.0
151,971,Y,0,0.0
151,972,Y,0,0.0
151,973,Y,0,0.0
151,974,Y,0,0.0
151,975,Y,0,0.0
152,14,N,0,0.0
152,27,N,0,0.0
152,51,N,0,0.0
152,69,N,0,0.0
152,84,N,0,0.0
152,105,N,0,0.0
152,124,N,0,0.0
152,139,N,0,0.0
152,165,N,0,0.0
152,193,N,0,0.0
152,205,N,0,0.0
152,976,Y,0,0.0
152,977,Y,0,0.0
152,978,Y,0,0.0
152,979,Y,0,0.0
152,980,Y,0,0.0
153,15,N,0,0.0
153,26,N,0,0.0
153,50,N,0,0.0
153,68,N,0,0.0
153,85,N,0,0.0
153,104,N,0,0.0
153,125,N,0,0.0
153,138,N,0,0.0
153,164,N,0,0.0
153,192,N,0,0.0
153,204,N,0,0.0
153,981,Y,0,0.0
153,982,Y,0,0.0
153,983,Y,0,0.0
153,984,Y,0,0.0
153,985,Y,0,0.0
154,7,N,0,0.0
154,19,N,0,0.0
154,53,N,0,0.0
154,63,N,0,0.0
154,74,N,0,0.0
154,94,N,0,0.0
154,114,N,0,0.0
154,130,N,0,0.0
154,162,N,0,0.0
154,181,N,0,0.0
154,200,N,0,0.0
154,986,Y,0,0.0
154,987,Y,0,0.0
154,988,Y,0,0.0
154,989,Y,0,0.0
154,990,Y,0,0.0
155,6,N,0,0.0
155,18,N,0,0.0
155,52,N,0,0.0
155,62,N,0,0.0
155,75,N,0,0.0
155,95,N,0,0.0
155,115,N,0,0.0
155,131,N,0,0.0
155,163,N,0,0.0
155,180,N,0,0.0
155,201,N,0,0.0
155,991,Y,0,0.0
155,992,Y,0,0.0
155,993,Y,0,0.0
155,994,Y,0,0.0
155,995,Y,0,0.0
156,9,N,0,0.0
156,33,N,0,0.0
156,49,N,0,0.0
156,55,N,0,0.0
156,82,N,0,0.0
156,96,N,0,0.0
156,113,N,0,0.0
156,134,N,0,0.0
156,175,N,0,0.0
156,189,N,0,0.0
156,214,N,0,0.0
156,996,Y,0,0.0
156,997,Y,0,0.0
156,998,Y,0,0.0
156,999,Y,0,0.0
156,1000,Y,0,0.0
157,8,N,0,0.0
157,32,N,0,0.0
157,48,N,0,0.0
157,54,N,0,0.0
157,83,N,0,0.0
157,97,N,0,0.0
157,112,N,0,0.0
157,135,N,0,0.0
157,174,N,0,0.0
157,188,N,0,0.0
157,215,N,0,0.0
157,1001,Y,0,0.0
157,1002,Y,0,0.0
157,1003,Y,0,0.0
157,1004,Y,0,0.0
157,1005,Y,0,0.0
158,13,N,0,0.0
158,35,N,0,0.0
158,37,N,0,0.0
158,61,N,0,0.0
158,86,N,0,0.0
158,100,N,0,0.0
158,118,N,0,0.0
158,136,N,0,0.0
158,177,N,0,0.0
158,191,N,0,0.0
158,203,N,0,0.0
158,1006,Y,0,0.0
158,1007,Y,0,0.0
158,1008,Y,0,0.0
158,1009,Y,0,0.0
158,1010,Y,0,0.0
159,12,N,0,0.0
159,34,N,0,0.0
159,36,N,0,0.0
159,60,N,0,0.0
159,87,N,0,0.0
159,101,N,0,0.0
159,119,N,0,0.0
159,137,N,0,0.0
159,176,N,0,0.0
159,190,N,0,0.0
159,202,N,0,0.0
159,1011,Y,0,0.0
159,1012,Y,0,0.0
159,1013,Y,0,0.0
159,1014,Y,0,0.0
159,1015,Y,0,0.0
160,11,N,0,0.0
160,25,N,0,0.0
160,45,N,0,0.0
160,64,N,0,0.0
160,76,N,0,0.0
160,90,N,0,0.0
160,111,N,0,0.0
160,143,N,0,0.0
160,167,N,0,0.0
160,187,N,0,0.0
160,207,N,0,0.0
160,1016,Y,0,0.0
160,1017,Y,0,0.0
160,1018,Y,0,0.0
160,1019,Y,0,0.0
160,1020,Y,0,0.0
161,10,N,0,0.0
161,24,N,0,0.0
161,44,N,0,0.0
161,65,N,0,0.0
161,77,N,0,0.0
161,91,N,0,0.0
161,110,N,0,0.0
161,142,N,0,0.0
161,166,N,0,0.0
161,186,N,0,0.0
161,206,N,0,0.0
161,1021,Y,0,0.0
161,1022,Y,0,0.0
161,1023,Y,0,0.0
161,1024,Y,0,0.0
161,1025,Y,0,0.0
162,9,N,0,0.0
162,39,N,0,0.0
162,67,N,0,0.0
162,74,N,0,0.0
162,93,N,0,0.0
162,130,N,0,0.0
162,154,N,0,0.0
162,185,N,0,0.0
162,211,N,0,0.0
162,1026,Y,0,0.0
162,1027,Y,0,0.0
162,1028,Y,0,0.0
162,1029,Y,0,0.0
162,1030,Y,0,0.0
163,8,N,0,0.0
163,26,N,0,0.0
163,38,N,0,0.0
163,66,N,0,0.0
163,75,N,0,0.0
163,92,N,0,0.0
163,112,N,0,0.0
163,131,N,0,0.0
163,155,N,0,0.0
163,184,N,0,0.0
163,210,N,0,0.0
163,1031,Y,0,0.0
163,1032,Y,0,0.0
163,1033,Y,0,0.0
163,1034,Y,0,0.0
163,1035,Y,0,0.0
164,4,N,0,0.0
164,20,N,0,0.0
164,47,N,0,0.0
164,61,N,0,0.0
164,72,N,0,0.0
164,101,N,0,0.0
164,111,N,0,0.0
164,127,N,0,0.0
164,153,N,0,0.0
164,195,N,0,0.0
164,199,N,0,0.0
164,1036,Y,0,0.0
164,1037,Y,0,0.0
164,1038,Y,0,0.0
164,1039,Y,0,0.0
164,1040,Y,0,0.0
165,5,N,0,0.0
165,21,N,0,0.0
165,46,N,0,0.0
165,60,N,0,0.0
165,73,N,0,0.0
165,100,N,0,0.0
165,110,N,0,0.0
165,126,N,0,0.0
165,152,N,0,0.0
165,194,N,0,0.0
165,198,N,0,0.0
165,1041,Y,0,0.0
165,1042,Y,0,0.0
165,1043,Y,0,0.0
165,1044,Y,0,0.0
165,1045,Y,0,0.0
166,11,N,0,0.0
166,33,N,0,0.0
166,37,N,0,0.0
166,69,N,0,0.0
166,86,N,0,0.0
166,105,N,0,0.0
166,123,N,0,0.0
166,143,N,0,0.0
166,161,N,0,0.0
166,183,N,0,0.0
166,214,N,0,0.0
166,1046,Y,0,0.0
166,1047,Y,0,0.0
166,1048,Y,0,0.0
166,1049,Y,0,0.0
166,1050,Y,0,0.0
167,10,N,0,0.0
167,32,N,0,0.0
167,36,N,0,0.0
167,68,N,0,0.0
167,87,N,0,0.0
167,104,N,0,0.0
167,122,N,0,0.0
167,142,N,0,0.0
167,160,N,0,0.0
167,182,N,0,0.0
167,215,N,0,0.0
167,1051,Y,0,0.0
167,1052,Y,0,0.0
167,1053,Y,0,0.0
167,1054,Y,0,0.0
167,1055,Y,0,0.0
168,17,N,0,0.0
168,25,N,0,0.0
168,49,N,0,0.0
168,65,N,0,0.0
168,76,N,0,0.0
168,97,N,0,0.0
168,117,N,0,0.0
168,138,N,0,0.0
168,147,N,0,0.0
168,190,N,0,0.0
168,207,N,0,0.0
168,1056,Y,0,0.0
168,1057,Y,0,0.0
168,1058,Y,0,0.0
168,1059,Y,0,0.0
168,1060,Y,0,0.0
169,16,N,0,0.0
169,24,N,0,0.0
169,48,N,0,0.0
169,64,N,0,0.0
169,77,N,0,0.0
169,96,N,0,0.0
169,116,N,0,0.0
169,139,N,0,0.0
169,146,N,0,0.0
169,191,N,0,0.0
169,206,N,0,0.0
169,1061,Y,0,0.0
169,1062,Y,0,0.0
169,1063,Y,0,0.0
169,1064,Y,0,0.0
169,1065,Y,0,0.0
170,3,N,0,0.0
170,29,N,0,0.0
170,41,N,0,0.0
170,57,N,0,0.0
170,78,N,0,0.0
170,98,N,0,0.0
170,115,N,0,0.0
170,137,N,0,0.0
170,145,N,0,0.0
170,181,N,0,0.0
170,201,N,0,0.0
170,1066,Y,0,0.0
170,1067,Y,0,0.0
170,1068,Y,0,0.0
170,1069,Y,0,0.0
170,1070,Y,0,0.0
171,2,N,0,0.0
171,28,N,0,0.0
171,40,N,0,0.0
171,56,N,0,0.0
171,79,N,0,0.0
171,99,N,0,0.0
171,114,N,0,0.0
171,136,N,0,0.0
171,144,N,0,0.0
171,180,N,0,0.0
171,200,N,0,0.0
171,1071,Y,0,0.0
171,1072,Y,0,0.0
171,1073,Y,0,0.0
171,1074,Y,0,0.0
171,1075,Y,0,0.0
172,14,N,0,0.0
172,19,N,0,0.0
172,52,N,0,0.0
172,55,N,0,0.0
172,82,N,0,0.0
172,91,N,0,0.0
172,109,N,0,0.0
172,135,N,0,0.0
172,151,N,0,0.0
172,197,N,0,0.0
172,203,N,0,0.0
172,1076,Y,0,0.0
172,1077,Y,0,0.0
172,1078,Y,0,0.0
172,1079,Y,0,0.0
172,1080,Y,0,0.0
173,15,N,0,0.0
173,18,N,0,0.0
173,53,N,0,0.0
173,54,N,0,0.0
173,83,N,0,0.0
173,90,N,0,0.0
173,108,N,0,0.0
173,134,N,0,0.0
173,150,N,0,0.0
173,196,N,0,0.0
173,202,N,0,0.0
173,1081,Y,0,0.0
173,1082,Y,0,0.0
173,1083,Y,0,0.0
173,1084,Y,0,0.0
173,1085,Y,0,0.0
174,12,N,0,0.0
174,31,N,0,0.0
174,51,N,0,0.0
174,59,N,0,0.0
174,88,N,0,0.0
174,103,N,0,0.0
174,125,N,0,0.0
174,129,N,0,0.0
174,157,N,0,0.0
174,187,N,0,0.0
174,209,N,0,0.0
174,1086,Y,0,0.0
174,1087,Y,0,0.0
174,1088,Y,0,0.0
174,1089,Y,0,0.0
174,1090,Y,0,0.0
175,13,N,0,0.0
175,30,N,0,0.0
175,50,N,0,0.0
175,58,N,0,0.0
175,89,N,0,0.0
175,102,N,0,0.0
175,124,N,0,0.0
175,128,N,0,0.0
175,156,N,0,0.0
175,186,N,0,0.0
175,208,N,0,0.0
175,1091,Y,0,0.0
175,1092,Y,0,0.0
175,1093,Y,0,0.0
175,1094,Y,0,0.0
175,1095,Y,0,0.0
176,7,N,0,0.0
176,22,N,0,0.0
176,43,N,0,0.0
176,70,N,0,0.0
176,80,N,0,0.0
176,95,N,0,0.0
176,120,N,0,0.0
176,140,N,0,0.0
176,159,N,0,0.0
176,189,N,0,0.0
176,204,N,0,0.0
176,1096,Y,0,0.0
176,1097,Y,0,0.0
176,1098,Y,0,0.0
176,1099,Y,0,0.0
176,1100,Y,0,0.0
177,6,N,0,0.0
177,23,N,0,0.0
177,42,N,0,0.0
177,71,N,0,0.0
177,81,N,0,0.0
177,94,N,0,0.0
177,121,N,0,0.0
177,141,N,0,0.0
177,158,N,0,0.0
177,188,N,0,0.0
177,205,N,0,0.0
177,1101,Y,0,0.0
177,1102,Y,0,0.0
177,1103,Y,0,0.0
177,1104,Y,0,0.0
177,1105,Y,0,0.0
178,1,N,0,0.0
178,35,N,0,0.0
178,44,N,0,0.0
178,63,N,0,0.0
178,84,N,0,0.0
178,107,N,0,0.0
178,119,N,0,0.0
178,132,N,0,0.0
178,149,N,0,0.0
178,193,N,0,0.0
178,213,N,0,0.0
178,1106,Y,0,0.0
178,1107,Y,0,0.0
178,1108,Y,0,0.0
178,1109,Y,0,0.0
178,1110,Y,0,0.0
179,0,N,0,0.0
179,34,N,0,0.0
179,45,N,0,0.0
179,62,N,0,0.0
179,85,N,0,0.0
179,106,N,0,0.0
179,118,N,0,0.0
179,133,N,0,0.0
179,148,N,0,0.0
179,192,N,0,0.0
179,212,N,0,0.0
179,1111,Y,0,0.0
179,1112,Y,0,0.0
179,1113,Y,0,0.0
179,1114,Y,0,0.0
179,1115,Y,0,0.0
180,17,N,0,0.0
180,24,N,0,0.0
180,47,N,0,0.0
180,57,N,0,0.0
180,80,N,0,0.0
180,97,N,0,0.0
180,119,N,0,0.0
180,139,N,0,0.0
180,155,N,0,0.0
180,171,N,0,0.0
180,201,N,0,0.0
180,1116,Y,0,0.0
180,1117,Y,0,0.0
180,1118,Y,0,0.0
180,1119,Y,0,0.0
180,1120,Y,0,0.0
181,16,N,0,0.0
181,25,N,0,0.0
181,46,N,0,0.0
181,56,N,0,0.0
181,81,N,0,0.0
181,96,N,0,0.0
181,118,N,0,0.0
181,138,N,0,0.0
181,154,N,0,0.0
181,170,N,0,0.0
181,200,N,0,0.0
181,1121,Y,0,0.0
181,1122,Y,0,0.0
181,1123,Y,0,0.0
181,1124,Y,0,0.0
181,1125,Y,0,0.0
182,7,N,0,0.0
182,29,N,0,0.0
182,48,N,0,0.0
182,61,N,0,0.0
182,82,N,0,0.0
182,99,N,0,0.0
182,110,N,0,0.0
182,128,N,0,0.0
182,149,N,0,0.0
182,167,N,0,0.0
182,211,N,0,0.0
182,1126,Y,0,0.0
182,1127,Y,0,0.0
182,1128,Y,0,0.0
182,1129,Y,0,0.0
182,1130,Y,0,0.0
183,6,N,0,0.0
183,28,N,0,0.0
183,49,N,0,0.0
183,60,N,0,0.0
183,83,N,0,0.0
183,98,N,0,0.0
183,111,N,0,0.0
183,129,N,0,0.0
183,148,N,0,0.0
183,166,N,0,0.0
183,210,N,0,0.0
183,1131,Y,0,0.0
183,1132,Y,0,0.0
183,1133,Y,0,0.0
183,1134,Y,0,0.0
183,1135,Y,0,0.0
184,0,N,0,0.0
184,19,N,0,0.0
184,37,N,0,0.0
184,59,N,0,0.0
184,89,N,0,0.0
184,101,N,0,0.0
184,108,N,0,0.0
184,140,N,0,0.0
184,147,N,0,0.0
184,163,N,0,0.0
184,203,N,0,0.0
184,1136,Y,0,0.0
184,1137,Y,0,0.0
184,1138,Y,0,0.0
184,1139,Y,0,0.0
184,1140,Y,0,0.0
185,1,N,0,0.0
185,18,N,0,0.0
185,36,N,0,0.0
185,58,N,0,0.0
185,88,N,0,0.0
185,100,N,0,0.0
185,109,N,0,0.0
185,141,N,0,0.0
185,146,N,0,0.0
185,162,N,0,0.0
185,202,N,0,0.0
185,1141,Y,0,0.0
185,1142,Y,0,0.0
185,1143,Y,0,0.0
185,1144,Y,0,0.0
185,1145,Y,0,0.0
186,8,N,0,0.0
186,35,N,0,0.0
186,52,N,0,0.0
186,67,N,0,0.0
186,85,N,0,0.0
186,105,N,0,0.0
186,117,N,0,0.0
186,137,N,0,0.0
186,161,N,0,0.0
186,175,N,0,0.0
186,208,N,0,0.0
186,1146,Y,0,0.0
186,1147,Y,0,0.0
186,1148,Y,0,0.0
186,1149,Y,0,0.0
186,1150,Y,0,0.0
187,9,N,0,0.0
187,34,N,0,0.0
187,53,N,0,0.0
187,66,N,0,0.0
187,84,N,0,0.0
187,104,N,0,0.0
187,116,N,0,0.0
187,136,N,0,0.0
187,160,N,0,0.0
187,174,N,0,0.0
187,209,N,0,0.0
187,1151,Y,0,0.0
187,1152,Y,0,0.0
187,1153,Y,0,0.0
187,1154,Y,0,0.0
187,1155,Y,0,0.0
188,4,N,0,0.0
188,21,N,0,0.0
188,43,N,0,0.0
188,55,N,0,0.0
188,86,N,0,0.0
188,91,N,0,0.0
188,125,N,0,0.0
188,133,N,0,0.0
188,157,N,0,0.0
188,177,N,0,0.0
188,205,N,0,0.0
188,1156,Y,0,0.0
188,1157,Y,0,0.0
188,1158,Y,0,0.0
188,1159,Y,0,0.0
188,1160,Y,0,0.0
189,5,N,0,0.0
189,20,N,0,0.0
189,42,N,0,0.0
189,54,N,0,0.0
189,87,N,0,0.0
189,90,N,0,0.0
189,124,N,0,0.0
189,132,N,0,0.0
189,156,N,0,0.0
189,176,N,0,0.0
189,204,N,0,0.0
189,1161,Y,0,0.0
189,1162,Y,0,0.0
189,1163,Y,0,0.0
189,1164,Y,0,0.0
189,1165,Y,0,0.0
190,13,N,0,0.0
190,33,N,0,0.0
190,39,N,0,0.0
190,63,N,0,0.0
190,77,N,0,0.0
190,102,N,0,0.0
190,120,N,0,0.0
190,143,N,0,0.0
190,159,N,0,0.0
190,168,N,0,0.0
190,215,N,0,0.0
190,1166,Y,0,0.0
190,1167,Y,0,0.0
190,1168,Y,0,0.0
190,1169,Y,0,0.0
190,1170,Y,0,0.0
191,12,N,0,0.0
191,32,N,0,0.0
191,38,N,0,0.0
191,62,N,0,0.0
191,76,N,0,0.0
191,103,N,0,0.0
191,121,N,0,0.0
191,142,N,0,0.0
191,158,N,0,0.0
191,169,N,0,0.0
191,214,N,0,0.0
191,1171,Y,0,0.0
191,1172,Y,0,0.0
191,1173,Y,0,0.0
191,1174,Y,0,0.0
191,1175,Y,0,0.0
192,3,N,0,0.0
192,27,N,0,0.0
192,40,N,0,0.0
192,65,N,0,0.0
192,74,N,0,0.0
192,93,N,0,0.0
192,114,N,0,0.0
192,131,N,0,0.0
192,153,N,0,0.0
192,179,N,0,0.0
192,207,N,0,0.0
192,1176,Y,0,0.0
192,1177,Y,0,0.0
192,1178,Y,0,0.0
192,1179,Y,0,0.0
192,1180,Y,0,0.0
193,2,N,0,0.0
193,26,N,0,0.0
193,41,N,0,0.0
193,64,N,0,0.0
193,75,N,0,0.0
193,92,N,0,0.0
193,115,N,0,0.0
193,130,N,0,0.0
193,152,N,0,0.0
193,178,N,0,0.0
193,206,N,0,0.0
193,1181,Y,0,0.0
193,1182,Y,0,0.0
193,1183,Y,0,0.0
193,1184,Y,0,0.0
193,1185,Y,0,0.0
194,11,N,0,0.0
194,23,N,0,0.0
194,51,N,0,0.0
194,69,N,0,0.0
194,78,N,0,0.0
194,95,N,0,0.0
194,123,N,0,0.0
194,126,N,0,0.0
194,151,N,0,0.0
194,165,N,0,0.0
194,212,N,0,0.0
194,1186,Y,0,0.0
194,1187,Y,0,0.0
194,1188,Y,0,0.0
194,1189,Y,0,0.0
194,1190,Y,0,0.0
195,10,N,0,0.0
195,22,N,0,0.0
195,50,N,0,0.0
195,68,N,0,0.0
195,79,N,0,0.0
195,94,N,0,0.0
195,122,N,0,0.0
195,127,N,0,0.0
195,150,N,0,0.0
195,164,N,0,0.0
195,213,N,0,0.0
195,1191,Y,0,0.0
195,1192,Y,0,0.0
195,1193,Y,0,0.0
195,1194,Y,0,0.0
195,1195,Y,0,0.0
196,15,N,0,0.0
196,30,N,0,0.0
196,70,N,0,0.0
196,73,N,0,0.0
196,107,N,0,0.0
196,135,N,0,0.0
196,173,N,0,0.0
196,199,N,0,0.0
197,14,N,0,0.0
197,31,N,0,0.0
197,44,N,0,0.0
197,71,N,0,0.0
197,72,N,0,0.0
197,106,N,0,0.0
197,112,N,0,0.0
197,134,N,0,0.0
197,144,N,0,0.0
197,172,N,0,0.0
197,198,N,0,0.0
197,1201,Y,0,0.0
197,1202,Y,0,0.0
197,1203,Y,0,0.0
197,1204,Y,0,0.0
197,1205,Y,0,0.0
198,15,N,0,0.0
198,33,N,0,0.0
198,44,N,0,0.0
198,57,N,0,0.0
198,81,N,0,0.0
198,91,N,0,0.0
198,125,N,0,0.0
198,139,N,0,0.0
198,147,N,0,0.0
198,165,N,0,0.0
198,197,N,0,0.0
198,1206,Y,0,0.0
198,1207,Y,0,0.0
198,1208,Y,0,0.0
198,1209,Y,0,0.0
198,1210,Y,0,0.0
199,14,N,0,0.0
199,32,N,0,0.0
199,45,N,0,0.0
199,56,N,0,0.0
199,80,N,0,0.0
199,90,N,0,0.0
199,124,N,0,0.0
199,138,N,0,0.0
199,146,N,0,0.0
199,164,N,0,0.0
199,196,N,0,0.0
199,1211,Y,0,0.0
199,1212,Y,0,0.0
199,1213,Y,0,0.0
199,1214,Y,0,0.0
199,1215,Y,0,0.0
200,1,N,0,0.0
200,25,N,0,0.0
200,43,N,0,0.0
200,67,N,0,0.0
200,87,N,0,0.0
200,103,N,0,0.0
200,111,N,0,0.0
200,131,N,0,0.0
200,154,N,0,0.0
200,171,N,0,0.0
200,181,N,0,0.0
200,1216,Y,0,0.0
200,1217,Y,0,0.0
200,1218,Y,0,0.0
200,1219,Y,0,0.0
200,1220,Y,0,0.0
201,0,N,0,0.0
201,24,N,0,0.0
201,42,N,0,0.0
201,66,N,0,0.0
201,86,N,0,0.0
201,102,N,0,0.0
201,110,N,0,0.0
201,130,N,0,0.0
201,155,N,0,0.0
201,170,N,0,0.0
201,180,N,0,0.0
201,1221,Y,0,0.0
201,1222,Y,0,0.0
201,1223,Y,0,0.0
201,1224,Y,0,0.0
201,1225,Y,0,0.0
202,4,N,0,0.0
202,29,N,0,0.0
202,36,N,0,0.0
202,63,N,0,0.0
202,75,N,0,0.0
202,105,N,0,0.0
202,121,N,0,0.0
202,143,N,0,0.0
202,159,N,0,0.0
202,173,N,0,0.0
202,185,N,0,0.0
202,1226,Y,0,0.0
202,1227,Y,0,0.0
202,1228,Y,0,0.0
202,1229,Y,0,0.0
202,1230,Y,0,0.0
203,5,N,0,0.0
203,28,N,0,0.0
203,37,N,0,0.0
203,62,N,0,0.0
203,74,N,0,0.0
203,104,N,0,0.0
203,120,N,0,0.0
203,142,N,0,0.0
203,158,N,0,0.0
203,172,N,0,0.0
203,184,N,0,0.0
203,1231,Y,0,0.0
203,1232,Y,0,0.0
203,1233,Y,0,0.0
203,1234,Y,0,0.0
203,1235,Y,0,0.0
204,13,N,0,0.0
204,34,N,0,0.0
204,51,N,0,0.0
204,55,N,0,0.0
204,85,N,0,0.0
204,107,N,0,0.0
204,115,N,0,0.0
204,141,N,0,0.0
204,153,N,0,0.0
204,176,N,0,0.0
204,189,N,0,0.0
204,1236,Y,0,0.0
204,1237,Y,0,0.0
204,1238,Y,0,0.0
204,1239,Y,0,0.0
204,1240,Y,0,0.0
205,12,N,0,0.0
205,35,N,0,0.0
205,50,N,0,0.0
205,54,N,0,0.0
205,84,N,0,0.0
205,106,N,0,0.0
205,114,N,0,0.0
205,140,N,0,0.0
205,152,N,0,0.0
205,177,N,0,0.0
205,188,N,0,0.0
205,1241,Y,0,0.0
205,1242,Y,0,0.0
205,1243,Y,0,0.0
205,1244,Y,0,0.0
205,1245,Y,0,0.0
206,7,N,0,0.0
206,18,N,0,0.0
206,49,N,0,0.0
206,61,N,0,0.0
206,89,N,0,0.0
206,92,N,0,0.0
206,113,N,0,0.0
206,127,N,0,0.0
206,161,N,0,0.0
206,169,N,0,0.0
206,193,N,0,0.0
206,1246,Y,0,0.0
206,1247,Y,0,0.0
206,1248,Y,0,0.0
206,1249,Y,0,0.0
206,1250,Y,0,0.0
207,6,N,0,0.0
207,19,N,0,0.0
207,48,N,0,0.0
207,60,N,0,0.0
207,88,N,0,0.0
207,93,N,0,0.0
207,112,N,0,0.0
207,126,N,0,0.0
207,160,N,0,0.0
207,168,N,0,0.0
207,192,N,0,0.0
207,1251,Y,0,0.0
207,1252,Y,0,0.0
207,1253,Y,0,0.0
207,1254,Y,0,0.0
207,1255,Y,0,0.0
208,3,N,0,0.0
208,31,N,0,0.0
208,39,N,0,0.0
208,69,N,0,0.0
208,83,N,0,0.0
208,97,N,0,0.0
208,109,N,0,0.0
208,133,N,0,0.0
208,149,N,0,0.0
208,175,N,0,0.0
208,186,N,0,0.0
208,1256,Y,0,0.0
208,1257,Y,0,0.0
208,1258,Y,0,0.0
208,1259,Y,0,0.0
208,1260,Y,0,0.0
209,2,N,0,0.0
209,30,N,0,0.0
209,38,N,0,0.0
209,68,N,0,0.0
209,82,N,0,0.0
209,96,N,0,0.0
209,108,N,0,0.0
209,132,N,0,0.0
209,148,N,0,0.0
209,174,N,0,0.0
209,187,N,0,0.0
209,1261,Y,0,0.0
209,1262,Y,0,0.0
209,1263,Y,0,0.0
209,1264,Y,0,0.0
209,1265,Y,0,0.0
210,9,N,0,0.0
210,21,N,0,0.0
210,40,N,0,0.0
210,64,N,0,0.0
210,72,N,0,0.0
210,99,N,0,0.0
210,122,N,0,0.0
210,129,N,0,0.0
210,151,N,0,0.0
210,163,N,0,0.0
210,183,N,0,0.0
210,1266,Y,0,0.0
210,1267,Y,0,0.0
210,1268,Y,0,0.0
210,1269,Y,0,0.0
210,1270,Y,0,0.0
211,8,N,0,0.0
211,20,N,0,0.0
211,41,N,0,0.0
211,65,N,0,0.0
211,73,N,0,0.0
211,98,N,0,0.0
211,123,N,0,0.0
211,128,N,0,0.0
211,150,N,0,0.0
211,162,N,0,0.0
211,182,N,0,0.0
211,1271,Y,0,0.0
211,1272,Y,0,0.0
211,1273,Y,0,0.0
211,1274,Y,0,0.0
211,1275,Y,0,0.0
212,16,N,0,0.0
212,53,N,0,0.0
212,59,N,0,0.0
212,76,N,0,0.0
212,95,N,0,0.0
212,119,N,0,0.0
212,137,N,0,0.0
212,179,N,0,0.0
212,194,N,0,0.0
212,1276,Y,0,0.0
212,1277,Y,0,0.0
212,1278,Y,0,0.0
212,1279,Y,0,0.0
212,1280,Y,0,0.0
213,17,N,0,0.0
213,26,N,0,0.0
213,52,N,0,0.0
213,58,N,0,0.0
213,77,N,0,0.0
213,94,N,0,0.0
213,118,N,0,0.0
213,136,N,0,0.0
213,144,N,0,0.0
213,178,N,0,0.0
213,195,N,0,0.0
213,1281,Y,0,0.0
213,1282,Y,0,0.0
213,1283,Y,0,0.0
213,1284,Y,0,0.0
213,1285,Y,0,0.0
214,11,N,0,0.0
214,23,N,0,0.0
214,46,N,0,0.0
214,70,N,0,0.0
214,79,N,0,0.0
214,101,N,0,0.0
214,117,N,0,0.0
214,135,N,0,0.0
214,156,N,0,0.0
214,166,N,0,0.0
214,191,N,0,0.0
214,1286,Y,0,0.0
214,1287,Y,0,0.0
214,1288,Y,0,0.0
214,1289,Y,0,0.0
214,1290,Y,0,0.0
215,10,N,0,0.0
215,22,N,0,0.0
215,47,N,0,0.0
215,71,N,0,0.0
215,78,N,0,0.0
215,100,N,0,0.0
215,116,N,0,0.0
215,134,N,0,0.0
215,157,N,0,0.0
215,167,N,0,0.0
215,190,N,0,0.0
215,1291,Y,0,0.0
215,1292,Y,0,0.0
215,1293,Y,0,0.0
215,1294,Y,0,0.0
215,1295,Y,0,0.0
216,0,Y,0,0.0
217,0,Y,0,0.0
218,0,Y,0,0.0
219,0,Y,0,0.0
220,0,Y,0,0.0
221,1,Y,0,0.0
222,1,Y,0,0.0
223,1,Y,0,0.0
224,1,Y,0,0.0
225,1,Y,0,0.0
226,2,Y,0,0.0
227,2,Y,0,0.0
228,2,Y,0,0.0
229,2,Y,0,0.0
230,2,Y,0,0.0
231,3,Y,0,0.0
232,3,Y,0,0.0
233,3,Y,0,0.0
234,3,Y,0,0.0
235,3,Y,0,0.0
236,4,Y,0,0.0
237,4,Y,0,0.0
238,4,Y,0,0.0
239,4,Y,0,0.0
240,4,Y,0,0.0
241,5,Y,0,0.0
242,5,Y,0,0.0
243,5,Y,0,0.0
244,5,Y,0,0.0
245,5,Y,0,0.0
246,6,Y,0,0.0
247,6,Y,0,0.0
248,6,Y,0,0.0
249,6,Y,0,0.0
250,6,Y,0,0.0
251,7,Y,0,0.0
252,7,Y,0,0.0
253,7,Y,0,0.0
254,7,Y,0,0.0
255,7,Y,0,0.0
256,8,Y,0,0.0
257,8,Y,0,0.0
258,8,Y,0,0.0
259,8,Y,0,0.0
260,8,Y,0,0.0
261,9,Y,0,0.0
262,9,Y,0,0.0
263,9,Y,0,0.0
264,9,Y,0,0.0
265,9,Y,0,0.0
266,10,Y,0,0.0
267,10,Y,0,0.0
268,10,Y,0,0.0
269,10,Y,0,0.0
270,10,Y,0,0.0
271,11,Y,0,0.0
272,11,Y,0,0.0
273,11,Y,0,0.0
274,11,Y,0,0.0
275,11,Y,0,0.0
276,12,Y,0,0.0
277,12,Y,0,0.0
278,12,Y,0,0.0
279,12,Y,0,0.0
280,12,Y,0,0.0
281,13,Y,0,0.0
282,13,Y,0,0.0
283,13,Y,0,0.0
284,13,Y,0,0.0
285,13,Y,0,0.0
286,14,Y,0,0.0
287,14,Y,0,0.0
288,14,Y,0,0.0
289,14,Y,0,0.0
290,14,Y,0,0.0
291,15,Y,0,0.0
292,15,Y,0,0.0
293,15,Y,0,0.0
294,15,Y,0,0.0
295,15,Y,0,0.0
296,16,Y,0,0.0
297,16,Y,0,0.0
298,16,Y,0,0.0
299,16,Y,0,0.0
300,16,Y,0,0.0
301,17,Y,0,0.0
302,17,Y,0,0.0
303,17,Y,0,0.0
304,17,Y,0,0.0
305,17,Y,0,0.0
306,18,Y,0,0.0
307,18,Y,0,0.0
308,18,Y,0,0.0
309,18,Y,0,0.0
310,18,Y,0,0.0
311,19,Y,0,0.0
312,19,Y,0,0.0
313,19,Y,0,0.0
314,19,Y,0,0.0
315,19,Y,0,0.0
316,20,Y,0,0.0
317,20,Y,0,0.0
318,20,Y,0,0.0
319,20,Y,0,0.0
320,20,Y,0,0.0
321,21,Y,0,0.0
322,21,Y,0,0.0
323,21,Y,0,0.0
324,21,Y,0,0.0
325,21,Y,0,0.0
326,22,Y,0,0.0
327,22,Y,0,0.0
328,22,Y,0,0.0
329,22,Y,0,0.0
330,22,Y,0,0.0
331,23,Y,0,0.0
332,23,Y,0,0.0
333,23,Y,0,0.0
334,23,Y,0,0.0
335,23,Y,0,0.0
336,24,Y,0,0.0
337,24,Y,0,0.0
338,24,Y,0,0.0
339,24,Y,0,0.0
340,24,Y,0,0.0
341,25,Y,0,0.0
342,25,Y,0,0.0
343,25,Y,0,0.0
344,25,Y,0,0.0
345,25,Y,0,0.0
346,26,Y,0,0.0
347,26,Y,0,0.0
348,26,Y,0,0.0
349,26,Y,0,0.0
350,26,Y,0,0.0
356,28,Y,0,0.0
357,28,Y,0,0.0
358,28,Y,0,0.0
359,28,Y,0,0.0
360,28,Y,0,0.0
361,29,Y,0,0.0
362,29,Y,0,0.0
363,29,Y,0,0.0
364,29,Y,0,0.0
365,29,Y,0,0.0
366,30,Y,0,0.0
367,30,Y,0,0.0
368,30,Y,0,0.0
369,30,Y,0,0.0
370,30,Y,0,0.0
371,31,Y,0,0.0
372,31,Y,0,0.0
373,31,Y,0,0.0
374,31,Y,0,0.0
375,31,Y,0,0.0
376,32,Y,0,0.0
377,32,Y,0,0.0
378,32,Y,0,0.0
379,32,Y,0,0.0
380,32,Y,0,0.0
381,33,Y,0,0.0
382,33,Y,0,0.0
383,33,Y,0,0.0
384,33,Y,0,0.0
385,33,Y,0,0.0
386,34,Y,0,0.0
387,34,Y,0,0.0
388,34,Y,0,0.0
389,34,Y,0,0.0
390,34,Y,0,0.0
391,35,Y,0,0.0
392,35,Y,0,0.0
393,35,Y,0,0.0
394,35,Y,0,0.0
395,35,Y,0,0.0
396,36,Y,0,0.0
397,36,Y,0,0.0
398,36,Y,0,0.0
399,36,Y,0,0.0
400,36,Y,0,0.0
401,37,Y,0,0.0
402,37,Y,0,0.0
403,37,Y,0,0.0
404,37,Y,0,0.0
405,37,Y,0,0.0
406,38,Y,0,0.0
407,38,Y,0,0.0
408,38,Y,0,0.0
409,38,Y,0,0.0
410,38,Y,0,0.0
411,39,Y,0,0.0
412,39,Y,0,0.0
413,39,Y,0,0.0
414,39,Y,0,0.0
415,39,Y,0,0.0
416,40,Y,0,0.0
417,40,Y,0,0.0
418,40,Y,0,0.0
419,40,Y,0,0.0
420,40,Y,0,0.0
421,41,Y,0,0.0
422,41,Y,0,0.0
423,41,Y,0,0.0
424,41,Y,0,0.0
425,41,Y,0,0.0
426,42,Y,0,0.0
427,42,Y,0,0.0
428,42,Y,0,0.0
429,42,Y,0,0.0
430,42,Y,0,0.0
431,43,Y,0,0.0
432,43,Y,0,0.0
433,43,Y,0,0.0
434,43,Y,0,0.0
435,43,Y,0,0.0
436,44,Y,0,0.0
437,44,Y,0,0.0
438,44,Y,0,0.0
439,44,Y,0,0.0
440,44,Y,0,0.0
441,45,Y,0,0.0
442,45,Y,0,0.0
443,45,Y,0,0.0
444,45,Y,0,0.0
445,45,Y,0,0.0
446,46,Y,0,0.0
447,46,Y,0,0.0
448,46,Y,0,0.0
449,46,Y,0,0.0
450,46,Y,0,0.0
451,47,Y,0,0.0
452,47,Y,0,0.0
453,47,Y,0,0.0
454,47,Y,0,0.0
455,47,Y,0,0.0
456,48,Y,0,0.0
457,48,Y,0,0.0
458,48,Y,0,0.0
459,48,Y,0,0.0
460,48,Y,0,0.0
461,49,Y,0,0.0
462,49,Y,0,0.0
463,49,Y,0,0.0
464,49,Y,0,0.0
465,49,Y,0,0.0
466,50,Y,0,0.0
467,50,Y,0,0.0
468,50,Y,0,0.0
469,50,Y,0,0.0
470,50,Y,0,0.0
471,51,Y,0,0.0
472,51,Y,0,0.0
473,51,Y,0,0.0
474,51,Y,0,0.0
475,51,Y,0,0.0
476,52,Y,0,0.0
477,52,Y,0,0.0
478,52,Y,0,0.0
479,52,Y,0,0.0
480,52,Y,0,0.0
481,53,Y,0,0.0
482,53,Y,0,0.0
483,53,Y,0,0.0
484,53,Y,0,0.0
485,53,Y,0,0.0
486,54,Y,0,0.0
487,54,Y,0,0.0
488,54,Y,0,0.0
489,54,Y,0,0.0
490,54,Y,0,0.0
491,55,Y,0,0.0
492,55,Y,0,0.0
493,55,Y,0,0.0
494,55,Y,0,0.0
495,55,Y,0,0.0
496,56,Y,0,0.0
497,56,Y,0,0.0
498,56,Y,0,0.0
499,56,Y,0,0.0
500,56,Y,0,0.0
501,57,Y,0,0.0
502,57,Y,0,0.0
503,57,Y,0,0.0
504,57,Y,0,0.0
505,57,Y,0,0.0
506,58,Y,0,0.0
507,58,Y,0,0.0
508,58,Y,0,0.0
509,58,Y,0,0.0
510,58,Y,0,0.0
511,59,Y,0,0.0
512,59,Y,0,0.0
513,59,Y,0,0.0
514,59,Y,0,0.0
515,59,Y,0,0.0
516,60,Y,0,0.0
517,60,Y,0,0.0
518,60,Y,0,0.0
519,60,Y,0,0.0
520,60,Y,0,0.0
521,61,Y,0,0.0
522,61,Y,0,0.0
523,61,Y,0,0.0
524,61,Y,0,0.0
525,61,Y,0,0.0
526,62,Y,0,0.0
527,62,Y,0,0.0
528,62,Y,0,0.0
529,62,Y,0,0.0
530,62,Y,0,0.0
531,63,Y,0,0.0
532,63,Y,0,0.0
533,63,Y,0,0.0
534,63,Y,0,0.0
535,63,Y,0,0.0
536,64,Y,0,0.0
537,64,Y,0,0.0
538,64,Y,0,0.0
539,64,Y,0,0.0
540,64,Y,0,0.0
541,65,Y,0,0.0
542,65,Y,0,0.0
543,65,Y,0,0.0
544,65,Y,0,0.0
545,65,Y,0,0.0
546,66,Y,0,0.0
547,66,Y,0,0.0
548,66,Y,0,0.0
549,66,Y,0,0.0
550,66,Y,0,0.0
551,67,Y,0,0.0
552,67,Y,0,0.0
553,67,Y,0,0.0
554,67,Y,0,0.0
555,67,Y,0,0.0
556,68,Y,0,0.0
557,68,Y,0,0.0
558,68,Y,0,0.0
559,68,Y,0,0.0
560,68,Y,0,0.0
561,69,Y,0,0.0
562,69,Y,0,0.0
563,69,Y,0,0.0
564,69,Y,0,0.0
565,69,Y,0,0.0
566,70,Y,0,0.0
567,70,Y,0,0.0
568,70,Y,0,0.0
569,70,Y,0,0.0
570,70,Y,0,0.0
571,71,Y,0,0.0
572,71,Y,0,0.0
573,71,Y,0,0.0
574,71,Y,0,0.0
575,71,Y,0,0.0
576,72,Y,0,0.0
577,72,Y,0,0.0
578,72,Y,0,0.0
579,72,Y,0,0.0
580,72,Y,0,0.0
581,73,Y,0,0.0
582,73,Y,0,0.0
583,73,Y,0,0.0
584,73,Y,0,0.0
585,73,Y,0,0.0
586,74,Y,0,0.0
587,74,Y,0,0.0
588,74,Y,0,0.0
589,74,Y,0,0.0
590,74,Y,0,0.0
591,75,Y,0,0.0
592,75,Y,0,0.0
593,75,Y,0,0.0
594,75,Y,0,0.0
595,75,Y,0,0.0
596,76,Y,0,0.0
597,76,Y,0,0.0
598,76,Y,0,0.0
599,76,Y,0,0.0
600,76,Y,0,0.0
601,77,Y,0,0.0
602,77,Y,0,0.0
603,77,Y,0,0.0
604,77,Y,0,0.0
605,77,Y,0,0.0
606,78,Y,0,0.0
607,78,Y,0,0.0
608,78,Y,0,0.0
609,78,Y,0,0.0
610,78,Y,0,0.0
611,79,Y,0,0.0
612,79,Y,0,0.0
613,79,Y,0,0.0
614,79,Y,0,0.0
615,79,Y,0,0.0
616,80,Y,0,0.0
617,80,Y,0,0.0
618,80,Y,0,0.0
619,80,Y,0,0.0
620,80,Y,0,0.0
621,81,Y,0,0.0
622,81,Y,0,0.0
623,81,Y,0,0.0
624,81,Y,0,0.0
625,81,Y,0,0.0
626,82,Y,0,0.0
627,82,Y,0,0.0
628,82,Y,0,0.0
629,82,Y,0,0.0
630,82,Y,0,0.0
631,83,Y,0,0.0
632,83,Y,0,0.0
633,83,Y,0,0.0
634,83,Y,0,0.0
635,83,Y,0,0.0
636,84,Y,0,0.0
637,84,Y,0,0.0
638,84,Y,0,0.0
639,84,Y,0,0.0
640,84,Y,0,0.0
641,85,Y,0,0.0
642,85,Y,0,0.0
643,85,Y,0,0.0
644,85,Y,0,0.0
645,85,Y,0,0.0
646,86,Y,0,0.0
647,86,Y,0,0.0
648,86,Y,0,0.0
649,86,Y,0,0.0
650,86,Y,0,0.0
651,87,Y,0,0.0
652,87,Y,0,0.0
653,87,Y,0,0.0
654,87,Y,0,0.0
655,87,Y,0,0.0
656,88,Y,0,0.0
657,88,Y,0,0.0
658,88,Y,0,0.0
659,88,Y,0,0.0
660,88,Y,0,0.0
661,89,Y,0,0.0
662,89,Y,0,0.0
663,89,Y,0,0.0
664,89,Y,0,0.0
665,89,Y,0,0.0
666,90,Y,0,0.0
667,90,Y,0,0.0
668,90,Y,0,0.0
669,90,Y,0,0.0
670,90,Y,0,0.0
671,91,Y,0,0.0
672,91,Y,0,0.0
673,91,Y,0,0.0
674,91,Y,0,0.0
675,91,Y,0,0.0
676,92,Y,0,0.0
677,92,Y,0,0.0
678,92,Y,0,0.0
679,92,Y,0,0.0
680,92,Y,0,0.0
681,93,Y,0,0.0
682,93,Y,0,0.0
683,93,Y,0,0.0
684,93,Y,0,0.0
685,93,Y,0,0.0
686,94,Y,0,0.0
687,94,Y,0,0.0
688,94,Y,0,0.0
689,94,Y,0,0.0
690,94,Y,0,0.0
691,95,Y,0,0.0
692,95,Y,0,0.0
693,95,Y,0,0.0
694,95,Y,0,0.0
695,95,Y,0,0.0
696,96,Y,0,0.0
697,96,Y,0,0.0
698,96,Y,0,0.0
699,96,Y,0,0.0
700,96,Y,0,0.0
701,97,Y,0,0.0
702,97,Y,0,0.0
703,97,Y,0,0.0
704,97,Y,0,0.0
705,97,Y,0,0.0
706,98,Y,0,0.0
707,98,Y,0,0.0
708,98,Y,0,0.0
709,98,Y,0,0.0
710,98,Y,0,0.0
711,99,Y,0,0.0
712,99,Y,0,0.0
713,99,Y,0,0.0
714,99,Y,0,0.0
715,99,Y,0,0.0
716,100,Y,0,0.0
717,100,Y,0,0.0
718,100,Y,0,0.0
719,100,Y,0,0.0
720,100,Y,0,0.0
721,101,Y,0,0.0
722,101,Y,0,0.0
723,101,Y,0,0.0
724,101,Y,0,0.0
725,101,Y,0,0.0
726,102,Y,0,0.0
727,102,Y,0,0.0
728,102,Y,0,0.0
729,102,Y,0,0.0
730,102,Y,0,0.0
731,103,Y,0,0.0
732,103,Y,0,0.0
733,103,Y,0,0.0
734,103,Y,0,0.0
735,103,Y,0,0.0
736,104,Y,0,0.0
737,104,Y,0,0.0
738,104,Y,0,0.0
739,104,Y,0,0.0
740,104,Y,0,0.0
741,105,Y,0,0.0
742,105,Y,0,0.0
743,105,Y,0,0.0
744,105,Y,0,0.0
745,105,Y,0,0.0
746,106,Y,0,0.0
747,106,Y,0,0.0
748,106,Y,0,0.0
749,106,Y,0,0.0
750,106,Y,0,0.0
751,107,Y,0,0.0
752,107,Y,0,0.0
753,107,Y,0,0.0
754,107,Y,0,0.0
755,107,Y,0,0.0
756,108,Y,0,0.0
757,108,Y,0,0.0
758,108,Y,0,0.0
759,108,Y,0,0.0
760,108,Y,0,0.0
761,109,Y,0,0.0
762,109,Y,0,0.0
763,109,Y,0,0.0
764,109,Y,0,0.0
765,109,Y,0,0.0
766,110,Y,0,0.0
767,110,Y,0,0.0
768,110,Y,0,0.0
769,110,Y,0,0.0
770,110,Y,0,0.0
771,111,Y,0,0.0
772,111,Y,0,0.0
773,111,Y,0,0.0
774,111,Y,0,0.0
775,111,Y,0,0.0
776,112,Y,0,0.0
777,112,Y,0,0.0
778,112,Y,0,0.0
779,112,Y,0,0.0
780,112,Y,0,0.0
781,113,Y,0,0.0
782,113,Y,0,0.0
783,113,Y,0,0.0
784,113,Y,0,0.0
785,113,Y,0,0.0
786,114,Y,0,0.0
787,114,Y,0,0.0
788,114,Y,0,0.0
789,114,Y,0,0.0
790,114,Y,0,0.0
791,115,Y,0,0.0
792,115,Y,0,0.0
793,115,Y,0,0.0
794,115,Y,0,0.0
795,115,Y,0,0.0
796,116,Y,0,0.0
797,116,Y,0,0.0
798,116,Y,0,0.0
799,116,Y,0,0.0
800,116,Y,0,0.0
801,117,Y,0,0.0
802,117,Y,0,0.0
803,117,Y,0,0.0
804,117,Y,0,0.0
805,117,Y,0,0.0
806,118,Y,0,0.0
807,118,Y,0,0.0
808,118,Y,0,0.0
809,118,Y,0,0.0
810,118,Y,0,0.0
811,119,Y,0,0.0
812,119,Y,0,0.0
813,119,Y,0,0.0
814,119,Y,0,0.0
815,119,Y,0,0.0
816,120,Y,0,0.0
817,120,Y,0,0.0
818,120,Y,0,0.0
819,120,Y,0,0.0
820,120,Y,0,0.0
821,121,Y,0,0.0
822,121,Y,0,0.0
823,121,Y,0,0.0
824,121,Y,0,0.0
825,121,Y,0,0.0
826,122,Y,0,0.0
827,122,Y,0,0.0
828,122,Y,0,0.0
829,122,Y,0,0.0
830,122,Y,0,0.0
831,123,Y,0,0.0
832,123,Y,0,0.0
833,123,Y,0,0.0
834,123,Y,0,0.0
835,123,Y,0,0.0
836,124,Y,0,0.0
837,124,Y,0,0.0
838,124,Y,0,0.0
839,124,Y,0,0.0
840,124,Y,0,0.0
841,125,Y,0,0.0
842,125,Y,0,0.0
843,125,Y,0,0.0
844,125,Y,0,0.0
845,125,Y,0,0.0
846,126,Y,0,0.0
847,126,Y,0,0.0
848,126,Y,0,0.0
849,126,Y,0,0.0
850,126,Y,0,0.0
851,127,Y,0,0.0
852,127,Y,0,0.0
853,127,Y,0,0.0
854,127,Y,0,0.0
855,127,Y,0,0.0
856,128,Y,0,0.0
857,128,Y,0,0.0
858,128,Y,0,0.0
859,128,Y,0,0.0
860,128,Y,0,0.0
861,129,Y,0,0.0
862,129,Y,0,0.0
863,129,Y,0,0.0
864,129,Y,0,0.0
865,129,Y,0,0.0
866,130,Y,0,0.0
867,130,Y,0,0.0
868,130,Y,0,0.0
869,130,Y,0,0.0
870,130,Y,0,0.0
871,131,Y,0,0.0
872,131,Y,0,0.0
873,131,Y,0,0.0
874,131,Y,0,0.0
875,131,Y,0,0.0
876,132,Y,0,0.0
877,132,Y,0,0.0
878,132,Y,0,0.0
879,132,Y,0,0.0
880,132,Y,0,0.0
881,133,Y,0,0.0
882,133,Y,0,0.0
883,133,Y,0,0.0
884,133,Y,0,0.0
885,133,Y,0,0.0
886,134,Y,0,0.0
887,134,Y,0,0.0
888,134,Y,0,0.0
889,134,Y,0,0.0
890,134,Y,0,0.0
891,135,Y,0,0.0
892,135,Y,0,0.0
893,135,Y,0,0.0
894,135,Y,0,0.0
895,135,Y,0,0.0
896,136,Y,0,0.0
897,136,Y,0,0.0
898,136,Y,0,0.0
899,136,Y,0,0.0
900,136,Y,0,0.0
901,137,Y,0,0.0
902,137,Y,0,0.0
903,137,Y,0,0.0
904,137,Y,0,0.0
905,137,Y,0,0.0
906,138,Y,0,0.0
907,138,Y,0,0.0
908,138,Y,0,0.0
909,138,Y,0,0.0
910,138,Y,0,0.0
911,139,Y,0,0.0
912,139,Y,0,0.0
913,139,Y,0,0.0
914,139,Y,0,0.0
915,139,Y,0,0.0
916,140,Y,0,0.0
917,140,Y,0,0.0
918,140,Y,0,0.0
919,140,Y,0,0.0
920,140,Y,0,0.0
921,141,Y,0,0.0
922,141,Y,0,0.0
923,141,Y,0,0.0
924,141,Y,0,0.0
925,141,Y,0,0.0
926,142,Y,0,0.0
927,142,Y,0,0.0
928,142,Y,0,0.0
929,142,Y,0,0.0
930,142,Y,0,0.0
931,143,Y,0,0.0
932,143,Y,0,0.0
933,143,Y,0,0.0
934,143,Y,0,0.0
935,143,Y,0,0.0
936,144,Y,0,0.0
937,144,Y,0,0.0
938,144,Y,0,0.0
939,144,Y,0,0.0
940,144,Y,0,0.0
941,145,Y,0,0.0
942,145,Y,0,0.0
943,145,Y,0,0.0
944,145,Y,0,0.0
945,145,Y,0,0.0
946,146,Y,0,0.0
947,146,Y,0,0.0
948,146,Y,0,0.0
949,146,Y,0,0.0
950,146,Y,0,0.0
951,147,Y,0,0.0
952,147,Y,0,0.0
953,147,Y,0,0.0
954,147,Y,0,0.0
955,147,Y,0,0.0
956,148,Y,0,0.0
957,148,Y,0,0.0
958,148,Y,0,0.0
959,148,Y,0,0.0
960,148,Y,0,0.0
961,149,Y,0,0.0
962,149,Y,0,0.0
963,149,Y,0,0.0
964,149,Y,0,0.0
965,149,Y,0,0.0
966,150,Y,0,0.0
967,150,Y,0,0.0
968,150,Y,0,0.0
969,150,Y,0,0.0
970,150,Y,0,0.0
971,151,Y,0,0.0
972,151,Y,0,0.0
973,151,Y,0,0.0
974,151,Y,0,0.0
975,151,Y,0,0.0
976,152,Y,0,0.0
977,152,Y,0,0.0
978,152,Y,0,0.0
979,152,Y,0,0.0
980,152,Y,0,0.0
981,153,Y,0,0.0
982,153,Y,0,0.0
983,153,Y,0,0.0
984,153,Y,0,0.0
985,153,Y,0,0.0
986,154,Y,0,0.0
987,154,Y,0,0.0
988,154,Y,0,0.0
989,154,Y,0,0.0
990,154,Y,0,0.0
991,155,Y,0,0.0
992,155,Y,0,0.0
993,155,Y,0,0.0
994,155,Y,0,0.0
995,155,Y,0,0.0
996,156,Y,0,0.0
997,156,Y,0,0.0
998,156,Y,0,0.0
999,156,Y,0,0.0
1000,156,Y,0,0.0
1001,157,Y,0,0.0
1002,157,Y,0,0.0
1003,157,Y,0,0.0
1004,157,Y,0,0.0
1005,157,Y,0,0.0
1006,158,Y,0,0.0
1007,158,Y,0,0.0
1008,158,Y,0,0.0
1009,158,Y,0,0.0
1010,158,Y,0,0.0
1011,159,Y,0,0.0
1012,159,Y,0,0.0
1013,159,Y,0,0.0
1014,159,Y,0,0.0
1015,159,Y,0,0.0
1016,160,Y,0,0.0
1017,160,Y,0,0.0
1018,160,Y,0,0.0
1019,160,Y,0,0.0
1020,160,Y,0,0.0
1021,161,Y,0,0.0
1022,161,Y,0,0.0
1023,161,Y,0,0.0
1024,161,Y,0,0.0
1025,161,Y,0,0.0
1026,162,Y,0,0.0
1027,162,Y,0,0.0
1028,162,Y,0,0.0
1029,162,Y,0,0.0
1030,162,Y,0,0.0
1031,163,Y,0,0.0
1032,163,Y,0,0.0
1033,163,Y,0,0.0
1034,163,Y,0,0.0
1035,163,Y,0,0.0
1036,164,Y,0,0.0
1037,164,Y,0,0.0
1038,164,Y,0,0.0
1039,164,Y,0,0.0
1040,164,Y,0,0.0
1041,165,Y,0,0.0
1042,165,Y,0,0.0
1043,165,Y,0,0.0
1044,165,Y,0,0.0
1045,165,Y,0,0.0
1046,166,Y,0,0.0
1047,166,Y,0,0.0
1048,166,Y,0,0.0
1049,166,Y,0,0.0
1050,166,Y,0,0.0
1051,167,Y,0,0.0
1052,167,Y,0,0.0
1053,167,Y,0,0.0
1054,167,Y,0,0.0
1055,167,Y,0,0.0
1056,168,Y,0,0.0
1057,168,Y,0,0.0
1058,168,Y,0,0.0
1059,168,Y,0,0.0
1060,168,Y,0,0.0
1061,169,Y,0,0.0
1062,169,Y,0,0.0
1063,169,Y,0,0.0
1064,169,Y,0,0.0
1065,169,Y,0,0.0
1066,170,Y,0,0.0
1067,170,Y,0,0.0
1068,170,Y,0,0.0
1069,170,Y,0,0.0
1070,170,Y,0,0.0
1071,171,Y,0,0.0
1072,171,Y,0,0.0
1073,171,Y,0,0.0
1074,171,Y,0,0.0
1075,171,Y,0,0.0
1076,172,Y,0,0.0
1077,172,Y,0,0.0
1078,172,Y,0,0.0
1079,172,Y,0,0.0
1080,172,Y,0,0.0
1081,173,Y,0,0.0
1082,173,Y,0,0.0
1083,173,Y,0,0.0
1084,173,Y,0,0.0
1085,173,Y,0,0.0
1086,174,Y,0,0.0
1087,174,Y,0,0.0
1088,174,Y,0,0.0
1089,174,Y,0,0.0
1090,174,Y,0,0.0
1091,175,Y,0,0.0
1092,175,Y,0,0.0
1093,175,Y,0,0.0
1094,175,Y,0,0.0
1095,175,Y,0,0.0
1096,176,Y,0,0.0
1097,176,Y,0,0.0
1098,176,Y,0,0.0
1099,176,Y,0,0.0
1100,176,Y,0,0.0
1101,177,Y,0,0.0
1102,177,Y,0,0.0
1103,177,Y,0,0.0
1104,177,Y,0,0.0
1105,177,Y,0,0.0
1106,178,Y,0,0.0
1107,178,Y,0,0.0
1108,178,Y,0,0.0
1109,178,Y,0,0.0
1110,178,Y,0,0.0
1111,179,Y,0,0.0
1112,179,Y,0,0.0
1113,179,Y,0,0.0
1114,179,Y,0,0.0
1115,179,Y,0,0.0
1116,180,Y,0,0.0
1117,180,Y,0,0.0
1118,180,Y,0,0.0
1119,180,Y,0,0.0
1120,180,Y,0,0.0
1121,181,Y,0,0.0
1122,181,Y,0,0.0
1123,181,Y,0,0.0
1124,181,Y,0,0.0
1125,181,Y,0,0.0
1126,182,Y,0,0.0
1127,182,Y,0,0.0
1128,182,Y,0,0.0
1129,182,Y,0,0.0
1130,182,Y,0,0.0
1131,183,Y,0,0.0
1132,183,Y,0,0.0
1133,183,Y,0,0.0
1134,183,Y,0,0.0
1135,183,Y,0,0.0
1136,184,Y,0,0.0
1137,184,Y,0,0.0
1138,184,Y,0,0.0
1139,184,Y,0,0.0
1140,184,Y,0,0.0
1141,185,Y,0,0.0
1142,185,Y,0,0.0
1143,185,Y,0,0.0
1144,185,Y,0,0.0
1145,185,Y,0,0.0
1146,186,Y,0,0.0
1147,186,Y,0,0.0
1148,186,Y,0,0.0
1149,186,Y,0,0.0
1150,186,Y,0,0.0
1151,187,Y,0,0.0
1152,187,Y,0,0.0
1153,187,Y,0,0.0
1154,187,Y,0,0.0
1155,187,Y,0,0.0
1156,188,Y,0,0.0
1157,188,Y,0,0.0
1158,188,Y,0,0.0
1159,188,Y,0,0.0
1160,188,Y,0,0.0
1161,189,Y,0,0.0
1162,189,Y,0,0.0
1163,189,Y,0,0.0
1164,189,Y,0,0.0
1165,189,Y,0,0.0
1166,190,Y,0,0.0
1167,190,Y,0,0.0
1168,190,Y,0,0.0
1169,190,Y,0,0.0
1170,190,Y,0,0.0
1171,191,Y,0,0.0
1172,191,Y,0,0.0
1173,191,Y,0,0.0
1174,191,Y,0,0.0
1175,191,Y,0,0.0
1176,192,Y,0,0.0
1177,192,Y,0,0.0
1178,192,Y,0,0.0
1179,192,Y,0,0.0
1180,192,Y,0,0.0
1181,193,Y,0,0.0
1182,193,Y,0,0.0
1183,193,Y,0,0.0
1184,193,Y,0,0.0
1185,193,Y,0,0.0
1186,194,Y,0,0.0
1187,194,Y,0,0.0
1188,194,Y,0,0.0
1189,194,Y,0,0.0
1190,194,Y,0,0.0
1191,195,Y,0,0.0
1192,195,Y,0,0.0
1193,195,Y,0,0.0
1194,195,Y,0,0.0
1195,195,Y,0,0.0
1201,197,Y,0,0.0
1202,197,Y,0,0.0
1203,197,Y,0,0.0
1204,197,Y,0,0.0
1205,197,Y,0,0.0
1206,198,Y,0,0.0
1207,198,Y,0,0.0
1208,198,Y,0,0.0
1209,198,Y,0,0.0
1210,198,Y,0,0.0
1211,199,Y,0,0.0
1212,199,Y,0,0.0
1213,199,Y,0,0.0
1214,199,Y,0,0.0
1215,199,Y,0,0.0
1216,200,Y,0,0.0
1217,200,Y,0,0.0
1218,200,Y,0,0.0
1219,200,Y,0,0.0
1220,200,Y,0,0.0
1221,201,Y,0,0.0
1222,201,Y,0,0.0
1223,201,Y,0,0.0
1224,201,Y,0,0.0
1225,201,Y,0,0.0
1226,202,Y,0,0.0
1227,202,Y,0,0.0
1228,202,Y,0,0.0
1229,202,Y,0,0.0
1230,202,Y,0,0.0
1231,203,Y,0,0.0
1232,203,Y,0,0.0
1233,203,Y,0,0.0
1234,203,Y,0,0.0
1235,203,Y,0,0.0
1236,204,Y,0,0.0
1237,204,Y,0,0.0
1238,204,Y,0,0.0
1239,204,Y,0,0.0
1240,204,Y,0,0.0
1241,205,Y,0,0.0
1242,205,Y,0,0.0
1243,205,Y,0,0.0
1244,205,Y,0,0.0
1245,205,Y,0,0.0
1246,206,Y,0,0.0
1247,206,Y,0,0.0
1248,206,Y,0,0.0
1249,206,Y,0,0.0
1250,206,Y,0,0.0
1251,207,Y,0,0.0
1252,207,Y,0,0.0
1253,207,Y,0,0.0
1254,207,Y,0,0.0
1255,207,Y,0,0.0
1256,208,Y,0,0.0
1257,208,Y,0,0.0
1258,208,Y,0,0.0
1259,208,Y,0,0.0
1260,208,Y,0,0.0
1261,209,Y,0,0.0
1262,209,Y,0,0.0
1263,209,Y,0,0.0
1264,209,Y,0,0.0
1265,209,Y,0,0.0
1266,210,Y,0,0.0
1267,210,Y,0,0.0
1268,210,Y,0,0.0
1269,210,Y,0,0.0
1270,210,Y,0,0.0
1271,211,Y,0,0.0
1272,211,Y,0,0.0
1273,211,Y,0,0.0
1274,211,Y,0,0.0
1275,211,Y,0,0.0
1276,212,Y,0,0.0
1277,212,Y,0,0.0
1278,212,Y,0,0.0
1279,212,Y,0,0.0
1280,212,Y,0,0.0
1281,213,Y,0,0.0
1282,213,Y,0,0.0
1283,213,Y,0,0.0
1284,213,Y,0,0.0
1285,213,Y,0,0.0
1286,214,Y,0,0.0
1287,214,Y,0,0.0
1288,214,Y,0,0.0
1289,214,Y,0,0.0
1290,214,Y,0,0.0
1291,215,Y,0,0.0
1292,215,Y,0,0.0
1293,215,Y,0,0.0
1294,215,Y,0,0.0
1295,215,Y,0,0.0
