107,89,N,9448948336,31.496494453333334
89,845,Y,9365605104,31.218683679999998
991,107,Y,9355288792,31.18429597333333
31,27,N,1129253560,3.764178533333333
20,31,N,1095520680,3.6517356000000003
27,77,N,1069356408,3.5645213600000005
77,80,N,1042881744,3.47627248
1,125,N,1007874002,3.3595800066666666
80,771,Y,1006330456,3.3544348533333332
292,20,Y,995257632,3.31752544
89,107,N,863654160,2.8788472
125,1,N,857626919,2.8587563966666667
40,13,N,799879704,2.66626568
13,122,N,794071880,2.646906266666667
122,44,N,764049464,2.5468315466666667
845,89,Y,759910768,2.5330358933333335
107,991,Y,759631840,2.532106133333333
44,24,N,733434608,2.4447820266666667
24,324,Y,693041200,2.3101373333333335
451,40,Y,684897272,2.282990906666667
121,29,N,680513007,2.2683766899999998
46,105,N,652968472,2.176561573333333
10,96,N,640439688,2.13479896
95,73,N,636726712,2.1224223733333334
8,125,N,636432025,2.1214400833333333
68,95,N,615723352,2.0524111733333332
54,114,N,592772296,1.9759076533333333
3,54,N,581901520,1.9396717333333333
108,10,N,573543041,1.9118101366666669
29,121,N,568916708,1.8963890266666665
125,8,N,566749075,1.8891635833333333
73,712,Y,560196968,1.8673232266666666
675,68,Y,554237488,1.8474582933333334
10,108,N,549173926,1.8305797533333334
96,10,N,549120323,1.8304010766666667
114,46,N,546465216,1.82155072
44,53,N,535803360,1.7860112000000001
36,119,N,525705812,1.7523527066666666
119,36,N,524774663,1.7492488766666667
105,975,Y,523208888,1.7440296266666666
15,61,N,515886784,1.7196226133333332
72,80,N,498807040,1.6626901333333333
84,15,N,495762632,1.6525421066666668
0,82,N,495306553,1.6510218433333335
157,3,Y,488365232,1.6278841066666667
64,34,N,481026224,1.6034207466666666
18,100,N,477527936,1.5917597866666668
82,0,N,467010936,1.5567031199999999
83,89,N,461562640,1.5385421333333333
17,90,N,460732023,1.53577341
21,25,N,456957280,1.5231909333333333
125,15,N,452980080,1.5099335999999999
25,72,N,449401688,1.4980056266666666
58,83,N,444686648,1.4822888266666667
2,58,N,444653888,1.4821796266666667
80,108,N,439580920,1.4652697333333333
53,74,N,433590264,1.44530088
29,103,N,427406587,1.4246886233333333
69,59,N,407690384,1.3589679466666666
42,55,N,406813600,1.3560453333333333
107,42,N,401708169,1.3390272300000001
90,17,N,397779613,1.3259320433333333
34,69,N,394595096,1.3153169866666667
74,123,N,386403752,1.2880125066666666
55,8,N,384981320,1.2832710666666667
104,72,N,381762432,1.27254144
48,119,N,372369724,1.2412324133333332
124,42,N,363003224,1.2100107466666665
108,992,Y,357645136,1.1921504533333334
123,1116,Y,355324416,1.18441472
87,32,N,344441464,1.1481382133333333
100,18,N,343674894,1.14558298
101,50,N,340189656,1.13396552
38,94,N,330996632,1.1033221066666665
42,107,N,330587622,1.10195874
145,2,Y,330213352,1.1007111733333332
103,4,N,328859447,1.0961981566666665
89,844,Y,327724632,1.0924154400000001
301,21,Y,324649488,1.08216496
66,41,N,323414696,1.0780489866666667
106,1,N,321234161,1.0707805366666667
57,66,N,313702376,1.0456745866666668
41,84,N,313604856,1.04534952
486,44,Y,312193648,1.0406454933333333
50,23,N,311424152,1.0380805066666667
119,48,N,307590655,1.0253021833333333
42,124,N,304181251,1.0139375033333333
33,38,N,302989088,1.0099636266666667
102,17,N,298615234,0.9953841133333333
81,41,N,294536048,0.9817868266666666
136,1,Y,287842496,0.9594749866666666
61,621,Y,286334344,0.9544478133333333
17,102,N,283376033,0.9445867766666666
50,108,N,283161224,0.9438707466666666
59,602,Y,281513672,0.9383789066666667
92,103,N,280516656,0.9350555199999999
103,29,N,279975453,0.93325151
646,64,Y,279852680,0.9328422666666667
51,24,N,277231656,0.9241055200000001
15,121,N,273835376,0.9127845866666666
37,61,N,269894328,0.89964776
41,81,N,266537168,0.8884572266666666
6,120,N,265280632,0.8842687733333333
116,78,N,263196664,0.8773222133333333
4,115,N,263101269,0.8770042299999999
5,16,N,262231488,0.87410496
108,121,N,259907544,0.86635848
467,42,Y,258357816,0.8611927199999999
24,50,N,258000520,0.8600017333333333
125,1128,Y,253921032,0.84640344
72,94,N,250421328,0.8347377600000001
94,38,N,248532920,0.8284430666666667
59,69,N,246463768,0.8215458933333333
94,37,N,243195640,0.8106521333333333
4,103,N,240943856,0.8031461866666667
92,120,N,240641280,0.8021376
16,6,N,240490328,0.8016344266666666
93,46,N,238076216,0.7935873866666667
44,122,N,237960160,0.7932005333333334
88,37,N,237594576,0.7919819200000001
78,84,N,235894640,0.7863154666666667
49,45,N,235738944,0.78579648
91,71,N,235602048,0.7853401600000001
10,71,N,232749320,0.7758310666666667
31,70,N,231729496,0.7724316533333333
23,313,Y,230493136,0.7683104533333334
32,59,N,229929472,0.7664315733333333
52,57,N,228370208,0.7612340266666666
22,66,N,227650920,0.7588364000000001
120,92,N,222854624,0.7428487466666667
13,75,N,221798520,0.7393284
115,112,N,218985968,0.7299532266666666
111,87,N,218942952,0.72980984
45,1,N,218729160,0.7290972
75,103,N,217803016,0.7260100533333333
49,10,N,217373776,0.7245792533333333
34,102,N,217317304,0.7243910133333333
63,93,N,216845464,0.7228182133333334
46,93,N,214846544,0.7161551466666667
70,52,N,214695296,0.7156509866666666
61,20,N,213758096,0.7125269866666667
119,123,N,213199200,0.710664
27,67,N,213086352,0.71028784
39,47,N,212454120,0.7081803999999999
115,4,N,210793209,0.70264403
89,119,N,207782744,0.6926091466666667
43,74,N,207362240,0.6912074666666667
120,111,N,207019536,0.69006512
80,127,N,205815240,0.6860508000000001
11,97,N,203914096,0.6797136533333333
103,75,N,203327736,0.67775912
47,86,N,202411216,0.6747040533333334
97,11,N,202312874,0.6743762466666666
60,31,N,201946528,0.6731550933333333
23,73,N,200603832,0.66867944
90,68,N,199340760,0.6644692
1,106,N,197878088,0.6595936266666667
11,105,N,197758792,0.6591959733333332
122,13,N,195263976,0.6508799200000001
96,88,N,195168728,0.6505624266666666
105,5,N,194264408,0.6475480266666667
24,81,N,193846120,0.6461537333333333
96,112,N,193783920,0.6459464
15,48,N,193356296,0.6445209866666667
93,101,N,192796952,0.6426565066666666
48,87,N,190678400,0.6355946666666666
89,60,N,190124328,0.63374776
112,22,N,189513240,0.6317108
75,37,N,188722040,0.6290734666666666
14,123,N,188440256,0.6281341866666666
13,40,N,188294696,0.6276489866666667
76,46,N,187913008,0.6263766933333333
9,42,N,187828256,0.6260941866666666
61,622,Y,187231448,0.6241048266666667
45,49,N,187185848,0.6239528266666666
123,14,N,186915536,0.6230517866666667
122,20,N,186515656,0.6217188533333333
112,115,N,184121544,0.6137384800000001
41,66,N,183594880,0.6119829333333333
71,2,N,183355408,0.6111846933333334
12,79,N,182992864,0.6099762133333333
126,69,N,182449000,0.6081633333333334
0,16,N,181908736,0.6063624533333334
101,34,N,181829368,0.6060978933333333
119,89,N,181687824,0.6056260800000001
0,14,N,180991768,0.6033058933333333
104,48,N,180417976,0.6013932533333334
10,60,N,179991304,0.5999710133333334
58,43,N,178987088,0.5966236266666667
25,111,N,178675208,0.5955840266666667
399,33,Y,178240264,0.5941342133333334
72,104,N,177924648,0.59308216
95,68,N,177681560,0.5922718666666666
74,53,N,177401080,0.5913369333333333
66,54,N,177014512,0.5900483733333333
62,101,N,176840248,0.5894674933333334
120,1093,Y,175045360,0.5834845333333333
97,38,N,173918144,0.5797271466666667
123,101,N,173913256,0.5797108533333334
100,47,N,173206776,0.57735592
29,360,Y,172436528,0.5747884266666667
120,6,N,172215472,0.5740515733333333
20,17,N,172194096,0.57398032
1,27,N,172171568,0.5739052266666667
73,95,N,172141768,0.5738058933333333
66,57,N,171482416,0.5716080533333333
87,11,N,171293344,0.5709778133333333
36,116,N,171054696,0.57018232
80,72,N,170975352,0.56991784
60,10,N,170502456,0.5683415199999999
4,85,N,170423160,0.5680772
85,4,N,168908744,0.5630291466666667
27,31,N,168870536,0.5629017866666667
170,5,Y,168477736,0.5615924533333334
22,39,N,168397760,0.5613258666666666
108,80,N,168111704,0.5603723466666667
963,104,Y,168074072,0.5602469066666667
74,87,N,167832360,0.5594412
53,44,N,167804624,0.5593487466666667
34,98,N,167660184,0.55886728
938,101,Y,167291240,0.5576374666666667
93,84,N,167270824,0.5575694133333333
6,30,N,166796016,0.5559867199999999
67,47,N,166353672,0.55451224
46,98,N,166095040,0.5536501333333333
34,64,N,164998392,0.54999464
71,10,N,164977960,0.5499265333333334
18,50,N,164656648,0.5488554933333333
81,783,Y,164610360,0.5487012
121,1098,Y,163721232,0.54573744
26,35,N,163482512,0.5449417066666666
55,59,N,162976608,0.54325536
69,682,Y,162933680,0.5431122666666667
15,125,N,162233568,0.54077856
26,119,N,160359656,0.5345321866666667
123,119,N,160114432,0.5337147733333334
58,2,N,159954272,0.5331809066666667
18,93,N,159890864,0.5329695466666667
89,83,N,159519624,0.5317320799999999
38,81,N,159369544,0.5312318133333332
89,113,N,158200472,0.5273349066666667
64,104,N,157987752,0.52662584
27,1,N,157763896,0.5258796533333334
588,57,Y,157457840,0.5248594666666667
112,96,N,157217064,0.5240568800000001
539,51,Y,157215840,0.5240528
69,79,N,157211320,0.5240377333333334
30,23,N,157156480,0.5238549333333333
28,91,N,156689856,0.52229952
26,22,N,156347704,0.5211590133333334
13,64,N,154227752,0.5140925066666666
76,116,N,154183912,0.5139463733333334
107,95,N,154046416,0.5134880533333334
118,25,N,154021560,0.5134052
72,25,N,153945568,0.5131518933333333
79,69,N,153774496,0.5125816533333333
61,76,N,152565512,0.5085517066666666
101,123,N,152470208,0.5082340266666666
126,18,N,152009000,0.5066966666666667
86,111,N,151275240,0.5042508
87,74,N,151201264,0.5040042133333333
31,0,N,150578768,0.5019292266666667
66,22,N,150315880,0.5010529333333333
69,126,N,150095152,0.5003171733333334
52,76,N,149849272,0.4994975733333334
112,110,N,149585448,0.49861816000000003
460,41,Y,148596640,0.4953221333333333
1057,116,Y,148372224,0.49457407999999997
6,22,N,148127864,0.49375954666666666
5,105,N,147652416,0.49217471999999995
98,46,N,147492520,0.49164173333333333
7,21,N,147476656,0.49158885333333335
106,5,N,147179200,0.49059733333333333
111,120,N,147097312,0.49032437333333334
116,40,N,146685600,0.48895199999999994
47,123,N,146671256,0.4889041866666667
105,46,N,146493576,0.48831192
73,56,N,146356304,0.4878543466666667
127,44,N,146070712,0.48690237333333336
48,104,N,146022328,0.4867410933333333
68,90,N,145702240,0.48567413333333337
12,19,N,145629240,0.4854308
113,63,N,145608096,0.48536031999999996
25,28,N,144869456,0.4828981866666667
11,87,N,144654976,0.4821832533333333
903,96,Y,144358024,0.4811934133333333
53,558,Y,144285296,0.48095098666666664
378,31,Y,143518888,0.47839629333333333
85,81,N,143498232,0.47832744
99,14,N,143319304,0.4777310133333333
35,55,N,143229672,0.47743224
47,39,N,142974656,0.47658218666666663
90,21,N,142813992,0.47604663999999997
38,433,Y,142812456,0.47604152
14,0,N,142775632,0.4759187733333333
10,49,N,142394600,0.47464866666666666
522,49,Y,142254552,0.47418184
110,0,N,141539080,0.4717969333333333
57,126,N,140800528,0.46933509333333334
24,52,N,140280768,0.46760255999999994
37,429,Y,139805680,0.46601893333333333
105,118,N,139578440,0.4652614666666667
53,19,N,139564376,0.46521458666666665
28,3,N,139562960,0.46520986666666664
123,47,N,139551248,0.46517082666666665
103,958,Y,138980480,0.46326826666666665
97,49,N,138948456,0.46316151999999994
49,97,N,138818440,0.46272813333333335
32,385,Y,138608368,0.4620278933333334
52,124,N,138594888,0.46198296
487,44,Y,138581920,0.4619397333333333
84,30,N,138432984,0.46144328
63,60,N,137972600,0.4599086666666667
110,32,N,137725664,0.4590855466666667
37,75,N,137709176,0.4590305866666667
23,50,N,137186184,0.45728727999999996
119,26,N,137157304,0.45719101333333334
12,109,N,136587176,0.45529058666666666
43,58,N,136564520,0.45521506666666667
64,18,N,136348136,0.4544937866666667
53,121,N,136016072,0.45338690666666664
25,21,N,135825640,0.45275213333333336
338,26,Y,135383928,0.45127976000000003
87,111,N,134521832,0.44840610666666664
60,63,N,134180752,0.4472691733333333
109,12,N,134059816,0.44686605333333335
30,84,N,133251000,0.44416999999999995
21,39,N,132665880,0.4422196
14,65,N,132039584,0.4401319466666667
79,12,N,132017632,0.4400587733333333
56,109,N,131906160,0.43968719999999994
56,97,N,131745240,0.43915079999999995
54,23,N,131165872,0.4372195733333333
61,15,N,130819344,0.43606448
20,290,Y,130709040,0.4356968
59,32,N,130608192,0.43536063999999997
84,93,N,130536360,0.4351212
83,41,N,130161504,0.43387168
65,14,N,129779048,0.43259682666666666
237,13,Y,127856696,0.4261889866666667
98,97,N,127306936,0.4243564533333333
101,62,N,126845368,0.4228178933333333
109,56,N,126628104,0.42209368
83,11,N,126406808,0.4213560266666667
41,83,N,126173512,0.42057837333333337
110,112,N,126135624,0.42045208
19,12,N,126019712,0.4200657066666667
71,91,N,126002144,0.42000714666666666
21,40,N,125944576,0.41981525333333336
40,27,N,125697672,0.41899223999999996
121,108,N,125145400,0.4171513333333333
40,21,N,125094168,0.41698055999999994
84,78,N,124737312,0.41579104
17,60,N,124684392,0.41561464
60,17,N,124451152,0.4148371733333333
97,56,N,124245712,0.4141523733333334
45,36,N,124131824,0.4137727466666667
15,84,N,124124600,0.41374866666666665
71,122,N,123927640,0.41309213333333333
57,586,Y,123862584,0.41287527999999996
115,64,N,123080416,0.4102680533333333
121,15,N,122969032,0.40989677333333335
50,18,N,122009296,0.4066976533333333
43,78,N,121920272,0.4064009066666667
289,20,Y,121791208,0.4059706933333333
67,12,N,121532760,0.4051092
74,43,N,121210448,0.4040348266666667
111,9,N,121185272,0.4039509066666666
17,117,N,121162024,0.4038734133333334
84,41,N,120290376,0.40096792
30,77,N,120236432,0.40078810666666664
0,31,N,120219968,0.40073322666666666
52,24,N,119938512,0.39979504000000005
127,71,N,119749632,0.39916544
103,92,N,119693072,0.3989769066666667
90,33,N,119599552,0.39866517333333334
59,55,N,119365776,0.39788591999999995
105,121,N,119210976,0.39736992
124,92,N,119193576,0.39731192
98,51,N,119066040,0.39688680000000004
22,112,N,119003552,0.39667850666666665
77,30,N,118941344,0.3964711466666666
78,116,N,118117392,0.39372464
81,38,N,118105576,0.3936852533333334
65,76,N,118061296,0.39353765333333335
62,20,N,117976936,0.39325645333333337
50,101,N,117869640,0.39289879999999994
865,92,Y,117844296,0.39281432000000005
81,24,N,117792488,0.39264162666666663
51,98,N,117708576,0.39236192
107,126,N,117703544,0.3923451466666667
77,27,N,117392760,0.3913092
123,74,N,117271232,0.39090410666666664
125,102,N,117270632,0.39090210666666664
46,497,Y,117126224,0.39042074666666665
19,53,N,117096944,0.3903231466666667
95,107,N,117073808,0.39024602666666663
91,65,N,116724448,0.3890814933333333
67,27,N,116629832,0.38876610666666667
48,15,N,116161136,0.38720378666666666
75,13,N,116157888,0.38719296
76,65,N,116149288,0.3871642933333333
0,110,N,116112792,0.38704264
75,112,N,115731008,0.38577002666666665
1,45,N,115350280,0.38450093333333335
32,390,Y,114802736,0.38267578666666663
32,100,N,114727232,0.38242410666666665
69,34,N,114670896,0.38223632
57,52,N,114537496,0.3817916533333333
47,509,Y,114175800,0.380586
121,53,N,114104800,0.3803493333333333
5,169,Y,113949360,0.3798312
24,44,N,113893240,0.37964413333333336
1,85,N,113804088,0.37934696
38,92,N,113794376,0.3793145866666667
846,89,Y,113762304,0.37920768
92,124,N,113758992,0.37919664000000003
105,11,N,113674720,0.37891573333333334
94,72,N,113377448,0.3779248266666667
5,26,N,113366936,0.37788978666666667
68,676,Y,113252568,0.37750856
14,99,N,113094816,0.37698272
43,96,N,113075608,0.37691869333333333
68,5,N,112978640,0.37659546666666666
802,84,Y,112838104,0.3761270133333333
53,117,N,112799680,0.37599893333333334
6,16,N,112271080,0.37423693333333335
76,52,N,112251632,0.37417210666666667
25,118,N,112002784,0.37334261333333335
26,5,N,111423008,0.37141002666666667
96,62,N,111372632,0.3712421066666667
35,26,N,111088592,0.37029530666666666
79,61,N,111059776,0.37019925333333337
40,116,N,110850960,0.3695032
21,90,N,110821992,0.36940664
592,58,Y,110748760,0.3691625333333333
50,24,N,110557344,0.36852448
117,30,N,110244736,0.36748245333333335
108,50,N,109961680,0.3665389333333333
37,425,Y,109526944,0.3650898133333333
116,73,N,109195536,0.36398512
82,7,N,109084680,0.36361560000000004
47,67,N,108999768,0.36333255999999997
59,127,N,108684712,0.3622823733333333
111,25,N,108329656,0.36109885333333336
62,8,N,108201168,0.36067056000000003
70,113,N,108191592,0.36063864
113,70,N,108172072,0.36057357333333334
126,107,N,108080744,0.36026914666666665
85,100,N,107197272,0.35732424
127,80,N,106754632,0.3558487733333333
62,96,N,106611160,0.35537053333333335
124,52,N,106421928,0.35473976
117,53,N,106254264,0.35418088
60,89,N,106141472,0.35380490666666664
5,68,N,106040792,0.35346930666666665
1051,115,Y,106039504,0.35346501333333336
65,3,N,105678888,0.35226296
32,87,N,105668336,0.35222778666666665
47,100,N,105361408,0.3512046933333333
24,51,N,105168736,0.35056245333333336
102,34,N,105142944,0.35047648
1095,120,Y,105076448,0.35025482666666663
64,115,N,104859280,0.34953093333333335
100,32,N,104724064,0.34908021333333333
124,108,N,104703488,0.3490116266666667
41,19,N,104519880,0.34839960000000003
22,26,N,104226384,0.34742128
20,292,Y,103905456,0.34635152
116,76,N,103867544,0.34622514666666665
9,66,N,103595368,0.34531789333333335
39,9,N,103508368,0.34502789333333334
5,106,N,103352544,0.34450848
112,75,N,102839472,0.34279824000000003
771,80,Y,102798504,0.34266167999999997
826,87,Y,102719008,0.34239669333333334
78,43,N,102510216,0.34170072
92,38,N,102492200,0.34164066666666665
23,30,N,102469840,0.34156613333333335
2,71,N,102467096,0.3415569866666667
83,58,N,102176056,0.34058685333333333
3,28,N,102118984,0.3403966133333334
9,49,N,102016624,0.34005541333333333
75,57,N,101998000,0.33999333333333337
103,953,Y,101944040,0.3398134666666666
28,25,N,101941160,0.3398038666666667
37,86,N,101861040,0.3395368
73,63,N,101615664,0.33871888
86,37,N,101532200,0.33844066666666667
71,702,Y,101446768,0.3381558933333333
31,20,N,101100752,0.33700250666666665
127,120,N,101068688,0.33689562666666667
102,58,N,101020696,0.33673565333333333
81,85,N,100983032,0.3366101066666667
95,40,N,100817488,0.3360582933333333
67,670,Y,100753760,0.33584586666666666
864,92,Y,100732088,0.33577362666666666
20,61,N,100568336,0.3352277866666667
33,90,N,100560792,0.33520264
40,451,Y,100442536,0.33480845333333337
127,59,N,99843040,0.3328101333333333
86,102,N,99731238,0.33243746
22,6,N,99526736,0.33175578666666666
120,82,N,99497664,0.33165888
68,14,N,99435000,0.33145
66,9,N,99254136,0.33084712
30,6,N,98941368,0.32980456
56,54,N,98935504,0.3297850133333333
104,64,N,98816560,0.32938853333333334
26,12,N,98807152,0.3293571733333333
71,127,N,98730152,0.3291005066666667
73,23,N,98719496,0.32906498666666667
20,122,N,98146472,0.3271549066666667
49,9,N,98041072,0.3268035733333333
120,1088,Y,97968280,0.3265609333333333
492,45,Y,97945200,0.326484
70,31,N,97896000,0.32632
59,51,N,97379744,0.32459914666666667
81,106,N,97336144,0.32445381333333334
93,18,N,97304904,0.32434968000000003
841,89,Y,97026624,0.32342208
65,91,N,96846440,0.32282146666666667
126,57,N,96834088,0.32278029333333336
111,86,N,96539768,0.32179922666666666
7,83,N,96240304,0.32080101333333333
58,102,N,95432944,0.3181098133333333
14,246,Y,95309448,0.31769816
55,7,N,95280912,0.31760304
54,66,N,94893768,0.31631255999999996
35,67,N,94358448,0.31452816
48,63,N,94021840,0.31340613333333334
27,40,N,93935368,0.31311789333333334
29,80,N,93922696,0.3130756533333333
36,3,N,93857912,0.3128597066666667
56,73,N,93791416,0.31263805333333333
38,97,N,93789624,0.31263208
19,36,N,93463648,0.31154549333333337
91,92,N,92908328,0.30969442666666663
64,13,N,92765360,0.3092178666666667
118,105,N,92645664,0.30881887999999996
3,36,N,92252528,0.30750842666666667
57,99,N,92233072,0.30744357333333333
39,21,N,92182704,0.30727568
98,33,N,92068760,0.3068958666666667
44,127,N,92067512,0.30689170666666665
115,28,N,92064176,0.3068805866666667
87,48,N,91976512,0.30658837333333333
21,7,N,91871312,0.30623770666666666
117,82,N,91801456,0.3060048533333333
80,77,N,91713456,0.30571152
42,9,N,91677520,0.30559173333333334
2,35,N,91260216,0.30420072
16,5,N,91196152,0.3039871733333333
42,88,N,91117144,0.3037238133333333
23,110,N,90764168,0.30254722666666667
46,76,N,90559392,0.30186464
96,43,N,90266200,0.30088733333333334
76,61,N,90089232,0.30029743999999997
19,16,N,90074040,0.3002468
55,35,N,89950528,0.2998350933333333
102,125,N,89794232,0.29931410666666664
113,49,N,89773248,0.29924416
83,7,N,89742816,0.29914272000000003
50,534,Y,89592480,0.2986416
99,57,N,89409072,0.29803024
104,95,N,89160360,0.2972012
7,55,N,89083864,0.2969462133333334
122,71,N,88860592,0.29620197333333337
85,1,N,88788184,0.2959606133333333
18,126,N,88691016,0.29563672
121,105,N,88490488,0.29496829333333335
70,62,N,88449368,0.29483122666666667
63,48,N,88415240,0.29471746666666665
16,0,N,88249088,0.2941636266666667
8,55,N,87910120,0.2930337333333333
8,82,N,87693240,0.29231080000000004
12,67,N,87686176,0.29228725333333333
57,75,N,87657824,0.29219274666666667
118,77,N,87377400,0.291258
98,34,N,87348384,0.29116127999999997
206,9,Y,87249360,0.2908312
100,85,N,87230856,0.29076952
538,51,Y,87192144,0.29064048
20,62,N,87024336,0.29008112
40,95,N,87021976,0.29007325333333334
55,42,N,86961000,0.28987
501,46,Y,86926912,0.2897563733333333
41,459,Y,86586296,0.2886209866666667
124,126,N,86582352,0.28860784
67,72,N,86421688,0.28807229333333334
99,2,N,86400544,0.28800181333333336
31,60,N,86298768,0.28766256
99,90,N,86189088,0.28729696
30,117,N,85893160,0.28631053333333334
101,93,N,85823632,0.2860787733333333
39,43,N,85775208,0.28591736
627,62,Y,84953360,0.28317786666666667
114,32,N,84740400,0.282468
18,64,N,84655440,0.2821848
4,164,Y,84627456,0.28209152
88,96,N,84357056,0.2811901866666667
122,94,N,84319224,0.28106408
114,54,N,84306576,0.28102192000000004
22,305,Y,84265736,0.28088578666666664
52,70,N,84230696,0.28076898666666666
113,74,N,83989384,0.27996461333333333
38,33,N,83779160,0.2792638666666667
97,98,N,83656480,0.27885493333333333
28,115,N,83388624,0.27796208
63,73,N,82482360,0.2749412
114,78,N,82386384,0.27462127999999997
93,63,N,82323432,0.27441144
102,86,N,82304016,0.27434672
61,37,N,82215736,0.27405245333333333
102,951,Y,82151312,0.2738377066666667
86,106,N,81789488,0.2726316266666666
670,67,Y,81585424,0.27195141333333334
68,104,N,81583072,0.27194357333333335
1093,120,Y,81565800,0.271886
31,380,Y,81524400,0.271748
94,35,N,81509136,0.27169712
74,113,N,81234344,0.2707811466666667
118,109,N,81169200,0.270564
78,114,N,81080536,0.2702684533333333
88,42,N,80583776,0.26861258666666665
108,124,N,80571344,0.26857114666666665
78,754,Y,80123680,0.2670789333333333
35,94,N,80031856,0.26677285333333334
61,79,N,79972736,0.2665757866666667
457,41,Y,79633600,0.2654453333333333
355,28,Y,79631896,0.26543965333333336
51,59,N,79605936,0.26535312
37,94,N,79528352,0.2650945066666667
12,26,N,79351512,0.26450504
94,122,N,79163208,0.26387736
13,4,N,79026328,0.26342109333333336
73,116,N,78798904,0.26266301333333336
106,81,N,78714792,0.26238264
11,33,N,78547512,0.26182504
116,36,N,78488504,0.2616283466666667
16,19,N,78427272,0.26142424
46,114,N,78369592,0.26123197333333337
957,103,Y,78298648,0.26099549333333333
111,1016,Y,77853536,0.25951178666666663
79,88,N,77316936,0.25772312
515,48,Y,77302440,0.2576748
73,715,Y,77285560,0.25761853333333334
19,41,N,77263472,0.2575449066666667
33,117,N,77115688,0.25705229333333335
9,111,N,76646888,0.2554896266666667
29,364,Y,76636928,0.2554564266666667
11,83,N,76547944,0.2551598133333334
79,4,N,76519608,0.25506536
4,79,N,76315368,0.25438456
17,271,Y,76298096,0.2543269866666667
51,8,N,76082376,0.25360792000000004
104,68,N,75919768,0.25306589333333335
33,98,N,75898864,0.25299621333333333
77,85,N,75684992,0.25228330666666665
88,79,N,75664656,0.25221551999999997
37,88,N,75643592,0.2521453066666667
341,26,Y,75513784,0.25171261333333333
82,8,N,75268712,0.25089570666666666
17,20,N,75212592,0.25070864
94,886,Y,75177640,0.25059213333333336
32,110,N,75074400,0.250248
103,109,N,75054184,0.2501806133333333
115,65,N,74786944,0.24928981333333333
8,192,Y,74525832,0.24841944
90,99,N,74428688,0.24809562666666665
43,39,N,74189688,0.24729895999999998
130,0,Y,74181896,0.24727298666666667
8,62,N,74044184,0.24681394666666664
7,6,N,73716560,0.24572186666666665
643,64,Y,73612600,0.24537533333333336
36,19,N,73372368,0.24457455999999997
324,24,Y,73332672,0.24444224
34,101,N,73030704,0.24343568000000002
36,45,N,72681144,0.24227048
908,97,Y,72373768,0.24124589333333335
51,125,N,72184424,0.24061474666666666
69,684,Y,72142176,0.24047392
16,45,N,72101256,0.24033752000000003
49,113,N,71938728,0.23979575999999997
117,17,N,71323760,0.23774586666666667
65,115,N,71227416,0.23742472
54,56,N,70756000,0.23585333333333336
32,114,N,70139176,0.23379725333333334
986,107,Y,70098584,0.23366194666666665
96,897,Y,70070816,0.23356938666666666
58,598,Y,70051304,0.2335043466666667
91,28,N,69961616,0.23320538666666665
1116,123,Y,69927096,0.23309032000000002
3,65,N,69812664,0.23270888
216,11,Y,69778416,0.23259472
2,88,N,69677552,0.23225850666666667
9,39,N,69672136,0.23224045333333335
120,127,N,69666296,0.23222098666666668
41,457,Y,69592608,0.23197536000000002
23,54,N,69586984,0.23195661333333334
2,99,N,69522856,0.23174285333333336
110,23,N,69519224,0.23173074666666665
107,70,N,69076232,0.23025410666666665
77,118,N,68444408,0.22814802666666667
95,892,Y,68180720,0.22726906666666666
109,103,N,67997928,0.22665976000000002
98,912,Y,67858272,0.22619424
28,109,N,67706992,0.22568997333333335
70,107,N,67616744,0.22538914666666668
45,16,N,67226416,0.22408805333333334
74,722,Y,67223232,0.22407744000000002
106,86,N,67094536,0.22364845333333333
641,64,Y,67029536,0.2234317866666667
18,279,Y,66763336,0.22254445333333334
15,254,Y,66718720,0.22239573333333335
92,91,N,66662248,0.22220749333333334
760,79,Y,66631360,0.22210453333333333
861,91,Y,66557576,0.22185858666666666
39,22,N,66323536,0.2210784533333333
14,68,N,66279936,0.22093312
360,29,Y,66060656,0.22020218666666666
54,566,Y,66001440,0.2200048
35,2,N,65755248,0.21918416000000002
45,78,N,65726072,0.2190869066666667
44,69,N,65591256,0.21863752
493,45,Y,65416120,0.21805373333333333
82,120,N,64972144,0.21657381333333334
102,947,Y,64805184,0.21601728
85,77,N,64759352,0.21586450666666668
116,1061,Y,64622608,0.21540869333333332
126,124,N,64614360,0.21538120000000002
16,258,Y,64108312,0.21369437333333333
33,11,N,63982384,0.2132746133333333
67,35,N,63846384,0.21282127999999997
72,67,N,63690024,0.21230008
960,104,Y,63623592,0.21207864
109,118,N,63572752,0.21190917333333334
323,24,Y,63539488,0.21179829333333333
8,51,N,63331040,0.21110346666666666
117,33,N,63193040,0.21064346666666667
19,280,Y,62955984,0.20985328
124,1123,Y,62881880,0.20960626666666668
274,18,Y,62272352,0.20757450666666666
16,257,Y,62240680,0.20746893333333333
993,108,Y,62238920,0.20746306666666667
545,52,Y,62207304,0.20735768
58,99,N,62200672,0.20733557333333336
13,235,Y,61727272,0.2057575733333333
307,22,Y,61638736,0.20546245333333332
104,962,Y,61340992,0.20446997333333333
62,70,N,61272952,0.20424317333333333
975,105,Y,61221864,0.20407288
69,44,N,60863760,0.2028792
95,104,N,60289008,0.20096336
164,4,Y,60282008,0.2009400266666667
91,29,N,59822944,0.19940981333333332
4,13,N,59814912,0.19938303999999998
125,51,N,59529952,0.19843317333333335
82,117,N,59407384,0.19802461333333332
86,823,Y,59252200,0.19750733333333334
966,104,Y,59154744,0.19718248
72,709,Y,59149560,0.19716519999999998
1123,124,Y,58948392,0.19649464
119,1081,Y,58588088,0.19529362666666666
103,955,Y,58515008,0.19505002666666665
29,91,N,58418568,0.19472856
712,73,Y,58394872,0.19464957333333335
106,100,N,58243896,0.19414631999999998
100,106,N,58075864,0.19358621333333334
110,114,N,57967728,0.19322576
68,675,Y,57939088,0.19313029333333334
82,788,Y,57917336,0.19305778666666668
118,29,N,57762424,0.19254141333333333
105,973,Y,57748752,0.19249584
84,805,Y,57631000,0.19210333333333332
123,1117,Y,57430840,0.19143613333333334
80,29,N,57415840,0.19138613333333335
1038,113,Y,56589728,0.18863242666666666
982,106,Y,55815552,0.18605184
114,110,N,55530192,0.18510064
662,66,Y,55336640,0.18445546666666668
99,58,N,55179568,0.18393189333333332
63,113,N,55147448,0.18382482666666666
3,157,Y,54994136,0.18331378666666667
93,879,Y,54958008,0.18319336
79,765,Y,54789912,0.18263304
86,47,N,54581976,0.18193992
625,62,Y,54285936,0.18095312
239,13,Y,54111096,0.18037032
109,28,N,53716888,0.17905629333333334
473,43,Y,53402328,0.17800776
320,24,Y,53200080,0.17733359999999998
90,854,Y,53179288,0.17726429333333335
6,7,N,53154872,0.17718290666666667
54,3,N,53083008,0.17694336
96,898,Y,52752536,0.17584178666666667
113,89,N,52463008,0.17487669333333333
1076,118,Y,51857904,0.17285968000000002
29,118,N,51730816,0.17243605333333334
275,18,Y,50747704,0.16915901333333333
78,752,Y,50691008,0.16897002666666666
1119,123,Y,50383000,0.16794333333333333
594,58,Y,50372520,0.16790839999999999
42,467,Y,50036224,0.16678741333333333
78,45,N,49940368,0.16646789333333334
249,15,Y,49638560,0.16546186666666665
1121,124,Y,49326632,0.16442210666666668
407,34,Y,49122888,0.16374296
39,445,Y,49111080,0.1637036
236,13,Y,49077840,0.1635928
346,27,Y,48786344,0.16262114666666666
3,56,N,48737792,0.16245930666666666
152,3,Y,48731528,0.16243842666666666
923,99,Y,48514048,0.16171349333333332
621,61,Y,48262448,0.16087482666666666
29,366,Y,48138016,0.16046005333333332
75,734,Y,48006432,0.16002144
897,96,Y,47907136,0.15969045333333334
101,936,Y,47812744,0.15937581333333334
787,82,Y,47755608,0.15918536
8,195,Y,47620944,0.15873648
832,88,Y,47614528,0.15871509333333333
238,13,Y,47556384,0.15852128
1103,121,Y,47388832,0.15796277333333333
7,82,N,47263000,0.15754333333333334
51,539,Y,47051792,0.15683930666666668
1146,127,Y,46957112,0.15652370666666668
12,229,Y,46946800,0.15648933333333334
48,519,Y,46933768,0.15644589333333334
19,281,Y,46898168,0.15632722666666668
647,64,Y,46802368,0.15600789333333331
227,12,Y,46654936,0.15551645333333333
1,138,Y,46647096,0.15549032
16,263,Y,46566560,0.15522186666666668
100,931,Y,46539824,0.15513274666666665
88,2,N,46425768,0.15475256
682,69,Y,46260440,0.15420146666666668
804,84,Y,45874960,0.15291653333333333
31,378,Y,45770632,0.15256877333333332
176,6,Y,45694704,0.15231568
540,51,Y,45687032,0.15229010666666667
81,780,Y,45611520,0.15203840000000002
34,406,Y,45550464,0.15183488
268,17,Y,45134336,0.15044778666666667
740,76,Y,45079304,0.15026434666666666
735,75,Y,45065376,0.15021792
452,40,Y,44898120,0.1496604
161,4,Y,44881152,0.14960384
42,470,Y,44832744,0.14944248
612,60,Y,44757568,0.14919189333333335
676,68,Y,44738424,0.14912808
847,89,Y,44729360,0.1490978666666667
997,108,Y,44599720,0.14866573333333333
973,105,Y,44541656,0.14847218666666667
974,105,Y,44532448,0.1484414933333333
80,769,Y,44314808,0.14771602666666667
21,301,Y,44280904,0.1476030133333333
2,144,Y,44173280,0.14724426666666668
1052,115,Y,44007616,0.14669205333333332
48,515,Y,43957392,0.14652464
46,501,Y,43823288,0.14607762666666665
447,39,Y,43771888,0.14590629333333333
895,95,Y,43659792,0.14553264
109,1000,Y,43405248,0.14468415999999998
54,564,Y,43343744,0.14447914666666667
72,708,Y,43204840,0.14401613333333332
426,37,Y,43084888,0.14361629333333334
74,726,Y,42873568,0.14291189333333335
127,1151,Y,42858992,0.14286330666666666
64,643,Y,42746296,0.14248765333333333
31,383,Y,42739504,0.14246501333333333
75,731,Y,42649360,0.14216453333333334
125,1133,Y,42614104,0.14204701333333333
56,3,N,42588928,0.14196309333333335
142,1,Y,42519328,0.14173109333333334
84,807,Y,42436496,0.14145498666666667
2,145,Y,42244224,0.14081408
56,580,Y,42154864,0.14051621333333333
639,63,Y,42005448,0.14001816
642,64,Y,42002856,0.14000952
509,47,Y,41981840,0.13993946666666668
810,85,Y,41757136,0.13919045333333332
46,502,Y,41445536,0.13815178666666666
30,368,Y,41047112,0.13682370666666668
400,34,Y,40766832,0.13588944
1077,118,Y,40755584,0.13585194666666667
907,97,Y,40704088,0.13568029333333334
807,84,Y,40595912,0.13531970666666668
61,617,Y,40520296,0.13506765333333334
783,81,Y,40297104,0.13432368
731,75,Y,40263832,0.13421277333333334
914,98,Y,40261296,0.13420432000000002
106,983,Y,40223216,0.13407738666666666
111,1021,Y,40214672,0.13404890666666666
902,96,Y,40204904,0.13401634666666665
2,147,Y,40121504,0.13373834666666667
108,994,Y,40080720,0.13360239999999998
516,48,Y,40024432,0.13341477333333332
511,47,Y,39963800,0.13321266666666667
748,77,Y,39960728,0.13320242666666665
319,23,Y,39822448,0.13274149333333335
113,1034,Y,39745632,0.13248544
71,699,Y,39710384,0.13236794666666665
1,136,Y,39650840,0.13216946666666668
686,69,Y,39539432,0.13179810666666666
1098,121,Y,39372080,0.13124026666666666
948,102,Y,39329352,0.13109784000000002
992,108,Y,39322072,0.13107357333333333
66,659,Y,39232888,0.13077629333333335
116,1057,Y,39169952,0.13056650666666667
359,28,Y,39169904,0.13056634666666667
15,255,Y,38881624,0.12960541333333334
843,89,Y,38658816,0.12886272
649,65,Y,38648728,0.1288290933333333
1122,124,Y,38532872,0.12844290666666666
702,71,Y,38531552,0.12843850666666667
98,914,Y,38477704,0.12825901333333334
233,13,Y,38460904,0.12820301333333334
1012,110,Y,38455288,0.12818429333333334
7,185,Y,38401504,0.12800501333333333
72,706,Y,38350456,0.12783485333333333
113,1033,Y,38336096,0.12778698666666666
11,222,Y,38301904,0.12767301333333334
313,23,Y,38072160,0.1269072
939,101,Y,38055184,0.12685061333333333
679,68,Y,37655080,0.12551693333333333
51,540,Y,37513048,0.12504349333333334
562,54,Y,37504984,0.12501661333333333
115,1049,Y,37492640,0.12497546666666666
69,686,Y,37474240,0.12491413333333334
113,1035,Y,37366016,0.12455338666666667
1053,115,Y,37361952,0.12453983999999998
84,803,Y,37286592,0.12428864
367,29,Y,37240536,0.12413512
799,83,Y,37176816,0.12392271999999999
36,418,Y,36936640,0.12312213333333334
174,5,Y,36761336,0.12253778666666668
38,434,Y,36625192,0.12208397333333333
64,646,Y,36590648,0.12196882666666667
87,826,Y,36490864,0.12163621333333334
1128,125,Y,36435984,0.12145328
92,865,Y,36368656,0.12122885333333334
397,33,Y,36358656,0.12119552000000001
1141,126,Y,36336968,0.12112322666666667
80,768,Y,36247352,0.12082450666666666
556,53,Y,36202936,0.12067645333333334
587,57,Y,36189304,0.12063101333333333
985,107,Y,36170912,0.12056970666666667
115,1055,Y,36064984,0.12021661333333333
384,32,Y,35959056,0.11986352
776,81,Y,35949904,0.11983301333333334
116,1058,Y,35887536,0.11962512
844,89,Y,35873008,0.11957669333333334
114,1047,Y,35870688,0.11956896
62,630,Y,35801272,0.11933757333333334
38,435,Y,35670448,0.11890149333333333
16,259,Y,35411304,0.11803767999999999
1,143,Y,35406096,0.11802032
184,7,Y,35287808,0.11762602666666667
827,87,Y,34979080,0.11659693333333333
55,574,Y,34949024,0.11649674666666668
586,57,Y,34763424,0.11587808
1094,120,Y,34721408,0.11573802666666666
518,48,Y,34696392,0.11565464
12,225,Y,34573360,0.11524453333333334
30,371,Y,34502640,0.11500880000000001
668,67,Y,34440664,0.11480221333333333
727,74,Y,34421680,0.11473893333333333
20,295,Y,34410400,0.11470133333333332
1117,123,Y,34354632,0.11451544
782,81,Y,33988288,0.11329429333333334
0,128,Y,33746888,0.11248962666666666
1129,125,Y,33696080,0.11232026666666668
10,215,Y,33638880,0.1121296
1105,122,Y,33586392,0.11195464000000001
287,19,Y,33556872,0.11185624
83,794,Y,33471312,0.11157104
114,1046,Y,33393872,0.11131290666666666
225,12,Y,33361592,0.11120530666666667
602,59,Y,33310240,0.11103413333333333
9,205,Y,33134496,0.11044831999999999
118,1075,Y,33030072,0.11010023999999999
5,170,Y,32936040,0.10978680000000002
1056,116,Y,32859032,0.10953010666666667
93,873,Y,32819040,0.1093968
125,1132,Y,32815720,0.10938573333333333
568,55,Y,32787160,0.10929053333333333
953,103,Y,32762720,0.10920906666666667
717,73,Y,32731584,0.10910528
97,907,Y,32336952,0.10778984
934,100,Y,32260848,0.10753615999999999
44,486,Y,32239400,0.10746466666666665
1081,119,Y,32207568,0.10735855999999999
286,19,Y,32118744,0.10706247999999999
344,27,Y,32117272,0.10705757333333334
949,102,Y,31980920,0.10660306666666666
39,440,Y,31972216,0.10657405333333334
328,25,Y,31923536,0.10641178666666666
711,72,Y,31866880,0.10622293333333334
65,651,Y,31864608,0.10621536
497,46,Y,31727272,0.10575757333333334
311,22,Y,31587616,0.10529205333333334
38,437,Y,31526008,0.10508669333333333
52,549,Y,31393744,0.10464581333333334
1140,126,Y,31367248,0.10455749333333335
68,679,Y,31339688,0.10446562666666667
127,1144,Y,31261824,0.10420608
11,223,Y,31254736,0.10418245333333333
115,1053,Y,31252688,0.10417562666666666
45,493,Y,31246096,0.10415365333333332
122,1104,Y,31242456,0.10414152
96,903,Y,31240576,0.10413525333333334
530,50,Y,31116368,0.10372122666666667
160,4,Y,31102256,0.10367418666666667
555,53,Y,31040696,0.10346898666666667
123,1118,Y,31038952,0.10346317333333334
708,72,Y,31029360,0.10343119999999999
95,894,Y,30925552,0.10308517333333332
548,52,Y,30879040,0.10293013333333334
67,667,Y,30845944,0.10281981333333334
860,91,Y,30845328,0.10281776
699,71,Y,30809088,0.10269695999999999
558,53,Y,30772280,0.10257426666666666
695,70,Y,30766584,0.10255528
41,460,Y,30720984,0.10240328000000001
925,99,Y,30694344,0.10231448
329,25,Y,30661256,0.10220418666666665
86,817,Y,30624376,0.10208125333333333
123,1113,Y,30522568,0.10174189333333333
936,101,Y,30514928,0.10171642666666666
290,20,Y,30503352,0.10167784
593,58,Y,30499080,0.1016636
105,969,Y,30478360,0.10159453333333332
634,63,Y,30462176,0.10154058666666667
12,226,Y,30432904,0.10144301333333333
922,99,Y,30311000,0.10103666666666666
196,8,Y,30259088,0.10086362666666666
1,140,Y,30127256,0.10042418666666666
309,22,Y,30117736,0.10039245333333333
67,669,Y,29965648,0.09988549333333334
482,44,Y,29896424,0.09965474666666667
19,284,Y,29810928,0.09936976
44,487,Y,29770416,0.09923472
475,43,Y,29716992,0.09905663999999999
92,864,Y,29623208,0.09874402666666666
270,17,Y,29613464,0.09871154666666666
9,207,Y,29376704,0.09792234666666666
859,91,Y,29372504,0.09790834666666666
20,289,Y,29342464,0.09780821333333334
1138,126,Y,29304488,0.09768162666666667
59,606,Y,29239824,0.09746608
79,761,Y,29232248,0.09744082666666667
728,75,Y,29232064,0.09744021333333334
105,968,Y,29189944,0.09729981333333333
331,25,Y,29185776,0.09728592
25,328,Y,29133240,0.0971108
66,662,Y,29091656,0.09697218666666667
820,86,Y,29048344,0.09682781333333333
23,319,Y,29018936,0.09672978666666666
281,19,Y,29016232,0.09672077333333334
27,350,Y,29009872,0.09669957333333333
661,66,Y,28876544,0.09625514666666667
13,237,Y,28853600,0.09617866666666668
50,532,Y,28832856,0.09610952
1011,110,Y,28751792,0.09583930666666667
333,25,Y,28712976,0.09570991999999999
308,22,Y,28706584,0.09568861333333332
224,12,Y,28679248,0.09559749333333332
220,11,Y,28670016,0.09556672
485,44,Y,28618720,0.09539573333333333
994,108,Y,28609152,0.09536383999999999
104,963,Y,28599688,0.09533229333333333
1016,111,Y,28596456,0.09532151999999999
8,193,Y,28542096,0.09514032
1120,124,Y,28423616,0.09474538666666667
598,58,Y,28411400,0.09470466666666666
1092,120,Y,28380584,0.09460194666666667
1047,114,Y,28377840,0.09459279999999999
824,87,Y,28368920,0.09456306666666667
54,561,Y,28296424,0.09432141333333334
140,1,Y,28249912,0.09416637333333333
752,78,Y,28242600,0.094142
529,50,Y,28178712,0.09392904
24,327,Y,28162224,0.09387408
120,1091,Y,28109416,0.09369805333333334
681,69,Y,28085280,0.09361760000000001
51,542,Y,27975760,0.09325253333333333
759,78,Y,27957120,0.0931904
889,95,Y,27917432,0.09305810666666667
56,577,Y,27913896,0.09304632
63,635,Y,27907768,0.09302589333333333
277,18,Y,27907664,0.09302554666666667
44,482,Y,27871472,0.09290490666666668
706,72,Y,27796464,0.09265488
85,810,Y,27754104,0.09251368
63,638,Y,27740216,0.09246738666666666
39,447,Y,27575928,0.09191975999999999
1112,123,Y,27559800,0.091866
101,938,Y,27536336,0.09178778666666668
55,573,Y,27534400,0.09178133333333334
596,58,Y,27475800,0.091586
64,642,Y,27468336,0.09156112000000001
75,730,Y,27438008,0.09146002666666667
271,17,Y,27390536,0.09130178666666666
115,1051,Y,27384272,0.09128090666666666
2,151,Y,27333552,0.09111184
254,15,Y,27315128,0.09105042666666667
87,825,Y,27296984,0.09098994666666667
857,91,Y,27295320,0.0909844
1147,127,Y,27264440,0.09088146666666666
126,1138,Y,27221632,0.09073877333333334
50,530,Y,27189696,0.09063232
177,6,Y,27115368,0.09038456
741,76,Y,27108320,0.09036106666666667
87,824,Y,27042736,0.09014245333333333
405,34,Y,27040152,0.09013384
59,600,Y,26955888,0.08985296
700,71,Y,26955448,0.08985149333333334
116,1062,Y,26935928,0.08978642666666667
11,217,Y,26894864,0.08964954666666666
423,36,Y,26807488,0.08935829333333334
221,11,Y,26796232,0.08932077333333333
476,43,Y,26791112,0.08930370666666668
430,37,Y,26726008,0.08908669333333333
86,822,Y,26649168,0.08883056
17,269,Y,26640800,0.08880266666666667
85,815,Y,26620400,0.08873466666666667
97,909,Y,26617960,0.08872653333333333
99,920,Y,26607744,0.08869248
918,98,Y,26563320,0.0885444
107,990,Y,26553296,0.08851098666666667
79,764,Y,26550720,0.0885024
59,604,Y,26543352,0.08847784
912,98,Y,26449344,0.08816447999999999
853,90,Y,26405408,0.08801802666666667
94,884,Y,26381872,0.08793957333333334
10,211,Y,26296840,0.08765613333333333
580,56,Y,26214448,0.08738149333333334
115,1052,Y,26210832,0.08736943999999999
33,399,Y,26203352,0.08734450666666667
67,671,Y,26169368,0.08723122666666668
968,105,Y,26154872,0.08718290666666666
117,1065,Y,26112688,0.08704229333333333
39,446,Y,26112248,0.08704082666666667
563,54,Y,26050592,0.08683530666666667
34,405,Y,26026056,0.08675352
122,1105,Y,25918576,0.08639525333333332
932,100,Y,25894824,0.08631608
1043,114,Y,25870304,0.08623434666666667
37,430,Y,25865088,0.08621696
392,33,Y,25816488,0.08605496
14,242,Y,25806320,0.08602106666666667
77,746,Y,25763720,0.08587906666666667
564,54,Y,25763296,0.08587765333333333
22,306,Y,25747328,0.08582442666666668
65,650,Y,25734000,0.08578000000000001
1009,110,Y,25700456,0.08566818666666667
211,10,Y,25696760,0.08565586666666666
886,94,Y,25687232,0.08562410666666666
611,60,Y,25645760,0.08548586666666666
188,7,Y,25634632,0.08544877333333332
86,820,Y,25633400,0.08544466666666667
95,888,Y,25612264,0.08537421333333334
654,65,Y,25587088,0.08529029333333334
1036,113,Y,25571896,0.08523965333333333
653,65,Y,25570888,0.08523629333333334
715,73,Y,25558320,0.0851944
168,5,Y,25553768,0.08517922666666666
33,397,Y,25542840,0.0851428
1145,127,Y,25425584,0.08475194666666667
126,1140,Y,25375328,0.08458442666666666
39,444,Y,25374576,0.08458192
95,891,Y,25353720,0.0845124
94,885,Y,25290984,0.08430328000000001
1034,113,Y,25226776,0.08408925333333334
773,80,Y,25209656,0.08403218666666668
1090,120,Y,25201768,0.08400589333333333
258,16,Y,25196712,0.08398904
739,76,Y,25189504,0.08396501333333334
23,316,Y,25182848,0.08394282666666666
9,201,Y,25157512,0.08385837333333333
544,52,Y,25153216,0.08384405333333333
403,34,Y,25141632,0.08380544
305,22,Y,25138600,0.08379533333333333
105,970,Y,25093720,0.08364573333333333
77,747,Y,25037328,0.08345775999999999
622,61,Y,24977160,0.08325719999999999
26,343,Y,24941784,0.08313928
127,1148,Y,24932080,0.08310693333333333
16,261,Y,24919360,0.08306453333333333
72,710,Y,24894504,0.08298168
49,522,Y,24874928,0.08291642666666667
58,599,Y,24860008,0.08286669333333332
20,291,Y,24856184,0.08285394666666666
82,789,Y,24854696,0.08284898666666667
60,613,Y,24827888,0.08275962666666667
354,28,Y,24815984,0.08271994666666667
520,49,Y,24777720,0.0825924
688,70,Y,24755472,0.08251823999999999
380,31,Y,24744952,0.08248317333333334
21,303,Y,24728560,0.08242853333333333
66,661,Y,24722024,0.08240674666666667
215,10,Y,24690000,0.0823
123,1115,Y,24625040,0.08208346666666666
153,3,Y,24615912,0.08205304
4,161,Y,24578424,0.08192808
797,83,Y,24575000,0.08191666666666667
77,745,Y,24532688,0.08177562666666667
62,625,Y,24502792,0.08167597333333333
107,986,Y,24485344,0.08161781333333333
71,700,Y,24478664,0.08159554666666666
18,277,Y,24466984,0.08155661333333333
322,24,Y,24447896,0.08149298666666667
49,526,Y,24435704,0.08145234666666666
17,268,Y,24400632,0.08133544
89,846,Y,24393704,0.08131234666666667
36,423,Y,24376264,0.08125421333333332
41,458,Y,24273560,0.08091186666666667
465,42,Y,24240472,0.08080157333333333
446,39,Y,24234472,0.08078157333333333
107,985,Y,24224152,0.08074717333333334
8,196,Y,24195000,0.08065
416,36,Y,24192984,0.08064328
181,6,Y,24169112,0.08056370666666667
31,377,Y,24147112,0.08049037333333334
115,1048,Y,24144008,0.08048002666666666
235,13,Y,24142472,0.08047490666666667
1089,120,Y,24129584,0.08043194666666667
971,105,Y,24127424,0.08042474666666667
121,1102,Y,24063256,0.08021085333333333
998,108,Y,24027592,0.08009197333333334
713,73,Y,23981904,0.07993968
107,988,Y,23923632,0.07974544
118,1074,Y,23905816,0.07968605333333334
947,102,Y,23897040,0.0796568
22,310,Y,23893464,0.07964488
479,43,Y,23868808,0.07956269333333334
6,180,Y,23864464,0.07954821333333334
97,905,Y,23852560,0.07950853333333334
246,14,Y,23820520,0.07940173333333334
63,636,Y,23815688,0.07938562666666667
71,703,Y,23804088,0.07934696
202,9,Y,23777048,0.07925682666666667
109,1004,Y,23773976,0.07924658666666667
32,389,Y,23759024,0.07919674666666666
25,333,Y,23715832,0.07905277333333334
1039,113,Y,23698168,0.07899389333333334
315,23,Y,23687760,0.0789592
1085,119,Y,23668488,0.07889496
54,567,Y,23652688,0.07884229333333334
60,614,Y,23623200,0.07874400000000001
280,19,Y,23621776,0.07873925333333334
411,35,Y,23621392,0.07873797333333334
951,102,Y,23616120,0.0787204
33,398,Y,23600552,0.07866850666666667
105,971,Y,23511528,0.07837176
440,39,Y,23509528,0.07836509333333333
126,1141,Y,23506720,0.07835573333333333
19,286,Y,23472704,0.07824234666666667
584,57,Y,23471248,0.07823749333333334
818,86,Y,23467816,0.07822605333333334
896,96,Y,23465824,0.07821941333333333
226,12,Y,23460688,0.07820229333333333
312,23,Y,23450280,0.0781676
875,93,Y,23446760,0.07815586666666667
110,1008,Y,23401912,0.07800637333333332
79,766,Y,23364928,0.07788309333333333
1055,115,Y,23327248,0.07775749333333333
21,298,Y,23310200,0.07770066666666667
965,104,Y,23257072,0.07752357333333333
70,690,Y,23250744,0.07750248
894,95,Y,23235216,0.07745072
1030,112,Y,23218720,0.07739573333333333
21,297,Y,23216520,0.0773884
57,589,Y,23213768,0.07737922666666666
813,85,Y,23198552,0.07732850666666666
26,341,Y,23185504,0.07728501333333333
55,571,Y,23161208,0.07720402666666668
87,831,Y,23159336,0.07719778666666667
517,48,Y,23132648,0.07710882666666667
3,154,Y,23091424,0.07697141333333334
765,79,Y,23091424,0.07697141333333334
17,270,Y,23085512,0.07695170666666667
459,41,Y,23062000,0.07687333333333334
528,50,Y,23060864,0.07686954666666666
108,996,Y,23036848,0.07678949333333333
84,806,Y,22997112,0.07665704
32,384,Y,22977904,0.07659301333333333
435,38,Y,22957088,0.07652362666666666
385,32,Y,22931808,0.07643936
551,52,Y,22916632,0.07638877333333333
180,6,Y,22816256,0.07605418666666668
124,1121,Y,22757480,0.07585826666666667
433,38,Y,22755880,0.07585293333333333
48,518,Y,22736336,0.07578778666666668
613,60,Y,22690448,0.07563482666666665
51,543,Y,22667832,0.07555943999999999
199,8,Y,22663272,0.07554424
88,832,Y,22581808,0.07527269333333333
404,34,Y,22555928,0.07518642666666667
64,644,Y,22554544,0.07518181333333333
669,67,Y,22549552,0.07516517333333333
48,514,Y,22517400,0.075058
822,86,Y,22502000,0.07500666666666667
15,249,Y,22485552,0.07495184
332,25,Y,22470344,0.07490114666666667
73,717,Y,22459976,0.07486658666666667
1061,116,Y,22455064,0.07485021333333333
425,37,Y,22450848,0.07483616
83,796,Y,22444232,0.07481410666666667
414,35,Y,22432968,0.07477656
1002,109,Y,22416680,0.07472226666666668
208,10,Y,22388832,0.07462944
744,77,Y,22387112,0.07462370666666666
967,104,Y,22371384,0.07457128
107,987,Y,22365408,0.07455136000000001
92,870,Y,22359368,0.07453122666666666
84,802,Y,22359144,0.07453048
14,245,Y,22337984,0.07445994666666667
103,957,Y,22320984,0.07440328
1014,110,Y,22305944,0.07435314666666666
352,28,Y,22304912,0.07434970666666667
1058,116,Y,22249984,0.07416661333333333
28,355,Y,22246912,0.07415637333333333
91,861,Y,22233128,0.07411042666666666
42,466,Y,22224456,0.07408152
7,189,Y,22221376,0.07407125333333334
127,1146,Y,22218384,0.07406128000000001
537,51,Y,22213680,0.0740456
54,562,Y,22198344,0.07399448
718,73,Y,22190872,0.07396957333333333
26,336,Y,22190120,0.07396706666666666
19,287,Y,22187896,0.07395965333333333
99,924,Y,22133488,0.07377829333333333
57,588,Y,22117840,0.07372613333333333
88,837,Y,22092040,0.07364013333333333
64,641,Y,22055264,0.07351754666666667
553,53,Y,22055000,0.07351666666666666
50,529,Y,22045552,0.07348517333333333
394,33,Y,22044520,0.07348173333333333
466,42,Y,22020200,0.07340066666666667
40,449,Y,21993208,0.07331069333333333
16,262,Y,21987840,0.0732928
121,1101,Y,21968104,0.07322701333333334
432,38,Y,21940888,0.07313629333333332
37,431,Y,21896504,0.07298834666666666
318,23,Y,21891032,0.07297010666666667
13,234,Y,21890840,0.07296946666666666
217,11,Y,21844552,0.07281517333333333
4,162,Y,21807368,0.07269122666666666
303,21,Y,21803704,0.07267901333333333
927,99,Y,21803312,0.07267770666666667
984,107,Y,21785568,0.07261856
1007,109,Y,21783328,0.07261109333333333
52,551,Y,21764264,0.07254754666666666
62,627,Y,21751840,0.07250613333333333
443,39,Y,21749096,0.07249698666666667
526,49,Y,21748544,0.07249514666666666
265,17,Y,21737328,0.07245776
10,212,Y,21702176,0.07234058666666666
165,4,Y,21697520,0.07232506666666667
1010,110,Y,21674584,0.07224861333333334
229,12,Y,21650864,0.07216954666666667
929,100,Y,21649856,0.07216618666666667
113,1038,Y,21641656,0.07213885333333334
98,919,Y,21613736,0.07204578666666667
531,50,Y,21609896,0.07203298666666666
112,1024,Y,21604368,0.07201456
18,276,Y,21568864,0.07189621333333333
840,89,Y,21568368,0.07189456
809,85,Y,21561440,0.07187146666666668
41,462,Y,21550280,0.07183426666666667
1031,112,Y,21532112,0.07177370666666666
137,1,Y,21512232,0.07170744
76,737,Y,21501024,0.07167008
389,32,Y,21477504,0.07159168
42,468,Y,21455712,0.07151904
962,104,Y,21454688,0.07151562666666667
977,106,Y,21443144,0.07147714666666667
22,307,Y,21437616,0.07145872
41,456,Y,21422176,0.07140725333333332
431,37,Y,21412192,0.07137397333333333
84,800,Y,21402384,0.07134128
507,47,Y,21391400,0.07130466666666667
772,80,Y,21330296,0.07110098666666667
75,728,Y,21318336,0.07106111999999999
121,1096,Y,21289576,0.07096525333333333
855,90,Y,21289056,0.07096352
0,130,Y,21279616,0.07093205333333334
1131,125,Y,21278056,0.07092685333333333
633,63,Y,21277128,0.07092376
109,1003,Y,21271032,0.07090344
95,895,Y,21270264,0.07090088
120,1095,Y,21263848,0.07087949333333333
35,411,Y,21236856,0.07078952
390,32,Y,21235952,0.07078650666666667
1080,119,Y,21190688,0.07063562666666667
23,315,Y,21172696,0.07057565333333334
913,98,Y,21140184,0.07046728
9,202,Y,21139736,0.07046578666666667
82,786,Y,21116528,0.07038842666666667
186,7,Y,21100088,0.07033362666666666
121,1103,Y,21088512,0.07029503999999999
36,420,Y,21081880,0.07027293333333333
55,569,Y,21063320,0.07021106666666667
98,918,Y,21009288,0.07003096
1072,118,Y,21002104,0.07000701333333333
6,179,Y,20983952,0.06994650666666667
132,0,Y,20971792,0.06990597333333333
102,949,Y,20968216,0.06989405333333333
626,62,Y,20956112,0.06985370666666667
481,44,Y,20954888,0.06984962666666666
51,541,Y,20949008,0.06983002666666666
94,881,Y,20894832,0.06964944
978,106,Y,20893864,0.06964621333333333
393,33,Y,20884088,0.06961362666666666
75,733,Y,20856536,0.06952178666666667
990,107,Y,20855400,0.069518
665,67,Y,20800928,0.06933642666666666
80,775,Y,20800432,0.06933477333333334
1088,120,Y,20788408,0.06929469333333334
103,952,Y,20787824,0.06929274666666667
52,547,Y,20765688,0.06921896000000001
89,847,Y,20755256,0.06918418666666667
463,41,Y,20738544,0.06912847999999999
35,413,Y,20733712,0.06911237333333334
86,819,Y,20664080,0.06888026666666668
631,62,Y,20660552,0.06886850666666666
20,294,Y,20659272,0.06886424
6,182,Y,20658736,0.06886245333333334
815,85,Y,20652712,0.06884237333333333
50,531,Y,20613776,0.06871258666666666
57,584,Y,20606400,0.068688
364,29,Y,20584696,0.06861565333333333
878,93,Y,20558216,0.06852738666666666
4,167,Y,20547400,0.06849133333333333
4,160,Y,20542736,0.06847578666666666
488,45,Y,20525008,0.06841669333333333
68,672,Y,20521416,0.06840472
345,27,Y,20498160,0.06832719999999999
100,929,Y,20495296,0.06831765333333333
958,103,Y,20475056,0.06825018666666667
11,218,Y,20468840,0.06822946666666667
61,623,Y,20466648,0.06822216
429,37,Y,20454976,0.06818325333333333
724,74,Y,20437792,0.06812597333333334
81,776,Y,20419424,0.06806474666666666
34,402,Y,20404504,0.06801501333333333
784,82,Y,20397792,0.06799264
930,100,Y,20395656,0.06798552
62,628,Y,20372712,0.06790903999999999
70,695,Y,20364224,0.06788074666666667
294,20,Y,20349912,0.06783304
119,1085,Y,20340816,0.06780272
118,1076,Y,20335752,0.06778584
795,83,Y,20335432,0.06778477333333334
57,590,Y,20317792,0.06772597333333333
96,899,Y,20315488,0.06771829333333333
129,0,Y,20304656,0.06768218666666667
47,511,Y,20300976,0.06766992
382,31,Y,20297648,0.06765882666666667
214,10,Y,20296032,0.06765344000000001
26,338,Y,20295536,0.06765178666666667
118,1077,Y,20291136,0.06763712
1062,116,Y,20283400,0.06761133333333334
379,31,Y,20267744,0.06755914666666667
74,724,Y,20240600,0.06746866666666668
54,563,Y,20234584,0.06744861333333334
9,206,Y,20233040,0.06744346666666666
106,977,Y,20232200,0.06744066666666666
1026,112,Y,20176984,0.06725661333333333
45,489,Y,20131712,0.06710570666666667
942,101,Y,20129208,0.06709736000000001
458,41,Y,20120048,0.06706682666666666
591,57,Y,20113256,0.06704418666666666
4,163,Y,20099376,0.06699792
42,465,Y,20095696,0.06698565333333334
29,361,Y,20076648,0.06692216
156,3,Y,20070960,0.0669032
92,869,Y,20067368,0.06689122666666666
52,546,Y,20040848,0.06680282666666668
44,485,Y,20033488,0.06677829333333334
3,152,Y,20029008,0.06676336000000001
283,19,Y,20026600,0.06675533333333333
126,1143,Y,20016904,0.06672301333333333
109,1005,Y,20008096,0.06669365333333334
35,410,Y,19985752,0.06661917333333334
192,8,Y,19964992,0.06654997333333333
103,956,Y,19954072,0.06651357333333334
1087,119,Y,19944200,0.06648066666666666
23,318,Y,19939416,0.06646472
887,94,Y,19932488,0.06644162666666667
49,521,Y,19918192,0.06639397333333333
842,89,Y,19912896,0.06637632
830,87,Y,19902504,0.06634168
131,0,Y,19901248,0.06633749333333333
890,95,Y,19871656,0.06623885333333333
1027,112,Y,19855216,0.06618405333333334
25,329,Y,19852720,0.06617573333333333
28,354,Y,19842656,0.06614218666666666
624,62,Y,19826392,0.06608797333333334
92,871,Y,19814488,0.06604829333333334
720,74,Y,19809792,0.06603263999999999
106,978,Y,19809528,0.06603176
415,35,Y,19809024,0.06603008
869,92,Y,19797976,0.06599325333333333
61,619,Y,19796192,0.06598730666666668
732,75,Y,19793832,0.06597944
891,95,Y,19760376,0.06586792
879,93,Y,19734080,0.06578026666666666
102,948,Y,19728592,0.06576197333333333
13,236,Y,19720704,0.06573567999999999
547,52,Y,19705840,0.06568613333333334
267,17,Y,19695752,0.06565250666666667
11,219,Y,19688488,0.06562829333333334
126,1137,Y,19688192,0.06562730666666666
182,6,Y,19685344,0.06561781333333333
616,61,Y,19683848,0.06561282666666667
148,2,Y,19670440,0.06556813333333333
30,372,Y,19667720,0.06555906666666667
17,267,Y,19666144,0.06555381333333334
1074,118,Y,19647936,0.06549312
849,90,Y,19639880,0.06546626666666666
111,1020,Y,19623592,0.06541197333333333
790,82,Y,19585888,0.06528629333333333
1144,127,Y,19580824,0.06526941333333333
980,106,Y,19576672,0.06525557333333334
63,632,Y,19545256,0.06515085333333333
579,56,Y,19542656,0.06514218666666667
589,57,Y,19539640,0.06513213333333333
149,2,Y,19536976,0.06512325333333333
31,381,Y,19530960,0.0651032
47,505,Y,19521960,0.0650732
979,106,Y,19513800,0.06504599999999999
1018,111,Y,19488120,0.0649604
32,388,Y,19482912,0.06494304000000001
97,911,Y,19482848,0.06494282666666668
60,609,Y,19481360,0.06493786666666666
42,471,Y,19480040,0.06493346666666666
49,520,Y,19475336,0.06491778666666666
55,572,Y,19453304,0.06484434666666666
490,45,Y,19448624,0.06482874666666667
27,346,Y,19437176,0.06479058666666666
730,75,Y,19436280,0.0647876
144,2,Y,19424832,0.06474944
122,1110,Y,19417384,0.06472461333333333
83,795,Y,19415416,0.06471805333333333
187,7,Y,19402352,0.06467450666666666
297,21,Y,19376384,0.06458794666666667
112,1026,Y,19375968,0.06458656
49,527,Y,19369848,0.06456616000000001
469,42,Y,19340088,0.06446696
606,59,Y,19339136,0.06446378666666668
4,165,Y,19338640,0.06446213333333334
264,17,Y,19323552,0.06441184
64,647,Y,19314536,0.06438178666666666
336,26,Y,19312560,0.06437520000000001
122,1109,Y,19296392,0.06432130666666666
90,852,Y,19286600,0.06428866666666667
1037,113,Y,19276672,0.06425557333333333
124,1127,Y,19260264,0.06420088
445,39,Y,19254040,0.06418013333333333
436,38,Y,19226040,0.0640868
234,13,Y,19222504,0.06407501333333333
377,31,Y,19218952,0.06406317333333333
27,347,Y,19200744,0.06400248
107,984,Y,19198288,0.06399429333333334
99,923,Y,19195200,0.063984
115,1054,Y,19179704,0.06393234666666667
57,587,Y,19167560,0.06389186666666667
66,658,Y,19165600,0.06388533333333334
60,612,Y,19153032,0.06384344
347,27,Y,19138832,0.06379610666666667
114,1044,Y,19119640,0.06373213333333333
183,6,Y,19118736,0.06372912
753,78,Y,19116400,0.06372133333333334
52,545,Y,19113816,0.06371272
13,239,Y,19102144,0.06367381333333333
754,78,Y,19101288,0.06367096
687,69,Y,19087560,0.0636252
468,42,Y,19083720,0.0636124
60,615,Y,19080768,0.06360256
102,945,Y,19079888,0.06359962666666666
785,82,Y,19077544,0.06359181333333334
1060,116,Y,19051056,0.06350352000000001
3,153,Y,19046952,0.06348983999999999
28,357,Y,19033312,0.06344437333333333
13,232,Y,19011968,0.06337322666666666
77,749,Y,18998504,0.06332834666666667
607,59,Y,18996640,0.06332213333333334
69,685,Y,18980448,0.06326816
123,1112,Y,18976968,0.06325655999999999
97,908,Y,18954840,0.0631828
900,96,Y,18941336,0.06313778666666667
770,80,Y,18940840,0.06313613333333333
96,902,Y,18939544,0.06313181333333334
614,60,Y,18923768,0.06307922666666667
29,367,Y,18910512,0.06303504
542,51,Y,18902280,0.0630076
298,21,Y,18900872,0.06300290666666666
578,56,Y,18883592,0.06294530666666666
955,103,Y,18870544,0.06290181333333333
9,204,Y,18855072,0.06285024
122,1108,Y,18830064,0.06276688
674,68,Y,18826056,0.06275352
127,1145,Y,18823056,0.06274352
110,1010,Y,18822560,0.06274186666666667
97,904,Y,18812712,0.06270904
5,168,Y,18786896,0.06262298666666667
91,858,Y,18781512,0.06260504
40,453,Y,18767440,0.06255813333333334
120,1089,Y,18764160,0.0625472
65,655,Y,18757232,0.06252410666666666
58,592,Y,18705600,0.062352000000000005
1104,122,Y,18699312,0.06233104
96,900,Y,18686992,0.06228997333333333
1019,111,Y,18684888,0.06228296
100,935,Y,18681600,0.062272
1023,111,Y,18667696,0.06222565333333333
24,323,Y,18638880,0.0621296
104,967,Y,18637256,0.062124186666666664
26,342,Y,18635744,0.062119146666666666
691,70,Y,18631024,0.06210341333333333
618,61,Y,18595984,0.061986613333333336
749,77,Y,18590960,0.061969866666666665
796,83,Y,18570872,0.06190290666666667
172,5,Y,18553072,0.06184357333333334
52,544,Y,18551048,0.06183682666666667
69,680,Y,18518808,0.06172936
356,28,Y,18515104,0.061717013333333334
79,762,Y,18514432,0.061714773333333334
1050,115,Y,18511848,0.06170616
608,60,Y,18507160,0.06169053333333333
122,1111,Y,18505064,0.06168354666666667
340,26,Y,18499896,0.06166632
931,100,Y,18493752,0.06164584
109,1007,Y,18488608,0.06162869333333333
33,392,Y,18482024,0.06160674666666666
574,55,Y,18461400,0.061538
1133,125,Y,18435336,0.061451120000000005
39,443,Y,18431064,0.06143688
464,42,Y,18428856,0.06142952
135,0,Y,18395376,0.06131792
398,33,Y,18389392,0.06129797333333333
506,47,Y,18388130,0.061293766666666666
169,5,Y,18387680,0.061292266666666664
811,85,Y,18378512,0.061261706666666665
104,965,Y,18372440,0.06124146666666667
230,12,Y,18355800,0.061186
788,82,Y,18355208,0.06118402666666667
366,29,Y,18352256,0.061174186666666665
310,22,Y,18348688,0.061162293333333326
368,30,Y,18347968,0.06115989333333333
987,107,Y,18345536,0.06115178666666667
101,939,Y,18308936,0.06102978666666667
667,67,Y,18307064,0.061023546666666664
108,993,Y,18305272,0.06101757333333333
53,559,Y,18295312,0.06098437333333333
2,148,Y,18294784,0.06098261333333334
260,16,Y,18289416,0.06096472
68,678,Y,18287096,0.060956986666666664
257,16,Y,18285424,0.06095141333333333
120,1090,Y,18277472,0.06092490666666666
373,30,Y,18265816,0.060886053333333336
88,839,Y,18256232,0.060854106666666664
327,24,Y,18248096,0.060826986666666666
79,767,Y,18218328,0.060727760000000006
629,62,Y,18202984,0.06067661333333333
1049,115,Y,18188072,0.06062690666666667
714,73,Y,18166664,0.06055554666666667
365,29,Y,18161816,0.06053938666666667
51,538,Y,18152392,0.06050797333333333
27,348,Y,18142760,0.06047586666666667
919,98,Y,18142040,0.06047346666666666
421,36,Y,18140320,0.060467733333333336
98,913,Y,18130424,0.060434746666666664
63,639,Y,18123672,0.060412240000000006
91,859,Y,18113904,0.060379680000000005
1083,119,Y,18111808,0.06037269333333333
1137,126,Y,18109928,0.06036642666666667
779,81,Y,18098568,0.06032856
72,705,Y,18091272,0.060304239999999995
873,93,Y,18081080,0.06027026666666666
30,370,Y,18060384,0.06020128
68,674,Y,18053904,0.06017968
56,579,Y,18052896,0.060176320000000005
1097,121,Y,18051512,0.060171706666666665
83,797,Y,18045560,0.060151866666666665
207,9,Y,18040880,0.06013626666666667
1021,111,Y,18040344,0.060134480000000004
112,1025,Y,18033896,0.060112986666666667
944,102,Y,18021880,0.06007293333333333
767,79,Y,18002592,0.06000864
71,696,Y,17998536,0.05999512
75,732,Y,17988072,0.05996024
1143,126,Y,17979624,0.059932080000000006
80,773,Y,17974832,0.05991610666666666
58,594,Y,17965648,0.05988549333333334
59,605,Y,17928688,0.05976229333333334
91,860,Y,17919912,0.05973304
632,63,Y,17894360,0.05964786666666667
836,88,Y,17886112,0.05962037333333333
263,16,Y,17882192,0.059607306666666665
729,75,Y,17866408,0.05955469333333333
91,856,Y,17854688,0.05951562666666666
173,5,Y,17853488,0.059511626666666664
284,19,Y,17837216,0.05945738666666667
58,593,Y,17837176,0.059457253333333335
75,729,Y,17830160,0.05943386666666667
134,0,Y,17830056,0.059433520000000004
534,50,Y,17829592,0.05943197333333333
74,727,Y,17828448,0.05942816
154,3,Y,17814888,0.059382960000000005
495,45,Y,17803296,0.05934432
952,103,Y,17787448,0.059291493333333334
683,69,Y,17783600,0.05927866666666666
46,498,Y,17775296,0.059250986666666665
99,925,Y,17770480,0.05923493333333333
582,56,Y,17766776,0.05922258666666667
91,863,Y,17756648,0.059188826666666666
73,719,Y,17733152,0.05911050666666666
972,105,Y,17714336,0.059047786666666664
45,492,Y,17679480,0.0589316
279,18,Y,17668776,0.05889592
933,100,Y,17667160,0.05889053333333333
590,57,Y,17661088,0.05887029333333334
37,428,Y,17654768,0.058849226666666664
505,47,Y,17629912,0.05876637333333333
1032,113,Y,17628040,0.05876013333333334
293,20,Y,17620120,0.05873373333333333
680,69,Y,17610832,0.05870277333333333
36,421,Y,17607352,0.05869117333333334
32,391,Y,17600312,0.05866770666666666
945,102,Y,17594480,0.05864826666666667
37,424,Y,17574736,0.05858245333333333
677,68,Y,17571560,0.058571866666666667
1136,126,Y,17560368,0.05853456
11,216,Y,17557568,0.058525226666666666
106,982,Y,17548904,0.058496346666666664
108,995,Y,17547208,0.05849069333333333
371,30,Y,17521088,0.058403626666666666
74,723,Y,17508464,0.05836154666666667
519,48,Y,17486496,0.058288320000000005
288,20,Y,17466024,0.05822008
940,101,Y,17463928,0.05821309333333333
93,878,Y,17454920,0.058183066666666665
90,855,Y,17436024,0.05812008
64,640,Y,17434928,0.058116426666666665
111,1017,Y,17433544,0.05811181333333333
988,107,Y,17405992,0.05801997333333333
316,23,Y,17404784,0.05801594666666667
888,95,Y,17398472,0.05799490666666666
109,1002,Y,17390120,0.057967066666666664
150,2,Y,17351632,0.057838773333333336
916,98,Y,17334256,0.05778085333333333
638,63,Y,17324312,0.05774770666666666
62,631,Y,17322512,0.05774170666666666
14,244,Y,17303008,0.05767669333333333
125,1135,Y,17302600,0.05767533333333333
89,841,Y,17302328,0.05767442666666666
999,108,Y,17300848,0.057669493333333335
692,70,Y,17284448,0.05761482666666667
28,359,Y,17281312,0.057604373333333334
14,243,Y,17275080,0.057583600000000006
15,252,Y,17252120,0.05750706666666666
28,353,Y,17240192,0.05746730666666667
350,27,Y,17236168,0.05745389333333333
22,311,Y,17220240,0.0574008
38,438,Y,17208424,0.05736141333333334
241,14,Y,17205760,0.05735253333333334
31,376,Y,17203224,0.05734408
82,791,Y,17197272,0.05732424
242,14,Y,17192072,0.05730690666666667
941,101,Y,17186080,0.05728693333333333
77,751,Y,17185824,0.057286079999999996
78,757,Y,17178448,0.05726149333333333
648,65,Y,17146768,0.05715589333333334
707,72,Y,17142960,0.0571432
56,582,Y,17136096,0.05712032
24,322,Y,17134704,0.05711568
125,1131,Y,17118048,0.05706016
108,999,Y,17107608,0.057025360000000004
569,55,Y,17083496,0.05694498666666667
39,442,Y,17077480,0.05692493333333334
106,979,Y,17077016,0.056923386666666666
581,56,Y,17072264,0.05690754666666666
45,491,Y,17070360,0.056901200000000006
119,1082,Y,17042440,0.05680813333333334
742,76,Y,17038424,0.056794746666666666
637,63,Y,17032024,0.05677341333333334
53,552,Y,17020184,0.056733946666666674
66,656,Y,17012744,0.05670914666666667
295,20,Y,17003304,0.05667768
213,10,Y,17000128,0.056667093333333335
117,1069,Y,16999624,0.05666541333333333
75,735,Y,16998624,0.056662080000000004
77,748,Y,16991432,0.05663810666666667
57,591,Y,16979880,0.0565996
28,356,Y,16968720,0.056562400000000006
981,106,Y,16965032,0.05655010666666667
82,785,Y,16957712,0.05652570666666667
5,174,Y,16956704,0.05652234666666667
88,834,Y,16943912,0.05647970666666667
43,472,Y,16936256,0.05645418666666667
943,101,Y,16932112,0.05644037333333333
31,379,Y,16930208,0.05643402666666667
26,340,Y,16920456,0.056401520000000004
816,86,Y,16918000,0.05639333333333334
76,740,Y,16912840,0.056376133333333335
357,28,Y,16912176,0.05637392
10,209,Y,16894104,0.056313680000000005
899,96,Y,16888536,0.05629512
1113,123,Y,16887168,0.05629056
8,194,Y,16879624,0.05626541333333333
52,548,Y,16867696,0.056225653333333334
381,31,Y,16865008,0.05621669333333334
62,626,Y,16850208,0.056167360000000006
60,608,Y,16835888,0.056119626666666665
874,93,Y,16831696,0.05610565333333333
35,412,Y,16826352,0.05608784
828,87,Y,16823584,0.05607861333333334
3,158,Y,16813160,0.056043866666666664
884,94,Y,16799400,0.055998
60,611,Y,16773664,0.05591221333333333
92,868,Y,16771128,0.05590376
1082,119,Y,16768656,0.055895520000000004
781,81,Y,16762432,0.055874773333333336
502,46,Y,16755496,0.055851653333333334
89,840,Y,16753496,0.055844986666666666
14,241,Y,16751624,0.055838746666666675
98,917,Y,16741240,0.05580413333333334
880,94,Y,16737288,0.05579096
472,43,Y,16696720,0.05565573333333333
483,44,Y,16690056,0.05563352
162,4,Y,16687928,0.05562642666666667
26,339,Y,16686816,0.05562272
348,27,Y,16676200,0.05558733333333333
22,308,Y,16648544,0.05549514666666667
250,15,Y,16638304,0.05546101333333333
409,35,Y,16636304,0.05545434666666667
40,454,Y,16635096,0.05545032
201,9,Y,16613832,0.055379439999999995
1020,111,Y,16592536,0.055308453333333334
99,927,Y,16583864,0.05527954666666667
118,1078,Y,16577440,0.05525813333333333
48,513,Y,16576224,0.05525408
778,81,Y,16560944,0.05520314666666667
138,1,Y,16558632,0.055195440000000005
619,61,Y,16557904,0.05519301333333334
1086,119,Y,16553576,0.05517858666666667
40,455,Y,16547480,0.055158266666666664
76,738,Y,16535632,0.055118773333333336
448,40,Y,16504848,0.055016159999999995
372,30,Y,16498864,0.05499621333333333
444,39,Y,16495216,0.05498405333333333
786,82,Y,16493856,0.054979520000000004
673,68,Y,16489928,0.054966426666666665
1001,109,Y,16481584,0.05493861333333333
222,11,Y,16467728,0.05489242666666666
541,51,Y,16459344,0.05486448
87,828,Y,16452768,0.054842560000000005
3,156,Y,16447504,0.05482501333333333
391,32,Y,16439560,0.05479853333333334
480,44,Y,16435912,0.05478637333333333
780,81,Y,16420720,0.054735733333333335
30,373,Y,16401192,0.05467064
374,30,Y,16398976,0.054663253333333335
1111,122,Y,16398240,0.054660799999999996
769,80,Y,16389976,0.054633253333333326
685,69,Y,16388360,0.05462786666666666
1134,125,Y,16367640,0.0545588
29,363,Y,16351128,0.054503760000000005
868,92,Y,16348776,0.054495919999999996
566,54,Y,16341960,0.0544732
85,809,Y,16329192,0.054430639999999995
575,55,Y,16327920,0.0544264
514,48,Y,16322040,0.0544068
461,41,Y,16307352,0.05435784
133,0,Y,16293072,0.054310239999999996
195,8,Y,16290776,0.054302586666666666
1127,124,Y,16281328,0.05427109333333333
88,836,Y,16280592,0.05426864000000001
83,793,Y,16280048,0.05426682666666667
13,233,Y,16277488,0.05425829333333334
101,937,Y,16268456,0.054228186666666664
65,652,Y,16258888,0.05419629333333334
55,568,Y,16247040,0.0541568
261,16,Y,16234040,0.05411346666666666
428,37,Y,16216880,0.05405626666666667
10,210,Y,16216576,0.05405525333333334
419,36,Y,16214648,0.054048826666666674
205,9,Y,16206512,0.05402170666666667
179,6,Y,16204728,0.054015759999999996
178,6,Y,16202376,0.05400792
442,39,Y,16193096,0.053976986666666664
98,916,Y,16190264,0.053967546666666665
620,61,Y,16182920,0.053943066666666664
601,59,Y,16182632,0.05394210666666666
636,63,Y,16181808,0.05393936
8,198,Y,16180720,0.05393573333333333
108,997,Y,16178544,0.053928479999999994
43,473,Y,16166664,0.05388888
73,713,Y,16160152,0.05386717333333333
212,10,Y,16158864,0.05386288
159,3,Y,16154480,0.05384826666666667
104,964,Y,16151992,0.05383997333333333
628,62,Y,16146880,0.053822933333333337
114,1042,Y,16141680,0.053805599999999995
306,22,Y,16132304,0.053774346666666674
926,99,Y,16127816,0.053759386666666666
383,31,Y,16126440,0.0537548
50,533,Y,16123160,0.05374386666666667
112,1028,Y,16111128,0.053703759999999996
24,325,Y,16105816,0.05368605333333333
453,40,Y,16100648,0.05366882666666666
420,36,Y,16079888,0.05359962666666667
690,70,Y,16075088,0.05358362666666666
85,808,Y,16064944,0.053549813333333335
863,91,Y,16062408,0.053541359999999996
441,39,Y,16060056,0.05353352
58,596,Y,16052488,0.05350829333333333
163,4,Y,16039744,0.053465813333333334
43,476,Y,16039544,0.05346514666666667
81,781,Y,16032632,0.05344210666666666
256,16,Y,16027552,0.05342517333333333
78,759,Y,16021136,0.053403786666666675
1150,127,Y,16017712,0.05339237333333333
7,190,Y,16013928,0.05337976
117,1070,Y,15998184,0.05332728
126,1136,Y,15974280,0.053247600000000006
817,86,Y,15962464,0.05320821333333333
139,1,Y,15961424,0.05320474666666667
1064,117,Y,15952944,0.05317648
852,90,Y,15951336,0.05317112
725,74,Y,15947800,0.05315933333333333
18,273,Y,15946336,0.05315445333333334
1,137,Y,15936136,0.05312045333333333
387,32,Y,15935968,0.053119893333333335
722,74,Y,15933448,0.05311149333333333
123,1119,Y,15924272,0.05308090666666667
105,972,Y,15921272,0.05307090666666666
110,1012,Y,15918080,0.05306026666666667
113,1039,Y,15916624,0.053055413333333336
92,866,Y,15908664,0.05302888
437,38,Y,15892544,0.05297514666666667
191,7,Y,15892376,0.05297458666666667
837,88,Y,15884080,0.052946933333333335
1022,111,Y,15881104,0.05293701333333333
71,698,Y,15879272,0.05293090666666667
81,779,Y,15874416,0.05291472
969,105,Y,15873952,0.052913173333333334
47,508,Y,15855136,0.05285045333333333
664,67,Y,15853632,0.052845439999999994
45,494,Y,15839488,0.052798293333333336
496,46,Y,15836656,0.05278885333333334
91,857,Y,15828112,0.05276037333333334
666,67,Y,15827904,0.05275968
34,404,Y,15808552,0.05269517333333333
85,814,Y,15803384,0.05267794666666667
635,63,Y,15797416,0.052658053333333336
57,585,Y,15795752,0.05265250666666667
110,1011,Y,15793144,0.05264381333333334
300,21,Y,15789312,0.052631040000000004
1005,109,Y,15772056,0.05257352
89,842,Y,15768952,0.05256317333333333
1066,117,Y,15757632,0.05252544
185,7,Y,15756720,0.052522400000000004
552,53,Y,15751752,0.052505840000000005
684,69,Y,15746680,0.052488933333333335
1110,122,Y,15740808,0.05246936
110,1015,Y,15733848,0.052446160000000006
7,184,Y,15721872,0.05240624
719,73,Y,15721824,0.052406079999999994
112,1030,Y,15718648,0.052395493333333334
885,94,Y,15715496,0.05238498666666667
68,673,Y,15714504,0.05238168
10,213,Y,15711320,0.05237106666666667
911,97,Y,15707768,0.05235922666666666
696,71,Y,15704264,0.05234754666666667
1108,122,Y,15700560,0.052335200000000005
12,228,Y,15697464,0.05232488
70,688,Y,15695928,0.05231976
697,71,Y,15691600,0.052305333333333336
761,79,Y,15685736,0.05228578666666667
835,88,Y,15674176,0.05224725333333333
1,142,Y,15658632,0.052195439999999996
13,238,Y,15649344,0.05216448
88,838,Y,15641920,0.052139733333333334
856,91,Y,15632408,0.05210802666666667
121,1099,Y,15625824,0.05208608
29,362,Y,15623952,0.052079839999999995
48,516,Y,15623504,0.05207834666666667
970,105,Y,15618800,0.05206266666666667
876,93,Y,15611968,0.05203989333333333
86,816,Y,15608552,0.05202850666666667
1126,124,Y,15596728,0.05198909333333333
396,33,Y,15595288,0.051984293333333334
657,66,Y,15558440,0.05186146666666667
798,83,Y,15557416,0.051858053333333334
330,25,Y,15531464,0.05177154666666667
80,774,Y,15530928,0.05176976
81,778,Y,15528672,0.05176224000000001
56,583,Y,15526104,0.05175368
20,288,Y,15514296,0.05171432
1059,116,Y,15512552,0.05170850666666667
24,321,Y,15512360,0.051707866666666664
1067,117,Y,15512344,0.05170781333333333
116,1056,Y,15498760,0.05166253333333333
1148,127,Y,15496776,0.05165592000000001
510,47,Y,15472288,0.05157429333333334
794,83,Y,15465696,0.05155232
87,830,Y,15457576,0.05152525333333333
956,103,Y,15448656,0.051495519999999996
118,1073,Y,15440880,0.051469600000000004
854,90,Y,15425456,0.051418186666666664
1078,118,Y,15425136,0.05141712
62,624,Y,15422520,0.05140840000000001
819,86,Y,15417616,0.051392053333333326
110,1009,Y,15398984,0.05132994666666666
599,58,Y,15397696,0.05132565333333333
273,18,Y,15391240,0.051304133333333335
88,833,Y,15359496,0.05119832
232,13,Y,15342800,0.05114266666666667
76,742,Y,15340432,0.05113477333333333
269,17,Y,15336496,0.051121653333333336
605,59,Y,15321176,0.05107058666666667
1091,120,Y,15302544,0.05100848
401,34,Y,15300968,0.05100322666666667
317,23,Y,15283440,0.0509448
100,934,Y,15273696,0.05091232
7,186,Y,15271472,0.050904906666666666
535,50,Y,15261552,0.05087184
97,906,Y,15260752,0.05086917333333333
119,1080,Y,15240896,0.050802986666666675
108,998,Y,15237192,0.050790640000000005
15,253,Y,15234424,0.05078141333333333
45,488,Y,15232944,0.05077648
1073,118,Y,15224472,0.05074824
49,524,Y,15222544,0.05074181333333334
53,553,Y,15210536,0.050701786666666665
892,95,Y,15204240,0.0506808
104,960,Y,15197712,0.05065904
109,1006,Y,15186944,0.05062314666666667
86,818,Y,15184128,0.05061376
69,683,Y,15170800,0.050569333333333334
123,1114,Y,15167200,0.05055733333333333
125,1129,Y,15165256,0.05055085333333333
756,78,Y,15160928,0.05053642666666666
73,716,Y,15116392,0.050387973333333336
44,483,Y,15115008,0.050383359999999995
630,62,Y,15114280,0.05038093333333333
47,507,Y,15084000,0.05028
219,11,Y,15072096,0.05024032
489,45,Y,15068816,0.050229386666666674
116,1063,Y,15067040,0.05022346666666667
659,66,Y,15056496,0.05018832
41,461,Y,15044944,0.050149813333333335
146,2,Y,15023192,0.05007730666666667
1000,109,Y,15019832,0.050066106666666665
0,135,Y,15007192,0.05002397333333334
125,1130,Y,15003792,0.05001264
76,739,Y,15002288,0.050007626666666666
83,799,Y,14996952,0.049989839999999994
0,133,Y,14991928,0.049973093333333336
964,104,Y,14986088,0.04995362666666667
660,66,Y,14985608,0.04995202666666666
106,981,Y,14983912,0.04994637333333333
35,409,Y,14973408,0.04991136
40,452,Y,14971624,0.049905413333333336
567,54,Y,14966328,0.049887759999999996
342,26,Y,14963864,0.04987954666666667
12,231,Y,14963664,0.049878879999999993
25,332,Y,14962968,0.04987655999999999
576,56,Y,14958448,0.04986149333333333
62,629,Y,14956064,0.04985354666666667
128,0,Y,14949336,0.049831120000000007
101,943,Y,14942704,0.04980901333333334
210,10,Y,14936360,0.049787866666666666
167,4,Y,14934752,0.04978250666666667
25,330,Y,14930664,0.04976888
503,46,Y,14925944,0.049753146666666664
408,35,Y,14925664,0.04975221333333334
11,221,Y,14919280,0.04973093333333333
470,42,Y,14907888,0.04969296
70,694,Y,14905248,0.049684160000000005
866,92,Y,14891072,0.04963690666666666
410,35,Y,14884184,0.04961394666666666
79,760,Y,14872040,0.04957346666666667
43,474,Y,14847704,0.049492346666666666
1151,127,Y,14845320,0.049484400000000005
877,93,Y,14841120,0.0494704
90,849,Y,14831984,0.049439946666666665
33,394,Y,14829536,0.04943178666666667
862,91,Y,14821664,0.04940554666666667
74,721,Y,14817080,0.04939026666666667
829,87,Y,14806680,0.0493556
231,12,Y,14804736,0.04934912
314,23,Y,14803168,0.04934389333333334
1109,122,Y,14798520,0.049328399999999994
113,1032,Y,14785104,0.04928368
228,12,Y,14776664,0.049255546666666664
1107,122,Y,14775456,0.04925152
678,68,Y,14772312,0.04924104
559,53,Y,14769888,0.04923296
793,83,Y,14769648,0.04923216
32,386,Y,14739584,0.04913194666666666
12,227,Y,14728448,0.04909482666666667
561,54,Y,14721984,0.04907328
789,82,Y,14700248,0.049000826666666664
1065,117,Y,14694752,0.04898250666666667
334,25,Y,14680752,0.04893584
101,941,Y,14675328,0.048917760000000005
89,843,Y,14660624,0.04886874666666667
38,432,Y,14656440,0.0488548
1045,114,Y,14652144,0.04884048
78,755,Y,14648752,0.04882917333333334
554,53,Y,14644040,0.048813466666666666
116,1060,Y,14643264,0.04881088
50,535,Y,14640320,0.04880106666666667
650,65,Y,14636352,0.04878784
53,556,Y,14633408,0.04877802666666667
959,103,Y,14624280,0.048747599999999995
44,481,Y,14621280,0.0487376
117,1068,Y,14616792,0.04872264
106,976,Y,14614256,0.048714186666666666
402,34,Y,14609920,0.048699733333333335
45,490,Y,14607136,0.04869045333333333
22,304,Y,14605800,0.048686
747,77,Y,14604576,0.048681920000000004
640,64,Y,14590816,0.04863605333333334
56,578,Y,14584600,0.04861533333333334
84,804,Y,14580040,0.04860013333333333
119,1084,Y,14576960,0.04858986666666667
848,90,Y,14575920,0.0485864
65,649,Y,14572376,0.04857458666666666
43,475,Y,14570888,0.048569626666666664
117,1067,Y,14555744,0.048519146666666665
48,512,Y,14537232,0.048457440000000004
9,203,Y,14528864,0.04842954666666666
127,1150,Y,14523920,0.04841306666666667
733,75,Y,14515336,0.048384453333333334
96,901,Y,14514880,0.048382933333333336
805,84,Y,14512136,0.04837378666666667
61,618,Y,14502200,0.048340666666666664
25,331,Y,14494048,0.04831349333333333
2,150,Y,14490544,0.04830181333333333
455,40,Y,14487456,0.04829152
34,403,Y,14458840,0.04819613333333333
904,97,Y,14448728,0.04816242666666667
91,862,Y,14442864,0.04814288
376,31,Y,14406488,0.048021626666666664
115,1050,Y,14405896,0.048019653333333336
61,620,Y,14405104,0.04801701333333333
35,414,Y,14401504,0.04800501333333333
90,853,Y,14385504,0.047951679999999997
112,1031,Y,14380680,0.0479356
491,45,Y,14371000,0.04790333333333333
194,8,Y,14352600,0.047842
47,510,Y,14349184,0.047830613333333334
23,312,Y,14345800,0.04781933333333333
69,687,Y,14345072,0.047816906666666666
37,426,Y,14339576,0.04779858666666666
406,34,Y,14338224,0.04779408
85,812,Y,14337936,0.047793119999999994
71,697,Y,14331960,0.0477732
87,829,Y,14331768,0.04777256
67,665,Y,14320192,0.04773397333333333
1114,123,Y,14313328,0.047711093333333336
1079,118,Y,14311088,0.047703626666666665
557,53,Y,14294864,0.04764954666666667
218,11,Y,14284000,0.047613333333333334
834,88,Y,14278328,0.04759442666666667
16,256,Y,14275976,0.047586586666666666
983,106,Y,14274104,0.04758034666666667
870,92,Y,14272640,0.04757546666666666
110,1014,Y,14258280,0.0475276
87,827,Y,14258080,0.047526933333333334
147,2,Y,14257496,0.047524986666666665
521,49,Y,14256136,0.04752045333333334
533,50,Y,14233296,0.047444320000000005
1040,114,Y,14215584,0.047385279999999995
814,85,Y,14208512,0.04736170666666667
882,94,Y,14202712,0.04734237333333333
609,60,Y,14202072,0.04734024
546,52,Y,14176976,0.04725658666666666
65,648,Y,14174600,0.04724866666666667
1025,112,Y,14171168,0.047237226666666667
600,59,Y,14171040,0.047236799999999995
920,99,Y,14170864,0.04723621333333333
52,550,Y,14167664,0.047225546666666667
74,720,Y,14165224,0.04721741333333333
1008,110,Y,14162144,0.047207146666666665
701,71,Y,14159504,0.04719834666666667
1100,121,Y,14153976,0.04717992
1142,126,Y,14152088,0.04717362666666667
762,79,Y,14151936,0.04717312
40,448,Y,14150744,0.04716914666666667
7,188,Y,14143072,0.047143573333333334
124,1122,Y,14143048,0.047143493333333335
83,798,Y,14129288,0.04709762666666667
82,787,Y,14108048,0.04702682666666667
434,38,Y,14103928,0.04701309333333333
777,81,Y,14082896,0.046942986666666665
3,159,Y,14079528,0.04693176
757,78,Y,14075208,0.046917360000000005
617,61,Y,14072064,0.04690688
898,96,Y,14065680,0.0468856
572,55,Y,14061456,0.04687152
806,84,Y,14046824,0.046822746666666665
343,26,Y,14046360,0.0468212
577,56,Y,14045264,0.04681754666666667
833,88,Y,14025336,0.04675112
36,419,Y,14007464,0.04669154666666667
734,75,Y,13991624,0.04663874666666666
1115,123,Y,13988584,0.04662861333333333
362,29,Y,13983824,0.04661274666666667
1102,121,Y,13982232,0.04660744
615,60,Y,13968776,0.04656258666666666
12,224,Y,13964944,0.04654981333333333
34,401,Y,13963240,0.046544133333333335
745,77,Y,13959912,0.04653304
18,275,Y,13957680,0.0465256
77,744,Y,13950344,0.046501146666666666
2,146,Y,13943856,0.04647952
450,40,Y,13928160,0.0464272
571,55,Y,13925328,0.04641776
73,714,Y,13921104,0.046403679999999996
703,71,Y,13919456,0.04639818666666667
763,79,Y,13914664,0.04638221333333333
63,637,Y,13885672,0.04628557333333333
536,51,Y,13870352,0.04623450666666667
114,1041,Y,13854264,0.04618088
1068,117,Y,13850960,0.04616986666666666
1033,113,Y,13834632,0.04611544
1130,125,Y,13833128,0.04611042666666667
100,930,Y,13815112,0.04605037333333333
41,463,Y,13807592,0.04602530666666667
90,851,Y,13805376,0.04601792
1084,119,Y,13798496,0.04599498666666667
716,73,Y,13788096,0.04596032
71,701,Y,13785336,0.045951120000000005
6,177,Y,13782032,0.04594010666666667
1024,112,Y,13778760,0.045929199999999996
43,479,Y,13774024,0.04591341333333333
917,98,Y,13771432,0.04590477333333333
527,49,Y,13769608,0.04589869333333334
0,131,Y,13755904,0.04585301333333333
369,30,Y,13751584,0.04583861333333333
93,872,Y,13746120,0.0458204
808,85,Y,13736072,0.04578690666666667
26,337,Y,13734448,0.04578149333333333
710,72,Y,13729512,0.04576504
171,5,Y,13726120,0.04575373333333333
117,1064,Y,13725944,0.04575314666666667
81,782,Y,13719104,0.045730346666666664
120,1094,Y,13717504,0.045725013333333335
6,176,Y,13716384,0.045721279999999996
1035,113,Y,13715872,0.04571957333333333
93,876,Y,13712936,0.04570978666666667
282,19,Y,13706240,0.04568746666666666
585,57,Y,13703288,0.045677626666666665
5,172,Y,13701560,0.045671866666666665
243,14,Y,13680264,0.045600879999999996
28,358,Y,13678920,0.0455964
82,784,Y,13672288,0.045574293333333335
1013,110,Y,13659536,0.045531786666666664
1071,117,Y,13658096,0.045526986666666665
46,500,Y,13646936,0.045489786666666664
412,35,Y,13642416,0.045474719999999996
723,74,Y,13641816,0.04547272
93,874,Y,13638264,0.04546088
705,72,Y,13632832,0.04544277333333333
339,26,Y,13623704,0.045412346666666666
18,274,Y,13621280,0.045404266666666665
223,11,Y,13610920,0.045369733333333336
109,1001,Y,13605872,0.045352906666666665
573,55,Y,13583416,0.04527805333333333
48,517,Y,13582408,0.04527469333333333
8,199,Y,13581160,0.045270533333333335
124,1124,Y,13577984,0.04525994666666667
81,777,Y,13577296,0.045257653333333335
101,940,Y,13575960,0.0452532
121,1100,Y,13571368,0.045237893333333334
66,660,Y,13563072,0.04521024
709,72,Y,13538288,0.04512762666666667
689,70,Y,13533568,0.04511189333333333
59,601,Y,13531984,0.04510661333333333
651,65,Y,13528120,0.04509373333333333
1003,109,Y,13525928,0.045086426666666665
94,883,Y,13518288,0.045060960000000004
803,84,Y,13516480,0.04505493333333333
764,79,Y,13515520,0.04505173333333333
143,1,Y,13512440,0.04504146666666666
100,932,Y,13502368,0.04500789333333333
255,15,Y,13480520,0.04493506666666666
36,416,Y,13480088,0.044933626666666664
1070,117,Y,13445280,0.0448176
117,1071,Y,13423512,0.04474504
70,691,Y,13411264,0.04470421333333333
704,72,Y,13405632,0.04468544
127,1147,Y,13398976,0.04466325333333333
99,922,Y,13392920,0.04464306666666667
124,1120,Y,13362216,0.04454072
24,320,Y,13358520,0.0445284
881,94,Y,13354544,0.044515146666666665
54,565,Y,13352112,0.044507040000000005
126,1139,Y,13325560,0.04441853333333333
6,181,Y,13322864,0.04440954666666667
570,55,Y,13315968,0.04438656
111,1019,Y,13312896,0.04437632
532,50,Y,13288512,0.04429504
471,42,Y,13287288,0.04429096
69,681,Y,13279064,0.04426354666666667
66,657,Y,13277992,0.044259973333333334
39,441,Y,13268984,0.044229946666666665
18,272,Y,13264920,0.044216399999999996
200,9,Y,13264704,0.04421568
694,70,Y,13257872,0.04419290666666667
698,71,Y,13228712,0.044095706666666665
838,88,Y,13216640,0.04405546666666667
70,693,Y,13210016,0.04403338666666667
906,97,Y,13208472,0.044028239999999996
114,1040,Y,13185296,0.04395098666666667
49,525,Y,13181832,0.043939439999999996
111,1023,Y,13179192,0.04393064
0,132,Y,13169112,0.04389704
29,365,Y,13167200,0.04389066666666667
80,770,Y,13161688,0.04387229333333333
1139,126,Y,13144160,0.043813866666666666
1028,112,Y,13138936,0.04379645333333333
19,283,Y,13138120,0.043793733333333335
116,1059,Y,13116072,0.04372024
18,278,Y,13113640,0.04371213333333333
27,344,Y,13110704,0.04370234666666667
65,654,Y,13107504,0.04369168
839,88,Y,13102336,0.04367445333333333
31,382,Y,13092448,0.04364149333333334
867,92,Y,13085080,0.04361693333333334
95,893,Y,13080992,0.04360330666666667
27,345,Y,13047248,0.04349082666666667
746,77,Y,13042520,0.043475066666666666
1132,125,Y,13023688,0.04341229333333333
78,753,Y,13017608,0.043392026666666667
671,67,Y,13005152,0.04335050666666666
11,220,Y,13004552,0.04334850666666667
34,400,Y,13001784,0.04333928
119,1087,Y,13000656,0.043335519999999995
63,633,Y,12982360,0.04327453333333333
100,933,Y,12978016,0.04326005333333333
30,369,Y,12976744,0.04325581333333334
125,1134,Y,12965936,0.04321978666666666
93,875,Y,12958032,0.04319344
112,1029,Y,12955024,0.04318341333333333
42,464,Y,12944376,0.04314792
100,928,Y,12944256,0.04314752
738,76,Y,12943232,0.04314410666666667
102,944,Y,12936744,0.043122480000000005
104,966,Y,12935176,0.043117253333333334
597,58,Y,12932920,0.04310973333333334
872,93,Y,12932240,0.04310746666666667
304,22,Y,12925600,0.04308533333333334
93,877,Y,12920376,0.04306792
7,187,Y,12914280,0.0430476
417,36,Y,12909616,0.043032053333333334
474,43,Y,12907648,0.04302549333333333
80,772,Y,12887576,0.042958586666666666
117,1066,Y,12882848,0.04294282666666666
96,896,Y,12873432,0.04291144
484,44,Y,12860488,0.04286829333333333
893,95,Y,12859856,0.04286618666666667
363,29,Y,12856096,0.04285365333333333
38,436,Y,12843216,0.042810720000000003
73,718,Y,12828552,0.04276184
44,484,Y,12828448,0.04276149333333334
370,30,Y,12824312,0.04274770666666666
262,16,Y,12817256,0.04272418666666667
1029,112,Y,12814560,0.042715199999999995
245,14,Y,12804640,0.04268213333333334
524,49,Y,12803176,0.04267725333333333
905,97,Y,12784576,0.04261525333333333
10,214,Y,12778704,0.042595680000000004
99,921,Y,12772704,0.04257568
40,450,Y,12766224,0.04255408
259,16,Y,12765672,0.04255224
1096,121,Y,12746192,0.04248730666666667
858,91,Y,12743688,0.04247896
663,66,Y,12743304,0.04247768
244,14,Y,12739112,0.04246370666666666
126,1142,Y,12731656,0.04243885333333333
14,247,Y,12713576,0.04237858666666667
800,84,Y,12707376,0.04235792
189,7,Y,12705477,0.04235159
15,248,Y,12704872,0.042349573333333335
79,763,Y,12698984,0.04232994666666667
1054,115,Y,12698320,0.04232773333333333
508,47,Y,12671840,0.04223946666666667
743,76,Y,12661992,0.04220664
768,80,Y,12660456,0.04220152
193,8,Y,12649632,0.04216544
106,980,Y,12639640,0.042132133333333335
72,707,Y,12639416,0.042131386666666666
17,264,Y,12636960,0.0421232
775,80,Y,12609208,0.042030693333333334
22,309,Y,12600008,0.04200002666666667
36,417,Y,12598496,0.04199498666666667
560,54,Y,12592120,0.04197373333333333
1063,116,Y,12585832,0.04195277333333333
124,1126,Y,12569840,0.04189946666666666
90,850,Y,12562840,0.041876133333333336
17,265,Y,12562016,0.041873386666666665
32,387,Y,12554536,0.041848453333333334
3,155,Y,12550432,0.04183477333333334
996,108,Y,12538360,0.041794533333333335
921,99,Y,12535856,0.04178618666666667
141,1,Y,12531032,0.04177010666666667
418,36,Y,12510424,0.04170141333333333
655,65,Y,12509696,0.04169898666666667
35,408,Y,12507880,0.041692933333333335
388,32,Y,12503104,0.04167701333333333
721,74,Y,12460160,0.04153386666666667
604,59,Y,12457040,0.04152346666666666
33,393,Y,12455960,0.04151986666666667
499,46,Y,12446080,0.04148693333333333
118,1072,Y,12441624,0.04147208
1101,121,Y,12430640,0.041435466666666664
151,2,Y,12430304,0.04143434666666666
823,86,Y,12430088,0.04143362666666667
1124,124,Y,12420328,0.04140109333333333
204,9,Y,12420088,0.04140029333333333
5,175,Y,12408856,0.04136285333333333
240,14,Y,12397864,0.041326213333333334
351,27,Y,12359424,0.04119808
909,97,Y,12356696,0.04118898666666667
27,349,Y,12354488,0.041181626666666665
166,4,Y,12344528,0.04114842666666667
101,942,Y,12333824,0.04111274666666667
774,80,Y,12332128,0.04110709333333334
276,18,Y,12315088,0.041050293333333335
1015,110,Y,12296464,0.040988213333333336
5,171,Y,12294728,0.04098242666666667
1149,127,Y,12275472,0.04091824
98,915,Y,12270952,0.040903173333333334
197,8,Y,12263216,0.04087738666666667
60,610,Y,12250504,0.040835013333333336
77,750,Y,12246864,0.04082288
86,821,Y,12234664,0.04078221333333333
791,82,Y,12229288,0.04076429333333333
0,134,Y,12218272,0.04072757333333333
1075,118,Y,12213480,0.0407116
513,48,Y,12201784,0.040672613333333336
1118,123,Y,12177680,0.04059226666666667
645,64,Y,12167544,0.04055848
35,415,Y,12149136,0.040497120000000005
102,950,Y,12147720,0.0404924
55,570,Y,12114632,0.04038210666666667
113,1037,Y,12113352,0.04037784
33,395,Y,12106224,0.04035408
726,74,Y,12094392,0.04031464
736,76,Y,12088592,0.04029530666666666
883,94,Y,12082528,0.04027509333333333
122,1107,Y,12081856,0.04027285333333333
34,407,Y,12079240,0.040264133333333334
1048,115,Y,12075400,0.04025133333333333
353,28,Y,12043944,0.04014648
1046,114,Y,12037832,0.04012610666666667
8,197,Y,12026672,0.04008890666666667
30,374,Y,12025952,0.04008650666666667
10,208,Y,12021952,0.04007317333333333
70,689,Y,12013960,0.040046533333333335
190,7,Y,12012248,0.04004082666666667
924,99,Y,12006880,0.04002293333333333
500,46,Y,12003784,0.040012613333333336
543,51,Y,11997240,0.0399908
119,1083,Y,11994840,0.0399828
658,66,Y,11980800,0.039936
6,183,Y,11976544,0.039921813333333334
49,523,Y,11971704,0.03990568
6,178,Y,11961648,0.03987216
595,58,Y,11957576,0.03985858666666667
46,499,Y,11957360,0.039857866666666665
209,10,Y,11942520,0.0398084
296,21,Y,11927944,0.03975981333333333
462,41,Y,11893768,0.039645893333333335
950,102,Y,11884936,0.039616453333333336
85,813,Y,11884776,0.03961592
23,317,Y,11883096,0.03961032
1069,117,Y,11882648,0.039608826666666666
107,989,Y,11870736,0.03956912
321,24,Y,11867272,0.03955757333333334
672,68,Y,11860272,0.03953424
110,1013,Y,11859080,0.03953026666666667
67,664,Y,11845872,0.03948624
693,70,Y,11811960,0.0393732
119,1086,Y,11809608,0.039365359999999995
766,79,Y,11779864,0.03926621333333333
76,741,Y,11768096,0.039226986666666665
946,102,Y,11767368,0.03922456
15,250,Y,11750352,0.039167839999999995
114,1043,Y,11743816,0.03914605333333333
504,47,Y,11722352,0.03907450666666667
61,616,Y,11712872,0.03904290666666667
1041,114,Y,11701720,0.039005733333333334
1135,125,Y,11696640,0.038988800000000004
78,758,Y,11688024,0.03896008
36,422,Y,11661280,0.03887093333333333
59,607,Y,11647200,0.038824
94,880,Y,11640544,0.03880181333333333
1006,109,Y,11639464,0.03879821333333333
121,1097,Y,11637808,0.038792693333333336
825,87,Y,11620424,0.03873474666666667
2,149,Y,11616112,0.038720373333333336
750,77,Y,11616096,0.038720319999999996
158,3,Y,11613944,0.03871314666666666
33,396,Y,11593552,0.03864517333333334
27,351,Y,11591760,0.0386392
56,576,Y,11590664,0.038635546666666666
266,17,Y,11585408,0.038618026666666666
58,597,Y,11578192,0.03859397333333333
44,480,Y,11577448,0.03859149333333333
361,29,Y,11558960,0.03852986666666666
42,469,Y,11550976,0.038503253333333334
20,293,Y,11543408,0.038478026666666665
72,704,Y,11542968,0.03847656
583,56,Y,11533968,0.03844656
565,54,Y,11515792,0.03838597333333333
512,48,Y,11515576,0.038385253333333334
610,60,Y,11481720,0.0382724
0,129,Y,11472304,0.03824101333333333
54,560,Y,11451872,0.038172906666666666
1044,114,Y,11445976,0.03815325333333334
72,711,Y,11418912,0.03806304
299,21,Y,11413528,0.03804509333333333
456,41,Y,11410688,0.03803562666666666
17,266,Y,11410192,0.03803397333333333
51,536,Y,11409992,0.03803330666666667
82,790,Y,11389512,0.03796504
28,352,Y,11360200,0.03786733333333333
78,756,Y,11351400,0.037838
386,32,Y,11341256,0.03780418666666667
901,96,Y,11330400,0.037767999999999996
127,1149,Y,11323216,0.03774405333333333
1106,122,Y,11314112,0.037713706666666666
478,43,Y,11314024,0.037713413333333334
45,495,Y,11301296,0.03767098666666667
65,653,Y,11296520,0.03765506666666667
326,24,Y,11290000,0.03763333333333333
21,299,Y,11287304,0.03762434666666667
413,35,Y,11277688,0.03759229333333334
55,575,Y,11275880,0.037586266666666666
285,19,Y,11262832,0.037542773333333335
961,104,Y,11247872,0.037492906666666666
5,173,Y,11239888,0.03746629333333333
16,260,Y,11235896,0.03745298666666667
95,890,Y,11220904,0.03740301333333333
910,97,Y,11198888,0.03732962666666667
198,8,Y,11194152,0.03731384
1017,111,Y,11174456,0.03724818666666667
935,100,Y,11171416,0.03723805333333333
251,15,Y,11167952,0.037226506666666666
46,503,Y,11161504,0.037205013333333335
25,335,Y,11080344,0.036934480000000006
1125,124,Y,11080232,0.03693410666666667
21,296,Y,11062328,0.03687442666666667
67,668,Y,10999024,0.03666341333333333
349,27,Y,10949520,0.0364984
737,76,Y,10947664,0.03649221333333333
4,166,Y,10936744,0.03645581333333333
831,87,Y,10927304,0.03642434666666667
105,974,Y,10926600,0.036422
111,1018,Y,10917744,0.03639248
70,692,Y,10897080,0.036323600000000004
24,326,Y,10896336,0.03632112
915,98,Y,10893504,0.036311680000000006
68,677,Y,10883368,0.03627789333333333
103,959,Y,10870104,0.03623368
112,1027,Y,10870048,0.03623349333333333
278,18,Y,10865976,0.03621992
63,634,Y,10860712,0.036202373333333336
395,33,Y,10844136,0.03614712
755,78,Y,10840600,0.03613533333333333
358,28,Y,10816776,0.03605592
1,139,Y,10815520,0.036051733333333336
56,581,Y,10814960,0.036049866666666666
94,882,Y,10813624,0.03604541333333333
928,100,Y,10805368,0.03601789333333333
118,1079,Y,10767936,0.03589312
203,9,Y,10711016,0.03570338666666667
21,302,Y,10666840,0.03555613333333333
104,961,Y,10663968,0.03554656
549,52,Y,10650992,0.035503306666666665
454,40,Y,10639288,0.035464293333333334
97,910,Y,10637568,0.03545856
111,1022,Y,10634168,0.035447226666666665
12,230,Y,10627048,0.035423493333333333
114,1045,Y,10622224,0.03540741333333333
83,792,Y,10617552,0.03539184
14,240,Y,10600848,0.03533616
937,101,Y,10589040,0.0352968
90,848,Y,10574112,0.03524704
19,285,Y,10553392,0.035177973333333334
50,528,Y,10513984,0.03504661333333333
67,666,Y,10506944,0.03502314666666667
53,555,Y,10497152,0.034990506666666664
30,375,Y,10492216,0.03497405333333334
76,743,Y,10491840,0.0349728
64,645,Y,10488176,0.03496058666666667
66,663,Y,10488136,0.034960453333333336
337,26,Y,10475616,0.03491872
247,14,Y,10447224,0.03482408
751,77,Y,10447000,0.03482333333333334
15,251,Y,10445568,0.03481856
523,49,Y,10425960,0.0347532
53,554,Y,10408128,0.03469376
252,15,Y,10402168,0.03467389333333333
21,300,Y,10374768,0.03458256
92,867,Y,10369288,0.03456429333333333
113,1036,Y,10344080,0.03448026666666666
94,887,Y,10312944,0.03437648
47,504,Y,10304920,0.034349733333333334
438,38,Y,10294192,0.03431397333333334
102,946,Y,10271712,0.03423904
801,84,Y,10242704,0.03414234666666667
652,65,Y,10218248,0.03406082666666667
38,439,Y,10206960,0.034023199999999997
375,30,Y,10158872,0.033862906666666664
1099,121,Y,10083176,0.033610586666666664
439,38,Y,10069992,0.03356664
53,557,Y,10066872,0.03355624
656,66,Y,10060608,0.03353536
1004,109,Y,10042800,0.033476
84,801,Y,10027984,0.033426613333333334
525,49,Y,10006576,0.033355253333333335
122,1106,Y,9982056,0.03327352
871,92,Y,9937640,0.033125466666666666
302,21,Y,9934072,0.033113573333333333
976,106,Y,9917864,0.03305954666666667
603,59,Y,9872456,0.032908186666666665
954,103,Y,9840576,0.03280192
291,20,Y,9838856,0.032796186666666664
59,603,Y,9833000,0.03277666666666666
792,83,Y,9831272,0.03277090666666667
120,1092,Y,9826968,0.032756560000000004
76,736,Y,9820824,0.03273608
644,64,Y,9802520,0.03267506666666666
758,78,Y,9802360,0.03267453333333333
550,52,Y,9771224,0.03257074666666667
95,889,Y,9767920,0.032559733333333334
9,200,Y,9765112,0.032550373333333334
989,107,Y,9764608,0.03254869333333334
23,314,Y,9753360,0.032511200000000004
155,3,Y,9736992,0.03245664
19,282,Y,9724640,0.03241546666666666
494,45,Y,9717776,0.03239258666666667
498,46,Y,9714672,0.03238224
335,25,Y,9638200,0.032127333333333334
124,1125,Y,9620152,0.03206717333333333
51,537,Y,9480632,0.031602106666666664
850,90,Y,9467720,0.03155906666666667
272,18,Y,9439912,0.03146637333333333
74,725,Y,9422664,0.03140888
253,15,Y,9397992,0.03132664
812,85,Y,9371912,0.031239706666666665
47,506,Y,9347064,0.03115688
325,24,Y,9159312,0.030531040000000002
58,595,Y,9078440,0.030261466666666667
25,334,Y,9054936,0.030183119999999997
85,811,Y,9044456,0.03014818666666667
103,954,Y,9015568,0.03005189333333333
477,43,Y,8963800,0.02987933333333333
88,835,Y,8823656,0.029412186666666666
821,86,Y,8815816,0.029386053333333335
1042,114,Y,8729520,0.0290984
851,90,Y,8706464,0.029021546666666665
99,926,Y,8690248,0.028967493333333334
1,141,Y,8650496,0.02883498666666667
175,5,Y,8563600,0.028545333333333332
43,477,Y,8548072,0.028493573333333334
623,61,Y,8469744,0.028232479999999997
7,191,Y,8458016,0.028193386666666667
43,478,Y,8415112,0.028050373333333333
422,36,Y,8286008,0.027620026666666665
995,108,Y,8265568,0.027551893333333334
248,15,Y,8177008,0.02725669333333333
427,37,Y,8059544,0.026865146666666666
449,40,Y,7685312,0.025617706666666667
37,427,Y,7594744,0.025315813333333333
424,37,Y,7229000,0.02409666666666667
46,496,Y,7002168,0.02334056
