24,50,N,2920273264,9.734244213333334
50,101,N,2843199320,9.477331066666666
101,62,N,2464653856,8.215512853333333
81,24,N,2338065944,7.7935531466666665
62,625,Y,2143261080,7.1442036
782,81,Y,2137009440,7.1233648
51,98,N,2043434536,6.811448453333334
98,46,N,2026329744,6.75443248
46,503,Y,1973095720,6.576985733333333
8,51,N,1928307448,6.427691493333334
198,8,Y,1882974792,6.27658264
101,50,N,1768577888,5.895259626666666
50,108,N,1743469248,5.81156416
0,82,N,1222553584,4.075178613333334
99,57,N,1209772792,4.0325759733333335
57,126,N,1168679288,3.8955976266666665
108,80,N,1148795528,3.829318426666667
1,125,N,1100118277,3.667060923333333
14,0,N,1097785008,3.65928336
104,64,N,1096475696,3.6549189866666665
108,10,N,1066168092,3.55389364
80,127,N,1049592272,3.498640906666667
126,1138,Y,1044279312,3.48093104
125,1,N,1030857112,3.436190373333333
10,108,N,1029729546,3.43243182
926,99,Y,1017896136,3.3929871200000004
939,101,Y,1003296888,3.34432296
127,1149,Y,960214872,3.2007162399999998
28,25,N,926903456,3.0896781866666667
25,72,N,918485104,3.061617013333333
102,17,N,875728300,2.9190943333333332
26,35,N,873574128,2.91191376
241,14,Y,842839960,2.8094665333333335
79,12,N,822833880,2.7427796
17,102,N,820055703,2.73351901
82,785,Y,813369120,2.7112304
35,2,N,808926720,2.6964224
3,28,N,795898744,2.6529958133333333
12,26,N,794169832,2.647232773333333
231,12,Y,775263328,2.5842110933333333
56,3,N,766572240,2.5552408
72,710,Y,745070864,2.4835695466666663
21,40,N,736594848,2.45531616
69,79,N,718205048,2.3940168266666664
122,44,N,714251832,2.38083944
583,56,Y,712964768,2.3765492266666666
12,109,N,701349080,2.337830266666667
2,145,Y,691570200,2.305234
109,118,N,669635496,2.23211832
10,49,N,669580432,2.2319347733333337
101,942,Y,643100096,2.1436669866666667
321,24,Y,615904504,2.0530150133333334
64,18,N,611862592,2.0395419733333333
112,96,N,596307848,1.9876928266666667
53,121,N,593409000,1.97803
40,13,N,591534800,1.9717826666666667
44,53,N,570661976,1.9022065866666666
121,105,N,567596504,1.8919883466666665
5,68,N,567233848,1.8907794933333333
95,104,N,566198272,1.8873275733333332
126,57,N,561751872,1.8725062399999999
13,122,N,559892408,1.8663080266666667
96,62,N,549696480,1.8323216
62,101,N,548829096,1.8294303200000002
110,0,N,524113536,1.7470451200000001
123,101,N,520531800,1.735106
122,71,N,520063776,1.73354592
112,110,N,516840560,1.7228018666666667
68,104,N,512032144,1.7067738133333332
118,1079,Y,512014216,1.7067140533333334
684,69,Y,510006896,1.7000229866666667
938,101,Y,505596336,1.68532112
49,524,Y,504799616,1.6826653866666665
40,21,N,493013232,1.64337744
101,939,Y,490331200,1.6344373333333333
18,277,Y,486422912,1.6214097066666666
87,48,N,482078208,1.60692736
888,95,Y,479308128,1.59769376
121,15,N,479020096,1.5967336533333334
64,104,N,471430688,1.5714356266666667
24,81,N,470614824,1.56871608
29,121,N,465082064,1.5502735466666668
71,91,N,443895448,1.4796514933333333
1110,122,Y,443107560,1.4770252
9,49,N,439218664,1.4640622133333332
96,112,N,433968776,1.4465625866666667
105,970,Y,431806760,1.4393558666666668
111,87,N,431709888,1.43903296
170,5,Y,425532240,1.4184408000000002
64,644,Y,424981944,1.41660648
1030,112,Y,416106696,1.38702232
92,120,N,413292376,1.3776412533333333
57,75,N,410848504,1.3694950133333332
12,19,N,404288320,1.3476277333333333
21,25,N,401712720,1.3390424
91,29,N,399477384,1.33159128
49,10,N,398203344,1.32734448
52,24,N,397659080,1.3255302666666666
28,91,N,396453584,1.3215119466666667
104,72,N,396192760,1.3206425333333334
18,126,N,394109232,1.3136974399999999
120,6,N,393406968,1.31135656
112,75,N,393405392,1.3113513066666667
10,71,N,393299512,1.3109983733333335
7,82,N,389912304,1.29970768
70,52,N,388673728,1.2955790933333333
21,7,N,386115496,1.2870516533333332
6,16,N,385483688,1.2849456266666666
35,26,N,378769296,1.26256432
44,24,N,371851112,1.2395037066666665
38,94,N,369441128,1.2314704266666667
109,56,N,368946616,1.2298220533333333
57,99,N,368087088,1.22695696
72,94,N,367525872,1.22508624
71,122,N,366599616,1.22199872
0,130,Y,363495592,1.2116519733333333
25,111,N,363467544,1.21155848
296,21,Y,355335832,1.1844527733333334
71,697,Y,353544000,1.17848
26,12,N,353517472,1.1783915733333334
1029,112,Y,350332216,1.1677740533333334
108,124,N,348308032,1.1610267733333335
63,73,N,347147624,1.1571587466666666
94,38,N,344364528,1.14788176
110,112,N,343531584,1.1451052800000001
81,38,N,341797008,1.1393233600000001
86,37,N,341367176,1.1378905866666666
35,55,N,341357496,1.13785832
117,30,N,341311072,1.1377035733333334
358,28,Y,340422760,1.1347425333333332
80,108,N,340411632,1.13470544
48,104,N,338884544,1.1296151466666666
60,89,N,336321208,1.1210706933333334
40,27,N,335936872,1.1197895733333332
93,63,N,333448072,1.1114935733333333
18,64,N,329499088,1.0983302933333332
31,0,N,327070632,1.09023544
27,67,N,326406736,1.0880224533333334
105,46,N,325230232,1.0841007733333332
10,60,N,324941120,1.0831370666666666
62,70,N,323283528,1.07761176
89,119,N,319604496,1.06534832
82,0,N,319024720,1.0634157333333334
2,71,N,317303576,1.0576785866666667
97,38,N,316949280,1.0564976
49,526,Y,316742328,1.05580776
61,76,N,312022712,1.0400757066666666
205,9,Y,308282544,1.02760848
15,250,Y,307803136,1.0260104533333334
46,98,N,304562040,1.0152068
111,86,N,301120888,1.0037362933333334
112,115,N,300247776,1.00082592
25,118,N,298920136,0.9964004533333333
46,76,N,296081424,0.98693808
38,33,N,296002360,0.9866745333333333
82,8,N,295861016,0.9862033866666666
75,103,N,294973840,0.9832461333333333
41,81,N,293470296,0.97823432
12,67,N,290856216,0.96952072
39,47,N,290298856,0.9676628533333334
24,52,N,289176280,0.9639209333333334
98,51,N,288408064,0.9613602133333333
8,198,Y,287906336,0.9596877866666668
113,49,N,286790096,0.9559669866666667
12,79,N,286612336,0.9553744533333334
43,78,N,285781984,0.9526066133333334
73,95,N,283325144,0.9444171466666667
30,23,N,279769120,0.9325637333333333
37,61,N,279641688,0.9321389600000001
76,46,N,278260016,0.9275333866666667
72,25,N,277368344,0.9245611466666667
120,111,N,276587664,0.9219588799999999
82,117,N,275949872,0.9198329066666667
76,52,N,274867016,0.9162233866666666
72,80,N,274657672,0.9155255733333333
14,99,N,274446992,0.9148233066666668
118,109,N,272242296,0.9074743200000001
59,32,N,270460880,0.9015362666666668
33,117,N,270458368,0.9015278933333334
112,22,N,270455912,0.9015197066666666
64,115,N,270339376,0.9011312533333333
278,18,Y,270184200,0.9006139999999999
46,93,N,269552360,0.8985078666666667
87,111,N,269100200,0.8970006666666667
109,12,N,268715560,0.8957185333333333
106,86,N,267707808,0.8923593599999999
47,39,N,266714000,0.8890466666666665
59,127,N,265529912,0.8850997066666666
95,40,N,265417584,0.8847252800000001
10,96,N,265334176,0.8844472533333333
92,124,N,264644840,0.8821494666666667
4,85,N,264237280,0.8807909333333334
61,37,N,263003376,0.87667792
75,112,N,262846016,0.8761533866666668
74,53,N,262529808,0.87509936
13,40,N,261673208,0.8722440266666666
82,120,N,261459088,0.8715302933333333
79,69,N,260106480,0.8670216
19,280,Y,257950280,0.8598342666666666
75,728,Y,256481960,0.8549398666666665
19,12,N,256151552,0.8538385066666666
1,45,N,254778968,0.8492632266666666
25,21,N,254554624,0.8485154133333334
121,108,N,253657768,0.8455258933333333
103,75,N,253320488,0.8444016266666666
32,59,N,252911848,0.8430394933333333
13,75,N,252866032,0.8428867733333333
108,50,N,252594272,0.8419809066666667
91,28,N,252238760,0.8407958666666666
80,72,N,251786784,0.8392892799999999
81,106,N,250558448,0.8351948266666666
48,119,N,249927128,0.8330904266666667
21,39,N,249924432,0.8330814400000001
30,77,N,248639472,0.8287982399999999
119,1085,Y,248272928,0.8275764266666665
33,90,N,247641848,0.8254728266666668
102,34,N,247190840,0.8239694666666667
127,59,N,246421168,0.8214038933333334
0,14,N,246332816,0.8211093866666667
46,114,N,245730424,0.8191014133333334
71,127,N,244611504,0.81537168
92,103,N,244489464,0.8149648799999999
114,32,N,244290144,0.8143004800000001
115,64,N,243843872,0.8128129066666666
38,97,N,243755160,0.8125172
0,110,N,243422848,0.8114094933333333
414,35,Y,243108352,0.8103611733333334
75,37,N,243027392,0.8100913066666666
120,92,N,242542392,0.80847464
75,57,N,242374896,0.8079163199999999
14,65,N,242100624,0.80700208
49,9,N,240582360,0.8019412
88,79,N,240425464,0.8014182133333334
78,84,N,240056632,0.8001887733333333
32,87,N,239717984,0.7990599466666667
91,71,N,239691720,0.7989724
43,96,N,239624632,0.7987487733333333
122,13,N,237816216,0.7927207199999999
103,109,N,237800792,0.7926693066666667
104,95,N,237512984,0.7917099466666667
52,57,N,237101544,0.79033848
52,76,N,236879104,0.7895970133333332
39,21,N,236637040,0.7887901333333334
104,48,N,236163936,0.78721312
71,2,N,235993784,0.7866459466666667
20,61,N,235824272,0.7860809066666666
119,89,N,235711168,0.7857038933333332
64,13,N,234819272,0.7827309066666667
67,47,N,234538304,0.7817943466666666
43,74,N,234439504,0.7814650133333333
127,71,N,234389392,0.7812979733333333
64,34,N,233310952,0.7777031733333334
124,92,N,232891120,0.7763037333333334
47,123,N,232280048,0.7742668266666667
89,60,N,231845536,0.7728184533333333
51,24,N,231715448,0.7723848266666666
100,18,N,231474552,0.7715818400000001
29,103,N,231457824,0.77152608
85,1,N,231354704,0.7711823466666666
72,104,N,230942480,0.7698082666666667
73,116,N,230912912,0.7697097066666667
49,113,N,230912000,0.7697066666666667
11,83,N,230485904,0.7682863466666667
125,102,N,230440616,0.7681353866666667
38,92,N,230372528,0.7679084266666666
6,120,N,230116480,0.7670549333333334
102,125,N,229805704,0.7660190133333333
15,48,N,229549712,0.7651657066666667
44,69,N,228964160,0.7632138666666667
98,34,N,228770424,0.7625680800000001
11,105,N,228421840,0.7614061333333333
26,22,N,228375360,0.7612512
45,49,N,227844680,0.7594822666666666
97,56,N,227708784,0.7590292799999999
37,86,N,227485080,0.7582836
15,61,N,227056712,0.7568557066666667
62,96,N,226830408,0.7561013600000001
51,8,N,226195176,0.7539839199999999
34,102,N,225995384,0.7533179466666666
31,27,N,225922680,0.7530756000000001
105,121,N,225581992,0.7519399733333334
27,77,N,225580768,0.7519358933333333
68,5,N,224822608,0.7494086933333333
32,100,N,224473040,0.7482434666666666
56,73,N,223753992,0.74584664
83,89,N,223514008,0.7450466933333334
55,7,N,223423224,0.74474408
49,97,N,223393200,0.7446440000000001
78,114,N,223362088,0.7445402933333334
85,4,N,223344256,0.7444808533333334
5,26,N,222944120,0.7431470666666667
77,30,N,222913536,0.74304512
60,10,N,222818376,0.74272792
84,78,N,222657368,0.7421912266666666
76,61,N,222569432,0.7418981066666667
13,64,N,222156560,0.7405218666666668
116,40,N,221768008,0.7392266933333334
65,91,N,221635624,0.7387854133333334
69,126,N,221546768,0.7384892266666667
34,101,N,221133952,0.7371131733333334
46,105,N,221096368,0.7369878933333334
45,36,N,220995656,0.7366521866666667
26,119,N,220955984,0.7365199466666666
97,98,N,220514880,0.7350496
90,33,N,220360144,0.7345338133333333
106,81,N,220292952,0.73430984
99,90,N,220149000,0.73383
119,26,N,219075104,0.7302503466666667
56,109,N,218995656,0.72998552
71,10,N,218579560,0.7285985333333334
77,80,N,217134192,0.7237806400000001
96,43,N,217090344,0.72363448
18,100,N,216745536,0.72248512
56,97,N,216677304,0.72225768
96,10,N,216396096,0.72132032
34,64,N,216022552,0.7200751733333334
69,34,N,215431512,0.71810504
53,19,N,215428264,0.7180942133333333
60,17,N,214568408,0.7152280266666666
83,7,N,213154512,0.71051504
23,110,N,213091256,0.7103041866666666
124,52,N,212240968,0.7074698933333333
126,18,N,212096600,0.7069886666666666
32,114,N,212094256,0.7069808533333334
449,40,Y,211150856,0.7038361866666666
37,94,N,211101056,0.7036701866666667
127,44,N,210686912,0.7022897066666667
22,26,N,210672024,0.70224008
94,122,N,210053128,0.7001770933333333
60,31,N,209997544,0.6999918133333333
118,105,N,209834336,0.6994477866666667
105,11,N,209314128,0.69771376
69,44,N,208850888,0.6961696266666667
87,32,N,208349792,0.6944993066666667
86,106,N,208102344,0.69367448
48,87,N,206913352,0.6897111733333333
108,121,N,206861768,0.6895392266666667
40,116,N,206669384,0.6888979466666667
36,3,N,206254952,0.6875165066666666
85,81,N,205638632,0.6854621066666667
275,18,Y,205593216,0.6853107199999999
111,9,N,205458160,0.6848605333333333
94,35,N,205135296,0.68378432
89,107,N,204990512,0.6833017066666667
27,1,N,204933992,0.6831133066666667
122,94,N,204786224,0.6826207466666667
107,95,N,204509768,0.6816992266666667
81,41,N,204463480,0.6815449333333333
61,20,N,204304072,0.6810135733333333
5,106,N,204022664,0.6800755466666667
66,57,N,203882496,0.6796083199999999
67,669,Y,203663912,0.6788797066666667
115,28,N,203596640,0.6786554666666667
4,79,N,203238352,0.6774611733333333
91,65,N,202642200,0.675474
49,45,N,202513080,0.6750436000000001
15,121,N,202257240,0.6741908
94,887,Y,202091176,0.6736372533333334
101,123,N,201971904,0.67323968
58,2,N,201414392,0.6713813066666667
74,87,N,201335624,0.6711187466666667
57,66,N,201221672,0.6707389066666667
94,72,N,201132320,0.6704410666666666
62,20,N,201049632,0.67016544
59,69,N,200863800,0.669546
115,112,N,199985464,0.6666182133333334
94,37,N,199771392,0.66590464
38,81,N,199317200,0.6643906666666667
27,40,N,199030096,0.6634336533333334
127,80,N,198757984,0.6625266133333333
123,14,N,198115560,0.6603852
0,31,N,197718840,0.6590628000000001
28,115,N,197182072,0.6572735733333332
82,790,Y,196230736,0.6541024533333334
121,29,N,195933128,0.6531104266666666
0,16,N,195708408,0.65236136
53,44,N,195444792,0.65148264
97,49,N,195380008,0.6512666933333333
121,53,N,194986352,0.6499545066666667
34,98,N,194390352,0.64796784
68,14,N,194356296,0.64785432
22,6,N,194316488,0.6477216266666667
95,107,N,194252168,0.6475072266666666
74,43,N,194219024,0.6473967466666667
81,782,Y,194086496,0.6469549866666667
32,110,N,193733840,0.6457794666666666
23,50,N,193618232,0.6453941066666666
27,31,N,193592848,0.6453094933333334
298,21,Y,193584824,0.6452827466666666
36,119,N,193557832,0.6451927733333332
54,56,N,192429984,0.64143328
91,92,N,192270592,0.6409019733333333
17,117,N,191728272,0.63909424
86,111,N,191540616,0.63846872
42,55,N,191434632,0.63811544
65,14,N,190944968,0.6364832266666667
124,1120,Y,190371608,0.6345720266666667
54,66,N,189815952,0.63271984
106,5,N,189528000,0.63176
78,43,N,189370272,0.63123424
16,5,N,188755680,0.6291856
114,46,N,188722008,0.62907336
45,1,N,188582744,0.6286091466666667
58,102,N,188447504,0.6281583466666667
97,11,N,188273288,0.6275776266666666
123,47,N,187713896,0.6257129866666666
88,96,N,187596400,0.6253213333333334
48,15,N,187517360,0.6250578666666667
17,60,N,187000600,0.6233353333333334
1119,123,Y,186963552,0.62321184
44,122,N,186849160,0.6228305333333333
9,66,N,186730640,0.6224354666666667
33,38,N,186684264,0.62228088
625,62,Y,186551200,0.6218373333333334
125,15,N,186307696,0.6210256533333334
30,84,N,186112992,0.6203766399999999
111,25,N,185810504,0.6193683466666666
127,120,N,185733576,0.61911192
503,46,Y,185221736,0.6174057866666667
100,32,N,184602472,0.6153415733333333
77,27,N,184162848,0.61387616
102,58,N,183898736,0.6129957866666667
18,93,N,183844712,0.6128157066666666
7,21,N,183454704,0.61151568
20,17,N,183215968,0.6107198933333333
84,15,N,183074816,0.6102493866666667
61,79,N,182511248,0.6083708266666666
23,73,N,182311296,0.60770432
84,30,N,181997792,0.6066593066666667
59,55,N,181939288,0.6064642933333334
30,117,N,181633584,0.6054452800000001
7,83,N,181337272,0.6044575733333333
50,24,N,181090080,0.6036336
114,54,N,181083224,0.6036107466666667
117,53,N,180704664,0.60234888
99,58,N,180392240,0.6013074666666667
76,65,N,180117632,0.6003921066666666
96,88,N,179691192,0.59897064
61,15,N,179596936,0.5986564533333333
39,43,N,179362952,0.5978765066666667
79,88,N,179344952,0.5978165066666666
41,19,N,179157776,0.5971925866666666
47,67,N,179077960,0.5969265333333333
23,30,N,178451472,0.59483824
117,33,N,178011752,0.5933725066666667
100,106,N,177981480,0.5932716
5,105,N,177757112,0.5925237066666666
36,19,N,176796872,0.5893229066666666
35,94,N,176601320,0.5886710666666667
15,125,N,176595920,0.5886530666666666
37,430,Y,176594544,0.58864848
93,46,N,176489936,0.5882997866666666
2,35,N,176342840,0.5878094666666667
63,93,N,175873504,0.5862450133333333
26,5,N,175551816,0.58517272
57,52,N,175506776,0.5850225866666667
20,62,N,175042072,0.5834735733333333
9,42,N,174791808,0.58263936
992,108,Y,174291552,0.58097184
122,20,N,173492064,0.57830688
19,41,N,173368392,0.57789464
55,59,N,173285400,0.577618
105,5,N,172997328,0.57665776
60,63,N,172460432,0.5748681066666667
15,84,N,172262822,0.5742094066666666
67,72,N,172166256,0.57388752
41,84,N,172156768,0.5738558933333334
55,35,N,172123520,0.5737450666666667
67,35,N,172017104,0.5733903466666667
42,88,N,171815216,0.5727173866666667
9,39,N,171721528,0.5724050933333333
116,76,N,171656184,0.57218728
93,101,N,171492568,0.5716418933333334
89,83,N,171326792,0.5710893066666667
22,112,N,171174192,0.57058064
20,122,N,171148856,0.5704961866666667
124,108,N,170889336,0.56963112
92,38,N,170647280,0.5688242666666666
50,23,N,170597184,0.56865728
31,70,N,169977904,0.5665930133333333
126,107,N,169141272,0.5638042400000001
19,53,N,168040856,0.5601361866666666
2,58,N,167742312,0.55914104
53,74,N,167540480,0.5584682666666667
17,90,N,167388568,0.5579618933333333
6,30,N,167204432,0.5573481066666667
34,69,N,167200864,0.5573362133333333
70,107,N,166548008,0.5551600266666666
119,36,N,166098176,0.5536605866666666
39,22,N,165939752,0.5531325066666666
98,33,N,165536704,0.5517890133333333
62,629,Y,165192296,0.5506409866666667
53,117,N,165161336,0.5505377866666666
1116,123,Y,165090384,0.55030128
30,6,N,164792720,0.5493090666666667
117,17,N,164536504,0.5484550133333334
79,61,N,164377952,0.5479265066666666
24,51,N,164213512,0.5473783733333334
102,86,N,164062800,0.5468759999999999
115,4,N,163760264,0.5458675466666667
16,262,Y,163406032,0.5446867733333334
8,62,N,162844632,0.54281544
77,118,N,162744336,0.54248112
120,82,N,162539720,0.5417990666666667
100,47,N,162481040,0.5416034666666667
126,69,N,161903688,0.53967896
79,4,N,160738864,0.5357962133333333
99,14,N,160716200,0.5357206666666667
870,92,Y,160601368,0.5353378933333333
123,74,N,159871832,0.5329061066666666
14,123,N,159796872,0.53265624
92,91,N,159696240,0.5323208
22,306,Y,159667912,0.5322263733333333
377,31,Y,159139712,0.5304657066666667
43,39,N,159016472,0.5300549066666667
118,77,N,158663952,0.52887984
83,41,N,158546592,0.52848864
87,11,N,158270840,0.5275694666666666
81,777,Y,157974840,0.5265828
100,85,N,157704072,0.52568024
105,118,N,157182032,0.5239401066666667
33,11,N,156871768,0.5229058933333334
36,45,N,156846256,0.5228208533333333
116,78,N,156532760,0.5217758666666666
44,127,N,156126136,0.5204204533333334
700,71,Y,156041672,0.5201389066666667
2,88,N,156025592,0.5200853066666667
73,56,N,155908256,0.5196941866666667
86,102,N,155816272,0.5193875733333333
1018,111,Y,155746096,0.5191536533333333
3,54,N,155686744,0.5189558133333333
107,42,N,155496800,0.5183226666666666
125,51,N,155324168,0.5177472266666667
19,36,N,154760032,0.5158667733333334
65,115,N,153638272,0.5121275733333333
120,127,N,153603232,0.5120107733333333
11,87,N,153562384,0.5118746133333334
66,41,N,153558112,0.5118603733333333
95,73,N,153402400,0.5113413333333333
72,67,N,153268816,0.5108960533333333
58,83,N,153047520,0.5101584
115,65,N,152978152,0.5099271733333333
65,76,N,152907592,0.5096919733333334
101,34,N,152881208,0.5096040266666667
246,14,Y,152693912,0.5089797066666667
107,126,N,152603616,0.50867872
16,45,N,152402440,0.5080081333333333
65,3,N,152379856,0.5079328533333334
93,18,N,151622864,0.5054095466666667
103,953,Y,151172784,0.50390928
119,123,N,151108944,0.50369648
109,103,N,150799408,0.5026646933333333
85,77,N,150159936,0.50053312
47,100,N,150036496,0.5001216533333334
86,823,Y,149995552,0.49998517333333337
33,98,N,149650312,0.49883437333333336
52,70,N,149629712,0.49876570666666664
29,91,N,149495400,0.49831800000000004
869,92,Y,149460416,0.4982013866666667
42,9,N,149339448,0.49779815999999993
119,48,N,149324552,0.49774850666666665
45,16,N,148946632,0.49648877333333336
87,74,N,148440536,0.49480178666666663
536,51,Y,148395984,0.49465328000000003
1,27,N,148347416,0.4944913866666667
55,42,N,147772400,0.4925746666666666
9,111,N,147479352,0.49159783999999995
51,125,N,147213624,0.49071208000000005
84,93,N,147108128,0.4903604266666667
104,964,Y,146534704,0.4884490133333333
25,28,N,146461192,0.4882039733333334
80,77,N,146403464,0.4880115466666667
110,32,N,146257432,0.48752477333333333
83,11,N,146106640,0.48702213333333333
118,25,N,145902504,0.48634168
1120,124,Y,145752272,0.4858409066666666
50,530,Y,145473648,0.48491216
98,97,N,145271784,0.48423928000000005
124,126,N,145110016,0.4837000533333333
21,90,N,144976152,0.48325384
58,43,N,144715672,0.4823855733333333
111,120,N,144599032,0.4819967733333333
1035,113,Y,144562384,0.48187461333333337
63,60,N,143920392,0.47973464000000005
81,85,N,143866608,0.47955536000000004
66,9,N,143825192,0.47941730666666665
475,43,Y,143681120,0.47893706666666663
70,31,N,143325488,0.4777516266666667
90,99,N,143267280,0.4775576
115,1051,Y,142864712,0.4762157066666666
67,27,N,142769272,0.4758975733333334
16,259,Y,142401736,0.4746724533333333
91,856,Y,142253072,0.4741769066666667
113,70,N,141943368,0.47314456
116,36,N,141857640,0.47285879999999997
710,72,Y,141742304,0.4724743466666666
463,41,Y,141729688,0.4724322933333333
113,74,N,141553120,0.4718437333333333
1138,126,Y,141120488,0.47040162666666663
103,4,N,141068184,0.47022727999999997
54,23,N,140852032,0.4695067733333333
16,0,N,140535536,0.46845178666666665
16,6,N,140338712,0.4677957066666667
106,1,N,139106520,0.4636884
48,63,N,138742568,0.46247522666666663
75,13,N,138194464,0.46064821333333333
107,89,N,138054216,0.46018072000000004
1,106,N,137973168,0.45991056
16,19,N,137512848,0.45837616
41,66,N,137473440,0.4582448
8,82,N,137324424,0.45774808000000006
83,58,N,137123928,0.45707976
116,73,N,137066384,0.45688794666666666
76,116,N,136936648,0.45645549333333335
90,21,N,135704328,0.45234776
23,54,N,135585496,0.45195165333333337
69,59,N,135306808,0.45102269333333334
24,44,N,135275064,0.45091688
315,23,Y,134649568,0.44883189333333334
104,68,N,134546040,0.4484868
1,85,N,134465256,0.44821752
88,2,N,134415624,0.44805208
4,103,N,134240896,0.44746965333333333
124,42,N,133688344,0.44562781333333334
45,78,N,133221512,0.4440717066666666
67,12,N,133018848,0.44339616000000004
54,3,N,132789256,0.44263085333333335
99,2,N,132455688,0.44151896
59,51,N,132398024,0.44132674666666666
103,29,N,132353888,0.4411796266666667
31,20,N,132209760,0.4406992
683,69,Y,132111208,0.44037069333333334
3,65,N,131990432,0.4399681066666667
31,60,N,131591304,0.43863768000000003
66,54,N,131555384,0.43851794666666666
125,8,N,131016136,0.43672045333333337
77,85,N,130840888,0.4361362933333333
74,113,N,130538024,0.4351267466666667
93,84,N,129885672,0.43295224
6,22,N,129728448,0.43242816000000006
89,113,N,129614448,0.43204816
720,74,Y,129577448,0.43192482666666665
910,97,Y,129382872,0.43127624
85,100,N,129207696,0.43069232
2,99,N,128922552,0.42974184
90,853,Y,128867552,0.4295585066666666
54,114,N,128862768,0.42954255999999996
301,21,Y,128617952,0.4287265066666666
52,548,Y,128466008,0.4282200266666667
117,1070,Y,128005368,0.42668456000000005
113,63,N,127811656,0.42603885333333336
74,123,N,127757688,0.42585896
103,92,N,127131304,0.42377101333333334
58,99,N,126755752,0.4225191733333333
20,31,N,125825952,0.41941984
63,48,N,125762384,0.41920794666666666
110,23,N,125749104,0.41916368
5,16,N,125693440,0.41897813333333334
19,16,N,125280112,0.41760037333333333
84,41,N,125191012,0.4173033733333334
1147,127,Y,124875584,0.4162519466666667
22,66,N,124303888,0.4143462933333333
37,75,N,124137584,0.41379194666666663
7,55,N,123575816,0.41191938666666666
78,116,N,122995664,0.40998554666666664
334,25,Y,122765664,0.40921888000000006
11,97,N,122489848,0.4082994933333334
90,17,N,122086656,0.40695552
40,451,Y,122022432,0.40674144
90,68,N,121977168,0.40659056
101,93,N,121908568,0.40636189333333333
35,67,N,121726904,0.40575634666666666
68,95,N,121474616,0.4049153866666667
50,532,Y,121445968,0.40481989333333335
7,6,N,121443032,0.4048101066666666
73,63,N,120694688,0.4023156266666667
78,45,N,120299824,0.40099941333333333
73,23,N,120276392,0.40092130666666664
122,1104,Y,120224952,0.40074984
17,20,N,120192080,0.40064026666666663
56,54,N,119942320,0.3998077333333333
62,8,N,119940992,0.3998033066666667
3,36,N,119557192,0.39852397333333334
73,715,Y,119461504,0.3982050133333333
41,83,N,119389456,0.3979648533333333
117,82,N,119348776,0.39782925333333335
787,82,Y,119298888,0.39766296
88,42,N,119109512,0.3970317066666667
42,124,N,119072440,0.39690813333333336
43,58,N,119002720,0.39667573333333334
106,100,N,118888088,0.3962936266666666
303,21,Y,118625816,0.39541938666666665
114,78,N,118471720,0.3949057333333334
4,115,N,117512432,0.3917081066666666
779,81,Y,117131424,0.39043808
123,119,N,116991928,0.38997309333333335
39,441,Y,116254216,0.38751405333333333
8,125,N,114982824,0.38327608
28,358,Y,114691232,0.38230410666666664
360,29,Y,114674712,0.38224904000000004
47,86,N,114221800,0.3807393333333333
55,8,N,114166216,0.3805540533333333
524,49,Y,114154656,0.38051552
42,107,N,113648832,0.37882944
95,68,N,112881408,0.37627136
86,47,N,111640752,0.37213584
52,124,N,111374880,0.3712496
1054,115,Y,111175608,0.37058536000000003
126,124,N,111021792,0.37007263999999995
66,22,N,110709752,0.36903250666666665
63,113,N,110578392,0.36859464
11,33,N,110036768,0.36678922666666663
109,28,N,109882104,0.36627368
99,926,Y,109862824,0.36620941333333334
56,580,Y,109681456,0.36560485333333337
71,701,Y,109556608,0.3651886933333333
17,268,Y,109444848,0.36481616
14,68,N,109311576,0.36437192
645,64,Y,109073752,0.36357917333333334
70,113,N,108486440,0.36162146666666667
22,39,N,108166576,0.3605552533333333
84,803,Y,107588960,0.3586298666666667
82,7,N,106745688,0.35581896
815,85,Y,106525240,0.35508413333333333
40,95,N,106002680,0.3533422666666667
13,4,N,105490328,0.35163442666666667
114,110,N,105302176,0.3510072533333333
80,29,N,105080536,0.35026845333333334
1149,127,Y,104728232,0.3490941066666667
37,88,N,104500160,0.34833386666666666
72,707,Y,102378328,0.3412610933333333
871,92,Y,101675472,0.33891824
37,425,Y,101448728,0.3381624266666667
28,3,N,101154280,0.3371809333333334
36,116,N,100964240,0.3365474666666667
28,109,N,100515496,0.3350516533333333
975,105,Y,100077856,0.33359285333333333
88,37,N,100016544,0.33338848
14,241,Y,99961560,0.3332052
610,60,Y,99940984,0.33313661333333333
118,29,N,99810872,0.33270290666666663
342,26,Y,99499400,0.33166466666666666
898,96,Y,99443392,0.33147797333333334
4,13,N,99097664,0.3303255466666667
48,518,Y,98921944,0.32973981333333335
8,55,N,98538152,0.3284605066666667
677,68,Y,98339912,0.32779970666666663
58,598,Y,98271376,0.3275712533333333
23,318,Y,98221096,0.3274036533333333
108,993,Y,98187552,0.32729184
57,588,Y,97695600,0.325652
6,7,N,97338392,0.32446130666666667
46,502,Y,96671408,0.3222380266666667
39,9,N,96516160,0.32172053333333334
3,56,N,96466248,0.32155416
107,985,Y,96264384,0.32088128
872,93,Y,96248304,0.32082768
567,54,Y,96119776,0.32039925333333336
731,75,Y,96051296,0.3201709866666667
0,135,Y,95596192,0.31865397333333334
501,46,Y,95137752,0.31712584
355,28,Y,94379296,0.31459765333333334
107,70,N,93646712,0.31215570666666664
51,59,N,93578896,0.31192965333333333
56,583,Y,93407440,0.31135813333333334
68,90,N,93268888,0.3108962933333333
70,62,N,93037448,0.3101248266666667
102,950,Y,92593808,0.3086460266666667
18,50,N,92560848,0.30853616
129,0,Y,92108936,0.3070297866666667
52,551,Y,91791472,0.30597157333333336
7,186,Y,91265840,0.30421946666666666
56,581,Y,90703600,0.30234533333333335
114,1043,Y,90523360,0.30174453333333334
29,80,N,90457320,0.30152439999999997
644,64,Y,90281312,0.3009377066666667
106,978,Y,90022088,0.30007362666666665
12,226,Y,89609240,0.2986974666666667
802,84,Y,89392368,0.29797456
222,11,Y,88413008,0.2947100266666667
597,58,Y,88150424,0.29383474666666665
944,102,Y,87651376,0.2921712533333333
497,46,Y,87565592,0.2918853066666667
111,1016,Y,86593816,0.2886460533333333
960,104,Y,86504224,0.28834741333333336
1142,126,Y,86322392,0.28774130666666664
75,734,Y,85428448,0.28476149333333334
12,231,Y,84888928,0.28296309333333336
785,82,Y,84631144,0.28210381333333334
698,71,Y,84627264,0.28209088
39,443,Y,84599952,0.28199984
50,18,N,84555904,0.2818530133333333
92,867,Y,83547720,0.2784924
54,564,Y,83194256,0.2773141866666667
11,223,Y,82521160,0.2750705333333333
29,118,N,82442576,0.2748085866666667
967,104,Y,82262024,0.27420674666666667
602,59,Y,81946976,0.2731565866666667
412,35,Y,81879384,0.27293128
95,889,Y,81243784,0.27081261333333334
52,550,Y,80915800,0.2697193333333333
98,914,Y,80808976,0.26936325333333333
113,89,N,80740968,0.26913656
103,954,Y,80592312,0.26864104
909,97,Y,79786608,0.26595536000000003
48,512,Y,79779728,0.26593242666666667
500,46,Y,79742848,0.26580949333333337
51,542,Y,79731704,0.26577234666666666
90,854,Y,79702688,0.26567562666666666
126,1139,Y,79561992,0.26520664
445,39,Y,78759888,0.26253296
390,32,Y,78184944,0.26061648
28,354,Y,78160976,0.2605365866666666
35,415,Y,77974304,0.2599143466666667
120,1088,Y,77923968,0.25974656
844,89,Y,75675288,0.25225095999999997
1139,126,Y,75374584,0.25124861333333337
399,33,Y,75294544,0.2509818133333333
115,1050,Y,74922744,0.24974248000000002
942,101,Y,74619344,0.24873114666666665
75,733,Y,74447160,0.2481572
80,769,Y,74101048,0.24700349333333332
24,321,Y,73965320,0.24655106666666665
970,105,Y,73635704,0.24545234666666668
846,89,Y,73522280,0.24507426666666668
809,85,Y,73342648,0.24447549333333332
934,100,Y,72765720,0.2425524
36,419,Y,72622416,0.24207472000000002
94,881,Y,72332048,0.24110682666666666
3,152,Y,72211264,0.24070421333333333
145,2,Y,72187288,0.24062429333333332
348,27,Y,72083856,0.24027952000000002
527,49,Y,71574664,0.23858221333333332
1094,120,Y,71061840,0.2368728
120,1094,Y,70629880,0.23543293333333332
91,858,Y,70623064,0.23541021333333334
894,95,Y,70585168,0.23528389333333333
85,809,Y,70362424,0.2345414133333333
47,505,Y,70282504,0.23427501333333334
421,36,Y,70029856,0.23343285333333333
73,719,Y,69857488,0.23285829333333335
38,437,Y,69453072,0.23151024
464,42,Y,69390232,0.23130077333333335
385,32,Y,69132360,0.2304412
12,224,Y,69086600,0.2302886666666667
619,61,Y,69084376,0.23028125333333332
33,396,Y,68944048,0.2298134933333333
708,72,Y,68584104,0.22861368
69,684,Y,68496320,0.22832106666666666
496,46,Y,68132536,0.22710845333333332
441,39,Y,68027648,0.22675882666666666
95,892,Y,67917616,0.22639205333333332
76,739,Y,67816784,0.22605594666666667
1098,121,Y,67730168,0.22576722666666665
7,191,Y,67654408,0.22551469333333332
67,664,Y,67501104,0.22500367999999998
11,216,Y,67195832,0.22398610666666666
45,491,Y,67164584,0.22388194666666666
861,91,Y,66981528,0.22327176
130,0,Y,66932296,0.22310765333333335
349,27,Y,66770128,0.22256709333333333
70,691,Y,66361008,0.22120336000000002
144,2,Y,66071944,0.22023981333333334
484,44,Y,66043552,0.22014517333333333
104,961,Y,65887488,0.21962496
3,153,Y,65879264,0.2195975466666667
952,103,Y,65831688,0.21943896
268,17,Y,65661976,0.21887325333333332
744,77,Y,65411552,0.21803850666666666
121,1096,Y,65360112,0.21786703999999998
808,85,Y,65183312,0.21727770666666668
409,35,Y,65098640,0.21699546666666666
240,14,Y,65093104,0.21697701333333333
85,808,Y,65015656,0.21671885333333332
425,37,Y,64934944,0.21644981333333335
811,85,Y,64834424,0.21611474666666666
32,390,Y,64770240,0.2159008
397,33,Y,64666048,0.21555349333333335
10,210,Y,64538560,0.21512853333333334
493,45,Y,64476008,0.21492002666666665
248,15,Y,64250776,0.21416925333333334
526,49,Y,63754328,0.2125144266666667
46,500,Y,63565304,0.21188434666666667
110,114,N,63532584,0.21177527999999998
99,920,Y,63339104,0.2111303466666667
55,573,Y,63298208,0.2109940266666667
77,748,Y,63262984,0.21087661333333332
302,21,Y,63253576,0.21084525333333334
18,275,Y,63240936,0.21080311999999998
71,698,Y,63237920,0.21079306666666667
66,661,Y,62809320,0.2093644
31,378,Y,62768600,0.20922866666666667
108,999,Y,62668560,0.20889519999999998
289,20,Y,62619544,0.20873181333333335
174,5,Y,62596944,0.20865647999999998
812,85,Y,62579832,0.20859944
118,1074,Y,62561872,0.2085395733333333
34,404,Y,62530128,0.20843376000000002
21,298,Y,62521664,0.20840554666666666
113,1038,Y,62513136,0.20837712
579,56,Y,62306072,0.20768690666666667
21,302,Y,62082992,0.2069433066666667
5,168,Y,62004328,0.20668109333333334
24,325,Y,61913248,0.20637749333333333
398,33,Y,61540784,0.20513594666666668
122,1110,Y,61502040,0.2050068
30,373,Y,61132008,0.20377336000000001
589,57,Y,60952144,0.20317381333333334
379,31,Y,60943984,0.20314661333333336
21,296,Y,60747032,0.20249010666666664
38,432,Y,60728536,0.2024284533333333
92,868,Y,60701560,0.20233853333333335
694,70,Y,60476080,0.20158693333333333
790,82,Y,60400904,0.20133634666666664
10,215,Y,60370176,0.20123392
492,45,Y,60295616,0.20098538666666665
28,355,Y,60034520,0.20011506666666665
57,587,Y,60030744,0.20010248
563,54,Y,60009168,0.20003056000000002
76,737,Y,59989680,0.1999656
607,59,Y,59970520,0.19990173333333333
101,938,Y,59889000,0.19963
42,465,Y,59861328,0.19953776
81,778,Y,59856544,0.19952181333333335
436,38,Y,59757232,0.19919077333333335
353,28,Y,59753048,0.19917682666666667
220,11,Y,59731936,0.19910645333333335
1079,118,Y,59718392,0.19906130666666666
523,49,Y,59654496,0.19884832000000002
9,205,Y,59576616,0.19858872
595,58,Y,59569928,0.19856642666666668
999,108,Y,59517768,0.19839256
107,988,Y,59432536,0.19810845333333332
816,86,Y,59082816,0.19694272
599,58,Y,59037152,0.19679050666666667
55,571,Y,58939560,0.19646519999999998
5,170,Y,58845128,0.19615042666666668
224,12,Y,58496728,0.19498909333333334
65,651,Y,58424240,0.19474746666666665
259,16,Y,58418904,0.19472968
95,888,Y,58083520,0.19361173333333334
69,686,Y,57960608,0.19320202666666667
25,334,Y,57927944,0.19309314666666666
102,944,Y,57693280,0.19231093333333332
52,546,Y,57486856,0.19162285333333334
6,179,Y,57469608,0.19156536
707,72,Y,57358456,0.19119485333333333
239,13,Y,57107856,0.19035952
277,18,Y,56986824,0.18995608
691,70,Y,56972096,0.18990698666666667
824,87,Y,56818704,0.18939568
755,78,Y,56795984,0.18931994666666666
13,238,Y,56765248,0.18921749333333332
608,60,Y,56495672,0.18831890666666667
40,455,Y,56483888,0.18827962666666664
578,56,Y,56450864,0.1881695466666667
9,201,Y,56397824,0.18799274666666665
1084,119,Y,56219080,0.18739693333333332
1118,123,Y,56075368,0.18691789333333333
234,13,Y,56001088,0.18667029333333335
447,39,Y,55933712,0.18644570666666666
971,105,Y,55764160,0.18588053333333335
907,97,Y,55756576,0.18585525333333333
69,687,Y,55712128,0.18570709333333332
91,861,Y,55692192,0.18564064
404,34,Y,55520680,0.18506893333333332
95,893,Y,55428304,0.18476101333333333
624,62,Y,55310488,0.18436829333333332
57,589,Y,55154168,0.18384722666666667
38,438,Y,55134832,0.18378277333333332
105,974,Y,54844128,0.18281376000000002
30,368,Y,54388816,0.18129605333333335
11,221,Y,54321896,0.18107298666666666
606,59,Y,54278920,0.18092973333333331
81,781,Y,54127584,0.18042528
125,1135,Y,54067240,0.18022413333333334
215,10,Y,54054392,0.18018130666666668
904,97,Y,54046792,0.18015597333333333
33,399,Y,53949192,0.17983064
85,814,Y,53922936,0.17974312
697,71,Y,53782744,0.17927581333333334
80,770,Y,53707112,0.17902370666666667
304,22,Y,53592368,0.17864122666666665
1066,117,Y,53590728,0.17863575999999998
113,1035,Y,53400464,0.17800154666666668
125,1131,Y,53391600,0.177972
84,806,Y,53300576,0.17766858666666666
186,7,Y,53092264,0.17697421333333332
238,13,Y,53038328,0.17679442666666667
516,48,Y,52857136,0.17619045333333333
16,260,Y,52478144,0.17492714666666667
35,411,Y,52362336,0.17454112
213,10,Y,52322672,0.17440890666666667
77,749,Y,52255768,0.17418589333333334
434,38,Y,52241816,0.17413938666666667
112,1029,Y,52215600,0.17405199999999998
614,60,Y,51986808,0.17328936
34,403,Y,51950944,0.17316981333333334
115,1052,Y,51857800,0.17285933333333334
423,36,Y,51838880,0.17279626666666667
123,1114,Y,51826336,0.17275445333333334
53,559,Y,51741264,0.17247088
1045,114,Y,51674336,0.17224778666666665
110,1009,Y,51652704,0.17217568
69,685,Y,51591456,0.17197152
444,39,Y,51358024,0.17119341333333332
253,15,Y,51313832,0.17104610666666667
207,9,Y,51260024,0.17086674666666668
739,76,Y,51237920,0.17079306666666666
18,278,Y,51226168,0.17075389333333332
612,60,Y,51156288,0.17052096
111,1021,Y,51073192,0.17024397333333333
432,38,Y,50993400,0.169978
1107,122,Y,50908016,0.16969338666666667
446,39,Y,50865496,0.16955165333333333
235,13,Y,50857864,0.16952621333333334
901,96,Y,50808136,0.16936045333333333
29,366,Y,50795616,0.16931872
112,1030,Y,50678352,0.16892784
79,765,Y,50672328,0.16890776
142,1,Y,50596112,0.16865370666666665
673,68,Y,50508720,0.16836240000000002
38,436,Y,50479880,0.16826626666666666
23,315,Y,50420592,0.16806864
104,960,Y,50375568,0.16791856
1037,113,Y,50360136,0.16786711999999998
166,4,Y,50327144,0.16775714666666666
838,88,Y,50321288,0.16773762666666667
629,62,Y,50313128,0.16771042666666666
314,23,Y,50184944,0.16728314666666666
1053,115,Y,50155920,0.16718639999999999
36,421,Y,50117904,0.16705968
250,15,Y,50038536,0.16679512000000002
79,764,Y,50009096,0.16669698666666669
1081,119,Y,49989832,0.16663277333333332
103,955,Y,49956104,0.16652034666666668
1088,120,Y,49910840,0.16636946666666666
411,35,Y,49821176,0.1660705866666667
89,844,Y,49706328,0.16568776
25,332,Y,49692296,0.16564098666666666
69,682,Y,49646704,0.16548901333333332
58,599,Y,49621160,0.16540386666666665
79,762,Y,49596624,0.16532208
123,1116,Y,49342800,0.164476
860,91,Y,49242760,0.16414253333333334
936,101,Y,49212184,0.16404061333333333
62,628,Y,49077440,0.16359146666666666
418,36,Y,49039240,0.16346413333333334
100,932,Y,49019904,0.16339968
101,940,Y,48857896,0.16285965333333333
78,753,Y,48842176,0.16280725333333335
112,1025,Y,48796592,0.16265530666666667
31,382,Y,48641640,0.1621388
751,77,Y,48564928,0.16188309333333334
350,27,Y,48183952,0.16061317333333333
126,1140,Y,48156136,0.16052045333333334
542,51,Y,48124000,0.16041333333333332
966,104,Y,48123600,0.160412
98,919,Y,48106960,0.16035653333333333
121,1098,Y,47989136,0.15996378666666666
40,449,Y,47986280,0.15995426666666668
367,29,Y,47878872,0.15959624
1114,123,Y,47847248,0.15949082666666667
750,77,Y,47839224,0.15946408
1007,109,Y,47823952,0.15941317333333332
1085,119,Y,47767544,0.15922514666666668
855,90,Y,47751368,0.15917122666666667
77,750,Y,47745744,0.15915248
80,768,Y,47719720,0.15906573333333332
93,877,Y,47607608,0.15869202666666668
211,10,Y,47596040,0.15865346666666666
914,98,Y,47547944,0.15849314666666667
41,463,Y,47459344,0.15819781333333333
5,169,Y,47438688,0.15812896
47,504,Y,47386336,0.15795445333333333
107,991,Y,47339856,0.15779952
108,994,Y,47230240,0.15743413333333334
67,671,Y,47117952,0.15705984
85,815,Y,47111824,0.15703941333333335
76,736,Y,47093600,0.15697866666666666
92,869,Y,47042712,0.15680904
34,400,Y,47030592,0.15676864
99,921,Y,47007344,0.15669114666666667
189,7,Y,46982784,0.15660928000000002
92,870,Y,46934936,0.15644978666666665
686,69,Y,46925816,0.15641938666666666
1143,126,Y,46917824,0.15639274666666667
76,743,Y,46870408,0.15623469333333334
109,1005,Y,46739752,0.15579917333333335
859,91,Y,46577192,0.15525730666666665
770,80,Y,46546992,0.15515664
1109,122,Y,46469808,0.15489936
16,263,Y,46460928,0.15486976
541,51,Y,46397008,0.15465669333333332
26,342,Y,46384400,0.15461466666666668
66,658,Y,46197224,0.15399074666666668
8,199,Y,46167952,0.15389317333333333
489,45,Y,46166976,0.15388992
31,380,Y,46161856,0.15387285333333334
56,582,Y,46103784,0.15367928
1052,115,Y,46024944,0.15341648
127,1146,Y,45924216,0.15308072
42,470,Y,45909288,0.15303096000000002
825,87,Y,45882248,0.15294082666666667
365,29,Y,45858640,0.15286213333333334
31,377,Y,45749080,0.15249693333333333
318,23,Y,45677632,0.15225877333333332
1026,112,Y,45659744,0.15219914666666665
715,73,Y,45639304,0.15213101333333334
366,29,Y,45623096,0.15207698666666666
111,1018,Y,45611512,0.1520383733333333
525,49,Y,45601056,0.15200352
940,101,Y,45586216,0.15195405333333334
60,614,Y,45555968,0.15185322666666665
113,1032,Y,45486840,0.1516228
545,52,Y,45462488,0.15154162666666668
384,32,Y,45432120,0.1514404
848,90,Y,45424712,0.15141570666666668
773,80,Y,45419496,0.15139832
949,102,Y,45328360,0.15109453333333334
631,62,Y,45081952,0.15027317333333332
54,562,Y,44974184,0.14991394666666666
887,94,Y,44952648,0.14984216
95,894,Y,44944376,0.14981458666666667
127,1148,Y,44858328,0.14952775999999998
212,10,Y,44844648,0.14948216
682,69,Y,44842144,0.14947381333333334
930,100,Y,44789192,0.14929730666666666
66,659,Y,44615448,0.14871816
6,177,Y,44572136,0.14857378666666665
1,140,Y,44546504,0.14848834666666666
701,71,Y,44544208,0.14848069333333333
87,826,Y,44536136,0.14845378666666664
626,62,Y,44532400,0.14844133333333334
43,475,Y,44518040,0.14839346666666667
98,915,Y,44511648,0.14837216
19,283,Y,44465264,0.14821754666666667
106,979,Y,44400704,0.14800234666666667
152,3,Y,44372824,0.14790941333333332
37,429,Y,44320464,0.14773487999999999
247,14,Y,44256880,0.14752293333333333
32,385,Y,44133352,0.14711117333333332
93,872,Y,44093024,0.14697674666666669
781,81,Y,44007680,0.14669226666666665
454,40,Y,43986960,0.1466232
89,846,Y,43969944,0.14656648
93,879,Y,43892928,0.14630976
767,79,Y,43884464,0.14628154666666665
105,972,Y,43859328,0.14619775999999998
964,104,Y,43709728,0.14569909333333333
636,63,Y,43593848,0.14531282666666667
946,102,Y,43517296,0.14505765333333334
1,139,Y,43502040,0.14500680000000002
885,94,Y,43478400,0.144928
37,431,Y,43476856,0.14492285333333332
119,1087,Y,43467680,0.14489226666666666
229,12,Y,43461560,0.14487186666666665
55,574,Y,43393824,0.14464607999999998
561,54,Y,43382752,0.14460917333333334
221,11,Y,43268568,0.14422856
125,1129,Y,43205384,0.14401794666666667
20,292,Y,43145584,0.14381861333333332
41,457,Y,43084832,0.14361610666666666
183,6,Y,43065808,0.14355269333333331
1123,124,Y,42952992,0.14317664
200,9,Y,42845464,0.14281821333333333
1065,117,Y,42622664,0.14207554666666666
36,417,Y,42492952,0.14164317333333334
416,36,Y,42440200,0.14146733333333333
89,841,Y,42419176,0.14139725333333333
830,87,Y,42336440,0.14112146666666667
35,414,Y,42331592,0.14110530666666668
878,93,Y,42268280,0.14089426666666666
623,61,Y,42258336,0.14086112
230,12,Y,42244584,0.14081528000000001
1069,117,Y,42043200,0.14014400000000002
17,270,Y,42015784,0.14005261333333333
14,246,Y,42007232,0.14002410666666668
794,83,Y,41905040,0.13968346666666667
651,65,Y,41794856,0.13931618666666665
24,324,Y,41772184,0.13924061333333335
792,83,Y,41745120,0.1391504
191,7,Y,41614496,0.13871498666666668
400,34,Y,41597256,0.13865752
94,884,Y,41476256,0.13825418666666667
980,106,Y,41434352,0.13811450666666666
413,35,Y,41323560,0.13774519999999998
430,37,Y,41299800,0.137666
11,222,Y,41219592,0.13739864
51,536,Y,41191248,0.13730416
57,590,Y,41190160,0.13730053333333334
913,98,Y,41127688,0.13709229333333334
419,36,Y,41111864,0.13703954666666665
10,208,Y,41058264,0.13686088
465,42,Y,41055136,0.13685045333333334
45,492,Y,40999904,0.13666634666666666
58,597,Y,40972280,0.13657426666666667
730,75,Y,40929120,0.1364304
611,60,Y,40901216,0.13633738666666667
105,968,Y,40849472,0.13616490666666667
1115,123,Y,40838504,0.13612834666666668
118,1073,Y,40765328,0.13588442666666667
1005,109,Y,40747936,0.13582645333333332
961,104,Y,40738088,0.13579362666666667
823,86,Y,40656896,0.13552298666666668
89,845,Y,40639200,0.135464
512,48,Y,40575872,0.13525290666666667
50,529,Y,40558112,0.13519370666666666
35,412,Y,40529744,0.13509914666666667
50,528,Y,40509024,0.13503008
113,1036,Y,40508848,0.13502949333333333
39,440,Y,40480480,0.13493493333333334
375,30,Y,40473024,0.13491008000000002
680,69,Y,40454480,0.1348482666666667
265,17,Y,40411808,0.13470602666666665
14,243,Y,40409448,0.13469815999999998
845,89,Y,40403664,0.13467888
40,448,Y,40400864,0.13466954666666667
546,52,Y,40318800,0.134396
1032,113,Y,40293784,0.13431261333333333
8,195,Y,40280360,0.13426786666666668
1074,118,Y,40250984,0.13416994666666668
57,585,Y,40225528,0.13408509333333332
520,49,Y,40211560,0.13403853333333332
179,6,Y,40210776,0.13403592
886,94,Y,40165368,0.13388455999999999
345,27,Y,40110488,0.13370162666666668
266,17,Y,40027320,0.1334244
84,804,Y,39971192,0.13323730666666667
34,406,Y,39963592,0.13321197333333334
477,43,Y,39876664,0.13292221333333334
88,835,Y,39861880,0.13287293333333333
60,613,Y,39820536,0.13273511999999998
822,86,Y,39784496,0.13261498666666666
1041,114,Y,39772896,0.13257632
775,80,Y,39712000,0.13237333333333332
66,662,Y,39686120,0.13228706666666668
1062,116,Y,39685272,0.13228424
1145,127,Y,39676200,0.132254
483,44,Y,39581896,0.13193965333333332
87,829,Y,39579456,0.13193152
67,668,Y,39467688,0.13155896
664,67,Y,39422032,0.13140677333333334
19,281,Y,39346472,0.13115490666666668
663,66,Y,39346080,0.1311536
127,1151,Y,39324808,0.13108269333333333
75,730,Y,39314896,0.13104965333333335
72,706,Y,39250984,0.13083661333333332
160,4,Y,39246680,0.13082226666666666
64,647,Y,39245264,0.13081754666666667
79,761,Y,39195824,0.13065274666666668
117,1065,Y,39185288,0.13061762666666665
124,1122,Y,39169432,0.13056477333333333
628,62,Y,39094168,0.13031389333333332
440,39,Y,39083064,0.13027688
307,22,Y,39066064,0.13022021333333333
559,53,Y,39031304,0.13010434666666668
25,330,Y,38989736,0.12996578666666667
1076,118,Y,38980560,0.1299352
24,326,Y,38963488,0.12987829333333334
388,32,Y,38959640,0.12986546666666668
97,909,Y,38930936,0.12976978666666666
61,620,Y,38919912,0.12973304000000002
874,93,Y,38889416,0.12963138666666668
470,42,Y,38779608,0.12926536
116,1062,Y,38778528,0.12926176
696,71,Y,38730760,0.12910253333333332
85,811,Y,38714672,0.12904890666666666
146,2,Y,38713992,0.12904664
295,20,Y,38684728,0.12894909333333332
29,360,Y,38666224,0.12888741333333334
72,708,Y,38627776,0.12875925333333335
114,1042,Y,38572792,0.12857597333333334
974,105,Y,38565424,0.12855141333333334
884,94,Y,38536256,0.12845418666666666
1075,118,Y,38524920,0.12841639999999999
102,949,Y,38404232,0.12801410666666665
214,10,Y,38372656,0.12790885333333332
28,356,Y,38357048,0.12785682666666667
456,41,Y,38324896,0.12774965333333332
53,554,Y,38323536,0.12774512000000002
48,515,Y,38315920,0.12771973333333334
765,79,Y,38309864,0.12769954666666666
29,362,Y,38301872,0.12767290666666667
99,927,Y,38285160,0.1276172
282,19,Y,38243232,0.12747744
935,100,Y,38216152,0.12738717333333333
39,445,Y,38208856,0.12736285333333333
494,45,Y,38191576,0.12730525333333334
72,705,Y,38188800,0.12729600000000002
119,1080,Y,38112632,0.12704210666666665
530,50,Y,38109064,0.12703021333333334
863,91,Y,38059512,0.12686504
78,752,Y,38037024,0.12679008
169,5,Y,38030832,0.12676943999999998
522,49,Y,38024984,0.12674994666666667
867,92,Y,38014704,0.12671568
98,913,Y,37961992,0.12653997333333333
1003,109,Y,37959376,0.12653125333333334
800,84,Y,37936296,0.12645432
136,1,Y,37877936,0.12625978666666668
118,1075,Y,37873856,0.12624618666666668
829,87,Y,37851600,0.126172
1129,125,Y,37779264,0.12593088
74,726,Y,37709840,0.12569946666666668
383,31,Y,37619640,0.1253988
114,1047,Y,37618216,0.12539405333333334
873,93,Y,37600320,0.1253344
90,850,Y,37595240,0.12531746666666665
201,9,Y,37568744,0.12522914666666668
18,273,Y,37543072,0.1251435733333333
292,20,Y,37516176,0.12505392
4,166,Y,37488560,0.12496186666666666
163,4,Y,37475824,0.12491941333333334
115,1055,Y,37467384,0.12489128000000001
789,82,Y,37421944,0.12473981333333334
27,350,Y,37414832,0.12471610666666666
548,52,Y,37351240,0.12450413333333332
87,830,Y,37289968,0.12429989333333333
408,35,Y,37285792,0.12428597333333333
532,50,Y,37268800,0.12422933333333333
83,792,Y,37260968,0.12420322666666667
978,106,Y,37176840,0.1239228
58,595,Y,37174216,0.12391405333333333
431,37,Y,37164432,0.12388144
1111,122,Y,37111936,0.12370645333333334
33,393,Y,37100144,0.12366714666666666
117,1067,Y,37094600,0.12364866666666667
77,745,Y,37049248,0.12349749333333333
620,61,Y,37044648,0.12348216000000001
74,721,Y,37035088,0.12345029333333334
117,1066,Y,37027384,0.12342461333333334
26,336,Y,37026224,0.12342074666666666
64,640,Y,36998296,0.12332765333333334
88,837,Y,36977312,0.12325770666666666
103,957,Y,36943248,0.12314416
433,38,Y,36923016,0.12307672000000001
468,42,Y,36922400,0.12307466666666668
457,41,Y,36891824,0.12297274666666666
110,1010,Y,36880032,0.12293344
615,60,Y,36861576,0.12287192
78,755,Y,36843048,0.12281016000000002
149,2,Y,36809544,0.12269848
1,141,Y,36804624,0.12268208
764,79,Y,36803720,0.12267906666666667
897,96,Y,36784632,0.12261544
61,619,Y,36777824,0.12259274666666665
20,295,Y,36713368,0.12237789333333333
73,713,Y,36648104,0.12216034666666666
986,107,Y,36621560,0.12207186666666667
62,626,Y,36609704,0.12203234666666667
695,70,Y,36608056,0.12202685333333332
118,1078,Y,36566672,0.12188890666666667
669,67,Y,36458832,0.12152943999999999
1099,121,Y,36407744,0.12135914666666667
115,1049,Y,36386080,0.12128693333333332
504,47,Y,36357200,0.12119066666666667
34,405,Y,36304512,0.12101504
835,88,Y,36288608,0.12096202666666667
945,102,Y,36285688,0.12095229333333334
97,910,Y,36280800,0.120936
274,18,Y,36258336,0.12086111999999999
988,107,Y,36255304,0.12085101333333334
711,72,Y,36194128,0.12064709333333334
96,902,Y,36136424,0.12045474666666667
593,58,Y,36112024,0.12037341333333332
1095,120,Y,36085408,0.12028469333333335
41,456,Y,36035144,0.12011714666666667
126,1137,Y,35997616,0.11999205333333333
1144,127,Y,35977376,0.11992458666666667
36,422,Y,35937464,0.11979154666666667
65,648,Y,35921504,0.11973834666666666
97,904,Y,35919376,0.11973125333333333
881,94,Y,35895136,0.11965045333333334
41,459,Y,35889904,0.11963301333333333
485,44,Y,35869600,0.11956533333333333
382,31,Y,35854136,0.11951378666666666
932,100,Y,35834568,0.11944856
950,102,Y,35827608,0.11942536
748,77,Y,35826512,0.11942170666666665
339,26,Y,35826392,0.11942130666666667
876,93,Y,35822288,0.11940762666666667
592,58,Y,35801648,0.11933882666666668
78,756,Y,35790032,0.11930010666666667
256,16,Y,35789216,0.11929738666666667
26,339,Y,35772736,0.11924245333333333
49,527,Y,35751240,0.11917080000000001
776,81,Y,35681880,0.11893959999999999
868,92,Y,35667248,0.11889082666666666
280,19,Y,35640128,0.11880042666666667
67,666,Y,35618000,0.11872666666666667
1004,109,Y,35608984,0.11869661333333334
147,2,Y,35602160,0.11867386666666667
109,1001,Y,35555760,0.1185192
269,17,Y,35546456,0.11848818666666666
27,346,Y,35506768,0.11835589333333332
1117,123,Y,35422784,0.11807594666666667
1048,115,Y,35413424,0.11804474666666667
892,95,Y,35413240,0.11804413333333333
1148,127,Y,35386472,0.11795490666666668
53,553,Y,35386096,0.11795365333333334
105,975,Y,35372728,0.11790909333333334
35,413,Y,35349224,0.11783074666666667
22,310,Y,35319896,0.11773298666666665
937,101,Y,35316160,0.11772053333333334
47,511,Y,35255592,0.11751864000000001
115,1048,Y,35209104,0.11736368000000001
86,821,Y,35196824,0.11732274666666667
1033,113,Y,35185544,0.11728514666666666
76,738,Y,35172784,0.11724261333333334
74,723,Y,35166256,0.11722085333333333
285,19,Y,35156568,0.11718856000000001
498,46,Y,35103560,0.11701186666666667
102,946,Y,34944256,0.11648085333333333
249,15,Y,34927016,0.11642338666666666
962,104,Y,34926072,0.11642024
985,107,Y,34839224,0.11613074666666666
55,575,Y,34825440,0.11608479999999999
18,274,Y,34823696,0.11607898666666666
703,71,Y,34817016,0.11605672
72,711,Y,34739960,0.11579986666666667
600,59,Y,34716664,0.11572221333333334
68,677,Y,34701496,0.11567165333333333
132,0,Y,34699632,0.11566544
3,158,Y,34622784,0.11540928
306,22,Y,34609496,0.11536498666666667
850,90,Y,34574360,0.11524786666666667
66,663,Y,34572848,0.11524282666666666
933,100,Y,34517576,0.11505858666666666
80,773,Y,34404912,0.11468304000000001
87,825,Y,34384960,0.11461653333333334
86,820,Y,34377288,0.11459096
517,48,Y,34371304,0.11457101333333333
15,254,Y,34352080,0.11450693333333332
831,87,Y,34350776,0.11450258666666667
0,134,Y,34333504,0.11444501333333333
70,693,Y,34331712,0.11443904
121,1097,Y,34320304,0.11440101333333333
110,1015,Y,34287576,0.11429191999999999
1001,109,Y,34277536,0.11425845333333333
116,1063,Y,34247024,0.11415674666666667
803,84,Y,34243616,0.11414538666666668
2,148,Y,34229616,0.11409872
905,97,Y,34203280,0.11401093333333334
52,545,Y,34202376,0.11400792000000001
90,855,Y,34187520,0.11395839999999999
902,96,Y,34170272,0.11390090666666666
232,13,Y,34164752,0.11388250666666667
100,930,Y,34146544,0.11382181333333334
108,996,Y,34143552,0.11381184
753,78,Y,34096200,0.11365399999999999
1049,115,Y,34084112,0.11361370666666668
157,3,Y,34082600,0.11360866666666666
48,514,Y,34058768,0.11352922666666666
923,99,Y,34034616,0.11344872
23,312,Y,34009760,0.11336586666666666
41,460,Y,34008224,0.11336074666666666
963,104,Y,34001664,0.11333888
82,786,Y,33973240,0.11324413333333333
24,320,Y,33970536,0.11323512000000001
728,75,Y,33964832,0.11321610666666665
401,34,Y,33957712,0.11319237333333332
90,851,Y,33934048,0.11311349333333334
75,729,Y,33906592,0.11302197333333333
1091,120,Y,33898968,0.11299656
83,798,Y,33888656,0.11296218666666667
4,160,Y,33874840,0.11291613333333335
5,174,Y,33758536,0.11252845333333333
319,23,Y,33751344,0.11250448
393,33,Y,33750032,0.11250010666666665
12,229,Y,33734992,0.11244997333333333
39,446,Y,33729576,0.11243192
534,50,Y,33708392,0.11236130666666666
766,79,Y,33705000,0.11234999999999999
918,98,Y,33669680,0.11223226666666666
70,688,Y,33667064,0.11222354666666667
61,616,Y,33662200,0.11220733333333333
78,758,Y,33648816,0.11216272
725,74,Y,33619016,0.11206338666666665
1051,115,Y,33605928,0.11201976000000001
21,303,Y,33594048,0.11198016
344,27,Y,33587832,0.11195944
427,37,Y,33571480,0.11190493333333333
1044,114,Y,33560096,0.11186698666666667
117,1069,Y,33547080,0.11182360000000001
293,20,Y,33529328,0.11176442666666667
188,7,Y,33501072,0.11167023999999999
62,627,Y,33494960,0.11164986666666665
821,86,Y,33443304,0.11147768000000001
19,286,Y,33431904,0.11143968
13,239,Y,33425896,0.11141965333333333
32,389,Y,33420736,0.11140245333333333
476,43,Y,33413584,0.11137861333333333
140,1,Y,33357216,0.11119071999999999
732,75,Y,33331144,0.11110381333333333
378,31,Y,33322032,0.11107344000000001
330,25,Y,33320768,0.11106922666666667
467,42,Y,33230952,0.11076984
784,82,Y,33195232,0.11065077333333334
564,54,Y,33190912,0.11063637333333333
841,89,Y,33175928,0.11058642666666667
108,997,Y,33147336,0.11049112
33,394,Y,33135600,0.110452
917,98,Y,33116224,0.11038741333333335
1124,124,Y,33110376,0.11036792000000001
979,106,Y,33077384,0.11025794666666668
381,31,Y,33041376,0.11013792
947,102,Y,33033480,0.1101116
108,992,Y,33032608,0.11010869333333334
15,248,Y,33031976,0.11010658666666666
187,7,Y,33013480,0.11004493333333333
1017,111,Y,32975720,0.10991906666666666
1097,121,Y,32918464,0.10972821333333332
435,38,Y,32914328,0.10971442666666666
743,76,Y,32874504,0.10958168
657,66,Y,32785080,0.10928360000000001
313,23,Y,32768064,0.10922688
100,928,Y,32754560,0.10918186666666665
116,1061,Y,32745392,0.10915130666666667
61,623,Y,32734184,0.10911394666666668
25,335,Y,32707616,0.10902538666666667
258,16,Y,32704128,0.10901375999999999
43,479,Y,32703288,0.10901095999999999
562,54,Y,32685008,0.10895002666666666
51,543,Y,32683376,0.10894458666666666
643,64,Y,32647648,0.10882549333333333
96,898,Y,32646152,0.10882050666666666
756,78,Y,32642872,0.10880957333333334
443,39,Y,32630560,0.10876853333333333
27,347,Y,32628448,0.10876149333333333
38,439,Y,32626808,0.10875602666666666
723,74,Y,32611568,0.10870522666666667
71,703,Y,32605192,0.10868397333333334
64,642,Y,32598616,0.10866205333333334
864,92,Y,32562136,0.10854045333333333
111,1023,Y,32548240,0.10849413333333333
104,962,Y,32545736,0.10848578666666667
51,541,Y,32529904,0.10843301333333334
1059,116,Y,32513904,0.10837968
190,7,Y,32507560,0.10835853333333334
437,38,Y,32506032,0.10835344000000001
438,38,Y,32468272,0.10822757333333333
558,53,Y,32455968,0.10818656
127,1144,Y,32447528,0.10815842666666667
88,833,Y,32419688,0.10806562666666668
41,458,Y,32416680,0.10805560000000002
957,103,Y,32411104,0.10803701333333333
10,213,Y,32399312,0.10799770666666668
203,9,Y,32398264,0.10799421333333332
10,214,Y,32370648,0.10790216000000001
53,552,Y,32369200,0.10789733333333333
56,579,Y,32362664,0.10787554666666667
90,852,Y,32357400,0.107858
261,16,Y,32351768,0.10783922666666666
122,1109,Y,32342736,0.10780912000000001
320,24,Y,32338880,0.10779626666666668
771,80,Y,32299272,0.10766424
24,323,Y,32298800,0.10766266666666667
372,30,Y,32270880,0.10756959999999999
209,10,Y,32263960,0.10754653333333335
271,17,Y,32257432,0.10752477333333334
60,608,Y,32243872,0.10747957333333334
69,680,Y,32233272,0.10744424
123,1117,Y,32214160,0.10738053333333333
210,10,Y,32202064,0.10734021333333332
959,103,Y,32181160,0.10727053333333333
78,754,Y,32171456,0.10723818666666667
98,912,Y,32135056,0.10711685333333335
45,493,Y,32127528,0.10709176
34,401,Y,32124112,0.10708037333333333
43,478,Y,32117688,0.10705896000000001
56,578,Y,32107704,0.10702568
107,990,Y,32105208,0.10701736
396,33,Y,32090456,0.10696818666666666
2,147,Y,32054528,0.10684842666666666
59,601,Y,32044768,0.10681589333333334
61,618,Y,32042888,0.10680962666666667
42,471,Y,32040168,0.10680055999999999
692,70,Y,32000208,0.10666735999999999
29,365,Y,31998488,0.10666162666666666
777,81,Y,31992832,0.10664277333333333
4,165,Y,31967344,0.10655781333333333
705,72,Y,31965904,0.10655301333333334
223,11,Y,31965720,0.10655239999999999
925,99,Y,31959912,0.10653304000000001
428,37,Y,31916280,0.1063876
813,85,Y,31914664,0.10638221333333334
742,76,Y,31909936,0.10636645333333335
24,322,Y,31862104,0.10620701333333334
1104,122,Y,31849104,0.10616368
126,1142,Y,31843112,0.10614370666666667
288,20,Y,31815312,0.10605104000000001
875,93,Y,31805704,0.10601901333333334
953,103,Y,31790752,0.10596917333333333
529,50,Y,31788992,0.10596330666666667
39,447,Y,31786384,0.10595461333333332
588,57,Y,31786080,0.10595360000000001
109,1006,Y,31769464,0.10589821333333332
124,1121,Y,31708664,0.10569554666666667
553,53,Y,31700344,0.10566781333333335
30,375,Y,31678904,0.10559634666666667
89,843,Y,31678680,0.1055956
7,189,Y,31651528,0.10550509333333333
333,25,Y,31610152,0.10536717333333333
1133,125,Y,31602888,0.10534296
262,16,Y,31596088,0.10532029333333334
46,497,Y,31567688,0.10522562666666667
981,106,Y,31504064,0.10501354666666667
70,690,Y,31493560,0.10497853333333333
772,80,Y,31489784,0.10496594666666666
1043,114,Y,31479352,0.10493117333333334
263,16,Y,31477224,0.10492407999999999
451,40,Y,31462376,0.10487458666666666
706,72,Y,31460728,0.10486909333333333
386,32,Y,31451352,0.10483783999999999
251,15,Y,31445880,0.1048196
103,958,Y,31442968,0.10480989333333332
76,740,Y,31442944,0.10480981333333335
1102,121,Y,31434864,0.10478288000000001
66,657,Y,31420432,0.10473477333333334
93,876,Y,31416856,0.10472285333333334
97,907,Y,31385144,0.10461714666666667
820,86,Y,31352408,0.10450802666666667
656,66,Y,31349408,0.10449802666666666
1061,116,Y,31325184,0.10441728
16,256,Y,31312632,0.10437544
1090,120,Y,31307720,0.10435906666666665
123,1119,Y,31305032,0.10435010666666666
91,859,Y,31277848,0.10425949333333334
551,52,Y,31275664,0.10425221333333333
361,29,Y,31262616,0.10420872
462,41,Y,31251744,0.10417248
862,91,Y,31250856,0.10416952000000002
1106,122,Y,31242464,0.10414154666666667
834,88,Y,31155200,0.10385066666666667
104,963,Y,31135808,0.10378602666666667
50,535,Y,31128112,0.10376037333333334
495,45,Y,31127528,0.10375842666666667
35,409,Y,31126968,0.10375656
122,1111,Y,31113320,0.10371106666666667
852,90,Y,31101544,0.10367181333333333
53,558,Y,31095360,0.10365120000000001
678,68,Y,31075608,0.10358536
685,69,Y,31027624,0.10342541333333334
461,41,Y,31000344,0.10333447999999999
123,1115,Y,31000040,0.10333346666666667
96,899,Y,30957400,0.10319133333333333
337,26,Y,30941880,0.1031396
110,1011,Y,30914888,0.10304962666666667
1113,123,Y,30914328,0.10304775999999999
853,90,Y,30911128,0.10303709333333334
906,97,Y,30906312,0.10302104000000001
37,424,Y,30895880,0.10298626666666666
267,17,Y,30892528,0.10297509333333334
1128,125,Y,30866632,0.10288877333333334
1011,110,Y,30838824,0.10279607999999998
195,8,Y,30832032,0.10277344
15,249,Y,30823160,0.10274386666666666
92,871,Y,30820856,0.10273618666666667
566,54,Y,30807896,0.10269298666666665
226,12,Y,30803368,0.10267789333333333
502,46,Y,30783808,0.10261269333333334
61,621,Y,30770648,0.10256882666666667
371,30,Y,30761872,0.10253957333333334
236,13,Y,30733224,0.10244407999999999
17,266,Y,30729976,0.10243325333333334
324,24,Y,30722504,0.10240834666666668
124,1123,Y,30715888,0.10238629333333334
1028,112,Y,30688616,0.10229538666666667
573,55,Y,30679184,0.10226394666666666
927,99,Y,30660272,0.10220090666666667
74,720,Y,30660232,0.10220077333333334
63,639,Y,30635608,0.10211869333333333
182,6,Y,30632144,0.10210714666666666
653,65,Y,30618368,0.10206122666666666
554,53,Y,30618256,0.10206085333333334
84,802,Y,30617048,0.10205682666666667
35,408,Y,30610768,0.10203589333333335
284,19,Y,30573896,0.10191298666666668
127,1145,Y,30570688,0.10190229333333334
15,253,Y,30547864,0.10182621333333333
164,4,Y,30544624,0.10181541333333334
35,410,Y,30544376,0.10181458666666666
1,138,Y,30529536,0.10176511999999999
668,67,Y,30506848,0.10168949333333333
112,1024,Y,30490800,0.101636
79,763,Y,30482008,0.10160669333333333
82,784,Y,30478808,0.10159602666666666
674,68,Y,30474584,0.10158194666666667
69,683,Y,30460160,0.10153386666666667
99,925,Y,30458304,0.10152768
126,1141,Y,30449848,0.10149949333333333
32,391,Y,30441776,0.10147258666666666
126,1143,Y,30434456,0.10144818666666666
122,1107,Y,30408944,0.10136314666666668
738,76,Y,30375488,0.10125162666666666
54,563,Y,30372888,0.10124296
206,9,Y,30368144,0.10122714666666666
45,490,Y,30347904,0.10115968
699,71,Y,30340432,0.10113477333333334
420,36,Y,30338328,0.10112776000000001
920,99,Y,30338240,0.10112746666666667
969,105,Y,30323808,0.10107936000000001
60,609,Y,30308568,0.10102856
55,570,Y,30295224,0.10098408
88,834,Y,30289040,0.10096346666666667
95,891,Y,30228256,0.10076085333333333
331,25,Y,30218144,0.10072714666666666
243,14,Y,30193112,0.10064370666666668
458,41,Y,30190712,0.10063570666666666
10,212,Y,30184256,0.10061418666666667
955,103,Y,30174488,0.10058162666666667
300,21,Y,30170192,0.10056730666666666
91,857,Y,30158504,0.10052834666666667
1089,120,Y,30153104,0.10051034666666667
283,19,Y,30139424,0.10046474666666667
890,95,Y,30128968,0.10042989333333334
117,1068,Y,30121064,0.10040354666666666
737,76,Y,30113552,0.10037850666666666
1056,116,Y,30106104,0.10035368
843,89,Y,30095720,0.10031906666666666
33,392,Y,30085136,0.10028378666666668
374,30,Y,30079960,0.10026653333333334
104,967,Y,30076536,0.10025512
115,1054,Y,30035552,0.10011850666666666
60,612,Y,30004296,0.10001432
180,6,Y,29999816,0.09999938666666666
747,77,Y,29958824,0.09986274666666667
94,880,Y,29955704,0.09985234666666667
7,185,Y,29947928,0.09982642666666666
7,188,Y,29945840,0.09981946666666668
26,341,Y,29942824,0.09980941333333332
120,1091,Y,29924944,0.09974981333333334
107,987,Y,29901768,0.09967256
780,81,Y,29895488,0.09965162666666666
45,495,Y,29865648,0.09955216
719,73,Y,29858712,0.09952904
44,483,Y,29854544,0.09951514666666665
671,67,Y,29838152,0.09946050666666667
0,133,Y,29818016,0.09939338666666667
82,787,Y,29812344,0.09937448
786,82,Y,29787576,0.09929191999999999
87,831,Y,29781576,0.09927192
778,81,Y,29763232,0.09921077333333334
48,516,Y,29755176,0.09918392000000001
1082,119,Y,29753896,0.09917965333333333
1055,115,Y,29733776,0.09911258666666667
12,230,Y,29733208,0.09911069333333335
448,40,Y,29720264,0.09906754666666666
505,47,Y,29664016,0.09888005333333334
38,434,Y,29628768,0.09876256
632,63,Y,29620048,0.09873349333333332
1078,118,Y,29613072,0.09871024
994,108,Y,29604544,0.09868181333333333
574,55,Y,29592128,0.09864042666666666
113,1034,Y,29586024,0.09862008000000001
603,59,Y,29568352,0.09856117333333332
176,6,Y,29552720,0.09850906666666666
1105,122,Y,29540080,0.09846693333333333
741,76,Y,29536952,0.09845650666666667
460,41,Y,29532904,0.09844301333333334
61,622,Y,29521856,0.09840618666666666
139,1,Y,29516112,0.09838704000000001
369,30,Y,29507720,0.09835906666666666
833,88,Y,29490584,0.09830194666666665
36,420,Y,29467648,0.09822549333333333
596,58,Y,29460352,0.09820117333333334
587,57,Y,29454288,0.09818096
9,200,Y,29435456,0.09811818666666666
826,87,Y,29427136,0.09809045333333333
44,484,Y,29408840,0.09802946666666666
309,22,Y,29403424,0.09801141333333334
801,84,Y,29390896,0.09796965333333334
22,308,Y,29384288,0.09794762666666666
58,594,Y,29382864,0.09794288
127,1147,Y,29359720,0.09786573333333333
54,566,Y,29342640,0.0978088
58,596,Y,29307776,0.09769258666666666
571,55,Y,29304608,0.09768202666666666
33,398,Y,29295288,0.09765096
101,941,Y,29267144,0.09755714666666666
30,374,Y,29247496,0.09749165333333334
57,584,Y,29231296,0.09743765333333333
119,1081,Y,29227992,0.09742664000000001
689,70,Y,29215376,0.09738458666666668
26,337,Y,29205616,0.09735205333333333
10,209,Y,29199024,0.09733008
66,656,Y,29190880,0.09730293333333333
125,1133,Y,29181192,0.09727063999999999
928,100,Y,29176320,0.0972544
133,0,Y,29171320,0.09723773333333334
49,521,Y,29155328,0.09718442666666667
106,976,Y,29154496,0.09718165333333334
544,52,Y,29139592,0.09713197333333333
729,75,Y,29125712,0.09708570666666666
28,352,Y,29116880,0.09705626666666667
580,56,Y,29107056,0.09702352
59,607,Y,29073376,0.09691125333333332
1031,112,Y,29060248,0.09686749333333333
13,235,Y,29048392,0.09682797333333333
111,1020,Y,29046744,0.09682248
931,100,Y,29044744,0.09681581333333333
997,108,Y,29011032,0.09670344
96,897,Y,29006960,0.09668986666666667
0,132,Y,29003576,0.09667858666666666
185,7,Y,29000912,0.09666970666666666
336,26,Y,28950864,0.09650288
27,351,Y,28897488,0.09632496
137,1,Y,28897328,0.09632442666666667
15,252,Y,28857520,0.09619173333333333
51,537,Y,28855368,0.09618456
77,744,Y,28852536,0.09617512
5,171,Y,28851320,0.09617106666666667
81,776,Y,28843824,0.09614608
793,83,Y,28835064,0.09611688
856,91,Y,28832944,0.09610981333333334
550,52,Y,28820008,0.09606669333333334
110,1014,Y,28808736,0.09602912
510,47,Y,28777024,0.09592341333333333
403,34,Y,28767576,0.09589191999999999
109,1007,Y,28757120,0.09585706666666667
0,129,Y,28728128,0.09576042666666666
14,242,Y,28713376,0.09571125333333333
13,233,Y,28703048,0.09567682666666667
86,819,Y,28652560,0.09550853333333333
218,11,Y,28637696,0.09545898666666666
754,78,Y,28634784,0.09544928
29,361,Y,28628008,0.09542669333333333
75,731,Y,28626824,0.09542274666666667
88,838,Y,28621376,0.09540458666666667
688,70,Y,28620704,0.09540234666666667
405,34,Y,28614888,0.09538296
814,85,Y,28613344,0.09537781333333334
22,304,Y,28599408,0.09533136
83,795,Y,28596552,0.09532183999999999
948,102,Y,28581992,0.09527330666666667
585,57,Y,28552848,0.09517616
893,95,Y,28548280,0.09516093333333334
757,78,Y,28535216,0.09511738666666666
88,839,Y,28521608,0.09507202666666667
804,84,Y,28521088,0.09507029333333333
806,84,Y,28520856,0.09506951999999999
6,183,Y,28516712,0.09505570666666667
123,1112,Y,28505144,0.09501714666666666
134,0,Y,28490896,0.09496965333333333
533,50,Y,28489168,0.09496389333333333
63,636,Y,28486344,0.09495448000000001
153,3,Y,28479832,0.09493277333333333
105,971,Y,28438224,0.09479408
111,1017,Y,28437136,0.09479045333333333
123,1113,Y,28432040,0.09477346666666667
40,450,Y,28412760,0.0947092
915,98,Y,28410536,0.09470178666666666
86,822,Y,28403568,0.09467856
71,700,Y,28402376,0.09467458666666666
726,74,Y,28401224,0.09467074666666667
665,67,Y,28366032,0.09455344
509,47,Y,28308624,0.09436208
294,20,Y,28296536,0.09432178666666667
101,943,Y,28294520,0.09431506666666667
1083,119,Y,28287680,0.09429226666666667
354,28,Y,28275728,0.09425242666666667
68,673,Y,28268960,0.09422986666666668
17,265,Y,28238000,0.09412666666666666
519,48,Y,28232080,0.09410693333333334
8,193,Y,28228840,0.09409613333333333
40,454,Y,28225568,0.09408522666666666
49,523,Y,28192248,0.09397416
19,282,Y,28183264,0.09394421333333333
42,467,Y,28174392,0.09391464
506,47,Y,28158744,0.09386248
9,206,Y,28147696,0.09382565333333334
117,1071,Y,28118960,0.09372986666666666
998,108,Y,28117832,0.09372610666666667
143,1,Y,28099552,0.09366517333333334
217,11,Y,28096552,0.09365517333333333
605,59,Y,28092432,0.09364144
539,51,Y,28069336,0.09356445333333334
40,452,Y,28066344,0.09355448
63,637,Y,28033792,0.09344597333333333
1042,114,Y,28032712,0.09344237333333334
380,31,Y,28005496,0.09335165333333334
2,144,Y,27991448,0.09330482666666666
1024,112,Y,27984504,0.09328168
407,34,Y,27965760,0.0932192
521,49,Y,27959448,0.09319816
106,983,Y,27956680,0.09318893333333333
977,106,Y,27949584,0.09316528
31,379,Y,27919824,0.09306608
1022,111,Y,27905848,0.09301949333333333
172,5,Y,27868456,0.09289485333333333
73,712,Y,27862536,0.09287511999999999
124,1126,Y,27861712,0.09287237333333333
1070,117,Y,27824976,0.09274992
108,995,Y,27819640,0.09273213333333333
37,427,Y,27819464,0.09273154666666666
65,649,Y,27794440,0.09264813333333333
370,30,Y,27792048,0.09264016
77,746,Y,27784208,0.09261402666666667
1140,126,Y,27782984,0.09260994666666666
36,416,Y,27759248,0.09253082666666666
101,937,Y,27749528,0.09249842666666666
100,934,Y,27727648,0.09242549333333333
392,33,Y,27712624,0.09237541333333334
22,307,Y,27684216,0.09228072
1047,114,Y,27667296,0.09222432
1086,119,Y,27665184,0.09221728
5,173,Y,27639848,0.09213282666666667
74,725,Y,27631584,0.09210528
627,62,Y,27624160,0.09208053333333333
119,1082,Y,27620088,0.09206696
120,1089,Y,27602456,0.09200818666666667
121,1102,Y,27594144,0.09198048
391,32,Y,27592968,0.09197656
734,75,Y,27590464,0.09196821333333333
96,896,Y,27590008,0.09196669333333334
46,501,Y,27580880,0.09193626666666667
60,610,Y,27580656,0.09193552
81,779,Y,27579152,0.09193050666666668
25,328,Y,27569080,0.09189693333333333
22,309,Y,27568008,0.09189336000000001
47,506,Y,27539968,0.09179989333333333
53,557,Y,27529912,0.09176637333333333
1016,111,Y,27528112,0.09176037333333333
402,34,Y,27527280,0.09175760000000001
138,1,Y,27499600,0.09166533333333333
604,59,Y,27488400,0.091628
63,634,Y,27467984,0.09155994666666667
415,35,Y,27462208,0.09154069333333334
281,19,Y,27458304,0.09152768
368,30,Y,27443696,0.09147898666666666
21,301,Y,27441040,0.09147013333333333
252,15,Y,27437776,0.09145925333333334
1009,110,Y,27405856,0.09135285333333333
21,297,Y,27372848,0.09124282666666667
106,977,Y,27370120,0.09123373333333333
43,473,Y,27343728,0.09114576
635,63,Y,27318696,0.09106232
44,481,Y,27314568,0.09104856
768,80,Y,27311808,0.09103936
55,569,Y,27286448,0.09095482666666667
79,760,Y,27286440,0.0909548
62,631,Y,27274768,0.09091589333333333
535,50,Y,27265840,0.09088613333333333
877,93,Y,27262752,0.09087584
1058,116,Y,27261144,0.09087048
100,929,Y,27249072,0.09083023999999999
601,59,Y,27231584,0.09077194666666666
32,386,Y,27224528,0.09074842666666667
101,936,Y,27218720,0.09072906666666666
23,314,Y,27209232,0.09069744
989,107,Y,27209008,0.09069669333333333
672,68,Y,27192496,0.09064165333333332
29,364,Y,27165304,0.09055101333333333
78,757,Y,27138952,0.09046317333333333
88,832,Y,27080752,0.09026917333333334
51,540,Y,27068232,0.09022744
439,38,Y,27063056,0.09021018666666666
429,37,Y,27051616,0.09017205333333334
1137,126,Y,27029200,0.09009733333333333
6,181,Y,27025592,0.09008530666666666
2,146,Y,27025080,0.0900836
639,63,Y,27004528,0.09001509333333334
19,285,Y,26998776,0.08999592000000001
48,513,Y,26997336,0.08999112000000001
1057,116,Y,26993176,0.08997725333333333
237,13,Y,26992728,0.08997576
14,245,Y,26983112,0.08994370666666666
763,79,Y,26978496,0.08992832
649,65,Y,26950912,0.08983637333333333
120,1090,Y,26941512,0.08980504
1039,113,Y,26934832,0.08978277333333333
103,959,Y,26924928,0.08974976
798,83,Y,26921952,0.08973984
80,772,Y,26915536,0.08971845333333334
93,873,Y,26913104,0.08971034666666666
242,14,Y,26908096,0.08969365333333333
67,665,Y,26897264,0.08965754666666666
594,58,Y,26890936,0.08963645333333332
1027,112,Y,26885304,0.08961768
1034,113,Y,26872928,0.08957642666666667
858,91,Y,26856496,0.08952165333333334
740,76,Y,26843696,0.08947898666666668
58,593,Y,26837576,0.08945858666666666
581,56,Y,26830104,0.08943368
582,56,Y,26824904,0.08941634666666667
123,1118,Y,26822336,0.08940778666666667
82,789,Y,26800304,0.08933434666666668
586,57,Y,26779712,0.08926570666666667
91,860,Y,26763096,0.08921032
70,689,Y,26727512,0.08909170666666666
854,90,Y,26727208,0.08909069333333333
94,882,Y,26709320,0.08903106666666667
557,53,Y,26706160,0.08902053333333333
74,724,Y,26704400,0.08901466666666667
69,681,Y,26697792,0.08899264
56,576,Y,26696768,0.08898922666666667
112,1028,Y,26690936,0.08896978666666666
94,886,Y,26652584,0.08884194666666667
92,865,Y,26645904,0.08881968
7,190,Y,26632856,0.08877618666666666
514,48,Y,26631760,0.08877253333333333
837,88,Y,26629480,0.08876493333333334
30,370,Y,26619272,0.08873090666666666
1136,126,Y,26616632,0.08872210666666666
1112,123,Y,26605280,0.08868426666666666
154,3,Y,26588088,0.08862695999999999
121,1100,Y,26574720,0.0885824
479,43,Y,26571064,0.08857021333333333
113,1037,Y,26568840,0.0885628
687,69,Y,26566808,0.08855602666666668
395,33,Y,26557152,0.08852384
114,1041,Y,26543880,0.08847959999999999
507,47,Y,26540808,0.08846936
733,75,Y,26539368,0.08846456
82,788,Y,26535736,0.08845245333333333
70,695,Y,26532168,0.08844056
76,742,Y,26528360,0.08842786666666667
52,547,Y,26526376,0.08842125333333334
2,151,Y,26520760,0.08840253333333334
5,172,Y,26495152,0.08831717333333333
13,234,Y,26429632,0.08809877333333334
27,345,Y,26429424,0.08809808
233,13,Y,26413296,0.08804432000000001
452,40,Y,26396008,0.08798669333333334
171,5,Y,26378824,0.08792941333333333
323,24,Y,26374840,0.08791613333333333
42,469,Y,26370240,0.0879008
105,969,Y,26350032,0.08783344
70,692,Y,26335832,0.08778610666666666
634,63,Y,26322992,0.08774330666666667
12,227,Y,26313616,0.08771205333333333
450,40,Y,26302152,0.08767384
6,180,Y,26294888,0.08764962666666666
1072,118,Y,26288456,0.08762818666666666
114,1045,Y,26276040,0.0875868
387,32,Y,26275608,0.08758536
112,1026,Y,26255704,0.08751901333333333
102,945,Y,26248744,0.08749581333333332
921,99,Y,26245752,0.08748584
1093,120,Y,26243784,0.08747928
119,1084,Y,26242896,0.08747632000000001
113,1033,Y,26242824,0.08747608
260,16,Y,26234816,0.08744938666666667
63,632,Y,26234512,0.08744837333333333
666,67,Y,26187432,0.08729144000000001
857,91,Y,26158216,0.08719405333333333
346,27,Y,26157400,0.08719133333333334
59,605,Y,26151520,0.08717173333333333
273,18,Y,26148616,0.08716205333333334
162,4,Y,26142832,0.08714277333333333
65,650,Y,26132400,0.087108
120,1093,Y,26121160,0.08707053333333332
996,108,Y,26119072,0.08706357333333334
118,1076,Y,26109512,0.08703170666666667
119,1086,Y,26097200,0.08699066666666667
89,847,Y,26094768,0.08698256
1008,110,Y,26090880,0.0869696
332,25,Y,26090216,0.08696738666666666
104,965,Y,26075424,0.08691808000000001
817,86,Y,26072800,0.08690933333333332
47,509,Y,26066920,0.08688973333333333
993,108,Y,26053768,0.08684589333333334
11,220,Y,26040232,0.08680077333333333
1122,124,Y,26029392,0.08676464
15,251,Y,26013240,0.0867108
135,0,Y,26010232,0.08670077333333333
922,99,Y,26005200,0.086684
99,923,Y,25994696,0.08664898666666666
42,466,Y,25978856,0.08659618666666667
9,203,Y,25970520,0.0865684
2,150,Y,25968712,0.08656237333333333
37,426,Y,25959032,0.08653010666666666
68,674,Y,25907016,0.08635672
518,48,Y,25905136,0.08635045333333333
68,678,Y,25896800,0.08632266666666667
115,1053,Y,25890576,0.08630192
65,654,Y,25888272,0.08629424000000001
576,56,Y,25879408,0.08626469333333334
114,1046,Y,25879024,0.08626341333333333
1132,125,Y,25849304,0.08616434666666666
0,131,Y,25832496,0.08610832
28,353,Y,25829568,0.08609855999999999
865,92,Y,25804232,0.08601410666666667
995,108,Y,25790232,0.08596743999999999
99,922,Y,25789560,0.0859652
119,1083,Y,25765400,0.08588466666666666
49,520,Y,25761920,0.08587306666666666
85,813,Y,25758176,0.08586058666666667
973,105,Y,25746256,0.08582085333333334
124,1124,Y,25713744,0.08571248
622,61,Y,25705584,0.08568528
1019,111,Y,25692560,0.08564186666666668
713,73,Y,25687440,0.0856248
103,952,Y,25670296,0.08556765333333333
125,1132,Y,25660008,0.08553336
422,36,Y,25630496,0.08543498666666666
1073,118,Y,25629984,0.08543328
322,24,Y,25627840,0.08542613333333333
80,775,Y,25585056,0.08528352
736,76,Y,25570008,0.08523336000000001
59,602,Y,25549640,0.08516546666666666
34,402,Y,25548552,0.08516184
903,96,Y,25540656,0.08513552
508,47,Y,25540232,0.08513410666666667
72,704,Y,25536528,0.08512176
84,801,Y,25520464,0.08506821333333334
347,27,Y,25516912,0.08505637333333334
1063,116,Y,25513032,0.08504344
93,875,Y,25512432,0.08504144
25,331,Y,25488320,0.08496106666666667
3,159,Y,25486824,0.08495608
120,1095,Y,25481800,0.08493933333333333
1096,121,Y,25452064,0.08484021333333333
121,1103,Y,25441584,0.08480528
924,99,Y,25440696,0.08480232
473,43,Y,25411632,0.08470543999999999
482,44,Y,25400040,0.0846668
112,1031,Y,25390696,0.08463565333333334
120,1092,Y,25353904,0.08451301333333333
20,290,Y,25344048,0.08448016
150,2,Y,25339072,0.08446357333333333
20,294,Y,25321824,0.08440608000000001
110,1012,Y,25318768,0.08439589333333333
141,1,Y,25270792,0.08423597333333332
667,67,Y,25269896,0.08423298666666666
842,89,Y,25256352,0.08418784
4,162,Y,25215144,0.08405048
184,7,Y,25197576,0.08399192
311,22,Y,25193528,0.08397842666666668
279,18,Y,25156504,0.08385501333333334
39,444,Y,25138192,0.08379397333333333
929,100,Y,25097272,0.08365757333333333
328,25,Y,25094112,0.08364704
64,643,Y,25070096,0.08356698666666666
478,43,Y,25069736,0.08356578666666667
45,494,Y,25045032,0.08348344
28,357,Y,25022864,0.08340954666666667
455,40,Y,25009736,0.08336578666666666
51,539,Y,25009376,0.08336458666666667
621,61,Y,24965152,0.08321717333333334
26,340,Y,24958552,0.08319517333333333
951,102,Y,24953816,0.08317938666666666
1014,110,Y,24947560,0.08315853333333333
709,72,Y,24945640,0.08315213333333334
44,487,Y,24942656,0.08314218666666666
752,78,Y,24932216,0.08310738666666667
159,3,Y,24922848,0.08307616000000001
847,89,Y,24920760,0.0830692
175,5,Y,24916440,0.0830548
38,433,Y,24911624,0.08303874666666668
351,27,Y,24898456,0.08299485333333333
89,842,Y,24896168,0.08298722666666666
29,363,Y,24893272,0.08297757333333333
889,95,Y,24891744,0.08297248
18,279,Y,24890712,0.08296904000000001
272,18,Y,24884448,0.08294815999999999
112,1027,Y,24881504,0.08293834666666666
376,31,Y,24872768,0.08290922666666667
511,47,Y,24863880,0.0828796
891,95,Y,24825776,0.08275258666666667
7,184,Y,24825080,0.08275026666666667
100,935,Y,24816416,0.08272138666666666
1108,122,Y,24813632,0.08271210666666666
94,885,Y,24812624,0.08270874666666667
96,903,Y,24810688,0.08270229333333333
880,94,Y,24801048,0.08267015999999999
14,244,Y,24799536,0.08266512000000001
1092,120,Y,24797384,0.08265794666666668
759,78,Y,24783352,0.08261117333333333
168,5,Y,24771304,0.08257101333333333
47,508,Y,24738592,0.08246197333333334
783,81,Y,24725568,0.08241856
75,732,Y,24718608,0.08239536
193,8,Y,24716056,0.08238685333333333
178,6,Y,24714616,0.08238205333333333
23,319,Y,24707944,0.08235981333333334
991,107,Y,24680608,0.08226869333333334
219,11,Y,24662984,0.08220994666666666
1036,113,Y,24658208,0.08219402666666667
1060,116,Y,24620312,0.08206770666666667
943,101,Y,24602856,0.08200952
693,70,Y,24602648,0.08200882666666667
42,464,Y,24563632,0.08187877333333334
155,3,Y,24525880,0.08175293333333333
325,24,Y,24522544,0.08174181333333333
97,908,Y,24519720,0.0817324
987,107,Y,24518312,0.08172770666666666
6,178,Y,24476880,0.0815896
84,805,Y,24454000,0.08151333333333334
114,1044,Y,24449392,0.08149797333333333
1025,112,Y,24434312,0.08144770666666666
1068,117,Y,24389792,0.08129930666666667
11,218,Y,24386224,0.08128741333333334
64,645,Y,24364224,0.08121408
954,103,Y,24358648,0.08119549333333333
41,462,Y,24353792,0.08117930666666666
48,519,Y,24338576,0.08112858666666667
598,58,Y,24321136,0.08107045333333333
105,973,Y,24308192,0.08102730666666667
616,61,Y,24279464,0.08093154666666667
30,372,Y,24268216,0.08089405333333333
45,488,Y,24238320,0.0807944
34,407,Y,24222368,0.08074122666666667
21,299,Y,24197304,0.08065768
4,163,Y,24170264,0.08056754666666666
758,78,Y,24168432,0.08056144
64,646,Y,24160504,0.08053501333333334
364,29,Y,24158560,0.08052853333333333
538,51,Y,24157400,0.08052466666666666
442,39,Y,24147064,0.08049021333333334
96,900,Y,24114544,0.08038181333333333
1021,111,Y,24112704,0.08037568
118,1072,Y,24108736,0.08036245333333333
11,217,Y,24098760,0.0803292
1100,121,Y,24082592,0.08027530666666667
308,22,Y,24074304,0.08024768
37,428,Y,24071904,0.08023968
60,611,Y,24062232,0.08020743999999999
828,87,Y,24055512,0.08018504
116,1059,Y,24042584,0.08014194666666666
3,156,Y,24035112,0.08011704
88,836,Y,24018728,0.08006242666666667
65,653,Y,23983984,0.07994661333333333
110,1013,Y,23977568,0.07992522666666667
1080,119,Y,23962160,0.07987386666666667
832,88,Y,23961984,0.07987327999999999
590,57,Y,23957912,0.07985970666666667
122,1108,Y,23956664,0.07985554666666667
77,747,Y,23954208,0.07984736
642,64,Y,23930840,0.07976946666666666
54,561,Y,23923664,0.07974554666666667
543,51,Y,23903664,0.07967888000000001
225,12,Y,23850256,0.07950085333333334
972,105,Y,23823560,0.07941186666666666
1,136,Y,23810744,0.07936914666666667
721,74,Y,23809712,0.07936570666666667
531,50,Y,23797784,0.07932594666666666
655,65,Y,23771640,0.0792388
486,44,Y,23771120,0.07923706666666666
17,271,Y,23761184,0.07920394666666666
32,387,Y,23759472,0.07919824
156,3,Y,23738744,0.07912914666666666
326,24,Y,23726904,0.07908968
85,810,Y,23707416,0.07902471999999999
73,716,Y,23702760,0.0790092
46,499,Y,23685896,0.07895298666666667
356,28,Y,23679344,0.07893114666666667
310,22,Y,23676984,0.07892328
92,864,Y,23671584,0.07890528
8,192,Y,23669552,0.07889850666666666
1012,110,Y,23645832,0.07881944
788,82,Y,23644896,0.07881632
18,276,Y,23609792,0.07869930666666666
1038,113,Y,23607200,0.07869066666666666
1121,124,Y,23599768,0.07866589333333333
33,395,Y,23583536,0.07861178666666666
513,48,Y,23563240,0.07854413333333334
196,8,Y,23560432,0.07853477333333334
453,40,Y,23539976,0.07846658666666666
208,10,Y,23534960,0.07844986666666666
795,83,Y,23514240,0.0783808
613,60,Y,23510016,0.07836672
819,86,Y,23508264,0.07836088000000001
968,105,Y,23491648,0.07830549333333332
43,477,Y,23491272,0.07830424
98,917,Y,23478440,0.07826146666666667
38,435,Y,23457616,0.07819205333333333
108,998,Y,23455304,0.07818434666666667
640,64,Y,23451144,0.07817048
276,18,Y,23444216,0.07814738666666667
82,791,Y,23421968,0.07807322666666666
661,66,Y,23410880,0.07803626666666667
799,83,Y,23410168,0.07803389333333334
472,43,Y,23403032,0.07801010666666668
297,21,Y,23380568,0.07793522666666666
104,966,Y,23378768,0.07792922666666666
19,287,Y,23364136,0.07788045333333334
151,2,Y,23364136,0.07788045333333334
270,17,Y,23335024,0.07778341333333333
181,6,Y,23328368,0.07776122666666666
43,472,Y,23311952,0.07770650666666666
118,1077,Y,23310728,0.07770242666666667
670,67,Y,23305616,0.07768538666666668
647,64,Y,23277392,0.07759130666666667
31,376,Y,23271600,0.077572
481,44,Y,23268632,0.07756210666666666
202,9,Y,23234544,0.07744848
131,0,Y,23182080,0.0772736
54,567,Y,23173048,0.07724349333333334
228,12,Y,23160536,0.07720178666666666
761,79,Y,23159312,0.07719770666666666
74,727,Y,23152824,0.07717608
13,237,Y,23145104,0.07715034666666666
116,1058,Y,23136520,0.07712173333333333
4,167,Y,23136376,0.07712125333333333
762,79,Y,23135240,0.07711746666666666
32,384,Y,23133496,0.07711165333333334
17,264,Y,23129784,0.07709928
44,480,Y,23129488,0.07709829333333333
1000,109,Y,23051152,0.07683717333333333
410,35,Y,23039048,0.07679682666666666
128,0,Y,23038000,0.07679333333333332
866,92,Y,23031576,0.07677192
50,534,Y,23027200,0.07675733333333333
216,11,Y,23025488,0.07675162666666667
1023,111,Y,23008656,0.07669552
9,207,Y,23003936,0.07667978666666667
36,423,Y,22973504,0.07657834666666667
1141,126,Y,22965984,0.07655328
93,878,Y,22965848,0.07655282666666666
1103,121,Y,22956920,0.07652306666666667
17,269,Y,22951088,0.07650362666666667
956,103,Y,22935592,0.07645197333333334
717,73,Y,22908008,0.07636002666666666
882,94,Y,22907360,0.07635786666666666
83,799,Y,22899808,0.07633269333333333
197,8,Y,22898856,0.07632952
406,34,Y,22881816,0.07627272
575,55,Y,22866576,0.07622192
1150,127,Y,22814816,0.07604938666666668
769,80,Y,22810984,0.07603661333333334
1131,125,Y,22780464,0.07593488
65,652,Y,22768112,0.07589370666666667
87,828,Y,22748888,0.07582962666666668
56,577,Y,22745000,0.07581666666666667
26,343,Y,22742896,0.07580965333333334
675,68,Y,22735008,0.07578336
78,759,Y,22698416,0.07566138666666666
745,77,Y,22671816,0.07557272000000001
49,525,Y,22665808,0.07555269333333334
27,348,Y,22649448,0.07549816000000001
43,474,Y,22639088,0.07546362666666667
29,367,Y,22637344,0.07545781333333333
44,482,Y,22636152,0.07545384000000001
14,240,Y,22631480,0.07543826666666667
74,722,Y,22625752,0.07541917333333334
68,679,Y,22601984,0.07533994666666667
335,25,Y,22593952,0.07531317333333334
659,66,Y,22586376,0.07528792
110,1008,Y,22576128,0.07525376
4,161,Y,22565624,0.07521874666666667
52,549,Y,22563152,0.07521050666666666
31,383,Y,22543600,0.07514533333333333
80,774,Y,22541416,0.07513805333333333
90,849,Y,22534160,0.07511386666666667
648,65,Y,22515160,0.07505053333333334
316,23,Y,22510912,0.07503637333333332
24,327,Y,22507408,0.07502469333333334
68,676,Y,22500960,0.07500319999999999
3,154,Y,22498256,0.07499418666666667
540,51,Y,22492672,0.07497557333333334
12,225,Y,22490648,0.07496882666666667
299,21,Y,22443504,0.07481168
124,1125,Y,22440464,0.07480154666666666
125,1134,Y,22431608,0.07477202666666666
3,157,Y,22417816,0.07472605333333333
50,531,Y,22406968,0.07468989333333333
87,824,Y,22404480,0.0746816
609,60,Y,22393088,0.07464362666666667
86,818,Y,22376048,0.07458682666666666
1130,125,Y,22363624,0.07454541333333332
57,586,Y,22340808,0.07446936
919,98,Y,22317208,0.07439069333333334
71,699,Y,22277984,0.07425994666666667
883,94,Y,22274704,0.07424901333333334
111,1019,Y,22255584,0.07418528
97,906,Y,22253152,0.07417717333333333
59,603,Y,22240616,0.07413538666666666
912,98,Y,22237136,0.07412378666666666
33,397,Y,22193128,0.07397709333333333
1,137,Y,22192800,0.073976
1002,109,Y,22171528,0.07390509333333334
340,26,Y,22164528,0.07388176
488,45,Y,22160816,0.07386938666666668
1010,110,Y,22140552,0.07380184000000001
264,17,Y,22125312,0.07375103999999999
173,5,Y,22122048,0.07374016
14,247,Y,22096112,0.07365370666666667
102,947,Y,22093512,0.07364504
148,2,Y,22058696,0.07352898666666667
1146,127,Y,22057488,0.07352496
352,28,Y,22042048,0.07347349333333333
30,369,Y,22033312,0.07344437333333333
79,767,Y,22017792,0.07339264
916,98,Y,22011392,0.07337130666666666
630,62,Y,21994472,0.07331490666666667
341,26,Y,21971424,0.07323808
55,572,Y,21962792,0.07320930666666667
72,709,Y,21915056,0.07305018666666667
20,289,Y,21909800,0.07303266666666666
6,182,Y,21898032,0.07299344
107,989,Y,21858768,0.07286255999999999
11,219,Y,21858176,0.07286058666666667
91,863,Y,21851168,0.07283722666666666
618,61,Y,21849160,0.07283053333333334
1101,121,Y,21834136,0.07278045333333333
1126,124,Y,21813960,0.0727132
70,694,Y,21801368,0.07267122666666666
177,6,Y,21781192,0.07260397333333334
362,29,Y,21768520,0.07256173333333332
569,55,Y,21768032,0.07256010666666667
18,272,Y,21752168,0.07250722666666666
204,9,Y,21718912,0.07239637333333333
100,931,Y,21686432,0.07228810666666666
255,15,Y,21677800,0.07225933333333334
83,796,Y,21672896,0.07224298666666666
167,4,Y,21667552,0.07222517333333334
982,106,Y,21664744,0.07221581333333332
2,149,Y,21655824,0.07218608
194,8,Y,21649816,0.07216605333333333
48,517,Y,21643144,0.07214381333333333
44,486,Y,21641744,0.07213914666666667
849,90,Y,21640056,0.07213351999999999
46,496,Y,21606552,0.07202184
63,635,Y,21587392,0.07195797333333333
9,204,Y,21583808,0.07194602666666666
490,45,Y,21560304,0.07186767999999999
58,592,Y,21555448,0.07185149333333334
459,41,Y,21553832,0.07184610666666666
662,66,Y,21552192,0.07184064
329,25,Y,21525832,0.07175277333333334
54,560,Y,21522568,0.07174189333333333
21,300,Y,21495616,0.07165205333333334
1134,125,Y,21481456,0.07160485333333333
84,807,Y,21463960,0.07154653333333333
47,507,Y,21452592,0.07150864
1151,127,Y,21445224,0.07148407999999999
98,916,Y,21443712,0.07147904
1087,119,Y,21442016,0.07147338666666667
908,97,Y,21413160,0.0713772
718,73,Y,21393096,0.07131032000000001
1064,117,Y,21388936,0.07129645333333333
73,717,Y,21381336,0.07127112
1135,125,Y,21376040,0.07125346666666667
254,15,Y,21373096,0.07124365333333334
22,305,Y,21348168,0.07116056
560,54,Y,21304728,0.07101576
10,211,Y,21300440,0.07100146666666667
658,66,Y,21295008,0.07098336
941,101,Y,21284808,0.07094936
287,19,Y,21263600,0.07087866666666666
27,349,Y,21260272,0.07086757333333334
8,197,Y,21250184,0.07083394666666666
572,55,Y,21232664,0.07077554666666667
122,1105,Y,21223432,0.07074477333333333
111,1022,Y,21211712,0.07070570666666666
93,874,Y,21201864,0.07067288
5,175,Y,21188336,0.07062778666666666
45,489,Y,21184696,0.07061565333333333
681,69,Y,21165496,0.07055165333333334
474,43,Y,21163688,0.07054562666666667
900,96,Y,21139584,0.07046528
839,88,Y,21126008,0.07042002666666668
20,288,Y,21124248,0.07041416
641,64,Y,21088992,0.07029664
20,291,Y,21082696,0.07027565333333334
49,522,Y,21076600,0.07025533333333334
290,20,Y,21050232,0.07016744
199,8,Y,21050048,0.07016682666666667
32,388,Y,21028800,0.070096
125,1130,Y,21028520,0.07009506666666666
637,63,Y,21018080,0.07006026666666666
62,630,Y,21006184,0.07002061333333333
547,52,Y,20969584,0.06989861333333333
417,36,Y,20951024,0.06983674666666667
109,1003,Y,20942968,0.06980989333333333
17,267,Y,20926808,0.06975602666666667
44,485,Y,20879928,0.06959976000000001
23,317,Y,20822928,0.06940976
805,84,Y,20819808,0.06939936000000001
373,30,Y,20814104,0.06938034666666666
71,702,Y,20809504,0.06936501333333332
549,52,Y,20785528,0.06928509333333333
515,48,Y,20780224,0.06926741333333333
650,65,Y,20768096,0.06922698666666666
53,556,Y,20751600,0.06917200000000001
851,90,Y,20740296,0.06913432
13,236,Y,20728160,0.06909386666666667
796,83,Y,20720968,0.06906989333333334
158,3,Y,20715728,0.06905242666666667
54,565,Y,20708288,0.06902762666666667
30,371,Y,20705696,0.06901898666666666
976,106,Y,20705648,0.06901882666666666
41,461,Y,20703544,0.06901181333333332
26,338,Y,20693392,0.06897797333333333
1071,117,Y,20667384,0.06889128
257,16,Y,20628984,0.06876328000000001
84,800,Y,20623696,0.06874565333333334
565,54,Y,20608120,0.06869373333333334
654,65,Y,20576280,0.0685876
984,107,Y,20544888,0.06848296
911,97,Y,20528032,0.06842677333333333
1046,114,Y,20501872,0.06833957333333333
109,1004,Y,20501232,0.06833744
116,1057,Y,20468880,0.0682296
81,780,Y,20448224,0.06816074666666666
59,606,Y,20415568,0.06805189333333334
117,1064,Y,20388408,0.06796136
312,23,Y,20382784,0.06794261333333333
555,53,Y,20367976,0.06789325333333333
426,37,Y,20364864,0.06788287999999999
774,80,Y,20361592,0.06787197333333334
810,85,Y,20351008,0.06783669333333334
59,600,Y,20346032,0.06782010666666667
690,70,Y,20344944,0.06781648
76,741,Y,20343768,0.06781256
1020,111,Y,20331336,0.06777111999999999
1040,114,Y,20327408,0.06775802666666667
87,827,Y,20288800,0.06762933333333333
86,816,Y,20286536,0.06762178666666667
77,751,Y,20283784,0.06761261333333334
227,12,Y,20257768,0.06752589333333334
98,918,Y,20226424,0.06742141333333333
305,22,Y,20219936,0.06739978666666667
83,794,Y,20211904,0.06737301333333333
749,77,Y,20206696,0.06735565333333333
91,862,Y,20196200,0.06732066666666667
338,26,Y,20180296,0.06726765333333333
85,812,Y,20160248,0.06720082666666667
46,498,Y,20156336,0.06718778666666667
71,696,Y,20151392,0.06717130666666667
23,313,Y,20137688,0.06712562666666667
27,344,Y,20116992,0.06705664
97,911,Y,20116184,0.06705394666666667
102,948,Y,20110504,0.06703501333333334
1,143,Y,20098064,0.06699354666666667
7,187,Y,20040848,0.06680282666666668
63,638,Y,20030896,0.06676965333333333
125,1128,Y,20013296,0.06671098666666667
722,74,Y,20009776,0.06669925333333333
55,568,Y,20001936,0.06667312
52,544,Y,19991312,0.06663770666666667
8,194,Y,19949792,0.06649930666666666
1067,117,Y,19941808,0.06647269333333333
62,624,Y,19926368,0.06642122666666667
92,866,Y,19889616,0.06629872
389,32,Y,19853656,0.06617885333333333
99,924,Y,19837576,0.06612525333333333
1077,118,Y,19833936,0.06611312
47,510,Y,19830568,0.06610189333333333
3,155,Y,19826448,0.06608815999999999
16,258,Y,19790328,0.06596776
121,1099,Y,19745816,0.06581938666666666
491,45,Y,19745448,0.06581816
90,848,Y,19720944,0.06573648
1050,115,Y,19684704,0.06561568000000001
8,196,Y,19684088,0.06561362666666667
83,793,Y,19646952,0.06548984000000001
0,128,Y,19618824,0.06539608000000001
791,82,Y,19603248,0.06534416
103,956,Y,19594200,0.065314
245,14,Y,19570480,0.06523493333333334
899,96,Y,19548392,0.06516130666666667
126,1136,Y,19541312,0.06513770666666666
679,68,Y,19535568,0.06511855999999999
89,840,Y,19535008,0.06511669333333334
107,984,Y,19490752,0.06496917333333334
471,42,Y,19482544,0.06494181333333333
568,55,Y,19479480,0.0649316
113,1039,Y,19458136,0.06486045333333333
712,73,Y,19436472,0.06478824000000001
31,381,Y,19431336,0.06477112
68,672,Y,19408416,0.06469472
466,42,Y,19382080,0.06460693333333334
97,905,Y,19379376,0.06459792
43,476,Y,19358416,0.06452805333333334
9,202,Y,19340112,0.06446704
983,106,Y,19314224,0.06438074666666667
28,359,Y,19286664,0.06428888
50,533,Y,19250040,0.0641668
107,986,Y,19246688,0.06415562666666666
109,1002,Y,19211176,0.06403725333333332
51,538,Y,19190248,0.06396749333333333
73,714,Y,19158024,0.06386008
83,797,Y,19118504,0.06372834666666667
797,83,Y,19102424,0.06367474666666667
106,980,Y,19099648,0.06366549333333334
65,655,Y,19096352,0.06365450666666667
724,74,Y,19078064,0.06359354666666667
746,77,Y,19057136,0.06352378666666667
106,981,Y,19047960,0.0634932
244,14,Y,19021544,0.06340514666666666
570,55,Y,19006136,0.06335378666666668
836,88,Y,19003664,0.06334554666666667
124,1127,Y,18982376,0.06327458666666667
64,641,Y,18980592,0.06326864
25,329,Y,18934504,0.06311501333333333
840,89,Y,18929496,0.06309832
556,53,Y,18913440,0.0630448
106,982,Y,18889880,0.06296626666666666
165,4,Y,18883848,0.06294616
114,1040,Y,18866112,0.06288704
36,418,Y,18857296,0.06285765333333333
67,670,Y,18834320,0.06278106666666666
638,63,Y,18832808,0.06277602666666666
16,261,Y,18823848,0.06274616000000001
15,255,Y,18818224,0.06272741333333333
716,73,Y,18765328,0.06255109333333334
291,20,Y,18722168,0.06240722666666666
528,50,Y,18658264,0.06219421333333333
19,284,Y,18643376,0.06214458666666667
12,228,Y,18642424,0.06214141333333333
102,951,Y,18618096,0.06206032
79,766,Y,18617808,0.06205936
63,633,Y,18599600,0.06199866666666666
480,44,Y,18578368,0.06192789333333334
68,675,Y,18455120,0.06151706666666667
109,1000,Y,18431264,0.06143754666666667
122,1106,Y,18403568,0.06134522666666666
879,93,Y,18358440,0.061194799999999994
958,103,Y,18326632,0.06108877333333333
286,19,Y,18325184,0.061083946666666666
760,79,Y,18311504,0.06103834666666666
1,142,Y,18296808,0.06098936
735,75,Y,18270696,0.060902319999999996
4,164,Y,18248728,0.06082909333333333
499,46,Y,18232632,0.06077544
537,51,Y,18205856,0.06068618666666667
617,61,Y,18201312,0.06067104
359,28,Y,18197720,0.06065906666666667
363,29,Y,18140488,0.06046829333333333
86,817,Y,18131336,0.06043778666666666
727,74,Y,18113864,0.060379546666666666
95,895,Y,18062040,0.0602068
394,33,Y,18033264,0.06011088
94,883,Y,17980144,0.059933813333333336
424,37,Y,17963144,0.059877146666666665
577,56,Y,17926864,0.059756213333333336
676,68,Y,17883368,0.05961122666666667
357,28,Y,17881256,0.05960418666666667
81,783,Y,17873296,0.059577653333333334
121,1101,Y,17789352,0.05929784
59,604,Y,17784544,0.059281813333333336
20,293,Y,17782944,0.05927648
127,1150,Y,17735256,0.05911751999999999
25,333,Y,17718272,0.05906090666666666
57,591,Y,17692328,0.05897442666666666
42,468,Y,17675528,0.05891842666666667
53,555,Y,17558544,0.05852848
80,771,Y,17505136,0.05835045333333333
633,63,Y,17490008,0.05830002666666667
6,176,Y,17458072,0.05819357333333333
704,72,Y,17456992,0.05818997333333334
714,73,Y,17451552,0.058171839999999995
317,23,Y,17397736,0.05799245333333333
39,442,Y,17396048,0.05798682666666667
818,86,Y,17387512,0.057958373333333334
1006,109,Y,17344136,0.057813786666666665
1127,124,Y,17342192,0.05780730666666667
40,453,Y,17296968,0.05765656
487,44,Y,17237768,0.05745922666666667
327,24,Y,17206352,0.05735450666666667
96,901,Y,17176432,0.057254773333333335
100,933,Y,17148208,0.05716069333333334
965,104,Y,17147920,0.05715973333333334
116,1060,Y,17141792,0.05713930666666667
67,667,Y,17081448,0.056938159999999995
116,1056,Y,17055280,0.05685093333333333
895,95,Y,17006616,0.056688720000000005
61,617,Y,16982584,0.056608613333333335
22,311,Y,16840264,0.056134213333333335
60,615,Y,16802504,0.05600834666666667
469,42,Y,16782184,0.05594061333333333
1125,124,Y,16760736,0.05586912
990,107,Y,16701376,0.05567125333333334
13,232,Y,16447536,0.05482512
646,64,Y,16413568,0.05471189333333333
161,4,Y,16303104,0.05434368
896,96,Y,16152968,0.05384322666666667
16,257,Y,16094544,0.05364848
584,57,Y,16075464,0.053584879999999994
75,735,Y,16039536,0.05346512
23,316,Y,15979824,0.05326607999999999
73,718,Y,15632464,0.05210821333333334
95,890,Y,15473384,0.051577946666666666
591,57,Y,15461912,0.051539706666666664
1015,110,Y,15341488,0.051138293333333334
552,53,Y,15022280,0.050074266666666666
1013,110,Y,14798968,0.04932989333333333
652,65,Y,14691264,0.04897088
807,84,Y,14281208,0.04760402666666667
192,8,Y,14273016,0.04757672
660,66,Y,13557904,0.04519301333333333
343,26,Y,13536240,0.045120799999999996
66,660,Y,13405312,0.04468437333333333
827,87,Y,13292192,0.044307306666666664
702,71,Y,12632816,0.042109386666666665
