50,23,N,29997934047,99.99311349
27,67,N,29997005422,99.99001807333333
119,36,N,29991072382,99.97024127333334
71,2,N,29990322081,99.96774027000001
76,116,N,29988366983,99.96122327666667
25,111,N,29987703833,99.95901277666667
116,40,N,29986036687,99.95345562333333
18,93,N,29985751428,99.95250476000001
40,116,N,29981470940,99.93823646666667
30,117,N,29980964007,99.93654669
62,101,N,29980500298,99.93500099333333
9,66,N,29979160896,99.93053632
0,82,N,29976798265,99.92266088333334
79,12,N,29976329127,99.92109709
9,111,N,29976256552,99.92085517333334
13,122,N,29974984874,99.91661624666666
125,1,N,29974610628,99.91536876
25,118,N,29974108548,99.91369516
4,85,N,29972494766,99.90831588666667
99,14,N,29972196734,99.90732244666667
75,13,N,29969092686,99.89697561999999
117,30,N,29968773629,99.89591209666666
52,24,N,29968728723,99.89576241
66,9,N,29968458615,99.89486205
87,48,N,29968139904,99.89379968
94,72,N,29965808758,99.88602919333334
17,117,N,29964738282,99.88246094
14,123,N,29964344163,99.88114721
61,15,N,29964239049,99.88079683
17,90,N,29963737549,99.87912516333334
84,41,N,29962487516,99.87495838666666
38,94,N,29961967568,99.87322522666666
101,50,N,29961700675,99.87233558333334
19,53,N,29961620549,99.87206849666667
27,77,N,29961127390,99.87042463333333
9,42,N,29960271412,99.86757137333333
102,34,N,29959906482,99.86635494000001
64,13,N,29958619008,99.86206336
88,37,N,29955454460,99.85151486666666
114,32,N,29954213776,99.84737925333333
64,18,N,29954192562,99.84730854
17,102,N,29954051482,99.84683827333333
82,120,N,29953905184,99.84635061333333
122,44,N,29953653046,99.84551015333332
111,25,N,29952450585,99.84150195
49,10,N,29951695184,99.83898394666667
116,36,N,29951474857,99.83824952333333
16,0,N,29951126261,99.83708753666667
91,65,N,29950201891,99.83400630333334
5,68,N,29948832852,99.82944284
55,35,N,29948235623,99.82745207666667
36,116,N,29948188428,99.82729476
37,94,N,29948157813,99.82719271
53,121,N,29947564462,99.82521487333334
102,17,N,29947207780,99.82402593333333
68,5,N,29947179557,99.82393185666668
24,81,N,29947140272,99.82380090666668
37,88,N,29946071615,99.82023871666667
11,105,N,29944076244,99.81358748
19,41,N,29943078388,99.81026129333334
59,32,N,29941972125,99.80657375
115,64,N,29940667187,99.80222395666667
121,53,N,29940325350,99.8010845
112,22,N,29938007209,99.79335736333333
15,121,N,29937030099,99.79010033
82,0,N,29936993387,99.78997795666666
109,12,N,29936015525,99.78671841666666
40,13,N,29935271682,99.78423894000001
35,94,N,29933833516,99.77944505333333
42,88,N,29933648460,99.7788282
28,109,N,29933437996,99.77812665333333
94,35,N,29930542487,99.76847495666667
41,84,N,29928942839,99.76314279666667
84,15,N,29928900855,99.76300285
53,117,N,29928341877,99.76113959
10,71,N,29928056766,99.76018922
60,10,N,29926340311,99.75446770333333
10,108,N,29925573863,99.75191287666667
71,10,N,29925247023,99.75082341
112,96,N,29924782080,99.7492736
104,64,N,29924635557,99.74878519
8,82,N,29923966767,99.74655589
105,11,N,29923368472,99.74456157333333
100,18,N,29922863703,99.74287901
53,74,N,29922402375,99.74134125
104,48,N,29922071586,99.74023862
96,10,N,29921628161,99.73876053666667
58,102,N,29921134686,99.73711562000001
111,9,N,29920694328,99.73564776
127,59,N,29920452580,99.73484193333333
96,112,N,29920366269,99.73455423
124,108,N,29920002857,99.73334285666667
124,126,N,29919930996,99.73310332
65,115,N,29919454335,99.73151445
45,78,N,29919343325,99.73114441666667
54,23,N,29917002464,99.72334154666666
117,17,N,29916828447,99.72276149
67,27,N,29915762471,99.71920823666667
15,61,N,29915726338,99.71908779333334
88,96,N,29914808107,99.71602702333333
118,29,N,29914781519,99.71593839666667
99,2,N,29914325590,99.71441863333334
110,0,N,29913868481,99.71289493666666
74,53,N,29913798805,99.71266268333333
82,7,N,29913755669,99.71251889666667
72,94,N,29913499292,99.71166430666668
103,29,N,29913291205,99.71097068333333
33,90,N,29912837605,99.70945868333332
81,24,N,29910474276,99.70158092
121,15,N,29909992234,99.69997411333334
26,5,N,29909961826,99.69987275333332
6,16,N,29909542579,99.69847526333334
21,90,N,29909260279,99.69753426333334
47,123,N,29909188245,99.69729415
90,33,N,29909157853,99.69719284333334
12,79,N,29908784196,99.69594732
108,10,N,29907949608,99.69316536000001
79,4,N,29907385607,99.69128535666667
69,126,N,29907383956,99.69127985333334
80,29,N,29905523696,99.68507898666667
77,85,N,29904332489,99.68110829666666
117,33,N,29903906001,99.67968667
106,5,N,29903468462,99.67822820666666
57,126,N,29903270476,99.67756825333333
105,5,N,29901466262,99.67155420666667
119,26,N,29899393078,99.66464359333334
2,35,N,29898348064,99.66116021333333
47,67,N,29898309698,99.66103232666667
32,100,N,29898251554,99.66083851333335
16,6,N,29898024137,99.66008045666666
6,22,N,29896433716,99.65477905333333
33,98,N,29896241426,99.65413808666666
29,91,N,29895790710,99.6526357
10,96,N,29895622596,99.65207532
107,126,N,29894300958,99.64766986
30,77,N,29894106242,99.64702080666666
115,28,N,29892894460,99.64298153333333
4,79,N,29890912840,99.63637613333334
59,127,N,29890174101,99.63391367
23,54,N,29890158753,99.63386251
41,81,N,29890115481,99.63371827
91,71,N,29888577530,99.62859176666666
34,98,N,29886889800,99.622966
46,98,N,29886749729,99.62249909666666
101,34,N,29884129080,99.6137636
1,45,N,29882249893,99.60749964333333
126,18,N,29881299237,99.60433078999999
33,117,N,29879899255,99.59966418333333
58,2,N,29879602329,99.59867443
34,102,N,29877897586,99.59299195333332
49,9,N,29876801494,99.58933831333333
98,34,N,29876799176,99.58933058666666
8,125,N,29875351618,99.58450539333333
36,3,N,29874117213,99.58039071
73,95,N,29873355611,99.57785203666667
126,69,N,29872400730,99.57466910000001
125,102,N,29871957243,99.57319081
71,122,N,29870621197,99.56873732333334
122,71,N,29868693133,99.56231044333333
32,59,N,29867337978,99.55779326000001
65,14,N,29867189286,99.55729762
51,125,N,29866903186,99.55634395333334
0,16,N,29865438644,99.55146214666667
109,28,N,29860443159,99.53481053
1,85,N,29859874827,99.53291609
10,60,N,29857674377,99.52558125666667
51,24,N,29857631404,99.52543801333333
38,97,N,29857318930,99.52439643333332
30,23,N,29856694689,99.52231563000001
123,14,N,29856539250,99.52179749999999
124,42,N,29856050154,99.52016718
44,127,N,29855925623,99.51975207666666
24,51,N,29855855156,99.51951718666666
91,28,N,29855831275,99.51943758333334
86,47,N,29855733162,99.51911054
48,87,N,29855345142,99.51781713999999
36,119,N,29854841873,99.51613957666666
94,37,N,29853133876,99.51044625333333
42,124,N,29852954939,99.50984979666667
77,30,N,29852265951,99.50755317
117,53,N,29852194131,99.50731377000001
3,65,N,29850888536,99.50296178666666
31,70,N,29848100136,99.49366712
2,58,N,29847785155,99.49261718333334
110,32,N,29847449227,99.49149742333333
96,88,N,29847036345,99.49012115
60,89,N,29843952324,99.47984108
113,49,N,29843892844,99.47964281333334
20,122,N,29843852375,99.47950791666666
28,115,N,29842857482,99.47619160666666
97,11,N,29842364621,99.47454873666666
90,21,N,29841770779,99.47256926333333
42,9,N,29841664592,99.47221530666667
17,60,N,29840623355,99.46874451666666
46,105,N,29840373818,99.46791272666667
2,71,N,29840328546,99.46776182
1,125,N,29837526195,99.45842065000001
70,31,N,29837123541,99.45707847
107,42,N,29833140559,99.44380186333333
105,46,N,29832814579,99.44271526333334
93,18,N,29831999067,99.43999689
5,26,N,29830835346,99.43611782
103,4,N,29830490388,99.43496796
91,29,N,29829306738,99.43102246
78,45,N,29829024176,99.43008058666666
3,36,N,29829020500,99.43006833333334
4,115,N,29828621006,99.42873668666667
102,58,N,29826456589,99.42152196333333
88,2,N,29826197290,99.42065763333333
48,104,N,29823997534,99.41332511333333
85,4,N,29822014721,99.40671573666665
119,48,N,29821065800,99.40355266666666
44,122,N,29820358629,99.40119543
125,8,N,29819627730,99.3987591
13,64,N,29818685662,99.39561887333333
29,118,N,29818421113,99.39473704333334
100,32,N,29818324153,99.39441384333333
97,38,N,29817057003,99.39019001
122,13,N,29815202672,99.38400890666666
67,47,N,29814877901,99.38292633666667
85,77,N,29813643027,99.37881009
82,8,N,29813373082,99.37791027333334
110,23,N,29811886859,99.37295619666666
126,107,N,29810773120,99.36924373333333
13,40,N,29808087640,99.36029213333335
120,82,N,29807112493,99.35704164333333
89,60,N,29806798282,99.35599427333334
15,48,N,29806641991,99.35547330333333
50,101,N,29806533849,99.35511283
18,100,N,29804190384,99.34730128
11,97,N,29803057616,99.34352538666667
120,6,N,29802647144,99.34215714666666
29,121,N,29802646114,99.34215371333333
1,106,N,29801904862,99.33968287333333
6,120,N,29801421888,99.33807296
64,104,N,29800885393,99.33628464333333
22,66,N,29798905795,99.32968598333333
11,87,N,29798838130,99.32946043333334
2,99,N,29797958579,99.32652859666666
42,107,N,29797015736,99.32338578666666
98,33,N,29794415431,99.31471810333333
15,125,N,29794076122,99.31358707333334
63,113,N,29792899696,99.30966565333334
32,114,N,29792769399,99.30923133
10,49,N,29792273976,99.30757992
66,41,N,29787846605,99.29282201666668
98,46,N,29786393524,99.28797841333333
126,57,N,29785237367,99.28412455666667
7,83,N,29784010085,99.28003361666666
13,75,N,29782910975,99.27636991666667
35,55,N,29782238529,99.27412842999999
122,20,N,29782053127,99.27351042333333
29,103,N,29781182370,99.2706079
49,113,N,29774634884,99.24878294666667
7,82,N,29774476700,99.24825566666667
35,2,N,29773220492,99.24406830666666
24,52,N,29769621126,99.23207042
88,42,N,29769282730,99.23094243333334
22,6,N,29764952369,99.21650789666666
48,15,N,29762747258,99.20915752666667
41,66,N,29757293781,99.19097927
15,84,N,29756572622,99.18857540666667
85,1,N,29755084749,99.18361583000001
74,113,N,29754682731,99.18227576999999
101,62,N,29753641377,99.17880459
81,41,N,29752369900,99.17456633333333
45,1,N,29751244236,99.17081411999999
28,91,N,29749463802,99.16487934
46,114,N,29748603508,99.16201169333333
18,126,N,29747652223,99.15884074333333
23,50,N,29744956436,99.14985478666667
47,86,N,29743552429,99.14517476333333
123,47,N,29742019213,99.14006404333333
23,110,N,29738579449,99.12859816333334
94,38,N,29737626480,99.1254216
125,51,N,29732555049,99.10851683
127,44,N,29732073217,99.10691072333333
5,106,N,29730403329,99.10134443000001
48,119,N,29729615515,99.09871838333333
106,1,N,29728490983,99.09496994333334
67,35,N,29727391768,99.09130589333334
108,50,N,29726935362,99.08978454
50,108,N,29726618992,99.08872997333333
18,64,N,29724514661,99.08171553666666
34,101,N,29720459413,99.06819804333334
121,29,N,29717974711,99.05991570333333
108,124,N,29716059328,99.05353109333333
102,125,N,29712399469,99.04133156333333
65,91,N,29709459710,99.03153236666667
113,63,N,29705584743,99.01861581
22,112,N,29703354497,99.01118165666666
60,17,N,29699789743,98.99929914333333
95,73,N,29694541137,98.98180379
64,115,N,29689705368,98.96568456
14,65,N,29689039135,98.96346378333334
125,15,N,29685875992,98.95291997333334
41,19,N,29679199598,98.93066532666667
73,23,N,29677427213,98.92475737666668
3,54,N,29673045145,98.91015048333334
116,76,N,29671353412,98.90451137333334
115,65,N,29666606222,98.88868740666666
66,22,N,29664744748,98.88248249333333
126,124,N,29663749044,98.87916348
29,80,N,29658027422,98.86009140666665
118,25,N,29652731990,98.84243996666666
23,30,N,29650579520,98.83526506666666
127,71,N,29647537339,98.82512446333334
0,110,N,29609201685,98.69733895
71,91,N,29608843073,98.69614357666666
32,110,N,29608586458,98.69528819333333
65,3,N,29607765828,98.69255276
2,88,N,29603573263,98.67857754333333
54,3,N,29602952669,98.67650889666668
53,19,N,29598077869,98.66025956333333
87,11,N,29596790936,98.65596978666666
83,7,N,29590365283,98.63455094333334
9,49,N,29588678496,98.62892832
35,67,N,29585186828,98.61728942666666
115,4,N,29584361251,98.61453750333334
90,17,N,29581820384,98.60606794666667
14,99,N,29547188290,98.49062763333333
26,119,N,29544698965,98.48232988333334
113,74,N,29532974016,98.44324672
68,95,N,29513998288,98.37999429333333
4,103,N,29495202124,98.31734041333333
5,105,N,29488061953,98.29353984333333
12,109,N,29485453715,98.28484571666667
114,46,N,29469443070,98.2314769
95,68,N,29460725390,98.20241796666667
23,73,N,29250805989,97.50268663
71,127,N,29197304973,97.32434991
77,27,N,29031778328,96.77259442666667
92,38,N,12608596780,42.02865593333333
61,76,N,10257498619,34.19166206333333
52,76,N,10011982815,33.37327605
78,116,N,9740504636,32.46834878666667
92,120,N,9640906336,32.13635445333333
76,46,N,9590326688,31.967755626666666
43,78,N,9482035623,31.60678541
69,79,N,9313498783,31.04499594333333
118,105,N,9050549272,30.168497573333337
83,41,N,9037029280,30.123430933333335
56,97,N,8789021700,29.296739
21,40,N,8728101545,29.093671816666667
120,111,N,8078170293,26.92723431
78,84,N,7947452936,26.49150978666667
111,120,N,7754582508,25.848608360000004
21,25,N,7685537664,25.61845888
25,28,N,7682059184,25.60686394666667
93,46,N,7425934936,24.75311645333333
26,22,N,7294200024,24.31400008
86,111,N,7254761472,24.18253824
80,127,N,7158884320,23.862947733333336
62,96,N,7082763832,23.609212773333333
56,109,N,6980564774,23.268549246666666
39,47,N,6845964120,22.8198804
120,127,N,6752531688,22.50843896
80,77,N,6708618088,22.362060293333332
30,6,N,6590115642,21.96705214
86,102,N,6546344342,21.821147806666666
38,81,N,6472660822,21.575536073333335
51,59,N,6470386479,21.56795493
52,70,N,6448327832,21.494426106666666
61,79,N,6351428648,21.171428826666666
93,84,N,6346479248,21.154930826666668
97,98,N,6321654547,21.072181823333334
92,124,N,6250969656,20.83656552
84,30,N,6228432878,20.761442926666668
120,92,N,6192955536,20.64318512
45,49,N,6152974674,20.509915579999998
73,116,N,6144883408,20.482944693333334
112,110,N,6142222344,20.474074480000002
55,42,N,6134162304,20.44720768
44,53,N,6047631720,20.1587724
111,87,N,6039375664,20.131252213333333
8,62,N,5842123304,19.473744346666667
26,35,N,5818645120,19.395483733333332
87,32,N,5808718339,19.36239446333333
69,34,N,5774998512,19.24999504
31,27,N,5717143540,19.057145133333332
83,11,N,5599333776,18.66444592
76,65,N,5583239976,18.61079992
43,96,N,5573154728,18.577182426666667
105,121,N,5565377886,18.55125962
69,59,N,5428754952,18.09584984
19,12,N,5416869384,18.056231280000002
49,45,N,5331517986,17.77172662
97,49,N,5329438049,17.764793496666666
121,105,N,5321268648,17.73756216
63,48,N,5310183200,17.700610666666666
107,95,N,5261382336,17.53794112
39,21,N,5260142549,17.533808496666666
95,107,N,5248690296,17.49563432
89,107,N,5222907264,17.40969088
81,38,N,5207877733,17.359592443333334
51,98,N,5195003696,17.316678986666666
89,119,N,5147455824,17.15818608
123,101,N,5123543680,17.078478933333333
31,60,N,5094669952,16.982233173333334
103,92,N,5036943848,16.789812826666665
59,55,N,5028506489,16.761688296666666
78,114,N,5014414000,16.714713333333332
127,120,N,5010580428,16.70193476
7,21,N,4997749866,16.65916622
86,106,N,4997371099,16.657903663333336
89,83,N,4989262296,16.63087432
85,81,N,4944568616,16.481895386666668
72,67,N,4937009080,16.456696933333333
52,124,N,4931542040,16.438473466666668
50,24,N,4929037864,16.43012621333333
43,58,N,4922947792,16.409825973333334
54,66,N,4909425880,16.364752933333335
31,0,N,4884709549,16.282365163333335
83,89,N,4873983792,16.24661264
84,78,N,4865259136,16.217530453333335
72,80,N,4827747752,16.092492506666666
114,78,N,4820323144,16.067743813333333
57,66,N,4777606080,15.9253536
70,113,N,4726410437,15.754701456666668
103,109,N,4712318712,15.707729040000002
55,59,N,4692025793,15.640085976666668
0,31,N,4670348304,15.567827679999999
7,6,N,4642849184,15.476163946666667
37,61,N,4629149416,15.430498053333332
16,5,N,4627116080,15.423720266666665
80,108,N,4537054000,15.123513333333333
27,31,N,4523638048,15.078793493333334
54,114,N,4503896336,15.012987786666669
92,91,N,4476773433,14.922578110000002
106,86,N,4471617227,14.905390756666668
43,74,N,4461218429,14.870728096666666
95,104,N,4439077120,14.796923733333333
44,24,N,4408768872,14.69589624
86,37,N,4398311320,14.661037733333334
39,9,N,4370918040,14.5697268
76,61,N,4365964889,14.553216296666665
79,88,N,4353710824,14.512369413333333
106,81,N,4347590904,14.49196968
26,12,N,4324670640,14.4155688
16,45,N,4323212680,14.410708933333332
72,25,N,4316772296,14.389240986666666
32,87,N,4311720016,14.372400053333333
72,104,N,4300315656,14.334385520000001
62,20,N,4286385960,14.2879532
39,43,N,4280860058,14.269533526666667
87,111,N,4258022344,14.193407813333334
4,13,N,4232093904,14.10697968
108,80,N,4231150888,14.103836293333332
37,86,N,4199977224,13.999924080000001
95,40,N,4197431170,13.991437233333334
114,54,N,4193835528,13.97945176
101,123,N,4178006384,13.926687946666666
111,86,N,4172963528,13.909878426666666
75,112,N,4170476960,13.901589866666667
81,85,N,4167295416,13.890984719999999
39,22,N,4151153083,13.837176943333334
8,55,N,4136924346,13.78974782
124,52,N,4135188584,13.783961946666668
93,101,N,4105360494,13.684534979999999
59,69,N,4098690408,13.66230136
73,56,N,4084512504,13.615041680000001
55,7,N,4083641248,13.612137493333334
57,52,N,4072953832,13.576512773333333
12,26,N,4056789672,13.522632239999998
76,52,N,4046437256,13.488124186666667
7,55,N,4044698960,13.482329866666667
70,107,N,4037981339,13.459937796666665
74,123,N,4022969240,13.409897466666667
40,95,N,4012597016,13.375323386666665
21,7,N,4011252766,13.370842553333334
124,92,N,3998149512,13.32716504
35,26,N,3976459224,13.25486408
27,40,N,3974993240,13.249977466666666
25,21,N,3973592987,13.245309956666668
79,61,N,3959014552,13.196715173333335
67,12,N,3916774592,13.055915306666666
61,20,N,3903055120,13.010183733333333
70,52,N,3897592107,12.99197369
973,105,Y,3890866999,12.969556663333334
57,99,N,3890273513,12.967578376666665
56,73,N,3888382148,12.961273826666666
28,3,N,3886371944,12.954573146666668
78,43,N,3871131144,12.903770480000002
49,97,N,3858255637,12.860852123333332
75,103,N,3856016112,12.85338704
22,26,N,3851602736,12.838675786666668
91,92,N,3831687950,12.772293166666667
43,39,N,3824960645,12.749868816666668
104,72,N,3817520616,12.72506872
88,79,N,3801065600,12.670218666666667
968,105,Y,3774344824,12.581149413333334
14,0,N,3757451944,12.524839813333333
974,105,Y,3749132152,12.497107173333333
975,105,Y,3733841656,12.446138853333332
20,31,N,3731242884,12.43747628
83,58,N,3718859360,12.396197866666666
19,36,N,3714488000,12.381626666666666
66,54,N,3694132635,12.31377545
75,57,N,3664791736,12.215972453333332
117,82,N,3660101896,12.200339653333334
20,61,N,3655490920,12.184969733333334
28,25,N,3654385128,12.18128376
528,50,Y,3625947392,12.086491306666666
63,60,N,3613540320,12.0451344
65,76,N,3609314808,12.031049359999999
45,16,N,3605676787,12.018922623333333
33,38,N,3587836624,11.959455413333334
79,69,N,3586550872,11.955169573333334
11,83,N,3574382592,11.91460864
100,47,N,3547047828,11.82349276
128,0,Y,3538778544,11.795928479999999
20,17,N,3538683632,11.795612106666667
63,73,N,3530497600,11.768325333333333
869,92,Y,3522232928,11.740776426666667
99,90,N,3504607584,11.68202528
545,52,Y,3502385088,11.67461696
107,89,N,3494480600,11.648268666666667
118,77,N,3485373000,11.61791
38,92,N,3483586176,11.61195392
1059,116,Y,3466811597,11.556038656666667
108,121,N,3451320024,11.50440008
46,76,N,3444765840,11.482552799999999
789,82,Y,3391146403,11.303821343333334
40,27,N,3380100432,11.26700144
119,123,N,3350711744,11.169039146666666
92,103,N,3350539080,11.1684636
119,89,N,3335975216,11.119917386666668
84,93,N,3320904088,11.069680293333334
97,56,N,3316930585,11.056435283333334
211,10,Y,3309227520,11.0307584
123,119,N,3296923340,10.989744466666666
12,67,N,3255554240,10.851847466666667
69,44,N,3209076432,10.69692144
68,14,N,3200891320,10.669637733333333
30,84,N,3200683280,10.668944266666665
121,108,N,3195049896,10.65016632
106,100,N,3192518128,10.641727093333333
433,38,Y,3183238408,10.610794693333334
122,94,N,3181744808,10.605816026666668
56,54,N,3174584928,10.58194976
116,73,N,3147369816,10.491232720000001
110,114,N,3146139496,10.487131653333332
38,33,N,3131976208,10.439920693333333
6,30,N,3129416024,10.431386746666666
94,122,N,3127429952,10.424766506666666
90,68,N,3121392088,10.404640293333333
31,20,N,3112325672,10.374418906666667
101,93,N,3089090384,10.296967946666667
606,59,Y,3064602048,10.21534016
24,50,N,3062937896,10.209792986666667
605,59,Y,3058333027,10.194443423333334
219,11,Y,3056459608,10.188198693333334
77,118,N,3053969834,10.179899446666667
36,45,N,3050714744,10.169049146666667
80,72,N,3037707928,10.125693093333334
1040,114,Y,3033981016,10.113270053333332
752,78,Y,3014876360,10.049587866666666
60,31,N,2991369720,9.9712324
100,85,N,2990409536,9.968031786666668
98,51,N,2990047632,9.966825440000001
112,115,N,2982244200,9.940814000000001
66,57,N,2981973752,9.939912506666666
3,28,N,2980745252,9.935817506666666
59,51,N,2979911384,9.933037946666666
62,8,N,2974923024,9.91641008
909,97,Y,2973124768,9.910415893333333
99,58,N,2966489840,9.888299466666666
58,83,N,2956890256,9.856300853333334
381,31,Y,2956753168,9.855843893333335
61,37,N,2955519128,9.851730426666666
336,26,Y,2947773416,9.825911386666666
50,18,N,2944944158,9.816480526666666
8,51,N,2940850479,9.80283493
1060,116,Y,2938872720,9.7962424
220,11,Y,2935387672,9.784625573333333
24,44,N,2929342096,9.764473653333333
754,78,Y,2910647944,9.702159813333333
387,32,Y,2898708584,9.662361946666667
457,41,Y,2888027880,9.6267596
27,1,N,2884989488,9.616631626666667
600,59,Y,2871840640,9.572802133333333
299,21,Y,2871675504,9.57225168
12,19,N,2869139429,9.563798096666666
511,47,Y,2856316400,9.521054666666668
109,103,N,2855813136,9.51937712
237,13,Y,2838226152,9.460753839999999
55,8,N,2812629752,9.375432506666668
801,84,Y,2810763328,9.369211093333334
791,82,Y,2806807505,9.356025016666667
68,90,N,2803703792,9.345679306666668
74,87,N,2803531032,9.345103439999999
36,19,N,2800295088,9.334316959999999
162,4,Y,2794171056,9.31390352
503,46,Y,2791224312,9.30408104
53,44,N,2788079104,9.293597013333335
58,43,N,2785852528,9.286175093333334
404,34,Y,2784049688,9.280165626666667
813,85,Y,2752851336,9.17617112
182,6,Y,2745947400,9.153158
904,97,Y,2739274911,9.13091637
40,21,N,2730628936,9.102096453333333
1056,116,Y,2729091168,9.09697056
784,82,Y,2723820480,9.0794016
98,97,N,2712824808,9.04274936
81,106,N,2711049936,9.03683312
970,105,Y,2709746424,9.032488079999998
179,6,Y,2692417446,8.97472482
380,31,Y,2685036584,8.950121946666666
47,100,N,2683811584,8.946038613333334
110,112,N,2670889565,8.902965216666667
539,51,Y,2670415288,8.901384293333333
1139,126,Y,2670216197,8.900720656666666
306,22,Y,2664844400,8.882814666666667
109,118,N,2652397904,8.841326346666667
880,94,Y,2645246528,8.817488426666667
75,37,N,2641094488,8.803648293333332
96,43,N,2639919936,8.79973312
755,78,Y,2639654888,8.798849626666666
63,93,N,2636563584,8.78854528
1063,116,Y,2635808096,8.786026986666666
910,97,Y,2631878195,8.772927316666665
68,104,N,2629091048,8.763636826666668
760,79,Y,2619217728,8.730725759999999
224,12,Y,2610021816,8.70007272
489,45,Y,2608643240,8.695477466666667
883,94,Y,2607837120,8.6927904
250,15,Y,2606843318,8.689477726666667
208,10,Y,2602535040,8.6751168
37,75,N,2594333269,8.647777563333333
1045,114,Y,2588188008,8.627293360000001
415,35,Y,2587632632,8.625442106666666
501,46,Y,2585067240,8.6168908
1105,122,Y,2583408528,8.61136176
0,14,N,2580537467,8.601791556666667
971,105,Y,2576282872,8.587609573333333
34,64,N,2560727240,8.535757466666666
303,21,Y,2559865232,8.532884106666666
1138,126,Y,2554476480,8.5149216
21,39,N,2552541584,8.508471946666667
33,11,N,2551590368,8.505301226666667
1046,114,Y,2548601360,8.495337866666667
356,28,Y,2543009488,8.476698293333333
85,100,N,2536263408,8.45421136
16,19,N,2535585904,8.451953013333334
388,32,Y,2534194064,8.447313546666667
759,78,Y,2529924272,8.433080906666666
936,101,Y,2527945438,8.426484793333334
1140,126,Y,2522123697,8.40707899
522,49,Y,2519792744,8.399309146666667
341,26,Y,2518903120,8.396343733333334
113,89,N,2513641184,8.378803946666666
147,2,Y,2512863480,8.3762116
1023,111,Y,2508382577,8.361275256666667
413,35,Y,2503829720,8.346099066666666
115,112,N,2499383232,8.33127744
490,45,Y,2484656016,8.28218672
70,62,N,2482263344,8.274211146666667
938,101,Y,2477107296,8.257024320000001
87,74,N,2476688080,8.255626933333334
866,92,Y,2475030472,8.250101573333334
174,5,Y,2468575456,8.228584853333333
227,12,Y,2467893320,8.226311066666666
783,81,Y,2465256920,8.217523066666667
699,71,Y,2459934720,8.1997824
57,75,N,2456512184,8.188373946666665
1058,116,Y,2455339728,8.18446576
234,13,Y,2454780000,8.182599999999999
573,55,Y,2453050776,8.17683592
1141,126,Y,2447353440,8.1578448
778,81,Y,2441514960,8.1383832
419,36,Y,2431626112,8.105420373333333
127,80,N,2425965616,8.086552053333333
618,61,Y,2425493384,8.084977946666665
561,54,Y,2418886392,8.062954640000001
930,100,Y,2414311960,8.047706533333333
765,79,Y,2407382312,8.024607706666668
215,10,Y,2400421896,8.00140632
317,23,Y,2395663200,7.985544
18,50,N,2388291712,7.960972373333333
56,3,N,2388037056,7.96012352
160,4,Y,2386847326,7.956157753333333
93,63,N,2386292200,7.954307333333334
409,35,Y,2381289120,7.9376304
1107,122,Y,2380513824,7.935046079999999
19,16,N,2380377384,7.93459128
767,79,Y,2379934288,7.933114293333333
861,91,Y,2378133560,7.9271118666666665
756,78,Y,2373188945,7.910629816666667
1093,120,Y,2371529680,7.905098933333334
337,26,Y,2363994888,7.8799829599999995
857,91,Y,2361848240,7.872827466666667
406,34,Y,2359240096,7.864133653333333
17,20,N,2357948872,7.859829573333334
378,31,Y,2344049448,7.81349816
758,78,Y,2341189112,7.803963706666667
776,81,Y,2337107256,7.790357520000001
11,33,N,2331228576,7.770761919999999
229,12,Y,2327339048,7.7577968266666675
873,93,Y,2325490688,7.751635626666667
766,79,Y,2324148080,7.747160266666667
652,65,Y,2321383920,7.737946399999999
488,45,Y,2319015296,7.730050986666667
45,36,N,2318169640,7.727232133333334
99,57,N,2317369416,7.72456472
1070,117,Y,2315487360,7.7182912
207,9,Y,2314171776,7.71390592
793,83,Y,2313717608,7.7123920266666675
155,3,Y,2312378416,7.707928053333333
686,69,Y,2312241688,7.707472293333334
860,91,Y,2311183976,7.703946586666667
575,55,Y,2310460408,7.701534693333334
42,55,N,2307140509,7.690468363333333
1120,124,Y,2306232200,7.687440666666667
687,69,Y,2302760864,7.675869546666666
898,96,Y,2300855792,7.6695193066666665
358,28,Y,2299603396,7.665344653333333
445,39,Y,2297434712,7.658115706666667
73,63,N,2296791776,7.655972586666667
77,80,N,2293408704,7.644695679999999
527,49,Y,2285952248,7.619840826666667
273,18,Y,2285841168,7.61947056
316,23,Y,2285329416,7.61776472
542,51,Y,2284609280,7.615364266666666
1104,122,Y,2280909600,7.603032
34,69,N,2280048952,7.600163173333334
739,76,Y,2276733104,7.589110346666667
837,88,Y,2276551664,7.588505546666667
680,69,Y,2273347136,7.5778237866666665
255,15,Y,2272463659,7.574878863333333
251,15,Y,2272021920,7.5734064000000005
1082,119,Y,2268840560,7.562801866666667
209,10,Y,2268247913,7.560826376666667
64,34,N,2268014784,7.56004928
682,69,Y,2267245160,7.557483866666667
302,21,Y,2264826968,7.549423226666667
822,86,Y,2263881848,7.546272826666667
104,95,N,2262949536,7.54316512
1,27,N,2258799328,7.529331093333333
601,59,Y,2258158400,7.527194666666667
1096,121,Y,2256748800,7.522495999999999
665,67,Y,2252465832,7.5082194399999995
318,23,Y,2250650400,7.502167999999999
913,98,Y,2245256520,7.4841884
603,59,Y,2242362664,7.474542213333334
855,90,Y,2241962736,7.47320912
689,70,Y,2233711830,7.445706100000001
54,56,N,2232950344,7.443167813333333
210,10,Y,2228450160,7.428167200000001
953,103,Y,2227175456,7.423918186666667
520,49,Y,2218011632,7.393372106666667
384,32,Y,2216072408,7.386908026666666
997,108,Y,2210951008,7.369836693333333
1116,123,Y,2207687984,7.358959946666667
1130,125,Y,2200597440,7.3353247999999995
885,94,Y,2199317056,7.331056853333333
107,70,N,2198217320,7.327391066666666
977,106,Y,2197251933,7.32417311
833,88,Y,2194393168,7.314643893333334
683,69,Y,2193953944,7.313179813333333
1004,109,Y,2193744872,7.312482906666666
712,73,Y,2193063848,7.310212826666667
214,10,Y,2183074768,7.276915893333332
570,55,Y,2182780320,7.275934400000001
741,76,Y,2181646501,7.272155003333333
44,69,N,2178372240,7.2612408
796,83,Y,2176375024,7.254583413333333
567,54,Y,2173958048,7.246526826666666
410,35,Y,2172013720,7.240045733333334
751,77,Y,2166074192,7.220247306666666
538,51,Y,2162580280,7.208600933333334
666,67,Y,2162254120,7.207513733333333
753,78,Y,2161779136,7.205930453333333
536,51,Y,2161283000,7.204276666666666
532,50,Y,2160191432,7.200638106666666
195,8,Y,2158809064,7.196030213333334
877,93,Y,2154238856,7.180796186666667
190,7,Y,2153234672,7.177448906666667
886,94,Y,2149348800,7.164496
1044,114,Y,2146774760,7.155915866666667
616,61,Y,2146357624,7.154525413333333
90,99,N,2145056448,7.15018816
1122,124,Y,2142833224,7.142777413333333
587,57,Y,2140820758,7.136069193333333
51,8,N,2135916248,7.119720826666668
386,32,Y,2134178400,7.113928
105,118,N,2132162768,7.107209226666667
1150,127,Y,2128529453,7.095098176666667
256,16,Y,2126760928,7.089203093333333
113,70,N,2126484504,7.08828168
902,96,Y,2120515776,7.068385920000001
1000,109,Y,2120110416,7.06703472
116,78,N,2116237400,7.054124666666667
802,84,Y,2112688384,7.042294613333333
717,73,Y,2112625544,7.042085146666667
768,80,Y,2110234152,7.03411384
300,21,Y,2107072840,7.023576133333333
226,12,Y,2106074973,7.0202499099999995
276,18,Y,2105820840,7.019402800000001
718,73,Y,2103777448,7.012591493333334
1057,116,Y,2103059112,7.01019704
436,38,Y,2096564575,6.988548583333333
52,57,N,2095063064,6.983543546666667
995,108,Y,2093584840,6.978616133333333
566,54,Y,2093239488,6.97746496
838,88,Y,2091736128,6.97245376
915,98,Y,2091576648,6.971922160000001
1087,119,Y,2086934040,6.9564468
748,77,Y,2085327840,6.9510928
253,15,Y,2081549280,6.9384976
1014,110,Y,2081434704,6.938115679999999
1136,126,Y,2081074987,6.9369166233333335
621,61,Y,2080212656,6.934042186666667
248,15,Y,2077238880,6.9241296
483,44,Y,2073749224,6.912497413333334
1043,114,Y,2072755392,6.90918464
326,24,Y,2071077680,6.903592266666666
499,46,Y,2064288432,6.88096144
812,85,Y,2064195288,6.88065096
383,31,Y,2062049352,6.87349784
565,54,Y,2061427472,6.871424906666666
785,82,Y,2058561040,6.861870133333333
217,11,Y,2058292072,6.860973573333333
347,27,Y,2058240992,6.860803306666667
444,39,Y,2056065096,6.85355032
685,69,Y,2054131424,6.847104746666667
890,95,Y,2051106376,6.837021253333334
625,62,Y,2050242424,6.834141413333334
505,47,Y,2048730928,6.829103093333333
25,72,N,2048642352,6.82880784
1135,125,Y,2044898880,6.8163295999999995
824,87,Y,2044735389,6.8157846300000005
252,15,Y,2044316160,6.8143872
990,107,Y,2043622192,6.812073973333334
1015,110,Y,2043268128,6.81089376
764,79,Y,2043046288,6.8101542933333326
1078,118,Y,2041134328,6.803781093333333
1089,120,Y,2039106648,6.797022160000001
787,82,Y,2037832416,6.79277472
389,32,Y,2033574936,6.7785831199999995
446,39,Y,2032319160,6.7743972
421,36,Y,2031066112,6.770220373333332
20,62,N,2030366256,6.76788752
112,75,N,2030129080,6.767096933333333
576,56,Y,2029476184,6.7649206133333335
1099,121,Y,2020988560,6.736628533333333
839,88,Y,2018793542,6.729311806666667
715,73,Y,2015290784,6.717635946666666
197,8,Y,2014762456,6.715874853333334
876,93,Y,2013679400,6.712264666666666
516,48,Y,2012512644,6.708375480000001
843,89,Y,2012132968,6.7071098933333335
963,104,Y,2008059768,6.6935325599999995
943,101,Y,2007311064,6.6910368799999995
526,49,Y,2003826704,6.679422346666667
172,5,Y,2003557504,6.678525013333333
47,39,N,2003372368,6.677907893333333
399,33,Y,1999908768,6.66636256
493,45,Y,1997267360,6.657557866666666
62,70,N,1994953200,6.649844000000001
1148,127,Y,1994803848,6.6493461599999995
213,10,Y,1991892138,6.63964046
878,93,Y,1990760232,6.63586744
604,59,Y,1987445008,6.624816693333334
339,26,Y,1984289080,6.614296933333333
230,12,Y,1980996488,6.603321626666666
96,62,N,1978283240,6.594277466666666
177,6,Y,1977292032,6.59097344
400,34,Y,1976539040,6.588463466666666
810,85,Y,1975518920,6.585063066666668
992,108,Y,1966699136,6.555663786666667
795,83,Y,1966349952,6.55449984
989,107,Y,1964208256,6.547360853333334
221,11,Y,1963304640,6.5443488
231,12,Y,1960667384,6.535557946666666
233,13,Y,1959305760,6.5310192
509,47,Y,1957413000,6.524710000000001
442,39,Y,1956156328,6.520521093333333
168,5,Y,1955730848,6.519102826666668
508,47,Y,1954964936,6.516549786666667
228,12,Y,1954631944,6.515439813333333
343,26,Y,1951637792,6.505459306666666
474,43,Y,1946520592,6.488401973333334
780,81,Y,1945751304,6.48583768
187,7,Y,1944538792,6.481795973333333
887,94,Y,1942249520,6.474165066666666
781,81,Y,1940557056,6.46852352
104,68,N,1940122648,6.467075493333334
262,16,Y,1937196384,6.45732128
794,83,Y,1936764512,6.455881706666666
706,72,Y,1936745216,6.455817386666666
736,76,Y,1936471960,6.454906533333333
742,76,Y,1934960744,6.449869146666666
205,9,Y,1933030560,6.4434352
280,19,Y,1932342136,6.4411404533333325
937,101,Y,1931254184,6.437513946666666
60,63,N,1929116504,6.430388346666667
287,19,Y,1927384888,6.424616293333334
495,45,Y,1927159806,6.42386602
617,61,Y,1924673714,6.415579046666667
82,117,N,1924429496,6.414764986666667
882,94,Y,1924249924,6.414166413333334
939,101,Y,1923934616,6.413115386666666
164,4,Y,1923319200,6.411064
1067,117,Y,1923249120,6.4108304
1083,119,Y,1921257584,6.404191946666667
1017,111,Y,1920000848,6.400002826666666
667,67,Y,1919945928,6.39981976
491,45,Y,1919660816,6.398869386666667
998,108,Y,1918672616,6.395575386666668
797,83,Y,1917233776,6.390779253333332
74,43,N,1915976760,6.3865891999999995
477,43,Y,1915545384,6.38515128
1013,110,Y,1914468248,6.381560826666667
654,65,Y,1913158476,6.37719492
159,3,Y,1912337069,6.374456896666667
1106,122,Y,1911880320,6.372934399999999
1128,125,Y,1910748480,6.369161600000001
13,4,N,1904799508,6.349331693333333
118,109,N,1903799008,6.345996693333333
541,51,Y,1902244680,6.340815599999999
459,41,Y,1900629816,6.33543272
171,5,Y,1899966328,6.333221093333333
411,35,Y,1898854048,6.329513493333333
348,27,Y,1898350208,6.327834026666666
950,102,Y,1895457333,6.31819111
294,20,Y,1895226156,6.31742052
392,33,Y,1895161920,6.3172064
103,75,N,1894816872,6.316056239999999
1121,124,Y,1893435680,6.3114522666666675
332,25,Y,1893069496,6.310231653333333
1075,118,Y,1892795232,6.309317439999999
259,16,Y,1890431120,6.301437066666667
469,42,Y,1890089320,6.300297733333333
875,93,Y,1889880776,6.2996025866666665
738,76,Y,1887649407,6.29216469
540,51,Y,1885154272,6.2838475733333325
109,56,N,1884004248,6.2800141599999995
629,62,Y,1883869304,6.279564346666666
695,70,Y,1883759392,6.279197973333334
534,50,Y,1882551864,6.27517288
707,72,Y,1881221496,6.2707383199999995
816,86,Y,1880717172,6.26905724
1026,112,Y,1879177576,6.2639252533333325
774,80,Y,1878613952,6.2620465066666675
325,24,Y,1877563984,6.258546613333333
188,7,Y,1877210808,6.257369359999999
856,91,Y,1876216592,6.254055306666667
418,36,Y,1875779040,6.2525968
420,36,Y,1870556560,6.235188533333334
559,53,Y,1867036672,6.223455573333333
979,106,Y,1866059785,6.220199283333333
710,72,Y,1864122208,6.2137406933333335
479,43,Y,1863824056,6.212746853333333
1110,122,Y,1862276008,6.207586693333333
602,59,Y,1860862968,6.20287656
577,56,Y,1860426568,6.201421893333333
921,99,Y,1859476960,6.198256533333334
114,110,N,1856964400,6.189881333333333
745,77,Y,1856255280,6.1875176
1145,127,Y,1853557840,6.1785261333333334
840,89,Y,1851520288,6.1717342933333335
865,92,Y,1851501664,6.171672213333333
175,5,Y,1849585912,6.165286373333333
203,9,Y,1847837152,6.159457173333333
664,67,Y,1843639792,6.145465973333334
468,42,Y,1842958504,6.143195013333334
163,4,Y,1842874375,6.142914583333333
1090,120,Y,1839684560,6.132281866666666
363,29,Y,1832974560,6.1099152
1041,114,Y,1832337840,6.1077927999999995
123,74,N,1831954600,6.106515333333333
143,1,Y,1831464624,6.10488208
466,42,Y,1827859592,6.092865306666666
615,60,Y,1826783792,6.089279306666667
569,55,Y,1825220152,6.084067173333333
178,6,Y,1824281336,6.0809377866666665
504,47,Y,1823780920,6.079269733333334
702,71,Y,1821034560,6.0701152
684,69,Y,1820379944,6.067933146666666
1147,127,Y,1819429560,6.0647652
829,87,Y,1815481120,6.051603733333334
165,4,Y,1815120048,6.050400160000001
1047,114,Y,1814790944,6.0493031466666665
1132,125,Y,1814056800,6.046856
846,89,Y,1812359040,6.041196800000001
145,2,Y,1811495520,6.0383184
818,86,Y,1811468528,6.038228426666667
946,102,Y,1811304872,6.037682906666666
803,84,Y,1811129600,6.037098666666667
607,59,Y,1808608224,6.02869408
366,29,Y,1807947072,6.02649024
285,19,Y,1807510600,6.025035333333333
1036,113,Y,1806828168,6.02276056
1062,116,Y,1806066752,6.020222506666666
236,13,Y,1803769440,6.0125648
951,102,Y,1802756648,6.009188826666667
129,0,Y,1801501048,6.005003493333334
918,98,Y,1800619416,6.00206472
619,61,Y,1798943807,5.996479356666667
688,70,Y,1797579352,5.991931173333334
497,46,Y,1797498696,5.99166232
962,104,Y,1794688088,5.982293626666666
884,94,Y,1794149280,5.9804976000000005
1084,119,Y,1790745104,5.969150346666666
817,86,Y,1787424352,5.958081173333333
870,92,Y,1786318656,5.95439552
549,52,Y,1786078120,5.953593733333333
529,50,Y,1785647392,5.952157973333334
1098,121,Y,1785618960,5.9520631999999996
275,18,Y,1785370136,5.951233786666667
1020,111,Y,1783227056,5.944090186666666
1118,123,Y,1782342352,5.9411411733333335
132,0,Y,1780041880,5.933472933333333
533,50,Y,1777359840,5.9245328
417,36,Y,1776073832,5.920246106666667
46,93,N,1775449288,5.918164293333334
698,71,Y,1773998880,5.9133296
669,67,Y,1772545024,5.908483413333333
911,97,Y,1772075512,5.906918373333333
608,60,Y,1770750928,5.902503093333333
494,45,Y,1769444224,5.898147413333334
762,79,Y,1768342696,5.894475653333334
940,101,Y,1766077320,5.8869244
372,30,Y,1765328320,5.884427733333333
881,94,Y,1765149120,5.8838304
266,17,Y,1763767088,5.879223626666667
360,29,Y,1763080800,5.876936
480,44,Y,1762635704,5.875452346666667
830,87,Y,1760322544,5.867741813333334
814,85,Y,1756438576,5.854795253333334
478,43,Y,1753296527,5.844321756666666
355,28,Y,1750766680,5.835888933333333
438,38,Y,1747865416,5.826218053333333
338,26,Y,1747213776,5.82404592
653,65,Y,1747211112,5.824037039999999
439,38,Y,1746729848,5.822432826666667
544,52,Y,1746200447,5.820668156666667
670,67,Y,1745030984,5.816769946666667
772,80,Y,1743941088,5.8131369600000005
694,70,Y,1742501136,5.80833712
235,13,Y,1742458288,5.808194293333333
89,113,N,1735854704,5.786182346666666
373,30,Y,1735849192,5.786163973333333
460,41,Y,1735137992,5.7837933066666665
598,58,Y,1735091596,5.783638653333333
553,53,Y,1734002744,5.780009146666667
808,85,Y,1732810960,5.7760365333333334
986,107,Y,1732046062,5.773486873333333
1010,110,Y,1729777696,5.765925653333333
286,19,Y,1728022600,5.760075333333333
517,48,Y,1727916488,5.759721626666667
701,71,Y,1727037120,5.7567904
1002,109,Y,1726263112,5.754210373333334
912,98,Y,1725480368,5.751601226666667
726,74,Y,1725217640,5.750725466666666
513,48,Y,1723865480,5.746218266666666
807,84,Y,1720790704,5.735969013333333
543,51,Y,1720304504,5.734348346666667
1127,124,Y,1719101015,5.730336716666667
1081,119,Y,1718548552,5.728495173333333
232,13,Y,1717029456,5.72343152
496,46,Y,1716338616,5.72112872
983,106,Y,1716138984,5.720463280000001
551,52,Y,1712886952,5.709623173333334
451,40,Y,1712146816,5.707156053333334
740,76,Y,1711236336,5.70412112
610,60,Y,1711199216,5.703997386666667
978,106,Y,1710188016,5.70062672
550,52,Y,1710117856,5.700392853333333
851,90,Y,1709052960,5.6968432
430,37,Y,1707186240,5.6906208
423,36,Y,1702659416,5.675531386666666
371,30,Y,1700532832,5.668442773333333
981,106,Y,1699096192,5.663653973333333
747,77,Y,1698502968,5.66167656
874,93,Y,1697939328,5.65979776
842,89,Y,1697766544,5.659221813333333
1048,115,Y,1692052032,5.64017344
1131,125,Y,1688703764,5.629012546666667
245,14,Y,1688112776,5.627042586666667
692,70,Y,1687153984,5.623846613333333
428,37,Y,1685763368,5.619211226666667
1006,109,Y,1685752024,5.619173413333333
530,50,Y,1685559506,5.618531686666667
450,40,Y,1683980744,5.613269146666667
41,83,N,1683961208,5.613204026666667
891,95,Y,1683349744,5.611165813333333
365,29,Y,1682542560,5.6084752
560,54,Y,1682047480,5.606824933333334
676,68,Y,1681784632,5.605948773333334
261,16,Y,1681348152,5.60449384
1065,117,Y,1679729280,5.5990975999999995
1101,121,Y,1679111456,5.5970381866666665
434,38,Y,1673693693,5.578978976666667
1030,112,Y,1673370392,5.577901306666667
969,105,Y,1673093696,5.576978986666667
498,46,Y,1672170472,5.573901573333333
908,97,Y,1670844424,5.5694814133333335
1011,110,Y,1669272760,5.564242533333333
296,21,Y,1668815136,5.56271712
3,56,N,1668243760,5.560812533333333
1012,110,Y,1668137312,5.560457706666667
1143,126,Y,1667881920,5.5596064
345,27,Y,1667738424,5.55912808
102,86,N,1666165872,5.55388624
744,77,Y,1665785820,5.5526194
5,16,N,1662992024,5.543306746666667
382,31,Y,1661971520,5.539905066666666
914,98,Y,1661248728,5.53749576
144,2,Y,1659789525,5.53263175
1033,113,Y,1659678232,5.532260773333333
720,74,Y,1658951704,5.5298390133333335
554,53,Y,1658778464,5.529261546666667
609,60,Y,1658463328,5.528211093333334
750,77,Y,1655859970,5.519533233333333
642,64,Y,1655753624,5.519178746666667
307,22,Y,1654601464,5.515338213333333
805,84,Y,1654194536,5.513981786666667
473,43,Y,1653743600,5.5124786666666665
176,6,Y,1653641112,5.51213704
1009,110,Y,1651916776,5.506389253333333
333,25,Y,1651480792,5.504935973333333
180,6,Y,1651051360,5.5035045333333334
138,1,Y,1650987688,5.503292293333333
48,63,N,1650423072,5.50141024
811,85,Y,1648934624,5.496448746666667
1124,124,Y,1648331984,5.494439946666667
640,64,Y,1647720904,5.492403013333334
470,42,Y,1647011256,5.49003752
462,41,Y,1645311264,5.48437088
238,13,Y,1645287936,5.48429312
139,1,Y,1643221912,5.477406373333333
186,7,Y,1642878888,5.47626296
671,67,Y,1639741608,5.46580536
130,0,Y,1638522872,5.461742906666666
323,24,Y,1638451680,5.461505600000001
1024,112,Y,1638432680,5.461442266666667
985,107,Y,1638037640,5.460125466666667
895,95,Y,1637995896,5.4599863200000005
763,79,Y,1636028024,5.453426746666667
614,60,Y,1634722912,5.449076373333334
198,8,Y,1634383717,5.4479457233333335
713,73,Y,1633948824,5.446496079999999
964,104,Y,1631899392,5.43966464
311,22,Y,1631805232,5.4393507733333335
361,29,Y,1628085600,5.426952
258,16,Y,1626291736,5.420972453333333
531,50,Y,1624091312,5.413637706666666
987,107,Y,1623843376,5.4128112533333335
703,71,Y,1623552960,5.4118432
1076,118,Y,1619093016,5.39697672
823,86,Y,1618143720,5.3938124
858,91,Y,1617869528,5.392898426666667
14,68,N,1617842776,5.392809253333334
721,74,Y,1615903912,5.386346373333333
437,38,Y,1613724016,5.379080053333333
1054,115,Y,1612276832,5.3742561066666665
6,7,N,1612240168,5.374133893333333
304,22,Y,1612021480,5.373404933333333
443,39,Y,1611262129,5.370873763333334
926,99,Y,1609829088,5.36609696
1079,118,Y,1609530000,5.3651
441,39,Y,1608877696,5.362925653333334
612,60,Y,1608691792,5.362305973333333
196,8,Y,1605423672,5.35141224
1125,124,Y,1604806336,5.3493544533333335
1072,118,Y,1603986576,5.34662192
848,90,Y,1598038344,5.32679448
646,64,Y,1596856952,5.322856506666667
634,63,Y,1594827400,5.316091333333333
239,13,Y,1593272751,5.31090917
966,104,Y,1593214696,5.310715653333333
845,89,Y,1592626096,5.3087536533333335
749,77,Y,1591172496,5.303908320000001
867,92,Y,1590545048,5.301816826666666
191,7,Y,1589767928,5.299226426666666
949,102,Y,1588224792,5.29408264
263,16,Y,1588078752,5.29359584
1061,116,Y,1587422048,5.291406826666667
193,8,Y,1585276488,5.284254959999999
368,30,Y,1583323440,5.2777448
1129,125,Y,1581444960,5.2714832000000005
427,37,Y,1580633504,5.268778346666666
649,65,Y,1579485312,5.264951040000001
521,49,Y,1578395616,5.26131872
351,27,Y,1577885704,5.259619013333333
916,98,Y,1576574600,5.255248666666667
788,82,Y,1571016224,5.236720746666667
907,97,Y,1569870560,5.2329018666666665
1050,115,Y,1569017480,5.230058266666666
319,23,Y,1568640960,5.2288032
931,100,Y,1566339360,5.2211312
705,72,Y,1565228952,5.21742984
281,19,Y,1563769792,5.212565973333334
976,106,Y,1561669272,5.20556424
546,52,Y,1561516664,5.205055546666667
456,41,Y,1561107256,5.203690853333334
364,29,Y,1560290417,5.2009680566666665
868,92,Y,1559991752,5.199972506666667
367,29,Y,1559674560,5.1989152
628,62,Y,1558553876,5.195179586666667
340,26,Y,1558439984,5.194799946666667
678,68,Y,1557765744,5.19255248
790,82,Y,1557551499,5.19183833
708,72,Y,1557511008,5.19170336
622,61,Y,1554269800,5.180899333333333
1149,127,Y,1554033088,5.180110293333334
859,91,Y,1553609576,5.178698586666667
1003,109,Y,1553596040,5.178653466666667
482,44,Y,1552699672,5.175665573333333
592,58,Y,1552239872,5.174132906666666
476,43,Y,1550371832,5.167906106666666
173,5,Y,1549673400,5.165578
181,6,Y,1549275872,5.1642529066666665
135,0,Y,1546739448,5.15579816
1077,118,Y,1546373296,5.154577653333333
290,20,Y,1544312600,5.1477086666666665
734,75,Y,1544214736,5.147382453333333
282,19,Y,1541097256,5.136990853333334
980,106,Y,1539797888,5.132659626666667
254,15,Y,1539433869,5.13144623
639,63,Y,1537270784,5.1242359466666665
432,38,Y,1536083912,5.1202797066666665
1108,122,Y,1531974624,5.10658208
897,96,Y,1531854776,5.106182586666667
134,0,Y,1530451360,5.101504533333333
467,42,Y,1530186168,5.10062056
613,60,Y,1529614736,5.098715786666666
1019,111,Y,1529164304,5.097214346666667
401,34,Y,1527433888,5.091446293333333
289,20,Y,1526845584,5.08948528
648,65,Y,1526248928,5.087496426666667
461,41,Y,1524691776,5.08230592
831,87,Y,1524542056,5.081806853333334
141,1,Y,1521723824,5.072412746666666
149,2,Y,1521573966,5.07191322
202,9,Y,1521484280,5.071614266666667
1103,121,Y,1521228008,5.070760026666667
638,63,Y,1521211608,5.070705360000001
579,56,Y,1518862536,5.06287512
994,108,Y,1518636704,5.0621223466666665
199,8,Y,1517401488,5.05800496
331,25,Y,1517353432,5.057844773333333
582,56,Y,1517067536,5.056891786666666
324,24,Y,1513506112,5.045020373333333
825,87,Y,1512727528,5.042425093333333
660,66,Y,1512327729,5.04109243
558,53,Y,1512238288,5.040794293333333
435,38,Y,1511741792,5.039139306666667
894,95,Y,1508020760,5.026735866666667
799,83,Y,1505714664,5.019048880000001
737,76,Y,1505371632,5.01790544
1134,125,Y,1505080320,5.016934399999999
414,35,Y,1502989440,5.0099648
257,16,Y,1502841192,5.00947064
1092,120,Y,1500834008,5.002780026666667
1071,117,Y,1499932328,4.999774426666667
693,70,Y,1498666944,4.995556479999999
148,2,Y,1497965280,4.9932176
743,76,Y,1496665432,4.988884773333333
201,9,Y,1496573184,4.9885772799999994
507,47,Y,1495415264,4.984717546666666
321,24,Y,1494498833,4.981662776666667
835,88,Y,1492503096,4.97501032
310,22,Y,1486869216,4.956230720000001
1151,127,Y,1485761064,4.952536879999999
924,99,Y,1485510128,4.951700426666666
827,87,Y,1484696088,4.94898696
727,74,Y,1484616976,4.948723253333333
722,74,Y,1484429464,4.948098213333333
408,35,Y,1483623147,4.9454104899999995
864,92,Y,1482111200,4.9403706666666665
663,66,Y,1482061437,4.94020479
464,42,Y,1481625440,4.938751466666667
396,33,Y,1481040720,4.9368024
453,40,Y,1479803664,4.93267888
761,79,Y,1479681864,4.93227288
899,96,Y,1479530800,4.9317693333333334
709,72,Y,1477809440,4.926031466666666
1094,120,Y,1474053808,4.913512693333334
574,55,Y,1473991152,4.91330384
578,56,Y,1473649280,4.912164266666666
350,27,Y,1472861320,4.909537733333334
308,22,Y,1472108888,4.907029626666667
900,96,Y,1471768944,4.90589648
9,39,N,1471517680,4.905058933333333
284,19,Y,1471309864,4.904366213333333
471,42,Y,1469823496,4.899411653333333
1037,113,Y,1467750320,4.892501066666666
249,15,Y,1466969280,4.889897599999999
644,64,Y,1465907152,4.886357173333334
216,11,Y,1465330344,4.88443448
1144,127,Y,1462238512,4.874128373333334
691,70,Y,1461126064,4.870420213333333
379,31,Y,1460641160,4.868803866666667
798,83,Y,1460102520,4.8670084000000005
426,37,Y,1459526344,4.865087813333333
920,99,Y,1458670216,4.862234053333333
657,66,Y,1457728592,4.859095306666666
626,62,Y,1457548912,4.858496373333334
1022,111,Y,1457151328,4.857171093333333
972,105,Y,1456760160,4.8558672
901,96,Y,1456314499,4.854381663333333
167,4,Y,1453391040,4.8446368
1008,110,Y,1452930352,4.843101173333333
291,20,Y,1447150056,4.82383352
711,72,Y,1446744200,4.822480666666666
548,52,Y,1446649704,4.8221656799999995
819,86,Y,1445503664,4.8183455466666665
244,14,Y,1444329312,4.8144310400000006
828,87,Y,1440859200,4.802864
1007,109,Y,1440190968,4.80063656
327,24,Y,1439889912,4.79963304
183,6,Y,1439807968,4.7993598933333335
369,30,Y,1439642200,4.798807333333333
136,1,Y,1439144704,4.797149013333334
704,72,Y,1439005576,4.796685253333333
376,31,Y,1438435280,4.7947842666666665
1021,111,Y,1436361536,4.787871786666666
1049,115,Y,1436200544,4.787335146666667
956,103,Y,1434971944,4.783239813333333
1100,121,Y,1434274613,4.780915376666667
1095,120,Y,1433885440,4.779618133333333
746,77,Y,1430851120,4.769503733333334
779,81,Y,1429640080,4.765466933333333
375,30,Y,1429426704,4.7647556799999995
156,3,Y,1428760592,4.762535306666667
185,7,Y,1424945772,4.74981924
397,33,Y,1423893960,4.7463131999999995
1102,121,Y,1423527960,4.7450932
571,55,Y,1422596320,4.741987733333334
58,99,N,1420973408,4.736578026666667
690,70,Y,1420157944,4.733859813333333
564,54,Y,1419929824,4.733099413333333
999,108,Y,1419130672,4.730435573333333
312,23,Y,1418281920,4.7276064
218,11,Y,1417968144,4.72656048
189,7,Y,1417424728,4.724749093333333
879,93,Y,1414971776,4.716572586666667
957,103,Y,1414630596,4.71543532
658,66,Y,1412250432,4.70750144
405,34,Y,1408635208,4.695450693333333
804,84,Y,1408616288,4.695387626666666
246,14,Y,1408085344,4.693617813333333
524,49,Y,1407490536,4.69163512
1109,122,Y,1403795800,4.679319333333333
854,90,Y,1402059696,4.67353232
917,98,Y,1402010288,4.673367626666667
623,61,Y,1400049464,4.666831546666667
1097,121,Y,1399292376,4.66430792
422,36,Y,1398655680,4.6621856
821,86,Y,1397187648,4.65729216
847,89,Y,1396434280,4.654780933333334
357,28,Y,1396278856,4.654262853333333
586,57,Y,1395770424,4.65256808
512,48,Y,1395664961,4.652216536666667
192,8,Y,1395627624,4.65209208
944,102,Y,1395277624,4.650925413333333
871,92,Y,1393807576,4.646025253333334
314,23,Y,1393320480,4.6444016
100,106,N,1392834176,4.6427805866666665
200,9,Y,1392280944,4.64093648
637,63,Y,1391526088,4.638420293333334
322,24,Y,1391217392,4.637391306666667
485,44,Y,1389755392,4.632517973333333
948,102,Y,1388887632,4.62962544
1016,111,Y,1388531864,4.628439546666667
465,42,Y,1387969984,4.626566613333334
390,32,Y,1387380840,4.6246028
1091,120,Y,1387331048,4.624436826666667
1073,118,Y,1387191472,4.623971573333333
991,107,Y,1385029264,4.616764213333333
770,80,Y,1384784688,4.61594896
425,37,Y,1382506176,4.60835392
792,83,Y,1382034800,4.606782666666667
1074,118,Y,1381546320,4.6051544
650,65,Y,1380828480,4.6027616
274,18,Y,1378868520,4.5962284
1088,120,Y,1377412056,4.59137352
1035,113,Y,1376884828,4.589616093333333
954,103,Y,1374000865,4.580002883333333
589,57,Y,1373049496,4.5768316533333335
580,56,Y,1372766440,4.575888133333334
815,85,Y,1371998672,4.573328906666667
888,95,Y,1370828472,4.56942824
1053,115,Y,1370195376,4.56731792
283,19,Y,1369592456,4.565308186666667
487,44,Y,1366945624,4.556485413333333
769,80,Y,1365345504,4.55115168
1068,117,Y,1364763227,4.549210756666667
679,68,Y,1363070776,4.543569253333334
1133,125,Y,1362860640,4.5428688
403,34,Y,1359856056,4.53285352
927,99,Y,1358543360,4.528477866666666
961,104,Y,1357704856,4.5256828533333335
836,88,Y,1356274512,4.52091504
700,71,Y,1355447984,4.518159946666667
1042,114,Y,1354032016,4.513440053333333
733,75,Y,1354025136,4.513417120000001
309,22,Y,1353950864,4.513169546666667
636,63,Y,1353398224,4.511327413333333
301,21,Y,1351337448,4.50445816
1085,119,Y,1350746230,4.502487433333333
272,18,Y,1349031360,4.4967712
583,56,Y,1348012072,4.493373573333334
22,39,N,1346946448,4.489821493333333
158,3,Y,1345802592,4.48600864
1018,111,Y,1345292496,4.48430832
850,90,Y,1343809920,4.4793664
140,1,Y,1342969192,4.476563973333334
166,4,Y,1342854600,4.476182
632,63,Y,1342728824,4.475762746666667
153,3,Y,1341784198,4.472613993333333
472,43,Y,1341465376,4.471551253333334
732,75,Y,1337782424,4.459274746666667
934,100,Y,1336489464,4.45496488
385,32,Y,1336044024,4.45348008
982,106,Y,1335743160,4.4524772
955,103,Y,1335238928,4.450796426666667
535,50,Y,1333753168,4.445843893333333
377,31,Y,1333409024,4.444696746666667
661,66,Y,1329432488,4.4314416266666665
161,4,Y,1328184920,4.427283066666667
152,3,Y,1327660632,4.42553544
714,73,Y,1324928056,4.416426853333333
581,56,Y,1324913272,4.4163775733333335
834,88,Y,1323138024,4.41046008
681,69,Y,1320377944,4.401259813333333
416,36,Y,1319909400,4.399698
563,54,Y,1318908504,4.39636168
243,14,Y,1318823080,4.396076933333333
826,87,Y,1318578432,4.39526144
595,58,Y,1317869320,4.392897733333333
735,75,Y,1317793052,4.3926435066666665
547,52,Y,1315170520,4.383901733333333
556,53,Y,1313187552,4.37729184
519,48,Y,1312295736,4.37431912
313,23,Y,1310177760,4.3672592
659,66,Y,1309449872,4.364832906666667
329,25,Y,1307970896,4.3599029866666665
1028,112,Y,1306849752,4.35616584
941,101,Y,1305155608,4.350518693333334
475,43,Y,1301124608,4.337082026666667
731,75,Y,1299766976,4.332556586666667
305,22,Y,1298735376,4.32911792
1142,126,Y,1298644377,4.3288145899999995
502,46,Y,1298363064,4.32787688
137,1,Y,1297196472,4.32398824
1039,113,Y,1297002112,4.323340373333333
455,40,Y,1295143262,4.317144206666667
1111,122,Y,1294808160,4.3160272
1146,127,Y,1294527128,4.315090426666666
518,48,Y,1293727808,4.3124260266666665
298,21,Y,1292080136,4.306933786666667
448,40,Y,1291338350,4.304461166666667
719,73,Y,1286173824,4.28724608
643,64,Y,1286080384,4.286934613333333
1069,117,Y,1282409848,4.274699493333333
568,55,Y,1282263600,4.274212
782,81,Y,1280357864,4.267859546666666
806,84,Y,1279695128,4.265650426666666
349,27,Y,1278338200,4.2611273333333335
295,20,Y,1278299232,4.26099744
486,44,Y,1278175832,4.260586106666667
862,91,Y,1276023256,4.253410853333333
398,33,Y,1275974376,4.25324792
771,80,Y,1275514520,4.251715066666667
1119,123,Y,1274639944,4.248799813333334
184,7,Y,1273946424,4.24648808
395,33,Y,1273661152,4.245537173333333
773,80,Y,1272037608,4.24012536
958,103,Y,1269900672,4.23300224
696,71,Y,1267296000,4.2243200000000005
716,73,Y,1266303104,4.221010346666667
1029,112,Y,1263308560,4.211028533333333
620,61,Y,1262339248,4.2077974933333335
412,35,Y,1261814760,4.2060492
923,99,Y,1260644048,4.202146826666667
150,2,Y,1256621344,4.188737813333334
440,39,Y,1256478937,4.188263123333334
67,72,N,1255908888,4.18636296
673,68,Y,1254965256,4.18321752
1055,115,Y,1253928928,4.179763093333333
514,48,Y,1253259416,4.177531386666667
142,1,Y,1252198176,4.17399392
724,74,Y,1249743352,4.165811173333333
206,9,Y,1244226808,4.147422693333333
1080,119,Y,1239547256,4.131824186666667
996,108,Y,1239102192,4.13034064
555,53,Y,1237173424,4.123911413333333
1137,126,Y,1237172160,4.1239072000000006
730,75,Y,1236026296,4.120087653333333
447,39,Y,1234307176,4.114357253333333
757,78,Y,1233501520,4.111671733333333
942,101,Y,1232246064,4.10748688
352,28,Y,1230891344,4.1029711466666665
151,2,Y,1230814560,4.1027152
242,14,Y,1229281416,4.09760472
1051,115,Y,1228421976,4.094739919999999
267,17,Y,1223287680,4.077625599999999
1123,124,Y,1222248304,4.074161013333334
593,58,Y,1221327000,4.07109
270,17,Y,1221146960,4.070489866666667
552,53,Y,1218574640,4.061915466666666
484,44,Y,1218452096,4.061506986666666
1126,124,Y,1218157824,4.06052608
170,5,Y,1214819912,4.049399706666667
265,17,Y,1213313576,4.044378586666666
872,93,Y,1212478632,4.04159544
268,17,Y,1211849184,4.03949728
169,5,Y,1211152416,4.03717472
630,62,Y,1210874424,4.03624808
674,68,Y,1210286914,4.034289713333333
194,8,Y,1209823984,4.032746613333334
429,37,Y,1208878952,4.029596506666667
146,2,Y,1207161589,4.023871963333334
655,65,Y,1207086696,4.023622319999999
952,103,Y,1205807560,4.019358533333333
668,67,Y,1204998768,4.016662559999999
391,32,Y,1204179872,4.013932906666667
809,85,Y,1199822664,3.9994088800000003
849,90,Y,1199074256,3.996914186666667
271,17,Y,1197023072,3.990076906666667
893,95,Y,1196436392,3.9881213066666663
1025,112,Y,1195936640,3.986455466666667
584,57,Y,1191352184,3.9711739466666667
775,80,Y,1187730640,3.959102133333333
510,47,Y,1187100856,3.9570028533333335
852,90,Y,1181484696,3.93828232
328,25,Y,1178882720,3.9296090666666665
315,23,Y,1177185120,3.9239504000000003
590,57,Y,1174742804,3.915809346666667
777,81,Y,1174119736,3.913732453333333
431,37,Y,1173397040,3.911323466666667
645,64,Y,1170520744,3.901735813333333
260,16,Y,1169313104,3.897710346666667
1034,113,Y,1169053752,3.89684584
863,91,Y,1168087480,3.8936249333333333
599,58,Y,1167794496,3.89264832
506,47,Y,1162978200,3.876594
204,9,Y,1161742232,3.8724741066666666
675,68,Y,1157984544,3.85994848
932,100,Y,1155247816,3.850826053333333
725,74,Y,1154710536,3.8490351200000004
537,51,Y,1154501424,3.84833808
1031,112,Y,1154490672,3.8483022399999998
1086,119,Y,1153863184,3.846210613333333
212,10,Y,1153707840,3.8456928
889,95,Y,1153701696,3.8456723200000003
947,102,Y,1152525200,3.8417506666666665
407,34,Y,1150133405,3.833778016666667
832,88,Y,1146025336,3.820084453333333
223,11,Y,1144882360,3.816274533333333
896,96,Y,1143503624,3.811678746666667
370,30,Y,1141672912,3.805576373333333
264,17,Y,1140528480,3.8017616
1027,112,Y,1137264632,3.790882106666667
945,102,Y,1136342608,3.787808693333333
293,20,Y,1131841848,3.77280616
697,71,Y,1131533760,3.7717792
1052,115,Y,1129683600,3.765612
279,18,Y,1129301754,3.7643391800000003
241,14,Y,1128609480,3.7620316000000003
662,66,Y,1122917592,3.74305864
935,100,Y,1122823536,3.7427451200000004
627,62,Y,1122261960,3.7408732000000002
402,34,Y,1119012512,3.730041706666667
133,0,Y,1115033360,3.7167778666666664
929,100,Y,1111751024,3.7058367466666664
334,25,Y,1109964288,3.69988096
585,57,Y,1104937840,3.683126133333333
157,3,Y,1101929392,3.6730979733333333
786,82,Y,1099881320,3.666271066666667
905,97,Y,1098810552,3.6627018400000004
800,84,Y,1097652832,3.6588427733333333
247,14,Y,1097478066,3.6582602200000003
1064,117,Y,1094928000,3.6497599999999997
919,98,Y,1093022704,3.6434090133333332
500,46,Y,1092031368,3.64010456
572,55,Y,1091565608,3.6385520266666664
1032,113,Y,1088234080,3.6274469333333337
449,40,Y,1084823520,3.6160784
278,18,Y,1082950720,3.609835733333333
374,30,Y,1080798792,3.6026626399999997
853,90,Y,1079880696,3.59960232
269,17,Y,1075350116,3.584500386666667
354,28,Y,1073788520,3.5792950666666665
454,40,Y,1072355192,3.5745173066666664
656,66,Y,1072070088,3.57356696
651,65,Y,1071937496,3.573124986666667
993,108,Y,1070762896,3.5692096533333335
297,21,Y,1070266672,3.5675555733333337
633,63,Y,1069227552,3.5640918399999997
362,29,Y,1066891200,3.556304
463,41,Y,1066585024,3.5552834133333335
647,64,Y,1066185984,3.5539532800000004
611,60,Y,1062966016,3.543220053333333
960,104,Y,1061845272,3.53948424
458,41,Y,1056015336,3.5200511199999998
820,86,Y,1051374528,3.50458176
288,20,Y,1049028600,3.496762
596,58,Y,1047803768,3.4926792266666666
631,62,Y,1044473120,3.481577066666667
1117,123,Y,1043144232,3.4771474400000004
1005,109,Y,1037185296,3.4572843200000003
492,45,Y,1033800904,3.4460030133333333
906,97,Y,1033413304,3.4447110133333334
359,28,Y,1031900208,3.4396673599999996
903,96,Y,1031133920,3.4371130666666665
729,75,Y,1026474608,3.421582026666667
320,24,Y,1026374472,3.42124824
515,48,Y,1025035168,3.416783893333333
988,107,Y,1023713504,3.412378346666667
394,33,Y,1023652248,3.4121741599999997
967,104,Y,1021312360,3.4043745333333333
330,25,Y,1018847352,3.39615784
641,64,Y,1018692400,3.3956413333333333
841,89,Y,1015881800,3.3862726666666667
597,58,Y,1013113984,3.3770466133333334
481,44,Y,1012779272,3.3759309066666665
1001,109,Y,1012768528,3.375895093333333
225,12,Y,1007393520,3.3579784000000004
277,18,Y,1001164800,3.3372159999999997
959,103,Y,1000104448,3.333681493333333
588,57,Y,999129392,3.3304313066666666
925,99,Y,997154888,3.3238496266666666
844,89,Y,997151032,3.323836773333334
131,0,Y,990948880,3.303162933333333
335,25,Y,990216832,3.3007227733333333
222,11,Y,981466424,3.271554746666667
984,107,Y,973799008,3.2459966933333333
635,63,Y,968617184,3.2287239466666664
346,27,Y,964572480,3.2152416
1114,123,Y,957443656,3.1914788533333334
342,26,Y,957342496,3.191141653333333
353,28,Y,951452408,3.171508026666667
591,57,Y,946210888,3.1540362933333337
728,75,Y,945997832,3.1533261066666665
523,49,Y,942351184,3.1411706133333337
70,694,Y,942308008,3.1410266933333335
557,53,Y,937268440,3.1242281333333333
1066,117,Y,936939360,3.1231312
672,68,Y,936854464,3.122848213333333
624,62,Y,934439008,3.1147966933333335
525,49,Y,926983520,3.089945066666667
154,3,Y,925525776,3.08508592
1113,123,Y,922792112,3.075973706666667
240,14,Y,908739112,3.0291303733333335
95,889,Y,906320520,3.0210684000000003
292,20,Y,904741000,3.0158033333333334
594,58,Y,900693712,3.0023123733333335
393,33,Y,895783752,2.98594584
928,100,Y,877251200,2.9241706666666665
1112,123,Y,844686848,2.8156228266666665
677,68,Y,838503144,2.79501048
1038,113,Y,836720912,2.789069706666667
892,95,Y,829826472,2.7660882399999998
344,27,Y,825606576,2.7520219200000002
452,40,Y,816312465,2.7210415500000003
723,74,Y,811298902,2.7043296733333335
92,871,Y,799856440,2.6661881333333337
562,54,Y,797940561,2.65980187
933,100,Y,794851248,2.64950416
1115,123,Y,791415472,2.638051573333333
424,37,Y,762794056,2.5426468533333333
965,104,Y,741973536,2.47324512
38,432,Y,621826008,2.07275336
120,1093,Y,610620152,2.0354005066666665
120,1089,Y,598009320,1.9933644
922,99,Y,559659832,1.8655327733333333
120,1091,Y,495933160,1.6531105333333334
127,1148,Y,433646008,1.4454866933333332
111,1018,Y,418920032,1.3964001066666667
109,1006,Y,393658192,1.3121939733333334
124,1120,Y,380820480,1.2694016000000001
107,986,Y,378044992,1.2601499733333335
35,408,Y,376342912,1.2544763733333333
113,1037,Y,370658960,1.2355298666666668
120,1088,Y,352048144,1.1734938133333332
92,864,Y,350516360,1.1683878666666667
120,1090,Y,323255936,1.0775197866666668
40,450,Y,321740800,1.0724693333333333
37,428,Y,309332216,1.0311073866666667
32,387,Y,286178232,0.9539274400000001
127,1144,Y,286075848,0.9535861600000001
120,1094,Y,281546184,0.9384872799999999
113,1033,Y,263147432,0.8771581066666667
28,353,Y,247537432,0.8251247733333333
111,1021,Y,227051808,0.75683936
92,869,Y,217269216,0.72423072
111,1016,Y,194667960,0.6488932000000001
20,292,Y,194596048,0.6486534933333333
127,1149,Y,188097920,0.6269930666666667
127,1150,Y,182811632,0.6093721066666666
124,1125,Y,179432528,0.5981084266666666
86,816,Y,177311608,0.5910386933333334
103,954,Y,171603400,0.5720113333333333
91,857,Y,168360304,0.5612010133333334
87,828,Y,165963448,0.5532114933333334
92,870,Y,165802808,0.5526760266666666
91,862,Y,160658792,0.5355293066666666
37,429,Y,160144128,0.53381376
87,829,Y,155783216,0.5192773866666667
92,865,Y,149927032,0.4997567733333333
86,821,Y,148535072,0.4951169066666667
124,1124,Y,147566352,0.49188783999999997
103,955,Y,143084264,0.47694754666666667
102,947,Y,142906552,0.4763551733333334
92,868,Y,141510792,0.47170264
111,1023,Y,136502712,0.45500904
120,1092,Y,136167952,0.45389317333333334
20,293,Y,133509424,0.44503141333333335
38,435,Y,133492008,0.44497336000000004
38,436,Y,131355344,0.4378511466666667
91,859,Y,131111040,0.43703680000000006
32,384,Y,130547552,0.43515850666666667
87,825,Y,129682520,0.43227506666666665
86,818,Y,129610264,0.43203421333333336
103,953,Y,129564640,0.43188213333333336
38,439,Y,125077496,0.4169249866666666
73,715,Y,124571720,0.4152390666666667
62,628,Y,123285304,0.41095101333333334
86,820,Y,122722080,0.40907360000000004
21,297,Y,121963944,0.40654648
124,1122,Y,120690488,0.4023016266666667
96,899,Y,120688888,0.40229629333333333
38,433,Y,118013312,0.39337770666666666
61,621,Y,110674168,0.3689138933333333
116,1056,Y,110442424,0.36814141333333333
111,1020,Y,109560464,0.36520154666666665
70,689,Y,105638368,0.35212789333333333
106,976,Y,105608192,0.35202730666666665
84,807,Y,102500384,0.34166794666666667
116,1063,Y,101947616,0.3398253866666667
99,921,Y,101545008,0.33848336
73,716,Y,101389016,0.3379633866666667
104,964,Y,101025184,0.33675061333333334
78,753,Y,100842896,0.3361429866666667
11,223,Y,99430448,0.3314348266666667
78,756,Y,99369304,0.3312310133333333
43,472,Y,99357224,0.33119074666666665
78,759,Y,98467552,0.32822517333333334
25,332,Y,98286632,0.3276221066666667
30,370,Y,97986976,0.3266232533333333
116,1062,Y,96649696,0.32216565333333336
46,499,Y,95163256,0.3172108533333334
43,478,Y,94624408,0.31541469333333333
80,771,Y,94448600,0.31482866666666665
43,473,Y,94312192,0.31437397333333333
56,579,Y,91909360,0.30636453333333336
38,437,Y,91017272,0.3033909066666667
8,199,Y,89269096,0.29756365333333334
62,626,Y,89150272,0.2971675733333333
67,667,Y,87989248,0.2932974933333333
62,625,Y,86463024,0.28821008000000004
70,695,Y,86238168,0.28746056
70,691,Y,86229232,0.28743077333333333
116,1059,Y,84552280,0.2818409333333333
110,1012,Y,84168744,0.28056248
91,856,Y,83080976,0.27693658666666665
59,601,Y,82700032,0.27566677333333334
52,544,Y,81796032,0.27265344
66,657,Y,81256752,0.27085584
58,598,Y,80884784,0.26961594666666666
17,269,Y,80542692,0.26847564
46,502,Y,80516816,0.2683893866666667
43,474,Y,79976120,0.26658706666666665
118,1075,Y,79573504,0.26524501333333333
118,1076,Y,79552392,0.26517464
107,985,Y,79322048,0.26440682666666665
47,505,Y,79232264,0.2641075466666667
78,758,Y,78592312,0.26197437333333334
27,344,Y,78565968,0.26188656
116,1060,Y,78420528,0.26140176
14,244,Y,77345600,0.2578186666666667
69,680,Y,76914448,0.2563814933333333
33,396,Y,76435352,0.25478450666666663
114,1042,Y,76359504,0.25453168
77,745,Y,75990032,0.25330010666666664
28,359,Y,75653928,0.25217976
65,648,Y,75485168,0.2516172266666667
96,902,Y,74637832,0.24879277333333333
88,839,Y,74624416,0.24874805333333336
31,382,Y,74543848,0.24847949333333333
51,536,Y,74066448,0.24688815999999997
20,294,Y,74010704,0.24670234666666668
118,1078,Y,73958008,0.24652669333333332
110,1014,Y,73893144,0.24631048
78,755,Y,73548144,0.24516048
83,798,Y,73345920,0.24448640000000002
86,823,Y,73133688,0.24377896
72,711,Y,72427456,0.2414248533333333
33,398,Y,72189904,0.24063301333333334
124,1126,Y,72008104,0.24002701333333334
59,600,Y,71652064,0.23884021333333336
99,920,Y,71336552,0.23778850666666668
56,576,Y,71275840,0.23758613333333337
93,878,Y,71133440,0.2371114666666667
7,187,Y,70563104,0.23521034666666665
95,888,Y,70385376,0.23461792
98,913,Y,69843776,0.23281258666666668
27,347,Y,69670600,0.23223533333333332
8,197,Y,69511440,0.2317048
91,860,Y,69162240,0.23054080000000002
103,958,Y,68990568,0.22996856
99,922,Y,68525520,0.2284184
98,918,Y,68486344,0.22828781333333334
20,295,Y,68017640,0.22672546666666665
43,476,Y,68014216,0.22671405333333333
25,330,Y,67468616,0.22489538666666664
8,198,Y,67189936,0.22396645333333334
118,1072,Y,67146304,0.22382101333333335
21,299,Y,67031272,0.22343757333333336
76,741,Y,66326200,0.22108733333333336
61,618,Y,66222752,0.22074250666666667
3,154,Y,65970872,0.21990290666666665
7,190,Y,65424552,0.21808184
11,218,Y,65295080,0.21765026666666665
21,302,Y,65199832,0.21733277333333334
65,655,Y,64367088,0.21455696000000002
93,873,Y,64025800,0.21341933333333335
57,588,Y,63876464,0.21292154666666666
37,431,Y,63730752,0.21243584
99,923,Y,63246120,0.2108204
116,1057,Y,63103032,0.21034344000000002
70,692,Y,63057016,0.21019005333333335
116,1061,Y,62895704,0.20965234666666666
56,578,Y,62676992,0.20892330666666667
76,743,Y,62452632,0.20817544
62,629,Y,62393856,0.20797951999999997
116,1058,Y,62299304,0.20766434666666667
53,555,Y,62042888,0.2068096266666667
0,131,Y,61883536,0.20627845333333333
69,681,Y,61584608,0.20528202666666664
46,496,Y,61453848,0.20484616
52,550,Y,61317896,0.20439298666666667
76,736,Y,61292808,0.20430936
78,754,Y,61261784,0.2042059466666667
63,636,Y,61149720,0.20383240000000002
89,840,Y,61017744,0.20339248000000001
21,303,Y,60846368,0.2028212266666667
17,267,Y,60843280,0.20281093333333333
28,357,Y,60804696,0.20268232000000003
51,541,Y,60756608,0.20252202666666666
66,663,Y,60613616,0.20204538666666666
73,717,Y,60389472,0.20129824000000002
43,479,Y,60165072,0.20055024
103,952,Y,60108360,0.20036120000000002
95,891,Y,59839520,0.19946506666666663
67,666,Y,59750880,0.19916959999999997
12,224,Y,58994784,0.19664928
70,688,Y,58659960,0.19553320000000002
90,850,Y,58567912,0.19522637333333334
6,182,Y,57961192,0.19320397333333333
114,1040,Y,57720520,0.19240173333333332
103,959,Y,57588032,0.19196010666666666
9,203,Y,57445192,0.19148397333333333
120,1095,Y,57418496,0.19139498666666666
90,854,Y,57406320,0.1913544
96,901,Y,57197824,0.19065941333333333
49,523,Y,57113544,0.19037848
78,757,Y,57031384,0.19010461333333334
46,503,Y,56944192,0.18981397333333333
25,334,Y,56860912,0.1895363733333333
7,191,Y,56805496,0.18935165333333331
25,333,Y,56718792,0.18906264
109,1002,Y,56536656,0.18845552000000002
79,767,Y,56313888,0.18771295999999998
100,930,Y,56252736,0.18750912
95,893,Y,55921280,0.18640426666666668
73,714,Y,55918432,0.18639477333333335
79,764,Y,55721512,0.18573837333333332
114,1044,Y,55712128,0.18570709333333332
39,441,Y,55471744,0.18490581333333334
52,549,Y,55371920,0.18457306666666667
109,1003,Y,55168912,0.18389637333333334
39,445,Y,54962144,0.18320714666666668
109,1004,Y,54748552,0.18249517333333332
8,196,Y,54350376,0.18116791999999998
3,157,Y,54223984,0.18074661333333333
56,583,Y,54154288,0.18051429333333335
106,980,Y,54042088,0.18014029333333334
95,894,Y,53899976,0.17966658666666666
67,665,Y,53844664,0.17948221333333333
124,1121,Y,53714488,0.17904829333333333
39,447,Y,53711832,0.17903944
70,690,Y,53693400,0.178978
102,948,Y,53654944,0.17884981333333333
41,458,Y,53310792,0.17770264
20,288,Y,53252280,0.1775076
101,942,Y,52951344,0.17650448
83,793,Y,51989248,0.17329749333333333
64,644,Y,51839760,0.17279920000000001
58,592,Y,51642976,0.17214325333333333
79,765,Y,51462656,0.17154218666666665
123,1114,Y,51446552,0.17148850666666668
31,380,Y,51301712,0.17100570666666667
6,180,Y,51241440,0.1708048
30,371,Y,51105072,0.17035024
50,533,Y,51017760,0.1700592
112,1024,Y,50894728,0.16964909333333333
21,296,Y,50773152,0.16924384
104,963,Y,50373640,0.16791213333333332
54,564,Y,50229496,0.16743165333333335
114,1041,Y,49944984,0.16648328
74,721,Y,49906992,0.16635664
76,737,Y,49842248,0.16614082666666666
114,1045,Y,49692920,0.16564306666666667
105,968,Y,49538672,0.16512890666666669
108,997,Y,49095568,0.16365189333333333
31,376,Y,48980472,0.16326824
91,858,Y,48846648,0.16282216
118,1073,Y,48822776,0.16274258666666666
73,719,Y,48791376,0.16263792
80,772,Y,48634384,0.16211461333333332
109,1007,Y,48558400,0.16186133333333333
75,732,Y,48507744,0.16169248
27,350,Y,48492064,0.16164021333333334
112,1026,Y,48466144,0.16155381333333335
67,664,Y,48316840,0.16105613333333332
7,186,Y,48247112,0.16082370666666668
59,602,Y,48225104,0.16075034666666665
74,727,Y,48034744,0.16011581333333333
31,381,Y,47751136,0.15917045333333335
119,1082,Y,47074272,0.15691424
105,973,Y,47059488,0.15686496
112,1027,Y,46777432,0.15592477333333332
127,1151,Y,46355984,0.15451994666666666
55,568,Y,46152792,0.15384264
46,501,Y,46068320,0.15356106666666666
104,962,Y,46058080,0.15352693333333334
0,133,Y,45913936,0.15304645333333333
3,159,Y,45606848,0.15202282666666667
9,202,Y,45391272,0.15130424
93,879,Y,45285368,0.15095122666666666
39,442,Y,45162472,0.15054157333333332
55,571,Y,45141912,0.15047304
55,573,Y,45134280,0.15044760000000001
74,726,Y,44954920,0.14984973333333332
107,988,Y,44804280,0.1493476
105,971,Y,44565504,0.14855168
79,766,Y,44546632,0.14848877333333332
53,558,Y,44465976,0.14821992
27,351,Y,44331168,0.14777056
53,552,Y,44320320,0.1477344
51,538,Y,44315024,0.14771674666666665
6,178,Y,44310096,0.14770032
47,504,Y,44242360,0.14747453333333332
51,540,Y,44228408,0.14742802666666668
73,713,Y,44225360,0.14741786666666665
91,863,Y,44174592,0.14724864
20,289,Y,44067576,0.14689192
113,1036,Y,43944120,0.1464804
84,804,Y,43895688,0.14631896
7,185,Y,43872520,0.14624173333333332
93,872,Y,43780488,0.14593496
22,308,Y,43767704,0.14589234666666667
119,1080,Y,43592704,0.14530901333333332
40,449,Y,43422392,0.14474130666666665
54,561,Y,43299080,0.14433026666666665
12,228,Y,43231720,0.14410573333333332
124,1123,Y,43157392,0.14385797333333333
107,989,Y,43151264,0.14383754666666668
81,779,Y,42982688,0.14327562666666668
16,263,Y,42937552,0.14312517333333336
56,581,Y,42555768,0.14185256
3,152,Y,42522328,0.14174109333333335
75,735,Y,42522056,0.14174018666666666
54,563,Y,42243712,0.14081237333333332
69,686,Y,42142656,0.14047552
101,940,Y,41978272,0.13992757333333333
89,846,Y,41974976,0.13991658666666668
53,557,Y,41918904,0.13972968
96,900,Y,41898640,0.13966213333333333
9,206,Y,41728216,0.13909405333333333
25,331,Y,41580128,0.13860042666666667
67,670,Y,41565136,0.13855045333333332
65,650,Y,41524112,0.13841370666666666
67,668,Y,41361592,0.13787197333333334
92,867,Y,41331208,0.13777069333333333
52,547,Y,41199816,0.13733272
75,729,Y,41152536,0.13717511999999998
76,738,Y,40900048,0.13633349333333333
30,373,Y,40780896,0.13593632
65,654,Y,40478344,0.13492781333333334
41,457,Y,40304680,0.13434893333333334
80,775,Y,40300736,0.13433578666666668
79,763,Y,40248408,0.13416136
86,822,Y,40036920,0.1334564
55,570,Y,39981528,0.13327176
124,1127,Y,39960808,0.13320269333333334
85,810,Y,39872472,0.13290824
98,915,Y,39688648,0.13229549333333332
63,637,Y,39632552,0.13210850666666665
127,1146,Y,39509752,0.13169917333333334
95,895,Y,39495472,0.13165157333333333
33,394,Y,39377744,0.13125914666666666
109,1001,Y,39361744,0.13120581333333334
22,304,Y,39281104,0.13093701333333332
72,710,Y,39136568,0.13045522666666667
8,194,Y,39105152,0.13035050666666667
17,265,Y,39047704,0.13015901333333332
56,577,Y,38953480,0.12984493333333333
77,749,Y,38903704,0.12967901333333332
22,309,Y,38799296,0.12933098666666668
73,718,Y,38697136,0.12899045333333334
14,245,Y,38600104,0.12866701333333333
11,217,Y,38558832,0.12852944
102,949,Y,38236872,0.12745624
0,135,Y,38139552,0.12713184
118,1077,Y,38136488,0.12712162666666668
83,795,Y,37964776,0.12654925333333333
39,443,Y,37944784,0.12648261333333333
28,358,Y,37465272,0.12488424
58,595,Y,37414688,0.12471562666666668
107,991,Y,37120384,0.12373461333333334
7,184,Y,36985320,0.1232844
31,383,Y,36971192,0.12323730666666667
70,693,Y,36832256,0.12277418666666667
28,352,Y,36740168,0.12246722666666666
53,554,Y,36603144,0.12201047999999999
9,201,Y,36514576,0.12171525333333334
89,845,Y,36501240,0.1216708
39,444,Y,36292656,0.12097551999999999
105,975,Y,36250816,0.12083605333333333
123,1118,Y,36085408,0.12028469333333335
32,391,Y,36052536,0.12017512000000001
98,916,Y,35914120,0.11971373333333334
84,802,Y,35843592,0.11947864
93,874,Y,35796552,0.11932184
9,205,Y,35772088,0.11924029333333333
51,542,Y,35723376,0.11907791999999999
8,195,Y,35661232,0.11887077333333333
79,761,Y,35632880,0.11877626666666667
46,497,Y,35557704,0.11852568000000001
61,616,Y,35547136,0.11849045333333333
56,580,Y,35512720,0.11837573333333333
57,590,Y,35393096,0.11797698666666666
6,183,Y,35355960,0.11785319999999999
59,604,Y,35313808,0.11771269333333333
41,463,Y,35284408,0.11761469333333333
76,740,Y,35205656,0.11735218666666666
73,712,Y,35111040,0.1170368
118,1074,Y,34994200,0.11664733333333333
51,539,Y,34991096,0.11663698666666666
90,848,Y,34824976,0.11608325333333333
105,970,Y,34751032,0.11583677333333332
6,176,Y,34749696,0.11583232
55,575,Y,34708864,0.11569621333333334
67,671,Y,34614272,0.11538090666666667
62,630,Y,34588400,0.11529466666666667
106,982,Y,34560168,0.11520056
30,368,Y,34455952,0.11485317333333332
11,219,Y,34428440,0.11476146666666667
24,324,Y,34363472,0.11454490666666667
19,285,Y,34344576,0.11448191999999999
49,527,Y,34226536,0.11408845333333334
63,638,Y,34074280,0.11358093333333334
42,465,Y,34052416,0.11350805333333333
110,1009,Y,33964536,0.11321511999999999
100,928,Y,33963016,0.11321005333333332
100,932,Y,33932040,0.11310680000000001
108,992,Y,33882248,0.11294082666666667
40,453,Y,33822760,0.11274253333333334
37,425,Y,33616200,0.112054
7,188,Y,33342896,0.11114298666666668
93,875,Y,33283368,0.11094456
12,225,Y,33265312,0.11088437333333333
32,386,Y,33059152,0.11019717333333333
57,584,Y,32981056,0.10993685333333333
68,675,Y,32915472,0.10971824000000001
72,708,Y,32844896,0.10948298666666667
39,440,Y,32597872,0.10865957333333334
91,861,Y,32562488,0.10854162666666667
63,639,Y,32532264,0.10844088
109,1005,Y,32352000,0.10783999999999999
90,855,Y,32290248,0.10763415999999999
111,1022,Y,32280880,0.10760293333333334
44,487,Y,32245024,0.10748341333333333
20,291,Y,32207384,0.10735794666666668
49,520,Y,32068352,0.10689450666666667
108,995,Y,32045832,0.10681944000000002
36,421,Y,31987752,0.10662584
80,770,Y,31929320,0.10643106666666667
47,506,Y,31874776,0.10624925333333333
97,909,Y,31804680,0.1060156
61,619,Y,31631600,0.10543866666666665
80,774,Y,31623840,0.10541280000000001
63,634,Y,31616480,0.10538826666666666
8,193,Y,31612672,0.10537557333333333
101,941,Y,31512984,0.10504328
87,827,Y,31457816,0.10485938666666667
55,574,Y,31421232,0.10473743999999999
97,911,Y,31369064,0.10456354666666667
27,348,Y,31299408,0.10433135999999998
127,1147,Y,31233488,0.10411162666666668
11,220,Y,31200696,0.10400232
83,792,Y,31177824,0.10392608
88,833,Y,31133224,0.10377741333333333
96,897,Y,30995400,0.10331800000000001
100,933,Y,30987224,0.10329074666666667
61,622,Y,30901856,0.10300618666666667
60,612,Y,30795488,0.10265162666666668
37,427,Y,30760352,0.10253450666666668
1,142,Y,30737392,0.10245797333333334
21,300,Y,30537408,0.10179136000000001
30,374,Y,30488680,0.10162893333333332
48,513,Y,30469104,0.10156367999999999
96,903,Y,30434304,0.10144768000000001
37,430,Y,30433136,0.10144378666666666
99,925,Y,30181696,0.10060565333333334
32,389,Y,30141056,0.10047018666666666
110,1008,Y,30107872,0.10035957333333334
5,174,Y,30071040,0.1002368
43,475,Y,29962848,0.09987615999999999
30,375,Y,29677624,0.09892541333333332
52,548,Y,29443280,0.09814426666666666
62,631,Y,29402056,0.09800685333333334
87,831,Y,29387832,0.09795944
13,236,Y,29357400,0.097858
31,378,Y,29275888,0.09758629333333334
68,673,Y,29195752,0.09731917333333333
60,614,Y,29193264,0.09731088
17,266,Y,28987856,0.09662618666666667
75,731,Y,28904840,0.09634946666666667
43,477,Y,28870256,0.09623418666666667
40,452,Y,28842616,0.09614205333333334
85,813,Y,28580808,0.09526936
25,329,Y,28548600,0.095162
19,284,Y,28498240,0.09499413333333333
27,346,Y,28419168,0.09473056
105,974,Y,28415936,0.09471978666666667
76,739,Y,28405640,0.09468546666666666
95,890,Y,28389624,0.09463208000000001
123,1116,Y,28284216,0.09428072
107,984,Y,28241192,0.09413730666666667
66,661,Y,28182888,0.09394295999999999
11,216,Y,28112536,0.09370845333333333
3,155,Y,28027504,0.09342501333333333
96,896,Y,27923520,0.0930784
59,605,Y,27901352,0.09300450666666667
114,1047,Y,27796400,0.09265466666666666
89,847,Y,27741504,0.09247168
55,569,Y,27687648,0.09229216
34,404,Y,27552280,0.09184093333333333
100,935,Y,27513312,0.09171104
81,780,Y,27408960,0.0913632
17,271,Y,27304584,0.09101527999999999
52,551,Y,27212216,0.09070738666666667
8,192,Y,27209648,0.09069882666666666
39,446,Y,27034280,0.09011426666666666
22,306,Y,26885200,0.08961733333333334
75,734,Y,26831512,0.08943837333333333
32,388,Y,26778880,0.08926293333333334
127,1145,Y,26754480,0.0891816
53,556,Y,26739856,0.08913285333333333
85,812,Y,26720704,0.08906901333333334
72,707,Y,26441064,0.08813688
106,983,Y,26371976,0.08790658666666666
105,969,Y,25899416,0.08633138666666668
87,824,Y,25873520,0.08624506666666668
22,311,Y,25817600,0.08605866666666666
33,395,Y,25714912,0.08571637333333333
26,339,Y,25666320,0.0855544
86,819,Y,25655424,0.08551808000000001
31,379,Y,25520752,0.08506917333333333
64,641,Y,25514064,0.08504688
57,589,Y,25463920,0.08487973333333333
102,950,Y,25400344,0.08466781333333333
87,826,Y,25372904,0.08457634666666668
81,777,Y,25291128,0.08430376
62,627,Y,25179720,0.0839324
46,500,Y,25161784,0.08387261333333333
86,817,Y,25073688,0.08357896
47,509,Y,25033488,0.08344496
6,177,Y,25030952,0.08343650666666666
106,981,Y,24918800,0.08306266666666666
108,994,Y,24813552,0.08271184
110,1011,Y,24796904,0.08265634666666667
113,1034,Y,24648448,0.08216149333333334
41,462,Y,24568680,0.0818956
99,926,Y,24534760,0.08178253333333334
113,1032,Y,24522320,0.08174106666666667
0,129,Y,24386424,0.08128808
54,565,Y,24294872,0.08098290666666666
99,924,Y,24246544,0.08082181333333333
37,426,Y,24072760,0.08024253333333334
107,987,Y,24068528,0.08022842666666666
58,597,Y,24025376,0.08008458666666667
36,420,Y,23961888,0.07987295999999999
62,624,Y,23928656,0.07976218666666667
60,609,Y,23877272,0.07959090666666667
97,906,Y,23657800,0.07885933333333334
54,560,Y,23557728,0.07852576
35,412,Y,23481464,0.07827154666666666
93,877,Y,23462016,0.07820672
11,221,Y,23445208,0.07815069333333333
47,510,Y,23303400,0.077678
104,961,Y,23289080,0.07763026666666666
106,977,Y,23270304,0.07756768
104,966,Y,23214488,0.07738162666666668
20,290,Y,23103264,0.07701088
41,460,Y,22993952,0.07664650666666667
69,685,Y,22966672,0.07655557333333333
10,214,Y,22961344,0.07653781333333333
85,815,Y,22937328,0.07645776
83,796,Y,22510304,0.07503434666666667
33,399,Y,22298488,0.07432829333333334
54,566,Y,22214616,0.07404872
65,652,Y,22147808,0.07382602666666667
72,704,Y,22108000,0.07369333333333333
97,910,Y,22100512,0.07366837333333333
1,141,Y,21895840,0.07298613333333333
106,978,Y,21783680,0.07261226666666667
79,762,Y,21610944,0.07203648
111,1019,Y,21592960,0.07197653333333333
60,608,Y,21426336,0.07142112
72,709,Y,21405840,0.0713528
19,282,Y,21385472,0.07128490666666666
75,728,Y,21337392,0.07112464
42,464,Y,21304944,0.07101647999999999
85,814,Y,21286256,0.07095418666666667
57,591,Y,21243776,0.07081258666666666
68,676,Y,21238296,0.07079432
14,240,Y,21188664,0.07062887999999999
12,230,Y,21168776,0.07056258666666666
40,451,Y,21153592,0.07051197333333334
76,742,Y,21133552,0.07044517333333333
25,335,Y,21128696,0.07042898666666667
49,525,Y,21050624,0.07016874666666667
77,746,Y,21032968,0.07010989333333333
33,393,Y,20982592,0.06994197333333334
114,1043,Y,20946232,0.06982077333333334
85,808,Y,20920632,0.06973544
78,752,Y,20789720,0.06929906666666666
111,1017,Y,20646504,0.06882168
68,674,Y,20590536,0.06863512000000001
25,328,Y,20582488,0.06860829333333333
46,498,Y,20535128,0.06845042666666666
80,768,Y,20511328,0.06837109333333333
6,181,Y,20446120,0.06815373333333333
12,231,Y,20400176,0.06800058666666667
23,318,Y,20290080,0.0676336
10,209,Y,20059680,0.0668656
4,162,Y,20016480,0.06672159999999999
13,238,Y,19857600,0.066192
72,705,Y,19824008,0.06608002666666667
81,778,Y,19764088,0.06588029333333334
38,438,Y,19740152,0.06580050666666667
9,204,Y,19660024,0.06553341333333333
9,207,Y,19559640,0.0651988
98,914,Y,19503272,0.06501090666666667
4,166,Y,19348320,0.06449440000000001
48,519,Y,19337696,0.06445898666666668
97,907,Y,19327536,0.06442512
119,1085,Y,19294472,0.06431490666666666
18,277,Y,19289304,0.06429768
112,1031,Y,19262104,0.06420701333333333
38,434,Y,19261896,0.06420632
119,1087,Y,19228808,0.06409602666666667
119,1083,Y,19167744,0.06389248
3,158,Y,19134816,0.06378272
64,642,Y,19127040,0.0637568
16,260,Y,19048456,0.06349485333333334
110,1015,Y,18970808,0.06323602666666667
35,414,Y,18941560,0.06313853333333333
37,424,Y,18913960,0.06304653333333333
81,783,Y,18871888,0.06290629333333334
34,407,Y,18809040,0.0626968
44,483,Y,18781664,0.06260554666666668
14,247,Y,18680032,0.06226677333333333
47,511,Y,18580120,0.06193373333333334
101,939,Y,18518128,0.06172709333333333
103,956,Y,18506760,0.0616892
28,355,Y,18502112,0.06167370666666667
63,632,Y,18397752,0.06132584
19,287,Y,18372480,0.06124159999999999
18,275,Y,18365712,0.06121904
54,562,Y,18253432,0.06084477333333333
83,794,Y,18249784,0.06083261333333334
41,459,Y,18236904,0.06078968
45,493,Y,18141024,0.060470079999999996
65,653,Y,17975856,0.059919520000000004
121,1096,Y,17838720,0.0594624
52,545,Y,17829552,0.05943183999999999
63,635,Y,17716704,0.05905567999999999
45,494,Y,17658616,0.05886205333333333
75,730,Y,17598880,0.058662933333333334
52,546,Y,17457368,0.05819122666666667
66,660,Y,17405264,0.05801754666666666
107,990,Y,17330368,0.057767893333333334
61,620,Y,17263000,0.057543333333333335
16,261,Y,17153992,0.05717997333333333
81,776,Y,17136032,0.05712010666666667
89,842,Y,17120560,0.05706853333333333
61,617,Y,17104112,0.057013706666666664
3,156,Y,17065472,0.05688490666666666
119,1081,Y,17040688,0.05680229333333333
21,301,Y,17038800,0.05679599999999999
11,222,Y,16948368,0.05649455999999999
29,365,Y,16942080,0.056473600000000006
58,594,Y,16864056,0.05621352
47,508,Y,16851872,0.05617290666666666
121,1098,Y,16750360,0.05583453333333333
99,927,Y,16731576,0.05577192
5,171,Y,16719872,0.055732906666666665
61,623,Y,16710088,0.05570029333333334
58,596,Y,16702696,0.05567565333333334
16,257,Y,16579080,0.0552636
89,841,Y,16578232,0.055260773333333325
59,603,Y,16558464,0.055194879999999995
49,522,Y,16347136,0.054490453333333334
94,880,Y,16288120,0.05429373333333333
48,516,Y,16158016,0.05386005333333333
19,280,Y,16148624,0.05382874666666667
68,679,Y,16015120,0.053383733333333336
89,843,Y,15941264,0.05313754666666666
80,773,Y,15849184,0.05283061333333333
42,468,Y,15774800,0.05258266666666667
122,1104,Y,15773280,0.0525776
98,919,Y,15660184,0.052200613333333326
57,587,Y,15618760,0.05206253333333333
49,526,Y,15611688,0.05203896
26,338,Y,15567184,0.051890613333333335
69,684,Y,15566616,0.05188871999999999
119,1084,Y,15517944,0.05172648
6,179,Y,15464456,0.05154818666666666
45,489,Y,15431928,0.05143976
108,996,Y,15304168,0.05101389333333333
104,965,Y,15153720,0.0505124
29,366,Y,15138240,0.0504608
1,138,Y,15048112,0.05016037333333333
57,586,Y,15036976,0.05012325333333333
67,669,Y,14971320,0.0499044
24,326,Y,14950024,0.04983341333333333
125,1135,Y,14895360,0.04965119999999999
80,769,Y,14867496,0.04955832
58,599,Y,14853432,0.04951144
123,1119,Y,14836960,0.04945653333333334
108,999,Y,14789184,0.04929728
113,1035,Y,14614432,0.048714773333333336
97,908,Y,14535136,0.04845045333333334
28,354,Y,14525288,0.048417626666666665
16,262,Y,14445624,0.04815208
14,242,Y,14429664,0.048098880000000004
88,836,Y,14385488,0.047951626666666664
103,957,Y,14382112,0.047940373333333335
57,585,Y,14345384,0.047817946666666666
21,298,Y,14341264,0.04780421333333333
40,448,Y,14333440,0.047778133333333334
12,229,Y,14287304,0.04762434666666667
41,456,Y,14281544,0.04760514666666667
4,164,Y,14280536,0.047601786666666666
122,1110,Y,14241000,0.04747
1,140,Y,14171784,0.047239279999999995
56,582,Y,14161616,0.04720538666666667
26,342,Y,14011232,0.04670410666666667
123,1112,Y,13967280,0.0465576
83,797,Y,13918208,0.046394026666666664
35,411,Y,13917744,0.04639248
112,1030,Y,13867984,0.04622661333333333
10,211,Y,13816184,0.046053946666666665
0,130,Y,13796384,0.04598794666666667
35,409,Y,13781440,0.04593813333333333
48,512,Y,13715680,0.04571893333333333
101,937,Y,13673008,0.045576693333333335
36,418,Y,13662392,0.04554130666666666
35,415,Y,13496544,0.04498848
27,349,Y,13495312,0.044984373333333334
74,725,Y,13493504,0.04497834666666667
95,892,Y,13439680,0.04479893333333333
29,363,Y,13386720,0.0446224
65,649,Y,13374272,0.04458090666666667
109,1000,Y,13312096,0.04437365333333333
26,337,Y,13296016,0.04432005333333333
60,611,Y,13265528,0.044218426666666664
104,967,Y,13223120,0.04407706666666667
90,853,Y,13215800,0.044052666666666664
122,1108,Y,13210560,0.0440352
81,781,Y,13162200,0.043874
90,849,Y,13109872,0.04369957333333333
28,356,Y,13031328,0.04343776
85,809,Y,12995192,0.043317306666666666
40,454,Y,12929136,0.04309712
42,471,Y,12921848,0.04307282666666667
94,886,Y,12870720,0.0429024
58,593,Y,12822728,0.042742426666666666
16,256,Y,12679424,0.04226474666666667
4,160,Y,12464232,0.041547440000000005
122,1109,Y,12434152,0.04144717333333333
94,884,Y,12397648,0.04132549333333334
72,706,Y,12180352,0.04060117333333333
12,227,Y,12122400,0.040408
7,189,Y,11958288,0.03986096
40,455,Y,11954096,0.03984698666666667
55,572,Y,11939456,0.039798186666666666
45,490,Y,11938392,0.03979464
10,208,Y,11907840,0.0396928
82,786,Y,11805128,0.03935042666666667
51,543,Y,11776144,0.03925381333333333
26,341,Y,11757208,0.03919069333333333
17,268,Y,11755592,0.03918530666666666
44,486,Y,11636696,0.038788986666666664
30,372,Y,11613168,0.03871056
13,234,Y,11528832,0.03842944
97,904,Y,11528072,0.03842690666666667
5,170,Y,11523984,0.038413279999999994
10,210,Y,11510096,0.038366986666666665
42,467,Y,11450456,0.038168186666666666
84,803,Y,11369736,0.037899119999999994
69,683,Y,11206416,0.03735472
50,528,Y,11093640,0.0369788
123,1117,Y,11025384,0.036751280000000004
19,286,Y,10972344,0.03657448
92,866,Y,10846608,0.036155360000000004
34,406,Y,10757584,0.03585861333333334
101,943,Y,10658696,0.035528986666666665
59,606,Y,10644944,0.035483146666666666
34,401,Y,10518440,0.035061466666666666
44,484,Y,10487840,0.03495946666666666
63,633,Y,10457160,0.0348572
36,417,Y,10439800,0.034799333333333335
0,132,Y,10420184,0.03473394666666667
35,413,Y,10399400,0.03466466666666667
44,482,Y,10394208,0.03464736
23,315,Y,10391520,0.0346384
42,470,Y,10265096,0.03421698666666667
45,495,Y,10234280,0.034114266666666664
96,898,Y,10210080,0.0340336
114,1046,Y,10169336,0.033897786666666666
0,128,Y,10134640,0.03378213333333333
85,811,Y,10101736,0.03367245333333333
60,610,Y,10090848,0.03363616
77,748,Y,10045456,0.033484853333333335
100,929,Y,9920648,0.03306882666666667
82,787,Y,9895680,0.032985600000000004
45,492,Y,9829952,0.03276650666666667
13,237,Y,9816760,0.03272253333333333
1,136,Y,9794232,0.03264744
77,744,Y,9761232,0.03253744
68,677,Y,9717400,0.032391333333333334
47,507,Y,9710224,0.03236741333333333
32,390,Y,9689192,0.032297306666666664
94,883,Y,9621600,0.032071999999999996
117,1071,Y,9580920,0.0319364
5,175,Y,9558136,0.03186045333333333
13,232,Y,9486720,0.0316224
45,488,Y,9429592,0.031431973333333335
113,1038,Y,9408968,0.03136322666666667
13,239,Y,9335768,0.031119226666666666
101,938,Y,9333312,0.03111104
112,1028,Y,9265744,0.03088581333333333
50,530,Y,9208960,0.030696533333333335
36,416,Y,9158752,0.03052917333333333
49,524,Y,9140144,0.03046714666666667
117,1066,Y,9121920,0.0304064
87,830,Y,9109728,0.030365760000000002
112,1025,Y,9092632,0.030308773333333337
82,789,Y,9076408,0.030254693333333332
50,532,Y,8946328,0.029821093333333333
98,917,Y,8931992,0.029773306666666666
121,1099,Y,8847312,0.02949104
98,912,Y,8814256,0.029380853333333335
19,281,Y,8742704,0.029142346666666666
29,362,Y,8735520,0.0291184
75,733,Y,8729856,0.02909952
94,887,Y,8662160,0.028873866666666668
51,537,Y,8660840,0.02886946666666667
97,905,Y,8587736,0.028625786666666667
115,1049,Y,8532984,0.028443279999999998
102,951,Y,8517408,0.028391359999999997
24,323,Y,8492584,0.028308613333333336
44,485,Y,8431720,0.028105733333333334
74,723,Y,8429784,0.028099279999999997
35,410,Y,8410352,0.028034506666666664
115,1052,Y,8326600,0.02775533333333333
69,687,Y,8308648,0.027695493333333335
59,607,Y,8297656,0.02765885333333333
110,1013,Y,8279520,0.027598400000000002
121,1097,Y,8096336,0.026987786666666666
13,235,Y,8088000,0.026959999999999998
41,461,Y,8019960,0.026733200000000002
24,325,Y,8009296,0.02669765333333333
79,760,Y,7845616,0.026152053333333335
101,936,Y,7820400,0.026068
125,1134,Y,7785120,0.0259504
34,403,Y,7565472,0.025218240000000003
23,316,Y,7530240,0.0251008
74,724,Y,7519216,0.025064053333333332
4,161,Y,7509600,0.025032
119,1086,Y,7504584,0.02501528
3,153,Y,7488768,0.024962559999999998
24,321,Y,7427232,0.02475744
54,567,Y,7381336,0.024604453333333335
82,790,Y,7380040,0.024600133333333336
90,851,Y,7349280,0.024497599999999998
44,480,Y,7339440,0.0244648
88,832,Y,7318376,0.02439458666666667
50,531,Y,7206880,0.024022933333333333
10,212,Y,7195680,0.0239856
9,200,Y,7157648,0.023858826666666666
50,534,Y,7107584,0.023691946666666668
42,466,Y,7102744,0.023675813333333334
34,402,Y,7098312,0.02366104
15,248,Y,7028640,0.0234288
34,405,Y,6998544,0.02332848
122,1111,Y,6963360,0.0232112
5,169,Y,6930368,0.02310122666666667
122,1106,Y,6927208,0.023090693333333332
14,241,Y,6878768,0.022929226666666667
53,559,Y,6804384,0.02268128
118,1079,Y,6786328,0.02262109333333333
26,340,Y,6705472,0.022351573333333333
64,643,Y,6662960,0.022209866666666668
69,682,Y,6622640,0.022075466666666668
36,422,Y,6590856,0.02196952
29,360,Y,6562856,0.02187618666666667
1,143,Y,6472800,0.021576
60,613,Y,6396944,0.021323146666666667
13,233,Y,6334992,0.02111664
68,672,Y,6328776,0.02109592
32,385,Y,6299864,0.020999546666666667
5,173,Y,6226392,0.020754639999999998
4,167,Y,6176176,0.020587253333333333
94,885,Y,6174720,0.0205824
83,799,Y,6174592,0.020581973333333333
42,469,Y,6172848,0.02057616
84,805,Y,6154288,0.020514293333333336
17,264,Y,6140272,0.020467573333333332
117,1064,Y,6062440,0.020208133333333333
74,722,Y,6042008,0.020140026666666665
113,1039,Y,5966928,0.01988976
45,491,Y,5937800,0.019792666666666667
50,535,Y,5873488,0.019578293333333333
105,972,Y,5871824,0.019572746666666665
18,274,Y,5766720,0.0192224
10,213,Y,5761240,0.01920413333333333
93,876,Y,5760520,0.019201733333333332
115,1051,Y,5660776,0.018869253333333332
115,1050,Y,5632336,0.018774453333333333
29,364,Y,5581440,0.018604799999999998
90,852,Y,5406248,0.018020826666666667
82,791,Y,5401440,0.0180048
15,252,Y,5385600,0.017952
26,336,Y,5381888,0.017939626666666666
48,514,Y,5379408,0.01793136
0,134,Y,5263264,0.017544213333333333
84,806,Y,5215552,0.017385173333333333
66,659,Y,5116776,0.01705592
121,1101,Y,5111072,0.017036906666666667
27,345,Y,5062208,0.016874026666666667
74,720,Y,5013432,0.01671144
36,423,Y,4983920,0.01661306666666667
117,1069,Y,4954480,0.016514933333333332
84,801,Y,4935704,0.01645234666666667
122,1105,Y,4910480,0.01636826666666667
12,226,Y,4893800,0.016312666666666666
24,322,Y,4806400,0.016021333333333332
89,844,Y,4802352,0.01600784
31,377,Y,4791872,0.015972906666666665
18,276,Y,4788400,0.015961333333333334
82,788,Y,4776960,0.015923200000000002
5,168,Y,4773712,0.015912373333333334
115,1048,Y,4745808,0.01581936
94,882,Y,4744976,0.015816586666666667
4,165,Y,4703040,0.0156768
4,163,Y,4659080,0.015530266666666667
33,392,Y,4621168,0.015403893333333333
104,960,Y,4600064,0.015333546666666668
49,521,Y,4594976,0.015316586666666666
123,1115,Y,4579808,0.015266026666666667
24,320,Y,4563976,0.015213253333333333
71,698,Y,4527360,0.0150912
123,1113,Y,4503336,0.01501112
15,254,Y,4486080,0.0149536
88,838,Y,4470296,0.014900986666666668
10,215,Y,4458080,0.014860266666666668
84,800,Y,4456240,0.014854133333333332
112,1029,Y,4452760,0.014842533333333333
110,1010,Y,4446352,0.014821173333333333
44,481,Y,4440744,0.01480248
82,785,Y,4425600,0.014752
71,700,Y,4261440,0.0142048
68,678,Y,4249296,0.014164320000000001
16,258,Y,4240152,0.01413384
71,703,Y,4235040,0.0141168
125,1128,Y,4225296,0.014084319999999999
23,319,Y,4219680,0.0140656
125,1132,Y,4163040,0.0138768
5,172,Y,4136736,0.01378912
71,701,Y,4135680,0.0137856
34,400,Y,4103136,0.013677120000000001
125,1129,Y,4054080,0.0135136
81,782,Y,4004944,0.013349813333333332
22,307,Y,3990640,0.013302133333333334
18,279,Y,3963520,0.013211733333333333
100,931,Y,3929008,0.013096693333333333
23,317,Y,3915360,0.0130512
1,137,Y,3906720,0.0130224
22,305,Y,3812888,0.012709626666666666
36,419,Y,3796448,0.012654826666666667
106,979,Y,3719952,0.01239984
115,1053,Y,3682632,0.012275440000000002
16,259,Y,3669160,0.012230533333333333
126,1138,Y,3668928,0.012229760000000001
1,139,Y,3613648,0.012045493333333332
23,314,Y,3490560,0.0116352
60,615,Y,3472816,0.011576053333333334
122,1107,Y,3448472,0.011494906666666667
66,662,Y,3404632,0.011348773333333333
14,246,Y,3400616,0.011335386666666666
126,1139,Y,3366240,0.0112208
115,1054,Y,3346968,0.01115656
29,367,Y,3248160,0.0108272
94,881,Y,3076976,0.010256586666666668
53,553,Y,2993872,0.009979573333333333
30,369,Y,2972384,0.009907946666666667
77,747,Y,2959144,0.009863813333333334
64,646,Y,2921320,0.009737733333333333
18,272,Y,2919024,0.00973008
125,1131,Y,2908800,0.009696
33,397,Y,2883024,0.00961008
22,310,Y,2832840,0.0094428
88,834,Y,2806616,0.009355386666666667
126,1142,Y,2786880,0.0092896
82,784,Y,2768640,0.009228799999999999
14,243,Y,2664272,0.008880906666666665
102,946,Y,2643616,0.008812053333333333
100,934,Y,2637032,0.008790106666666667
125,1133,Y,2588160,0.0086272
19,283,Y,2586552,0.008621839999999999
66,656,Y,2556656,0.008522186666666667
88,837,Y,2548984,0.008496613333333333
48,517,Y,2494704,0.00831568
26,343,Y,2458040,0.008193466666666668
2,146,Y,2452800,0.008176000000000001
125,1130,Y,2439360,0.0081312
18,273,Y,2417904,0.00805968
48,518,Y,2417096,0.008056986666666667
121,1103,Y,2348696,0.007828986666666666
48,515,Y,2336648,0.007788826666666667
29,361,Y,2331840,0.0077728
117,1070,Y,2304928,0.007683093333333333
66,658,Y,2281104,0.007603680000000001
64,645,Y,2191680,0.0073056
71,699,Y,2134560,0.0071152
115,1055,Y,2074656,0.00691552
71,702,Y,2068320,0.006894399999999999
71,697,Y,2067840,0.0068928
117,1068,Y,2031616,0.006772053333333333
15,250,Y,1996800,0.006656
77,751,Y,1990448,0.006634826666666666
102,945,Y,1978096,0.006593653333333334
64,640,Y,1872440,0.006241466666666667
65,651,Y,1861536,0.006205120000000001
121,1102,Y,1851216,0.006170719999999999
108,998,Y,1811560,0.006038533333333334
117,1065,Y,1746240,0.0058208
15,253,Y,1717440,0.0057247999999999995
108,993,Y,1690424,0.005634746666666667
50,529,Y,1676976,0.00558992
24,327,Y,1633528,0.005445093333333333
15,251,Y,1604608,0.005348693333333333
2,147,Y,1548480,0.0051616000000000006
17,270,Y,1468096,0.004893653333333334
77,750,Y,1351568,0.0045052266666666665
117,1067,Y,1328640,0.0044288
18,278,Y,1309192,0.004363973333333333
102,944,Y,1273520,0.004245066666666667
2,149,Y,1246080,0.0041535999999999995
23,312,Y,1196160,0.0039872
15,249,Y,1109760,0.0036992
126,1141,Y,1102080,0.0036736000000000004
88,835,Y,1097888,0.0036596266666666668
2,150,Y,1033392,0.00344464
126,1137,Y,1026608,0.0034220266666666666
2,148,Y,1008960,0.0033632
2,145,Y,982560,0.0032752000000000002
126,1140,Y,958080,0.0031936
126,1136,Y,773760,0.0025792
121,1100,Y,768704,0.002562346666666667
126,1143,Y,755520,0.0025184
2,144,Y,751680,0.0025055999999999998
64,647,Y,750936,0.0025031199999999997
2,151,Y,571200,0.001904
71,696,Y,415296,0.00138432
23,313,Y,386880,0.0012896
15,255,Y,376320,0.0012544000000000001
