105,118,N,687928248,2.29309416
46,105,N,682550600,2.2751686666666666
118,77,N,657734216,2.1924473866666667
503,46,Y,643514768,2.1450492266666665
77,750,Y,643099712,2.1436657066666664
53,44,N,258608640,0.8620288
74,53,N,249330080,0.8311002666666666
44,69,N,243971344,0.8132378133333333
726,74,Y,238046536,0.7934884533333334
69,686,Y,237538488,0.7917949599999999
97,56,N,205340256,0.68446752
11,97,N,197919336,0.65973112
105,11,N,194793720,0.6493124
56,73,N,193016856,0.64338952
973,105,Y,174377680,0.5812589333333333
73,716,Y,173591736,0.5786391200000001
29,121,N,102407912,0.34135970666666665
124,92,N,86441272,0.28813757333333334
98,97,N,85962408,0.28654136
86,102,N,85115280,0.28371759999999996
50,101,N,84774312,0.28258104
34,98,N,84055648,0.2801854933333333
101,34,N,83697440,0.2789914666666667
75,103,N,82670536,0.2755684533333333
102,34,N,80474256,0.26824752
103,29,N,77377320,0.2579244
118,105,N,76421336,0.2547377866666667
66,57,N,75275640,0.2509188
108,124,N,75108592,0.2503619733333333
56,97,N,74533552,0.24844517333333332
92,120,N,74373552,0.24791184
105,46,N,74204736,0.24734912
529,50,Y,73633312,0.24544437333333335
97,907,Y,73534232,0.24511410666666666
34,102,N,73383248,0.24461082666666667
25,28,N,71975856,0.23991952
120,82,N,71882384,0.23960794666666668
69,79,N,71707752,0.23902584
10,71,N,67433504,0.22477834666666668
77,118,N,66847544,0.22282514666666667
121,1101,Y,66497880,0.22165959999999998
732,75,Y,66403712,0.22134570666666667
996,108,Y,66401232,0.22133744
79,4,N,66269200,0.22089733333333336
97,11,N,65506080,0.21835359999999998
22,6,N,65503104,0.21834367999999998
115,112,N,65411608,0.2180386933333333
3,56,N,64179768,0.21393256
112,110,N,62908080,0.2096936
82,791,Y,62866008,0.20955336
81,24,N,61821416,0.2060713866666667
74,87,N,61513696,0.20504565333333333
821,86,Y,60007296,0.20002432
4,115,N,59976888,0.19992296
34,407,Y,58543176,0.19514392
52,70,N,58128928,0.19376309333333333
32,59,N,58036136,0.19345378666666666
57,52,N,57735264,0.19245088
159,3,Y,57445592,0.1914853066666667
87,11,N,57299280,0.19099760000000002
11,218,Y,57218656,0.19072885333333334
115,64,N,56898728,0.18966242666666666
127,59,N,56749320,0.1891644
66,22,N,55735496,0.18578498666666665
53,117,N,55493656,0.18497885333333333
112,115,N,55485816,0.18495272
102,945,Y,55223936,0.18407978666666666
71,127,N,54771408,0.18257136000000002
79,69,N,54646232,0.18215410666666668
4,79,N,54562728,0.18187576
750,77,Y,54552752,0.18184250666666665
684,69,Y,54085568,0.18028522666666666
64,34,N,53853608,0.17951202666666666
46,503,Y,53091712,0.17697237333333332
99,57,N,52065616,0.17355205333333334
329,25,Y,51958200,0.173194
28,354,Y,51338456,0.17112818666666665
54,66,N,51082440,0.1702748
110,32,N,50784344,0.16928114666666666
9,66,N,50024936,0.16674978666666665
103,75,N,49906960,0.16635653333333333
112,1028,Y,47664272,0.15888090666666665
12,19,N,47540696,0.15846898666666667
108,10,N,47391774,0.15797258
22,112,N,47082848,0.15694282666666667
121,15,N,46637008,0.15545669333333334
11,105,N,45954760,0.15318253333333332
5,106,N,45824704,0.15274901333333335
50,108,N,45690456,0.15230152
115,4,N,45298656,0.15099552
1030,112,Y,45233688,0.15077896000000002
45,49,N,44732128,0.14910709333333333
123,74,N,44626296,0.14875432
10,108,N,44237822,0.14745940666666665
1049,115,Y,44078152,0.14692717333333333
109,103,N,43880208,0.14626736
19,53,N,41912224,0.13970741333333334
24,50,N,41487392,0.13829130666666667
117,33,N,40858120,0.13619373333333332
69,683,Y,40521600,0.135072
119,89,N,40344424,0.13448141333333333
70,689,Y,40047616,0.13349205333333333
116,76,N,39500600,0.13166866666666666
109,12,N,39121664,0.13040554666666665
52,57,N,39099080,0.13033026666666667
42,9,N,39057832,0.13019277333333334
94,38,N,38864888,0.12954962666666667
564,54,Y,38709872,0.12903290666666667
38,94,N,38647064,0.12882354666666668
53,74,N,38587104,0.12862368
83,11,N,38420496,0.12806831999999999
76,46,N,37953880,0.12651293333333336
44,53,N,37385712,0.12461904
57,66,N,36886936,0.12295645333333333
11,222,Y,36448760,0.12149586666666667
56,109,N,36349328,0.12116442666666666
107,42,N,36316904,0.12105634666666668
119,26,N,36118952,0.12039650666666668
122,94,N,35996672,0.11998890666666667
1118,123,Y,35533680,0.1184456
0,110,N,35478272,0.11826090666666667
6,7,N,35419008,0.11806335999999999
92,124,N,35207472,0.11735824
97,49,N,34958728,0.11652909333333333
59,32,N,34437776,0.11479258666666668
86,111,N,34228608,0.11409536
14,99,N,34199928,0.11399976
222,11,Y,34018408,0.11339469333333334
49,45,N,33804400,0.11268133333333333
82,0,N,33771144,0.11257048
0,14,N,33700632,0.11233544
215,10,Y,33587952,0.11195984
49,9,N,33367872,0.11122624
226,12,Y,33239616,0.11079872
79,88,N,32914808,0.10971602666666666
57,126,N,32819504,0.10939834666666666
65,3,N,32712944,0.10904314666666667
118,109,N,32596544,0.10865514666666667
122,13,N,32487976,0.10829325333333334
91,29,N,32182376,0.10727458666666667
87,111,N,32174072,0.10724690666666667
26,12,N,32145040,0.10715013333333333
51,8,N,31974352,0.10658117333333333
59,127,N,31830960,0.1061032
16,45,N,31760960,0.10586986666666666
7,83,N,31759440,0.1058648
32,110,N,31728896,0.10576298666666667
15,84,N,31474176,0.10491392
13,122,N,31121336,0.10373778666666668
33,98,N,31120560,0.1037352
108,999,Y,31032424,0.10344141333333333
94,122,N,30792776,0.10264258666666667
120,92,N,30631216,0.10210405333333335
81,106,N,30525088,0.10175029333333334
33,399,Y,30470768,0.10156922666666668
69,34,N,30380296,0.10126765333333333
106,86,N,30328808,0.10109602666666666
24,51,N,30211272,0.10070424
117,30,N,29883328,0.09961109333333333
83,58,N,29830592,0.09943530666666667
126,107,N,29551944,0.09850648
34,64,N,29545768,0.09848589333333332
61,76,N,29244896,0.09748298666666667
111,86,N,29046120,0.0968204
7,6,N,28877864,0.09625954666666667
780,81,Y,28813112,0.09604370666666666
12,109,N,28688016,0.09562672
59,605,Y,28664560,0.09554853333333334
75,734,Y,28624160,0.09541386666666667
71,10,N,28620776,0.09540258666666666
49,97,N,28564520,0.09521506666666667
30,23,N,28542920,0.09514306666666666
112,22,N,28406224,0.09468741333333333
0,16,N,28378272,0.09459424
26,22,N,28257192,0.09419063999999999
41,19,N,28249184,0.09416394666666666
59,69,N,28137552,0.09379184
72,80,N,28109520,0.0936984
96,88,N,28029256,0.09343085333333334
64,115,N,27995040,0.09331679999999999
305,22,Y,27967864,0.09322621333333334
95,107,N,27965912,0.09321970666666667
98,46,N,27908232,0.09302743999999999
1,45,N,27884088,0.09294696000000001
120,127,N,27819352,0.09273117333333333
12,79,N,27784608,0.09261536
87,32,N,27633016,0.09211005333333333
69,44,N,27623984,0.09207994666666668
92,38,N,27555576,0.09185192
17,102,N,27473616,0.09157872
46,93,N,27320104,0.09106701333333334
47,67,N,27235144,0.09078381333333332
25,72,N,27173200,0.09057733333333333
53,19,N,27089232,0.09029743999999999
36,119,N,27018880,0.09006293333333333
111,25,N,26957952,0.08985984000000001
6,120,N,26842520,0.08947506666666667
126,69,N,26808624,0.08936208
30,117,N,26702528,0.08900842666666667
26,119,N,26698112,0.08899370666666667
59,600,Y,26696688,0.08898896
49,10,N,26687200,0.08895733333333333
102,17,N,26577888,0.08859296
32,87,N,26530328,0.08843442666666666
46,98,N,26512800,0.08837600000000001
6,182,Y,26486896,0.08828965333333333
26,5,N,26427480,0.0880916
85,4,N,26157584,0.08719194666666666
19,16,N,26047360,0.08682453333333333
116,40,N,25914776,0.08638258666666666
60,10,N,25854792,0.08618264
55,35,N,25849680,0.08616560000000001
5,105,N,25778096,0.08592698666666666
11,83,N,25777800,0.085926
23,73,N,25680456,0.08560152
72,104,N,25665416,0.08555138666666666
123,101,N,25550176,0.08516725333333333
102,86,N,25535824,0.08511941333333332
24,81,N,25516648,0.08505549333333334
47,123,N,25471984,0.08490661333333333
89,83,N,25441392,0.08480464
9,111,N,25415672,0.08471890666666666
6,16,N,25388464,0.08462821333333334
80,108,N,25355808,0.08451936
2,71,N,25320232,0.08440077333333333
10,96,N,25243080,0.0841436
15,61,N,25177264,0.08392421333333333
14,0,N,25050600,0.083502
117,53,N,25010416,0.08336805333333333
11,223,Y,24985880,0.08328626666666668
204,9,Y,24914528,0.08304842666666666
69,59,N,24886664,0.08295554666666666
105,5,N,24871888,0.08290629333333334
124,42,N,24859280,0.08286426666666666
74,726,Y,24796944,0.08265647999999999
112,96,N,24763736,0.08254578666666666
53,121,N,24751824,0.08250608
45,1,N,24637112,0.08212370666666667
121,29,N,24482064,0.08160688
310,22,Y,24381744,0.08127248
48,15,N,24353008,0.08117669333333334
104,48,N,24290616,0.08096872
77,30,N,24187192,0.08062397333333333
57,75,N,24069032,0.08023010666666668
123,47,N,24018504,0.08006168000000001
110,114,N,23931800,0.07977266666666666
101,123,N,23885104,0.07961701333333333
40,21,N,23815472,0.07938490666666667
74,43,N,23791200,0.079304
28,25,N,23613792,0.07871264
54,56,N,23478056,0.07826018666666666
10,49,N,23458720,0.07819573333333334
43,78,N,23407280,0.07802426666666666
93,18,N,23336672,0.07778890666666667
38,33,N,23331632,0.07777210666666666
16,0,N,23272544,0.07757514666666666
45,16,N,23245000,0.07748333333333333
68,5,N,23067080,0.07689026666666667
85,77,N,23057824,0.07685941333333333
19,36,N,22841328,0.07613776
33,117,N,22823920,0.07607973333333333
42,124,N,22818384,0.07606128
93,46,N,22814744,0.07604914666666666
124,108,N,22805040,0.0760168
114,46,N,22714296,0.07571432
71,91,N,22668880,0.07556293333333333
52,24,N,22603936,0.07534645333333334
120,6,N,22569088,0.07523029333333334
0,31,N,22502216,0.07500738666666666
27,1,N,22425048,0.07475016
57,99,N,22380128,0.07460042666666666
73,116,N,22371928,0.07457309333333334
96,112,N,22356888,0.07452296
125,15,N,22354472,0.07451490666666666
41,83,N,22354352,0.07451450666666666
73,63,N,22338768,0.07446256000000001
63,73,N,22324152,0.07441384
96,43,N,22288624,0.07429541333333332
21,25,N,22288240,0.07429413333333333
79,12,N,22215864,0.07405288
19,12,N,22211048,0.07403682666666667
70,52,N,22193880,0.0739796
12,26,N,22117544,0.07372514666666666
236,13,Y,22010704,0.07336901333333333
113,74,N,21916168,0.07305389333333333
76,65,N,21913880,0.07304626666666666
23,50,N,21763248,0.07254416000000001
94,72,N,21758904,0.07252968
63,60,N,21685984,0.07228661333333333
76,52,N,21685528,0.07228509333333333
89,107,N,21611640,0.0720388
35,55,N,21605512,0.07201837333333333
10,60,N,21596480,0.07198826666666666
59,51,N,21575624,0.07191874666666667
46,76,N,21530912,0.07176970666666667
75,112,N,21502536,0.07167512000000001
26,35,N,21482840,0.07160946666666666
71,2,N,21411168,0.07137056
102,58,N,21383520,0.0712784
15,48,N,21358128,0.07119376000000001
68,95,N,21344424,0.07114808
603,59,Y,21326216,0.07108738666666667
110,23,N,21292672,0.07097557333333333
41,81,N,21273720,0.0709124
37,75,N,21189000,0.07063
38,92,N,21092320,0.07030773333333333
113,70,N,21042992,0.07014330666666667
58,102,N,21023632,0.07007877333333333
66,41,N,20937808,0.06979269333333334
127,44,N,20928216,0.06976072
80,127,N,20821456,0.06940485333333332
121,108,N,20803024,0.06934341333333334
77,80,N,20795600,0.06931866666666667
107,89,N,20751880,0.06917293333333334
73,23,N,20720008,0.06906669333333333
16,6,N,20713328,0.06904442666666666
779,81,Y,20679480,0.06893160000000001
13,40,N,20674672,0.06891557333333333
82,120,N,20542592,0.06847530666666667
13,236,Y,20514592,0.06838197333333333
114,32,N,20471920,0.06823973333333333
115,65,N,20451184,0.06817061333333334
109,56,N,20418768,0.06806256
96,10,N,20291528,0.06763842666666667
88,42,N,20286040,0.06762013333333333
18,126,N,20284688,0.06761562666666666
8,197,Y,20283400,0.06761133333333334
56,54,N,20272624,0.06757541333333333
110,1013,Y,20223544,0.06741181333333333
6,30,N,20184968,0.06728322666666667
36,3,N,20099904,0.06699968
65,14,N,20080576,0.06693525333333333
686,69,Y,20054648,0.06684882666666667
40,116,N,20025896,0.06675298666666667
55,7,N,20016016,0.06672005333333333
100,18,N,19998072,0.06666024
20,61,N,19956488,0.06652162666666667
20,122,N,19956352,0.06652117333333334
40,13,N,19947088,0.06649029333333334
124,52,N,19929760,0.06643253333333334
57,586,Y,19920296,0.06640098666666666
35,2,N,19915888,0.06638629333333333
101,93,N,19897832,0.06632610666666668
84,41,N,19891136,0.06630378666666667
67,72,N,19848888,0.06616296
103,92,N,19753528,0.06584509333333334
87,74,N,19737904,0.06579301333333333
81,41,N,19731000,0.06577
42,55,N,19581664,0.06527221333333333
38,439,Y,19519928,0.06506642666666666
339,26,Y,19484576,0.06494858666666667
24,52,N,19453640,0.06484546666666667
108,50,N,19443424,0.06481141333333333
48,87,N,19441064,0.06480354666666667
110,112,N,19434664,0.06478221333333334
66,54,N,19423512,0.06474503999999999
17,117,N,19415240,0.06471746666666667
127,120,N,19380424,0.06460141333333333
31,27,N,19358480,0.06452826666666667
108,121,N,19332832,0.06444277333333333
70,31,N,19308744,0.06436248
78,116,N,19247464,0.06415821333333334
787,82,Y,19235360,0.06411786666666668
63,48,N,19223536,0.06407845333333334
21,40,N,19173104,0.06391034666666667
3,36,N,19171504,0.06390501333333333
50,23,N,19113936,0.06371312000000001
31,0,N,19101992,0.06367330666666667
8,62,N,19099896,0.06366632
2,58,N,19097160,0.0636572
125,1,N,19078838,0.06359612666666667
98,34,N,19074072,0.06358024
61,79,N,19070080,0.06356693333333333
4,85,N,18967512,0.06322504
438,38,Y,18952736,0.06317578666666666
73,56,N,18948712,0.06316237333333333
41,84,N,18875984,0.06291994666666667
76,61,N,18846544,0.06282181333333334
16,5,N,18712280,0.06237426666666667
21,39,N,18704216,0.062347386666666664
76,116,N,18643352,0.06214450666666666
59,602,Y,18622168,0.06207389333333334
40,27,N,18588880,0.06196293333333333
25,118,N,18561720,0.061872399999999994
27,77,N,18561136,0.06187045333333333
8,55,N,18519352,0.06173117333333333
60,63,N,18493880,0.061646266666666664
98,33,N,18476240,0.06158746666666666
86,47,N,18461032,0.06153677333333333
36,116,N,18435920,0.061453066666666674
73,95,N,18435392,0.061451306666666664
62,96,N,18420456,0.06140152000000001
92,103,N,18414824,0.06138274666666666
78,114,N,18297368,0.06099122666666667
1,27,N,18283312,0.06094437333333333
39,21,N,18208488,0.06069495999999999
84,805,Y,18190472,0.06063490666666667
117,17,N,18165896,0.06055298666666666
558,53,Y,18131016,0.060436720000000006
106,100,N,18091768,0.06030589333333333
86,37,N,18063848,0.06021282666666667
859,91,Y,18055880,0.06018626666666666
97,38,N,17970200,0.059900666666666665
106,5,N,17930160,0.059767200000000006
127,71,N,17913808,0.05971269333333334
118,29,N,17873280,0.0595776
133,0,Y,17852912,0.05950970666666667
63,93,N,17781360,0.0592712
58,2,N,17701576,0.059005253333333334
22,66,N,17677904,0.05892634666666667
106,1,N,17572784,0.05857594666666666
15,121,N,17535352,0.05845117333333333
65,91,N,17490032,0.058300106666666664
84,30,N,17470992,0.05823664
93,101,N,17392184,0.05797394666666667
55,59,N,17369856,0.057899519999999996
30,6,N,17350320,0.057834399999999994
22,311,Y,17316520,0.05772173333333334
123,14,N,17285120,0.05761706666666666
3,65,N,17253176,0.05751058666666666
102,125,N,17244976,0.05748325333333333
48,119,N,17242088,0.057473626666666666
120,111,N,17214112,0.05738037333333333
2,99,N,17193528,0.05731176
6,22,N,17157480,0.0571916
112,75,N,17157024,0.057190080000000004
42,107,N,17154704,0.05718234666666666
716,73,Y,17141296,0.05713765333333333
47,39,N,17114616,0.057048720000000004
29,103,N,17061728,0.05687242666666667
43,39,N,17056176,0.05685392
64,18,N,17047648,0.05682549333333334
59,55,N,16964200,0.05654733333333333
22,26,N,16960088,0.05653362666666667
54,114,N,16952768,0.05650922666666666
44,24,N,16924608,0.05641536
33,38,N,16907432,0.05635810666666667
111,9,N,16893664,0.05631221333333333
111,87,N,16862200,0.05620733333333333
89,113,N,16846960,0.056156533333333335
30,77,N,16835336,0.05611778666666666
23,54,N,16764856,0.055882853333333336
46,114,N,16759952,0.05586650666666666
36,19,N,16755080,0.05585026666666666
41,66,N,16752008,0.05584002666666666
61,20,N,16745032,0.05581677333333333
89,119,N,16682040,0.0556068
99,14,N,16671128,0.055570426666666665
84,15,N,16668056,0.05556018666666667
88,832,Y,16660464,0.05553488000000001
9,42,N,16651848,0.05550616
1079,118,Y,16650992,0.05550330666666667
662,66,Y,16619416,0.055398053333333336
35,26,N,16576376,0.05525458666666667
90,17,N,16554816,0.055182720000000005
82,7,N,16548672,0.05516224
60,17,N,16544336,0.05514778666666667
72,25,N,16539824,0.05513274666666667
121,53,N,16536744,0.055122479999999995
123,119,N,16526112,0.05508704
556,53,Y,16526088,0.055086960000000004
45,36,N,16486752,0.054955840000000006
96,62,N,16482160,0.05494053333333333
15,125,N,16468624,0.05489541333333334
39,43,N,16427296,0.054757653333333337
69,126,N,16377880,0.054592933333333336
39,22,N,16347184,0.05449061333333333
88,79,N,16340488,0.054468293333333334
49,113,N,16325904,0.05441968
93,874,Y,16319584,0.05439861333333333
83,7,N,16297688,0.05432562666666667
105,973,Y,16294856,0.05431618666666666
12,67,N,16268888,0.05422962666666667
14,68,N,16259584,0.05419861333333333
45,78,N,16144288,0.053814293333333325
23,30,N,16133584,0.053778613333333336
65,76,N,16117104,0.05372368
61,15,N,16113392,0.05371130666666667
50,24,N,16108744,0.053695813333333335
27,67,N,16098208,0.053660693333333336
54,23,N,16068280,0.05356093333333333
22,308,Y,15997760,0.053325866666666666
28,91,N,15986528,0.053288426666666666
105,121,N,15979216,0.05326405333333334
545,52,Y,15960632,0.053202106666666665
29,91,N,15933408,0.05311136
3,54,N,15921864,0.05307288
82,117,N,15909696,0.05303232
58,99,N,15908248,0.053027493333333335
34,101,N,15886728,0.052955760000000004
111,120,N,15830304,0.05276768
58,43,N,15817360,0.05272453333333334
1087,119,Y,15801504,0.052671680000000005
18,64,N,15796064,0.05265354666666666
67,47,N,15787384,0.05262461333333334
122,44,N,15785568,0.052618559999999995
1,125,N,15748324,0.05249441333333334
101,62,N,15736168,0.052453893333333335
27,31,N,15727720,0.052425733333333335
99,90,N,15693816,0.05231272000000001
7,21,N,15680464,0.052268213333333334
16,260,Y,15679600,0.05226533333333334
110,0,N,15642832,0.052142773333333337
107,95,N,15605024,0.05201674666666667
777,81,Y,15598144,0.05199381333333334
74,123,N,15580272,0.051934240000000007
19,41,N,15568200,0.051893999999999996
91,92,N,15535960,0.05178653333333333
5,16,N,15522144,0.05174048
95,73,N,15447936,0.05149312
104,64,N,15437264,0.051457546666666666
0,82,N,15419392,0.05139797333333333
1033,113,Y,15357560,0.05119186666666666
25,111,N,15304328,0.05101442666666666
27,40,N,15300688,0.05100229333333333
89,60,N,15250944,0.05083648
70,113,N,15249304,0.05083101333333333
23,317,Y,15236744,0.05078914666666667
119,48,N,15234336,0.05078112
75,57,N,15232872,0.05077623999999999
463,41,Y,15211008,0.05070336
90,68,N,15201872,0.05067290666666667
97,905,Y,15200040,0.050666800000000005
43,58,N,15195496,0.05065165333333334
70,692,Y,15174192,0.050580639999999996
72,94,N,15140536,0.05046845333333334
87,48,N,15133624,0.05044541333333333
34,69,N,15133232,0.05044410666666667
83,41,N,15130800,0.050436
1,85,N,15127240,0.050424133333333336
51,59,N,15075488,0.05025162666666667
107,126,N,15031712,0.05010570666666667
77,27,N,15010848,0.05003616
92,91,N,14999384,0.04999794666666667
35,67,N,14972640,0.049908799999999996
37,86,N,14944288,0.04981429333333333
58,83,N,14943000,0.04981
9,49,N,14869184,0.049563946666666664
22,305,Y,14862752,0.04954250666666666
5,26,N,14850688,0.049502293333333336
52,76,N,14846640,0.0494888
17,60,N,14821504,0.04940501333333333
119,36,N,14813944,0.049379813333333335
18,100,N,14775840,0.0492528
81,38,N,14743792,0.049145973333333336
7,82,N,14733016,0.04911005333333333
94,35,N,14663832,0.048879439999999996
90,33,N,14640856,0.04880285333333333
77,85,N,14623560,0.048745199999999995
40,95,N,14608552,0.048695173333333334
7,55,N,14554480,0.04851493333333333
126,18,N,14522720,0.04840906666666667
67,12,N,14509488,0.04836496
62,20,N,14506000,0.04835333333333333
104,95,N,14505968,0.048353226666666665
39,47,N,14505800,0.04835266666666667
48,104,N,14489064,0.04829688
90,21,N,14464664,0.04821554666666667
31,20,N,14461664,0.04820554666666667
91,65,N,14446784,0.04815594666666667
117,82,N,14420208,0.04806736
44,127,N,14341176,0.04780392
60,31,N,14337496,0.04779165333333334
347,27,Y,14280704,0.04760234666666667
17,20,N,14236696,0.047455653333333334
90,99,N,14234960,0.04744986666666667
111,1017,Y,14228640,0.0474288
62,70,N,14198960,0.047329866666666665
127,80,N,14184920,0.047283066666666665
126,57,N,14172736,0.04724245333333333
14,123,N,14166648,0.04722216
61,37,N,14157176,0.047190586666666666
48,63,N,14120704,0.04706901333333333
121,105,N,14117888,0.04705962666666667
118,25,N,14074696,0.046915653333333335
68,14,N,14049688,0.04683229333333333
64,104,N,14025368,0.046751226666666666
62,101,N,13951536,0.04650512
103,109,N,13911768,0.04637256
113,63,N,13911360,0.0463712
172,5,Y,13850000,0.04616666666666666
21,7,N,13848072,0.04616024
24,44,N,13832648,0.046108826666666665
98,51,N,13829360,0.04609786666666667
75,13,N,13804048,0.04601349333333333
107,70,N,13717120,0.04572373333333333
18,93,N,13680456,0.04560152
341,26,Y,13676640,0.0455888
45,490,Y,13628512,0.045428373333333334
38,81,N,13624000,0.04541333333333333
32,114,N,13599736,0.045332453333333335
104,72,N,13549784,0.045165946666666665
84,93,N,13512648,0.04504216
33,11,N,13480528,0.04493509333333333
97,98,N,13468896,0.044896319999999997
924,99,Y,13464880,0.04488293333333333
113,89,N,13458736,0.04486245333333334
5,68,N,13415832,0.04471944
91,71,N,13387632,0.04462544
13,75,N,13370144,0.04456714666666667
43,74,N,13345872,0.044486239999999996
14,65,N,13327528,0.04442509333333333
108,80,N,13289776,0.04429925333333334
80,72,N,13254504,0.04418168
78,43,N,13253488,0.044178293333333334
398,33,Y,13250376,0.04416792
2,35,N,13245864,0.04415288
95,40,N,13220440,0.044068133333333336
11,33,N,13083464,0.04361154666666667
68,90,N,13077728,0.04359242666666667
47,86,N,13053840,0.043512800000000004
31,70,N,13052112,0.04350704
71,122,N,12974840,0.04324946666666667
21,90,N,12969424,0.043231413333333336
117,1068,Y,12968616,0.04322872
100,47,N,12915272,0.043050906666666666
117,1071,Y,12900872,0.04300290666666667
38,97,N,12887040,0.0429568
83,793,Y,12861048,0.042870160000000004
567,54,Y,12859584,0.04286528
101,50,N,12857016,0.04285672
10,214,Y,12851704,0.04283901333333333
904,97,Y,12849024,0.04283008
37,88,N,12816784,0.04272261333333333
62,8,N,12809816,0.042699386666666665
523,49,Y,12792416,0.04264138666666666
1028,112,Y,12779192,0.04259730666666667
54,3,N,12726104,0.04242034666666667
1095,120,Y,12702024,0.04234008
12,228,Y,12696832,0.042322773333333334
116,78,N,12669536,0.04223178666666667
25,21,N,12662480,0.04220826666666667
44,122,N,12622440,0.042074799999999996
9,39,N,12568456,0.04189485333333333
79,61,N,12549608,0.04183202666666667
991,107,Y,12522920,0.04174306666666667
63,113,N,12521488,0.041738293333333336
125,102,N,12506176,0.041687253333333334
52,124,N,12501456,0.041671520000000004
28,3,N,12479400,0.041597999999999996
95,68,N,12451728,0.04150576
80,77,N,12426224,0.04142074666666667
4,103,N,12364992,0.041216640000000006
489,45,Y,12330280,0.04110093333333333
125,8,N,12289624,0.04096541333333333
75,37,N,12256888,0.040856293333333335
23,110,N,12205440,0.0406848
104,68,N,12129624,0.04043208
3,28,N,12102200,0.04034066666666667
4,13,N,12035200,0.04011733333333333
619,61,Y,12031328,0.040104426666666665
107,989,Y,12029648,0.04009882666666667
125,51,N,12013272,0.04004424
30,84,N,12001528,0.04000509333333334
114,1041,Y,11947384,0.039824613333333335
55,42,N,11928928,0.03976309333333333
107,986,Y,11928640,0.03976213333333333
13,64,N,11904696,0.03968232
997,108,Y,11880568,0.03960189333333333
93,84,N,11863440,0.0395448
1029,112,Y,11848128,0.039493759999999996
20,17,N,11843728,0.03947909333333333
122,20,N,11836672,0.039455573333333334
119,123,N,11836128,0.039453760000000004
75,735,Y,11824696,0.039415653333333335
91,863,Y,11810248,0.03936749333333333
91,28,N,11717344,0.03905781333333334
37,61,N,11695256,0.03898418666666667
127,1146,Y,11672368,0.03890789333333333
33,90,N,11654760,0.0388492
67,27,N,11623776,0.03874592
122,71,N,11602104,0.03867368
35,94,N,11552456,0.038508186666666666
85,100,N,11542440,0.0384748
113,49,N,11537664,0.03845888
17,90,N,11505944,0.03835314666666667
100,85,N,11484144,0.03828048
44,480,Y,11457264,0.038190879999999996
791,82,Y,11423256,0.03807752
86,106,N,11407384,0.03802461333333333
1074,118,Y,11398448,0.03799482666666667
85,1,N,11396688,0.03798896
55,8,N,11372760,0.0379092
126,124,N,11359032,0.03786344
56,3,N,11358368,0.03786122666666667
51,98,N,11335008,0.03778336
40,449,Y,11267352,0.037557839999999995
83,89,N,11265872,0.03755290666666666
103,4,N,11253424,0.037511413333333334
85,81,N,11223800,0.037412666666666664
11,87,N,11223016,0.03741005333333333
100,32,N,11214104,0.03738034666666667
23,315,Y,11212688,0.03737562666666667
93,63,N,11201936,0.037339786666666666
580,56,Y,11176536,0.03725512
571,55,Y,11170216,0.03723405333333333
88,96,N,11153048,0.03717682666666667
116,36,N,11133032,0.03711010666666667
16,257,Y,11076016,0.03692005333333333
124,126,N,11075008,0.036916693333333334
81,85,N,11039768,0.036799226666666664
31,60,N,11018640,0.0367288
32,387,Y,11013072,0.03671024
683,69,Y,10995800,0.03665266666666667
51,125,N,10918472,0.03639490666666667
51,24,N,10905304,0.036351013333333335
67,666,Y,10876336,0.03625445333333333
106,81,N,10871480,0.036238266666666664
1,136,Y,10863000,0.03621
9,203,Y,10830880,0.03610293333333334
89,840,Y,10812864,0.03604288
338,26,Y,10802880,0.0360096
25,331,Y,10761568,0.03587189333333333
3,156,Y,10760952,0.03586984
78,84,N,10746512,0.03582170666666667
108,996,Y,10694824,0.03564941333333333
22,39,N,10639552,0.035465173333333336
183,6,Y,10598832,0.035329440000000004
114,78,N,10591384,0.03530461333333333
108,998,Y,10586024,0.03528674666666667
20,31,N,10548328,0.03516109333333333
115,28,N,10473768,0.034912559999999995
99,2,N,10437280,0.034790933333333336
20,62,N,10437272,0.03479090666666667
811,85,Y,10396928,0.03465642666666666
55,570,Y,10326952,0.034423173333333335
94,37,N,10227696,0.034092319999999995
327,24,Y,10208672,0.034028906666666664
47,100,N,10160928,0.03386976
15,252,Y,10128336,0.03376112
638,63,Y,10126240,0.03375413333333333
819,86,Y,10105200,0.033684
825,87,Y,10098840,0.0336628
114,54,N,10067208,0.03355736
25,329,Y,10023568,0.03341189333333333
116,73,N,9999712,0.03333237333333334
43,96,N,9909320,0.033031066666666664
965,104,Y,9880552,0.03293517333333333
88,2,N,9840352,0.03280117333333333
29,365,Y,9823032,0.03274344
8,125,N,9817248,0.03272416
42,88,N,9788176,0.032627253333333335
29,118,N,9778552,0.03259517333333333
95,104,N,9771536,0.032571786666666665
13,4,N,9768216,0.03256072
115,1049,Y,9756640,0.032522133333333335
74,113,N,9745976,0.03248658666666667
263,16,Y,9723176,0.032410586666666664
6,178,Y,9709928,0.03236642666666666
5,170,Y,9697096,0.032323653333333334
50,529,Y,9693664,0.03231221333333333
79,766,Y,9692616,0.03230872
37,94,N,9620120,0.032067066666666665
64,13,N,9601040,0.03200346666666667
58,596,Y,9596640,0.0319888
70,62,N,9582272,0.031940906666666664
67,35,N,9550800,0.031836
925,99,Y,9534952,0.03178317333333333
334,25,Y,9530752,0.03176917333333333
877,93,Y,9528464,0.03176154666666667
16,19,N,9513328,0.03171109333333333
88,37,N,9497576,0.03165858666666667
36,45,N,9486728,0.03162242666666667
495,45,Y,9475232,0.03158410666666667
8,82,N,9433704,0.031445680000000004
57,587,Y,9428704,0.03142901333333333
16,261,Y,9415928,0.03138642666666667
101,943,Y,9413080,0.031376933333333336
32,100,N,9401232,0.03133744
654,65,Y,9394416,0.031314720000000004
881,94,Y,9356464,0.031188213333333333
285,19,Y,9316760,0.031055866666666664
1035,113,Y,9302288,0.031007626666666666
725,74,Y,9266544,0.03088848
417,36,Y,9265528,0.030885093333333332
66,9,N,9255048,0.03085016
1102,121,Y,9242320,0.030807733333333333
842,89,Y,9180008,0.03060002666666667
82,8,N,9155960,0.030519866666666666
526,49,Y,9100664,0.030335546666666668
28,115,N,9030568,0.03010189333333333
633,63,Y,9003320,0.030011066666666666
80,29,N,8994560,0.02998186666666667
58,597,Y,8972696,0.029908986666666665
127,1145,Y,8961680,0.029872266666666664
76,737,Y,8916264,0.029720879999999998
9,206,Y,8885960,0.029619866666666664
99,923,Y,8847080,0.029490266666666667
134,0,Y,8763280,0.029210933333333335
331,25,Y,8750440,0.029168133333333332
604,59,Y,8730072,0.02910024
45,489,Y,8714808,0.02904936
98,913,Y,8706328,0.02902109333333333
65,115,N,8702880,0.0290096
78,45,N,8696560,0.028988533333333337
742,76,Y,8694120,0.0289804
127,1149,Y,8681728,0.028939093333333336
126,1143,Y,8665016,0.028883386666666667
72,67,N,8658584,0.02886194666666667
24,323,Y,8587808,0.028626026666666665
490,45,Y,8580656,0.028602186666666668
111,1016,Y,8455440,0.028184800000000003
84,78,N,8453592,0.028178639999999998
909,97,Y,8401272,0.02800424
3,159,Y,8345520,0.0278184
1147,127,Y,8316880,0.027722933333333335
68,104,N,8312384,0.02770794666666667
101,938,Y,8307064,0.027690213333333335
66,662,Y,8301232,0.027670773333333336
49,526,Y,8277016,0.027590053333333333
46,499,Y,8239416,0.02746472
92,870,Y,8227560,0.0274252
1,106,N,8207592,0.02735864
897,96,Y,8195416,0.02731805333333333
29,80,N,8184672,0.027282240000000003
497,46,Y,8181768,0.02727256
27,349,Y,8174008,0.027246693333333332
18,272,Y,8148400,0.027161333333333336
114,110,N,8143048,0.027143493333333334
88,839,Y,8108984,0.02702994666666667
86,820,Y,8103144,0.027010480000000003
2,149,Y,8100992,0.027003306666666668
114,1045,Y,8092936,0.02697645333333333
39,9,N,8065104,0.02688368
767,79,Y,8051768,0.026839226666666667
848,90,Y,8016768,0.02672256
75,728,Y,7980296,0.026600986666666666
907,97,Y,7973496,0.026578319999999996
595,58,Y,7956280,0.026520933333333337
788,82,Y,7954408,0.026514693333333332
59,604,Y,7952800,0.026509333333333333
386,32,Y,7934984,0.026449946666666665
256,16,Y,7893728,0.026312426666666666
42,470,Y,7864792,0.026215973333333333
336,26,Y,7863960,0.0262132
8,51,N,7853160,0.0261772
81,780,Y,7849048,0.026163493333333333
62,626,Y,7796872,0.025989573333333335
109,1000,Y,7784048,0.025946826666666666
317,23,Y,7744128,0.02581376
6,176,Y,7742968,0.02580989333333333
952,103,Y,7733376,0.02577792
1119,123,Y,7730496,0.02576832
39,446,Y,7675904,0.02558634666666667
1006,109,Y,7577824,0.025259413333333335
147,2,Y,7577104,0.025257013333333335
109,118,N,7573200,0.025244
1071,117,Y,7573064,0.025243546666666665
63,637,Y,7573000,0.02524333333333333
344,27,Y,7561920,0.025206399999999997
33,392,Y,7531904,0.025106346666666668
143,1,Y,7528760,0.025095866666666668
1051,115,Y,7509072,0.025030240000000002
809,85,Y,7470368,0.02490122666666667
50,18,N,7435120,0.024783733333333332
87,828,Y,7422704,0.024742346666666665
1032,113,Y,7417048,0.024723493333333336
2,88,N,7403976,0.024679919999999998
629,62,Y,7403128,0.024677093333333337
482,44,Y,7402216,0.024674053333333335
957,103,Y,7385048,0.024616826666666668
70,107,N,7362752,0.02454250666666667
243,14,Y,7323456,0.02441152
782,81,Y,7306304,0.024354346666666665
99,58,N,7297400,0.024324666666666668
414,35,Y,7290160,0.024300533333333336
1065,117,Y,7281032,0.024270106666666666
112,1030,Y,7273088,0.024243626666666667
18,50,N,7265384,0.024217946666666667
216,11,Y,7254280,0.02418093333333333
103,952,Y,7253864,0.02417954666666667
66,659,Y,7239064,0.02413021333333333
170,5,Y,7232272,0.024107573333333333
550,52,Y,7225768,0.024085893333333334
453,40,Y,7198592,0.023995306666666667
352,28,Y,7192048,0.02397349333333333
602,59,Y,7188304,0.023961013333333333
54,560,Y,7095320,0.023651066666666668
13,235,Y,7075920,0.0235864
31,377,Y,7073984,0.023579946666666667
79,764,Y,7048880,0.023496266666666665
103,953,Y,7048240,0.023494133333333334
78,759,Y,7044848,0.023482826666666665
60,89,N,7037256,0.023457520000000003
896,96,Y,7023616,0.023412053333333332
86,819,Y,7013832,0.02337944
118,1075,Y,6988848,0.02329616
1002,109,Y,6979160,0.023263866666666667
10,215,Y,6944888,0.023149626666666666
113,1038,Y,6917840,0.023059466666666667
31,382,Y,6911808,0.023039360000000002
1054,115,Y,6884032,0.022946773333333333
54,567,Y,6883656,0.02294552
443,39,Y,6869144,0.022897146666666666
1141,126,Y,6853408,0.022844693333333332
118,1074,Y,6830984,0.022769946666666666
72,705,Y,6812128,0.022707093333333334
12,231,Y,6807560,0.022691866666666668
91,858,Y,6767872,0.022559573333333333
754,78,Y,6765448,0.022551493333333335
24,321,Y,6760120,0.022533733333333333
1011,110,Y,6742704,0.02247568
192,8,Y,6741648,0.02247216
17,267,Y,6733976,0.022446586666666664
12,226,Y,6715144,0.022383813333333332
608,60,Y,6713592,0.022378639999999998
830,87,Y,6678120,0.0222604
109,28,N,6674216,0.022247386666666667
25,330,Y,6672040,0.022240133333333332
99,925,Y,6671616,0.02223872
76,739,Y,6665432,0.022218106666666668
14,242,Y,6664832,0.022216106666666666
656,66,Y,6659456,0.022198186666666665
628,62,Y,6657688,0.02219229333333333
11,216,Y,6633288,0.02211096
75,732,Y,6623184,0.022077279999999998
407,34,Y,6615960,0.022053200000000002
64,647,Y,6558728,0.021862426666666667
35,413,Y,6538352,0.021794506666666668
456,41,Y,6528248,0.021760826666666667
218,11,Y,6520680,0.0217356
103,957,Y,6520016,0.021733386666666667
467,42,Y,6505768,0.021685893333333334
26,340,Y,6492368,0.021641226666666666
108,992,Y,6465552,0.02155184
52,548,Y,6463392,0.02154464
146,2,Y,6446400,0.021488
827,87,Y,6444872,0.021482906666666666
20,292,Y,6438960,0.0214632
1101,121,Y,6438368,0.021461226666666666
94,883,Y,6435904,0.021453013333333333
870,92,Y,6428400,0.021428
882,94,Y,6399728,0.021332426666666668
4,161,Y,6378728,0.021262426666666667
312,23,Y,6375840,0.0212528
86,821,Y,6370736,0.021235786666666666
15,248,Y,6369696,0.02123232
988,107,Y,6361392,0.02120464
470,42,Y,6350304,0.02116768
95,890,Y,6334744,0.021115813333333334
1099,121,Y,6330200,0.021100666666666667
1120,124,Y,6326184,0.02108728
505,47,Y,6325200,0.021084000000000002
105,970,Y,6295384,0.020984613333333332
79,762,Y,6286096,0.020953653333333332
944,102,Y,6281224,0.02093741333333333
826,87,Y,6272888,0.020909626666666667
38,436,Y,6259528,0.020865093333333334
78,753,Y,6251792,0.020839306666666668
943,101,Y,6227168,0.020757226666666666
95,895,Y,6208080,0.0206936
113,1035,Y,6202232,0.020674106666666667
1024,112,Y,6187424,0.020624746666666666
12,224,Y,6175480,0.020584933333333333
1100,121,Y,6173664,0.02057888
945,102,Y,6155840,0.020519466666666666
506,47,Y,6126280,0.020420933333333332
127,1148,Y,6091680,0.0203056
69,684,Y,6089552,0.020298506666666667
91,859,Y,6089480,0.020298266666666665
21,299,Y,6087752,0.020292506666666668
121,1098,Y,6070088,0.020233626666666667
117,1066,Y,6025512,0.020085040000000002
48,512,Y,5969992,0.019899973333333335
19,286,Y,5926816,0.019756053333333332
100,106,N,5919088,0.019730293333333333
43,475,Y,5909624,0.019698746666666666
57,591,Y,5907856,0.019692853333333333
326,24,Y,5894928,0.01964976
116,1056,Y,5894488,0.019648293333333334
903,96,Y,5887584,0.019625280000000002
422,36,Y,5867152,0.019557173333333334
41,457,Y,5851832,0.019506106666666665
2,148,Y,5849808,0.01949936
8,196,Y,5817752,0.019392506666666667
56,577,Y,5816200,0.019387333333333333
829,87,Y,5794480,0.019314933333333333
47,509,Y,5781536,0.01927178666666667
51,541,Y,5764256,0.019214186666666667
228,12,Y,5760432,0.01920144
99,927,Y,5702488,0.019008293333333332
32,385,Y,5700416,0.019001386666666665
635,63,Y,5700280,0.019000933333333334
1143,126,Y,5700272,0.019000906666666668
648,65,Y,5699760,0.0189992
1106,122,Y,5695872,0.01898624
815,85,Y,5683880,0.018946266666666666
115,1051,Y,5667568,0.018891893333333333
845,89,Y,5643392,0.018811306666666666
114,1046,Y,5637544,0.018791813333333334
816,86,Y,5636080,0.018786933333333332
599,58,Y,5633376,0.01877792
19,283,Y,5628128,0.018760426666666667
110,1009,Y,5627256,0.01875752
982,106,Y,5620160,0.018733866666666668
106,982,Y,5609744,0.018699146666666666
29,361,Y,5599760,0.018665866666666666
39,447,Y,5596544,0.018655146666666667
55,573,Y,5582264,0.018607546666666665
44,483,Y,5575464,0.018584879999999998
6,180,Y,5549344,0.018497813333333335
53,552,Y,5537080,0.018456933333333335
191,7,Y,5527592,0.01842530666666667
58,598,Y,5506496,0.018354986666666667
80,773,Y,5494872,0.01831624
85,809,Y,5493864,0.01831288
26,341,Y,5487816,0.018292720000000002
647,64,Y,5477512,0.018258373333333335
73,715,Y,5465872,0.018219573333333332
354,28,Y,5462440,0.018208133333333335
451,40,Y,5461144,0.018203813333333332
74,721,Y,5460600,0.018202
88,838,Y,5455928,0.01818642666666667
912,98,Y,5455152,0.01818384
297,21,Y,5449392,0.01816464
4,165,Y,5434824,0.01811608
127,1147,Y,5432808,0.018109359999999998
1018,111,Y,5430384,0.01810128
60,608,Y,5428488,0.01809496
289,20,Y,5427328,0.018091093333333332
261,16,Y,5421024,0.01807008
76,741,Y,5389040,0.017963466666666667
27,347,Y,5385240,0.0179508
24,324,Y,5383896,0.01794632
111,1018,Y,5376168,0.017920560000000002
889,95,Y,5371632,0.017905439999999998
651,65,Y,5367528,0.01789176
28,352,Y,5355992,0.017853306666666666
54,564,Y,5351608,0.017838693333333332
18,274,Y,5341272,0.01780424
376,31,Y,5336912,0.01778970666666667
689,70,Y,5324384,0.017747946666666667
999,108,Y,5309976,0.017699919999999997
87,825,Y,5307448,0.017691493333333332
25,333,Y,5306600,0.017688666666666665
989,107,Y,5298912,0.017663039999999998
589,57,Y,5291104,0.017637013333333333
748,77,Y,5290952,0.017636506666666666
1149,127,Y,5268520,0.017561733333333333
947,102,Y,5254944,0.01751648
961,104,Y,5254496,0.017514986666666666
323,24,Y,5252408,0.01750802666666667
38,435,Y,5247152,0.017490506666666666
734,75,Y,5244456,0.01748152
31,381,Y,5225544,0.01741848
48,514,Y,5223608,0.017412026666666667
67,669,Y,5215472,0.017384906666666665
30,369,Y,5208544,0.017361813333333333
5,171,Y,5205544,0.017351813333333334
673,68,Y,5186144,0.017287146666666666
507,47,Y,5179952,0.017266506666666667
99,926,Y,5179528,0.017265093333333332
38,438,Y,5159712,0.017199040000000002
15,251,Y,5154072,0.01718024
64,645,Y,5148872,0.01716290666666667
605,59,Y,5147368,0.017157893333333334
164,4,Y,5131456,0.017104853333333333
10,212,Y,5118168,0.017060560000000002
761,79,Y,5116728,0.01705576
1,139,Y,5115968,0.017053226666666664
53,553,Y,5110272,0.01703424
554,53,Y,5106944,0.017023146666666666
399,33,Y,5102856,0.01700952
110,1010,Y,5101224,0.017004079999999998
942,101,Y,5097888,0.016992959999999998
781,81,Y,5094416,0.016981386666666667
104,961,Y,5091752,0.016972506666666668
324,24,Y,5086080,0.0169536
122,1109,Y,5085496,0.016951653333333334
532,50,Y,5082488,0.016941626666666668
180,6,Y,5078424,0.01692808
1088,120,Y,5072064,0.01690688
40,448,Y,5072024,0.016906746666666667
122,1108,Y,5067104,0.016890346666666667
42,471,Y,5053864,0.016846213333333332
534,50,Y,5044000,0.016813333333333333
213,10,Y,5035680,0.0167856
559,53,Y,5023240,0.016744133333333334
30,374,Y,5020720,0.016735733333333332
452,40,Y,5012912,0.016709706666666664
91,861,Y,5000440,0.016668133333333335
610,60,Y,4994760,0.0166492
381,31,Y,4991632,0.016638773333333336
878,93,Y,4990280,0.016634266666666665
834,88,Y,4975616,0.016585386666666667
708,72,Y,4954192,0.016513973333333334
998,108,Y,4953776,0.016512586666666666
1133,125,Y,4941064,0.016470213333333334
206,9,Y,4924960,0.016416533333333334
32,389,Y,4923872,0.016412906666666664
391,32,Y,4920592,0.016401973333333333
843,89,Y,4919816,0.016399386666666665
1093,120,Y,4915456,0.016384853333333334
1066,117,Y,4914480,0.0163816
99,924,Y,4913960,0.016379866666666666
938,101,Y,4899008,0.016330026666666667
488,45,Y,4898256,0.01632752
764,79,Y,4896264,0.01632088
49,525,Y,4888336,0.016294453333333334
460,41,Y,4879400,0.016264666666666667
35,415,Y,4874480,0.016248266666666667
824,87,Y,4855848,0.01618616
93,876,Y,4854352,0.016181173333333333
984,107,Y,4851112,0.016170373333333335
113,1032,Y,4848544,0.016161813333333334
121,1100,Y,4841576,0.016138586666666666
81,779,Y,4839624,0.01613208
771,80,Y,4830968,0.016103226666666668
120,1094,Y,4830464,0.016101546666666664
193,8,Y,4817240,0.016057466666666666
697,71,Y,4784120,0.015947066666666666
439,38,Y,4777240,0.015924133333333333
291,20,Y,4774304,0.015914346666666666
115,1052,Y,4771472,0.015904906666666666
294,20,Y,4761560,0.015871866666666665
738,76,Y,4760592,0.01586864
37,431,Y,4759480,0.015864933333333334
1013,110,Y,4753480,0.01584493333333333
95,888,Y,4750568,0.015835226666666667
39,440,Y,4742360,0.015807866666666667
627,62,Y,4741240,0.015804133333333335
370,30,Y,4734440,0.015781466666666667
388,32,Y,4726176,0.01575392
44,486,Y,4723824,0.01574608
52,550,Y,4723088,0.015743626666666666
766,79,Y,4722872,0.015742906666666664
874,93,Y,4722848,0.015742826666666668
51,542,Y,4722272,0.015740906666666665
265,17,Y,4720000,0.015733333333333332
43,472,Y,4710512,0.015701706666666666
44,487,Y,4699904,0.015666346666666664
723,74,Y,4699528,0.01566509333333333
109,1002,Y,4697248,0.015657493333333335
89,844,Y,4687832,0.015626106666666667
97,908,Y,4684736,0.015615786666666666
62,630,Y,4678968,0.01559656
123,1114,Y,4674920,0.015583066666666668
118,1072,Y,4672328,0.015574426666666667
441,39,Y,4663984,0.015546613333333332
118,1079,Y,4656040,0.015520133333333333
303,21,Y,4655696,0.015518986666666668
103,954,Y,4650048,0.01550016
448,40,Y,4639616,0.015465386666666667
940,101,Y,4637936,0.015459786666666668
73,713,Y,4637864,0.015459546666666667
112,1027,Y,4632848,0.015442826666666666
81,782,Y,4616744,0.015389146666666667
459,41,Y,4606920,0.0153564
258,16,Y,4598672,0.015328906666666666
76,742,Y,4572640,0.015242133333333335
80,772,Y,4567920,0.0152264
83,796,Y,4562312,0.015207706666666666
425,37,Y,4559616,0.01519872
182,6,Y,4556128,0.015187093333333334
106,976,Y,4555656,0.01518552
1084,119,Y,4544400,0.015148
562,54,Y,4520528,0.015068426666666666
239,13,Y,4510360,0.015034533333333334
97,904,Y,4509024,0.01503008
107,988,Y,4503744,0.015012479999999998
64,640,Y,4501952,0.015006506666666666
393,33,Y,4479216,0.014930720000000001
311,22,Y,4477392,0.01492464
119,1084,Y,4471680,0.0149056
245,14,Y,4468392,0.01489464
12,225,Y,4462704,0.01487568
74,720,Y,4457952,0.014859840000000001
356,28,Y,4452664,0.014842213333333333
119,1087,Y,4449304,0.014831013333333334
23,319,Y,4442464,0.014808213333333334
530,50,Y,4427624,0.014758746666666668
100,929,Y,4427600,0.014758666666666668
1067,117,Y,4426608,0.014755359999999999
144,2,Y,4417632,0.014725440000000001
94,880,Y,4407960,0.0146932
271,17,Y,4396704,0.01465568
208,10,Y,4388512,0.014628373333333333
51,536,Y,4385488,0.014618293333333332
325,24,Y,4381392,0.014604639999999999
698,71,Y,4378136,0.014593786666666667
427,37,Y,4366912,0.014556373333333332
71,699,Y,4360632,0.014535439999999998
60,615,Y,4338568,0.014461893333333333
51,538,Y,4331192,0.014437306666666667
48,515,Y,4329304,0.014431013333333334
803,84,Y,4328000,0.014426666666666666
600,59,Y,4302360,0.014341199999999998
860,91,Y,4294480,0.014314933333333335
756,78,Y,4294128,0.014313760000000002
6,183,Y,4273936,0.014246453333333332
6,179,Y,4270616,0.014235386666666667
99,921,Y,4264688,0.014215626666666667
210,10,Y,4253368,0.014177893333333335
49,527,Y,4250560,0.014168533333333334
724,74,Y,4249520,0.014165066666666667
321,24,Y,4246760,0.014155866666666666
121,1097,Y,4238144,0.014127146666666668
737,76,Y,4237776,0.014125920000000002
28,109,N,4233488,0.014111626666666667
762,79,Y,4229824,0.014099413333333333
14,245,Y,4224080,0.014080266666666667
115,1053,Y,4221704,0.014072346666666668
205,9,Y,4220840,0.014069466666666666
587,57,Y,4217160,0.014057199999999999
986,107,Y,4216088,0.014053626666666666
24,327,Y,4202104,0.014007013333333334
26,339,Y,4201712,0.014005706666666668
36,418,Y,4197352,0.013991173333333334
1137,126,Y,4191968,0.013973226666666666
113,1034,Y,4186120,0.013953733333333334
63,636,Y,4184088,0.01394696
524,49,Y,4182208,0.013940693333333332
887,94,Y,4181328,0.01393776
804,84,Y,4180888,0.013936293333333334
20,290,Y,4171488,0.01390496
740,76,Y,4170376,0.013901253333333332
712,73,Y,4169928,0.01389976
849,90,Y,4164712,0.013882373333333335
93,877,Y,4163976,0.01387992
343,26,Y,4161976,0.013873253333333333
75,730,Y,4160280,0.0138676
114,1047,Y,4145568,0.013818559999999999
442,39,Y,4136064,0.01378688
81,776,Y,4117936,0.013726453333333334
951,102,Y,4104424,0.013681413333333333
65,655,Y,4098456,0.01366152
102,946,Y,4095760,0.013652533333333335
59,603,Y,4091032,0.013636773333333333
224,12,Y,4085360,0.013617866666666667
43,476,Y,4084104,0.01361368
705,72,Y,4082640,0.0136088
31,379,Y,4081768,0.013605893333333332
560,54,Y,4080920,0.013603066666666669
515,48,Y,4060320,0.0135344
20,288,Y,4052168,0.013507226666666667
120,1093,Y,4051896,0.01350632
52,544,Y,4047200,0.013490666666666665
43,478,Y,4042072,0.013473573333333332
1010,110,Y,4030984,0.013436613333333333
105,971,Y,4029088,0.013430293333333333
8,194,Y,4028112,0.01342704
484,44,Y,4026832,0.013422773333333332
801,84,Y,4015176,0.01338392
27,346,Y,4007648,0.013358826666666667
306,22,Y,3991408,0.013304693333333334
513,48,Y,3986712,0.013289040000000002
44,482,Y,3982720,0.013275733333333333
840,89,Y,3977064,0.01325688
1043,114,Y,3964928,0.013216426666666666
73,717,Y,3964416,0.013214720000000001
11,221,Y,3957176,0.013190586666666665
63,634,Y,3955896,0.013186320000000001
36,416,Y,3951888,0.013172960000000001
718,73,Y,3949736,0.013165786666666665
136,1,Y,3948792,0.01316264
28,355,Y,3943184,0.013143946666666666
403,34,Y,3939392,0.013131306666666667
195,8,Y,3929016,0.01309672
632,63,Y,3925424,0.013084746666666668
47,506,Y,3924984,0.01308328
158,3,Y,3919144,0.013063813333333334
2,151,Y,3918280,0.013060933333333333
75,733,Y,3916872,0.01305624
674,68,Y,3915472,0.013051573333333333
123,1118,Y,3911968,0.013039893333333333
65,653,Y,3911728,0.013039093333333335
36,419,Y,3906768,0.013022559999999999
184,7,Y,3905952,0.01301984
17,269,Y,3904152,0.013013839999999999
186,7,Y,3894112,0.012980373333333333
65,649,Y,3870544,0.012901813333333333
26,343,Y,3869800,0.012899333333333334
588,57,Y,3860712,0.012869039999999998
492,45,Y,3859912,0.012866373333333335
430,37,Y,3857864,0.012859546666666666
1057,116,Y,3855704,0.012852346666666667
367,29,Y,3853208,0.012844026666666668
701,71,Y,3848304,0.012827680000000001
163,4,Y,3838288,0.012794293333333333
121,1103,Y,3835888,0.012786293333333332
21,303,Y,3831192,0.01277064
89,841,Y,3825936,0.01275312
917,98,Y,3823968,0.012746559999999999
851,90,Y,3821280,0.012737600000000002
26,337,Y,3820208,0.012734026666666667
625,62,Y,3817960,0.012726533333333335
375,30,Y,3810992,0.012703306666666666
24,325,Y,3806048,0.012686826666666668
62,629,Y,3803104,0.012677013333333334
113,1036,Y,3802848,0.012676159999999999
888,95,Y,3801360,0.012671199999999999
249,15,Y,3798112,0.012660373333333332
72,706,Y,3798104,0.012660346666666666
103,959,Y,3791016,0.012636719999999999
1142,126,Y,3789784,0.012632613333333334
124,1120,Y,3787712,0.012625706666666667
469,42,Y,3787576,0.012625253333333334
527,49,Y,3786952,0.012623173333333333
333,25,Y,3779936,0.012599786666666666
926,99,Y,3778688,0.012595626666666668
102,948,Y,3777744,0.01259248
73,712,Y,3772488,0.01257496
107,991,Y,3771824,0.012572746666666667
110,1014,Y,3761248,0.012537493333333335
106,980,Y,3753864,0.012512879999999999
111,1022,Y,3751568,0.012505226666666668
759,78,Y,3751416,0.01250472
162,4,Y,3751064,0.012503546666666667
846,89,Y,3749072,0.012496906666666665
89,847,Y,3741880,0.012472933333333333
636,63,Y,3731592,0.01243864
106,983,Y,3725456,0.012418186666666666
19,284,Y,3719952,0.01239984
1124,124,Y,3717672,0.01239224
119,1083,Y,3715720,0.012385733333333333
221,11,Y,3712448,0.012374826666666667
1040,114,Y,3700816,0.012336053333333334
14,246,Y,3699216,0.01233072
101,939,Y,3695384,0.012317946666666666
26,338,Y,3694072,0.012313573333333334
90,849,Y,3690800,0.012302666666666668
923,99,Y,3689520,0.0122984
976,106,Y,3685968,0.012286560000000002
94,886,Y,3679016,0.012263386666666666
30,370,Y,3673880,0.012246266666666667
121,1102,Y,3671232,0.012237439999999999
66,657,Y,3665352,0.012217839999999999
114,1040,Y,3663056,0.012210186666666666
49,523,Y,3655576,0.012185253333333333
1003,109,Y,3654056,0.012180186666666667
525,49,Y,3651960,0.0121732
855,90,Y,3650584,0.012168613333333333
107,987,Y,3650368,0.012167893333333334
394,33,Y,3650360,0.012167866666666666
34,403,Y,3649608,0.01216536
1046,114,Y,3649352,0.012164506666666667
53,556,Y,3636888,0.01212296
196,8,Y,3636480,0.0121216
66,656,Y,3634488,0.012114960000000001
242,14,Y,3632072,0.012106906666666667
1037,113,Y,3627744,0.01209248
9,204,Y,3624480,0.0120816
127,1151,Y,3616736,0.012055786666666667
252,15,Y,3613192,0.012043973333333334
1082,119,Y,3610272,0.01203424
230,12,Y,3608800,0.012029333333333333
48,516,Y,3604608,0.01201536
552,53,Y,3602264,0.012007546666666667
88,836,Y,3595944,0.01198648
3,155,Y,3592912,0.011976373333333333
315,23,Y,3592376,0.011974586666666667
85,815,Y,3592288,0.011974293333333334
117,1067,Y,3591904,0.011973013333333333
126,1140,Y,3591824,0.011972746666666667
109,1003,Y,3591808,0.011972693333333333
102,951,Y,3586192,0.011953973333333333
251,15,Y,3585136,0.011950453333333333
156,3,Y,3579888,0.01193296
553,53,Y,3577936,0.011926453333333333
1045,114,Y,3576896,0.011922986666666666
121,1096,Y,3576248,0.011920826666666667
302,21,Y,3571328,0.011904426666666666
531,50,Y,3565120,0.011883733333333334
11,220,Y,3561960,0.0118732
223,11,Y,3561416,0.011871386666666667
86,822,Y,3558384,0.01186128
16,256,Y,3553888,0.011846293333333332
78,754,Y,3542704,0.011809013333333333
431,37,Y,3541336,0.011804453333333333
977,106,Y,3533448,0.011778160000000001
910,97,Y,3532144,0.011773813333333334
606,59,Y,3530288,0.011767626666666668
1068,117,Y,3528488,0.011761626666666665
389,32,Y,3527832,0.01175944
56,583,Y,3524496,0.01174832
119,1082,Y,3523912,0.011746373333333332
661,66,Y,3518880,0.0117296
1016,111,Y,3516080,0.011720266666666666
355,28,Y,3513784,0.011712613333333333
61,622,Y,3513472,0.011711573333333333
30,371,Y,3508432,0.011694773333333333
380,31,Y,3506456,0.011688186666666666
518,48,Y,3492912,0.01164304
30,375,Y,3491920,0.011639733333333334
85,808,Y,3490744,0.011635813333333333
1058,116,Y,3483960,0.0116132
659,66,Y,3481784,0.011605946666666667
112,1025,Y,3477704,0.011592346666666666
5,173,Y,3475688,0.011585626666666666
958,103,Y,3471728,0.011572426666666667
84,804,Y,3467920,0.011559733333333334
278,18,Y,3465832,0.011552773333333332
3,154,Y,3465512,0.011551706666666666
385,32,Y,3464992,0.011549973333333333
63,638,Y,3464312,0.011547706666666668
539,51,Y,3463792,0.011545973333333332
15,255,Y,3460272,0.01153424
939,101,Y,3458512,0.011528373333333333
88,834,Y,3454264,0.011514213333333334
691,70,Y,3453984,0.011513279999999999
672,68,Y,3452632,0.011508773333333333
28,359,Y,3448480,0.011494933333333334
77,749,Y,3445136,0.011483786666666667
82,788,Y,3444104,0.011480346666666667
538,51,Y,3443288,0.011477626666666668
50,532,Y,3439832,0.011466106666666667
7,191,Y,3439736,0.011465786666666667
125,1129,Y,3437568,0.01145856
112,1029,Y,3433016,0.011443386666666666
80,768,Y,3431568,0.01143856
118,1077,Y,3421568,0.011405226666666667
22,310,Y,3415464,0.01138488
26,336,Y,3413440,0.011378133333333334
46,497,Y,3412056,0.01137352
80,775,Y,3407672,0.011358906666666667
1109,122,Y,3407216,0.011357386666666667
53,558,Y,3396880,0.011322933333333333
102,944,Y,3396712,0.011322373333333333
109,1004,Y,3393504,0.01131168
8,198,Y,3389264,0.011297546666666667
42,465,Y,3388824,0.01129608
9,207,Y,3387496,0.011291653333333334
58,599,Y,3386048,0.011286826666666668
949,102,Y,3384672,0.01128224
866,92,Y,3384304,0.011281013333333333
541,51,Y,3383992,0.011279973333333334
1113,123,Y,3381304,0.011271013333333333
101,940,Y,3378392,0.011261306666666667
728,75,Y,3377232,0.01125744
598,58,Y,3370272,0.01123424
899,96,Y,3366512,0.011221706666666666
165,4,Y,3364848,0.01121616
584,57,Y,3362000,0.011206666666666667
854,90,Y,3356088,0.01118696
1125,124,Y,3354448,0.011181493333333334
52,547,Y,3353808,0.011179360000000001
16,263,Y,3353792,0.011179306666666668
37,428,Y,3353784,0.01117928
84,807,Y,3353448,0.01117816
86,816,Y,3350656,0.011168853333333334
120,1095,Y,3346272,0.01115424
198,8,Y,3342376,0.011141253333333333
350,27,Y,3341976,0.01113992
88,833,Y,3339920,0.011133066666666667
520,49,Y,3335976,0.01111992
1076,118,Y,3334520,0.011115066666666668
1091,120,Y,3334304,0.011114346666666667
1145,127,Y,3331424,0.011104746666666667
0,128,Y,3329048,0.011096826666666667
8,195,Y,3327528,0.011091759999999999
41,458,Y,3322216,0.011074053333333334
832,88,Y,3317664,0.01105888
28,353,Y,3308928,0.011029760000000001
677,68,Y,3308832,0.01102944
17,264,Y,3307840,0.011026133333333334
43,473,Y,3306552,0.01102184
449,40,Y,3302664,0.011008879999999999
118,1076,Y,3300344,0.011001146666666666
363,29,Y,3299672,0.010998906666666666
557,53,Y,3296072,0.010986906666666667
187,7,Y,3287976,0.010959920000000001
770,80,Y,3285184,0.010950613333333335
77,748,Y,3282776,0.010942586666666667
1150,127,Y,3281544,0.01093848
818,86,Y,3278440,0.010928133333333333
872,93,Y,3274064,0.010913546666666668
916,98,Y,3273952,0.010913173333333333
954,103,Y,3270600,0.010902
1122,124,Y,3263904,0.01087968
177,6,Y,3260472,0.01086824
570,55,Y,3259984,0.010866613333333334
768,80,Y,3256560,0.0108552
796,83,Y,3253064,0.010843546666666667
120,1088,Y,3250928,0.010836426666666666
16,258,Y,3249096,0.01083032
100,930,Y,3247320,0.0108244
55,572,Y,3247008,0.01082336
408,35,Y,3246064,0.010820213333333334
11,217,Y,3239136,0.01079712
62,631,Y,3238304,0.010794346666666666
126,1137,Y,3236752,0.010789173333333334
149,2,Y,3230192,0.010767306666666667
799,83,Y,3224856,0.01074952
92,864,Y,3224640,0.0107488
62,624,Y,3221496,0.010738319999999999
692,70,Y,3220264,0.010734213333333334
508,47,Y,3217360,0.010724533333333333
436,38,Y,3214696,0.010715653333333333
55,571,Y,3214136,0.010713786666666667
894,95,Y,3210560,0.010701866666666667
56,579,Y,3209480,0.010698266666666666
65,648,Y,3208256,0.010694186666666666
1014,110,Y,3206056,0.010686853333333333
52,546,Y,3193248,0.01064416
0,130,Y,3190616,0.010635386666666666
634,63,Y,3189872,0.010632906666666667
122,1110,Y,3189672,0.010632240000000001
67,668,Y,3188928,0.01062976
863,91,Y,3188440,0.010628133333333333
57,589,Y,3185776,0.010619253333333334
98,914,Y,3182520,0.0106084
702,71,Y,3180752,0.010602506666666667
260,16,Y,3177464,0.010591546666666667
16,259,Y,3174416,0.010581386666666666
125,1133,Y,3173320,0.010577733333333334
41,459,Y,3171632,0.010572106666666666
434,38,Y,3169648,0.010565493333333334
39,443,Y,3167856,0.01055952
199,8,Y,3165456,0.01055152
953,103,Y,3162784,0.010542613333333334
669,67,Y,3159320,0.010531066666666667
645,64,Y,3156336,0.01052112
104,965,Y,3156120,0.010520400000000001
124,1122,Y,3155688,0.01051896
548,52,Y,3147688,0.010492293333333333
665,67,Y,3147256,0.010490853333333333
203,9,Y,3146288,0.010487626666666666
119,1085,Y,3142896,0.01047632
485,44,Y,3141792,0.01047264
1089,120,Y,3136864,0.010456213333333334
283,19,Y,3136520,0.010455066666666665
676,68,Y,3135168,0.010450560000000001
1,137,Y,3134712,0.01044904
1110,122,Y,3134512,0.010448373333333334
941,101,Y,3134392,0.010447973333333334
535,50,Y,3132616,0.010442053333333333
32,384,Y,3126896,0.010422986666666667
1004,109,Y,3125784,0.01041928
679,68,Y,3125288,0.010417626666666667
0,131,Y,3119888,0.010399626666666667
7,187,Y,3116872,0.010389573333333332
3,157,Y,3110808,0.01036936
292,20,Y,3103448,0.010344826666666668
805,84,Y,3099872,0.010332906666666667
288,20,Y,3098616,0.01032872
509,47,Y,3095408,0.010318026666666667
35,408,Y,3091840,0.010306133333333333
44,481,Y,3089872,0.010299573333333333
1123,124,Y,3089104,0.010297013333333334
413,35,Y,3089056,0.010296853333333333
117,1065,Y,3088336,0.010294453333333333
55,575,Y,3086760,0.0102892
61,619,Y,3086264,0.010287546666666666
461,41,Y,3083944,0.010279813333333334
20,293,Y,3083424,0.01027808
494,45,Y,3083280,0.010277600000000001
88,837,Y,3081752,0.010272506666666667
751,77,Y,3080552,0.010268506666666666
52,545,Y,3077616,0.01025872
905,97,Y,3077160,0.010257200000000001
34,400,Y,3070768,0.010235893333333333
401,34,Y,3069336,0.01023112
72,710,Y,3067536,0.010225119999999999
739,76,Y,3067400,0.010224666666666667
861,91,Y,3066968,0.010223226666666667
27,351,Y,3066536,0.010221786666666666
806,84,Y,3064952,0.010216506666666667
68,675,Y,3064784,0.010215946666666666
700,71,Y,3063840,0.0102128
227,12,Y,3063192,0.01021064
33,396,Y,3061288,0.010204293333333333
50,528,Y,3061136,0.010203786666666667
28,357,Y,3058720,0.010195733333333333
108,994,Y,3053808,0.01017936
41,463,Y,3045712,0.010152373333333332
841,89,Y,3045336,0.01015112
1080,119,Y,3042144,0.01014048
366,29,Y,3036648,0.01012216
908,97,Y,3034280,0.010114266666666667
92,869,Y,3033792,0.010112639999999999
87,830,Y,3031824,0.01010608
423,36,Y,3030704,0.010102346666666666
1086,119,Y,3028208,0.010094026666666667
995,108,Y,3022760,0.010075866666666667
7,190,Y,3022376,0.010074586666666666
0,133,Y,3021984,0.01007328
49,524,Y,3021768,0.01007256
379,31,Y,3019880,0.010066266666666665
65,651,Y,3017504,0.010058346666666666
126,1139,Y,3016512,0.010055040000000001
52,549,Y,3013944,0.01004648
955,103,Y,3013328,0.010044426666666667
111,1023,Y,3012480,0.0100416
706,72,Y,3011024,0.010036746666666667
71,703,Y,3002464,0.010008213333333333
58,595,Y,3000720,0.0100024
911,97,Y,2999704,0.009999013333333332
858,91,Y,2999232,0.00999744
970,105,Y,2994896,0.009982986666666666
116,1058,Y,2994768,0.00998256
27,350,Y,2993280,0.0099776
17,268,Y,2991872,0.009972906666666666
382,31,Y,2991576,0.00997192
57,584,Y,2990160,0.0099672
125,1130,Y,2987360,0.009957866666666667
32,386,Y,2986848,0.00995616
60,613,Y,2978424,0.00992808
115,1054,Y,2976216,0.009920720000000001
73,719,Y,2974856,0.009916186666666667
47,505,Y,2974552,0.009915173333333334
132,0,Y,2973544,0.009911813333333333
87,831,Y,2972560,0.009908533333333334
171,5,Y,2972552,0.009908506666666667
7,184,Y,2971792,0.009905973333333333
937,101,Y,2969672,0.009898906666666667
1085,119,Y,2964912,0.009883040000000001
1081,119,Y,2960944,0.009869813333333333
57,585,Y,2957080,0.009856933333333333
411,35,Y,2954464,0.009848213333333333
972,105,Y,2953496,0.009844986666666666
21,301,Y,2953032,0.00984344
1023,111,Y,2952928,0.009843093333333334
820,86,Y,2949328,0.009831093333333334
314,23,Y,2949176,0.009830586666666667
145,2,Y,2948568,0.00982856
769,80,Y,2944736,0.009815786666666666
891,95,Y,2943888,0.009812959999999999
50,535,Y,2936968,0.009789893333333334
308,22,Y,2932512,0.00977504
61,620,Y,2932064,0.009773546666666667
893,95,Y,2930568,0.009768559999999999
98,915,Y,2930016,0.00976672
126,1138,Y,2929592,0.009765306666666666
680,69,Y,2929272,0.00976424
929,100,Y,2929000,0.009763333333333334
0,134,Y,2928648,0.009762159999999999
1012,110,Y,2927488,0.009758293333333334
637,63,Y,2926344,0.00975448
935,100,Y,2922320,0.009741066666666668
1053,115,Y,2918544,0.00972848
98,917,Y,2917944,0.00972648
37,426,Y,2916216,0.00972072
478,43,Y,2914680,0.0097156
87,826,Y,2914592,0.009715306666666666
784,82,Y,2912048,0.009706826666666666
43,474,Y,2911424,0.009704746666666667
400,34,Y,2911264,0.009704213333333333
109,1005,Y,2910848,0.009702826666666666
319,23,Y,2910240,0.0097008
730,75,Y,2909496,0.00969832
91,856,Y,2907904,0.009693013333333333
219,11,Y,2904016,0.009680053333333332
39,441,Y,2903320,0.009677733333333334
138,1,Y,2902288,0.009674293333333334
862,91,Y,2898632,0.009662106666666666
1094,120,Y,2896768,0.009655893333333334
23,313,Y,2894488,0.009648293333333334
446,39,Y,2893712,0.009645706666666667
404,34,Y,2889528,0.00963176
592,58,Y,2889296,0.009630986666666667
807,84,Y,2888456,0.009628186666666667
95,893,Y,2886928,0.009623093333333332
486,44,Y,2880872,0.009602906666666666
720,74,Y,2877760,0.009592533333333333
55,574,Y,2873760,0.0095792
18,275,Y,2873136,0.00957712
41,456,Y,2872280,0.009574266666666666
1103,121,Y,2870440,0.009568133333333333
37,425,Y,2868464,0.009561546666666667
42,466,Y,2867200,0.009557333333333334
621,61,Y,2865448,0.009551493333333333
77,751,Y,2865304,0.009551013333333334
268,17,Y,2865288,0.009550959999999999
1104,122,Y,2863696,0.009545653333333334
117,1070,Y,2861248,0.009537493333333334
653,65,Y,2854608,0.00951536
591,57,Y,2851384,0.009504613333333333
1132,125,Y,2851256,0.009504186666666668
392,33,Y,2848472,0.009494906666666667
81,783,Y,2847704,0.009492346666666667
106,981,Y,2843224,0.009477413333333334
79,765,Y,2842000,0.009473333333333334
95,894,Y,2839288,0.009464293333333334
330,25,Y,2837752,0.009459173333333334
1055,115,Y,2835624,0.00945208
639,63,Y,2832168,0.00944056
721,74,Y,2830200,0.009434
671,67,Y,2829864,0.00943288
594,58,Y,2829664,0.009432213333333333
516,48,Y,2827784,0.009425946666666666
1020,111,Y,2827680,0.0094256
69,682,Y,2822152,0.009407173333333334
798,83,Y,2819792,0.009399306666666668
70,694,Y,2819112,0.009397039999999999
1136,126,Y,2813728,0.009379093333333333
987,107,Y,2811208,0.009370693333333334
13,232,Y,2809256,0.009364186666666666
8,192,Y,2807736,0.00935912
736,76,Y,2806800,0.009356
127,1144,Y,2806664,0.009355546666666666
687,69,Y,2806544,0.009355146666666666
97,909,Y,2806056,0.00935352
120,1091,Y,2800344,0.00933448
135,0,Y,2799880,0.009332933333333333
28,358,Y,2793048,0.00931016
110,1011,Y,2791784,0.009305946666666667
50,534,Y,2790600,0.009302
1127,124,Y,2790264,0.009300880000000001
685,69,Y,2790032,0.009300106666666667
1041,114,Y,2789384,0.009297946666666668
429,37,Y,2788840,0.009296133333333333
93,872,Y,2787360,0.0092912
95,891,Y,2786656,0.009288853333333333
921,99,Y,2785504,0.009285013333333333
87,824,Y,2784344,0.009281146666666667
240,14,Y,2784216,0.00928072
3,158,Y,2781288,0.00927096
778,81,Y,2781088,0.009270293333333334
12,229,Y,2780056,0.009266853333333333
1130,125,Y,2778488,0.009261626666666667
1083,119,Y,2775232,0.009250773333333333
201,9,Y,2774952,0.009249839999999999
70,690,Y,2773768,0.009245893333333333
71,701,Y,2772872,0.009242906666666667
480,44,Y,2772304,0.009241013333333334
361,29,Y,2769784,0.009232613333333334
1078,118,Y,2768152,0.009227173333333333
577,56,Y,2765176,0.009217253333333333
95,892,Y,2762944,0.009209813333333334
1131,125,Y,2760840,0.009202799999999999
71,698,Y,2758600,0.009195333333333333
89,846,Y,2755688,0.009185626666666667
259,16,Y,2749608,0.00916536
124,1121,Y,2747992,0.009159973333333333
39,444,Y,2742672,0.00914224
49,520,Y,2742504,0.00914168
113,1037,Y,2739712,0.009132373333333332
29,366,Y,2736432,0.00912144
1052,115,Y,2736424,0.009121413333333333
106,977,Y,2736120,0.0091204
25,328,Y,2730992,0.009103306666666667
808,85,Y,2727840,0.0090928
424,37,Y,2723528,0.009078426666666667
118,1073,Y,2719704,0.00906568
202,9,Y,2717912,0.009059706666666667
396,33,Y,2717904,0.00905968
466,42,Y,2715504,0.00905168
86,823,Y,2715192,0.00905064
714,73,Y,2714976,0.00904992
7,186,Y,2713592,0.009045306666666666
956,103,Y,2707720,0.009025733333333334
37,424,Y,2707392,0.00902464
67,670,Y,2706368,0.009021226666666667
301,21,Y,2705024,0.009016746666666665
108,997,Y,2704968,0.00901656
886,94,Y,2703536,0.009011786666666667
473,43,Y,2700552,0.00900184
15,254,Y,2699416,0.008998053333333334
1031,112,Y,2693136,0.00897712
101,937,Y,2693112,0.00897704
2,147,Y,2688296,0.008960986666666667
901,96,Y,2684880,0.0089496
1090,120,Y,2684768,0.008949226666666667
36,420,Y,2684152,0.008947173333333332
244,14,Y,2684104,0.008947013333333333
869,92,Y,2681624,0.008938746666666667
94,884,Y,2680304,0.008934346666666667
90,851,Y,2674216,0.008914053333333333
694,70,Y,2672312,0.008907706666666668
1148,127,Y,2670760,0.008902533333333334
92,865,Y,2669128,0.008897093333333333
964,104,Y,2669072,0.008896906666666666
445,39,Y,2667112,0.008890373333333333
181,6,Y,2666928,0.00888976
406,34,Y,2666648,0.008888826666666665
299,21,Y,2665992,0.00888664
110,1012,Y,2665864,0.008886213333333334
543,51,Y,2665080,0.0088836
119,1080,Y,2664904,0.008883013333333334
80,771,Y,2664408,0.008881360000000001
194,8,Y,2664104,0.008880346666666667
248,15,Y,2663248,0.008877493333333333
102,950,Y,2662184,0.008873946666666667
93,878,Y,2658928,0.008863093333333334
54,566,Y,2658592,0.008861973333333334
99,922,Y,2657992,0.008859973333333333
121,1099,Y,2657896,0.008859653333333333
1098,121,Y,2657608,0.008858693333333332
115,1055,Y,2656280,0.008854266666666666
101,941,Y,2656168,0.008853893333333333
395,33,Y,2652392,0.008841306666666666
235,13,Y,2651600,0.008838666666666667
416,36,Y,2651368,0.008837893333333334
34,402,Y,2649152,0.008830506666666666
80,769,Y,2644976,0.008816586666666666
464,42,Y,2644648,0.008815493333333334
934,100,Y,2643768,0.00881256
959,103,Y,2643032,0.008810106666666666
120,1089,Y,2641080,0.0088036
116,1061,Y,2639448,0.00879816
110,1015,Y,2638784,0.008795946666666667
802,84,Y,2634952,0.008783173333333333
190,7,Y,2628712,0.008762373333333334
493,45,Y,2628680,0.008762266666666666
340,26,Y,2628656,0.008762186666666666
13,233,Y,2625992,0.008753306666666667
586,57,Y,2624056,0.008746853333333334
21,298,Y,2623056,0.008743520000000001
14,243,Y,2622432,0.00874144
257,16,Y,2621536,0.008738453333333333
772,80,Y,2621144,0.008737146666666668
1121,124,Y,2618656,0.008728853333333333
454,40,Y,2616368,0.008721226666666667
48,519,Y,2612496,0.00870832
225,12,Y,2610280,0.008700933333333332
23,314,Y,2610224,0.008700746666666667
971,105,Y,2606712,0.00868904
812,85,Y,2601816,0.00867272
64,643,Y,2598648,0.00866216
107,984,Y,2598216,0.00866072
28,356,Y,2597816,0.008659386666666668
298,21,Y,2596288,0.008654293333333334
32,388,Y,2596152,0.008653840000000001
1151,127,Y,2591856,0.00863952
90,854,Y,2590384,0.008634613333333334
40,450,Y,2589704,0.008632346666666665
92,871,Y,2589672,0.008632240000000001
116,1057,Y,2583000,0.008610000000000001
56,578,Y,2582920,0.008609733333333333
110,1008,Y,2578752,0.008595839999999999
974,105,Y,2578000,0.008593333333333335
126,1142,Y,2577392,0.008591306666666666
60,611,Y,2575592,0.008585306666666667
1129,125,Y,2575512,0.00858504
96,899,Y,2574056,0.008580186666666666
31,380,Y,2573160,0.0085772
105,972,Y,2563376,0.008544586666666666
231,12,Y,2559800,0.008532666666666668
969,105,Y,2556640,0.008522133333333334
5,168,Y,2553296,0.008510986666666666
304,22,Y,2548520,0.008495066666666667
776,81,Y,2547096,0.008490319999999999
68,676,Y,2544976,0.008483253333333335
6,177,Y,2544936,0.00848312
428,37,Y,2543224,0.008477413333333333
898,96,Y,2538304,0.008461013333333333
892,95,Y,2538200,0.008460666666666667
752,78,Y,2532264,0.00844088
69,680,Y,2521328,0.008404426666666666
84,800,Y,2521152,0.00840384
1050,115,Y,2518848,0.00839616
83,794,Y,2513448,0.00837816
142,1,Y,2513136,0.00837712
5,172,Y,2513016,0.00837672
631,62,Y,2508640,0.008362133333333334
47,504,Y,2508048,0.00836016
42,467,Y,2507168,0.008357226666666667
29,364,Y,2504016,0.00834672
900,96,Y,2503896,0.008346319999999999
105,968,Y,2500024,0.008333413333333333
160,4,Y,2499736,0.008332453333333333
622,61,Y,2496760,0.008322533333333333
197,8,Y,2495984,0.008319946666666666
89,845,Y,2489352,0.00829784
374,30,Y,2488784,0.008295946666666667
906,97,Y,2485072,0.008283573333333334
1034,113,Y,2483568,0.00827856
63,633,Y,2483416,0.008278053333333334
49,521,Y,2482976,0.008276586666666667
743,76,Y,2481384,0.00827128
41,461,Y,2477512,0.008258373333333333
415,35,Y,2475712,0.008252373333333334
0,132,Y,2474240,0.008247466666666666
139,1,Y,2474032,0.008246773333333334
10,210,Y,2473632,0.00824544
122,1105,Y,2473144,0.008243813333333334
100,932,Y,2471200,0.008237333333333334
286,19,Y,2470624,0.008235413333333334
33,398,Y,2470040,0.008233466666666666
40,453,Y,2469984,0.008233279999999999
313,23,Y,2468336,0.008227786666666667
65,654,Y,2468176,0.008227253333333334
542,51,Y,2466528,0.00822176
61,621,Y,2465208,0.00821736
15,253,Y,2463432,0.008211439999999999
1146,127,Y,2460784,0.008202613333333334
56,576,Y,2460120,0.0082004
56,580,Y,2459160,0.0081972
1017,111,Y,2458176,0.00819392
544,52,Y,2453688,0.00817896
124,1124,Y,2452992,0.00817664
45,492,Y,2451208,0.008170693333333333
47,510,Y,2449040,0.008163466666666667
775,80,Y,2448176,0.008160586666666667
35,409,Y,2446976,0.008156586666666667
372,30,Y,2441640,0.0081388
26,342,Y,2440128,0.00813376
875,93,Y,2440120,0.008133733333333334
24,320,Y,2439032,0.008130106666666666
212,10,Y,2434296,0.008114320000000001
104,963,Y,2434144,0.008113813333333332
60,609,Y,2432456,0.008108186666666666
884,94,Y,2430248,0.008100826666666667
50,533,Y,2425040,0.008083466666666666
124,1126,Y,2424344,0.008081146666666667
1060,116,Y,2422984,0.008076613333333335
813,85,Y,2421240,0.0080708
84,802,Y,2420520,0.0080684
1,142,Y,2419216,0.008064053333333333
990,107,Y,2411600,0.008038666666666666
102,949,Y,2410528,0.008035093333333333
69,687,Y,2408648,0.008028826666666667
18,276,Y,2407656,0.00802552
688,70,Y,2406248,0.008020826666666666
918,98,Y,2406176,0.008020586666666666
569,55,Y,2404784,0.008015946666666668
731,75,Y,2403840,0.0080128
4,163,Y,2402744,0.008009146666666666
1026,112,Y,2402472,0.00800824
71,697,Y,2401456,0.008004853333333334
19,280,Y,2400392,0.008001306666666666
616,61,Y,2399568,0.00799856
8,199,Y,2399400,0.007998
709,72,Y,2397656,0.007992186666666666
822,86,Y,2394968,0.007983226666666668
836,88,Y,2391560,0.007971866666666667
60,612,Y,2391528,0.00797176
555,53,Y,2390264,0.007967546666666667
879,93,Y,2384800,0.007949333333333333
112,1024,Y,2383712,0.007945706666666667
113,1033,Y,2383360,0.007944533333333333
1001,109,Y,2382248,0.007940826666666666
472,43,Y,2381544,0.00793848
38,434,Y,2379208,0.007930693333333334
335,25,Y,2377848,0.00792616
217,11,Y,2376824,0.007922746666666668
19,285,Y,2375568,0.00791856
42,469,Y,2372864,0.007909546666666666
23,316,Y,2372640,0.0079088
96,903,Y,2372144,0.007907146666666667
765,79,Y,2371504,0.007905013333333334
377,31,Y,2370784,0.007902613333333332
36,417,Y,2369496,0.00789832
4,164,Y,2366912,0.007889706666666666
58,592,Y,2365752,0.00788584
419,36,Y,2365672,0.007885573333333333
496,46,Y,2362832,0.007876106666666667
817,86,Y,2362688,0.007875626666666666
644,64,Y,2362056,0.00787352
499,46,Y,2359992,0.00786664
100,934,Y,2359784,0.007865946666666667
5,174,Y,2354640,0.0078488
211,10,Y,2351704,0.007839013333333334
66,663,Y,2351056,0.007836853333333333
85,810,Y,2343960,0.007813200000000001
103,958,Y,2341712,0.007805706666666667
234,13,Y,2341664,0.007805546666666666
97,906,Y,2340712,0.007802373333333333
660,66,Y,2337640,0.007792133333333334
727,74,Y,2336392,0.007787973333333334
72,709,Y,2334368,0.007781226666666666
70,688,Y,2332584,0.00777528
94,885,Y,2331512,0.007771706666666667
1097,121,Y,2330312,0.007767706666666666
41,460,Y,2329424,0.007764746666666667
1140,126,Y,2324168,0.007747226666666666
1108,122,Y,2323960,0.007746533333333334
795,83,Y,2322672,0.007742240000000001
773,80,Y,2322368,0.007741226666666667
1075,118,Y,2321576,0.007738586666666666
109,1006,Y,2321440,0.007738133333333333
1092,120,Y,2320352,0.007734506666666667
76,736,Y,2319808,0.007732693333333334
1038,113,Y,2319800,0.007732666666666666
72,711,Y,2319216,0.00773072
620,61,Y,2319104,0.007730346666666667
108,995,Y,2319048,0.00773016
936,101,Y,2318360,0.007727866666666667
583,56,Y,2314016,0.007713386666666666
59,606,Y,2312768,0.007709226666666667
20,289,Y,2311328,0.007704426666666667
793,83,Y,2309920,0.0076997333333333326
540,51,Y,2308896,0.00769632
418,36,Y,2308704,0.00769568
435,38,Y,2308656,0.00769552
649,65,Y,2305960,0.007686533333333334
678,68,Y,2305208,0.007684026666666667
105,969,Y,2304808,0.007682693333333333
839,88,Y,2303824,0.007679413333333333
83,797,Y,2299984,0.007666613333333333
61,618,Y,2299832,0.007666106666666667
83,798,Y,2297720,0.007659066666666666
70,695,Y,2296304,0.007654346666666667
161,4,Y,2295472,0.007651573333333333
21,302,Y,2295360,0.0076512
101,936,Y,2294256,0.0076475200000000005
151,2,Y,2293896,0.007646320000000001
1077,118,Y,2293840,0.007646133333333333
59,601,Y,2292720,0.0076424
93,879,Y,2290160,0.007633866666666667
12,227,Y,2286936,0.00762312
264,17,Y,2286496,0.007621653333333334
80,770,Y,2285552,0.007618506666666667
106,979,Y,2284824,0.007616080000000001
103,955,Y,2282384,0.007607946666666667
316,23,Y,2275192,0.007583973333333334
1105,122,Y,2272816,0.007576053333333332
913,98,Y,2272488,0.0075749599999999995
369,30,Y,2272416,0.007574720000000001
77,744,Y,2272144,0.007573813333333334
269,17,Y,2269320,0.0075644
1059,116,Y,2268640,0.0075621333333333336
837,88,Y,2268592,0.007561973333333333
67,664,Y,2268448,0.007561493333333333
131,0,Y,2268304,0.007561013333333333
81,777,Y,2265408,0.007551359999999999
61,616,Y,2264848,0.007549493333333333
835,88,Y,2263128,0.00754376
76,743,Y,2261536,0.007538453333333333
176,6,Y,2257928,0.007526426666666667
458,41,Y,2255920,0.007519733333333334
18,273,Y,2255864,0.0075195466666666665
563,54,Y,2252032,0.007506773333333334
22,304,Y,2250880,0.007502933333333334
838,88,Y,2250328,0.0075010933333333335
76,738,Y,2247608,0.007492026666666666
22,309,Y,2247512,0.007491706666666667
650,65,Y,2243256,0.0074775200000000005
666,67,Y,2242264,0.007474213333333333
979,106,Y,2240768,0.007469226666666666
365,29,Y,2239176,0.007463920000000001
105,974,Y,2238048,0.00746016
630,62,Y,2237408,0.007458026666666666
576,56,Y,2232008,0.007440026666666667
94,881,Y,2230368,0.00743456
114,1044,Y,2229672,0.00743224
99,920,Y,2227848,0.00742616
657,66,Y,2227696,0.007425653333333334
274,18,Y,2224040,0.007413466666666666
78,756,Y,2223384,0.00741128
1,140,Y,2220536,0.007401786666666666
710,72,Y,2216192,0.007387306666666667
828,87,Y,2214464,0.007381546666666666
125,1135,Y,2212656,0.00737552
82,786,Y,2210680,0.007368933333333334
440,39,Y,2209928,0.007366426666666667
17,270,Y,2206632,0.0073554399999999995
40,451,Y,2206360,0.007354533333333334
1,143,Y,2206088,0.007353626666666667
963,104,Y,2204744,0.007349146666666667
14,241,Y,2204032,0.007346773333333333
922,99,Y,2201368,0.007337893333333334
31,383,Y,2201216,0.007337386666666668
4,160,Y,2200528,0.007335093333333333
58,593,Y,2199728,0.007332426666666668
74,725,Y,2198656,0.007328853333333333
693,70,Y,2194176,0.007313920000000001
78,758,Y,2193984,0.00731328
1056,116,Y,2191000,0.0073033333333333336
272,18,Y,2189408,0.007298026666666666
561,54,Y,2189152,0.007297173333333334
78,755,Y,2187696,0.00729232
82,787,Y,2183088,0.00727696
167,4,Y,2183072,0.007276906666666666
797,83,Y,2182944,0.00727648
97,911,Y,2182608,0.00727536
1005,109,Y,2178144,0.00726048
597,58,Y,2176856,0.007256186666666667
207,9,Y,2175056,0.007250186666666667
573,55,Y,2173496,0.0072449866666666664
902,96,Y,2173368,0.007244560000000001
20,291,Y,2172256,0.007240853333333333
98,919,Y,2172160,0.007240533333333333
581,56,Y,2171840,0.007239466666666666
33,395,Y,2168952,0.00722984
79,760,Y,2167640,0.007225466666666667
63,635,Y,2167160,0.007223866666666666
437,38,Y,2166856,0.007222853333333334
106,978,Y,2165152,0.0072171733333333335
9,205,Y,2164496,0.007214986666666667
6,181,Y,2164008,0.007213359999999999
102,947,Y,2163336,0.0072111200000000006
865,92,Y,2163016,0.007210053333333334
32,391,Y,2160616,0.007202053333333334
178,6,Y,2158736,0.007195786666666667
359,28,Y,2157320,0.007191066666666667
80,774,Y,2156752,0.007189173333333333
18,278,Y,2154056,0.007180186666666667
1039,113,Y,2153368,0.0071778933333333335
123,1112,Y,2152400,0.007174666666666667
4,167,Y,2151448,0.007171493333333333
696,71,Y,2150624,0.0071687466666666665
15,249,Y,2149224,0.00716408
711,72,Y,2146000,0.007153333333333333
51,537,Y,2145752,0.0071525066666666675
575,55,Y,2143960,0.007146533333333333
179,6,Y,2143920,0.007146400000000001
614,60,Y,2143864,0.007146213333333333
46,500,Y,2142400,0.007141333333333334
21,297,Y,2142248,0.0071408266666666675
498,46,Y,2141296,0.007137653333333334
966,104,Y,2134672,0.007115573333333332
24,326,Y,2133760,0.007112533333333333
511,47,Y,2133448,0.007111493333333333
348,27,Y,2131400,0.007104666666666666
284,19,Y,2130752,0.007102506666666667
16,262,Y,2130280,0.007100933333333333
745,77,Y,2126256,0.00708752
1072,118,Y,2125200,0.007084000000000001
83,792,Y,2124920,0.007083066666666667
867,92,Y,2124528,0.0070817599999999994
237,13,Y,2123208,0.0070773599999999996
309,22,Y,2123192,0.0070773066666666665
157,3,Y,2123176,0.007077253333333333
169,5,Y,2121944,0.007073146666666667
919,98,Y,2120504,0.007068346666666667
48,513,Y,2119016,0.007063386666666667
168,5,Y,2117824,0.007059413333333333
61,623,Y,2117408,0.007058026666666667
96,897,Y,2115888,0.0070529600000000005
378,31,Y,2113824,0.00704608
85,813,Y,2111232,0.00703744
747,77,Y,2110904,0.007036346666666667
483,44,Y,2110232,0.007034106666666666
885,94,Y,2110160,0.007033866666666667
39,442,Y,2103640,0.007012133333333333
410,35,Y,2100472,0.007001573333333334
10,213,Y,2099912,0.006999706666666667
362,29,Y,2095264,0.0069842133333333336
421,36,Y,2093288,0.006977626666666667
47,508,Y,2092816,0.0069760533333333334
307,22,Y,2091184,0.006970613333333334
596,58,Y,2090760,0.0069692
42,468,Y,2088568,0.006961893333333333
733,75,Y,2088424,0.006961413333333334
63,632,Y,2086504,0.006955013333333333
94,882,Y,2086504,0.006955013333333333
844,89,Y,2086472,0.006954906666666666
293,20,Y,2084072,0.006946906666666666
104,966,Y,2084016,0.006946720000000001
68,674,Y,2078480,0.006928266666666667
148,2,Y,2077136,0.006923786666666667
124,1125,Y,2076168,0.00692056
107,985,Y,2075984,0.006919946666666667
35,410,Y,2075400,0.006918
655,65,Y,2075168,0.006917226666666667
128,0,Y,2075080,0.006916933333333333
74,727,Y,2071616,0.0069053866666666675
783,81,Y,2070344,0.006901146666666666
90,850,Y,2068176,0.0068939199999999996
856,91,Y,2066936,0.006889786666666667
62,628,Y,2066144,0.0068871466666666666
547,52,Y,2065200,0.0068839999999999995
853,90,Y,2064328,0.006881093333333334
758,78,Y,2063464,0.0068782133333333325
447,39,Y,2063016,0.00687672
4,166,Y,2062904,0.006876346666666667
126,1136,Y,2062064,0.006873546666666667
967,104,Y,2061160,0.006870533333333333
744,77,Y,2061136,0.0068704533333333335
4,162,Y,2058040,0.006860133333333334
287,19,Y,2057816,0.006859386666666667
92,868,Y,2057408,0.006858026666666666
73,718,Y,2056944,0.006856480000000001
1,138,Y,2055544,0.006851813333333333
91,860,Y,2054496,0.00684832
426,37,Y,2054088,0.00684696
63,639,Y,2050992,0.006836640000000001
579,56,Y,2050352,0.006834506666666666
457,41,Y,2049768,0.00683256
118,1078,Y,2048536,0.006828453333333333
510,47,Y,2047760,0.006825866666666666
703,71,Y,2045504,0.006818346666666666
67,665,Y,2044136,0.006813786666666667
568,55,Y,2042848,0.006809493333333334
214,10,Y,2032184,0.006773946666666667
1027,112,Y,2031496,0.006771653333333334
68,677,Y,2028512,0.0067617066666666665
992,108,Y,2026784,0.006755946666666666
45,495,Y,2025832,0.006752773333333332
1062,116,Y,2025816,0.00675272
1000,109,Y,2025504,0.0067516799999999995
54,563,Y,2024536,0.006748453333333333
122,1104,Y,2023600,0.006745333333333332
2,150,Y,2020208,0.006734026666666667
40,454,Y,2020032,0.00673344
17,271,Y,2019928,0.006733093333333333
609,60,Y,2016376,0.006721253333333333
10,211,Y,2014432,0.006714773333333333
48,517,Y,2012912,0.0067097066666666665
174,5,Y,2009376,0.00669792
5,169,Y,2008432,0.0066947733333333325
114,1043,Y,2007208,0.006690693333333333
51,540,Y,2005416,0.006684720000000001
699,71,Y,2005416,0.006684720000000001
23,312,Y,2002752,0.00667584
60,610,Y,1997544,0.00665848
153,3,Y,1996840,0.006656133333333334
72,708,Y,1995824,0.0066527466666666665
246,14,Y,1995544,0.0066518133333333335
64,641,Y,1991312,0.006637706666666667
20,295,Y,1991280,0.0066376000000000004
60,614,Y,1989672,0.006632239999999999
92,866,Y,1988320,0.006627733333333333
880,94,Y,1986696,0.006622320000000001
1061,116,Y,1985424,0.006618079999999999
2,146,Y,1984256,0.006614186666666667
455,40,Y,1983408,0.006611359999999999
38,432,Y,1980768,0.0066025599999999995
79,767,Y,1979040,0.0065968
1126,124,Y,1977936,0.00659312
17,265,Y,1973928,0.00657976
794,83,Y,1973280,0.0065776
1111,122,Y,1972568,0.006575226666666667
141,1,Y,1971608,0.006572026666666667
30,368,Y,1971408,0.00657136
104,960,Y,1970064,0.00656688
86,818,Y,1970048,0.006566826666666666
62,627,Y,1969392,0.00656464
1115,123,Y,1967928,0.00655976
53,557,Y,1965136,0.0065504533333333335
66,660,Y,1959920,0.006533066666666667
345,27,Y,1959368,0.0065312266666666665
71,700,Y,1950336,0.006501120000000001
358,28,Y,1946360,0.0064878666666666664
658,66,Y,1944696,0.00648232
512,48,Y,1944688,0.006482293333333333
895,95,Y,1942968,0.006476559999999999
35,414,Y,1941032,0.006470106666666667
337,26,Y,1939296,0.00646432
876,93,Y,1935160,0.006450533333333333
122,1107,Y,1934864,0.006449546666666667
612,60,Y,1930984,0.006436613333333333
67,671,Y,1930976,0.0064365866666666665
104,964,Y,1930600,0.006435333333333333
45,491,Y,1928296,0.0064276533333333325
123,1116,Y,1927584,0.006425279999999999
276,18,Y,1926880,0.006422933333333334
270,17,Y,1922496,0.00640832
1069,117,Y,1919416,0.006398053333333333
14,247,Y,1918120,0.006393733333333333
68,672,Y,1917184,0.006390613333333333
1096,121,Y,1915632,0.00638544
1112,123,Y,1914896,0.006382986666666667
124,1123,Y,1911648,0.00637216
368,30,Y,1910576,0.006368586666666667
255,15,Y,1909032,0.00636344
519,48,Y,1907672,0.006358906666666667
626,62,Y,1906880,0.0063562666666666665
84,801,Y,1905040,0.006350133333333333
25,334,Y,1902072,0.0063402400000000005
90,848,Y,1901560,0.0063385333333333335
51,543,Y,1899560,0.006331866666666666
72,704,Y,1899088,0.006330293333333333
96,898,Y,1898064,0.006326880000000001
1139,126,Y,1895904,0.006319679999999999
578,56,Y,1894160,0.006313866666666668
475,43,Y,1893792,0.0063126400000000004
387,32,Y,1889960,0.006299866666666667
120,1092,Y,1888312,0.006294373333333333
53,554,Y,1887104,0.006290346666666667
618,61,Y,1885872,0.006286239999999999
960,104,Y,1884368,0.006281226666666666
517,48,Y,1883784,0.006279280000000001
642,64,Y,1883520,0.0062784
57,590,Y,1883032,0.006276773333333334
93,873,Y,1882840,0.006276133333333334
277,18,Y,1882208,0.006274026666666667
792,83,Y,1879496,0.006264986666666667
68,673,Y,1876720,0.0062557333333333335
521,49,Y,1873680,0.0062456
100,931,Y,1872872,0.006242906666666666
753,78,Y,1869520,0.006231733333333333
29,363,Y,1869248,0.006230826666666666
933,100,Y,1868088,0.00622696
175,5,Y,1864808,0.006216026666666667
704,72,Y,1863688,0.006212293333333334
590,57,Y,1863680,0.0062122666666666665
9,200,Y,1862280,0.006207600000000001
54,561,Y,1861424,0.006204746666666667
1070,117,Y,1860248,0.006200826666666666
96,896,Y,1860048,0.006200160000000001
79,761,Y,1855144,0.006183813333333333
675,68,Y,1852840,0.006176133333333333
549,52,Y,1848592,0.006161973333333333
332,25,Y,1845984,0.00615328
994,108,Y,1845712,0.006152373333333333
109,1001,Y,1844304,0.006147679999999999
46,498,Y,1844224,0.006147413333333333
915,98,Y,1843288,0.0061442933333333335
18,277,Y,1840920,0.0061364
116,1063,Y,1839600,0.006132
21,296,Y,1837216,0.006124053333333334
154,3,Y,1834728,0.00611576
10,209,Y,1833416,0.006111386666666666
717,73,Y,1832832,0.00610944
30,373,Y,1831304,0.006104346666666667
105,975,Y,1824968,0.006083226666666666
668,67,Y,1822792,0.006075973333333333
1009,110,Y,1816920,0.0060564
351,27,Y,1815264,0.00605088
23,318,Y,1813120,0.006043733333333333
757,78,Y,1808440,0.006028133333333334
115,1048,Y,1806232,0.006020773333333333
357,28,Y,1806152,0.0060205066666666664
64,642,Y,1805656,0.006018853333333333
74,724,Y,1804496,0.006014986666666666
713,73,Y,1804072,0.0060135733333333335
27,345,Y,1801944,0.00600648
70,691,Y,1798176,0.00599392
54,565,Y,1796168,0.005987226666666666
54,562,Y,1794176,0.005980586666666667
100,935,Y,1791504,0.00597168
82,789,Y,1787152,0.005957173333333333
101,942,Y,1786856,0.005956186666666667
71,702,Y,1786032,0.00595344
36,423,Y,1778392,0.005927973333333334
45,494,Y,1777736,0.005925786666666667
50,531,Y,1777568,0.005925226666666667
504,47,Y,1776296,0.005920986666666666
920,99,Y,1774912,0.005916373333333333
981,106,Y,1773576,0.00591192
209,10,Y,1772296,0.005907653333333334
126,1141,Y,1768832,0.005896106666666667
763,79,Y,1767544,0.005891813333333333
536,51,Y,1765856,0.005886186666666667
1042,114,Y,1763648,0.0058788266666666665
572,55,Y,1763424,0.00587808
566,54,Y,1762648,0.005875493333333334
27,348,Y,1758728,0.005862426666666667
1073,118,Y,1756432,0.005854773333333334
491,45,Y,1753456,0.005844853333333334
38,433,Y,1749888,0.00583296
155,3,Y,1748552,0.005828506666666667
30,372,Y,1747808,0.005826026666666667
98,918,Y,1747448,0.005824826666666667
624,62,Y,1745912,0.005819706666666666
615,60,Y,1743304,0.0058110133333333334
681,69,Y,1742600,0.005808666666666667
85,811,Y,1741024,0.0058034133333333335
946,102,Y,1738336,0.005794453333333334
444,39,Y,1738296,0.0057943199999999995
84,806,Y,1737032,0.005790106666666667
585,57,Y,1732128,0.00577376
664,67,Y,1732024,0.005773413333333333
200,9,Y,1722488,0.005741626666666667
122,1106,Y,1719008,0.005730026666666666
97,910,Y,1717440,0.0057247999999999995
353,28,Y,1714248,0.00571416
119,1081,Y,1711864,0.005706213333333333
1063,116,Y,1711832,0.005706106666666667
65,652,Y,1709616,0.00569872
2,144,Y,1705528,0.005685093333333334
34,406,Y,1703352,0.00567784
24,322,Y,1702728,0.00567576
36,422,Y,1702512,0.00567504
55,568,Y,1701744,0.005672480000000001
38,437,Y,1701520,0.005671733333333333
14,240,Y,1701104,0.005670346666666666
125,1132,Y,1699808,0.0056660266666666665
593,58,Y,1695696,0.00565232
62,625,Y,1695576,0.0056519199999999995
33,394,Y,1694072,0.0056469066666666665
79,763,Y,1693176,0.00564392
107,990,Y,1690856,0.005636186666666667
103,956,Y,1689624,0.005632079999999999
117,1069,Y,1689360,0.0056312
300,21,Y,1688680,0.005628933333333333
44,484,Y,1679864,0.005599546666666667
514,48,Y,1678656,0.0055955200000000005
1107,122,Y,1675384,0.005584613333333334
823,86,Y,1670744,0.005569146666666667
295,20,Y,1670576,0.005568586666666667
90,853,Y,1663616,0.0055453866666666666
127,1150,Y,1662264,0.00554088
40,452,Y,1661936,0.005539786666666667
31,376,Y,1660744,0.005535813333333334
112,1031,Y,1660504,0.005535013333333333
87,829,Y,1658136,0.00552712
43,477,Y,1653520,0.005511733333333334
82,784,Y,1652656,0.005508853333333333
281,19,Y,1652032,0.0055067733333333336
59,607,Y,1651440,0.0055048
85,812,Y,1650200,0.005500666666666667
890,95,Y,1648776,0.00549592
7,185,Y,1646280,0.0054876000000000005
433,38,Y,1646016,0.0054867200000000005
948,102,Y,1642672,0.005475573333333333
282,19,Y,1641184,0.005470613333333333
800,84,Y,1635992,0.005453306666666667
137,1,Y,1635960,0.0054532
34,404,Y,1635808,0.005452693333333334
71,696,Y,1634512,0.0054483733333333334
266,17,Y,1634248,0.0054474933333333335
100,928,Y,1633720,0.0054457333333333335
81,781,Y,1632152,0.005440506666666667
13,234,Y,1629520,0.005431733333333333
652,65,Y,1628744,0.0054291466666666665
188,7,Y,1628536,0.005428453333333333
1025,112,Y,1627728,0.00542576
173,5,Y,1626320,0.005421066666666667
755,78,Y,1624568,0.005415226666666667
111,1019,Y,1624168,0.0054138933333333335
123,1119,Y,1622736,0.00540912
481,44,Y,1621560,0.0054052
831,87,Y,1621384,0.005404613333333333
220,11,Y,1620624,0.00540208
10,208,Y,1620168,0.0054005599999999996
8,193,Y,1618264,0.005394213333333333
462,41,Y,1613912,0.005379706666666667
864,92,Y,1613104,0.005377013333333334
91,857,Y,1613088,0.00537696
122,1111,Y,1611888,0.00537296
1007,109,Y,1611392,0.0053713066666666665
27,344,Y,1608160,0.005360533333333333
533,50,Y,1605776,0.005352586666666667
150,2,Y,1605160,0.005350533333333333
5,175,Y,1604808,0.00534936
474,43,Y,1603656,0.00534552
1135,125,Y,1602232,0.005340773333333333
46,496,Y,1600736,0.005335786666666667
7,189,Y,1599920,0.005333066666666666
111,1020,Y,1597008,0.00532336
932,100,Y,1594864,0.005316213333333333
85,814,Y,1593104,0.005310346666666667
735,75,Y,1592792,0.005309306666666667
111,1021,Y,1591112,0.005303706666666666
928,100,Y,1590536,0.0053017866666666665
715,73,Y,1589800,0.005299333333333333
810,85,Y,1588840,0.005296133333333333
371,30,Y,1587936,0.00529312
914,98,Y,1583344,0.005277813333333333
868,92,Y,1582480,0.005274933333333333
537,51,Y,1581224,0.005270746666666667
611,60,Y,1581144,0.00527048
67,667,Y,1579808,0.005266026666666666
65,650,Y,1574176,0.0052472533333333335
104,962,Y,1570776,0.00523592
241,14,Y,1570016,0.005233386666666667
690,70,Y,1566248,0.005220826666666667
847,89,Y,1565488,0.005218293333333333
46,502,Y,1564888,0.0052162933333333335
70,693,Y,1564512,0.00521504
12,230,Y,1562192,0.005207306666666666
49,522,Y,1560400,0.005201333333333333
117,1064,Y,1558760,0.005195866666666667
19,281,Y,1558480,0.005194933333333334
574,55,Y,1554696,0.00518232
985,107,Y,1551736,0.005172453333333334
617,61,Y,1550312,0.0051677066666666665
45,488,Y,1550144,0.005167146666666667
833,88,Y,1548904,0.005163013333333333
104,967,Y,1546560,0.0051551999999999995
930,100,Y,1546408,0.005154693333333333
31,378,Y,1545808,0.005152693333333334
98,912,Y,1541656,0.005138853333333333
9,202,Y,1540392,0.00513464
13,238,Y,1539568,0.005131893333333333
760,79,Y,1538144,0.005127146666666666
667,67,Y,1536240,0.0051208
1128,125,Y,1534968,0.00511656
22,307,Y,1531752,0.0051058399999999995
96,901,Y,1529616,0.00509872
746,77,Y,1529472,0.00509824
476,43,Y,1528952,0.005096506666666666
978,106,Y,1526272,0.005087573333333333
695,70,Y,1525488,0.00508496
975,105,Y,1525400,0.005084666666666667
116,1060,Y,1524080,0.005080266666666667
501,46,Y,1524024,0.005080080000000001
76,740,Y,1521720,0.0050723999999999995
349,27,Y,1519560,0.005065200000000001
82,785,Y,1519360,0.0050645333333333336
34,401,Y,1517520,0.0050584
1117,123,Y,1515160,0.0050505333333333334
91,862,Y,1514728,0.005049093333333333
108,993,Y,1514672,0.005048906666666666
35,411,Y,1512112,0.005040373333333333
383,31,Y,1511352,0.00503784
275,18,Y,1510336,0.0050344533333333335
74,723,Y,1509936,0.0050331199999999994
500,46,Y,1508792,0.005029306666666667
48,518,Y,1504904,0.005016346666666667
89,843,Y,1501360,0.005004533333333333
47,507,Y,1500768,0.00500256
3,152,Y,1495080,0.0049836
601,59,Y,1488416,0.004961386666666667
42,464,Y,1486368,0.00495456
253,15,Y,1484728,0.004949093333333333
57,588,Y,1484400,0.004948
927,99,Y,1483824,0.00494608
87,827,Y,1481696,0.0049389866666666666
646,64,Y,1479648,0.00493216
741,76,Y,1478632,0.004928773333333333
471,42,Y,1477120,0.004923733333333333
420,36,Y,1473656,0.004912186666666667
707,72,Y,1472632,0.004908773333333333
11,219,Y,1465568,0.004885226666666667
37,429,Y,1465208,0.004884026666666667
17,266,Y,1463456,0.004878186666666667
125,1131,Y,1462376,0.0048745866666666665
95,889,Y,1460552,0.004868506666666666
931,100,Y,1459760,0.004865866666666667
90,855,Y,1459496,0.004864986666666667
88,835,Y,1457856,0.00485952
115,1050,Y,1454264,0.004847546666666667
551,52,Y,1442032,0.0048067733333333335
1022,111,Y,1438536,0.00479512
29,362,Y,1436568,0.00478856
140,1,Y,1435768,0.004785893333333333
56,581,Y,1435104,0.00478368
1114,123,Y,1433672,0.004778906666666667
25,335,Y,1433192,0.004777306666666667
346,27,Y,1432856,0.004776186666666667
670,67,Y,1427584,0.004758613333333333
883,94,Y,1413776,0.004712586666666667
77,747,Y,1413712,0.004712373333333333
267,17,Y,1413360,0.0047112
968,105,Y,1412856,0.00470952
9,201,Y,1410464,0.004701546666666666
623,61,Y,1410024,0.00470008
40,455,Y,1409312,0.004697706666666667
29,360,Y,1409296,0.004697653333333334
871,92,Y,1406720,0.004689066666666667
607,59,Y,1399800,0.004666
52,551,Y,1399088,0.004663626666666667
129,0,Y,1397824,0.004659413333333333
125,1134,Y,1395024,0.00465008
19,287,Y,1393752,0.00464584
72,707,Y,1389160,0.004630533333333333
29,367,Y,1387048,0.004623493333333333
477,43,Y,1383288,0.004610960000000001
232,13,Y,1381328,0.004604426666666667
857,91,Y,1379552,0.004598506666666667
94,887,Y,1379120,0.004597066666666667
89,842,Y,1376928,0.00458976
1015,110,Y,1375816,0.004586053333333333
682,69,Y,1375712,0.0045857066666666665
2,145,Y,1374224,0.0045807466666666664
233,13,Y,1371128,0.004570426666666667
81,778,Y,1369952,0.004566506666666666
14,244,Y,1364032,0.004546773333333333
0,135,Y,1363288,0.004544293333333333
582,56,Y,1359112,0.004530373333333333
77,746,Y,1359080,0.004530266666666667
1134,125,Y,1356648,0.00452216
785,82,Y,1354784,0.004515946666666667
641,64,Y,1353736,0.004512453333333333
296,21,Y,1353120,0.0045104
786,82,Y,1352432,0.004508106666666667
50,530,Y,1351264,0.004504213333333333
66,661,Y,1350816,0.00450272
522,49,Y,1348752,0.00449584
790,82,Y,1347832,0.004492773333333333
112,1026,Y,1345784,0.0044859466666666665
962,104,Y,1344456,0.00448152
69,681,Y,1340136,0.00446712
33,397,Y,1339720,0.004465733333333333
33,393,Y,1338376,0.004461253333333333
465,42,Y,1335568,0.004451893333333333
7,188,Y,1334232,0.00444744
78,752,Y,1333304,0.004444346666666667
950,102,Y,1329000,0.00443
83,799,Y,1321736,0.004405786666666666
47,511,Y,1321440,0.0044048
46,501,Y,1321176,0.0044039199999999995
13,237,Y,1319128,0.0043970933333333335
83,795,Y,1315392,0.00438464
56,582,Y,1310552,0.004368506666666667
546,52,Y,1309752,0.00436584
96,900,Y,1303296,0.00434432
432,38,Y,1302024,0.00434008
75,731,Y,1296776,0.004322586666666667
873,93,Y,1291544,0.0043051466666666665
528,50,Y,1291240,0.004304133333333333
74,722,Y,1290568,0.004301893333333333
290,20,Y,1287064,0.004290213333333333
123,1113,Y,1284704,0.0042823466666666666
114,1042,Y,1284416,0.004281386666666667
73,714,Y,1282400,0.004274666666666667
983,106,Y,1278760,0.004262533333333333
64,646,Y,1276024,0.004253413333333333
77,745,Y,1275304,0.004251013333333333
32,390,Y,1271400,0.004238
0,129,Y,1267584,0.0042252800000000005
90,852,Y,1265680,0.004218933333333333
43,479,Y,1263832,0.0042127733333333335
814,85,Y,1261616,0.0042053866666666665
69,685,Y,1258680,0.004195600000000001
189,7,Y,1255184,0.004183946666666666
273,18,Y,1252544,0.0041751466666666666
254,15,Y,1251280,0.004170933333333333
729,75,Y,1249048,0.004163493333333333
342,26,Y,1248576,0.00416192
68,678,Y,1242792,0.00414264
113,1039,Y,1236344,0.004121146666666667
384,32,Y,1233456,0.0041115200000000005
774,80,Y,1232648,0.004108826666666667
44,485,Y,1225464,0.00408488
850,90,Y,1224448,0.004081493333333333
643,64,Y,1221328,0.004071093333333333
409,35,Y,1219944,0.00406648
84,803,Y,1217920,0.004059733333333333
37,427,Y,1217648,0.004058826666666667
852,90,Y,1211216,0.004037386666666667
1,141,Y,1206592,0.004021973333333333
130,0,Y,1204144,0.004013813333333334
1019,111,Y,1203800,0.004012666666666667
93,875,Y,1193504,0.003978346666666667
185,7,Y,1192544,0.003975146666666667
100,933,Y,1192272,0.00397424
320,24,Y,1190160,0.003967200000000001
250,15,Y,1189632,0.00396544
238,13,Y,1187040,0.0039568
450,40,Y,1184208,0.0039473600000000005
15,250,Y,1182304,0.003941013333333333
1064,117,Y,1174200,0.003914
152,3,Y,1173992,0.003913306666666666
61,617,Y,1173904,0.003913013333333333
1048,115,Y,1172432,0.003908106666666667
468,42,Y,1170920,0.0039030666666666665
55,569,Y,1168752,0.0038958400000000002
1008,110,Y,1157584,0.0038586133333333335
247,14,Y,1157192,0.0038573066666666663
166,4,Y,1152432,0.0038414400000000002
405,34,Y,1146672,0.00382224
68,679,Y,1135472,0.003784906666666667
36,421,Y,1115560,0.003718533333333333
66,658,Y,1113712,0.0037123733333333333
749,77,Y,1111152,0.00370384
123,1115,Y,1107968,0.0036932266666666667
120,1090,Y,1106544,0.0036884800000000005
1138,126,Y,1105016,0.0036833866666666666
1116,123,Y,1102768,0.003675893333333333
109,1007,Y,1102000,0.0036733333333333336
13,239,Y,1099344,0.00366448
1047,114,Y,1099168,0.0036638933333333333
51,539,Y,1098784,0.003662613333333333
116,1062,Y,1096664,0.0036555466666666667
360,29,Y,1090152,0.0036338399999999997
37,430,Y,1084952,0.0036165066666666666
789,82,Y,1080688,0.003602293333333333
318,23,Y,1079600,0.0035986666666666667
280,19,Y,1071896,0.0035729866666666665
75,729,Y,1068016,0.0035600533333333332
279,18,Y,1066032,0.00355344
1021,111,Y,1062448,0.0035414933333333333
35,412,Y,1043328,0.00347776
19,282,Y,1041856,0.0034728533333333333
64,644,Y,1039432,0.003464773333333333
125,1128,Y,1036760,0.0034558666666666665
18,279,Y,1033776,0.00344592
722,74,Y,1032168,0.00344056
25,332,Y,1030464,0.00343488
20,294,Y,1029960,0.0034332000000000004
663,66,Y,1029352,0.003431173333333333
58,594,Y,1024472,0.003414906666666667
3,153,Y,1018048,0.003393493333333333
328,25,Y,982664,0.003275546666666667
412,35,Y,977504,0.0032583466666666664
397,33,Y,970432,0.0032347733333333334
53,559,Y,966144,0.00322048
82,790,Y,958400,0.0031946666666666664
78,757,Y,956224,0.003187413333333333
86,817,Y,955480,0.003184933333333333
565,54,Y,948328,0.0031610933333333334
487,44,Y,944792,0.0031493066666666665
22,306,Y,931256,0.0031041866666666664
640,64,Y,926672,0.003088906666666667
980,106,Y,926232,0.00308744
45,493,Y,920672,0.0030689066666666665
41,462,Y,912208,0.0030406933333333333
1044,114,Y,909824,0.0030327466666666665
613,60,Y,902456,0.0030081866666666667
322,24,Y,892688,0.0029756266666666666
719,73,Y,889632,0.0029654399999999997
402,34,Y,883000,0.0029433333333333334
116,1059,Y,880216,0.0029340533333333334
119,1086,Y,866784,0.0028892799999999997
262,16,Y,839008,0.0027966933333333334
364,29,Y,838168,0.0027938933333333336
39,445,Y,838104,0.0027936799999999998
390,32,Y,836448,0.00278816
1036,113,Y,832912,0.0027763733333333335
123,1117,Y,831552,0.00277184
993,108,Y,828624,0.00276208
34,405,Y,827464,0.0027582133333333334
98,916,Y,823400,0.0027446666666666665
479,43,Y,811352,0.0027045066666666665
53,555,Y,799040,0.002663466666666667
373,30,Y,779800,0.0025993333333333333
21,300,Y,764176,0.0025472533333333333
96,902,Y,761648,0.0025388266666666664
229,12,Y,756072,0.00252024
502,46,Y,701616,0.00233872
1144,127,Y,576496,0.0019216533333333335
92,867,Y,497144,0.0016571466666666665
124,1127,Y,466200,0.001554
