PACKETS_DROPPED: 1169915
TCP_ACK_PACKETS_RECEIVED: 798650529
TCP_ACK_PACKETS_SENT: 798714062
TCP_DATA_PACKETS_RECEIVED: 799314491
TCP_DATA_PACKETS_SENT: 800475576
TCP_FLOWLET_OUT_OF_ORDER: 1017503
TCP_RESEND_OCCURRED: 1160465
VAL_NODE_0: 2752
VAL_NODE_1: 2884
VAL_NODE_10: 2805
VAL_NODE_100: 2798
VAL_NODE_101: 2750
VAL_NODE_102: 2832
VAL_NODE_103: 2649
VAL_NODE_104: 2766
VAL_NODE_105: 2730
VAL_NODE_106: 2764
VAL_NODE_107: 2819
VAL_NODE_108: 2749
VAL_NODE_109: 2779
VAL_NODE_11: 2872
VAL_NODE_110: 2744
VAL_NODE_111: 2673
VAL_NODE_112: 2744
VAL_NODE_113: 2805
VAL_NODE_114: 2704
VAL_NODE_115: 2784
VAL_NODE_116: 2720
VAL_NODE_117: 2798
VAL_NODE_118: 2807
VAL_NODE_119: 2817
VAL_NODE_12: 2721
VAL_NODE_120: 2895
VAL_NODE_121: 2817
VAL_NODE_122: 2719
VAL_NODE_123: 2750
VAL_NODE_124: 2824
VAL_NODE_125: 2723
VAL_NODE_126: 2805
VAL_NODE_127: 2810
VAL_NODE_128: 2909
VAL_NODE_129: 2821
VAL_NODE_13: 2758
VAL_NODE_130: 2784
VAL_NODE_131: 2754
VAL_NODE_132: 2833
VAL_NODE_133: 2854
VAL_NODE_134: 2861
VAL_NODE_135: 2822
VAL_NODE_136: 2746
VAL_NODE_137: 2778
VAL_NODE_138: 2773
VAL_NODE_139: 2798
VAL_NODE_14: 2752
VAL_NODE_140: 2729
VAL_NODE_141: 2831
VAL_NODE_142: 2794
VAL_NODE_143: 2793
VAL_NODE_144: 2768
VAL_NODE_145: 2775
VAL_NODE_146: 2732
VAL_NODE_147: 2767
VAL_NODE_148: 2809
VAL_NODE_149: 2737
VAL_NODE_15: 2746
VAL_NODE_150: 2780
VAL_NODE_151: 2844
VAL_NODE_152: 2834
VAL_NODE_153: 2706
VAL_NODE_154: 2763
VAL_NODE_155: 2786
VAL_NODE_156: 2789
VAL_NODE_157: 2767
VAL_NODE_158: 2720
VAL_NODE_159: 2713
VAL_NODE_16: 2826
VAL_NODE_160: 2788
VAL_NODE_161: 2835
VAL_NODE_162: 2779
VAL_NODE_163: 2774
VAL_NODE_164: 2769
VAL_NODE_165: 2655
VAL_NODE_166: 2793
VAL_NODE_167: 2732
VAL_NODE_168: 2814
VAL_NODE_169: 2853
VAL_NODE_17: 2749
VAL_NODE_170: 2685
VAL_NODE_171: 2811
VAL_NODE_172: 2799
VAL_NODE_173: 2698
VAL_NODE_174: 2752
VAL_NODE_175: 2773
VAL_NODE_176: 2659
VAL_NODE_177: 2769
VAL_NODE_178: 2763
VAL_NODE_179: 2770
VAL_NODE_18: 2792
VAL_NODE_180: 2836
VAL_NODE_181: 2772
VAL_NODE_182: 2755
VAL_NODE_183: 2811
VAL_NODE_184: 2763
VAL_NODE_185: 2824
VAL_NODE_186: 2786
VAL_NODE_187: 2797
VAL_NODE_188: 2766
VAL_NODE_189: 2748
VAL_NODE_19: 2783
VAL_NODE_190: 2809
VAL_NODE_191: 2758
VAL_NODE_192: 2810
VAL_NODE_193: 2882
VAL_NODE_194: 2696
VAL_NODE_195: 2827
VAL_NODE_196: 2779
VAL_NODE_197: 2773
VAL_NODE_198: 2679
VAL_NODE_199: 2771
VAL_NODE_2: 2729
VAL_NODE_20: 2732
VAL_NODE_200: 2876
VAL_NODE_201: 2783
VAL_NODE_202: 2784
VAL_NODE_203: 2702
VAL_NODE_204: 2685
VAL_NODE_205: 2766
VAL_NODE_206: 2690
VAL_NODE_207: 2880
VAL_NODE_208: 2798
VAL_NODE_209: 2759
VAL_NODE_21: 2831
VAL_NODE_210: 2843
VAL_NODE_211: 2811
VAL_NODE_212: 2844
VAL_NODE_213: 2756
VAL_NODE_214: 2728
VAL_NODE_215: 2831
VAL_NODE_22: 2690
VAL_NODE_23: 2818
VAL_NODE_24: 2863
VAL_NODE_25: 2824
VAL_NODE_26: 2817
VAL_NODE_27: 2883
VAL_NODE_28: 2749
VAL_NODE_29: 2772
VAL_NODE_3: 2913
VAL_NODE_30: 2699
VAL_NODE_31: 2857
VAL_NODE_32: 2698
VAL_NODE_33: 2638
VAL_NODE_34: 2741
VAL_NODE_35: 2829
VAL_NODE_36: 2739
VAL_NODE_37: 2717
VAL_NODE_38: 2727
VAL_NODE_39: 2753
VAL_NODE_4: 2714
VAL_NODE_40: 2801
VAL_NODE_41: 2771
VAL_NODE_42: 2846
VAL_NODE_43: 2681
VAL_NODE_44: 2774
VAL_NODE_45: 2785
VAL_NODE_46: 2729
VAL_NODE_47: 2762
VAL_NODE_48: 2691
VAL_NODE_49: 2787
VAL_NODE_5: 2816
VAL_NODE_50: 2738
VAL_NODE_51: 2697
VAL_NODE_52: 2801
VAL_NODE_53: 2757
VAL_NODE_54: 2793
VAL_NODE_55: 2903
VAL_NODE_56: 2822
VAL_NODE_57: 2910
VAL_NODE_58: 2804
VAL_NODE_59: 2750
VAL_NODE_6: 2744
VAL_NODE_60: 2764
VAL_NODE_61: 2689
VAL_NODE_62: 2740
VAL_NODE_63: 2730
VAL_NODE_64: 2804
VAL_NODE_65: 2733
VAL_NODE_66: 2749
VAL_NODE_67: 2843
VAL_NODE_68: 2783
VAL_NODE_69: 2835
VAL_NODE_7: 2880
VAL_NODE_70: 2818
VAL_NODE_71: 2750
VAL_NODE_72: 2861
VAL_NODE_73: 2800
VAL_NODE_74: 2817
VAL_NODE_75: 2793
VAL_NODE_76: 2834
VAL_NODE_77: 2724
VAL_NODE_78: 2814
VAL_NODE_79: 2704
VAL_NODE_8: 2814
VAL_NODE_80: 2911
VAL_NODE_81: 2802
VAL_NODE_82: 2799
VAL_NODE_83: 2804
VAL_NODE_84: 2693
VAL_NODE_85: 2660
VAL_NODE_86: 2758
VAL_NODE_87: 2799
VAL_NODE_88: 2811
VAL_NODE_89: 2765
VAL_NODE_9: 2829
VAL_NODE_90: 2805
VAL_NODE_91: 2768
VAL_NODE_92: 2743
VAL_NODE_93: 2784
VAL_NODE_94: 2748
VAL_NODE_95: 2763
VAL_NODE_96: 2754
VAL_NODE_97: 2819
VAL_NODE_98: 2721
VAL_NODE_99: 2773
