105,11,N,3479246439,11.59748813
11,97,N,3223265128,10.744217093333333
121,105,N,2102183408,7.0072780266666665
108,121,N,1950382760,6.501275866666667
124,108,N,1939777272,6.46592424
1120,124,Y,1931273632,6.437578773333333
11,218,Y,1930106256,6.43368752
99,2,N,879072341,2.9302411366666665
111,25,N,863803551,2.87934517
2,88,N,804233799,2.68077933
21,90,N,692378260,2.3079275333333333
42,88,N,668314410,2.2277147
88,42,N,646068104,2.1535603466666666
66,22,N,638424920,2.1280830666666666
10,60,N,552386822,1.8412894066666667
113,49,N,539188217,1.7972940566666669
88,2,N,398807459,1.3293581966666668
2,71,N,397666951,1.3255565033333334
4,85,N,389193062,1.2973102066666666
126,57,N,385109640,1.2836988
100,18,N,362809565,1.2093652166666666
66,41,N,359220122,1.1974004066666666
17,117,N,358612569,1.19537523
71,2,N,356117763,1.1870592100000001
15,84,N,348942229,1.1631407633333333
116,40,N,347592860,1.1586428666666668
13,122,N,343712248,1.1457074933333333
40,116,N,342564100,1.1418803333333334
47,123,N,340539044,1.1351301466666666
2,99,N,326825386,1.0894179533333332
102,17,N,326823489,1.0894116299999999
117,17,N,307091207,1.0236373566666668
23,54,N,303611754,1.01203918
82,0,N,290310585,0.96770195
123,14,N,281222513,0.9374083766666665
26,119,N,275564243,0.9185474766666667
60,10,N,273477840,0.9115928000000001
85,4,N,262985889,0.8766196299999999
89,60,N,252836887,0.8427896233333333
102,58,N,247912996,0.8263766533333333
0,82,N,244051490,0.8135049666666666
109,12,N,241136107,0.8037870233333333
102,34,N,228746932,0.7624897733333333
97,11,N,227254727,0.7575157566666667
79,4,N,226376673,0.75458891
64,18,N,221050330,0.7368344333333333
43,74,N,215585688,0.71861896
69,126,N,214967032,0.7165567733333333
4,115,N,212241152,0.7074705066666667
68,5,N,208508198,0.6950273266666667
14,123,N,207066509,0.6902216966666667
18,100,N,206065761,0.68688587
90,17,N,203874049,0.6795801633333334
924,99,Y,202112544,0.67370848
65,115,N,199999017,0.66666339
42,470,Y,199510720,0.6650357333333333
9,66,N,195920822,0.6530694066666667
107,126,N,195148053,0.65049351
115,65,N,193818892,0.6460629733333333
59,127,N,190770238,0.6359007933333333
39,43,N,187764152,0.6258805066666667
12,109,N,186810769,0.6227025633333333
97,38,N,185438888,0.6181296266666666
105,46,N,183836208,0.61278736
57,126,N,183009967,0.6100332233333333
24,44,N,182135824,0.6071194133333333
77,30,N,180278396,0.6009279866666667
44,53,N,179342344,0.5978078133333333
71,127,N,177633994,0.5921133133333334
18,64,N,175014730,0.5833824333333334
440,39,Y,173421944,0.5780731466666666
38,92,N,172737360,0.5757912
66,9,N,172460518,0.5748683933333334
120,82,N,172164674,0.5738822466666667
74,723,Y,171069424,0.5702314133333333
73,23,N,170905209,0.56968403
84,41,N,170714212,0.5690473733333333
92,124,N,169118496,0.56372832
58,102,N,168763612,0.5625453733333333
35,67,N,166269448,0.5542314933333333
218,11,Y,161647816,0.5388260533333333
27,1,N,161384992,0.5379499733333334
327,24,Y,161251928,0.5375064266666667
67,27,N,161223272,0.5374109066666666
30,77,N,160537705,0.5351256833333333
53,554,Y,160224688,0.5340822933333333
117,30,N,158313465,0.52771155
46,496,Y,158009672,0.5266989066666666
1097,121,Y,157658712,0.52552904
122,13,N,156514311,0.52171437
124,1120,Y,156512336,0.5217077866666667
127,59,N,155857534,0.5195251133333334
115,4,N,155649686,0.5188322866666667
126,69,N,154855146,0.5161838200000001
83,7,N,150567093,0.5018903100000001
415,35,Y,149863288,0.49954429333333333
25,111,N,148552697,0.49517565666666663
1,141,Y,143599096,0.4786636533333334
50,18,N,143412656,0.47804218666666665
1,125,N,142346769,0.47448923000000004
100,47,N,141044800,0.4701493333333333
5,105,N,140557168,0.4685238933333333
28,91,N,139054739,0.4635157966666667
0,110,N,136112338,0.4537077933333333
23,110,N,135576396,0.45192132
103,4,N,135195814,0.45065271333333334
84,15,N,135188240,0.45062746666666664
15,121,N,134941093,0.44980364333333334
105,5,N,134069887,0.4468996233333333
23,73,N,130753360,0.4358445333333333
125,15,N,130614664,0.4353822133333333
91,29,N,128847536,0.4294917866666667
7,83,N,128549028,0.42849676
96,10,N,124909650,0.41636549999999994
90,21,N,123778656,0.41259552
126,107,N,123002521,0.4100084033333333
4,79,N,121786574,0.40595524666666666
48,119,N,119488508,0.3982950266666667
54,23,N,117601193,0.3920039766666667
123,47,N,117553751,0.3918458366666666
17,102,N,116366157,0.38788719
30,117,N,115211216,0.38403738666666665
5,68,N,111974998,0.3732499933333333
108,10,N,110353384,0.36784461333333335
110,23,N,109789106,0.3659636866666667
34,102,N,109711451,0.36570483666666664
49,113,N,109681056,0.36560351999999996
87,11,N,109604435,0.36534811666666667
121,29,N,107415642,0.35805213999999996
29,121,N,107380487,0.35793495666666664
110,0,N,105823541,0.3527451366666667
10,108,N,104646754,0.3488225133333333
115,28,N,104206362,0.34735454
119,26,N,103564352,0.3452145066666667
91,28,N,100487501,0.3349583366666667
24,50,N,99011432,0.33003810666666666
5,106,N,98204134,0.32734711333333333
116,36,N,98151034,0.32717011333333335
41,84,N,98127446,0.32709148666666665
11,87,N,97932939,0.32644313
33,90,N,97387370,0.32462456666666667
106,5,N,95164546,0.31721515333333333
53,121,N,94391420,0.31463806666666666
119,48,N,94266123,0.31422041
107,42,N,92934213,0.30978071
125,1,N,91473192,0.30491064
22,66,N,91429451,0.30476483666666665
58,2,N,91356832,0.30452277333333333
6,120,N,89088221,0.29696073666666667
114,32,N,88480094,0.29493364666666666
17,60,N,86339166,0.28779722
85,100,N,84436792,0.28145597333333333
60,17,N,83806776,0.27935592000000004
90,33,N,83392077,0.27797359
118,25,N,82584881,0.27528293666666664
60,89,N,82245901,0.2741530033333333
25,118,N,81711005,0.27237001666666666
64,104,N,80595984,0.26865328
17,90,N,80546330,0.2684877666666667
46,114,N,80459094,0.26819698000000003
119,36,N,79625663,0.2654188766666667
121,53,N,79012326,0.26337442
42,124,N,78823712,0.2627457066666667
4,103,N,78178432,0.2605947733333333
29,91,N,77561146,0.2585371533333333
15,125,N,77471813,0.25823937666666663
42,107,N,76936353,0.25645451
28,115,N,76686094,0.25562031333333335
11,105,N,76518242,0.2550608066666667
36,116,N,76399004,0.2546633466666667
114,46,N,76002371,0.2533412366666667
93,18,N,75450444,0.25150148
82,120,N,74787171,0.24929057
120,6,N,74544398,0.24848132666666667
82,7,N,74184757,0.24728252333333334
103,29,N,73214322,0.24404774
125,102,N,73062912,0.24354304
47,39,N,73052064,0.24350688
121,15,N,72509138,0.24169712666666665
164,4,Y,71162840,0.23720946666666667
7,82,N,70915249,0.23638416333333334
29,103,N,70596656,0.23532218666666668
51,125,N,69962896,0.23320965333333332
41,66,N,68970992,0.22990330666666667
123,1117,Y,67638272,0.22546090666666668
535,50,Y,67493888,0.22497962666666668
32,114,N,67216877,0.22405625666666665
53,44,N,66880408,0.22293469333333335
124,42,N,66741235,0.2224707833333333
44,24,N,65110360,0.21703453333333333
536,51,Y,64792160,0.21597386666666668
2,147,Y,64790744,0.21596914666666667
127,71,N,64226883,0.21408960999999999
323,24,Y,63738336,0.21246111999999998
104,962,Y,62911904,0.20970634666666668
88,79,N,62040336,0.20680111999999998
8,125,N,60320951,0.20106983666666667
101,62,N,60015656,0.20005218666666666
18,93,N,59667933,0.19889310999999998
35,2,N,59644552,0.19881517333333334
74,53,N,59469048,0.19823016
125,8,N,59354511,0.19784837
39,444,Y,58931824,0.19643941333333334
70,52,N,58600472,0.19533490666666667
62,8,N,57844776,0.19281592
119,89,N,57790728,0.19263576000000002
30,84,N,57582264,0.19194088
67,35,N,57494192,0.19164730666666666
86,37,N,56618160,0.18872719999999998
109,28,N,56487639,0.18829213
52,124,N,56268256,0.18756085333333333
28,109,N,55980932,0.18660310666666668
31,70,N,55449392,0.18483130666666667
10,96,N,55037045,0.1834568166666667
70,62,N,54024152,0.18008050666666667
8,55,N,51207208,0.17069069333333334
37,94,N,51120520,0.17040173333333333
112,22,N,50031880,0.16677293333333335
80,72,N,49742208,0.16580736
36,119,N,48984319,0.16328106333333334
6,30,N,48358272,0.16119424
0,31,N,48299192,0.16099730666666667
76,116,N,46789280,0.15596426666666668
29,80,N,46755632,0.15585210666666668
77,85,N,46192856,0.15397618666666668
1,27,N,45532216,0.15177405333333333
55,571,Y,44414248,0.14804749333333334
939,101,Y,44179232,0.14726410666666667
85,77,N,43852928,0.14617642666666666
94,122,N,43547000,0.14515666666666666
14,65,N,43434256,0.14478085333333332
1,106,N,43029307,0.14343102333333335
813,85,Y,42790608,0.14263536
83,11,N,42262872,0.14087623999999999
25,21,N,42169960,0.14056653333333333
12,19,N,42113160,0.1403772
44,122,N,42065304,0.14021768
341,26,Y,42021848,0.14007282666666665
95,107,N,41869416,0.13956472
46,76,N,41569608,0.13856536
65,14,N,41473800,0.138246
71,10,N,41336872,0.13778957333333333
98,46,N,40990536,0.13663512
69,34,N,40901528,0.13633842666666668
10,49,N,40761104,0.13587034666666667
103,109,N,40372832,0.13457610666666667
52,70,N,40054944,0.13351648
10,213,Y,39857696,0.13285898666666665
105,121,N,39840944,0.13280314666666665
21,39,N,39832328,0.13277442666666667
127,44,N,39791296,0.13263765333333336
106,1,N,39281101,0.13093700333333333
670,67,Y,39018384,0.13006128
56,109,N,39013752,0.13004584
118,77,N,38821384,0.12940461333333333
66,54,N,38721064,0.12907021333333335
55,59,N,38587328,0.12862442666666665
16,0,N,38471648,0.12823882666666667
85,1,N,38355072,0.12785024
477,43,Y,37621184,0.12540394666666665
57,52,N,37517352,0.12505784
72,67,N,37285456,0.12428485333333333
22,26,N,37154784,0.12384927999999999
87,32,N,37091784,0.12363928
71,696,Y,36860616,0.12286872000000001
19,16,N,36693568,0.12231189333333334
54,66,N,36691464,0.12230488
124,1121,Y,36587808,0.12195935999999999
24,321,Y,36564304,0.12188101333333334
75,112,N,36441128,0.12147042666666666
76,61,N,36235776,0.12078592
54,56,N,36155200,0.12051733333333332
26,35,N,35953192,0.11984397333333334
49,97,N,35947616,0.11982538666666666
954,103,Y,35389504,0.11796501333333333
115,112,N,35255920,0.11751973333333333
110,112,N,35168568,0.11722856
41,83,N,35136512,0.11712170666666667
74,43,N,34980960,0.1166032
133,0,Y,34957504,0.11652501333333333
28,3,N,34832440,0.11610813333333334
49,9,N,33161600,0.11053866666666666
889,95,Y,32842040,0.10947346666666667
27,67,N,32576408,0.10858802666666666
48,87,N,32436840,0.1081228
87,111,N,32315304,0.10771768000000001
89,107,N,32243056,0.10747685333333333
61,15,N,32036944,0.10678981333333334
1150,127,Y,32028296,0.10676098666666665
59,51,N,31914104,0.10638034666666665
83,58,N,31803600,0.106012
45,1,N,31770008,0.10590002666666666
80,77,N,31708936,0.10569645333333333
85,81,N,31527640,0.10509213333333334
52,57,N,31513792,0.10504597333333335
16,263,Y,31459528,0.10486509333333333
40,21,N,31254696,0.10418232
41,81,N,31114568,0.10371522666666666
66,57,N,31056704,0.10352234666666667
921,99,Y,30938744,0.10312914666666666
53,74,N,30819824,0.10273274666666667
122,1111,Y,30655016,0.10218338666666665
122,1105,Y,30567592,0.10189197333333333
0,14,N,30454880,0.10151626666666667
89,119,N,30439952,0.10146650666666666
84,806,Y,30408496,0.10136165333333334
57,99,N,30367656,0.10122552
28,25,N,30326312,0.10108770666666667
19,41,N,30297496,0.10099165333333332
74,113,N,29936624,0.09978874666666668
584,57,Y,29867264,0.09955754666666668
59,32,N,29836184,0.09945394666666667
818,86,Y,29828128,0.09942709333333334
57,75,N,29819608,0.09939869333333333
112,96,N,29778544,0.09926181333333334
34,407,Y,29732280,0.0991076
76,52,N,29716592,0.09905530666666666
109,56,N,29417552,0.09805850666666667
14,0,N,29358320,0.09786106666666668
7,55,N,29029792,0.09676597333333334
89,113,N,28938888,0.09646296
65,3,N,28726400,0.09575466666666667
77,27,N,28717920,0.0957264
986,107,Y,28549496,0.09516498666666666
43,39,N,28505920,0.09501973333333333
57,66,N,28461616,0.09487205333333333
43,78,N,28432888,0.09477629333333333
80,127,N,28382872,0.09460957333333332
89,83,N,28153248,0.09384416
40,13,N,28096760,0.09365586666666666
73,56,N,28085968,0.09361989333333333
45,16,N,27846080,0.09282026666666666
67,47,N,27820928,0.09273642666666666
62,626,Y,27775992,0.09258664
3,54,N,27692936,0.09230978666666667
104,48,N,27639160,0.09213053333333333
32,87,N,27632728,0.09210909333333334
45,49,N,27469344,0.09156448
122,94,N,27453856,0.09151285333333332
30,6,N,27417808,0.09139269333333334
116,76,N,27385976,0.09128658666666667
109,1007,Y,27261968,0.09087322666666667
21,25,N,27239520,0.0907984
112,115,N,27195328,0.09065109333333334
84,93,N,27121056,0.09040352
53,117,N,27115640,0.09038546666666666
2,58,N,27000768,0.09000256000000001
10,71,N,26993528,0.08997842666666667
47,100,N,26910944,0.08970314666666666
859,91,Y,26877240,0.0895908
123,74,N,26870968,0.08956989333333333
46,105,N,26858552,0.08952850666666666
79,69,N,26855400,0.089518
657,66,Y,26789152,0.08929717333333333
19,53,N,26653536,0.08884512
50,24,N,26592008,0.08864002666666666
45,78,N,26591688,0.08863896
63,73,N,26542040,0.08847346666666667
842,89,Y,26417880,0.0880596
59,55,N,26388216,0.08796071999999999
94,37,N,26384784,0.08794928
11,83,N,26343392,0.08781130666666667
107,70,N,26262856,0.08754285333333334
912,98,Y,26184648,0.08728216
50,23,N,25957888,0.08652629333333334
33,98,N,25900632,0.08633544
87,74,N,25854568,0.08618189333333333
102,125,N,25778472,0.08592824
37,75,N,25767016,0.08589005333333333
21,7,N,25675680,0.0855856
67,669,Y,25484488,0.08494829333333333
127,80,N,25415904,0.08471967999999999
114,110,N,25407744,0.08469248
3,65,N,25396456,0.08465485333333334
72,80,N,25385456,0.08461818666666666
36,421,Y,25305616,0.08435205333333333
61,76,N,25265464,0.08421821333333333
7,6,N,25183648,0.08394549333333334
79,88,N,25104480,0.0836816
71,91,N,24897488,0.08299162666666667
9,111,N,24852816,0.08284272000000001
81,41,N,24850456,0.08283485333333333
27,40,N,24846152,0.08282050666666667
96,88,N,24709944,0.08236648
72,25,N,24691168,0.08230389333333334
4,167,Y,24640008,0.08213336
58,83,N,24562832,0.08187610666666667
5,26,N,24478112,0.08159370666666667
112,110,N,24469960,0.08156653333333333
94,38,N,24416288,0.08138762666666667
97,49,N,24355720,0.08118573333333333
107,89,N,24286384,0.08095461333333334
49,10,N,24249688,0.08083229333333333
68,90,N,24204128,0.08068042666666667
78,114,N,24118536,0.08039512
32,59,N,24042960,0.0801432
97,904,Y,24030240,0.0801008
3,28,N,23947920,0.0798264
73,63,N,23931592,0.07977197333333333
124,92,N,23654760,0.07884920000000001
110,32,N,23651072,0.07883690666666666
68,104,N,23635384,0.07878461333333334
62,629,Y,23616144,0.07872048
92,120,N,23592000,0.07864
23,30,N,23545160,0.07848386666666667
77,80,N,23391000,0.07797
7,21,N,23299672,0.07766557333333333
113,63,N,23282832,0.07760944
63,60,N,23269608,0.07756536
40,95,N,23145928,0.07715309333333334
13,40,N,23130144,0.07710048
51,24,N,23091392,0.07697130666666667
23,50,N,23018888,0.07672962666666668
86,111,N,22865760,0.0762192
701,71,Y,22823544,0.07607848
66,658,Y,22762464,0.07587488
186,7,Y,22722568,0.07574189333333332
107,991,Y,22721824,0.07573941333333332
27,31,N,22663816,0.07554605333333334
104,95,N,22608848,0.07536282666666666
262,16,Y,22540264,0.07513421333333332
50,108,N,22435936,0.07478645333333334
98,97,N,22430352,0.07476784
39,440,Y,22404984,0.07468327999999999
22,6,N,22376816,0.07458938666666667
117,33,N,22277120,0.07425706666666666
67,72,N,22213800,0.074046
62,96,N,22161640,0.07387213333333333
21,40,N,22041352,0.07347117333333333
75,57,N,21950760,0.0731692
489,45,Y,21948232,0.07316077333333333
16,6,N,21936872,0.07312290666666667
1,45,N,21930064,0.07310021333333333
34,98,N,21907672,0.07302557333333334
39,47,N,21846168,0.07282055999999999
95,73,N,21815848,0.07271949333333334
0,134,Y,21768728,0.07256242666666667
81,24,N,21763416,0.07254472000000001
99,14,N,21706016,0.07235338666666667
18,50,N,21645232,0.07215077333333333
37,86,N,21631304,0.07210434666666667
32,100,N,21558264,0.07186088
26,5,N,21527512,0.07175837333333333
74,123,N,21519528,0.07173175999999999
14,99,N,21453832,0.07151277333333333
56,97,N,21421840,0.07140613333333334
55,42,N,21415816,0.07138605333333332
42,9,N,21344240,0.07114746666666667
22,305,Y,21305376,0.07101792
9,39,N,21233376,0.07077792000000001
46,98,N,21226464,0.07075487999999999
80,108,N,21070432,0.07023477333333333
98,34,N,21061032,0.07020343999999999
55,7,N,21001720,0.07000573333333333
25,28,N,20960384,0.06986794666666667
82,8,N,20897720,0.06965906666666667
35,55,N,20816752,0.06938917333333333
95,68,N,20798928,0.06932976
24,52,N,20775720,0.0692524
47,86,N,20744792,0.06914930666666667
53,19,N,20615192,0.06871730666666667
48,15,N,20597880,0.0686596
30,368,Y,20475824,0.06825274666666666
75,13,N,20442344,0.06814114666666667
93,101,N,20424424,0.06808141333333334
108,80,N,20408416,0.06802805333333334
99,57,N,20397144,0.06799048
112,75,N,20393744,0.06797914666666667
65,76,N,20382624,0.06794208
73,95,N,20356984,0.06785661333333333
104,64,N,20334768,0.06778256
38,97,N,20314016,0.06771338666666667
71,122,N,20157064,0.06719021333333333
461,41,Y,20137368,0.06712456
106,86,N,20111072,0.06703690666666666
109,118,N,20028112,0.06676037333333333
99,58,N,19957944,0.06652648
27,77,N,19876328,0.06625442666666667
36,3,N,19805032,0.06601677333333333
18,126,N,19718744,0.06572914666666667
31,60,N,19712440,0.06570813333333334
22,112,N,19706840,0.06568946666666667
116,73,N,19681592,0.06560530666666667
91,71,N,19670896,0.06556965333333334
123,101,N,19604976,0.06534992
126,18,N,19601344,0.06533781333333333
95,104,N,19570184,0.06523394666666667
13,75,N,19551408,0.06517136
951,102,Y,19472608,0.06490869333333334
1004,109,Y,19446592,0.06482197333333332
571,55,Y,19442352,0.06480784
6,16,N,19439256,0.06479752
470,42,Y,19427752,0.06475917333333332
957,103,Y,19413240,0.0647108
78,43,N,19368040,0.06456013333333334
111,86,N,19355696,0.06451898666666667
33,117,N,19290504,0.06430168
63,48,N,19236064,0.06412021333333333
121,108,N,19105360,0.06368453333333333
51,536,Y,19079624,0.06359874666666666
76,65,N,19048488,0.06349496
2,35,N,19013368,0.06337789333333334
96,43,N,19011672,0.06337224
81,85,N,19008816,0.06336272
87,48,N,18940784,0.06313594666666666
49,45,N,18940336,0.06313445333333334
96,112,N,18936520,0.06312173333333333
76,46,N,18922472,0.06307490666666667
35,94,N,18922232,0.06307410666666666
120,92,N,18897256,0.06299085333333333
24,51,N,18865144,0.06288381333333333
38,437,Y,18834480,0.0627816
129,0,Y,18823496,0.06274498666666667
79,760,Y,18748768,0.06249589333333334
101,123,N,18668384,0.062227946666666666
8,62,N,18650360,0.06216786666666667
417,36,Y,18594744,0.06198248
20,122,N,18590424,0.06196808
34,64,N,18520352,0.06173450666666667
846,89,Y,18500384,0.06166794666666667
743,76,Y,18483928,0.061613093333333334
47,67,N,18446536,0.06148845333333333
118,109,N,18432248,0.06144082666666667
78,84,N,18421272,0.06140424
19,12,N,18377704,0.06125901333333333
92,91,N,18377288,0.06125762666666667
88,37,N,18376000,0.06125333333333333
86,102,N,18330456,0.06110152
93,84,N,18305272,0.06101757333333333
78,45,N,18299016,0.06099672
32,110,N,18272864,0.060909546666666675
15,255,Y,18272088,0.06090696
125,1130,Y,18245472,0.06081824
110,114,N,18204344,0.060681146666666665
69,79,N,18195216,0.06065072
68,14,N,18086728,0.060289093333333335
83,41,N,18071520,0.0602384
604,59,Y,18040920,0.06013639999999999
70,107,N,18036416,0.060121386666666665
101,50,N,17963048,0.05987682666666667
39,442,Y,17941112,0.05980370666666667
105,118,N,17936592,0.05978864
122,20,N,17870872,0.059569573333333334
111,9,N,17806016,0.05935338666666666
62,101,N,17792656,0.05930885333333333
15,61,N,17782392,0.05927464
91,65,N,17772824,0.059242746666666665
107,95,N,17756616,0.05918872
99,924,Y,17704192,0.05901397333333334
857,91,Y,17684824,0.058949413333333325
17,270,Y,17666144,0.058887146666666675
897,96,Y,17608744,0.05869581333333333
103,75,N,17585432,0.05861810666666666
81,38,N,17559208,0.058530693333333335
496,46,Y,17543472,0.05847824
79,12,N,17493536,0.05831178666666667
55,572,Y,17432992,0.058109973333333335
46,93,N,17415704,0.05805234666666667
94,72,N,17388456,0.057961519999999996
31,0,N,17383760,0.057945866666666665
12,79,N,17374856,0.05791618666666666
40,27,N,17366912,0.057889706666666665
792,83,Y,17362144,0.05787381333333333
724,74,Y,17342680,0.05780893333333333
4,13,N,17333584,0.05777861333333334
64,643,Y,17248544,0.05749514666666666
111,87,N,17204096,0.05734698666666667
23,313,Y,17177328,0.05725776
30,23,N,17116448,0.05705482666666666
64,34,N,17099832,0.05699944
83,89,N,17071312,0.05690437333333334
567,54,Y,17027608,0.05675869333333334
35,26,N,17018488,0.05672829333333334
827,87,Y,17006648,0.05668882666666667
102,86,N,16905432,0.05635144
56,73,N,16831272,0.05610424
31,27,N,16774952,0.05591650666666667
8,192,Y,16731832,0.05577277333333333
111,120,N,16711672,0.05570557333333333
72,94,N,16699848,0.05566615999999999
54,3,N,16692552,0.05564184
0,16,N,16690216,0.055634053333333336
52,24,N,16640848,0.055469493333333335
39,21,N,16604936,0.055349786666666664
118,105,N,16573544,0.05524514666666667
77,118,N,16503368,0.05501122666666667
1078,118,Y,16501888,0.05500629333333333
93,63,N,16494792,0.054982640000000006
115,64,N,16425120,0.0547504
26,22,N,16416752,0.05472250666666667
36,19,N,16412136,0.05470712
52,76,N,16383992,0.05461330666666666
6,22,N,16333344,0.054444479999999996
1,85,N,16312072,0.054373573333333335
50,534,Y,16272464,0.05424154666666667
113,89,N,16267976,0.054226586666666673
121,1097,Y,16236624,0.054122079999999996
127,120,N,16200072,0.05400024
13,4,N,16170160,0.053900533333333334
1114,123,Y,16160720,0.05386906666666666
41,19,N,16137840,0.0537928
48,104,N,16127216,0.053757386666666664
492,45,Y,16059528,0.05353176
104,72,N,16057440,0.0535248
38,33,N,16054088,0.05351362666666667
97,56,N,15931608,0.05310536
33,38,N,15896632,0.052988773333333336
26,341,Y,15883800,0.05294600000000001
88,96,N,15883160,0.052943866666666665
98,33,N,15826912,0.05275637333333333
27,345,Y,15825576,0.05275192
94,880,Y,15784760,0.052615866666666664
24,327,Y,15756624,0.05252208
65,91,N,15750112,0.05250037333333333
124,1124,Y,15671000,0.05223666666666667
56,582,Y,15638440,0.05212813333333333
122,71,N,15615232,0.052050773333333335
69,59,N,15555848,0.05185282666666667
723,74,Y,15552336,0.051841120000000004
75,735,Y,15481416,0.05160472
108,124,N,15478472,0.05159490666666667
24,81,N,15460872,0.051536240000000004
61,37,N,15384000,0.05128
2,150,Y,15332336,0.05110778666666667
836,88,Y,15307672,0.05102557333333333
100,85,N,15241992,0.05080664
59,69,N,15227352,0.05075784
16,45,N,15196608,0.050655359999999997
84,78,N,15097616,0.050325386666666666
108,50,N,15009056,0.05003018666666667
84,30,N,14930488,0.04976829333333333
116,78,N,14912784,0.04970928
9,49,N,14908936,0.049696453333333335
29,118,N,14843752,0.049479173333333334
75,103,N,14837624,0.04945874666666667
42,55,N,14765312,0.049217706666666666
72,704,Y,14735648,0.049118826666666664
13,64,N,14692224,0.048974079999999996
37,61,N,14678344,0.048927813333333334
38,94,N,14639760,0.0487992
379,31,Y,14588640,0.0486288
25,72,N,14581832,0.04860610666666667
844,89,Y,14541640,0.048472133333333334
86,106,N,14455960,0.04818653333333333
40,455,Y,14369640,0.0478988
37,88,N,14361104,0.04787034666666667
43,58,N,14328072,0.04776024
81,782,Y,14288984,0.047629946666666666
120,111,N,14276912,0.04758970666666667
64,115,N,14261208,0.04753736
554,53,Y,14230168,0.04743389333333334
34,69,N,14229680,0.04743226666666667
65,654,Y,14213208,0.04737736
168,5,Y,14193960,0.0473132
104,960,Y,14188464,0.04729488
39,22,N,14169784,0.04723261333333333
34,101,N,14050400,0.04683466666666666
26,343,Y,14033488,0.04677829333333333
451,40,Y,14032496,0.046774986666666664
774,80,Y,14005056,0.04668352
62,20,N,13975864,0.046586213333333334
12,67,N,13941136,0.04647045333333333
50,101,N,13939432,0.046464773333333334
98,51,N,13919568,0.046398560000000005
113,74,N,13894664,0.046315546666666665
141,1,Y,13877072,0.04625690666666667
78,116,N,13876176,0.04625392
15,48,N,13837456,0.046124853333333334
81,106,N,13819520,0.04606506666666666
79,61,N,13769088,0.04589696
100,930,Y,13734952,0.04578317333333333
618,61,Y,13732192,0.045773973333333336
14,68,N,13692896,0.04564298666666666
92,103,N,13669984,0.04556661333333333
44,127,N,13624480,0.04541493333333333
32,386,Y,13591912,0.04530637333333333
97,98,N,13581664,0.04527221333333333
16,5,N,13553768,0.04517922666666667
411,35,Y,13549736,0.045165786666666666
110,1009,Y,13502336,0.04500778666666667
357,28,Y,13501344,0.04500448
35,415,Y,13490424,0.04496808
90,99,N,13459304,0.044864346666666666
33,11,N,13426288,0.044754293333333334
100,32,N,13406848,0.04468949333333334
90,68,N,13400008,0.044666693333333334
70,31,N,13351904,0.04450634666666667
39,9,N,13342632,0.04447544
75,734,Y,13330344,0.04443448
93,46,N,13306064,0.04435354666666667
73,116,N,13265016,0.04421672
92,38,N,13264552,0.04421517333333334
74,724,Y,13262776,0.04420925333333333
102,951,Y,13198368,0.04399456
114,54,N,13138864,0.043796213333333334
44,69,N,13133616,0.04377872
43,96,N,13088392,0.043627973333333334
72,104,N,13077016,0.04359005333333334
71,697,Y,13067136,0.04355712
45,36,N,13047720,0.0434924
36,45,N,13015104,0.04338368
99,90,N,13002600,0.043342
86,47,N,13001768,0.04333922666666667
95,40,N,12988656,0.043295520000000004
101,34,N,12986328,0.04328776
100,106,N,12934824,0.04311608
109,103,N,12927360,0.043091199999999996
20,31,N,12889680,0.0429656
113,70,N,12872112,0.04290704
51,59,N,12848848,0.04282949333333333
60,611,Y,12827200,0.042757333333333335
69,44,N,12800504,0.04266834666666666
55,8,N,12778200,0.042594
16,19,N,12764440,0.042548133333333335
5,16,N,12746880,0.0424896
3,36,N,12700984,0.042336613333333335
22,39,N,12684056,0.042280186666666664
80,775,Y,12635584,0.04211861333333333
122,44,N,12622704,0.04207568
51,98,N,12584752,0.04194917333333333
91,92,N,12494040,0.041646800000000005
83,792,Y,12456064,0.04152021333333333
67,12,N,12452736,0.04150912
20,62,N,12431104,0.04143701333333333
96,62,N,12421920,0.0414064
61,20,N,12390056,0.04130018666666667
68,95,N,12354744,0.04118248
8,82,N,12276904,0.040923013333333334
281,19,Y,12227240,0.040757466666666665
56,54,N,12138088,0.04046029333333333
0,132,Y,12115176,0.04038392
103,92,N,12098952,0.04032984
1,143,Y,12003896,0.04001298666666667
111,1017,Y,11998016,0.039993386666666665
667,67,Y,11997840,0.0399928
352,28,Y,11964856,0.039882853333333336
60,31,N,11942088,0.03980696
60,63,N,11915728,0.03971909333333333
318,23,Y,11910232,0.039700773333333335
19,36,N,11890408,0.03963469333333333
15,250,Y,11860120,0.039533733333333335
117,53,N,11818920,0.0393964
70,113,N,11803704,0.03934568
633,63,Y,11784880,0.03928293333333333
39,446,Y,11721936,0.03907312
125,51,N,11716160,0.039053866666666666
67,670,Y,11632920,0.0387764
48,63,N,11614392,0.03871464
74,87,N,11596944,0.03865648
9,42,N,11579912,0.038599706666666664
146,2,Y,11578016,0.03859338666666667
344,27,Y,11575360,0.03858453333333333
71,698,Y,11560952,0.03853650666666667
124,52,N,11518392,0.03839464
320,24,Y,11516528,0.03838842666666667
106,81,N,11435672,0.03811890666666667
689,70,Y,11429216,0.03809738666666666
61,79,N,11389360,0.037964533333333335
82,117,N,11346824,0.037822746666666664
114,78,N,11245088,0.037483626666666665
35,410,Y,11238192,0.03746064
559,53,Y,11216952,0.03738984
147,2,Y,11175256,0.037250853333333334
1077,118,Y,11170928,0.03723642666666666
306,22,Y,11159216,0.037197386666666665
58,43,N,11149216,0.037164053333333336
75,37,N,11133440,0.03711146666666667
57,591,Y,11092456,0.036974853333333335
55,35,N,11081544,0.03693848
80,29,N,11068256,0.03689418666666667
51,8,N,11067040,0.03689013333333334
96,903,Y,11038032,0.036793440000000004
62,70,N,10995128,0.036650426666666666
672,68,Y,10982072,0.03660690666666667
31,20,N,10979296,0.036597653333333334
409,35,Y,10932488,0.036441626666666664
588,57,Y,10878888,0.03626296
120,127,N,10828904,0.03609634666666667
58,99,N,10793432,0.03597810666666666
653,65,Y,10774800,0.035916000000000003
3,157,Y,10761432,0.035871440000000004
114,1040,Y,10735776,0.03578592
117,82,N,10640344,0.035467813333333334
11,33,N,10609056,0.03536352
118,29,N,10604640,0.0353488
54,114,N,10588240,0.03529413333333333
872,93,Y,10550760,0.035169200000000005
43,474,Y,10544952,0.035149839999999995
56,581,Y,10519816,0.03506605333333333
26,12,N,10482112,0.03494037333333333
119,123,N,10479632,0.03493210666666667
38,81,N,10367840,0.03455946666666666
103,952,Y,10319392,0.03439797333333334
808,85,Y,10279456,0.03426485333333333
41,456,Y,10184560,0.03394853333333333
20,61,N,10095088,0.03365029333333333
101,937,Y,10024912,0.03341637333333333
765,79,Y,10001192,0.03333730666666667
83,797,Y,9939384,0.03313128
63,93,N,9893144,0.032977146666666665
158,3,Y,9817248,0.03272416
319,23,Y,9804392,0.03268130666666667
20,17,N,9788680,0.03262893333333333
63,113,N,9716792,0.032389306666666666
117,1065,Y,9625696,0.03208565333333333
8,51,N,9593792,0.031979306666666665
16,261,Y,9591904,0.03197301333333333
222,11,Y,9512064,0.03170688
659,66,Y,9455464,0.03151821333333333
395,33,Y,9434304,0.03144768
880,94,Y,9410032,0.031366773333333334
1082,119,Y,9362328,0.03120776
995,108,Y,9354944,0.031183146666666668
44,485,Y,9312064,0.031040213333333334
17,20,N,9306944,0.031023146666666668
60,609,Y,9299840,0.030999466666666666
44,487,Y,9288440,0.03096146666666667
6,180,Y,9256616,0.030855386666666665
731,75,Y,9250784,0.030835946666666666
705,72,Y,9242512,0.030808373333333337
1143,126,Y,9214832,0.030716106666666666
115,1055,Y,9213152,0.030710506666666665
814,85,Y,9201392,0.03067130666666667
733,75,Y,9196136,0.030653786666666665
49,523,Y,9148880,0.030496266666666667
100,931,Y,9139152,0.03046384
66,657,Y,9102832,0.030342773333333333
64,13,N,9086072,0.030286906666666665
115,1048,Y,9064776,0.03021592
58,598,Y,9061472,0.03020490666666667
61,623,Y,8979008,0.029930026666666668
137,1,Y,8969392,0.029897973333333334
365,29,Y,8958576,0.029861919999999997
94,883,Y,8938336,0.029794453333333335
94,35,N,8924376,0.029747919999999997
737,76,Y,8907472,0.029691573333333332
3,155,Y,8848992,0.02949664
448,40,Y,8817696,0.02939232
1012,110,Y,8809272,0.029364240000000003
106,100,N,8787176,0.029290586666666663
123,119,N,8752192,0.029173973333333336
6,181,Y,8738336,0.029127786666666666
172,5,Y,8730704,0.029102346666666667
449,40,Y,8717832,0.02905944
472,43,Y,8711816,0.029039386666666667
17,268,Y,8701712,0.02900570666666667
12,26,N,8697648,0.02899216
366,29,Y,8682264,0.028940880000000002
125,1134,Y,8680608,0.02893536
564,54,Y,8678328,0.02892776
50,535,Y,8671160,0.028903866666666667
98,912,Y,8641952,0.028806506666666665
108,993,Y,8638016,0.02879338666666667
6,7,N,8601736,0.02867245333333333
161,4,Y,8556928,0.028523093333333333
29,367,Y,8555616,0.02851872
848,90,Y,8540352,0.028467839999999998
173,5,Y,8463000,0.028210000000000002
82,788,Y,8440344,0.02813448
74,721,Y,8416920,0.028056400000000002
920,99,Y,8407072,0.028023573333333333
66,661,Y,8405688,0.028018960000000002
1015,110,Y,8381912,0.027939706666666668
282,19,Y,8360568,0.02786856
124,126,N,8341296,0.02780432
7,185,Y,8318312,0.027727706666666668
450,40,Y,8315168,0.027717226666666667
126,124,N,8286704,0.027622346666666665
25,330,Y,8275784,0.027585946666666666
93,876,Y,8272840,0.027576133333333332
363,29,Y,8270488,0.027568293333333334
243,14,Y,8235280,0.027450933333333337
91,861,Y,8230032,0.027433440000000003
819,86,Y,8204352,0.027347839999999998
97,910,Y,8191248,0.02730416
54,561,Y,8184808,0.027282693333333337
713,73,Y,8177768,0.027259226666666667
962,104,Y,8117696,0.027058986666666666
480,44,Y,8111168,0.027037226666666667
58,596,Y,8093376,0.026977920000000002
6,177,Y,8091912,0.02697304
1105,122,Y,8076200,0.026920666666666666
151,2,Y,8071008,0.02690336
111,1019,Y,8048944,0.026829813333333334
54,562,Y,8036112,0.026787039999999998
376,31,Y,8002072,0.026673573333333332
873,93,Y,8000440,0.026668133333333333
51,539,Y,7998432,0.02666144
57,587,Y,7978464,0.02659488
107,989,Y,7953576,0.026511919999999998
532,50,Y,7947904,0.026493013333333332
529,50,Y,7940416,0.02646805333333333
104,961,Y,7910528,0.026368426666666663
675,68,Y,7908024,0.02636008
114,1042,Y,7893616,0.02631205333333333
85,815,Y,7887720,0.0262924
761,79,Y,7831456,0.026104853333333334
101,93,N,7824056,0.026080186666666668
751,77,Y,7804200,0.026014000000000002
25,329,Y,7795152,0.02598384
732,75,Y,7734368,0.025781226666666667
34,401,Y,7713552,0.02571184
466,42,Y,7662664,0.025542213333333334
59,601,Y,7658616,0.02552872
501,46,Y,7622168,0.025407226666666664
418,36,Y,7581680,0.025272266666666668
28,352,Y,7483752,0.02494584
563,54,Y,7467768,0.024892559999999998
104,68,N,7442584,0.024808613333333333
91,859,Y,7441808,0.024806026666666665
763,79,Y,7429656,0.024765520000000003
24,323,Y,7363248,0.02454416
4,164,Y,7351472,0.024504906666666666
964,104,Y,7337720,0.024459066666666668
112,1029,Y,7326608,0.02442202666666667
156,3,Y,7297752,0.024325839999999998
114,1045,Y,7296456,0.02432152
63,633,Y,7293312,0.02431104
86,817,Y,7255616,0.024185386666666666
838,88,Y,7250040,0.024166800000000002
102,947,Y,7238424,0.02412808
171,5,Y,7222224,0.02407408
234,13,Y,7204360,0.024014533333333334
90,850,Y,7183048,0.023943493333333333
42,465,Y,7182496,0.023941653333333333
86,816,Y,7165408,0.02388469333333333
30,370,Y,7158480,0.0238616
117,1071,Y,7140960,0.0238032
63,638,Y,7120944,0.02373648
203,9,Y,7094456,0.023648186666666664
192,8,Y,7061432,0.023538106666666666
179,6,Y,7044224,0.023480746666666667
14,247,Y,7034808,0.02344936
1031,112,Y,7010888,0.023369626666666667
165,4,Y,6913952,0.023046506666666668
43,477,Y,6889976,0.022966586666666667
526,49,Y,6888432,0.02296144
407,34,Y,6884456,0.02294818666666667
760,79,Y,6874744,0.022915813333333333
488,45,Y,6831952,0.022773173333333334
961,104,Y,6801336,0.02267112
47,505,Y,6795544,0.022651813333333333
9,203,Y,6787584,0.02262528
216,11,Y,6778768,0.022595893333333335
851,90,Y,6714656,0.022382186666666668
41,460,Y,6701584,0.022338613333333333
3,56,N,6692704,0.022309013333333336
339,26,Y,6688176,0.022293920000000002
534,50,Y,6685648,0.022285493333333333
940,101,Y,6681496,0.022271653333333332
1117,123,Y,6675448,0.022251493333333334
30,374,Y,6649248,0.02216416
69,681,Y,6640736,0.022135786666666667
963,104,Y,6603000,0.022010000000000002
444,39,Y,6592184,0.021973946666666667
96,902,Y,6563872,0.021879573333333333
299,21,Y,6546128,0.021820426666666667
1057,116,Y,6537584,0.021791946666666666
83,796,Y,6516776,0.021722586666666665
103,954,Y,6508376,0.021694586666666668
1124,124,Y,6486544,0.021621813333333333
652,65,Y,6473000,0.021576666666666668
95,895,Y,6459192,0.02153064
1110,122,Y,6453120,0.0215104
360,29,Y,6441856,0.021472853333333333
77,744,Y,6426080,0.021420266666666667
779,81,Y,6415888,0.021386293333333334
840,89,Y,6383240,0.021277466666666665
1058,116,Y,6379168,0.021263893333333332
560,54,Y,6333392,0.021111306666666666
885,94,Y,6312376,0.021041253333333333
1,137,Y,6302864,0.021009546666666667
686,69,Y,6297784,0.020992613333333333
57,586,Y,6289520,0.020965066666666667
85,814,Y,6282024,0.02094008
57,590,Y,6280600,0.020935333333333334
56,577,Y,6258096,0.02086032
773,80,Y,6240696,0.020802320000000003
786,82,Y,6232648,0.020775493333333332
71,703,Y,6220272,0.02073424
94,885,Y,6197624,0.02065874666666667
626,62,Y,6182312,0.020607706666666666
88,834,Y,6181656,0.020605520000000002
84,801,Y,6181520,0.020605066666666665
29,362,Y,6181432,0.020604773333333333
53,555,Y,6176360,0.020587866666666666
85,813,Y,6169776,0.02056592
368,30,Y,6144640,0.020482133333333333
103,955,Y,6139832,0.020466106666666668
21,297,Y,6103664,0.020345546666666665
25,328,Y,6099824,0.020332746666666665
93,872,Y,6084120,0.0202804
122,1108,Y,6039848,0.020132826666666666
47,511,Y,6028792,0.020095973333333333
258,16,Y,6027960,0.0200932
621,61,Y,6018832,0.020062773333333332
40,453,Y,6018600,0.020062
113,1033,Y,6016296,0.02005432
983,106,Y,6011520,0.0200384
101,939,Y,5994648,0.01998216
38,439,Y,5981696,0.019938986666666665
96,898,Y,5980488,0.019934959999999998
403,34,Y,5977424,0.019924746666666666
123,1118,Y,5972792,0.019909306666666668
738,76,Y,5967960,0.0198932
398,33,Y,5966400,0.019888
49,520,Y,5954472,0.01984824
143,1,Y,5943704,0.019812346666666664
135,0,Y,5941384,0.019804613333333335
744,77,Y,5930288,0.019767626666666666
76,743,Y,5903040,0.0196768
1007,109,Y,5895024,0.01965008
54,564,Y,5884664,0.019615546666666667
94,881,Y,5876840,0.019589466666666666
45,489,Y,5874656,0.019582186666666668
271,17,Y,5870688,0.01956896
93,878,Y,5863640,0.019545466666666667
15,253,Y,5850584,0.01950194666666667
971,105,Y,5847192,0.01949064
902,96,Y,5838408,0.01946136
22,308,Y,5830560,0.0194352
321,24,Y,5829576,0.01943192
7,186,Y,5763880,0.01921293333333333
707,72,Y,5744056,0.019146853333333335
98,919,Y,5736704,0.019122346666666668
97,905,Y,5722592,0.019075306666666667
126,1138,Y,5720584,0.01906861333333333
861,91,Y,5714352,0.01904784
59,600,Y,5698080,0.0189936
25,334,Y,5696088,0.01898696
25,333,Y,5686360,0.018954533333333332
49,521,Y,5684664,0.01894888
117,1068,Y,5682816,0.01894272
46,498,Y,5654528,0.018848426666666668
213,10,Y,5648392,0.018827973333333334
883,94,Y,5627128,0.018757093333333332
332,25,Y,5618984,0.018729946666666667
301,21,Y,5607264,0.01869088
122,1109,Y,5606960,0.01868986666666667
371,30,Y,5590880,0.01863626666666667
108,994,Y,5557936,0.018526453333333335
1122,124,Y,5553824,0.018512746666666666
809,85,Y,5513616,0.01837872
106,978,Y,5511440,0.018371466666666666
696,71,Y,5499360,0.018331200000000002
1109,122,Y,5493144,0.01831048
43,472,Y,5486560,0.018288533333333332
706,72,Y,5473432,0.018244773333333335
90,848,Y,5467416,0.01822472
493,45,Y,5466080,0.018220266666666665
797,83,Y,5450336,0.018167786666666668
678,68,Y,5450288,0.018167626666666666
0,133,Y,5432856,0.01810952
184,7,Y,5419008,0.01806336
661,66,Y,5414712,0.01804904
98,915,Y,5408264,0.018027546666666665
59,605,Y,5359160,0.01786386666666667
34,405,Y,5351912,0.017839706666666667
79,763,Y,5348544,0.01782848
46,502,Y,5348136,0.01782712
78,757,Y,5325200,0.017750666666666665
14,246,Y,5323936,0.017746453333333335
749,77,Y,5322544,0.017741813333333332
829,87,Y,5319576,0.017731919999999998
109,1006,Y,5308272,0.01769424
126,1142,Y,5306600,0.017688666666666665
1070,117,Y,5298704,0.01766234666666667
96,897,Y,5288352,0.017627840000000002
272,18,Y,5272272,0.01757424
48,519,Y,5265840,0.0175528
214,10,Y,5258264,0.017527546666666668
796,83,Y,5250544,0.017501813333333335
31,380,Y,5239144,0.01746381333333333
310,22,Y,5221800,0.017406
106,979,Y,5215928,0.017386426666666666
1035,113,Y,5212848,0.017376159999999998
660,66,Y,5206080,0.0173536
102,950,Y,5201872,0.017339573333333334
85,809,Y,5200896,0.01733632
402,34,Y,5194000,0.017313333333333333
21,296,Y,5193800,0.017312666666666667
125,1133,Y,5180536,0.017268453333333333
105,970,Y,5173096,0.01724365333333333
370,30,Y,5166664,0.017222213333333333
28,357,Y,5162696,0.017208986666666665
8,198,Y,5162648,0.017208826666666666
698,71,Y,5162232,0.01720744
117,1070,Y,5159184,0.01719728
48,518,Y,5151024,0.01717008
103,957,Y,5148912,0.01716304
100,932,Y,5144560,0.017148533333333334
95,889,Y,5132040,0.0171068
917,98,Y,5131600,0.017105333333333334
120,1090,Y,5125864,0.017086213333333333
120,1094,Y,5089984,0.016966613333333335
266,17,Y,5083616,0.016945386666666666
115,1053,Y,5079264,0.01693088
88,838,Y,5074624,0.016915413333333334
795,83,Y,5062176,0.01687392
479,43,Y,5060520,0.0168684
170,5,Y,5059256,0.016864186666666666
89,842,Y,5057480,0.016858266666666667
587,57,Y,5051104,0.01683701333333333
979,106,Y,5041144,0.016803813333333334
118,1076,Y,5034272,0.016780906666666668
949,102,Y,5030888,0.016769626666666666
76,738,Y,5024984,0.016749946666666668
89,841,Y,5018360,0.016727866666666667
85,811,Y,5012632,0.016708773333333333
7,191,Y,5009944,0.016699813333333334
61,618,Y,5009656,0.016698853333333333
1,142,Y,4998136,0.016660453333333332
105,969,Y,4995176,0.016650586666666665
822,86,Y,4990264,0.01663421333333333
307,22,Y,4989560,0.016631866666666665
863,91,Y,4973632,0.01657877333333333
606,59,Y,4969696,0.016565653333333333
34,404,Y,4963392,0.01654464
107,987,Y,4957712,0.016525706666666667
58,597,Y,4944088,0.016480293333333333
697,71,Y,4941472,0.016471573333333333
31,378,Y,4935792,0.016452639999999998
757,78,Y,4930488,0.016434960000000002
117,1064,Y,4924888,0.016416293333333335
99,921,Y,4910224,0.016367413333333334
315,23,Y,4908192,0.01636064
27,346,Y,4901000,0.016336666666666666
11,222,Y,4890920,0.016303066666666664
119,1081,Y,4888424,0.016294746666666665
26,342,Y,4879560,0.0162652
1049,115,Y,4866856,0.016222853333333332
317,23,Y,4864832,0.016216106666666667
65,652,Y,4863936,0.01621312
108,992,Y,4862600,0.016208666666666666
74,720,Y,4853360,0.01617786666666667
931,100,Y,4844656,0.016148853333333334
778,81,Y,4833608,0.016112026666666668
1066,117,Y,4822536,0.016075120000000002
1101,121,Y,4812672,0.01604224
469,42,Y,4807072,0.016023573333333332
611,60,Y,4801776,0.01600592
86,818,Y,4797808,0.015992693333333332
974,105,Y,4788664,0.015962213333333333
960,104,Y,4785344,0.015951146666666666
601,59,Y,4781440,0.015938133333333333
681,69,Y,4772808,0.01590936
903,96,Y,4760944,0.015869813333333333
442,39,Y,4748464,0.01582821333333333
13,233,Y,4744504,0.015815013333333332
1085,119,Y,4734336,0.015781120000000003
302,21,Y,4733360,0.015777866666666668
5,170,Y,4733008,0.015776693333333335
101,940,Y,4717912,0.015726373333333335
1027,112,Y,4704488,0.015681626666666667
674,68,Y,4691304,0.01563768
1032,113,Y,4666992,0.01555664
68,676,Y,4661496,0.01553832
113,1039,Y,4657584,0.01552528
33,393,Y,4653016,0.015510053333333334
109,1004,Y,4650976,0.015503253333333333
1065,117,Y,4650536,0.015501786666666668
335,25,Y,4649944,0.015499813333333333
68,679,Y,4645880,0.015486266666666667
72,710,Y,4644840,0.0154828
89,840,Y,4635360,0.015451199999999998
932,100,Y,4630648,0.015435493333333333
337,26,Y,4623456,0.015411520000000001
109,1002,Y,4621952,0.015406506666666668
1138,126,Y,4617152,0.015390506666666668
40,452,Y,4616792,0.015389306666666668
887,94,Y,4615944,0.015386480000000001
975,105,Y,4611896,0.015372986666666668
1040,114,Y,4606240,0.015354133333333334
834,88,Y,4605792,0.015352639999999999
56,579,Y,4600824,0.015336080000000002
114,1044,Y,4595456,0.015318186666666667
232,13,Y,4594464,0.015314880000000001
107,986,Y,4587632,0.015292106666666666
684,69,Y,4586352,0.01528784
2,145,Y,4583376,0.01527792
64,646,Y,4576992,0.01525664
802,84,Y,4556712,0.015189040000000001
188,7,Y,4551520,0.015171733333333335
944,102,Y,4546688,0.015155626666666668
915,98,Y,4545648,0.01515216
882,94,Y,4540080,0.015133599999999999
7,189,Y,4523000,0.015076666666666665
1051,115,Y,4522312,0.015074373333333332
20,294,Y,4521024,0.015070080000000001
35,413,Y,4517232,0.01505744
8,193,Y,4514136,0.015047119999999999
1121,124,Y,4510440,0.0150348
191,7,Y,4505008,0.015016693333333334
88,836,Y,4496400,0.014988
87,829,Y,4494864,0.014982879999999999
1025,112,Y,4491056,0.014970186666666668
92,864,Y,4487904,0.01495968
259,16,Y,4481896,0.014939653333333332
1102,121,Y,4479712,0.014932373333333332
10,209,Y,4475640,0.0149188
722,74,Y,4472176,0.014907253333333335
491,45,Y,4465616,0.014885386666666667
585,57,Y,4463720,0.014879066666666666
61,619,Y,4462936,0.014876453333333333
446,39,Y,4460656,0.014868853333333334
23,312,Y,4456776,0.01485592
139,1,Y,4452248,0.014840826666666666
53,557,Y,4442424,0.014808080000000001
16,259,Y,4426768,0.014755893333333334
198,8,Y,4425648,0.01475216
806,84,Y,4421344,0.014737813333333334
92,869,Y,4420752,0.01473584
104,966,Y,4406928,0.01468976
630,62,Y,4382344,0.014607813333333334
405,34,Y,4380208,0.014600693333333335
782,81,Y,4378600,0.014595333333333333
569,55,Y,4378184,0.014593946666666666
277,18,Y,4377736,0.014592453333333333
110,1010,Y,4370128,0.014567093333333335
388,32,Y,4368928,0.014563093333333334
263,16,Y,4364840,0.014549466666666667
126,1141,Y,4356872,0.014522906666666665
551,52,Y,4352936,0.014509786666666667
436,38,Y,4345744,0.014485813333333332
673,68,Y,4339496,0.014464986666666665
65,651,Y,4338296,0.014460986666666668
867,92,Y,4334208,0.014447360000000001
855,90,Y,4333856,0.014446186666666668
42,469,Y,4329504,0.014431679999999999
81,780,Y,4322536,0.014408453333333333
10,214,Y,4318056,0.01439352
520,49,Y,4316024,0.014386746666666669
579,56,Y,4307320,0.014357733333333332
21,299,Y,4307152,0.014357173333333334
80,774,Y,4301192,0.014337306666666667
334,25,Y,4297904,0.014326346666666665
94,882,Y,4292728,0.014309093333333332
622,61,Y,4289048,0.014296826666666665
10,212,Y,4285296,0.01428432
43,473,Y,4280592,0.014268639999999999
602,59,Y,4271576,0.014238586666666666
969,105,Y,4269296,0.014230986666666667
81,783,Y,4266640,0.014222133333333335
107,984,Y,4263176,0.014210586666666667
73,713,Y,4263160,0.014210533333333332
205,9,Y,4262696,0.014208986666666666
115,1050,Y,4255480,0.014184933333333333
759,78,Y,4247984,0.014159946666666666
248,15,Y,4247912,0.014159706666666666
860,91,Y,4245376,0.014151253333333332
175,5,Y,4229528,0.014098426666666667
101,941,Y,4218488,0.014061626666666667
127,1150,Y,4213448,0.014044826666666666
41,462,Y,4212576,0.014041920000000001
210,10,Y,4210168,0.014033893333333334
121,1101,Y,4209080,0.014030266666666666
1055,115,Y,4202936,0.014009786666666668
525,49,Y,4202520,0.0140084
71,699,Y,4199832,0.01399944
25,332,Y,4193008,0.013976693333333333
15,248,Y,4188440,0.013961466666666669
22,309,Y,4186856,0.013956186666666667
134,0,Y,4186488,0.01395496
89,846,Y,4182440,0.013941466666666668
7,190,Y,4176416,0.013921386666666667
13,234,Y,4162768,0.013875893333333333
70,689,Y,4154920,0.013849733333333333
943,101,Y,4149528,0.013831760000000002
721,74,Y,4148944,0.013829813333333333
322,24,Y,4148360,0.013827866666666667
96,896,Y,4145256,0.01381752
115,1054,Y,4142000,0.013806666666666667
947,102,Y,4140176,0.013800586666666666
8,197,Y,4139880,0.0137996
512,48,Y,4138664,0.013795546666666667
562,54,Y,4121288,0.013737626666666667
447,39,Y,4117520,0.013725066666666667
428,37,Y,4111024,0.013703413333333333
714,73,Y,4096656,0.013655519999999999
116,1063,Y,4093888,0.013646293333333335
76,736,Y,4090456,0.013634853333333334
1135,125,Y,4080440,0.013601466666666668
98,913,Y,4078816,0.013596053333333333
127,1151,Y,4075712,0.013585706666666668
75,729,Y,4072712,0.013575706666666668
11,221,Y,4072416,0.013574719999999998
5,171,Y,4070400,0.013568
518,48,Y,4069376,0.013564586666666668
13,237,Y,4067912,0.013559706666666668
854,90,Y,4058656,0.013528853333333334
99,922,Y,4055968,0.013519893333333333
250,15,Y,4054144,0.013513813333333334
649,65,Y,4052216,0.013507386666666666
50,530,Y,4051304,0.013504346666666665
3,158,Y,4051288,0.013504293333333332
123,1112,Y,4050216,0.013500719999999999
629,62,Y,4047032,0.013490106666666666
57,589,Y,4046776,0.013489253333333335
750,77,Y,4045952,0.013486506666666667
410,35,Y,4045752,0.013485839999999999
270,17,Y,4042472,0.013474906666666666
374,30,Y,4034656,0.013448853333333333
68,677,Y,4034368,0.013447893333333334
591,57,Y,4026696,0.013422320000000001
515,48,Y,4015488,0.01338496
413,35,Y,4011432,0.01337144
542,51,Y,4010224,0.013367413333333333
110,1008,Y,4004712,0.01334904
70,695,Y,4003272,0.01334424
381,31,Y,3993112,0.013310373333333332
180,6,Y,3991496,0.013304986666666668
600,59,Y,3987384,0.01329128
298,21,Y,3966728,0.013222426666666665
38,433,Y,3956880,0.0131896
95,892,Y,3955536,0.013185120000000002
1005,109,Y,3949592,0.013165306666666668
780,81,Y,3946416,0.01315472
60,615,Y,3941704,0.013139013333333333
669,67,Y,3938824,0.013129413333333334
149,2,Y,3934568,0.013115226666666667
89,845,Y,3932672,0.013108906666666666
754,78,Y,3930072,0.013100239999999999
16,262,Y,3929672,0.013098906666666665
709,72,Y,3927624,0.01309208
694,70,Y,3925168,0.013083893333333334
927,99,Y,3914560,0.013048533333333332
286,19,Y,3909048,0.01303016
118,1078,Y,3907584,0.01302528
72,705,Y,3903552,0.01301184
283,19,Y,3903016,0.013010053333333332
88,835,Y,3901784,0.013005946666666667
925,99,Y,3898112,0.012993706666666669
421,36,Y,3893248,0.012977493333333335
89,844,Y,3887264,0.012957546666666667
79,767,Y,3879088,0.012930293333333334
910,97,Y,3876832,0.012922773333333333
578,56,Y,3868976,0.012896586666666666
190,7,Y,3864688,0.012882293333333334
18,276,Y,3853712,0.012845706666666666
49,522,Y,3848896,0.012829653333333333
574,55,Y,3846912,0.01282304
95,894,Y,3843624,0.012812079999999998
647,64,Y,3838072,0.012793573333333332
904,97,Y,3834192,0.012780640000000001
1130,125,Y,3833960,0.012779866666666667
853,90,Y,3831280,0.012770933333333335
484,44,Y,3829464,0.012764880000000001
114,1041,Y,3828152,0.012760506666666666
40,450,Y,3827808,0.012759359999999999
807,84,Y,3827552,0.012758506666666667
695,70,Y,3823992,0.012746639999999998
54,567,Y,3822456,0.012741520000000001
116,1061,Y,3821248,0.012737493333333334
91,860,Y,3816744,0.01272248
38,434,Y,3807808,0.012692693333333333
350,27,Y,3807264,0.012690879999999998
662,66,Y,3802616,0.012675386666666667
289,20,Y,3800576,0.012668586666666669
12,229,Y,3799784,0.012665946666666667
99,925,Y,3799784,0.012665946666666667
276,18,Y,3798728,0.012662426666666667
772,80,Y,3798648,0.01266216
862,91,Y,3796472,0.012654906666666669
746,77,Y,3793248,0.01264416
57,584,Y,3782360,0.012607866666666667
326,24,Y,3782144,0.012607146666666666
71,701,Y,3777384,0.01259128
117,1066,Y,3774536,0.012581786666666667
524,49,Y,3770864,0.012569546666666667
527,49,Y,3770008,0.012566693333333333
13,235,Y,3769992,0.01256664
53,559,Y,3761280,0.0125376
19,287,Y,3760296,0.01253432
19,285,Y,3759552,0.012531839999999999
80,768,Y,3756968,0.012523226666666666
83,799,Y,3751312,0.012504373333333332
1059,116,Y,3747080,0.012490266666666668
92,867,Y,3738144,0.01246048
399,33,Y,3736944,0.012456479999999999
88,839,Y,3731392,0.012437973333333333
65,653,Y,3719784,0.012399279999999999
1111,122,Y,3716816,0.012389386666666665
59,604,Y,3716264,0.012387546666666667
110,1014,Y,3714248,0.012380826666666666
112,1026,Y,3704384,0.012347946666666667
788,82,Y,3703744,0.012345813333333334
328,25,Y,3701560,0.012338533333333335
8,199,Y,3699352,0.012331173333333332
121,1098,Y,3698040,0.0123268
23,318,Y,3691472,0.012304906666666667
15,252,Y,3689560,0.012298533333333334
691,70,Y,3686792,0.012289306666666666
22,311,Y,3677840,0.012259466666666665
425,37,Y,3675160,0.012250533333333334
30,369,Y,3671304,0.012237679999999999
382,31,Y,3668952,0.012229839999999999
55,570,Y,3668120,0.012227066666666668
799,83,Y,3664120,0.012213733333333332
87,831,Y,3664016,0.012213386666666668
635,63,Y,3660000,0.012199999999999999
651,65,Y,3658256,0.012194186666666667
49,526,Y,3655888,0.012186293333333332
72,711,Y,3653896,0.012179653333333334
1083,119,Y,3644984,0.012149946666666666
275,18,Y,3637328,0.012124426666666665
113,1038,Y,3635480,0.012118266666666665
114,1046,Y,3635136,0.01211712
51,543,Y,3633672,0.01211224
50,529,Y,3627080,0.012090266666666667
90,852,Y,3625352,0.012084506666666666
544,52,Y,3624536,0.012081786666666667
116,1057,Y,3621576,0.01207192
78,752,Y,3618168,0.01206056
14,243,Y,3616424,0.012054746666666666
31,381,Y,3610704,0.01203568
75,728,Y,3603256,0.012010853333333333
776,81,Y,3603016,0.012010053333333335
1036,113,Y,3601248,0.01200416
456,41,Y,3595856,0.011986186666666666
111,1022,Y,3593712,0.01197904
5,172,Y,3593656,0.011978853333333333
33,392,Y,3585808,0.011952693333333334
132,0,Y,3585784,0.011952613333333332
92,870,Y,3581912,0.011939706666666666
39,443,Y,3580536,0.01193512
1086,119,Y,3573800,0.011912666666666667
96,900,Y,3573480,0.0119116
658,66,Y,3571792,0.011905973333333333
416,36,Y,3570872,0.011902906666666668
916,98,Y,3558888,0.011862959999999999
122,1107,Y,3558752,0.011862506666666666
452,40,Y,3555032,0.011850106666666665
70,694,Y,3550536,0.011835120000000001
88,833,Y,3538448,0.011794826666666668
40,451,Y,3536256,0.011787520000000001
13,239,Y,3531624,0.01177208
565,54,Y,3530928,0.011769759999999999
1128,125,Y,3530544,0.01176848
39,445,Y,3526280,0.011754266666666666
56,578,Y,3524744,0.011749146666666667
546,52,Y,3523304,0.011744346666666666
106,983,Y,3517520,0.011725066666666667
699,71,Y,3517296,0.01172432
519,48,Y,3507480,0.0116916
91,856,Y,3506824,0.011689413333333332
401,34,Y,3504432,0.01168144
227,12,Y,3503912,0.011679706666666666
61,622,Y,3503368,0.011677893333333333
619,61,Y,3502744,0.011675813333333333
481,44,Y,3501664,0.011672213333333334
991,107,Y,3500480,0.011668266666666666
487,44,Y,3498072,0.011660239999999999
79,761,Y,3495592,0.011651973333333333
23,319,Y,3484640,0.011615466666666666
123,1119,Y,3481352,0.011604506666666667
10,208,Y,3478952,0.011596506666666668
108,998,Y,3476592,0.011588639999999999
837,88,Y,3476056,0.011586853333333333
60,608,Y,3465536,0.011551786666666666
919,98,Y,3461760,0.0115392
715,73,Y,3460456,0.011534853333333333
523,49,Y,3450872,0.011502906666666667
118,1072,Y,3450584,0.011501946666666667
735,75,Y,3450496,0.011501653333333334
56,3,N,3441664,0.011472213333333333
624,62,Y,3438688,0.011462293333333333
471,42,Y,3435008,0.011450026666666667
97,908,Y,3434880,0.011449599999999999
57,588,Y,3429456,0.01143152
803,84,Y,3425528,0.011418426666666667
67,664,Y,3421008,0.01140336
100,934,Y,3418736,0.011395786666666666
517,48,Y,3417296,0.011390986666666667
116,1062,Y,3417256,0.011390853333333333
73,719,Y,3416200,0.011387333333333333
242,14,Y,3415304,0.011384346666666666
264,17,Y,3411688,0.011372293333333333
66,662,Y,3409744,0.011365813333333334
37,428,Y,3400160,0.011333866666666668
17,266,Y,3396848,0.011322826666666666
36,423,Y,3392968,0.011309893333333333
119,1086,Y,3390872,0.011302906666666668
313,23,Y,3390808,0.011302693333333334
38,438,Y,3390528,0.01130176
727,74,Y,3388032,0.01129344
61,616,Y,3386848,0.011289493333333333
972,105,Y,3385896,0.011286319999999999
1068,117,Y,3385880,0.011286266666666668
148,2,Y,3385480,0.011284933333333334
364,29,Y,3383416,0.011278053333333333
22,310,Y,3381288,0.01127096
64,645,Y,3379056,0.011263519999999999
29,365,Y,3376360,0.011254533333333334
14,241,Y,3375816,0.01125272
841,89,Y,3374352,0.01124784
740,76,Y,3371456,0.011238186666666667
455,40,Y,3369024,0.01123008
52,547,Y,3366952,0.011223173333333334
231,12,Y,3365656,0.011218853333333334
99,920,Y,3357176,0.011190586666666667
1145,127,Y,3357144,0.011190480000000001
47,508,Y,3356936,0.011189786666666666
468,42,Y,3350408,0.011168026666666667
219,11,Y,3346800,0.011156
892,95,Y,3342632,0.011142106666666667
704,72,Y,3341472,0.01113824
119,1080,Y,3339384,0.01113128
386,32,Y,3337968,0.01112656
79,765,Y,3336072,0.01112024
68,672,Y,3333800,0.011112666666666667
373,30,Y,3332592,0.01110864
858,91,Y,3332080,0.011106933333333334
174,5,Y,3331112,0.011103706666666666
1022,111,Y,3329440,0.011098133333333333
31,377,Y,3322184,0.011073946666666666
784,82,Y,3320704,0.011069013333333334
29,361,Y,3319320,0.0110644
9,206,Y,3318192,0.01106064
183,6,Y,3316664,0.011055546666666667
18,273,Y,3316144,0.011053813333333334
1045,114,Y,3316064,0.011053546666666667
196,8,Y,3307248,0.01102416
1014,110,Y,3307064,0.011023546666666667
84,805,Y,3306224,0.011020746666666666
46,503,Y,3305576,0.011018586666666667
1042,114,Y,3302240,0.011007466666666667
123,1116,Y,3290160,0.0109672
17,267,Y,3289488,0.01096496
354,28,Y,3289120,0.010963733333333333
29,363,Y,3288512,0.010961706666666668
977,106,Y,3285696,0.01095232
12,227,Y,3283104,0.01094368
828,87,Y,3282144,0.01094048
833,88,Y,3279376,0.010931253333333333
106,976,Y,3278288,0.010927626666666667
1020,111,Y,3278168,0.010927226666666666
69,683,Y,3275472,0.01091824
33,399,Y,3275392,0.010917973333333332
1056,116,Y,3273064,0.010910213333333333
918,98,Y,3271048,0.010903493333333333
150,2,Y,3266536,0.010888453333333332
244,14,Y,3264256,0.010880853333333333
506,47,Y,3262992,0.01087664
120,1093,Y,3258304,0.010861013333333334
505,47,Y,3257560,0.010858533333333333
338,26,Y,3254592,0.01084864
556,53,Y,3252760,0.010842533333333333
83,794,Y,3252704,0.010842346666666667
804,84,Y,3249296,0.010830986666666667
36,417,Y,3242448,0.01080816
967,104,Y,3236512,0.010788373333333334
53,552,Y,3233256,0.01077752
1009,110,Y,3230928,0.01076976
99,923,Y,3227360,0.010757866666666666
113,1036,Y,3223464,0.01074488
78,755,Y,3223184,0.010743946666666667
284,19,Y,3218424,0.010728080000000001
0,131,Y,3213944,0.010713146666666666
91,863,Y,3213760,0.010712533333333333
267,17,Y,3213144,0.01071048
85,808,Y,3210064,0.010700213333333333
1107,122,Y,3207384,0.01069128
45,493,Y,3207232,0.010690773333333334
330,25,Y,3195288,0.01065096
127,1146,Y,3187992,0.01062664
439,38,Y,3187664,0.010625546666666668
48,516,Y,3183272,0.010610906666666666
1119,123,Y,3180576,0.01060192
530,50,Y,3180056,0.010600186666666667
116,1056,Y,3178912,0.010596373333333334
28,358,Y,3178528,0.010595093333333333
33,394,Y,3173360,0.010577866666666666
507,47,Y,3171992,0.010573306666666667
928,100,Y,3171528,0.010571760000000001
1,138,Y,3169184,0.010563946666666666
1116,123,Y,3167368,0.010557893333333334
167,4,Y,3164128,0.010547093333333332
1089,120,Y,3157248,0.010524160000000001
582,56,Y,3157208,0.010524026666666667
865,92,Y,3156880,0.010522933333333333
80,771,Y,3155512,0.010518373333333334
1029,112,Y,3151536,0.01050512
1041,114,Y,3148712,0.010495706666666667
78,758,Y,3148448,0.010494826666666667
1044,114,Y,3147128,0.010490426666666667
494,45,Y,3145608,0.010485359999999999
144,2,Y,3144928,0.010483093333333334
755,78,Y,3137616,0.01045872
394,33,Y,3137312,0.010457706666666667
105,975,Y,3128048,0.010426826666666666
1008,110,Y,3125536,0.010418453333333334
19,286,Y,3125040,0.0104168
1050,115,Y,3122928,0.01040976
2,146,Y,3121504,0.010405013333333333
898,96,Y,3121472,0.010404906666666667
638,63,Y,3121464,0.01040488
59,603,Y,3117664,0.010392213333333334
4,161,Y,3115304,0.010384346666666667
1006,109,Y,3114200,0.010380666666666667
541,51,Y,3112512,0.01037504
278,18,Y,3110504,0.010368346666666667
72,706,Y,3109336,0.010364453333333334
220,11,Y,3105920,0.010353066666666666
445,39,Y,3104232,0.010347440000000001
23,316,Y,3102760,0.010342533333333332
78,759,Y,3101584,0.010338613333333333
87,824,Y,3096632,0.010322106666666666
1151,127,Y,3092624,0.010308746666666667
24,320,Y,3090624,0.01030208
644,64,Y,3088232,0.010294106666666667
1000,109,Y,3088000,0.010293333333333333
596,58,Y,3078784,0.010262613333333333
49,527,Y,3077592,0.01025864
80,772,Y,3063904,0.010213013333333333
748,77,Y,3063496,0.010211653333333333
438,38,Y,3056328,0.01018776
333,25,Y,3054888,0.010182960000000001
581,56,Y,3050120,0.010167066666666667
104,963,Y,3049968,0.01016656
499,46,Y,3046624,0.010155413333333333
189,7,Y,3045976,0.010153253333333334
789,82,Y,3040184,0.010133946666666668
2,144,Y,3039584,0.010131946666666666
19,282,Y,3038448,0.010128159999999999
815,85,Y,3034048,0.010113493333333333
37,426,Y,3033792,0.010112639999999999
4,165,Y,3031384,0.010104613333333333
561,54,Y,3028968,0.01009656
127,1144,Y,3026760,0.0100892
643,64,Y,3026000,0.010086666666666666
24,326,Y,3024752,0.010082506666666666
545,52,Y,3023712,0.010079040000000001
420,36,Y,3022912,0.010076373333333333
4,166,Y,3020872,0.010069573333333333
280,19,Y,3017848,0.010059493333333332
11,220,Y,3015208,0.010050693333333334
58,592,Y,3013208,0.010044026666666666
16,256,Y,3012112,0.010040373333333333
123,1114,Y,3010632,0.01003544
1054,115,Y,3010408,0.010034693333333334
592,58,Y,3002400,0.010008
31,376,Y,2993848,0.009979493333333334
98,916,Y,2987104,0.009957013333333334
303,21,Y,2985704,0.009952346666666667
42,468,Y,2984936,0.009949786666666667
305,22,Y,2982848,0.009942826666666666
101,942,Y,2975280,0.0099176
29,364,Y,2973120,0.0099104
41,457,Y,2970584,0.009901946666666666
1137,126,Y,2969456,0.009898186666666666
185,7,Y,2969272,0.009897573333333333
77,746,Y,2968560,0.0098952
336,26,Y,2961200,0.009870666666666666
343,26,Y,2957200,0.009857333333333333
59,606,Y,2956760,0.009855866666666668
19,281,Y,2955192,0.009850639999999999
852,90,Y,2953920,0.0098464
247,14,Y,2953896,0.00984632
66,659,Y,2953624,0.009845413333333334
157,3,Y,2952520,0.009841733333333333
465,42,Y,2950344,0.00983448
99,927,Y,2947672,0.009825573333333334
90,853,Y,2938992,0.00979664
95,890,Y,2938888,0.009796293333333332
1093,120,Y,2937592,0.009791973333333334
119,1085,Y,2937360,0.0097912
294,20,Y,2935408,0.009784693333333334
65,648,Y,2933256,0.009777520000000001
369,30,Y,2931608,0.009772026666666666
823,86,Y,2930888,0.009769626666666666
91,857,Y,2927600,0.009758666666666667
29,366,Y,2925576,0.00975192
21,298,Y,2924184,0.00974728
126,1139,Y,2922384,0.00974128
543,51,Y,2921312,0.009737706666666667
32,390,Y,2921056,0.009736853333333333
125,1129,Y,2919096,0.00973032
126,1137,Y,2918736,0.00972912
10,211,Y,2917200,0.009724
654,65,Y,2913688,0.009712293333333333
3,153,Y,2912552,0.009708506666666667
888,95,Y,2912416,0.009708053333333333
589,57,Y,2911152,0.00970384
362,29,Y,2908152,0.00969384
97,911,Y,2906248,0.009687493333333333
127,1147,Y,2906088,0.00968696
5,168,Y,2903888,0.009679626666666667
1149,127,Y,2903352,0.00967784
1094,120,Y,2900552,0.009668506666666667
490,45,Y,2898704,0.009662346666666667
300,21,Y,2898328,0.009661093333333334
254,15,Y,2896904,0.009656346666666668
0,129,Y,2896120,0.009653733333333334
38,436,Y,2895104,0.009650346666666667
119,1082,Y,2895072,0.009650240000000001
75,730,Y,2891312,0.009637706666666667
576,56,Y,2889712,0.009632373333333333
864,92,Y,2889368,0.009631226666666666
6,182,Y,2887768,0.009625893333333333
97,907,Y,2881032,0.00960344
869,92,Y,2880024,0.00960008
296,21,Y,2879216,0.009597386666666666
767,79,Y,2878280,0.009594266666666667
355,28,Y,2876880,0.0095896
49,525,Y,2875472,0.009584906666666667
42,464,Y,2871624,0.00957208
239,13,Y,2866320,0.009554400000000001
40,448,Y,2864816,0.009549386666666666
312,23,Y,2863560,0.0095452
118,1075,Y,2863432,0.009544773333333333
120,1088,Y,2863368,0.00954456
30,375,Y,2860056,0.00953352
125,1131,Y,2859944,0.009533146666666667
594,58,Y,2858984,0.009529946666666667
107,988,Y,2858584,0.009528613333333333
958,103,Y,2856752,0.009522506666666666
467,42,Y,2855760,0.0095192
385,32,Y,2855072,0.009516906666666667
75,731,Y,2854400,0.009514666666666666
45,490,Y,2852136,0.009507119999999999
1019,111,Y,2851784,0.009505946666666668
655,65,Y,2851752,0.00950584
74,726,Y,2851568,0.009505226666666667
389,32,Y,2850912,0.00950304
896,96,Y,2848584,0.00949528
109,1005,Y,2844496,0.009481653333333333
990,107,Y,2842384,0.009474613333333333
13,236,Y,2839392,0.00946464
241,14,Y,2835080,0.009450266666666667
87,828,Y,2833176,0.00944392
849,90,Y,2831824,0.009439413333333334
115,1049,Y,2829896,0.009432986666666667
69,686,Y,2829600,0.009432000000000001
24,325,Y,2828864,0.009429546666666667
486,44,Y,2828616,0.00942872
42,466,Y,2827320,0.0094244
19,280,Y,2825360,0.009417866666666667
497,46,Y,2823904,0.009413013333333333
34,400,Y,2822944,0.009409813333333334
3,154,Y,2820288,0.00940096
111,1021,Y,2819080,0.009396933333333333
230,12,Y,2818672,0.009395573333333334
131,0,Y,2817336,0.009391120000000001
826,87,Y,2815384,0.009384613333333333
67,665,Y,2815272,0.00938424
668,67,Y,2811824,0.009372746666666668
62,627,Y,2811376,0.009371253333333333
1131,125,Y,2809024,0.009363413333333334
6,178,Y,2805816,0.00935272
907,97,Y,2804888,0.009349626666666666
30,371,Y,2799016,0.009330053333333335
87,827,Y,2798624,0.009328746666666667
475,43,Y,2794784,0.009315946666666667
586,57,Y,2788400,0.009294666666666666
76,740,Y,2788016,0.009293386666666667
163,4,Y,2784312,0.00928104
890,95,Y,2781776,0.009272586666666667
830,87,Y,2781400,0.009271333333333335
575,55,Y,2777448,0.00925816
48,512,Y,2777392,0.009257973333333332
914,98,Y,2777168,0.009257226666666667
18,277,Y,2776296,0.00925432
871,92,Y,2773896,0.00924632
42,471,Y,2765816,0.009219386666666668
297,21,Y,2765648,0.009218826666666667
891,95,Y,2763072,0.00921024
72,709,Y,2762288,0.009207626666666666
794,83,Y,2761656,0.00920552
656,66,Y,2755640,0.009185466666666668
140,1,Y,2755360,0.009184533333333333
886,94,Y,2754728,0.009182426666666667
108,997,Y,2753568,0.00917856
273,18,Y,2749288,0.009164293333333334
182,6,Y,2747936,0.009159786666666666
77,748,Y,2747528,0.009158426666666667
108,996,Y,2747160,0.009157199999999999
1039,113,Y,2744840,0.009149466666666667
728,75,Y,2743712,0.009145706666666666
27,344,Y,2741832,0.00913944
720,74,Y,2739624,0.00913208
14,242,Y,2737200,0.009124
84,800,Y,2733168,0.00911056
71,702,Y,2732520,0.0091084
11,216,Y,2731184,0.009103946666666666
74,722,Y,2720008,0.009066693333333334
101,938,Y,2719824,0.00906608
15,251,Y,2717656,0.009058853333333334
67,668,Y,2714616,0.00904872
107,990,Y,2714392,0.009047973333333334
269,17,Y,2713608,0.00904536
181,6,Y,2711776,0.009039253333333334
52,548,Y,2706496,0.009021653333333334
58,593,Y,2701584,0.00900528
437,38,Y,2701104,0.00900368
993,108,Y,2700680,0.009002266666666666
31,379,Y,2697584,0.008991946666666667
75,733,Y,2697568,0.008991893333333334
856,91,Y,2696688,0.008988959999999999
215,10,Y,2695616,0.008985386666666666
70,693,Y,2695240,0.008984133333333333
764,79,Y,2695000,0.008983333333333334
67,666,Y,2683192,0.008943973333333332
22,306,Y,2681912,0.008939706666666667
104,964,Y,2681576,0.008938586666666666
500,46,Y,2681312,0.008937706666666666
87,830,Y,2680000,0.008933333333333333
1034,113,Y,2675128,0.008917093333333334
60,612,Y,2672936,0.008909786666666667
60,614,Y,2672456,0.008908186666666667
45,495,Y,2666600,0.008888666666666666
124,1125,Y,2663912,0.008879706666666666
95,893,Y,2663904,0.00887968
913,98,Y,2662648,0.008875493333333333
15,254,Y,2660816,0.008869386666666666
126,1143,Y,2656416,0.00885472
548,52,Y,2652888,0.00884296
113,1032,Y,2651376,0.00883792
28,355,Y,2649944,0.008833146666666668
274,18,Y,2644384,0.008814613333333334
77,749,Y,2642888,0.008809626666666667
23,314,Y,2641632,0.00880544
77,750,Y,2640352,0.008801173333333332
8,195,Y,2640312,0.00880104
1123,124,Y,2638016,0.008793386666666667
82,790,Y,2637912,0.00879304
612,60,Y,2636680,0.008788933333333334
104,965,Y,2633776,0.008779253333333334
702,71,Y,2633120,0.008777066666666666
27,349,Y,2631824,0.008772746666666666
625,62,Y,2631784,0.008772613333333333
44,482,Y,2630456,0.008768186666666667
734,75,Y,2627928,0.00875976
79,766,Y,2626000,0.008753333333333333
40,449,Y,2624744,0.008749146666666666
54,566,Y,2624368,0.008747893333333333
113,1034,Y,2622528,0.00874176
61,621,Y,2619040,0.008730133333333332
111,1016,Y,2617920,0.0087264
52,544,Y,2615824,0.008719413333333334
942,101,Y,2612880,0.0087096
108,995,Y,2611472,0.008704906666666666
1024,112,Y,2610080,0.008700266666666668
875,93,Y,2603840,0.008679466666666667
69,684,Y,2602208,0.008674026666666666
516,48,Y,2602080,0.0086736
329,25,Y,2599648,0.008665493333333333
679,68,Y,2598936,0.00866312
62,624,Y,2589288,0.00863096
908,97,Y,2589080,0.008630266666666667
63,637,Y,2585352,0.00861784
124,1122,Y,2584112,0.008613706666666667
86,819,Y,2581848,0.00860616
33,396,Y,2580816,0.00860272
1081,119,Y,2579624,0.008598746666666667
105,968,Y,2579128,0.008597093333333333
1064,117,Y,2577504,0.008591679999999999
2,151,Y,2576296,0.008587653333333334
33,395,Y,2575928,0.008586426666666667
414,35,Y,2575024,0.008583413333333335
5,169,Y,2571992,0.008573306666666667
387,32,Y,2571952,0.008573173333333333
124,1126,Y,2571072,0.00857024
1133,125,Y,2567664,0.00855888
775,80,Y,2566688,0.008555626666666667
209,10,Y,2565992,0.008553306666666666
1010,110,Y,2564952,0.00854984
48,514,Y,2564080,0.008546933333333335
4,163,Y,2562584,0.008541946666666668
1017,111,Y,2560344,0.00853448
18,272,Y,2559704,0.008532346666666666
1046,114,Y,2554848,0.00851616
110,1011,Y,2554768,0.008515893333333333
984,107,Y,2552448,0.008508159999999999
805,84,Y,2551400,0.008504666666666667
340,26,Y,2550104,0.008500346666666667
17,269,Y,2548896,0.00849632
36,418,Y,2548160,0.008493866666666666
1144,127,Y,2547192,0.00849064
730,75,Y,2546296,0.008487653333333334
946,102,Y,2544576,0.00848192
109,1003,Y,2541464,0.008471546666666668
820,86,Y,2540992,0.008469973333333334
75,732,Y,2539920,0.0084664
292,20,Y,2538976,0.008463253333333334
82,785,Y,2537120,0.008457066666666667
91,862,Y,2537040,0.008456799999999999
50,528,Y,2533336,0.008444453333333332
783,81,Y,2533272,0.00844424
881,94,Y,2532784,0.008442613333333333
64,640,Y,2531280,0.0084376
1060,116,Y,2531128,0.008437093333333333
617,61,Y,2528224,0.008427413333333333
966,104,Y,2525704,0.008419013333333334
7,187,Y,2520456,0.00840152
996,108,Y,2519104,0.008397013333333333
384,32,Y,2515888,0.008386293333333334
55,573,Y,2515200,0.008383999999999999
37,431,Y,2510632,0.008368773333333333
1,136,Y,2506496,0.008354986666666666
60,613,Y,2505360,0.0083512
36,416,Y,2497552,0.008325173333333333
138,1,Y,2496728,0.008322426666666667
20,295,Y,2491848,0.00830616
905,97,Y,2491280,0.008304266666666666
60,610,Y,2488960,0.008296533333333333
895,95,Y,2482080,0.0082736
74,725,Y,2481952,0.008273173333333333
847,89,Y,2480352,0.00826784
632,63,Y,2479472,0.008264906666666667
65,655,Y,2477384,0.008257946666666667
800,84,Y,2477080,0.008256933333333334
1099,121,Y,2476696,0.008255653333333333
93,873,Y,2476280,0.008254266666666666
102,944,Y,2475776,0.008252586666666667
375,30,Y,2474296,0.008247653333333334
1075,118,Y,2472864,0.008242880000000001
233,13,Y,2471880,0.0082396
37,429,Y,2470344,0.00823448
78,753,Y,2469160,0.008230533333333335
1141,126,Y,2466192,0.008220640000000001
79,762,Y,2465952,0.00821984
48,517,Y,2464456,0.008214853333333334
30,373,Y,2460640,0.008202133333333333
906,97,Y,2459400,0.008198
57,585,Y,2458096,0.008193653333333334
120,1092,Y,2457376,0.008191253333333334
345,27,Y,2454792,0.00818264
514,48,Y,2454264,0.00818088
44,480,Y,2453496,0.00817832
879,93,Y,2450256,0.00816752
1076,118,Y,2449680,0.0081656
95,891,Y,2446160,0.008153866666666667
1071,117,Y,2445528,0.00815176
52,550,Y,2444784,0.00814928
114,1047,Y,2443552,0.008145173333333334
377,31,Y,2442936,0.00814312
1048,115,Y,2437672,0.008125573333333334
80,773,Y,2436464,0.008121546666666667
552,53,Y,2433904,0.008113013333333334
7,188,Y,2431584,0.00810528
460,41,Y,2431200,0.008104
10,210,Y,2428720,0.008095733333333334
1139,126,Y,2425376,0.008084586666666668
4,162,Y,2424312,0.00808104
6,176,Y,2423832,0.00807944
261,16,Y,2423728,0.008079093333333334
483,44,Y,2421208,0.008070693333333333
41,461,Y,2420984,0.008069946666666666
52,551,Y,2420720,0.008069066666666668
1,140,Y,2420536,0.008068453333333333
64,647,Y,2416896,0.008056319999999999
948,102,Y,2415456,0.00805152
32,388,Y,2413824,0.00804608
1038,113,Y,2410504,0.008035013333333334
154,3,Y,2408768,0.008029226666666667
52,545,Y,2408400,0.008028
9,207,Y,2402888,0.008009626666666667
1030,112,Y,2402080,0.008006933333333332
265,17,Y,2398704,0.007995680000000002
61,617,Y,2397952,0.007993173333333334
45,488,Y,2395792,0.007985973333333334
124,1127,Y,2394368,0.007981226666666667
719,73,Y,2393440,0.007978133333333333
69,687,Y,2391816,0.00797272
1098,121,Y,2390304,0.00796768
58,594,Y,2387784,0.00795928
48,515,Y,2384568,0.00794856
1067,117,Y,2384536,0.007948453333333334
18,275,Y,2383696,0.007945653333333334
43,479,Y,2383368,0.00794456
1061,116,Y,2381168,0.007937226666666667
178,6,Y,2377184,0.007923946666666667
41,458,Y,2374416,0.00791472
703,71,Y,2373112,0.007910373333333333
839,88,Y,2372576,0.007908586666666667
553,53,Y,2372232,0.00790744
593,58,Y,2371184,0.007903946666666667
56,583,Y,2370656,0.007902186666666667
82,784,Y,2370040,0.007900133333333333
105,974,Y,2369864,0.007899546666666667
52,549,Y,2368480,0.007894933333333335
454,40,Y,2366120,0.007887066666666666
768,80,Y,2365784,0.007885946666666666
970,105,Y,2359072,0.007863573333333334
930,100,Y,2357264,0.007857546666666666
597,58,Y,2357256,0.00785752
7,184,Y,2357072,0.007856906666666667
631,62,Y,2354296,0.007847653333333333
937,101,Y,2351432,0.007838106666666666
38,432,Y,2348568,0.00782856
557,53,Y,2347112,0.007823706666666668
160,4,Y,2346904,0.007823013333333333
595,58,Y,2341624,0.007805413333333333
25,335,Y,2338224,0.00779408
117,1069,Y,2337920,0.007793066666666666
127,1149,Y,2333864,0.007779546666666666
73,712,Y,2332120,0.007773733333333334
20,290,Y,2332064,0.007773546666666666
999,108,Y,2330160,0.0077672
45,492,Y,2326816,0.007756053333333333
73,717,Y,2325808,0.007752693333333334
112,1027,Y,2324320,0.007747733333333334
641,64,Y,2321504,0.007738346666666666
811,85,Y,2320480,0.0077349333333333326
12,225,Y,2317936,0.0077264533333333335
50,532,Y,2315528,0.007718426666666667
997,108,Y,2314272,0.00771424
90,855,Y,2311160,0.007703866666666667
510,47,Y,2310168,0.00770056
268,17,Y,2307528,0.00769176
14,240,Y,2306752,0.007689173333333333
22,307,Y,2302888,0.007676293333333333
950,102,Y,2302112,0.007673706666666666
18,278,Y,2299520,0.007665066666666666
648,65,Y,2297272,0.007657573333333334
777,81,Y,2294120,0.007647066666666667
90,854,Y,2293568,0.007645226666666667
285,19,Y,2292800,0.007642666666666667
791,82,Y,2290864,0.007636213333333333
81,781,Y,2290536,0.0076351200000000004
665,67,Y,2289960,0.0076332
419,36,Y,2289152,0.007630506666666666
116,1059,Y,2287904,0.007626346666666666
868,92,Y,2285000,0.007616666666666667
206,9,Y,2283456,0.00761152
478,43,Y,2279840,0.007599466666666667
113,1035,Y,2279384,0.007597946666666667
741,76,Y,2279120,0.007597066666666666
82,787,Y,2275896,0.0075863200000000006
73,718,Y,2275672,0.007585573333333333
901,96,Y,2275584,0.007585280000000001
102,949,Y,2271984,0.00757328
53,553,Y,2271736,0.007572453333333333
747,77,Y,2271584,0.007571946666666667
68,673,Y,2270688,0.0075689600000000004
83,793,Y,2269624,0.007565413333333334
79,764,Y,2268184,0.007560613333333333
473,43,Y,2267536,0.007558453333333334
676,68,Y,2266672,0.007555573333333334
63,636,Y,2265072,0.00755024
87,825,Y,2264472,0.0075482399999999995
120,1095,Y,2264136,0.00754712
55,569,Y,2262592,0.007541973333333334
21,300,Y,2261608,0.007538693333333333
121,1096,Y,2261544,0.007538479999999999
725,74,Y,2257288,0.007524293333333333
1115,123,Y,2257008,0.007523360000000001
51,540,Y,2255616,0.00751872
683,69,Y,2253112,0.007510373333333334
538,51,Y,2251416,0.00750472
50,531,Y,2250552,0.007501840000000001
549,52,Y,2250080,0.0075002666666666665
116,1060,Y,2248480,0.007494933333333334
0,128,Y,2248024,0.007493413333333333
324,24,Y,2247560,0.007491866666666667
615,60,Y,2244408,0.00748136
1148,127,Y,2244264,0.00748088
69,682,Y,2243960,0.007479866666666666
51,542,Y,2242512,0.0074750400000000005
56,576,Y,2239096,0.007463653333333333
642,64,Y,2237472,0.00745824
112,1024,Y,2232496,0.0074416533333333335
1126,124,Y,2227536,0.00742512
457,41,Y,2224960,0.007416533333333334
125,1128,Y,2224856,0.007416186666666666
20,292,Y,2222528,0.007408426666666667
76,741,Y,2221504,0.007405013333333333
123,1115,Y,2217392,0.007391306666666667
663,66,Y,2215216,0.007384053333333333
12,226,Y,2214448,0.007381493333333333
35,409,Y,2210984,0.007369946666666667
433,38,Y,2210248,0.007367493333333333
16,258,Y,2208136,0.007360453333333333
38,435,Y,2206160,0.007353866666666667
726,74,Y,2205200,0.007350666666666667
397,33,Y,2204288,0.007347626666666667
121,1100,Y,2202976,0.007343253333333333
142,1,Y,2201960,0.007339866666666668
64,642,Y,2201544,0.0073384800000000005
109,1001,Y,2199392,0.007331306666666666
224,12,Y,2199040,0.007330133333333333
78,756,Y,2196328,0.007321093333333333
866,92,Y,2196288,0.00732096
577,56,Y,2196272,0.007320906666666667
111,1018,Y,2194944,0.007316479999999999
34,403,Y,2193768,0.00731256
82,791,Y,2193720,0.0073124
572,55,Y,2191792,0.007305973333333333
54,560,Y,2191720,0.007305733333333333
177,6,Y,2190296,0.007300986666666666
988,107,Y,2189512,0.0072983733333333335
1016,111,Y,2189432,0.007298106666666667
34,402,Y,2189000,0.007296666666666666
0,135,Y,2188912,0.007296373333333333
81,779,Y,2187656,0.007292186666666667
590,57,Y,2184984,0.00728328
46,500,Y,2183520,0.0072784
101,943,Y,2183376,0.00727792
27,347,Y,2181864,0.00727288
309,22,Y,2180880,0.007269599999999999
93,874,Y,2179216,0.007264053333333333
96,901,Y,2177488,0.007258293333333334
76,742,Y,2177200,0.0072573333333333335
711,72,Y,2177056,0.007256853333333334
785,82,Y,2172328,0.007241093333333333
1125,124,Y,2171568,0.00723856
17,265,Y,2161552,0.007205173333333333
45,491,Y,2160600,0.007202
110,1013,Y,2160320,0.007201066666666666
29,360,Y,2158136,0.007193786666666667
47,506,Y,2156776,0.007189253333333333
1090,120,Y,2156680,0.007188933333333334
1026,112,Y,2156608,0.0071886933333333335
123,1113,Y,2156592,0.00718864
112,1031,Y,2155776,0.00718592
193,8,Y,2153536,0.007178453333333334
155,3,Y,2151608,0.007172026666666666
92,865,Y,2149816,0.0071660533333333335
295,20,Y,2149632,0.00716544
91,858,Y,2149072,0.0071635733333333335
37,430,Y,2147776,0.007159253333333334
495,45,Y,2144120,0.007147066666666668
105,973,Y,2141592,0.00713864
31,383,Y,2137904,0.007126346666666667
68,678,Y,2135840,0.007119466666666667
13,238,Y,2132864,0.007109546666666667
45,494,Y,2132296,0.007107653333333333
9,202,Y,2131400,0.007104666666666666
93,875,Y,2130784,0.007102613333333333
736,76,Y,2128784,0.007095946666666666
53,558,Y,2125736,0.007085786666666667
32,387,Y,2124048,0.00708016
3,159,Y,2121832,0.007072773333333334
929,100,Y,2120048,0.007066826666666666
1002,109,Y,2113224,0.0070440799999999994
353,28,Y,2111176,0.007037253333333333
68,674,Y,2111000,0.007036666666666667
52,546,Y,2105648,0.007018826666666667
97,906,Y,2105264,0.007017546666666667
78,754,Y,2102928,0.00700976
952,103,Y,2101936,0.007006453333333333
37,425,Y,2098648,0.006995493333333333
688,70,Y,2095856,0.006986186666666667
956,103,Y,2095456,0.006984853333333333
623,61,Y,2094872,0.006982906666666667
122,1106,Y,2093848,0.006979493333333334
84,803,Y,2093568,0.00697856
225,12,Y,2093400,0.006978
1073,118,Y,2089992,0.00696664
93,877,Y,2089960,0.006966533333333334
255,15,Y,2089736,0.006965786666666667
502,46,Y,2089432,0.006964773333333333
383,31,Y,2082288,0.00694096
67,667,Y,2080288,0.006934293333333333
762,79,Y,2077368,0.006924560000000001
98,918,Y,2076840,0.0069228
392,33,Y,2076280,0.006920933333333333
20,288,Y,2072952,0.0069098399999999996
5,174,Y,2072656,0.0069088533333333335
482,44,Y,2072288,0.006907626666666666
817,86,Y,2071464,0.0069048799999999995
685,69,Y,2068592,0.006895306666666667
431,37,Y,2068392,0.0068946400000000005
628,62,Y,2067160,0.006890533333333334
539,51,Y,2066304,0.00688768
119,1084,Y,2065584,0.00688528
742,76,Y,2065232,0.006884106666666666
985,107,Y,2062832,0.006876106666666667
211,10,Y,2060552,0.006868506666666666
27,348,Y,2060432,0.006868106666666667
66,660,Y,2059328,0.006864426666666667
48,513,Y,2056784,0.006855946666666667
850,90,Y,2055992,0.006853306666666667
1028,112,Y,2055888,0.00685296
81,778,Y,2049144,0.006830480000000001
49,524,Y,2048912,0.006829706666666667
316,23,Y,2048200,0.006827333333333334
3,152,Y,2041656,0.00680552
68,675,Y,2039264,0.006797546666666667
941,101,Y,2035880,0.006786266666666666
1047,114,Y,2034144,0.00678048
122,1110,Y,2033280,0.0067776
687,69,Y,2029640,0.006765466666666667
1104,122,Y,2028960,0.0067632000000000005
54,565,Y,2024656,0.006748853333333334
92,868,Y,2024320,0.006747733333333334
620,61,Y,2021064,0.00673688
118,1077,Y,2020696,0.0067356533333333335
26,337,Y,2020056,0.006733520000000001
35,411,Y,2018984,0.006729946666666666
11,217,Y,2016976,0.006723253333333333
753,78,Y,2015960,0.006719866666666667
485,44,Y,2012456,0.006708186666666667
1112,123,Y,2011448,0.006704826666666667
874,93,Y,2010032,0.006700106666666667
95,888,Y,2009160,0.0066971999999999995
718,73,Y,2007928,0.006693093333333333
121,1102,Y,2007160,0.006690533333333333
434,38,Y,2005624,0.006685413333333333
824,87,Y,2004288,0.0066809600000000005
17,271,Y,2003768,0.006679226666666666
73,715,Y,2003264,0.006677546666666667
80,769,Y,2003000,0.0066766666666666676
98,914,Y,1999000,0.006663333333333333
19,284,Y,1997808,0.0066593600000000005
53,556,Y,1995208,0.006650693333333334
771,80,Y,1994272,0.0066475733333333335
110,1015,Y,1993832,0.006646106666666667
825,87,Y,1993728,0.0066457600000000006
11,219,Y,1991288,0.006637626666666667
752,78,Y,1991136,0.006637120000000001
627,62,Y,1989504,0.006631679999999999
314,23,Y,1989416,0.006631386666666667
12,231,Y,1988912,0.006629706666666667
325,24,Y,1987120,0.006623733333333333
609,60,Y,1986616,0.006622053333333333
120,1089,Y,1982760,0.0066092
876,93,Y,1981624,0.006605413333333333
1108,122,Y,1981296,0.00660432
1,139,Y,1979848,0.006599493333333333
1091,120,Y,1979352,0.00659784
459,41,Y,1978480,0.006594933333333334
547,52,Y,1975904,0.006586346666666667
47,509,Y,1973176,0.006577253333333333
74,727,Y,1972880,0.006576266666666667
106,977,Y,1970712,0.00656904
1147,127,Y,1969056,0.006563520000000001
18,274,Y,1967808,0.006559359999999999
599,58,Y,1965408,0.006551359999999999
93,879,Y,1965344,0.006551146666666667
118,1073,Y,1965344,0.006551146666666667
509,47,Y,1961176,0.006537253333333333
637,63,Y,1959696,0.0065323199999999994
716,73,Y,1958864,0.006529546666666667
44,481,Y,1958664,0.006528880000000001
279,18,Y,1958464,0.006528213333333334
84,807,Y,1957376,0.006524586666666667
109,1000,Y,1957200,0.006524
356,28,Y,1956376,0.0065212533333333335
1142,126,Y,1955912,0.006519706666666667
1063,116,Y,1954792,0.006515973333333334
893,95,Y,1954464,0.00651488
107,985,Y,1951216,0.006504053333333333
311,22,Y,1951184,0.006503946666666666
24,322,Y,1949096,0.006496986666666666
396,33,Y,1948768,0.006495893333333333
634,63,Y,1947096,0.00649032
119,1083,Y,1943184,0.00647728
2,148,Y,1941016,0.006470053333333333
959,103,Y,1940752,0.006469173333333333
900,96,Y,1940248,0.0064674933333333335
26,340,Y,1939248,0.006464159999999999
20,289,Y,1937600,0.006458666666666666
92,871,Y,1930240,0.006434133333333333
43,478,Y,1928624,0.006428746666666667
35,414,Y,1928496,0.0064283199999999995
166,4,Y,1928040,0.0064268
6,183,Y,1925048,0.006416826666666667
70,691,Y,1923296,0.006410986666666666
127,1145,Y,1923272,0.006410906666666667
126,1140,Y,1921384,0.006404613333333334
361,29,Y,1919640,0.0063988
97,909,Y,1919616,0.006398719999999999
540,51,Y,1919208,0.0063973599999999995
212,10,Y,1919112,0.00639704
63,632,Y,1917488,0.006391626666666667
252,15,Y,1916864,0.006389546666666667
65,649,Y,1915600,0.006385333333333333
32,384,Y,1913704,0.006379013333333333
2,149,Y,1907752,0.006359173333333333
290,20,Y,1907192,0.006357306666666666
228,12,Y,1906968,0.006356559999999999
682,69,Y,1905192,0.00635064
23,315,Y,1904880,0.0063496
14,244,Y,1902744,0.006342479999999999
393,33,Y,1901720,0.006339066666666667
256,16,Y,1901240,0.006337466666666666
801,84,Y,1900344,0.00633448
26,339,Y,1900000,0.006333333333333333
598,58,Y,1898664,0.006328879999999999
34,406,Y,1895336,0.006317786666666666
693,70,Y,1894720,0.006315733333333334
112,1030,Y,1894600,0.006315333333333333
217,11,Y,1891808,0.0063060266666666665
998,108,Y,1890128,0.006300426666666666
936,101,Y,1890088,0.006300293333333334
136,1,Y,1889704,0.006299013333333334
1118,123,Y,1886752,0.006289173333333334
616,61,Y,1884960,0.0062832
614,60,Y,1884640,0.006282133333333334
124,1123,Y,1884408,0.00628136
106,982,Y,1884344,0.006281146666666668
435,38,Y,1882968,0.0062765600000000005
5,173,Y,1882584,0.00627528
583,56,Y,1880912,0.006269706666666666
9,201,Y,1880200,0.006267333333333333
33,398,Y,1878248,0.006260826666666666
42,467,Y,1875832,0.006252773333333333
92,866,Y,1875504,0.00625168
104,967,Y,1872672,0.00624224
87,826,Y,1870224,0.00623408
331,25,Y,1866880,0.006222933333333334
27,350,Y,1864944,0.00621648
115,1051,Y,1863864,0.0062128800000000005
51,538,Y,1861144,0.006203813333333334
878,93,Y,1859464,0.006198213333333334
76,737,Y,1859240,0.006197466666666667
111,1023,Y,1858832,0.006196106666666666
938,101,Y,1856392,0.0061879733333333325
508,47,Y,1856272,0.006187573333333333
503,46,Y,1856248,0.006187493333333334
77,747,Y,1854360,0.0061811999999999995
62,625,Y,1854216,0.00618072
66,656,Y,1854160,0.006180533333333333
126,1136,Y,1854048,0.0061801600000000005
458,41,Y,1853112,0.00617704
821,86,Y,1851480,0.0061716
580,56,Y,1849888,0.006166293333333333
238,13,Y,1844632,0.006148773333333334
400,34,Y,1844176,0.006147253333333333
121,1103,Y,1841328,0.006137760000000001
367,29,Y,1841304,0.00613768
27,351,Y,1838976,0.00612992
46,501,Y,1838248,0.0061274933333333335
80,770,Y,1837064,0.006123546666666666
229,12,Y,1836456,0.00612152
935,100,Y,1836224,0.006120746666666667
870,92,Y,1832880,0.0061096
26,336,Y,1830264,0.0061008799999999995
1080,119,Y,1828832,0.006096106666666667
63,634,Y,1825704,0.00608568
200,9,Y,1824768,0.00608256
378,31,Y,1823152,0.006077173333333333
257,16,Y,1817128,0.0060570933333333335
125,1132,Y,1816112,0.006053706666666667
978,106,Y,1812504,0.00604168
245,14,Y,1810864,0.0060362133333333335
125,1135,Y,1808720,0.006029066666666667
61,620,Y,1807992,0.006026640000000001
94,886,Y,1807880,0.006026266666666667
570,55,Y,1806016,0.006020053333333333
58,595,Y,1804104,0.00601368
251,15,Y,1803488,0.006011626666666666
474,43,Y,1803152,0.006010506666666667
568,55,Y,1801352,0.006004506666666667
1013,110,Y,1801296,0.0060043200000000005
102,948,Y,1800696,0.00600232
86,822,Y,1796016,0.00598672
50,533,Y,1795976,0.005986586666666667
933,100,Y,1795800,0.005986
650,65,Y,1790008,0.0059666933333333335
26,338,Y,1788688,0.005962293333333334
671,67,Y,1787168,0.005957226666666667
221,11,Y,1787048,0.0059568266666666665
103,959,Y,1784280,0.0059476
110,1012,Y,1784216,0.005947386666666667
664,67,Y,1783008,0.00594336
835,88,Y,1781008,0.005936693333333334
832,88,Y,1780280,0.005934266666666666
195,8,Y,1777632,0.00592544
3,156,Y,1777048,0.005923493333333333
82,786,Y,1775120,0.005917066666666667
712,73,Y,1771888,0.005906293333333333
739,76,Y,1770424,0.0059014133333333335
1134,125,Y,1769520,0.005898400000000001
550,52,Y,1767248,0.005890826666666666
114,1043,Y,1762104,0.00587368
781,81,Y,1760248,0.005867493333333334
1136,126,Y,1760056,0.005866853333333333
20,293,Y,1758944,0.005863146666666667
987,107,Y,1758944,0.005863146666666667
77,751,Y,1754304,0.00584768
55,574,Y,1753768,0.005845893333333333
44,484,Y,1753144,0.005843813333333333
116,1058,Y,1751712,0.00583904
955,103,Y,1750368,0.00583456
1146,127,Y,1741592,0.005805306666666667
6,179,Y,1740144,0.005800479999999999
89,847,Y,1737608,0.005792026666666667
54,563,Y,1737056,0.005790186666666667
945,102,Y,1733480,0.005778266666666666
989,107,Y,1728832,0.005762773333333333
426,37,Y,1726512,0.0057550399999999995
127,1148,Y,1721792,0.005739306666666667
453,40,Y,1721544,0.00573848
46,497,Y,1719664,0.005732213333333333
237,13,Y,1718624,0.005728746666666667
677,68,Y,1716800,0.005722666666666667
14,245,Y,1716568,0.005721893333333334
351,27,Y,1714584,0.00571528
926,99,Y,1713056,0.005710186666666667
21,301,Y,1712736,0.00570912
308,22,Y,1710192,0.00570064
159,3,Y,1709568,0.00569856
89,843,Y,1704704,0.005682346666666667
537,51,Y,1703896,0.005679653333333333
21,302,Y,1701808,0.0056726933333333335
608,60,Y,1699072,0.005663573333333333
28,353,Y,1684480,0.005614933333333333
81,776,Y,1683928,0.005613093333333334
111,1020,Y,1679112,0.00559704
700,71,Y,1677880,0.005592933333333334
1087,119,Y,1676032,0.005586773333333334
690,70,Y,1670368,0.005567893333333333
17,264,Y,1669824,0.00556608
8,196,Y,1668328,0.005561093333333334
30,372,Y,1666888,0.0055562933333333335
169,5,Y,1666488,0.00555496
531,50,Y,1666248,0.00555416
201,9,Y,1665840,0.0055528
708,72,Y,1665704,0.005552346666666667
0,130,Y,1665424,0.005551413333333333
464,42,Y,1659320,0.005531066666666667
71,700,Y,1657976,0.005526586666666667
692,70,Y,1656800,0.005522666666666666
645,64,Y,1653416,0.005511386666666666
646,64,Y,1650544,0.0055018133333333335
9,205,Y,1648512,0.0054950400000000005
810,85,Y,1648312,0.0054943733333333335
204,9,Y,1648168,0.005493893333333333
66,663,Y,1646328,0.0054877599999999995
976,106,Y,1644384,0.00548128
1095,120,Y,1644344,0.005481146666666667
680,69,Y,1639360,0.005464533333333333
98,917,Y,1637512,0.005458373333333333
63,635,Y,1637440,0.005458133333333334
372,30,Y,1631464,0.005438213333333334
13,232,Y,1630888,0.005436293333333333
100,928,Y,1630376,0.005434586666666666
884,94,Y,1626432,0.0054214400000000005
346,27,Y,1625256,0.00541752
64,641,Y,1622064,0.00540688
342,26,Y,1620688,0.005402293333333333
36,420,Y,1618872,0.00539624
766,79,Y,1617432,0.00539144
82,789,Y,1614240,0.0053808
194,8,Y,1612792,0.005375973333333333
105,971,Y,1612616,0.0053753866666666665
4,160,Y,1612016,0.005373386666666666
83,795,Y,1610336,0.005367786666666667
729,75,Y,1609296,0.0053643200000000005
43,475,Y,1606472,0.005354906666666667
100,935,Y,1603760,0.005345866666666667
1021,111,Y,1603520,0.005345066666666667
424,37,Y,1602864,0.0053428799999999995
94,884,Y,1601464,0.005338213333333333
253,15,Y,1599832,0.005332773333333334
260,16,Y,1598160,0.0053272
86,821,Y,1596088,0.005320293333333333
1033,113,Y,1595936,0.005319786666666667
21,303,Y,1594744,0.005315813333333333
288,20,Y,1593904,0.005313013333333333
980,106,Y,1592384,0.005307946666666666
31,382,Y,1590688,0.005302293333333333
28,359,Y,1590456,0.00530152
130,0,Y,1588728,0.00529576
348,27,Y,1583768,0.005279226666666667
790,82,Y,1582096,0.005273653333333333
81,777,Y,1580920,0.0052697333333333336
798,83,Y,1579872,0.00526624
246,14,Y,1579624,0.005265413333333333
112,1028,Y,1579072,0.005263573333333334
1011,110,Y,1577808,0.005259359999999999
1113,123,Y,1573360,0.005244533333333333
953,103,Y,1572376,0.0052412533333333336
235,13,Y,1572200,0.005240666666666667
72,707,Y,1569928,0.0052330933333333335
412,35,Y,1569856,0.005232853333333333
102,946,Y,1569112,0.005230373333333333
432,38,Y,1569040,0.005230133333333334
47,507,Y,1566288,0.00522096
443,39,Y,1565816,0.005219386666666667
816,86,Y,1565096,0.005216986666666667
610,60,Y,1563784,0.005212613333333334
90,851,Y,1562616,0.00520872
831,87,Y,1561608,0.00520536
1084,119,Y,1554920,0.005183066666666666
462,41,Y,1554000,0.00518
23,317,Y,1550472,0.00516824
162,4,Y,1545488,0.005151626666666667
77,745,Y,1544704,0.005149013333333333
347,27,Y,1542824,0.0051427466666666664
25,331,Y,1539384,0.00513128
39,447,Y,1539360,0.0051312
770,80,Y,1539136,0.005130453333333333
10,215,Y,1537800,0.005126
64,644,Y,1534440,0.0051148
85,812,Y,1533912,0.00511304
1052,115,Y,1530704,0.005102346666666666
504,47,Y,1530288,0.00510096
441,39,Y,1527440,0.0050914666666666665
1088,120,Y,1526592,0.00508864
55,568,Y,1525544,0.005085146666666667
922,99,Y,1522384,0.0050746133333333335
36,422,Y,1521216,0.00507072
119,1087,Y,1519472,0.005064906666666667
208,10,Y,1517096,0.005056986666666667
429,37,Y,1516160,0.005053866666666666
406,34,Y,1514536,0.005048453333333334
1127,124,Y,1509816,0.00503272
73,714,Y,1507232,0.005024106666666667
83,798,Y,1504904,0.005016346666666667
51,541,Y,1504096,0.005013653333333333
36,419,Y,1500840,0.0050028
86,823,Y,1495608,0.00498536
533,50,Y,1487616,0.00495872
745,77,Y,1486448,0.004954826666666667
47,510,Y,1486256,0.0049541866666666665
56,580,Y,1485152,0.004950506666666667
640,64,Y,1483000,0.004943333333333333
103,956,Y,1481136,0.00493712
176,6,Y,1478496,0.00492832
32,389,Y,1476672,0.00492224
349,27,Y,1475024,0.004916746666666667
249,15,Y,1473304,0.004911013333333334
39,441,Y,1472296,0.004907653333333333
293,20,Y,1470768,0.00490256
70,692,Y,1468632,0.00489544
1092,120,Y,1466152,0.004887173333333334
843,89,Y,1466056,0.004886853333333333
1043,114,Y,1465992,0.004886639999999999
1106,122,Y,1465384,0.0048846133333333335
72,708,Y,1461080,0.004870266666666666
899,96,Y,1454568,0.00484856
236,13,Y,1453904,0.004846346666666667
28,356,Y,1451712,0.004839039999999999
85,810,Y,1449568,0.0048318933333333335
1053,115,Y,1447432,0.004824773333333333
358,28,Y,1443232,0.004810773333333333
70,690,Y,1441176,0.00480392
522,49,Y,1435600,0.004785333333333333
55,575,Y,1433528,0.004778426666666667
5,175,Y,1432192,0.004773973333333333
12,230,Y,1428752,0.004762506666666667
427,37,Y,1427288,0.004757626666666666
58,599,Y,1424712,0.00474904
710,72,Y,1423920,0.0047464
1037,113,Y,1423488,0.00474496
207,9,Y,1420272,0.004734240000000001
573,55,Y,1419264,0.00473088
756,78,Y,1417816,0.004726053333333333
67,671,Y,1416360,0.0047212
636,63,Y,1415696,0.004718986666666667
1062,116,Y,1410592,0.004701973333333333
90,849,Y,1410472,0.004701573333333333
793,83,Y,1405424,0.004684746666666667
28,354,Y,1396912,0.004656373333333333
32,385,Y,1393360,0.004644533333333333
304,22,Y,1387560,0.0046251999999999995
422,36,Y,1384504,0.004615013333333333
59,602,Y,1382376,0.00460792
1100,121,Y,1374064,0.004580213333333334
199,8,Y,1372032,0.00457344
408,35,Y,1368216,0.00456072
9,200,Y,1368024,0.00456008
197,8,Y,1366768,0.004555893333333333
117,1067,Y,1366728,0.00455576
613,60,Y,1364328,0.00454776
103,953,Y,1358280,0.0045276
187,7,Y,1357408,0.004524693333333334
476,43,Y,1353424,0.004511413333333334
120,1091,Y,1352016,0.0045067200000000005
15,249,Y,1338720,0.0044624
965,104,Y,1325520,0.0044184
758,78,Y,1316904,0.00438968
73,716,Y,1316152,0.0043871733333333334
69,685,Y,1314128,0.004380426666666667
202,9,Y,1309264,0.004364213333333334
287,19,Y,1308408,0.00436136
666,67,Y,1307080,0.0043569333333333335
845,89,Y,1301280,0.0043376
1072,118,Y,1296376,0.004321253333333334
769,80,Y,1295704,0.004319013333333333
145,2,Y,1295472,0.00431824
521,49,Y,1294336,0.004314453333333333
787,82,Y,1289848,0.004299493333333333
1069,117,Y,1289144,0.004297146666666666
513,48,Y,1286536,0.004288453333333333
101,936,Y,1276904,0.004256346666666667
911,97,Y,1276664,0.004255546666666667
62,630,Y,1276520,0.004255066666666666
121,1099,Y,1268928,0.00422976
84,802,Y,1267160,0.004223866666666667
226,12,Y,1259664,0.00419888
113,1037,Y,1257040,0.0041901333333333336
99,926,Y,1255056,0.0041835200000000005
33,397,Y,1244912,0.004149706666666667
994,108,Y,1237840,0.004126133333333333
115,1052,Y,1237160,0.004123866666666667
63,639,Y,1235368,0.004117893333333333
59,607,Y,1226552,0.004088506666666667
35,412,Y,1226544,0.00408848
69,680,Y,1217832,0.00405944
106,980,Y,1213240,0.004044133333333333
47,504,Y,1210248,0.00403416
41,463,Y,1209248,0.004030826666666667
37,424,Y,1191880,0.003972933333333333
894,95,Y,1189936,0.003966453333333333
76,739,Y,1184992,0.003949973333333333
1023,111,Y,1183008,0.00394336
84,804,Y,1182656,0.003942186666666667
9,204,Y,1182472,0.0039415733333333335
717,73,Y,1169552,0.0038985066666666667
603,59,Y,1168616,0.0038953866666666666
982,106,Y,1154624,0.003848746666666667
153,3,Y,1152928,0.0038430933333333333
566,54,Y,1149264,0.00383088
62,628,Y,1147592,0.003825306666666667
390,32,Y,1145712,0.00381904
128,0,Y,1143920,0.0038130666666666663
1018,111,Y,1137568,0.0037918933333333333
240,14,Y,1135888,0.003786293333333333
1096,121,Y,1134904,0.0037830133333333336
511,47,Y,1131496,0.003771653333333333
359,28,Y,1120336,0.0037344533333333336
46,499,Y,1120296,0.0037343199999999997
1001,109,Y,1117968,0.00372656
65,650,Y,1117512,0.0037250399999999998
463,41,Y,1114160,0.0037138666666666664
12,228,Y,1109864,0.003699546666666667
555,53,Y,1108728,0.00369576
43,476,Y,1104792,0.0036826399999999996
32,391,Y,1104016,0.0036800533333333336
404,34,Y,1101856,0.0036728533333333334
103,958,Y,1096584,0.00365528
94,887,Y,1095184,0.003650613333333333
558,53,Y,1094928,0.00364976
35,408,Y,1080136,0.003600453333333333
380,31,Y,1079856,0.0035995199999999997
105,972,Y,1057376,0.003524586666666667
16,260,Y,1051080,0.0035036
973,105,Y,1049744,0.0034991466666666666
44,486,Y,1048616,0.0034953866666666664
605,59,Y,1045888,0.0034862933333333333
1129,125,Y,1040472,0.00346824
11,223,Y,1034264,0.0034475466666666664
430,37,Y,1026792,0.0034226400000000002
934,100,Y,1026392,0.0034213066666666666
968,105,Y,1014744,0.00338248
423,36,Y,1012568,0.0033752266666666666
112,1025,Y,1004888,0.003349626666666667
118,1074,Y,1004696,0.0033489866666666667
291,20,Y,1002136,0.0033404533333333333
1003,109,Y,1001616,0.00333872
88,832,Y,1001136,0.0033371200000000003
923,99,Y,982728,0.00327576
41,459,Y,982400,0.003274666666666667
877,93,Y,979088,0.0032636266666666663
498,46,Y,969288,0.00323096
16,257,Y,968680,0.003228933333333334
1103,121,Y,940064,0.0031335466666666664
981,106,Y,935032,0.003116773333333334
992,108,Y,931112,0.0031037066666666667
639,63,Y,930688,0.003102293333333333
96,899,Y,925744,0.0030858133333333333
122,1104,Y,925400,0.0030846666666666665
100,933,Y,912408,0.00304136
19,283,Y,905712,0.00301904
88,837,Y,899320,0.002997733333333333
812,85,Y,879928,0.0029330933333333335
909,97,Y,873112,0.0029103733333333335
24,324,Y,873072,0.00291024
391,32,Y,870784,0.0029026133333333332
102,945,Y,861264,0.0028708799999999997
108,999,Y,857472,0.0028582399999999997
12,224,Y,844832,0.002816106666666667
40,454,Y,840648,0.00280216
1140,126,Y,837192,0.00279064
223,11,Y,826656,0.00275552
1074,118,Y,823392,0.00274464
528,50,Y,805888,0.0026862933333333333
62,631,Y,795120,0.0026504
20,291,Y,789688,0.002632293333333333
44,483,Y,784688,0.0026156266666666666
152,3,Y,777608,0.0025920266666666666
86,820,Y,770464,0.0025682133333333333
70,688,Y,763624,0.0025454133333333334
607,59,Y,759888,0.00253296
106,981,Y,751720,0.0025057333333333336
22,304,Y,679864,0.0022662133333333336
51,537,Y,655776,0.00218592
1079,118,Y,654672,0.00218224
37,427,Y,639056,0.002130186666666667
100,929,Y,571952,0.0019065066666666668
18,279,Y,546744,0.0018224799999999998
118,1079,Y,543304,0.0018110133333333334
1132,125,Y,525472,0.0017515733333333334
8,194,Y,467048,0.0015568266666666668
