PACKETS_DROPPED: 555
PACKETS_DROPPED_AT_SOURCE: 535
TCP_ACK_PACKETS_RECEIVED: 139141622
TCP_ACK_PACKETS_SENT: 139141886
TCP_DATA_PACKETS_RECEIVED: 139221719
TCP_DATA_PACKETS_SENT: 139222592
TCP_FLOWLET_OUT_OF_ORDER: 34
TCP_RESEND_OCCURRED: 556
VAL_NODE_0: 404
VAL_NODE_1: 373
VAL_NODE_10: 351
VAL_NODE_100: 395
VAL_NODE_101: 361
VAL_NODE_102: 377
VAL_NODE_103: 391
VAL_NODE_104: 456
VAL_NODE_105: 359
VAL_NODE_106: 360
VAL_NODE_107: 363
VAL_NODE_108: 392
VAL_NODE_109: 355
VAL_NODE_11: 378
VAL_NODE_110: 382
VAL_NODE_111: 392
VAL_NODE_112: 404
VAL_NODE_113: 361
VAL_NODE_114: 374
VAL_NODE_115: 370
VAL_NODE_116: 379
VAL_NODE_117: 372
VAL_NODE_118: 386
VAL_NODE_119: 358
VAL_NODE_12: 401
VAL_NODE_120: 360
VAL_NODE_121: 352
VAL_NODE_122: 383
VAL_NODE_123: 320
VAL_NODE_124: 388
VAL_NODE_125: 368
VAL_NODE_126: 334
VAL_NODE_127: 341
VAL_NODE_128: 377
VAL_NODE_129: 379
VAL_NODE_13: 388
VAL_NODE_130: 336
VAL_NODE_131: 350
VAL_NODE_132: 331
VAL_NODE_133: 348
VAL_NODE_134: 407
VAL_NODE_135: 380
VAL_NODE_136: 341
VAL_NODE_137: 390
VAL_NODE_138: 355
VAL_NODE_139: 367
VAL_NODE_14: 351
VAL_NODE_140: 400
VAL_NODE_141: 363
VAL_NODE_142: 354
VAL_NODE_143: 397
VAL_NODE_144: 353
VAL_NODE_145: 380
VAL_NODE_146: 389
VAL_NODE_147: 346
VAL_NODE_148: 360
VAL_NODE_149: 367
VAL_NODE_15: 372
VAL_NODE_150: 377
VAL_NODE_151: 369
VAL_NODE_152: 395
VAL_NODE_153: 337
VAL_NODE_154: 381
VAL_NODE_155: 400
VAL_NODE_156: 392
VAL_NODE_157: 350
VAL_NODE_158: 370
VAL_NODE_159: 401
VAL_NODE_16: 375
VAL_NODE_160: 368
VAL_NODE_161: 347
VAL_NODE_162: 390
VAL_NODE_163: 382
VAL_NODE_164: 389
VAL_NODE_165: 362
VAL_NODE_166: 387
VAL_NODE_167: 366
VAL_NODE_168: 369
VAL_NODE_169: 400
VAL_NODE_17: 367
VAL_NODE_170: 360
VAL_NODE_171: 381
VAL_NODE_172: 360
VAL_NODE_173: 366
VAL_NODE_174: 337
VAL_NODE_175: 381
VAL_NODE_176: 386
VAL_NODE_177: 375
VAL_NODE_178: 410
VAL_NODE_179: 368
VAL_NODE_18: 422
VAL_NODE_180: 391
VAL_NODE_181: 379
VAL_NODE_182: 353
VAL_NODE_183: 403
VAL_NODE_184: 383
VAL_NODE_185: 373
VAL_NODE_186: 345
VAL_NODE_187: 385
VAL_NODE_188: 380
VAL_NODE_189: 383
VAL_NODE_19: 360
VAL_NODE_190: 406
VAL_NODE_191: 340
VAL_NODE_192: 342
VAL_NODE_193: 339
VAL_NODE_194: 366
VAL_NODE_195: 419
VAL_NODE_197: 372
VAL_NODE_198: 359
VAL_NODE_199: 376
VAL_NODE_2: 360
VAL_NODE_20: 385
VAL_NODE_200: 399
VAL_NODE_201: 374
VAL_NODE_202: 380
VAL_NODE_203: 361
VAL_NODE_204: 418
VAL_NODE_205: 346
VAL_NODE_206: 356
VAL_NODE_207: 400
VAL_NODE_208: 369
VAL_NODE_209: 408
VAL_NODE_21: 388
VAL_NODE_210: 403
VAL_NODE_211: 371
VAL_NODE_212: 338
VAL_NODE_213: 358
VAL_NODE_214: 374
VAL_NODE_215: 379
VAL_NODE_22: 370
VAL_NODE_23: 365
VAL_NODE_24: 376
VAL_NODE_25: 358
VAL_NODE_26: 377
VAL_NODE_28: 391
VAL_NODE_29: 385
VAL_NODE_3: 379
VAL_NODE_30: 363
VAL_NODE_31: 388
VAL_NODE_32: 356
VAL_NODE_33: 392
VAL_NODE_34: 375
VAL_NODE_35: 402
VAL_NODE_36: 371
VAL_NODE_37: 384
VAL_NODE_38: 417
VAL_NODE_39: 354
VAL_NODE_4: 387
VAL_NODE_40: 362
VAL_NODE_41: 363
VAL_NODE_42: 345
VAL_NODE_43: 386
VAL_NODE_44: 363
VAL_NODE_45: 343
VAL_NODE_46: 393
VAL_NODE_47: 371
VAL_NODE_48: 368
VAL_NODE_49: 370
VAL_NODE_5: 384
VAL_NODE_50: 402
VAL_NODE_51: 397
VAL_NODE_52: 375
VAL_NODE_53: 381
VAL_NODE_54: 388
VAL_NODE_55: 374
VAL_NODE_56: 371
VAL_NODE_57: 353
VAL_NODE_58: 386
VAL_NODE_59: 348
VAL_NODE_6: 368
VAL_NODE_60: 369
VAL_NODE_61: 350
VAL_NODE_62: 343
VAL_NODE_63: 388
VAL_NODE_64: 391
VAL_NODE_65: 339
VAL_NODE_66: 385
VAL_NODE_67: 395
VAL_NODE_68: 397
VAL_NODE_69: 351
VAL_NODE_7: 430
VAL_NODE_70: 383
VAL_NODE_71: 375
VAL_NODE_72: 357
VAL_NODE_73: 402
VAL_NODE_74: 375
VAL_NODE_75: 363
VAL_NODE_76: 384
VAL_NODE_77: 328
VAL_NODE_78: 354
VAL_NODE_79: 366
VAL_NODE_8: 383
VAL_NODE_80: 348
VAL_NODE_81: 398
VAL_NODE_82: 393
VAL_NODE_83: 363
VAL_NODE_84: 357
VAL_NODE_85: 362
VAL_NODE_86: 373
VAL_NODE_87: 365
VAL_NODE_88: 349
VAL_NODE_89: 365
VAL_NODE_9: 346
VAL_NODE_90: 350
VAL_NODE_91: 375
VAL_NODE_92: 367
VAL_NODE_93: 386
VAL_NODE_94: 354
VAL_NODE_95: 341
VAL_NODE_96: 357
VAL_NODE_97: 371
VAL_NODE_98: 364
VAL_NODE_99: 397
