33,90,N,29994440547,99.98146849
107,42,N,29990452060,99.96817353333334
13,122,N,29989317921,99.96439307
122,13,N,29988334120,99.96111373333333
110,0,N,29987772674,99.95924224666666
14,123,N,29986183133,99.95394377666666
48,119,N,29985756345,99.95252115
18,100,N,29984828767,99.94942922333333
83,7,N,29984143688,99.94714562666667
0,110,N,29981893330,99.93964443333333
11,87,N,29980596785,99.93532261666667
116,36,N,29980284918,99.93428306
0,82,N,29978605972,99.92868657333334
85,4,N,29977869271,99.92623090333333
42,107,N,29976414636,99.92138212
49,113,N,29975205783,99.91735261
15,125,N,29974988496,99.91662832
108,10,N,29974481092,99.91493697333334
118,25,N,29974239936,99.91413312
10,96,N,29973287267,99.91095755666667
2,71,N,29971786078,99.90595359333334
10,60,N,29970417453,99.90139151000001
23,54,N,29969856142,99.89952047333334
47,123,N,29969667081,99.89889027
25,111,N,29967759381,99.89253126999999
96,10,N,29967750731,99.89250243666666
107,126,N,29967526124,99.89175374666667
11,105,N,29966509583,99.88836527666666
123,47,N,29965488260,99.88496086666667
30,117,N,29964755418,99.88251806000001
10,108,N,29964452527,99.88150842333333
28,91,N,29964198918,99.88066306
82,0,N,29963105455,99.87701818333333
71,2,N,29962373135,99.87457711666666
68,5,N,29960102568,99.86700856
119,26,N,29959769620,99.86589873333334
106,5,N,29955669899,99.85223299666667
60,10,N,29955079263,99.85026420999999
87,11,N,29954849570,99.84949856666667
125,15,N,29954635857,99.84878619
30,77,N,29954317546,99.84772515333333
4,103,N,29953948962,99.84649653999999
77,30,N,29952853288,99.84284429333333
46,114,N,29952818330,99.84272776666666
126,69,N,29952687340,99.84229113333333
116,40,N,29951870594,99.83956864666666
15,84,N,29951693274,99.83897758
57,126,N,29951073762,99.83691254
36,116,N,29950473906,99.83491302
109,12,N,29949165604,99.83055201333333
41,84,N,29948564287,99.82854762333334
120,6,N,29948276662,99.82758887333333
100,18,N,29946910170,99.8230339
84,15,N,29946360577,99.82120192333333
34,102,N,29945504643,99.81834881
105,5,N,29945087796,99.81695932
18,64,N,29944193701,99.81397900333333
15,121,N,29943590818,99.81196939333333
73,23,N,29941945424,99.80648474666667
66,41,N,29941314352,99.80438117333334
97,11,N,29940805410,99.8026847
115,65,N,29940008039,99.80002679666666
29,121,N,29939931500,99.79977166666667
113,49,N,29935886522,99.78628840666667
12,109,N,29935813033,99.78604344333334
42,88,N,29935084337,99.78361445666667
111,25,N,29934876551,99.78292183666667
89,60,N,29933969248,99.77989749333334
17,102,N,29932387117,99.77462372333333
121,15,N,29930581878,99.76860626
114,32,N,29930130227,99.76710075666666
9,66,N,29928582053,99.76194017666667
126,57,N,29928093573,99.76031191
17,117,N,29924728131,99.74909377
2,88,N,29924615203,99.74871734333334
53,121,N,29924125402,99.74708467333333
69,126,N,29922988374,99.74329458
6,120,N,29921969580,99.7398986
117,17,N,29921178626,99.73726208666666
90,17,N,29920563019,99.73521006333334
90,33,N,29919928222,99.73309407333333
82,7,N,29918908125,99.72969375000001
115,4,N,29913574759,99.71191586333333
115,28,N,29913421992,99.71140664
117,30,N,29912634590,99.70878196666668
41,66,N,29910619865,99.70206621666667
7,83,N,29909809581,99.69936527
93,18,N,29907607262,99.69202420666666
65,115,N,29906768221,99.68922740333333
17,60,N,29905725422,99.68575140666667
91,28,N,29904382777,99.68127592333333
5,68,N,29903152932,99.67717644000001
1,125,N,29902037757,99.67345919
99,2,N,29900405788,99.66801929333333
22,66,N,29900061737,99.66687245666667
29,91,N,29899724177,99.66574725666668
21,90,N,29898502949,99.66167649666666
4,115,N,29898442805,99.66147601666665
26,119,N,29895222936,99.65074312
126,107,N,29893862100,99.646207
121,53,N,29893104357,99.64368119
102,34,N,29891675865,99.63891955000001
71,127,N,29890868725,99.63622908333333
66,9,N,29890598796,99.63532932
60,89,N,29890154207,99.63384735666668
5,106,N,29889550011,99.63183337
58,102,N,29887642138,99.62547379333333
11,97,N,29884175650,99.61391883333334
36,119,N,29882894317,99.60964772333334
123,14,N,29879390316,99.59796772
40,116,N,29877760526,99.59253508666667
103,4,N,29877279597,99.59093199
110,23,N,29875233881,99.58411293666667
114,46,N,29874748916,99.58249638666666
28,109,N,29874477088,99.58159029333333
8,125,N,29874121646,99.58040548666666
59,127,N,29872443421,99.57481140333333
54,23,N,29869786037,99.56595345666666
28,115,N,29869341807,99.56447269
64,18,N,29867742231,99.55914077
91,29,N,29867630501,99.55876833666667
25,118,N,29862746841,99.54248946999999
60,17,N,29860279284,99.53426428
32,114,N,29857864070,99.52621356666667
109,28,N,29857381754,99.52460584666667
66,22,N,29854310558,99.51436852666666
102,58,N,29854036153,99.51345384333334
125,1,N,29851942650,99.50647550000001
127,59,N,29851737934,99.50579311333333
5,105,N,29849468187,99.49822729
79,4,N,29847298750,99.49099583333333
84,41,N,29844319484,99.48106494666666
90,21,N,29843624811,99.47874937
23,73,N,29840890903,99.46963634333333
4,79,N,29822210230,99.40736743333333
127,71,N,29821727768,99.40575922666667
82,120,N,29819339137,99.39779712333333
88,42,N,29817770512,99.39256837333333
121,29,N,29814994734,99.38331578
102,17,N,29814877579,99.38292526333333
125,8,N,29808247757,99.36082585666666
124,42,N,29805146946,99.35048981999999
23,110,N,29795096771,99.31698923666666
29,103,N,29790473523,99.30157841
119,48,N,29786785662,99.28928554000001
88,2,N,29781805698,99.27268566000001
1,106,N,29774565615,99.24855205
18,93,N,29768002386,99.22667462
4,85,N,29762452318,99.20817439333334
106,1,N,29762016985,99.20672328333333
105,11,N,29760460830,99.2015361
17,90,N,29759994311,99.19998103666666
2,99,N,29748045269,99.16015089666666
119,36,N,29733911549,99.11303849666668
42,124,N,29727158040,99.0905268
120,82,N,29724630137,99.08210045666667
7,82,N,29666957338,98.88985779333333
103,29,N,29557742027,98.52580675666667
45,1,N,18545163710,61.817212366666666
51,125,N,18380192768,61.26730922666667
27,1,N,14811592123,49.371973743333335
75,57,N,13744778864,45.815929546666666
31,0,N,13380160027,44.60053342333333
48,15,N,13351537647,44.505125490000005
61,15,N,13212433512,44.04144504
86,102,N,12752894768,42.50964922666667
57,99,N,12652774931,42.17591643666667
125,102,N,12433410936,41.44470312
56,109,N,12380756193,41.26918731
108,121,N,12139265182,40.46421727333333
54,66,N,12073668903,40.245563010000005
58,83,N,11959060399,39.86353466333333
16,0,N,11846659500,39.488865000000004
112,115,N,11622756392,38.74252130666667
81,41,N,11528986408,38.429954693333336
26,5,N,11448636298,38.16212099333333
68,90,N,11407567043,38.02522347666667
99,58,N,11188607720,37.29535906666667
49,10,N,10986345416,36.62115138666667
124,126,N,10904153743,36.347179143333335
46,105,N,10617666848,35.39222282666667
92,120,N,10558050286,35.193500953333334
44,53,N,10390856793,34.63618931
75,103,N,10356156144,34.52052048
16,5,N,10321937893,34.406459643333335
112,110,N,10053062712,33.51020904
50,23,N,9928983478,33.096611593333336
55,42,N,9880994234,32.93664744666667
27,40,N,9759307248,32.53102416
9,42,N,9753266951,32.51088983666667
102,125,N,9727585220,32.42528406666666
57,66,N,9609322200,32.031074
3,36,N,9486143681,31.620478936666668
95,107,N,9298814861,30.996049536666664
101,123,N,9289542592,30.96514197333333
99,90,N,9206248960,30.687496533333338
21,40,N,9113941200,30.379804
118,105,N,9061443290,30.204810966666667
20,17,N,8985634520,29.952115066666668
731,75,Y,8983931212,29.946437373333335
83,11,N,8909250904,29.697503013333332
74,53,N,8888579936,29.628599786666665
104,48,N,8868950797,29.563169323333334
92,124,N,8779156647,29.26385549
35,26,N,8776266168,29.25422056
112,96,N,8734187544,29.11395848
19,53,N,8726834856,29.08944952
13,40,N,8722546088,29.075153626666665
87,111,N,8705444854,29.018149513333334
19,41,N,8674786968,28.91595656
8,82,N,8668131379,28.893771263333335
98,34,N,8585150821,28.61716940333333
32,110,N,8541912116,28.473040386666664
43,58,N,8347874176,27.826247253333335
36,45,N,8229364396,27.431214653333335
14,0,N,8087450316,26.95816772
126,18,N,8060379636,26.86793212
59,32,N,8039279320,26.797597733333333
63,60,N,8022633833,26.742112776666666
89,119,N,7968613820,26.562046066666667
64,115,N,7942192032,26.473973439999998
98,51,N,7811959120,26.039863733333334
6,30,N,7779245240,25.930817466666667
80,127,N,7742004680,25.806682266666662
89,83,N,7724533518,25.74844506
86,106,N,7714768464,25.71589488
35,2,N,7692081922,25.64027307333333
78,84,N,7573526768,25.245089226666668
76,116,N,7564138648,25.213795493333336
93,84,N,7555562081,25.185206936666667
16,6,N,7521002300,25.070007666666665
65,14,N,7518703552,25.062345173333334
97,49,N,7471046510,24.903488366666668
105,121,N,7464957592,24.883191973333332
72,25,N,7459294611,24.86431537
81,106,N,7421137928,24.737126426666666
96,112,N,7411219564,24.704065213333333
95,68,N,7383102170,24.610340566666665
33,117,N,7375552112,24.585173706666666
56,97,N,7373528406,24.57842802
50,18,N,7349814332,24.499381106666668
111,120,N,7334223176,24.447410586666667
19,36,N,7323845522,24.412818406666666
74,123,N,7309816304,24.366054346666665
83,41,N,7303972477,24.346574923333332
124,108,N,7246078280,24.153594266666666
98,33,N,7223664848,24.078882826666668
45,36,N,7204898040,24.0163268
7,21,N,7128719936,23.762399786666666
45,49,N,7114521818,23.715072726666666
53,117,N,7085863476,23.61954492
40,13,N,7077935042,23.593116806666668
54,114,N,7061214608,23.537382026666666
99,57,N,7004835032,23.349450106666666
24,81,N,6986851507,23.289505023333334
50,108,N,6985522336,23.285074453333333
125,51,N,6969453810,23.2315127
84,30,N,6943468824,23.14489608
21,7,N,6941368240,23.137894133333333
13,4,N,6939339727,23.131132423333334
38,33,N,6917129104,23.057097013333333
89,107,N,6914418376,23.048061253333334
43,96,N,6829179384,22.763931279999998
104,64,N,6800956144,22.669853813333333
83,794,Y,6779720800,22.599069333333333
78,114,N,6777138682,22.590462273333333
27,77,N,6756806648,22.522688826666666
91,71,N,6682737265,22.275790883333332
25,28,N,6682469292,22.27489764
79,69,N,6589697248,21.96565749333333
76,46,N,6565669456,21.885564853333335
47,100,N,6558367931,21.861226436666666
25,21,N,6535409792,21.784699306666667
39,21,N,6527043904,21.756813013333336
86,111,N,6486409042,21.621363473333332
78,116,N,6467811760,21.559372533333335
22,26,N,6461134696,21.537115653333334
99,14,N,6452855374,21.509517913333333
51,59,N,6443028008,21.476760026666668
31,60,N,6424228412,21.414094706666667
80,108,N,6422381227,21.407937423333333
59,69,N,6389953895,21.299846316666667
18,126,N,6386209666,21.287365553333334
21,25,N,6381843716,21.27281238666667
1,85,N,6376698520,21.255661733333334
37,86,N,6311668728,21.038895760000003
12,79,N,6302684594,21.008948646666667
45,16,N,6268426051,20.894753503333334
80,29,N,6262874123,20.87624707666667
20,122,N,6253857576,20.846191920000003
39,47,N,6246137272,20.820457573333336
40,27,N,6244492664,20.814975546666666
52,124,N,6231802064,20.772673546666667
71,10,N,6229275552,20.76425184
34,64,N,6214551182,20.715170606666668
66,57,N,6191851414,20.639504713333334
65,91,N,6188712952,20.629043173333333
23,30,N,6095748439,20.319161463333334
3,54,N,6077150706,20.25716902
55,7,N,6068214552,20.22738184
64,34,N,6048798247,20.162660823333333
40,21,N,6036265674,20.12088558
103,109,N,6006512024,20.021706746666666
83,58,N,5991973456,19.973244853333334
127,120,N,5938777120,19.795923733333336
117,82,N,5928558496,19.761861653333334
114,110,N,5876532720,19.5884424
81,85,N,5836741904,19.455806346666666
63,48,N,5828834264,19.429447546666665
67,27,N,5810041952,19.366806506666666
3,28,N,5801484882,19.338282940000003
100,85,N,5788242584,19.294141946666667
49,9,N,5779684018,19.265613393333332
100,106,N,5757440504,19.191468346666667
67,47,N,5724535304,19.081784346666666
19,16,N,5720988448,19.069961493333334
88,79,N,5716502288,19.05500762666667
72,104,N,5711795552,19.039318506666667
32,87,N,5689947584,18.966491946666668
115,64,N,5688937360,18.963124533333335
75,13,N,5673017768,18.910059226666668
43,78,N,5671516392,18.90505464
33,11,N,5660950008,18.869833359999998
79,12,N,5653376396,18.844587986666667
22,6,N,5631577791,18.77192597
123,119,N,5624958416,18.749861386666666
14,99,N,5616291976,18.720973253333334
71,91,N,5606708824,18.689029413333333
31,20,N,5585614784,18.61871594666667
74,87,N,5572699480,18.575664933333332
124,92,N,5545502720,18.485009066666667
76,65,N,5543907832,18.479692773333333
80,77,N,5538320872,18.461069573333333
62,96,N,5517460704,18.39153568
79,88,N,5464294090,18.214313633333333
117,53,N,5460814672,18.202715573333332
92,91,N,5455048032,18.18349344
105,118,N,5450575952,18.168586506666667
118,109,N,5446934472,18.15644824
100,32,N,5446650896,18.155502986666665
30,23,N,5442454074,18.141513579999998
19,12,N,5440537648,18.135125493333334
122,71,N,5399485072,17.998283573333335
61,79,N,5398328504,17.994428346666666
44,127,N,5391871856,17.972906186666666
9,49,N,5370598296,17.90199432
85,1,N,5359043394,17.86347798
87,48,N,5339644808,17.798816026666668
44,69,N,5328645592,17.762151973333335
97,56,N,5315850032,17.719500106666665
70,107,N,5305650826,17.68550275333333
73,95,N,5288880260,17.629600866666667
92,103,N,5282022504,17.60674168
83,89,N,5276761578,17.58920526
62,8,N,5258804096,17.529346986666667
121,105,N,5252989656,17.50996552
87,32,N,5246467536,17.48822512
95,40,N,5243741448,17.479138159999998
101,34,N,5242371304,17.474571013333335
96,88,N,5229836736,17.43278912
49,45,N,5214016760,17.380055866666666
67,12,N,5204062976,17.346876586666667
34,69,N,5202593984,17.341979946666665
58,2,N,5191464744,17.30488248
38,97,N,5187880688,17.292935626666665
37,88,N,5186215631,17.287385436666668
32,100,N,5171383392,17.23794464
109,118,N,5162736633,17.20912211
6,7,N,5153123423,17.177078076666668
1135,125,Y,5129594192,17.098647306666667
21,39,N,5125402056,17.08467352
108,124,N,5110335182,17.034450606666667
13,64,N,5100427656,17.001425519999998
0,31,N,5099912560,16.999708533333333
28,25,N,5082078176,16.940260586666668
104,68,N,5076361328,16.921204426666666
112,22,N,5052975272,16.84325090666667
14,65,N,5011188218,16.703960726666665
1128,125,Y,4998713304,16.662377680000002
62,101,N,4966961192,16.556537306666666
37,75,N,4966956032,16.556520106666667
20,31,N,4957577112,16.52525704
118,29,N,4948951256,16.496504186666666
72,80,N,4922509224,16.408364080000002
95,73,N,4917815648,16.392718826666666
16,45,N,4917149912,16.390499706666667
38,92,N,4915042456,16.383474853333333
108,50,N,4903279558,16.34426519333333
68,14,N,4890306905,16.301023016666665
55,59,N,4888380648,16.29460216
53,44,N,4884904955,16.283016516666667
10,71,N,4882897599,16.27632533
24,50,N,4880462616,16.26820872
1132,125,Y,4806304384,16.021014613333335
78,45,N,4803298656,16.010995519999998
39,9,N,4781438288,15.938127626666668
38,81,N,4778022432,15.92674144
77,118,N,4775309414,15.917698046666667
76,61,N,4760950368,15.869834560000001
53,19,N,4756953296,15.856510986666667
56,54,N,4749946504,15.833155013333332
69,34,N,4741200072,15.804000239999999
41,83,N,4731246351,15.77082117
52,76,N,4728000232,15.760000773333333
73,56,N,4720609656,15.73536552
111,9,N,4720397016,15.73465672
32,59,N,4715269736,15.717565786666668
30,84,N,4704466048,15.681553493333332
118,77,N,4686792112,15.622640373333333
16,19,N,4686678200,15.622260666666667
3,65,N,4676944616,15.589815386666666
51,98,N,4676301016,15.587670053333333
9,111,N,4666893440,15.556311466666667
115,112,N,4666129536,15.55376512
91,92,N,4650739256,15.502464186666668
63,93,N,4644297168,15.480990559999999
111,87,N,4625923344,15.41974448
22,112,N,4624329184,15.414430613333332
1129,125,Y,4605605960,15.352019866666666
31,27,N,4603087352,15.343624506666668
52,57,N,4600354979,15.334516596666667
122,44,N,4596123200,15.320410666666668
48,87,N,4594789912,15.315966373333334
77,85,N,4578080928,15.26026976
69,79,N,4573905208,15.246350693333333
77,27,N,4565643970,15.218813233333334
107,89,N,4553792800,15.179309333333332
59,55,N,4543973040,15.1465768
105,46,N,4542662248,15.142207493333334
111,86,N,4540313600,15.134378666666667
44,122,N,4517836404,15.05945468
191,7,Y,4504988144,15.016627146666666
78,43,N,4493552680,14.978508933333334
62,20,N,4479624656,14.932082186666667
86,47,N,4464668376,14.882227919999998
110,112,N,4437923632,14.793078773333335
63,73,N,4415091392,14.716971306666668
85,100,N,4409575862,14.698586206666667
1102,121,Y,4400758016,14.669193386666668
27,31,N,4399856096,14.666186986666666
1130,125,Y,4390982456,14.636608186666667
276,18,Y,4388078184,14.626927279999999
74,113,N,4366375480,14.554584933333334
46,98,N,4359964706,14.533215686666667
101,93,N,4347376275,14.491254249999999
12,19,N,4341579144,14.471930480000001
30,6,N,4338300424,14.461001413333333
75,112,N,4335861448,14.452871493333333
36,19,N,4311443376,14.37147792
98,46,N,4286710504,14.289035013333335
98,97,N,4284561848,14.281872826666667
272,18,Y,4276062652,14.253542173333333
64,13,N,4274936744,14.249789146666666
73,63,N,4263238336,14.210794453333333
65,76,N,4255470368,14.184901226666666
1134,125,Y,4247275120,14.157583733333334
56,73,N,4223118442,14.077061473333332
85,77,N,4209827406,14.03275802
262,16,Y,4184923560,13.949745199999999
121,108,N,4179984144,13.933280479999999
366,29,Y,4178171371,13.927237903333333
120,111,N,4160218042,13.867393473333333
57,75,N,4144143601,13.813812003333334
51,8,N,4095224968,13.650749893333334
50,101,N,4081368920,13.604563066666667
1097,121,Y,4080192400,13.600641333333332
1,45,N,4059782664,13.53260888
47,86,N,4048765100,13.495883666666666
1053,115,Y,4022225296,13.407417653333335
39,43,N,4015243030,13.384143433333334
26,12,N,3991993312,13.306644373333334
24,51,N,3980586120,13.2686204
106,86,N,3956340360,13.1878012
416,36,Y,3954336904,13.181123013333334
28,3,N,3948908368,13.163027893333334
1100,121,Y,3943234832,13.144116106666667
61,76,N,3940800960,13.1360032
97,98,N,3934508512,13.115028373333335
853,90,Y,3932000384,13.106667946666667
26,22,N,3926228080,13.087426933333331
24,52,N,3902790792,13.009302640000001
86,37,N,3899366891,12.997889636666669
55,8,N,3884391872,12.947972906666665
46,93,N,3878286336,12.92762112
11,83,N,3868159728,12.89386576
35,55,N,3839521544,12.798405146666667
96,62,N,3837485176,12.791617253333335
1143,126,Y,3822793264,12.742644213333335
944,102,Y,3818170920,12.7272364
103,92,N,3812916112,12.709720373333333
70,113,N,3809683360,12.698944533333334
93,46,N,3807059296,12.690197653333332
114,54,N,3803776771,12.679255903333333
0,14,N,3792231568,12.640771893333334
100,47,N,3787964312,12.626547706666665
104,72,N,3781544769,12.605149230000002
34,98,N,3769196200,12.563987333333335
77,80,N,3750172228,12.500574093333332
275,18,Y,3750000404,12.500001346666668
37,61,N,3735484606,12.451615353333334
43,74,N,3723838240,12.412794133333334
360,29,Y,3718951896,12.39650632
1131,125,Y,3716857480,12.389524933333334
7,55,N,3709608872,12.365362906666668
42,9,N,3700477688,12.334925626666667
1099,121,Y,3699485072,12.331616906666666
64,104,N,3689380688,12.297935626666668
84,93,N,3686123280,12.2870776
20,61,N,3678164784,12.26054928
12,26,N,3665348600,12.217828666666666
267,17,Y,3658263801,12.19421267
109,103,N,3657388417,12.191294723333334
85,81,N,3654979512,12.18326504
279,18,Y,3640928858,12.136429526666667
15,48,N,3638100510,12.1270017
81,38,N,3637019696,12.123398986666666
1140,126,Y,3612959112,12.04319704
278,18,Y,3580594746,11.93531582
69,59,N,3580416256,11.934720853333333
2,58,N,3568069184,11.893563946666667
107,95,N,3562980704,11.876602346666667
113,74,N,3556275976,11.854253253333333
854,90,Y,3549944686,11.833148953333334
268,17,Y,3536197856,11.787326186666666
1139,126,Y,3533706952,11.779023173333334
562,54,Y,3530914152,11.76971384
646,64,Y,3524982753,11.74994251
567,54,Y,3517571312,11.725237706666666
45,78,N,3509265800,11.697552666666667
69,44,N,3496392600,11.654641999999999
94,38,N,3487168760,11.623895866666667
8,55,N,3474929199,11.58309733
1133,125,Y,3466915912,11.556386373333332
663,66,Y,3457852312,11.526174373333333
1142,126,Y,3457806888,11.52602296
120,127,N,3456109504,11.520365013333333
119,89,N,3443516824,11.478389413333332
1009,110,Y,3432513087,11.44171029
1138,126,Y,3427584224,11.425280746666665
94,35,N,3419273520,11.3975784
921,99,Y,3408643504,11.362145013333333
1103,121,Y,3400494592,11.334981973333333
106,100,N,3390159912,11.300533040000001
82,117,N,3386167400,11.287224666666667
104,95,N,3379222392,11.26407464
161,4,Y,3371273344,11.237577813333335
647,64,Y,3363076216,11.210254053333333
92,38,N,3355955528,11.186518426666666
29,118,N,3353925704,11.179752346666668
420,36,Y,3329879960,11.099599866666667
357,28,Y,3322220623,11.074068743333333
55,35,N,3315461872,11.051539573333333
644,64,Y,3309400544,11.031335146666667
110,114,N,3307424344,11.024747813333333
679,68,Y,3305598664,11.018662213333332
137,1,Y,3296800664,10.989335546666666
88,96,N,3296683008,10.98894336
948,102,Y,3292532528,10.975108426666665
67,35,N,3289361704,10.964539013333335
277,18,Y,3287861984,10.959539946666666
87,74,N,3285451192,10.951503973333333
852,90,Y,3265117528,10.883725093333334
113,89,N,3260996176,10.869987253333333
71,122,N,3257986215,10.859954049999999
0,16,N,3252717351,10.84239117
11,33,N,3251122122,10.83707374
951,102,Y,3249809408,10.832698026666666
49,97,N,3246505616,10.821685386666667
79,61,N,3232074896,10.773582986666666
38,94,N,3232073144,10.773577146666668
36,3,N,3223150896,10.74383632
657,66,Y,3222024160,10.740080533333334
39,22,N,3213362816,10.711209386666667
363,29,Y,3212580960,10.708603199999999
563,54,Y,3210137848,10.700459493333334
61,20,N,3203496910,10.678323033333333
96,43,N,3195605008,10.652016693333334
93,63,N,3194362179,10.64787393
53,74,N,3193254645,10.64418215
792,83,Y,3190356328,10.634521093333333
377,31,Y,3187259000,10.624196666666668
1087,119,Y,3184212432,10.61404144
97,38,N,3182327248,10.607757493333333
63,113,N,3180650232,10.60216744
1040,114,Y,3177934512,10.593115039999999
1092,120,Y,3172078600,10.573595333333333
661,66,Y,3167364864,10.55788288
136,1,Y,3166726752,10.55575584
450,40,Y,3163403800,10.544679333333333
101,50,N,3160865248,10.536217493333332
970,105,Y,3158017096,10.526723653333333
947,102,Y,3154545280,10.515150933333334
14,68,N,3153868536,10.51289512
73,116,N,3152664416,10.508881386666667
1000,109,Y,3120609480,10.4020316
908,97,Y,3118769408,10.395898026666666
274,18,Y,3117499856,10.391666186666667
218,11,Y,3117227160,10.3907572
103,75,N,3117094640,10.390315466666667
27,67,N,3116026120,10.386753733333332
536,51,Y,3115061264,10.383537546666668
1136,126,Y,3106150304,10.353834346666666
372,30,Y,3102387512,10.341291706666667
256,16,Y,3092397358,10.307991193333335
848,90,Y,3086622544,10.288741813333333
611,60,Y,3086507680,10.288358933333333
878,93,Y,3084602120,10.282007066666667
945,102,Y,3082858731,10.276195770000001
264,17,Y,3079116061,10.263720203333333
119,123,N,3066863658,10.22287886
70,31,N,3063658280,10.212194266666668
58,99,N,3059119568,10.197065226666666
1141,126,Y,3058692872,10.195642906666667
1005,109,Y,3055260992,10.184203306666667
422,36,Y,3051396184,10.171320613333332
1044,114,Y,3051269468,10.170898226666667
540,51,Y,3047222496,10.15740832
449,40,Y,3044987304,10.14995768
843,89,Y,3041877719,10.139592396666666
365,29,Y,3035288680,10.117628933333334
1086,119,Y,3035202456,10.11734152
584,57,Y,3034206544,10.114021813333334
418,36,Y,3033926880,10.1130896
91,65,N,3028415080,10.094716933333334
1068,117,Y,3023355080,10.077850266666667
830,87,Y,3021083304,10.07027768
141,1,Y,3016459992,10.05486664
355,28,Y,3011044752,10.036815840000001
834,88,Y,2997746752,9.992489173333333
94,122,N,2995453616,9.984845386666667
1120,124,Y,2986549216,9.955164053333334
59,51,N,2983369288,9.944564293333332
1121,124,Y,2969120204,9.897067346666667
802,84,Y,2968008728,9.893362426666668
232,13,Y,2967485560,9.891618533333334
143,1,Y,2949920680,9.833068933333333
81,24,N,2948441952,9.82813984
1054,115,Y,2948022176,9.826740586666666
925,99,Y,2944628960,9.815429866666667
54,56,N,2938699224,9.79566408
139,1,Y,2932030384,9.773434613333333
796,83,Y,2930957336,9.769857786666666
208,10,Y,2927944912,9.759816373333335
173,5,Y,2927610889,9.758702963333334
112,75,N,2924313304,9.747711013333333
1064,117,Y,2921083364,9.736944546666667
94,37,N,2920514219,9.735047396666667
604,59,Y,2919689256,9.73229752
356,28,Y,2917568144,9.725227146666667
851,90,Y,2912763304,9.709211013333334
1067,117,Y,2902021056,9.673403519999999
808,85,Y,2900986280,9.669954266666666
753,78,Y,2899574340,9.6652478
116,73,N,2895587680,9.651958933333333
806,84,Y,2894962504,9.649875013333334
696,71,Y,2893268824,9.644229413333333
114,78,N,2881281416,9.604271386666667
1001,109,Y,2879055848,9.596852826666668
13,75,N,2877146744,9.590489146666666
419,36,Y,2864808928,9.549363093333334
959,103,Y,2862928962,9.54309654
221,11,Y,2856507600,9.521692
223,11,Y,2856133112,9.520443706666667
46,76,N,2852705416,9.509018053333333
346,27,Y,2846082232,9.486940773333332
1137,126,Y,2845929232,9.486430773333334
1122,124,Y,2838224160,9.4607472
1101,121,Y,2836904880,9.4563496
855,90,Y,2833443704,9.444812346666668
1055,115,Y,2832826632,9.442755440000001
20,288,Y,2831389544,9.437965146666667
40,95,N,2825142056,9.417140186666668
41,19,N,2815001360,9.383337866666666
48,63,N,2813193768,9.37731256
239,13,Y,2806969351,9.356564503333335
269,17,Y,2793406383,9.31135461
681,69,Y,2792968352,9.309894506666666
246,14,Y,2789743738,9.299145793333333
1081,119,Y,2787256808,9.290856026666667
1002,109,Y,2785711144,9.285703813333333
116,78,N,2785499552,9.284998506666668
1127,124,Y,2778970128,9.26323376
467,42,Y,2776663280,9.255544266666666
54,3,N,2772950704,9.243169013333333
329,25,Y,2772390159,9.24130053
466,42,Y,2771576472,9.238588239999999
302,21,Y,2771428456,9.238094853333333
460,41,Y,2764718672,9.215728906666666
541,51,Y,2762474722,9.208249073333333
463,41,Y,2760741944,9.202473146666666
1008,110,Y,2752343832,9.174479439999999
347,27,Y,2747501056,9.158336853333333
397,33,Y,2746706240,9.155687466666667
109,56,N,2744824816,9.149416053333333
135,0,Y,2744474752,9.148249173333333
1045,114,Y,2743365648,9.14455216
80,72,N,2739514824,9.13171608
308,22,Y,2736340976,9.121136586666667
6,22,N,2734699368,9.11566456
362,29,Y,2731760892,9.10586964
353,28,Y,2730530240,9.101767466666667
214,10,Y,2728857112,9.096190373333334
367,29,Y,2727075992,9.090253306666666
122,20,N,2726073296,9.086910986666668
468,42,Y,2718280416,9.060934719999999
674,68,Y,2716024768,9.053415893333334
163,4,Y,2713593202,9.045310673333333
417,36,Y,2708984903,9.029949676666666
1076,118,Y,2706438536,9.021461786666666
215,10,Y,2704268864,9.014229546666666
270,17,Y,2703938480,9.013128266666667
258,16,Y,2702260280,9.007534266666667
110,32,N,2699592320,8.998641066666666
47,39,N,2699282256,8.99760752
358,28,Y,2699084520,8.9969484
51,24,N,2698215464,8.994051546666666
656,66,Y,2696831096,8.989436986666668
76,52,N,2694815008,8.982716693333332
117,33,N,2693147000,8.977156666666666
565,54,Y,2691461960,8.971539866666667
643,64,Y,2687366320,8.957887733333333
171,5,Y,2682738304,8.942461013333332
484,44,Y,2682580064,8.941933546666666
154,3,Y,2678372240,8.927907466666667
90,68,N,2673857976,8.91285992
849,90,Y,2672249272,8.907497573333334
461,41,Y,2668151496,8.89383832
932,100,Y,2665866856,8.886222853333333
94,72,N,2663731136,8.879103786666667
1046,114,Y,2660405304,8.86801768
952,103,Y,2659315024,8.864383413333334
255,15,Y,2658900032,8.863000106666668
312,23,Y,2657220032,8.857400106666667
335,25,Y,2654744854,8.849149513333334
973,105,Y,2653764952,8.845883173333334
949,102,Y,2651561712,8.83853904
250,15,Y,2650701456,8.83567152
160,4,Y,2648628368,8.828761226666666
8,62,N,2647563328,8.825211093333333
898,96,Y,2647276051,8.824253503333333
165,4,Y,2645034696,8.81678232
186,7,Y,2643211928,8.810706426666666
845,89,Y,2641310016,8.804366719999999
405,34,Y,2629782024,8.76594008
1148,127,Y,2627413936,8.758046453333334
127,80,N,2624900520,8.749668400000001
495,45,Y,2622733320,8.7424444
43,39,N,2622676128,8.74225376
70,52,N,2621596152,8.738653840000001
765,79,Y,2612164648,8.707215493333335
5,26,N,2605244848,8.684149493333333
901,96,Y,2603359688,8.677865626666668
6,16,N,2598659000,8.662196666666667
442,39,Y,2594428728,8.64809576
1006,109,Y,2592690752,8.642302506666667
22,39,N,2588069496,8.62689832
3,56,N,2587513472,8.625044906666666
895,95,Y,2581889956,8.606299853333335
364,29,Y,2573204552,8.577348506666667
351,27,Y,2572812474,8.57604158
216,11,Y,2571070432,8.570234773333334
108,80,N,2568763632,8.56254544
899,96,Y,2568613488,8.56204496
1085,119,Y,2566696232,8.555654106666667
254,15,Y,2564597960,8.548659866666666
352,28,Y,2564210736,8.547369119999999
33,98,N,2562808976,8.542696586666667
588,57,Y,2562437728,8.541459093333334
1051,115,Y,2561654160,8.538847200000001
860,91,Y,2555976800,8.519922666666666
605,59,Y,2553289548,8.51096516
454,40,Y,2551356664,8.504522213333333
74,43,N,2548796192,8.495987306666667
354,28,Y,2547808200,8.492694
868,92,Y,2546649608,8.488832026666666
672,68,Y,2545049832,8.483499440000001
26,35,N,2544251552,8.480838506666668
24,44,N,2540227792,8.467425973333334
383,31,Y,2538406109,8.461353696666666
457,41,Y,2537504384,8.458347946666667
797,83,Y,2536212128,8.454040426666666
717,73,Y,2533532920,8.445109733333334
917,98,Y,2532973160,8.443243866666666
48,104,N,2527688648,8.425628826666667
113,63,N,2521841280,8.4061376
326,24,Y,2520569536,8.401898453333333
790,82,Y,2519384400,8.397948
124,52,N,2519269054,8.397563513333333
777,81,Y,2519130976,8.397103253333334
293,20,Y,2512078056,8.37359352
39,444,Y,2510754512,8.369181706666666
93,101,N,2510205520,8.367351733333333
789,82,Y,2509172424,8.36390808
33,38,N,2507083616,8.356945386666666
1048,115,Y,2506902240,8.3563408
62,70,N,2506705096,8.355683653333333
10,49,N,2506318205,8.354394016666667
1074,118,Y,2503189672,8.343965573333334
982,106,Y,2499308848,8.331029493333334
1043,114,Y,2496685912,8.322286373333334
303,21,Y,2494391752,8.314639173333333
749,77,Y,2492658392,8.308861306666666
791,82,Y,2486990928,8.28996976
315,23,Y,2486277908,8.287593026666666
618,61,Y,2480978168,8.269927226666667
90,99,N,2478229960,8.260766533333333
994,108,Y,2476558832,8.255196106666666
844,89,Y,2472633344,8.242111146666668
464,42,Y,2467763048,8.225876826666667
504,47,Y,2467130407,8.223768023333333
257,16,Y,2465118959,8.217063196666667
850,90,Y,2462607896,8.208692986666668
421,36,Y,2456042336,8.186807786666666
787,82,Y,2454614888,8.182049626666666
129,0,Y,2454579528,8.18193176
4,13,N,2452779408,8.17593136
371,30,Y,2451406888,8.171356293333334
222,11,Y,2449543576,8.165145253333334
662,66,Y,2448023664,8.16007888
770,80,Y,2447533040,8.158443466666666
926,99,Y,2443691728,8.145639093333333
1126,124,Y,2441938536,8.13979512
974,105,Y,2439519080,8.131730266666667
724,74,Y,2439178888,8.130596293333333
991,107,Y,2436596408,8.121988026666667
451,40,Y,2431070936,8.103569786666668
700,71,Y,2428798866,8.09599622
158,3,Y,2428062440,8.093541466666666
266,17,Y,2424493288,8.081644293333333
164,4,Y,2422114384,8.073714613333333
259,16,Y,2421536968,8.071789893333333
95,104,N,2420539056,8.06846352
455,40,Y,2415330176,8.051100586666667
126,124,N,2413437832,8.044792773333333
1013,110,Y,2412511064,8.041703546666666
872,93,Y,2411568736,8.038562453333334
998,108,Y,2408995112,8.029983706666668
280,19,Y,2408543882,8.028479606666666
368,30,Y,2407787232,8.02595744
500,46,Y,2407403293,8.024677643333334
41,81,N,2406555392,8.021851306666667
1041,114,Y,2399365368,7.99788456
34,101,N,2399248576,7.997495253333334
1094,120,Y,2398556208,7.99518736
542,51,Y,2394899874,7.9829995799999995
72,67,N,2393725984,7.979086613333333
919,98,Y,2392554856,7.975182853333333
1019,111,Y,2391111440,7.970371466666666
260,16,Y,2387070032,7.956900106666668
374,30,Y,2386901840,7.956339466666666
166,4,Y,2386349205,7.9544973500000005
529,50,Y,2383664912,7.945549706666667
25,72,N,2381905040,7.939683466666667
162,4,Y,2380999944,7.93666648
361,29,Y,2375929080,7.9197636000000005
1062,116,Y,2374139512,7.913798373333333
219,11,Y,2363210560,7.877368533333333
795,83,Y,2361602104,7.8720070133333335
488,45,Y,2359967568,7.8665585600000005
1003,109,Y,2358912904,7.863043013333333
524,49,Y,2357037912,7.85679304
23,50,N,2354939992,7.849799973333334
210,10,Y,2354158048,7.847193493333333
1075,118,Y,2353578216,7.84526072
61,37,N,2350868840,7.8362294666666665
185,7,Y,2349832520,7.832775066666667
170,5,Y,2345467056,7.81822352
140,1,Y,2344615512,7.815385040000001
181,6,Y,2343921864,7.813072879999999
75,37,N,2340280080,7.8009336
228,12,Y,2338431936,7.7947731199999994
65,3,N,2337983856,7.7932795200000005
702,71,Y,2336288272,7.787627573333333
1114,123,Y,2328850056,7.762833519999999
641,64,Y,2327405816,7.758019386666666
123,74,N,2325568000,7.751893333333333
833,88,Y,2324963768,7.749879226666668
116,76,N,2323682424,7.745608079999999
840,89,Y,2320984488,7.736614960000001
491,45,Y,2320605216,7.7353507200000005
271,17,Y,2316236168,7.720787226666667
142,1,Y,2316047824,7.720159413333333
238,13,Y,2314287301,7.714291003333333
863,91,Y,2309848376,7.699494586666667
66,54,N,2309411392,7.698037973333334
168,5,Y,2308786488,7.69595496
102,86,N,2304656208,7.68218736
1123,124,Y,2301002446,7.670008153333334
1073,118,Y,2300672784,7.668909279999999
554,53,Y,2298608456,7.662028186666666
608,60,Y,2297951656,7.6598388533333335
573,55,Y,2296206376,7.654021253333333
983,106,Y,2294670216,7.64890072
138,1,Y,2294617792,7.648725973333333
180,6,Y,2293822192,7.646073973333333
106,81,N,2293268376,7.6442279200000005
764,79,Y,2291206520,7.637355066666666
1061,116,Y,2287436112,7.62478704
730,75,Y,2284771704,7.61590568
400,34,Y,2283845912,7.6128197066666665
929,100,Y,2279450296,7.598167653333333
703,71,Y,2275364380,7.584547933333333
746,77,Y,2273364700,7.577882333333333
996,108,Y,2271634387,7.5721146233333325
763,79,Y,2271486399,7.57162133
985,107,Y,2271448008,7.571493360000001
470,42,Y,2265470720,7.551569066666667
1095,120,Y,2264638704,7.5487956800000005
1023,111,Y,2262303480,7.5410116
1026,112,Y,2261065368,7.53688456
52,24,N,2257537152,7.52512384
978,106,Y,2255020536,7.51673512
1010,110,Y,2254932272,7.516440906666666
1111,122,Y,2253569200,7.511897333333334
612,60,Y,2253232242,7.51077414
980,106,Y,2251015544,7.503385146666666
841,89,Y,2248327856,7.494426186666667
516,48,Y,2248241464,7.494138213333333
68,95,N,2244039528,7.48013176
130,0,Y,2241909562,7.4730318733333325
265,17,Y,2240850880,7.469502933333333
786,82,Y,2237967616,7.459892053333333
465,42,Y,2237855712,7.45951904
927,99,Y,2234712544,7.449041813333333
535,50,Y,2231992904,7.4399763466666675
798,83,Y,2231082328,7.436941093333334
233,13,Y,2230121904,7.4337396799999995
300,21,Y,2228355556,7.427851853333333
924,99,Y,2228225219,7.427417396666666
230,12,Y,2227094616,7.423648720000001
583,56,Y,2226856072,7.422853573333334
823,86,Y,2226848064,7.42282688
934,100,Y,2226751072,7.4225035733333335
296,21,Y,2226441680,7.421472266666666
217,11,Y,2225877600,7.419592
675,68,Y,2225569432,7.418564773333333
596,58,Y,2223938448,7.41312816
819,86,Y,2222417583,7.408058609999999
1049,115,Y,2220152096,7.400506986666667
227,12,Y,2216182608,7.387275359999999
178,6,Y,2215773920,7.385913066666666
344,27,Y,2215070373,7.38356791
498,46,Y,2214673616,7.382245386666667
920,99,Y,2211396904,7.371323013333334
226,12,Y,2210746944,7.36915648
660,66,Y,2205198472,7.350661573333333
144,2,Y,2204822528,7.349408426666666
969,105,Y,2204381384,7.347937946666666
44,24,N,2200010936,7.333369786666667
285,19,Y,2199439392,7.33146464
29,80,N,2197148848,7.323829493333333
561,54,Y,2196731232,7.32243744
284,19,Y,2196158519,7.320528396666667
47,67,N,2195758944,7.31919648
514,48,Y,2193771216,7.31257072
933,100,Y,2189622640,7.298742133333333
800,84,Y,2186255000,7.287516666666667
1088,120,Y,2185611616,7.285372053333333
729,75,Y,2185160752,7.283869173333334
780,81,Y,2182470464,7.274901546666666
481,44,Y,2179341416,7.264471386666667
1096,121,Y,2176471552,7.2549051733333325
70,62,N,2176132736,7.253775786666666
975,105,Y,2172663480,7.242211599999999
946,102,Y,2172249208,7.240830693333333
448,40,Y,2171109240,7.237030799999999
757,78,Y,2170538512,7.235128373333333
613,60,Y,2170103168,7.233677226666667
698,71,Y,2169970480,7.233234933333334
307,22,Y,2166095240,7.220317466666666
35,67,N,2164143616,7.213812053333333
310,22,Y,2159966032,7.199886773333334
968,105,Y,2159225512,7.197418373333334
242,14,Y,2158952680,7.196508933333333
12,67,N,2155996264,7.186654213333334
509,47,Y,2155455256,7.184850853333333
101,62,N,2155012800,7.183376
231,12,Y,2154899000,7.182996666666666
1151,127,Y,2153726880,7.179089600000001
452,40,Y,2148013456,7.160044853333333
8,51,N,2146401496,7.154671653333333
722,74,Y,2144834680,7.149448933333333
333,25,Y,2143939012,7.146463373333334
386,32,Y,2142250376,7.140834586666667
705,72,Y,2140168368,7.13389456
206,9,Y,2139669912,7.132233039999999
376,31,Y,2139443480,7.131478266666667
167,4,Y,2137828969,7.126096563333334
967,104,Y,2134501608,7.11500536
341,26,Y,2131815504,7.10605168
793,83,Y,2130293688,7.10097896
319,23,Y,2129840678,7.099468926666666
212,10,Y,2128757520,7.095858400000001
821,86,Y,2127949088,7.093163626666667
120,92,N,2127460424,7.0915347466666665
84,78,N,2127156232,7.090520773333334
939,101,Y,2126545408,7.088484693333333
971,105,Y,2124791320,7.082637733333333
248,15,Y,2124541864,7.0818062133333335
172,5,Y,2119734840,7.065782800000001
286,19,Y,2119368496,7.064561653333333
523,49,Y,2119111104,7.06370368
494,45,Y,2118999944,7.063333146666667
243,14,Y,2117888256,7.05962752
249,15,Y,2117029416,7.05676472
9,39,N,2115252472,7.050841573333333
1065,117,Y,2112282488,7.040941626666666
859,91,Y,2111321326,7.0377377533333325
639,63,Y,2110960408,7.0365346933333335
157,3,Y,2110855464,7.03618488
837,88,Y,2107251512,7.0241717066666665
241,14,Y,2106920264,7.023067546666667
761,79,Y,2104956216,7.01652072
177,6,Y,2103049568,7.0101652266666665
359,28,Y,2102446680,7.0081556
113,70,N,2101458368,7.004861226666667
336,26,Y,2100983216,7.003277386666666
614,60,Y,2100341952,7.00113984
479,43,Y,2098378712,6.994595706666666
375,30,Y,2097625848,6.9920861599999995
253,15,Y,2093970360,6.9799012
20,62,N,2092477208,6.974924026666667
350,27,Y,2092121920,6.973739733333334
566,54,Y,2089583008,6.965276693333333
190,7,Y,2088999704,6.963332346666666
640,64,Y,2086797376,6.955991253333334
508,47,Y,2086597896,6.955326320000001
52,70,N,2085778992,6.95259664
801,84,Y,2082911624,6.943038746666666
1004,109,Y,2082768273,6.942560909999999
1144,127,Y,2080986512,6.936621706666666
953,103,Y,2079851656,6.932838853333332
658,66,Y,2078544264,6.92848088
600,59,Y,2077901552,6.926338506666667
650,65,Y,2076832768,6.922775893333332
388,32,Y,2074727920,6.915759733333333
1091,120,Y,2072142080,6.9071402666666675
517,48,Y,2069922392,6.899741306666667
964,104,Y,2065346336,6.884487786666667
629,62,Y,2064680080,6.882266933333334
1078,118,Y,2064213016,6.880710053333333
189,7,Y,2061224576,6.870748586666667
486,44,Y,2061089264,6.8702975466666665
519,48,Y,2059965464,6.866551546666666
533,50,Y,2059011416,6.863371386666667
1042,114,Y,2058650824,6.862169413333333
914,98,Y,2055444760,6.851482533333334
654,65,Y,2054142624,6.84714208
589,57,Y,2053884256,6.846280853333334
31,70,N,2052594224,6.841980746666667
916,98,Y,2051884664,6.839615546666666
858,91,Y,2051173488,6.83724496
205,9,Y,2051159536,6.837198453333333
72,94,N,2050115072,6.833716906666666
950,102,Y,2048910360,6.829701200000001
560,54,Y,2047580960,6.825269866666667
68,104,N,2047478432,6.8249281066666665
317,23,Y,2045404304,6.818014346666666
159,3,Y,2045182896,6.81727632
659,66,Y,2045078424,6.816928079999999
314,23,Y,2043981672,6.81327224
273,18,Y,2040824514,6.80274838
251,15,Y,2039349968,6.797833226666667
810,85,Y,2039010048,6.796700159999999
836,88,Y,2038993928,6.796646426666666
384,32,Y,2038232432,6.794108106666667
957,103,Y,2037867757,6.792892523333334
839,88,Y,2036413600,6.788045333333333
521,49,Y,2036191084,6.787303613333333
585,57,Y,2035170968,6.783903226666667
201,9,Y,2034423248,6.781410826666667
234,13,Y,2034216727,6.780722423333334
492,45,Y,2032892584,6.776308613333333
993,108,Y,2032116296,6.7737209866666666
235,13,Y,2030993520,6.7699784
832,88,Y,2029314736,6.764382453333333
237,13,Y,2028440600,6.7614686666666675
603,59,Y,2024103752,6.747012506666667
923,99,Y,2023918592,6.746395306666667
714,73,Y,2023670616,6.7455687200000005
1150,127,Y,2022954016,6.743180053333334
298,21,Y,2022354128,6.741180426666666
423,36,Y,2022151584,6.740505280000001
593,58,Y,2017112912,6.723709706666667
211,10,Y,2016941256,6.72313752
822,86,Y,2015403128,6.718010426666667
804,84,Y,2012080936,6.706936453333332
330,25,Y,2011094352,6.70364784
721,74,Y,2009599984,6.698666613333333
615,60,Y,2006940120,6.689800399999999
145,2,Y,2006698324,6.688994413333334
591,57,Y,2005652176,6.685507253333334
58,43,N,2005387728,6.68462576
811,85,Y,2004306872,6.6810229066666675
867,92,Y,2003783002,6.679276673333333
818,86,Y,2003102104,6.677007013333333
220,11,Y,2002299696,6.6743323199999995
769,80,Y,2000183408,6.667278026666666
35,94,N,1997456912,6.6581897066666675
5,16,N,1996393864,6.654646213333333
507,47,Y,1995941536,6.653138453333334
1084,119,Y,1995594056,6.651980186666667
744,77,Y,1992281592,6.640938640000001
842,89,Y,1991657280,6.638857600000001
816,86,Y,1991535412,6.638451373333333
767,79,Y,1991011584,6.636705280000001
493,45,Y,1990249248,6.63416416
752,78,Y,1990028592,6.63342864
756,78,Y,1987707160,6.625690533333334
846,89,Y,1986320488,6.621068293333334
1027,112,Y,1985760400,6.619201333333333
515,48,Y,1984830672,6.616102240000001
261,16,Y,1981713984,6.60571328
785,82,Y,1979979240,6.599930800000001
18,50,N,1979872664,6.599575546666666
580,56,Y,1978252848,6.59417616
986,107,Y,1978052808,6.59350936
203,9,Y,1978048392,6.59349464
575,55,Y,1977304600,6.591015333333333
799,83,Y,1975404824,6.584682746666666
988,107,Y,1972005160,6.573350533333333
857,91,Y,1971954072,6.57318024
343,26,Y,1971878104,6.5729270133333335
551,52,Y,1971593136,6.57197712
204,9,Y,1970732768,6.569109226666667
410,35,Y,1969966584,6.56655528
784,82,Y,1969198300,6.5639943333333335
192,8,Y,1968659048,6.562196826666666
304,22,Y,1966649128,6.555497093333333
1083,119,Y,1964736816,6.54912272
471,42,Y,1963593072,6.54531024
760,79,Y,1962787496,6.542624986666666
497,46,Y,1961310768,6.53770256
990,107,Y,1957060184,6.523533946666666
610,60,Y,1956315880,6.521052933333333
1017,111,Y,1953083880,6.5102796000000005
188,7,Y,1952464592,6.508215306666666
123,101,N,1952156712,6.50718904
128,0,Y,1951878352,6.506261173333333
866,92,Y,1951440248,6.504800826666666
331,25,Y,1950930000,6.503100000000001
995,108,Y,1950831496,6.502771653333333
955,103,Y,1945849416,6.48616472
462,41,Y,1945590280,6.485300933333334
815,85,Y,1945371717,6.48457239
1038,113,Y,1942742152,6.475807173333334
981,106,Y,1940402864,6.468009546666667
794,83,Y,1938111632,6.460372106666666
715,73,Y,1936916984,6.456389946666667
7,6,N,1936743576,6.45581192
288,20,Y,1935730192,6.452433973333334
340,26,Y,1934828296,6.449427653333334
621,61,Y,1933903792,6.446345973333334
389,32,Y,1933065064,6.443550213333333
979,106,Y,1932814016,6.442713386666667
1012,110,Y,1932589360,6.4419645333333335
281,19,Y,1929495122,6.431650406666667
664,67,Y,1927554024,6.42518008
537,51,Y,1925995792,6.4199859733333335
891,95,Y,1923508096,6.411693653333334
1147,127,Y,1923030176,6.410100586666667
240,14,Y,1922996744,6.409989146666667
813,85,Y,1922272936,6.407576453333333
956,103,Y,1918105320,6.393684400000001
697,71,Y,1917532768,6.3917758933333335
1082,119,Y,1915405856,6.384686186666666
176,6,Y,1913343888,6.37781296
559,53,Y,1912898976,6.37632992
200,9,Y,1911722800,6.372409333333333
609,60,Y,1911617312,6.372057706666667
373,30,Y,1911306552,6.37102184
247,14,Y,1910402208,6.36800736
453,40,Y,1905686224,6.352287413333333
701,71,Y,1903276368,6.3442545599999995
1025,112,Y,1903010338,6.343367793333334
847,89,Y,1900011288,6.33337096
287,19,Y,1897686992,6.3256233066666665
699,71,Y,1897336856,6.324456186666666
1070,117,Y,1896550264,6.321834213333332
370,30,Y,1896128736,6.32042912
156,3,Y,1894643680,6.315478933333334
870,92,Y,1893836768,6.312789226666666
490,45,Y,1884378040,6.281260133333333
576,56,Y,1883919088,6.2797302933333325
972,105,Y,1881119952,6.2703998400000005
380,31,Y,1878363848,6.261212826666666
989,107,Y,1877020576,6.256735253333333
1066,117,Y,1875765307,6.252551023333333
313,23,Y,1873314664,6.244382213333333
398,33,Y,1872332952,6.24110984
282,19,Y,1870680192,6.2356006399999995
427,37,Y,1870560560,6.235201866666666
458,41,Y,1869467168,6.231557226666666
513,48,Y,1868295368,6.227651226666667
1089,120,Y,1867595520,6.2253184
395,33,Y,1863341656,6.211138853333333
155,3,Y,1863116704,6.210389013333333
50,24,N,1862841664,6.209472213333333
856,91,Y,1862661816,6.20887272
1098,121,Y,1861800901,6.2060030033333335
655,65,Y,1857030976,6.190103253333333
133,0,Y,1855365896,6.184552986666667
928,100,Y,1855232296,6.184107653333333
954,103,Y,1852381872,6.17460624
1072,118,Y,1852026784,6.173422613333333
152,3,Y,1851827472,6.17275824
499,46,Y,1851532640,6.171775466666666
478,43,Y,1849356719,6.164522396666667
332,25,Y,1848357089,6.161190296666667
391,32,Y,1846426544,6.154755146666667
183,6,Y,1846006672,6.153355573333333
710,72,Y,1844158288,6.1471942933333334
1077,118,Y,1844022256,6.146740853333333
838,88,Y,1840860919,6.136203063333333
534,50,Y,1837382099,6.1246069966666665
394,33,Y,1837243376,6.124144586666667
301,21,Y,1835778192,6.11926064
309,22,Y,1835757496,6.119191653333333
150,2,Y,1835584424,6.118614746666666
869,92,Y,1834449472,6.114831573333333
915,98,Y,1832162596,6.107208653333333
89,113,N,1827308608,6.0910286933333335
146,2,Y,1826416098,6.08805366
673,68,Y,1824379936,6.081266453333333
403,34,Y,1823958608,6.0798620266666665
316,23,Y,1823952560,6.0798418666666665
751,77,Y,1823018004,6.07672668
976,106,Y,1822987224,6.07662408
149,2,Y,1819310232,6.06436744
399,33,Y,1817409088,6.058030293333334
148,2,Y,1817029152,6.0567638399999995
825,87,Y,1814784448,6.049281493333333
803,84,Y,1813231184,6.044103946666667
687,69,Y,1813186088,6.043953626666667
1090,120,Y,1812969536,6.0432317866666665
571,55,Y,1812506584,6.041688613333333
773,80,Y,1811103808,6.037012693333333
147,2,Y,1809569590,6.031898633333333
1057,116,Y,1809138784,6.030462613333333
525,49,Y,1808707912,6.029026373333333
1032,113,Y,1808344960,6.027816533333334
1011,110,Y,1805358304,6.0178610133333335
1020,111,Y,1802626568,6.008755226666667
1145,127,Y,1801250687,6.004168956666667
1060,116,Y,1801205552,6.004018506666667
67,72,N,1800880640,6.002935466666667
503,46,Y,1800529672,6.0017655733333335
132,0,Y,1800503456,6.001678186666667
337,26,Y,1799504480,5.9983482666666665
960,104,Y,1796710624,5.989035413333333
531,50,Y,1795926936,5.9864231199999995
557,53,Y,1793895672,5.97965224
489,45,Y,1793655888,5.97885296
169,5,Y,1793126392,5.977087973333333
632,63,Y,1792144048,5.973813493333333
906,97,Y,1791260736,5.97086912
913,98,Y,1787555688,5.95851896
476,43,Y,1787010832,5.956702773333333
348,27,Y,1786863528,5.9562117599999995
1014,110,Y,1786845736,5.956152453333333
1047,114,Y,1786554776,5.955182586666666
37,94,N,1785675728,5.952252426666667
175,5,Y,1781251208,5.937504026666667
402,34,Y,1779628944,5.93209648
446,39,Y,1779200648,5.9306688266666665
520,49,Y,1779056400,5.930188
716,73,Y,1776774264,5.92258088
739,76,Y,1774933328,5.916444426666667
1069,117,Y,1774366432,5.914554773333333
684,69,Y,1768098816,5.89366272
713,73,Y,1767614392,5.892047973333334
1007,109,Y,1767323860,5.8910795333333335
1093,120,Y,1765548816,5.88516272
807,84,Y,1763004984,5.87668328
289,20,Y,1760417688,5.86805896
931,100,Y,1760355080,5.867850266666666
645,64,Y,1757888776,5.859629253333333
469,42,Y,1756865976,5.85621992
864,92,Y,1755627440,5.852091466666667
424,37,Y,1752352128,5.84117376
812,85,Y,1748899622,5.829665406666667
1080,119,Y,1748621452,5.828738173333333
900,96,Y,1746883696,5.822945653333333
965,104,Y,1746217112,5.820723706666667
1028,112,Y,1744555408,5.815184693333333
153,3,Y,1743612552,5.81204184
318,23,Y,1742004208,5.806680693333333
60,31,N,1740613744,5.802045813333334
678,68,Y,1740598576,5.801995253333334
1108,122,Y,1736541016,5.7884700533333335
592,58,Y,1736516080,5.788386933333333
213,10,Y,1733173312,5.777244373333333
187,7,Y,1732949216,5.776497386666667
578,56,Y,1732392280,5.774640933333333
999,108,Y,1732169600,5.773898666666667
930,100,Y,1732011744,5.77337248
586,57,Y,1727969856,5.75989952
349,27,Y,1727541168,5.75847056
56,3,N,1725956608,5.753188693333334
726,74,Y,1725280000,5.750933333333333
438,38,Y,1725083104,5.750277013333333
635,63,Y,1724831320,5.749437733333333
775,80,Y,1718578248,5.72859416
339,26,Y,1713720288,5.71240096
601,59,Y,1713151104,5.71050368
676,68,Y,1712860880,5.709536266666667
338,26,Y,1712666984,5.708889946666667
829,87,Y,1710358600,5.701195333333333
918,98,Y,1708791168,5.69597056
814,85,Y,1706929112,5.689763706666667
1021,111,Y,1705446392,5.684821306666667
401,34,Y,1699861655,5.6662055166666665
174,5,Y,1699474776,5.66491592
510,47,Y,1698403392,5.66134464
2,35,N,1696751888,5.655839626666666
506,47,Y,1696340184,5.65446728
966,104,Y,1696180328,5.653934426666667
1035,113,Y,1694706464,5.649021546666667
741,76,Y,1694088936,5.646963120000001
82,8,N,1690616336,5.635387786666667
202,9,Y,1690492576,5.634975253333333
207,9,Y,1689819320,5.632731066666667
564,54,Y,1689354816,5.63118272
1071,117,Y,1689029840,5.630099466666667
682,69,Y,1688702648,5.629008826666667
539,51,Y,1687397024,5.624656746666667
1124,124,Y,1683566232,5.611887439999999
875,93,Y,1683484984,5.611616613333333
369,30,Y,1681840472,5.606134906666667
447,39,Y,1679639555,5.598798516666666
758,78,Y,1676901488,5.589671626666667
236,13,Y,1676629464,5.58876488
827,87,Y,1676581352,5.588604506666667
595,58,Y,1676324711,5.587749036666667
896,96,Y,1675695912,5.58565304
305,22,Y,1675098504,5.5836616800000005
992,108,Y,1674056352,5.58018784
987,107,Y,1673000640,5.5766688
634,63,Y,1671740640,5.5724688
607,59,Y,1671608768,5.5720292266666664
342,26,Y,1666809688,5.556032293333334
579,56,Y,1665714216,5.5523807199999995
496,46,Y,1665314864,5.5510495466666665
742,76,Y,1664954840,5.549849466666667
689,70,Y,1664918488,5.549728293333334
720,74,Y,1662925304,5.543084346666666
413,35,Y,1662620432,5.542068106666666
311,22,Y,1660258968,5.53419656
1015,110,Y,1658286048,5.52762016
306,22,Y,1653155400,5.510517999999999
433,38,Y,1647467880,5.4915595999999995
440,39,Y,1647176752,5.490589173333333
385,32,Y,1640382528,5.46794176
131,0,Y,1630580904,5.43526968
151,2,Y,1630156152,5.433853839999999
263,16,Y,1627703272,5.425677573333333
1058,116,Y,1626294424,5.420981413333333
415,35,Y,1625933272,5.4197775733333335
322,24,Y,1625858784,5.41952928
683,69,Y,1625824240,5.419414133333333
862,91,Y,1625649424,5.418831413333333
616,61,Y,1623290184,5.41096728
873,93,Y,1623053224,5.410177413333334
1,27,N,1622898040,5.409660133333333
888,95,Y,1622324457,5.40774819
745,77,Y,1621612992,5.40537664
127,44,N,1619963552,5.399878506666667
1037,113,Y,1619165560,5.397218533333334
642,64,Y,1617651440,5.3921714666666665
619,61,Y,1617185144,5.390617146666667
665,67,Y,1615620408,5.38540136
445,39,Y,1614795560,5.382651866666667
907,97,Y,1614606952,5.382023173333334
733,75,Y,1613735208,5.3791173599999995
997,108,Y,1611781752,5.37260584
708,72,Y,1611326448,5.37108816
387,32,Y,1610717912,5.3690597066666665
638,63,Y,1610282464,5.367608213333333
1059,116,Y,1609963048,5.366543493333333
879,93,Y,1609960272,5.36653424
587,57,Y,1609603048,5.3653434933333335
653,65,Y,1609510405,5.3650346833333336
628,62,Y,1609135384,5.363784613333333
1024,112,Y,1607429456,5.358098186666667
602,59,Y,1605691008,5.35230336
482,44,Y,1605035448,5.35011816
1050,115,Y,1604915537,5.3497184566666665
555,53,Y,1604827648,5.349425493333333
894,95,Y,1604416768,5.348055893333333
57,52,N,1603632256,5.345440853333333
598,58,Y,1600148624,5.333828746666667
820,86,Y,1598692400,5.328974666666666
1112,123,Y,1596301992,5.32100664
15,61,N,1596128752,5.320429173333333
297,21,Y,1594922288,5.316407626666667
599,58,Y,1594306496,5.314354986666666
897,96,Y,1594001152,5.313337173333333
750,77,Y,1591808384,5.306027946666666
597,58,Y,1591677880,5.305592933333333
396,33,Y,1591489272,5.30496424
209,10,Y,1591091952,5.30363984
328,25,Y,1590952330,5.303174433333333
1029,112,Y,1588457997,5.29485999
865,92,Y,1587757920,5.2925264
193,8,Y,1586239792,5.287465973333334
334,25,Y,1585410032,5.284700106666667
633,63,Y,1585090960,5.2836365333333335
474,43,Y,1584415234,5.281384113333333
835,88,Y,1584153120,5.2805104
197,8,Y,1581885136,5.272950453333333
824,87,Y,1581313384,5.271044613333333
229,12,Y,1580819096,5.269396986666667
182,6,Y,1579792712,5.265975706666667
788,82,Y,1578588384,5.26196128
874,93,Y,1576041384,5.25347128
459,41,Y,1575458352,5.25152784
781,81,Y,1573047917,5.243493056666667
748,77,Y,1572679112,5.242263706666667
754,78,Y,1570838152,5.236127173333333
505,47,Y,1569927320,5.233091066666667
485,44,Y,1569271008,5.23090336
828,87,Y,1567914848,5.226382826666667
556,53,Y,1566330392,5.221101306666666
809,85,Y,1566193040,5.220643466666667
1117,123,Y,1565435544,5.21811848
1016,111,Y,1564560176,5.215200586666667
735,75,Y,1560218456,5.200728186666667
1149,127,Y,1558748235,5.1958274499999995
475,43,Y,1558637504,5.195458346666667
636,63,Y,1556758976,5.189196586666666
17,20,N,1556190008,5.187300026666667
771,80,Y,1553525616,5.17841872
958,103,Y,1553235992,5.177453306666667
685,69,Y,1552501120,5.175003733333333
723,74,Y,1552268880,5.1742296
299,21,Y,1551726256,5.172420853333334
1039,113,Y,1551542032,5.1718067733333335
199,8,Y,1551057896,5.170192986666667
1118,123,Y,1549426624,5.164755413333333
962,104,Y,1548704080,5.162346933333333
1125,124,Y,1548405592,5.161351973333334
345,27,Y,1548366983,5.161223276666667
1052,115,Y,1546962982,5.156543273333333
977,106,Y,1546859160,5.156197199999999
1110,122,Y,1545131928,5.15043976
42,55,N,1544507497,5.148358323333333
783,81,Y,1539502760,5.131675866666666
245,14,Y,1535561112,5.11853704
1079,118,Y,1534453568,5.114845226666667
522,49,Y,1534011080,5.113370266666667
225,12,Y,1533910464,5.113034880000001
327,24,Y,1526746608,5.08915536
320,24,Y,1526444864,5.088149546666667
1104,122,Y,1525839680,5.086132266666667
392,33,Y,1525048760,5.0834958666666665
805,84,Y,1522523576,5.075078586666667
637,63,Y,1522019744,5.073399146666667
1106,122,Y,1520655992,5.068853306666667
889,95,Y,1518914656,5.063048853333333
184,7,Y,1518365552,5.061218506666667
718,73,Y,1517210952,5.05736984
590,57,Y,1517022888,5.05674296
527,49,Y,1516939928,5.056466426666667
766,79,Y,1516637136,5.05545712
434,38,Y,1516221568,5.054071893333333
390,32,Y,1515972008,5.053240026666667
570,55,Y,1515792048,5.05264016
582,56,Y,1512443696,5.041478986666666
404,34,Y,1511994088,5.0399802933333335
577,56,Y,1511905656,5.03968552
651,65,Y,1510489376,5.034964586666667
1031,112,Y,1506181632,5.02060544
195,8,Y,1505905696,5.019685653333333
1018,111,Y,1504061672,5.013538906666667
876,93,Y,1499551328,4.998504426666667
1116,123,Y,1498370752,4.994569173333333
762,79,Y,1497341240,4.991137466666666
511,47,Y,1496683928,4.988946426666667
456,41,Y,1495465008,4.98488336
569,55,Y,1495058576,4.983528586666667
774,80,Y,1492030304,4.973434346666666
963,104,Y,1491348656,4.971162186666667
125,1129,Y,1489178408,4.963928026666667
779,81,Y,1489137872,4.963792906666667
528,50,Y,1489131016,4.9637700533333335
553,53,Y,1485743552,4.952478506666667
943,101,Y,1480908112,4.936360373333333
1033,113,Y,1480617728,4.935392426666667
1056,116,Y,1478032880,4.926776266666667
904,97,Y,1477738912,4.925796373333333
677,68,Y,1471711096,4.905703653333333
502,46,Y,1453363568,4.844545226666667
244,14,Y,1452583304,4.841944346666667
1119,123,Y,1452458616,4.8415287199999995
649,65,Y,1445464872,4.81821624
196,8,Y,1444934816,4.816449386666666
283,19,Y,1444370224,4.814567413333333
538,51,Y,1440777992,4.802593306666666
194,8,Y,1439263136,4.797543786666666
772,80,Y,1438378464,4.79459488
911,97,Y,1436381704,4.787939013333333
940,101,Y,1435237624,4.784125413333333
668,67,Y,1433100024,4.77700008
444,39,Y,1433034032,4.776780106666666
1022,111,Y,1432972672,4.776575573333333
922,99,Y,1432473120,4.7749104
594,58,Y,1432179392,4.773931306666666
532,50,Y,1428482471,4.7616082366666665
1036,113,Y,1427900568,4.75966856
984,107,Y,1427245520,4.757485066666667
892,95,Y,1426914432,4.75638144
198,8,Y,1424074522,4.746915073333334
861,91,Y,1423426296,4.74475432
224,12,Y,1422258648,4.74086216
606,59,Y,1421469488,4.738231626666667
725,74,Y,1418787640,4.729292133333334
1030,112,Y,1417420512,4.72473504
547,52,Y,1417068104,4.723560346666666
623,61,Y,1416697688,4.722325626666667
768,80,Y,1415944541,4.719815136666667
935,100,Y,1413315360,4.7110512
512,48,Y,1411329104,4.704430346666666
574,55,Y,1410380865,4.70126955
903,96,Y,1409550848,4.698502826666666
626,62,Y,1408831640,4.696105466666667
747,77,Y,1408212312,4.69404104
252,15,Y,1406855936,4.689519786666667
431,37,Y,1405441023,4.68480341
826,87,Y,1405107952,4.683693173333333
88,37,N,1397590752,4.65863584
291,20,Y,1396138604,4.653795346666667
719,73,Y,1394189368,4.6472978933333335
909,97,Y,1390803168,4.63601056
667,67,Y,1384220312,4.614067706666666
526,49,Y,1381700720,4.605669066666667
295,20,Y,1381091832,4.60363944
60,63,N,1376751840,4.5891728
425,37,Y,1372506064,4.5750202133333335
437,38,Y,1367974040,4.559913466666667
107,70,N,1365983208,4.55327736
759,78,Y,1364160928,4.547203093333333
581,56,Y,1363328520,4.5444284
652,65,Y,1362102336,4.54034112
1115,123,Y,1359957128,4.533190426666667
179,6,Y,1358643440,4.528811466666666
669,67,Y,1353643008,4.51214336
443,39,Y,1348140024,4.493800080000001
680,69,Y,1345214544,4.484048479999999
1034,113,Y,1343899064,4.479663546666666
625,62,Y,1342366024,4.474553413333333
666,67,Y,1339296184,4.464320613333333
1146,127,Y,1339275616,4.464252053333333
543,51,Y,1339145112,4.46381704
686,69,Y,1338031472,4.4601049066666665
871,92,Y,1336148304,4.45382768
407,34,Y,1335548342,4.4518278066666666
122,94,N,1331771416,4.439238053333333
902,96,Y,1331702891,4.4390096366666665
501,46,Y,1331527592,4.438425306666667
411,35,Y,1327454448,4.42484816
910,97,Y,1321938384,4.40646128
1113,123,Y,1318069384,4.393564613333333
382,31,Y,1317553125,4.39184375
393,33,Y,1314150800,4.380502666666667
552,53,Y,1308396080,4.361320266666667
890,95,Y,1305144584,4.350481946666666
134,0,Y,1303328352,4.34442784
648,65,Y,1302631280,4.3421042666666665
622,61,Y,1300849464,4.33616488
406,34,Y,1296165264,4.32055088
408,35,Y,1285477544,4.284925146666667
738,76,Y,1280212792,4.267375973333333
912,98,Y,1269762952,4.232543173333333
778,81,Y,1262015752,4.206719173333333
712,73,Y,1259179344,4.19726448
1063,116,Y,1249449368,4.164831226666667
627,62,Y,1248954232,4.163180773333333
782,81,Y,1248628952,4.162096506666667
942,101,Y,1244425760,4.1480858666666665
941,101,Y,1244196616,4.147322053333333
817,86,Y,1242353434,4.141178113333333
323,24,Y,1238682352,4.128941173333334
877,93,Y,1236111640,4.120372133333333
530,50,Y,1231875176,4.1062505866666665
472,43,Y,1227839600,4.092798666666667
12,225,Y,1219260088,4.064200293333333
905,97,Y,1213346624,4.044488746666667
558,53,Y,1212410632,4.041368773333334
709,72,Y,1204678496,4.015594986666667
704,72,Y,1197804392,3.9926813066666664
732,75,Y,1196651664,3.98883888
487,44,Y,1194626944,3.982089813333333
441,39,Y,1193919712,3.9797323733333334
755,78,Y,1193728576,3.9790952533333335
518,48,Y,1190113840,3.967046133333333
409,35,Y,1189558984,3.9651966133333336
290,20,Y,1189162608,3.96387536
736,76,Y,1188780536,3.9626017866666667
381,31,Y,1182600256,3.9420008533333335
1105,122,Y,1179721116,3.9324037200000004
624,62,Y,1173045568,3.9101518933333335
412,35,Y,1167522192,3.89174064
477,43,Y,1158231317,3.8607710566666666
483,44,Y,1157283792,3.85761264
379,31,Y,1157130408,3.85710136
893,95,Y,1137628784,3.7920959466666666
630,62,Y,1127129064,3.75709688
473,43,Y,1124671448,3.7489048266666667
728,75,Y,1119626623,3.732088743333333
1109,122,Y,1118256960,3.7275232
938,101,Y,1118009000,3.7266966666666663
568,55,Y,1117201432,3.724004773333333
617,61,Y,1112546904,3.7084896800000005
325,24,Y,1110537032,3.7017901066666665
572,55,Y,1109041360,3.6968045333333333
432,38,Y,1105270800,3.684236
294,20,Y,1103462520,3.6782084
430,37,Y,1098865595,3.662885316666667
426,37,Y,1097122064,3.657073546666666
378,31,Y,1092664856,3.6422161866666665
292,20,Y,1091998600,3.6399953333333332
727,74,Y,1080785576,3.6026185866666665
439,38,Y,1071124880,3.5704162666666663
125,1132,Y,1069180016,3.5639333866666663
671,67,Y,1062333696,3.54111232
620,61,Y,1061659544,3.5388651466666663
776,81,Y,1050076944,3.5002564799999996
46,501,Y,1039943664,3.46647888
631,62,Y,1032030064,3.440100213333333
324,24,Y,1031054488,3.436848293333333
125,1133,Y,1026551152,3.4218371733333335
706,72,Y,1024193392,3.4139779733333335
961,104,Y,1023966680,3.413222266666667
436,38,Y,1021680471,3.40560157
737,76,Y,1020580800,3.401936
692,70,Y,1016463352,3.388211173333333
480,44,Y,994553896,3.3151796533333333
102,950,Y,993904384,3.313014613333334
1107,122,Y,993414280,3.3113809333333335
414,35,Y,982838048,3.2761268266666663
694,70,Y,979222416,3.26407472
937,101,Y,968878616,3.2295953866666665
743,76,Y,956204856,3.1873495199999997
693,70,Y,955808304,3.1860276799999996
51,541,Y,944945928,3.1498197599999997
428,37,Y,925917096,3.08639032
125,1131,Y,924683288,3.082277626666667
688,70,Y,914811280,3.0493709333333334
884,94,Y,913264320,3.0442144
670,67,Y,911262696,3.03754232
544,52,Y,907520135,3.0250671166666665
831,87,Y,898757568,2.99585856
887,94,Y,894680364,2.9822678799999998
690,70,Y,893825872,2.9794195733333333
429,37,Y,893526944,2.9784231466666666
98,913,Y,893525480,2.9784182666666665
885,94,Y,892223376,2.97407792
33,395,Y,891371536,2.9712384533333336
546,52,Y,878198896,2.9273296533333335
707,72,Y,878124232,2.9270807733333335
740,76,Y,877357840,2.9245261333333334
936,101,Y,862361736,2.87453912
548,52,Y,855570480,2.8519016
695,70,Y,845768600,2.8192286666666666
734,75,Y,843905544,2.8130184799999998
51,537,Y,830362384,2.7678746133333334
881,94,Y,823079680,2.7435989333333333
33,392,Y,819041064,2.73013688
882,94,Y,798260396,2.6608679866666667
711,72,Y,787861912,2.6262063733333334
550,52,Y,779066520,2.5968884
51,540,Y,777800864,2.5926695466666665
125,1130,Y,776799312,2.5893310400000003
92,867,Y,773050064,2.5768335466666668
321,24,Y,768080736,2.56026912
545,52,Y,754646264,2.515487546666667
435,38,Y,752859800,2.509532666666667
883,94,Y,731800952,2.4393365066666663
44,483,Y,715153816,2.3838460533333334
691,70,Y,714815832,2.3827194400000002
549,52,Y,711482448,2.37160816
55,571,Y,704863104,2.34954368
101,941,Y,703870016,2.346233386666667
51,536,Y,696367832,2.321226106666667
125,1128,Y,684372344,2.281241146666667
880,94,Y,679279456,2.264264853333333
91,860,Y,668704688,2.2290156266666665
51,542,Y,614718808,2.049062693333333
104,964,Y,611168192,2.0372273066666664
886,94,Y,606894848,2.0229828266666665
102,945,Y,591135752,1.9704525066666665
101,939,Y,589710488,1.9657016266666667
102,948,Y,573694912,1.9123163733333333
15,250,Y,570160736,1.9005357866666666
7,190,Y,566769904,1.8892330133333333
33,398,Y,564777672,1.8825922400000001
103,958,Y,560605136,1.8686837866666668
44,482,Y,556748072,1.8558269066666668
125,1135,Y,554222872,1.8474095733333336
8,199,Y,547679256,1.82559752
71,696,Y,547387920,1.8246264
57,588,Y,530545656,1.7684855199999998
4,163,Y,526425296,1.7547509866666668
125,1134,Y,524766720,1.7492224
52,547,Y,521232624,1.7374420799999999
98,915,Y,519753824,1.7325127466666665
51,539,Y,517868904,1.72622968
51,543,Y,517652040,1.7255067999999998
31,383,Y,507113056,1.6903768533333332
49,523,Y,504373520,1.6812450666666665
44,481,Y,503123440,1.677078133333333
122,1106,Y,501940376,1.6731345866666667
8,193,Y,488189144,1.6272971466666668
11,221,Y,483138328,1.6104610933333332
79,765,Y,482238168,1.60746056
10,211,Y,481605056,1.6053501866666666
5,172,Y,481198240,1.6039941333333332
110,1012,Y,480579184,1.6019306133333335
3,153,Y,472389896,1.5746329866666666
76,742,Y,466153120,1.5538437333333333
115,1054,Y,465365560,1.5512185333333333
49,520,Y,463417216,1.5447240533333333
15,252,Y,462489136,1.5416304533333334
16,262,Y,461544008,1.5384800266666667
2,146,Y,459211176,1.53070392
96,900,Y,452834632,1.5094487733333333
91,858,Y,450780216,1.50260072
92,865,Y,450599984,1.5019999466666667
75,730,Y,447644112,1.4921470399999999
102,944,Y,436364224,1.4545474133333334
102,946,Y,434993408,1.4499780266666666
116,1061,Y,428652024,1.42884008
109,1004,Y,427192336,1.4239744533333332
66,661,Y,426786592,1.4226219733333334
50,532,Y,425724816,1.41908272
45,490,Y,422957696,1.4098589866666666
102,949,Y,422921352,1.40973784
66,657,Y,422593280,1.4086442666666668
105,975,Y,421048680,1.4034955999999998
10,210,Y,414916896,1.38305632
103,956,Y,414519360,1.3817312
51,538,Y,412060160,1.3735338666666665
83,792,Y,410162568,1.36720856
102,947,Y,406856312,1.3561877066666668
3,156,Y,403141928,1.3438064266666667
122,1108,Y,392240272,1.3074675733333334
54,565,Y,389817616,1.2993920533333334
98,914,Y,383809792,1.2793659733333334
78,757,Y,377472704,1.2582423466666666
8,197,Y,376679168,1.2555972266666666
114,1047,Y,375063552,1.25021184
105,974,Y,373735504,1.2457850133333332
29,365,Y,368582504,1.2286083466666666
95,894,Y,365699424,1.21899808
59,605,Y,357679848,1.19226616
100,929,Y,351733240,1.1724441333333333
7,191,Y,335793840,1.1193128
92,866,Y,334155408,1.11385136
56,580,Y,332824664,1.1094155466666666
103,959,Y,332339480,1.1077982666666666
88,837,Y,326642888,1.0888096266666667
115,1050,Y,320796376,1.0693212533333334
127,1148,Y,318696672,1.06232224
44,484,Y,315828120,1.0527604
63,639,Y,314596080,1.0486536
53,553,Y,313292080,1.0443069333333335
34,400,Y,312393672,1.0413122400000001
37,430,Y,305840216,1.0194673866666666
59,600,Y,305782232,1.0192741066666666
3,157,Y,304219184,1.0140639466666668
61,623,Y,296746144,0.9891538133333334
56,576,Y,293878928,0.9795964266666667
52,548,Y,293686160,0.9789538666666666
72,704,Y,286741528,0.9558050933333333
11,216,Y,284130000,0.9471
78,754,Y,279904432,0.9330147733333334
98,919,Y,279194136,0.9306471199999999
97,911,Y,278287512,0.92762504
89,842,Y,278124792,0.92708264
69,685,Y,274067352,0.9135578400000001
85,810,Y,272174248,0.9072474933333333
81,776,Y,271524208,0.9050806933333334
80,768,Y,270186192,0.90062064
59,604,Y,269444176,0.8981472533333333
97,906,Y,268648952,0.8954965066666667
81,777,Y,268089840,0.8936328
25,333,Y,268079888,0.8935996266666666
31,380,Y,267346208,0.8911540266666667
98,918,Y,266560656,0.88853552
113,1037,Y,265464232,0.8848807733333334
31,379,Y,265036176,0.88345392
109,1000,Y,264456680,0.8815222666666668
113,1035,Y,263473752,0.87824584
47,508,Y,262099568,0.8736652266666667
96,899,Y,261469264,0.8715642133333333
38,437,Y,256056360,0.8535212000000001
5,173,Y,255502008,0.8516733599999999
96,901,Y,254999808,0.84999936
43,474,Y,254687312,0.8489577066666667
1,136,Y,252912896,0.8430429866666667
88,839,Y,252665656,0.8422188533333332
104,961,Y,251284120,0.8376137333333333
72,711,Y,250872504,0.83624168
88,835,Y,250725224,0.8357507466666667
53,556,Y,249352976,0.8311765866666666
67,668,Y,247648600,0.8254953333333334
97,907,Y,246617984,0.8220599466666667
63,635,Y,246471264,0.8215708800000001
94,882,Y,245558128,0.8185270933333334
43,475,Y,245305064,0.8176835466666668
6,180,Y,245282080,0.8176069333333332
104,965,Y,244870584,0.81623528
36,417,Y,244835744,0.8161191466666667
86,816,Y,243964456,0.8132148533333333
37,426,Y,243763016,0.8125433866666667
112,1031,Y,243720904,0.8124030133333333
50,535,Y,242632888,0.8087762933333332
45,491,Y,241804896,0.80601632
97,908,Y,240825088,0.8027502933333333
1,137,Y,240544352,0.8018145066666666
64,642,Y,240184600,0.8006153333333333
18,277,Y,240134976,0.8004499199999999
27,351,Y,239182104,0.79727368
113,1034,Y,238343288,0.7944776266666667
72,710,Y,237758008,0.7925266933333333
59,607,Y,237706392,0.79235464
78,752,Y,237251376,0.79083792
74,725,Y,236749192,0.7891639733333334
21,299,Y,236612952,0.7887098400000001
3,158,Y,236367384,0.7878912800000001
69,680,Y,235912336,0.7863744533333333
109,1003,Y,235176088,0.7839202933333332
63,637,Y,234550184,0.7818339466666666
101,942,Y,234504992,0.7816833066666667
92,864,Y,233908136,0.7796937866666667
39,446,Y,231956288,0.7731876266666666
46,497,Y,231428832,0.77142944
45,493,Y,230007952,0.7666931733333333
103,955,Y,229798136,0.7659937866666666
64,641,Y,229386768,0.76462256
73,715,Y,229090112,0.7636337066666667
62,630,Y,228978664,0.7632622133333333
45,492,Y,228450576,0.7615019199999999
69,686,Y,228430040,0.7614334666666667
55,570,Y,228218384,0.7607279466666667
110,1013,Y,228211696,0.7607056533333333
113,1032,Y,226558736,0.7551957866666668
44,480,Y,226548368,0.7551612266666666
41,457,Y,226368120,0.7545604
60,615,Y,223512808,0.7450426933333333
69,681,Y,223326480,0.7444216
61,621,Y,222876424,0.7429214133333333
63,632,Y,221884016,0.7396133866666667
81,780,Y,221207408,0.7373580266666666
73,718,Y,220982968,0.7366098933333333
122,1104,Y,220137448,0.7337914933333334
58,594,Y,219798568,0.7326618933333333
13,232,Y,219118104,0.7303936799999999
25,329,Y,218316640,0.7277221333333334
93,873,Y,218153224,0.7271774133333333
27,350,Y,217571408,0.7252380266666666
13,235,Y,216984176,0.7232805866666666
65,650,Y,216809968,0.7226998933333334
104,960,Y,216514016,0.7217133866666667
99,925,Y,215485440,0.7182848000000001
27,346,Y,215473512,0.71824504
74,723,Y,215170256,0.7172341866666667
52,551,Y,215001960,0.7166732
32,387,Y,214935896,0.7164529866666667
80,774,Y,214396304,0.7146543466666666
31,376,Y,213784032,0.71261344
97,909,Y,212990816,0.7099693866666668
67,666,Y,212890688,0.7096356266666667
26,342,Y,212521312,0.7084043733333333
69,683,Y,212283120,0.7076104
81,782,Y,211223952,0.70407984
105,972,Y,211077640,0.7035921333333334
20,291,Y,210569328,0.70189776
58,599,Y,210094200,0.700314
64,644,Y,209779760,0.6992658666666667
78,756,Y,209631000,0.69877
74,726,Y,209606664,0.6986888800000001
19,282,Y,209577144,0.69859048
27,349,Y,209201424,0.69733808
64,645,Y,208734712,0.6957823733333334
41,461,Y,208514768,0.6950492266666667
21,297,Y,208372688,0.6945756266666667
94,885,Y,207969352,0.6932311733333333
118,1075,Y,207792768,0.69264256
92,871,Y,207568752,0.69189584
56,577,Y,207339976,0.6911332533333333
34,403,Y,207267288,0.6908909599999999
109,1007,Y,207196880,0.6906562666666667
22,308,Y,206656144,0.6888538133333334
27,347,Y,206514848,0.6883828266666667
64,643,Y,206082240,0.6869407999999999
55,572,Y,205681864,0.6856062133333334
25,335,Y,204811072,0.6827035733333333
21,303,Y,204553592,0.6818453066666667
127,1151,Y,204517168,0.6817238933333333
106,980,Y,204442184,0.6814739466666666
87,825,Y,204383512,0.6812783733333333
34,406,Y,204062296,0.6802076533333333
21,302,Y,204000768,0.6800025599999999
53,557,Y,203859704,0.6795323466666667
116,1057,Y,203688096,0.67896032
20,294,Y,203418792,0.6780626399999999
54,566,Y,203040992,0.6768033066666667
43,472,Y,202511056,0.6750368533333334
14,240,Y,202304680,0.6743489333333333
117,1070,Y,202119704,0.6737323466666667
93,879,Y,201370648,0.6712354933333333
1,138,Y,201193824,0.67064608
49,525,Y,201111784,0.6703726133333333
56,578,Y,200655896,0.6688529866666667
109,1006,Y,200451672,0.6681722400000001
88,836,Y,200392384,0.6679746133333333
79,763,Y,200238192,0.6674606399999999
33,394,Y,200214088,0.6673802933333334
44,486,Y,200008216,0.6666940533333334
28,353,Y,199582728,0.66527576
60,611,Y,199557584,0.6651919466666666
118,1076,Y,199206504,0.6640216800000001
23,319,Y,198874280,0.6629142666666666
58,592,Y,198571904,0.6619063466666667
36,418,Y,197998328,0.6599944266666667
29,362,Y,197820720,0.6594024
38,433,Y,197535880,0.6584529333333333
127,1149,Y,197411160,0.6580372
86,819,Y,196647617,0.6554920566666667
41,460,Y,196604984,0.6553499466666667
38,432,Y,196595288,0.6553176266666667
76,736,Y,196519016,0.6550633866666666
73,712,Y,196112512,0.6537083733333333
94,880,Y,195502904,0.6516763466666666
110,1011,Y,195487096,0.6516236533333333
83,798,Y,194728064,0.6490935466666667
96,898,Y,194486744,0.6482891466666666
92,870,Y,194271448,0.6475714933333333
89,840,Y,194169120,0.6472304
33,397,Y,194138664,0.64712888
56,581,Y,194132072,0.6471069066666666
80,769,Y,194015144,0.6467171466666667
117,1064,Y,193914800,0.6463826666666667
13,237,Y,193689968,0.6456332266666667
104,962,Y,193601488,0.6453382933333333
127,1147,Y,193533432,0.64511144
29,367,Y,193287656,0.6442921866666667
93,878,Y,193042568,0.6434752266666667
63,633,Y,193023288,0.64341096
19,287,Y,192873192,0.64291064
6,181,Y,192807552,0.64269184
40,455,Y,192777568,0.6425918933333333
59,602,Y,192640088,0.6421336266666666
16,261,Y,192522264,0.64174088
36,420,Y,191995368,0.6399845599999999
9,203,Y,191628712,0.6387623733333334
85,813,Y,190647536,0.6354917866666666
52,550,Y,190253760,0.6341791999999999
61,619,Y,189927568,0.6330918933333333
21,296,Y,189791328,0.63263776
63,634,Y,189403592,0.6313453066666667
100,931,Y,189366824,0.6312227466666667
24,325,Y,189303496,0.6310116533333333
7,187,Y,189229464,0.63076488
39,442,Y,188852432,0.6295081066666667
35,408,Y,188674936,0.6289164533333333
9,206,Y,188597216,0.6286573866666667
96,903,Y,188526288,0.62842096
37,429,Y,188506360,0.6283545333333332
55,575,Y,188313120,0.6277104
11,223,Y,188210248,0.6273674933333333
100,930,Y,187706680,0.6256889333333333
56,583,Y,187235976,0.62411992
74,727,Y,187107336,0.62369112
77,750,Y,186466624,0.6215554133333333
87,824,Y,186272912,0.6209097066666667
93,875,Y,186062024,0.6202067466666666
100,934,Y,186055616,0.6201853866666667
81,779,Y,185909824,0.6196994133333333
34,404,Y,185401856,0.6180061866666667
31,377,Y,185326640,0.6177554666666666
81,783,Y,184958120,0.6165270666666667
84,806,Y,184770504,0.61590168
22,311,Y,184759088,0.6158636266666666
101,943,Y,184688608,0.6156286933333334
39,440,Y,183592048,0.6119734933333333
37,431,Y,183101064,0.61033688
75,728,Y,182942800,0.6098093333333333
111,1018,Y,182462280,0.6082076
9,202,Y,182170504,0.6072350133333334
38,434,Y,181299752,0.6043325066666666
107,987,Y,180426832,0.6014227733333334
104,967,Y,180177624,0.60059208
71,703,Y,180061832,0.6002061066666666
104,966,Y,179975160,0.5999171999999999
45,488,Y,179776024,0.5992534133333333
20,292,Y,179036328,0.59678776
53,559,Y,178969560,0.5965652
34,407,Y,178632824,0.5954427466666667
12,226,Y,178548304,0.5951610133333334
43,476,Y,178388488,0.5946282933333333
78,759,Y,177560112,0.59186704
7,184,Y,177540216,0.5918007200000001
17,267,Y,177188944,0.5906298133333333
115,1048,Y,177129440,0.5904314666666667
96,902,Y,176919232,0.5897307733333333
87,830,Y,176915968,0.5897198933333334
52,544,Y,176887088,0.5896236266666667
88,834,Y,176687944,0.5889598133333334
97,904,Y,176681336,0.5889377866666666
80,773,Y,176680928,0.5889364266666667
116,1062,Y,176561000,0.5885366666666667
58,595,Y,176458024,0.5881934133333333
12,230,Y,176149248,0.5871641599999999
92,869,Y,176052776,0.5868425866666667
12,227,Y,175976448,0.58658816
6,176,Y,175959720,0.5865324
34,402,Y,175953088,0.5865102933333333
74,720,Y,175863944,0.5862131466666667
83,799,Y,175843960,0.5861465333333333
35,415,Y,175822832,0.5860761066666667
74,722,Y,175464960,0.5848832
72,709,Y,174806496,0.5826883199999999
102,951,Y,174551600,0.5818386666666666
70,691,Y,173945352,0.57981784
54,562,Y,173436384,0.5781212800000001
118,1079,Y,172989312,0.57663104
111,1020,Y,172872792,0.57624264
32,391,Y,172821384,0.57607128
19,280,Y,172518216,0.57506072
13,233,Y,172417080,0.5747236
13,234,Y,171957328,0.5731910933333333
101,937,Y,171794072,0.5726469066666666
112,1024,Y,171319648,0.5710654933333333
86,823,Y,170728240,0.5690941333333334
73,714,Y,170654840,0.5688494666666667
124,1122,Y,170644584,0.56881528
75,734,Y,170606544,0.56868848
70,690,Y,170469176,0.5682305866666667
39,441,Y,170302944,0.56767648
71,700,Y,170242688,0.5674756266666666
25,334,Y,169818136,0.5660604533333333
50,531,Y,169749248,0.5658308266666667
9,205,Y,169549984,0.5651666133333334
74,724,Y,169407288,0.56469096
88,832,Y,169160288,0.5638676266666667
82,785,Y,169058424,0.56352808
72,705,Y,168721816,0.5624060533333334
69,687,Y,168716864,0.5623895466666666
71,702,Y,168463352,0.5615445066666667
50,529,Y,168392128,0.5613070933333334
87,831,Y,168136912,0.5604563733333333
127,1150,Y,168090808,0.5603026933333333
109,1002,Y,168085808,0.5602860266666666
33,396,Y,168010576,0.5600352533333334
27,344,Y,167994448,0.5599814933333334
76,739,Y,167834104,0.5594470133333332
105,971,Y,167778984,0.55926328
62,624,Y,167680024,0.5589334133333334
112,1029,Y,167612560,0.5587085333333334
46,499,Y,167290912,0.5576363733333334
32,386,Y,166836880,0.5561229333333333
109,1001,Y,166305783,0.5543526099999999
72,706,Y,165693856,0.5523128533333334
61,618,Y,165530440,0.5517681333333333
83,796,Y,165256736,0.5508557866666666
78,758,Y,165019584,0.55006528
108,993,Y,164921096,0.5497369866666667
107,985,Y,164681168,0.5489372266666667
1,142,Y,164491968,0.54830656
56,579,Y,163649576,0.5454985866666666
112,1025,Y,163532720,0.5451090666666667
13,236,Y,163441056,0.54480352
93,872,Y,163424216,0.5447473866666667
67,665,Y,163131552,0.54377184
122,1109,Y,163094680,0.5436489333333333
48,519,Y,162799072,0.5426635733333334
127,1144,Y,161759096,0.5391969866666666
16,263,Y,161554912,0.5385163733333334
92,868,Y,161497608,0.5383253600000001
12,229,Y,161430680,0.5381022666666666
65,655,Y,160843632,0.53614544
63,636,Y,160794384,0.53598128
117,1071,Y,160594872,0.53531624
62,625,Y,160368336,0.53456112
3,154,Y,160206048,0.5340201600000001
81,778,Y,160177208,0.5339240266666666
4,164,Y,159724880,0.5324162666666666
98,916,Y,159519306,0.5317310199999999
48,512,Y,159407264,0.5313575466666667
43,478,Y,159221480,0.5307382666666667
94,881,Y,159095056,0.5303168533333333
79,764,Y,159056064,0.53018688
93,876,Y,158894016,0.52964672
29,364,Y,158809904,0.5293663466666667
76,740,Y,158542344,0.5284744800000001
57,585,Y,158474904,0.5282496799999999
15,254,Y,158271288,0.52757096
5,170,Y,158009376,0.5266979199999999
49,521,Y,157886688,0.52628896
14,244,Y,157663400,0.5255446666666667
1,141,Y,157593192,0.5253106399999999
94,884,Y,157507144,0.5250238133333333
91,863,Y,157453400,0.5248446666666666
38,439,Y,157164192,0.52388064
39,443,Y,157141464,0.52380488
114,1046,Y,156705176,0.5223505866666667
118,1072,Y,156577192,0.5219239733333333
91,859,Y,156419328,0.52139776
50,528,Y,156389064,0.5212968800000001
42,469,Y,156371976,0.52123992
17,270,Y,156225016,0.5207500533333334
53,552,Y,155600592,0.51866864
117,1068,Y,155591776,0.5186392533333333
60,614,Y,155359048,0.5178634933333333
77,748,Y,154815144,0.51605048
82,787,Y,154727112,0.51575704
10,215,Y,154460440,0.5148681333333334
113,1038,Y,154418008,0.5147266933333333
107,990,Y,154293112,0.5143103733333334
0,135,Y,154268120,0.5142270666666666
13,238,Y,154198536,0.51399512
116,1056,Y,154095824,0.5136527466666666
76,737,Y,154089920,0.5136330666666666
108,998,Y,154060336,0.5135344533333334
24,326,Y,154025024,0.5134167466666667
61,620,Y,153946496,0.5131549866666666
50,533,Y,153755744,0.5125191466666666
12,228,Y,153690264,0.5123008800000001
127,1145,Y,153526240,0.5117541333333333
0,134,Y,153255744,0.51085248
29,360,Y,153191792,0.5106393066666667
114,1043,Y,152975024,0.5099167466666668
66,660,Y,152780592,0.50926864
123,1113,Y,152634704,0.5087823466666667
36,423,Y,152334152,0.5077805066666666
113,1033,Y,152317632,0.50772544
85,808,Y,152307608,0.5076920266666667
64,647,Y,152281400,0.5076046666666667
4,167,Y,152248760,0.5074958666666667
27,345,Y,151942240,0.5064741333333334
72,708,Y,151775256,0.50591752
43,479,Y,151547632,0.5051587733333333
99,923,Y,151481096,0.5049369866666666
103,952,Y,151180280,0.5039342666666666
70,689,Y,150450384,0.50150128
75,735,Y,150246792,0.50082264
48,513,Y,150102280,0.5003409333333333
87,827,Y,150055752,0.50018584
42,467,Y,149896576,0.4996552533333334
55,574,Y,149745648,0.49915215999999996
23,316,Y,149637792,0.49879264
116,1058,Y,149545216,0.49848405333333334
73,719,Y,149526848,0.49842282666666665
61,616,Y,149351624,0.4978387466666667
56,582,Y,149282952,0.49760984
57,589,Y,148907856,0.49635952000000005
111,1021,Y,148621344,0.49540448
16,257,Y,148534624,0.4951154133333333
84,804,Y,148124296,0.49374765333333337
62,628,Y,148010024,0.49336674666666663
3,155,Y,147919568,0.4930652266666667
36,416,Y,147753992,0.4925133066666667
53,558,Y,147636040,0.4921201333333333
47,509,Y,147554528,0.49184842666666667
30,374,Y,147533416,0.49177805333333335
54,563,Y,147493808,0.4916460266666666
126,1138,Y,147418168,0.4913938933333333
65,651,Y,147354656,0.4911821866666667
47,511,Y,147283656,0.49094552
22,307,Y,147150808,0.4905026933333333
65,653,Y,146953904,0.48984634666666665
58,598,Y,146935200,0.48978399999999994
115,1051,Y,146559624,0.48853208
70,692,Y,146476096,0.4882536533333333
43,477,Y,146295368,0.48765122666666666
49,522,Y,146210584,0.48736861333333337
45,494,Y,145930000,0.48643333333333333
64,646,Y,145892032,0.4863067733333334
118,1073,Y,145879264,0.48626421333333336
100,933,Y,145829056,0.48609685333333336
79,766,Y,145800216,0.48600071999999994
82,791,Y,145285184,0.4842839466666667
110,1010,Y,145227752,0.48409250666666664
62,627,Y,144877824,0.48292608000000004
10,212,Y,144252984,0.48084328
60,612,Y,144229200,0.480764
34,401,Y,144114264,0.48038088
7,189,Y,144085136,0.4802837866666666
73,717,Y,144011056,0.48003685333333335
107,986,Y,143984336,0.47994778666666665
86,817,Y,143977168,0.47992389333333335
84,802,Y,143924088,0.47974695999999994
46,498,Y,143418872,0.4780629066666667
1,140,Y,142957128,0.47652375999999996
106,979,Y,142865816,0.4762193866666667
59,606,Y,142765888,0.4758862933333333
32,385,Y,142679776,0.4755992533333333
41,456,Y,142648072,0.4754935733333333
82,789,Y,142377784,0.4745926133333333
25,330,Y,142126488,0.47375496
13,239,Y,141869912,0.47289970666666664
20,290,Y,141792632,0.4726421066666667
15,249,Y,141648872,0.47216290666666666
88,838,Y,141581173,0.4719372433333333
124,1121,Y,141498888,0.47166296
85,811,Y,141215520,0.4707184
26,343,Y,141188976,0.47062992
24,323,Y,141085144,0.4702838133333333
20,289,Y,140897104,0.4696570133333334
55,569,Y,140886760,0.4696225333333333
67,664,Y,140369864,0.4678995466666666
85,809,Y,140195064,0.46731688000000005
114,1041,Y,140030512,0.4667683733333333
14,243,Y,139916856,0.46638951999999995
106,976,Y,139892632,0.4663087733333333
26,339,Y,139512040,0.4650401333333333
58,597,Y,139367392,0.4645579733333334
11,222,Y,139155752,0.4638525066666667
14,241,Y,139102520,0.46367506666666664
41,458,Y,138885624,0.46295208
3,152,Y,138625232,0.46208410666666666
106,983,Y,138556784,0.4618559466666667
60,610,Y,138484056,0.46161351999999994
108,999,Y,138414720,0.46138239999999997
14,245,Y,138234488,0.46078162666666667
98,917,Y,138110504,0.4603683466666667
1,143,Y,137926880,0.4597562666666667
78,753,Y,137627248,0.4587574933333333
115,1053,Y,137488192,0.4582939733333334
67,667,Y,137361440,0.45787146666666667
49,526,Y,137355736,0.45785245333333335
86,821,Y,137244328,0.45748109333333337
120,1092,Y,137170304,0.4572343466666667
88,833,Y,136607728,0.4553590933333333
110,1009,Y,136194016,0.45398005333333336
77,751,Y,136128304,0.4537610133333333
9,201,Y,136029648,0.45343216000000003
113,1039,Y,136012152,0.45337384
117,1066,Y,135983008,0.4532766933333333
79,767,Y,135835808,0.4527860266666667
20,295,Y,135615080,0.45205026666666664
11,220,Y,135507416,0.45169138666666664
107,984,Y,135318784,0.4510626133333333
60,613,Y,135314200,0.4510473333333333
49,527,Y,135278008,0.4509266933333333
40,452,Y,135246832,0.4508227733333333
61,622,Y,135220376,0.45073458666666666
124,1124,Y,135016976,0.4500565866666667
19,285,Y,134939504,0.4497983466666667
99,922,Y,134895896,0.44965298666666664
103,957,Y,134763904,0.44921301333333336
45,489,Y,134662192,0.44887397333333334
111,1017,Y,134528512,0.44842837333333335
62,629,Y,134394712,0.44798237333333335
14,242,Y,133989168,0.44663055999999995
15,251,Y,133917784,0.4463926133333333
44,485,Y,133808904,0.44602968000000004
99,921,Y,133367792,0.44455930666666665
122,1107,Y,133334088,0.44444695999999995
6,183,Y,133320424,0.4444014133333334
86,822,Y,133223416,0.44407805333333333
87,829,Y,132580968,0.44193656
79,760,Y,132533192,0.4417773066666667
3,159,Y,132515352,0.44171784000000003
28,355,Y,132450472,0.4415015733333334
37,428,Y,132223200,0.440744
108,996,Y,132151688,0.44050562666666665
57,590,Y,131874864,0.43958288
95,895,Y,131831096,0.4394369866666667
26,336,Y,131716976,0.43905658666666664
35,413,Y,131643216,0.43881072
2,150,Y,131626904,0.4387563466666667
16,256,Y,131363408,0.43787802666666664
27,348,Y,131028544,0.4367618133333333
24,322,Y,130891440,0.43630479999999994
28,356,Y,130663240,0.4355441333333333
61,617,Y,130377368,0.43459122666666666
2,149,Y,130282824,0.43427607999999995
105,969,Y,129858088,0.4328602933333333
29,366,Y,129836240,0.4327874666666667
70,693,Y,129402376,0.43134125333333334
120,1088,Y,129285928,0.4309530933333333
77,747,Y,128937848,0.4297928266666666
8,194,Y,128564688,0.42854896000000003
78,755,Y,128397000,0.42799
53,555,Y,128330920,0.42776973333333335
28,352,Y,127919328,0.42639775999999996
24,321,Y,127892208,0.42630736
35,411,Y,127838160,0.4261272
67,669,Y,127762688,0.4258756266666667
107,991,Y,127706088,0.42568696
11,218,Y,127666280,0.4255542666666666
124,1123,Y,127567736,0.4252257866666667
22,305,Y,127483920,0.42494639999999995
36,422,Y,127447816,0.42482605333333334
86,818,Y,127366600,0.42455533333333334
91,862,Y,127330488,0.42443496
80,772,Y,127182488,0.4239416266666666
12,231,Y,127055648,0.4235188266666667
41,462,Y,127054592,0.42351530666666665
94,887,Y,126981976,0.4232732533333334
48,516,Y,126755112,0.42251703999999995
52,545,Y,126520840,0.4217361333333333
120,1095,Y,126501248,0.42167082666666666
106,982,Y,126169680,0.42056560000000004
25,331,Y,126015096,0.42005032
2,151,Y,125844672,0.41948224
42,470,Y,125787968,0.4192932266666667
112,1026,Y,125492392,0.41830797333333336
117,1069,Y,125439048,0.41813016000000003
47,505,Y,125359944,0.41786648
38,438,Y,125089240,0.4169641333333333
54,564,Y,124919160,0.4163972
107,988,Y,124841344,0.41613781333333333
76,738,Y,124671288,0.41557096
100,928,Y,124639720,0.4154657333333333
66,663,Y,124449920,0.4148330666666667
33,399,Y,124276288,0.4142542933333333
113,1036,Y,123572680,0.41190893333333334
22,309,Y,123563904,0.41187968
68,679,Y,122963328,0.40987776
95,892,Y,122925512,0.4097517066666666
69,682,Y,122866672,0.4095555733333333
21,298,Y,122588392,0.40862797333333334
108,997,Y,122512690,0.4083756333333333
108,995,Y,121861832,0.4062061066666667
114,1044,Y,121580808,0.40526935999999997
89,844,Y,121538960,0.4051298666666666
117,1065,Y,121511240,0.4050374666666667
77,749,Y,121238144,0.4041271466666667
5,171,Y,121222496,0.4040749866666667
45,495,Y,121124944,0.4037498133333334
48,515,Y,121110208,0.40370069333333336
10,208,Y,121002744,0.40334248
6,178,Y,120974616,0.40324871999999995
82,786,Y,120710304,0.40236767999999995
126,1136,Y,120625544,0.40208514666666667
123,1112,Y,120375696,0.40125232
73,716,Y,120340512,0.40113503999999994
70,695,Y,120282888,0.40094296
85,815,Y,120225040,0.4007501333333333
38,435,Y,120159504,0.40053168000000006
37,427,Y,120147752,0.40049250666666664
82,788,Y,119510088,0.39836696
101,940,Y,119171344,0.39723781333333336
111,1022,Y,119162864,0.39720954666666664
86,820,Y,118774360,0.3959145333333333
118,1074,Y,118652600,0.3955086666666666
70,688,Y,118369656,0.39456552
40,450,Y,118308760,0.3943625333333333
68,676,Y,118149768,0.39383255999999994
124,1120,Y,118103352,0.39367784000000006
97,905,Y,117869792,0.39289930666666667
75,732,Y,117423768,0.39141256
108,994,Y,117420424,0.39140141333333334
87,826,Y,117301304,0.39100434666666667
16,260,Y,117169832,0.39056610666666663
30,375,Y,117113064,0.39037688
105,970,Y,117004760,0.39001586666666666
35,410,Y,116875136,0.38958378666666665
2,144,Y,116403232,0.38801077333333334
89,843,Y,116146672,0.38715557333333334
116,1063,Y,116126752,0.3870891733333333
29,363,Y,115998376,0.38666125333333334
39,447,Y,115786120,0.3859537333333333
59,603,Y,115608248,0.38536082666666666
83,797,Y,115317936,0.38439312000000003
0,128,Y,115261376,0.3842045866666666
104,963,Y,115217528,0.3840584266666667
120,1094,Y,115135000,0.3837833333333333
126,1137,Y,115068976,0.38356325333333335
66,658,Y,115065664,0.38355221333333334
68,677,Y,115027656,0.38342552
9,200,Y,115015104,0.38338368
24,324,Y,114920528,0.3830684266666667
100,932,Y,114913768,0.38304589333333333
23,314,Y,114909528,0.38303176
96,896,Y,114844968,0.38281656
58,596,Y,114832792,0.38277597333333335
75,731,Y,114815856,0.38271952
85,812,Y,114798888,0.38266296
54,561,Y,114621184,0.3820706133333333
32,390,Y,114351544,0.38117181333333333
47,506,Y,114244992,0.38081664000000004
118,1078,Y,114075400,0.38025133333333333
43,473,Y,114067064,0.3802235466666667
0,131,Y,113783600,0.37927866666666665
6,179,Y,113675576,0.37891858666666667
90,848,Y,113625424,0.37875141333333334
53,554,Y,113624648,0.37874882666666665
84,801,Y,113351640,0.37783880000000003
97,910,Y,113240480,0.37746826666666666
105,973,Y,113197992,0.37732664
38,436,Y,113189184,0.37729728
95,890,Y,113111624,0.37703874666666665
68,674,Y,112816360,0.37605453333333333
68,675,Y,112786416,0.37595471999999996
103,954,Y,112719424,0.3757314133333333
29,361,Y,112681696,0.37560565333333334
41,463,Y,112634664,0.37544888
28,354,Y,112393616,0.3746453866666667
28,359,Y,112363456,0.3745448533333333
101,938,Y,112337200,0.3744573333333333
41,459,Y,112270320,0.37423439999999997
70,694,Y,112031000,0.37343666666666664
7,188,Y,111974808,0.37324936000000003
11,217,Y,111213792,0.37071264
15,253,Y,110914488,0.36971496
93,877,Y,110849720,0.36949906666666665
95,891,Y,110785736,0.36928578666666667
83,793,Y,110686984,0.36895661333333335
20,293,Y,110643376,0.3688112533333333
107,989,Y,110624752,0.36874917333333335
33,393,Y,110429944,0.36809981333333336
122,1111,Y,110096848,0.3669894933333333
123,1119,Y,110036824,0.3667894133333333
54,560,Y,109825256,0.36608418666666664
65,654,Y,109787848,0.36595949333333333
119,1082,Y,109684672,0.36561557333333333
124,1127,Y,109600184,0.36533394666666663
19,281,Y,109501936,0.3650064533333333
82,784,Y,109007096,0.36335698666666666
46,503,Y,108850080,0.3628336
1,139,Y,108552832,0.3618427733333333
82,790,Y,108525208,0.3617506933333333
75,729,Y,108279336,0.36093112
81,781,Y,108268880,0.36089626666666663
99,920,Y,108255824,0.36085274666666667
22,304,Y,107959352,0.3598645066666667
60,608,Y,107903800,0.3596793333333333
111,1023,Y,107893240,0.35964413333333334
79,762,Y,107657016,0.35885672
119,1081,Y,107591176,0.3586372533333333
57,584,Y,107558976,0.35852992
50,530,Y,107478128,0.3582604266666667
47,510,Y,107021136,0.35673711999999996
14,246,Y,106850080,0.3561669333333334
115,1049,Y,106765360,0.3558845333333333
116,1059,Y,106176792,0.35392264
77,744,Y,106109824,0.3536994133333333
18,278,Y,106100888,0.3536696266666667
121,1102,Y,106044216,0.35348072
31,378,Y,105749120,0.3524970666666667
71,701,Y,105645352,0.35215117333333334
37,425,Y,105161608,0.3505386933333333
108,992,Y,105021688,0.35007229333333334
16,258,Y,104963312,0.3498777066666667
95,889,Y,104803792,0.34934597333333334
71,697,Y,104725040,0.3490834666666667
109,1005,Y,104461952,0.3482065066666667
46,496,Y,104456744,0.34818914666666667
17,268,Y,104436256,0.3481208533333333
67,671,Y,104349440,0.34783146666666664
103,953,Y,104302592,0.34767530666666663
36,419,Y,104296384,0.3476546133333333
95,893,Y,104272304,0.34757434666666664
50,534,Y,104228336,0.3474277866666667
105,968,Y,104055888,0.34685296
119,1084,Y,103754112,0.34584704
35,412,Y,103718392,0.3457279733333333
21,300,Y,103621088,0.3454036266666667
95,888,Y,103553864,0.34517954666666667
62,631,Y,103535160,0.3451172
114,1045,Y,103439336,0.34479778666666666
91,861,Y,103354920,0.3445164
17,269,Y,102762272,0.34254090666666664
0,133,Y,102638040,0.3421268
73,713,Y,102510704,0.34170234666666666
57,587,Y,101856912,0.33952304
15,255,Y,101772576,0.33924192
98,912,Y,101386912,0.33795637333333334
55,573,Y,101206616,0.3373553866666667
44,487,Y,100951944,0.33650648
123,1115,Y,100800904,0.3360030133333333
15,248,Y,100714032,0.33571344000000003
120,1091,Y,100577392,0.33525797333333335
6,177,Y,100153280,0.33384426666666667
83,795,Y,100003480,0.3333449333333333
127,1146,Y,99734312,0.3324477066666667
121,1098,Y,99661112,0.33220370666666665
0,129,Y,99439440,0.3314648
47,504,Y,99434352,0.33144784
23,318,Y,99423248,0.33141082666666666
39,445,Y,99404512,0.33134837333333333
47,507,Y,98595920,0.32865306666666666
48,517,Y,98365424,0.32788474666666667
124,1126,Y,98171896,0.3272396533333333
42,471,Y,97861512,0.32620504
60,609,Y,97512840,0.3250428
62,626,Y,97442816,0.32480938666666664
8,196,Y,97283952,0.32427984
26,340,Y,97124016,0.32374672
46,502,Y,97050952,0.32350317333333334
23,315,Y,97022088,0.32340696
42,465,Y,96981872,0.3232729066666667
99,927,Y,96971616,0.32323872
80,775,Y,96679304,0.32226434666666665
106,981,Y,96504544,0.32168181333333334
5,168,Y,96393760,0.3213125333333333
42,468,Y,96285272,0.32095090666666665
36,421,Y,96250208,0.32083402666666666
94,883,Y,96077672,0.3202589066666667
65,652,Y,96038728,0.32012909333333334
80,770,Y,95836624,0.3194554133333333
19,286,Y,95790896,0.3193029866666667
52,549,Y,95480528,0.31826842666666666
19,284,Y,95371192,0.3179039733333333
52,546,Y,94710296,0.3157009866666666
35,414,Y,94529720,0.31509906666666665
115,1055,Y,94177704,0.31392568
22,310,Y,93815328,0.31271776
8,195,Y,93652656,0.31217552
111,1019,Y,92859504,0.30953168000000003
57,586,Y,92449968,0.30816656000000003
6,182,Y,92099056,0.3069968533333333
9,207,Y,91695968,0.30565322666666667
57,591,Y,91564472,0.3052149066666667
17,264,Y,91212480,0.3040416
63,638,Y,90984136,0.3032804533333333
25,332,Y,90782888,0.3026096266666667
84,807,Y,90654080,0.3021802666666667
58,593,Y,90490552,0.30163517333333334
67,670,Y,90284104,0.30094701333333335
55,568,Y,89670264,0.29890088
112,1027,Y,89169896,0.29723298666666664
24,327,Y,89030256,0.29676752
26,337,Y,88993992,0.29664664
26,338,Y,88903488,0.29634496
16,259,Y,88803648,0.29601215999999997
126,1143,Y,88802560,0.2960085333333333
42,464,Y,88730208,0.29576736
21,301,Y,88006648,0.29335549333333333
89,847,Y,87998720,0.29332906666666664
110,1014,Y,87670968,0.29223656
111,1016,Y,87546312,0.29182104000000003
65,648,Y,87428440,0.29142813333333334
40,451,Y,87275632,0.2909187733333333
99,926,Y,87149704,0.29049901333333333
42,466,Y,87010544,0.29003514666666663
110,1008,Y,86641080,0.2888036
18,274,Y,86612680,0.28870893333333336
31,382,Y,86258104,0.2875270133333333
106,977,Y,86220128,0.28740042666666665
0,130,Y,86146256,0.2871541866666667
32,389,Y,86068056,0.28689352
7,185,Y,85559168,0.28519722666666664
10,209,Y,84758328,0.28252776
2,145,Y,84189928,0.28063309333333336
5,169,Y,84180848,0.28060282666666664
119,1083,Y,83647288,0.2788242933333333
84,803,Y,83638528,0.27879509333333335
32,384,Y,83479000,0.2782633333333333
30,373,Y,82949160,0.2764972
117,1067,Y,82846072,0.2761535733333333
100,935,Y,82560352,0.2752011733333333
72,707,Y,82081328,0.2736044266666667
93,874,Y,82067752,0.2735591733333333
48,514,Y,81299880,0.2709996
76,743,Y,80762536,0.2692084533333333
126,1142,Y,80574720,0.2685824
122,1110,Y,79985872,0.26661957333333336
90,850,Y,79936192,0.2664539733333333
19,283,Y,79802456,0.26600818666666665
68,673,Y,79770408,0.26590136000000003
54,567,Y,79763720,0.26587906666666666
76,741,Y,79718784,0.26572928
101,936,Y,79257792,0.26419264
4,162,Y,79056840,0.2635228
120,1093,Y,78865544,0.2628851466666667
49,524,Y,78814576,0.26271525333333334
31,381,Y,78727816,0.26242605333333335
28,358,Y,78306392,0.2610213066666667
25,328,Y,77923272,0.25974423999999996
8,192,Y,77764080,0.2592136
17,266,Y,77667992,0.25889330666666666
68,678,Y,77636568,0.25878856
28,357,Y,77378432,0.25792810666666666
64,640,Y,77333976,0.25777992
24,320,Y,76954336,0.25651445333333334
119,1080,Y,76861392,0.25620464
69,684,Y,76182616,0.25394205333333336
4,166,Y,76093240,0.25364413333333335
123,1117,Y,75825168,0.25275056
75,733,Y,75600336,0.25200112
110,1015,Y,75218944,0.25072981333333333
112,1030,Y,74803328,0.24934442666666667
66,656,Y,74783272,0.24927757333333334
89,841,Y,74525248,0.24841749333333335
66,659,Y,74486864,0.2482895466666667
126,1141,Y,74377288,0.24792429333333332
123,1118,Y,73180336,0.24393445333333333
14,247,Y,72872744,0.24290914666666666
96,897,Y,72525936,0.24175312000000002
77,745,Y,72189808,0.24063269333333331
90,854,Y,71541840,0.2384728
123,1116,Y,71373632,0.23791210666666668
120,1089,Y,71185472,0.23728490666666668
26,341,Y,71142424,0.23714141333333333
59,601,Y,70872448,0.23624149333333336
124,1125,Y,70738888,0.23579629333333332
46,500,Y,70675248,0.23558416000000001
106,978,Y,70638520,0.23546173333333334
40,449,Y,70328144,0.2344271466666667
2,148,Y,69726808,0.23242269333333335
32,388,Y,69478320,0.23159439999999998
89,845,Y,69151072,0.23050357333333332
34,405,Y,69065640,0.2302188
87,828,Y,68753880,0.2291796
121,1103,Y,68748664,0.2291622133333333
115,1052,Y,68562880,0.22854293333333334
35,409,Y,67897592,0.22632530666666667
90,849,Y,67484216,0.22494738666666664
5,174,Y,67403352,0.22467784000000002
90,852,Y,66863880,0.22287959999999998
112,1028,Y,66386776,0.22128925333333332
99,924,Y,65745008,0.21915002666666664
30,371,Y,65287872,0.21762624000000003
17,265,Y,64806760,0.21602253333333332
11,219,Y,64502592,0.21500864
120,1090,Y,64345800,0.214486
22,306,Y,64331920,0.21443973333333333
91,856,Y,64242016,0.2141400533333333
90,855,Y,64148304,0.21382768
40,448,Y,63771824,0.21257274666666667
40,453,Y,63580480,0.21193493333333333
126,1140,Y,63493584,0.21164528
40,454,Y,63267488,0.21089162666666667
121,1097,Y,63008368,0.21002789333333335
79,761,Y,62980368,0.20993456
118,1077,Y,62425368,0.20808456000000003
74,721,Y,62411080,0.20803693333333334
123,1114,Y,62336992,0.20778997333333335
84,805,Y,62203520,0.2073450666666667
94,886,Y,61740016,0.20580005333333332
85,814,Y,61538536,0.20512845333333332
30,369,Y,60815464,0.20271821333333334
80,771,Y,60696080,0.20232026666666666
8,198,Y,60648304,0.2021610133333333
65,649,Y,60406448,0.20135482666666665
37,424,Y,60161136,0.20053711999999999
18,273,Y,60126336,0.20042112
114,1040,Y,58762360,0.19587453333333332
91,857,Y,58462208,0.19487402666666667
23,313,Y,57643784,0.19214594666666665
116,1060,Y,57430288,0.1914342933333333
71,699,Y,56126016,0.18708672
18,272,Y,55998896,0.18666298666666667
17,271,Y,55858856,0.18619618666666668
4,161,Y,55505392,0.18501797333333334
4,160,Y,55203032,0.18401010666666665
121,1099,Y,55051752,0.18350584
7,186,Y,54335696,0.18111898666666668
30,368,Y,53363992,0.17787997333333333
2,147,Y,53154152,0.17718050666666668
122,1105,Y,53080072,0.17693357333333334
48,518,Y,52326672,0.17442224
30,370,Y,51694640,0.17231546666666667
30,372,Y,49741336,0.16580445333333332
77,746,Y,49161560,0.16387186666666667
68,672,Y,48832888,0.16277629333333335
12,224,Y,47698568,0.15899522666666668
23,317,Y,46550144,0.15516714666666667
121,1100,Y,46096008,0.15365336000000002
10,214,Y,45949068,0.15316356
126,1139,Y,45816896,0.15272298666666667
18,279,Y,44259480,0.14753159999999998
71,698,Y,43807304,0.14602434666666667
119,1087,Y,43672112,0.14557370666666666
114,1042,Y,42368336,0.14122778666666666
4,165,Y,41810320,0.13936773333333335
84,800,Y,41492920,0.13830973333333335
90,851,Y,40897080,0.13632360000000002
0,132,Y,40491448,0.13497149333333333
23,312,Y,40113216,0.13371072
66,662,Y,39816440,0.13272146666666668
121,1096,Y,39211400,0.13070466666666666
89,846,Y,38523440,0.12841146666666667
90,853,Y,34582904,0.11527634666666667
9,204,Y,34060280,0.11353426666666666
121,1101,Y,29655648,0.09885216
5,175,Y,27297080,0.09099026666666667
18,275,Y,25664728,0.08554909333333334
119,1085,Y,17790976,0.059303253333333326
10,213,Y,11805160,0.03935053333333333
18,276,Y,10007760,0.0333592
119,1086,Y,6825408,0.02275136
