42,124,N,28789103564,95.96367854666667
124,42,N,28714980435,95.71660145
108,10,N,28671338826,95.57112942
0,82,N,28636689306,95.45563102
119,48,N,28598374067,95.32791355666667
82,0,N,28552761879,95.17587293000001
48,119,N,28545890168,95.15296722666666
10,108,N,28539858508,95.13286169333334
90,17,N,28526869938,95.08956646
96,10,N,28505803923,95.01934641000001
103,29,N,28482334319,94.94111439666668
107,42,N,28475800387,94.91933462333333
29,103,N,28427133429,94.75711143
115,4,N,28396426502,94.65475500666668
121,29,N,28337754762,94.45918254
29,121,N,28321662565,94.40554188333333
1,125,N,28260847127,94.20282375666666
8,125,N,28245319929,94.15106643
36,119,N,28206603892,94.02201297333333
17,90,N,28187462259,93.95820753000001
125,8,N,28159941251,93.86647083666666
125,1,N,28091216039,93.63738679666666
10,96,N,28084759452,93.61586484
42,107,N,28042349696,93.47449898666666
100,18,N,28016546408,93.38848802666668
4,115,N,28003683960,93.3456132
102,17,N,27979220840,93.26406946666667
4,103,N,27973084155,93.24361385
119,36,N,27945269420,93.15089806666667
1,106,N,27929648852,93.09882950666668
18,100,N,27912163599,93.04054533
17,102,N,27885600472,92.95200157333333
11,97,N,27834763078,92.78254359333333
106,1,N,27814005115,92.71335038333334
103,4,N,27743199423,92.47733140999999
97,11,N,27599576619,91.99858873
15,121,N,13881525376,46.271751253333335
26,119,N,13779575373,45.931917909999996
86,102,N,12037086408,40.12362136
3,36,N,11850999568,39.50333189333333
60,17,N,11793200432,39.31066810666667
117,17,N,11337854489,37.79284829666666
91,29,N,11222337247,37.40779082333333
56,97,N,11012286704,36.70762234666667
34,102,N,10538231096,35.127436986666666
60,10,N,10441019819,34.80339939666667
45,1,N,9027906478,30.093021593333336
80,29,N,8972322000,29.90774
49,10,N,8967006068,29.89002022666667
53,121,N,8543965232,28.479884106666663
123,119,N,8357518808,27.858396026666664
75,103,N,8252897121,27.50965707
102,125,N,8169775650,27.2325855
88,42,N,8161832960,27.206109866666665
85,4,N,8147533298,27.158444326666665
52,124,N,7868659576,26.228865253333332
9,42,N,7659627192,25.53209064
50,108,N,7628427511,25.428091703333333
20,17,N,7583197928,25.27732642666667
112,96,N,7440774896,24.802582986666664
89,119,N,7346099260,24.486997533333334
55,42,N,7296529512,24.321765040000003
27,1,N,7281100898,24.270336326666666
108,124,N,7276465200,24.254883999999997
71,10,N,7274785408,24.249284693333333
121,108,N,7162522154,23.875073846666666
80,108,N,7110505192,23.701683973333335
49,97,N,7030113496,23.433711653333333
15,48,N,6993403949,23.311346496666665
15,125,N,6921130818,23.07043606
87,48,N,6912611154,23.04203718
92,124,N,6896021720,22.98673906666667
95,107,N,6669539752,22.231799173333332
105,121,N,6579106607,21.930355356666666
14,0,N,6566852557,21.889508523333333
51,125,N,6347373543,21.157911809999998
55,8,N,6123200903,20.410669676666668
116,36,N,6090807152,20.302690506666668
65,14,N,6025776095,20.085920316666666
92,103,N,6000943320,20.0031444
86,106,N,5965944112,19.886480373333335
118,29,N,5819177088,19.39725696
58,102,N,5778830144,19.26276714666667
125,102,N,5728131720,19.0937724
110,0,N,5672134408,18.907114693333334
104,48,N,5666183408,18.887278026666667
102,86,N,5575199896,18.583999653333333
366,29,Y,5323402416,17.74467472
79,4,N,5289887258,17.63295752666667
126,18,N,5213076520,17.376921733333333
47,100,N,5159801168,17.199337226666668
45,36,N,4968621032,16.562070106666667
84,15,N,4817695667,16.058985556666666
89,107,N,4704731608,15.682438693333333
88,96,N,4668338133,15.561127110000001
22,26,N,4643634019,15.478780063333334
43,96,N,4613434698,15.378115659999999
125,15,N,4590874983,15.30291661
124,108,N,4588866688,15.296222293333333
83,11,N,4550782664,15.169275546666666
13,4,N,4524910576,15.083035253333332
14,123,N,4523317984,15.077726613333335
123,47,N,4411576456,14.705254853333333
120,82,N,4409007304,14.696691013333332
93,18,N,4403819136,14.67939712
85,1,N,4392216701,14.640722336666666
119,89,N,4348599344,14.495331146666668
32,100,N,4317448776,14.39149592
109,103,N,4311820616,14.372735386666665
102,34,N,4307202000,14.357339999999999
89,60,N,4265632864,14.218776213333333
3,65,N,4222343952,14.07447984
19,36,N,4193206632,13.97735544
77,80,N,4154306784,13.84768928
47,123,N,4152731496,13.84243832
363,29,Y,4127701360,13.759004533333332
62,8,N,4117935987,13.726453290000002
21,90,N,4064800048,13.549333493333332
63,48,N,4034678872,13.448929573333334
31,0,N,3992069616,13.30689872
7,82,N,3968042608,13.226808693333334
64,34,N,3945231984,13.15077328
65,115,N,3890615528,12.968718426666667
85,100,N,3874859507,12.916198356666667
35,26,N,3872100616,12.907002053333333
112,115,N,3837875472,12.79291824
70,107,N,3829241848,12.764139493333335
64,18,N,3810729880,12.702432933333332
108,121,N,3796495600,12.654985333333332
38,97,N,3784762192,12.615873973333333
48,15,N,3780908656,12.603028853333335
1087,119,Y,3768697616,12.562325386666668
5,106,N,3760976384,12.536587946666666
1085,119,Y,3742162478,12.473874926666667
63,60,N,3718013600,12.393378666666667
45,49,N,3680627672,12.268758906666667
62,96,N,3644251160,12.147503866666666
106,100,N,3637930392,12.12643464
57,75,N,3622785792,12.07595264
78,45,N,3610610072,12.035366906666667
158,3,Y,3579424656,11.93141552
74,53,N,3575072264,11.916907546666666
76,52,N,3564078824,11.880262746666666
8,82,N,3544136016,11.81378672
1080,119,Y,3543056195,11.810187316666667
9,49,N,3527149304,11.757164346666666
36,45,N,3509228296,11.697427653333333
9,111,N,3489016144,11.630053813333333
102,58,N,3418674376,11.395581253333335
35,55,N,3408161848,11.360539493333334
82,8,N,3381796472,11.272654906666666
61,15,N,3335322069,11.11774023
64,115,N,3310856176,11.036187253333333
117,82,N,3299917530,10.999725100000001
68,90,N,3290924856,10.969749519999999
50,18,N,3267163200,10.890544
126,107,N,3235837592,10.786125306666666
16,0,N,3222257384,10.740857946666667
81,85,N,3210049832,10.700166106666668
28,115,N,3203740640,10.679135466666667
1083,119,Y,3166192480,10.553974933333334
365,29,Y,3142807680,10.4760256
267,17,Y,3140497480,10.468324933333333
97,49,N,3107048401,10.356828003333334
111,86,N,3086729968,10.289099893333335
83,89,N,3077527848,10.25842616
87,11,N,3061169840,10.203899466666666
56,109,N,3060369202,10.201230673333333
37,86,N,3038619912,10.12873304
946,102,Y,3035175520,10.117251733333333
40,27,N,3016633128,10.055443760000001
361,29,Y,3013992784,10.046642613333333
106,86,N,3002893576,10.009645253333334
98,97,N,2998327712,9.994425706666666
126,124,N,2984928136,9.949760453333333
100,85,N,2980784492,9.935948306666667
466,42,Y,2976966184,9.923220613333333
42,9,N,2960810450,9.869368166666668
77,85,N,2946861072,9.82287024
99,90,N,2931436192,9.771453973333333
994,108,Y,2930379024,9.76793008
38,92,N,2922608384,9.742027946666667
34,64,N,2911867080,9.7062236
110,112,N,2901808272,9.67269424
265,17,Y,2899371008,9.664570026666667
1099,121,Y,2882864200,9.609547333333333
10,60,N,2838369600,9.461232
47,504,Y,2837561240,9.458537466666666
30,117,N,2837512208,9.458374026666666
65,91,N,2828489784,9.428299280000001
72,80,N,2826223666,9.420745553333333
111,87,N,2812357141,9.374523803333332
951,102,Y,2809395304,9.364651013333333
2,71,N,2806543128,9.355143759999999
835,88,Y,2790995536,9.303318453333333
113,49,N,2782792000,9.275973333333333
47,86,N,2754676952,9.182256506666667
33,90,N,2741971928,9.139906426666666
367,29,Y,2737687184,9.125623946666666
71,91,N,2729681664,9.09893888
1,85,N,2727057768,9.09019256
118,105,N,2724059072,9.080196906666666
417,36,Y,2709850816,9.032836053333334
22,112,N,2700238784,9.000795946666667
105,11,N,2690826072,8.96942024
91,92,N,2662384216,8.874614053333334
364,29,Y,2649932424,8.83310808
112,75,N,2644120672,8.813735573333334
111,9,N,2640822376,8.802741253333334
3,56,N,2629024856,8.763416186666667
28,91,N,2616001712,8.720005706666667
32,87,N,2596677160,8.655590533333333
5,105,N,2588843456,8.629478186666667
115,64,N,2571602872,8.572009573333334
249,15,Y,2567413256,8.558044186666667
68,5,N,2557408592,8.524695306666667
271,17,Y,2528447168,8.428157226666666
121,15,N,2527038537,8.423461790000001
17,60,N,2512224536,8.374081786666666
120,92,N,2482362088,8.274540293333335
124,92,N,2465479104,8.21826368
25,118,N,2464571160,8.2152372
514,48,Y,2460948184,8.203160613333333
109,118,N,2457825616,8.192752053333335
86,47,N,2456321016,8.18773672
115,112,N,2453041896,8.17680632
362,29,Y,2451969664,8.173232213333332
901,96,Y,2417922848,8.059742826666668
14,65,N,2408063768,8.026879226666667
1049,115,Y,2405415464,8.018051546666667
996,108,Y,2405154968,8.017183226666667
105,118,N,2404035832,8.013452773333334
100,106,N,2403327176,8.011090586666667
266,17,Y,2402075960,8.006919866666665
7,55,N,2399838640,7.999462133333333
4,85,N,2393965168,7.979883893333334
107,126,N,2389227672,7.964092239999999
87,32,N,2376624482,7.9220816066666675
1086,119,Y,2374558447,7.915194823333334
992,108,Y,2364904392,7.88301464
54,3,N,2360592760,7.868642533333333
81,106,N,2346830416,7.822768053333333
92,120,N,2346376944,7.82125648
208,10,Y,2344683024,7.81561008
62,20,N,2327632496,7.758774986666666
53,117,N,2311086672,7.7036222400000005
101,123,N,2308922600,7.696408666666667
269,17,Y,2299335464,7.664451546666666
37,88,N,2294996704,7.649989013333333
72,104,N,2291264480,7.637548266666666
46,76,N,2287463438,7.624878126666666
142,1,Y,2276704896,7.58901632
49,45,N,2271152072,7.570506906666667
1132,125,Y,2268872672,7.562908906666667
1128,125,Y,2232587744,7.441959146666667
100,47,N,2226357737,7.421192456666667
39,47,N,2226237944,7.420793146666667
122,20,N,2225541312,7.418471040000001
512,48,Y,2222579800,7.408599333333334
516,48,Y,2222208760,7.407362533333334
1081,119,Y,2216661336,7.38887112
264,17,Y,2215679251,7.385597503333333
103,92,N,2215342256,7.384474186666666
124,126,N,2209298712,7.36432904
40,116,N,2197541136,7.32513712
34,98,N,2187745360,7.292484533333334
33,11,N,2184267864,7.280892880000001
1096,121,Y,2183839144,7.279463813333334
66,57,N,2179955536,7.266518453333333
7,83,N,2168977800,7.229926000000001
1084,119,Y,2162167680,7.2072256
57,126,N,2161633725,7.20544575
10,49,N,2159901163,7.199670543333333
519,48,Y,2154308952,7.18102984
23,50,N,2154180992,7.180603306666667
1131,125,Y,2150002872,7.16667624
140,1,Y,2148819168,7.16273056
98,51,N,2144931536,7.149771786666667
268,17,Y,2137302416,7.124341386666666
33,38,N,2136954048,7.12318016
92,38,N,2136171416,7.120571386666668
934,100,Y,2135098192,7.116993973333334
53,19,N,2128115408,7.093718026666666
467,42,Y,2127703160,7.092343866666667
101,62,N,2122776768,7.07592256
73,56,N,2121945024,7.07315008
112,22,N,2089086096,6.9636203199999995
817,86,Y,2083143336,6.94381112
69,79,N,2081586328,6.938621093333333
518,48,Y,2074712136,6.91570712
19,53,N,2060299168,6.867663893333334
79,88,N,2053712120,6.845707066666666
5,68,N,2052861480,6.8428716000000005
99,14,N,2044676200,6.815587333333334
111,120,N,2040783536,6.802611786666667
957,103,Y,2039660240,6.798867466666667
107,89,N,2036647352,6.788824506666667
254,15,Y,2035074288,6.78358096
949,102,Y,2032877208,6.77625736
615,60,Y,2030570088,6.768566959999999
70,62,N,2029533768,6.76511256
127,80,N,2028513472,6.761711573333333
89,83,N,2028301840,6.761006133333333
209,10,Y,2024996424,6.74998808
31,60,N,2022864208,6.742880693333333
78,43,N,2022241593,6.740805310000001
13,64,N,2021686088,6.738953626666666
101,50,N,2011843272,6.70614424
38,81,N,2010516616,6.7017220533333335
1122,124,Y,2003996432,6.679988106666666
64,104,N,2000823664,6.669412213333334
20,61,N,2000608816,6.668696053333334
212,10,Y,1999147824,6.66382608
44,53,N,1998898272,6.662994240000001
1135,125,Y,1988991968,6.629973226666666
67,27,N,1987972112,6.626573706666666
136,1,Y,1987969424,6.626564746666666
73,63,N,1987614312,6.625381040000001
1101,121,Y,1982591904,6.6086396800000005
28,3,N,1977189376,6.590631253333333
123,14,N,1976254320,6.5875144
117,33,N,1974743664,6.582478880000001
515,48,Y,1973971976,6.5799065866666675
143,1,Y,1971627088,6.572090293333334
1,45,N,1967658960,6.558863199999999
1130,125,Y,1967045088,6.556816960000001
91,71,N,1967038261,6.556794203333334
959,103,Y,1966341048,6.55447016
998,108,Y,1966144616,6.553815386666667
465,42,Y,1951807926,6.5060264199999995
60,89,N,1946846824,6.489489413333334
49,9,N,1942457808,6.47485936
360,29,Y,1941189248,6.470630826666667
108,80,N,1940754248,6.469180826666666
422,36,Y,1939421712,6.46473904
609,60,Y,1934904888,6.44968296
164,4,Y,1930000912,6.433336373333333
31,70,N,1929931520,6.433105066666666
513,48,Y,1923936008,6.413120026666666
39,9,N,1921262448,6.40420816
96,62,N,1915718696,6.385728986666667
24,52,N,1915560440,6.3852014666666665
69,34,N,1914207228,6.38069076
98,34,N,1913744832,6.37914944
1098,121,Y,1913529824,6.378432746666666
68,95,N,1913155472,6.377184906666667
944,102,Y,1911559120,6.371863733333333
956,103,Y,1910441515,6.368138383333333
11,105,N,1908136496,6.360454986666666
33,117,N,1905936680,6.3531222666666665
1129,125,Y,1900824896,6.336082986666666
56,3,N,1892253480,6.3075116
111,1018,Y,1891667896,6.305559653333333
155,3,Y,1890847216,6.3028240533333335
103,75,N,1889924472,6.2997482399999996
65,3,N,1887536528,6.291788426666667
270,17,Y,1885141888,6.283806293333333
81,24,N,1881935400,6.273118
911,97,Y,1880705280,6.2690176
12,26,N,1870396112,6.234653706666666
908,97,Y,1868352048,6.2278401599999995
1124,124,Y,1858050880,6.193502933333334
6,120,N,1857207144,6.190690480000001
61,20,N,1856659584,6.18886528
76,65,N,1856104648,6.187015493333333
210,10,Y,1854192288,6.18064096
255,15,Y,1848076952,6.160256506666666
138,1,Y,1844193504,6.14731168
953,103,Y,1839238776,6.13079592
46,105,N,1837801005,6.1260033499999995
114,110,N,1836459160,6.121530533333333
86,111,N,1833328264,6.111094213333333
1133,125,Y,1818103418,6.060344726666667
1082,119,Y,1817413576,6.058045253333334
96,112,N,1817047416,6.05682472
115,28,N,1815608936,6.052029786666667
995,108,Y,1812974992,6.043249973333333
40,13,N,1806337688,6.021125626666667
59,55,N,1805625112,6.018750373333334
582,56,Y,1804696400,6.015654666666666
30,6,N,1803963384,6.01321128
1125,124,Y,1803337576,6.011125253333334
464,42,Y,1793876835,5.979589450000001
977,106,Y,1789900480,5.966334933333333
88,79,N,1785992344,5.953307813333334
1103,121,Y,1781124272,5.937080906666667
958,103,Y,1781044104,5.93681368
214,10,Y,1780266408,5.93422136
520,49,Y,1775835560,5.919451866666667
1067,117,Y,1771632752,5.905442506666667
614,60,Y,1771384872,5.90461624
78,84,N,1769723008,5.899076693333334
109,56,N,1766452134,5.88817378
993,108,Y,1763130990,5.8771033
1069,117,Y,1760892448,5.869641493333334
54,56,N,1759829280,5.8660976
104,64,N,1756834739,5.856115796666667
70,31,N,1754463720,5.8482124
820,86,Y,1752635168,5.842117226666667
57,99,N,1750314992,5.834383306666667
69,126,N,1749982880,5.833276266666667
1123,124,Y,1749405288,5.83135096
24,50,N,1729944400,5.766481333333333
418,36,Y,1724217280,5.7473909333333335
786,82,Y,1723587616,5.745292053333333
48,87,N,1717212216,5.7240407200000005
420,36,Y,1715650080,5.7188336
1097,121,Y,1710687120,5.7022904
123,101,N,1706694424,5.688981413333334
166,4,Y,1705349600,5.684498666666666
59,32,N,1700321832,5.66773944
13,40,N,1699974424,5.666581413333334
5,16,N,1696797976,5.6559932533333335
125,51,N,1696701416,5.655671386666667
184,7,Y,1693359208,5.6445306933333335
21,25,N,1693186552,5.6439551733333335
75,112,N,1691559744,5.638532479999999
84,30,N,1689842291,5.632807636666667
26,5,N,1687829984,5.626099946666667
17,117,N,1687654608,5.6255153600000005
2,35,N,1682991968,5.609973226666667
64,13,N,1676607008,5.588690026666667
43,74,N,1671849720,5.5728324
117,53,N,1671592224,5.57197408
25,21,N,1670874320,5.569581066666666
50,101,N,1669440640,5.564802133333333
46,98,N,1666657680,5.555525599999999
423,36,Y,1665583128,5.55194376
153,3,Y,1663188840,5.5439628
906,97,Y,1660715336,5.535717786666667
139,1,Y,1652876720,5.509589066666667
416,36,Y,1652736392,5.509121306666667
63,93,N,1641849992,5.472833306666667
1071,117,Y,1635306152,5.451020506666667
999,108,Y,1633896248,5.446320826666667
490,45,Y,1633286560,5.444288533333333
38,33,N,1633014136,5.443380453333333
141,1,Y,1632968664,5.4432288799999995
97,56,N,1632829744,5.442765813333334
121,53,N,1629028800,5.430096
12,109,N,1628805664,5.429352213333334
93,63,N,1626948296,5.423160986666667
804,84,Y,1626633336,5.422111119999999
610,60,Y,1625797824,5.419326079999999
5,26,N,1623173656,5.410578853333333
469,42,Y,1614478848,5.38159616
105,46,N,1614242576,5.380808586666666
24,81,N,1613387416,5.377958053333334
23,110,N,1612800168,5.3760005600000005
101,34,N,1612588256,5.375294186666666
94,38,N,1605790560,5.3526352
896,96,Y,1604100416,5.347001386666666
73,95,N,1603825528,5.3460850933333335
32,59,N,1599788520,5.3326284
18,126,N,1599495792,5.33165264
83,58,N,1598701672,5.329005573333333
55,7,N,1597117208,5.3237240266666666
114,78,N,1595315880,5.3177196
980,106,Y,1592406680,5.308022266666667
51,8,N,1591440168,5.30480056
21,7,N,1590099504,5.30033168
981,106,Y,1588602272,5.295340906666667
39,21,N,1587952768,5.293175893333333
114,32,N,1587874992,5.29291664
34,69,N,1586765096,5.289216986666666
159,3,Y,1585967232,5.286557439999999
26,35,N,1585923512,5.286411706666667
32,110,N,1582493520,5.2749784
192,8,Y,1581152104,5.270507013333333
213,10,Y,1578153416,5.260511386666666
945,102,Y,1573990768,5.246635893333333
31,20,N,1572871384,5.242904613333333
31,27,N,1572007120,5.2400237333333335
195,8,Y,1570465712,5.234885706666667
75,13,N,1570326280,5.234420933333333
74,123,N,1570315616,5.234385386666666
161,4,Y,1569508512,5.23169504
66,9,N,1567280552,5.224268506666667
59,51,N,1562209144,5.207363813333334
2,88,N,1560984608,5.203282026666667
92,91,N,1559146177,5.1971539233333335
1120,124,Y,1557567248,5.191890826666667
568,55,Y,1554545328,5.18181776
8,62,N,1553313312,5.17771104
39,43,N,1550656040,5.168853466666667
58,43,N,1547118792,5.15706264
950,102,Y,1545321504,5.15107168
62,70,N,1538214104,5.1273803466666665
83,7,N,1535232984,5.11744328
935,100,Y,1532224752,5.10741584
43,39,N,1523322064,5.077740213333334
904,97,Y,1522518304,5.075061013333333
122,13,N,1517637512,5.058791706666667
121,105,N,1517176221,5.05725407
13,75,N,1516016552,5.053388506666667
16,45,N,1515507824,5.051692746666666
81,38,N,1504804344,5.01601448
843,89,Y,1503465880,5.011552933333333
905,97,Y,1501785040,5.005950133333333
20,31,N,1501255320,5.0041844
581,56,Y,1500350144,5.001167146666666
575,55,Y,1498721480,4.995738266666667
211,10,Y,1496471136,4.98823712
952,103,Y,1492085992,4.973619973333333
104,68,N,1482936384,4.94312128
58,83,N,1482870360,4.9429012000000006
902,96,Y,1481893664,4.939645546666667
118,77,N,1480731336,4.93577112
82,117,N,1479360888,4.93120296
932,100,Y,1478680728,4.92893576
18,50,N,1478387464,4.9279582133333335
846,89,Y,1475208304,4.917361013333333
62,101,N,1474333280,4.914444266666667
997,108,Y,1469344936,4.897816453333333
492,45,Y,1468601464,4.895338213333334
118,109,N,1466693448,4.88897816
954,103,Y,1466041312,4.886804373333333
869,92,Y,1464700272,4.88233424
358,28,Y,1461094256,4.870314186666667
898,96,Y,1457274856,4.857582853333333
102,951,Y,1453037137,4.843457123333334
67,47,N,1452266848,4.840889493333334
341,26,Y,1451188336,4.837294453333333
1068,117,Y,1442760752,4.809202506666667
78,116,N,1441781880,4.805939599999999
98,46,N,1438737856,4.795792853333333
986,107,Y,1438103744,4.793679146666667
110,32,N,1436090688,4.78696896
42,55,N,1434673456,4.782244853333333
48,104,N,1430492852,4.768309506666666
113,89,N,1430013616,4.766712053333333
29,91,N,1426977360,4.7565912
102,948,Y,1422039645,4.74013215
85,77,N,1418767120,4.729223733333334
751,77,Y,1417898224,4.726327413333333
68,14,N,1416624064,4.722080213333333
41,81,N,1415891376,4.71963792
990,107,Y,1413190224,4.71063408
80,77,N,1411756688,4.705855626666667
55,35,N,1408652760,4.6955092
40,21,N,1406286360,4.6876212
1126,124,Y,1405714992,4.68571664
27,31,N,1401009760,4.670032533333333
41,83,N,1399223640,4.6640788
771,80,Y,1392765872,4.642552906666666
196,8,Y,1391208208,4.637360693333333
864,92,Y,1384925096,4.616416986666667
167,4,Y,1382911880,4.609706266666667
87,111,N,1380111368,4.600371226666667
12,79,N,1377566168,4.591887226666667
112,110,N,1374951272,4.583170906666666
253,15,Y,1373187472,4.5772915733333335
74,87,N,1365050528,4.550168426666667
248,15,Y,1359298672,4.530995573333333
104,95,N,1358730168,4.529100560000001
858,91,Y,1357870856,4.526236186666667
90,33,N,1352423520,4.5080784
77,27,N,1350259184,4.500863946666667
106,81,N,1348389880,4.4946329333333335
43,78,N,1341146584,4.470488613333334
86,37,N,1341109688,4.470365626666667
613,60,Y,1336118472,4.45372824
909,97,Y,1336074824,4.453582746666666
59,69,N,1334263488,4.44754496
137,1,Y,1333846960,4.446156533333333
128,0,Y,1329400288,4.431334293333333
206,9,Y,1326952032,4.42317344
60,31,N,1322546756,4.408489186666667
69,59,N,1321126936,4.403756453333333
219,11,Y,1320539368,4.401797893333334
273,18,Y,1320373248,4.40124416
24,51,N,1320157160,4.400523866666667
468,42,Y,1320087224,4.400290746666666
976,106,Y,1315972240,4.386574133333333
76,116,N,1315382304,4.38460768
37,75,N,1313852192,4.3795073066666665
576,56,Y,1313506760,4.378355866666666
419,36,Y,1312518752,4.375062506666667
45,78,N,1312218840,4.3740628
104,72,N,1309755968,4.365853226666667
76,61,N,1309379344,4.364597813333333
401,34,Y,1308513408,4.36171136
554,53,Y,1308378048,4.3612601600000005
532,50,Y,1307122976,4.3570765866666665
85,81,N,1304030232,4.346767440000001
165,4,Y,1300668192,4.335560640000001
41,84,N,1299271616,4.330905386666667
61,79,N,1299006688,4.330022293333333
471,42,Y,1298932296,4.32977432
784,82,Y,1295669160,4.3188972
8,55,N,1295170104,4.31723368
100,32,N,1294300800,4.314336
772,80,Y,1288842288,4.29614096
36,3,N,1288212760,4.294042533333333
21,39,N,1281701528,4.272338426666666
833,88,Y,1280655608,4.268852026666667
162,4,Y,1278503200,4.261677333333334
928,100,Y,1277706520,4.259021733333333
120,111,N,1276780256,4.255934186666667
10,71,N,1274913500,4.249711666666666
947,102,Y,1272731328,4.24243776
20,62,N,1272329368,4.241097893333333
43,58,N,1272227432,4.240758106666666
127,120,N,1271461104,4.23820368
421,36,Y,1268021112,4.22673704
105,5,N,1267210336,4.224034453333333
197,8,Y,1266475616,4.221585386666667
30,84,N,1266028320,4.2200944
955,103,Y,1264604920,4.215349733333333
122,71,N,1264330360,4.214434533333334
75,57,N,1264069648,4.213565493333333
931,100,Y,1263928272,4.21309424
812,85,Y,1263647568,4.21215856
844,89,Y,1263210144,4.21070048
194,8,Y,1260111504,4.20037168
96,88,N,1257921992,4.193073306666667
29,80,N,1257878736,4.1929291200000005
57,52,N,1256652696,4.18884232
517,48,Y,1256589848,4.188632826666667
7,21,N,1255526744,4.185089146666667
948,102,Y,1254908888,4.1830296266666664
55,59,N,1254434280,4.1814476
4,13,N,1254099120,4.1803304
103,109,N,1253379592,4.177931973333333
983,106,Y,1253076744,4.17692248
18,93,N,1251268560,4.1708952
1048,115,Y,1249995640,4.166652133333333
77,30,N,1249773776,4.165912586666667
16,5,N,1246769864,4.155899546666666
107,95,N,1245211112,4.1507037066666665
40,95,N,1244509648,4.148365493333333
29,118,N,1241642304,4.13880768
74,113,N,1240650640,4.1355021333333335
11,33,N,1240274944,4.134249813333334
95,68,N,1238953400,4.129844666666667
215,10,Y,1234968144,4.1165604799999995
45,16,N,1234309368,4.11436456
21,40,N,1234007384,4.1133579466666665
10,208,Y,1233762832,4.112542773333333
553,53,Y,1233549624,4.111832079999999
127,71,N,1233136808,4.110456026666666
277,18,Y,1232846992,4.109489973333334
108,50,N,1229722192,4.099073973333334
123,74,N,1227836232,4.09278744
842,89,Y,1227265144,4.090883813333333
26,22,N,1226627672,4.0887589066666665
749,77,Y,1226598264,4.08866088
708,72,Y,1223432264,4.078107546666667
1114,123,Y,1222817136,4.07605712
53,74,N,1222379832,4.07459944
470,42,Y,1221340360,4.071134533333334
33,98,N,1217861832,4.05953944
99,57,N,1210971496,4.036571653333334
2,58,N,1209920720,4.033069066666667
23,73,N,1209644800,4.032149333333333
789,82,Y,1209097352,4.030324506666667
117,30,N,1207702728,4.0256757599999995
12,67,N,1205970152,4.019900506666667
157,3,Y,1205902712,4.019675706666667
57,66,N,1204902448,4.016341493333334
449,40,Y,1204166376,4.01388792
788,82,Y,1203022192,4.010073973333333
578,56,Y,1201565864,4.005219546666667
1121,124,Y,1201363528,4.004545093333333
524,49,Y,1199669496,3.9988983200000003
98,33,N,1199136736,3.9971224533333336
15,61,N,1198030936,3.9934364533333335
785,82,Y,1197199240,3.9906641333333335
49,113,N,1193747968,3.979159893333333
903,96,Y,1193174808,3.97724936
645,64,Y,1192238456,3.9741281866666665
20,122,N,1189588256,3.9652941866666667
611,60,Y,1186210720,3.954035733333333
1027,112,Y,1182321976,3.9410732533333332
113,74,N,1178893584,3.92964528
979,106,Y,1177033776,3.9234459200000003
655,65,Y,1175737440,3.9191247999999996
612,60,Y,1175247904,3.9174930133333334
830,87,Y,1174337296,3.9144576533333337
44,127,N,1173263808,3.9108793599999996
1127,124,Y,1172509392,3.90836464
88,37,N,1170776600,3.902588666666667
119,123,N,1170727963,3.902426543333333
3,28,N,1169822280,3.8994076000000004
0,31,N,1168767264,3.8958908799999996
853,90,Y,1164655024,3.882183413333333
383,31,Y,1164532376,3.881774586666667
790,82,Y,1162881416,3.8762713866666667
870,92,Y,1162564944,3.87521648
116,40,N,1160463328,3.868211093333333
929,100,Y,1157986544,3.8599551466666666
11,87,N,1155097568,3.850325226666667
527,49,Y,1154831664,3.84943888
1042,114,Y,1150992952,3.836643173333333
126,57,N,1149024434,3.8300814466666666
1070,117,Y,1148769120,3.8292304
1011,110,Y,1143225104,3.8107503466666666
52,70,N,1140497224,3.8016574133333334
84,93,N,1136672464,3.7889082133333334
102,945,Y,1136171360,3.7872378666666666
571,55,Y,1132885040,3.776283466666667
809,85,Y,1127280464,3.757601546666667
791,82,Y,1126242136,3.7541404533333336
77,118,N,1125513000,3.7517099999999997
198,8,Y,1125388240,3.7512941333333334
119,26,N,1124762832,3.74920944
27,40,N,1124705624,3.7490187466666667
120,1093,Y,1123426824,3.74475608
1025,112,Y,1122700264,3.7423342133333337
111,25,N,1122271240,3.740904133333333
989,107,Y,1121027536,3.736758453333333
1054,115,Y,1118985360,3.7299512
81,41,N,1114774604,3.7159153466666663
204,9,Y,1114490936,3.7149697866666664
101,93,N,1112316648,3.7077221600000003
37,61,N,1111199504,3.703998346666667
75,37,N,1110732872,3.702442906666667
71,2,N,1109015664,3.69671888
61,76,N,1107290440,3.6909681333333335
1031,112,Y,1106799028,3.689330093333333
220,11,Y,1104494224,3.6816474133333332
982,106,Y,1104478384,3.681594613333333
70,113,N,1103445552,3.67815184
569,55,Y,1102844960,3.676149866666667
174,5,Y,1102538944,3.675129813333333
574,55,Y,1101376272,3.67125424
1102,121,Y,1099233456,3.6641115199999996
897,96,Y,1098996280,3.6633209333333334
991,107,Y,1097763513,3.65921171
102,946,Y,1096455488,3.6548516266666664
107,70,N,1093189776,3.6439659200000003
25,111,N,1093088000,3.643626666666667
522,49,Y,1089898256,3.6329941866666666
11,83,N,1089208736,3.630695786666667
491,45,Y,1088607208,3.6286906933333336
930,100,Y,1087690472,3.6256349066666664
984,107,Y,1087438272,3.6247942399999995
816,86,Y,1086690988,3.6223032933333337
53,44,N,1086609152,3.6220305066666665
135,0,Y,1083799392,3.6126646399999998
538,51,Y,1082297016,3.60765672
848,90,Y,1082266088,3.607553626666667
25,28,N,1082094384,3.6069812800000003
97,38,N,1080935464,3.603118213333333
84,78,N,1080444752,3.6014825066666667
535,50,Y,1079972160,3.5999072
163,4,Y,1077832960,3.5927765333333332
46,93,N,1075912976,3.586376586666667
199,8,Y,1075307216,3.5843573866666665
599,58,Y,1074563528,3.5818784266666666
1052,115,Y,1074557680,3.5818589333333333
252,15,Y,1073804888,3.5793496266666667
1066,117,Y,1073382384,3.57794128
109,12,N,1072593016,3.5753100533333333
2,99,N,1070640872,3.568802906666667
475,43,Y,1068683752,3.562279173333333
534,50,Y,1068402920,3.561343066666667
962,104,Y,1067784776,3.5592825866666664
488,45,Y,1064212992,3.5473766400000004
337,26,Y,1060728184,3.5357606133333332
19,41,N,1057653944,3.5255131466666665
115,65,N,1056092112,3.52030704
910,97,Y,1055051088,3.51683696
495,45,Y,1054690232,3.5156341066666665
1134,125,Y,1053859392,3.5128646399999996
857,91,Y,1053454208,3.5115140266666662
1113,123,Y,1053418168,3.511393893333333
608,60,Y,1051534248,3.50511416
397,33,Y,1050300464,3.501001546666667
18,64,N,1045491192,3.48497064
768,80,Y,1045054256,3.483514186666667
577,56,Y,1043876896,3.4795896533333335
51,98,N,1043418936,3.4780631200000003
838,88,Y,1042740288,3.47580096
160,4,Y,1037961360,3.4598712
642,64,Y,1034469424,3.448231413333333
310,22,Y,1033026696,3.4434223200000003
19,16,N,1027831568,3.426105226666667
52,76,N,1027101848,3.423672826666667
127,59,N,1026542944,3.4218098133333332
222,11,Y,1025957952,3.41985984
19,12,N,1024969304,3.4165643466666666
822,86,Y,1024677104,3.4155903466666664
27,77,N,1023372776,3.4112425866666665
113,70,N,1020095312,3.4003177066666668
339,26,Y,1016929968,3.38976656
68,104,N,1014324096,3.38108032
988,107,Y,1013930808,3.3797693599999996
845,89,Y,1012577592,3.3752586399999998
250,15,Y,1008680576,3.3622685866666666
818,86,Y,1007553834,3.3585127800000003
126,69,N,1006634416,3.3554480533333333
42,88,N,1004710432,3.3490347733333334
89,113,N,1002733800,3.3424460000000003
67,72,N,1002500411,3.3416680366666665
871,92,Y,1002336632,3.341122106666667
531,50,Y,1002173024,3.3405767466666667
648,65,Y,1001903376,3.3396779199999997
156,3,Y,1001835840,3.3394528
35,67,N,1001020928,3.3367364266666666
272,18,Y,999838520,3.332795066666667
1116,123,Y,999448224,3.3314940799999997
808,85,Y,996965833,3.3232194433333335
639,63,Y,996750880,3.322502933333334
1009,110,Y,995995288,3.3199842933333334
97,98,N,994557488,3.3151916266666666
32,114,N,991360352,3.3045345066666667
17,20,N,990924080,3.3030802666666665
775,80,Y,990636816,3.3021227200000003
836,88,Y,989438840,3.298129466666667
703,71,Y,987883400,3.2929446666666666
493,45,Y,987874656,3.2929155199999998
25,72,N,985685840,3.2856194666666663
402,34,Y,981283208,3.2709440266666667
839,88,Y,980863448,3.269544826666667
971,105,Y,980103242,3.2670108066666668
63,73,N,979351824,3.26450608
47,39,N,978599464,3.2619982133333334
840,89,Y,977815232,3.2593841066666664
123,1112,Y,976677240,3.2555908000000002
274,18,Y,975943232,3.2531441066666664
933,100,Y,973409656,3.2446988533333334
649,65,Y,972546072,3.24182024
50,24,N,971032424,3.2367747466666668
30,23,N,970718160,3.2357272
120,127,N,970167276,3.2338909200000003
61,37,N,969579984,3.2319332800000002
6,22,N,967837184,3.2261239466666667
148,2,Y,963917880,3.2130596
907,97,Y,963602672,3.212008906666667
725,74,Y,961468608,3.20489536
78,114,N,961190904,3.20396968
299,21,Y,961150840,3.2038361333333336
646,64,Y,960533672,3.201778906666667
279,18,Y,960446584,3.201488613333334
130,0,Y,959640248,3.1988008266666665
1041,114,Y,959324000,3.1977466666666667
1019,111,Y,958943193,3.19647731
56,73,N,955604616,3.1853487200000004
861,91,Y,955364328,3.1845477599999996
434,38,Y,954561976,3.181873253333333
964,104,Y,953476840,3.1782561333333335
819,86,Y,952789624,3.1759654133333335
540,51,Y,952679816,3.1755993866666667
134,0,Y,951589168,3.1719638933333334
489,45,Y,948044384,3.1601479466666667
9,66,N,947532344,3.158441146666666
12,19,N,946629056,3.155430186666667
973,105,Y,945535912,3.151786373333333
175,5,Y,944401192,3.148003973333333
0,14,N,941763392,3.1392113066666663
51,59,N,941395336,3.1379844533333334
14,68,N,940605680,3.1353522666666667
13,122,N,938520960,3.1284032
79,12,N,936941368,3.1231378933333334
969,105,Y,936681848,3.1222728266666664
386,32,Y,935136488,3.1171216266666666
758,78,Y,933843408,3.11281136
34,101,N,933381840,3.1112728
36,19,N,933062968,3.1102098933333333
787,82,Y,932787744,3.10929248
1078,118,Y,930363472,3.1012115733333334
93,84,N,929588824,3.0986294133333336
638,63,Y,929156624,3.0971887466666668
50,23,N,928440680,3.0948022666666666
773,80,Y,928403328,3.0946777599999997
632,63,Y,927160216,3.090534053333333
70,52,N,926494024,3.088313413333333
338,26,Y,923550536,3.0785017866666666
60,63,N,921832400,3.0727746666666667
832,88,Y,921221032,3.0707367733333335
79,69,N,920894040,3.0696468
102,950,Y,920775384,3.06925128
1016,111,Y,920075496,3.0669183199999996
899,96,Y,919101484,3.0636716133333333
122,94,N,917037984,3.05679328
987,107,Y,916359176,3.0545305866666665
116,76,N,915657121,3.0521904033333334
113,63,N,915182656,3.0506088533333333
1064,117,Y,912914072,3.0430469066666666
509,47,Y,911379568,3.0379318933333335
133,0,Y,910378160,3.0345938666666665
505,47,Y,908646312,3.02882104
1100,121,Y,907881648,3.02627216
849,90,Y,907261568,3.0242052266666666
753,78,Y,906917272,3.0230575733333334
856,91,Y,904514152,3.0150471733333335
28,25,N,904366032,3.01455344
90,68,N,903954048,3.01318016
79,61,N,903869584,3.0128986133333333
585,57,Y,901100880,3.0036696000000003
205,9,Y,900752576,3.0025085866666665
794,83,Y,900173600,3.0005786666666667
978,106,Y,900170048,3.0005668266666667
278,18,Y,896959192,2.989863973333333
823,86,Y,896525608,2.988418693333333
6,16,N,896336344,2.9877878133333335
223,11,Y,895086014,2.9836200466666667
506,47,Y,894608920,2.9820297333333334
14,99,N,894580784,2.981935946666667
114,54,N,893962848,2.97987616
9,39,N,893957064,2.9798568800000003
479,43,Y,891597216,2.97199072
99,2,N,891099888,2.9703329600000004
1,137,Y,888576800,2.9619226666666667
120,6,N,888479208,2.9615973600000003
810,85,Y,888442232,2.9614741066666666
23,30,N,887562992,2.958543306666667
862,91,Y,887067848,2.9568928266666665
73,23,N,884308416,2.94769472
27,67,N,883781696,2.945938986666667
83,41,N,880653592,2.9355119733333335
85,815,Y,880278232,2.9342607733333335
96,43,N,880132816,2.9337760533333332
556,53,Y,879779744,2.9325991466666665
200,9,Y,878209520,2.927365066666667
1051,115,Y,877491664,2.924972213333333
859,91,Y,877052096,2.9235069866666668
237,13,Y,874693640,2.9156454666666667
1058,116,Y,873067096,2.9102236533333334
22,39,N,872919112,2.9097303733333333
290,20,Y,872212064,2.907373546666667
792,83,Y,871722864,2.90574288
51,24,N,870150056,2.9005001866666666
154,3,Y,867581688,2.89193896
221,11,Y,867293032,2.8909767733333336
41,66,N,867113752,2.8903791733333333
132,0,Y,865705935,2.88568645
131,0,Y,865012392,2.88337464
216,11,Y,864815808,2.88271936
87,74,N,862473064,2.874910213333333
825,87,Y,861398272,2.8713275733333337
89,844,Y,860284640,2.8676154666666664
6,7,N,859504152,2.86501384
728,75,Y,857950952,2.8598365066666664
6,30,N,857631568,2.858771893333333
110,23,N,857061880,2.8568729333333334
115,1049,Y,854643928,2.8488130933333333
829,87,Y,854062664,2.8468755466666664
1030,112,Y,852403784,2.8413459466666664
629,62,Y,852328640,2.8410954666666663
0,110,N,850920496,2.8364016533333336
147,2,Y,850578312,2.83526104
1018,111,Y,850570912,2.8352363733333332
193,8,Y,850352912,2.8345097066666667
218,11,Y,848877208,2.8295906933333335
71,127,N,846635768,2.8221192266666666
890,95,Y,846332288,2.8211076266666666
94,35,N,846180552,2.82060184
624,62,Y,844416160,2.8147205333333334
58,2,N,841979152,2.8065971733333335
94,37,N,841707592,2.8056919733333334
251,15,Y,838434734,2.794782446666667
91,65,N,836572320,2.7885744
652,65,Y,835624832,2.7854161066666667
407,34,Y,834415240,2.7813841333333333
900,96,Y,834252032,2.7808401066666666
1055,115,Y,833851864,2.7795062133333333
333,25,Y,833837928,2.77945976
10,213,Y,833308624,2.7776954133333334
961,104,Y,832159696,2.7738656533333335
533,50,Y,831155056,2.7705168533333335
654,65,Y,829637024,2.7654567466666666
847,89,Y,828584636,2.7619487866666668
770,80,Y,828415184,2.7613839466666668
641,64,Y,827986576,2.759955253333333
91,28,N,826238216,2.7541273866666667
35,2,N,824549960,2.7484998666666667
863,91,Y,824502000,2.7483400000000002
41,19,N,823590216,2.74530072
851,90,Y,823025456,2.7434181866666667
694,70,Y,821338792,2.7377959733333332
202,9,Y,818860576,2.7295352533333332
15,84,N,818388840,2.7279628000000002
44,122,N,817982016,2.72660672
66,22,N,817043648,2.7234788266666667
985,107,Y,816206664,2.72068888
867,92,Y,815750968,2.7191698933333335
30,77,N,813351272,2.7111709066666667
774,80,Y,812630816,2.7087693866666664
46,114,N,810904328,2.703014426666667
1050,115,Y,810525024,2.70175008
74,43,N,808950648,2.69650216
413,35,Y,807939736,2.6931324533333334
780,81,Y,807413188,2.6913772933333333
295,20,Y,807318288,2.69106096
39,22,N,805782768,2.68594256
44,69,N,805125832,2.6837527733333335
59,127,N,804992544,2.68330848
854,90,Y,804897424,2.6829914133333332
90,99,N,804769536,2.68256512
675,68,Y,804519432,2.68173144
54,23,N,802195104,2.67398368
404,34,Y,802046600,2.6734886666666666
38,94,N,800996912,2.6699897066666667
93,46,N,799523848,2.6650794933333333
80,127,N,797265552,2.65755184
298,21,Y,796103111,2.6536770366666667
352,28,Y,795969136,2.6532304533333333
1104,122,Y,795466368,2.65155456
291,20,Y,793075112,2.6435837066666665
275,18,Y,790143480,2.6338116
526,49,Y,789094624,2.6303154133333333
95,104,N,788171824,2.6272394133333337
54,66,N,788171176,2.6272372533333335
814,85,Y,788115824,2.6270527466666667
235,13,Y,788115216,2.62705072
84,41,N,787929472,2.6264315733333334
1053,115,Y,787876240,2.626254133333333
437,38,Y,787176432,2.6239214399999997
276,18,Y,784452480,2.6148416
702,71,Y,781477613,2.6049253766666665
66,41,N,779956928,2.599856426666667
354,28,Y,779179272,2.59726424
4,79,N,778429528,2.5947650933333333
38,435,Y,777340720,2.591135733333333
763,79,Y,776446336,2.5881544533333334
186,7,Y,774446672,2.5814889066666664
58,593,Y,773989752,2.5799658400000003
1105,122,Y,773568016,2.5785600533333333
403,34,Y,773328176,2.577760586666667
95,40,N,772676016,2.57558672
22,6,N,770779816,2.5692660533333336
811,85,Y,770623272,2.56874424
597,58,Y,769815048,2.56605016
635,63,Y,769351976,2.5645065866666665
129,0,Y,766980832,2.556602773333333
76,742,Y,766549400,2.5551646666666668
73,116,N,766220688,2.55406896
628,62,Y,764400032,2.5480001066666667
80,72,N,764325024,2.54775008
65,76,N,763768856,2.545896186666667
52,57,N,763277720,2.5442590666666667
400,34,Y,762211096,2.5407036533333334
828,87,Y,761960728,2.5398690933333334
122,44,N,761214736,2.537382453333333
824,87,Y,759054632,2.5301821066666665
67,35,N,757098856,2.523662853333333
798,83,Y,755836488,2.51945496
409,35,Y,755585968,2.5186198933333332
974,105,Y,755146312,2.5171543733333333
1026,112,Y,754722424,2.515741413333333
114,46,N,752600384,2.508667946666667
406,34,Y,750621336,2.50207112
69,44,N,750601512,2.5020050400000002
588,57,Y,746949544,2.4898318133333333
1,27,N,746902248,2.4896741600000003
294,20,Y,746342416,2.487808053333333
280,19,Y,746308176,2.48769392
530,50,Y,744287680,2.4809589333333335
525,49,Y,744154680,2.4805156
201,9,Y,743856584,2.479521946666667
307,22,Y,743740584,2.47913528
1077,118,Y,741641296,2.4721376533333332
380,31,Y,740634464,2.4687815466666665
95,73,N,739438096,2.4647936533333334
572,55,Y,737992688,2.459975626666667
71,122,N,736702424,2.455674746666667
343,26,Y,736505112,2.45501704
727,74,Y,736171320,2.4539044
0,16,N,735785336,2.4526177866666665
308,22,Y,735117144,2.45039048
145,2,Y,734634896,2.4487829866666666
677,68,Y,734401968,2.44800656
1065,117,Y,734345728,2.4478190933333335
424,37,Y,730342256,2.4344741866666664
444,39,Y,729876368,2.4329212266666667
546,52,Y,729828038,2.4327601266666665
72,67,N,729787232,2.4326241066666667
674,68,Y,728451808,2.4281726933333334
106,5,N,727220248,2.4240674933333333
529,50,Y,727105224,2.42368408
699,71,Y,725073552,2.41691184
28,109,N,724422000,2.41474
752,78,Y,724305432,2.41435144
76,46,N,724104632,2.4136821066666667
72,25,N,723976680,2.4132556
168,5,Y,722478072,2.40826024
586,57,Y,722307504,2.40769168
118,1075,Y,721377160,2.4045905333333333
37,94,N,719701000,2.3990033333333334
435,38,Y,718837320,2.3961244
16,19,N,718271664,2.39423888
815,85,Y,715760392,2.3858679733333332
346,27,Y,715038616,2.3834620533333335
740,76,Y,714868272,2.38289424
573,55,Y,714729720,2.3824324
82,120,N,714222808,2.3807426933333335
476,43,Y,712276000,2.3742533333333333
1021,111,Y,710806328,2.369354426666667
634,63,Y,709908936,2.36636312
23,54,N,709587880,2.3652929333333335
626,62,Y,708216344,2.3607211466666667
548,52,Y,705557656,2.3518588533333333
431,37,Y,705120768,2.35040256
286,19,Y,704754968,2.3491832266666663
1006,109,Y,704447392,2.3481579733333335
831,87,Y,703910752,2.346369173333333
592,58,Y,703209344,2.3440311466666666
1143,126,Y,702861520,2.3428717333333333
22,66,N,701937704,2.339792346666667
52,24,N,701337376,2.337791253333333
633,63,Y,701168296,2.337227653333333
94,72,N,700635872,2.3354529066666667
868,92,Y,700583248,2.3352774933333333
850,90,Y,700390944,2.3346364800000003
151,2,Y,699601576,2.3320052533333335
1118,123,Y,699214244,2.3307141466666668
116,78,N,698753432,2.329178106666667
968,105,Y,696463296,2.32154432
650,65,Y,696003632,2.320012106666667
1142,126,Y,695024824,2.3167494133333335
292,20,Y,693493528,2.3116450933333335
118,25,N,693210176,2.3107005866666666
587,57,Y,692221976,2.3074065866666666
742,76,Y,691900568,2.3063352266666666
852,90,Y,690617904,2.30205968
93,101,N,690436976,2.3014565866666667
496,46,Y,689468392,2.2982279733333333
127,44,N,688952728,2.2965090933333334
82,7,N,687564632,2.291882106666667
855,90,Y,687477408,2.29159136
539,51,Y,687474768,2.2915825599999997
834,88,Y,686256696,2.28752232
769,80,Y,681756304,2.2725210133333333
389,32,Y,681031808,2.270106026666667
715,73,Y,680922816,2.26974272
66,54,N,678934344,2.26311448
494,45,Y,678902872,2.2630095733333335
920,99,Y,675217424,2.2507247466666667
26,12,N,672586400,2.241954666666667
217,11,Y,672227296,2.2407576533333335
287,19,Y,671963528,2.2398784266666665
537,51,Y,670557504,2.23519168
3,54,N,670112568,2.23370856
917,98,Y,669636840,2.2321228
63,113,N,666002736,2.2200091200000003
190,7,Y,665607680,2.218692266666667
797,83,Y,665512328,2.2183744266666667
744,77,Y,665227496,2.2174249866666664
714,73,Y,663547520,2.2118250666666666
411,35,Y,663116536,2.210388453333333
841,89,Y,660861584,2.2028719466666664
99,58,N,660311920,2.2010397333333334
1139,126,Y,658828592,2.196095306666667
35,94,N,658412872,2.1947095733333333
1091,120,Y,657594320,2.1919810666666666
783,81,Y,656487152,2.1882905066666667
1020,111,Y,655766864,2.1858895466666666
207,9,Y,655004568,2.18334856
583,56,Y,651416240,2.171387466666667
549,52,Y,651412744,2.1713758133333334
226,12,Y,650609368,2.1686978933333334
625,62,Y,650376184,2.1679206133333335
44,24,N,650239912,2.1674663733333333
47,67,N,649958032,2.1665267733333335
450,40,Y,649893816,2.16631272
647,64,Y,649552880,2.1651762666666667
643,64,Y,649352344,2.164507813333333
1136,126,Y,649074128,2.1635804266666665
942,101,Y,649055016,2.16351672
566,54,Y,649050664,2.1635022133333335
695,70,Y,648528048,2.16176016
314,23,Y,647663256,2.15887752
149,2,Y,647424208,2.158080693333333
382,31,Y,646664064,2.15554688
837,88,Y,645796304,2.1526543466666666
559,53,Y,645419208,2.15139736
305,22,Y,643483387,2.144944623333333
805,84,Y,640959680,2.1365322666666664
813,85,Y,640185008,2.1339500266666667
743,76,Y,639971688,2.13323896
477,43,Y,638249880,2.1274996
523,49,Y,637815032,2.126050106666667
1010,110,Y,637658272,2.125527573333333
48,63,N,636601248,2.12200416
405,34,Y,636380056,2.121266853333333
499,46,Y,632379632,2.1079321066666665
860,91,Y,632122504,2.107075013333333
282,19,Y,631695880,2.1056529333333334
631,62,Y,631275368,2.104251226666667
754,78,Y,631035304,2.1034510133333333
776,81,Y,630665632,2.102218773333333
302,21,Y,629960680,2.0998689333333336
172,5,Y,628953176,2.0965105866666667
720,74,Y,627755408,2.0925180266666668
1138,126,Y,627241176,2.09080392
658,66,Y,625122368,2.0837412266666666
636,63,Y,623584168,2.0786138933333334
285,19,Y,623358032,2.0778601066666664
941,101,Y,621185016,2.07061672
1140,126,Y,619238032,2.0641267733333333
472,43,Y,617570776,2.0585692533333333
698,71,Y,616224000,2.0540800000000004
508,47,Y,615745512,2.05248504
124,52,N,614786128,2.0492870933333336
567,54,Y,613848352,2.046161173333333
1061,116,Y,610949360,2.0364978666666667
673,68,Y,610655032,2.0355167733333333
377,31,Y,610384504,2.0346150133333336
521,49,Y,610178344,2.0339278133333334
353,28,Y,608954904,2.02984968
507,47,Y,607664608,2.0255486933333335
1024,112,Y,605191456,2.0173048533333335
340,26,Y,605060928,2.01686976
67,12,N,604918304,2.016394346666667
701,71,Y,604890184,2.0163006133333337
29,366,Y,604169384,2.0138979466666664
72,94,N,603806792,2.0126893066666667
484,44,Y,601317888,2.00439296
759,78,Y,601279024,2.0042634133333332
497,46,Y,600336248,2.001120826666667
1092,120,Y,600108192,2.00036064
1149,127,Y,599620112,1.9987337066666666
918,98,Y,598872280,1.9962409333333333
322,24,Y,598227864,1.99409288
1112,123,Y,597976264,1.9932542133333335
719,73,Y,597903352,1.993011173333333
188,7,Y,597269544,1.9908984800000002
284,19,Y,595645024,1.9854834133333332
246,14,Y,593963904,1.97987968
738,76,Y,591049008,1.9701633600000001
225,12,Y,590992168,1.9699738933333333
288,20,Y,589690680,1.9656356
913,98,Y,588451208,1.9615040266666668
682,69,Y,588170728,1.9605690933333333
736,76,Y,587217784,1.9573926133333333
865,92,Y,586816048,1.9560534933333331
234,13,Y,586380624,1.9546020800000001
289,20,Y,585111568,1.9503718933333334
88,2,N,585073272,1.95024424
691,70,Y,584355952,1.9478531733333333
243,14,Y,582283736,1.9409457866666666
293,20,Y,581699848,1.9389994933333334
627,62,Y,580226488,1.9340882933333334
893,95,Y,578526320,1.9284210666666666
700,71,Y,577911488,1.9263716266666668
319,23,Y,576755264,1.9225175466666669
410,35,Y,573445912,1.9114863733333334
891,95,Y,571835288,1.9061176266666666
712,73,Y,570664688,1.9022156266666665
593,58,Y,570121152,1.9004038399999998
448,40,Y,568660552,1.8955351733333334
684,69,Y,567523952,1.8917465066666668
347,27,Y,564419520,1.8813984
927,99,Y,562410080,1.8747002666666666
542,51,Y,562237632,1.87412544
637,63,Y,561677296,1.8722576533333333
696,71,Y,561258944,1.8708631466666668
800,84,Y,561027976,1.8700932533333332
7,6,N,560522000,1.8684066666666665
116,73,N,560450752,1.8681691733333332
821,86,Y,560417200,1.8680573333333332
378,31,Y,559425680,1.8647522666666667
1029,112,Y,558571936,1.8619064533333334
348,27,Y,558472680,1.8615756
683,69,Y,557456272,1.8581875733333333
106,980,Y,555694184,1.8523139466666667
734,75,Y,552117176,1.8403905866666668
564,54,Y,551046608,1.8368220266666666
690,70,Y,550813216,1.8360440533333335
730,75,Y,550430032,1.8347667733333333
8,51,N,549664032,1.8322134399999999
562,54,Y,548771352,1.82923784
1079,118,Y,546582648,1.82194216
100,934,Y,546423632,1.8214121066666664
54,114,N,545800256,1.8193341866666668
453,40,Y,544878112,1.8162603733333333
86,818,Y,544337536,1.8144584533333334
1063,116,Y,544015728,1.81338576
90,21,N,543390472,1.8113015733333335
396,33,Y,541994352,1.80664784
336,26,Y,541796464,1.8059882133333334
735,75,Y,541782184,1.8059406133333333
1028,112,Y,541340192,1.8044673066666665
756,78,Y,540970384,1.8032346133333332
58,99,N,540617760,1.8020591999999998
482,44,Y,540383480,1.8012782666666667
504,47,Y,539961864,1.79987288
45,490,Y,539867872,1.7995595733333334
560,54,Y,539648600,1.7988286666666666
511,47,Y,535559856,1.7851995200000002
446,39,Y,535379560,1.7845985333333334
543,51,Y,535233864,1.7841128800000001
688,70,Y,534657304,1.7821910133333334
342,26,Y,533599392,1.7786646400000001
102,944,Y,532827200,1.7760906666666667
692,70,Y,532225064,1.7740835466666667
1075,118,Y,532182456,1.7739415200000002
228,12,Y,531955736,1.7731857866666665
311,22,Y,531621944,1.7720731466666666
203,9,Y,531379696,1.7712656533333333
713,73,Y,531051808,1.7701726933333333
379,31,Y,530747080,1.7691569333333335
344,27,Y,529757696,1.7658589866666667
616,61,Y,529171968,1.76390656
439,38,Y,528811696,1.7627056533333334
368,30,Y,527956432,1.7598547733333334
967,104,Y,527678576,1.7589285866666664
105,969,Y,525834896,1.7527829866666667
1137,126,Y,525712264,1.7523742133333333
239,13,Y,525078592,1.750261973333333
94,122,N,524592960,1.7486432
551,52,Y,523853776,1.7461792533333333
415,35,Y,523791168,1.74597056
447,39,Y,523084288,1.7436142933333332
351,27,Y,523022784,1.7434092799999998
767,79,Y,522175168,1.7405838933333335
171,5,Y,521868920,1.7395630666666666
923,99,Y,519873800,1.7329126666666665
1073,118,Y,518959933,1.7298664433333333
227,12,Y,518629336,1.7287644533333333
765,79,Y,518352408,1.72784136
370,30,Y,517835128,1.7261170933333334
1110,122,Y,517531455,1.7251048500000001
460,41,Y,517430824,1.7247694133333336
297,21,Y,517409544,1.72469848
49,520,Y,516397200,1.721324
686,69,Y,515990464,1.7199682133333334
451,40,Y,515946888,1.71982296
34,406,Y,514125456,1.7137515200000002
369,30,Y,513655264,1.7121842133333331
96,899,Y,513446680,1.7114889333333334
232,13,Y,513395584,1.7113186133333333
102,949,Y,513374776,1.7112492533333332
975,105,Y,513251632,1.7108387733333335
247,14,Y,513178520,1.7105950666666667
875,93,Y,512209944,1.70736648
528,50,Y,510513568,1.7017118933333333
86,823,Y,508512144,1.6950404799999998
36,116,N,507318960,1.6910631999999999
384,32,Y,507131528,1.6904384266666665
570,55,Y,505628216,1.6854273866666665
191,7,Y,505166704,1.6838890133333333
381,31,Y,504932192,1.6831073066666666
1057,116,Y,504826712,1.6827557066666665
393,33,Y,503998024,1.6799934133333334
972,105,Y,503958016,1.6798600533333332
552,53,Y,503634232,1.6787807733333333
894,95,Y,503302768,1.6776758933333333
16,6,N,503280616,1.6776020533333336
430,37,Y,500569448,1.6685648266666666
653,65,Y,496669552,1.6555651733333332
1141,126,Y,496215608,1.6540520266666667
591,57,Y,495038560,1.6501285333333333
455,40,Y,492515296,1.6417176533333335
443,39,Y,489812352,1.6327078400000001
866,92,Y,489301864,1.6310062133333334
1023,111,Y,488542360,1.6284745333333333
245,14,Y,488025040,1.6267501333333334
745,77,Y,486110880,1.6203696
921,99,Y,482051952,1.60683984
777,81,Y,481809616,1.6060320533333332
1004,109,Y,481306328,1.6043544266666667
892,95,Y,480466032,1.60155344
1015,110,Y,478548136,1.5951604533333335
1017,111,Y,477223808,1.5907460266666666
388,32,Y,475498536,1.58499512
796,83,Y,474644552,1.5821485066666665
678,68,Y,474498756,1.58166252
623,61,Y,473868712,1.5795623733333333
436,38,Y,473136104,1.5771203466666668
241,14,Y,472267857,1.5742261899999999
510,47,Y,471762984,1.57254328
109,28,N,471474312,1.5715810399999999
676,68,Y,470839808,1.5694660266666667
716,73,Y,470256112,1.5675203733333334
1056,116,Y,469741704,1.56580568
43,478,Y,468725448,1.56241816
1000,109,Y,468688696,1.5622956533333332
960,104,Y,468481368,1.56160456
630,62,Y,467968528,1.5598950933333333
596,58,Y,467013376,1.5567112533333334
8,192,Y,466509408,1.55503136
621,61,Y,466416608,1.5547220266666666
34,404,Y,465517072,1.5517235733333334
746,77,Y,465242136,1.55080712
244,14,Y,464628032,1.5487601066666667
1008,110,Y,464361808,1.5478726933333333
189,7,Y,463167208,1.5438906933333334
747,77,Y,462097896,1.54032632
64,645,Y,461720296,1.5390676533333334
970,105,Y,461505272,1.5383509066666667
1119,123,Y,460929806,1.5364326866666667
312,23,Y,460205080,1.5340169333333333
939,101,Y,460162320,1.5338744
748,77,Y,459751632,1.53250544
766,79,Y,459640816,1.5321360533333332
827,87,Y,458844104,1.5294803466666667
1012,110,Y,458756701,1.5291890033333333
29,361,Y,458019736,1.5267324533333333
51,540,Y,456743832,1.52247944
1090,120,Y,456521696,1.5217389866666666
826,87,Y,456327744,1.5210924799999999
1095,120,Y,455723128,1.5190770933333333
1089,120,Y,455551384,1.5185046133333333
296,21,Y,455533120,1.5184437333333334
761,79,Y,451895776,1.5063192533333334
8,194,Y,451549944,1.50516648
1094,120,Y,451300512,1.50433504
1072,118,Y,451071168,1.50357056
579,56,Y,451004656,1.5033488533333332
432,38,Y,450536680,1.5017889333333332
732,75,Y,450432696,1.50144232
879,93,Y,450373040,1.5012434666666665
256,16,Y,448225024,1.4940834133333334
711,72,Y,447895288,1.4929842933333333
563,54,Y,447709768,1.4923658933333335
731,75,Y,447644232,1.49214744
349,27,Y,447090168,1.4903005599999999
640,64,Y,444503048,1.4816768266666667
793,83,Y,443253576,1.47751192
557,53,Y,441993624,1.4733120800000001
779,81,Y,441259504,1.4708650133333334
895,95,Y,441128864,1.4704295466666666
963,104,Y,440370912,1.46790304
1038,113,Y,440133488,1.4671116266666666
24,44,N,440070560,1.4669018666666667
178,6,Y,439504648,1.4650154933333333
86,820,Y,438493480,1.4616449333333332
1115,123,Y,438446472,1.46148824
1088,120,Y,438334352,1.4611145066666666
672,68,Y,437400240,1.4580008
323,24,Y,437019640,1.4567321333333332
387,32,Y,436066792,1.4535559733333334
940,101,Y,435459888,1.45153296
441,39,Y,434412264,1.44804088
1076,118,Y,433632688,1.4454422933333333
83,792,Y,432684272,1.4422809066666666
376,31,Y,432557624,1.4418587466666668
1036,113,Y,431606144,1.4386871466666666
169,5,Y,431597144,1.4386571466666667
1037,113,Y,430673872,1.4355795733333332
56,54,N,429932544,1.43310848
185,7,Y,429272848,1.4309094933333333
429,37,Y,426945728,1.4231524266666666
619,61,Y,425471992,1.4182399733333333
95,895,Y,425423232,1.41807744
107,988,Y,424736008,1.4157866933333334
888,95,Y,424682256,1.41560752
937,101,Y,423627072,1.41209024
795,83,Y,423365768,1.4112192266666668
750,77,Y,423256456,1.4108548533333332
924,99,Y,422290883,1.4076362766666666
47,507,Y,422279552,1.4075985066666665
110,114,N,421933992,1.40644664
150,2,Y,421728768,1.40576256
306,22,Y,421581752,1.4052725066666667
32,385,Y,421449680,1.4048322666666666
59,601,Y,420615528,1.40205176
1117,123,Y,420246736,1.4008224533333333
558,53,Y,420093520,1.4003117333333335
86,822,Y,419589016,1.3986300533333333
547,52,Y,419424616,1.3980820533333334
385,32,Y,419256768,1.39752256
170,5,Y,418933480,1.3964449333333333
69,687,Y,418392352,1.3946411733333335
233,13,Y,418327464,1.3944248799999999
125,1131,Y,416473360,1.3882445333333333
580,56,Y,415812936,1.38604312
357,28,Y,415694640,1.3856488
1022,111,Y,415534728,1.3851157600000001
1001,109,Y,414908328,1.38302776
187,7,Y,413429280,1.3780976
729,75,Y,412964240,1.3765474666666666
1074,118,Y,412929872,1.3764329066666667
936,101,Y,412784896,1.3759496533333333
412,35,Y,412663200,1.375544
594,58,Y,412519256,1.3750641866666666
473,43,Y,411928296,1.37309432
590,57,Y,410730024,1.36910008
428,37,Y,409652144,1.3655071466666666
873,93,Y,409567640,1.3652254666666668
664,67,Y,408833472,1.36277824
395,33,Y,408685696,1.3622856533333334
58,594,Y,406248568,1.3541618933333333
544,52,Y,405785000,1.3526166666666668
919,98,Y,405398888,1.3513296266666668
438,38,Y,404839984,1.3494666133333333
916,98,Y,404752432,1.3491747733333332
391,32,Y,404321504,1.3477383466666666
259,16,Y,401619784,1.3387326133333333
375,30,Y,401590016,1.3386333866666666
483,44,Y,398367192,1.3278906400000001
704,72,Y,397759016,1.3258633866666667
31,376,Y,397504968,1.3250165600000001
764,79,Y,397007376,1.32335792
425,37,Y,396507296,1.3216909866666666
1047,114,Y,396392352,1.32130784
877,93,Y,395763816,1.3192127200000001
398,33,Y,395708056,1.3190268533333334
427,37,Y,395408832,1.31802944
914,98,Y,394195664,1.3139855466666666
32,388,Y,393370888,1.3112362933333332
240,14,Y,393080624,1.3102687466666667
541,51,Y,393037024,1.3101234133333333
689,70,Y,392135968,1.3071198933333332
966,104,Y,391594793,1.3053159766666667
10,214,Y,391325272,1.3044175733333334
799,83,Y,390757784,1.3025259466666665
390,32,Y,389749976,1.2991665866666666
874,93,Y,388182360,1.2939412000000001
1059,116,Y,388130368,1.2937678933333334
452,40,Y,387982184,1.2932739466666667
922,99,Y,386692832,1.2889761066666667
555,53,Y,386531528,1.2884384266666666
408,35,Y,385070504,1.2835683466666665
878,93,Y,384808752,1.28269584
152,3,Y,383884272,1.27961424
283,19,Y,383658856,1.2788628533333335
1035,113,Y,382799632,1.2759987733333333
34,400,Y,381515472,1.27171824
1014,110,Y,380880144,1.26960048
350,27,Y,380478440,1.2682614666666667
1093,120,Y,380095376,1.2669845866666667
125,1130,Y,379354976,1.2645165866666668
912,98,Y,378669888,1.26223296
1034,113,Y,378457896,1.26152632
301,21,Y,377873920,1.2595797333333334
89,845,Y,377483576,1.2582785866666666
29,363,Y,376958424,1.25652808
679,68,Y,376262952,1.25420984
440,39,Y,376190440,1.2539681333333335
58,599,Y,375688056,1.25229352
325,24,Y,375548064,1.2518268799999999
433,38,Y,375440608,1.2514686933333332
1032,113,Y,374351544,1.24783848
760,79,Y,373907024,1.2463567466666667
709,72,Y,373852704,1.24617568
320,24,Y,373487192,1.2449573066666668
173,5,Y,372317880,1.2410596
1039,113,Y,371598288,1.2386609599999998
115,1054,Y,371313152,1.2377105066666667
86,819,Y,370927728,1.23642576
445,39,Y,370701768,1.23567256
478,43,Y,370567704,1.2352256799999999
1046,114,Y,370334656,1.2344488533333333
281,19,Y,369739128,1.2324637600000001
762,79,Y,369495928,1.2316530933333334
144,2,Y,369468080,1.2315602666666667
733,75,Y,368939928,1.2297997600000001
458,41,Y,367881984,1.22627328
17,264,Y,366493760,1.2216458666666665
1013,110,Y,366159928,1.2205330933333334
18,274,Y,365326192,1.2177539733333334
356,28,Y,364107280,1.2136909333333332
313,23,Y,363933152,1.2131105066666668
102,947,Y,363682872,1.21227624
146,2,Y,363614032,1.2120467733333333
34,401,Y,363331864,1.2111062133333332
1005,109,Y,363224976,1.21074992
326,24,Y,361914304,1.2063810133333333
651,65,Y,361650656,1.2055021866666666
782,81,Y,361630904,1.2054363466666667
617,61,Y,361078040,1.2035934666666666
1062,116,Y,359918256,1.19972752
324,24,Y,359890624,1.1996354133333333
309,22,Y,359367984,1.19789328
1002,109,Y,358788504,1.19596168
739,76,Y,358651064,1.1955035466666666
622,61,Y,358040056,1.1934668533333332
1148,127,Y,356992656,1.18997552
58,596,Y,355969128,1.1865637599999999
938,101,Y,355174483,1.1839149433333334
300,21,Y,355169688,1.18389896
925,99,Y,354113856,1.18037952
359,28,Y,353666720,1.1788890666666667
442,39,Y,353395752,1.17798584
872,93,Y,351603952,1.1720131733333332
605,59,Y,350701112,1.1690037066666668
644,64,Y,350409824,1.1680327466666667
726,74,Y,349702072,1.1656735733333332
100,935,Y,349338960,1.1644632
545,52,Y,346647936,1.15549312
486,44,Y,346414440,1.1547148
334,25,Y,345794944,1.1526498133333334
327,24,Y,344487192,1.14829064
500,46,Y,343582392,1.14527464
63,635,Y,342245048,1.1408168266666665
667,67,Y,342156928,1.1405230933333332
7,184,Y,341332216,1.1377740533333334
124,1122,Y,340927232,1.1364241066666665
889,95,Y,340880192,1.1362673066666666
236,13,Y,340453304,1.1348443466666667
601,59,Y,340284568,1.1342818933333334
36,419,Y,340133792,1.1337793066666668
242,14,Y,340043280,1.1334776
304,22,Y,339010888,1.1300362933333334
119,1080,Y,338178312,1.12726104
54,567,Y,337491632,1.1249721066666667
755,78,Y,337232240,1.1241074666666666
595,58,Y,336568040,1.1218934666666667
550,52,Y,336523904,1.1217463466666666
224,12,Y,336495872,1.1216529066666667
806,84,Y,336103744,1.1203458133333333
81,776,Y,335794272,1.11931424
257,16,Y,335008096,1.1166936533333334
103,953,Y,334093896,1.11364632
687,69,Y,333963416,1.1132113866666666
618,61,Y,333709080,1.1123636
51,542,Y,333547528,1.1118250933333333
741,76,Y,333534096,1.11178032
53,556,Y,331190216,1.1039673866666666
47,509,Y,330231672,1.10077224
661,66,Y,330168896,1.1005629866666666
1045,114,Y,329930416,1.0997680533333334
399,33,Y,329595368,1.0986512266666666
303,21,Y,329339976,1.09779992
915,98,Y,328932992,1.0964433066666666
105,973,Y,328043200,1.0934773333333334
345,27,Y,326682920,1.0889430666666666
262,16,Y,325800712,1.0860023733333333
697,71,Y,325431824,1.0847727466666668
414,35,Y,325077824,1.0835927466666668
693,70,Y,325009368,1.0833645600000001
230,12,Y,324820480,1.0827349333333334
807,84,Y,324372432,1.0812414399999999
260,16,Y,323773336,1.0792444533333334
11,220,Y,323080408,1.0769346933333332
1044,114,Y,323055704,1.0768523466666668
4,165,Y,322849808,1.0761660266666668
86,816,Y,322401544,1.0746718133333333
426,37,Y,322347184,1.0744906133333332
680,69,Y,319917352,1.0663911733333333
603,59,Y,318951744,1.06317248
670,67,Y,318762184,1.0625406133333333
1033,113,Y,318639088,1.0621302933333334
125,1135,Y,318027000,1.06009
100,931,Y,317601616,1.0586720533333334
108,994,Y,316511024,1.0550367466666666
125,1128,Y,316191296,1.0539709866666667
926,99,Y,315259696,1.0508656533333334
38,433,Y,314703888,1.04901296
607,59,Y,314059592,1.0468653066666667
669,67,Y,314013824,1.0467127466666666
44,487,Y,313980680,1.0466022666666666
261,16,Y,311462272,1.0382075733333334
86,821,Y,311041912,1.0368063733333333
62,626,Y,310986344,1.0366211466666668
1109,122,Y,310786168,1.0359538933333334
705,72,Y,309823512,1.03274504
125,1134,Y,309341040,1.0311367999999999
536,51,Y,308458240,1.0281941333333333
600,59,Y,307648944,1.02549648
125,1129,Y,307638232,1.0254607733333334
487,44,Y,306812040,1.0227068000000001
392,33,Y,306485872,1.0216195733333333
943,101,Y,305561064,1.01853688
329,25,Y,304754496,1.0158483200000001
258,16,Y,304608688,1.0153622933333333
801,84,Y,304416744,1.01472248
36,421,Y,304288248,1.01429416
74,722,Y,303757992,1.01252664
335,25,Y,303095456,1.0103181866666666
332,25,Y,302902088,1.0096736266666666
802,84,Y,302729336,1.0090977866666666
35,413,Y,301908240,1.0063608
1007,109,Y,300944210,1.0031473666666668
717,73,Y,300837760,1.0027925333333334
737,76,Y,299806272,0.99935424
965,104,Y,299725584,0.99908528
70,694,Y,297898576,0.9929952533333333
781,81,Y,297805048,0.9926834933333333
671,67,Y,296662864,0.9888762133333333
103,956,Y,295419031,0.9847301033333333
229,12,Y,294462608,0.9815420266666666
685,69,Y,294009640,0.9800321333333334
394,33,Y,293661648,0.97887216
315,23,Y,292988448,0.97662816
620,61,Y,292900008,0.97633336
1,142,Y,292896784,0.9763226133333334
1060,116,Y,291454984,0.9715166133333333
18,273,Y,291275848,0.9709194933333334
602,59,Y,289602488,0.9653416266666666
107,986,Y,289186736,0.9639557866666667
85,810,Y,287742200,0.9591406666666666
1003,109,Y,287222584,0.9574086133333333
778,81,Y,286308200,0.9543606666666666
604,59,Y,285699120,0.9523304
328,25,Y,284069344,0.9468978133333333
103,954,Y,283649232,0.94549744
4,161,Y,283492064,0.9449735466666667
11,219,Y,283187344,0.9439578133333333
724,74,Y,283151056,0.9438368533333333
119,1087,Y,282996848,0.9433228266666667
318,23,Y,282194080,0.9406469333333334
231,12,Y,280330736,0.9344357866666666
126,1142,Y,279566632,0.9318887733333333
28,358,Y,278070504,0.92690168
64,646,Y,277853656,0.9261788533333334
681,69,Y,277727032,0.9257567733333333
74,726,Y,277305264,0.92435088
481,44,Y,277200360,0.9240012000000001
498,46,Y,277064312,0.9235477066666666
1145,127,Y,276882344,0.9229411466666667
108,993,Y,276523448,0.9217448266666668
598,58,Y,276117696,0.92039232
108,998,Y,275698440,0.9189948
565,54,Y,275479288,0.9182642933333334
1107,122,Y,275383112,0.9179437066666667
124,1127,Y,275183232,0.91727744
86,817,Y,273449432,0.9114981066666666
501,46,Y,272941400,0.9098046666666667
561,54,Y,272426952,0.90808984
238,13,Y,272079064,0.9069302133333333
657,66,Y,271663040,0.9055434666666667
109,1005,Y,271544792,0.9051493066666666
119,1085,Y,269183328,0.89727776
459,41,Y,269037000,0.8967899999999999
718,73,Y,269014080,0.8967136
7,190,Y,267868824,0.89289608
72,709,Y,267570160,0.8919005333333334
122,1104,Y,267370984,0.8912366133333334
99,924,Y,267149024,0.8904967466666667
73,712,Y,266947696,0.8898256533333333
118,1072,Y,266937920,0.8897930666666667
49,522,Y,266870864,0.8895695466666668
29,362,Y,266076360,0.8869212
1144,127,Y,265195040,0.8839834666666666
10,210,Y,265189608,0.88396536
119,1082,Y,265170168,0.88390056
876,93,Y,263983176,0.87994392
49,525,Y,263520512,0.8784017066666667
723,74,Y,262934864,0.8764495466666666
47,511,Y,262545064,0.8751502133333333
29,367,Y,261942624,0.87314208
89,842,Y,261762752,0.8725425066666668
589,57,Y,260761464,0.86920488
710,72,Y,260654808,0.86884936
485,44,Y,260537024,0.8684567466666666
63,632,Y,260362360,0.8678745333333333
51,541,Y,260033952,0.86677984
4,164,Y,259988592,0.8666286400000001
1151,127,Y,259107328,0.8636910933333334
65,649,Y,258778584,0.86259528
884,94,Y,256523800,0.8550793333333334
7,187,Y,256254576,0.85418192
118,1079,Y,256084264,0.8536142133333334
103,959,Y,255898808,0.8529960266666666
85,808,Y,254968160,0.8498938666666668
98,917,Y,254344048,0.8478134933333332
108,992,Y,254000496,0.84666832
103,957,Y,253917760,0.8463925333333334
29,360,Y,253044496,0.8434816533333334
126,1140,Y,252921112,0.8430703733333332
29,365,Y,252879944,0.8429331466666667
88,835,Y,252842928,0.84280976
663,66,Y,252795096,0.84265032
1040,114,Y,252542072,0.8418069066666667
97,908,Y,252522344,0.8417411466666667
17,269,Y,252518256,0.84172752
1150,127,Y,250830480,0.8361016000000001
316,23,Y,250173544,0.8339118133333333
92,864,Y,249568272,0.8318942399999999
53,555,Y,249284784,0.83094928
55,568,Y,248827368,0.82942456
373,30,Y,248764352,0.8292145066666666
59,604,Y,248611856,0.8287061866666667
96,897,Y,248038608,0.8267953600000001
474,43,Y,248008072,0.8266935733333333
75,730,Y,247674136,0.8255804533333333
108,995,Y,247439720,0.8247990666666667
34,403,Y,246897936,0.82299312
11,221,Y,245789816,0.8192993866666667
108,999,Y,244967912,0.8165597066666667
53,554,Y,244321032,0.81440344
263,16,Y,243697120,0.8123237333333333
4,162,Y,243212608,0.8107086933333334
13,235,Y,242473832,0.8082461066666666
17,267,Y,241628168,0.8054272266666668
30,373,Y,241116864,0.80372288
124,1124,Y,240557008,0.8018566933333334
38,437,Y,239665488,0.7988849600000001
89,847,Y,239612912,0.7987097066666667
65,650,Y,239494152,0.7983138399999999
11,216,Y,239468744,0.7982291466666667
119,1081,Y,238879168,0.7962638933333334
81,780,Y,238042616,0.7934753866666666
665,67,Y,237567576,0.7918919199999999
39,441,Y,237367536,0.79122512
70,690,Y,237169496,0.7905649866666666
666,67,Y,237048512,0.7901617066666666
668,67,Y,236604904,0.7886830133333333
58,595,Y,235620712,0.7854023733333333
321,24,Y,235577272,0.7852575733333333
9,206,Y,234718424,0.7823947466666666
125,1133,Y,233994728,0.7799824266666666
721,74,Y,233313816,0.77771272
85,809,Y,232888232,0.7762941066666667
125,1132,Y,232311088,0.7743702933333333
330,25,Y,232083792,0.7736126400000001
50,533,Y,231926360,0.7730878666666666
881,94,Y,231819448,0.7727314933333334
4,167,Y,231481296,0.77160432
107,984,Y,230832576,0.76944192
82,787,Y,229512328,0.7650410933333334
4,163,Y,229473320,0.7649110666666668
662,66,Y,228648576,0.7621619199999999
656,66,Y,228021480,0.7600716000000001
355,28,Y,227843808,0.75947936
107,990,Y,227538456,0.75846152
87,828,Y,227301528,0.75767176
70,695,Y,227153200,0.7571773333333334
1106,122,Y,226504368,0.75501456
78,759,Y,226214536,0.7540484533333334
6,179,Y,225749288,0.7524976266666666
105,968,Y,225687680,0.7522922666666667
85,812,Y,225448848,0.75149616
119,1086,Y,224591016,0.74863672
179,6,Y,224465312,0.7482177066666666
29,364,Y,224310488,0.7477016266666666
111,1021,Y,223989520,0.7466317333333333
16,260,Y,223707840,0.7456927999999999
100,929,Y,223701976,0.7456732533333333
21,303,Y,222729488,0.7424316266666666
36,420,Y,221882240,0.7396074666666667
1147,127,Y,221842136,0.7394737866666666
454,40,Y,221672288,0.7389076266666667
61,619,Y,220928368,0.7364278933333334
81,783,Y,220876632,0.73625544
176,6,Y,220627520,0.7354250666666667
95,893,Y,219830920,0.7327697333333333
331,25,Y,219799776,0.73266592
90,852,Y,219592616,0.7319753866666666
123,1114,Y,218703696,0.72901232
2,147,Y,217971008,0.7265700266666667
882,94,Y,217933432,0.7264447733333333
106,983,Y,217927360,0.7264245333333333
9,204,Y,217750112,0.7258337066666666
48,518,Y,216854320,0.7228477333333334
64,647,Y,216725136,0.72241712
123,1113,Y,216287600,0.7209586666666666
107,989,Y,216206208,0.72068736
22,304,Y,216135592,0.7204519733333333
91,857,Y,216080648,0.7202688266666667
75,729,Y,215527816,0.7184260533333333
97,904,Y,214613352,0.7153778399999999
89,840,Y,214437304,0.7147910133333334
124,1120,Y,213945024,0.71315008
8,196,Y,213468768,0.71156256
106,978,Y,213257504,0.7108583466666667
1146,127,Y,212762432,0.7092081066666667
84,801,Y,212602520,0.7086750666666667
13,239,Y,212400592,0.7080019733333334
121,1102,Y,212184448,0.7072814933333333
23,312,Y,212153032,0.7071767733333333
8,198,Y,212098288,0.7069942933333333
119,1084,Y,211589168,0.7052972266666666
96,901,Y,211257928,0.7041930933333334
47,506,Y,211199072,0.7039969066666667
606,59,Y,210921528,0.70307176
112,1026,Y,210646248,0.7021541600000001
89,846,Y,210575616,0.70191872
92,870,Y,210260966,0.7008698866666667
45,492,Y,210216120,0.7007204
127,1148,Y,209906736,0.6996891199999999
50,529,Y,209880368,0.6996012266666667
81,779,Y,209849776,0.6994992533333333
126,1136,Y,209535592,0.6984519733333333
456,41,Y,209529304,0.6984310133333334
457,41,Y,209194928,0.6973164266666667
47,508,Y,209099128,0.6969970933333334
91,860,Y,208627920,0.6954264
65,648,Y,208400744,0.6946691466666667
180,6,Y,208366560,0.6945551999999999
48,519,Y,208218176,0.6940605866666666
503,46,Y,207981592,0.6932719733333333
49,527,Y,207976384,0.6932546133333334
97,905,Y,206811792,0.68937264
107,987,Y,206756720,0.6891890666666667
108,997,Y,205590712,0.6853023733333333
53,553,Y,205418760,0.6847291999999999
106,979,Y,204734400,0.6824479999999999
15,250,Y,204534648,0.68178216
82,785,Y,203911984,0.6797066133333333
124,1125,Y,203799968,0.6793332266666667
17,265,Y,203775552,0.67925184
121,1097,Y,203769360,0.6792312
803,84,Y,203543664,0.67847888
120,1091,Y,203142696,0.67714232
109,1000,Y,203017136,0.6767237866666667
90,855,Y,202374728,0.6745824266666667
105,970,Y,202030320,0.6734344
10,209,Y,201502728,0.67167576
79,765,Y,201343400,0.6711446666666666
108,996,Y,200972776,0.6699092533333334
4,166,Y,200967328,0.6698910933333333
104,961,Y,200855736,0.66951912
70,689,Y,200680840,0.6689361333333333
43,475,Y,200522272,0.6684075733333333
39,446,Y,200377232,0.6679241066666667
10,215,Y,200108424,0.66702808
40,449,Y,200056536,0.66685512
68,675,Y,200018056,0.6667268533333334
103,955,Y,199555072,0.6651835733333333
62,625,Y,198127776,0.66042592
317,23,Y,197879712,0.6595990399999999
106,981,Y,197840072,0.6594669066666667
90,854,Y,197746432,0.6591547733333333
18,272,Y,197611968,0.6587065599999999
68,676,Y,197536848,0.6584561600000001
107,991,Y,197160744,0.65720248
105,972,Y,197048368,0.6568278933333334
15,255,Y,196912472,0.6563749066666666
42,466,Y,196567392,0.65522464
26,339,Y,196368056,0.6545601866666666
9,201,Y,196036240,0.6534541333333334
61,620,Y,195896120,0.6529870666666666
60,610,Y,195099184,0.6503306133333333
118,1078,Y,195022312,0.6500743733333333
374,30,Y,194651792,0.6488393066666667
15,252,Y,194556184,0.6485206133333333
115,1053,Y,194535392,0.6484513066666667
126,1139,Y,194298056,0.6476601866666667
98,915,Y,194103472,0.6470115733333334
14,243,Y,193945968,0.64648656
100,932,Y,193729512,0.64576504
80,773,Y,193712232,0.64570744
33,398,Y,193626576,0.64542192
13,234,Y,193563640,0.6452121333333333
119,1083,Y,192840176,0.6428005866666667
722,74,Y,192737520,0.6424584
103,958,Y,192258248,0.6408608266666667
13,237,Y,192053960,0.6401798666666667
5,175,Y,191872768,0.6395758933333333
120,1090,Y,191810080,0.6393669333333334
17,266,Y,191766616,0.6392220533333334
61,618,Y,191741408,0.6391380266666666
18,275,Y,191615384,0.6387179466666667
121,1096,Y,191331960,0.6377731999999999
0,134,Y,191191656,0.63730552
49,526,Y,191187488,0.6372916266666666
83,794,Y,190943328,0.63647776
50,531,Y,190760000,0.6358666666666667
39,447,Y,189898696,0.6329956533333334
36,418,Y,189339176,0.6311305866666667
92,869,Y,189279424,0.6309314133333332
73,716,Y,189172104,0.63057368
79,766,Y,188589136,0.6286304533333333
80,774,Y,188526576,0.62842192
58,592,Y,188467416,0.6282247200000001
71,697,Y,188461072,0.6282035733333333
109,1003,Y,188414920,0.6280497333333334
1,138,Y,188136027,0.62712009
50,535,Y,188000840,0.6266694666666667
39,443,Y,187806208,0.6260206933333333
90,850,Y,187532032,0.6251067733333333
707,72,Y,187367880,0.6245596
1,143,Y,187262040,0.6242068
45,491,Y,186877848,0.62292616
0,131,Y,186727416,0.6224247199999999
118,1073,Y,186508647,0.62169549
98,914,Y,185818624,0.6193954133333334
50,532,Y,185774376,0.61924792
27,347,Y,185727472,0.6190915733333333
36,423,Y,185290600,0.6176353333333333
45,493,Y,184975208,0.6165840266666667
117,1068,Y,184356496,0.6145216533333333
15,254,Y,184267616,0.6142253866666667
1043,114,Y,184205040,0.6140167999999999
20,289,Y,184061504,0.6135383466666666
584,57,Y,184048992,0.6134966399999999
110,1011,Y,184021192,0.6134039733333333
64,641,Y,183825272,0.6127509066666667
34,405,Y,182757656,0.6091921866666666
17,268,Y,182599360,0.6086645333333333
124,1121,Y,182364112,0.6078803733333333
706,72,Y,182131392,0.60710464
502,46,Y,181997408,0.6066580266666667
97,907,Y,181960344,0.60653448
371,30,Y,181931616,0.60643872
73,713,Y,181614952,0.6053831733333334
8,199,Y,181588392,0.60529464
42,467,Y,181546120,0.6051537333333333
111,1016,Y,181419800,0.6047326666666667
114,1042,Y,181108512,0.6036950400000001
8,197,Y,180910832,0.6030361066666666
103,952,Y,180124256,0.6004141866666667
71,702,Y,179890904,0.5996363466666667
79,763,Y,179588811,0.59862937
20,290,Y,179063864,0.5968795466666666
9,203,Y,179017352,0.5967245066666667
65,655,Y,178966536,0.59655512
109,1001,Y,178958792,0.5965293066666667
10,212,Y,178372184,0.5945739466666666
92,867,Y,178212304,0.5940410133333334
887,94,Y,177726256,0.5924208533333334
64,640,Y,177299520,0.5909984
82,789,Y,177135088,0.5904502933333333
49,523,Y,176930480,0.5897682666666667
880,94,Y,176782512,0.58927504
107,985,Y,176694928,0.5889830933333333
660,66,Y,176524832,0.5884161066666667
75,731,Y,176197088,0.5873236266666667
121,1101,Y,176086664,0.5869555466666666
120,1095,Y,175783840,0.5859461333333333
93,873,Y,175444112,0.5848137066666667
48,516,Y,175218528,0.58406176
36,417,Y,175194248,0.5839808266666666
28,353,Y,175118296,0.5837276533333333
67,670,Y,175096720,0.5836557333333333
74,720,Y,174961968,0.58320656
44,483,Y,174961712,0.5832057066666667
11,222,Y,174650312,0.5821677066666667
38,432,Y,174548040,0.5818268
22,305,Y,174469664,0.5815655466666667
116,1058,Y,174080136,0.58026712
115,1055,Y,173300088,0.5776669600000001
1108,122,Y,173047088,0.5768236266666666
59,600,Y,172831760,0.5761058666666666
50,534,Y,172648576,0.5754952533333333
115,1052,Y,172475320,0.5749177333333333
0,135,Y,172435808,0.5747860266666667
33,397,Y,172310736,0.57436912
43,479,Y,172306768,0.5743558933333334
52,546,Y,172155776,0.5738525866666667
16,262,Y,172030488,0.5734349599999999
117,1067,Y,171924504,0.57308168
19,287,Y,171836384,0.5727879466666667
48,515,Y,171661104,0.57220368
89,843,Y,171323864,0.5710795466666666
97,909,Y,171097496,0.5703249866666666
1,140,Y,170957384,0.5698579466666667
62,624,Y,170789672,0.5692989066666667
9,207,Y,170699016,0.56899672
81,782,Y,170544720,0.5684823999999999
49,521,Y,169605472,0.5653515733333334
117,1066,Y,169442416,0.5648080533333333
54,566,Y,169383872,0.5646129066666666
118,1076,Y,169134544,0.5637818133333333
463,41,Y,169099192,0.5636639733333333
1,136,Y,168792880,0.5626429333333334
67,666,Y,168744520,0.5624817333333333
104,964,Y,168512856,0.56170952
114,1047,Y,168477128,0.5615904266666667
4,160,Y,168396008,0.5613200266666667
9,202,Y,167846136,0.55948712
97,910,Y,167816064,0.55938688
17,271,Y,166871576,0.5562385866666667
51,539,Y,166850336,0.5561677866666667
56,581,Y,166536704,0.5551223466666666
3,152,Y,166467024,0.5548900800000001
24,321,Y,166264192,0.5542139733333333
101,942,Y,166244048,0.5541468266666667
96,900,Y,166159456,0.5538648533333334
69,682,Y,165538016,0.5517933866666667
51,538,Y,165438032,0.5514601066666667
85,811,Y,165419344,0.5513978133333333
109,1006,Y,164715720,0.5490524
9,205,Y,164595272,0.5486509066666667
91,858,Y,164526616,0.5484220533333333
36,416,Y,164340264,0.5478008799999999
114,1045,Y,164309208,0.54769736
13,236,Y,164168104,0.5472270133333333
42,464,Y,164128000,0.5470933333333333
117,1070,Y,164099608,0.5469986933333333
62,630,Y,164048208,0.54682736
82,784,Y,163864824,0.54621608
115,1048,Y,163407400,0.5446913333333333
124,1123,Y,163388976,0.54462992
126,1138,Y,163347704,0.5444923466666667
12,229,Y,163339392,0.54446464
31,381,Y,163066192,0.5435539733333333
115,1051,Y,162869568,0.54289856
24,323,Y,162571664,0.5419055466666667
3,153,Y,162393904,0.5413130133333334
83,796,Y,162359944,0.5411998133333333
118,1074,Y,162321840,0.5410728
0,128,Y,162312024,0.54104008
77,751,Y,162126544,0.5404218133333334
66,661,Y,162106328,0.5403544266666667
90,849,Y,161794952,0.5393165066666668
75,734,Y,161675392,0.5389179733333334
372,30,Y,161578840,0.5385961333333333
64,642,Y,161235928,0.5374530933333334
82,786,Y,160699936,0.5356664533333333
13,233,Y,160659592,0.5355319733333334
100,933,Y,160614456,0.5353815199999999
126,1143,Y,160417080,0.5347236
30,375,Y,160275112,0.5342503733333334
65,652,Y,160216624,0.5340554133333333
21,296,Y,160184384,0.5339479466666667
46,499,Y,160176344,0.5339211466666667
85,814,Y,160114250,0.5337141666666666
84,804,Y,159999832,0.5333327733333333
15,251,Y,159905328,0.53301776
71,701,Y,159799968,0.53266656
21,302,Y,158976968,0.5299232266666666
15,253,Y,158618168,0.5287272266666667
68,674,Y,158535376,0.5284512533333333
78,754,Y,158436960,0.5281232
11,218,Y,158385008,0.5279500266666667
92,865,Y,158349632,0.5278321066666667
659,66,Y,158115808,0.5270526933333334
757,78,Y,158054064,0.52684688
26,342,Y,158026632,0.52675544
109,1004,Y,156770392,0.5225679733333334
183,6,Y,156708360,0.5223612
97,906,Y,156680736,0.52226912
40,452,Y,156590592,0.5219686400000001
70,692,Y,156446232,0.52148744
60,608,Y,156220888,0.5207362933333334
113,1035,Y,155992960,0.5199765333333334
99,921,Y,155772672,0.51924224
62,629,Y,155520976,0.5184032533333333
82,791,Y,155121160,0.5170705333333333
3,157,Y,155096552,0.5169885066666667
57,590,Y,154937872,0.5164595733333334
63,638,Y,154918872,0.5163962400000001
106,976,Y,154802416,0.5160080533333333
101,939,Y,154722760,0.5157425333333333
9,200,Y,154194952,0.5139831733333333
83,793,Y,154090376,0.5136345866666667
18,279,Y,153846632,0.5128221066666666
56,582,Y,153809872,0.5126995733333333
7,186,Y,153468320,0.5115610666666667
0,129,Y,153136096,0.5104536533333333
43,472,Y,152700384,0.50900128
13,238,Y,152635192,0.5087839733333334
99,920,Y,152524472,0.5084149066666667
31,377,Y,152388528,0.50796176
47,510,Y,152259464,0.5075315466666667
37,430,Y,152255544,0.50751848
24,325,Y,151577528,0.5052584266666666
83,799,Y,151486440,0.5049548
110,1010,Y,151264248,0.50421416
59,603,Y,151156456,0.5038548533333334
48,513,Y,150874416,0.50291472
7,188,Y,150515600,0.5017186666666668
10,211,Y,150274328,0.5009144266666666
61,622,Y,150188664,0.5006288799999999
55,574,Y,150132952,0.5004431733333333
114,1041,Y,150059344,0.5001978133333334
60,615,Y,149947016,0.4998233866666667
67,669,Y,149416304,0.49805434666666665
33,396,Y,149261768,0.49753922666666667
27,348,Y,149223248,0.4974108266666667
93,877,Y,149082368,0.4969412266666666
58,597,Y,148876168,0.4962538933333333
11,223,Y,148459056,0.49486352
23,319,Y,148452192,0.49484064
87,830,Y,148259808,0.49419936
92,871,Y,148195560,0.49398519999999996
19,284,Y,148042280,0.4934742666666667
123,1118,Y,147815120,0.4927170666666667
16,256,Y,147692408,0.4923080266666667
42,470,Y,147604960,0.4920165333333333
113,1038,Y,147456440,0.49152146666666663
39,440,Y,147316192,0.49105397333333334
883,94,Y,146768272,0.48922757333333333
88,832,Y,146707040,0.48902346666666663
117,1064,Y,146659008,0.48886336
75,735,Y,146608792,0.4886959733333333
53,558,Y,146547160,0.4884905333333333
44,486,Y,146537984,0.4884599466666667
41,463,Y,146174360,0.4872478666666667
81,777,Y,146112088,0.4870402933333334
80,772,Y,145799648,0.4859988266666667
121,1100,Y,145662136,0.4855404533333333
88,838,Y,145066024,0.4835534133333333
117,1065,Y,144876424,0.4829214133333333
94,885,Y,144821648,0.4827388266666666
92,868,Y,144546336,0.48182112000000005
1111,122,Y,144370120,0.4812337333333333
24,326,Y,144363176,0.4812105866666667
25,335,Y,144234880,0.4807829333333334
109,1007,Y,144023744,0.4800791466666667
81,778,Y,143665808,0.4788860266666667
111,1017,Y,143562168,0.47854055999999995
38,434,Y,143479248,0.47826416
113,1037,Y,143262872,0.47754290666666666
26,338,Y,143156336,0.4771877866666666
177,6,Y,142461736,0.47487245333333333
57,591,Y,142425648,0.47475216000000003
79,761,Y,142269160,0.47423053333333337
16,258,Y,142182528,0.47394176000000005
98,918,Y,142178640,0.47392880000000004
73,719,Y,142100928,0.47366976
93,875,Y,142100744,0.47366914666666665
99,927,Y,141827920,0.4727597333333333
20,295,Y,141707104,0.4723570133333333
80,768,Y,141388912,0.4712963733333333
37,424,Y,141284384,0.47094794666666673
18,277,Y,141115800,0.47038599999999997
77,745,Y,141098672,0.47032890666666666
104,967,Y,140620120,0.4687337333333333
20,294,Y,140606720,0.46868906666666665
116,1057,Y,140604264,0.46868088
88,836,Y,140525840,0.4684194666666666
105,971,Y,139766240,0.4658874666666667
88,833,Y,139684688,0.46561562666666667
69,680,Y,139664288,0.46554762666666666
61,623,Y,139655248,0.4655174933333333
19,281,Y,138978344,0.4632611466666666
32,386,Y,138975672,0.46325224000000004
95,890,Y,138891696,0.46297232
0,132,Y,138810656,0.4627021866666667
79,767,Y,138806584,0.46268861333333333
24,327,Y,138806040,0.4626868
44,485,Y,138248080,0.4608269333333333
93,878,Y,138191336,0.46063778666666666
92,866,Y,138080800,0.46026933333333336
95,894,Y,138032288,0.4601076266666667
8,195,Y,137847896,0.45949298666666666
1,141,Y,137843576,0.4594785866666667
76,739,Y,137729752,0.45909917333333333
38,439,Y,137602928,0.45867642666666664
27,349,Y,137498752,0.4583291733333333
19,283,Y,137179072,0.45726357333333334
47,505,Y,137146968,0.45715656
5,173,Y,136829008,0.4560966933333333
11,217,Y,136703976,0.45567992
90,853,Y,136639504,0.45546501333333334
120,1092,Y,136555584,0.45518527999999997
38,438,Y,136535632,0.45511877333333334
96,903,Y,136160760,0.45386920000000003
97,911,Y,135983712,0.45327904
96,896,Y,135435424,0.4514514133333333
24,320,Y,135184024,0.4506134133333333
78,753,Y,135059112,0.45019704000000005
39,444,Y,135038920,0.45012973333333334
3,158,Y,135027272,0.4500909066666667
52,544,Y,134999544,0.44999848
57,586,Y,134761960,0.4492065333333333
40,453,Y,134499256,0.44833085333333333
74,725,Y,134358200,0.4478606666666667
46,498,Y,133808184,0.44602727999999997
886,94,Y,133664904,0.44554968
69,683,Y,133618584,0.44539528
87,826,Y,133602352,0.44534117333333334
2,148,Y,133250192,0.44416730666666665
98,912,Y,133174848,0.44391616
33,392,Y,133143424,0.4438114133333333
112,1028,Y,133072024,0.44357341333333333
76,738,Y,133036736,0.4434557866666667
113,1036,Y,132738944,0.44246314666666664
181,6,Y,132648848,0.4421628266666667
32,384,Y,132531720,0.44177239999999995
100,930,Y,132459304,0.44153101333333333
72,711,Y,132348544,0.4411618133333333
81,781,Y,132313608,0.44104536
90,851,Y,132287656,0.4409588533333333
480,44,Y,132119080,0.4403969333333333
63,636,Y,132102888,0.44034295999999995
57,585,Y,131940144,0.43980048
461,41,Y,131789328,0.43929776000000004
77,750,Y,131686584,0.43895528
60,614,Y,131626368,0.43875455999999996
69,681,Y,131513176,0.4383772533333333
87,824,Y,130873688,0.43624562666666666
33,394,Y,130395320,0.4346510666666667
26,343,Y,130129232,0.43376410666666665
23,318,Y,130076400,0.43358800000000003
0,133,Y,129756936,0.43252312
45,489,Y,129516528,0.43172176
60,613,Y,129488736,0.43162912
51,537,Y,129382432,0.43127477333333336
91,861,Y,129198648,0.43066216
83,795,Y,129136136,0.4304537866666667
2,150,Y,129126680,0.4304222666666667
42,469,Y,129064760,0.43021586666666667
26,341,Y,128970424,0.4299014133333333
46,496,Y,128870600,0.4295686666666666
22,310,Y,128693888,0.42897962666666667
48,512,Y,128689416,0.42896471999999997
66,658,Y,128623640,0.4287454666666667
111,1022,Y,128179944,0.42726648
101,937,Y,127686424,0.42562141333333336
72,705,Y,127670160,0.42556720000000003
80,775,Y,127639944,0.42546648000000004
70,691,Y,127526280,0.42508759999999995
57,587,Y,127298392,0.42432797333333333
76,743,Y,127184616,0.42394872
67,668,Y,127094056,0.42364685333333335
83,798,Y,126957264,0.42319088
5,170,Y,126847656,0.42282552
36,422,Y,126549240,0.42183079999999995
112,1025,Y,126374896,0.42124965333333336
113,1032,Y,126270168,0.42090056000000003
42,471,Y,126075248,0.4202508266666667
46,501,Y,126056648,0.4201888266666667
110,1014,Y,126041368,0.4201378933333334
2,145,Y,126015192,0.42005064
34,402,Y,125976360,0.4199212
35,411,Y,125816808,0.41938936
126,1137,Y,125772176,0.4192405866666667
50,530,Y,125682632,0.41894210666666665
109,1002,Y,125587264,0.4186242133333334
80,770,Y,125013592,0.4167119733333334
3,154,Y,124860928,0.41620309333333333
14,240,Y,124844768,0.41614922666666665
77,744,Y,124708696,0.4156956533333333
75,728,Y,124606376,0.4153545866666667
124,1126,Y,124603512,0.41534503999999994
14,246,Y,124553304,0.41517768
13,232,Y,124467584,0.4148919466666666
60,611,Y,124340240,0.4144674666666666
18,276,Y,124255352,0.4141845066666667
1,139,Y,124083192,0.41361064
57,588,Y,123805192,0.41268397333333334
78,757,Y,123736964,0.41245654666666665
32,391,Y,123630464,0.41210154666666665
32,387,Y,123507808,0.4116926933333333
75,733,Y,123056864,0.4101895466666667
53,557,Y,123010336,0.41003445333333327
55,571,Y,122907712,0.4096923733333333
67,671,Y,122685896,0.4089529866666667
17,270,Y,122643384,0.40881128
15,249,Y,122529648,0.40843216000000004
101,943,Y,122456528,0.4081884266666667
55,573,Y,122404344,0.40801448
24,324,Y,122382040,0.4079401333333333
56,583,Y,122330264,0.40776754666666665
113,1034,Y,122294096,0.40764698666666666
27,351,Y,122152472,0.40717490666666667
91,856,Y,122148080,0.4071602666666667
15,248,Y,121984928,0.4066164266666667
20,293,Y,121592800,0.4053093333333333
98,919,Y,121569264,0.40523088
101,941,Y,121517072,0.40505690666666666
65,654,Y,121472576,0.4049085866666666
12,228,Y,121411968,0.40470656
69,684,Y,121301192,0.4043373066666666
22,307,Y,120994328,0.40331442666666667
74,727,Y,120924008,0.40308002666666665
91,862,Y,120711464,0.4023715466666667
24,322,Y,120578680,0.40192893333333335
12,224,Y,120567704,0.4018923466666667
23,316,Y,120345888,0.40115296
48,517,Y,120222032,0.4007401066666667
120,1088,Y,120163408,0.40054469333333337
118,1077,Y,119692784,0.3989759466666667
71,696,Y,118876232,0.3962541066666667
121,1099,Y,118691408,0.3956380266666667
71,703,Y,118507312,0.39502437333333335
26,336,Y,118226336,0.3940877866666667
78,758,Y,117600056,0.39200018666666664
21,297,Y,117535184,0.39178394666666666
54,562,Y,117179160,0.39059720000000003
95,889,Y,117134280,0.3904476
121,1103,Y,117101416,0.3903380533333333
68,678,Y,117076560,0.3902552
60,609,Y,117072512,0.39024170666666663
95,888,Y,116819112,0.38939704
87,825,Y,116511928,0.38837309333333336
117,1071,Y,116437704,0.38812568
27,346,Y,116348448,0.38782816000000003
31,380,Y,116347800,0.387826
68,679,Y,115760584,0.38586861333333333
54,565,Y,115468744,0.38489581333333334
37,428,Y,115316896,0.38438965333333336
21,298,Y,115296024,0.38432008
7,185,Y,115116928,0.3837230933333333
45,494,Y,114851992,0.38283997333333336
88,839,Y,114649808,0.38216602666666666
67,664,Y,114537248,0.3817908266666667
5,174,Y,114269680,0.3808989333333333
66,663,Y,114090616,0.38030205333333333
40,455,Y,114050120,0.38016706666666666
55,569,Y,114035944,0.38011981333333333
69,686,Y,113947008,0.37982336
45,495,Y,113911704,0.37970568
31,379,Y,113886904,0.3796230133333333
110,1009,Y,113833944,0.37944648
42,468,Y,113702880,0.3790096
44,484,Y,113687864,0.37895954666666665
14,247,Y,113612312,0.3787077066666667
72,708,Y,113219744,0.3773991466666667
20,288,Y,112694560,0.37564853333333337
31,383,Y,112518264,0.37506088000000004
32,390,Y,112393248,0.37464416
65,653,Y,112377536,0.37459178666666665
14,242,Y,112235408,0.37411802666666666
77,746,Y,112100072,0.3736669066666667
30,369,Y,112028648,0.37342882666666666
123,1117,Y,111964408,0.37321469333333335
117,1069,Y,111947040,0.3731568
18,278,Y,111934064,0.3731135466666667
116,1063,Y,111918272,0.3730609066666667
70,693,Y,111696040,0.37232013333333336
3,155,Y,111686000,0.37228666666666665
37,431,Y,111540648,0.37180216
52,545,Y,111485696,0.37161898666666665
61,616,Y,111449896,0.3714996533333333
51,543,Y,111383480,0.3712782666666667
44,481,Y,110999896,0.36999965333333334
6,177,Y,110901056,0.3696701866666667
87,829,Y,110807752,0.36935917333333335
82,790,Y,110738632,0.3691287733333333
76,737,Y,110557088,0.36852362666666666
78,752,Y,110300832,0.36766944
72,710,Y,110283864,0.36761288000000003
93,874,Y,110230336,0.3674344533333333
106,977,Y,109984976,0.3666165866666667
57,589,Y,109867960,0.3662265333333333
32,389,Y,109777752,0.36592584
52,550,Y,109734392,0.3657813066666667
77,748,Y,109696824,0.36565608
87,831,Y,109467952,0.3648931733333334
70,688,Y,109242072,0.36414024
112,1024,Y,109066216,0.36355405333333335
41,457,Y,109012744,0.36337581333333335
112,1031,Y,108709504,0.3623650133333334
43,476,Y,108481232,0.36160410666666665
126,1141,Y,108475064,0.36158354666666664
116,1059,Y,108331536,0.36110512
76,736,Y,108314912,0.3610497066666667
20,291,Y,108282456,0.36094152
12,231,Y,108252552,0.36084184
22,311,Y,108198320,0.3606610666666667
27,350,Y,108183184,0.36061061333333333
20,292,Y,107583664,0.3586122133333333
46,500,Y,107567544,0.35855848
22,309,Y,107547600,0.35849200000000003
182,6,Y,107097352,0.3569911733333333
42,465,Y,106968760,0.3565625333333333
43,473,Y,106968312,0.35656104
88,834,Y,106966816,0.35655605333333334
41,456,Y,106738928,0.35579642666666667
100,928,Y,106662016,0.35554005333333333
87,827,Y,106469072,0.3548969066666666
73,714,Y,106292496,0.35430832
53,552,Y,106027760,0.35342586666666664
95,891,Y,106014576,0.35338192
89,841,Y,105641472,0.35213824
50,528,Y,105623440,0.3520781333333333
84,802,Y,105560464,0.35186821333333335
85,813,Y,105465208,0.35155069333333333
127,1146,Y,105402448,0.3513414933333333
35,415,Y,105116288,0.3503876266666667
90,848,Y,104986480,0.34995493333333333
16,257,Y,104985392,0.3499513066666667
68,672,Y,104657792,0.3488593066666667
2,144,Y,104581064,0.3486035466666667
84,806,Y,104548712,0.3484957066666667
63,637,Y,104541560,0.3484718666666667
62,631,Y,104471240,0.34823746666666666
56,579,Y,104421648,0.34807216
56,578,Y,104168368,0.34722789333333337
35,412,Y,104105376,0.34701792
30,370,Y,104077592,0.34692530666666666
106,982,Y,104049112,0.34683037333333333
16,263,Y,103713984,0.34571328
34,407,Y,103660512,0.34553504
127,1150,Y,103658160,0.34552720000000003
55,575,Y,103395320,0.34465106666666667
16,259,Y,103361960,0.3445398666666667
83,797,Y,103292168,0.3443072266666667
23,313,Y,103271088,0.34423696
48,514,Y,103252080,0.34417359999999997
80,769,Y,103215840,0.3440528
56,577,Y,103105440,0.3436848
5,168,Y,102489024,0.34163008
82,788,Y,102457768,0.34152589333333333
116,1062,Y,102325256,0.3410841866666667
105,974,Y,102240240,0.3408008
73,715,Y,102234288,0.34078096
39,442,Y,102111616,0.34037205333333337
31,378,Y,101850048,0.33950016
7,191,Y,101785128,0.33928376
114,1046,Y,101747512,0.3391583733333333
19,285,Y,101546488,0.33848829333333336
63,639,Y,101406328,0.3380210933333333
67,667,Y,101329216,0.3377640533333333
41,460,Y,101239160,0.33746386666666667
44,482,Y,101205968,0.3373532266666667
37,429,Y,101085112,0.33695037333333333
96,898,Y,101017488,0.33672495999999996
111,1023,Y,100869520,0.33623173333333334
8,193,Y,100842624,0.33614207999999995
56,576,Y,100601056,0.33533685333333335
101,936,Y,100361192,0.33453730666666665
76,740,Y,100250248,0.3341674933333333
55,572,Y,100178624,0.33392874666666666
61,617,Y,100167544,0.33389181333333334
52,551,Y,99678840,0.3322628
96,902,Y,99291239,0.3309707966666667
41,462,Y,99232720,0.3307757333333333
59,602,Y,98797864,0.32932621333333334
79,762,Y,98795912,0.3293197066666667
28,354,Y,98696536,0.3289884533333334
14,244,Y,98587328,0.3286244266666667
67,665,Y,98506872,0.32835624
54,561,Y,98418496,0.3280616533333333
64,643,Y,98340360,0.32780119999999996
71,698,Y,98313712,0.3277123733333333
73,717,Y,98133416,0.32711138666666667
114,1043,Y,98124912,0.32708304
27,344,Y,98119856,0.32706618666666665
123,1119,Y,97959088,0.32653029333333333
66,662,Y,97565616,0.32521872
33,393,Y,97563336,0.32521111999999996
111,1019,Y,97493152,0.3249771733333333
59,607,Y,97403680,0.32467893333333336
26,340,Y,97400488,0.3246682933333333
5,172,Y,97100120,0.32366706666666667
99,925,Y,96647664,0.32215888
112,1027,Y,96467560,0.3215585333333333
25,334,Y,95938680,0.3197956
64,644,Y,95278840,0.3175961333333333
3,156,Y,95176056,0.31725351999999996
80,771,Y,94709336,0.3156977866666667
22,308,Y,94652392,0.3155079733333333
45,488,Y,94475944,0.31491981333333335
62,627,Y,93977344,0.31325781333333336
21,300,Y,93959728,0.31319909333333334
58,598,Y,93487552,0.31162517333333334
25,328,Y,93406752,0.31135584
78,756,Y,93235792,0.31078597333333335
28,356,Y,92862976,0.3095432533333333
113,1033,Y,92734424,0.30911474666666666
62,628,Y,92590176,0.30863392
105,975,Y,92587776,0.30862592
12,225,Y,92480376,0.30826792000000003
59,605,Y,92460488,0.3082016266666667
30,371,Y,91966016,0.3065533866666667
88,837,Y,91836272,0.30612090666666664
104,963,Y,91804640,0.3060154666666667
52,549,Y,91564336,0.30521445333333336
127,1151,Y,91563928,0.30521309333333335
3,159,Y,91394944,0.30464981333333335
78,755,Y,91383520,0.3046117333333333
110,1012,Y,91367096,0.30455698666666664
52,547,Y,91283344,0.30427781333333337
33,399,Y,90897560,0.30299186666666666
120,1094,Y,90890912,0.30296970666666667
40,451,Y,90845432,0.30281810666666664
94,882,Y,90822504,0.30274168
68,673,Y,90785776,0.30261925333333334
23,315,Y,90730152,0.30243383999999995
31,382,Y,90613656,0.30204552
101,938,Y,90553384,0.30184461333333334
121,1098,Y,90502432,0.30167477333333337
99,926,Y,90387712,0.30129237333333336
91,863,Y,90363864,0.30121288
114,1040,Y,90167808,0.30055936
122,1105,Y,90072104,0.30024034666666666
2,146,Y,89804336,0.29934778666666667
0,130,Y,89690520,0.29896839999999997
110,1013,Y,89429944,0.29809981333333335
2,151,Y,88929368,0.29643122666666666
127,1145,Y,88815128,0.29605042666666664
104,966,Y,88694424,0.29564808
28,357,Y,88332136,0.29444045333333335
35,410,Y,88063912,0.29354637333333333
19,282,Y,87893720,0.2929790666666667
27,345,Y,87511512,0.29170504
35,409,Y,87461952,0.29153984
30,372,Y,87445416,0.29148472
113,1039,Y,87113576,0.29037858666666666
63,634,Y,87059976,0.29019992
12,226,Y,86938064,0.2897935466666667
127,1149,Y,86900288,0.2896676266666667
56,580,Y,86890728,0.28963576
104,965,Y,86631936,0.28877312
71,700,Y,86573272,0.28857757333333334
25,333,Y,86548728,0.28849576
25,332,Y,86417672,0.28805890666666667
37,426,Y,86228400,0.287428
104,960,Y,86202808,0.28734269333333334
115,1050,Y,86130520,0.28710173333333333
91,859,Y,86016088,0.2867202933333334
61,621,Y,85848672,0.28616224
37,427,Y,85673320,0.28557773333333336
74,724,Y,85581688,0.2852722933333333
101,940,Y,85307104,0.2843570133333333
74,721,Y,85045336,0.28348445333333333
123,1115,Y,84864712,0.2828823733333333
52,548,Y,84829840,0.28276613333333334
63,633,Y,84403248,0.28134416
123,1116,Y,84351056,0.28117018666666665
43,474,Y,84346760,0.2811558666666667
35,408,Y,84141608,0.28047202666666665
75,732,Y,84027720,0.2800924
23,314,Y,83496616,0.2783220533333334
77,747,Y,83452248,0.27817416
30,368,Y,82854400,0.27618133333333333
116,1061,Y,82784600,0.2759486666666667
38,436,Y,82222448,0.27407482666666666
2,149,Y,81926552,0.2730885066666667
72,704,Y,81731360,0.2724378666666667
95,892,Y,81660744,0.27220247999999997
5,171,Y,81659512,0.2721983733333333
41,458,Y,81545880,0.2718196
16,261,Y,81493672,0.27164557333333333
72,706,Y,81378448,0.2712614933333333
116,1056,Y,80999672,0.2699989066666667
93,876,Y,80504824,0.26834941333333334
21,299,Y,80046208,0.2668206933333333
46,502,Y,79713096,0.26571032
111,1020,Y,79640584,0.2654686133333333
68,677,Y,79531728,0.26510575999999997
14,241,Y,79528464,0.26509488
94,881,Y,79353472,0.2645115733333333
885,94,Y,79113232,0.2637107733333333
71,699,Y,78868008,0.26289336
110,1015,Y,78756464,0.26252154666666666
26,337,Y,78552168,0.26184056
73,718,Y,78278376,0.26092792
28,355,Y,77850856,0.25950285333333334
114,1044,Y,77759336,0.25919778666666665
6,181,Y,77528392,0.25842797333333334
6,178,Y,77521632,0.25840544
98,913,Y,77513784,0.25837928
41,459,Y,77456760,0.2581892
66,657,Y,76929384,0.25643128
12,227,Y,76162816,0.25387605333333335
84,805,Y,76007072,0.25335690666666666
33,395,Y,75831408,0.25277136
54,563,Y,75772968,0.25257656
98,916,Y,75570136,0.25190045333333333
462,41,Y,75277896,0.25092632
79,764,Y,75053808,0.25017936
40,450,Y,74299472,0.24766490666666666
28,352,Y,74214688,0.24738229333333334
21,301,Y,74047824,0.24682608
22,306,Y,73125440,0.24375146666666667
65,651,Y,73054040,0.24351346666666665
122,1110,Y,73024403,0.24341467666666666
19,286,Y,72373056,0.24124352000000002
94,883,Y,72062688,0.24020895999999997
7,189,Y,71988240,0.2399608
59,606,Y,71867360,0.23955786666666665
14,245,Y,71835608,0.23945202666666668
39,445,Y,71543656,0.23847885333333332
46,497,Y,71501512,0.23833837333333335
99,922,Y,71145008,0.23715002666666665
84,807,Y,71090992,0.2369699733333333
84,803,Y,70402096,0.23467365333333334
84,800,Y,69982968,0.23327656
66,660,Y,69579552,0.23193184
40,448,Y,69190256,0.23063418666666669
30,374,Y,69139200,0.230464
74,723,Y,68691992,0.22897330666666665
104,962,Y,68583832,0.22861277333333335
69,685,Y,66961888,0.22320629333333333
40,454,Y,66702664,0.22234221333333332
35,414,Y,66678088,0.22226029333333336
122,1106,Y,66447192,0.22149064000000002
76,741,Y,65606952,0.21868984000000002
93,872,Y,64985984,0.21661994666666667
6,176,Y,64913128,0.21637709333333333
99,923,Y,64884152,0.21628050666666668
94,880,Y,64827800,0.21609266666666668
122,1107,Y,64800928,0.2160030933333333
25,330,Y,64551904,0.21517301333333333
93,879,Y,63656536,0.21218845333333333
6,180,Y,63354840,0.2111828
77,749,Y,62577880,0.20859293333333334
54,564,Y,62388280,0.20796093333333332
49,524,Y,62025040,0.20675013333333334
79,760,Y,61748792,0.20582930666666666
127,1147,Y,61394232,0.20464744
25,329,Y,60913064,0.20304354666666669
28,359,Y,60882392,0.20294130666666668
122,1108,Y,60833432,0.20277810666666668
112,1029,Y,60432520,0.20144173333333332
122,1111,Y,59512648,0.19837549333333332
110,1008,Y,59466464,0.19822154666666666
57,584,Y,59129448,0.19709816
66,656,Y,58708400,0.19569466666666666
94,887,Y,58267400,0.19422466666666666
6,183,Y,57939328,0.19313109333333334
120,1089,Y,56710160,0.18903386666666666
72,707,Y,56558664,0.18852888
53,559,Y,56313912,0.18771304
122,1109,Y,56218776,0.18739592
112,1030,Y,56149936,0.18716645333333334
5,169,Y,55807080,0.18602359999999998
19,280,Y,54982944,0.18327648
23,317,Y,52214576,0.17404858666666667
43,477,Y,51938256,0.17312752
55,570,Y,50375600,0.16791866666666666
66,659,Y,49942976,0.16647658666666668
37,425,Y,49046776,0.16348925333333333
46,503,Y,48525848,0.16175282666666665
51,536,Y,48481280,0.16160426666666666
54,560,Y,47820040,0.15940013333333333
94,886,Y,46013360,0.15337786666666667
44,480,Y,45468168,0.15156055999999998
94,884,Y,45211008,0.15070336
41,461,Y,43717064,0.14572354666666668
116,1060,Y,43173624,0.14391208
6,182,Y,42481304,0.1416043466666667
12,230,Y,41783752,0.13927917333333334
60,612,Y,39632232,0.13210744
127,1144,Y,39309400,0.13103133333333333
25,331,Y,35023120,0.11674373333333332
