25,111,N,10167737248,20.335474496
9,206,Y,10068844296,20.137688592
111,9,N,10060545368,20.121090736
118,25,N,10044079576,20.088159152000003
32,110,N,9719103928,19.438207856000002
1075,118,Y,9521674448,19.043348896
87,32,N,9503987304,19.007974608
48,87,N,9344643096,18.689286191999997
516,48,Y,8750469424,17.500938848
110,1013,Y,8657377608,17.314755216
15,121,N,8653930794,17.307861588
84,15,N,8599514980,17.19902996
121,108,N,8585333644,17.170667288
805,84,Y,7773121790,15.546243579999999
108,996,Y,7740139162,15.480278323999999
13,40,N,4133230440,8.26646088
126,107,N,4007458480,8.01491696
34,64,N,3927754680,7.85550936
101,34,N,3797475992,7.594951984
64,13,N,3779332000,7.558663999999999
942,101,Y,3273737384,6.547474768
40,452,Y,3223852784,6.447705568000001
107,986,Y,3092190992,6.184381984
1136,126,Y,3076193928,6.152387856
68,5,N,2837323400,5.6746468000000005
48,104,N,2776297384,5.552594768
105,46,N,2755969664,5.5119393279999995
28,25,N,2681606416,5.363212832
79,12,N,2636359488,5.272718976
63,48,N,2625977800,5.2519556000000005
65,14,N,2612224264,5.224448528
49,97,N,2529912124,5.059824248
73,63,N,2514220248,5.028440496
42,55,N,2396368136,4.792736272
23,73,N,2390741880,4.78148376
5,105,N,2389847400,4.7796948
91,65,N,2372367152,4.744734304
14,123,N,2338133464,4.676266928
104,68,N,2337480840,4.67496168
10,49,N,2329975358,4.659950716
45,49,N,2280541788,4.561083576000001
46,98,N,2275348989,4.550697978
26,119,N,2273847176,4.547694352
95,107,N,2228431376,4.456862752
16,45,N,2181281696,4.362563391999999
96,10,N,2146571208,4.293142416
28,91,N,2143693496,4.287386992
28,115,N,2084310264,4.168620528
110,0,N,2058955872,4.117911744000001
4,85,N,2041949848,4.083899696
105,121,N,2022403024,4.044806048
17,60,N,2019536616,4.039073232
107,126,N,2009015496,4.018030992
99,90,N,2001761176,4.003522352
12,26,N,1987306400,3.9746128
10,96,N,1977811408,3.955622816
0,14,N,1948937264,3.8978745279999996
115,65,N,1945134464,3.890268928
9,111,N,1910758600,3.8215171999999997
106,5,N,1909911192,3.8198223839999996
40,13,N,1906128416,3.812256832
5,175,Y,1897479080,3.7949581599999997
50,108,N,1896666040,3.7933320800000003
119,123,N,1895739008,3.791478016
53,117,N,1886853160,3.7737063199999996
11,87,N,1867334392,3.7346687839999997
633,63,Y,1863772344,3.727544688
121,15,N,1863067920,3.72613584
81,41,N,1848411072,3.6968221439999995
97,49,N,1838522648,3.6770452959999997
16,5,N,1832759784,3.665519568
32,87,N,1818052576,3.636105152
96,88,N,1811486448,3.622972896
88,42,N,1790323392,3.5806467840000002
49,521,Y,1788567792,3.5771355839999996
109,28,N,1739716912,3.479433824
5,68,N,1729953008,3.459906016
102,17,N,1720035480,3.4400709600000003
63,634,Y,1714026728,3.4280534559999998
12,109,N,1713199816,3.426399632
29,121,N,1708595944,3.417191888
124,92,N,1690337000,3.380674
83,11,N,1690186712,3.380373424
24,81,N,1684545152,3.3690903039999998
32,59,N,1678848800,3.3576976000000003
27,31,N,1672263888,3.3445277760000005
62,96,N,1671768184,3.3435363680000005
70,52,N,1658332960,3.3166659199999997
110,32,N,1652657920,3.3053158399999996
315,23,Y,1651567704,3.3031354079999997
100,18,N,1649305904,3.298611808
87,48,N,1632069200,3.2641384
19,12,N,1621382048,3.2427640959999997
354,28,Y,1612020328,3.2240406559999997
15,84,N,1608558208,3.217116416
35,2,N,1600987712,3.2019754239999996
90,17,N,1598431024,3.1968620480000003
77,30,N,1597802552,3.195605104
123,1119,Y,1597261952,3.1945239039999995
57,66,N,1588381104,3.1767622080000004
113,70,N,1583564720,3.16712944
122,20,N,1582762684,3.1655253680000004
101,50,N,1574601192,3.149202384
121,105,N,1571364272,3.142728544
27,1,N,1571246368,3.142492736
25,328,Y,1570453416,3.1409068319999998
111,25,N,1563472016,3.126944032
93,18,N,1542496656,3.084993312
1,106,N,1535193168,3.070386336
86,37,N,1532864200,3.0657284
357,28,Y,1529707976,3.059415952
62,101,N,1527381448,3.054762896
25,21,N,1524433144,3.048866288
14,0,N,1514880688,3.029761376
2,58,N,1513342880,3.02668576
49,45,N,1496422296,2.992844592
74,113,N,1492332688,2.984665376
76,116,N,1490342704,2.9806854080000003
767,79,Y,1485427104,2.970854208
14,68,N,1482741088,2.9654821759999996
65,655,Y,1479157592,2.958315184
12,79,N,1477984912,2.9559698240000003
13,64,N,1467820568,2.935641136
74,53,N,1466404408,2.932808816
11,105,N,1465771656,2.931543312
85,4,N,1465490904,2.9309818080000003
1000,109,Y,1451052760,2.90210552
85,100,N,1450644640,2.90128928
94,35,N,1448369040,2.89673808
114,78,N,1444451104,2.888902208
77,27,N,1441878904,2.883757808
81,106,N,1440789736,2.881579472
22,6,N,1430235424,2.8604708480000003
97,56,N,1426168840,2.8523376799999998
66,9,N,1424151120,2.8483022399999998
98,97,N,1422355064,2.844710128
32,100,N,1421075776,2.842151552
90,855,Y,1418112968,2.836225936
118,1075,Y,1414822224,2.829644448
98,51,N,1410085760,2.82017152
68,90,N,1400856880,2.8017137599999997
72,94,N,1396434448,2.792868896
100,85,N,1388435400,2.7768707999999998
87,74,N,1387895136,2.775790272
123,1116,Y,1385415256,2.770830512
34,102,N,1381414896,2.762829792
17,102,N,1379463976,2.758927952
97,38,N,1375561304,2.7511226079999997
927,99,Y,1373423040,2.74684608
74,43,N,1372179640,2.74435928
38,94,N,1365838984,2.731677968
109,12,N,1365188712,2.730377424
24,44,N,1364680616,2.729361232
106,86,N,1364366576,2.7287331519999998
121,53,N,1360625488,2.721250976
76,52,N,1351377600,2.7027552
50,23,N,1344101072,2.688202144
126,124,N,1338879144,2.677758288
25,118,N,1336624792,2.6732495839999997
11,97,N,1336461024,2.6729220479999998
26,22,N,1325108856,2.6502177120000003
105,11,N,1321382288,2.642764576
71,10,N,1319403496,2.638806992
34,98,N,1314082056,2.628164112
13,122,N,1313585088,2.627170176
41,19,N,1313358568,2.626717136
85,81,N,1311423744,2.622847488
61,76,N,1306572152,2.613144304
55,42,N,1305867744,2.611735488
30,6,N,1304407368,2.6088147360000002
0,110,N,1301867352,2.603734704
9,49,N,1298702352,2.597404704
100,32,N,1290227352,2.580454704
117,30,N,1286084544,2.572169088
0,82,N,1277568888,2.555137776
108,121,N,1267264192,2.534528384
59,32,N,1265734824,2.531469648
4,103,N,1255077928,2.510155856
19,53,N,1253645462,2.507290924
65,76,N,1252204296,2.504408592
60,17,N,1250843792,2.501687584
3,28,N,1245224080,2.49044816
31,27,N,1243104760,2.48620952
19,16,N,1242258288,2.484516576
42,124,N,1240165728,2.480331456
10,71,N,1236516072,2.4730321440000003
52,124,N,1236274488,2.472548976
102,125,N,1224541936,2.449083872
69,79,N,1224436224,2.4488724480000004
73,23,N,1223991400,2.4479827999999997
30,77,N,1222072968,2.444145936
96,112,N,1221553608,2.443107216
108,10,N,1215420080,2.4308401600000002
21,40,N,1213915392,2.4278307839999997
43,96,N,1210779576,2.421559152
38,97,N,1199108400,2.3982168
45,1,N,1193673240,2.38734648
78,755,Y,1190632640,2.38126528
79,61,N,1189269360,2.37853872
31,0,N,1188421344,2.376842688
209,10,Y,1182320496,2.364640992
56,109,N,1182001232,2.364002464
35,94,N,1178481296,2.356962592
55,572,Y,1178225872,2.3564517439999997
27,77,N,1175038880,2.35007776
57,75,N,1174431720,2.34886344
39,9,N,1174424496,2.348848992
124,108,N,1164095208,2.328190416
5,16,N,1163489536,2.326979072
103,29,N,1161677680,2.3233553600000003
78,43,N,1160565968,2.321131936
41,81,N,1159007248,2.318014496
94,122,N,1152794976,2.305589952
64,115,N,1150828776,2.301657552
66,22,N,1146958776,2.293917552
108,124,N,1146825640,2.2936512799999997
48,63,N,1144711224,2.289422448
33,38,N,1143699168,2.287398336
91,71,N,1143155248,2.286310496
125,1,N,1142536288,2.285072576
55,59,N,1142330712,2.284661424
37,75,N,1141751064,2.283502128
30,117,N,1140864352,2.281728704
6,7,N,1140708200,2.2814164000000003
64,34,N,1136287928,2.272575856
86,102,N,1134283216,2.268566432
76,46,N,1133256399,2.266512798
72,104,N,1131184888,2.262369776
105,118,N,1130651416,2.2613028319999997
18,126,N,1130645712,2.261291424
23,110,N,1129899192,2.2597983839999998
9,42,N,1127243528,2.254487056
30,84,N,1123345008,2.246690016
261,16,Y,1123056576,2.246113152
14,65,N,1121619024,2.243238048
59,69,N,1117252400,2.2345048
53,19,N,1113394176,2.226788352
111,120,N,1113298208,2.226596416
55,35,N,1109817248,2.219634496
76,61,N,1108699064,2.217398128
120,82,N,1108206016,2.216412032
46,105,N,1106658344,2.213316688
44,122,N,1105942176,2.211884352
25,28,N,1102129560,2.20425912
100,106,N,1100366480,2.20073296
81,24,N,1099920832,2.199841664
126,69,N,1099164272,2.1983285439999998
17,90,N,1098877968,2.197755936
61,15,N,1094887728,2.189775456
92,38,N,1094297968,2.188595936
43,74,N,1092915960,2.18583192
99,57,N,1091996352,2.183992704
18,50,N,1091839944,2.183679888
71,91,N,1088739960,2.17747992
104,48,N,1087950760,2.17590152
2,71,N,1084701568,2.169403136
81,38,N,1083920560,2.1678411200000003
26,35,N,1081967800,2.1639356
8,82,N,1081713312,2.163426624
56,73,N,1080304840,2.16060968
68,14,N,1080287544,2.160575088
11,83,N,1075693664,2.151387328
116,40,N,1067581528,2.135163056
97,11,N,1065389752,2.130779504
82,8,N,1062975784,2.125951568
82,0,N,1059148936,2.118297872
6,22,N,1058989352,2.117978704
55,8,N,1052670096,2.105340192
47,100,N,1050962584,2.101925168
46,76,N,1050040120,2.10008024
120,111,N,1049854512,2.099709024
116,76,N,1048114928,2.096229856
122,13,N,1045683496,2.0913669919999998
41,83,N,1044370616,2.088741232
84,30,N,1043874560,2.0877491200000002
1,45,N,1042769528,2.085539056
5,106,N,1042233032,2.084466064
86,106,N,1039975416,2.079950832
22,39,N,1038680808,2.077361616
1,27,N,1037702696,2.075405392
123,101,N,1037057272,2.074114544
53,44,N,1036156072,2.072312144
97,905,Y,1034896440,2.06979288
49,10,N,1033691586,2.067383172
120,6,N,1033266336,2.0665326719999997
117,53,N,1032703048,2.0654060960000002
31,70,N,1029202896,2.058405792
40,116,N,1028781328,2.057562656
75,57,N,1028097312,2.056194624
67,47,N,1026507384,2.0530147679999997
6,16,N,1023030888,2.046061776
48,15,N,1022947384,2.0458947679999997
14,99,N,1021533112,2.043066224
40,21,N,1018947184,2.037894368
112,115,N,1017595360,2.03519072
104,72,N,1017062352,2.034124704
80,72,N,1017022320,2.03404464
33,117,N,1016137928,2.032275856
7,21,N,1015332016,2.030664032
124,42,N,1015189808,2.030379616
8,125,N,1014390016,2.0287800320000002
16,0,N,1013519984,2.027039968
61,79,N,1013485920,2.0269718400000003
94,72,N,1011416152,2.022832304
107,42,N,1011154432,2.022308864
206,9,Y,1009317656,2.018635312
98,33,N,1007670491,2.015340982
53,74,N,1007066240,2.01413248
123,14,N,1006559496,2.013118992
52,76,N,1006498656,2.012997312
12,19,N,1005749080,2.0114981600000004
52,70,N,1005090064,2.010180128
117,17,N,1004309240,2.00861848
66,57,N,1004064008,2.008128016
44,24,N,1003895120,2.00779024
98,34,N,1003675320,2.00735064
112,110,N,1001285656,2.002571312
15,48,N,998278296,1.9965565920000001
120,92,N,997532944,1.995065888
4,79,N,996618968,1.9932379359999999
75,13,N,996170480,1.9923409600000002
102,86,N,996131040,1.99226208
88,79,N,995304104,1.9906082080000003
22,26,N,995035592,1.990071184
21,25,N,993173936,1.986347872
92,120,N,992386000,1.984772
68,95,N,990600976,1.9812019520000002
10,60,N,989382280,1.9787645600000001
47,123,N,988448488,1.9768969760000001
44,53,N,987299928,1.9745998559999998
73,56,N,985168736,1.970337472
72,80,N,984404696,1.968809392
107,95,N,984363376,1.968726752
83,41,N,983615944,1.9672318880000002
111,86,N,982590512,1.965181024
98,46,N,982538619,1.9650772380000001
15,125,N,982235032,1.964470064
12,67,N,982012816,1.964025632
38,33,N,980760016,1.9615200320000001
34,69,N,979010568,1.958021136
0,16,N,978756784,1.9575135680000002
23,50,N,974796912,1.949593824
49,113,N,973700200,1.9474004
125,15,N,972350968,1.9447019360000002
46,93,N,971527984,1.9430559680000001
49,9,N,971350360,1.94270072
79,69,N,970486072,1.9409721439999998
48,119,N,968131216,1.9362624320000001
119,26,N,967756008,1.935512016
81,85,N,966681400,1.9333627999999998
109,118,N,965738800,1.9314775999999998
85,77,N,965725184,1.9314503680000001
123,47,N,963768872,1.927537744
21,7,N,960867936,1.9217358720000002
5,26,N,959900400,1.9198008
34,101,N,957993472,1.9159869440000001
7,83,N,955071248,1.9101424959999997
54,114,N,953713336,1.907426672
109,56,N,953250680,1.90650136
60,10,N,953148536,1.9062970719999999
69,126,N,953117808,1.9062356159999998
112,22,N,952046752,1.9040935040000002
101,123,N,949837728,1.899675456
65,91,N,949223680,1.89844736
57,99,N,949074640,1.89814928
78,84,N,946634552,1.893269104
15,61,N,945918080,1.89183616
56,54,N,945764896,1.891529792
94,38,N,944828216,1.889656432
90,33,N,944161664,1.8883233280000002
40,95,N,942805968,1.8856119359999999
37,61,N,942126064,1.884252128
63,60,N,942122072,1.884244144
97,98,N,940002736,1.8800054720000001
38,92,N,938164608,1.876329216
112,96,N,938136088,1.876272176
121,29,N,936979696,1.873959392
45,16,N,935052336,1.8701046719999999
43,78,N,934225328,1.868450656
35,26,N,932861072,1.865722144
92,865,Y,930166136,1.860332272
0,31,N,929338800,1.8586776
83,58,N,925101992,1.8502039840000002
103,75,N,923774384,1.847548768
23,30,N,922755512,1.8455110239999999
30,23,N,922505320,1.84501064
8,55,N,919703216,1.839406432
3,36,N,917658344,1.835316688
1,85,N,916413224,1.8328264479999998
77,80,N,916149248,1.832298496
93,63,N,916047960,1.83209592
106,100,N,914032200,1.8280644
110,114,N,913240200,1.8264804
42,107,N,912444952,1.824889904
122,44,N,911965128,1.823930256
42,88,N,911817712,1.823635424
110,112,N,911730512,1.823461024
119,36,N,911667848,1.8233356959999998
101,62,N,911367536,1.822735072
79,4,N,911235128,1.822470256
59,55,N,910314712,1.820629424
18,100,N,899075248,1.7981504959999999
58,595,Y,897691816,1.795383632
99,14,N,897334520,1.79466904
36,19,N,894255616,1.788511232
108,50,N,892833600,1.7856672
82,120,N,891877456,1.783754912
6,120,N,891099576,1.782199152
96,62,N,890814464,1.7816289280000002
84,41,N,890624760,1.78124952
111,87,N,889956192,1.779912384
893,95,Y,889939248,1.779878496
83,7,N,888745344,1.777490688
43,58,N,886459824,1.772919648
115,112,N,884785648,1.7695712959999998
89,119,N,883673424,1.7673468479999999
55,7,N,882747976,1.765495952
708,72,Y,880265688,1.760531376
1,125,N,879890032,1.759780064
57,52,N,877588160,1.7551763200000001
58,2,N,876321304,1.7526426080000002
127,120,N,875716400,1.7514328
87,111,N,875033512,1.7500670239999998
71,127,N,874415928,1.748831856
52,57,N,874335744,1.748671488
31,20,N,872341968,1.7446839360000002
45,78,N,867312472,1.734624944
8,62,N,867115766,1.734231532
127,59,N,866875264,1.7337505279999998
6,30,N,864677128,1.729354256
118,105,N,863260984,1.726521968
35,67,N,860930280,1.7218605599999999
86,111,N,860915384,1.721830768
84,78,N,858366656,1.716733312
52,24,N,858342072,1.716684144
165,4,Y,855063024,1.7101260480000002
17,117,N,853650208,1.7073004159999998
92,124,N,853581624,1.707163248
71,2,N,853353608,1.7067072159999999
78,116,N,852414680,1.70482936
64,104,N,852130048,1.704260096
90,68,N,851927784,1.703855568
63,73,N,849678736,1.6993574720000002
89,83,N,849163920,1.69832784
84,93,N,848685488,1.697370976
69,34,N,847797936,1.6955958720000002
102,34,N,847526840,1.69505368
167,4,Y,847027232,1.694054464
119,48,N,846277408,1.6925548160000001
1013,110,Y,845021664,1.6900433279999998
96,43,N,843281928,1.686563856
123,119,N,843007832,1.686015664
105,5,N,842895352,1.6857907040000002
41,84,N,840164528,1.680329056
21,90,N,839991680,1.67998336
36,116,N,838801656,1.6776033119999998
7,55,N,837972680,1.67594536
20,17,N,837012624,1.674025248
116,78,N,836388120,1.67277624
344,27,Y,831853552,1.663707104
66,41,N,831011704,1.662023408
92,103,N,826577320,1.65315464
9,66,N,826180912,1.652361824
53,121,N,824222264,1.648444528
75,103,N,822845648,1.645691296
36,3,N,822244648,1.644489296
54,66,N,820881152,1.641762304
76,65,N,820605520,1.64121104
107,70,N,819582384,1.6391647679999999
39,21,N,818215376,1.6364307519999999
62,8,N,817078656,1.6341573120000001
100,47,N,816819656,1.6336393120000001
69,59,N,815983752,1.631967504
10,108,N,815663016,1.6313260319999998
37,86,N,815662056,1.631324112
124,126,N,815076088,1.630152176
67,27,N,815019384,1.630038768
116,73,N,814482304,1.6289646080000002
16,6,N,814096440,1.62819288
723,74,Y,813743432,1.627486864
47,39,N,813240264,1.6264805279999999
38,81,N,812797976,1.6255959519999998
20,122,N,811025362,1.6220507240000002
58,43,N,809348608,1.618697216
401,34,Y,806613624,1.613227248
47,67,N,806482280,1.61296456
106,1,N,804835992,1.609671984
48,516,Y,802184800,1.6043696
797,83,Y,802076688,1.604153376
85,1,N,801839928,1.6036798559999998
18,93,N,801246728,1.602493456
75,37,N,800006192,1.6000123840000002
95,68,N,799910504,1.599821008
5,168,Y,799090296,1.598180592
628,62,Y,798921320,1.5978426399999999
107,89,N,798438128,1.5968762559999998
122,71,N,795957656,1.5919153120000002
36,119,N,795843176,1.5916863520000002
108,992,Y,795731760,1.59146352
84,805,Y,791845024,1.5836900479999998
90,99,N,790573952,1.581147904
24,52,N,789670696,1.579341392
80,127,N,789312280,1.5786245599999997
90,21,N,789084672,1.5781693440000002
22,112,N,788676592,1.5773531840000001
56,97,N,788450048,1.5769000960000001
91,28,N,787773992,1.575547984
26,5,N,786969936,1.573939872
78,114,N,784518704,1.569037408
86,47,N,782977880,1.5659557599999998
51,98,N,782498424,1.5649968479999998
72,25,N,780393880,1.56078776
108,80,N,779746232,1.559492464
77,118,N,778587056,1.557174112
50,534,Y,778250216,1.556500432
13,4,N,777489408,1.554978816
21,39,N,777301240,1.55460248
58,83,N,771509416,1.543018832
95,73,N,771032520,1.54206504
878,93,Y,768015536,1.5360310719999999
3,65,N,767132848,1.5342656959999998
74,87,N,766154536,1.5323090719999999
43,473,Y,764885096,1.529770192
87,11,N,763808088,1.527616176
41,66,N,763627584,1.527255168
218,11,Y,762878768,1.525757536
63,93,N,762848376,1.525696752
58,102,N,760386208,1.520772416
70,31,N,760191336,1.520382672
50,101,N,760116568,1.5202331359999999
127,80,N,759624176,1.519248352
82,117,N,758192936,1.5163858719999999
77,85,N,755961400,1.5119228
118,77,N,754533576,1.5090671519999999
27,40,N,754099872,1.508199744
106,81,N,752779896,1.5055597920000001
61,20,N,751680312,1.5033606240000001
61,37,N,751289040,1.50257808
64,18,N,751190400,1.5023808
996,108,Y,751102424,1.5022048479999999
41,458,Y,750752176,1.501504352
46,114,N,749451336,1.498902672
35,55,N,748305176,1.496610352
91,92,N,747339472,1.4946789440000001
384,32,Y,746847216,1.4936944319999998
109,103,N,746559704,1.4931194079999999
106,979,Y,746147632,1.492295264
29,103,N,744554968,1.489109936
115,64,N,744400680,1.48880136
115,4,N,744386232,1.488772464
587,57,Y,741066528,1.4821330560000001
113,49,N,739273632,1.478547264
114,32,N,738793656,1.477587312
92,91,N,738433600,1.4768672
33,90,N,738016400,1.4760328
67,72,N,736483560,1.47296712
39,47,N,735666864,1.471333728
40,27,N,734824064,1.469648128
322,24,Y,734291512,1.468583024
60,614,Y,733967768,1.467935536
7,190,Y,733798832,1.467597664
117,1070,Y,733528048,1.467056096
124,1121,Y,732316288,1.464632576
19,41,N,730239280,1.4604785599999999
125,8,N,730044408,1.460088816
94,37,N,727993600,1.4559872
20,31,N,727573504,1.455147008
75,112,N,727014208,1.4540284159999999
16,19,N,726550368,1.4531007360000001
68,104,N,725291792,1.450583584
70,113,N,725105424,1.450210848
69,44,N,724649408,1.449298816
4,115,N,723944976,1.447889952
42,9,N,723830752,1.447661504
33,11,N,722020048,1.444040096
31,60,N,720927653,1.4418553060000001
24,50,N,720786896,1.441573792
127,71,N,720724504,1.441449008
112,75,N,720288536,1.440577072
43,39,N,720170256,1.4403405120000001
361,29,Y,719898072,1.439796144
170,5,Y,718380296,1.436760592
631,62,Y,718258592,1.436517184
120,127,N,717726592,1.435453184
27,67,N,716866256,1.433732512
124,52,N,715901768,1.431803536
51,8,N,715633640,1.4312672800000001
13,75,N,715624456,1.431248912
26,12,N,713980224,1.4279604479999999
93,84,N,712796416,1.425592832
778,81,Y,712687456,1.425374912
80,108,N,712455320,1.42491064
534,50,Y,711750208,1.423500416
114,46,N,711186816,1.422373632
67,35,N,711063320,1.4221266399999999
20,61,N,709683368,1.419366736
113,74,N,709571256,1.419142512
103,4,N,707371008,1.414742016
66,54,N,705875320,1.41175064
57,126,N,705622656,1.411245312
79,88,N,703296232,1.406592464
104,64,N,703290752,1.406581504
321,24,Y,703269970,1.40653994
83,89,N,702763680,1.40552736
60,63,N,700660400,1.4013208
103,92,N,700401928,1.400803856
497,46,Y,699934264,1.3998685279999998
119,89,N,699622536,1.399245072
70,62,N,699571832,1.3991436640000001
65,3,N,696347688,1.3926953759999998
88,37,N,689071744,1.378143488
60,31,N,688540392,1.377080784
67,12,N,688373520,1.3767470400000001
22,66,N,686600104,1.373200208
126,18,N,686026936,1.372053872
110,23,N,685640624,1.3712812479999998
80,77,N,683436576,1.366873152
19,36,N,680080672,1.360161344
29,91,N,679095968,1.3581919359999999
18,64,N,673114936,1.3462298719999999
38,434,Y,673026560,1.34605312
88,96,N,671927648,1.343855296
457,41,Y,671569552,1.343139104
89,107,N,671400560,1.3428011199999998
340,26,Y,671292824,1.342585648
36,45,N,670081272,1.340162544
50,24,N,668494712,1.336989424
678,68,Y,662346696,1.3246933920000001
44,69,N,662254432,1.324508864
98,919,Y,662034032,1.324068064
39,22,N,661637608,1.3232752159999999
93,101,N,659450584,1.318901168
114,54,N,657347024,1.314694048
117,33,N,657283928,1.314567856
89,60,N,656283536,1.312567072
125,1128,Y,655849976,1.3116999520000001
54,23,N,654751112,1.309502224
125,102,N,654349864,1.3086997280000001
95,40,N,651815312,1.303630624
51,541,Y,650796896,1.301593792
91,29,N,649290016,1.2985800319999998
28,3,N,648944632,1.297889264
59,127,N,647586216,1.295172432
33,98,N,647357952,1.294715904
2,99,N,645407104,1.290814208
32,114,N,644611120,1.28922224
126,57,N,644499152,1.2889983040000002
102,58,N,644021968,1.288043936
15,254,Y,641838840,1.28367768
59,51,N,640378888,1.280757776
39,43,N,640310000,1.28062
2,35,N,640284560,1.28056912
2,88,N,638568896,1.277137792
58,99,N,636667848,1.2733356960000002
122,94,N,636090408,1.272180816
29,363,Y,632156528,1.264313056
24,51,N,631246512,1.262493024
933,100,Y,630736456,1.261472912
37,94,N,629779880,1.25955976
11,33,N,628687592,1.257375184
20,62,N,623074512,1.246149024
75,730,Y,621286976,1.2425739519999999
126,1140,Y,619766144,1.239532288
99,2,N,619478016,1.238956032
116,36,N,619352568,1.238705136
60,89,N,619167128,1.238334256
233,13,Y,618755728,1.237511456
65,115,N,617562408,1.235124816
113,89,N,616920376,1.233840752
103,109,N,616285240,1.23257048
70,107,N,612084024,1.224168048
73,95,N,610166080,1.22033216
62,20,N,610084788,1.220169576
115,28,N,608298440,1.21659688
78,45,N,607370502,1.214741004
45,36,N,602989440,1.20597888
79,766,Y,602916760,1.20583352
9,39,N,602437480,1.20487496
37,88,N,598789624,1.197579248
56,3,N,598100856,1.196201712
3,56,N,597053064,1.194106128
71,122,N,595815168,1.191630336
72,67,N,595582336,1.191164672
113,63,N,590676072,1.181352144
93,46,N,590053936,1.180107872
50,18,N,586986304,1.1739726080000001
23,54,N,586969912,1.173939824
123,74,N,581100920,1.16220184
68,674,Y,580805792,1.161611584
51,125,N,579045928,1.158091856
7,6,N,578093488,1.1561869759999999
1014,110,Y,575061704,1.150123408
973,105,Y,573568608,1.147137216
127,44,N,573361624,1.146723248
74,123,N,570754736,1.1415094719999999
51,59,N,570595584,1.141191168
115,1055,Y,569894832,1.139789664
104,95,N,568341152,1.136682304
42,466,Y,566389184,1.132778368
17,20,N,564364328,1.128728656
581,56,Y,562643664,1.125287328
70,694,Y,555890000,1.11178
125,51,N,553555176,1.107110352
44,127,N,552182864,1.104365728
117,82,N,549766496,1.0995329919999999
749,77,Y,548750928,1.097501856
51,24,N,547556640,1.09511328
29,80,N,545947544,1.091895088
101,93,N,545800544,1.091601088
18,273,Y,543799056,1.087598112
20,290,Y,543197818,1.086395636
25,72,N,541711024,1.083422048
1,138,Y,537596448,1.0751928960000001
118,109,N,533841400,1.0676828
47,86,N,533776224,1.067552448
28,109,N,529799320,1.05959864
152,3,Y,528463288,1.056926576
570,55,Y,528256744,1.056513488
54,3,N,526139720,1.05227944
4,13,N,525105160,1.05021032
118,29,N,521644112,1.043288224
109,1002,Y,520215008,1.040430016
80,29,N,515385368,1.030770736
8,195,Y,511926376,1.023852752
20,295,Y,508296512,1.0165930239999998
95,104,N,506881968,1.0137639360000001
283,19,Y,505892024,1.011784048
108,997,Y,504665616,1.009331232
63,113,N,503241856,1.0064837119999999
819,86,Y,503107136,1.006214272
61,623,Y,501993576,1.003987152
7,82,N,498738984,0.997477968
658,66,Y,496879472,0.993758944
448,40,Y,493267696,0.986535392
68,676,Y,492584328,0.9851686559999999
169,5,Y,492332120,0.98466424
3,54,N,490049136,0.980098272
73,116,N,489370808,0.978741616
894,95,Y,488006176,0.976012352
60,613,Y,485996056,0.971992112
175,5,Y,485658000,0.9713160000000001
938,101,Y,484183424,0.968366848
823,86,Y,483275824,0.966551648
114,110,N,480593096,0.9611861920000001
56,581,Y,479495752,0.9589915040000001
45,492,Y,474735216,0.949470432
82,7,N,473547432,0.9470948640000001
154,3,Y,471917520,0.94383504
259,16,Y,471428032,0.942856064
101,942,Y,468724336,0.937448672
8,51,N,468243888,0.9364877759999999
46,499,Y,466222992,0.932445984
117,1065,Y,461348288,0.9226965760000001
904,97,Y,457846824,0.9156936480000001
62,70,N,452144480,0.9042889599999999
60,608,Y,451985840,0.9039716799999999
71,702,Y,451566560,0.9031331199999999
29,118,N,448911344,0.8978226880000001
406,34,Y,447108056,0.8942161120000001
205,9,Y,446349608,0.8926992159999999
88,2,N,443113160,0.88622632
59,600,Y,441401040,0.8828020799999999
69,683,Y,438051928,0.876103856
371,30,Y,435747024,0.8714940480000001
1144,127,Y,433858376,0.8677167519999999
99,58,N,431100080,0.86220016
495,45,Y,430480640,0.8609612799999999
77,746,Y,430135496,0.860270992
52,551,Y,429020576,0.858041152
387,32,Y,427875192,0.8557503839999999
23,315,Y,427515040,0.85503008
22,310,Y,422869008,0.845738016
126,1136,Y,422018304,0.8440366079999999
131,0,Y,417615680,0.83523136
159,3,Y,417602792,0.8352055840000001
117,1069,Y,417075080,0.8341501600000001
623,61,Y,415765464,0.8315309280000001
79,761,Y,414349304,0.828698608
21,298,Y,413578160,0.8271563200000001
54,56,N,412821344,0.8256426880000001
472,43,Y,411478416,0.822956832
89,113,N,404816568,0.809633136
0,134,Y,394549592,0.789099184
44,485,Y,393307448,0.7866148959999999
484,44,Y,389840152,0.779680304
17,268,Y,389120344,0.778240688
78,757,Y,388363392,0.776726784
901,96,Y,386523248,0.773046496
122,1106,Y,384004408,0.768008816
82,789,Y,383540056,0.767080112
421,36,Y,382907992,0.7658159840000001
121,1100,Y,382508448,0.765016896
975,105,Y,380694264,0.761388528
116,1063,Y,380626296,0.761252592
24,322,Y,379565432,0.759130864
432,38,Y,379531768,0.759063536
4,165,Y,375563976,0.7511279519999999
704,72,Y,373696368,0.747392736
653,65,Y,373256296,0.746512592
200,9,Y,372732000,0.745464
122,1104,Y,371669520,0.74333904
675,68,Y,368762888,0.737525776
13,236,Y,366840464,0.7336809280000001
512,48,Y,366188808,0.732377616
63,633,Y,364995328,0.729990656
455,40,Y,360801360,0.72160272
863,91,Y,360269280,0.72053856
69,682,Y,358142960,0.71628592
722,74,Y,357716568,0.715433136
337,26,Y,357351048,0.714702096
68,678,Y,357256528,0.714513056
1072,118,Y,354856072,0.7097121439999999
452,40,Y,353318856,0.706637712
272,18,Y,352060392,0.704120784
45,491,Y,350738944,0.701477888
744,77,Y,349036384,0.698072768
52,546,Y,347528456,0.695056912
1115,123,Y,346649720,0.69329944
870,92,Y,344683952,0.6893679039999999
119,1086,Y,343580600,0.6871612
755,78,Y,343307784,0.686615568
986,107,Y,342626440,0.6852528800000001
900,96,Y,341577456,0.683154912
745,77,Y,341193392,0.682386784
110,1010,Y,340650128,0.681300256
346,27,Y,340611744,0.681223488
49,523,Y,340331576,0.680663152
57,587,Y,340216336,0.680432672
464,42,Y,339829728,0.679659456
1104,122,Y,339039952,0.6780799040000001
576,56,Y,335983456,0.6719669119999999
736,76,Y,334857088,0.6697141759999999
383,31,Y,334508280,0.66901656
141,1,Y,333953720,0.66790744
20,289,Y,333738176,0.667476352
25,330,Y,333604992,0.667209984
702,71,Y,333104792,0.666209584
72,704,Y,332575472,0.665150944
0,128,Y,332367448,0.6647348959999999
413,35,Y,331053432,0.662106864
896,96,Y,330850160,0.66170032
673,68,Y,330513848,0.661027696
97,909,Y,330328512,0.660657024
14,244,Y,325306760,0.65061352
843,89,Y,325224288,0.6504485760000001
319,23,Y,323196400,0.6463928
110,1015,Y,321572072,0.6431441440000001
87,827,Y,318918672,0.6378373439999999
92,870,Y,318291808,0.636583616
571,55,Y,315713424,0.631426848
347,27,Y,315363664,0.630727328
174,5,Y,315138440,0.6302768799999999
453,40,Y,314357088,0.628714176
17,264,Y,313090792,0.626181584
104,965,Y,313086160,0.62617232
86,816,Y,312473872,0.624947744
754,78,Y,312034816,0.624069632
721,74,Y,311861592,0.623723184
388,32,Y,311585392,0.6231707839999999
10,209,Y,311012160,0.6220243200000001
417,36,Y,310472824,0.620945648
161,4,Y,310009880,0.62001976
46,500,Y,309372776,0.618745552
477,43,Y,309274592,0.6185491839999999
804,84,Y,309071872,0.6181437439999999
865,92,Y,309059304,0.618118608
229,12,Y,307309000,0.614618
333,25,Y,306850928,0.6137018559999999
27,347,Y,306313192,0.612626384
118,1072,Y,304143160,0.60828632
1011,110,Y,304047704,0.6080954080000001
30,370,Y,303397352,0.6067947039999999
756,78,Y,302325504,0.604651008
1110,122,Y,302013504,0.604027008
27,349,Y,301433016,0.602866032
72,708,Y,301393792,0.602787584
5,171,Y,299726008,0.599452016
181,6,Y,297073520,0.59414704
87,825,Y,296478136,0.592956272
87,826,Y,296440384,0.592880768
1090,120,Y,295593360,0.59118672
105,969,Y,294777824,0.589555648
99,921,Y,294268576,0.588537152
414,35,Y,293376280,0.5867525600000001
26,339,Y,293320384,0.586640768
83,797,Y,293195200,0.5863904
14,240,Y,292455704,0.5849114080000001
730,75,Y,292336648,0.584673296
585,57,Y,291407400,0.5828148
757,78,Y,291283280,0.58256656
125,1130,Y,291194696,0.582389392
53,554,Y,290604736,0.581209472
982,106,Y,288764568,0.577529136
28,357,Y,288367552,0.576735104
522,49,Y,287378736,0.5747574719999999
117,1066,Y,287308352,0.574616704
47,506,Y,287069280,0.57413856
1088,120,Y,286866016,0.573732032
93,876,Y,285802360,0.5716047200000001
740,76,Y,285595128,0.571190256
265,17,Y,285188632,0.570377264
136,1,Y,285116376,0.570232752
1025,112,Y,284920592,0.569841184
89,844,Y,283668776,0.567337552
918,98,Y,282835808,0.565671616
634,63,Y,282725744,0.565451488
46,498,Y,282707120,0.5654142400000001
193,8,Y,282359368,0.564718736
243,14,Y,282252304,0.5645046079999999
299,21,Y,279685832,0.559371664
1007,109,Y,278860304,0.557720608
260,16,Y,278709944,0.557419888
992,108,Y,278381464,0.5567629279999999
39,441,Y,278244128,0.556488256
492,45,Y,277790408,0.555580816
526,49,Y,277778528,0.5555570559999999
974,105,Y,277748560,0.55549712
598,58,Y,277609112,0.555218224
246,14,Y,277118544,0.554237088
103,952,Y,277048736,0.554097472
17,270,Y,276420680,0.55284136
109,1000,Y,276414304,0.552828608
551,52,Y,276150360,0.55230072
10,211,Y,276093032,0.552186064
85,813,Y,275345872,0.550691744
101,939,Y,275227280,0.5504545599999999
82,784,Y,275217168,0.550434336
21,299,Y,274203776,0.548407552
219,11,Y,273820704,0.547641408
18,274,Y,273661272,0.547322544
44,481,Y,273251776,0.546503552
6,177,Y,272643184,0.5452863680000001
126,1142,Y,272586640,0.54517328
228,12,Y,271961226,0.543922452
4,167,Y,270944240,0.54188848
80,770,Y,270831120,0.5416622400000001
308,22,Y,270557256,0.541114512
11,221,Y,270513424,0.541026848
223,11,Y,270169696,0.540339392
27,348,Y,268298960,0.53659792
37,431,Y,268091968,0.5361839359999999
572,55,Y,266465184,0.532930368
220,11,Y,266176240,0.53235248
13,235,Y,266146808,0.532293616
148,2,Y,265288528,0.530577056
621,61,Y,264342232,0.528684464
59,604,Y,263127376,0.5262547519999999
115,1052,Y,263068936,0.5261378720000001
41,462,Y,262397064,0.5247941279999999
185,7,Y,261852200,0.5237044
93,878,Y,261667728,0.5233354560000001
18,277,Y,260494272,0.520988544
362,29,Y,260253928,0.5205078559999999
294,20,Y,259315416,0.518630832
747,77,Y,258944688,0.517889376
837,88,Y,258898328,0.517796656
1126,124,Y,258868032,0.5177360639999999
776,81,Y,258208968,0.516417936
195,8,Y,257974440,0.5159488799999999
820,86,Y,257577664,0.5151553280000001
77,744,Y,257307328,0.514614656
68,679,Y,256634072,0.513268144
6,179,Y,256475176,0.512950352
291,20,Y,255246944,0.510493888
120,1093,Y,254881136,0.509762272
21,297,Y,254171528,0.5083430560000001
956,103,Y,253656408,0.507312816
23,318,Y,252416008,0.5048320159999999
95,890,Y,252366976,0.504733952
74,723,Y,252023896,0.5040477919999999
168,5,Y,251972048,0.503944096
584,57,Y,251840760,0.50368152
655,65,Y,251767944,0.503535888
37,425,Y,250715320,0.5014306399999999
99,927,Y,250235544,0.500471088
373,30,Y,250041344,0.500082688
30,369,Y,250006344,0.500012688
847,89,Y,249734360,0.49946872000000003
18,272,Y,249566280,0.49913256
1003,109,Y,248785672,0.49757134399999997
28,358,Y,247691664,0.495383328
0,135,Y,247682152,0.495364304
211,10,Y,247212720,0.49442543999999994
79,767,Y,246153552,0.492307104
32,386,Y,245820864,0.491641728
514,48,Y,244415000,0.48883
103,955,Y,244412216,0.48882443200000003
31,377,Y,244257584,0.488515168
26,342,Y,244235080,0.48847016000000004
521,49,Y,244040544,0.488081088
467,42,Y,243908056,0.487816112
1119,123,Y,243831280,0.48766256
1142,126,Y,243757376,0.48751475200000005
96,903,Y,243629848,0.487259696
42,470,Y,243182232,0.48636446400000005
1092,120,Y,243057048,0.48611409600000005
68,672,Y,242985856,0.485971712
43,479,Y,242049760,0.48409952
845,89,Y,242037112,0.484074224
46,497,Y,241889224,0.483778448
3,159,Y,241771712,0.48354342400000005
111,1019,Y,241172288,0.482344576
217,11,Y,240414856,0.480829712
738,76,Y,239879760,0.47975952
458,41,Y,239787192,0.479574384
857,91,Y,239055704,0.478111408
667,67,Y,239013920,0.47802784
101,936,Y,238168184,0.476336368
48,512,Y,237850312,0.475700624
37,424,Y,237384128,0.474768256
62,631,Y,236481064,0.472962128
97,908,Y,236363336,0.47272667199999996
89,840,Y,236094072,0.472188144
1062,116,Y,235885912,0.471771824
910,97,Y,235180872,0.470361744
792,83,Y,235041784,0.470083568
120,1089,Y,234853392,0.46970678400000004
91,856,Y,234581536,0.469163072
499,46,Y,234536304,0.469072608
16,261,Y,234298352,0.468596704
34,401,Y,234241544,0.468483088
969,105,Y,234038872,0.46807774399999996
26,340,Y,234037080,0.46807415999999996
67,668,Y,233952584,0.467905168
118,1077,Y,233610744,0.467221488
475,43,Y,233303912,0.46660782399999995
906,97,Y,233030112,0.46606022399999997
40,448,Y,232465544,0.46493108800000005
81,778,Y,232279088,0.464558176
119,1087,Y,231734832,0.463469664
395,33,Y,231608584,0.463217168
72,711,Y,231464552,0.462929104
108,999,Y,230946904,0.461893808
685,69,Y,230784512,0.46156902400000005
89,846,Y,230676672,0.46135334400000005
62,629,Y,229581120,0.45916224
67,667,Y,229483464,0.458966928
30,374,Y,229416464,0.45883292800000003
71,699,Y,229402960,0.45880592000000003
52,548,Y,229382088,0.458764176
13,233,Y,229187998,0.458375996
10,214,Y,228633056,0.457266112
142,1,Y,228569776,0.457139552
849,90,Y,228494432,0.45698886400000005
197,8,Y,228208232,0.456416464
328,25,Y,227524392,0.455048784
116,1057,Y,227518560,0.45503712
828,87,Y,227128352,0.45425670399999996
761,79,Y,226691264,0.45338252799999995
1096,121,Y,226674976,0.45334995200000006
363,29,Y,226436016,0.45287203200000004
914,98,Y,226355656,0.452711312
1069,117,Y,225967600,0.4519352
70,691,Y,225829968,0.451659936
763,79,Y,225749128,0.45149825600000004
569,55,Y,225515056,0.451030112
1012,110,Y,225490704,0.450981408
1045,114,Y,225282688,0.45056537599999996
16,256,Y,225127784,0.450255568
80,773,Y,224986360,0.44997272000000005
48,513,Y,224329544,0.44865908800000004
111,1023,Y,224251392,0.448502784
1116,123,Y,223901832,0.44780366400000005
407,34,Y,223603248,0.447206496
12,230,Y,223504200,0.44700840000000003
10,213,Y,223390008,0.44678001600000006
960,104,Y,222598664,0.445197328
115,1051,Y,222558416,0.44511683199999996
381,31,Y,222187176,0.444374352
75,728,Y,222134040,0.44426808
1070,117,Y,221968024,0.44393604799999997
53,557,Y,221274896,0.442549792
786,82,Y,221144056,0.44228811200000007
661,66,Y,221055592,0.44211118400000005
54,564,Y,220211008,0.44042201599999997
887,94,Y,219492232,0.438984464
999,108,Y,219306320,0.43861264
52,544,Y,219197072,0.438394144
442,39,Y,219184856,0.438369712
434,38,Y,218992160,0.43798432
108,994,Y,218989096,0.437978192
51,538,Y,218781848,0.437563696
26,338,Y,218756120,0.43751223999999994
75,729,Y,218584112,0.437168224
8,196,Y,218378376,0.43675675199999997
3,152,Y,217995928,0.435991856
1002,109,Y,217804976,0.435609952
38,437,Y,217311528,0.434623056
366,29,Y,217279728,0.434559456
385,32,Y,217127464,0.434254928
1087,119,Y,217074192,0.434148384
48,515,Y,217038688,0.43407737599999996
83,792,Y,216648992,0.43329798399999997
629,62,Y,216564832,0.433129664
1001,109,Y,216558696,0.43311739199999993
479,43,Y,216354416,0.43270883200000004
285,19,Y,216219336,0.432438672
1131,125,Y,216007832,0.432015664
1009,110,Y,215331232,0.430662464
28,354,Y,215145632,0.430291264
63,636,Y,214887488,0.429774976
713,73,Y,214623128,0.429246256
46,501,Y,213751488,0.427502976
107,989,Y,213399168,0.426798336
451,40,Y,213300008,0.426600016
77,749,Y,213084328,0.42616865600000003
586,57,Y,213008936,0.42601787199999996
32,391,Y,212809352,0.42561870399999996
30,373,Y,212625456,0.42525091200000004
376,31,Y,212537456,0.425074912
869,92,Y,212347512,0.42469502400000003
1089,120,Y,212218992,0.424437984
919,98,Y,211838216,0.423676432
92,866,Y,211771064,0.423542128
56,579,Y,211695440,0.42339088
625,62,Y,211037656,0.42207531200000004
638,63,Y,210801544,0.421603088
510,47,Y,210795368,0.42159073599999997
652,65,Y,210534248,0.42106849599999996
882,94,Y,210491360,0.42098272000000003
107,990,Y,210312232,0.420624464
0,129,Y,210186400,0.42037280000000005
855,90,Y,210106744,0.42021348799999997
591,57,Y,209994112,0.419988224
117,1071,Y,209807680,0.41961536000000005
356,28,Y,209742432,0.419484864
733,75,Y,209727672,0.419455344
4,161,Y,209566624,0.41913324799999996
11,218,Y,209480736,0.418961472
758,78,Y,209414008,0.418828016
120,1090,Y,209411616,0.418823232
40,453,Y,209307656,0.418615312
1034,113,Y,209284672,0.418569344
80,774,Y,209149096,0.418298192
886,94,Y,208906176,0.417812352
71,700,Y,208631872,0.417263744
76,739,Y,208534072,0.417068144
45,489,Y,208446424,0.41689284800000004
101,943,Y,208148720,0.41629744
86,819,Y,207901424,0.415802848
82,786,Y,207897584,0.415795168
921,99,Y,207846248,0.41569249599999997
96,897,Y,207538024,0.415076048
44,483,Y,207252248,0.414504496
250,15,Y,207182720,0.41436544000000003
87,831,Y,206887424,0.413774848
36,423,Y,206729704,0.413459408
182,6,Y,206514512,0.41302902399999997
124,1125,Y,206509416,0.41301883200000006
301,21,Y,206217488,0.412434976
1041,114,Y,205783858,0.41156771600000003
785,82,Y,205188200,0.41037640000000003
393,33,Y,204691200,0.40938240000000004
84,804,Y,204440776,0.408881552
950,102,Y,204296000,0.40859199999999996
82,785,Y,204261568,0.408523136
91,858,Y,204140256,0.408280512
1,136,Y,204100088,0.40820017599999997
608,60,Y,204010352,0.40802070399999996
597,58,Y,203901264,0.40780252799999994
95,893,Y,203865680,0.40773136
44,484,Y,203683448,0.40736689600000003
3,156,Y,203647992,0.407295984
73,713,Y,203561392,0.407122784
121,1103,Y,203519328,0.407038656
236,13,Y,203400296,0.406800592
1117,123,Y,203374232,0.406748464
17,265,Y,203358512,0.406717024
972,105,Y,203279216,0.406558432
62,625,Y,203247088,0.40649417600000004
88,836,Y,202916840,0.40583368000000003
78,754,Y,202609544,0.40521908799999995
879,93,Y,202528464,0.40505692800000004
90,850,Y,202412720,0.40482544000000004
12,227,Y,201991944,0.40398388800000007
428,37,Y,201891416,0.403782832
1100,121,Y,201786384,0.403572768
87,828,Y,201424328,0.40284865599999997
19,280,Y,201423424,0.40284684800000004
375,30,Y,201320400,0.4026408
59,606,Y,201005112,0.402010224
774,80,Y,200937808,0.40187561600000005
470,42,Y,200614568,0.401229136
56,578,Y,200542856,0.401085712
38,439,Y,200458280,0.40091656
63,632,Y,200228104,0.40045620800000004
23,316,Y,200136784,0.400273568
286,19,Y,200118376,0.40023675200000003
335,25,Y,199902104,0.399804208
359,28,Y,199802928,0.399605856
645,64,Y,199663040,0.39932607999999997
104,967,Y,199295952,0.398591904
196,8,Y,199012560,0.39802512
813,85,Y,198456752,0.39691350400000003
92,868,Y,198441296,0.39688259200000003
100,933,Y,198152792,0.39630558400000004
962,104,Y,198047672,0.39609534399999996
518,48,Y,197973648,0.395947296
779,81,Y,197770336,0.395540672
612,60,Y,197523512,0.395047024
111,1022,Y,197411064,0.394822128
9,207,Y,197222440,0.39444488
244,14,Y,197109728,0.39421945599999997
769,80,Y,197056504,0.394113008
119,1085,Y,196916784,0.393833568
750,77,Y,196727208,0.39345441600000003
599,58,Y,196503472,0.393006944
6,176,Y,196368648,0.39273729599999996
803,84,Y,196356672,0.392713344
27,351,Y,196347224,0.392694448
1134,125,Y,196308560,0.39261712
232,13,Y,196131240,0.39226247999999997
1141,126,Y,195923224,0.39184644799999996
931,100,Y,195780904,0.39156180799999996
7,191,Y,195728368,0.391456736
592,58,Y,195629944,0.391259888
120,1092,Y,195572136,0.391144272
126,1137,Y,195544744,0.391089488
80,775,Y,195521904,0.391043808
240,14,Y,195415152,0.390830304
190,7,Y,195187016,0.39037403200000004
97,910,Y,195166544,0.390333088
41,460,Y,195058312,0.390116624
1106,122,Y,194655608,0.389311216
476,43,Y,194615512,0.389231024
264,17,Y,194557968,0.389115936
41,457,Y,194516384,0.38903276800000003
104,964,Y,194412776,0.38882555199999996
32,390,Y,194405544,0.388811088
37,426,Y,194314704,0.388629408
27,344,Y,194232616,0.388465232
16,258,Y,194152688,0.388305376
62,626,Y,193893856,0.387787712
1102,121,Y,193872392,0.387744784
620,61,Y,193747048,0.387494096
782,81,Y,193557304,0.38711460799999997
103,958,Y,193511640,0.38702328
656,66,Y,193012104,0.386024208
11,220,Y,192930456,0.385860912
89,843,Y,192915544,0.385831088
123,1118,Y,192900952,0.38580190400000003
460,41,Y,192809160,0.38561832
1127,124,Y,192733264,0.385466528
5,170,Y,192666648,0.385333296
274,18,Y,192610792,0.385221584
912,98,Y,192441816,0.384883632
4,160,Y,192397528,0.384795056
17,267,Y,192216896,0.384433792
36,418,Y,192026320,0.38405264
1055,115,Y,191909472,0.383818944
63,639,Y,191461912,0.38292382399999997
596,58,Y,191453016,0.382906032
94,884,Y,191434928,0.382869856
525,49,Y,191398424,0.382796848
43,472,Y,191388880,0.38277775999999997
36,417,Y,191379344,0.382758688
73,718,Y,191108104,0.382216208
100,934,Y,190939128,0.381878256
281,19,Y,190818040,0.38163608
104,961,Y,190773672,0.381547344
866,92,Y,190692528,0.381385056
989,107,Y,190682448,0.381364896
9,201,Y,190654616,0.381309232
1148,127,Y,190559064,0.381118128
123,1112,Y,190442360,0.38088471999999995
504,47,Y,190411432,0.380822864
172,5,Y,190299048,0.380598096
76,740,Y,190299008,0.380598016
905,97,Y,190102328,0.380204656
268,17,Y,190054672,0.380109344
462,41,Y,189997544,0.379995088
103,956,Y,189939744,0.379879488
555,53,Y,189618240,0.37923648000000004
58,592,Y,189492200,0.3789844
125,1131,Y,189398984,0.378797968
1071,117,Y,189040184,0.378080368
822,86,Y,188913888,0.377827776
52,547,Y,188858720,0.37771744
114,1041,Y,188595496,0.377190992
297,21,Y,188111384,0.376222768
119,1081,Y,187817816,0.375635632
226,12,Y,187808864,0.375617728
600,59,Y,187650568,0.375301136
55,570,Y,187594856,0.375189712
31,378,Y,187584016,0.375168032
104,963,Y,187558368,0.375116736
201,9,Y,187375152,0.374750304
108,995,Y,187351832,0.374703664
1143,126,Y,187272256,0.374544512
49,522,Y,187262392,0.374524784
14,241,Y,187175048,0.374350096
915,98,Y,187019048,0.374038096
1108,122,Y,186997744,0.37399548800000004
8,193,Y,186971688,0.373943376
348,27,Y,186632576,0.373265152
916,98,Y,186538352,0.37307670400000004
65,650,Y,186532536,0.373065072
121,1097,Y,186462032,0.372924064
97,906,Y,186391200,0.37278239999999996
7,184,Y,186334376,0.372668752
74,727,Y,186270808,0.37254161599999996
290,20,Y,186184096,0.37236819200000004
544,52,Y,186078328,0.372156656
993,108,Y,185920016,0.37184003200000004
748,77,Y,185735784,0.371471568
515,48,Y,185674200,0.3713484
73,719,Y,185650088,0.371300176
6,181,Y,185190224,0.37038044800000003
21,300,Y,185186088,0.370372176
790,82,Y,185179280,0.37035856
349,27,Y,185139240,0.37027848
32,384,Y,184856976,0.369713952
538,51,Y,184799832,0.369599664
423,36,Y,184735016,0.369470032
59,607,Y,184534176,0.369068352
34,405,Y,184444296,0.368888592
19,283,Y,184358304,0.368716608
1060,116,Y,184208040,0.36841608
907,97,Y,183926416,0.367852832
72,709,Y,183722256,0.367444512
4,163,Y,183679712,0.367359424
327,24,Y,183647472,0.367294944
34,406,Y,183427056,0.366854112
66,659,Y,183286696,0.366573392
28,353,Y,183062176,0.366124352
80,771,Y,182877928,0.365755856
21,301,Y,182851480,0.36570296
44,480,Y,182824848,0.365649696
692,70,Y,182784088,0.365568176
535,50,Y,182661496,0.36532299199999996
873,93,Y,182486000,0.364972
677,68,Y,182457432,0.364914864
289,20,Y,182450424,0.364900848
25,333,Y,182370392,0.36474078400000004
84,806,Y,182174896,0.364349792
91,863,Y,181969416,0.363938832
263,16,Y,181962976,0.363925952
12,228,Y,181852736,0.363705472
841,89,Y,181827488,0.363654976
694,70,Y,181681080,0.36336216
138,1,Y,181567152,0.36313430399999996
22,305,Y,181479272,0.362958544
94,887,Y,181458808,0.362917616
57,590,Y,181312592,0.362625184
119,1080,Y,181095456,0.362190912
116,1060,Y,181064912,0.362129824
33,393,Y,181004992,0.362009984
103,954,Y,180800656,0.361601312
547,52,Y,180755720,0.36151144
940,101,Y,180534648,0.361069296
523,49,Y,180425320,0.36085064
112,1028,Y,180370264,0.360740528
500,46,Y,180322224,0.360644448
818,86,Y,180190696,0.360381392
104,962,Y,180037840,0.36007568
110,1014,Y,179915800,0.3598316
21,303,Y,179905960,0.35981192
29,361,Y,179496224,0.35899244799999996
302,21,Y,179370920,0.35874184
766,79,Y,179289024,0.358578048
32,388,Y,179035208,0.358070416
8,198,Y,178939112,0.35787822399999997
995,108,Y,178708448,0.357416896
114,1046,Y,178700824,0.357401648
2,149,Y,178640536,0.35728107200000003
1093,120,Y,178629016,0.357258032
554,53,Y,178447672,0.356895344
44,486,Y,178362488,0.356724976
23,313,Y,178338592,0.356677184
78,756,Y,178188928,0.356377856
706,72,Y,178174256,0.356348512
25,331,Y,178116760,0.35623351999999997
126,1138,Y,177958952,0.355917904
1064,117,Y,177940360,0.35588072
93,873,Y,177858160,0.35571632
2,147,Y,177832360,0.35566472
16,263,Y,177396728,0.354793456
466,42,Y,177321064,0.354642128
105,975,Y,177230856,0.354461712
47,510,Y,177226880,0.35445376
541,51,Y,177117272,0.354234544
967,104,Y,177102640,0.35420527999999996
1063,116,Y,176905120,0.35381024
550,52,Y,176765728,0.35353145599999997
50,535,Y,176744296,0.353488592
1121,124,Y,176587928,0.35317585599999995
116,1062,Y,176387424,0.35277484800000003
144,2,Y,176385904,0.352771808
503,46,Y,176355816,0.352711632
431,37,Y,176309432,0.352618864
13,238,Y,176252696,0.352505392
55,568,Y,176233840,0.35246768
85,809,Y,176164368,0.352328736
1024,112,Y,176131816,0.352263632
12,225,Y,176042848,0.352085696
814,85,Y,175829928,0.351659856
342,26,Y,175729632,0.351459264
105,971,Y,175675672,0.351351344
732,75,Y,175456568,0.35091313599999996
171,5,Y,175377808,0.350755616
22,308,Y,175213976,0.350427952
928,100,Y,175160632,0.350321264
116,1056,Y,175131504,0.35026300800000004
29,366,Y,175083016,0.350166032
104,960,Y,175022616,0.350045232
607,59,Y,174890128,0.349780256
764,79,Y,174809832,0.349619664
120,1094,Y,174770432,0.349540864
58,599,Y,174685576,0.349371152
1,137,Y,174461552,0.348923104
28,359,Y,173977304,0.347954608
668,67,Y,173883768,0.347767536
82,790,Y,173791456,0.347582912
663,66,Y,173782664,0.347565328
63,637,Y,173752688,0.34750537600000003
225,12,Y,173601224,0.347202448
153,3,Y,173537968,0.34707593600000003
114,1043,Y,173532032,0.347064064
682,69,Y,173429480,0.34685896
473,43,Y,173328944,0.346657888
100,930,Y,173280528,0.346561056
575,55,Y,173199680,0.34639936
1140,126,Y,173174536,0.346349072
96,899,Y,173131192,0.346262384
12,224,Y,173090600,0.34618119999999997
121,1102,Y,173040152,0.346080304
127,1145,Y,173007224,0.346014448
18,278,Y,173001376,0.346002752
1005,109,Y,172942896,0.34588579199999997
509,47,Y,172903152,0.345806304
55,573,Y,172851504,0.345703008
112,1029,Y,172844288,0.34568857599999997
674,68,Y,172759808,0.34551961600000003
105,968,Y,172719632,0.345439264
137,1,Y,172696816,0.345393632
14,243,Y,172647616,0.345295232
546,52,Y,172595296,0.345190592
536,51,Y,172469104,0.344938208
204,9,Y,172353208,0.344706416
32,389,Y,172039632,0.344079264
40,450,Y,171970192,0.343940384
79,765,Y,171915240,0.34383048
323,24,Y,171822760,0.34364552
227,12,Y,171791488,0.343582976
21,296,Y,171406776,0.342813552
127,1146,Y,171385672,0.34277134400000003
618,61,Y,171257328,0.342514656
48,518,Y,171211800,0.3424236
57,588,Y,171164768,0.342329536
24,327,Y,171125696,0.342251392
33,396,Y,170958153,0.341916306
858,91,Y,170914728,0.34182945600000003
112,1024,Y,170835184,0.341670368
109,1001,Y,170784336,0.341568672
54,562,Y,170767816,0.34153563200000003
848,90,Y,170715624,0.34143124799999996
724,74,Y,170659008,0.341318016
99,925,Y,170492040,0.34098408
18,275,Y,170341672,0.340683344
298,21,Y,170339248,0.340678496
700,71,Y,170302264,0.340604528
57,586,Y,170093672,0.340187344
47,507,Y,170051624,0.34010324799999997
320,24,Y,169913088,0.339826176
446,39,Y,169799560,0.33959912000000003
719,73,Y,169722976,0.339445952
11,216,Y,169635024,0.339270048
488,45,Y,169594680,0.33918936
1038,113,Y,169560192,0.339120384
735,75,Y,169543312,0.339086624
341,26,Y,169529072,0.339058144
578,56,Y,169505048,0.33901009600000004
61,617,Y,169357736,0.338715472
74,725,Y,169339728,0.33867945600000005
1037,113,Y,169224848,0.33844969599999997
194,8,Y,169193048,0.33838609599999997
751,77,Y,169158488,0.338316976
789,82,Y,169010888,0.338021776
474,43,Y,168973336,0.337946672
247,14,Y,168787160,0.33757432000000004
0,131,Y,168712736,0.337425472
88,838,Y,168700360,0.33740072
6,178,Y,168679224,0.337358448
374,30,Y,168562224,0.337124448
899,96,Y,168518456,0.337036912
419,36,Y,168514480,0.33702896
61,619,Y,168464840,0.33692968
489,45,Y,168411784,0.336823568
49,526,Y,168293648,0.336587296
68,675,Y,168180960,0.33636192
12,229,Y,168034456,0.336068912
680,69,Y,168028808,0.336057616
679,68,Y,167926784,0.335853568
70,690,Y,167880976,0.33576195200000003
120,1091,Y,167495000,0.33499
533,50,Y,167472304,0.334944608
487,44,Y,167350544,0.334701088
262,16,Y,167283920,0.33456784
40,451,Y,167211896,0.334423792
81,776,Y,166958840,0.33391768
709,72,Y,166881608,0.333763216
650,65,Y,166863544,0.333727088
998,108,Y,166853104,0.333706208
235,13,Y,166850120,0.33370024
664,67,Y,166792528,0.333585056
529,50,Y,166622464,0.333244928
14,242,Y,166512688,0.333025376
703,71,Y,166192360,0.33238472
787,82,Y,166141560,0.33228312
22,307,Y,166026640,0.33205328
19,287,Y,165982880,0.33196576
102,951,Y,165905856,0.33181171200000004
35,413,Y,165840232,0.331680464
9,200,Y,165815064,0.331630128
1066,117,Y,165634568,0.33126913599999996
2,145,Y,165634184,0.33126836800000004
102,946,Y,165563584,0.331127168
447,39,Y,165543728,0.331087456
909,97,Y,165536256,0.331072512
1118,123,Y,165437480,0.33087496
19,282,Y,165373464,0.330746928
284,19,Y,165366600,0.3307332
91,860,Y,165285984,0.330571968
325,24,Y,165277528,0.330555056
834,88,Y,165200568,0.330401136
493,45,Y,165191568,0.330383136
127,1147,Y,165175960,0.33035192
124,1122,Y,165174848,0.330349696
103,957,Y,165148944,0.33029788800000004
971,105,Y,165099712,0.33019942399999996
282,19,Y,165019136,0.33003827199999997
176,6,Y,164806840,0.32961368
851,90,Y,164768664,0.329537328
62,628,Y,164492456,0.328984912
386,32,Y,164461312,0.328922624
444,39,Y,164406120,0.32881224
295,20,Y,164055768,0.32811153600000004
35,411,Y,163996264,0.327992528
1114,123,Y,163782416,0.327564832
985,107,Y,163759656,0.327519312
84,800,Y,163745872,0.327491744
772,80,Y,163437208,0.326874416
254,15,Y,163391848,0.326783696
672,68,Y,163257088,0.326514176
45,494,Y,163236256,0.326472512
720,74,Y,163207280,0.32641456
530,50,Y,163038584,0.326077168
399,33,Y,163035760,0.32607152
30,372,Y,163017560,0.32603512
441,39,Y,162976208,0.325952416
115,1049,Y,162885328,0.325770656
36,420,Y,162873856,0.32574771199999997
1065,117,Y,162848976,0.325697952
1,139,Y,162747944,0.325495888
27,346,Y,162699936,0.325399872
192,8,Y,162670568,0.32534113600000003
947,102,Y,162653680,0.32530736000000005
121,1101,Y,162597256,0.325194512
213,10,Y,162582224,0.325164448
74,726,Y,162373216,0.324746432
583,56,Y,162352504,0.324705008
118,1073,Y,162311432,0.324622864
6,180,Y,162305040,0.32461007999999997
1059,116,Y,162162776,0.324325552
811,85,Y,161934584,0.323869168
350,27,Y,161841152,0.32368230400000003
676,68,Y,161742784,0.323485568
331,25,Y,161727808,0.323455616
61,621,Y,161550928,0.32310185599999997
531,50,Y,161473776,0.32294755199999997
300,21,Y,161383160,0.32276632
71,698,Y,161347496,0.322694992
65,653,Y,161331952,0.322663904
114,1047,Y,161316944,0.322633888
33,394,Y,161310624,0.32262124799999997
11,222,Y,161251232,0.322502464
10,210,Y,161238256,0.322476512
784,82,Y,161190456,0.322380912
310,22,Y,161115400,0.32223080000000004
614,60,Y,161001856,0.322003712
32,387,Y,160968584,0.321937168
364,29,Y,160835872,0.321671744
31,379,Y,160752016,0.321504032
377,31,Y,160482816,0.320965632
963,104,Y,160342560,0.32068512000000005
109,1003,Y,160333880,0.32066776
595,58,Y,160288568,0.320577136
979,106,Y,160220000,0.32044
76,743,Y,160169288,0.320338576
29,362,Y,160093128,0.320186256
545,52,Y,160003496,0.320006992
119,1083,Y,159873992,0.31974798400000004
231,12,Y,159774096,0.31954819199999995
100,931,Y,159767760,0.31953552
862,91,Y,159688608,0.31937721599999996
55,571,Y,159619248,0.319238496
42,468,Y,159596120,0.31919224
29,360,Y,159564608,0.319129216
89,847,Y,159535088,0.31907017600000004
1030,112,Y,159498792,0.318997584
89,845,Y,159486088,0.318972176
26,341,Y,159424992,0.31884998400000003
124,1123,Y,159418680,0.31883736
115,1054,Y,159241424,0.318482848
76,736,Y,159201312,0.31840262399999997
648,65,Y,159068352,0.318136704
81,782,Y,159034528,0.31806905599999996
84,801,Y,158887368,0.317774736
3,155,Y,158868128,0.317736256
105,972,Y,158780256,0.317560512
1026,112,Y,158772152,0.317544304
827,87,Y,158656872,0.317313744
699,71,Y,158457464,0.31691492800000004
844,89,Y,158347192,0.316694384
79,762,Y,158221800,0.3164436
378,31,Y,158108728,0.316217456
454,40,Y,158069544,0.316139088
20,288,Y,157994368,0.315988736
930,100,Y,157946792,0.315893584
642,64,Y,157887688,0.315775376
1091,120,Y,157719176,0.315438352
127,1150,Y,157667712,0.31533542400000003
126,1143,Y,157639408,0.315278816
16,259,Y,157638336,0.31527667200000004
461,41,Y,157567864,0.315135728
1149,127,Y,157386968,0.314773936
88,839,Y,157383280,0.31476656000000003
48,519,Y,157330976,0.31466195199999997
1139,126,Y,157299936,0.314599872
355,28,Y,157279816,0.31455963200000003
25,335,Y,157099424,0.314198848
358,28,Y,156839936,0.31367987199999997
726,74,Y,156817072,0.313634144
14,247,Y,156784840,0.31356968
101,940,Y,156614840,0.31322968
130,0,Y,156574992,0.313149984
471,42,Y,156524072,0.31304814400000003
39,443,Y,156418296,0.31283659199999997
329,25,Y,156347600,0.3126952
5,169,Y,156340816,0.31268163200000004
519,48,Y,156241184,0.312482368
157,3,Y,156180080,0.31236016
619,61,Y,156171992,0.312343984
90,852,Y,156153672,0.312307344
743,76,Y,156141673,0.312283346
122,1111,Y,156102176,0.31220435199999996
86,821,Y,156029568,0.312059136
184,7,Y,155885808,0.31177161600000003
98,916,Y,155868744,0.311737488
66,660,Y,155850480,0.31170095999999997
249,15,Y,155796944,0.311593888
134,0,Y,155726176,0.31145235200000004
445,39,Y,155700360,0.31140071999999996
683,69,Y,155671440,0.31134288
82,788,Y,155428160,0.31085632
640,64,Y,155359848,0.310719696
58,593,Y,155161400,0.3103228
715,73,Y,155095528,0.310191056
980,106,Y,155013088,0.310026176
367,29,Y,154959768,0.309919536
94,883,Y,154949520,0.30989904
57,589,Y,154915360,0.30983072
85,812,Y,154904360,0.30980872
53,556,Y,154817432,0.309634864
95,895,Y,154698536,0.309397072
273,18,Y,154654936,0.309309872
105,973,Y,154652680,0.30930536
50,533,Y,154640144,0.309280288
125,1134,Y,154441080,0.30888216
41,461,Y,154435448,0.308870896
1021,111,Y,154419416,0.308838832
11,217,Y,154205320,0.30841063999999996
119,1084,Y,154145112,0.308290224
589,57,Y,154109728,0.308219456
681,69,Y,154079344,0.30815868799999996
801,84,Y,154078888,0.308157776
15,252,Y,154054080,0.30810816
49,524,Y,154048528,0.30809705600000004
513,48,Y,154046504,0.308093008
753,78,Y,154002832,0.308005664
1120,124,Y,153989368,0.307978736
1,141,Y,153938024,0.307876048
146,2,Y,153904344,0.307808688
118,1078,Y,153857544,0.30771508799999997
106,976,Y,153802064,0.307604128
66,657,Y,153540280,0.30708056
117,1064,Y,153495320,0.30699064
88,833,Y,153320616,0.30664123200000004
1084,119,Y,153297280,0.30659455999999996
958,103,Y,153268352,0.306536704
151,2,Y,153196408,0.306392816
4,164,Y,153171472,0.306342944
10,212,Y,153142072,0.30628414400000004
58,597,Y,152948752,0.305897504
408,35,Y,152859968,0.30571993599999997
1051,115,Y,152809144,0.305618288
116,1061,Y,152755480,0.30551096
731,75,Y,152498672,0.304997344
390,32,Y,152331632,0.304663264
1077,118,Y,152266152,0.304532304
112,1026,Y,152207200,0.3044144
221,11,Y,152206168,0.304412336
21,302,Y,152019080,0.30403816
53,552,Y,152018724,0.304037448
945,102,Y,151975656,0.30395131200000003
183,6,Y,151876496,0.303752992
1018,111,Y,151861688,0.303723376
78,753,Y,151754608,0.30350921599999997
926,99,Y,151736976,0.303473952
24,326,Y,151714616,0.303429232
57,585,Y,151687488,0.303374976
280,19,Y,151536272,0.303072544
669,67,Y,151530288,0.303060576
382,31,Y,151381799,0.30276359799999997
1103,121,Y,151308592,0.302617184
379,31,Y,151166344,0.302332688
66,658,Y,151102672,0.30220534400000004
2,150,Y,150981168,0.301962336
83,793,Y,150969760,0.30193951999999996
19,285,Y,150918808,0.301837616
126,1141,Y,150901952,0.301803904
277,18,Y,150879320,0.30175864
98,914,Y,150839912,0.30167982400000004
1101,121,Y,150721704,0.301443408
129,0,Y,150692544,0.301385088
26,336,Y,150691240,0.30138248
53,559,Y,150665840,0.30133168
1082,119,Y,150491272,0.30098254399999996
486,44,Y,150334808,0.300669616
574,55,Y,150177760,0.30035552
17,271,Y,150032512,0.300065024
48,514,Y,149985192,0.299970384
644,64,Y,149940000,0.29988
35,410,Y,149905128,0.299810256
734,75,Y,149809112,0.299618224
1095,120,Y,149688088,0.299376176
307,22,Y,149670792,0.299341584
198,8,Y,149652984,0.299305968
75,731,Y,149628600,0.2992572
602,59,Y,149495256,0.298990512
795,83,Y,149381616,0.298763232
216,11,Y,149363136,0.29872627199999996
666,67,Y,149327416,0.298654832
50,529,Y,149213144,0.298426288
86,823,Y,149172776,0.298345552
58,596,Y,149129768,0.298259536
111,1016,Y,149116912,0.298233824
936,101,Y,148966464,0.297932928
123,1114,Y,148927672,0.297855344
120,1088,Y,148812760,0.29762552000000003
40,455,Y,148783328,0.297566656
125,1135,Y,148778208,0.29755641600000005
75,732,Y,148747416,0.297494832
651,65,Y,148694488,0.29738897599999997
31,381,Y,148543760,0.29708752
62,630,Y,148539032,0.29707806400000003
1036,113,Y,148529104,0.297058208
3,154,Y,148516984,0.29703396800000004
25,334,Y,148515792,0.297031584
13,234,Y,148478096,0.296956192
935,100,Y,148435048,0.29687009599999997
781,81,Y,148372544,0.296745088
1042,114,Y,148341720,0.29668344
28,356,Y,148255888,0.296511776
627,62,Y,148216944,0.296433888
404,34,Y,148156424,0.296312848
60,609,Y,147996384,0.295992768
253,15,Y,147990448,0.295980896
51,539,Y,147977320,0.29595464
780,81,Y,147971736,0.295943472
31,376,Y,147954176,0.295908352
20,292,Y,147859776,0.295719552
118,1079,Y,147851144,0.295702288
4,162,Y,147834984,0.295669968
816,86,Y,147770672,0.295541344
14,246,Y,147755840,0.29551168
76,737,Y,147684584,0.295369168
91,861,Y,147601120,0.29520224
952,103,Y,147568648,0.295137296
43,475,Y,147479832,0.294959664
39,442,Y,147407440,0.29481488
101,937,Y,147391808,0.29478361599999997
41,459,Y,147373152,0.29474630399999996
391,32,Y,147305928,0.294611856
34,403,Y,147273680,0.29454736
746,77,Y,147207384,0.294414768
380,31,Y,147172768,0.294345536
98,913,Y,147162064,0.29432412799999996
1107,122,Y,147131632,0.294263264
50,530,Y,147071336,0.294142672
122,1109,Y,146983752,0.293967504
582,56,Y,146902328,0.293804656
824,87,Y,146871608,0.29374321600000003
214,10,Y,146868832,0.293737664
22,306,Y,146858464,0.293716928
1033,113,Y,146746400,0.2934928
88,834,Y,146744288,0.293488576
9,204,Y,146669560,0.29333912
67,670,Y,146615632,0.293231264
480,44,Y,146594256,0.293188512
215,10,Y,146499064,0.292998128
69,686,Y,146490928,0.29298185600000004
424,37,Y,146455368,0.292910736
90,849,Y,146420520,0.29284104
96,901,Y,146409192,0.292818384
339,26,Y,146258816,0.29251763199999997
117,1068,Y,146246456,0.292492912
1138,126,Y,146233616,0.292467232
895,95,Y,146187304,0.29237460800000004
809,85,Y,146175448,0.292350896
30,368,Y,146099344,0.292198688
330,25,Y,146076224,0.29215244799999995
99,924,Y,146018784,0.292037568
57,591,Y,145896264,0.291792528
98,912,Y,145825040,0.29165008000000003
113,1038,Y,145797472,0.291594944
15,253,Y,145781520,0.29156304
18,276,Y,145727208,0.291454416
51,536,Y,145648696,0.291297392
24,321,Y,145526344,0.291052688
84,807,Y,145506624,0.291013248
1097,121,Y,145504176,0.291008352
1125,124,Y,145461256,0.290922512
47,505,Y,145396896,0.290793792
189,7,Y,145354368,0.29070873599999997
737,76,Y,145330768,0.290661536
718,73,Y,145308104,0.290616208
98,915,Y,145146632,0.290293264
9,202,Y,145116456,0.290232912
187,7,Y,145075600,0.2901512
271,17,Y,145017464,0.290034928
60,611,Y,144885739,0.28977147799999997
212,10,Y,144868296,0.289736592
127,1149,Y,144841672,0.289683344
405,34,Y,144840352,0.289680704
943,101,Y,144805416,0.28961083200000004
505,47,Y,144674104,0.289348208
1027,112,Y,144579768,0.289159536
654,65,Y,144548608,0.289097216
26,337,Y,144547760,0.28909552
1128,125,Y,144539192,0.289078384
567,54,Y,144485640,0.28897128
91,862,Y,144430240,0.28886048000000003
20,293,Y,144420712,0.288841424
49,520,Y,144342480,0.28868496
326,24,Y,144336312,0.288672624
1015,110,Y,144267520,0.28853504
113,1039,Y,144153760,0.28830752000000004
58,594,Y,144149336,0.288298672
1074,118,Y,144147392,0.28829478399999997
47,508,Y,144100688,0.288201376
1146,127,Y,144055992,0.288111984
64,647,Y,144006416,0.288012832
491,45,Y,143930488,0.287860976
825,87,Y,143917008,0.28783401599999997
573,55,Y,143865240,0.28773048
1035,113,Y,143827640,0.28765528
10,208,Y,143796344,0.287592688
275,18,Y,143665936,0.287331872
199,8,Y,143640760,0.28728152
65,649,Y,143564056,0.287128112
306,22,Y,143515656,0.28703131200000004
65,652,Y,143379840,0.28675967999999996
79,760,Y,143345184,0.286690368
502,46,Y,143251600,0.2865032
115,1053,Y,143239504,0.286479008
1,142,Y,143109840,0.28621968
55,569,Y,143083232,0.286166464
75,733,Y,143043952,0.286087904
1019,111,Y,143040784,0.286081568
552,53,Y,142957184,0.28591436800000003
86,817,Y,142896576,0.285793152
1111,122,Y,142884176,0.285768352
27,350,Y,142842472,0.285684944
686,69,Y,142808768,0.285617536
997,108,Y,142648432,0.285296864
836,88,Y,142644536,0.285289072
88,835,Y,142559336,0.285118672
16,262,Y,142505128,0.285010256
111,1017,Y,142392200,0.2847844
186,7,Y,142359384,0.284718768
611,60,Y,142321128,0.284642256
81,779,Y,142290448,0.284580896
12,226,Y,142257520,0.28451504
3,158,Y,142201928,0.284403856
438,38,Y,142195688,0.284391376
802,84,Y,142053696,0.284107392
83,799,Y,142032336,0.284064672
496,46,Y,142028264,0.284056528
95,894,Y,141997920,0.28399584
687,69,Y,141921760,0.28384352
81,781,Y,141890088,0.283780176
71,697,Y,141862360,0.28372472
860,91,Y,141858712,0.283717424
64,643,Y,141847192,0.28369438399999997
99,920,Y,141733448,0.28346689599999997
59,605,Y,141693880,0.28338776
872,93,Y,141433240,0.28286648000000003
52,550,Y,141422648,0.282845296
52,545,Y,141360000,0.28272
67,665,Y,141234912,0.282469824
114,1040,Y,141218128,0.282436256
51,540,Y,141214232,0.282428464
856,91,Y,141053384,0.282106768
237,13,Y,140837064,0.281674128
1043,114,Y,140756416,0.281512832
50,531,Y,140726168,0.281452336
412,35,Y,140714968,0.281429936
422,36,Y,140656352,0.281312704
957,103,Y,140636344,0.281272688
98,917,Y,140576800,0.2811536
564,54,Y,140531040,0.28106208
94,886,Y,140420184,0.280840368
948,102,Y,140378096,0.280756192
1132,125,Y,140366720,0.28073344
71,701,Y,140356048,0.28071209599999997
988,107,Y,140341192,0.280682384
113,1032,Y,140171104,0.280342208
145,2,Y,140069856,0.280139712
838,88,Y,140057272,0.280114544
96,900,Y,140038176,0.28007635200000003
691,70,Y,139973472,0.27994694400000003
864,92,Y,139910672,0.27982134399999997
17,266,Y,139846768,0.27969353599999996
94,885,Y,139796888,0.279593776
74,722,Y,139795360,0.27959072
880,94,Y,139746896,0.279493792
560,54,Y,139707544,0.279415088
728,75,Y,139677288,0.279354576
74,721,Y,139623912,0.27924782400000003
147,2,Y,139614696,0.279229392
854,90,Y,139588712,0.279177424
37,428,Y,139542168,0.27908433600000004
8,197,Y,139537240,0.27907447999999996
68,677,Y,139508128,0.279016256
540,51,Y,139507696,0.279015392
1122,124,Y,139505024,0.279010048
69,680,Y,139487528,0.278975056
68,673,Y,139464296,0.27892859200000003
24,320,Y,139459576,0.278919152
13,237,Y,139439288,0.278878576
783,81,Y,139418216,0.27883643199999997
51,542,Y,139402056,0.278804112
389,32,Y,139357024,0.278714048
109,1004,Y,139291304,0.278582608
123,1117,Y,139283080,0.27856616
173,5,Y,139203720,0.27840744
230,12,Y,139094384,0.27818876800000003
759,78,Y,139007456,0.278014912
180,6,Y,138933032,0.277866064
1010,110,Y,138889560,0.27777912
1053,115,Y,138758760,0.27751752
955,103,Y,138757976,0.27751595199999995
485,44,Y,138750160,0.27750031999999997
939,101,Y,138673936,0.277347872
113,1034,Y,138583664,0.277167328
394,33,Y,138555584,0.277111168
24,323,Y,138553832,0.277107664
981,106,Y,138527696,0.277055392
60,615,Y,138527224,0.277054448
39,447,Y,138522960,0.27704592
647,64,Y,138454728,0.276909456
1076,118,Y,138430536,0.276861072
392,33,Y,138400920,0.27680183999999997
76,742,Y,138388664,0.276777328
64,640,Y,138321976,0.27664395199999997
566,54,Y,138274184,0.276548368
760,79,Y,138238600,0.2764772
84,803,Y,138229792,0.276459584
338,26,Y,138164072,0.276328144
603,59,Y,138155248,0.27631049599999996
498,46,Y,138106128,0.276212256
351,27,Y,137987944,0.275975888
166,4,Y,137987320,0.27597464
92,871,Y,137974456,0.275948912
9,205,Y,137890680,0.27578136
548,52,Y,137798344,0.275596688
810,85,Y,137781312,0.27556262400000003
11,223,Y,137766424,0.275532848
267,17,Y,137574232,0.275148464
965,104,Y,137568400,0.2751368
639,63,Y,137525296,0.27505059200000004
16,260,Y,137505400,0.2750108
102,949,Y,137477248,0.274954496
966,104,Y,137462104,0.274924208
6,182,Y,137434128,0.274868256
58,598,Y,137416040,0.27483208000000003
1123,124,Y,137367976,0.274735952
920,99,Y,137328072,0.27465614400000005
613,60,Y,137313968,0.274627936
72,710,Y,137205544,0.274411088
74,724,Y,137204592,0.274409184
210,10,Y,137201696,0.274403392
45,493,Y,137178072,0.27435614399999997
1113,123,Y,137162584,0.274325168
762,79,Y,137109040,0.27421808000000003
116,1058,Y,137079888,0.274159776
1016,111,Y,136971248,0.273942496
670,67,Y,136945896,0.27389179199999997
917,98,Y,136826128,0.273652256
626,62,Y,136807312,0.273614624
17,269,Y,136790400,0.2735808
949,102,Y,136756304,0.273512608
0,132,Y,136742088,0.273484176
12,231,Y,136725640,0.27345128
73,715,Y,136660680,0.27332136
38,435,Y,136583808,0.273167616
178,6,Y,136485104,0.27297020800000005
77,745,Y,136371288,0.272742576
8,192,Y,136322296,0.27264459199999996
932,100,Y,136310304,0.272620608
368,30,Y,136239600,0.27247920000000003
437,38,Y,136129280,0.27225856
96,896,Y,136090616,0.272181232
436,38,Y,136050960,0.27210192
69,681,Y,136027576,0.272055152
87,830,Y,136013808,0.272027616
110,1012,Y,135808320,0.27161664
852,90,Y,135761248,0.271522496
113,1037,Y,135682944,0.271365888
0,133,Y,135666376,0.271332752
102,947,Y,135607416,0.271214832
565,54,Y,135592584,0.271185168
91,857,Y,135540120,0.27108024000000003
88,837,Y,135451792,0.270903584
91,859,Y,135227752,0.27045550399999996
3,153,Y,135212336,0.27042467200000003
542,51,Y,135187976,0.27037595200000003
429,37,Y,135177240,0.27035448
51,537,Y,135060440,0.27012088
73,716,Y,135007968,0.270015936
123,1115,Y,134978576,0.26995715200000003
643,64,Y,134956160,0.26991232
113,1033,Y,134910336,0.269820672
630,62,Y,134907488,0.269814976
929,100,Y,134767472,0.269534944
39,445,Y,134643840,0.26928768000000003
425,37,Y,134509712,0.269019424
106,982,Y,134508096,0.26901619200000004
257,16,Y,134247504,0.268495008
707,72,Y,134130056,0.268260112
150,2,Y,134093576,0.268187152
5,174,Y,134069304,0.268138608
954,103,Y,134038936,0.268077872
56,583,Y,134038080,0.26807616
11,219,Y,134030984,0.268061968
126,1139,Y,134001088,0.268002176
93,879,Y,133856608,0.267713216
768,80,Y,133749920,0.26749984000000004
122,1110,Y,133726664,0.267453328
127,1144,Y,133690072,0.267380144
800,84,Y,133672208,0.267344416
946,102,Y,133543576,0.267087152
332,25,Y,133524768,0.267049536
57,584,Y,133435832,0.266871664
649,65,Y,133399560,0.26679912
97,904,Y,133381200,0.2667624
112,1031,Y,133357504,0.26671500800000003
95,892,Y,133327800,0.2666556
31,383,Y,133297080,0.26659416
483,44,Y,133206128,0.266412256
459,41,Y,133180824,0.266361648
33,397,Y,133170912,0.266341824
420,36,Y,133169552,0.266339104
224,12,Y,133140704,0.266281408
365,29,Y,133106344,0.266212688
33,399,Y,132997232,0.265994464
56,582,Y,132946016,0.265892032
976,106,Y,132915080,0.26583016
256,16,Y,132860864,0.265721728
296,21,Y,132833648,0.265667296
689,70,Y,132786920,0.26557384
63,635,Y,132775848,0.265551696
128,0,Y,132724928,0.265449856
468,42,Y,132653280,0.26530655999999997
79,763,Y,132641392,0.265282784
85,810,Y,132473760,0.26494752
7,186,Y,132455720,0.26491144
48,517,Y,132332256,0.264664512
77,750,Y,132231048,0.264462096
15,250,Y,132127208,0.264254416
65,651,Y,131996240,0.26399248
53,553,Y,131992984,0.263985968
964,104,Y,131987288,0.263974576
101,938,Y,131857832,0.263715664
36,421,Y,131845016,0.263690032
38,432,Y,131817504,0.263635008
207,9,Y,131749800,0.2634996
0,130,Y,131748288,0.263496576
61,620,Y,131714376,0.263428752
1098,121,Y,131589248,0.263178496
81,777,Y,131496664,0.26299332799999997
23,312,Y,131458664,0.262917328
29,364,Y,131391368,0.262782736
49,525,Y,131305448,0.262610896
47,504,Y,131252480,0.26250496
808,85,Y,131202816,0.262405632
59,602,Y,131055664,0.26211132800000003
67,664,Y,131037280,0.26207456
615,60,Y,131025056,0.262050112
1073,118,Y,130971920,0.26194384000000004
6,183,Y,130933424,0.261866848
449,40,Y,130890576,0.261781152
671,67,Y,130828016,0.261656032
482,44,Y,130826112,0.261652224
314,23,Y,130809616,0.261619232
103,953,Y,130763392,0.26152678399999996
106,977,Y,130759344,0.261518688
293,20,Y,130696480,0.26139296
1145,127,Y,130607272,0.261214544
897,96,Y,130602696,0.261205392
107,985,Y,130593488,0.261186976
1050,115,Y,130480088,0.260960176
317,23,Y,130476336,0.260952672
402,34,Y,130431456,0.260862912
25,332,Y,130393384,0.260786768
202,9,Y,130350984,0.260701968
1130,125,Y,130340456,0.260680912
312,23,Y,130249048,0.260498096
701,71,Y,130204688,0.260409376
318,23,Y,130174976,0.260349952
641,64,Y,130172424,0.260344848
1086,119,Y,130158320,0.26031664000000004
817,86,Y,130117736,0.260235472
840,89,Y,130089960,0.26017992
105,970,Y,129968456,0.259936912
92,864,Y,129947728,0.259895456
796,83,Y,129914984,0.259829968
752,78,Y,129875856,0.259751712
53,558,Y,129857208,0.259714416
19,284,Y,129731816,0.259463632
110,1011,Y,129721056,0.259442112
20,294,Y,129635976,0.25927195199999997
248,15,Y,129603216,0.259206432
24,324,Y,129481856,0.258963712
2,151,Y,129407640,0.25881528
188,7,Y,129403152,0.258806304
64,646,Y,129396864,0.258793728
78,759,Y,129192168,0.258384336
7,185,Y,129172192,0.258344384
109,1007,Y,129162424,0.258324848
30,371,Y,129077824,0.25815564799999996
450,40,Y,129058656,0.258117312
35,414,Y,129040456,0.258080912
490,45,Y,129021912,0.258043824
15,248,Y,128957824,0.257915648
37,429,Y,128953768,0.257907536
239,13,Y,128925664,0.257851328
1,143,Y,128859080,0.25771816000000003
773,80,Y,128832272,0.257664544
791,82,Y,128818840,0.25763768
80,772,Y,128795920,0.25759184
85,815,Y,128720936,0.257441872
123,1113,Y,128716560,0.25743312
876,93,Y,128668672,0.25733734399999997
710,72,Y,128654024,0.257308048
309,22,Y,128618864,0.257237728
902,96,Y,128618640,0.25723728
580,56,Y,128586136,0.257172272
208,10,Y,128540552,0.257081104
345,27,Y,128531688,0.257063376
1094,120,Y,128491688,0.256983376
122,1105,Y,128491512,0.256983024
234,13,Y,128452256,0.256904512
867,92,Y,128421360,0.25684271999999997
98,918,Y,128416936,0.256833872
903,96,Y,128408416,0.256816832
610,60,Y,128346232,0.256692464
1080,119,Y,128225264,0.256450528
37,430,Y,128162272,0.256324544
39,444,Y,128041000,0.25608200000000003
106,983,Y,127966192,0.255932384
67,666,Y,127938432,0.255876864
47,509,Y,127883624,0.255767248
1046,114,Y,127792136,0.255584272
987,107,Y,127787088,0.255574176
439,38,Y,127728008,0.25545601599999995
76,741,Y,127634056,0.255268112
868,92,Y,127595752,0.255191504
85,814,Y,127569624,0.255139248
370,30,Y,127528160,0.25505632
251,15,Y,127417016,0.254834032
690,70,Y,127416016,0.25483203200000004
23,314,Y,127396816,0.254793632
83,798,Y,127322104,0.254644208
553,53,Y,127309664,0.25461932800000003
1150,127,Y,127273416,0.254546832
238,13,Y,127271024,0.25454204799999997
1031,112,Y,127237984,0.254475968
13,232,Y,127156672,0.254313344
697,71,Y,127152752,0.254305504
177,6,Y,127085480,0.25417096
539,51,Y,127053088,0.25410617599999996
443,39,Y,127050736,0.254101472
562,54,Y,127016824,0.254033648
563,54,Y,127000344,0.254000688
624,62,Y,126974264,0.253948528
662,66,Y,126815568,0.25363113600000003
55,575,Y,126806528,0.253613056
1109,122,Y,126780880,0.25356176
32,385,Y,126663856,0.253327712
203,9,Y,126499408,0.252998816
85,808,Y,126429360,0.25285872000000004
86,820,Y,126423928,0.25284785600000004
45,490,Y,126419768,0.252839536
8,199,Y,126322928,0.252645856
883,94,Y,126273104,0.252546208
558,53,Y,126251664,0.252503328
115,1050,Y,126217656,0.252435312
270,17,Y,126190600,0.25238119999999997
403,34,Y,126165168,0.252330336
61,616,Y,126064552,0.252129104
64,642,Y,126059640,0.25211928
81,783,Y,126038624,0.252077248
38,438,Y,125983344,0.251966688
222,11,Y,125945472,0.251890944
777,81,Y,125895016,0.251790032
794,83,Y,125872184,0.251744368
70,693,Y,125798000,0.251596
266,17,Y,125739024,0.251478048
1049,115,Y,125720656,0.25144131200000003
1068,117,Y,125663760,0.25132752
29,367,Y,125640424,0.251280848
78,752,Y,125615248,0.251230496
45,495,Y,125567728,0.251135456
705,72,Y,125499848,0.250999696
245,14,Y,125470264,0.250940528
311,22,Y,125449336,0.250898672
125,1129,Y,125445200,0.2508904
2,148,Y,125281224,0.250562448
41,463,Y,125280480,0.25056096
22,311,Y,125131144,0.250262288
25,329,Y,125116712,0.250233424
102,948,Y,125072504,0.250145008
90,848,Y,125022040,0.25004408
316,23,Y,125018968,0.250037936
89,841,Y,125012464,0.25002492800000004
241,14,Y,124737656,0.249475312
506,47,Y,124732752,0.249465504
23,319,Y,124729488,0.24945897600000003
104,966,Y,124683168,0.249366336
258,16,Y,124627016,0.24925403200000001
107,984,Y,124615400,0.2492308
478,43,Y,124473792,0.24894758399999997
684,69,Y,124355384,0.248710768
252,15,Y,124340648,0.24868129600000002
527,49,Y,124269664,0.248539328
120,1095,Y,124258152,0.24851630400000002
336,26,Y,124256096,0.24851219200000002
67,669,Y,124209408,0.248418816
255,15,Y,124171352,0.24834270400000003
125,1132,Y,124041552,0.248083104
121,1099,Y,124007128,0.24801425600000002
831,87,Y,123975248,0.24795049600000002
1067,117,Y,123974400,0.24794880000000002
944,102,Y,123967576,0.247935152
124,1120,Y,123929272,0.24785854400000001
994,108,Y,123914136,0.24782827200000002
605,59,Y,123907720,0.24781544
983,106,Y,123901992,0.247803984
7,187,Y,123900552,0.247801104
105,974,Y,123817104,0.247634208
15,251,Y,123727760,0.24745551999999998
108,993,Y,123682352,0.24736470400000002
665,67,Y,123591352,0.247182704
1135,125,Y,123578288,0.247156576
99,922,Y,123568424,0.24713684800000002
64,644,Y,123491480,0.24698296
1004,109,Y,123490344,0.246980688
846,89,Y,123475064,0.246950128
1058,116,Y,123447232,0.24689446399999998
34,407,Y,123290800,0.2465816
520,49,Y,123289696,0.246579392
100,935,Y,123144872,0.24628974399999998
107,987,Y,123130496,0.24626099199999998
568,55,Y,123087248,0.24617449600000002
121,1096,Y,123086360,0.24617272
33,395,Y,123041696,0.246083392
90,854,Y,123017128,0.24603425599999998
875,93,Y,122975312,0.245950624
46,503,Y,122969840,0.24593968
36,416,Y,122947032,0.24589406400000002
125,1133,Y,122934784,0.245869568
45,488,Y,122849640,0.24569928000000002
524,49,Y,122833432,0.245666864
1078,118,Y,122797672,0.245595344
593,58,Y,122788720,0.24557744
925,99,Y,122768976,0.24553795199999998
1079,118,Y,122736432,0.24547286399999999
63,638,Y,122598240,0.24519648
7,189,Y,122582232,0.24516446399999997
288,20,Y,122538472,0.24507694400000002
42,471,Y,122507336,0.245014672
72,705,Y,122483696,0.244967392
1112,123,Y,122367832,0.244735664
69,685,Y,122314664,0.244629328
859,91,Y,122271040,0.24454208
660,66,Y,122262040,0.24452407999999998
65,654,Y,122151560,0.24430312
1048,115,Y,122129528,0.244259056
961,104,Y,122101000,0.244202
977,106,Y,122097264,0.24419452799999997
86,822,Y,122049048,0.24409809600000001
537,51,Y,122047208,0.24409441599999998
37,427,Y,122036456,0.244072912
242,14,Y,122021856,0.24404371200000002
43,477,Y,121985008,0.243970016
76,738,Y,121886552,0.24377310400000002
67,671,Y,121868272,0.243736544
891,95,Y,121817448,0.24363489600000002
127,1151,Y,121797384,0.243594768
66,656,Y,121730992,0.243461984
54,560,Y,121677080,0.24335416
109,1006,Y,121550176,0.243100352
83,794,Y,121547712,0.24309542399999998
8,194,Y,121538320,0.24307664
59,603,Y,121524296,0.24304859199999998
890,95,Y,121499128,0.24299825600000002
42,469,Y,121422304,0.242844608
465,42,Y,121399080,0.24279815999999999
106,978,Y,121394544,0.24278908800000001
93,872,Y,121312480,0.24262496
80,768,Y,121140440,0.24228088
94,881,Y,121138072,0.24227614399999997
54,565,Y,121025496,0.24205099200000002
3,157,Y,120974712,0.24194942399999997
278,18,Y,120932584,0.241865168
111,1021,Y,120896680,0.24179335999999998
725,74,Y,120895216,0.24179043199999997
372,30,Y,120883168,0.241766336
124,1126,Y,120693968,0.24138793600000003
56,576,Y,120609896,0.241219792
34,400,Y,120540720,0.24108144
588,57,Y,120414272,0.240828544
84,802,Y,120394672,0.240789344
5,172,Y,120248680,0.24049736000000002
31,382,Y,120170688,0.240341376
532,50,Y,120141192,0.240282384
636,63,Y,120136448,0.24027289599999999
44,487,Y,120114584,0.240229168
604,59,Y,120101592,0.240203184
877,93,Y,120008568,0.240017136
16,257,Y,119931976,0.239863952
43,478,Y,119906816,0.239813632
577,56,Y,119858760,0.23971752000000002
360,29,Y,119838480,0.23967696000000002
20,291,Y,119744632,0.239489264
113,1035,Y,119692376,0.23938475199999998
433,38,Y,119686648,0.239373296
501,46,Y,119625592,0.239251184
69,684,Y,119618696,0.239237392
114,1045,Y,119598432,0.239196864
62,624,Y,119584480,0.23916895999999999
122,1108,Y,119552008,0.23910401599999997
968,105,Y,119541456,0.239082912
133,0,Y,119492960,0.23898592
1020,111,Y,119401288,0.23880257600000002
149,2,Y,119393824,0.238787648
884,94,Y,119365392,0.238730784
850,90,Y,119348744,0.238697488
65,648,Y,119315936,0.238631872
158,3,Y,119312704,0.238625408
991,107,Y,119300984,0.238601968
922,99,Y,119186880,0.23837376000000002
49,527,Y,119177672,0.238355344
121,1098,Y,119147656,0.238295312
1133,125,Y,119083384,0.238166768
913,98,Y,119062368,0.23812473599999998
1057,116,Y,119039752,0.238079504
100,932,Y,118994112,0.23798822400000003
590,57,Y,118986288,0.23797257600000002
31,380,Y,118883336,0.23776667199999998
66,661,Y,118799096,0.23759819199999999
1023,111,Y,118790096,0.23758019200000002
30,375,Y,118786400,0.2375728
74,720,Y,118786208,0.23757241599999998
1083,119,Y,118655008,0.237310016
908,97,Y,118528192,0.237056384
38,433,Y,118406864,0.236813728
924,99,Y,118347064,0.23669412800000003
94,882,Y,118317464,0.236634928
106,980,Y,118108528,0.236217056
775,80,Y,118095832,0.236191664
70,688,Y,118027048,0.236054096
96,902,Y,117977872,0.235955744
77,747,Y,117973784,0.235947568
111,1020,Y,117940160,0.23588032
112,1025,Y,117883976,0.23576795200000003
7,188,Y,117859352,0.235718704
15,249,Y,117751912,0.23550382400000003
106,981,Y,117733696,0.235467392
1032,113,Y,117697312,0.235394624
10,215,Y,117651704,0.235303408
108,998,Y,117438664,0.234877328
1008,110,Y,117330400,0.2346608
771,80,Y,117089456,0.234178912
52,549,Y,117083592,0.23416718400000003
38,436,Y,116933864,0.23386772800000002
112,1027,Y,116872264,0.23374452799999998
304,22,Y,116785248,0.23357049600000002
559,53,Y,116768344,0.23353668800000002
1044,114,Y,116750432,0.233500864
1056,116,Y,116686152,0.233372304
114,1044,Y,116682256,0.233364512
19,286,Y,116659920,0.23331984
42,464,Y,116596256,0.233192512
118,1074,Y,116544864,0.233089728
353,28,Y,116537360,0.23307471999999999
400,34,Y,116371712,0.232743424
978,106,Y,116348432,0.232696864
50,532,Y,116285696,0.232571392
911,97,Y,116273128,0.23254625599999998
481,44,Y,116187232,0.232374464
34,402,Y,116009376,0.23201875200000002
410,35,Y,115997496,0.231994992
96,898,Y,115981864,0.231963728
409,35,Y,115970152,0.231940304
60,610,Y,115903504,0.23180700799999998
99,926,Y,115840832,0.23168166399999998
64,645,Y,115818536,0.231637072
853,90,Y,115698432,0.231396864
54,563,Y,115651784,0.23130356800000001
1054,115,Y,115643952,0.23128790400000002
885,94,Y,115638680,0.23127736
119,1082,Y,115529368,0.23105873600000001
1081,119,Y,115407368,0.230814736
90,851,Y,115352744,0.23070548800000001
557,53,Y,115275152,0.23055030399999998
112,1030,Y,115246072,0.230492144
4,166,Y,115225216,0.230450432
93,875,Y,115183232,0.230366464
163,4,Y,115112648,0.230225296
36,419,Y,115014496,0.230028992
871,92,Y,114892288,0.22978457600000002
95,889,Y,114818968,0.22963793600000001
2,144,Y,114792528,0.22958505599999998
303,21,Y,114618960,0.22923791999999998
1129,125,Y,114593808,0.229187616
435,38,Y,114570008,0.229140016
43,476,Y,114517696,0.229035392
826,87,Y,114425192,0.228850384
861,91,Y,114404144,0.22880828799999997
56,577,Y,114302112,0.22860422400000002
742,76,Y,114274448,0.228548896
833,88,Y,114265688,0.228531376
770,80,Y,114237552,0.228475104
646,64,Y,114218336,0.228436672
156,3,Y,114148744,0.228297488
765,79,Y,114070088,0.22814017600000003
1099,121,Y,113988296,0.22797659199999998
28,355,Y,113982320,0.22796464
1085,119,Y,113945240,0.22789047999999998
77,748,Y,113915352,0.227830704
114,1042,Y,113769304,0.227538608
543,51,Y,113551384,0.227102768
44,482,Y,113518312,0.22703662400000002
9,203,Y,113493928,0.226987856
1052,115,Y,113483680,0.22696736
116,1059,Y,113476656,0.22695331200000002
33,398,Y,113474216,0.226948432
135,0,Y,113416008,0.22683201600000003
305,22,Y,113414240,0.22682848
155,3,Y,113366552,0.226733104
66,662,Y,113336000,0.22667199999999998
923,99,Y,113176584,0.226353168
124,1127,Y,113139168,0.226278336
953,103,Y,113130672,0.226261344
1137,126,Y,113112584,0.226225168
92,869,Y,113107104,0.226214208
132,0,Y,112954056,0.225908112
54,561,Y,112900224,0.225800448
839,88,Y,112862976,0.22572595199999998
18,279,Y,112812000,0.22562400000000002
71,696,Y,112808064,0.22561612800000003
70,695,Y,112757512,0.225515024
56,580,Y,112571552,0.225143104
72,706,Y,112524808,0.225049616
46,502,Y,112496528,0.22499305600000002
1047,114,Y,112416064,0.224832128
609,60,Y,112365104,0.22473020800000001
54,566,Y,112257128,0.22451425599999997
83,795,Y,112207768,0.22441553600000003
561,54,Y,112175040,0.22435008
113,1036,Y,112024120,0.22404823999999998
160,4,Y,112015640,0.22403127999999997
1061,116,Y,111914008,0.223828016
741,76,Y,111847728,0.22369545600000001
292,20,Y,111791040,0.22358208000000002
33,392,Y,111785824,0.22357164799999998
66,663,Y,111747800,0.22349560000000002
73,714,Y,111664152,0.22332830399999998
788,82,Y,111629880,0.22325976
440,39,Y,111616856,0.223233712
35,412,Y,111590832,0.22318166399999997
82,791,Y,111528424,0.22305684799999997
842,89,Y,111504096,0.223008192
549,52,Y,111375720,0.22275144
97,907,Y,111277232,0.22255446399999998
73,712,Y,111101384,0.222202768
115,1048,Y,111065504,0.222131008
100,928,Y,111051064,0.22210212799999998
1124,124,Y,110962336,0.221924672
1028,112,Y,110888896,0.221777792
43,474,Y,110725032,0.221450064
14,245,Y,110709880,0.22141976
729,75,Y,110704376,0.22140875200000001
28,352,Y,110649520,0.22129904
1022,111,Y,110537864,0.221075728
60,612,Y,110524592,0.22104918399999998
95,888,Y,110478472,0.22095694400000002
39,446,Y,110451336,0.220902672
832,88,Y,110372984,0.22074596800000001
812,85,Y,110356920,0.22071384000000002
2,146,Y,110326288,0.220652576
122,1107,Y,110236992,0.22047398399999998
369,30,Y,110105544,0.220211088
798,83,Y,110104560,0.22020911999999998
970,105,Y,110050880,0.22010176
88,832,Y,110031840,0.22006368
72,707,Y,110019464,0.220038928
1006,109,Y,110009144,0.220018288
659,66,Y,109795584,0.219591168
117,1067,Y,109779976,0.219559952
61,622,Y,109778416,0.219556832
85,811,Y,109615104,0.21923020799999998
23,317,Y,109529952,0.219059904
698,71,Y,109510936,0.219021872
124,1124,Y,109420296,0.21884059199999997
799,83,Y,109344616,0.218689232
62,627,Y,109343856,0.21868771199999998
934,100,Y,109319536,0.218639072
508,47,Y,109308480,0.21861696000000003
102,950,Y,109287040,0.21857408
83,796,Y,109253008,0.21850601600000003
24,325,Y,109124736,0.21824947199999997
42,467,Y,109043696,0.21808739200000002
41,456,Y,109038656,0.218077312
79,764,Y,109024696,0.218049392
1151,127,Y,109006216,0.21801243199999998
898,96,Y,108982464,0.21796492799999997
47,511,Y,108882808,0.217765616
990,107,Y,108688192,0.217376384
80,769,Y,108393816,0.216787632
711,72,Y,108392576,0.21678515199999998
61,618,Y,108385344,0.21677068800000002
617,61,Y,108359368,0.216718736
469,42,Y,108339784,0.216679568
64,641,Y,108322584,0.216645168
19,281,Y,108224448,0.216448896
1017,111,Y,108183168,0.216366336
94,880,Y,108095952,0.216191904
54,567,Y,107992288,0.215984576
888,95,Y,107780912,0.215561824
35,415,Y,107640632,0.215281264
427,37,Y,107628568,0.21525713600000002
830,87,Y,107621200,0.2152424
635,63,Y,107518608,0.215037216
511,47,Y,107509480,0.21501896
716,73,Y,107286792,0.21457358399999998
693,70,Y,107237368,0.214474736
70,692,Y,107099048,0.214198096
42,465,Y,107004128,0.214008256
1039,113,Y,106954928,0.21390985599999998
637,63,Y,106890360,0.21378071999999998
82,787,Y,106889896,0.21377979200000002
107,991,Y,106838304,0.21367660800000002
959,103,Y,106740616,0.213481232
739,76,Y,106734088,0.21346817599999998
892,95,Y,106715512,0.213431024
594,58,Y,106707432,0.21341486399999998
941,101,Y,106636264,0.213272528
397,33,Y,106635448,0.21327089600000002
34,404,Y,106570912,0.21314182399999998
86,818,Y,106491920,0.21298383999999998
806,84,Y,106467240,0.21293447999999998
494,45,Y,106432000,0.21286399999999997
109,1005,Y,106425560,0.21285112
89,842,Y,106424696,0.21284939200000003
110,1008,Y,106246168,0.21249233600000003
77,751,Y,106163656,0.21232731200000002
793,83,Y,106045256,0.212090512
688,70,Y,105903912,0.211807824
101,941,Y,105781568,0.211563136
179,6,Y,105660152,0.211320304
95,891,Y,105517600,0.21103519999999998
343,26,Y,105440304,0.210880608
191,7,Y,105305624,0.210611248
162,4,Y,105255496,0.210510992
50,528,Y,105147304,0.21029460800000002
75,735,Y,104895440,0.20979088
324,24,Y,104724992,0.20944998400000003
81,780,Y,104723712,0.20944742400000002
46,496,Y,104716040,0.20943208
110,1009,Y,104673432,0.209346864
1105,122,Y,104583600,0.20916720000000003
111,1018,Y,104461816,0.208923632
352,28,Y,104412424,0.20882484799999998
313,23,Y,104202176,0.208404352
418,36,Y,104189032,0.208378064
39,440,Y,104125128,0.208250256
78,758,Y,104122272,0.208244544
26,343,Y,103994688,0.20798937600000003
556,53,Y,103866744,0.20773348800000002
411,35,Y,103863480,0.20772696
100,929,Y,103762544,0.20752508799999997
334,25,Y,103626992,0.207253984
517,48,Y,103431640,0.20686328
90,853,Y,103315816,0.20663163199999998
97,911,Y,103254848,0.206509696
99,923,Y,103242704,0.206485408
1040,114,Y,103239792,0.206479584
430,37,Y,103173816,0.20634763199999998
632,63,Y,102908928,0.205817856
139,1,Y,102830776,0.205661552
36,422,Y,102673656,0.205347312
606,59,Y,102661312,0.20532262399999998
164,4,Y,102636712,0.205273424
696,71,Y,102347048,0.20469409600000002
22,304,Y,102330144,0.20466028800000002
53,555,Y,102237256,0.204474512
874,93,Y,102136872,0.204273744
287,19,Y,102013232,0.204026464
269,17,Y,101815248,0.20363049600000002
829,87,Y,101803440,0.20360688000000002
13,239,Y,101779912,0.203559824
127,1148,Y,101765552,0.203531104
40,454,Y,101748256,0.20349651200000002
107,988,Y,101589128,0.203178256
396,33,Y,101422000,0.202844
102,945,Y,101129112,0.20225822400000001
695,70,Y,101125368,0.20225073600000001
55,574,Y,101095400,0.20219080000000003
51,543,Y,101032080,0.20206416
951,102,Y,100935560,0.20187112
71,703,Y,100623832,0.201247664
579,56,Y,100529016,0.201058032
140,1,Y,100364424,0.20072884800000002
714,73,Y,100269080,0.20053816
35,408,Y,100218944,0.200437888
984,107,Y,100217632,0.200435264
807,84,Y,99982400,0.19996480000000003
70,689,Y,99924640,0.19984928
727,74,Y,99794048,0.199588096
717,73,Y,99525648,0.199051296
15,255,Y,99439104,0.19887820799999997
27,345,Y,98808688,0.19761737599999998
507,47,Y,98698696,0.197397392
835,88,Y,98587136,0.197174272
1,140,Y,98042568,0.196085136
118,1076,Y,97893272,0.195786544
87,829,Y,97882376,0.195764752
279,18,Y,97646744,0.19529348800000002
59,601,Y,97449904,0.194899808
415,35,Y,97152976,0.19430595199999998
889,95,Y,96920352,0.193840704
463,41,Y,96869488,0.193738976
276,18,Y,96868800,0.1937376
528,50,Y,96424432,0.192848864
92,867,Y,96403216,0.192806432
616,61,Y,96006520,0.19201304
143,1,Y,95593336,0.191186672
815,85,Y,95168752,0.190337504
22,309,Y,94730968,0.189461936
73,717,Y,94587304,0.189174608
881,94,Y,94474944,0.188949888
712,73,Y,94186808,0.188373616
622,61,Y,93879032,0.187758064
87,824,Y,93701344,0.18740268799999998
456,41,Y,93695832,0.187391664
1029,112,Y,93178576,0.186357152
5,173,Y,93176936,0.186353872
75,734,Y,93169432,0.186338864
69,687,Y,93127832,0.18625566400000002
93,874,Y,92756424,0.185512848
35,409,Y,92692696,0.18538539199999998
103,959,Y,92277952,0.184555904
657,66,Y,92181064,0.184362128
102,944,Y,92104584,0.184209168
398,33,Y,92073968,0.18414793599999998
1147,127,Y,91662032,0.18332406399999998
601,59,Y,91562552,0.18312510399999998
937,101,Y,91460680,0.18292136
821,86,Y,90975184,0.181950368
426,37,Y,90939144,0.181878288
416,36,Y,90321672,0.180643344
93,877,Y,89079240,0.17815848
29,365,Y,87054016,0.174108032
40,449,Y,86879712,0.173759424
