39,21,N,849086984,2.8302899466666664
9,39,N,818396232,2.72798744
21,296,Y,759123128,2.5304104266666667
206,9,Y,758689192,2.5289639733333336
13,40,N,611353408,2.037844693333333
42,468,Y,599893192,1.9996439733333333
95,107,N,594306120,1.9810204000000002
107,42,N,579129328,1.9304310933333333
40,95,N,566703640,1.8890121333333332
235,13,Y,566373128,1.8879104266666664
124,92,N,445975752,1.4865858399999998
10,108,N,386895225,1.2896507499999998
108,10,N,367967904,1.22655968
108,124,N,343448832,1.1448294399999999
31,60,N,268418536,0.8947284533333334
42,124,N,259214120,0.8640470666666668
60,17,N,254174192,0.8472473066666666
55,42,N,253977520,0.8465917333333333
92,868,Y,235290344,0.7843011466666666
17,265,Y,230995704,0.76998568
381,31,Y,228448368,0.76149456
575,55,Y,226602552,0.75534184
103,75,N,218891042,0.7296368066666666
75,57,N,214109968,0.7136998933333334
125,1,N,202953793,0.6765126433333334
212,10,Y,199589656,0.6652988533333334
79,61,N,199252136,0.6641737866666666
57,99,N,197905248,0.6596841600000001
92,864,Y,195533528,0.6517784266666666
88,79,N,185326048,0.6177534933333334
1,125,N,182447618,0.6081587266666666
11,83,N,170962088,0.5698736266666666
958,103,Y,167740664,0.5591355466666666
99,925,Y,165668688,0.55222896
61,15,N,165307392,0.55102464
58,2,N,153736400,0.5124546666666667
83,58,N,148381776,0.49460592000000003
15,48,N,142405104,0.47468368
17,60,N,141899104,0.4729970133333333
2,88,N,136743496,0.45581165333333334
60,10,N,134404144,0.4480138133333333
61,76,N,128314952,0.42771650666666666
57,66,N,121664640,0.40554880000000004
79,88,N,121367336,0.40455778666666664
33,38,N,120333056,0.4011101866666667
57,75,N,120200880,0.40066959999999996
66,54,N,119441088,0.39813696000000004
88,839,Y,119110216,0.39703405333333336
220,11,Y,118732152,0.39577384
105,118,N,117889144,0.3929638133333333
30,84,N,116677760,0.3889258666666667
69,79,N,113500448,0.3783348266666667
21,7,N,112511456,0.37503818666666666
54,3,N,110494760,0.36831586666666666
84,93,N,109323320,0.36441106666666667
121,29,N,108886008,0.36295336
75,37,N,108875616,0.36291872
835,88,Y,108071912,0.36023970666666666
97,56,N,105906424,0.3530214133333333
48,515,Y,105275320,0.3509177333333333
3,28,N,105177952,0.35059317333333334
8,62,N,105149992,0.3504999733333333
51,59,N,103716032,0.34572010666666664
21,39,N,101673248,0.33891082666666666
123,47,N,101641688,0.33880562666666664
62,70,N,97605768,0.32535256
96,112,N,97320752,0.3244025066666667
101,123,N,97000952,0.3233365066666667
47,39,N,96354360,0.3211812
269,17,Y,95972496,0.31990832
47,67,N,95845624,0.31948541333333336
124,1122,Y,95201080,0.31733693333333335
116,40,N,93938144,0.3131271466666667
18,126,N,93100800,0.310336
72,25,N,92399496,0.30799832
25,111,N,92110552,0.30703517333333336
55,8,N,90605016,0.30201672
111,86,N,90016520,0.30005506666666665
124,42,N,89982464,0.29994154666666667
25,72,N,89522592,0.29840864
118,25,N,89174136,0.29724712
110,32,N,88988776,0.29662925333333334
6,30,N,87618104,0.29206034666666664
106,81,N,87486824,0.29162274666666665
91,65,N,87464528,0.29154842666666664
49,97,N,87234688,0.29078229333333333
41,66,N,87127888,0.2904262933333333
45,49,N,86033144,0.28677714666666665
93,46,N,85447944,0.28482648
28,353,Y,85213272,0.28404424
12,79,N,84754688,0.2825156266666667
1103,121,Y,84586008,0.28195336000000004
27,77,N,84308376,0.28102792
39,9,N,84304752,0.28101583999999996
584,57,Y,83891384,0.27963794666666664
30,117,N,82802112,0.27600704
112,110,N,82657712,0.27552570666666665
62,96,N,82253872,0.2741795733333333
68,5,N,82232112,0.27410704
13,122,N,80973784,0.26991261333333333
79,4,N,80941520,0.2698050666666667
32,386,Y,80722304,0.26907434666666663
42,88,N,80582688,0.26860896
57,126,N,80290376,0.2676345866666667
574,55,Y,79675864,0.2655862133333333
65,3,N,79337048,0.26445682666666664
83,41,N,79149592,0.26383197333333336
70,693,Y,79110224,0.26370074666666665
59,32,N,78812472,0.26270824
77,27,N,78614856,0.26204952000000004
61,79,N,78577688,0.26192562666666663
93,18,N,78387064,0.26129021333333335
98,51,N,77873936,0.2595797866666667
29,91,N,77204984,0.25734994666666666
223,11,Y,77188360,0.2572945333333333
39,47,N,76654312,0.2555143733333333
107,89,N,75719176,0.25239725333333335
20,122,N,75649728,0.25216575999999996
122,13,N,75459320,0.25153106666666664
4,13,N,75330784,0.25110261333333334
112,22,N,75130112,0.25043370666666664
47,100,N,74958752,0.24986250666666665
62,101,N,74819040,0.2493968
9,206,Y,74760976,0.24920325333333332
67,72,N,74534360,0.24844786666666668
76,737,Y,74456824,0.24818941333333333
107,95,N,74328688,0.24776229333333336
80,29,N,74157824,0.24719274666666669
75,112,N,74001368,0.2466712266666667
20,62,N,73523488,0.24507829333333334
15,121,N,72461216,0.24153738666666666
126,107,N,71787256,0.23929085333333333
11,33,N,71697104,0.2389903466666667
681,69,Y,71357312,0.23785770666666667
71,2,N,71200320,0.2373344
7,187,Y,70451080,0.23483693333333336
74,87,N,70217992,0.23405997333333334
265,17,Y,69720600,0.232402
125,15,N,69689672,0.23229890666666667
123,74,N,69448392,0.23149464000000003
591,57,Y,69309720,0.2310324
1116,123,Y,69153408,0.23051136
109,12,N,69145232,0.23048410666666666
22,6,N,69074624,0.2302487466666667
29,361,Y,69013072,0.23004357333333333
56,54,N,68628792,0.22876264000000002
15,61,N,68496360,0.22832120000000003
0,110,N,68214008,0.22738002666666665
17,20,N,68175864,0.22725288000000002
88,42,N,68035856,0.22678618666666667
5,106,N,67768984,0.22589661333333333
76,61,N,67474216,0.22491405333333334
42,9,N,67458784,0.22486261333333332
76,116,N,67456904,0.22485634666666665
40,13,N,67148696,0.22382898666666665
49,9,N,65419536,0.21806512
81,24,N,65168264,0.21722754666666666
296,21,Y,64549424,0.21516474666666668
30,23,N,64418296,0.21472765333333332
368,30,Y,64324048,0.21441349333333332
44,53,N,64096664,0.21365554666666667
59,127,N,63988608,0.21329536000000002
38,94,N,63672616,0.21224205333333335
176,6,Y,63508448,0.21169482666666667
56,109,N,63268776,0.21089592000000001
87,11,N,63148680,0.21049559999999998
46,105,N,62780248,0.20926749333333333
117,82,N,62702288,0.20900762666666667
770,80,Y,62679608,0.20893202666666666
71,91,N,62464544,0.20821514666666666
37,426,Y,62209400,0.20736466666666664
82,120,N,62028752,0.20676250666666665
88,96,N,61489808,0.20496602666666666
6,22,N,61349200,0.20449733333333334
46,501,Y,61258664,0.20419554666666664
33,98,N,61112512,0.2037083733333333
120,111,N,61025320,0.20341773333333335
3,154,Y,60927952,0.20309317333333335
27,1,N,60888920,0.20296306666666664
126,69,N,60821072,0.2027369066666667
113,63,N,60660608,0.20220202666666667
38,97,N,60360008,0.20120002666666664
48,15,N,60326016,0.20108672
100,928,Y,60130256,0.20043418666666665
127,71,N,60108296,0.20036098666666668
86,106,N,60104544,0.20034848
67,27,N,59900840,0.19966946666666666
25,21,N,59068400,0.1968946666666667
99,57,N,59022032,0.19674010666666666
115,64,N,58947576,0.19649192
112,75,N,58832824,0.19610941333333332
23,110,N,58819488,0.19606495999999998
75,13,N,58641240,0.1954708
971,105,Y,58330264,0.19443421333333333
72,710,Y,58316048,0.19438682666666668
47,123,N,58212368,0.19404122666666668
53,117,N,58127848,0.19375949333333334
122,20,N,58019912,0.19339970666666664
81,85,N,58002608,0.19334202666666667
22,112,N,57945112,0.19315037333333332
126,124,N,57855256,0.19285085333333332
69,59,N,57586912,0.19195637333333332
93,101,N,57429992,0.19143330666666666
46,93,N,56711600,0.18903866666666666
119,26,N,56683920,0.1889464
18,100,N,56500816,0.18833605333333334
64,13,N,56407352,0.18802450666666667
15,84,N,56194352,0.18731450666666666
80,108,N,56192192,0.18730730666666667
117,33,N,56189576,0.18729858666666666
89,119,N,55568088,0.18522696
42,55,N,55486008,0.18495336
6,16,N,55484160,0.1849472
17,102,N,55315029,0.18438343000000001
0,82,N,55096408,0.1836546933333333
58,83,N,54892960,0.18297653333333333
12,109,N,54769784,0.18256594666666667
23,30,N,54737240,0.18245746666666665
468,42,Y,54696176,0.18232058666666667
67,47,N,54513168,0.18171056
73,23,N,54357176,0.18119058666666668
43,78,N,54327368,0.18109122666666666
42,107,N,54301272,0.18100423999999998
109,103,N,54175312,0.18058437333333335
64,18,N,54005776,0.18001925333333335
26,22,N,53758216,0.17919405333333333
95,68,N,53534128,0.17844709333333333
291,20,Y,53493552,0.17831184
2,71,N,53408256,0.17802752
55,59,N,53335496,0.17778498666666664
27,67,N,53247696,0.17749231999999998
28,25,N,53237520,0.17745840000000002
26,35,N,53199088,0.17733029333333333
10,71,N,53192776,0.17730925333333333
104,64,N,53118816,0.17706272
101,62,N,53060120,0.17686706666666668
48,119,N,52978512,0.17659504
88,37,N,52815808,0.17605269333333332
1,45,N,52812552,0.17604184
7,55,N,52690640,0.17563546666666666
94,38,N,52654576,0.17551525333333332
52,24,N,52606976,0.17535658666666668
63,93,N,52505880,0.1750196
52,57,N,52461984,0.17487328000000002
77,30,N,52307192,0.17435730666666668
45,1,N,51809272,0.17269757333333333
86,102,N,51786088,0.17262029333333334
78,43,N,51732816,0.17244272
38,81,N,51706120,0.17235373333333334
32,110,N,51626320,0.17208773333333333
53,44,N,51574976,0.17191658666666668
79,12,N,51519424,0.17173141333333333
98,46,N,51464864,0.17154954666666666
13,235,Y,51331504,0.17110501333333333
40,27,N,51296584,0.17098861333333334
103,29,N,51237480,0.17079160000000002
40,21,N,51194392,0.17064797333333334
91,92,N,51132168,0.17044056
123,1114,Y,51098648,0.17032882666666666
112,96,N,51054710,0.17018236666666667
76,52,N,51013128,0.17004376
114,46,N,50951552,0.16983850666666667
121,108,N,50841880,0.16947293333333333
15,125,N,50818688,0.1693956266666667
46,76,N,50788152,0.16929384
52,76,N,50757976,0.16919325333333335
9,111,N,50598344,0.16866114666666668
23,50,N,50548296,0.16849432
121,15,N,50546280,0.16848760000000002
75,103,N,50530680,0.1684356
77,80,N,50485152,0.16828384
92,124,N,50198832,0.16732944
102,125,N,50146736,0.16715578666666667
90,33,N,49922096,0.16640698666666667
32,59,N,49824456,0.16608152
28,3,N,49811144,0.16603714666666666
31,0,N,49806008,0.16602002666666668
93,84,N,49643976,0.16547992
10,60,N,49485736,0.16495245333333333
32,100,N,49458480,0.1648616
111,9,N,49338968,0.16446322666666666
110,1012,Y,49268824,0.16422941333333335
13,233,Y,48531992,0.16177330666666667
12,19,N,48394256,0.16131418666666666
77,85,N,48385576,0.16128525333333332
624,62,Y,48328880,0.16109626666666665
110,112,N,48054000,0.16018
91,71,N,47948328,0.15982775999999999
729,75,Y,47514248,0.15838082666666667
105,5,N,47432632,0.15810877333333334
35,55,N,47374792,0.15791597333333335
30,6,N,47362960,0.15787653333333335
83,7,N,47242288,0.15747429333333335
37,61,N,47111184,0.15703728
3,65,N,47110752,0.15703583999999998
118,109,N,46880312,0.15626770666666667
55,35,N,46722936,0.15574312
70,113,N,46719704,0.15573234666666666
16,260,Y,46604488,0.15534829333333333
30,77,N,46539000,0.15513
72,104,N,46377752,0.15459250666666666
1,27,N,46342296,0.15447432
9,66,N,45953320,0.15317773333333334
78,45,N,45938520,0.1531284
14,65,N,45935016,0.15311672
74,53,N,45899936,0.15299978666666667
121,53,N,45793208,0.15264402666666665
84,15,N,45755920,0.15251973333333335
78,116,N,45736824,0.15245608
38,436,Y,45695280,0.1523176
116,36,N,45687704,0.15229234666666666
19,53,N,45673880,0.15224626666666666
5,105,N,45600032,0.15200010666666666
104,68,N,45520752,0.15173584
5,68,N,45468520,0.15156173333333334
62,8,N,45442600,0.15147533333333332
87,111,N,45391904,0.15130634666666667
116,76,N,45331416,0.15110472
68,14,N,45267008,0.15089002666666668
19,16,N,45257104,0.15085701333333335
124,108,N,45107184,0.15035727999999998
37,86,N,45083800,0.15027933333333332
521,49,Y,45008072,0.15002690666666665
80,77,N,44942120,0.14980706666666668
120,6,N,44935992,0.14978664
109,56,N,44799400,0.14933133333333334
54,562,Y,44769152,0.14923050666666668
116,73,N,44699512,0.14899837333333332
86,111,N,44692496,0.14897498666666667
123,101,N,44623728,0.14874576
204,9,Y,44599920,0.1486664
104,48,N,44368744,0.14789581333333335
83,11,N,44257216,0.14752405333333332
102,17,N,44186482,0.14728827333333333
65,91,N,44185512,0.14728504
80,72,N,43800168,0.14600056
40,116,N,43762152,0.14587384
41,19,N,43759848,0.14586616
20,31,N,43399088,0.14466362666666666
59,51,N,43293744,0.14431248
67,12,N,43268056,0.14422685333333332
24,323,Y,43242856,0.14414285333333332
69,126,N,43212592,0.14404197333333335
76,65,N,43197376,0.14399125333333332
92,120,N,43161120,0.1438704
79,69,N,43110168,0.14370056
112,115,N,43071960,0.14357319999999998
108,50,N,43007960,0.14335986666666667
126,57,N,42994952,0.14331650666666668
100,18,N,42865704,0.14288568000000001
108,80,N,42830496,0.14276832
26,12,N,42826712,0.14275570666666668
85,4,N,42791768,0.14263922666666667
110,23,N,42741000,0.14247
89,83,N,42734888,0.14244962666666666
43,58,N,42728400,0.142428
91,28,N,42600840,0.1420028
16,6,N,42570920,0.14190306666666666
7,83,N,42476440,0.14158813333333334
50,24,N,42415232,0.14138410666666668
88,835,Y,42381528,0.14127176
82,0,N,42375728,0.14125242666666668
122,71,N,42329088,0.14109696
96,88,N,42263032,0.14087677333333332
24,52,N,42251576,0.14083858666666665
67,35,N,42202832,0.14067610666666666
71,10,N,42166952,0.14055650666666666
537,51,Y,41795456,0.13931818666666668
56,73,N,41733816,0.13911272000000002
85,81,N,41640144,0.13880048
87,48,N,41453600,0.13817866666666667
507,47,Y,41380472,0.13793490666666666
66,661,Y,41359536,0.13786511999999998
64,34,N,41353336,0.13784445333333334
37,94,N,41254944,0.13751648
24,81,N,41202296,0.13734098666666666
29,103,N,40999264,0.1366642133333333
125,102,N,40997312,0.13665770666666666
59,69,N,40993008,0.13664336
111,1018,Y,40954696,0.13651565333333335
43,74,N,40846976,0.13615658666666666
84,30,N,40841072,0.13613690666666667
25,335,Y,40788896,0.13596298666666667
49,10,N,40748648,0.13582882666666665
36,3,N,40692712,0.13564237333333334
51,24,N,40671408,0.13557136
95,104,N,40602064,0.13534021333333335
7,82,N,40539136,0.13513045333333332
335,25,Y,40528616,0.13509538666666665
9,49,N,40223440,0.13407813333333332
7,21,N,40182040,0.13394013333333335
53,19,N,40021176,0.13340392
110,0,N,39928872,0.13309623999999998
111,25,N,39878040,0.1329268
111,120,N,39814544,0.13271514666666667
85,77,N,39778104,0.13259368
26,119,N,39777912,0.13259304
9,42,N,39773896,0.13257965333333335
224,12,Y,39617424,0.13205808
114,78,N,39487672,0.13162557333333333
52,70,N,39486832,0.13162277333333333
102,86,N,39447280,0.13149093333333334
118,105,N,39383032,0.13127677333333335
101,50,N,39294560,0.13098186666666667
878,93,Y,39265112,0.13088370666666668
60,89,N,39212256,0.13070752
84,41,N,39183824,0.13061274666666667
63,48,N,39171616,0.13057205333333333
65,14,N,39152576,0.13050858666666668
35,26,N,39079752,0.13026584000000002
0,16,N,39076432,0.13025477333333332
81,41,N,39043968,0.13014656
8,55,N,38982664,0.12994221333333333
50,101,N,38977144,0.12992381333333333
24,51,N,38921528,0.12973842666666666
105,121,N,38914144,0.12971381333333332
21,40,N,38713400,0.12904466666666667
70,107,N,38657632,0.12885877333333334
97,49,N,38652624,0.12884208
908,97,Y,38648128,0.12882709333333334
55,575,Y,38579864,0.12859954666666668
72,94,N,38560688,0.12853562666666668
70,31,N,38521088,0.12840362666666666
92,91,N,38467360,0.12822453333333333
87,32,N,38427584,0.12809194666666665
5,26,N,38333832,0.12777944
60,31,N,38299472,0.12766490666666666
97,38,N,38273720,0.12757906666666666
22,26,N,38239672,0.12746557333333333
85,1,N,37983272,0.12661090666666666
69,34,N,37931904,0.12643968
68,90,N,37908848,0.12636282666666668
105,46,N,37843792,0.12614597333333333
623,61,Y,37812032,0.12604010666666668
19,41,N,37785960,0.12595320000000002
1,85,N,37779656,0.12593218666666667
10,49,N,37778176,0.12592725333333332
95,73,N,37769272,0.12589757333333335
117,53,N,37730240,0.12576746666666666
35,2,N,37704280,0.12568093333333333
678,68,Y,37699592,0.12566530666666667
104,72,N,37663232,0.12554410666666668
115,28,N,37658744,0.12552914666666667
101,34,N,37654144,0.12551381333333334
41,84,N,37567672,0.12522557333333334
53,74,N,37511456,0.12503818666666666
100,32,N,37452616,0.12484205333333333
56,97,N,37385568,0.12461855999999999
50,18,N,37331912,0.12443970666666668
107,126,N,37321376,0.12440458666666666
45,16,N,37289400,0.124298
46,98,N,37157056,0.12385685333333332
97,98,N,37128592,0.12376197333333334
64,115,N,37022720,0.12340906666666668
114,32,N,37015488,0.12338496
108,121,N,36983896,0.12327965333333334
41,83,N,36939448,0.12313149333333334
54,66,N,36928600,0.12309533333333333
58,102,N,36891104,0.12297034666666666
61,37,N,36828656,0.12276218666666668
31,70,N,36825944,0.12275314666666667
66,57,N,36817328,0.12272442666666665
100,47,N,36816856,0.12272285333333334
11,105,N,36772176,0.12257392
126,18,N,36769080,0.1225636
34,69,N,36765120,0.1225504
51,98,N,36742768,0.12247589333333334
34,64,N,36708600,0.122362
96,43,N,36529088,0.12176362666666667
71,122,N,36489760,0.12163253333333332
22,66,N,36361296,0.12120431999999999
103,109,N,36350992,0.12116997333333335
38,33,N,36333200,0.12111066666666667
54,23,N,36296048,0.12098682666666666
37,427,Y,36245752,0.12081917333333332
4,85,N,36080896,0.12026965333333332
51,125,N,36003816,0.12001271999999999
64,104,N,35986720,0.11995573333333333
59,55,N,35955160,0.11985053333333333
25,118,N,35942432,0.11980810666666666
115,112,N,35915288,0.11971762666666667
41,81,N,35913360,0.11971119999999999
35,67,N,35909616,0.11969872
94,72,N,35893160,0.11964386666666667
111,87,N,35842608,0.11947536
18,93,N,35834528,0.11944842666666666
120,127,N,35783264,0.11927754666666668
27,40,N,35775840,0.11925279999999999
1062,116,Y,35665976,0.11888658666666667
102,58,N,35664872,0.11888290666666668
13,64,N,35605288,0.11868429333333334
1056,116,Y,35423088,0.11807696
78,114,N,35416488,0.11805495999999999
0,31,N,35387072,0.11795690666666667
48,104,N,35303752,0.11767917333333333
585,57,Y,35270928,0.11756976000000001
65,115,N,35206856,0.11735618666666667
84,78,N,35181016,0.11727005333333333
2,58,N,35144112,0.11714704
53,121,N,35098928,0.11699642666666667
36,116,N,35097592,0.11699197333333332
34,98,N,35056368,0.11685456
81,106,N,35035680,0.11678560000000002
102,34,N,35023240,0.11674413333333333
19,12,N,35021688,0.11673896
90,99,N,34989344,0.11663114666666666
72,67,N,34915064,0.11638354666666667
688,70,Y,34897592,0.11632530666666667
89,847,Y,34847504,0.11615834666666666
96,62,N,34782208,0.11594069333333333
2,147,Y,34697168,0.11565722666666667
21,25,N,34688456,0.11562818666666667
25,28,N,34502376,0.11500792000000001
55,7,N,34494904,0.11498301333333334
106,5,N,34484120,0.11494706666666667
85,810,Y,34418560,0.11472853333333334
119,36,N,34415608,0.11471869333333333
12,67,N,34364864,0.11454954666666667
834,88,Y,34345496,0.11448498666666666
83,89,N,34293504,0.11431168000000001
3,36,N,34288616,0.11429538666666668
76,46,N,34281184,0.11427061333333334
13,237,Y,34279264,0.11426421333333332
92,38,N,34274016,0.11424672
78,84,N,34134968,0.11378322666666667
65,76,N,34100456,0.11366818666666667
14,99,N,34031944,0.11343981333333333
34,102,N,33973904,0.11324634666666666
98,34,N,33958128,0.11319375999999999
35,94,N,33901848,0.11300616
29,118,N,33850224,0.11283408
744,77,Y,33769656,0.11256552
18,64,N,33729280,0.11243093333333333
91,29,N,33651432,0.11217144
37,88,N,33573024,0.11191008000000001
48,63,N,33571448,0.11190482666666667
86,37,N,33505048,0.11168349333333333
60,63,N,33480824,0.11160274666666666
29,363,Y,33397048,0.11132349333333334
29,80,N,33395472,0.11131824
49,113,N,33353024,0.11117674666666667
43,96,N,33323152,0.11107717333333333
72,80,N,33317912,0.11105970666666666
34,101,N,33252072,0.11084024
92,103,N,33235048,0.11078349333333334
119,123,N,33218832,0.11072943999999998
16,0,N,33210976,0.11070325333333335
66,22,N,33195440,0.11065146666666666
117,30,N,33189496,0.11063165333333334
4,79,N,33156408,0.11052136000000001
24,44,N,33144528,0.11048175999999998
77,118,N,33124656,0.11041551999999999
9,207,Y,33123024,0.11041008000000001
1114,123,Y,33060288,0.11020095999999999
54,56,N,33047912,0.11015970666666668
48,87,N,33045208,0.11015069333333333
94,122,N,33036992,0.11012330666666666
44,24,N,32971400,0.10990466666666668
74,43,N,32922256,0.10974085333333332
3,54,N,32884960,0.10961653333333332
23,54,N,32880288,0.10960096
32,87,N,32648896,0.10882965333333333
73,95,N,32604944,0.10868314666666666
13,75,N,32561496,0.10853832
5,16,N,32546456,0.10848818666666665
12,229,Y,32437312,0.10812437333333333
70,62,N,32411576,0.10803858666666667
29,121,N,32399056,0.10799685333333334
61,20,N,32309760,0.1076992
12,26,N,32222800,0.10740933333333333
100,85,N,32212512,0.10737503999999999
127,80,N,32197552,0.10732517333333334
27,31,N,32124448,0.10708149333333333
88,2,N,32076656,0.10692218666666665
44,69,N,32031888,0.10677296000000001
73,56,N,32016664,0.10672221333333333
44,127,N,31985648,0.10661882666666667
50,23,N,31871072,0.10623690666666666
66,41,N,31780680,0.1059356
98,97,N,31655568,0.10551856
14,0,N,31618104,0.10539367999999999
47,511,Y,31560904,0.10520301333333333
120,92,N,31284392,0.10428130666666666
17,90,N,31276936,0.10425645333333333
118,77,N,31272408,0.10424136
50,108,N,31198568,0.10399522666666666
85,100,N,31079608,0.10359869333333334
87,74,N,31056664,0.10352221333333332
17,117,N,31031856,0.10343952000000001
0,14,N,30953096,0.10317698666666666
26,5,N,30949704,0.10316568
70,52,N,30895512,0.10298504
11,218,Y,30884264,0.10294754666666667
36,119,N,30877040,0.10292346666666667
99,14,N,30843424,0.10281141333333334
49,45,N,30805688,0.10268562666666667
58,43,N,30764192,0.10254730666666666
32,114,N,30705768,0.10235256
504,47,Y,30484064,0.10161354666666667
119,1082,Y,30412952,0.10137650666666666
495,45,Y,30387432,0.10129144000000001
6,120,N,30346808,0.10115602666666668
14,123,N,30296896,0.10098965333333333
94,37,N,30282712,0.10094237333333332
39,22,N,30228088,0.10076029333333333
63,60,N,30030920,0.10010306666666667
71,127,N,30021096,0.10007032
94,35,N,30009248,0.10003082666666667
98,33,N,29956416,0.09985472000000001
66,663,Y,29890256,0.09963418666666665
8,125,N,29877096,0.09959032000000001
125,51,N,29822424,0.09940808000000001
21,90,N,29816136,0.09938712
124,126,N,29755600,0.09918533333333333
119,89,N,29743568,0.09914522666666667
16,5,N,29662904,0.09887634666666666
4,115,N,29657776,0.09885925333333334
24,50,N,29623400,0.09874466666666666
483,44,Y,29525464,0.09841821333333334
96,10,N,29490112,0.09830037333333334
122,44,N,29396912,0.09798970666666668
119,48,N,29372856,0.09790952
90,21,N,29349024,0.09783007999999999
103,92,N,29277024,0.09759008
31,27,N,29251992,0.09750664
37,75,N,29184464,0.09728154666666668
116,78,N,29074568,0.09691522666666666
121,105,N,28989752,0.09663250666666666
123,14,N,28975880,0.09658626666666667
16,45,N,28973160,0.0965772
23,73,N,28947992,0.09649330666666667
396,33,Y,28924992,0.09641664000000001
89,107,N,28867992,0.09622664
113,49,N,28789800,0.095966
497,46,Y,28730376,0.09576791999999999
73,116,N,28594608,0.09531536
93,63,N,28509824,0.09503274666666667
120,82,N,28488224,0.09496074666666666
33,90,N,28392832,0.09464277333333333
2,99,N,28376368,0.09458789333333333
106,86,N,28324936,0.09441645333333334
52,124,N,28305696,0.09435232
62,20,N,28288024,0.09429341333333333
107,70,N,28285248,0.09428416
28,91,N,28284464,0.09428154666666666
86,47,N,28281968,0.09427322666666667
81,38,N,28250168,0.09416722666666667
18,277,Y,27902784,0.09300928
550,52,Y,27810232,0.09270077333333333
463,41,Y,27792872,0.09264290666666666
82,8,N,27788824,0.09262941333333333
59,607,Y,27753504,0.09251168
353,28,Y,27699856,0.09233285333333333
94,887,Y,27695656,0.09231885333333334
272,18,Y,27634416,0.09211472000000001
45,78,N,27527752,0.09175917333333333
82,786,Y,27492496,0.09164165333333334
63,73,N,27482832,0.09160944
1,106,N,27401736,0.09133912
43,39,N,27401248,0.09133749333333334
123,119,N,27171128,0.09057042666666666
90,68,N,27052272,0.09017424
124,52,N,27024440,0.09008146666666667
544,52,Y,26811544,0.08937181333333334
122,94,N,26780912,0.08926970666666667
20,17,N,26726288,0.08908762666666667
66,9,N,26711288,0.08903762666666666
737,76,Y,26655520,0.08885173333333332
33,117,N,26573448,0.08857816
127,120,N,26510256,0.08836751999999999
125,8,N,26423432,0.08807810666666666
99,90,N,26409936,0.08803312
44,122,N,26395632,0.08798544
2,35,N,26370696,0.08790232
114,54,N,26359120,0.08786373333333333
105,11,N,26352432,0.08784144
80,127,N,26246784,0.08748928
117,17,N,26240040,0.0874668
962,104,Y,26171288,0.08723762666666666
11,87,N,26091624,0.08697208
51,8,N,26010928,0.08670309333333333
113,70,N,25981024,0.08660341333333334
46,114,N,25953856,0.08651285333333333
96,901,Y,25849272,0.08616423999999999
93,875,Y,25839040,0.08613013333333333
127,44,N,25760568,0.08586856
74,722,Y,25752240,0.0858408
4,103,N,25667168,0.08555722666666667
6,7,N,25650400,0.08550133333333333
1043,114,Y,25638696,0.08546232
84,806,Y,25457912,0.08485970666666666
466,42,Y,25438592,0.08479530666666667
127,59,N,25335208,0.08445069333333333
117,1067,Y,25324896,0.08441631999999999
63,113,N,25205456,0.08401818666666666
38,92,N,25144072,0.08381357333333334
372,30,Y,25143864,0.08381288
77,746,Y,24940728,0.08313576
57,52,N,24886808,0.08295602666666667
68,95,N,24819072,0.08273024
54,114,N,24756792,0.08252264
109,118,N,24725824,0.08241941333333333
69,44,N,24631184,0.08210394666666666
36,45,N,24607024,0.08202341333333332
894,95,Y,24581864,0.08193954666666667
49,526,Y,24318464,0.08106154666666666
8,51,N,24204360,0.0806812
10,96,N,24199920,0.0806664
8,82,N,23992504,0.07997501333333333
852,90,Y,23953176,0.07984392
19,36,N,23947824,0.07982608000000001
97,905,Y,23897712,0.07965904
130,0,Y,23819944,0.07939981333333333
31,20,N,23753856,0.07917952
101,93,N,23717824,0.07905941333333333
474,43,Y,23704520,0.07901506666666666
669,67,Y,23610256,0.07870085333333333
95,40,N,23580656,0.07860218666666666
90,17,N,23554880,0.07851626666666667
868,92,Y,23504648,0.07834882666666666
82,7,N,23388904,0.07796301333333333
1038,113,Y,23354408,0.07784802666666667
68,104,N,23255928,0.07751976000000001
6,176,Y,23184920,0.07728306666666668
82,785,Y,23123632,0.07707877333333332
16,19,N,23031728,0.07677242666666666
14,68,N,22884104,0.07628034666666667
18,50,N,22863440,0.07621146666666667
31,381,Y,22643096,0.07547698666666666
39,43,N,22601360,0.07533786666666667
104,95,N,22549768,0.07516589333333333
62,629,Y,22504968,0.07501656
81,777,Y,22504192,0.07501397333333333
118,1074,Y,22426560,0.0747552
20,61,N,22408072,0.07469357333333333
125,1131,Y,22399912,0.07466637333333334
731,75,Y,22393392,0.07464464
329,25,Y,22362880,0.07454293333333332
36,19,N,22254600,0.074182
74,123,N,22236216,0.07412072
595,58,Y,22177040,0.07392346666666667
22,39,N,22174720,0.07391573333333333
14,241,Y,22120248,0.07373415999999999
1132,125,Y,22014096,0.07338032
113,74,N,21869832,0.07289944
25,330,Y,21703600,0.07234533333333333
36,417,Y,21691416,0.07230471999999999
104,962,Y,21670752,0.07223584
58,99,N,21668528,0.07222842666666666
56,580,Y,21603056,0.07201018666666667
89,60,N,21590568,0.07196856
97,11,N,21489328,0.07163109333333333
28,115,N,21478136,0.07159378666666666
116,1063,Y,21379832,0.07126610666666668
864,92,Y,21354592,0.07118197333333333
82,117,N,21307488,0.07102496
3,157,Y,21252496,0.07084165333333334
16,261,Y,21206904,0.07068968
68,679,Y,21036408,0.07012136
99,2,N,21032688,0.07010896
115,65,N,21021952,0.07007317333333334
73,63,N,21003920,0.07001306666666667
137,1,Y,20885896,0.06961965333333332
76,738,Y,20722920,0.0690764
106,1,N,20662736,0.06887578666666666
727,74,Y,20572016,0.06857338666666667
350,27,Y,20553976,0.06851325333333333
74,113,N,20285272,0.06761757333333333
33,11,N,20257432,0.06752477333333333
609,60,Y,20241024,0.06747008
100,106,N,20198752,0.06732917333333333
75,735,Y,20164696,0.06721565333333333
469,42,Y,20156856,0.06718952
719,73,Y,20079216,0.06693072
116,1056,Y,20057344,0.06685781333333334
647,64,Y,19936168,0.06645389333333333
125,1130,Y,19839896,0.06613298666666667
60,613,Y,19820552,0.06606850666666667
10,212,Y,19789312,0.06596437333333333
113,89,N,19764624,0.06588208
360,29,Y,19718528,0.06572842666666667
698,71,Y,19644888,0.06548295999999999
784,82,Y,19475064,0.06491688000000001
64,645,Y,19455952,0.06485317333333333
183,6,Y,19425400,0.06475133333333333
73,715,Y,19227856,0.06409285333333334
131,0,Y,18917080,0.06305693333333334
938,101,Y,18840480,0.0628016
6,179,Y,18827064,0.06275688
71,701,Y,18798520,0.06266173333333333
106,100,N,18785536,0.06261845333333334
726,74,Y,18746432,0.06248810666666666
28,109,N,18606912,0.062023039999999995
668,67,Y,18563664,0.06187888
115,4,N,18536336,0.06178778666666667
209,10,Y,18481056,0.061603519999999995
748,77,Y,18444336,0.06148112
103,4,N,18442936,0.06147645333333333
47,86,N,18429816,0.061432719999999996
675,68,Y,18348272,0.06116090666666667
22,305,Y,18336352,0.061121173333333334
56,3,N,18324960,0.0610832
118,29,N,18318880,0.06106293333333334
99,58,N,18286048,0.06095349333333334
59,603,Y,18280600,0.060935333333333334
100,935,Y,18278968,0.06092989333333333
45,36,N,18268424,0.060894746666666666
101,939,Y,18037128,0.06012376
694,70,Y,18021704,0.060072346666666665
750,77,Y,18000640,0.06000213333333333
89,844,Y,17902200,0.059674
7,6,N,17867792,0.05955930666666667
79,767,Y,17784904,0.059283013333333336
506,47,Y,17731464,0.05910488
919,98,Y,17698960,0.05899653333333333
13,4,N,17689608,0.058965359999999994
103,958,Y,17631832,0.058772773333333334
839,88,Y,17597352,0.058657839999999996
34,400,Y,17561528,0.05853842666666667
1044,114,Y,17526560,0.05842186666666667
74,720,Y,17499064,0.05833021333333334
542,51,Y,17337904,0.05779301333333334
211,10,Y,17312040,0.0577068
80,768,Y,17225480,0.05741826666666666
759,78,Y,17212064,0.05737354666666667
594,58,Y,17195104,0.05731701333333333
35,409,Y,16967360,0.05655786666666667
886,94,Y,16959688,0.05653229333333333
2,145,Y,16900296,0.05633431999999999
185,7,Y,16806848,0.05602282666666667
768,80,Y,16443720,0.0548124
126,1139,Y,16347384,0.054491279999999996
925,99,Y,16244752,0.054149173333333335
11,97,N,16229784,0.05409928
109,28,N,16202704,0.054009013333333335
374,30,Y,16119440,0.053731466666666665
110,114,N,16111384,0.05370461333333333
365,29,Y,16082544,0.05360848
53,552,Y,16070592,0.05356864
969,105,Y,15873648,0.05291216
27,348,Y,15872880,0.052909599999999994
20,288,Y,15872536,0.052908453333333334
541,51,Y,15753288,0.05251096
40,452,Y,15712904,0.05237634666666667
71,697,Y,15669144,0.052230479999999996
94,886,Y,15642168,0.052140559999999996
515,48,Y,15617312,0.05205770666666667
40,451,Y,15600088,0.052000293333333336
856,91,Y,15539400,0.051798000000000004
139,1,Y,15508536,0.051695120000000004
77,747,Y,15505816,0.05168605333333333
963,104,Y,15503832,0.05167944
756,78,Y,15439872,0.051466239999999996
70,688,Y,15438176,0.05146058666666667
84,801,Y,15432624,0.051442079999999994
164,4,Y,15428512,0.05142837333333333
121,1103,Y,15424320,0.0514144
11,220,Y,15331256,0.05110418666666666
567,54,Y,15248896,0.050829653333333336
354,28,Y,15026184,0.050087280000000005
114,110,N,14988688,0.04996229333333334
21,302,Y,14966672,0.04988890666666666
865,92,Y,14944552,0.04981517333333334
3,56,N,14938456,0.04979485333333333
373,30,Y,14889096,0.04963032
42,464,Y,14851480,0.04950493333333334
732,75,Y,14826424,0.04942141333333333
121,1098,Y,14813240,0.04937746666666666
343,26,Y,14800512,0.04933504
51,542,Y,14714856,0.049049520000000006
57,585,Y,14684928,0.048949759999999995
1063,116,Y,14652312,0.04884104
124,1124,Y,14618440,0.04872813333333333
45,489,Y,14601544,0.048671813333333334
391,32,Y,14540920,0.048469733333333334
760,79,Y,14525224,0.04841741333333333
89,843,Y,14522976,0.04840992
464,42,Y,14504568,0.04834856
119,1084,Y,14429832,0.04809944
55,573,Y,14343256,0.047810853333333334
32,387,Y,14330224,0.047767413333333335
81,783,Y,14329720,0.04776573333333334
63,637,Y,14274096,0.04758032
1133,125,Y,14224064,0.04741354666666667
687,69,Y,14207672,0.047358906666666666
494,45,Y,14194904,0.04731634666666666
830,87,Y,14185480,0.047284933333333334
1071,117,Y,14150536,0.04716845333333333
826,87,Y,14004752,0.046682506666666665
84,802,Y,13967328,0.04655776
767,79,Y,13953312,0.04651104
1084,119,Y,13946240,0.04648746666666667
92,867,Y,13840928,0.04613642666666667
51,540,Y,13771232,0.045904106666666666
577,56,Y,13687504,0.04562501333333333
1046,114,Y,13648488,0.04549496
82,790,Y,13644304,0.045481013333333334
51,537,Y,13632616,0.04544205333333333
65,650,Y,13623976,0.045413253333333334
66,660,Y,13615920,0.0453864
97,910,Y,13603592,0.04534530666666667
127,1145,Y,13589992,0.045299973333333333
109,1005,Y,13582192,0.04527397333333333
1,141,Y,13573696,0.04524565333333334
33,396,Y,13571368,0.045237893333333334
102,944,Y,13558864,0.04519621333333333
74,725,Y,13495936,0.044986453333333336
1067,117,Y,13473928,0.044913093333333334
122,1105,Y,13453800,0.044846000000000004
106,978,Y,13443280,0.04481093333333334
810,85,Y,13310488,0.044368293333333336
561,54,Y,13286448,0.04428816
621,61,Y,13273440,0.0442448
572,55,Y,13238176,0.04412725333333333
60,610,Y,13222840,0.04407613333333334
159,3,Y,13219472,0.04406490666666667
144,2,Y,13189744,0.04396581333333333
1055,115,Y,13164000,0.043879999999999995
551,52,Y,13159744,0.04386581333333334
1070,117,Y,13116168,0.04372056
539,51,Y,13114544,0.04371514666666667
126,1143,Y,13098984,0.04366328
106,977,Y,12980328,0.04326776
91,858,Y,12966552,0.04322184
96,896,Y,12957928,0.043193093333333335
1100,121,Y,12950232,0.043167439999999994
489,45,Y,12947224,0.04315741333333334
912,98,Y,12940816,0.043136053333333334
27,350,Y,12940800,0.043136
29,365,Y,12934992,0.04311664
871,92,Y,12926144,0.043087146666666666
24,320,Y,12910008,0.04303336
569,55,Y,12857248,0.04285749333333334
90,855,Y,12767528,0.04255842666666667
55,574,Y,12742456,0.04247485333333333
899,96,Y,12723984,0.042413280000000005
105,968,Y,12700544,0.04233514666666666
488,45,Y,12668024,0.04222674666666667
94,880,Y,12606056,0.04202018666666667
339,26,Y,12579032,0.04193010666666667
199,8,Y,12520144,0.041733813333333335
877,93,Y,12508320,0.0416944
88,837,Y,12453176,0.04151058666666667
12,224,Y,12342112,0.041140373333333334
52,546,Y,12316336,0.04105445333333333
857,91,Y,12282712,0.04094237333333333
43,472,Y,12274776,0.04091592
42,467,Y,12256576,0.040855253333333334
205,9,Y,12248920,0.04082973333333333
249,15,Y,12201112,0.04067037333333333
89,113,N,12174672,0.04058224
125,1135,Y,12164720,0.04054906666666667
638,63,Y,12140024,0.040466746666666664
231,12,Y,12094408,0.04031469333333333
380,31,Y,11963520,0.0398784
387,32,Y,11954440,0.039848133333333334
893,95,Y,11929312,0.03976437333333333
4,162,Y,11920832,0.039736106666666667
1087,119,Y,11822424,0.03940808
802,84,Y,11801480,0.03933826666666666
633,63,Y,11776616,0.03925538666666667
422,36,Y,11755512,0.03918504
112,1026,Y,11740296,0.03913432
98,915,Y,11726656,0.03908885333333333
75,729,Y,11716136,0.039053786666666666
20,290,Y,11707304,0.03902434666666667
118,1079,Y,11706544,0.03902181333333333
461,41,Y,11703176,0.039010586666666666
122,1110,Y,11698304,0.038994346666666665
9,205,Y,11668360,0.038894533333333335
288,20,Y,11664976,0.03888325333333333
622,61,Y,11649008,0.03883002666666667
951,102,Y,11635096,0.038783653333333334
426,37,Y,11603880,0.0386796
115,1049,Y,11592160,0.03864053333333334
12,231,Y,11581816,0.03860605333333333
114,1040,Y,11576448,0.03858816
36,422,Y,11571392,0.038571306666666666
918,98,Y,11558040,0.0385268
22,311,Y,11542856,0.03847618666666667
121,1101,Y,11513592,0.03837864
79,765,Y,11507792,0.03835930666666666
55,572,Y,11478544,0.03826181333333333
101,943,Y,11446944,0.03815648
125,1128,Y,11437024,0.038123413333333335
1042,114,Y,11407160,0.03802386666666667
284,19,Y,11388848,0.03796282666666667
1129,125,Y,11373088,0.03791029333333333
661,66,Y,11330048,0.03776682666666667
30,368,Y,11319024,0.03773008
123,1116,Y,11296088,0.03765362666666667
115,1053,Y,11274248,0.037580826666666664
54,567,Y,11253256,0.03751085333333333
99,926,Y,11232360,0.0374412
69,680,Y,11177720,0.03725906666666667
28,354,Y,11159800,0.037199333333333334
1049,115,Y,11144968,0.03714989333333333
208,10,Y,11140600,0.03713533333333333
54,561,Y,11139440,0.03713146666666667
690,70,Y,11117968,0.03705989333333334
61,622,Y,11038136,0.03679378666666667
1140,126,Y,11008672,0.036695573333333335
345,27,Y,11003256,0.036677520000000005
1028,112,Y,10990632,0.036635440000000005
95,891,Y,10984016,0.036613386666666664
62,627,Y,10977288,0.036590960000000006
108,993,Y,10969280,0.036564266666666664
127,1146,Y,10939208,0.03646402666666667
90,851,Y,10935488,0.03645162666666667
66,657,Y,10916640,0.0363888
710,72,Y,10913952,0.036379840000000004
967,104,Y,10903552,0.036345173333333335
796,83,Y,10898376,0.03632792
99,920,Y,10850864,0.03616954666666666
11,223,Y,10819392,0.036064639999999995
17,269,Y,10803840,0.0360128
127,1150,Y,10793376,0.035977920000000004
23,313,Y,10775760,0.0359192
1079,118,Y,10773216,0.03591072
35,413,Y,10753128,0.03584376
18,273,Y,10735136,0.035783786666666664
28,352,Y,10732480,0.035774933333333335
110,1009,Y,10730856,0.03576952
615,60,Y,10727816,0.03575938666666667
93,874,Y,10714992,0.03571664
578,56,Y,10713584,0.03571194666666667
117,1071,Y,10701128,0.035670426666666664
187,7,Y,10672560,0.0355752
425,37,Y,10670360,0.03556786666666666
67,669,Y,10663872,0.03554624
125,1132,Y,10662048,0.03554016
935,100,Y,10660296,0.03553432
734,75,Y,10620648,0.035402159999999995
33,393,Y,10613024,0.03537674666666667
427,37,Y,10595504,0.03531834666666667
3,153,Y,10542920,0.03514306666666667
109,1006,Y,10507832,0.03502610666666667
909,97,Y,10494904,0.03498301333333333
752,78,Y,10493264,0.034977546666666665
207,9,Y,10493136,0.03497712
41,460,Y,10490400,0.034968
166,4,Y,10478288,0.03492762666666666
604,59,Y,10453904,0.03484634666666667
82,784,Y,10428976,0.034763253333333334
707,72,Y,10412352,0.03470784
162,4,Y,10403224,0.03467741333333334
881,94,Y,10395184,0.03465061333333333
63,633,Y,10353904,0.034513013333333335
68,678,Y,10340088,0.034466960000000005
16,258,Y,10334672,0.03444890666666667
63,634,Y,10312760,0.03437586666666667
20,291,Y,10306760,0.03435586666666667
55,570,Y,10287608,0.03429202666666666
476,43,Y,10287352,0.034291173333333334
120,1088,Y,10286824,0.03428941333333333
18,276,Y,10276568,0.034255226666666666
64,641,Y,10265464,0.03421821333333333
870,92,Y,10255120,0.034183733333333334
77,749,Y,10247064,0.03415688
127,1144,Y,10245000,0.03415
73,716,Y,10221424,0.034071413333333335
202,9,Y,10206096,0.03402032
739,76,Y,10202536,0.034008453333333334
83,797,Y,10197720,0.0339924
383,31,Y,10194504,0.03398168
968,105,Y,10185968,0.03395322666666666
361,29,Y,10179840,0.0339328
50,529,Y,10173720,0.0339124
302,21,Y,10167848,0.03389282666666667
57,584,Y,10166072,0.03388690666666667
338,26,Y,10152008,0.03384002666666667
103,957,Y,10139600,0.033798666666666664
106,981,Y,10126400,0.03375466666666667
1088,120,Y,10103312,0.03367770666666667
890,95,Y,10099944,0.03366648
845,89,Y,10097176,0.03365725333333333
34,402,Y,10090976,0.03363658666666667
79,760,Y,10086304,0.03362101333333333
195,8,Y,10079088,0.03359696
746,77,Y,10057528,0.03352509333333333
80,771,Y,10034624,0.03344874666666667
887,94,Y,10030136,0.033433786666666666
186,7,Y,10009952,0.03336650666666667
1122,124,Y,10008752,0.033362506666666666
104,967,Y,10001280,0.033337599999999995
105,975,Y,9998776,0.033329253333333336
50,532,Y,9984192,0.03328064
362,29,Y,9957560,0.03319186666666667
107,988,Y,9938688,0.03312896
822,86,Y,9932280,0.0331076
829,87,Y,9931544,0.03310514666666667
112,1025,Y,9929112,0.03309704
57,591,Y,9925800,0.033086
57,586,Y,9907928,0.033026426666666664
548,52,Y,9907104,0.03302368
337,26,Y,9906392,0.03302130666666667
470,42,Y,9902864,0.03300954666666667
38,432,Y,9896536,0.032988453333333334
990,107,Y,9893744,0.03297914666666667
117,1068,Y,9889472,0.03296490666666667
928,100,Y,9881648,0.03293882666666667
104,963,Y,9876304,0.03292101333333333
91,860,Y,9867000,0.03289
516,48,Y,9863504,0.03287834666666666
915,98,Y,9861176,0.03287058666666667
113,1032,Y,9851728,0.03283909333333333
61,616,Y,9847552,0.03282517333333333
10,214,Y,9825016,0.032750053333333334
428,37,Y,9801872,0.03267290666666667
66,656,Y,9798400,0.032661333333333334
54,565,Y,9757312,0.03252437333333333
888,95,Y,9741480,0.0324716
950,102,Y,9733520,0.03244506666666666
386,32,Y,9720440,0.03240146666666666
8,197,Y,9704440,0.032348133333333334
20,294,Y,9692288,0.032307626666666665
257,16,Y,9688728,0.03229576
70,690,Y,9683640,0.0322788
945,102,Y,9681664,0.032272213333333334
13,232,Y,9679504,0.03226501333333333
1082,119,Y,9673440,0.0322448
237,13,Y,9658608,0.03219536
933,100,Y,9635808,0.03211936
80,770,Y,9623448,0.03207816
51,539,Y,9616016,0.03205338666666667
1025,112,Y,9613560,0.032045199999999996
88,834,Y,9599344,0.03199781333333333
118,1077,Y,9570368,0.031901226666666664
943,101,Y,9568136,0.03189378666666667
693,70,Y,9532160,0.031773866666666664
1,142,Y,9517504,0.031725013333333336
1027,112,Y,9516552,0.03172184
502,46,Y,9515016,0.03171672
21,301,Y,9513312,0.031711039999999996
522,49,Y,9504720,0.0316824
6,177,Y,9489640,0.03163213333333333
26,342,Y,9483768,0.03161256
61,621,Y,9477264,0.03159088
331,25,Y,9460840,0.031536133333333334
4,166,Y,9458352,0.031527839999999994
1101,121,Y,9451848,0.03150616
743,76,Y,9434168,0.03144722666666667
424,37,Y,9423672,0.03141224
112,1030,Y,9416440,0.03138813333333333
46,497,Y,9416312,0.03138770666666667
58,595,Y,9416272,0.031387573333333335
902,96,Y,9343272,0.031144240000000004
562,54,Y,9342392,0.031141306666666667
121,1100,Y,9339696,0.031132319999999998
844,89,Y,9336848,0.031122826666666666
105,971,Y,9305320,0.031017733333333335
1074,118,Y,9285088,0.030950293333333333
121,1097,Y,9275488,0.030918293333333333
808,85,Y,9267664,0.030892213333333335
112,1027,Y,9254976,0.030849920000000003
92,869,Y,9227120,0.030757066666666666
290,20,Y,9216008,0.030720026666666664
81,779,Y,9215768,0.03071922666666667
171,5,Y,9206864,0.030689546666666668
1102,121,Y,9190432,0.030634773333333334
420,36,Y,9182528,0.030608426666666664
524,49,Y,9168984,0.03056328
580,56,Y,9152840,0.030509466666666665
1098,121,Y,9145264,0.030484213333333336
116,1062,Y,9140696,0.030468986666666666
24,325,Y,9125424,0.030418079999999997
15,251,Y,9111184,0.030370613333333334
1017,111,Y,9101336,0.03033778666666667
411,35,Y,9094120,0.030313733333333336
501,46,Y,9079344,0.030264480000000003
70,692,Y,9069512,0.030231706666666667
528,50,Y,9049232,0.030164106666666666
641,64,Y,9044584,0.03014861333333333
163,4,Y,9037544,0.03012514666666667
26,340,Y,9036040,0.030120133333333333
123,1113,Y,9031080,0.0301036
69,684,Y,9014792,0.030049306666666668
15,253,Y,9012896,0.030042986666666667
108,998,Y,9011880,0.030039599999999996
1052,115,Y,9008992,0.03002997333333333
66,662,Y,8999888,0.029999626666666668
80,773,Y,8995728,0.02998576
37,431,Y,8990360,0.029967866666666666
7,186,Y,8989128,0.02996376
100,930,Y,8983552,0.029945173333333335
815,85,Y,8965728,0.02988576
949,102,Y,8965392,0.02988464
40,454,Y,8940848,0.029802826666666664
40,448,Y,8938240,0.029794133333333334
69,682,Y,8920296,0.02973432
762,79,Y,8919608,0.029732026666666668
154,3,Y,8916528,0.02972176
414,35,Y,8915448,0.029718159999999997
1026,112,Y,8891168,0.029637226666666665
552,53,Y,8888192,0.029627306666666665
73,719,Y,8886632,0.029622106666666665
81,776,Y,8874216,0.029580719999999998
226,12,Y,8873216,0.029577386666666663
806,84,Y,8872512,0.029575039999999997
63,635,Y,8863056,0.02954352
805,84,Y,8861456,0.029538186666666664
1020,111,Y,8860592,0.029535306666666664
44,486,Y,8852232,0.029507440000000003
1069,117,Y,8838976,0.029463253333333335
120,1093,Y,8827056,0.02942352
378,31,Y,8793792,0.02931264
287,19,Y,8791848,0.029306159999999998
114,1041,Y,8784144,0.02928048
14,246,Y,8760360,0.029201200000000004
23,319,Y,8760304,0.029201013333333335
109,1001,Y,8759920,0.02919973333333333
706,72,Y,8757736,0.029192453333333333
753,78,Y,8746256,0.02915418666666667
1139,126,Y,8743952,0.02914650666666667
69,681,Y,8733272,0.029110906666666665
639,63,Y,8730400,0.029101333333333333
786,82,Y,8722080,0.029073599999999998
47,507,Y,8708928,0.02902976
1151,127,Y,8708792,0.029029306666666668
876,93,Y,8695120,0.028983733333333334
111,1019,Y,8689896,0.028966320000000004
455,40,Y,8681848,0.02893949333333333
93,878,Y,8679432,0.028931440000000003
115,1052,Y,8669152,0.028897173333333335
78,758,Y,8668792,0.02889597333333333
77,744,Y,8662384,0.028874613333333334
801,84,Y,8657896,0.028859653333333336
41,459,Y,8653232,0.028844106666666668
57,590,Y,8651304,0.02883768
697,71,Y,8651280,0.0288376
256,16,Y,8649440,0.028831466666666666
708,72,Y,8647584,0.02882528
126,1141,Y,8638728,0.028795760000000004
3,152,Y,8635608,0.028785360000000003
435,38,Y,8604032,0.028680106666666663
26,336,Y,8597216,0.02865738666666667
98,917,Y,8593544,0.02864514666666667
874,93,Y,8573544,0.028578479999999996
1144,127,Y,8567048,0.028556826666666667
1009,110,Y,8566376,0.028554586666666666
243,14,Y,8564704,0.02854901333333333
619,61,Y,8562864,0.02854288
114,1043,Y,8560272,0.02853424
0,130,Y,8559600,0.028532
1005,109,Y,8550536,0.028501786666666664
294,20,Y,8549016,0.028496720000000003
54,563,Y,8539760,0.028465866666666666
597,58,Y,8539712,0.028465706666666667
51,538,Y,8538872,0.028462906666666666
111,1021,Y,8516344,0.028387813333333334
165,4,Y,8512440,0.028374800000000002
961,104,Y,8509024,0.02836341333333333
5,175,Y,8497568,0.02832522666666667
775,80,Y,8494872,0.028316240000000003
957,103,Y,8494808,0.028316026666666667
1029,112,Y,8491808,0.028306026666666668
123,1119,Y,8486600,0.028288666666666667
20,295,Y,8486440,0.028288133333333333
0,131,Y,8484712,0.028282373333333333
65,654,Y,8477824,0.028259413333333337
60,609,Y,8468592,0.02822864
16,259,Y,8463736,0.028212453333333335
262,16,Y,8456352,0.02818784
911,97,Y,8449384,0.028164613333333335
96,897,Y,8437008,0.028123360000000003
402,34,Y,8435952,0.02811984
769,80,Y,8424624,0.02808208
742,76,Y,8413248,0.028044160000000002
785,82,Y,8411568,0.02803856
60,608,Y,8411384,0.028037946666666667
117,1069,Y,8401688,0.028005626666666665
1047,114,Y,8401496,0.028004986666666665
306,22,Y,8391920,0.027973066666666664
86,817,Y,8390208,0.027967360000000004
997,108,Y,8385400,0.02795133333333333
757,78,Y,8362784,0.02787594666666667
156,3,Y,8347664,0.027825546666666666
240,14,Y,8340368,0.027801226666666668
78,759,Y,8338872,0.02779624
135,0,Y,8331632,0.027772106666666668
64,646,Y,8326816,0.027756053333333332
108,996,Y,8316144,0.027720480000000002
182,6,Y,8309664,0.02769888
795,83,Y,8294880,0.0276496
86,821,Y,8292456,0.027641519999999996
55,571,Y,8285824,0.027619413333333332
1068,117,Y,8284872,0.02761624
686,69,Y,8278768,0.027595893333333333
71,699,Y,8278152,0.02759384
97,908,Y,8276848,0.02758949333333333
410,35,Y,8275400,0.027584666666666664
478,43,Y,8272736,0.027575786666666668
278,18,Y,8271192,0.02757064
980,106,Y,8259040,0.027530133333333335
25,329,Y,8236584,0.027455280000000002
8,196,Y,8191992,0.02730664
78,752,Y,8172312,0.027241039999999998
194,8,Y,8170224,0.027234079999999997
625,62,Y,8150928,0.027169759999999998
39,444,Y,8125224,0.02708408
616,61,Y,8107496,0.027024986666666667
953,103,Y,8105424,0.027018080000000003
418,36,Y,8099520,0.026998400000000002
529,50,Y,8087384,0.026957946666666666
140,1,Y,8086632,0.02695544
118,1073,Y,8086560,0.0269552
472,43,Y,8085968,0.026953226666666667
820,86,Y,8074544,0.026915146666666664
875,93,Y,8074248,0.026914160000000003
86,816,Y,8067496,0.026891653333333335
571,55,Y,8044752,0.026815839999999997
94,882,Y,8036568,0.026788559999999996
1,136,Y,8034304,0.026781013333333336
123,1115,Y,8031560,0.026771866666666665
133,0,Y,8029976,0.026766586666666665
664,67,Y,8010648,0.02670216
83,796,Y,7994160,0.026647200000000003
992,108,Y,7987320,0.0266244
120,1092,Y,7985984,0.02661994666666667
61,617,Y,7955792,0.026519306666666666
175,5,Y,7936632,0.02645544
20,293,Y,7936624,0.026455413333333334
543,51,Y,7920576,0.026401920000000002
654,65,Y,7903272,0.026344239999999998
73,714,Y,7899952,0.026333173333333335
30,373,Y,7897208,0.026324026666666663
67,667,Y,7882624,0.026275413333333334
41,456,Y,7875024,0.02625008
251,15,Y,7866368,0.026221226666666667
85,808,Y,7863152,0.026210506666666664
916,98,Y,7861576,0.02620525333333333
986,107,Y,7856664,0.02618888
1032,113,Y,7854168,0.02618056
29,364,Y,7852360,0.026174533333333333
850,90,Y,7845768,0.026152560000000002
611,60,Y,7843496,0.02614498666666667
260,16,Y,7837272,0.02612424
634,63,Y,7830888,0.02610296
297,21,Y,7829704,0.02609901333333333
627,62,Y,7824384,0.026081280000000002
65,653,Y,7823968,0.026079893333333333
3,159,Y,7815840,0.0260528
1097,121,Y,7813808,0.026046026666666666
5,169,Y,7807000,0.026023333333333332
276,18,Y,7803840,0.0260128
437,38,Y,7799504,0.025998346666666665
228,12,Y,7794136,0.02598045333333333
230,12,Y,7793760,0.0259792
1012,110,Y,7770144,0.025900480000000003
184,7,Y,7767144,0.02589048
937,101,Y,7747152,0.02582384
460,41,Y,7732232,0.025774106666666668
513,48,Y,7729296,0.02576432
9,201,Y,7726960,0.025756533333333335
738,76,Y,7725448,0.025751493333333333
108,999,Y,7718656,0.025728853333333333
27,351,Y,7716440,0.025721466666666665
4,165,Y,7714448,0.02571482666666667
109,1004,Y,7713728,0.02571242666666667
39,441,Y,7712496,0.025708319999999996
96,902,Y,7708608,0.02569536
125,1133,Y,7704248,0.02568082666666667
83,793,Y,7694688,0.02564896
85,812,Y,7691360,0.02563786666666667
635,63,Y,7687456,0.025624853333333333
111,1022,Y,7675984,0.025586613333333334
15,249,Y,7666432,0.025554773333333336
1134,125,Y,7661824,0.025539413333333334
81,782,Y,7649128,0.025497093333333335
799,83,Y,7643904,0.02547968
1115,123,Y,7643704,0.02547901333333333
122,1109,Y,7628464,0.025428213333333335
827,87,Y,7625080,0.025416933333333332
511,47,Y,7618360,0.02539453333333333
92,866,Y,7618208,0.02539402666666667
944,102,Y,7609920,0.0253664
773,80,Y,7607080,0.025356933333333335
57,588,Y,7598888,0.025329626666666667
18,278,Y,7596288,0.02532096
1031,112,Y,7594112,0.025313706666666668
327,24,Y,7594000,0.025313333333333334
323,24,Y,7592680,0.025308933333333332
88,832,Y,7588784,0.025295946666666666
493,45,Y,7587344,0.025291146666666667
1033,113,Y,7582480,0.025274933333333336
582,56,Y,7574992,0.025249973333333335
67,671,Y,7572336,0.02524112
475,43,Y,7563520,0.025211733333333333
1092,120,Y,7551336,0.02517112
59,604,Y,7550616,0.025168720000000002
86,823,Y,7540536,0.025135119999999997
72,709,Y,7538128,0.02512709333333333
24,321,Y,7530992,0.025103306666666665
125,1134,Y,7526600,0.025088666666666665
3,156,Y,7515608,0.025052026666666668
9,204,Y,7514648,0.025048826666666666
1108,122,Y,7511376,0.02503792
2,149,Y,7509192,0.025030640000000003
798,83,Y,7507824,0.02502608
42,465,Y,7503472,0.025011573333333332
253,15,Y,7489328,0.024964426666666664
441,39,Y,7488856,0.024962853333333333
119,1085,Y,7486856,0.024956186666666668
722,74,Y,7479800,0.024932666666666665
2,146,Y,7468648,0.02489549333333333
158,3,Y,7458632,0.024862106666666668
232,13,Y,7440504,0.02480168
672,68,Y,7425520,0.02475173333333333
75,733,Y,7418960,0.024729866666666666
35,415,Y,7403512,0.024678373333333333
837,88,Y,7393952,0.02464650666666667
897,96,Y,7381544,0.024605146666666668
932,100,Y,7375944,0.02458648
847,89,Y,7375032,0.024583439999999998
485,44,Y,7372568,0.02457522666666667
77,750,Y,7371616,0.024572053333333333
77,748,Y,7364776,0.024549253333333333
52,549,Y,7352576,0.02450858666666667
328,25,Y,7350952,0.024503173333333333
222,11,Y,7350200,0.024500666666666667
49,527,Y,7344768,0.02448256
214,10,Y,7340232,0.02446744
416,36,Y,7320760,0.024402533333333334
854,90,Y,7319832,0.02439944
914,98,Y,7319008,0.024396693333333334
508,47,Y,7314272,0.024380906666666667
53,553,Y,7304992,0.024349973333333334
0,135,Y,7304928,0.02434976
102,947,Y,7303496,0.02434498666666667
229,12,Y,7303224,0.024344079999999997
111,1020,Y,7300072,0.024333573333333334
68,675,Y,7297664,0.024325546666666666
966,104,Y,7289344,0.024297813333333335
87,824,Y,7284488,0.024281626666666667
28,356,Y,7284000,0.02428
646,64,Y,7280840,0.024269466666666666
1148,127,Y,7275488,0.024251626666666665
607,59,Y,7260960,0.024203199999999998
8,199,Y,7254792,0.02418264
21,299,Y,7253480,0.024178266666666667
6,183,Y,7247688,0.02415896
120,1090,Y,7245952,0.024153173333333333
1006,109,Y,7245568,0.024151893333333334
119,1087,Y,7240256,0.024134186666666665
105,974,Y,7227024,0.02409008
73,712,Y,7215192,0.02405064
896,96,Y,7213792,0.024045973333333335
68,672,Y,7213136,0.024043786666666667
777,81,Y,7209376,0.024031253333333332
586,57,Y,7204080,0.0240136
838,88,Y,7202800,0.024009333333333334
4,167,Y,7200552,0.02400184
941,101,Y,7182584,0.02394194666666667
747,77,Y,7179888,0.02393296
218,11,Y,7178720,0.023929066666666665
98,913,Y,7178200,0.023927333333333335
606,59,Y,7177312,0.023924373333333332
61,623,Y,7177120,0.023923733333333332
1105,122,Y,7175008,0.023916693333333332
122,1106,Y,7170768,0.02390256
127,1147,Y,7149152,0.023830506666666668
161,4,Y,7136600,0.023788666666666666
53,558,Y,7136504,0.023788346666666668
51,536,Y,7129024,0.023763413333333334
52,551,Y,7127248,0.023757493333333334
122,1108,Y,7124216,0.023747386666666665
903,96,Y,7111376,0.023704586666666666
363,29,Y,7106632,0.023688773333333333
119,1080,Y,7099288,0.023664293333333333
655,65,Y,7078800,0.023596000000000002
56,577,Y,7072392,0.02357464
167,4,Y,7068904,0.023563013333333334
720,74,Y,7066560,0.023555200000000002
771,80,Y,7053192,0.02351064
66,658,Y,7052808,0.02350936
680,69,Y,7046168,0.023487226666666666
1007,109,Y,7045944,0.02348648
114,1044,Y,7044904,0.023483013333333334
471,42,Y,7044592,0.023481973333333333
526,49,Y,7043432,0.02347810666666667
626,62,Y,7042680,0.0234756
41,458,Y,7040760,0.0234692
684,69,Y,7039744,0.023465813333333335
600,59,Y,7038848,0.023462826666666665
47,504,Y,7038096,0.02346032
67,666,Y,7037176,0.023457253333333334
10,211,Y,7033088,0.02344362666666667
480,44,Y,7028376,0.02342792
58,596,Y,7026584,0.023421946666666665
41,463,Y,7016968,0.02338989333333333
863,91,Y,6996592,0.023321973333333332
112,1024,Y,6996440,0.02332146666666667
9,203,Y,6990520,0.023301733333333335
803,84,Y,6981928,0.023273093333333335
0,132,Y,6977928,0.02325976
15,250,Y,6972160,0.023240533333333334
317,23,Y,6961488,0.02320496
1040,114,Y,6957576,0.023191919999999998
7,190,Y,6955592,0.023185306666666666
85,815,Y,6949144,0.02316381333333333
430,37,Y,6945208,0.023150693333333333
271,17,Y,6941384,0.023137946666666666
82,791,Y,6940096,0.023133653333333334
29,367,Y,6933344,0.023111146666666665
69,685,Y,6925928,0.023086426666666666
704,72,Y,6923312,0.023077706666666666
172,5,Y,6922344,0.023074479999999998
833,88,Y,6919064,0.023063546666666667
755,78,Y,6915720,0.0230524
110,1013,Y,6915448,0.023051493333333332
376,31,Y,6915440,0.023051466666666666
644,64,Y,6914504,0.023048346666666667
964,104,Y,6914296,0.023047653333333334
24,324,Y,6912272,0.023040906666666666
532,50,Y,6911904,0.02303968
1127,124,Y,6909392,0.023031306666666664
46,502,Y,6907680,0.0230256
52,550,Y,6905176,0.023017253333333335
408,35,Y,6902416,0.023008053333333334
663,66,Y,6890184,0.02296728
75,732,Y,6884632,0.022948773333333332
15,252,Y,6882960,0.0229432
364,29,Y,6880880,0.022936266666666667
200,9,Y,6880432,0.022934773333333335
98,914,Y,6876056,0.022920186666666665
922,99,Y,6873024,0.02291008
782,81,Y,6871600,0.022905333333333333
718,73,Y,6870096,0.02290032
39,442,Y,6868384,0.022894613333333334
22,308,Y,6859488,0.02286496
233,13,Y,6857304,0.022857680000000002
444,39,Y,6857200,0.022857333333333334
691,70,Y,6855816,0.02285272
152,3,Y,6852376,0.022841253333333332
1083,119,Y,6849256,0.022830853333333335
741,76,Y,6849064,0.02283021333333333
62,624,Y,6847840,0.02282613333333333
49,521,Y,6840176,0.022800586666666667
1059,116,Y,6837384,0.02279128
18,272,Y,6835608,0.022785359999999998
1,143,Y,6834960,0.0227832
71,698,Y,6833800,0.022779333333333332
177,6,Y,6831000,0.022770000000000002
103,955,Y,6829512,0.02276504
45,491,Y,6819152,0.022730506666666667
97,911,Y,6815208,0.02271736
1095,120,Y,6806240,0.022687466666666666
1091,120,Y,6802440,0.022674800000000002
145,2,Y,6799512,0.02266504
458,41,Y,6798320,0.022661066666666667
617,61,Y,6795272,0.022650906666666665
124,1126,Y,6791128,0.022637093333333334
160,4,Y,6789096,0.02263032
92,871,Y,6783016,0.02261005333333333
33,399,Y,6780088,0.022600293333333334
320,24,Y,6776744,0.022589146666666667
97,904,Y,6774968,0.022583226666666668
106,983,Y,6771944,0.022573146666666665
241,14,Y,6770176,0.022567253333333336
388,32,Y,6769072,0.022563573333333333
85,814,Y,6766752,0.02255584
84,805,Y,6758424,0.022528080000000002
29,362,Y,6757792,0.022525973333333334
397,33,Y,6738032,0.022460106666666667
113,1038,Y,6737080,0.02245693333333333
53,557,Y,6731824,0.02243941333333333
394,33,Y,6722280,0.0224076
22,304,Y,6720272,0.022400906666666665
905,97,Y,6716600,0.022388666666666664
38,439,Y,6714304,0.02238101333333333
25,334,Y,6707688,0.02235896
401,34,Y,6684584,0.022281946666666667
1104,122,Y,6680712,0.02226904
895,95,Y,6678392,0.022261306666666664
58,594,Y,6677808,0.02225936
127,1149,Y,6672144,0.02224048
336,26,Y,6668856,0.02222952
101,937,Y,6663392,0.022211306666666666
255,15,Y,6661392,0.02220464
178,6,Y,6660888,0.02220296
66,659,Y,6658976,0.022196586666666667
29,366,Y,6652584,0.02217528
100,933,Y,6650904,0.022169679999999997
4,164,Y,6649832,0.022166106666666664
6,182,Y,6646600,0.022155333333333332
91,862,Y,6641488,0.022138293333333333
333,25,Y,6640472,0.02213490666666667
988,107,Y,6637960,0.022126533333333333
106,979,Y,6636656,0.02212218666666667
88,838,Y,6633296,0.022110986666666665
87,826,Y,6628184,0.022093946666666666
1021,111,Y,6624496,0.022081653333333333
13,234,Y,6624464,0.022081546666666667
30,369,Y,6623128,0.022077093333333332
3,158,Y,6621512,0.022071706666666666
157,3,Y,6616320,0.022054400000000002
124,1127,Y,6608984,0.022029946666666664
84,804,Y,6604080,0.0220136
282,19,Y,6602000,0.022006666666666667
75,728,Y,6585840,0.0219528
314,23,Y,6583400,0.021944666666666664
640,64,Y,6579952,0.021933173333333333
44,487,Y,6579264,0.02193088
1018,111,Y,6576784,0.021922613333333334
1128,125,Y,6574536,0.02191512
901,96,Y,6573920,0.021913066666666668
191,7,Y,6571032,0.02190344
87,827,Y,6569848,0.021899493333333332
21,298,Y,6569456,0.021898186666666666
2,151,Y,6569056,0.021896853333333334
203,9,Y,6568296,0.02189432
213,10,Y,6548352,0.02182784
11,217,Y,6538760,0.021795866666666667
227,12,Y,6533960,0.021779866666666668
219,11,Y,6532824,0.02177608
270,17,Y,6524688,0.02174896
58,597,Y,6521152,0.02173717333333333
984,107,Y,6518880,0.021729599999999998
858,91,Y,6518480,0.02172826666666667
56,581,Y,6518224,0.021727413333333334
57,589,Y,6516648,0.021722159999999997
23,312,Y,6505184,0.021683946666666665
114,1045,Y,6501472,0.021671573333333333
973,105,Y,6499832,0.021666106666666667
93,876,Y,6499096,0.021663653333333335
277,18,Y,6497200,0.021657333333333334
862,91,Y,6492944,0.021643146666666665
31,378,Y,6488232,0.02162744
58,593,Y,6486760,0.021622533333333332
48,518,Y,6481976,0.021606586666666667
1146,127,Y,6480184,0.021600613333333334
312,23,Y,6476232,0.02158744
791,82,Y,6471464,0.021571546666666667
554,53,Y,6468928,0.02156309333333333
76,741,Y,6466616,0.021555386666666666
355,28,Y,6466528,0.021555093333333334
11,216,Y,6460904,0.021536346666666668
400,34,Y,6460344,0.021534479999999998
28,357,Y,6459968,0.021533226666666665
89,845,Y,6459560,0.021531866666666667
831,87,Y,6457920,0.0215264
112,1028,Y,6454216,0.021514053333333335
90,850,Y,6450768,0.02150256
107,991,Y,6448576,0.021495253333333332
44,480,Y,6431648,0.021438826666666667
35,414,Y,6424128,0.02141376
560,54,Y,6420928,0.021403093333333335
142,1,Y,6420480,0.0214016
30,374,Y,6415880,0.021386266666666667
75,731,Y,6414968,0.021383226666666668
80,775,Y,6403624,0.021345413333333334
665,67,Y,6402216,0.02134072
843,89,Y,6402064,0.021340213333333333
792,83,Y,6398488,0.02132829333333333
134,0,Y,6396848,0.02132282666666667
14,240,Y,6395208,0.02131736
37,424,Y,6394544,0.021315146666666666
13,236,Y,6390944,0.021303146666666665
556,53,Y,6386504,0.021288346666666666
112,1029,Y,6379392,0.02126464
21,303,Y,6373096,0.021243653333333334
54,566,Y,6370840,0.021236133333333334
1141,126,Y,6370784,0.02123594666666667
47,508,Y,6363208,0.021210693333333332
56,582,Y,6360520,0.021201733333333334
51,543,Y,6346000,0.021153333333333333
889,95,Y,6340800,0.021136000000000002
289,20,Y,6338712,0.021129039999999998
32,389,Y,6337624,0.021125413333333332
481,44,Y,6337288,0.021124293333333332
797,83,Y,6323768,0.02107922666666667
842,89,Y,6323752,0.021079173333333333
927,99,Y,6318776,0.021062586666666668
848,90,Y,6311320,0.021037733333333333
853,90,Y,6309240,0.021030800000000002
689,70,Y,6307856,0.021026186666666665
117,1070,Y,6305856,0.02101952
48,519,Y,6303008,0.021010026666666667
22,310,Y,6297096,0.02099032
671,67,Y,6286952,0.020956506666666666
900,96,Y,6281928,0.020939759999999998
94,881,Y,6277760,0.020925866666666668
279,18,Y,6276624,0.02092208
38,433,Y,6275568,0.020918560000000003
83,794,Y,6266408,0.020888026666666667
975,105,Y,6262792,0.020875973333333332
1143,126,Y,6261552,0.02087184
37,428,Y,6260464,0.020868213333333333
28,359,Y,6257072,0.020856906666666664
14,244,Y,6251024,0.020836746666666666
52,544,Y,6248920,0.020829733333333333
109,1003,Y,6240072,0.020800239999999998
436,38,Y,6238768,0.020795893333333332
119,1083,Y,6236952,0.02078984
702,71,Y,6232368,0.02077456
1078,118,Y,6228920,0.020763066666666666
70,691,Y,6226384,0.02075461333333333
754,78,Y,6225256,0.020750853333333333
151,2,Y,6224432,0.020748106666666665
25,332,Y,6221744,0.020739146666666666
793,83,Y,6215128,0.020717093333333336
733,75,Y,6212496,0.020708320000000002
970,105,Y,6210336,0.02070112
70,689,Y,6207064,0.020690213333333332
153,3,Y,6204424,0.020681413333333332
174,5,Y,6199832,0.020666106666666666
53,556,Y,6199224,0.020664079999999998
58,599,Y,6196728,0.02065576
546,52,Y,6194160,0.0206472
98,919,Y,6191992,0.020639973333333332
97,909,Y,6190200,0.020634
43,473,Y,6178224,0.02059408
1002,109,Y,6169552,0.020565173333333332
40,455,Y,6168160,0.020560533333333332
399,33,Y,6167584,0.020558613333333333
113,1034,Y,6166544,0.02055514666666667
660,66,Y,6165256,0.020550853333333334
22,306,Y,6161008,0.02053669333333333
76,739,Y,6158136,0.02052712
245,14,Y,6156744,0.02052248
124,1121,Y,6154920,0.0205164
981,106,Y,6154576,0.020515253333333334
450,40,Y,6151184,0.02050394666666667
78,755,Y,6142504,0.020475013333333333
7,188,Y,6140288,0.020467626666666665
451,40,Y,6139488,0.02046496
41,457,Y,6137200,0.020457333333333334
1076,118,Y,6130960,0.020436533333333333
82,787,Y,6127056,0.02042352
811,85,Y,6126048,0.02042016
81,781,Y,6119488,0.02039829333333333
960,104,Y,6118960,0.020396533333333335
236,13,Y,6115096,0.02038365333333333
247,14,Y,6114312,0.02038104
80,769,Y,6113472,0.020378240000000002
98,918,Y,6111144,0.02037048
974,105,Y,6109352,0.020364506666666667
776,81,Y,6106584,0.02035528
939,101,Y,6101176,0.020337253333333333
631,62,Y,6096008,0.020320026666666668
946,102,Y,6092968,0.020309893333333332
95,889,Y,6092400,0.020308
39,446,Y,6090880,0.020302933333333335
679,68,Y,6090784,0.020302613333333334
1124,124,Y,6087696,0.02029232
72,707,Y,6085992,0.02028664
19,284,Y,6079760,0.020265866666666667
60,611,Y,6079272,0.02026424
71,702,Y,6074640,0.020248799999999997
98,912,Y,6072888,0.02024296
74,724,Y,6071824,0.020239413333333334
1096,121,Y,6069384,0.02023128
124,1123,Y,6067832,0.020226106666666667
778,81,Y,6067648,0.020225493333333334
16,262,Y,6061888,0.020206293333333333
44,481,Y,6060456,0.02020152
53,554,Y,6056040,0.0201868
50,530,Y,6054992,0.020183306666666664
717,73,Y,6053864,0.020179546666666666
59,601,Y,6045544,0.020151813333333334
30,372,Y,6042384,0.020141279999999998
102,945,Y,6039072,0.02013024
95,895,Y,6031168,0.020103893333333334
101,938,Y,6030664,0.020102213333333334
117,1066,Y,6027648,0.02009216
794,83,Y,6023320,0.020077733333333334
446,39,Y,6021832,0.020072773333333335
104,960,Y,6016304,0.020054346666666667
102,949,Y,6013256,0.02004418666666667
1090,120,Y,6005976,0.02001992
12,227,Y,6005096,0.020016986666666667
63,638,Y,6000240,0.0200008
766,79,Y,6000096,0.02000032
43,475,Y,5998032,0.01999344
108,997,Y,5995704,0.01998568
72,705,Y,5994832,0.019982773333333335
83,792,Y,5994232,0.019980773333333333
87,825,Y,5986408,0.019954693333333332
28,355,Y,5982472,0.019941573333333334
77,745,Y,5975336,0.019917786666666666
565,54,Y,5968656,0.01989552
1050,115,Y,5964584,0.019881946666666667
74,727,Y,5959272,0.01986424
42,471,Y,5955160,0.019850533333333333
683,69,Y,5947920,0.0198264
22,309,Y,5944664,0.019815546666666666
117,1064,Y,5936512,0.019788373333333335
48,514,Y,5936112,0.01978704
24,322,Y,5934424,0.01978141333333333
99,924,Y,5929896,0.01976632
127,1148,Y,5926888,0.019756293333333334
68,676,Y,5926840,0.019756133333333335
57,587,Y,5926440,0.0197548
590,57,Y,5924552,0.019748506666666665
67,665,Y,5919040,0.019730133333333334
783,81,Y,5917392,0.019724639999999998
699,71,Y,5915512,0.01971837333333333
91,856,Y,5911688,0.019705626666666667
991,107,Y,5907112,0.019690373333333334
1001,109,Y,5901312,0.01967104
861,91,Y,5900240,0.019667466666666668
41,462,Y,5896160,0.01965386666666667
311,22,Y,5895544,0.019651813333333334
519,48,Y,5892760,0.019642533333333333
518,48,Y,5888920,0.019629733333333333
47,506,Y,5882064,0.01960688
36,416,Y,5876144,0.019587146666666666
79,762,Y,5871640,0.019572133333333335
825,87,Y,5864584,0.019548613333333333
99,927,Y,5863752,0.01954584
709,72,Y,5860728,0.01953576
92,865,Y,5860152,0.01953384
45,492,Y,5858984,0.019529946666666666
234,13,Y,5853920,0.01951306666666667
45,495,Y,5850520,0.019501733333333333
1014,110,Y,5849632,0.019498773333333334
662,66,Y,5844960,0.0194832
486,44,Y,5841032,0.019470106666666667
705,72,Y,5835840,0.0194528
50,534,Y,5833656,0.01944552
723,74,Y,5825104,0.019417013333333333
105,972,Y,5824896,0.01941632
54,564,Y,5824632,0.019415440000000003
1131,125,Y,5821328,0.019404426666666665
58,592,Y,5818512,0.01939504
603,59,Y,5812552,0.019375173333333332
100,929,Y,5795248,0.019317493333333335
406,34,Y,5792856,0.01930952
477,43,Y,5784400,0.019281333333333334
87,831,Y,5783160,0.019277199999999998
65,649,Y,5778400,0.01926133333333333
91,857,Y,5777656,0.019258853333333333
545,52,Y,5777136,0.019257120000000003
60,614,Y,5772328,0.019241093333333334
412,35,Y,5767896,0.01922632
49,522,Y,5763944,0.019213146666666667
59,600,Y,5762120,0.019207066666666668
210,10,Y,5757216,0.019190719999999998
1147,127,Y,5753184,0.019177279999999998
324,24,Y,5750728,0.019169093333333335
44,485,Y,5749288,0.019164293333333336
840,89,Y,5746344,0.01915448
83,795,Y,5744440,0.019148133333333334
1066,117,Y,5743840,0.019146133333333332
34,406,Y,5742496,0.019141653333333335
32,391,Y,5741616,0.019138719999999998
21,297,Y,5741296,0.019137653333333334
751,77,Y,5738112,0.01912704
115,1050,Y,5737504,0.019125013333333333
37,425,Y,5734408,0.019114693333333335
764,79,Y,5731872,0.01910624
173,5,Y,5727064,0.019090213333333335
505,47,Y,5725832,0.01908610666666667
10,215,Y,5715752,0.019052506666666667
1064,117,Y,5712544,0.019041813333333334
442,39,Y,5710320,0.0190344
440,39,Y,5704904,0.019016346666666666
50,533,Y,5703744,0.019012480000000002
18,279,Y,5702360,0.019007866666666665
87,828,Y,5702144,0.01900714666666667
978,106,Y,5700816,0.019002719999999997
95,890,Y,5698072,0.018993573333333333
824,87,Y,5694200,0.018980666666666667
351,27,Y,5692040,0.018973466666666668
24,327,Y,5690032,0.018966773333333332
43,474,Y,5686048,0.01895349333333333
100,934,Y,5685848,0.01895282666666667
96,900,Y,5684232,0.01894744
7,184,Y,5674496,0.018914986666666665
34,401,Y,5674384,0.018914613333333333
71,696,Y,5673488,0.018911626666666667
9,200,Y,5672272,0.018907573333333334
370,30,Y,5659880,0.018866266666666666
26,339,Y,5650552,0.018835173333333333
356,28,Y,5648472,0.01882824
1057,116,Y,5646616,0.018822053333333335
415,35,Y,5644584,0.01881528
31,377,Y,5643736,0.018812453333333333
83,798,Y,5637400,0.018791333333333333
931,100,Y,5632384,0.018774613333333332
487,44,Y,5629688,0.018765626666666667
924,99,Y,5623912,0.018746373333333333
18,275,Y,5622096,0.01874032
465,42,Y,5618800,0.018729333333333334
33,398,Y,5618576,0.018728586666666665
263,16,Y,5616344,0.018721146666666667
27,345,Y,5605464,0.01868488
1036,113,Y,5604992,0.018683306666666667
45,490,Y,5602688,0.018675626666666667
102,950,Y,5596936,0.018656453333333333
873,93,Y,5585512,0.018618373333333334
533,50,Y,5585184,0.01861728
433,38,Y,5572616,0.018575386666666666
979,106,Y,5571584,0.018571946666666665
479,43,Y,5569424,0.018564746666666666
12,225,Y,5565744,0.01855248
111,1017,Y,5562800,0.01854266666666667
1,137,Y,5556336,0.01852112
998,108,Y,5553960,0.0185132
94,885,Y,5546192,0.018487306666666665
570,55,Y,5540120,0.018467066666666667
1086,119,Y,5537024,0.018456746666666666
90,852,Y,5533160,0.01844386666666667
645,64,Y,5533024,0.018443413333333332
101,940,Y,5528680,0.018428933333333335
319,23,Y,5524656,0.018415519999999998
99,922,Y,5522880,0.018409599999999998
530,50,Y,5521472,0.018404906666666665
147,2,Y,5506384,0.018354613333333335
99,923,Y,5505720,0.0183524
910,97,Y,5505200,0.018350666666666668
393,33,Y,5502288,0.01834096
86,818,Y,5494488,0.01831496
318,23,Y,5490352,0.018301173333333334
859,91,Y,5482520,0.018275066666666666
109,1007,Y,5478992,0.018263306666666666
7,189,Y,5478040,0.018260133333333334
119,1081,Y,5476808,0.018256026666666664
509,47,Y,5476488,0.01825496
558,53,Y,5472888,0.01824296
122,1111,Y,5470680,0.0182356
26,343,Y,5466824,0.018222746666666664
321,24,Y,5465864,0.018219546666666666
31,376,Y,5465672,0.018218906666666666
111,1023,Y,5454496,0.018181653333333336
492,45,Y,5448024,0.01816008
117,1065,Y,5447040,0.0181568
553,53,Y,5446928,0.018156426666666666
6,181,Y,5441272,0.018137573333333334
275,18,Y,5436504,0.01812168
1149,127,Y,5435704,0.018119013333333333
56,578,Y,5429192,0.018097306666666667
348,27,Y,5417736,0.01805912
1022,111,Y,5416592,0.018055306666666666
1123,124,Y,5411984,0.018039946666666667
818,86,Y,5404352,0.018014506666666666
8,195,Y,5399112,0.01799704
819,86,Y,5397968,0.017993226666666667
26,337,Y,5396808,0.01798936
64,640,Y,5394432,0.01798144
124,1125,Y,5393760,0.017979199999999997
10,208,Y,5391944,0.017973146666666665
100,931,Y,5391760,0.017972533333333335
620,61,Y,5390304,0.01796768
48,513,Y,5381176,0.017937253333333333
53,559,Y,5378504,0.017928346666666668
264,17,Y,5377400,0.01792466666666667
76,743,Y,5377144,0.017923813333333333
62,631,Y,5364272,0.01788090666666667
97,906,Y,5358832,0.017862773333333335
90,853,Y,5358224,0.017860746666666667
126,1140,Y,5357488,0.017858293333333334
37,429,Y,5352296,0.017840986666666666
43,478,Y,5348848,0.017829493333333335
106,982,Y,5348160,0.017827199999999998
70,695,Y,5347304,0.017824346666666668
238,13,Y,5346336,0.01782112
628,62,Y,5345856,0.017819520000000002
1119,123,Y,5340760,0.017802533333333332
322,24,Y,5340048,0.01780016
68,673,Y,5336024,0.017786746666666665
69,687,Y,5333304,0.017777679999999997
1145,127,Y,5332376,0.017774586666666668
19,286,Y,5332104,0.01777368
72,704,Y,5323928,0.01774642666666667
67,670,Y,5323488,0.01774496
906,97,Y,5320264,0.017734213333333335
95,894,Y,5313312,0.017711039999999997
614,60,Y,5310224,0.017700746666666666
347,27,Y,5308264,0.017694213333333333
359,28,Y,5307232,0.017690773333333333
643,64,Y,5303712,0.01767904
996,108,Y,5293936,0.017646453333333336
246,14,Y,5288424,0.017628079999999997
977,106,Y,5287976,0.017626586666666666
63,632,Y,5286784,0.017622613333333335
15,254,Y,5284032,0.017613439999999998
47,505,Y,5282288,0.017607626666666668
453,40,Y,5282064,0.017606880000000002
17,271,Y,5277656,0.017592186666666666
1142,126,Y,5277480,0.0175916
417,36,Y,5276968,0.017589893333333332
413,35,Y,5269896,0.01756632
155,3,Y,5268992,0.017563306666666667
84,800,Y,5265128,0.017550426666666667
1135,125,Y,5261856,0.01753952
904,97,Y,5259696,0.01753232
429,37,Y,5258416,0.01752805333333333
1106,122,Y,5256720,0.0175224
714,73,Y,5256200,0.017520666666666667
61,619,Y,5251224,0.01750408
126,1138,Y,5244088,0.017480293333333334
25,328,Y,5240552,0.017468506666666668
765,79,Y,5235912,0.01745304
503,46,Y,5233504,0.017445013333333335
51,541,Y,5230000,0.017433333333333332
846,89,Y,5225376,0.01741792
179,6,Y,5223976,0.017413253333333333
125,1129,Y,5221752,0.01740584
114,1042,Y,5221568,0.01740522666666667
72,711,Y,5221272,0.01740424
104,966,Y,5216584,0.017388613333333334
432,38,Y,5215560,0.0173852
814,85,Y,5214448,0.017381493333333334
146,2,Y,5212664,0.01737554666666667
78,757,Y,5197816,0.017326053333333334
105,969,Y,5197176,0.01732392
325,24,Y,5191496,0.017304986666666668
67,664,Y,5189072,0.017296906666666667
116,1057,Y,5189032,0.01729677333333333
419,36,Y,5187880,0.017292933333333333
563,54,Y,5186264,0.017287546666666667
31,380,Y,5184096,0.017280320000000002
1019,111,Y,5177688,0.01725896
484,44,Y,5175760,0.017252533333333334
473,43,Y,5173032,0.017243440000000002
64,647,Y,5172160,0.017240533333333332
105,970,Y,5166176,0.017220586666666666
43,479,Y,5165680,0.017218933333333332
812,85,Y,5162200,0.017207333333333335
800,84,Y,5157008,0.017190026666666667
5,170,Y,5151648,0.01717216
106,980,Y,5149864,0.017166213333333333
310,22,Y,5148080,0.017160266666666667
118,1072,Y,5144408,0.017148026666666667
45,494,Y,5140032,0.01713344
987,107,Y,5139984,0.01713328
703,71,Y,5136032,0.017120106666666666
102,951,Y,5132280,0.0171076
431,37,Y,5130512,0.017101706666666668
44,482,Y,5130448,0.017101493333333332
44,483,Y,5128920,0.0170964
7,191,Y,5127792,0.017092640000000003
31,382,Y,5126488,0.017088293333333334
1003,109,Y,5125936,0.017086453333333335
73,717,Y,5125920,0.0170864
169,5,Y,5115016,0.017050053333333332
885,94,Y,5102144,0.017007146666666667
774,80,Y,5099520,0.0169984
35,410,Y,5092552,0.016975173333333333
579,56,Y,5085440,0.016951466666666668
193,8,Y,5083656,0.016945520000000002
976,106,Y,5080168,0.01693389333333333
725,74,Y,5072752,0.016909173333333333
67,668,Y,5068848,0.01689616
267,17,Y,5060672,0.01686890666666667
68,674,Y,5057544,0.01685848
917,98,Y,5055896,0.016852986666666667
32,384,Y,5053376,0.016844586666666665
258,16,Y,5050672,0.016835573333333336
35,412,Y,5046544,0.016821813333333335
110,1008,Y,5045544,0.01681848
596,58,Y,5034960,0.0167832
121,1096,Y,5029496,0.01676498666666667
39,443,Y,5029112,0.016763706666666666
71,700,Y,5027872,0.016759573333333333
452,40,Y,5027472,0.01675824
456,41,Y,5017064,0.016723546666666665
598,58,Y,5010456,0.01670152
2,144,Y,5003320,0.016677733333333333
1048,115,Y,4998592,0.016661973333333333
107,984,Y,4998512,0.016661706666666665
42,466,Y,4988496,0.01662832
13,239,Y,4984856,0.016616186666666668
972,105,Y,4983776,0.01661258666666667
98,916,Y,4975456,0.016584853333333333
790,82,Y,4970304,0.016567679999999998
965,104,Y,4969616,0.016565386666666668
93,873,Y,4961400,0.016538
1010,110,Y,4953824,0.016512746666666668
47,510,Y,4949944,0.016499813333333332
836,88,Y,4947952,0.016493173333333333
89,846,Y,4940784,0.01646928
136,1,Y,4940064,0.01646688
80,772,Y,4937400,0.016458
17,264,Y,4936448,0.01645482666666667
259,16,Y,4936032,0.01645344
920,99,Y,4934712,0.016449039999999998
60,615,Y,4932552,0.01644184
78,754,Y,4927864,0.016426213333333335
1065,117,Y,4922264,0.01640754666666667
330,25,Y,4921296,0.01640432
498,46,Y,4917384,0.01639128
531,50,Y,4916696,0.016388986666666668
101,942,Y,4915728,0.01638576
382,31,Y,4913976,0.01637992
936,101,Y,4909808,0.016366026666666665
266,17,Y,4899512,0.016331706666666668
882,94,Y,4894392,0.01631464
367,29,Y,4893120,0.0163104
143,1,Y,4891688,0.016305626666666666
659,66,Y,4887008,0.016290026666666665
74,726,Y,4885288,0.016284293333333335
366,29,Y,4884592,0.01628197333333333
657,66,Y,4882368,0.01627456
115,1055,Y,4880584,0.016268613333333334
788,82,Y,4876192,0.016253973333333335
993,108,Y,4873744,0.016245813333333334
244,14,Y,4872928,0.016243093333333333
43,477,Y,4860120,0.0162004
629,62,Y,4859528,0.016198426666666668
126,1142,Y,4859072,0.016196906666666667
538,51,Y,4857920,0.016193066666666665
71,703,Y,4857296,0.016190986666666667
1,139,Y,4857024,0.01619008
27,344,Y,4854624,0.016182079999999998
43,476,Y,4851792,0.016172640000000002
75,734,Y,4851280,0.01617093333333333
50,535,Y,4850152,0.016167173333333333
38,437,Y,4845920,0.016153066666666667
107,990,Y,4845560,0.016151866666666667
994,108,Y,4844328,0.01614776
721,74,Y,4843008,0.016143360000000002
70,694,Y,4835120,0.016117066666666666
113,1033,Y,4833744,0.016112480000000002
514,48,Y,4833512,0.016111706666666666
1130,125,Y,4825800,0.016086
39,440,Y,4823968,0.016079893333333335
129,0,Y,4823784,0.016079279999999998
630,62,Y,4823208,0.01607736
54,560,Y,4822480,0.016074933333333333
34,405,Y,4821872,0.016072906666666668
1121,124,Y,4821640,0.016072133333333332
851,90,Y,4815504,0.016051680000000002
1077,118,Y,4814200,0.016047333333333334
280,19,Y,4813416,0.01604472
405,34,Y,4812224,0.016040746666666668
921,99,Y,4805992,0.016019973333333333
121,1099,Y,4805504,0.01601834666666667
47,509,Y,4804704,0.01601568
90,848,Y,4803648,0.01601216
496,46,Y,4800088,0.016000293333333332
781,81,Y,4799648,0.015998826666666667
566,54,Y,4795096,0.015983653333333334
59,605,Y,4795000,0.015983333333333332
27,347,Y,4794872,0.015982906666666664
332,25,Y,4793584,0.015978613333333332
23,316,Y,4790968,0.015969893333333332
1085,119,Y,4789528,0.015965093333333333
17,266,Y,4788520,0.015961733333333332
24,326,Y,4786528,0.015955093333333333
340,26,Y,4784944,0.015949813333333333
666,67,Y,4784256,0.01594752
22,307,Y,4781440,0.015938133333333333
740,76,Y,4776824,0.015922746666666668
96,903,Y,4767640,0.015892133333333332
1113,123,Y,4760528,0.015868426666666668
10,210,Y,4759872,0.01586624
118,1075,Y,4757840,0.015859466666666665
823,86,Y,4755280,0.015850933333333334
0,128,Y,4753504,0.015845013333333335
95,893,Y,4753128,0.015843760000000002
510,47,Y,4752112,0.015840373333333334
12,228,Y,4751176,0.015837253333333332
17,270,Y,4748984,0.015829946666666667
735,75,Y,4748904,0.01582968
438,38,Y,4745488,0.015818293333333334
250,15,Y,4744824,0.01581608
42,470,Y,4744608,0.01581536
106,976,Y,4743208,0.015810693333333334
62,626,Y,4738072,0.015793573333333335
89,840,Y,4735416,0.015784720000000002
107,986,Y,4732456,0.015774853333333335
120,1094,Y,4731816,0.01577272
58,598,Y,4726200,0.015754
454,40,Y,4725080,0.01575026666666667
72,706,Y,4722480,0.0157416
61,620,Y,4719328,0.015731093333333335
31,383,Y,4713280,0.015710933333333333
1136,126,Y,4712680,0.015708933333333334
119,1086,Y,4707264,0.01569088
14,243,Y,4706656,0.015688853333333332
81,778,Y,4705424,0.01568474666666667
93,877,Y,4703080,0.015676933333333334
549,52,Y,4702048,0.015673493333333333
398,33,Y,4696784,0.015655946666666667
74,723,Y,4688760,0.0156292
313,23,Y,4688520,0.0156284
1094,120,Y,4688312,0.015627706666666668
74,721,Y,4682696,0.015608986666666666
122,1107,Y,4681784,0.015605946666666665
126,1137,Y,4673120,0.015577066666666667
923,99,Y,4672744,0.015575813333333334
392,33,Y,4670552,0.015568506666666667
8,194,Y,4661152,0.015537173333333333
85,811,Y,4660192,0.015533973333333334
955,103,Y,4659504,0.015531679999999999
7,185,Y,4659112,0.015530373333333332
673,68,Y,4655288,0.015517626666666668
5,172,Y,4649824,0.015499413333333332
1000,109,Y,4641544,0.015471813333333334
16,257,Y,4641088,0.015470293333333333
181,6,Y,4640936,0.015469786666666666
983,106,Y,4637752,0.015459173333333333
103,953,Y,4635032,0.015450106666666666
809,85,Y,4632288,0.01544096
736,76,Y,4632088,0.015440293333333332
817,86,Y,4625776,0.015419253333333332
295,20,Y,4625680,0.015418933333333334
379,31,Y,4625120,0.015417066666666666
14,245,Y,4620392,0.015401306666666666
816,86,Y,4616704,0.015389013333333333
1099,121,Y,4616592,0.01538864
1008,110,Y,4609152,0.01536384
357,28,Y,4608424,0.015361413333333332
120,1091,Y,4604368,0.015347893333333333
116,1059,Y,4603904,0.015346346666666667
23,314,Y,4601648,0.015338826666666666
65,651,Y,4596992,0.015323306666666666
89,841,Y,4590088,0.015300293333333334
409,35,Y,4589040,0.0152968
404,34,Y,4588592,0.015295306666666668
695,70,Y,4584304,0.015281013333333333
254,15,Y,4583552,0.015278506666666667
55,569,Y,4581352,0.015271173333333332
1075,118,Y,4580752,0.015269173333333334
86,819,Y,4573768,0.015245893333333335
605,59,Y,4572008,0.015240026666666667
39,445,Y,4571040,0.0152368
102,948,Y,4566440,0.015221466666666666
29,360,Y,4565128,0.015217093333333334
872,93,Y,4564888,0.015216293333333335
62,625,Y,4562536,0.015208453333333333
49,523,Y,4561176,0.015203920000000001
301,21,Y,4555416,0.01518472
298,21,Y,4550048,0.015166826666666668
25,331,Y,4544280,0.0151476
19,287,Y,4542624,0.01514208
346,27,Y,4535168,0.015117226666666667
103,952,Y,4533456,0.01511152
33,392,Y,4532968,0.015109893333333334
49,524,Y,4532064,0.01510688
523,49,Y,4530592,0.015101973333333333
832,88,Y,4524096,0.015080320000000001
93,879,Y,4519048,0.015063493333333334
19,285,Y,4514952,0.01504984
102,946,Y,4511064,0.01503688
33,397,Y,4511024,0.015036746666666666
273,18,Y,4510288,0.015034293333333334
956,103,Y,4502016,0.01500672
880,94,Y,4498208,0.014994026666666665
95,892,Y,4495168,0.014983893333333335
44,484,Y,4492808,0.014976026666666666
342,26,Y,4492368,0.01497456
17,267,Y,4490720,0.014969066666666668
942,101,Y,4488112,0.014960373333333334
462,41,Y,4488000,0.014960000000000001
482,44,Y,4487952,0.01495984
712,73,Y,4475720,0.014919066666666666
613,60,Y,4473360,0.0149112
1053,115,Y,4472728,0.014909093333333333
33,394,Y,4468304,0.014894346666666667
31,379,Y,4463904,0.014879680000000001
867,92,Y,4460392,0.014867973333333333
83,799,Y,4458088,0.014860293333333335
685,69,Y,4455592,0.014851973333333332
1061,116,Y,4444272,0.014814240000000001
8,198,Y,4441568,0.014805226666666666
813,85,Y,4440624,0.01480208
5,174,Y,4438624,0.014795413333333333
344,27,Y,4437616,0.014792053333333334
42,469,Y,4433840,0.014779466666666668
23,317,Y,4433616,0.014778719999999999
126,1136,Y,4430792,0.014769306666666666
1013,110,Y,4430424,0.01476808
189,7,Y,4423032,0.01474344
121,1102,Y,4422344,0.014741146666666666
649,65,Y,4418656,0.014728853333333333
50,528,Y,4413568,0.014711893333333335
1037,113,Y,4409320,0.014697733333333334
69,686,Y,4399384,0.014664613333333333
104,961,Y,4398232,0.014660773333333333
656,66,Y,4397000,0.014656666666666667
5,171,Y,4396168,0.014653893333333333
1015,110,Y,4392592,0.014641973333333332
16,263,Y,4390480,0.014634933333333334
192,8,Y,4390000,0.014633333333333333
40,450,Y,4389264,0.014630879999999999
652,65,Y,4382720,0.014609066666666667
92,870,Y,4379000,0.014596666666666668
221,11,Y,4374144,0.01458048
85,809,Y,4373896,0.014579653333333335
34,407,Y,4369856,0.014566186666666665
27,346,Y,4369112,0.014563706666666665
45,488,Y,4365592,0.014551973333333334
90,854,Y,4365296,0.014550986666666668
91,861,Y,4365136,0.014550453333333333
592,58,Y,4363424,0.014544746666666667
73,718,Y,4357440,0.014524800000000001
517,48,Y,4354208,0.014514026666666667
534,50,Y,4351376,0.014504586666666666
390,32,Y,4347824,0.014492746666666667
100,932,Y,4342944,0.01447648
37,430,Y,4342624,0.014475413333333334
1093,120,Y,4338680,0.014462266666666666
527,49,Y,4338112,0.014460373333333333
283,19,Y,4335672,0.014452240000000002
959,103,Y,4333768,0.014445893333333334
112,1031,Y,4330200,0.014433999999999999
76,736,Y,4327368,0.01442456
667,67,Y,4322224,0.014407413333333334
79,764,Y,4314008,0.014380026666666667
1041,114,Y,4297640,0.014325466666666667
593,58,Y,4296864,0.01432288
948,102,Y,4296536,0.014321786666666666
1117,123,Y,4293816,0.01431272
95,888,Y,4284152,0.014280506666666668
618,61,Y,4279472,0.014264906666666667
1110,122,Y,4277368,0.014257893333333334
711,72,Y,4276056,0.014253519999999999
84,803,Y,4272784,0.014242613333333333
72,708,Y,4267480,0.014224933333333332
53,555,Y,4261744,0.014205813333333334
930,100,Y,4261312,0.014204373333333332
724,74,Y,4257760,0.014192533333333333
188,7,Y,4254328,0.014181093333333334
111,1016,Y,4251856,0.014172853333333334
12,230,Y,4246016,0.014153386666666665
109,1002,Y,4234760,0.014115866666666668
50,531,Y,4228424,0.014094746666666668
884,94,Y,4224344,0.014081146666666667
25,333,Y,4220304,0.01406768
16,256,Y,4219528,0.014065093333333334
149,2,Y,4218032,0.014060106666666667
33,395,Y,4217680,0.014058933333333334
11,222,Y,4214832,0.014049439999999998
995,108,Y,4208680,0.014028933333333334
45,493,Y,4207528,0.014025093333333332
860,91,Y,4204920,0.0140164
76,742,Y,4202208,0.014007359999999998
30,375,Y,4200960,0.0140032
377,31,Y,4198952,0.013996506666666665
114,1046,Y,4195696,0.013985653333333334
148,2,Y,4194160,0.013980533333333333
883,94,Y,4193504,0.013978346666666667
1004,109,Y,4192752,0.01397584
26,338,Y,4189984,0.013966613333333332
107,985,Y,4189752,0.01396584
88,836,Y,4189656,0.013965519999999999
855,90,Y,4168840,0.013896133333333331
307,22,Y,4164200,0.013880666666666666
6,178,Y,4162160,0.013873866666666665
141,1,Y,4159960,0.013866533333333332
97,907,Y,4159120,0.013863733333333335
730,75,Y,4158504,0.01386168
56,579,Y,4157104,0.013857013333333333
56,583,Y,4155560,0.013851866666666665
96,899,Y,4155544,0.013851813333333332
132,0,Y,4155360,0.013851200000000001
6,180,Y,4155120,0.013850399999999999
849,90,Y,4154376,0.013847919999999998
32,390,Y,4145056,0.013816853333333334
107,989,Y,4144336,0.013814453333333334
1,140,Y,4135472,0.013784906666666666
123,1112,Y,4134392,0.013781306666666666
105,973,Y,4129152,0.01376384
1089,120,Y,4128928,0.013763093333333334
46,498,Y,4128264,0.01376088
947,102,Y,4114360,0.013714533333333332
779,81,Y,4106488,0.013688293333333334
46,503,Y,4103064,0.01367688
929,100,Y,4100048,0.013666826666666666
583,56,Y,4098536,0.013661786666666667
407,34,Y,4092120,0.013640399999999999
642,64,Y,4090000,0.013633333333333332
197,8,Y,4087472,0.013624906666666667
63,639,Y,4087112,0.013623706666666667
114,1047,Y,4082832,0.013609439999999999
68,677,Y,4079256,0.01359752
369,30,Y,4076384,0.013587946666666666
1,138,Y,4073328,0.01357776
445,39,Y,4072104,0.01357368
602,59,Y,4071296,0.013570986666666668
439,38,Y,4071088,0.013570293333333334
60,612,Y,4068464,0.013561546666666667
79,761,Y,4058184,0.013527280000000001
536,51,Y,4052272,0.013507573333333333
1011,110,Y,4047184,0.013490613333333335
761,79,Y,4047032,0.013490106666666666
104,964,Y,4046824,0.013489413333333335
1081,119,Y,4043784,0.013479280000000001
587,57,Y,4041456,0.01347152
62,628,Y,4040120,0.013467066666666668
1016,111,Y,4038640,0.013462133333333334
499,46,Y,4038360,0.0134612
676,68,Y,4036976,0.013456586666666666
198,8,Y,4028496,0.01342832
14,247,Y,4028176,0.013427253333333333
807,84,Y,4027408,0.013424693333333335
459,41,Y,4019288,0.013397626666666667
118,1078,Y,4012928,0.013376426666666667
128,0,Y,4012624,0.013375413333333334
772,80,Y,4010576,0.013368586666666666
701,71,Y,4005048,0.01335016
352,28,Y,4001368,0.013337893333333333
599,58,Y,4000432,0.013334773333333334
10,209,Y,3999120,0.0133304
103,956,Y,3997592,0.013325306666666667
869,92,Y,3994584,0.013315279999999999
38,434,Y,3993824,0.013312746666666665
636,63,Y,3987384,0.01329128
491,45,Y,3984416,0.013281386666666667
4,163,Y,3977032,0.013256773333333334
443,39,Y,3972256,0.013240853333333335
138,1,Y,3967520,0.013225066666666665
62,630,Y,3954456,0.01318152
15,248,Y,3953576,0.013178586666666667
78,756,Y,3950464,0.013168213333333333
1045,114,Y,3947952,0.013159839999999999
120,1089,Y,3946232,0.013154106666666667
110,1010,Y,3940536,0.01313512
434,38,Y,3932440,0.013108133333333334
84,807,Y,3931032,0.013103440000000001
375,30,Y,3928952,0.013096506666666665
728,75,Y,3921320,0.013071066666666667
122,1104,Y,3913736,0.013045786666666667
1107,122,Y,3913560,0.0130452
52,548,Y,3910232,0.013034106666666666
124,1120,Y,3907936,0.013026453333333333
242,14,Y,3907936,0.013026453333333333
891,95,Y,3900928,0.013003093333333333
588,57,Y,3900304,0.013001013333333334
292,20,Y,3897424,0.012991413333333332
82,788,Y,3892336,0.012974453333333334
715,73,Y,3887688,0.01295896
19,282,Y,3880944,0.01293648
1126,124,Y,3877744,0.012925813333333333
79,766,Y,3877512,0.01292504
637,63,Y,3861328,0.012871093333333333
28,358,Y,3860736,0.01286912
75,730,Y,3859248,0.01286416
651,65,Y,3850768,0.012835893333333332
35,408,Y,3845632,0.012818773333333333
5,168,Y,3839072,0.012796906666666667
349,27,Y,3836736,0.01278912
13,238,Y,3835584,0.01278528
46,496,Y,3835328,0.012784426666666668
36,420,Y,3833120,0.012777066666666666
3,155,Y,3832360,0.012774533333333334
88,833,Y,3832024,0.012773413333333334
252,15,Y,3828800,0.012762666666666665
0,129,Y,3828320,0.012761066666666668
1060,116,Y,3828152,0.012760506666666666
648,65,Y,3822616,0.012742053333333333
716,73,Y,3817536,0.012725120000000001
787,82,Y,3814256,0.012714186666666667
99,921,Y,3809648,0.012698826666666666
101,936,Y,3807824,0.012692746666666668
61,618,Y,3806992,0.012689973333333333
286,19,Y,3805976,0.012686586666666666
658,66,Y,3805680,0.0126856
19,281,Y,3801088,0.012670293333333332
93,872,Y,3792160,0.012640533333333332
49,520,Y,3782744,0.012609146666666668
94,883,Y,3781968,0.012606560000000001
299,21,Y,3773992,0.012579973333333333
69,683,Y,3773744,0.012579146666666667
879,93,Y,3767152,0.012557173333333334
610,60,Y,3767056,0.012556853333333333
650,65,Y,3756784,0.012522613333333335
4,160,Y,3753216,0.01251072
555,53,Y,3749872,0.012499573333333333
982,106,Y,3742384,0.012474613333333332
78,753,Y,3733712,0.012445706666666667
0,133,Y,3731864,0.012439546666666667
1035,113,Y,3731672,0.012438906666666666
520,49,Y,3731088,0.01243696
326,24,Y,3731024,0.012436746666666667
116,1058,Y,3730360,0.012434533333333334
40,449,Y,3730216,0.012434053333333332
32,388,Y,3723096,0.012410319999999999
41,461,Y,3722048,0.012406826666666666
371,30,Y,3720608,0.012402026666666666
49,525,Y,3712672,0.012375573333333334
677,68,Y,3710768,0.012369226666666667
985,107,Y,3707592,0.012358639999999999
87,830,Y,3698168,0.012327226666666668
789,82,Y,3697536,0.012325119999999998
27,349,Y,3691888,0.012306293333333334
65,652,Y,3690392,0.012301306666666668
8,192,Y,3688128,0.01229376
48,517,Y,3685472,0.012284906666666666
103,959,Y,3682112,0.012273706666666667
1023,111,Y,3682080,0.012273599999999999
576,56,Y,3670976,0.012236586666666667
65,648,Y,3659096,0.012196986666666666
1138,126,Y,3658400,0.012194666666666666
448,40,Y,3653024,0.012176746666666667
116,1060,Y,3650688,0.01216896
457,41,Y,3645032,0.012150106666666667
86,822,Y,3644872,0.012149573333333333
608,60,Y,3630248,0.012100826666666667
34,403,Y,3628744,0.012095813333333334
268,17,Y,3626160,0.012087200000000001
309,22,Y,3625704,0.01208568
821,86,Y,3623112,0.01207704
36,423,Y,3621712,0.012072373333333334
692,70,Y,3620720,0.012069066666666666
300,21,Y,3619624,0.012065413333333334
525,49,Y,3615408,0.01205136
866,92,Y,3615232,0.012050773333333334
23,318,Y,3612936,0.01204312
20,289,Y,3609920,0.012033066666666667
632,63,Y,3608632,0.012028773333333333
1054,115,Y,3607328,0.012024426666666666
316,23,Y,3606320,0.012021066666666667
449,40,Y,3604200,0.012014
90,849,Y,3601016,0.012003386666666666
305,22,Y,3596168,0.011987226666666666
1073,118,Y,3590296,0.011967653333333333
85,813,Y,3584784,0.01194928
36,419,Y,3573328,0.011911093333333334
1024,112,Y,3561592,0.011871973333333334
14,242,Y,3559448,0.011864826666666667
564,54,Y,3558056,0.011860186666666666
116,1061,Y,3554344,0.011847813333333334
274,18,Y,3548160,0.0118272
46,499,Y,3548096,0.011826986666666667
700,71,Y,3543672,0.01181224
11,219,Y,3540896,0.011802986666666668
512,48,Y,3539128,0.011797093333333333
248,15,Y,3537736,0.011792453333333335
601,59,Y,3533664,0.01177888
926,99,Y,3532592,0.011775306666666666
21,300,Y,3523488,0.011744959999999999
12,226,Y,3501216,0.01167072
103,954,Y,3493872,0.01164624
1080,119,Y,3490616,0.011635386666666667
261,16,Y,3484080,0.0116136
989,107,Y,3479056,0.011596853333333334
421,36,Y,3478936,0.011596453333333335
118,1076,Y,3471688,0.011572293333333334
110,1011,Y,3469992,0.01156664
304,22,Y,3468000,0.01156
358,28,Y,3467296,0.011557653333333332
954,103,Y,3463048,0.011543493333333333
395,33,Y,3461408,0.011538026666666666
423,36,Y,3460560,0.0115352
35,411,Y,3460456,0.011534853333333333
77,751,Y,3460072,0.011533573333333333
104,965,Y,3458536,0.011528453333333334
19,283,Y,3455080,0.011516933333333333
500,46,Y,3451304,0.011504346666666667
898,96,Y,3445480,0.011484933333333332
36,421,Y,3444472,0.011481573333333333
385,32,Y,3440224,0.011467413333333332
696,71,Y,3440040,0.0114668
190,7,Y,3438728,0.011462426666666668
170,5,Y,3429624,0.01143208
1109,122,Y,3427352,0.011424506666666667
123,1117,Y,3425760,0.0114192
1112,123,Y,3424504,0.011415013333333333
108,994,Y,3416152,0.011387173333333334
65,655,Y,3414912,0.01138304
467,42,Y,3408184,0.011360613333333333
216,11,Y,3402512,0.011341706666666666
804,84,Y,3396048,0.011320160000000001
293,20,Y,3386968,0.011289893333333334
19,280,Y,3386240,0.011287466666666668
59,602,Y,3386040,0.0112868
589,57,Y,3377272,0.011257573333333333
334,25,Y,3373712,0.011245706666666666
80,774,Y,3366912,0.01122304
1030,112,Y,3364456,0.011214853333333333
749,77,Y,3360560,0.011201866666666666
110,1014,Y,3359424,0.01119808
86,820,Y,3358400,0.011194666666666667
674,68,Y,3342952,0.011143173333333332
89,842,Y,3338376,0.01112792
10,213,Y,3337056,0.01112352
48,516,Y,3335304,0.01111768
573,55,Y,3332360,0.011107866666666667
315,23,Y,3330240,0.011100800000000001
150,2,Y,3328848,0.011096159999999999
341,26,Y,3319384,0.011064613333333332
2,150,Y,3314384,0.011047946666666666
127,1151,Y,3294488,0.010981626666666666
64,642,Y,3286272,0.01095424
15,255,Y,3279432,0.01093144
1120,124,Y,3278640,0.0109288
535,50,Y,3275472,0.01091824
101,941,Y,3275216,0.010917386666666666
63,636,Y,3274696,0.010915653333333332
1072,118,Y,3269952,0.010899840000000001
907,97,Y,3267376,0.010891253333333333
52,547,Y,3266528,0.010888426666666666
389,32,Y,3259144,0.010863813333333333
64,643,Y,3255472,0.010851573333333333
113,1036,Y,3252184,0.010840613333333334
30,371,Y,3242776,0.010809253333333333
952,103,Y,3237640,0.010792133333333334
108,992,Y,3234296,0.010780986666666667
36,418,Y,3230288,0.010767626666666667
239,13,Y,3209408,0.010698026666666666
180,6,Y,3190536,0.01063512
447,39,Y,3187992,0.01062664
9,202,Y,3187048,0.010623493333333334
113,1039,Y,3185936,0.010619786666666667
109,1000,Y,3183952,0.010613173333333333
123,1118,Y,3178560,0.0105952
215,10,Y,3175984,0.010586613333333335
540,51,Y,3175616,0.010585386666666667
11,221,Y,3173688,0.01057896
547,52,Y,3172176,0.01057392
1125,124,Y,3170936,0.010569786666666667
17,268,Y,3167008,0.010556693333333334
46,500,Y,3166392,0.010554639999999999
892,95,Y,3164824,0.010549413333333334
1137,126,Y,3163008,0.01054336
87,829,Y,3159216,0.01053072
225,12,Y,3145640,0.010485466666666667
913,98,Y,3142080,0.0104736
120,1095,Y,3141280,0.010470933333333333
1034,113,Y,3130048,0.010433493333333333
55,568,Y,3129744,0.010432480000000001
1051,115,Y,3125168,0.010417226666666668
196,8,Y,3124944,0.01041648
32,385,Y,3105120,0.010350400000000001
653,65,Y,3104768,0.010349226666666668
38,435,Y,3103200,0.010343999999999999
59,606,Y,3102232,0.010340773333333332
758,78,Y,3098360,0.010327866666666666
79,763,Y,3092576,0.010308586666666666
682,69,Y,3087048,0.01029016
0,134,Y,3059064,0.01019688
763,79,Y,3055168,0.010183893333333333
745,77,Y,3054496,0.010181653333333334
281,19,Y,3053288,0.010177626666666667
403,34,Y,3050208,0.01016736
40,453,Y,3040624,0.010135413333333334
841,89,Y,3033392,0.010111306666666667
490,45,Y,3019720,0.010065733333333333
30,370,Y,3013888,0.010046293333333334
5,173,Y,3011536,0.010038453333333332
557,53,Y,3008448,0.01002816
94,884,Y,3005552,0.010018506666666666
91,863,Y,2984752,0.009949173333333334
107,987,Y,2979568,0.009931893333333334
1150,127,Y,2943952,0.009813173333333333
23,315,Y,2931080,0.009770266666666666
26,341,Y,2930648,0.009768826666666668
612,60,Y,2928784,0.009762613333333333
713,73,Y,2921200,0.009737333333333334
2,148,Y,2919128,0.009730426666666667
39,447,Y,2918672,0.009728906666666667
999,108,Y,2906536,0.009688453333333335
81,780,Y,2899184,0.009663946666666666
1058,116,Y,2891664,0.00963888
108,995,Y,2875016,0.009583386666666667
56,576,Y,2869192,0.009563973333333333
48,512,Y,2867256,0.00955752
64,644,Y,2859872,0.009532906666666667
52,545,Y,2859128,0.009530426666666666
559,53,Y,2858120,0.009527066666666667
76,740,Y,2847824,0.009492746666666666
581,56,Y,2814424,0.009381413333333333
670,67,Y,2812632,0.00937544
115,1051,Y,2809816,0.009366053333333332
568,55,Y,2784184,0.009280613333333333
780,81,Y,2770328,0.009234426666666667
82,789,Y,2718432,0.00906144
91,859,Y,2713104,0.00904368
384,32,Y,2693336,0.008977786666666668
4,161,Y,2689480,0.008964933333333333
828,87,Y,2680160,0.008933866666666667
201,9,Y,2669720,0.008899066666666667
115,1048,Y,2648504,0.008828346666666667
18,274,Y,2638056,0.00879352
1039,113,Y,2605304,0.008684346666666667
113,1037,Y,2588552,0.008628506666666667
303,21,Y,2539728,0.00846576
940,101,Y,2493752,0.008312506666666667
308,22,Y,2487928,0.008293093333333333
73,713,Y,2483216,0.008277386666666667
934,100,Y,2475288,0.00825096
217,11,Y,2452768,0.008175893333333333
96,898,Y,2441216,0.008137386666666666
285,19,Y,2426592,0.00808864
20,292,Y,2401216,0.008004053333333334
110,1015,Y,2370888,0.00790296
1111,122,Y,2339904,0.007799680000000001
113,1035,Y,2328864,0.00776288
115,1054,Y,2231944,0.007439813333333333
38,438,Y,2224384,0.007414613333333334
168,5,Y,2210416,0.007368053333333333
8,193,Y,2207024,0.007356746666666666
34,404,Y,2191712,0.007305706666666667
1118,123,Y,1901232,0.00633744
