65,3,N,9611016352,32.03672117333333
3,153,Y,9424664136,31.41554712
655,65,Y,9407640640,31.358802133333334
42,55,N,7834570776,26.115235920000003
55,8,N,4797757392,15.99252464
464,42,Y,4627029928,15.423433093333333
8,194,Y,4624455464,15.414851546666666
56,109,N,4096609912,13.655366373333333
73,56,N,3667423448,12.224744826666667
109,103,N,3604270008,12.01423336
116,73,N,3572030792,11.906769306666666
103,959,Y,3469000208,11.563334026666666
1056,116,Y,3385595744,11.285319146666668
55,59,N,3185606472,10.618688240000001
107,42,N,3154589704,10.515299013333333
34,64,N,3035922592,10.119741973333333
990,107,Y,2917393936,9.724646453333333
102,34,N,2898194512,9.660648373333332
59,603,Y,2885309712,9.61769904
125,102,N,2880211552,9.600705173333333
64,18,N,2829146408,9.430488026666668
18,276,Y,2628957760,8.763192533333333
1129,125,Y,2613810368,8.712701226666667
76,116,N,2154225304,7.180751013333333
46,76,N,2057890432,6.859634773333332
98,46,N,2042915568,6.80971856
116,1063,Y,1813102376,6.043674586666667
914,98,Y,1811508840,6.0383628
38,81,N,1553943488,5.179811626666667
89,107,N,1526909064,5.08969688
92,38,N,1409439088,4.6981302933333335
3,65,N,1361061872,4.536872906666667
28,91,N,1328276592,4.42758864
91,92,N,1255896528,4.18632176
1,125,N,1249238815,4.164129383333334
107,95,N,1227363400,4.091211333333334
15,84,N,1178677112,3.928923706666667
16,5,N,1175955016,3.919850053333333
48,63,N,1116621808,3.722072693333333
10,108,N,1115955956,3.719853186666667
95,107,N,1067755207,3.559184023333333
108,10,N,1061750828,3.539169426666667
352,28,Y,1051789080,3.5059636
127,80,N,1043399384,3.4779979466666666
81,776,Y,1036414016,3.454713386666667
95,40,N,993997144,3.313323813333333
102,17,N,954492484,3.181641613333333
61,15,N,938798928,3.12932976
125,1,N,937107221,3.1236907366666666
74,53,N,936533976,3.12177992
5,68,N,935752648,3.119175493333333
40,116,N,932238256,3.1074608533333334
97,56,N,925061408,3.0835380266666665
57,99,N,924913616,3.0830453866666665
80,72,N,918732144,3.0624404800000002
37,61,N,906180968,3.0206032266666667
54,66,N,903935472,3.0131182400000003
17,102,N,903849773,3.0128325766666664
84,78,N,900055888,3.0001862933333334
99,57,N,895812712,2.986042373333333
109,12,N,883350760,2.9445025333333334
66,57,N,862153696,2.8738456533333334
107,990,Y,860478816,2.86826272
124,92,N,855904277,2.8530142566666665
845,89,Y,853511176,2.8450372533333335
40,453,Y,847190128,2.823967093333333
114,54,N,829688784,2.7656292799999997
53,121,N,813019320,2.7100644
38,97,N,806818592,2.6893953066666665
153,3,Y,806074232,2.686914106666667
99,90,N,802696776,2.6756559199999996
65,655,Y,795246112,2.650820373333333
103,75,N,790566936,2.63522312
81,38,N,780185192,2.6006173066666665
12,109,N,780003680,2.6000122666666665
106,81,N,773239160,2.5774638666666667
32,87,N,772658208,2.57552736
119,89,N,758938336,2.529794453333333
62,20,N,758382880,2.527942933333333
52,57,N,754776896,2.515922986666667
54,56,N,753509464,2.511698213333333
68,95,N,739662872,2.4655429066666668
8,55,N,734169864,2.4472328799999996
26,119,N,733553504,2.445178346666667
12,67,N,728749352,2.4291645066666665
57,126,N,722216648,2.4073888266666668
84,93,N,721305384,2.40435128
75,103,N,711059232,2.37019744
55,42,N,702359576,2.3411985866666667
15,48,N,702166656,2.34055552
13,40,N,689044384,2.2968146133333334
25,28,N,687630120,2.2921004
65,76,N,685813320,2.2860444
431,37,Y,684714952,2.2823831733333333
53,117,N,680732056,2.2691068533333336
123,101,N,672642576,2.24214192
55,7,N,666022560,2.2200752
78,752,Y,664823224,2.216077413333333
126,107,N,657019816,2.1900660533333336
107,126,N,655624221,2.18541407
87,111,N,653727304,2.179091013333333
21,25,N,649783656,2.16594552
59,32,N,648929432,2.1630981066666664
72,80,N,641670080,2.1389002666666665
87,48,N,638523032,2.1284101066666663
20,122,N,638500328,2.1283344266666666
57,75,N,631710392,2.105701306666667
257,16,Y,628737520,2.0957917333333334
120,6,N,622591208,2.0753040266666667
19,53,N,621534536,2.0717817866666666
100,85,N,619871128,2.066237093333333
45,1,N,617252520,2.0575084
35,26,N,615032536,2.0501084533333334
54,3,N,613450912,2.0448363733333332
7,21,N,607811696,2.0260389866666664
59,127,N,602303448,2.0076781599999998
567,54,Y,598153216,1.9938440533333335
112,110,N,597221424,1.9907380799999999
118,25,N,595988696,1.9866289866666669
101,62,N,594495024,1.98165008
48,119,N,594118929,1.98039643
70,52,N,589597168,1.9653238933333335
79,12,N,589395616,1.9646520533333334
56,581,Y,589298016,1.96432672
106,100,N,588659176,1.9621972533333334
49,45,N,588144760,1.9604825333333333
77,27,N,586984272,1.95661424
57,66,N,582022776,1.94007592
90,848,Y,581725488,1.93908496
69,126,N,581111664,1.9370388799999998
80,77,N,577688888,1.9256296266666668
63,93,N,576935368,1.9231178933333333
85,4,N,576914800,1.9230493333333334
34,102,N,574900472,1.9163349066666668
96,112,N,574573720,1.9152457333333335
83,41,N,573335016,1.91111672
112,115,N,572159704,1.9071990133333334
69,59,N,570234848,1.9007828266666666
55,35,N,568493664,1.8949788799999998
92,124,N,566958480,1.8898616
66,41,N,566607280,1.8886909333333333
56,97,N,565590584,1.8853019466666665
58,99,N,565443552,1.8848118399999998
27,40,N,563727096,1.87909032
5,26,N,558859608,1.86286536
103,956,Y,558680440,1.862268133333333
33,38,N,552875904,1.8429196799999998
10,60,N,552677232,1.8422574399999998
125,15,N,552416208,1.84138736
106,1,N,552363960,1.8412132
548,52,Y,550176464,1.8339215466666665
80,29,N,547836616,1.8261220533333333
75,112,N,547328360,1.8244278666666665
91,65,N,542240945,1.8074698166666667
120,127,N,542138168,1.8071272266666667
977,106,Y,541371024,1.8045700800000002
10,96,N,540869352,1.80289784
122,20,N,538530552,1.79510184
25,111,N,536885136,1.7896171200000002
33,98,N,530127376,1.7670912533333332
23,30,N,525848536,1.7528284533333334
27,77,N,521018176,1.736727253333333
75,13,N,520398256,1.7346608533333332
43,96,N,518927400,1.729758
126,1138,Y,518452824,1.7281760800000001
96,88,N,518342864,1.7278095466666668
21,90,N,517652352,1.72550784
108,50,N,512719920,1.7090663999999998
4,85,N,511123592,1.7037453066666666
18,100,N,509876928,1.69958976
6,30,N,506119544,1.6870651466666668
59,69,N,505858080,1.6861936000000002
31,0,N,503554032,1.67851344
121,1096,Y,502604104,1.6753470133333332
119,48,N,500985080,1.6699502666666668
41,83,N,500917112,1.6697237066666666
44,127,N,500847048,1.6694901599999998
116,40,N,500611560,1.6687052
22,6,N,499524912,1.66508304
126,124,N,498986792,1.6632893066666667
77,30,N,498726848,1.6624228266666665
12,79,N,497097408,1.65699136
127,120,N,495590880,1.6519696000000001
94,72,N,494675272,1.6489175733333332
726,74,Y,492988336,1.6432944533333333
117,53,N,492419776,1.6413992533333335
38,94,N,491626808,1.6387560266666668
126,69,N,491535571,1.6384519033333333
42,107,N,490769944,1.6358998133333333
112,96,N,489945496,1.6331516533333332
71,10,N,489643336,1.6321444533333334
1044,114,Y,489321992,1.6310733066666665
107,89,N,488841544,1.6294718133333335
43,78,N,488713631,1.6290454366666665
8,62,N,487654000,1.6255133333333334
93,18,N,486749400,1.622498
127,59,N,485413648,1.6180454933333335
69,79,N,485122200,1.617074
53,74,N,482561640,1.6085387999999998
1,106,N,482042888,1.606809626666667
50,23,N,479578712,1.5985957066666667
60,17,N,474319240,1.5810641333333333
5,105,N,474035120,1.5801170666666666
66,54,N,473546560,1.5784885333333332
45,49,N,472843456,1.5761448533333333
110,23,N,472155384,1.57385128
79,69,N,470930608,1.5697686933333332
82,8,N,469907400,1.566358
76,46,N,469169800,1.5638993333333333
127,44,N,468529384,1.5617646133333334
83,11,N,467808048,1.55936016
111,1021,Y,465971496,1.55323832
57,52,N,465461512,1.5515383733333334
66,22,N,465231952,1.5507731733333334
104,72,N,465000656,1.5500021866666667
117,33,N,464566168,1.5485538933333332
90,17,N,463053240,1.5435108
11,83,N,462639312,1.5421310400000001
26,22,N,462271448,1.5409048266666665
14,123,N,461593968,1.5386465599999999
46,98,N,459967200,1.5332240000000001
41,19,N,459640328,1.5321344266666668
83,7,N,456876520,1.5229217333333334
89,83,N,454393312,1.5146443733333335
67,665,Y,454073456,1.5135781866666667
36,119,N,453699248,1.5123308266666666
98,33,N,452246944,1.5074898133333334
126,1141,Y,451682976,1.5056099200000002
115,28,N,451391720,1.5046390666666667
100,106,N,450612168,1.50204056
28,25,N,449890776,1.49963592
122,44,N,445221176,1.4840705866666666
92,103,N,443612696,1.4787089866666667
99,58,N,442850864,1.4761695466666667
81,106,N,442798744,1.4759958133333333
30,84,N,442673400,1.475578
116,76,N,442524952,1.4750831733333334
0,110,N,442517008,1.4750566933333333
52,24,N,441496576,1.4716552533333334
32,59,N,441292640,1.4709754666666666
72,104,N,440522872,1.4684095733333333
1147,127,Y,439518104,1.4650603466666667
113,74,N,438358808,1.4611960266666666
72,94,N,438192952,1.4606431733333334
124,42,N,437934840,1.4597828
78,43,N,437689584,1.45896528
7,83,N,437506832,1.4583561066666668
58,83,N,437451872,1.4581729066666667
37,75,N,436477824,1.45492608
64,104,N,435948272,1.4531609066666666
75,57,N,435395064,1.45131688
65,14,N,435004024,1.4500134133333333
101,123,N,434871328,1.4495710933333332
3,36,N,434133784,1.4471126133333334
72,706,Y,433025504,1.4434183466666668
28,3,N,432500560,1.4416685333333334
71,2,N,431126032,1.4370867733333335
80,108,N,431104680,1.4370156
49,10,N,430875496,1.4362516533333334
22,112,N,430348488,1.43449496
101,34,N,430108312,1.4336943733333334
15,121,N,429255208,1.4308506933333334
44,122,N,427808824,1.4260294133333333
91,71,N,427631032,1.4254367733333333
115,64,N,426397840,1.4213261333333334
89,60,N,423428368,1.4114278933333333
53,19,N,422696216,1.4089873866666667
119,26,N,422369680,1.4078989333333334
23,50,N,422108736,1.40702912
58,43,N,421792856,1.4059761866666667
6,120,N,418968600,1.396562
111,86,N,417517176,1.39172392
94,122,N,416939824,1.3897994133333333
60,10,N,416902160,1.3896738666666666
71,127,N,416463480,1.3882116
10,71,N,414395464,1.3813182133333335
111,87,N,413572176,1.37857392
53,44,N,412492376,1.3749745866666667
105,46,N,411402496,1.3713416533333334
18,126,N,411035960,1.3701198666666665
44,53,N,411018104,1.3700603466666665
24,50,N,410566928,1.3685564266666668
518,48,Y,409966720,1.3665557333333334
6,7,N,409235352,1.36411784
126,18,N,408990848,1.3633028266666667
52,70,N,408237200,1.3607906666666667
118,105,N,408035056,1.3601168533333332
61,76,N,407281344,1.35760448
52,76,N,407021376,1.35673792
52,124,N,406021528,1.3534050933333333
30,77,N,405518160,1.3517272
117,82,N,404636296,1.3487876533333334
194,8,Y,403922144,1.3464071466666667
114,78,N,403517648,1.3450588266666668
97,38,N,402330488,1.3411016266666667
110,112,N,402146832,1.34048944
105,118,N,401842376,1.3394745866666666
41,81,N,401532944,1.3384431466666666
67,12,N,401421312,1.33807104
60,89,N,400945248,1.33648416
122,71,N,400193656,1.3339788533333334
94,38,N,400009368,1.33336456
85,813,Y,399872152,1.3329071733333333
74,43,N,399667920,1.3322264000000001
41,84,N,399410944,1.3313698133333334
42,464,Y,398830504,1.3294350133333335
76,61,N,398452056,1.32817352
28,115,N,398384800,1.3279493333333332
71,91,N,398231112,1.3274370400000002
103,92,N,397581048,1.32527016
12,19,N,396236464,1.3207882133333333
251,15,Y,395929352,1.3197645066666666
14,99,N,395800704,1.31933568
85,100,N,393448040,1.3114934666666667
17,271,Y,393122200,1.3104073333333335
31,27,N,393009816,1.31003272
4,79,N,392575680,1.3085856
109,118,N,392221168,1.3074038933333334
70,31,N,390081256,1.3002708533333334
30,117,N,389177768,1.2972592266666667
24,44,N,388926520,1.2964217333333332
26,35,N,388864088,1.2962136266666666
109,28,N,388503976,1.2950132533333334
29,91,N,388263672,1.29421224
102,125,N,388059648,1.29353216
78,45,N,388012696,1.2933756533333334
15,125,N,387283976,1.2909465866666667
100,32,N,387223296,1.29074432
37,94,N,386561656,1.2885388533333333
76,65,N,384498184,1.2816606133333333
13,122,N,384279704,1.2809323466666667
110,0,N,384064504,1.2802150133333334
50,101,N,383635640,1.2787854666666665
28,352,Y,383565144,1.27855048
48,15,N,383029712,1.2767657066666667
92,120,N,383021904,1.2767396800000002
81,41,N,382537744,1.2751258133333334
22,66,N,379759576,1.2658652533333334
20,17,N,379603808,1.2653460266666667
86,102,N,379543168,1.2651438933333334
2,58,N,379353432,1.2645114400000002
104,48,N,378967632,1.2632254399999998
14,65,N,378865808,1.2628860266666666
123,119,N,378172992,1.26057664
121,53,N,377919784,1.2597326133333333
1,45,N,376710928,1.2557030933333333
40,21,N,376309400,1.2543646666666666
6,22,N,375856616,1.2528553866666667
74,87,N,375470960,1.2515698666666666
9,66,N,374545624,1.2484854133333334
122,13,N,374167432,1.2472247733333335
959,103,Y,374007672,1.24669224
50,108,N,373903184,1.2463439466666666
47,123,N,373568680,1.2452289333333333
10,49,N,373276928,1.2442564266666667
108,80,N,373138128,1.24379376
976,106,Y,372997424,1.2433247466666666
40,13,N,372947024,1.2431567466666666
60,31,N,372505904,1.2416863466666668
19,12,N,372484032,1.24161344
71,122,N,371998864,1.2399962133333333
84,15,N,371921608,1.2397386933333334
5,106,N,371521240,1.2384041333333333
18,64,N,369327704,1.2310923466666668
83,89,N,369184120,1.2306137333333333
119,36,N,368948847,1.22982949
86,37,N,368685128,1.2289504266666667
68,14,N,368533504,1.2284450133333333
30,6,N,368486664,1.22828888
97,49,N,368282160,1.2276072
598,58,Y,368073240,1.2269108000000002
102,86,N,367762368,1.22587456
12,26,N,366383056,1.2212768533333334
76,743,Y,366085624,1.2202854133333334
96,10,N,365916064,1.2197202133333334
78,84,N,365566752,1.2185558399999998
7,55,N,365409288,1.2180309599999999
58,102,N,364052288,1.2135076266666667
1,27,N,362715976,1.2090532533333334
26,5,N,362712944,1.2090431466666667
49,97,N,361577896,1.2052596533333333
111,120,N,361273080,1.2042436
575,55,Y,361248312,1.20416104
92,91,N,361116467,1.2037215566666668
79,88,N,361067040,1.2035568
121,29,N,360397184,1.2013239466666668
0,14,N,360172280,1.2005742666666666
61,37,N,359866992,1.19955664
98,97,N,359324960,1.1977498666666666
16,6,N,358622592,1.19540864
34,69,N,358458208,1.1948606933333332
563,54,Y,358448744,1.1948291466666667
86,111,N,356447448,1.18815816
109,56,N,356193568,1.1873118933333333
72,25,N,355983392,1.1866113066666666
32,100,N,355937024,1.1864567466666667
98,919,Y,354986496,1.18328832
14,0,N,354471048,1.1815701600000001
87,74,N,353827672,1.1794255733333334
24,51,N,353524552,1.1784151733333332
47,100,N,353511552,1.17837184
36,3,N,353188104,1.17729368
3,54,N,351797800,1.1726593333333333
87,32,N,351443864,1.1714795466666668
86,106,N,350503816,1.1683460533333334
122,1105,Y,349964320,1.1665477333333334
108,124,N,349318400,1.1643946666666667
108,121,N,349011184,1.1633706133333332
0,16,N,348972216,1.1632407200000001
105,5,N,348790264,1.1626342133333334
68,5,N,348483208,1.1616106933333334
106,5,N,348130848,1.16043616
72,67,N,348005560,1.1600185333333335
27,31,N,347264880,1.1575495999999998
84,41,N,347170344,1.15723448
120,92,N,346256040,1.1541868
117,30,N,344526632,1.1484221066666667
65,91,N,343992552,1.14664184
97,98,N,343279448,1.1442648266666666
601,59,Y,343024616,1.1434153866666665
76,52,N,342549032,1.1418301066666667
41,66,N,342444256,1.1414808533333332
61,79,N,342194288,1.1406476266666667
21,40,N,342068000,1.1402266666666667
62,8,N,342015664,1.1400522133333333
121,108,N,341928208,1.1397606933333333
29,121,N,341732808,1.1391093600000002
38,92,N,341475264,1.13825088
16,45,N,340660680,1.1355356
29,118,N,339652376,1.1321745866666666
93,84,N,338846728,1.1294890933333332
2,71,N,338728136,1.1290937866666666
78,116,N,337806141,1.12602047
67,47,N,337088984,1.1236299466666666
83,58,N,336414312,1.12138104
42,124,N,336133296,1.12044432
106,980,Y,336036704,1.1201223466666668
116,1056,Y,335600728,1.1186690933333334
0,31,N,334981064,1.1166035466666666
64,13,N,334678808,1.1155960266666667
88,37,N,334500176,1.1150005866666666
63,639,Y,334319088,1.1143969599999999
116,1058,Y,333774291,1.11258097
17,90,N,333477088,1.1115902933333333
21,7,N,332865624,1.10955208
115,112,N,332284328,1.1076144266666668
956,103,Y,332267200,1.1075573333333333
50,24,N,331924488,1.10641496
81,85,N,331616056,1.1053868533333333
77,118,N,331459960,1.1048665333333334
43,74,N,331451096,1.1048369866666665
99,14,N,331338128,1.1044604266666667
88,2,N,331134432,1.1037814400000001
44,24,N,330979296,1.1032643199999999
46,93,N,330970768,1.1032358933333333
59,55,N,330806944,1.1026898133333332
88,42,N,330554936,1.1018497866666666
46,105,N,329863576,1.0995452533333334
81,24,N,329803520,1.0993450666666666
85,1,N,329659552,1.0988651733333334
64,115,N,329251416,1.09750472
100,47,N,328949696,1.0964989866666668
80,127,N,328558552,1.0951951733333334
100,18,N,328490656,1.0949688533333333
90,21,N,327607128,1.09202376
82,0,N,327227688,1.09075896
77,80,N,327194776,1.0906492533333332
105,121,N,326871592,1.0895719733333333
113,70,N,325737168,1.08579056
48,87,N,325498536,1.0849951199999999
125,8,N,325200752,1.0840025066666668
43,58,N,324940464,1.08313488
62,96,N,324922947,1.08307649
102,58,N,324872368,1.0829078933333334
33,117,N,324472456,1.0815748533333334
36,45,N,323103248,1.0770108266666667
93,879,Y,322924512,1.07641504
40,27,N,322437704,1.0747923466666667
525,49,Y,321618840,1.0720627999999999
20,62,N,321470216,1.0715673866666668
25,21,N,320971712,1.0699057066666666
29,80,N,320604112,1.0686803733333332
112,75,N,320514120,1.0683804
114,32,N,318924776,1.0630825866666667
35,94,N,318729792,1.06243264
24,52,N,318427752,1.06142584
30,23,N,318316888,1.0610562933333334
120,111,N,316748904,1.05582968
40,95,N,315664889,1.0522162966666666
825,87,Y,315452832,1.05150944
19,16,N,315374480,1.0512482666666667
1144,127,Y,314278872,1.04759624
119,123,N,314038152,1.0467938399999999
7,82,N,313677000,1.04559
15,61,N,313513688,1.0450456266666666
116,78,N,313490920,1.0449697333333334
96,43,N,311964145,1.0398804833333335
35,2,N,311697344,1.0389911466666668
54,23,N,311552240,1.0385074666666667
39,43,N,311201424,1.03733808
37,86,N,310614656,1.0353821866666666
79,4,N,310274472,1.03424824
3,28,N,309704832,1.03234944
123,14,N,308597984,1.0286599466666666
709,72,Y,308481472,1.0282715733333332
22,26,N,308401232,1.0280041066666668
1090,120,Y,308248016,1.0274933866666667
98,51,N,307947952,1.0264931733333333
110,114,N,307076864,1.0235895466666667
286,19,Y,306655984,1.0221866133333333
51,125,N,306484968,1.02161656
54,114,N,306173520,1.0205784
47,39,N,306127248,1.0204241600000001
64,34,N,306055032,1.02018344
9,49,N,305154456,1.01718152
568,55,Y,305019200,1.0167306666666667
45,36,N,304526128,1.0150870933333334
74,113,N,304318232,1.0143941066666666
123,74,N,304314048,1.01438016
120,82,N,304104872,1.0136829066666666
6,16,N,303282032,1.0109401066666668
1118,123,Y,303226048,1.0107534933333333
69,34,N,302629656,1.00876552
35,55,N,302256952,1.0075231733333334
49,113,N,301584928,1.0052830933333332
27,67,N,301495512,1.00498504
18,93,N,301295424,1.00431808
25,72,N,300392432,1.0013081066666667
90,33,N,299446896,0.99815632
34,98,N,299126288,0.9970876266666666
59,51,N,298420536,0.99473512
42,9,N,298305080,0.9943502666666666
56,73,N,298180744,0.9939358133333333
111,25,N,297712808,0.9923760266666667
112,22,N,297532448,0.9917748266666667
11,33,N,297249680,0.9908322666666667
50,18,N,296865264,0.9895508799999999
116,36,N,296758232,0.9891941066666666
47,67,N,296612816,0.9887093866666666
0,82,N,296314088,0.9877136266666666
91,856,Y,295711856,0.9857061866666665
4,115,N,295486256,0.9849541866666667
124,52,N,294961600,0.9832053333333334
62,101,N,294569320,0.9818977333333333
127,71,N,294094648,0.9803154933333333
123,47,N,293942200,0.9798073333333334
68,90,N,293890696,0.9796356533333334
73,23,N,293754224,0.9791807466666667
93,101,N,293711080,0.9790369333333333
77,85,N,293353832,0.9778461066666667
23,73,N,293136456,0.9771215200000001
94,885,Y,292547448,0.97515816
88,96,N,290398888,0.9679962933333333
5,16,N,290085816,0.96695272
17,117,N,289628512,0.9654283733333333
106,86,N,289180032,0.9639334399999999
101,93,N,289053720,0.9635124
11,105,N,288453480,0.9615116
88,79,N,286528088,0.9550936266666668
17,60,N,286290648,0.95430216
9,111,N,286034544,0.9534484799999999
51,98,N,285878496,0.95292832
82,117,N,285015544,0.9500518133333333
63,633,Y,284933968,0.9497798933333332
21,39,N,284659720,0.9488657333333335
85,77,N,283463392,0.9448779733333335
2,35,N,283304512,0.9443483733333334
98,34,N,282842016,0.9428067199999999
104,64,N,282550904,0.9418363466666666
27,1,N,281756840,0.9391894666666666
46,114,N,281722088,0.9390736266666666
63,73,N,281696280,0.9389876
39,21,N,280329544,0.9344318133333332
58,2,N,279937968,0.9331265599999999
95,73,N,279369760,0.9312325333333333
19,41,N,278482256,0.9282741866666666
1138,126,Y,278354928,0.92784976
22,39,N,277979664,0.92659888
19,36,N,277745408,0.9258180266666668
36,19,N,277193557,0.9239785233333334
31,70,N,277028992,0.9234299733333333
73,95,N,276851936,0.9228397866666667
51,24,N,276802096,0.9226736533333333
111,9,N,276158960,0.9205298666666667
89,119,N,276050840,0.9201694666666667
103,29,N,275924888,0.9197496266666667
24,81,N,275609656,0.9186988533333335
66,9,N,275271696,0.9175723199999999
101,50,N,275197704,0.9173256799999999
105,11,N,275119192,0.9170639733333332
67,27,N,275102744,0.9170091466666667
38,33,N,274832256,0.9161075200000001
114,46,N,274494880,0.9149829333333334
23,314,Y,274004880,0.9133496
84,30,N,273818216,0.9127273866666668
603,59,Y,272493600,0.908312
18,50,N,272446224,0.90815408
25,118,N,272213016,0.9073767199999999
86,47,N,271685424,0.9056180800000001
90,99,N,271042896,0.90347632
1141,126,Y,270842664,0.90280888
110,32,N,270797968,0.9026598933333333
56,54,N,270642624,0.9021420800000001
23,54,N,270321152,0.9010705066666667
60,63,N,270261120,0.9008704
117,17,N,270206320,0.9006877333333333
121,15,N,270052536,0.90017512
20,61,N,269820808,0.8994026933333333
39,47,N,269724896,0.8990829866666666
48,104,N,269360200,0.8978673333333332
39,22,N,268323504,0.89441168
126,57,N,268322104,0.8944070133333334
26,12,N,268312232,0.8943741066666667
91,28,N,267974920,0.8932497333333332
124,108,N,267899000,0.8929966666666668
124,126,N,267684928,0.8922830933333334
919,98,Y,266998152,0.8899938399999999
125,51,N,266758032,0.8891934400000001
94,37,N,266755056,0.88918352
8,125,N,264944776,0.8831492533333334
44,484,Y,264681080,0.8822702666666666
107,70,N,264661232,0.8822041066666666
63,48,N,263770296,0.87923432
125,1129,Y,262161736,0.8738724533333334
1,85,N,262159840,0.8738661333333333
61,20,N,262148432,0.8738281066666668
16,0,N,262078184,0.8735939466666667
45,16,N,261241880,0.8708062666666667
93,63,N,260955360,0.8698512
83,793,Y,260712888,0.86904296
79,61,N,260508344,0.8683611466666666
90,68,N,260325832,0.8677527733333334
45,78,N,259978792,0.8665959733333334
47,86,N,259938440,0.8664614666666668
49,9,N,259664704,0.8655490133333335
115,4,N,259429984,0.8647666133333334
36,116,N,259073784,0.86357928
69,44,N,258927624,0.86309208
8,82,N,258615296,0.8620509866666668
104,95,N,258456200,0.8615206666666666
113,49,N,258218264,0.8607275466666666
33,90,N,257936264,0.8597875466666667
99,2,N,257580896,0.8586029866666668
93,46,N,257292016,0.8576400533333334
32,114,N,257185784,0.8572859466666668
118,77,N,256682008,0.8556066933333334
16,19,N,255529296,0.8517643199999999
14,68,N,255380864,0.8512695466666667
127,1148,Y,255236528,0.8507884266666667
44,69,N,254203552,0.8473451733333334
82,120,N,253252816,0.8441760533333333
63,60,N,252892976,0.8429765866666666
85,81,N,252277072,0.8409235733333332
73,63,N,251984624,0.8399487466666666
96,62,N,251696345,0.8389878166666667
95,68,N,251439296,0.8381309866666667
9,42,N,251397536,0.8379917866666666
118,109,N,250927424,0.8364247466666667
121,105,N,250611872,0.8353729066666666
32,110,N,249913552,0.8330451733333334
276,18,Y,248971080,0.8299036
51,59,N,248344408,0.8278146933333332
78,114,N,247896128,0.8263204266666666
55,574,Y,246656736,0.82218912
67,35,N,246191800,0.8206393333333333
302,21,Y,245164312,0.8172143733333334
4,13,N,244887576,0.8162919200000001
23,110,N,243729952,0.8124331733333333
34,101,N,243647912,0.8121597066666666
95,104,N,242525680,0.8084189333333334
695,70,Y,240125248,0.8004174933333333
122,94,N,238891112,0.7963037066666666
89,113,N,238637352,0.7954578400000001
115,65,N,238548616,0.7951620533333333
94,35,N,237959456,0.7931981866666666
87,11,N,236114736,0.7870491199999999
31,20,N,236092216,0.7869740533333334
42,88,N,235875152,0.7862505066666667
31,60,N,233689192,0.7789639733333333
65,654,Y,233584328,0.7786144266666667
658,66,Y,232871456,0.7762381866666667
7,6,N,232700088,0.77566696
43,39,N,232334352,0.77444784
13,75,N,231965072,0.7732169066666666
225,12,Y,231883912,0.7729463733333333
103,109,N,230728000,0.7690933333333334
70,113,N,229760144,0.7658671466666667
67,72,N,228826424,0.7627547466666666
74,123,N,228585304,0.7619510133333334
75,37,N,228344688,0.76114896
70,62,N,228035240,0.7601174666666667
11,97,N,227712168,0.75904056
104,68,N,227083808,0.7569460266666667
70,107,N,226993184,0.7566439466666667
73,116,N,223539856,0.7451328533333333
97,11,N,223487800,0.7449593333333333
93,875,Y,219345312,0.7311510400000001
29,103,N,217942584,0.72647528
13,64,N,217932920,0.7264430666666667
7,188,Y,216362304,0.72120768
62,70,N,213686480,0.7122882666666667
9,39,N,213542176,0.7118072533333334
4,103,N,213442136,0.7114737866666667
62,627,Y,213139000,0.7104633333333333
65,115,N,212582968,0.7086098933333334
17,20,N,211852424,0.7061747466666667
91,29,N,211145920,0.7038197333333334
119,1081,Y,210793808,0.7026460266666668
37,88,N,210702136,0.7023404533333334
39,9,N,210501296,0.7016709866666667
468,42,Y,209340448,0.6978014933333334
2,88,N,208291376,0.6943045866666666
103,4,N,207253968,0.69084656
587,57,Y,206178968,0.6872632266666667
20,31,N,204703720,0.6823457333333333
12,224,Y,203402360,0.6780078666666667
19,280,Y,201582512,0.6719417066666667
11,87,N,200355744,0.66785248
8,51,N,197732584,0.6591086133333334
2,99,N,195181248,0.65060416
82,7,N,195054000,0.65018
1039,113,Y,195020240,0.6500674666666667
979,106,Y,194507568,0.64835856
813,85,Y,193637552,0.6454585066666667
262,16,Y,193477944,0.64492648
230,12,Y,193259144,0.6441971466666666
1132,125,Y,192713544,0.6423784800000001
611,60,Y,192405080,0.6413502666666667
35,67,N,192126200,0.6404206666666666
56,3,N,192003256,0.6400108533333333
1063,116,Y,190400424,0.63466808
704,72,Y,190358184,0.63452728
1140,126,Y,189682584,0.63227528
1008,110,Y,188811752,0.6293725066666667
13,4,N,188356752,0.62785584
1052,115,Y,188073552,0.62691184
622,61,Y,187668616,0.6255620533333334
68,104,N,187624224,0.62541408
114,110,N,187539312,0.62513104
221,11,Y,185219784,0.61739928
98,914,Y,185194720,0.6173157333333333
56,578,Y,184341472,0.6144715733333334
1040,114,Y,183079880,0.6102662666666666
175,5,Y,182906624,0.6096887466666667
115,1050,Y,182881704,0.60960568
81,780,Y,181036472,0.6034549066666667
25,332,Y,179254416,0.59751472
1107,122,Y,178932824,0.5964427466666666
212,10,Y,178769312,0.5958977066666666
59,601,Y,178659592,0.5955319733333333
63,113,N,178341432,0.5944714400000001
113,63,N,177667184,0.5922239466666667
30,374,Y,177638880,0.5921296
199,8,Y,177513008,0.5917100266666667
406,34,Y,177028968,0.59009656
118,1078,Y,175575832,0.5852527733333333
106,979,Y,175051064,0.5835035466666667
581,56,Y,174531264,0.58177088
28,109,N,174264048,0.58088016
102,945,Y,174091560,0.5803052000000001
6,182,Y,173760840,0.5792028
926,99,Y,171922736,0.5730757866666667
20,291,Y,170368632,0.56789544
93,874,Y,169968240,0.5665608
1007,109,Y,169664376,0.56554792
994,108,Y,168769736,0.5625657866666667
366,29,Y,168290320,0.5609677333333334
2,146,Y,168136704,0.56045568
927,99,Y,166079960,0.5535998666666666
66,656,Y,166012240,0.5533741333333333
263,16,Y,165598016,0.5519933866666666
125,1134,Y,165508904,0.5516963466666667
485,44,Y,163621376,0.5454045866666667
51,8,N,163423848,0.54474616
1064,117,Y,163102392,0.54367464
701,71,Y,162033168,0.54011056
43,475,Y,161079232,0.5369307733333334
64,641,Y,160675176,0.53558392
734,75,Y,160338496,0.5344616533333333
11,222,Y,159953792,0.5331793066666667
44,487,Y,159938664,0.53312888
427,37,Y,159236816,0.5307893866666666
25,335,Y,159152720,0.5305090666666666
52,548,Y,158968456,0.5298948533333334
33,11,N,157622648,0.5254088266666667
482,44,Y,156640064,0.5221335466666667
140,1,Y,156419824,0.5213994133333334
26,341,Y,155982920,0.5199430666666667
10,215,Y,155599648,0.5186654933333333
102,944,Y,155429912,0.5180997066666667
96,903,Y,155388416,0.5179613866666667
82,784,Y,154774592,0.5159153066666666
922,99,Y,154676024,0.5155867466666667
36,421,Y,154041104,0.5134703466666666
869,92,Y,153793048,0.5126434933333334
67,670,Y,153732952,0.5124431733333333
72,704,Y,153605776,0.5120192533333333
18,272,Y,152860880,0.5095362666666666
3,56,N,152012432,0.5067081066666667
582,56,Y,151675048,0.5055834933333334
667,67,Y,150551720,0.5018390666666667
1105,122,Y,149663280,0.49887760000000003
54,560,Y,148096144,0.4936538133333333
1112,123,Y,147977880,0.4932596
107,991,Y,147350920,0.49116973333333336
121,1098,Y,147001328,0.4900044266666666
350,27,Y,146862936,0.48954311999999994
122,1109,Y,146700904,0.4890030133333333
1027,112,Y,146683784,0.4889459466666667
885,94,Y,146663680,0.4888789333333333
1087,119,Y,146638808,0.48879602666666666
629,62,Y,146019928,0.4867330933333333
214,10,Y,145479288,0.48493095999999997
35,410,Y,144443488,0.48147829333333336
94,881,Y,143518784,0.4783959466666667
66,663,Y,143502088,0.47834029333333333
84,804,Y,142729952,0.47576650666666664
249,15,Y,142641736,0.4754724533333333
113,89,N,142413232,0.4747107733333334
87,831,Y,142095408,0.47365135999999997
68,676,Y,141915312,0.47305104000000003
126,1143,Y,141649056,0.47216352
399,33,Y,141289736,0.4709657866666666
118,29,N,141024784,0.4700826133333333
220,11,Y,139272496,0.46424165333333334
999,108,Y,138663368,0.46221122666666664
95,895,Y,138322416,0.46107472
776,81,Y,137922424,0.45974141333333335
90,849,Y,137176280,0.4572542666666667
89,845,Y,137041648,0.45680549333333337
86,820,Y,136589664,0.45529888
188,7,Y,135091240,0.45030413333333336
680,69,Y,134723400,0.449078
121,1099,Y,134582488,0.4486082933333333
10,211,Y,134467440,0.44822480000000003
202,9,Y,134400432,0.44800144000000003
160,4,Y,134196496,0.44732165333333335
181,6,Y,134169088,0.44723029333333336
120,1088,Y,134167144,0.4472238133333333
51,542,Y,132453480,0.4415116
109,1000,Y,132183256,0.4406108533333333
33,392,Y,130994272,0.4366475733333333
402,34,Y,129812968,0.4327098933333333
745,77,Y,129533384,0.4317779466666667
700,71,Y,129052080,0.43017359999999993
58,599,Y,128420760,0.4280692
823,86,Y,128357656,0.4278588533333333
93,877,Y,127858944,0.42619648000000004
110,1012,Y,127165160,0.4238838666666666
965,104,Y,127015488,0.42338496
662,66,Y,126628000,0.4220933333333334
252,15,Y,126574424,0.4219147466666667
50,533,Y,126311952,0.42103984
616,61,Y,126285336,0.42095112
691,70,Y,126144200,0.42048066666666667
108,996,Y,126140128,0.4204670933333333
30,373,Y,125615824,0.4187194133333333
996,108,Y,125372584,0.41790861333333335
31,380,Y,124396016,0.4146533866666666
799,83,Y,124387008,0.41462336
102,949,Y,124129192,0.41376397333333337
675,68,Y,124071000,0.41357
50,532,Y,123668680,0.4122289333333333
453,40,Y,123546488,0.4118216266666666
42,465,Y,123405464,0.4113515466666667
1,136,Y,122903736,0.40967912
115,1049,Y,121296152,0.40432050666666663
532,50,Y,121134048,0.40378016
2,151,Y,120412272,0.40137424
4,161,Y,119376176,0.3979205866666667
117,1070,Y,119242136,0.3974737866666666
325,24,Y,119169464,0.39723154666666666
943,101,Y,118967152,0.39655717333333335
13,238,Y,118127184,0.39375728
138,1,Y,117677496,0.39225832000000005
1018,111,Y,117438832,0.39146277333333335
889,95,Y,117383792,0.39127930666666666
460,41,Y,116586560,0.38862186666666665
64,646,Y,115994416,0.38664805333333335
592,58,Y,115513400,0.3850446666666667
1149,127,Y,115315088,0.3843836266666667
414,35,Y,115117032,0.38372343999999997
19,286,Y,115020000,0.3834
70,690,Y,114953576,0.38317858666666665
80,774,Y,114694880,0.3823162666666666
41,462,Y,114580760,0.3819358666666667
46,499,Y,114428504,0.38142834666666664
937,101,Y,114220720,0.3807357333333333
165,4,Y,114208976,0.38069658666666667
419,36,Y,114072240,0.38024080000000005
624,62,Y,113459336,0.37819778666666665
1006,109,Y,113365976,0.37788658666666664
96,898,Y,112724896,0.3757496533333333
1038,113,Y,112671072,0.37557024
992,108,Y,112100072,0.3736669066666667
41,459,Y,110952128,0.36984042666666667
946,102,Y,110661168,0.36887055999999996
11,216,Y,110417792,0.3680593066666667
117,1071,Y,110178720,0.36726240000000004
335,25,Y,110053832,0.36684610666666667
1136,126,Y,110020784,0.36673594666666665
7,187,Y,109851832,0.3661727733333333
113,1034,Y,109727200,0.3657573333333333
474,43,Y,109137040,0.3637901333333333
785,82,Y,108737400,0.362458
1045,114,Y,108056824,0.3601894133333334
74,726,Y,107974752,0.35991584
25,328,Y,107790016,0.35930005333333337
20,290,Y,107703288,0.35901096
405,34,Y,107649392,0.3588313066666667
30,372,Y,107610304,0.3587010133333333
1049,115,Y,107309352,0.35769784
883,94,Y,107107384,0.35702461333333335
107,988,Y,107043904,0.3568130133333333
1042,114,Y,106930936,0.35643645333333335
483,44,Y,106927472,0.35642490666666665
121,1100,Y,106503608,0.35501202666666665
699,71,Y,106413952,0.35471317333333335
1058,116,Y,106353520,0.3545117333333333
1041,114,Y,106198248,0.35399416
70,692,Y,106046120,0.3534870666666667
1059,116,Y,106001400,0.353338
92,870,Y,105657952,0.35219317333333333
22,304,Y,105036240,0.3501208
458,41,Y,104483984,0.3482799466666667
48,516,Y,104442640,0.3481421333333333
38,434,Y,104138896,0.34712965333333334
18,278,Y,104048496,0.34682832
1094,120,Y,103670704,0.34556901333333334
113,1037,Y,103603984,0.34534661333333333
504,47,Y,103597784,0.34532594666666666
114,1046,Y,103486280,0.3449542666666667
1148,127,Y,103253856,0.34417952
123,1114,Y,103193608,0.3439786933333333
1091,120,Y,102717248,0.3423908266666667
754,78,Y,102362952,0.34120984
43,472,Y,102348816,0.34116272000000003
72,709,Y,101870312,0.3395677066666667
17,268,Y,101694216,0.33898072
781,81,Y,101663920,0.3388797333333333
254,15,Y,101456008,0.33818669333333334
92,867,Y,101334920,0.3377830666666667
96,899,Y,101216360,0.33738786666666665
775,80,Y,101177688,0.33725896
479,43,Y,100995840,0.33665280000000003
389,32,Y,100816232,0.3360541066666667
955,103,Y,100632152,0.33544050666666664
123,1117,Y,99882640,0.33294213333333333
127,1144,Y,99807576,0.33269192
109,1005,Y,99757520,0.3325250666666667
48,514,Y,99519248,0.3317308266666667
752,78,Y,99182120,0.33060706666666667
106,977,Y,98909880,0.3296996
743,76,Y,98885136,0.32961712000000004
104,960,Y,98665720,0.3288857333333333
123,1118,Y,98646912,0.32882304
386,32,Y,98601520,0.3286717333333333
120,1091,Y,98370248,0.32790082666666664
127,1147,Y,98085608,0.3269520266666667
1020,111,Y,97697136,0.32565711999999997
71,701,Y,97392240,0.3246408
75,732,Y,97142224,0.3238074133333333
531,50,Y,97142208,0.32380736
49,527,Y,97110896,0.32370298666666664
451,40,Y,96650984,0.3221699466666667
763,79,Y,96619408,0.3220646933333334
19,287,Y,96516040,0.3217201333333333
37,431,Y,96490984,0.3216366133333334
111,1023,Y,96484672,0.32161557333333335
100,935,Y,96281144,0.3209371466666667
741,76,Y,96162296,0.32054098666666664
442,39,Y,96095328,0.32031776
152,3,Y,96046296,0.32015432
40,454,Y,95835728,0.3194524266666667
115,1054,Y,95524472,0.31841490666666666
69,680,Y,95493817,0.3183127233333333
857,91,Y,95376312,0.31792104
31,382,Y,95067552,0.31689184
475,43,Y,94991824,0.31663941333333334
116,1060,Y,94919328,0.31639776
109,1004,Y,94828872,0.31609624
288,20,Y,94817176,0.31605725333333334
106,978,Y,94745728,0.31581909333333336
848,90,Y,94288016,0.3142933866666667
98,918,Y,93958784,0.31319594666666667
111,1016,Y,93779568,0.31259856
15,251,Y,93735632,0.3124521066666667
27,347,Y,93395864,0.31131954666666667
782,81,Y,93366720,0.31122239999999995
44,481,Y,93360608,0.3112020266666667
216,11,Y,93248176,0.31082725333333333
501,46,Y,92957296,0.3098576533333333
566,54,Y,92762128,0.30920709333333335
571,55,Y,92532328,0.30844109333333336
410,35,Y,92467872,0.30822624
119,1086,Y,92308200,0.30769399999999997
578,56,Y,92280176,0.3076005866666667
256,16,Y,92261744,0.30753914666666665
859,91,Y,92084360,0.3069478666666667
1001,109,Y,91914960,0.30638319999999997
338,26,Y,91880744,0.3062691466666667
22,306,Y,91839464,0.30613154666666664
456,41,Y,91835760,0.3061192
997,108,Y,91698152,0.30566050666666666
73,719,Y,91598160,0.3053272
5,175,Y,91453864,0.30484621333333334
122,1108,Y,91377464,0.30459154666666666
391,32,Y,91345736,0.30448578666666665
470,42,Y,91256184,0.30418728
1021,111,Y,91124496,0.30374832
314,23,Y,91100440,0.30366813333333337
1025,112,Y,91014504,0.30338168000000004
55,575,Y,90813456,0.30271152
87,825,Y,90670216,0.3022340533333333
23,319,Y,90563224,0.30187741333333334
879,93,Y,90429616,0.30143205333333334
760,79,Y,90404832,0.30134943999999997
672,68,Y,90179744,0.30059914666666665
72,705,Y,90128352,0.30042784
97,911,Y,89983648,0.2999454933333333
878,93,Y,89848808,0.2994960266666667
1,137,Y,89830296,0.29943432000000003
155,3,Y,89804088,0.29934696
10,213,Y,89631160,0.29877053333333337
100,929,Y,89620096,0.29873365333333335
66,658,Y,89552936,0.29850978666666667
0,131,Y,89358384,0.29786128
614,60,Y,89341928,0.2978064266666666
16,257,Y,88677896,0.29559298666666667
81,777,Y,88644432,0.29548144000000004
127,1151,Y,88437232,0.2947907733333333
59,606,Y,88342832,0.2944761066666667
62,625,Y,88249984,0.2941666133333333
24,326,Y,88157656,0.29385885333333334
112,1026,Y,88099072,0.2936635733333333
377,31,Y,88055768,0.2935192266666667
112,1025,Y,87843032,0.2928101066666667
24,321,Y,87730464,0.29243488
54,563,Y,87676360,0.29225453333333334
920,99,Y,87627736,0.29209245333333334
112,1030,Y,87586888,0.29195629333333334
678,68,Y,87521960,0.2917398666666667
90,854,Y,87345008,0.2911500266666667
1004,109,Y,87268968,0.29089656
480,44,Y,87181856,0.29060618666666665
8,197,Y,87069336,0.29023112
277,18,Y,86859224,0.28953074666666667
84,801,Y,86856088,0.28952029333333335
82,785,Y,86749552,0.2891651733333333
120,1094,Y,86415104,0.2880503466666667
5,171,Y,86255688,0.28751896
117,1068,Y,86204560,0.2873485333333333
123,1116,Y,85997368,0.2866578933333333
114,1044,Y,85863464,0.2862115466666667
1068,117,Y,85781432,0.2859381066666667
0,128,Y,85730400,0.285768
794,83,Y,85572272,0.2852409066666667
77,749,Y,85510712,0.28503570666666667
59,600,Y,85422480,0.28474160000000004
466,42,Y,85375512,0.28458504
900,96,Y,85283384,0.28427794666666667
498,46,Y,85269792,0.28423264000000004
114,1040,Y,85157984,0.28385994666666664
80,769,Y,85062296,0.28354098666666666
774,80,Y,84982488,0.28327496
117,1066,Y,84959128,0.2831970933333333
163,4,Y,84778488,0.28259496
841,89,Y,84762248,0.2825408266666667
124,1123,Y,84652824,0.28217608
968,105,Y,84353768,0.28117922666666667
441,39,Y,84238192,0.28079397333333334
711,72,Y,84171280,0.2805709333333333
1,143,Y,84095496,0.28031832
993,108,Y,84065168,0.28021722666666665
769,80,Y,83941760,0.2798058666666667
550,52,Y,83823080,0.2794102666666667
638,63,Y,83751608,0.2791720266666667
107,989,Y,83578016,0.27859338666666666
54,567,Y,83571984,0.27857328
37,425,Y,83566608,0.27855536
824,87,Y,83314064,0.27771354666666664
394,33,Y,83252488,0.2775082933333333
186,7,Y,83189984,0.2772999466666667
132,0,Y,83069504,0.2768983466666667
407,34,Y,83050256,0.27683418666666665
874,93,Y,83032040,0.2767734666666667
258,16,Y,82976912,0.27658970666666666
800,84,Y,82924928,0.27641642666666666
124,1122,Y,82855285,0.27618428333333334
484,44,Y,82787272,0.2759575733333334
141,1,Y,82725368,0.2757512266666667
1117,123,Y,82620176,0.27540058666666667
832,88,Y,82614696,0.27538232
319,23,Y,82610944,0.2753698133333333
40,451,Y,82443808,0.27481269333333336
116,1059,Y,82418920,0.27472973333333334
51,541,Y,82385024,0.27461674666666663
112,1029,Y,82361160,0.2745372
61,622,Y,82340408,0.2744680266666667
45,494,Y,82310032,0.2743667733333333
6,181,Y,82301784,0.27433928
81,782,Y,82282200,0.274274
56,582,Y,82247744,0.27415914666666663
810,85,Y,82207248,0.27402415999999996
633,63,Y,82141104,0.27380368
271,17,Y,82100536,0.27366845333333334
69,686,Y,82044816,0.27348272
1143,126,Y,81995432,0.27331810666666667
41,460,Y,81865352,0.2728845066666667
270,17,Y,81620088,0.27206696
643,64,Y,81333696,0.27111231999999996
607,59,Y,81204936,0.27068312
99,927,Y,81022216,0.27007405333333334
192,8,Y,80999304,0.26999768
921,99,Y,80754664,0.26918221333333336
1074,118,Y,80733064,0.26911021333333335
183,6,Y,80566088,0.26855362666666666
17,264,Y,80502192,0.26834063999999996
665,67,Y,80479472,0.26826490666666664
75,734,Y,80287672,0.26762557333333337
72,707,Y,80246192,0.26748730666666665
1,139,Y,80178056,0.2672601866666667
71,697,Y,80058008,0.2668600266666667
46,500,Y,80006024,0.26668674666666664
5,168,Y,79947968,0.2664932266666667
100,930,Y,79932664,0.2664422133333333
78,759,Y,79901832,0.26633944
45,491,Y,79557456,0.26519152
1093,120,Y,79511528,0.26503842666666666
77,744,Y,79506224,0.26502074666666664
298,21,Y,79495496,0.26498498666666664
21,296,Y,79419936,0.26473312
48,518,Y,79378256,0.2645941866666667
365,29,Y,79241264,0.26413754666666667
3,158,Y,79208624,0.26402874666666665
241,14,Y,79207808,0.2640260266666667
307,22,Y,79190680,0.2639689333333333
1071,117,Y,79146576,0.26382192
77,745,Y,79000792,0.26333597333333336
76,742,Y,78984600,0.263282
84,805,Y,78907152,0.26302384
51,539,Y,78867408,0.26289135999999996
87,826,Y,78840680,0.2628022666666667
123,1112,Y,78814368,0.26271456000000004
73,716,Y,78757384,0.2625246133333333
119,1087,Y,78671640,0.2622388
454,40,Y,78531016,0.26177005333333336
111,1020,Y,78485296,0.2616176533333333
108,992,Y,78457952,0.26152650666666666
280,19,Y,78447704,0.26149234666666665
85,808,Y,78117728,0.2603924266666667
553,53,Y,78069672,0.26023224
681,69,Y,77989496,0.2599649866666667
321,24,Y,77950736,0.2598357866666667
41,456,Y,77886184,0.2596206133333333
312,23,Y,77839184,0.25946394666666667
1081,119,Y,77813976,0.25937992
83,798,Y,77655264,0.25885088
247,14,Y,77616248,0.2587208266666667
13,234,Y,77562808,0.25854269333333335
1096,121,Y,77552696,0.25850898666666666
116,1057,Y,77526816,0.25842272
18,279,Y,77509704,0.25836568
378,31,Y,77457704,0.25819234666666663
125,1133,Y,77396472,0.25798824
39,445,Y,77136664,0.25712221333333335
6,183,Y,77046816,0.25682272
32,385,Y,77021616,0.25673872
1,140,Y,76989496,0.2566316533333333
697,71,Y,76841800,0.25613933333333333
102,950,Y,76826336,0.2560877866666667
63,638,Y,76768752,0.25589584000000004
32,388,Y,76604056,0.25534685333333335
1002,109,Y,76580368,0.25526789333333333
13,239,Y,76519072,0.2550635733333333
107,986,Y,76511736,0.25503912
685,69,Y,76509048,0.25503016
1080,119,Y,76475728,0.2549190933333333
646,64,Y,76453280,0.25484426666666665
67,664,Y,76378576,0.2545952533333333
773,80,Y,76315384,0.25438461333333334
9,207,Y,76297304,0.2543243466666667
348,27,Y,75995040,0.2533168
281,19,Y,75887768,0.2529592266666667
120,1090,Y,75711184,0.2523706133333333
1130,125,Y,75675000,0.25225
17,267,Y,75565112,0.2518837066666667
737,76,Y,75542264,0.25180754666666666
847,89,Y,75536000,0.2517866666666667
452,40,Y,75524099,0.25174699666666667
47,507,Y,75522128,0.2517404266666667
34,400,Y,75512992,0.25170997333333334
103,953,Y,75495936,0.25165312
38,438,Y,75384608,0.25128202666666666
404,34,Y,75365624,0.25121874666666666
936,101,Y,75357264,0.25119088
101,942,Y,75274384,0.2509146133333333
790,82,Y,75254720,0.2508490666666667
122,1111,Y,75202192,0.25067397333333336
1060,116,Y,75120768,0.25040256
57,591,Y,75116560,0.25038853333333333
20,295,Y,75006792,0.25002264
1061,116,Y,75000160,0.25000053333333333
435,38,Y,74979312,0.24993104
78,758,Y,74938056,0.24979352
898,96,Y,74936888,0.24978962666666665
79,767,Y,74918128,0.24972709333333332
75,728,Y,74879624,0.24959874666666665
963,104,Y,74864272,0.24954757333333333
89,843,Y,74744600,0.24914866666666666
796,83,Y,74704208,0.24901402666666667
7,185,Y,74687136,0.24895712
224,12,Y,74650016,0.24883338666666666
65,652,Y,74634080,0.24878026666666667
792,83,Y,74520120,0.24840040000000002
101,940,Y,74511936,0.24837312
226,12,Y,74485960,0.24828653333333334
104,962,Y,74453920,0.24817973333333332
336,26,Y,74417320,0.24805773333333334
978,106,Y,74379208,0.24793069333333334
851,90,Y,74344984,0.24781661333333335
499,46,Y,74273864,0.24757954666666665
552,53,Y,74239856,0.24746618666666667
79,760,Y,74179336,0.24726445333333333
68,675,Y,74159776,0.24719925333333334
473,43,Y,73992264,0.24664088
13,235,Y,73974144,0.24658048000000002
626,62,Y,73879000,0.24626333333333333
44,486,Y,73825240,0.24608413333333332
211,10,Y,73777336,0.24592445333333335
48,512,Y,73745528,0.24581842666666665
308,22,Y,73736792,0.24578930666666665
806,84,Y,73719016,0.2457300533333333
83,796,Y,73685304,0.24561767999999998
706,72,Y,73582816,0.24527605333333333
306,22,Y,73541080,0.24513693333333333
6,176,Y,73491456,0.24497152
278,18,Y,73430464,0.24476821333333332
8,198,Y,73391200,0.24463733333333335
630,62,Y,73351296,0.24450432
13,237,Y,73221488,0.24407162666666665
1012,110,Y,73118368,0.24372789333333336
980,106,Y,73026568,0.24342189333333336
59,602,Y,72945800,0.24315266666666666
902,96,Y,72931992,0.24310664
205,9,Y,72822664,0.24274221333333335
82,790,Y,72756672,0.24252224
430,37,Y,72633024,0.24211008
6,179,Y,72586704,0.24195568
821,86,Y,72530568,0.24176856
941,101,Y,72472304,0.2415743466666667
191,7,Y,72395264,0.24131754666666666
305,22,Y,72389824,0.24129941333333335
231,12,Y,72370208,0.24123402666666668
2,150,Y,72359288,0.24119762666666666
868,92,Y,72027672,0.24009223999999998
58,593,Y,72012432,0.24004144000000002
812,85,Y,71896112,0.2396537066666667
397,33,Y,71859016,0.23953005333333333
96,896,Y,71822832,0.23940944
882,94,Y,71682144,0.23894048
45,489,Y,71653760,0.23884586666666668
92,871,Y,71621064,0.23873687999999998
49,526,Y,71581096,0.23860365333333333
1031,112,Y,71574896,0.23858298666666666
718,73,Y,71425840,0.23808613333333334
42,470,Y,71406368,0.23802122666666667
663,66,Y,71406176,0.23802058666666667
0,132,Y,71398456,0.23799485333333334
49,523,Y,71394488,0.23798162666666664
177,6,Y,71392000,0.23797333333333334
684,69,Y,71381576,0.23793858666666667
58,592,Y,71341496,0.23780498666666666
54,565,Y,71335872,0.23778623999999998
112,1024,Y,71244216,0.23748072
8,193,Y,71241184,0.23747061333333333
817,86,Y,71239216,0.2374640533333333
512,48,Y,71178024,0.23726008
59,604,Y,71163432,0.23721144
384,32,Y,71037608,0.23679202666666666
14,243,Y,70970528,0.23656842666666664
610,60,Y,70954784,0.23651594666666667
856,91,Y,70906160,0.2363538666666667
46,496,Y,70847448,0.23615816
52,551,Y,70806512,0.23602170666666666
29,360,Y,70786528,0.2359550933333333
487,44,Y,70776600,0.235922
136,1,Y,70710632,0.23570210666666666
39,443,Y,70706456,0.23568818666666666
72,711,Y,70648736,0.23549578666666668
148,2,Y,70629992,0.23543330666666668
49,525,Y,70614968,0.23538322666666667
193,8,Y,70607008,0.23535669333333334
71,696,Y,70602368,0.23534122666666665
3,152,Y,70524760,0.23508253333333332
105,968,Y,70523360,0.23507786666666666
1146,127,Y,70486296,0.23495432
816,86,Y,70482440,0.23494146666666665
493,45,Y,70475368,0.23491789333333332
34,407,Y,70471936,0.23490645333333332
55,569,Y,70470392,0.23490130666666667
28,358,Y,70459760,0.23486586666666667
509,47,Y,70458608,0.23486202666666667
238,13,Y,70458024,0.23486008
811,85,Y,70415984,0.23471994666666665
424,37,Y,70393616,0.23464538666666665
41,461,Y,70385824,0.23461941333333333
915,98,Y,70377472,0.23459157333333333
5,169,Y,70307256,0.23435752
577,56,Y,70302224,0.23434074666666668
58,598,Y,70250920,0.23416973333333335
355,28,Y,70245704,0.23415234666666665
299,21,Y,70215696,0.23405231999999998
45,490,Y,70171504,0.23390501333333333
870,92,Y,70163704,0.23387901333333333
282,19,Y,70136417,0.2337880566666667
893,95,Y,70117632,0.23372544
88,833,Y,70079064,0.23359688
239,13,Y,70051584,0.23350528
65,653,Y,70037215,0.23345738333333332
53,557,Y,69933592,0.23311197333333333
70,694,Y,69840216,0.23280072000000002
1082,119,Y,69769552,0.23256517333333335
574,55,Y,69725488,0.23241829333333336
1024,112,Y,69725128,0.23241709333333332
369,30,Y,69647704,0.23215901333333333
68,678,Y,69526400,0.23175466666666666
97,909,Y,69510528,0.23170176
886,94,Y,69453848,0.23151282666666667
1121,124,Y,69414168,0.23138056
79,763,Y,69413184,0.23137728
161,4,Y,69399384,0.23133128
76,736,Y,69398168,0.23132722666666666
38,435,Y,69386192,0.23128730666666666
19,284,Y,69318808,0.23106269333333335
126,1140,Y,69317520,0.2310584
58,594,Y,69208736,0.23069578666666665
12,225,Y,69160672,0.23053557333333335
46,497,Y,69144656,0.23048218666666667
122,1107,Y,69088824,0.23029608000000001
831,87,Y,69036440,0.23012146666666666
930,100,Y,69002400,0.230008
20,288,Y,68945744,0.22981914666666664
144,2,Y,68940448,0.22980149333333336
549,52,Y,68904256,0.22968085333333332
29,366,Y,68878680,0.2295956
85,811,Y,68857992,0.22952664
989,107,Y,68847992,0.22949330666666667
751,77,Y,68840144,0.22946714666666665
599,58,Y,68796256,0.22932085333333332
15,254,Y,68745952,0.22915317333333332
609,60,Y,68712200,0.22904066666666667
864,92,Y,68711160,0.22903720000000002
121,1097,Y,68599056,0.22866352
887,94,Y,68582624,0.22860874666666667
63,634,Y,68546720,0.22848906666666666
93,873,Y,68443376,0.22814458666666668
78,753,Y,68420784,0.22806927999999999
215,10,Y,68363384,0.22787794666666666
279,18,Y,68360024,0.22786674666666665
589,57,Y,68339536,0.22779845333333335
112,1031,Y,68329296,0.22776432
74,725,Y,68320912,0.22773637333333335
716,73,Y,68283160,0.2276105333333333
436,38,Y,68241760,0.2274725333333333
114,1045,Y,68224216,0.2274140533333333
1111,122,Y,68179488,0.22726496000000002
600,59,Y,68128008,0.22709336
780,81,Y,68104216,0.22701405333333333
213,10,Y,68045248,0.22681749333333334
661,66,Y,68006800,0.22668933333333335
122,1110,Y,67999776,0.22666592
118,1074,Y,67963840,0.22654613333333334
35,414,Y,67956840,0.22652280000000002
679,68,Y,67954152,0.22651384
472,43,Y,67952968,0.22650989333333335
243,14,Y,67932480,0.2264416
880,94,Y,67781096,0.22593698666666667
23,318,Y,67763744,0.22587914666666667
2,148,Y,67719896,0.22573298666666666
79,761,Y,67648872,0.22549624
572,55,Y,67639576,0.22546525333333334
505,47,Y,67632048,0.22544015999999997
686,69,Y,67606488,0.22535496
42,471,Y,67598184,0.22532728
99,926,Y,67586816,0.22528938666666665
56,583,Y,67505904,0.22501968000000003
54,562,Y,67503480,0.22501159999999998
16,259,Y,67464408,0.22488135999999997
3,155,Y,67438776,0.22479591999999998
753,78,Y,67430360,0.22476786666666668
25,329,Y,67406888,0.22468962666666667
125,1132,Y,67380584,0.2246019466666667
182,6,Y,67270712,0.22423570666666665
903,96,Y,67259696,0.22419898666666666
639,63,Y,67231840,0.22410613333333335
840,89,Y,67219360,0.22406453333333334
496,46,Y,67211656,0.22403885333333334
237,13,Y,67114544,0.2237151466666667
1098,121,Y,67072872,0.22357624
53,559,Y,67005824,0.22335274666666666
1124,124,Y,66996008,0.22332002666666664
334,25,Y,66979840,0.22326613333333334
966,104,Y,66968736,0.22322912
125,1135,Y,66956064,0.22318688
20,289,Y,66946976,0.22315658666666668
90,850,Y,66858784,0.22286261333333332
506,47,Y,66858344,0.22286114666666668
210,10,Y,66797120,0.22265706666666665
291,20,Y,66786184,0.22262061333333333
48,513,Y,66764896,0.22254965333333332
32,391,Y,66747088,0.22249029333333334
55,568,Y,66727392,0.22242464
894,95,Y,66693568,0.22231189333333334
641,64,Y,66689208,0.22229735999999997
74,724,Y,66576056,0.22192018666666666
22,310,Y,66470696,0.22156898666666666
500,46,Y,66424608,0.22141536
285,19,Y,66416256,0.22138752000000003
443,39,Y,66366504,0.22122168000000003
713,73,Y,66298480,0.22099493333333334
838,88,Y,66288416,0.22096138666666668
127,1150,Y,66189952,0.22063317333333335
654,65,Y,66152200,0.22050733333333333
570,55,Y,66102040,0.22034013333333333
37,427,Y,66051728,0.22017242666666664
29,365,Y,66047272,0.22015757333333333
31,378,Y,66031984,0.22010661333333334
115,1052,Y,65977264,0.2199242133333333
78,755,Y,65891472,0.21963823999999998
1050,115,Y,65811528,0.21937176000000003
80,770,Y,65753216,0.21917738666666664
283,19,Y,65653456,0.2188448533333333
850,90,Y,65620192,0.21873397333333333
34,406,Y,65567480,0.21855826666666664
715,73,Y,65513848,0.21837949333333334
304,22,Y,65509312,0.2183643733333333
61,620,Y,65503008,0.21834336000000001
126,1137,Y,65483984,0.21827994666666667
84,800,Y,65448080,0.21816026666666666
50,535,Y,65447912,0.21815970666666665
93,872,Y,65421408,0.21807136000000002
839,88,Y,65412224,0.21804074666666667
1086,119,Y,65370552,0.21790184
51,540,Y,65274320,0.21758106666666666
349,27,Y,65177808,0.21725936
318,23,Y,65173192,0.21724397333333334
317,23,Y,65148976,0.21716325333333333
688,70,Y,65085184,0.21695061333333335
39,440,Y,65078152,0.21692717333333333
5,170,Y,65057728,0.21685909333333336
179,6,Y,64850448,0.21616816000000003
52,544,Y,64848504,0.21616168000000002
54,564,Y,64815360,0.2160512
19,281,Y,64812432,0.21604144
2,147,Y,64803144,0.21601048000000003
382,31,Y,64797664,0.21599221333333335
42,467,Y,64790560,0.21596853333333332
78,754,Y,64771352,0.21590450666666666
96,902,Y,64731264,0.21577088000000003
690,70,Y,64719808,0.2157326933333333
109,1003,Y,64718584,0.21572861333333335
89,840,Y,64710224,0.21570074666666667
17,265,Y,64706832,0.21568944
425,37,Y,64529616,0.21509872000000002
53,555,Y,64432560,0.21477520000000003
105,972,Y,64411008,0.21470335999999998
953,103,Y,64397088,0.21465695999999998
20,293,Y,64383664,0.21461221333333333
1116,123,Y,64382144,0.21460714666666664
15,250,Y,64361080,0.21453693333333335
91,859,Y,64318960,0.21439653333333333
1123,124,Y,64297592,0.21432530666666666
884,94,Y,64287824,0.2142927466666667
1133,125,Y,64256696,0.21418898666666664
106,976,Y,64256472,0.21418824
151,2,Y,64248136,0.21416045333333333
75,731,Y,64215400,0.21405133333333332
24,324,Y,64155688,0.21385229333333333
93,878,Y,64153384,0.21384461333333335
115,1053,Y,64131472,0.21377157333333335
14,241,Y,64116368,0.21372122666666665
11,220,Y,64099328,0.21366442666666666
113,1032,Y,64054800,0.213516
1097,121,Y,63953440,0.21317813333333333
45,488,Y,63944488,0.21314829333333335
44,485,Y,63902704,0.21300901333333333
21,298,Y,63874128,0.21291375999999998
244,14,Y,63833800,0.21277933333333335
771,80,Y,63801752,0.21267250666666668
23,312,Y,63788968,0.21262989333333335
736,76,Y,63766608,0.21255535999999997
76,737,Y,63761248,0.21253749333333335
80,775,Y,63704744,0.21234914666666665
52,547,Y,63694968,0.21231656
729,75,Y,63692600,0.21230866666666665
30,375,Y,63623680,0.21207893333333333
1043,114,Y,63539432,0.21179810666666665
55,570,Y,63469056,0.21156351999999998
1125,124,Y,63464528,0.21154842666666665
597,58,Y,63461176,0.2115372533333333
303,21,Y,63418552,0.21139517333333335
134,0,Y,63393928,0.21131309333333334
76,739,Y,63350728,0.2111690933333333
313,23,Y,63335872,0.21111957333333334
68,674,Y,63334304,0.21111434666666665
562,54,Y,63324192,0.21108063999999999
43,474,Y,63303608,0.21101202666666666
731,75,Y,63223744,0.21074581333333336
107,985,Y,63191648,0.21063882666666664
536,51,Y,63091128,0.21030376
421,36,Y,63059432,0.21019810666666666
345,27,Y,63057312,0.21019104
124,1125,Y,63053680,0.21017893333333335
95,888,Y,63047312,0.2101577066666667
208,10,Y,62971920,0.2099064
73,713,Y,62968160,0.20989386666666665
533,50,Y,62923744,0.20974581333333334
732,75,Y,62917200,0.20972400000000002
703,71,Y,62913416,0.20971138666666667
74,727,Y,62904856,0.20968285333333334
69,684,Y,62862000,0.20953999999999998
1137,126,Y,62860576,0.2095352533333333
106,983,Y,62810376,0.20936791999999999
40,448,Y,62665032,0.20888344
143,1,Y,62654176,0.20884725333333332
895,95,Y,62617872,0.20872624
1110,122,Y,62616056,0.20872018666666667
103,957,Y,62602616,0.20867538666666666
26,342,Y,62546496,0.20848832
755,78,Y,62522552,0.2084085066666667
457,41,Y,62522160,0.20840720000000001
77,748,Y,62520768,0.20840256
92,866,Y,62508176,0.20836058666666665
250,15,Y,62503352,0.20834450666666668
38,432,Y,62419768,0.20806589333333333
20,292,Y,62411984,0.20803994666666667
40,450,Y,62367552,0.20789184
32,390,Y,62327008,0.20775669333333333
1066,117,Y,62305832,0.20768610666666668
126,1142,Y,62267984,0.20755994666666666
200,9,Y,62248376,0.20749458666666667
108,994,Y,62225200,0.20741733333333334
261,16,Y,62175928,0.20725309333333333
176,6,Y,62164992,0.20721664
361,29,Y,62104608,0.20701536
15,255,Y,62076256,0.20692085333333332
218,11,Y,62070528,0.20690176
722,74,Y,62046944,0.20682314666666665
101,939,Y,61977336,0.20659112000000002
797,83,Y,61968192,0.20656064
1076,118,Y,61902592,0.20634197333333332
544,52,Y,61824824,0.20608274666666665
1057,116,Y,61779576,0.20593192000000002
1054,115,Y,61748432,0.20582810666666665
849,90,Y,61734560,0.20578186666666667
110,1010,Y,61731080,0.20577026666666665
90,852,Y,61693544,0.20564514666666667
58,597,Y,61689448,0.20563149333333333
310,22,Y,61662064,0.20554021333333336
631,62,Y,61661469,0.20553823
875,93,Y,61609992,0.20536664000000002
1108,122,Y,61579080,0.2052636
687,69,Y,61553320,0.20517773333333333
564,54,Y,61504240,0.20501413333333332
114,1043,Y,61482784,0.20494261333333336
16,260,Y,61465064,0.2048835466666667
118,1073,Y,61463984,0.20487994666666667
949,102,Y,61445360,0.20481786666666665
127,1149,Y,61432240,0.20477413333333333
51,543,Y,61427376,0.20475791999999998
385,32,Y,61423024,0.20474341333333335
109,1007,Y,61412648,0.20470882666666665
1028,112,Y,61409040,0.2046968
556,53,Y,61408696,0.2046956533333333
459,41,Y,61370560,0.20456853333333333
102,951,Y,61350120,0.2045004
108,993,Y,61300568,0.20433522666666667
60,609,Y,61264496,0.20421498666666668
852,90,Y,61252664,0.20417554666666668
495,45,Y,61227952,0.20409317333333335
187,7,Y,61220312,0.20406770666666668
105,974,Y,61209672,0.20403224
37,430,Y,61198312,0.20399437333333334
916,98,Y,61152472,0.20384157333333333
38,433,Y,61149192,0.20383063999999998
793,83,Y,61148520,0.2038284
172,5,Y,61106512,0.20368837333333334
62,624,Y,61069816,0.2035660533333333
53,553,Y,60983200,0.20327733333333334
30,370,Y,60952432,0.20317477333333334
87,824,Y,60920544,0.20306848
723,74,Y,60902392,0.20300797333333334
42,468,Y,60891472,0.20297157333333335
10,214,Y,60865296,0.20288431999999998
777,81,Y,60816016,0.20272005333333334
125,1130,Y,60777216,0.20259072
60,613,Y,60734664,0.20244888
83,794,Y,60720704,0.20240234666666665
38,437,Y,60660672,0.20220224000000003
272,18,Y,60642080,0.20214026666666665
173,5,Y,60633248,0.2021108266666667
749,77,Y,60606088,0.20202029333333335
819,86,Y,60597152,0.20199050666666668
1000,109,Y,60560584,0.20186861333333336
39,442,Y,60555536,0.2018517866666667
67,669,Y,60548544,0.20182847999999998
88,838,Y,60537144,0.20179048
648,65,Y,60521456,0.20173818666666668
1011,110,Y,60485032,0.20161677333333333
86,817,Y,60484784,0.20161594666666666
297,21,Y,60470928,0.20156976000000001
4,165,Y,60467440,0.20155813333333333
320,24,Y,60455728,0.20151909333333334
96,900,Y,60426112,0.20142037333333332
111,1017,Y,60402560,0.20134186666666667
222,11,Y,60392680,0.20130893333333333
227,12,Y,60308584,0.20102861333333336
595,58,Y,60299232,0.20099744
625,62,Y,60233312,0.20077770666666667
516,48,Y,60207760,0.20069253333333334
29,367,Y,60192616,0.20064205333333332
434,38,Y,60191856,0.20063952
357,28,Y,60081104,0.20027034666666665
110,1008,Y,60069504,0.20023168
246,14,Y,60069368,0.20023122666666665
537,51,Y,60062800,0.20020933333333335
68,677,Y,60044392,0.20014797333333334
696,71,Y,60024384,0.20008128
29,361,Y,59961008,0.19987002666666664
6,177,Y,59951520,0.19983840000000003
33,397,Y,59946536,0.1998217866666667
328,25,Y,59934904,0.19978301333333334
85,809,Y,59931840,0.19977279999999997
910,97,Y,59885392,0.1996179733333333
768,80,Y,59882312,0.19960770666666666
104,965,Y,59870296,0.19956765333333332
860,91,Y,59857096,0.19952365333333333
1092,120,Y,59846888,0.19948962666666664
63,635,Y,59722768,0.19907589333333334
21,302,Y,59710352,0.19903450666666667
1037,113,Y,59708184,0.19902727999999997
70,691,Y,59609712,0.19869904
351,27,Y,59576376,0.19858792
974,105,Y,59551472,0.19850490666666665
798,83,Y,59467080,0.1982236
47,506,Y,59443168,0.19814389333333332
57,590,Y,59433864,0.19811288
47,511,Y,59379880,0.19793293333333334
1046,114,Y,59347200,0.197824
113,1038,Y,59325976,0.19775325333333335
78,756,Y,59276352,0.19758784000000001
43,479,Y,59256888,0.19752296
109,1006,Y,59242696,0.19747565333333333
565,54,Y,59239336,0.19746445333333335
66,662,Y,59235528,0.19745176
101,936,Y,59186160,0.1972872
888,95,Y,59182968,0.19727656
400,34,Y,59162384,0.19720794666666666
770,80,Y,59132096,0.19710698666666665
929,100,Y,59128904,0.19709634666666667
14,242,Y,59125208,0.1970840266666667
1070,117,Y,59064040,0.19688013333333332
767,79,Y,59044768,0.19681589333333332
27,344,Y,59041136,0.19680378666666665
353,28,Y,59039720,0.19679906666666666
59,605,Y,59027736,0.19675911999999998
27,349,Y,59027376,0.19675792000000003
8,199,Y,59025584,0.19675194666666668
423,36,Y,58987416,0.19662472
707,72,Y,58985464,0.19661821333333335
54,566,Y,58944792,0.19648264
81,781,Y,58932672,0.19644224000000002
1016,111,Y,58845888,0.19615296
14,245,Y,58842544,0.19614181333333336
538,51,Y,58838264,0.19612754666666668
219,11,Y,58826032,0.19608677333333335
340,26,Y,58816944,0.19605648
623,61,Y,58815312,0.19605104
657,66,Y,58785560,0.19595186666666667
693,70,Y,58732336,0.19577445333333332
48,515,Y,58686600,0.195622
374,30,Y,58634080,0.19544693333333335
24,325,Y,58587248,0.19529082666666667
57,585,Y,58571752,0.19523917333333332
32,389,Y,58567128,0.19522376000000002
91,857,Y,58546648,0.19515549333333332
13,233,Y,58532776,0.19510925333333334
671,67,Y,58442696,0.19480898666666666
59,607,Y,58428072,0.19476024
702,71,Y,58412512,0.19470837333333332
1077,118,Y,58372160,0.19457386666666668
19,282,Y,58363355,0.19454451666666667
232,13,Y,58360368,0.19453456
766,79,Y,58357160,0.19452386666666668
580,56,Y,58344384,0.19448128
115,1051,Y,58327176,0.19442392
57,587,Y,58294720,0.19431573333333335
682,69,Y,58282688,0.19427562666666667
432,38,Y,58225024,0.19408341333333334
127,1146,Y,58168536,0.19389512
12,230,Y,58155304,0.19385101333333335
52,550,Y,58124048,0.19374682666666668
492,45,Y,58105616,0.19368538666666668
649,65,Y,58079528,0.19359842666666666
1005,109,Y,58079408,0.19359802666666667
899,96,Y,58038152,0.19346050666666667
115,1055,Y,58036528,0.19345509333333333
758,78,Y,58023616,0.19341205333333333
833,88,Y,58006224,0.19335407999999998
108,995,Y,57999400,0.19333133333333333
420,36,Y,57977912,0.19325970666666667
104,964,Y,57963568,0.19321189333333333
738,76,Y,57957752,0.19319250666666668
76,740,Y,57934392,0.19311464
808,85,Y,57913024,0.19304341333333333
41,457,Y,57911600,0.19303866666666666
669,67,Y,57860624,0.19286874666666665
511,47,Y,57810152,0.19270050666666666
596,58,Y,57723224,0.19241074666666666
907,97,Y,57715992,0.19238664
170,5,Y,57665400,0.192218
542,51,Y,57649568,0.19216522666666666
68,679,Y,57640048,0.19213349333333335
26,340,Y,57638848,0.19212949333333335
664,67,Y,57629984,0.1920999466666667
118,1079,Y,57608200,0.19202733333333333
128,0,Y,57593984,0.19197994666666668
326,24,Y,57577640,0.19192546666666668
1078,118,Y,57576936,0.19192312
1139,126,Y,57524808,0.19174935999999998
36,420,Y,57489680,0.19163226666666666
201,9,Y,57395824,0.19131941333333333
228,12,Y,57340816,0.19113605333333333
79,764,Y,57331000,0.19110333333333332
88,837,Y,57323336,0.19107778666666667
931,100,Y,57303560,0.19101186666666667
608,60,Y,57274568,0.19091522666666666
416,36,Y,57264424,0.19088141333333333
89,841,Y,57262864,0.19087621333333332
370,30,Y,57213704,0.19071234666666667
69,685,Y,57189376,0.19063125333333333
938,101,Y,57176712,0.19058904000000002
969,105,Y,57175832,0.19058610666666664
113,1039,Y,57167664,0.19055887999999999
83,795,Y,57144344,0.19048114666666666
268,17,Y,57140480,0.19046826666666666
674,68,Y,57117880,0.19039293333333332
4,163,Y,57084096,0.19028032
289,20,Y,57010688,0.19003562666666665
18,275,Y,56972192,0.18990730666666666
12,227,Y,56948448,0.18982816
28,359,Y,56946528,0.18982176
68,673,Y,56898776,0.18966258666666666
97,908,Y,56889416,0.18963138666666668
100,928,Y,56821768,0.18940589333333333
44,483,Y,56810496,0.18936832
507,47,Y,56795816,0.18931938666666667
112,1027,Y,56780320,0.18926773333333333
1075,118,Y,56757120,0.1891904
329,25,Y,56749776,0.18916592000000002
1073,118,Y,56637968,0.18879322666666667
944,102,Y,56634752,0.18878250666666666
74,720,Y,56568112,0.18856037333333334
88,834,Y,56547880,0.18849293333333333
81,783,Y,56544576,0.18848192
27,348,Y,56542832,0.18847610666666667
942,101,Y,56540016,0.18846672
40,455,Y,56531944,0.18843981333333334
33,393,Y,56513080,0.18837693333333333
60,610,Y,56511384,0.18837128
1015,110,Y,56440688,0.18813562666666667
2,149,Y,56426248,0.18808749333333333
762,79,Y,56396776,0.18798925333333333
0,129,Y,56393776,0.18797925333333335
92,864,Y,56383800,0.187946
854,90,Y,56319000,0.18772999999999998
670,67,Y,56284800,0.187616
18,273,Y,56280224,0.18760074666666668
379,31,Y,56237240,0.18745746666666668
51,538,Y,56223640,0.18741213333333331
28,353,Y,56206736,0.18735578666666666
590,57,Y,56183104,0.18727701333333333
75,733,Y,56174760,0.1872492
375,30,Y,56171136,0.18723711999999998
376,31,Y,56117888,0.18705962666666665
1101,121,Y,56097560,0.18699186666666667
11,218,Y,56088544,0.18696181333333334
786,82,Y,56071544,0.18690514666666666
46,503,Y,56066736,0.18688912
27,350,Y,56064944,0.18688314666666667
43,473,Y,56058280,0.18686093333333334
1099,121,Y,56046648,0.18682216
259,16,Y,56038216,0.18679405333333332
90,853,Y,56003848,0.18667949333333334
15,252,Y,55993824,0.18664608
413,35,Y,55987896,0.18662632
37,428,Y,55979088,0.18659696
171,5,Y,55861896,0.18620632
1120,124,Y,55824264,0.18608088
98,916,Y,55786320,0.18595440000000002
95,890,Y,55747736,0.18582578666666666
55,571,Y,55738288,0.18579429333333333
41,458,Y,55700824,0.18566941333333334
124,1126,Y,55672656,0.18557552
381,31,Y,55609040,0.18536346666666667
56,577,Y,55534320,0.1851144
543,51,Y,55512912,0.18504304
604,59,Y,55503496,0.18501165333333333
21,297,Y,55410424,0.18470141333333334
38,436,Y,55367024,0.18455674666666666
486,44,Y,55284816,0.18428272
119,1082,Y,55278056,0.1842601866666667
820,86,Y,55243848,0.18414616
739,76,Y,55221032,0.18407010666666668
16,262,Y,55220032,0.18406677333333332
77,751,Y,55213160,0.18404386666666667
70,695,Y,55201920,0.1840064
169,5,Y,55201408,0.18400469333333333
77,746,Y,55131320,0.18377106666666668
469,42,Y,55102560,0.1836752
962,104,Y,55094256,0.18364752
11,219,Y,55093976,0.18364658666666667
260,16,Y,55076208,0.18358736
74,722,Y,55031304,0.18343768
10,212,Y,55031016,0.18343672
11,221,Y,55027048,0.18342349333333333
373,30,Y,54997768,0.18332589333333332
120,1095,Y,54959152,0.18319717333333332
39,444,Y,54887736,0.18295912
403,34,Y,54737072,0.18245690666666667
95,889,Y,54725048,0.18241682666666667
747,77,Y,54680568,0.18226856
368,30,Y,54642656,0.18214218666666668
125,1128,Y,54603320,0.18201106666666667
36,423,Y,54548160,0.1818272
390,32,Y,54547064,0.18182354666666667
316,23,Y,54544432,0.18181477333333332
97,907,Y,54522808,0.18174269333333334
85,812,Y,54484216,0.18161405333333333
12,229,Y,54380504,0.18126834666666666
27,345,Y,54352600,0.18117533333333333
560,54,Y,54342064,0.18114021333333333
6,178,Y,54319480,0.18106493333333332
35,415,Y,54290976,0.18096992
409,35,Y,54271728,0.18090576
42,469,Y,54270840,0.1809028
14,244,Y,54259456,0.18086485333333333
81,778,Y,54256136,0.18085378666666665
73,715,Y,54094144,0.18031381333333332
123,1113,Y,54093368,0.18031122666666669
440,39,Y,54088704,0.18029567999999999
788,82,Y,54087944,0.18029314666666668
692,70,Y,54067464,0.18022488
84,802,Y,54065120,0.18021706666666665
362,29,Y,54063536,0.18021178666666665
36,419,Y,54037568,0.18012522666666667
1034,113,Y,53991296,0.17997098666666667
315,23,Y,53947880,0.17982626666666668
8,195,Y,53930128,0.17976709333333332
309,22,Y,53873832,0.17957944
677,68,Y,53778168,0.17926056
961,104,Y,53746632,0.17915544
150,2,Y,53736000,0.17912
255,15,Y,53674304,0.17891434666666667
240,14,Y,53670072,0.17890024
79,762,Y,53664960,0.1788832
63,637,Y,53604776,0.17868258666666667
10,210,Y,53579480,0.17859826666666667
17,269,Y,53569136,0.17856378666666667
387,32,Y,53560272,0.17853424
1067,117,Y,53525968,0.17841989333333336
844,89,Y,53498072,0.17832690666666667
513,48,Y,53484419,0.17828139666666667
44,480,Y,53463184,0.17821061333333335
106,981,Y,53448672,0.17816224
862,91,Y,53400312,0.17800104
290,20,Y,53370040,0.17790013333333332
341,26,Y,53345640,0.1778188
92,868,Y,53295856,0.17765285333333333
960,104,Y,53284440,0.1776148
108,999,Y,53277232,0.1775907733333333
656,66,Y,53275984,0.17758661333333334
22,305,Y,53256760,0.17752253333333334
119,1080,Y,53202576,0.17734192000000001
471,42,Y,53190240,0.1773008
804,84,Y,53147368,0.17715789333333334
253,15,Y,53146696,0.17715565333333333
717,73,Y,53126344,0.17708781333333334
526,49,Y,53105088,0.17701696
1036,113,Y,53058288,0.17686095999999998
746,77,Y,53037288,0.17679096
742,76,Y,53019736,0.17673245333333332
123,1115,Y,52987896,0.17662632
591,57,Y,52942520,0.17647506666666665
23,313,Y,52939296,0.17646432
51,536,Y,52893016,0.17631005333333333
105,970,Y,52886960,0.17628986666666666
530,50,Y,52885832,0.17628610666666666
65,650,Y,52872368,0.17624122666666667
759,78,Y,52851840,0.1761728
66,659,Y,52837624,0.17612541333333334
842,89,Y,52814480,0.17604826666666665
229,12,Y,52812056,0.17604018666666665
72,708,Y,52809728,0.17603242666666666
515,48,Y,52797384,0.17599128
836,88,Y,52765408,0.17588469333333331
540,51,Y,52743704,0.17581234666666665
36,417,Y,52721536,0.17573845333333332
32,387,Y,52654288,0.17551429333333332
822,86,Y,52619968,0.17539989333333333
223,11,Y,52611936,0.17537312
79,766,Y,52604480,0.17534826666666667
62,631,Y,52558928,0.17519642666666665
168,5,Y,52475040,0.17491679999999998
123,1119,Y,52457776,0.17485925333333335
476,43,Y,52378264,0.17459421333333333
1014,110,Y,52287576,0.17429192
7,190,Y,52244048,0.17414682666666667
620,61,Y,52242224,0.17414074666666665
26,343,Y,52227096,0.17409032000000002
24,327,Y,52191896,0.17397298666666666
196,8,Y,52171696,0.17390565333333333
204,9,Y,52131048,0.17377015999999998
106,982,Y,52122552,0.17374184
56,576,Y,52105192,0.17368397333333332
1134,125,Y,52098504,0.17366167999999998
55,572,Y,52084200,0.173614
1062,116,Y,52083032,0.17361010666666665
60,608,Y,52078152,0.17359384
114,1041,Y,52055720,0.17351906666666667
939,101,Y,52041784,0.17347261333333333
16,263,Y,52039848,0.17346616
86,823,Y,52012248,0.17337416
2,144,Y,52011936,0.17337312
101,938,Y,52002640,0.17334213333333334
805,84,Y,51981152,0.17327050666666668
34,401,Y,51957920,0.17319306666666667
772,80,Y,51925488,0.17308496
439,38,Y,51884368,0.17294789333333332
618,61,Y,51870440,0.17290146666666667
29,364,Y,51802976,0.17267658666666666
462,41,Y,51728280,0.17242760000000001
1095,120,Y,51725680,0.17241893333333333
4,162,Y,51714504,0.17238168
64,645,Y,51695552,0.17231850666666668
119,1083,Y,51684168,0.17228056
803,84,Y,51636672,0.17212224
124,1120,Y,51607376,0.17202458666666667
292,20,Y,51557272,0.17185757333333332
508,47,Y,51513280,0.17171093333333332
19,285,Y,51484008,0.17161336000000002
1022,111,Y,51479960,0.17159986666666666
640,64,Y,51477720,0.1715924
61,617,Y,51455064,0.17151688
744,77,Y,51454664,0.17151554666666666
784,82,Y,51441704,0.17147234666666666
778,81,Y,51393208,0.17131069333333335
57,588,Y,51389840,0.17129946666666668
19,283,Y,51376008,0.17125336
83,797,Y,51347416,0.17115805333333334
73,717,Y,51328048,0.17109349333333332
293,20,Y,51310960,0.17103653333333332
534,50,Y,51284160,0.17094720000000002
39,447,Y,51267368,0.17089122666666667
234,13,Y,51265368,0.17088456000000002
131,0,Y,51252560,0.17084186666666668
444,39,Y,51246496,0.17082165333333332
61,621,Y,51221592,0.17073864
490,45,Y,51220360,0.17073453333333333
15,249,Y,51215976,0.17071992
104,961,Y,51145016,0.17048338666666665
72,710,Y,51033288,0.17011095999999998
86,816,Y,51029224,0.17009741333333334
71,703,Y,51025312,0.17008437333333334
8,196,Y,51019416,0.17006472
126,1139,Y,50997240,0.1699908
157,3,Y,50969968,0.16989989333333333
98,917,Y,50953872,0.16984623999999998
359,28,Y,50949128,0.16983042666666667
145,2,Y,50946744,0.16982248
791,82,Y,50936760,0.1697892
146,2,Y,50912384,0.16970794666666666
705,72,Y,50837576,0.16945858666666666
26,336,Y,50746856,0.16915618666666665
76,738,Y,50737120,0.16912373333333333
51,537,Y,50727256,0.16909085333333332
284,19,Y,50707104,0.16902368
53,552,Y,50699504,0.16899834666666666
1023,111,Y,50673032,0.16891010666666667
933,100,Y,50659832,0.16886610666666668
708,72,Y,50659800,0.16886600000000002
154,3,Y,50636624,0.16878874666666666
67,667,Y,50606288,0.16868762666666667
40,449,Y,50542576,0.16847525333333332
863,91,Y,50518680,0.16839559999999998
814,85,Y,50501848,0.16833949333333334
94,883,Y,50497480,0.16832493333333334
44,482,Y,50494904,0.16831634666666664
372,30,Y,50491432,0.16830477333333332
33,394,Y,50488448,0.16829482666666667
891,95,Y,50445576,0.16815192
660,66,Y,50439368,0.16813122666666666
33,395,Y,50424208,0.16808069333333334
583,56,Y,50371744,0.16790581333333332
327,24,Y,50366064,0.16788688000000002
991,107,Y,50334992,0.16778330666666666
47,504,Y,50264240,0.16754746666666667
89,847,Y,50226664,0.16742221333333332
113,1033,Y,50154312,0.16718104
54,561,Y,50146632,0.16715544
756,78,Y,50143624,0.16714541333333333
92,869,Y,50118144,0.16706048
61,619,Y,50105072,0.1670169066666667
1150,127,Y,50095760,0.16698586666666668
972,105,Y,50082624,0.16694208000000002
117,1064,Y,50055128,0.16685042666666666
47,509,Y,50045312,0.16681770666666665
94,887,Y,50021208,0.16673736
9,204,Y,49962328,0.16654109333333333
85,815,Y,49953216,0.16651072
415,35,Y,49899568,0.16633189333333334
826,87,Y,49892896,0.16630965333333333
945,102,Y,49888120,0.16629373333333333
8,192,Y,49841352,0.16613783999999998
579,56,Y,49811392,0.16603797333333334
92,865,Y,49800952,0.16600317333333334
0,135,Y,49765528,0.16588509333333332
524,49,Y,49764624,0.16588208
339,26,Y,49742800,0.16580933333333334
918,98,Y,49734664,0.16578221333333332
881,94,Y,49733936,0.16577978666666668
111,1019,Y,49727752,0.16575917333333334
733,75,Y,49719488,0.16573162666666666
779,81,Y,49624448,0.16541482666666665
392,33,Y,49601824,0.16533941333333335
917,98,Y,49586912,0.16528970666666667
973,105,Y,49564728,0.16521576
807,84,Y,49530776,0.16510258666666666
694,70,Y,49530344,0.16510114666666667
86,818,Y,49524288,0.16508096
551,52,Y,49523688,0.16507896
273,18,Y,49509816,0.16503272
60,611,Y,49500328,0.16500109333333332
57,584,Y,49495208,0.16498402666666667
198,8,Y,49485272,0.16495090666666667
905,97,Y,49472832,0.16490944
23,317,Y,49468712,0.16489570666666667
13,232,Y,49414960,0.16471653333333333
116,1062,Y,49408584,0.16469528
1100,121,Y,49407840,0.1646928
58,595,Y,49406208,0.16468736
558,53,Y,49381344,0.16460448
721,74,Y,49309856,0.16436618666666666
109,1001,Y,49285144,0.16428381333333333
53,556,Y,49279080,0.1642636
118,1072,Y,49254872,0.16418290666666666
60,614,Y,49230952,0.16410317333333332
89,844,Y,49227256,0.16409085333333334
539,51,Y,49205648,0.16401882666666667
395,33,Y,49186520,0.16395506666666665
30,371,Y,49168320,0.1638944
31,377,Y,49162728,0.16387576
14,240,Y,49153352,0.16384450666666667
69,687,Y,49149408,0.16383135999999998
22,307,Y,49146104,0.16382034666666667
37,429,Y,49128256,0.16376085333333332
93,876,Y,49092568,0.16364189333333334
17,270,Y,49070592,0.16356864000000002
324,24,Y,49069424,0.16356474666666668
445,39,Y,49057208,0.16352402666666666
0,134,Y,49040384,0.16346794666666667
952,103,Y,49036432,0.16345477333333333
162,4,Y,49033584,0.16344528
818,86,Y,48989192,0.16329730666666667
367,29,Y,48958624,0.16319541333333334
761,79,Y,48930432,0.16310144
133,0,Y,48926408,0.16308802666666666
110,1014,Y,48919544,0.16306514666666666
25,331,Y,48912064,0.16304021333333332
287,19,Y,48905992,0.16301997333333335
947,102,Y,48881496,0.16293832
1,138,Y,48877744,0.16292581333333334
1109,122,Y,48861960,0.1628732
242,14,Y,48840680,0.16280226666666667
934,100,Y,48827072,0.16275690666666667
32,386,Y,48787656,0.16262552
843,89,Y,48779984,0.16259994666666666
124,1121,Y,48745312,0.16248437333333332
45,493,Y,48739560,0.1624652
121,1102,Y,48736016,0.16245338666666667
25,330,Y,48713344,0.16237781333333334
517,48,Y,48695816,0.16231938666666665
60,612,Y,48683368,0.16227789333333334
3,159,Y,48674400,0.162248
724,74,Y,48670528,0.16223509333333333
411,35,Y,48662840,0.16220946666666666
95,893,Y,48659832,0.16219944
725,74,Y,48654728,0.16218242666666666
1114,123,Y,48620280,0.1620676
53,554,Y,48614080,0.16204693333333334
1013,110,Y,48582736,0.16194245333333335
64,643,Y,48566424,0.16188808
65,651,Y,48542936,0.16180978666666665
87,828,Y,48529240,0.16176413333333334
21,301,Y,48517176,0.16172392
981,106,Y,48504016,0.16168005333333332
853,90,Y,48499680,0.1616656
130,0,Y,48480200,0.16160066666666667
1029,112,Y,48461288,0.16153762666666666
137,1,Y,48448744,0.16149581333333335
433,38,Y,48446240,0.16148746666666666
75,729,Y,48434832,0.16144944
120,1092,Y,48421256,0.16140418666666667
13,236,Y,48419344,0.16139781333333333
28,356,Y,48401208,0.16133735999999999
995,108,Y,48390760,0.16130253333333333
449,40,Y,48387880,0.16129293333333333
86,819,Y,48379232,0.16126410666666668
388,32,Y,48378448,0.16126149333333334
26,338,Y,48367888,0.16122629333333333
121,1101,Y,48367280,0.16122426666666667
104,963,Y,48361064,0.16120354666666667
185,7,Y,48355552,0.16118517333333335
356,28,Y,48350160,0.1611672
135,0,Y,48339856,0.16113285333333335
347,27,Y,48322704,0.16107568
53,558,Y,48297104,0.16099034666666667
117,1069,Y,48294864,0.16098288
40,452,Y,48285664,0.16095221333333332
25,334,Y,48269912,0.16089970666666667
65,648,Y,48219552,0.16073184000000001
264,17,Y,48154880,0.16051626666666666
119,1084,Y,48149976,0.16049992
1010,110,Y,48140976,0.16046992000000002
383,31,Y,48138080,0.16046026666666666
14,247,Y,48127256,0.1604241866666667
940,101,Y,48115544,0.16038514666666664
7,186,Y,48102648,0.16034216
101,943,Y,48078312,0.16026104
632,63,Y,48048784,0.16016261333333334
559,53,Y,48044272,0.16014757333333332
1131,125,Y,48030704,0.16010234666666667
1069,117,Y,48029968,0.16009989333333333
4,167,Y,48026688,0.16008896
901,96,Y,48022568,0.16007522666666665
698,71,Y,47956128,0.15985375999999998
114,1047,Y,47948824,0.15982941333333334
971,105,Y,47923184,0.15974394666666666
56,579,Y,47916600,0.159722
124,1127,Y,47915752,0.15971917333333333
332,25,Y,47876120,0.15958706666666667
108,997,Y,47847248,0.15949082666666667
545,52,Y,47813392,0.15937797333333334
35,408,Y,47808856,0.15936285333333333
872,93,Y,47791272,0.15930423999999999
74,723,Y,47788040,0.15929346666666666
79,765,Y,47764096,0.15921365333333332
15,253,Y,47698936,0.15899645333333334
14,246,Y,47687016,0.15895672
801,84,Y,47663344,0.15887781333333334
122,1106,Y,47638808,0.15879602666666667
337,26,Y,47587104,0.15862368000000002
57,589,Y,47585008,0.15861669333333334
88,832,Y,47577480,0.1585916
683,69,Y,47561624,0.15853874666666667
987,107,Y,47535896,0.15845298666666668
69,681,Y,47483736,0.15827912
64,644,Y,47455560,0.1581852
84,803,Y,47347344,0.15782448
948,102,Y,47285400,0.15761799999999998
627,62,Y,47278720,0.15759573333333335
124,1124,Y,47270864,0.15756954666666667
5,174,Y,47245456,0.1574848533333333
248,15,Y,47222376,0.15740792
115,1048,Y,47219664,0.15739888
676,68,Y,47209264,0.15736421333333334
957,103,Y,47199848,0.15733282666666668
16,261,Y,47147720,0.15715906666666665
998,108,Y,47125776,0.15708592
45,492,Y,47124920,0.15708306666666666
615,60,Y,47074304,0.15691434666666668
783,81,Y,47065384,0.15688461333333334
26,337,Y,47054928,0.15684976
354,28,Y,47051416,0.15683805333333334
642,64,Y,47044104,0.15681368
116,1061,Y,47038456,0.15679485333333334
360,29,Y,47035776,0.15678592
101,937,Y,47029616,0.15676538666666667
628,62,Y,47027272,0.15675757333333334
896,96,Y,46994792,0.15664930666666668
111,1018,Y,46972848,0.15657616
118,1075,Y,46970600,0.15656866666666666
673,68,Y,46957208,0.15652402666666668
28,357,Y,46937216,0.15645738666666667
103,955,Y,46931040,0.1564368
102,946,Y,46916344,0.15638781333333335
502,46,Y,46883960,0.15627986666666668
380,31,Y,46828392,0.15609464
323,24,Y,46817192,0.15605730666666667
73,718,Y,46791368,0.15597122666666666
142,1,Y,46760704,0.15586901333333333
636,63,Y,46750768,0.15583589333333334
109,1002,Y,46747600,0.15582533333333332
71,699,Y,46712288,0.15570762666666668
867,92,Y,46701728,0.15567242666666667
105,973,Y,46691200,0.15563733333333335
83,792,Y,46642568,0.15547522666666666
503,46,Y,46610968,0.15536989333333334
668,67,Y,46601464,0.15533821333333334
82,787,Y,46580344,0.15526781333333334
712,73,Y,46548856,0.15516285333333335
16,258,Y,46532648,0.15510882666666664
100,933,Y,46518664,0.15506221333333334
61,616,Y,46505456,0.15501818666666667
1,141,Y,46484552,0.15494850666666668
593,58,Y,46411960,0.15470653333333334
12,231,Y,46406088,0.15468695999999998
63,632,Y,46392328,0.15464109333333334
77,750,Y,46363048,0.15454349333333334
107,987,Y,46348176,0.15449392
1126,124,Y,46289728,0.15429909333333333
84,807,Y,46289720,0.15429906666666668
64,647,Y,46268088,0.15422696
117,1067,Y,46264120,0.15421373333333335
94,886,Y,46254400,0.15418133333333334
913,98,Y,46194624,0.15398208
90,855,Y,46185128,0.15395042666666667
652,65,Y,46172400,0.153908
98,912,Y,46106096,0.15368698666666666
1088,120,Y,46105304,0.15368434666666667
830,87,Y,46105216,0.15368405333333332
911,97,Y,46097232,0.15365744
343,26,Y,46093968,0.15364656000000002
67,668,Y,46081904,0.15360634666666667
105,971,Y,46071992,0.15357330666666666
164,4,Y,46039768,0.15346589333333333
418,36,Y,46009256,0.15336418666666668
60,615,Y,46005680,0.15335226666666665
29,363,Y,45985920,0.15328640000000002
426,37,Y,45985920,0.15328640000000002
9,205,Y,45978072,0.15326024
267,17,Y,45969992,0.15323330666666665
66,660,Y,45969600,0.153232
547,52,Y,45956792,0.15318930666666666
33,399,Y,45944104,0.15314701333333333
371,30,Y,45926800,0.15308933333333333
78,757,Y,45913472,0.15304490666666667
206,9,Y,45908536,0.15302845333333331
120,1093,Y,45904752,0.15301584
99,922,Y,45883952,0.15294650666666665
9,206,Y,45837568,0.15279189333333335
606,59,Y,45836304,0.15278767999999998
858,91,Y,45826952,0.15275650666666665
52,546,Y,45810360,0.15270119999999998
546,52,Y,45800792,0.15266930666666667
90,851,Y,45756176,0.15252058666666665
46,498,Y,45721744,0.15240581333333333
576,56,Y,45662080,0.15220693333333335
28,354,Y,45636176,0.15212058666666667
82,786,Y,45635480,0.15211826666666667
1033,113,Y,45609776,0.15203258666666666
467,42,Y,45606328,0.15202109333333333
50,534,Y,45594800,0.15198266666666668
10,208,Y,45583768,0.15194589333333333
66,661,Y,45530704,0.1517690133333333
31,379,Y,45491792,0.15163930666666667
613,60,Y,45486736,0.15162245333333332
30,369,Y,45477240,0.1515908
970,105,Y,45468808,0.15156269333333333
0,133,Y,45443368,0.15147789333333334
605,59,Y,45411400,0.15137133333333333
34,402,Y,45341112,0.15113704
122,1104,Y,45282664,0.15094221333333332
126,1136,Y,45237056,0.15079018666666666
98,915,Y,45236728,0.15078909333333335
56,580,Y,45202264,0.15067421333333333
653,65,Y,45139080,0.1504636
108,998,Y,45137744,0.15045914666666665
1127,124,Y,45126880,0.15042293333333334
497,46,Y,45123112,0.15041037333333335
877,93,Y,45109792,0.15036597333333335
1135,125,Y,45083104,0.15027701333333335
1047,114,Y,45072808,0.15024269333333334
714,73,Y,45063864,0.15021288
76,741,Y,45041712,0.15013904
33,396,Y,45040632,0.15013544
86,822,Y,45014664,0.15004888
333,25,Y,44994816,0.14998272
9,203,Y,44964168,0.14988056
190,7,Y,44961912,0.14987303999999999
1032,113,Y,44955136,0.14985045333333333
178,6,Y,44945336,0.14981778666666667
22,308,Y,44944960,0.14981653333333333
43,477,Y,44943440,0.14981146666666667
7,184,Y,44907832,0.14969277333333333
97,906,Y,44866696,0.14955565333333334
99,920,Y,44841872,0.14947290666666668
104,966,Y,44834064,0.14944688
494,45,Y,44833056,0.14944352
102,947,Y,44793952,0.14931317333333333
89,842,Y,44793160,0.14931053333333333
18,277,Y,44768992,0.14922997333333335
6,180,Y,44756312,0.14918770666666667
3,154,Y,44714560,0.14904853333333334
110,1015,Y,44711424,0.14903808
103,954,Y,44705568,0.14901856
477,43,Y,44696256,0.14898751999999998
520,49,Y,44688720,0.1489624
906,97,Y,44670248,0.14890082666666665
1055,115,Y,44669384,0.14889794666666667
269,17,Y,44668240,0.14889413333333332
7,191,Y,44657632,0.14885877333333333
15,248,Y,44642944,0.14880981333333332
584,57,Y,44642768,0.14880922666666668
396,33,Y,44617696,0.14872565333333335
34,405,Y,44615640,0.14871879999999998
489,45,Y,44591328,0.14863776
100,932,Y,44589968,0.14863322666666667
988,107,Y,44580632,0.14860210666666668
17,266,Y,44541512,0.14847170666666668
935,100,Y,44486080,0.14828693333333334
750,77,Y,44468416,0.14822805333333333
52,545,Y,44460560,0.14820186666666665
48,517,Y,44455720,0.14818573333333335
983,106,Y,44454816,0.14818272000000002
107,984,Y,44427624,0.14809208
180,6,Y,44392928,0.14797642666666666
912,98,Y,44387016,0.14795672
1026,112,Y,44371416,0.14790472
43,478,Y,44337856,0.14779285333333333
29,362,Y,44321952,0.14773983999999998
730,75,Y,44302928,0.14767642666666667
311,22,Y,44296792,0.14765597333333333
24,323,Y,44249776,0.14749925333333333
21,303,Y,44231000,0.14743666666666666
438,38,Y,44214032,0.14738010666666665
91,858,Y,44207872,0.14735957333333333
1104,122,Y,44163656,0.14721218666666666
1048,115,Y,44029992,0.14676664
97,910,Y,44021616,0.14673872
481,44,Y,44017168,0.14672389333333336
88,839,Y,44007328,0.14669109333333333
735,75,Y,44005704,0.14668567999999998
322,24,Y,43997072,0.14665690666666667
964,104,Y,43996976,0.14665658666666664
428,37,Y,43995776,0.14665258666666667
951,102,Y,43957856,0.14652618666666667
586,57,Y,43939080,0.1464636
105,969,Y,43931592,0.14643864
127,1145,Y,43929344,0.14643114666666668
16,256,Y,43905528,0.14635176
67,671,Y,43902792,0.14634264
118,1077,Y,43883528,0.14627842666666666
275,18,Y,43872160,0.14624053333333334
1113,123,Y,43867320,0.1462244
447,39,Y,43849744,0.14616581333333334
35,411,Y,43824720,0.1460824
527,49,Y,43824112,0.14608037333333335
45,495,Y,43811960,0.14603986666666666
87,827,Y,43808096,0.14602698666666666
408,35,Y,43799624,0.14599874666666668
47,508,Y,43760752,0.14586917333333332
65,649,Y,43730912,0.14576970666666667
873,93,Y,43722640,0.14574213333333333
446,39,Y,43703512,0.14567837333333333
69,683,Y,43683240,0.1456108
876,93,Y,43657504,0.14552501333333331
47,505,Y,43655824,0.14551941333333332
39,446,Y,43643488,0.14547829333333334
245,14,Y,43577744,0.14525914666666667
83,799,Y,43570264,0.14523421333333333
189,7,Y,43568576,0.14522858666666666
594,58,Y,43551064,0.14517021333333333
34,403,Y,43525168,0.14508389333333332
644,64,Y,43522336,0.14507445333333333
932,100,Y,43510936,0.14503645333333334
904,97,Y,43442608,0.14480869333333332
46,501,Y,43427440,0.14475813333333332
22,309,Y,43408856,0.14469618666666667
139,1,Y,43381456,0.14460485333333334
1089,120,Y,43372640,0.14457546666666665
834,88,Y,43328024,0.14442674666666666
99,923,Y,43316376,0.14438792
829,87,Y,43316296,0.14438765333333334
954,103,Y,43308776,0.14436258666666665
22,311,Y,43299392,0.14433130666666666
114,1042,Y,43217032,0.14405677333333333
23,316,Y,43209664,0.14403221333333333
478,43,Y,43207128,0.14402376
0,130,Y,43182048,0.14394016
73,714,Y,43137096,0.14379032
62,630,Y,43130416,0.14376805333333334
4,160,Y,43130112,0.14376703999999998
602,59,Y,43123720,0.14374573333333335
619,61,Y,43122960,0.1437432
740,76,Y,43101720,0.14367239999999998
68,672,Y,43058312,0.14352770666666667
9,200,Y,43021984,0.14340661333333335
67,666,Y,42960632,0.14320210666666666
80,771,Y,42950936,0.14316978666666666
1085,119,Y,42940072,0.14313357333333332
64,642,Y,42899960,0.14299986666666667
1053,115,Y,42898288,0.14299429333333333
82,789,Y,42884584,0.14294861333333334
892,95,Y,42883976,0.14294658666666665
330,25,Y,42865576,0.14288525333333335
274,18,Y,42863416,0.14287805333333334
909,97,Y,42840376,0.14280125333333335
924,99,Y,42836272,0.14278757333333333
522,49,Y,42827280,0.1427576
21,300,Y,42768208,0.14256069333333335
1003,109,Y,42748096,0.14249365333333333
7,189,Y,42746752,0.14248917333333333
787,82,Y,42712400,0.14237466666666665
488,45,Y,42682312,0.14227437333333331
950,102,Y,42679440,0.1422648
27,346,Y,42667968,0.14222656
28,355,Y,42651192,0.14217064
757,78,Y,42645912,0.14215304
300,21,Y,42619024,0.14206341333333333
71,700,Y,42592360,0.14197453333333335
80,772,Y,42577672,0.14192557333333333
1079,118,Y,42529104,0.14176368
97,904,Y,42510384,0.14170128
30,368,Y,42505496,0.14168498666666665
35,413,Y,42490968,0.14163656
554,53,Y,42490272,0.14163424
645,64,Y,42451960,0.14150653333333332
4,166,Y,42431040,0.1414368
95,891,Y,42425432,0.14141810666666665
103,952,Y,42411200,0.14137066666666664
121,1103,Y,42386440,0.14128813333333334
27,351,Y,42342816,0.14114272
203,9,Y,42341808,0.14113936
364,29,Y,42312184,0.14104061333333334
77,747,Y,42303944,0.14101314666666667
49,524,Y,42285920,0.14095306666666668
100,934,Y,42245976,0.14081992000000002
982,106,Y,42235144,0.14078381333333334
94,884,Y,42214800,0.140716
91,860,Y,42210616,0.14070205333333333
71,698,Y,42205736,0.14068578666666667
47,510,Y,42196944,0.14065648
50,529,Y,42155872,0.14051957333333334
31,376,Y,42152376,0.14050791999999998
828,87,Y,42152152,0.14050717333333335
837,88,Y,42150656,0.14050218666666667
958,103,Y,42137536,0.14045845333333334
95,892,Y,42120472,0.14040157333333333
61,618,Y,42089616,0.14029872
666,67,Y,42076208,0.14025402666666667
55,573,Y,42075552,0.14025184000000002
49,522,Y,41994536,0.13998178666666666
50,530,Y,41966456,0.13988818666666666
265,17,Y,41944136,0.13981378666666666
70,688,Y,41929432,0.13976477333333334
9,201,Y,41917600,0.13972533333333334
429,37,Y,41913816,0.13971272
43,476,Y,41913272,0.13971090666666666
301,21,Y,41893712,0.13964570666666665
897,96,Y,41847792,0.13949264
296,21,Y,41835256,0.13945085333333332
184,7,Y,41828192,0.13942730666666667
986,107,Y,41821128,0.13940376000000002
36,422,Y,41807904,0.13935968
174,5,Y,41803760,0.13934586666666668
62,628,Y,41781584,0.13927194666666667
1084,119,Y,41755280,0.13918426666666667
36,418,Y,41700288,0.13900096
437,38,Y,41680144,0.13893381333333332
81,779,Y,41506896,0.13835632
235,13,Y,41472152,0.13824050666666668
24,320,Y,41460976,0.13820325333333333
1119,123,Y,41453512,0.13817837333333335
5,173,Y,41433072,0.13811024
103,958,Y,41431512,0.13810503999999998
236,13,Y,41421768,0.13807255999999998
358,28,Y,41408856,0.13802952
11,223,Y,41320056,0.13773352
422,36,Y,41312200,0.13770733333333332
101,941,Y,41311552,0.13770517333333332
42,466,Y,41303048,0.13767682666666667
197,8,Y,41265824,0.13755274666666667
58,596,Y,41252456,0.13750818666666667
9,202,Y,41093008,0.13697669333333332
61,623,Y,41084904,0.13694968000000002
528,50,Y,41082320,0.13694106666666667
37,424,Y,41069064,0.13689688
975,105,Y,41039456,0.13679818666666668
1142,126,Y,41006344,0.13668781333333332
417,36,Y,40915736,0.13638578666666665
33,398,Y,40835032,0.13611677333333333
1072,118,Y,40820968,0.13606989333333333
98,913,Y,40818504,0.13606168000000002
129,0,Y,40817104,0.13605701333333334
765,79,Y,40749528,0.13583176
57,586,Y,40655624,0.13551874666666666
69,682,Y,40649264,0.13549754666666666
71,702,Y,40639240,0.13546413333333335
50,528,Y,40626152,0.13542050666666666
514,48,Y,40594608,0.13531536
25,333,Y,40586424,0.13528808
1065,117,Y,40555008,0.13518336
52,549,Y,40553368,0.13517789333333333
795,83,Y,40420928,0.13473642666666666
35,412,Y,40395288,0.13465096000000001
166,4,Y,40381840,0.13460613333333332
91,863,Y,40342592,0.13447530666666668
393,33,Y,40308464,0.13436154666666666
789,82,Y,40301256,0.13433752
147,2,Y,40279264,0.13426421333333333
985,107,Y,40255152,0.13418384
569,55,Y,40247856,0.13415952
728,75,Y,40136000,0.13378666666666666
233,13,Y,40127704,0.13375901333333334
87,829,Y,40110616,0.13370205333333335
659,66,Y,40097568,0.13365855999999998
346,27,Y,40034904,0.13344968
35,409,Y,40034072,0.13344690666666664
94,882,Y,40004560,0.13334853333333332
46,502,Y,39973400,0.13324466666666668
39,441,Y,39932784,0.13310928
158,3,Y,39921032,0.13307010666666666
809,85,Y,39883848,0.13294616
984,107,Y,39880208,0.13293402666666668
450,40,Y,39861536,0.13287178666666666
70,693,Y,39779112,0.13259704
5,172,Y,39770704,0.13256901333333335
541,51,Y,39697656,0.13232552
31,381,Y,39654432,0.13218144
555,53,Y,39569928,0.13189975999999998
48,519,Y,39561976,0.13187325333333333
1017,111,Y,39524760,0.1317492
523,49,Y,39503600,0.13167866666666667
95,894,Y,39473296,0.13157765333333332
159,3,Y,39461216,0.13153738666666667
344,27,Y,39420448,0.13140149333333334
815,85,Y,39412552,0.13137517333333332
295,20,Y,39396368,0.13132122666666665
18,274,Y,39370352,0.13123450666666667
647,64,Y,39366128,0.13122042666666667
331,25,Y,39364008,0.13121336
104,967,Y,39335144,0.13111714666666668
75,735,Y,39327136,0.13109045333333333
588,57,Y,39252704,0.13084234666666666
63,636,Y,39216888,0.13072296
802,84,Y,39199344,0.13066448
36,416,Y,39094824,0.13031608
294,20,Y,39091344,0.13030448
84,806,Y,39062640,0.1302088
1051,115,Y,39041248,0.13013749333333333
117,1065,Y,38983704,0.12994568
99,921,Y,38978480,0.12992826666666665
1115,123,Y,38938944,0.12979648
585,57,Y,38928368,0.12976122666666667
12,228,Y,38900072,0.12966690666666666
925,99,Y,38895936,0.12965311999999998
26,339,Y,38856944,0.12952314666666667
461,41,Y,38831088,0.12943696000000002
119,1085,Y,38821320,0.1294044
195,8,Y,38820872,0.12940290666666668
535,50,Y,38819112,0.12939704
91,861,Y,38789512,0.12929837333333333
49,520,Y,38787144,0.12929047999999999
85,814,Y,38784424,0.12928141333333332
66,657,Y,38766712,0.12922237333333333
612,60,Y,38714680,0.12904893333333334
88,835,Y,38682776,0.12894258666666666
82,788,Y,38677752,0.12892584
573,55,Y,38546112,0.12848704
99,925,Y,38520496,0.12840165333333334
1128,125,Y,38413032,0.12804343999999998
82,791,Y,38374856,0.12791618666666665
112,1028,Y,38352728,0.12784242666666668
85,810,Y,38228192,0.12742730666666666
637,63,Y,38208176,0.12736058666666666
96,901,Y,38123504,0.12707834666666668
557,53,Y,38116336,0.12705445333333334
1035,113,Y,38067312,0.12689104
80,768,Y,38062736,0.12687578666666668
110,1011,Y,38058640,0.12686213333333332
1030,112,Y,38048120,0.12682706666666668
100,931,Y,38014568,0.12671522666666668
448,40,Y,38009728,0.12669909333333335
510,47,Y,37969752,0.12656583999999999
156,3,Y,37916672,0.12638890666666666
99,924,Y,37900120,0.12633373333333334
94,880,Y,37897200,0.126324
209,10,Y,37873032,0.12624343999999998
1,142,Y,37853104,0.12617701333333334
1083,119,Y,37842368,0.12614122666666666
363,29,Y,37836800,0.12612266666666666
1151,127,Y,37791248,0.12597082666666667
1019,111,Y,37752232,0.12584077333333332
37,426,Y,37534296,0.12511432
835,88,Y,37496944,0.12498981333333332
861,91,Y,37456328,0.12485442666666667
97,905,Y,37449008,0.12483002666666668
31,383,Y,37447472,0.12482490666666667
634,63,Y,37385024,0.12461674666666668
110,1009,Y,37347768,0.12449256
118,1076,Y,37339984,0.12446661333333332
1122,124,Y,37339271,0.12446423666666667
32,384,Y,37333192,0.12444397333333332
102,948,Y,37310792,0.12436930666666667
2,145,Y,37279952,0.12426650666666668
1145,127,Y,37265040,0.12421680000000002
62,629,Y,37242968,0.12414322666666666
21,299,Y,37181880,0.1239396
689,70,Y,37146800,0.12382266666666666
908,97,Y,37046528,0.12348842666666668
41,463,Y,37042224,0.12347408000000001
561,54,Y,36941392,0.12313797333333334
1106,122,Y,36734992,0.12244997333333332
75,730,Y,36583256,0.12194418666666668
3,157,Y,36577360,0.12192453333333332
720,74,Y,36564176,0.12188058666666667
855,90,Y,36507976,0.12169325333333335
125,1131,Y,36452640,0.1215088
105,975,Y,36407272,0.12135757333333333
111,1022,Y,36321280,0.12107093333333332
217,11,Y,36306696,0.12102231999999999
748,77,Y,36278480,0.12092826666666666
91,862,Y,36277184,0.12092394666666667
617,61,Y,36264768,0.12088256
12,226,Y,36251240,0.12083746666666667
342,26,Y,36205560,0.1206852
635,63,Y,36134240,0.12044746666666666
412,35,Y,36067952,0.12022650666666666
401,34,Y,35979408,0.11993136
1102,121,Y,35968056,0.11989352
866,92,Y,35946808,0.11982269333333333
266,17,Y,35940976,0.11980325333333333
621,61,Y,35849584,0.11949861333333334
1009,110,Y,35789400,0.119298
719,73,Y,35788768,0.11929589333333335
967,104,Y,35735944,0.11911981333333334
764,79,Y,35679568,0.11893189333333333
871,92,Y,35673464,0.11891154666666666
455,40,Y,35526200,0.11842066666666667
38,439,Y,35500016,0.11833338666666668
62,626,Y,35498920,0.11832973333333334
727,74,Y,35382176,0.11794058666666667
74,721,Y,35291976,0.11763992
113,1036,Y,35285408,0.11761802666666665
50,531,Y,35235096,0.11745032
86,821,Y,35173624,0.11724541333333334
827,87,Y,35047720,0.11682573333333333
521,49,Y,35027112,0.11675704
928,100,Y,34820288,0.11606762666666666
463,41,Y,34779448,0.11593149333333334
398,33,Y,34763272,0.11587757333333334
865,92,Y,34750768,0.11583589333333333
846,89,Y,34686280,0.11562093333333334
88,836,Y,34469632,0.11489877333333333
650,65,Y,34467360,0.1148912
465,42,Y,34412896,0.11470965333333333
10,209,Y,34372336,0.11457445333333334
4,164,Y,34280512,0.11426837333333333
73,712,Y,34234744,0.11411581333333333
113,1035,Y,34009392,0.11336464
519,48,Y,33858632,0.11286210666666668
167,4,Y,33757296,0.11252432
89,846,Y,33704728,0.11234909333333333
1103,121,Y,33700680,0.11233560000000001
34,404,Y,33567880,0.11189293333333335
96,897,Y,33440096,0.11146698666666666
491,45,Y,33388152,0.11129384
87,830,Y,33261832,0.11087277333333334
923,99,Y,33154360,0.11051453333333333
70,689,Y,33075376,0.11025125333333334
710,72,Y,33039224,0.11013074666666667
149,2,Y,32838504,0.10946167999999999
24,322,Y,32820184,0.10940061333333333
207,9,Y,32595944,0.10865314666666666
49,521,Y,32517808,0.10839269333333335
3,156,Y,32475976,0.10825325333333334
890,95,Y,32302680,0.10767559999999998
23,315,Y,32175048,0.10725016
651,65,Y,31900640,0.10633546666666666
64,640,Y,31835280,0.1061176
120,1089,Y,31517256,0.10505752
20,294,Y,30480576,0.10160192
80,773,Y,30438088,0.10146029333333333
110,1013,Y,30333104,0.10111034666666667
11,217,Y,29689832,0.09896610666666668
529,50,Y,28603272,0.09534424
