97,49,N,240124480,0.8004149333333334
105,5,N,232573512,0.77524504
799,83,Y,222178336,0.7405944533333333
83,11,N,221841328,0.7394710933333333
49,10,N,221731896,0.73910632
98,97,N,221454136,0.7381804533333334
46,98,N,220064616,0.73354872
11,105,N,219972456,0.73324152
48,63,N,210954216,0.70318072
10,211,Y,208679992,0.6955999733333333
496,46,Y,207646720,0.6921557333333334
37,88,N,204980552,0.6832685066666667
5,173,Y,204191400,0.680638
88,835,Y,201106752,0.67035584
430,37,Y,174661440,0.5822048
61,15,N,172792272,0.57597424
37,61,N,159692816,0.5323093866666666
75,37,N,156623296,0.5220776533333333
15,48,N,156453408,0.52151136
119,26,N,149605056,0.49868352000000005
56,54,N,149344240,0.49781413333333335
26,119,N,146782688,0.4892756266666667
16,45,N,142669016,0.4755633866666667
63,632,Y,142062992,0.47354330666666666
734,75,Y,141156624,0.47052207999999995
45,78,N,139120464,0.46373487999999996
0,16,N,134323176,0.44774391999999996
89,83,N,134263384,0.44754461333333334
78,752,Y,129917640,0.43305879999999997
115,4,N,128913065,0.42971021666666664
26,342,Y,125941632,0.41980544
1080,119,Y,125056304,0.41685434666666665
132,0,Y,124199864,0.41399954666666666
119,89,N,122971696,0.40990565333333334
4,85,N,112718072,0.3757269066666667
338,26,Y,109801904,0.36600634666666665
83,797,Y,108026952,0.36008984
578,56,Y,107865504,0.35955168
4,115,N,104386290,0.3479543
23,30,N,97907808,0.32635936000000004
30,117,N,94492968,0.31497655999999996
53,74,N,87604640,0.29201546666666667
54,23,N,86912624,0.2897087466666667
77,27,N,85972048,0.2865734933333333
31,70,N,82561096,0.27520365333333335
14,0,N,80040696,0.26680232
27,31,N,77991000,0.25997
117,1068,Y,76632472,0.25544157333333334
30,77,N,76196032,0.2539867733333333
74,43,N,74193336,0.24731112000000002
4,79,N,73949984,0.24649994666666666
0,31,N,73585600,0.24528533333333333
99,14,N,73373040,0.2445768
85,100,N,73313024,0.24437674666666664
54,114,N,72707768,0.24235922666666665
582,56,Y,72474200,0.24158066666666667
80,108,N,72446496,0.24148832
27,77,N,71951432,0.23983810666666666
114,46,N,71131128,0.23710376
77,80,N,70369560,0.23456520000000003
44,53,N,70071504,0.23357168
12,26,N,69919488,0.23306496
83,89,N,69111720,0.2303724
124,42,N,65911217,0.21970405666666667
512,48,Y,65155448,0.21718482666666666
63,637,Y,64964872,0.21654957333333333
100,931,Y,63619480,0.21206493333333332
46,499,Y,63495472,0.21165157333333334
85,1,N,63402024,0.21134007999999999
1052,115,Y,61351568,0.20450522666666665
42,107,N,60933053,0.20311017666666667
70,693,Y,60877880,0.2029262666666667
370,30,Y,60385232,0.20128410666666666
57,52,N,60062496,0.20020832
103,4,N,59805614,0.19935204666666667
19,53,N,58805256,0.19601751999999997
1,125,N,57841148,0.19280382666666665
80,77,N,57189016,0.19063005333333333
109,12,N,57008864,0.19002954666666666
125,1,N,56532198,0.18844065999999998
31,378,Y,56004120,0.1866804
4,103,N,54383763,0.18127921
925,99,Y,54234824,0.18078274666666666
108,993,Y,53417840,0.17805946666666667
108,124,N,52858568,0.17619522666666665
35,26,N,51939752,0.17313250666666666
60,10,N,51220792,0.17073597333333335
39,21,N,51173768,0.17057922666666667
14,99,N,51048800,0.17016266666666666
348,27,Y,51004048,0.17001349333333335
52,551,Y,50822672,0.16940890666666666
85,4,N,50718384,0.16906128
56,109,N,50440216,0.16813405333333334
126,69,N,49590808,0.16530269333333333
587,57,Y,49506712,0.16502237333333333
121,29,N,48927959,0.16309319666666666
2,71,N,48353832,0.16117944
102,17,N,48170820,0.1605694
71,91,N,47660248,0.15886749333333333
118,25,N,47527016,0.15842338666666667
90,33,N,46732160,0.15577386666666668
127,80,N,46048768,0.15349589333333333
77,118,N,45883632,0.15294544000000002
53,19,N,45747240,0.15249079999999998
79,69,N,44838744,0.14946248
7,83,N,44814000,0.14938
79,12,N,44300400,0.147668
36,119,N,44298737,0.14766245666666666
109,1001,Y,44060192,0.14686730666666667
96,112,N,44028880,0.14676293333333335
283,19,Y,43779640,0.14593213333333332
26,338,Y,43603480,0.14534493333333331
163,4,Y,43577792,0.14525930666666667
41,83,N,43359512,0.14453170666666668
0,110,N,42849680,0.14283226666666665
118,109,N,42604976,0.14201658666666667
107,126,N,42345936,0.14115312
70,31,N,42127912,0.14042637333333333
9,39,N,41857504,0.13952501333333334
26,22,N,41373544,0.13791181333333333
2,35,N,41273288,0.13757762666666667
10,108,N,40922012,0.13640670666666666
89,60,N,40798472,0.13599490666666667
107,70,N,40721304,0.13573768
126,107,N,40391104,0.13463701333333333
77,30,N,40390464,0.13463488
45,36,N,40350424,0.13450141333333335
86,37,N,40333064,0.13444354666666666
43,477,Y,40196208,0.13398736
108,121,N,40098680,0.13366226666666667
29,80,N,39855088,0.13285029333333334
1,45,N,39808400,0.13269466666666666
69,34,N,39767928,0.13255976
47,123,N,39654000,0.13218
123,14,N,39624832,0.13208277333333335
36,3,N,39521720,0.13173906666666665
47,100,N,39458896,0.13152965333333333
31,27,N,39264464,0.13088154666666668
105,46,N,39221112,0.13073704
26,35,N,39144688,0.13048229333333333
12,109,N,39105776,0.13035258666666666
108,10,N,39000509,0.13000169666666667
91,29,N,38676712,0.1289223733333333
25,118,N,38499424,0.12833141333333334
120,82,N,38182776,0.12727592
57,66,N,38030048,0.12676682666666667
34,101,N,37744632,0.12581544
56,97,N,37518800,0.12506266666666666
100,85,N,37502240,0.12500746666666668
50,23,N,37196080,0.12398693333333334
76,61,N,37192152,0.12397383999999999
99,57,N,37008664,0.12336221333333333
21,90,N,36490560,0.1216352
1146,127,Y,36357376,0.12119125333333333
19,12,N,36297904,0.12099301333333334
69,44,N,36253432,0.12084477333333334
30,23,N,36058736,0.12019578666666667
71,10,N,35816800,0.11938933333333333
9,111,N,35290728,0.11763576
29,118,N,35042832,0.11680944000000001
83,58,N,35022872,0.11674290666666667
95,107,N,35011936,0.11670645333333335
88,37,N,34976384,0.11658794666666668
17,90,N,34609922,0.11536640666666667
10,60,N,34602416,0.11534138666666667
65,14,N,34501016,0.11500338666666665
25,111,N,34382528,0.11460842666666668
103,29,N,34285475,0.11428491666666667
74,723,Y,34243160,0.11414386666666666
17,20,N,34089288,0.11363096
111,25,N,34023704,0.11341234666666666
26,5,N,34020584,0.11340194666666667
90,17,N,34006312,0.11335437333333334
125,15,N,33991096,0.11330365333333332
105,11,N,33559136,0.11186378666666666
22,26,N,33492512,0.11164170666666667
23,54,N,33306792,0.11102264
99,90,N,33228952,0.11076317333333333
82,0,N,32854536,0.10951512
66,9,N,32739616,0.10913205333333333
90,99,N,32682096,0.10894032
59,32,N,32665544,0.10888514666666667
80,72,N,32642528,0.10880842666666667
0,14,N,32501128,0.10833709333333333
101,123,N,32375136,0.10791711999999999
39,47,N,32301088,0.10767029333333333
46,105,N,32282112,0.10760704
99,2,N,32127248,0.10709082666666665
43,96,N,31896520,0.10632173333333333
111,86,N,31741808,0.10580602666666666
112,75,N,31683464,0.10561154666666667
9,42,N,31666496,0.10555498666666666
15,61,N,31630896,0.10543632
112,115,N,31578760,0.10526253333333334
15,84,N,31558368,0.10519456
5,105,N,31537144,0.10512381333333334
41,81,N,31446208,0.10482069333333333
43,39,N,31382968,0.10460989333333333
123,101,N,31356576,0.10452192
47,86,N,31209576,0.10403191999999999
40,13,N,31161176,0.10387058666666667
82,7,N,31156824,0.10385608
9,49,N,31136888,0.10378962666666666
5,106,N,31126216,0.10375405333333335
3,28,N,31070032,0.10356677333333333
61,76,N,31006304,0.10335434666666668
47,39,N,30570832,0.10190277333333334
78,45,N,30499336,0.10166445333333334
113,74,N,30462312,0.10154104
71,2,N,30451944,0.10150648000000001
23,50,N,30410224,0.10136741333333334
81,38,N,30353616,0.10117872
120,111,N,30235112,0.10078370666666667
112,22,N,30106184,0.10035394666666667
956,103,Y,30078712,0.10026237333333334
25,21,N,30023328,0.10007776
58,102,N,30021832,0.10007277333333334
110,0,N,29948368,0.09982789333333333
27,40,N,29920704,0.09973568000000001
38,92,N,29896464,0.09965487999999999
121,105,N,29855792,0.09951930666666667
62,101,N,29760064,0.09920021333333334
1,138,Y,29680392,0.09893464
146,2,Y,29545688,0.09848562666666667
752,78,Y,29371448,0.09790482666666668
463,41,Y,29334096,0.09778032
118,1073,Y,29330536,0.09776845333333334
2,88,N,29263744,0.09754581333333333
49,9,N,29118360,0.0970612
835,88,Y,29102936,0.09700978666666667
111,9,N,28826240,0.09608746666666666
24,50,N,28762176,0.09587392
45,1,N,28553960,0.09517986666666667
59,69,N,28480680,0.09493560000000001
5,68,N,28469920,0.09489973333333333
35,67,N,28441448,0.09480482666666666
78,114,N,28301696,0.09433898666666667
45,16,N,28217824,0.09405941333333333
50,108,N,28120776,0.09373592
121,108,N,28016592,0.09338864
76,65,N,27928736,0.09309578666666667
8,125,N,27909261,0.09303087
10,215,Y,27889672,0.09296557333333333
125,1135,Y,27819808,0.09273269333333334
42,55,N,27711776,0.09237258666666666
19,41,N,27447560,0.09149186666666667
52,76,N,27420256,0.09140085333333334
96,10,N,27408980,0.09136326666666666
29,121,N,27351651,0.09117217
55,8,N,27166456,0.09055485333333334
102,125,N,27081464,0.09027154666666667
22,6,N,27036464,0.09012154666666668
119,36,N,26986836,0.08995612
12,19,N,26969144,0.08989714666666668
63,60,N,26954256,0.08984752
44,122,N,26816272,0.08938757333333333
107,95,N,26816264,0.08938754666666666
43,78,N,26762224,0.08920741333333333
78,43,N,26629592,0.08876530666666667
116,76,N,26594512,0.08864837333333334
11,83,N,26572104,0.08857368
813,85,Y,26406992,0.08802330666666666
91,71,N,26346024,0.08782008000000001
116,36,N,26332296,0.08777432
109,56,N,26247760,0.08749253333333333
993,108,Y,26133680,0.08711226666666666
115,64,N,26049064,0.08683021333333334
126,57,N,26003800,0.08667933333333333
31,0,N,25913856,0.08637952
18,126,N,25894272,0.08631424
33,11,N,25893016,0.08631005333333333
101,943,Y,25795712,0.08598570666666666
15,121,N,25737872,0.08579290666666667
81,41,N,25714432,0.08571477333333334
100,18,N,25622098,0.08540699333333333
13,4,N,25566944,0.08522314666666667
41,84,N,25464312,0.08488104
89,119,N,25451288,0.08483762666666667
49,97,N,25375680,0.0845856
58,43,N,25368456,0.08456152
32,100,N,25278352,0.08426117333333333
93,46,N,25226928,0.08408976
54,56,N,25217592,0.08405863999999999
79,61,N,25143552,0.08381184
21,40,N,25125048,0.08375016
120,92,N,25116736,0.08372245333333334
14,65,N,25056176,0.08352058666666667
106,81,N,24896688,0.08298896
23,73,N,24894016,0.08298005333333333
87,111,N,24892592,0.08297530666666666
108,80,N,24868912,0.08289637333333333
88,96,N,24734680,0.08244893333333334
57,99,N,24705024,0.08235007999999999
49,45,N,24447776,0.08149258666666667
661,66,Y,24428296,0.08142765333333332
16,0,N,24376968,0.08125656
111,120,N,24375584,0.08125194666666666
10,49,N,24326968,0.08108989333333333
1090,120,Y,24277808,0.08092602666666666
84,41,N,24193976,0.08064658666666666
10,71,N,24096736,0.08032245333333334
60,89,N,24060192,0.08020064
79,88,N,23854592,0.07951530666666667
104,64,N,23836024,0.07945341333333333
37,86,N,23797648,0.07932549333333333
45,49,N,23711216,0.07903738666666667
1140,126,Y,23651952,0.07883984
43,58,N,23643504,0.07881168
122,71,N,23631104,0.07877034666666666
89,845,Y,23583816,0.07861272
76,52,N,23430944,0.07810314666666666
105,118,N,23430760,0.07810253333333333
11,222,Y,23428528,0.07809509333333334
114,32,N,23253992,0.07751330666666667
17,102,N,23211239,0.07737079666666666
74,53,N,23114088,0.07704696
4,164,Y,23111168,0.07703722666666667
38,94,N,23023176,0.07674392000000001
122,20,N,22947192,0.07649064
94,122,N,22933616,0.07644538666666667
61,37,N,22904400,0.076348
60,17,N,22885472,0.07628490666666667
82,120,N,22885280,0.07628426666666667
65,76,N,22874656,0.07624885333333332
15,125,N,22840056,0.07613352
117,53,N,22836696,0.07612232
21,7,N,22812768,0.07604256
20,293,Y,22729504,0.07576501333333333
28,25,N,22647640,0.07549213333333334
113,70,N,22607488,0.07535829333333333
83,7,N,22596368,0.07532122666666667
8,51,N,22499880,0.0749996
7,21,N,22472864,0.07490954666666666
118,105,N,22469256,0.07489752
106,1,N,22418374,0.07472791333333333
111,87,N,22357272,0.07452424
35,55,N,22265656,0.07421885333333333
51,98,N,22216064,0.07405354666666666
86,47,N,22107488,0.07369162666666666
33,90,N,22102384,0.07367461333333333
61,20,N,21990144,0.07330048
125,8,N,21986150,0.07328716666666667
92,120,N,21980392,0.07326797333333333
32,59,N,21971880,0.0732396
64,115,N,21960176,0.07320058666666666
48,119,N,21952288,0.07317429333333333
11,87,N,21948664,0.07316221333333334
13,40,N,21933712,0.07311237333333334
4,167,Y,21873624,0.07291208
29,103,N,21854285,0.07284761666666666
118,1074,Y,21854232,0.07284744
67,47,N,21843024,0.07281008
42,124,N,21836517,0.07278839
14,68,N,21759040,0.07253013333333333
486,44,Y,21744288,0.07248096
64,104,N,21730576,0.07243525333333334
14,123,N,21706456,0.07235485333333333
72,709,Y,21696056,0.07232018666666666
511,47,Y,21634136,0.07211378666666667
83,799,Y,21572632,0.07190877333333334
9,66,N,21505336,0.07168445333333333
104,48,N,21498928,0.07166309333333333
52,124,N,21483656,0.07161218666666667
92,870,Y,21449792,0.07149930666666666
124,52,N,21443984,0.07147994666666667
88,2,N,21417256,0.07139085333333334
119,123,N,21384952,0.07128317333333334
5,170,Y,21334072,0.07111357333333333
6,7,N,21318352,0.07106117333333332
71,127,N,21302544,0.07100848
17,60,N,21257416,0.07085805333333334
84,30,N,21061392,0.07020464
126,18,N,21032960,0.07010986666666667
70,107,N,20940360,0.06980120000000001
116,78,N,20909176,0.06969725333333333
46,76,N,20876056,0.06958685333333334
30,6,N,20871768,0.06957256
242,14,Y,20836024,0.06945341333333334
6,120,N,20718688,0.06906229333333333
124,92,N,20699200,0.06899733333333334
72,25,N,20577608,0.06859202666666667
1,85,N,20543696,0.06847898666666667
21,25,N,20518832,0.06839610666666666
11,97,N,20481544,0.06827181333333333
8,82,N,20477824,0.06825941333333334
25,28,N,20462944,0.06820981333333333
98,46,N,20458952,0.06819650666666666
87,11,N,20406192,0.06802064
127,59,N,20267008,0.06755669333333333
86,106,N,20262960,0.0675432
86,102,N,20248488,0.06749495999999999
48,15,N,20241368,0.06747122666666666
39,9,N,20238176,0.06746058666666667
53,44,N,20196400,0.06732133333333333
37,94,N,20137624,0.06712541333333333
60,63,N,20115536,0.06705178666666667
97,98,N,20093992,0.06697997333333333
40,116,N,20002192,0.06667397333333333
125,102,N,20001288,0.06667096
107,991,Y,19996072,0.06665357333333333
91,92,N,19988144,0.06662714666666666
211,10,Y,19983840,0.0666128
506,47,Y,19884936,0.06628312
102,58,N,19877680,0.06625893333333334
97,11,N,19864944,0.06621648
41,463,Y,19851040,0.06617013333333334
850,90,Y,19843424,0.06614474666666667
69,79,N,19818160,0.06606053333333334
66,22,N,19801712,0.06600570666666666
52,70,N,19791704,0.06597234666666667
744,77,Y,19753096,0.06584365333333334
56,73,N,19752368,0.06584122666666667
98,51,N,19679272,0.06559757333333334
68,5,N,19654464,0.06551488
1076,118,Y,19647744,0.06549248
123,1112,Y,19621024,0.06540341333333334
32,87,N,19572968,0.06524322666666667
127,71,N,19506288,0.06502096
114,110,N,19504800,0.065016
49,113,N,19491952,0.06497317333333334
115,65,N,19444424,0.06481474666666666
36,116,N,19432848,0.06477616
73,95,N,19416840,0.0647228
91,65,N,19360488,0.06453496
82,8,N,19352232,0.06450744
119,1084,Y,19329344,0.06443114666666666
30,84,N,19316064,0.06438688
66,54,N,19307872,0.06435957333333334
16,5,N,19284488,0.06428162666666666
12,79,N,19284224,0.06428074666666667
22,66,N,19187752,0.06395917333333333
36,19,N,19187144,0.06395714666666667
6,179,Y,19123872,0.06374624
38,81,N,19116352,0.06372117333333334
3,65,N,19102248,0.06367416000000001
408,35,Y,19069496,0.06356498666666667
20,17,N,19061544,0.06353848
204,9,Y,19013624,0.06337874666666667
29,91,N,18940120,0.06313373333333333
35,94,N,18927800,0.06309266666666667
604,59,Y,18926536,0.06308845333333334
95,104,N,18872616,0.06290872
46,114,N,18867640,0.06289213333333334
70,52,N,18782432,0.06260810666666666
100,47,N,18753112,0.06251037333333333
5,26,N,18710832,0.06236944
21,39,N,18626144,0.06208714666666666
110,23,N,18620096,0.062066986666666664
28,109,N,18564192,0.06188064
17,117,N,18558056,0.06186018666666667
109,103,N,18505664,0.061685546666666674
92,124,N,18470072,0.061566906666666664
0,132,Y,18461152,0.06153717333333334
34,64,N,18441520,0.061471733333333334
46,496,Y,18428384,0.06142794666666667
117,30,N,18415400,0.06138466666666667
55,35,N,18409472,0.06136490666666666
120,6,N,18396760,0.06132253333333334
859,91,Y,18333072,0.06111024
95,73,N,18198648,0.06066216
73,116,N,18160120,0.06053373333333333
62,20,N,18137040,0.0604568
20,122,N,18136264,0.06045421333333333
122,13,N,18104472,0.060348240000000004
162,4,Y,18100128,0.06033376
361,29,Y,18082552,0.06027517333333333
54,66,N,18079376,0.06026458666666667
21,301,Y,18067976,0.060226586666666665
73,56,N,18065752,0.060219173333333334
94,38,N,18053456,0.06017818666666666
119,48,N,17988710,0.05996236666666666
101,50,N,17987352,0.059957840000000005
73,716,Y,17975248,0.05991749333333333
66,57,N,17957112,0.05985704
28,115,N,17954016,0.05984671999999999
36,45,N,17947872,0.05982624
84,15,N,17918592,0.05972864
112,96,N,17881912,0.05960637333333334
8,62,N,17870744,0.05956914666666666
118,77,N,17867880,0.0595596
57,126,N,17859192,0.05953064
69,59,N,17845112,0.059483706666666664
1,27,N,17792208,0.05930736
6,22,N,17783864,0.05927954666666667
86,111,N,17781232,0.05927077333333333
73,63,N,17735544,0.059118479999999994
38,97,N,17733736,0.05911245333333333
87,32,N,17665736,0.05888578666666666
24,44,N,17648304,0.05882768000000001
41,66,N,17626528,0.05875509333333333
94,35,N,17623904,0.058746346666666664
34,102,N,17617536,0.05872512
75,112,N,17576040,0.0585868
18,100,N,17542127,0.05847375666666667
10,96,N,17500445,0.05833481666666667
19,16,N,17486160,0.058287200000000004
28,358,Y,17477776,0.05825925333333334
1039,113,Y,17423368,0.05807789333333334
122,94,N,17386208,0.057954026666666665
173,5,Y,17385664,0.057952213333333336
66,41,N,17372088,0.05790695999999999
81,24,N,17364480,0.0578816
0,82,N,17302905,0.057676349999999994
41,19,N,17295840,0.0576528
42,9,N,17295760,0.05765253333333333
85,77,N,17244408,0.057481359999999995
47,67,N,17242680,0.0574756
109,1007,Y,17224464,0.057414879999999995
1,106,N,17209784,0.05736594666666667
108,50,N,17203952,0.057346506666666665
65,91,N,17178632,0.05726210666666667
84,93,N,17156720,0.05718906666666667
66,658,Y,17142936,0.057143120000000006
629,62,Y,17045552,0.05681850666666667
91,28,N,17017600,0.056725333333333336
88,79,N,17012984,0.056709946666666664
116,73,N,16951928,0.05650642666666667
107,42,N,16949716,0.056499053333333334
26,12,N,16913808,0.05637936
59,55,N,16906144,0.056353813333333336
18,93,N,16880536,0.056268453333333336
96,62,N,16651968,0.055506559999999996
119,1080,Y,16555680,0.0551856
101,93,N,16508600,0.05502866666666666
123,47,N,16503960,0.055013200000000005
55,7,N,16496936,0.054989786666666665
72,104,N,16476680,0.05492226666666667
20,62,N,16475640,0.054918800000000004
38,33,N,16455808,0.05485269333333333
32,110,N,16431184,0.05477061333333333
102,34,N,16426792,0.05475597333333334
52,57,N,16413544,0.05471181333333333
81,85,N,16384336,0.05461445333333334
43,74,N,16342664,0.054475546666666666
457,41,Y,16328152,0.054427173333333335
97,38,N,16320152,0.05440050666666666
40,95,N,16304000,0.05434666666666667
64,34,N,16237432,0.054124773333333334
75,734,Y,16225528,0.054085093333333334
74,113,N,16224904,0.05408301333333334
96,900,Y,16218208,0.05406069333333334
25,333,Y,16192032,0.05397344
7,82,N,16106600,0.05368866666666666
126,124,N,16105912,0.053686373333333336
27,1,N,16096432,0.053654773333333336
19,36,N,16072368,0.05357456
114,54,N,16061560,0.05353853333333333
64,18,N,16052728,0.053509093333333334
97,56,N,16042944,0.05347648
344,27,Y,16038424,0.05346141333333333
121,15,N,16031768,0.053439226666666666
84,802,Y,16018080,0.053393600000000006
79,4,N,15974336,0.053247786666666665
72,80,N,15932976,0.05310992
55,59,N,15903808,0.05301269333333334
87,48,N,15851784,0.052839279999999995
96,43,N,15836424,0.05278808000000001
921,99,Y,15791704,0.05263901333333334
51,24,N,15761840,0.052539466666666666
102,86,N,15745664,0.05248554666666667
2,58,N,15713376,0.05237792
40,27,N,15710232,0.05236744
67,72,N,15647240,0.052157466666666666
122,44,N,15597384,0.05199128
58,83,N,15574240,0.051914133333333334
23,110,N,15546696,0.051822320000000005
92,91,N,15540472,0.05180157333333333
101,34,N,15521872,0.05173957333333333
63,48,N,15502712,0.051675706666666675
99,58,N,15474152,0.05158050666666667
103,75,N,15426664,0.051422213333333334
55,42,N,15416536,0.05138845333333334
33,117,N,15367928,0.051226426666666665
37,430,Y,15352656,0.051175519999999995
68,95,N,15283616,0.05094538666666667
333,25,Y,15260176,0.05086725333333334
42,88,N,15200400,0.050668000000000005
124,126,N,15180240,0.050600799999999994
90,68,N,15138888,0.05046296
22,112,N,15120048,0.05040016
57,75,N,15072000,0.05023999999999999
92,38,N,15070888,0.050236293333333334
85,81,N,15051656,0.050172186666666674
632,63,Y,15045776,0.050152586666666665
75,103,N,15025824,0.05008607999999999
59,127,N,15018704,0.05006234666666666
120,127,N,15015144,0.050050479999999994
52,24,N,14962512,0.049875039999999995
100,928,Y,14931984,0.04977328
35,2,N,14907760,0.04969253333333333
71,122,N,14905560,0.0496852
76,116,N,14886448,0.04962149333333333
34,98,N,14849736,0.04949912
80,29,N,14840512,0.04946837333333333
116,40,N,14752400,0.04917466666666667
13,64,N,14740824,0.04913608
3,36,N,14736064,0.049120213333333336
31,60,N,14731544,0.04910514666666666
110,112,N,14669016,0.048896720000000005
34,69,N,14609808,0.04869936
93,63,N,14578048,0.048593493333333335
18,64,N,14577664,0.048592213333333335
69,683,Y,14562392,0.048541306666666666
98,33,N,14519648,0.048398826666666665
48,104,N,14475888,0.04825296
53,117,N,14470920,0.0482364
63,93,N,14468016,0.04822672
67,27,N,14414528,0.048048426666666665
62,8,N,14395792,0.047985973333333334
124,108,N,14386096,0.04795365333333334
77,85,N,14367600,0.047892
61,79,N,14303288,0.04767762666666667
103,92,N,14264992,0.047549973333333335
335,25,Y,14248640,0.047495466666666666
58,592,Y,14230392,0.04743464
6,30,N,14217720,0.0473924
7,6,N,14182856,0.04727618666666667
8,55,N,14179944,0.04726648
24,81,N,14178816,0.04726272
89,107,N,14129624,0.04709874666666666
75,13,N,14114472,0.04704824
40,21,N,14105096,0.04701698666666666
42,469,Y,14016640,0.04672213333333333
74,87,N,13991160,0.0466372
7,55,N,13973688,0.04657896
69,684,Y,13962216,0.04654072
68,90,N,13936912,0.046456373333333335
24,51,N,13893800,0.04631266666666667
90,21,N,13868408,0.04622802666666667
127,44,N,13858424,0.04619474666666667
139,1,Y,13858232,0.046194106666666665
117,17,N,13820744,0.046069146666666665
90,852,Y,13745032,0.04581677333333333
721,74,Y,13738552,0.045795173333333335
13,122,N,13738416,0.045794720000000004
107,89,N,13723888,0.045746293333333334
33,394,Y,13721048,0.04573682666666667
70,692,Y,13706816,0.045689386666666665
70,62,N,13691400,0.045638
2,99,N,13680832,0.04560277333333333
24,52,N,13655168,0.04551722666666667
101,62,N,13650160,0.045500533333333336
104,68,N,13641656,0.045472186666666664
50,529,Y,13625312,0.04541770666666667
28,91,N,13525560,0.0450852
92,103,N,13506272,0.045020906666666666
33,38,N,13447440,0.0448248
63,73,N,13425896,0.04475298666666667
76,737,Y,13421536,0.04473845333333333
110,32,N,13420528,0.04473509333333333
94,72,N,13418312,0.044727706666666665
53,121,N,13410912,0.04470304
1136,126,Y,13408112,0.044693706666666666
64,643,Y,13379776,0.04459925333333333
33,98,N,13375088,0.04458362666666667
48,87,N,13343888,0.04447962666666667
823,86,Y,13340976,0.04446992
37,75,N,13269664,0.04423221333333333
115,112,N,13246392,0.04415464
31,20,N,13135536,0.043785120000000004
16,6,N,13124688,0.043748959999999996
123,119,N,13094336,0.04364778666666667
67,669,Y,13086040,0.04362013333333333
25,72,N,13003384,0.04334461333333334
697,71,Y,12961768,0.043205893333333335
577,56,Y,12958552,0.04319517333333333
127,120,N,12951048,0.04317016
70,113,N,12950400,0.043168
50,101,N,12914216,0.043047386666666666
104,72,N,12879984,0.04293328
93,84,N,12856728,0.04285576
83,41,N,12848856,0.042829519999999996
16,259,Y,12848576,0.04282858666666667
797,83,Y,12839344,0.04279781333333333
20,31,N,12805832,0.04268610666666667
39,43,N,12798688,0.04266229333333334
1079,118,Y,12789096,0.04263032
98,34,N,12739496,0.04246498666666667
483,44,Y,12586000,0.041953333333333336
58,99,N,12561000,0.04187
76,46,N,12560472,0.04186824
56,578,Y,12536056,0.04178685333333333
65,115,N,12472640,0.041575466666666665
106,5,N,12468200,0.04156066666666666
1027,112,Y,12454600,0.041515333333333335
114,78,N,12437584,0.04145861333333334
104,95,N,12402664,0.041342213333333336
325,24,Y,12400720,0.04133573333333333
13,75,N,12390760,0.041302533333333336
51,125,N,12334096,0.04111365333333333
78,116,N,12259528,0.04086509333333334
27,351,Y,12231432,0.04077144
94,37,N,12205496,0.040684986666666666
112,110,N,12203416,0.04067805333333333
179,6,Y,12145120,0.040483733333333334
105,121,N,12053480,0.04017826666666667
11,33,N,12023760,0.0400792
93,18,N,11983384,0.03994461333333333
60,31,N,11978360,0.039927866666666666
787,82,Y,11964856,0.039882853333333336
88,42,N,11960000,0.03986666666666667
1062,116,Y,11959720,0.039865733333333334
9,206,Y,11935808,0.03978602666666667
547,52,Y,11888832,0.03962944
68,104,N,11836624,0.039455413333333335
95,40,N,11834248,0.03944749333333333
342,26,Y,11826088,0.039420293333333335
201,9,Y,11809072,0.03936357333333333
54,564,Y,11788280,0.03929426666666667
65,3,N,11766688,0.03922229333333333
62,96,N,11678696,0.038928986666666665
121,53,N,11661688,0.038872293333333335
73,23,N,11659832,0.038866106666666664
68,14,N,11657728,0.03885909333333333
89,113,N,11646824,0.038822746666666665
106,86,N,11646808,0.03882269333333333
3,54,N,11627472,0.03875824
718,73,Y,11616800,0.03872266666666666
39,446,Y,11616088,0.03872029333333333
22,39,N,11598336,0.03866112
96,88,N,11553568,0.03851189333333334
479,43,Y,11552048,0.03850682666666667
537,51,Y,11520128,0.03840042666666667
62,70,N,11475968,0.03825322666666667
950,102,Y,11461064,0.038203546666666664
122,1106,Y,11411904,0.03803968
20,295,Y,11401168,0.03800389333333333
25,330,Y,11354192,0.037847306666666664
1127,124,Y,11269856,0.03756618666666667
150,2,Y,11256568,0.037521893333333334
273,18,Y,11160608,0.037202026666666665
1081,119,Y,11141936,0.03713978666666667
113,49,N,11135136,0.03711712
1058,116,Y,11115544,0.037051813333333336
931,100,Y,11112696,0.037042320000000004
95,68,N,11084776,0.036949253333333335
895,95,Y,11083608,0.03694536
60,608,Y,11072496,0.03690832
78,84,N,11056080,0.0368536
93,873,Y,11054800,0.03684933333333333
27,67,N,11028856,0.03676285333333333
5,16,N,11028064,0.03676021333333333
110,1015,Y,10975800,0.036586
415,35,Y,10956840,0.0365228
251,15,Y,10950296,0.036500986666666665
509,47,Y,10936040,0.03645346666666666
260,16,Y,10920248,0.036400826666666664
95,888,Y,10912040,0.036373466666666666
71,700,Y,10846896,0.03615632
74,123,N,10837128,0.036123760000000005
67,35,N,10768120,0.03589373333333334
202,9,Y,10768048,0.03589349333333333
117,82,N,10749048,0.03583016
117,33,N,10743408,0.03581136
367,29,Y,10709952,0.03569984
80,127,N,10623264,0.03541088
65,653,Y,10595016,0.03531672
54,3,N,10590504,0.03530168
116,1058,Y,10588256,0.035294186666666665
50,24,N,10538072,0.035126906666666666
168,5,Y,10536296,0.035120986666666666
69,126,N,10525736,0.03508578666666667
113,89,N,10524176,0.03508058666666666
87,74,N,10487584,0.03495861333333333
109,28,N,10458568,0.03486189333333333
151,2,Y,10454672,0.034848906666666665
48,512,Y,10443240,0.0348108
46,93,N,10402416,0.03467472
44,24,N,10401472,0.03467157333333333
124,1122,Y,10366984,0.03455661333333333
891,95,Y,10351208,0.034504026666666666
49,527,Y,10344648,0.034482160000000005
20,61,N,10334456,0.034448186666666665
972,105,Y,10331792,0.03443930666666667
4,13,N,10320016,0.03440005333333333
115,1051,Y,10301288,0.03433762666666667
58,2,N,10229784,0.034099279999999996
123,74,N,10203512,0.03401170666666667
115,28,N,10170808,0.03390269333333333
64,13,N,10153816,0.033846053333333334
1007,109,Y,10150608,0.03383536
67,12,N,10124048,0.03374682666666667
542,51,Y,10122320,0.033741066666666666
432,38,Y,10121560,0.033738533333333334
51,8,N,10121216,0.03373738666666667
50,18,N,10080048,0.03360016
51,539,Y,10061808,0.033539360000000004
1068,117,Y,10037304,0.033457680000000004
32,114,N,10010968,0.03336989333333333
51,541,Y,9938704,0.03312901333333333
75,57,N,9917648,0.033058826666666666
124,1127,Y,9917168,0.03305722666666667
45,494,Y,9891816,0.03297272
6,16,N,9885680,0.03295226666666667
18,50,N,9854744,0.03284914666666667
490,45,Y,9837568,0.032791893333333336
103,109,N,9834016,0.03278005333333334
72,67,N,9786032,0.03262010666666667
88,837,Y,9778632,0.03259544
72,94,N,9762208,0.032540693333333336
510,47,Y,9730304,0.03243434666666667
267,17,Y,9718328,0.03239442666666667
92,866,Y,9648672,0.03216224
83,792,Y,9601928,0.032006426666666664
85,809,Y,9540688,0.03180229333333333
12,67,N,9537600,0.031792
124,1121,Y,9506336,0.03168778666666667
106,100,N,9450048,0.03150016
44,69,N,9449384,0.03149794666666667
100,32,N,9443160,0.0314772
68,678,Y,9439592,0.031465306666666665
63,113,N,9431576,0.03143858666666667
51,543,Y,9411064,0.031370213333333334
1001,109,Y,9405632,0.03135210666666667
81,106,N,9363808,0.031212693333333333
52,550,Y,9347160,0.031157199999999996
22,311,Y,9345088,0.031150293333333332
113,63,N,9311200,0.031037333333333333
84,78,N,9297488,0.030991626666666664
28,3,N,9281992,0.030939973333333332
94,881,Y,9267080,0.030890266666666666
82,117,N,9239472,0.03079824
66,663,Y,9209856,0.03069952
461,41,Y,9208224,0.030694080000000002
95,893,Y,9199544,0.030665146666666664
15,252,Y,9196416,0.030654720000000003
84,805,Y,9186280,0.030620933333333333
203,9,Y,9180984,0.030603279999999997
16,19,N,9150688,0.030502293333333333
110,1010,Y,9126048,0.03042016
107,987,Y,9055824,0.030186079999999997
44,127,N,9021912,0.03007304
319,23,Y,9006552,0.03002184
99,924,Y,8921376,0.029737919999999998
39,22,N,8896712,0.029655706666666667
59,601,Y,8895856,0.029652853333333333
115,1050,Y,8885528,0.029618426666666666
35,414,Y,8874912,0.029583039999999998
765,79,Y,8862928,0.029543093333333333
60,613,Y,8857624,0.02952541333333333
230,12,Y,8832352,0.029441173333333334
699,71,Y,8819784,0.029399279999999996
128,0,Y,8815184,0.029383946666666667
56,3,N,8798408,0.029328026666666666
990,107,Y,8789504,0.029298346666666666
379,31,Y,8779696,0.029265653333333336
814,85,Y,8750592,0.029168640000000003
1061,116,Y,8718728,0.02906242666666667
0,133,Y,8709904,0.029033013333333337
585,57,Y,8692984,0.02897661333333333
43,478,Y,8681816,0.028939386666666664
166,4,Y,8672480,0.028908266666666665
1151,127,Y,8670952,0.028903173333333334
259,16,Y,8665424,0.02888474666666667
102,945,Y,8664464,0.028881546666666667
1059,116,Y,8631584,0.028771946666666666
109,118,N,8583480,0.0286116
93,101,N,8578016,0.028593386666666665
18,276,Y,8521944,0.02840648
520,49,Y,8416312,0.02805437333333333
108,996,Y,8412992,0.028043306666666667
1139,126,Y,8372368,0.027907893333333336
37,424,Y,8343864,0.027812879999999998
115,1052,Y,8334608,0.027782026666666668
106,983,Y,8261960,0.02753986666666667
65,650,Y,8255680,0.027518933333333332
455,40,Y,8204336,0.027347786666666665
14,243,Y,8196056,0.027320186666666663
118,29,N,8193248,0.027310826666666666
65,655,Y,8180624,0.027268746666666666
702,71,Y,8160408,0.027201359999999997
477,43,Y,8134344,0.027114480000000003
20,294,Y,8112944,0.027043146666666663
17,268,Y,8075032,0.026916773333333335
341,26,Y,8049472,0.026831573333333334
99,921,Y,8041672,0.026805573333333336
51,59,N,8028880,0.026762933333333336
117,1064,Y,7988088,0.02662696
56,582,Y,7962984,0.026543280000000002
716,73,Y,7959544,0.02653181333333333
100,106,N,7939232,0.026464106666666667
76,736,Y,7909480,0.026364933333333333
87,828,Y,7862280,0.026207599999999998
320,24,Y,7825208,0.026084026666666663
85,808,Y,7824728,0.026082426666666665
49,520,Y,7816488,0.02605496
376,31,Y,7808808,0.02602936
59,51,N,7768856,0.025896186666666664
97,908,Y,7763792,0.025879306666666664
80,774,Y,7698824,0.025662746666666666
76,743,Y,7652504,0.025508346666666664
332,25,Y,7643312,0.02547770666666667
97,911,Y,7624992,0.025416639999999997
26,341,Y,7611992,0.025373306666666668
25,335,Y,7602240,0.0253408
44,480,Y,7593032,0.025310106666666665
27,349,Y,7585712,0.025285706666666664
61,620,Y,7546752,0.025155840000000002
12,226,Y,7508320,0.025027733333333337
39,442,Y,7506256,0.025020853333333332
880,94,Y,7492424,0.024974746666666665
207,9,Y,7480752,0.02493584
250,15,Y,7480208,0.024934026666666668
1107,122,Y,7472992,0.02490997333333333
988,107,Y,7467896,0.024892986666666665
821,86,Y,7431568,0.024771893333333333
548,52,Y,7408720,0.024695733333333334
111,1023,Y,7402616,0.024675386666666667
433,38,Y,7389336,0.02463112
466,42,Y,7373936,0.024579786666666666
677,68,Y,7360600,0.024535333333333333
805,84,Y,7351888,0.024506293333333335
194,8,Y,7347656,0.024492186666666665
258,16,Y,7342576,0.024475253333333332
727,74,Y,7327992,0.02442664
944,102,Y,7326200,0.024420666666666667
998,108,Y,7322136,0.024407119999999997
81,777,Y,7315520,0.024385066666666667
57,585,Y,7307320,0.024357733333333333
99,925,Y,7295256,0.02431752
25,334,Y,7293872,0.02431290666666667
518,48,Y,7293624,0.02431208
125,51,N,7238176,0.024127253333333334
229,12,Y,7219032,0.02406344
313,23,Y,7217256,0.02405752
110,114,N,7186352,0.023954506666666667
71,701,Y,7181072,0.023936906666666667
29,363,Y,7179648,0.02393216
446,39,Y,7144792,0.023815973333333334
61,623,Y,7128688,0.023762293333333333
85,811,Y,7087064,0.023623546666666665
844,89,Y,7083824,0.023612746666666667
421,36,Y,7083208,0.023610693333333335
497,46,Y,7057712,0.023525706666666667
1022,111,Y,7050312,0.023501039999999997
63,636,Y,7048936,0.023496453333333334
30,370,Y,7043064,0.02347688
358,28,Y,6958472,0.023194906666666668
790,82,Y,6924272,0.023080906666666665
583,56,Y,6895984,0.022986613333333336
1040,114,Y,6888896,0.022962986666666668
55,568,Y,6845272,0.022817573333333334
38,438,Y,6774424,0.02258141333333333
829,87,Y,6769096,0.022563653333333333
27,348,Y,6763216,0.022544053333333335
590,57,Y,6759240,0.0225308
14,242,Y,6758536,0.022528453333333334
91,859,Y,6754216,0.022514053333333332
924,99,Y,6748664,0.022495546666666668
372,30,Y,6732672,0.02244224
114,1040,Y,6730856,0.022436186666666667
54,560,Y,6711464,0.022371546666666665
167,4,Y,6704008,0.022346693333333334
1103,121,Y,6687784,0.022292613333333332
550,52,Y,6672440,0.022241466666666664
603,59,Y,6664144,0.022213813333333336
1029,112,Y,6653664,0.02217888
7,191,Y,6650248,0.022167493333333333
40,453,Y,6613408,0.022044693333333334
480,44,Y,6593336,0.02197778666666667
4,163,Y,6575280,0.0219176
417,36,Y,6567888,0.02189296
499,46,Y,6543360,0.0218112
106,977,Y,6536752,0.02178917333333333
1074,118,Y,6512008,0.021706693333333332
253,15,Y,6509768,0.02169922666666667
91,858,Y,6488840,0.021629466666666666
25,331,Y,6480072,0.02160024
35,415,Y,6470784,0.02156928
902,96,Y,6460960,0.021536533333333333
1036,113,Y,6453248,0.021510826666666667
70,688,Y,6447704,0.021492346666666665
478,43,Y,6443312,0.021477706666666666
23,316,Y,6363328,0.021211093333333333
492,45,Y,6345728,0.021152426666666665
182,6,Y,6295640,0.020985466666666664
609,60,Y,6279392,0.020931306666666667
723,74,Y,6277264,0.020924213333333334
1055,115,Y,6272928,0.02090976
494,45,Y,6268880,0.020896266666666666
90,854,Y,6244192,0.020813973333333333
706,72,Y,6244144,0.020813813333333334
637,63,Y,6234152,0.020780506666666667
682,69,Y,6212744,0.020709146666666668
98,917,Y,6212176,0.020707253333333335
73,718,Y,6204016,0.020680053333333333
66,660,Y,6193832,0.020646106666666667
126,1140,Y,6191112,0.02063704
50,531,Y,6173752,0.020579173333333332
107,990,Y,6151088,0.020503626666666667
551,52,Y,6149432,0.02049810666666667
37,431,Y,6126608,0.020422026666666666
742,76,Y,6120688,0.02040229333333333
27,344,Y,6107448,0.02035816
322,24,Y,6075792,0.02025264
72,708,Y,6075208,0.020250693333333333
69,685,Y,6070888,0.020236293333333332
618,61,Y,6068768,0.020229226666666666
276,18,Y,6037744,0.020125813333333332
45,490,Y,6036360,0.020121200000000002
49,521,Y,6030304,0.020101013333333334
997,108,Y,6021048,0.02007016
68,675,Y,6019880,0.020066266666666666
86,823,Y,6008896,0.020029653333333335
527,49,Y,5988848,0.019962826666666666
86,818,Y,5970400,0.019901333333333333
29,362,Y,5955856,0.019852853333333333
66,659,Y,5954280,0.0198476
987,107,Y,5924056,0.01974685333333333
828,87,Y,5909352,0.01969784
11,217,Y,5908856,0.019696186666666664
465,42,Y,5904720,0.019682400000000003
808,85,Y,5901200,0.019670666666666666
90,850,Y,5899384,0.019664613333333334
802,84,Y,5898512,0.019661706666666667
27,345,Y,5897264,0.019657546666666668
31,377,Y,5891800,0.01963933333333333
651,65,Y,5870848,0.019569493333333333
9,203,Y,5868536,0.019561786666666667
693,70,Y,5867400,0.019558
47,506,Y,5844192,0.01948064
751,77,Y,5836048,0.019453493333333335
110,1014,Y,5820688,0.019402293333333334
476,43,Y,5812456,0.01937485333333333
66,661,Y,5806768,0.019355893333333336
3,56,N,5771720,0.019239066666666665
36,418,Y,5753304,0.01917768
419,36,Y,5745856,0.019152853333333334
534,50,Y,5745440,0.019151466666666665
570,55,Y,5744752,0.019149173333333335
103,956,Y,5740912,0.01913637333333333
116,1057,Y,5736824,0.019122746666666666
431,37,Y,5734432,0.019114773333333335
48,518,Y,5707928,0.019026426666666665
16,262,Y,5707096,0.01902365333333333
277,18,Y,5682496,0.018941653333333332
74,726,Y,5663344,0.018877813333333333
57,587,Y,5660144,0.018867146666666668
353,28,Y,5659128,0.01886376
807,84,Y,5637312,0.018791040000000002
1138,126,Y,5636136,0.01878712
68,672,Y,5632928,0.018776426666666665
1109,122,Y,5632824,0.01877608
113,1039,Y,5621640,0.0187388
58,599,Y,5618112,0.01872704
6,176,Y,5587080,0.0186236
1017,111,Y,5580384,0.018601279999999998
94,886,Y,5567320,0.018557733333333333
7,188,Y,5559448,0.018531493333333333
1077,118,Y,5556032,0.018520106666666668
662,66,Y,5554792,0.01851597333333333
77,751,Y,5553208,0.01851069333333333
529,50,Y,5523608,0.018412026666666664
942,101,Y,5515696,0.018385653333333335
597,58,Y,5488608,0.01829536
899,96,Y,5484176,0.018280586666666668
515,48,Y,5479616,0.018265386666666668
927,99,Y,5458760,0.018195866666666668
68,676,Y,5431032,0.018103440000000002
77,744,Y,5415160,0.018050533333333334
760,79,Y,5399896,0.017999653333333334
638,63,Y,5394824,0.017982746666666667
2,146,Y,5394448,0.017981493333333334
1088,120,Y,5372920,0.017909733333333334
1131,125,Y,5369960,0.017899866666666667
1073,118,Y,5344832,0.017816106666666665
87,830,Y,5322704,0.017742346666666665
1057,116,Y,5322680,0.017742266666666666
620,61,Y,5322136,0.017740453333333333
400,34,Y,5307464,0.017691546666666665
967,104,Y,5297936,0.017659786666666667
61,621,Y,5269032,0.01756344
113,1035,Y,5264792,0.017549306666666667
126,1136,Y,5263184,0.017543946666666668
885,94,Y,5252688,0.01750896
14,241,Y,5228936,0.017429786666666666
736,76,Y,5216600,0.017388666666666667
378,31,Y,5214576,0.017381920000000002
44,481,Y,5201488,0.017338293333333334
611,60,Y,5190040,0.017300133333333335
101,941,Y,5185320,0.0172844
873,93,Y,5170200,0.017234
689,70,Y,5160696,0.01720232
120,1094,Y,5155080,0.0171836
683,69,Y,5151232,0.017170773333333333
1089,120,Y,5147392,0.017157973333333333
60,612,Y,5138408,0.017128026666666667
991,107,Y,5121296,0.017070986666666666
782,81,Y,5119064,0.017063546666666665
1,137,Y,5118968,0.017063226666666667
741,76,Y,5114696,0.01704898666666667
45,495,Y,5112328,0.017041093333333333
669,67,Y,5108456,0.017028186666666667
0,134,Y,5093656,0.016978853333333335
78,758,Y,5082600,0.016942
20,290,Y,5068848,0.01689616
70,689,Y,5062504,0.016875013333333334
48,514,Y,5059072,0.016863573333333333
155,3,Y,5041352,0.016804506666666667
19,283,Y,5036216,0.016787386666666668
116,1056,Y,5035024,0.016783413333333334
62,628,Y,5025136,0.01675045333333333
654,65,Y,5006968,0.01668989333333333
1053,115,Y,4998328,0.016661093333333335
49,525,Y,4995800,0.016652666666666666
658,66,Y,4992144,0.01664048
84,804,Y,4986440,0.016621466666666668
54,561,Y,4981088,0.016603626666666666
63,638,Y,4978592,0.016595306666666667
645,64,Y,4978216,0.016594053333333334
648,65,Y,4967824,0.016559413333333335
767,79,Y,4967248,0.016557493333333336
860,91,Y,4958920,0.016529733333333334
1063,116,Y,4956040,0.016520133333333333
164,4,Y,4944856,0.016482853333333332
842,89,Y,4941688,0.016472293333333332
955,103,Y,4936328,0.016454426666666667
102,947,Y,4925344,0.016417813333333333
22,309,Y,4918144,0.016393813333333333
44,483,Y,4910072,0.016366906666666667
74,727,Y,4908016,0.016360053333333333
54,566,Y,4901792,0.016339306666666668
568,55,Y,4896408,0.01632136
55,572,Y,4882376,0.016274586666666667
1026,112,Y,4869256,0.016230853333333333
840,89,Y,4862192,0.016207306666666667
40,455,Y,4861680,0.0162056
245,14,Y,4857760,0.016192533333333335
911,97,Y,4849968,0.01616656
281,19,Y,4833352,0.016111173333333336
992,108,Y,4829640,0.0160988
750,77,Y,4804984,0.016016613333333332
1072,118,Y,4799840,0.015999466666666667
5,175,Y,4791744,0.01597248
22,307,Y,4790008,0.015966693333333334
293,20,Y,4785512,0.01595170666666667
33,396,Y,4778208,0.015927359999999998
299,21,Y,4777784,0.015925946666666666
610,60,Y,4760120,0.015867066666666665
263,16,Y,4749328,0.015831093333333334
17,267,Y,4744584,0.01581528
1122,124,Y,4741416,0.015804719999999998
97,910,Y,4722600,0.015742
541,51,Y,4716280,0.015720933333333333
234,13,Y,4713000,0.01571
110,1013,Y,4707512,0.015691706666666666
20,292,Y,4706272,0.015687573333333333
56,577,Y,4687160,0.015623866666666666
969,105,Y,4675936,0.015586453333333333
158,3,Y,4673336,0.015577786666666666
995,108,Y,4670720,0.015569066666666666
186,7,Y,4641856,0.015472853333333333
908,97,Y,4641448,0.015471493333333333
306,22,Y,4640136,0.015467120000000001
52,548,Y,4638672,0.015462240000000002
1,139,Y,4637632,0.015458773333333332
1142,126,Y,4637040,0.0154568
607,59,Y,4636392,0.01545464
533,50,Y,4635880,0.015452933333333333
105,973,Y,4622048,0.015406826666666665
25,329,Y,4610544,0.015368479999999999
81,780,Y,4608904,0.015363013333333333
888,95,Y,4602968,0.015343226666666668
295,20,Y,4582736,0.015275786666666666
43,473,Y,4561648,0.015205493333333332
12,231,Y,4561024,0.015203413333333334
543,51,Y,4554824,0.015182746666666667
851,90,Y,4533336,0.01511112
68,677,Y,4528416,0.01509472
1005,109,Y,4526832,0.015089439999999999
4,161,Y,4507776,0.015025920000000002
890,95,Y,4507264,0.015024213333333333
46,501,Y,4503856,0.015012853333333333
312,23,Y,4493176,0.014977253333333334
922,99,Y,4488400,0.014961333333333333
117,1071,Y,4476672,0.01492224
3,152,Y,4474136,0.014913786666666666
1135,125,Y,4464648,0.01488216
123,1116,Y,4464640,0.014882133333333334
112,1027,Y,4455304,0.014851013333333333
29,366,Y,4454512,0.014848373333333333
4,165,Y,4447344,0.01482448
71,703,Y,4445112,0.014817039999999998
41,461,Y,4442352,0.014807840000000001
232,13,Y,4437600,0.014792000000000001
684,69,Y,4437104,0.014790346666666666
667,67,Y,4436600,0.014788666666666665
264,17,Y,4435760,0.014785866666666668
745,77,Y,4428504,0.01476168
120,1090,Y,4414208,0.014714026666666668
1037,113,Y,4411936,0.014706453333333333
67,666,Y,4403864,0.014679546666666668
209,10,Y,4403000,0.014676666666666666
720,74,Y,4401008,0.014670026666666666
118,1075,Y,4390616,0.014635386666666665
947,102,Y,4389432,0.01463144
1112,123,Y,4388904,0.014629679999999999
104,962,Y,4387096,0.014623653333333334
51,537,Y,4372896,0.01457632
73,713,Y,4371720,0.0145724
1134,125,Y,4368392,0.014561306666666666
53,555,Y,4361832,0.01453944
9,204,Y,4361040,0.014536799999999999
62,631,Y,4359856,0.014532853333333332
854,90,Y,4358888,0.014529626666666667
34,404,Y,4358224,0.014527413333333334
80,772,Y,4355312,0.014517706666666668
83,796,Y,4349520,0.0144984
567,54,Y,4342048,0.014473493333333332
68,673,Y,4336016,0.014453386666666668
30,375,Y,4332416,0.014441386666666665
94,884,Y,4328272,0.014427573333333334
822,86,Y,4314400,0.014381333333333333
8,195,Y,4310328,0.01436776
104,966,Y,4308024,0.014360079999999999
470,42,Y,4306216,0.014354053333333333
62,627,Y,4302472,0.014341573333333333
220,11,Y,4274192,0.014247306666666666
58,598,Y,4260424,0.014201413333333334
77,747,Y,4247680,0.014158933333333333
876,93,Y,4242592,0.014141973333333335
91,862,Y,4237504,0.014125013333333332
41,456,Y,4236408,0.01412136
616,61,Y,4236408,0.01412136
733,75,Y,4233584,0.014111946666666667
309,22,Y,4230312,0.01410104
136,1,Y,4223496,0.01407832
35,412,Y,4218704,0.014062346666666666
175,5,Y,4216896,0.01405632
199,8,Y,4216680,0.014055599999999998
15,251,Y,4214096,0.014046986666666665
12,230,Y,4213928,0.014046426666666667
124,1120,Y,4209136,0.014030453333333333
75,731,Y,4204952,0.014016506666666666
1113,123,Y,4204200,0.014014
15,249,Y,4196328,0.013987759999999998
472,43,Y,4193064,0.013976879999999999
171,5,Y,4188712,0.013962373333333333
12,229,Y,4165744,0.013885813333333333
1086,119,Y,4161368,0.013871226666666668
495,45,Y,4160472,0.01386824
97,904,Y,4151512,0.013838373333333332
794,83,Y,4145504,0.013818346666666665
101,936,Y,4141888,0.013806293333333332
19,285,Y,4141328,0.013804426666666668
867,92,Y,4139808,0.01379936
60,610,Y,4130792,0.013769306666666667
170,5,Y,4118000,0.013726666666666668
1137,126,Y,4117968,0.01372656
32,390,Y,4112672,0.013708906666666666
69,682,Y,4108000,0.013693333333333335
1121,124,Y,4097632,0.013658773333333332
65,648,Y,4089824,0.013632746666666667
43,476,Y,4089064,0.013630213333333335
62,626,Y,4079536,0.013598453333333333
2,148,Y,4077128,0.013590426666666667
64,641,Y,4076656,0.013588853333333333
522,49,Y,4072176,0.01357392
958,103,Y,4067800,0.013559333333333333
845,89,Y,4067160,0.0135572
86,820,Y,4060728,0.01353576
753,78,Y,4055776,0.013519253333333332
708,72,Y,4047704,0.013492346666666667
103,958,Y,4045736,0.013485786666666666
59,604,Y,4040768,0.013469226666666667
5,168,Y,4034816,0.013449386666666667
50,534,Y,4034768,0.013449226666666666
1045,114,Y,4031936,0.013439786666666668
833,88,Y,4031160,0.0134372
1043,114,Y,4030712,0.013435706666666667
58,597,Y,4027752,0.01342584
359,28,Y,4024656,0.013415519999999998
879,93,Y,4022040,0.0134068
125,1132,Y,4006392,0.013354640000000001
79,760,Y,4005768,0.01335256
426,37,Y,3996392,0.013321306666666666
138,1,Y,3994936,0.013316453333333332
28,356,Y,3986448,0.013288159999999999
124,1123,Y,3982672,0.013275573333333332
774,80,Y,3971400,0.013238
825,87,Y,3970512,0.01323504
986,107,Y,3965216,0.013217386666666667
1104,122,Y,3964752,0.013215840000000001
120,1095,Y,3962776,0.013209253333333334
32,388,Y,3957480,0.0131916
111,1021,Y,3955304,0.013184346666666666
57,591,Y,3943968,0.01314656
436,38,Y,3943528,0.013145093333333333
44,485,Y,3941488,0.013138293333333335
387,32,Y,3941480,0.013138266666666667
2,150,Y,3936040,0.013120133333333332
1141,126,Y,3933824,0.013112746666666666
134,0,Y,3929296,0.013097653333333332
484,44,Y,3919848,0.01306616
108,995,Y,3915360,0.0130512
118,1079,Y,3914840,0.013049466666666665
16,263,Y,3908632,0.013028773333333334
222,11,Y,3907088,0.013023626666666666
87,826,Y,3905128,0.013017093333333334
104,965,Y,3901112,0.013003706666666665
983,106,Y,3894488,0.012981626666666666
27,350,Y,3890048,0.012966826666666665
1042,114,Y,3888976,0.012963253333333332
505,47,Y,3883880,0.012946266666666668
904,97,Y,3882992,0.012943306666666666
114,1043,Y,3882592,0.012941973333333332
46,500,Y,3881984,0.012939946666666667
999,108,Y,3881320,0.012937733333333333
943,101,Y,3877480,0.012924933333333333
596,58,Y,3876752,0.012922506666666667
53,559,Y,3874448,0.012914826666666665
116,1061,Y,3871608,0.01290536
22,306,Y,3867400,0.012891333333333333
100,932,Y,3866456,0.012888186666666667
142,1,Y,3861416,0.012871386666666665
47,505,Y,3861008,0.012870026666666668
226,12,Y,3857504,0.012858346666666666
15,254,Y,3853312,0.012844373333333332
815,85,Y,3850032,0.01283344
308,22,Y,3848632,0.012828773333333333
16,260,Y,3848072,0.012826906666666665
86,817,Y,3847512,0.01282504
120,1091,Y,3844712,0.012815706666666668
961,104,Y,3839176,0.012797253333333333
1143,126,Y,3835576,0.012785253333333333
121,1098,Y,3824744,0.012749146666666666
145,2,Y,3824496,0.01274832
303,21,Y,3822248,0.012740826666666667
467,42,Y,3821816,0.012739386666666666
62,629,Y,3813016,0.012710053333333334
122,1111,Y,3810224,0.012700746666666669
105,968,Y,3808264,0.012694213333333334
749,77,Y,3807296,0.012690986666666666
79,761,Y,3805976,0.012686586666666666
809,85,Y,3804208,0.012680693333333335
1094,120,Y,3798040,0.012660133333333332
390,32,Y,3793952,0.012646506666666666
36,416,Y,3790704,0.01263568
398,33,Y,3790256,0.012634186666666665
77,749,Y,3788240,0.012627466666666667
586,57,Y,3786808,0.012622693333333334
777,81,Y,3783736,0.012612453333333334
811,85,Y,3782736,0.012609120000000001
531,50,Y,3782104,0.012607013333333332
893,95,Y,3781976,0.012606586666666668
469,42,Y,3777624,0.012592079999999999
43,472,Y,3773232,0.012577439999999999
116,1060,Y,3764688,0.01254896
99,922,Y,3763112,0.012543706666666668
1093,120,Y,3754584,0.012515280000000002
104,964,Y,3750480,0.012501600000000002
22,308,Y,3749400,0.012498000000000002
215,10,Y,3738960,0.0124632
47,511,Y,3737280,0.0124576
46,502,Y,3735824,0.012452746666666667
70,690,Y,3733304,0.012444346666666667
863,91,Y,3730480,0.012434933333333335
355,28,Y,3728752,0.012429173333333333
92,868,Y,3724080,0.0124136
1150,127,Y,3720560,0.012401866666666666
115,1049,Y,3715512,0.01238504
401,34,Y,3705880,0.012352933333333333
434,38,Y,3699112,0.012330373333333334
205,9,Y,3685960,0.012286533333333334
1031,112,Y,3683376,0.012277920000000001
776,81,Y,3678968,0.012263226666666665
21,298,Y,3678176,0.012260586666666668
43,474,Y,3677352,0.01225784
1084,119,Y,3674744,0.012249146666666667
35,408,Y,3671592,0.012238639999999999
456,41,Y,3667416,0.012224720000000001
103,957,Y,3666936,0.01222312
48,516,Y,3658544,0.012195146666666667
565,54,Y,3652544,0.012175146666666666
58,596,Y,3652456,0.012174853333333334
792,83,Y,3651648,0.01217216
404,34,Y,3650368,0.012167893333333334
127,1146,Y,3648528,0.01216176
1066,117,Y,3646152,0.01215384
24,326,Y,3644584,0.012148613333333332
450,40,Y,3641744,0.012139146666666666
3,158,Y,3637832,0.012126106666666667
62,630,Y,3636232,0.012120773333333333
966,104,Y,3633584,0.012111946666666666
140,1,Y,3633216,0.01211072
42,467,Y,3632176,0.012107253333333333
44,486,Y,3629992,0.012099973333333333
99,926,Y,3629528,0.012098426666666667
6,178,Y,3619960,0.012066533333333334
349,27,Y,3619600,0.012065333333333332
105,974,Y,3618136,0.012060453333333334
129,0,Y,3614496,0.012048320000000001
208,10,Y,3613744,0.012045813333333334
28,359,Y,3613208,0.012044026666666667
83,794,Y,3612008,0.012040026666666667
827,87,Y,3611720,0.012039066666666667
118,1076,Y,3603048,0.012010159999999999
125,1133,Y,3593064,0.01197688
3,157,Y,3590664,0.01196888
255,15,Y,3590600,0.011968666666666666
462,41,Y,3589616,0.011965386666666668
87,831,Y,3584656,0.011948853333333334
52,544,Y,3582592,0.011941973333333333
502,46,Y,3565592,0.011885306666666666
326,24,Y,3558776,0.011862586666666666
76,741,Y,3557784,0.01185928
1108,122,Y,3557448,0.01185816
195,8,Y,3553144,0.011843813333333333
257,16,Y,3550696,0.011835653333333333
30,374,Y,3550664,0.011835546666666667
291,20,Y,3547552,0.011825173333333334
685,69,Y,3544184,0.011813946666666667
84,807,Y,3543184,0.011810613333333332
692,70,Y,3539280,0.0117976
798,83,Y,3530904,0.01176968
210,10,Y,3513328,0.011711093333333334
836,88,Y,3512600,0.011708666666666666
874,93,Y,3512152,0.011707173333333334
115,1053,Y,3509456,0.011698186666666667
624,62,Y,3506952,0.01168984
218,11,Y,3505960,0.011686533333333334
672,68,Y,3505728,0.01168576
262,16,Y,3502896,0.011676319999999999
735,75,Y,3501208,0.011670693333333334
8,193,Y,3494304,0.01164768
95,894,Y,3493520,0.011645066666666667
244,14,Y,3491616,0.01163872
13,234,Y,3483888,0.01161296
20,291,Y,3483848,0.011612826666666666
848,90,Y,3478952,0.011596506666666668
69,680,Y,3477920,0.011593066666666667
63,639,Y,3472080,0.0115736
89,840,Y,3471128,0.011570426666666666
94,885,Y,3471128,0.011570426666666666
475,43,Y,3470008,0.011566693333333334
627,62,Y,3467632,0.011558773333333335
144,2,Y,3463856,0.011546186666666666
1067,117,Y,3461184,0.011537279999999999
64,646,Y,3457576,0.011525253333333334
63,634,Y,3451768,0.011505893333333333
23,317,Y,3450648,0.011502159999999999
83,795,Y,3450024,0.011500080000000001
35,411,Y,3449424,0.01149808
85,815,Y,3447184,0.011490613333333333
6,177,Y,3443192,0.011477306666666666
119,1081,Y,3441856,0.011472853333333333
55,573,Y,3441216,0.01147072
670,67,Y,3438832,0.011462773333333334
37,426,Y,3433176,0.01144392
98,912,Y,3430152,0.01143384
646,64,Y,3426656,0.011422186666666667
52,549,Y,3426208,0.011420693333333334
39,447,Y,3418280,0.011394266666666666
818,86,Y,3417816,0.01139272
89,844,Y,3416144,0.011387146666666667
1149,127,Y,3415200,0.011384
196,8,Y,3415048,0.011383493333333333
898,96,Y,3413416,0.011378053333333334
271,17,Y,3413048,0.011376826666666666
613,60,Y,3412872,0.01137624
118,1078,Y,3405472,0.011351573333333333
837,88,Y,3403520,0.011345066666666665
98,919,Y,3397232,0.011324106666666667
81,783,Y,3392936,0.011309786666666667
29,365,Y,3392128,0.011307093333333334
473,43,Y,3391688,0.011305626666666665
108,994,Y,3388832,0.011296106666666667
85,814,Y,3388152,0.01129384
36,419,Y,3384400,0.011281333333333334
666,67,Y,3383360,0.011277866666666667
71,696,Y,3382336,0.011274453333333333
852,90,Y,3374536,0.011248453333333333
40,451,Y,3372688,0.011242293333333334
86,822,Y,3370592,0.011235306666666667
123,1113,Y,3365512,0.011218373333333333
82,787,Y,3364136,0.011213786666666666
318,23,Y,3362848,0.011209493333333334
709,72,Y,3362600,0.011208666666666667
73,719,Y,3357688,0.011192293333333334
396,33,Y,3356752,0.011189173333333333
820,86,Y,3355672,0.011185573333333332
8,194,Y,3350160,0.0111672
617,61,Y,3349904,0.011166346666666667
532,50,Y,3344184,0.011147279999999999
113,1037,Y,3343256,0.011144186666666667
608,60,Y,3340904,0.011136346666666666
86,819,Y,3337432,0.011124773333333334
948,102,Y,3336112,0.011120373333333333
117,1066,Y,3334448,0.011114826666666668
329,25,Y,3330904,0.011103013333333333
109,1002,Y,3330304,0.011101013333333333
964,104,Y,3328248,0.011094159999999999
94,882,Y,3326976,0.01108992
114,1042,Y,3325480,0.011084933333333333
104,967,Y,3322704,0.01107568
40,450,Y,3319952,0.011066506666666667
93,875,Y,3317960,0.011059866666666666
11,220,Y,3317080,0.011056933333333335
14,245,Y,3315768,0.011052560000000001
274,18,Y,3315360,0.0110512
100,934,Y,3313096,0.011043653333333334
79,765,Y,3312024,0.01104008
1092,120,Y,3311760,0.011039199999999999
18,273,Y,3311360,0.011037866666666667
650,65,Y,3300784,0.011002613333333333
363,29,Y,3298336,0.010994453333333334
81,781,Y,3296720,0.010989066666666667
875,93,Y,3296568,0.01098856
64,647,Y,3295240,0.010984133333333333
2,151,Y,3295152,0.01098384
126,1139,Y,3290928,0.01096976
216,11,Y,3289304,0.010964346666666666
65,654,Y,3288464,0.010961546666666667
1060,116,Y,3285888,0.01095296
442,39,Y,3285648,0.010952159999999999
95,891,Y,3285552,0.010951840000000001
69,687,Y,3284264,0.010947546666666667
1047,114,Y,3277888,0.010926293333333333
10,208,Y,3273792,0.01091264
29,361,Y,3271880,0.010906266666666666
265,17,Y,3265416,0.01088472
23,318,Y,3264768,0.010882560000000001
424,37,Y,3259400,0.010864666666666667
1105,122,Y,3259056,0.010863520000000002
100,930,Y,3252184,0.010840613333333334
1095,120,Y,3249992,0.010833306666666665
411,35,Y,3246704,0.010822346666666666
184,7,Y,3244240,0.010814133333333333
634,63,Y,3242912,0.010809706666666667
36,417,Y,3239104,0.010797013333333333
501,46,Y,3234040,0.010780133333333332
97,907,Y,3231104,0.010770346666666666
643,64,Y,3224600,0.010748666666666667
630,62,Y,3222584,0.010741946666666667
45,488,Y,3221552,0.010738506666666666
19,281,Y,3220760,0.010735866666666666
24,320,Y,3219856,0.010732853333333334
80,768,Y,3217392,0.01072464
26,340,Y,3215808,0.01071936
572,55,Y,3214720,0.010715733333333333
762,79,Y,3213184,0.010710613333333334
102,948,Y,3213112,0.010710373333333334
694,70,Y,3212592,0.01070864
102,946,Y,3212152,0.010707173333333334
97,906,Y,3211400,0.010704666666666668
51,536,Y,3210344,0.010701146666666666
89,846,Y,3210336,0.01070112
758,78,Y,3208312,0.010694373333333333
664,67,Y,3205320,0.0106844
40,454,Y,3203088,0.01067696
231,12,Y,3202944,0.01067648
105,969,Y,3201648,0.01067216
124,1125,Y,3199016,0.010663386666666667
300,21,Y,3196288,0.010654293333333334
973,105,Y,3196272,0.01065424
53,558,Y,3186528,0.010621760000000001
2,149,Y,3185824,0.010619413333333333
628,62,Y,3181224,0.01060408
1035,113,Y,3180776,0.010602586666666667
85,813,Y,3180320,0.010601066666666666
131,0,Y,3175960,0.010586533333333334
126,1138,Y,3175392,0.010584640000000001
912,98,Y,3174352,0.010581173333333332
781,81,Y,3168960,0.0105632
22,305,Y,3158728,0.010529093333333335
806,84,Y,3152432,0.010508106666666668
600,59,Y,3151448,0.010504826666666666
93,878,Y,3146968,0.010489893333333333
157,3,Y,3146816,0.010489386666666666
39,445,Y,3146656,0.010488853333333334
870,92,Y,3146336,0.010487786666666665
546,52,Y,3145856,0.010486186666666666
27,346,Y,3142128,0.01047376
1030,112,Y,3141976,0.010473253333333333
76,739,Y,3139976,0.010466586666666666
41,457,Y,3137304,0.01045768
48,519,Y,3137192,0.010457306666666668
936,101,Y,3131024,0.010436746666666667
900,96,Y,3117984,0.01039328
116,1059,Y,3117392,0.010391306666666668
236,13,Y,3113840,0.010379466666666667
24,327,Y,3110800,0.010369333333333333
989,107,Y,3109016,0.010363386666666667
81,779,Y,3108104,0.010360346666666667
360,29,Y,3105248,0.010350826666666667
66,656,Y,3103680,0.0103456
89,841,Y,3103128,0.010343759999999999
36,420,Y,3102312,0.010341040000000001
268,17,Y,3100744,0.010335813333333332
55,574,Y,3100712,0.010335706666666666
26,337,Y,3100128,0.01033376
53,557,Y,3093928,0.010313093333333334
112,1028,Y,3092632,0.010308773333333333
106,980,Y,3092232,0.01030744
30,368,Y,3090920,0.010303066666666666
130,0,Y,3084200,0.010280666666666667
6,181,Y,3083280,0.010277600000000001
53,556,Y,3082232,0.010274106666666666
16,258,Y,3082128,0.01027376
945,102,Y,3080248,0.010267493333333334
92,867,Y,3079480,0.010264933333333334
117,1070,Y,3079056,0.01026352
914,98,Y,3076008,0.01025336
560,54,Y,3068304,0.01022768
119,1086,Y,3067128,0.01022376
55,569,Y,3066296,0.010220986666666666
127,1151,Y,3065928,0.01021976
24,321,Y,3065648,0.010218826666666667
111,1022,Y,3063352,0.010211173333333334
148,2,Y,3060264,0.01020088
602,59,Y,3056488,0.010188293333333334
91,857,Y,3049072,0.010163573333333334
119,1082,Y,3047048,0.010156826666666667
66,662,Y,3041688,0.01013896
906,97,Y,3038584,0.010128613333333335
849,90,Y,3033760,0.010112533333333333
111,1018,Y,3030104,0.010100346666666666
714,73,Y,3029120,0.010097066666666668
17,266,Y,3028672,0.010095573333333333
491,45,Y,3028232,0.010094106666666667
72,704,Y,3026456,0.010088186666666667
47,504,Y,3023848,0.010079493333333333
27,347,Y,3022696,0.010075653333333334
321,24,Y,3017128,0.010057093333333333
994,108,Y,3014376,0.01004792
640,64,Y,3012976,0.010043253333333333
737,76,Y,3007472,0.010024906666666666
5,171,Y,3006368,0.010021226666666666
119,1087,Y,3005096,0.010016986666666667
839,88,Y,3004560,0.0100152
14,240,Y,3002568,0.01000856
952,103,Y,2999976,0.00999992
1024,112,Y,2992688,0.009975626666666666
545,52,Y,2991704,0.009972346666666666
656,66,Y,2989824,0.00996608
82,785,Y,2987408,0.009958026666666668
96,902,Y,2982736,0.009942453333333334
599,58,Y,2975744,0.009919146666666667
1016,111,Y,2974472,0.009914906666666666
598,58,Y,2967456,0.009891519999999999
481,44,Y,2958968,0.009863226666666667
1021,111,Y,2954008,0.009846693333333333
768,80,Y,2951680,0.009838933333333333
42,464,Y,2950440,0.0098348
459,41,Y,2948656,0.009828853333333333
296,21,Y,2947792,0.009825973333333333
9,202,Y,2947192,0.009823973333333333
25,332,Y,2946536,0.009821786666666667
16,256,Y,2944840,0.009816133333333333
3,153,Y,2944464,0.00981488
18,277,Y,2938824,0.00979608
965,104,Y,2937712,0.009792373333333333
301,21,Y,2935384,0.009784613333333332
14,247,Y,2933792,0.009779306666666668
49,523,Y,2933152,0.009777173333333333
504,47,Y,2932264,0.009774213333333334
738,76,Y,2927864,0.009759546666666667
812,85,Y,2927608,0.009758693333333334
176,6,Y,2926800,0.009755999999999999
85,812,Y,2925576,0.00975192
882,94,Y,2924592,0.00974864
120,1089,Y,2922232,0.009740773333333333
102,950,Y,2922096,0.00974032
919,98,Y,2917384,0.009724613333333333
1050,115,Y,2915072,0.009716906666666667
41,459,Y,2909848,0.009699493333333333
881,94,Y,2908616,0.009695386666666667
17,265,Y,2908176,0.00969392
962,104,Y,2903992,0.009679973333333333
91,861,Y,2899136,0.009663786666666667
122,1110,Y,2898840,0.0096628
58,593,Y,2896360,0.009654533333333333
89,843,Y,2892848,0.009642826666666666
932,100,Y,2890584,0.00963528
94,880,Y,2888824,0.009629413333333333
564,54,Y,2887032,0.00962344
302,21,Y,2887016,0.009623386666666667
284,19,Y,2886248,0.009620826666666667
82,789,Y,2884768,0.009615893333333334
71,697,Y,2883792,0.009612639999999999
1000,109,Y,2882608,0.009608693333333333
9,201,Y,2877296,0.009590986666666666
80,769,Y,2870544,0.00956848
114,1047,Y,2868912,0.00956304
4,166,Y,2867952,0.00955984
64,645,Y,2861440,0.009538133333333334
7,187,Y,2860456,0.009534853333333333
1129,125,Y,2855648,0.009518826666666666
445,39,Y,2854904,0.009516346666666666
53,552,Y,2851584,0.00950528
206,9,Y,2851584,0.00950528
317,23,Y,2851304,0.009504346666666667
47,508,Y,2850360,0.009501200000000001
553,53,Y,2849848,0.009499493333333333
41,458,Y,2847480,0.0094916
4,162,Y,2841936,0.00947312
24,322,Y,2841232,0.009470773333333333
1125,124,Y,2840576,0.009468586666666666
112,1024,Y,2840272,0.009467573333333333
394,33,Y,2838440,0.009461466666666666
90,851,Y,2836648,0.009455493333333334
290,20,Y,2836400,0.009454666666666667
1132,125,Y,2835680,0.009452266666666667
193,8,Y,2835656,0.009452186666666666
185,7,Y,2833896,0.00944632
959,103,Y,2832944,0.009443146666666668
122,1105,Y,2831112,0.009437039999999999
8,197,Y,2828944,0.009429813333333334
601,59,Y,2828888,0.009429626666666666
592,58,Y,2828632,0.009428773333333333
759,78,Y,2828112,0.009427040000000001
1,136,Y,2827376,0.009424586666666667
127,1150,Y,2825776,0.009419253333333332
110,1012,Y,2825352,0.00941784
1091,120,Y,2823464,0.009411546666666668
926,99,Y,2819488,0.009398293333333333
59,602,Y,2816416,0.009388053333333334
294,20,Y,2813552,0.009378506666666666
423,36,Y,2812992,0.00937664
639,63,Y,2809432,0.009364773333333333
67,668,Y,2808072,0.00936024
103,955,Y,2806784,0.009355946666666667
1048,115,Y,2806528,0.009355093333333333
996,108,Y,2806376,0.009354586666666666
1117,123,Y,2806112,0.009353706666666666
425,37,Y,2805480,0.0093516
119,1085,Y,2803760,0.009345866666666666
261,16,Y,2799840,0.0093328
43,479,Y,2799208,0.009330693333333334
18,272,Y,2798464,0.009328213333333333
861,91,Y,2797928,0.009326426666666667
557,53,Y,2795744,0.009319146666666667
18,275,Y,2795360,0.009317866666666666
698,71,Y,2795264,0.009317546666666668
336,26,Y,2794208,0.009314026666666668
428,37,Y,2792760,0.0093092
488,45,Y,2790536,0.009301786666666666
135,0,Y,2789768,0.009299226666666665
315,23,Y,2789248,0.009297493333333334
688,70,Y,2788064,0.009293546666666668
44,487,Y,2787768,0.00929256
12,224,Y,2786464,0.009288213333333333
539,51,Y,2785808,0.009286026666666667
500,46,Y,2785616,0.009285386666666668
57,589,Y,2784352,0.009281173333333333
1051,115,Y,2782024,0.009273413333333333
97,905,Y,2780776,0.009269253333333333
21,297,Y,2777856,0.00925952
248,15,Y,2775392,0.009251306666666667
2,144,Y,2774336,0.009247786666666667
117,1069,Y,2772592,0.009241973333333334
980,106,Y,2772496,0.009241653333333334
101,938,Y,2769880,0.009232933333333334
13,236,Y,2769800,0.009232666666666667
118,1077,Y,2764664,0.009215546666666666
907,97,Y,2762800,0.009209333333333333
1118,123,Y,2760144,0.00920048
324,24,Y,2758800,0.009196
937,101,Y,2754392,0.009181306666666667
968,105,Y,2750464,0.009168213333333333
77,746,Y,2749464,0.00916488
80,770,Y,2747816,0.009159386666666667
665,67,Y,2747696,0.009158986666666665
97,909,Y,2744888,0.009149626666666666
365,29,Y,2742120,0.0091404
374,30,Y,2738488,0.009128293333333334
555,53,Y,2735728,0.009119093333333333
66,657,Y,2733976,0.009113253333333333
45,492,Y,2733368,0.009111226666666666
117,1065,Y,2728536,0.00909512
67,667,Y,2725296,0.00908432
17,270,Y,2724400,0.009081333333333334
1069,117,Y,2723624,0.009078746666666667
903,96,Y,2721688,0.009072293333333334
13,238,Y,2721288,0.00907096
982,106,Y,2720344,0.009067813333333334
728,75,Y,2719616,0.009065386666666666
63,635,Y,2719320,0.0090644
75,729,Y,2716824,0.009056080000000001
310,22,Y,2716560,0.0090552
440,39,Y,2715048,0.00905016
30,369,Y,2712528,0.00904176
75,735,Y,2706592,0.009021973333333334
46,497,Y,2704312,0.009014373333333332
32,384,Y,2699144,0.008997146666666666
801,84,Y,2695184,0.008983946666666668
120,1093,Y,2689824,0.00896608
526,49,Y,2689384,0.008964613333333333
43,475,Y,2683064,0.008943546666666666
190,7,Y,2682768,0.00894256
330,25,Y,2674768,0.008915893333333334
1110,122,Y,2670480,0.0089016
52,547,Y,2669504,0.008898346666666666
153,3,Y,2668512,0.00889504
51,538,Y,2667528,0.00889176
474,43,Y,2666056,0.008886853333333333
187,7,Y,2665400,0.008884666666666666
953,103,Y,2664544,0.008881813333333334
334,25,Y,2662768,0.008875893333333332
103,952,Y,2662760,0.008875866666666666
747,77,Y,2662392,0.00887464
101,937,Y,2660720,0.008869066666666666
373,30,Y,2658712,0.008862373333333333
920,99,Y,2657440,0.008858133333333334
126,1141,Y,2649696,0.00883232
29,367,Y,2648216,0.008827386666666668
107,985,Y,2647208,0.008824026666666667
78,759,Y,2647184,0.008823946666666665
695,70,Y,2646744,0.00882248
213,10,Y,2645520,0.008818399999999999
21,303,Y,2644928,0.008816426666666667
90,855,Y,2644816,0.008816053333333334
18,279,Y,2642864,0.008809546666666668
566,54,Y,2642496,0.00880832
38,434,Y,2642424,0.00880808
795,83,Y,2641736,0.008805786666666668
621,61,Y,2640920,0.008803066666666666
976,106,Y,2640912,0.00880304
238,13,Y,2635752,0.00878584
82,786,Y,2633408,0.008778026666666668
104,960,Y,2630840,0.008769466666666666
95,892,Y,2629608,0.00876536
87,827,Y,2628936,0.008763120000000001
103,954,Y,2628384,0.00876128
559,53,Y,2625456,0.00875152
18,278,Y,2622200,0.008740666666666666
536,51,Y,2622048,0.00874016
108,998,Y,2621480,0.008738266666666666
54,562,Y,2618960,0.008729866666666667
362,29,Y,2618248,0.008727493333333333
887,94,Y,2614400,0.008714666666666666
703,71,Y,2612872,0.008709573333333333
237,13,Y,2612544,0.00870848
37,428,Y,2612048,0.008706826666666667
105,971,Y,2611896,0.00870632
79,767,Y,2610168,0.00870056
755,78,Y,2608360,0.008694533333333334
540,51,Y,2608208,0.008694026666666667
23,315,Y,2605344,0.00868448
59,607,Y,2604640,0.008682133333333333
33,395,Y,2602936,0.008676453333333334
108,999,Y,2599040,0.008663466666666666
366,29,Y,2598224,0.008660746666666667
60,614,Y,2593936,0.008646453333333333
516,48,Y,2590544,0.008635146666666666
19,280,Y,2588096,0.008626986666666666
106,978,Y,2583688,0.008612293333333333
19,284,Y,2581840,0.008606133333333333
161,4,Y,2581824,0.00860608
280,19,Y,2580136,0.008600453333333334
979,106,Y,2577528,0.00859176
282,19,Y,2573880,0.0085796
46,503,Y,2573392,0.008577973333333332
10,214,Y,2573368,0.008577893333333335
649,65,Y,2572824,0.00857608
78,755,Y,2570376,0.00856792
197,8,Y,2569376,0.008564586666666667
59,603,Y,2566304,0.008554346666666667
28,353,Y,2563568,0.008545226666666666
58,594,Y,2563032,0.00854344
38,433,Y,2559800,0.008532666666666668
1009,110,Y,2558856,0.00852952
337,26,Y,2555544,0.00851848
464,42,Y,2552312,0.008507706666666667
100,929,Y,2551384,0.008504613333333333
69,686,Y,2543568,0.00847856
269,17,Y,2541992,0.008473306666666666
109,1004,Y,2539016,0.008463386666666666
10,209,Y,2536656,0.008455520000000001
74,721,Y,2536432,0.008454773333333334
399,33,Y,2534368,0.008447893333333333
30,372,Y,2533064,0.008443546666666666
375,30,Y,2532048,0.008440159999999999
347,27,Y,2531920,0.008439733333333333
757,78,Y,2531296,0.008437653333333333
17,269,Y,2525184,0.00841728
696,71,Y,2521888,0.008406293333333334
339,26,Y,2516624,0.008388746666666667
22,304,Y,2516312,0.008387706666666666
241,14,Y,2514192,0.00838064
960,104,Y,2507632,0.008358773333333333
558,53,Y,2506024,0.008353413333333334
1071,117,Y,2500664,0.008335546666666667
32,387,Y,2500440,0.0083348
971,105,Y,2498736,0.00832912
311,22,Y,2497128,0.008323760000000001
343,26,Y,2496944,0.008323146666666666
7,189,Y,2496464,0.008321546666666665
127,1149,Y,2496168,0.00832056
292,20,Y,2493760,0.008312533333333334
47,510,Y,2492424,0.00830808
117,1067,Y,2489136,0.00829712
42,466,Y,2488792,0.008295973333333333
3,156,Y,2487432,0.00829144
392,33,Y,2487040,0.008290133333333333
83,798,Y,2482752,0.00827584
346,27,Y,2482648,0.008275493333333333
109,1003,Y,2481648,0.00827216
49,526,Y,2481216,0.00827072
240,14,Y,2479408,0.008264693333333333
47,509,Y,2479168,0.008263893333333334
95,895,Y,2477176,0.008257253333333332
369,30,Y,2471192,0.008237306666666668
700,71,Y,2465720,0.008219066666666667
50,532,Y,2465168,0.008217226666666667
438,38,Y,2463664,0.008212213333333333
1004,109,Y,2462792,0.008209306666666668
1056,116,Y,2461760,0.008205866666666665
622,61,Y,2459616,0.00819872
928,100,Y,2458416,0.008194719999999999
91,860,Y,2458248,0.008194159999999999
15,248,Y,2457056,0.008190186666666667
42,471,Y,2453736,0.00817912
743,76,Y,2449736,0.008165786666666666
122,1108,Y,2443824,0.00814608
575,55,Y,2442088,0.008140293333333335
843,89,Y,2439240,0.0081308
137,1,Y,2438880,0.0081296
1041,114,Y,2436784,0.008122613333333334
690,70,Y,2436320,0.008121066666666668
33,398,Y,2435552,0.008118506666666667
93,872,Y,2434520,0.008115066666666667
133,0,Y,2431856,0.008106186666666668
35,409,Y,2430968,0.008103226666666668
106,982,Y,2429936,0.008099786666666666
36,422,Y,2428576,0.008095253333333333
626,62,Y,2428400,0.008094666666666667
345,27,Y,2425456,0.008084853333333333
120,1088,Y,2421024,0.00807008
1049,115,Y,2418096,0.00806032
78,753,Y,2418040,0.008060133333333334
252,15,Y,2417792,0.008059306666666667
88,832,Y,2407192,0.008023973333333333
15,250,Y,2405608,0.008018693333333334
114,1044,Y,2405608,0.008018693333333334
74,720,Y,2405528,0.008018426666666667
90,848,Y,2405272,0.008017573333333333
105,972,Y,2405072,0.008016906666666667
123,1114,Y,2404520,0.008015066666666666
676,68,Y,2397776,0.007992586666666667
6,183,Y,2397664,0.007992213333333333
858,91,Y,2395624,0.007985413333333333
571,55,Y,2391240,0.0079708
647,64,Y,2390272,0.007967573333333334
54,565,Y,2389456,0.007964853333333332
764,79,Y,2388608,0.007962026666666667
225,12,Y,2388456,0.00796152
107,988,Y,2387808,0.00795936
579,56,Y,2385544,0.007951813333333333
314,23,Y,2384432,0.007948106666666666
115,1048,Y,2384256,0.00794752
11,221,Y,2383960,0.007946533333333334
99,927,Y,2382664,0.007942213333333333
826,87,Y,2379056,0.007930186666666667
42,470,Y,2376088,0.007920293333333333
88,834,Y,2375648,0.007918826666666667
243,14,Y,2375080,0.007916933333333334
668,67,Y,2374088,0.007913626666666666
34,407,Y,2368928,0.007896426666666666
14,244,Y,2366608,0.007888693333333334
165,4,Y,2366600,0.007888666666666667
350,27,Y,2366200,0.007887333333333333
101,939,Y,2364104,0.007880346666666666
435,38,Y,2364080,0.007880266666666667
653,65,Y,2363528,0.007878426666666667
1006,109,Y,2363264,0.007877546666666667
10,212,Y,2360320,0.007867733333333333
33,392,Y,2360128,0.007867093333333334
7,185,Y,2359120,0.007863733333333333
40,452,Y,2354648,0.007848826666666666
460,41,Y,2354232,0.007847439999999999
87,829,Y,2352784,0.007842613333333333
606,59,Y,2350928,0.007836426666666667
38,437,Y,2349760,0.007832533333333332
28,354,Y,2347824,0.007826080000000001
574,55,Y,2347008,0.00782336
178,6,Y,2344976,0.007816586666666667
437,38,Y,2342352,0.007807839999999999
62,625,Y,2339968,0.007799893333333333
2,145,Y,2339384,0.007797946666666666
1010,110,Y,2338656,0.007795519999999999
521,49,Y,2337208,0.007790693333333333
1099,121,Y,2334432,0.00778144
1106,122,Y,2334328,0.007781093333333333
55,570,Y,2334288,0.00778096
7,190,Y,2333872,0.007779573333333333
766,79,Y,2333416,0.007778053333333334
110,1009,Y,2328008,0.007760026666666667
84,800,Y,2326120,0.007753733333333334
11,223,Y,2323176,0.0077439200000000005
76,738,Y,2322312,0.007741039999999999
12,227,Y,2322208,0.007740693333333333
75,732,Y,2320736,0.007735786666666667
525,49,Y,2320104,0.00773368
770,80,Y,2319544,0.007731813333333333
125,1134,Y,2318336,0.007727786666666667
50,528,Y,2313360,0.0077112000000000005
1100,121,Y,2310744,0.00770248
156,3,Y,2307808,0.007692693333333334
54,563,Y,2306160,0.007687200000000001
154,3,Y,2304880,0.007682933333333334
41,460,Y,2304104,0.007680346666666667
103,959,Y,2304096,0.00768032
896,96,Y,2302688,0.007675626666666666
88,833,Y,2301672,0.00767224
340,26,Y,2301224,0.007670746666666666
402,34,Y,2298048,0.007660159999999999
0,128,Y,2296016,0.007653386666666666
126,1143,Y,2295352,0.007651173333333334
96,897,Y,2293896,0.007646320000000001
1065,117,Y,2293768,0.007645893333333333
96,903,Y,2292528,0.00764176
120,1092,Y,2290568,0.007635226666666667
191,7,Y,2289096,0.00763032
1116,123,Y,2289040,0.007630133333333333
127,1147,Y,2288192,0.0076273066666666675
1015,110,Y,2287344,0.0076244799999999995
418,36,Y,2284160,0.007613866666666667
113,1033,Y,2280160,0.007600533333333334
25,328,Y,2278776,0.00759592
49,524,Y,2277840,0.007592799999999999
1008,110,Y,2276032,0.007586773333333333
1082,119,Y,2271240,0.0075708
19,286,Y,2270520,0.0075684
909,97,Y,2268656,0.007562186666666667
266,17,Y,2266936,0.0075564533333333335
1097,121,Y,2266808,0.007556026666666667
87,824,Y,2266592,0.007555306666666667
48,517,Y,2263080,0.0075436
761,79,Y,2260352,0.007534506666666667
122,1109,Y,2259568,0.007531893333333334
56,579,Y,2256376,0.0075212533333333335
149,2,Y,2252792,0.007509306666666666
9,205,Y,2252600,0.007508666666666666
514,48,Y,2252304,0.00750768
416,36,Y,2250616,0.007502053333333333
31,376,Y,2249288,0.007497626666666667
8,192,Y,2245976,0.007486586666666666
115,1055,Y,2245912,0.007486373333333334
298,21,Y,2245056,0.00748352
1011,110,Y,2244912,0.00748304
380,31,Y,2241336,0.0074711199999999995
13,232,Y,2239608,0.007465360000000001
831,87,Y,2239248,0.007464159999999999
841,89,Y,2237416,0.007458053333333333
52,545,Y,2236424,0.007454746666666667
23,319,Y,2236416,0.007454720000000001
731,75,Y,2234656,0.007448853333333333
36,421,Y,2234104,0.007447013333333333
88,839,Y,2234016,0.00744672
949,102,Y,2232016,0.007440053333333333
188,7,Y,2228680,0.007428933333333333
67,664,Y,2227976,0.007426586666666666
124,1126,Y,2226712,0.0074223733333333335
886,94,Y,2223080,0.007410266666666667
756,78,Y,2222616,0.00740872
246,14,Y,2220632,0.007402106666666667
393,33,Y,2218856,0.007396186666666666
214,10,Y,2217776,0.007392586666666666
15,253,Y,2217152,0.007390506666666667
816,86,Y,2212928,0.0073764266666666665
34,401,Y,2210960,0.007369866666666666
61,622,Y,2210848,0.0073694933333333336
108,997,Y,2210128,0.007367093333333334
256,16,Y,2209664,0.007365546666666667
386,32,Y,2209328,0.007364426666666667
636,63,Y,2208392,0.007361306666666667
86,821,Y,2205728,0.007352426666666667
940,101,Y,2205408,0.00735136
439,38,Y,2202456,0.00734152
712,73,Y,2202448,0.007341493333333333
561,54,Y,2201448,0.00733816
90,849,Y,2198112,0.00732704
739,76,Y,2194496,0.007314986666666667
113,1032,Y,2194360,0.007314533333333334
974,105,Y,2192320,0.007307733333333334
451,40,Y,2187200,0.007290666666666667
71,699,Y,2184224,0.007280746666666667
580,56,Y,2183392,0.007277973333333334
82,784,Y,2182704,0.00727568
780,81,Y,2169600,0.007232
707,72,Y,2169248,0.007230826666666666
106,976,Y,2168784,0.007229279999999999
0,129,Y,2168440,0.007228133333333333
623,61,Y,2167448,0.007224826666666667
869,92,Y,2165184,0.00721728
39,441,Y,2163472,0.007211573333333333
371,30,Y,2162456,0.007208186666666667
493,45,Y,2157264,0.00719088
101,940,Y,2155152,0.00718384
17,271,Y,2153720,0.007179066666666667
929,100,Y,2153464,0.007178213333333333
528,50,Y,2149560,0.0071652
32,389,Y,2145576,0.007151920000000001
75,733,Y,2144408,0.007148026666666666
77,748,Y,2142768,0.00714256
544,52,Y,2141608,0.007138693333333333
482,44,Y,2139696,0.007132319999999999
111,1016,Y,2138712,0.0071290400000000006
72,706,Y,2136160,0.007120533333333332
1098,121,Y,2135864,0.007119546666666666
1144,127,Y,2135664,0.00711888
397,33,Y,2127096,0.00709032
279,18,Y,2123944,0.007079813333333333
1028,112,Y,2122696,0.0070756533333333335
78,754,Y,2121016,0.007070053333333333
79,764,Y,2120928,0.0070697600000000005
1126,124,Y,2120872,0.007069573333333333
70,695,Y,2117448,0.007058159999999999
19,282,Y,2117248,0.007057493333333333
331,25,Y,2114360,0.007047866666666667
595,58,Y,2110792,0.007035973333333333
82,790,Y,2110016,0.007033386666666666
663,66,Y,2108600,0.007028666666666667
16,257,Y,2108344,0.007027813333333333
977,106,Y,2108136,0.00702712
125,1130,Y,2106408,0.00702136
116,1062,Y,2096552,0.0069885066666666665
660,66,Y,2095784,0.006985946666666666
38,432,Y,2095208,0.006984026666666666
1123,124,Y,2093704,0.006979013333333332
1148,127,Y,2090176,0.006967253333333333
60,611,Y,2090064,0.00696688
941,101,Y,2089400,0.006964666666666668
102,944,Y,2085640,0.006952133333333333
106,979,Y,2083728,0.00694576
247,14,Y,2082824,0.006942746666666667
37,425,Y,2082376,0.006941253333333334
112,1025,Y,2081216,0.0069373866666666666
101,942,Y,2078104,0.006927013333333334
75,728,Y,2074448,0.006914826666666666
429,37,Y,2071688,0.006905626666666666
1034,113,Y,2067376,0.006891253333333333
40,448,Y,2066904,0.0068896800000000005
383,31,Y,2061264,0.006870879999999999
729,75,Y,2061120,0.0068704
1147,127,Y,2059896,0.00686632
56,576,Y,2055984,0.00685328
59,600,Y,2053920,0.0068464
897,96,Y,2051312,0.006837706666666667
1038,113,Y,2049488,0.006831626666666667
189,7,Y,2045816,0.006819386666666667
612,60,Y,2043248,0.006810826666666667
655,65,Y,2040976,0.006803253333333334
88,836,Y,2033608,0.006778693333333334
64,640,Y,2032648,0.006775493333333334
866,92,Y,2032352,0.006774506666666666
923,99,Y,2032152,0.00677384
556,53,Y,2027192,0.0067573066666666666
868,92,Y,2027032,0.006756773333333334
123,1117,Y,2024864,0.006749546666666667
13,237,Y,2024080,0.006746933333333333
254,15,Y,2023840,0.006746133333333333
391,32,Y,2023296,0.00674432
687,69,Y,2019888,0.0067329600000000005
64,642,Y,2018856,0.00672952
871,92,Y,2017096,0.006723653333333334
31,379,Y,2015664,0.00671888
297,21,Y,2011560,0.0067052
722,74,Y,2010664,0.006702213333333333
8,198,Y,2008024,0.006693413333333333
351,27,Y,2006592,0.00668864
659,66,Y,2006168,0.0066872266666666656
36,423,Y,2006080,0.006686933333333333
917,98,Y,2004392,0.006681306666666667
573,55,Y,2003944,0.006679813333333333
1044,114,Y,2003384,0.006677946666666667
73,717,Y,2001496,0.006671653333333334
53,554,Y,1999920,0.006666399999999999
80,771,Y,1991280,0.0066376000000000004
249,15,Y,1990704,0.00663568
38,435,Y,1990640,0.006635466666666666
96,898,Y,1986296,0.006620986666666667
1119,123,Y,1984808,0.006616026666666667
832,88,Y,1983080,0.006610266666666666
327,24,Y,1982936,0.006609786666666667
409,35,Y,1982536,0.006608453333333333
192,8,Y,1980992,0.006603306666666666
803,84,Y,1980880,0.006602933333333333
58,595,Y,1979912,0.006599706666666667
489,45,Y,1978936,0.006596453333333333
930,100,Y,1978760,0.006595866666666666
422,36,Y,1977024,0.006590080000000001
123,1118,Y,1976456,0.006588186666666667
50,535,Y,1974344,0.006581146666666667
200,9,Y,1972512,0.00657504
810,85,Y,1971720,0.0065724
1130,125,Y,1970728,0.006569093333333334
452,40,Y,1968328,0.006561093333333334
77,750,Y,1967768,0.006559226666666668
107,984,Y,1967520,0.0065584
54,567,Y,1965112,0.006550373333333333
122,1107,Y,1963176,0.00654392
889,95,Y,1960960,0.006536533333333333
219,11,Y,1960592,0.006535306666666667
99,923,Y,1959096,0.006530319999999999
1025,112,Y,1958944,0.006529813333333333
63,633,Y,1958888,0.006529626666666666
67,670,Y,1957776,0.006525919999999999
785,82,Y,1957328,0.006524426666666667
212,10,Y,1957176,0.006523920000000001
9,207,Y,1956120,0.006520399999999999
15,255,Y,1953128,0.006510426666666667
221,11,Y,1952448,0.00650816
1145,127,Y,1951456,0.006504853333333334
51,542,Y,1951368,0.0065045599999999995
865,92,Y,1949784,0.0064992800000000005
70,694,Y,1949328,0.00649776
316,23,Y,1946320,0.006487733333333333
789,82,Y,1946128,0.0064870933333333325
79,762,Y,1945760,0.006485866666666666
487,44,Y,1943984,0.006479946666666667
172,5,Y,1942560,0.0064752
0,131,Y,1941584,0.006471946666666667
24,325,Y,1940456,0.006468186666666667
38,439,Y,1938808,0.006462693333333333
13,235,Y,1938408,0.00646136
121,1100,Y,1938296,0.006460986666666667
631,62,Y,1932680,0.006442266666666667
289,20,Y,1927760,0.006425866666666666
70,691,Y,1927672,0.0064255733333333336
905,97,Y,1927272,0.00642424
915,98,Y,1923840,0.006412800000000001
389,32,Y,1923152,0.006410506666666666
102,951,Y,1919896,0.006399653333333334
45,493,Y,1919760,0.006399200000000001
48,515,Y,1917768,0.006392559999999999
29,364,Y,1917424,0.0063914133333333335
732,75,Y,1917232,0.006390773333333333
1078,118,Y,1916112,0.00638704
109,1006,Y,1913864,0.006379546666666666
78,756,Y,1913256,0.00637752
31,382,Y,1913184,0.00637728
8,196,Y,1912944,0.0063764799999999995
21,296,Y,1912520,0.006375066666666668
113,1038,Y,1909336,0.006364453333333334
32,385,Y,1908136,0.0063604533333333334
674,68,Y,1907352,0.006357839999999999
444,39,Y,1907248,0.006357493333333334
1,143,Y,1906224,0.006354080000000001
857,91,Y,1905784,0.006352613333333333
680,69,Y,1905296,0.0063509866666666675
5,174,Y,1904992,0.006349973333333333
233,13,Y,1904632,0.006348773333333333
701,71,Y,1903592,0.006345306666666667
328,25,Y,1900144,0.006333813333333333
788,82,Y,1898104,0.0063270133333333325
34,403,Y,1897184,0.006323946666666667
11,216,Y,1895272,0.006317573333333334
32,391,Y,1895192,0.006317306666666666
22,310,Y,1894768,0.006315893333333333
76,740,Y,1889288,0.006297626666666667
304,22,Y,1887168,0.00629056
92,871,Y,1885792,0.006285973333333333
954,103,Y,1885112,0.006283706666666666
773,80,Y,1883816,0.006279386666666666
710,72,Y,1875536,0.006251786666666667
37,427,Y,1874920,0.006249733333333333
57,586,Y,1874528,0.006248426666666666
33,397,Y,1872712,0.006242373333333333
57,590,Y,1871464,0.006238213333333333
111,1020,Y,1867144,0.006223813333333333
42,465,Y,1864600,0.006215333333333333
121,1097,Y,1864080,0.0062136000000000005
576,56,Y,1863040,0.006210133333333333
916,98,Y,1857656,0.006192186666666666
507,47,Y,1857520,0.006191733333333333
96,896,Y,1855584,0.0061852800000000005
95,890,Y,1855552,0.0061851733333333336
111,1017,Y,1848792,0.00616264
946,102,Y,1847176,0.006157253333333334
81,776,Y,1846560,0.0061551999999999996
498,46,Y,1842376,0.006141253333333333
34,402,Y,1841096,0.006136986666666667
441,39,Y,1840768,0.006135893333333334
443,39,Y,1837920,0.006126400000000001
50,533,Y,1836048,0.00612016
278,18,Y,1835976,0.006119919999999999
1054,115,Y,1835624,0.006118746666666666
711,72,Y,1834024,0.006113413333333334
59,605,Y,1833104,0.006110346666666667
23,314,Y,1829560,0.006098533333333334
93,876,Y,1822192,0.006073973333333333
79,766,Y,1820768,0.006069226666666667
62,624,Y,1820760,0.0060692
7,184,Y,1820240,0.006067466666666666
1,140,Y,1818656,0.006062186666666667
12,228,Y,1818232,0.006060773333333333
323,24,Y,1817936,0.0060597866666666665
100,933,Y,1816640,0.006055466666666666
285,19,Y,1812776,0.006042586666666666
615,60,Y,1811784,0.00603928
686,69,Y,1803288,0.00601096
121,1103,Y,1800456,0.00600152
102,949,Y,1794048,0.00598016
223,11,Y,1790760,0.0059692
18,274,Y,1790312,0.005967706666666667
85,810,Y,1787824,0.005959413333333333
65,651,Y,1786200,0.005954
354,28,Y,1786016,0.005953386666666667
152,3,Y,1781104,0.005937013333333334
1101,121,Y,1780256,0.0059341866666666665
938,101,Y,1778560,0.005928533333333333
61,617,Y,1777800,0.005926
746,77,Y,1774528,0.005915093333333334
705,72,Y,1772392,0.0059079733333333335
118,1072,Y,1772232,0.00590744
72,707,Y,1771928,0.005906426666666667
61,619,Y,1769416,0.0058980533333333335
100,935,Y,1768120,0.005893733333333334
29,360,Y,1764680,0.005882266666666667
657,66,Y,1760768,0.005869226666666666
834,88,Y,1759936,0.005866453333333334
106,981,Y,1753640,0.005845466666666667
414,35,Y,1752464,0.005841546666666667
37,429,Y,1750848,0.00583616
588,57,Y,1748888,0.005829626666666666
68,674,Y,1746384,0.00582128
96,899,Y,1746096,0.0058203199999999995
454,40,Y,1742664,0.00580888
1046,114,Y,1742296,0.0058076533333333335
74,724,Y,1742136,0.00580712
143,1,Y,1742088,0.00580696
775,80,Y,1739384,0.005797946666666667
447,39,Y,1733144,0.005777146666666667
121,1102,Y,1732976,0.0057765866666666665
352,28,Y,1732160,0.005773866666666667
21,302,Y,1731136,0.005770453333333333
75,730,Y,1728248,0.0057608266666666665
503,46,Y,1726936,0.005756453333333333
80,775,Y,1724816,0.005749386666666667
52,546,Y,1724760,0.0057491999999999994
1083,119,Y,1722472,0.005741573333333333
126,1137,Y,1720864,0.005736213333333333
614,60,Y,1719648,0.00573216
918,98,Y,1717504,0.005725013333333333
103,953,Y,1716576,0.00572192
112,1026,Y,1715624,0.0057187466666666666
1064,117,Y,1712672,0.005708906666666667
730,75,Y,1712424,0.00570808
98,914,Y,1710544,0.005701813333333333
60,615,Y,1709896,0.005699653333333334
791,82,Y,1709800,0.005699333333333333
10,210,Y,1706344,0.005687813333333333
112,1029,Y,1704456,0.00568152
99,920,Y,1704424,0.005681413333333334
740,76,Y,1702576,0.005675253333333334
4,160,Y,1700984,0.005669946666666667
625,62,Y,1699600,0.005665333333333334
71,698,Y,1699272,0.00566424
951,102,Y,1697504,0.005658346666666666
1085,119,Y,1695784,0.005652613333333333
81,778,Y,1694928,0.00564976
1075,118,Y,1692224,0.005640746666666667
115,1054,Y,1691872,0.005639573333333333
40,449,Y,1690568,0.0056352266666666664
13,239,Y,1690152,0.00563384
678,68,Y,1688464,0.005628213333333333
126,1142,Y,1687240,0.005624133333333333
33,399,Y,1685240,0.005617466666666667
84,806,Y,1679208,0.00559736
121,1101,Y,1678512,0.00559504
127,1145,Y,1677800,0.005592666666666667
517,48,Y,1677544,0.005591813333333333
26,336,Y,1677464,0.0055915466666666665
796,83,Y,1675504,0.005585013333333334
61,616,Y,1674000,0.00558
98,916,Y,1673040,0.0055768
77,745,Y,1670296,0.005567653333333334
45,491,Y,1669960,0.005566533333333333
12,225,Y,1669744,0.005565813333333333
410,35,Y,1669048,0.005563493333333333
726,74,Y,1668128,0.005560426666666667
288,20,Y,1667960,0.005559866666666666
34,400,Y,1667200,0.005557333333333333
17,264,Y,1665160,0.005550533333333333
935,100,Y,1662472,0.005541573333333333
92,869,Y,1662352,0.005541173333333333
892,95,Y,1662264,0.00554088
552,53,Y,1661784,0.005539280000000001
34,406,Y,1661096,0.005536986666666667
87,825,Y,1660480,0.005534933333333334
3,159,Y,1658264,0.005527546666666667
147,2,Y,1656536,0.005521786666666666
581,56,Y,1656056,0.005520186666666666
112,1030,Y,1651352,0.0055045066666666665
56,581,Y,1650464,0.005501546666666667
32,386,Y,1646640,0.0054888
217,11,Y,1645344,0.00548448
180,6,Y,1644888,0.00548296
1114,123,Y,1641440,0.005471466666666667
41,462,Y,1636424,0.005454746666666666
114,1045,Y,1635344,0.005451146666666667
93,877,Y,1633392,0.00544464
127,1144,Y,1633040,0.005443466666666667
1120,124,Y,1631528,0.005438426666666667
963,104,Y,1629776,0.005432586666666667
16,261,Y,1628040,0.005426800000000001
307,22,Y,1626144,0.00542048
804,84,Y,1625104,0.005417013333333333
913,98,Y,1620592,0.005401973333333333
44,482,Y,1618680,0.0053956
957,103,Y,1618600,0.005395333333333333
675,68,Y,1616240,0.005387466666666667
76,742,Y,1614280,0.005380933333333333
83,793,Y,1613776,0.005379253333333333
93,879,Y,1612176,0.00537392
357,28,Y,1611184,0.005370613333333333
275,18,Y,1606064,0.005353546666666667
5,169,Y,1605744,0.00535248
26,339,Y,1604496,0.00534832
198,8,Y,1602640,0.005342133333333334
125,1131,Y,1602216,0.00534072
1013,110,Y,1590424,0.005301413333333333
535,50,Y,1587368,0.005291226666666667
594,58,Y,1587192,0.00529064
23,313,Y,1586376,0.00528792
584,57,Y,1584424,0.005281413333333334
894,95,Y,1581984,0.00527328
35,413,Y,1574704,0.0052490133333333334
73,712,Y,1573040,0.005243466666666667
28,352,Y,1572736,0.005242453333333333
90,853,Y,1572216,0.00524072
910,97,Y,1570936,0.0052364533333333334
412,35,Y,1566864,0.00522288
0,135,Y,1564976,0.005216586666666667
8,199,Y,1563632,0.0052121066666666665
1070,117,Y,1561584,0.00520528
779,81,Y,1559408,0.005198026666666667
122,1104,Y,1559400,0.005198
878,93,Y,1556408,0.005188026666666666
109,1005,Y,1553944,0.005179813333333333
31,383,Y,1551552,0.0051718400000000005
458,41,Y,1550056,0.005166853333333334
562,54,Y,1549376,0.005164586666666667
104,963,Y,1548864,0.00516288
39,440,Y,1547400,0.005157999999999999
121,1099,Y,1546192,0.005153973333333333
56,583,Y,1540488,0.00513496
641,64,Y,1537424,0.005124746666666667
11,218,Y,1534304,0.005114346666666667
884,94,Y,1533808,0.005112693333333333
1133,125,Y,1533288,0.00511096
89,842,Y,1527248,0.005090826666666667
183,6,Y,1525688,0.005085626666666667
112,1031,Y,1522984,0.005076613333333334
65,652,Y,1516272,0.00505424
174,5,Y,1511512,0.005038373333333333
471,42,Y,1509728,0.005032426666666667
159,3,Y,1507608,0.00502536
691,70,Y,1506504,0.00502168
448,40,Y,1504520,0.005015066666666667
838,88,Y,1503168,0.00501056
49,522,Y,1500928,0.005003093333333333
270,17,Y,1499600,0.004998666666666667
39,443,Y,1498880,0.004996266666666667
847,89,Y,1494384,0.00498128
830,87,Y,1493944,0.004979813333333334
80,773,Y,1490072,0.004966906666666666
82,791,Y,1488552,0.00496184
939,101,Y,1488536,0.0049617866666666665
772,80,Y,1486272,0.00495424
771,80,Y,1484360,0.004947866666666667
1087,119,Y,1483168,0.004943893333333334
384,32,Y,1480200,0.004934
817,86,Y,1478248,0.004927493333333333
105,975,Y,1476048,0.00492016
856,91,Y,1475856,0.00491952
31,380,Y,1472592,0.00490864
89,847,Y,1466200,0.004887333333333333
110,1008,Y,1465232,0.004884106666666667
123,1115,Y,1462176,0.00487392
224,12,Y,1460816,0.004869386666666666
125,1129,Y,1456728,0.00485576
523,49,Y,1453984,0.004846613333333334
81,782,Y,1449768,0.00483256
635,63,Y,1448960,0.004829866666666667
1102,121,Y,1448800,0.004829333333333333
239,13,Y,1445504,0.004818346666666667
30,371,Y,1443112,0.004810373333333333
846,89,Y,1442864,0.004809546666666667
116,1063,Y,1442424,0.00480808
96,901,Y,1437632,0.004792106666666666
86,816,Y,1436456,0.004788186666666667
92,865,Y,1435456,0.0047848533333333335
84,803,Y,1435032,0.00478344
74,722,Y,1426008,0.00475336
644,64,Y,1424856,0.00474952
1111,122,Y,1422400,0.0047413333333333335
605,59,Y,1419592,0.004731973333333334
33,393,Y,1417768,0.004725893333333333
593,58,Y,1416992,0.004723306666666666
71,702,Y,1415480,0.004718266666666667
538,51,Y,1412696,0.004708986666666666
35,410,Y,1408424,0.004694746666666666
681,69,Y,1404208,0.004680693333333334
10,213,Y,1401400,0.004671333333333333
45,489,Y,1400984,0.004669946666666667
59,606,Y,1400168,0.004667226666666666
713,73,Y,1399496,0.004664986666666667
113,1036,Y,1396496,0.004654986666666667
364,29,Y,1396080,0.0046536
800,84,Y,1393352,0.004644506666666667
64,644,Y,1387264,0.0046242133333333334
382,31,Y,1386432,0.00462144
420,36,Y,1383736,0.004612453333333334
7,186,Y,1383144,0.00461048
970,105,Y,1383136,0.004610453333333334
28,355,Y,1381496,0.0046049866666666665
57,588,Y,1379144,0.004597146666666666
1115,123,Y,1378688,0.0045956266666666665
1018,111,Y,1375376,0.004584586666666667
91,856,Y,1375368,0.00458456
1014,110,Y,1370784,0.004569279999999999
754,78,Y,1368224,0.004560746666666666
1003,109,Y,1364576,0.004548586666666667
30,373,Y,1363928,0.004546426666666666
104,961,Y,1362064,0.004540213333333333
2,147,Y,1361480,0.004538266666666667
93,874,Y,1361000,0.004536666666666666
633,63,Y,1360912,0.004536373333333334
105,970,Y,1359224,0.004530746666666667
453,40,Y,1358064,0.0045268800000000005
671,67,Y,1356248,0.004520826666666667
74,725,Y,1355008,0.004516693333333334
110,1011,Y,1354848,0.00451616
1128,125,Y,1353720,0.0045124
1002,109,Y,1353136,0.004510453333333333
530,50,Y,1352424,0.004508079999999999
513,48,Y,1346920,0.004489733333333333
51,540,Y,1346488,0.004488293333333333
235,13,Y,1344760,0.0044825333333333335
5,172,Y,1337456,0.004458186666666667
98,913,Y,1336808,0.004456026666666666
368,30,Y,1331680,0.004438933333333333
181,6,Y,1330488,0.00443496
1124,124,Y,1328632,0.004428773333333334
114,1046,Y,1328104,0.004427013333333334
9,200,Y,1325144,0.004417146666666667
673,68,Y,1323744,0.00441248
20,288,Y,1321192,0.004403973333333333
619,61,Y,1320728,0.004402426666666666
21,299,Y,1320072,0.00440024
20,289,Y,1316920,0.004389733333333333
704,72,Y,1316272,0.004387573333333333
724,74,Y,1315336,0.004384453333333333
3,155,Y,1314472,0.004381573333333334
123,1119,Y,1308600,0.0043619999999999996
78,757,Y,1304736,0.00434912
824,87,Y,1300568,0.0043352266666666665
94,887,Y,1300352,0.0043345066666666664
508,47,Y,1295368,0.004317893333333334
177,6,Y,1294208,0.004314026666666667
160,4,Y,1288592,0.004295306666666667
0,130,Y,1287256,0.004290853333333333
388,32,Y,1286696,0.004288986666666666
98,915,Y,1281936,0.00427312
24,324,Y,1281776,0.004272586666666666
554,53,Y,1280112,0.00426704
569,55,Y,1279456,0.004264853333333333
819,86,Y,1277864,0.004259546666666667
67,665,Y,1268720,0.004229066666666666
405,34,Y,1267704,0.00422568
589,57,Y,1267280,0.004224266666666667
305,22,Y,1266864,0.00422288
107,986,Y,1266728,0.004222426666666667
984,107,Y,1263600,0.0042120000000000005
406,34,Y,1261952,0.004206506666666667
82,788,Y,1256856,0.0041895199999999995
1,142,Y,1254624,0.0041820799999999995
485,44,Y,1253856,0.00417952
44,484,Y,1250856,0.00416952
228,12,Y,1250424,0.00416808
403,34,Y,1250360,0.004167866666666666
286,19,Y,1250192,0.004167306666666666
19,287,Y,1247256,0.0041575200000000005
287,19,Y,1246232,0.004154106666666667
1012,110,Y,1245064,0.004150213333333333
1,141,Y,1244392,0.004147973333333333
47,507,Y,1238856,0.004129519999999999
978,106,Y,1238736,0.00412912
862,91,Y,1237368,0.004124559999999999
877,93,Y,1235928,0.00411976
717,73,Y,1235864,0.004119546666666667
395,33,Y,1231856,0.004106186666666667
55,571,Y,1230344,0.004101146666666666
377,31,Y,1228192,0.004093973333333333
69,681,Y,1227752,0.004092506666666666
24,323,Y,1223056,0.004076853333333333
65,649,Y,1217016,0.00405672
34,405,Y,1213592,0.0040453066666666666
356,28,Y,1210064,0.004033546666666667
933,100,Y,1200024,0.00400008
107,989,Y,1198144,0.003993813333333334
121,1096,Y,1197144,0.003990479999999999
864,92,Y,1195680,0.0039856
38,436,Y,1195040,0.003983466666666667
57,584,Y,1189248,0.0039641599999999996
61,618,Y,1186856,0.003956186666666667
92,864,Y,1185088,0.003950293333333333
46,498,Y,1184880,0.0039496
84,801,Y,1183704,0.00394568
563,54,Y,1178992,0.003929973333333333
719,73,Y,1178696,0.003928986666666666
169,5,Y,1177880,0.003926266666666667
883,94,Y,1170056,0.003900186666666667
786,82,Y,1165336,0.003884453333333333
1023,111,Y,1160568,0.00386856
872,93,Y,1153936,0.0038464533333333333
109,1000,Y,1150856,0.003836186666666667
108,992,Y,1147048,0.0038234933333333334
72,705,Y,1146536,0.0038217866666666665
119,1083,Y,1144328,0.003814426666666667
79,763,Y,1131280,0.0037709333333333333
468,42,Y,1129784,0.003765946666666667
413,35,Y,1118504,0.0037283466666666668
127,1148,Y,1115880,0.0037196
73,714,Y,1105312,0.0036843733333333335
14,246,Y,1101848,0.0036728266666666664
113,1034,Y,1099576,0.0036652533333333334
23,312,Y,1096528,0.0036550933333333335
591,57,Y,1091824,0.003639413333333333
427,37,Y,1090568,0.003635226666666667
53,553,Y,1090536,0.00363512
56,580,Y,1084496,0.0036149866666666665
519,48,Y,1073536,0.0035784533333333337
1096,121,Y,1071392,0.003571306666666667
763,79,Y,1070024,0.0035667466666666663
50,530,Y,1067072,0.0035569066666666666
55,575,Y,1063112,0.0035437066666666665
72,711,Y,1060872,0.00353624
855,90,Y,1049904,0.00349968
39,444,Y,1049792,0.003499306666666667
60,609,Y,1048544,0.0034951466666666665
407,34,Y,1046216,0.0034873866666666666
68,679,Y,1032792,0.00344264
91,863,Y,1028712,0.00342904
73,715,Y,1025848,0.003419493333333333
385,32,Y,1023568,0.0034118933333333336
981,106,Y,1022152,0.0034071733333333335
26,343,Y,1019336,0.0033977866666666666
783,81,Y,1012352,0.003374506666666667
124,1124,Y,1010872,0.003369573333333333
125,1128,Y,1008864,0.00336288
227,12,Y,1005344,0.0033511466666666665
642,64,Y,1004088,0.0033469600000000004
748,77,Y,1002272,0.0033409066666666666
6,182,Y,1000560,0.0033352
98,918,Y,997832,0.0033261066666666664
3,154,Y,975928,0.003253093333333333
28,357,Y,973928,0.0032464266666666665
94,883,Y,971944,0.003239813333333333
6,180,Y,940432,0.003134773333333333
1032,113,Y,939576,0.0031319200000000003
11,219,Y,929576,0.0030985866666666663
769,80,Y,926112,0.00308704
784,82,Y,921640,0.0030721333333333335
1020,111,Y,914744,0.0030491466666666667
95,889,Y,900400,0.0030013333333333333
793,83,Y,884520,0.0029484
31,381,Y,882528,0.0029417600000000003
1033,113,Y,878504,0.0029283466666666664
42,468,Y,875136,0.00291712
853,90,Y,865176,0.00288392
141,1,Y,853856,0.0028461866666666664
901,96,Y,838192,0.002793973333333333
524,49,Y,833336,0.0027777866666666667
13,233,Y,823704,0.00274568
88,838,Y,814992,0.00271664
67,671,Y,812512,0.002708373333333333
114,1041,Y,809336,0.002697786666666667
715,73,Y,807632,0.0026921066666666664
725,74,Y,800592,0.00266864
975,105,Y,794920,0.0026497333333333336
272,18,Y,765256,0.0025508533333333337
72,710,Y,764648,0.002548826666666667
21,300,Y,760576,0.002535253333333333
934,100,Y,752328,0.00250776
549,52,Y,746048,0.002486826666666667
1019,111,Y,740080,0.0024669333333333333
48,513,Y,722032,0.0024067733333333332
778,81,Y,712304,0.0023743466666666666
652,65,Y,706904,0.0023563466666666664
111,1019,Y,701504,0.0023383466666666666
985,107,Y,696544,0.0023218133333333334
679,68,Y,642200,0.0021406666666666666
449,40,Y,592664,0.0019755466666666666
381,31,Y,378216,0.0012607200000000001
