101,62,N,29998592417,99.99530805666666
77,27,N,29996547529,99.98849176333333
126,124,N,29995145889,99.98381963
122,13,N,29995037748,99.98345916
77,30,N,29994183867,99.98061289
69,126,N,29992785454,99.97595151333334
26,119,N,29992428327,99.97476109
108,124,N,29991696857,99.97232285666666
83,7,N,29991675244,99.97225081333333
102,34,N,29991202479,99.97067493
73,95,N,29991144168,99.97048056
11,105,N,29991051350,99.97017116666666
126,69,N,29990859846,99.96953282
88,2,N,29990737526,99.96912508666666
67,27,N,29990011262,99.96670420666666
30,77,N,29988789717,99.96263239
117,30,N,29988326544,99.96108848
49,10,N,29988299841,99.96099947
77,85,N,29988180247,99.96060082333334
16,0,N,29988090926,99.96030308666667
125,15,N,29988026463,99.96008821
51,24,N,29987850882,99.95950294
28,109,N,29987661687,99.95887229
116,40,N,29987366865,99.95788955
91,71,N,29987098698,99.95699566
119,26,N,29984993339,99.94997779666667
71,91,N,29984471695,99.94823898333334
122,71,N,29983516187,99.94505395666667
104,48,N,29983502156,99.94500718666667
19,41,N,29983470447,99.94490149
7,82,N,29983429551,99.94476517000001
27,67,N,29983245317,99.94415105666667
35,2,N,29981662443,99.93887481
79,4,N,29981021419,99.93673806333334
124,126,N,29981002650,99.9366755
4,85,N,29980499042,99.93499680666666
122,44,N,29979759576,99.93253192
112,96,N,29979595287,99.93198429
6,22,N,29979553922,99.93184640666666
30,23,N,29979100437,99.93033479
57,126,N,29978319079,99.92773026333333
31,70,N,29978290797,99.92763599
9,49,N,29978283968,99.92761322666667
5,68,N,29978047943,99.92682647666666
75,13,N,29977945628,99.92648542666667
51,125,N,29977654315,99.92551438333334
99,2,N,29977267830,99.9242261
97,11,N,29977023089,99.92341029666667
71,10,N,29976882485,99.92294161666668
44,127,N,29976669345,99.92223115
93,18,N,29976664613,99.92221537666667
22,6,N,29976545420,99.92181806666667
125,51,N,29976514986,99.92171662
14,65,N,29976453958,99.92151319333334
54,3,N,29976432307,99.92144102333333
11,87,N,29975976946,99.91992315333333
82,8,N,29975937465,99.91979155
105,11,N,29975918635,99.91972878333333
103,29,N,29975504208,99.91834736
85,77,N,29974885817,99.91628605666666
41,81,N,29974734450,99.9157815
123,47,N,29974704101,99.91568033666667
49,9,N,29974653831,99.91551277
5,105,N,29974365550,99.91455183333333
68,5,N,29973992341,99.91330780333332
52,24,N,29973478136,99.91159378666666
126,57,N,29973404303,99.91134767666667
34,101,N,29973241541,99.91080513666667
84,15,N,29972737819,99.90912606333333
32,114,N,29972669599,99.90889866333333
112,22,N,29972652254,99.90884084666666
50,23,N,29972583745,99.90861248333334
24,52,N,29971774217,99.90591405666666
62,101,N,29971341742,99.90447247333333
125,102,N,29971254188,99.90418062666667
14,123,N,29970982442,99.90327480666666
107,42,N,29970713135,99.90237711666666
58,102,N,29970695065,99.90231688333333
40,116,N,29970539951,99.90179983666667
1,85,N,29969918597,99.89972865666667
3,65,N,29969907664,99.89969221333334
42,107,N,29969865734,99.89955244666666
12,79,N,29969617109,99.89872369666666
35,94,N,29969209085,99.89736361666667
46,105,N,29968802864,99.89600954666666
78,45,N,29968777737,99.89592578999999
71,2,N,29967145966,99.89048655333333
100,18,N,29966533009,99.88844336333334
76,116,N,29966331152,99.88777050666667
60,10,N,29966218360,99.88739453333334
27,77,N,29966165751,99.88721917
37,94,N,29965823970,99.8860799
105,5,N,29965678814,99.88559604666666
49,113,N,29965488354,99.88496118
42,88,N,29965193414,99.88397804666667
15,61,N,29965080711,99.88360237
36,3,N,29964994316,99.88331438666667
18,64,N,29964969469,99.88323156333333
8,82,N,29964750145,99.88250048333333
29,118,N,29964537213,99.88179070999999
28,115,N,29963943544,99.87981181333333
108,50,N,29963791445,99.87930481666668
18,100,N,29963761185,99.87920394999999
127,59,N,29963643198,99.87881066
33,98,N,29963594828,99.87864942666667
21,90,N,29963203168,99.87734389333333
38,94,N,29962908701,99.87636233666667
70,31,N,29962299562,99.87433187333333
8,125,N,29961859344,99.87286448
1,125,N,29961622567,99.87207522333334
116,36,N,29961406388,99.87135462666666
47,86,N,29961394683,99.87131561
34,102,N,29960942572,99.86980857333333
79,12,N,29960695542,99.86898514
29,121,N,29960180245,99.86726748333334
91,28,N,29960087666,99.86695888666667
32,100,N,29959757021,99.86585673666667
113,74,N,29959463026,99.86487675333333
12,109,N,29959305473,99.86435157666666
36,119,N,29958788348,99.86262782666667
6,120,N,29958487501,99.86162500333333
50,108,N,29958457096,99.86152365333332
20,122,N,29957926752,99.85975583999999
1,45,N,29957855342,99.85951780666666
127,44,N,29957649649,99.85883216333333
81,41,N,29956902086,99.85634028666666
37,88,N,29956524712,99.85508237333333
82,120,N,29956497830,99.85499276666665
11,97,N,29955937060,99.85312353333333
13,40,N,29955706383,99.85235461
2,99,N,29955331318,99.85110439333333
6,16,N,29955279504,99.85093168
119,48,N,29954589382,99.84863127333334
45,1,N,29954564057,99.84854685666666
22,112,N,29953850764,99.84616921333334
15,84,N,29953656779,99.84552259666667
17,60,N,29953620045,99.84540015
59,32,N,29953447331,99.84482443666667
65,115,N,29953350837,99.84450279
118,29,N,29953293055,99.84431018333333
64,104,N,29952498168,99.84166056
65,14,N,29952349081,99.84116360333334
126,18,N,29951960369,99.83986789666666
108,10,N,29951797620,99.8393254
3,36,N,29951624835,99.83874945
34,98,N,29951359750,99.83786583333332
46,114,N,29951069273,99.83689757666667
124,108,N,29950999885,99.83666628333333
117,17,N,29950890487,99.83630162333334
85,4,N,29950023112,99.83341037333334
32,59,N,29949834748,99.83278249333334
60,17,N,29949224141,99.83074713666666
24,81,N,29948230729,99.82743576333334
110,0,N,29948104511,99.82701503666667
53,121,N,29947675152,99.82558384
87,48,N,29947604826,99.82534942
84,41,N,29946731488,99.82243829333333
13,122,N,29946551747,99.82183915666667
106,5,N,29945839812,99.81946604000001
96,88,N,29945651221,99.81883740333333
103,4,N,29945609376,99.81869792
73,23,N,29944839792,99.81613264
113,49,N,29944443221,99.81481073666667
41,19,N,29943933441,99.81311147000001
104,64,N,29943721722,99.81240574
47,67,N,29943166891,99.81055630333333
26,5,N,29942814671,99.80938223666666
40,13,N,29942427136,99.80809045333334
111,25,N,29942223462,99.80741154
32,110,N,29940931764,99.80310588
42,9,N,29940883720,99.80294573333333
120,82,N,29940309762,99.80103254
46,98,N,29939227835,99.79742611666667
123,14,N,29938565068,99.79521689333333
2,88,N,29938406258,99.79468752666666
96,10,N,29937821568,99.79273856
53,19,N,29936983742,99.78994580666667
94,38,N,29936015262,99.78671754
38,97,N,29935459620,99.7848654
98,34,N,29935315345,99.78438448333333
15,125,N,29935053572,99.78351190666666
91,65,N,29934953097,99.78317699
23,50,N,29934619418,99.78206472666666
118,25,N,29934140813,99.78046937666667
87,11,N,29933493232,99.77831077333333
2,71,N,29933357348,99.77785782666668
119,36,N,29932952842,99.77650947333333
0,16,N,29931376480,99.77125493333332
41,84,N,29931214480,99.77071493333334
54,23,N,29931124641,99.77041546999999
55,35,N,29930433947,99.76811315666667
99,14,N,29929525656,99.76508552
14,99,N,29929378456,99.76459485333334
28,91,N,29929301797,99.76433932333333
25,111,N,29929127301,99.76375767
121,53,N,29928788132,99.76262710666667
110,32,N,29928449773,99.76149924333333
66,22,N,29928270311,99.76090103666667
64,115,N,29928146733,99.76048911
5,26,N,29927738997,99.75912998999999
58,2,N,29927641391,99.75880463666667
121,15,N,29926753558,99.75584519333334
98,46,N,29925245449,99.75081816333334
65,3,N,29922607213,99.74202404333333
9,42,N,29922315823,99.74105274333334
90,21,N,29922166844,99.74055614666668
81,24,N,29921930443,99.73976814333334
48,15,N,29921714195,99.73904731666666
16,6,N,29921323409,99.73774469666667
102,125,N,29920919773,99.73639924333332
23,73,N,29920521270,99.7350709
2,35,N,29919902398,99.73300799333333
48,87,N,29918422288,99.72807429333334
25,118,N,29917235841,99.72411947
98,33,N,29916501240,99.7216708
90,33,N,29916415823,99.72138607666666
116,76,N,29915594534,99.71864844666666
9,111,N,29915519914,99.71839971333334
67,35,N,29915333773,99.71777924333334
107,126,N,29915309719,99.71769906333333
7,83,N,29915157988,99.71719329333332
71,122,N,29915134178,99.71711392666667
0,110,N,29914500089,99.71500029666667
67,47,N,29914431012,99.71477004
109,12,N,29913551560,99.71183853333334
13,75,N,29912888083,99.70962694333333
122,20,N,29912508800,99.70836266666666
4,115,N,29912196041,99.70732013666667
4,79,N,29912000127,99.70666709
59,127,N,29908829965,99.69609988333333
96,112,N,29907414179,99.69138059666666
68,95,N,29907373703,99.69124567666667
42,124,N,29907240327,99.69080109000001
45,78,N,29906386428,99.68795476
0,82,N,29906374798,99.68791599333333
102,17,N,29905734654,99.68578218
66,9,N,29905462329,99.68487443000001
105,46,N,29905291108,99.68430369333333
115,4,N,29904887704,99.68295901333335
17,117,N,29904884895,99.68294965
74,53,N,29904860243,99.68286747666667
89,60,N,29904796298,99.68265432666666
115,64,N,29902222240,99.67407413333333
91,29,N,29902029821,99.67343273666667
35,55,N,29901457403,99.67152467666666
86,47,N,29898910794,99.66303598
29,80,N,29898664692,99.66221564
113,63,N,29898011738,99.66003912666666
22,66,N,29896962953,99.65654317666667
97,38,N,29896451031,99.65483677
61,15,N,29895720647,99.65240215666667
64,13,N,29895194702,99.65064900666667
35,67,N,29894513881,99.64837960333334
115,65,N,29892093003,99.64031001
24,51,N,29892085447,99.64028482333333
82,0,N,29890672492,99.63557497333333
53,117,N,29890116407,99.63372135666667
80,29,N,29888900349,99.62966783
121,29,N,29888571775,99.62857258333332
94,72,N,29888067972,99.62689324
72,94,N,29887554847,99.62518282333333
19,53,N,29886918854,99.62306284666667
5,106,N,29886270178,99.62090059333333
74,113,N,29885641394,99.61880464666667
117,33,N,29876255432,99.58751810666666
95,73,N,29875556851,99.58518950333334
1,106,N,29875510782,99.58503594
101,50,N,29870879257,99.56959752333333
64,18,N,29869414628,99.56471542666667
15,48,N,29868267815,99.56089271666667
48,119,N,29867750994,99.55916998
36,116,N,29867006593,99.55668864333333
100,32,N,29866779235,99.55593078333334
124,42,N,29865834324,99.55278108
114,46,N,29865099620,99.55033206666667
50,101,N,29864066364,99.54688788
10,49,N,29863335986,99.54445328666667
23,110,N,29862124763,99.54041587666667
17,90,N,29862084351,99.54028117
126,107,N,29860893889,99.53631296333333
115,28,N,29859840631,99.53280210333332
66,41,N,29856495839,99.52165279666667
95,68,N,29855848118,99.51949372666667
10,108,N,29855534433,99.51844811000001
3,54,N,29853693641,99.51231213666667
102,58,N,29852037446,99.50679148666667
23,30,N,29851288084,99.50429361333333
106,1,N,29850413715,99.50137905000001
63,113,N,29847642210,99.4921407
13,64,N,29845425460,99.48475153333334
125,1,N,29844004638,99.48001546
120,6,N,29843215864,99.47738621333333
110,23,N,29843130968,99.47710322666666
33,90,N,29842471236,99.47490411999999
53,74,N,29841253288,99.47084429333334
114,32,N,29835468514,99.45156171333333
9,66,N,29834671205,99.44890401666666
18,126,N,29832133672,99.44044557333334
117,53,N,29817794543,99.39264847666666
18,93,N,29817596964,99.39198988
29,103,N,29817117217,99.39039072333333
65,91,N,29814784666,99.38261555333334
23,54,N,29813725180,99.37908393333333
33,117,N,29812894648,99.37631549333334
90,17,N,29812810368,99.37603456000001
17,102,N,29812686924,99.37562308
101,34,N,29810821310,99.36940436666667
127,71,N,29810700583,99.36900194333333
82,7,N,29807693209,99.35897736333334
71,127,N,29807142135,99.35714045
88,42,N,29798711044,99.32903681333333
111,9,N,29798421822,99.32807274
60,89,N,29796791027,99.32263675666667
94,35,N,29779052220,99.2635074
15,121,N,29778644139,99.26214713
2,58,N,29774656407,99.24885469
47,123,N,29773988743,99.24662914333334
10,60,N,29771599209,99.23866403
48,104,N,29764627223,99.21542407666666
88,37,N,29736850916,99.12283638666666
30,117,N,29729964946,99.09988315333334
10,71,N,29716521546,99.05507182
41,66,N,29715834777,99.05278258999999
125,8,N,29706632217,99.02210739
85,1,N,29705993335,99.01997778333333
44,122,N,29691101005,98.97033668333334
88,96,N,29685061290,98.9502043
109,28,N,29675610659,98.91870219666666
4,103,N,29652710009,98.84236669666666
94,37,N,29650929546,98.83643182
10,96,N,29624773568,98.74924522666667
29,91,N,29491721909,98.30573969666668
56,97,N,16513214399,55.04404799666667
31,27,N,16357676769,54.52558923
44,53,N,15865482900,52.88494299999999
118,77,N,14882489368,49.60829789333333
39,47,N,14149570200,47.165234
118,105,N,13227242222,44.09080740666666
80,108,N,13105189394,43.68396464666667
43,74,N,12871310285,42.90436761666667
21,25,N,12638755957,42.12918652333333
80,77,N,12384167648,41.28055882666667
86,111,N,12320830062,41.06943354
80,127,N,12248348220,40.8278274
55,42,N,12233397544,40.77799181333333
83,11,N,12229155800,40.763852666666665
87,32,N,11759453064,39.198176880000005
40,27,N,11659765355,38.86588451666667
107,95,N,11525953920,38.419846400000004
97,49,N,11109508741,37.03169580333333
52,70,N,11058645310,36.86215103333333
56,73,N,10900375384,36.334584613333334
69,79,N,10827019480,36.09006493333333
83,41,N,10717258047,35.72419349
0,31,N,10655408894,35.51802964666667
78,116,N,10644246237,35.48082079
21,40,N,10583453736,35.27817912
111,87,N,10535055336,35.11685112
77,118,N,10397641776,34.65880592
76,65,N,10227754438,34.092514793333336
92,38,N,10039093208,33.463644026666664
45,49,N,10033458400,33.44486133333333
72,25,N,10006599208,33.355330693333336
74,87,N,10001633121,33.33877707
92,124,N,9985779027,33.28593009
92,91,N,9889281353,32.964271176666664
61,79,N,9882093131,32.940310436666664
72,80,N,9675183337,32.250611123333336
39,21,N,9658175869,32.19391956333333
99,90,N,9620399280,32.0679976
57,66,N,9384317416,31.281058053333332
43,58,N,9302613163,31.008710543333333
52,76,N,9211394680,30.704648933333335
60,31,N,9145822704,30.486075680000003
27,31,N,9136553824,30.455179413333333
86,102,N,9069609840,30.232032800000002
39,9,N,9008350264,30.027834213333332
76,46,N,8986004526,29.953348419999998
69,34,N,8925423672,29.751412240000004
31,0,N,8895781336,29.652604453333332
72,104,N,8788154133,29.293847109999998
75,112,N,8773782023,29.245940076666667
92,120,N,8702164468,29.007214893333334
57,99,N,8687298008,28.957660026666666
97,98,N,8677003061,28.923343536666668
112,110,N,8598601352,28.662004506666666
95,40,N,8553765592,28.512551973333334
34,64,N,8444637080,28.14879026666667
20,31,N,8335113082,27.783710273333334
87,74,N,8328667128,27.762223759999998
43,78,N,8283981506,27.613271686666668
28,25,N,8267127898,27.55709299333333
87,111,N,8258570471,27.52856823666667
120,127,N,8249975608,27.49991869333333
77,80,N,8183447988,27.278159959999996
121,105,N,8025728190,26.752427299999997
61,76,N,7970493930,26.5683131
94,122,N,7954204136,26.514013786666666
78,84,N,7952407536,26.50802512
43,96,N,7949177411,26.497258036666665
109,118,N,7889232232,26.297440773333335
25,21,N,7843765624,26.145885413333332
63,48,N,7824724808,26.082416026666667
38,33,N,7817087312,26.056957706666665
56,109,N,7810915060,26.036383533333336
31,60,N,7804677824,26.015592746666666
7,21,N,7775953280,25.919844266666665
89,119,N,7739322835,25.797742783333334
54,66,N,7694866444,25.64955481333333
93,46,N,7628380344,25.427934479999998
39,43,N,7518687270,25.0622909
81,38,N,7440094024,24.800313413333335
69,44,N,7418307240,24.727690799999998
16,5,N,7400202880,24.667342933333334
89,83,N,7378778464,24.595928213333334
21,7,N,7348655072,24.495516906666666
63,60,N,7344175568,24.48058522666667
20,17,N,7311539296,24.37179765333333
8,62,N,7288131848,24.293772826666668
70,62,N,7260355008,24.20118336
70,113,N,7141139880,23.8037996
51,98,N,7131816720,23.7727224
120,111,N,7122449963,23.741499876666666
62,96,N,7118219640,23.7273988
83,89,N,7029828944,23.432763146666666
27,1,N,7019435848,23.398119493333333
1,27,N,7005084088,23.350280293333334
57,52,N,6986663032,23.288876773333335
26,22,N,6982719144,23.27573048
89,107,N,6869954648,22.899848826666666
37,86,N,6862425544,22.874751813333333
104,72,N,6829385291,22.764617636666667
28,3,N,6817859504,22.726198346666667
84,93,N,6771542680,22.571808933333333
109,56,N,6748309272,22.49436424
55,7,N,6744175064,22.480583546666665
40,21,N,6690329568,22.30109856
20,61,N,6638133253,22.127110843333334
68,90,N,6632702352,22.10900784
14,0,N,6623219824,22.077399413333335
111,120,N,6619105668,22.06368556
63,73,N,6592606448,21.975354826666667
24,50,N,6558344040,21.8611468
123,74,N,6543331040,21.81110346666667
105,118,N,6538527344,21.795091146666667
55,8,N,6523093544,21.74364514666667
75,37,N,6448881943,21.496273143333333
124,52,N,6331410609,21.10470203
76,61,N,6292341712,20.974472373333334
123,119,N,6225076760,20.750255866666667
108,121,N,6219389832,20.73129944
104,95,N,6186302560,20.62100853333333
25,28,N,6175724086,20.585746953333334
31,20,N,6170459172,20.56819724
75,57,N,6167658528,20.55886176
78,43,N,6153504389,20.511681296666666
100,47,N,6136630760,20.455435866666665
14,68,N,6130534728,20.43511576
121,108,N,6128436224,20.428120746666668
62,8,N,6110648954,20.368829846666667
106,81,N,6098588896,20.328629653333333
84,30,N,6071080430,20.236934766666668
123,101,N,6070811537,20.236038456666666
93,84,N,6016484512,20.054948373333335
114,78,N,6014489808,20.048299359999998
70,52,N,6003723088,20.012410293333332
95,107,N,6002612848,20.00870949333333
24,44,N,5960257552,19.867525173333334
61,37,N,5932095704,19.77365234666667
7,55,N,5927206602,19.75735534
83,58,N,5897326476,19.657754920000002
58,83,N,5893213280,19.644044266666665
40,95,N,5881849680,19.6061656
63,93,N,5854884334,19.516281113333335
127,80,N,5851020824,19.50340274666667
38,92,N,5850678917,19.502263056666667
86,106,N,5837697968,19.458993226666664
72,67,N,5817703792,19.392345973333335
61,20,N,5783855048,19.27951682666667
55,59,N,5759474272,19.198247573333333
8,55,N,5733371288,19.111237626666664
112,115,N,5732978957,19.109929856666668
80,72,N,5727968352,19.093227839999997
69,59,N,5697581438,18.991938126666668
73,116,N,5688111168,18.96037056
26,35,N,5685990512,18.953301706666668
106,86,N,5662263216,18.87421072
968,105,Y,5656373584,18.854578613333334
20,62,N,5654544936,18.84848312
16,19,N,5641779312,18.80593104
19,12,N,5623666626,18.745555420000002
66,57,N,5603278664,18.677595546666666
21,39,N,5584054320,18.6135144
12,19,N,5505618472,18.352061573333334
111,86,N,5484189312,18.28063104
39,22,N,5477311384,18.257704613333335
50,18,N,5472645488,18.242151626666665
107,70,N,5465157560,18.217191866666667
86,37,N,5464424168,18.214747226666667
45,16,N,5445430136,18.151433786666665
38,81,N,5428870920,18.0962364
98,97,N,5425154040,18.0838468
16,45,N,5418390647,18.061302156666667
37,61,N,5389499538,17.96499846
30,84,N,5378946820,17.929822733333335
32,87,N,5372078336,17.906927786666664
27,40,N,5359142608,17.863808693333333
862,91,Y,5330796672,17.769322239999997
107,89,N,5315400768,17.718002560000002
101,123,N,5286238835,17.620796116666668
73,56,N,5285178286,17.617260953333332
93,101,N,5235482760,17.4516092
750,77,Y,5230418362,17.434727873333333
47,100,N,5213927383,17.37975794333333
1073,118,Y,5187920288,17.293067626666666
85,100,N,5183988024,17.279960080000002
52,124,N,5178509608,17.261698693333333
90,68,N,5167626808,17.225422693333332
76,52,N,5162755176,17.20918392
91,92,N,5162668764,17.20889588
79,88,N,5158038583,17.193461943333332
22,39,N,5154326208,17.18108736
109,103,N,5149683408,17.16561136
68,14,N,5109744856,17.032482853333335
103,75,N,5109469256,17.031564186666667
62,20,N,5077888368,16.92629456
99,57,N,5033183712,16.77727904
73,63,N,5024388792,16.74796264
85,81,N,5010277208,16.700924026666666
79,69,N,5002785344,16.67595114666667
11,33,N,4992971344,16.643237813333332
93,63,N,4992481528,16.641605093333332
6,30,N,4935494968,16.451649893333332
51,59,N,4925250656,16.417502186666667
59,55,N,4917761448,16.39253816
92,103,N,4917242720,16.390809066666666
106,100,N,4892433368,16.308111226666668
0,14,N,4881859512,16.27286504
3,28,N,4870244520,16.234148400000002
36,19,N,4857183456,16.19061152
612,60,Y,4848642024,16.16214008
88,79,N,4848192376,16.16064125333333
19,36,N,4848157990,16.160526633333333
890,95,Y,4846046880,16.1534896
716,73,Y,4830573544,16.101911813333334
7,6,N,4814444523,16.04814841
1079,118,Y,4814248408,16.047494693333334
36,45,N,4804172080,16.01390693333333
124,92,N,4791360208,15.971200693333335
22,26,N,4776020051,15.920066836666665
45,36,N,4773361776,15.911205919999999
54,114,N,4772479856,15.908266186666667
79,61,N,4764539552,15.881798506666666
25,72,N,4757979978,15.85993326
103,109,N,4712065864,15.706886213333332
26,12,N,4685424112,15.618080373333335
4,13,N,4655375393,15.517917976666668
18,50,N,4653189206,15.510630686666666
120,92,N,4639532008,15.465106693333333
30,6,N,4627230424,15.424101413333332
108,80,N,4621553868,15.40517956
57,75,N,4621349856,15.40449952
75,103,N,4616268600,15.387561999999999
1105,122,Y,4604335112,15.347783706666668
451,40,Y,4600957568,15.336525226666668
67,72,N,4593294164,15.310980546666666
100,85,N,4593031352,15.310104506666667
105,121,N,4591801245,15.30600415
37,75,N,4590877621,15.302925403333333
102,86,N,4564336712,15.214455706666666
98,51,N,4559270612,15.197568706666667
885,94,Y,4527916344,15.093054480000001
34,69,N,4521796480,15.072654933333332
969,105,Y,4509526464,15.031754880000001
893,95,Y,4507281384,15.02427128
103,92,N,4506902024,15.023006746666667
3,56,N,4493619000,14.97873
47,39,N,4490909727,14.969699089999999
97,56,N,4490905295,14.969684316666667
49,97,N,4489692688,14.965642293333334
114,54,N,4481188118,14.937293726666667
59,69,N,4470742936,14.902476453333332
749,77,Y,4456680020,14.855600066666666
19,16,N,4446465056,14.821550186666666
95,104,N,4445847664,14.819492213333332
1110,122,Y,4442944616,14.809815386666667
74,123,N,4430240613,14.767468710000001
110,112,N,4428108856,14.760362853333334
46,76,N,4425840224,14.752800746666667
1076,118,Y,4420205912,14.734019706666668
6,7,N,4415916801,14.71972267
41,83,N,4413522912,14.71174304
11,83,N,4402581576,14.67527192
114,110,N,4389916608,14.63305536
68,104,N,4385663144,14.618877146666668
122,94,N,4370089848,14.56696616
12,26,N,4361651096,14.538836986666666
997,108,Y,4345792504,14.485975013333332
62,70,N,4332872880,14.4429096
165,4,Y,4323541488,14.41180496
534,50,Y,4315163656,14.383878853333334
846,89,Y,4302284888,14.340949626666665
67,12,N,4284951993,14.28317331
113,70,N,4278405712,14.261352373333333
84,78,N,4271904832,14.239682773333334
973,105,Y,4270781928,14.235939759999999
96,62,N,4260678136,14.202260453333334
615,60,Y,4239579904,14.131933013333335
686,69,Y,4204854824,14.016182746666667
44,24,N,4196158240,13.987194133333333
58,43,N,4159361021,13.864536736666667
127,120,N,4154040870,13.8468029
446,39,Y,4147624400,13.825414666666665
50,24,N,4143252624,13.810842079999999
70,107,N,4122778504,13.742595013333334
884,94,Y,4104604624,13.682015413333334
1074,118,Y,4102291697,13.674305656666666
116,73,N,4095662096,13.652206986666668
346,27,Y,4085544488,13.618481626666668
66,54,N,4070343944,13.567813146666666
117,82,N,4048849576,13.496165253333334
33,38,N,4036165784,13.453885946666666
49,45,N,4032935448,13.443118160000001
747,77,Y,4030222128,13.43407376
745,77,Y,4023790144,13.412633813333333
146,2,Y,4020900960,13.403003199999999
771,80,Y,4019737728,13.39912576
260,16,Y,4019613185,13.398710616666667
115,112,N,4019028200,13.396760666666665
889,95,Y,4001060336,13.336867786666668
974,105,Y,3996163760,13.320545866666667
1078,118,Y,3995505188,13.318350626666668
376,31,Y,3994810256,13.316034186666666
329,25,Y,3991818536,13.306061786666668
828,87,Y,3989376085,13.297920283333333
859,91,Y,3973918312,13.246394373333334
672,68,Y,3960717152,13.202390506666667
81,85,N,3960372760,13.201242533333332
112,75,N,3955718440,13.185728133333333
365,29,Y,3937712160,13.1257072
78,114,N,3925815504,13.086051679999999
882,94,Y,3919187728,13.063959093333333
348,27,Y,3909755960,13.032519866666666
81,106,N,3902218800,13.007395999999998
104,68,N,3895927784,12.986425946666666
35,26,N,3886472296,12.954907653333333
5,16,N,3885372792,12.951242639999998
863,91,Y,3870881624,12.902938746666667
119,89,N,3856543912,12.855146373333334
56,54,N,3853230208,12.844100693333333
406,34,Y,3841530448,12.805101493333334
482,44,Y,3827795944,12.759319813333333
119,123,N,3823807520,12.746025066666666
118,109,N,3810033673,12.700112243333333
65,76,N,3801720456,12.672401520000001
505,47,Y,3797925942,12.65975314
669,67,Y,3792202104,12.64067368
241,14,Y,3791498040,12.6383268
387,32,Y,3789992224,12.633307413333334
12,67,N,3785949352,12.619831173333335
273,18,Y,3784988275,12.616627583333335
1018,111,Y,3782588840,12.608629466666665
1072,118,Y,3768062664,12.560208880000001
43,39,N,3761697728,12.538992426666667
74,43,N,3753874936,12.512916453333334
887,94,Y,3753512560,12.511708533333332
58,99,N,3751406736,12.504689120000002
880,94,Y,3747587240,12.491957466666667
444,39,Y,3746705272,12.489017573333333
614,60,Y,3742125384,12.47375128
388,32,Y,3738126008,12.460420026666668
385,32,Y,3735905472,12.453018239999999
135,0,Y,3732203040,12.4406768
751,77,Y,3731169944,12.437233146666667
56,3,N,3730164048,12.433880160000001
713,73,Y,3726086236,12.420287453333332
390,32,Y,3725673384,12.41891128
831,87,Y,3723972393,12.41324131
1003,109,Y,3696862096,12.322873653333332
972,105,Y,3679529456,12.265098186666666
44,69,N,3678585056,12.261950186666667
768,80,Y,3665314496,12.217714986666667
772,80,Y,3656807448,12.18935816
1118,123,Y,3650684819,12.168949396666667
963,104,Y,3646064600,12.153548666666666
682,69,Y,3638462055,12.128206850000002
985,107,Y,3635513664,12.11837888
711,72,Y,3633365819,12.111219396666668
90,99,N,3630029512,12.100098373333333
944,102,Y,3624969832,12.083232773333332
64,34,N,3617884928,12.059616426666667
794,83,Y,3616729704,12.05576568
382,31,Y,3616517376,12.05505792
1016,111,Y,3604391304,12.01463768
52,57,N,3600400104,12.00133368
724,74,Y,3598707800,11.995692666666667
980,106,Y,3592678920,11.9755964
383,31,Y,3588306248,11.961020826666667
1106,122,Y,3586238808,11.95412936
895,95,Y,3580975792,11.936585973333333
380,31,Y,3578762144,11.929207146666666
167,4,Y,3576508112,11.921693706666666
381,31,Y,3574684436,11.915614786666668
1088,120,Y,3572200072,11.907333573333332
673,68,Y,3571023200,11.903410666666666
484,44,Y,3569641720,11.898805733333333
1023,111,Y,3567047592,11.89015864
798,83,Y,3558283736,11.860945786666667
814,85,Y,3552297080,11.840990266666667
440,39,Y,3551253576,11.83751192
13,4,N,3549686480,11.832288266666668
217,11,Y,3549129984,11.83043328
1037,113,Y,3548293872,11.82764624
1136,126,Y,3539395200,11.797984
361,29,Y,3536893440,11.7896448
917,98,Y,3533277880,11.777592933333333
508,47,Y,3530961184,11.769870613333334
605,59,Y,3529915048,11.766383493333334
851,90,Y,3524039760,11.7467992
100,106,N,3523215152,11.744050506666667
990,107,Y,3509704016,11.699013386666666
1114,123,Y,3503726792,11.679089306666667
628,62,Y,3501512568,11.67170856
153,3,Y,3501230408,11.670768026666668
1104,122,Y,3492577808,11.641926026666667
829,87,Y,3485005352,11.616684506666667
775,80,Y,3483672432,11.61224144
820,86,Y,3478749326,11.595831086666667
60,63,N,3476553336,11.58851112
322,24,Y,3471733264,11.572444213333332
802,84,Y,3470912332,11.569707773333333
245,14,Y,3462746336,11.542487786666666
529,50,Y,3460712848,11.535709493333334
422,36,Y,3457409336,11.524697786666668
377,31,Y,3449503056,11.49834352
1149,127,Y,3440465777,11.468219256666666
8,51,N,3437684368,11.458947893333333
574,55,Y,3435556560,11.451855199999999
1089,120,Y,3433027896,11.44342632
971,105,Y,3424664614,11.415548713333333
89,113,N,3422484696,11.40828232
336,26,Y,3416467568,11.388225226666666
158,3,Y,3411650632,11.372168773333332
344,27,Y,3406830336,11.35610112
727,74,Y,3402189456,11.340631519999999
113,89,N,3401826040,11.339420133333334
51,8,N,3396875360,11.322917866666666
148,2,Y,3394466432,11.314888106666666
206,9,Y,3390192663,11.30064221
222,11,Y,3388784432,11.295948106666668
854,90,Y,3386796072,11.28932024
717,73,Y,3379282920,11.2642764
748,77,Y,3379173408,11.26391136
554,53,Y,3378123064,11.260410213333333
746,77,Y,3375395096,11.251316986666666
96,43,N,3372411000,11.24137
9,39,N,3366906720,11.2230224
817,86,Y,3361716792,11.20572264
1146,127,Y,3359505656,11.198352186666668
1112,123,Y,3358384440,11.1946148
1046,114,Y,3357956312,11.193187706666667
964,104,Y,3355385194,11.184617313333334
577,56,Y,3353768304,11.17922768
379,31,Y,3353664328,11.178881093333333
559,53,Y,3352631464,11.175438213333333
840,89,Y,3349567089,11.16522363
1022,111,Y,3347749832,11.159166106666667
154,3,Y,3346587432,11.15529144
506,47,Y,3345933728,11.153112426666667
791,82,Y,3345621256,11.152070853333333
239,13,Y,3343527928,11.145093093333333
138,1,Y,3328737952,11.095793173333334
513,48,Y,3322844200,11.076147333333333
729,75,Y,3322526448,11.07508816
364,29,Y,3313059360,11.043531199999999
145,2,Y,3312373440,11.0412448
201,9,Y,3311467104,11.03822368
354,28,Y,3304259568,11.01419856
449,40,Y,3304196288,11.013987626666667
769,80,Y,3301616008,11.005386693333334
616,61,Y,3291527070,10.9717569
849,90,Y,3290284128,10.96761376
488,45,Y,3283163524,10.943878413333334
257,16,Y,3274339480,10.914464933333333
1108,122,Y,3270688792,10.902295973333333
330,25,Y,3264285288,10.88095096
1075,118,Y,3255760208,10.852534026666667
292,20,Y,3253791968,10.845973226666667
689,70,Y,3251556360,10.838521199999999
1021,111,Y,3251424780,10.8380826
155,3,Y,3249568640,10.831895466666666
1137,126,Y,3249142560,10.8304752
240,14,Y,3248062112,10.826873706666666
133,0,Y,3247754512,10.825848373333333
128,0,Y,3243582328,10.811941093333333
965,104,Y,3242162920,10.807209733333334
480,44,Y,3241206280,10.804020933333334
486,44,Y,3232944272,10.776480906666666
847,89,Y,3229560336,10.765201119999999
1096,121,Y,3226764827,10.755882756666667
156,3,Y,3224531792,10.748439306666667
947,102,Y,3222942432,10.743141439999999
1092,120,Y,3217699752,10.72566584
789,82,Y,3216992160,10.7233072
466,42,Y,3216727376,10.722424586666666
832,88,Y,3215307000,10.717690000000001
328,25,Y,3202663552,10.675545173333333
1130,125,Y,3201269280,10.6708976
1141,126,Y,3199309920,10.6643664
116,78,N,3193572024,10.64524008
987,107,Y,3191676032,10.638920106666665
481,44,Y,3190179032,10.633930106666668
586,57,Y,3183296672,10.610988906666668
649,65,Y,3180888728,10.602962426666666
363,29,Y,3180852000,10.602839999999999
290,20,Y,3177063800,10.590212666666666
825,87,Y,3159722840,10.532409466666667
539,51,Y,3158526048,10.52842016
830,87,Y,3157121976,10.52373992
210,10,Y,3154728619,10.515762063333334
99,58,N,3151255088,10.504183626666666
347,27,Y,3150771088,10.502570293333333
232,13,Y,3150629280,10.5020976
436,38,Y,3150598192,10.501993973333333
833,88,Y,3149127752,10.497092506666666
721,74,Y,3148901992,10.496339973333333
790,82,Y,3145208160,10.4840272
603,59,Y,3144155160,10.4805172
726,74,Y,3140594047,10.468646823333334
46,93,N,3139718312,10.465727706666666
1071,117,Y,3137110272,10.45703424
744,77,Y,3135344200,10.451147333333333
979,106,Y,3129516688,10.431722293333333
704,72,Y,3126880512,10.42293504
609,60,Y,3123074200,10.410247333333334
911,97,Y,3110803368,10.36934456
286,19,Y,3110509184,10.368363946666667
1056,116,Y,3110447792,10.368159306666666
203,9,Y,3108989904,10.36329968
324,24,Y,3107830064,10.359433546666667
891,95,Y,3107751960,10.3591732
1107,122,Y,3106444882,10.354816273333334
366,29,Y,3097263840,10.3242128
1060,116,Y,3096926184,10.32308728
856,91,Y,3095744776,10.319149253333332
511,47,Y,3094030576,10.313435253333333
575,55,Y,3092271280,10.307570933333334
443,39,Y,3089411456,10.298038186666666
310,22,Y,3089118960,10.2970632
766,79,Y,3087335544,10.29111848
792,83,Y,3087184148,10.290613826666666
182,6,Y,3084930632,10.283102106666666
352,28,Y,3084680944,10.282269813333333
160,4,Y,3076426080,10.254753599999999
707,72,Y,3075743704,10.252479013333334
181,6,Y,3074064280,10.246880933333333
1109,122,Y,3073330760,10.244435866666667
259,16,Y,3073037888,10.243459626666667
82,117,N,3072087544,10.240291813333334
519,48,Y,3071154520,10.237181733333333
139,1,Y,3068834680,10.229448933333334
209,10,Y,3068489760,10.2282992
881,94,Y,3067889272,10.226297573333333
665,67,Y,3067220104,10.224067013333334
864,92,Y,3066677453,10.222258176666667
687,69,Y,3065038520,10.216795066666666
315,23,Y,3062845440,10.2094848
442,39,Y,3061097880,10.2036596
815,85,Y,3058418256,10.19472752
693,70,Y,3052800128,10.176000426666667
457,41,Y,3049240768,10.164135893333333
1094,120,Y,3048502792,10.161675973333335
163,4,Y,3045862464,10.15287488
883,94,Y,3043193014,10.143976713333332
557,53,Y,3041550336,10.13850112
1100,121,Y,3041229072,10.13743024
998,108,Y,3038471032,10.128236773333334
857,91,Y,3038356016,10.127853386666667
33,11,N,3034331928,10.11443976
350,27,Y,3030590728,10.101969093333334
396,33,Y,3029706376,10.099021253333333
1077,118,Y,3028719447,10.09573149
224,12,Y,3027492805,10.091642683333333
504,47,Y,3025302386,10.084341286666666
234,13,Y,3025263824,10.084212746666667
1143,126,Y,3024288480,10.0809616
773,80,Y,3021942688,10.073142293333333
821,86,Y,3017776544,10.059255146666667
149,2,Y,3015945600,10.053152
301,21,Y,3012223624,10.040745413333333
220,11,Y,3010116920,10.033723066666667
144,2,Y,3009848160,10.0328272
405,34,Y,3007580631,10.02526877
770,80,Y,3007369184,10.024563946666666
143,1,Y,3004785592,10.015951973333333
249,15,Y,2999221576,9.997405253333334
1129,125,Y,2998886880,9.996289599999999
765,79,Y,2998326992,9.994423306666667
860,91,Y,2992207112,9.974023706666667
784,82,Y,2992203893,9.974012976666668
332,25,Y,2986625136,9.95541712
608,60,Y,2984342864,9.947809546666667
477,43,Y,2983724872,9.945749573333334
131,0,Y,2982288240,9.9409608
448,40,Y,2981784352,9.939281173333333
255,15,Y,2979343680,9.9311456
256,16,Y,2976752096,9.922506986666667
948,102,Y,2976393008,9.921310026666667
287,19,Y,2975535840,9.918452799999999
902,96,Y,2973774288,9.91258096
610,60,Y,2969504968,9.898349893333332
552,53,Y,2968698880,9.895662933333334
464,42,Y,2968049736,9.89349912
722,74,Y,2966439384,9.88813128
490,45,Y,2965875312,9.886251040000001
870,92,Y,2963476296,9.87825432
932,100,Y,2962099504,9.873665013333333
597,58,Y,2960247632,9.867492106666667
166,4,Y,2959840368,9.86613456
1147,127,Y,2959248712,9.864162373333334
886,94,Y,2955047184,9.850157280000001
503,46,Y,2952889477,9.842964923333334
999,108,Y,2951663848,9.838879493333334
42,55,N,2950695143,9.835650476666666
349,27,Y,2947288344,9.824294479999999
274,18,Y,2947035440,9.823451466666667
644,64,Y,2946145696,9.820485653333332
569,55,Y,2945145984,9.81715328
785,82,Y,2944290504,9.81430168
302,21,Y,2943778200,9.812593999999999
110,114,N,2936719768,9.789065893333333
191,7,Y,2935621104,9.78540368
400,34,Y,2928739416,9.76246472
923,99,Y,2928066125,9.760220416666666
845,89,Y,2924824344,9.74941448
758,78,Y,2921704288,9.739014293333334
659,66,Y,2921644312,9.738814373333334
695,70,Y,2921111608,9.737038693333332
961,104,Y,2918219960,9.727399866666667
303,21,Y,2916680040,9.7222668
132,0,Y,2915562312,9.71854104
265,17,Y,2910061366,9.700204553333332
795,83,Y,2908747616,9.695825386666666
706,72,Y,2906869040,9.689563466666666
465,42,Y,2903671911,9.67890637
1058,116,Y,2902276256,9.674254186666667
555,53,Y,2900598056,9.668660186666667
827,87,Y,2899939976,9.666466586666667
305,22,Y,2899259624,9.664198746666667
1145,127,Y,2897790042,9.659300140000001
294,20,Y,2894013848,9.646712826666667
384,32,Y,2891337494,9.637791646666667
715,73,Y,2884789160,9.615963866666668
989,107,Y,2884039000,9.613463333333334
684,69,Y,2883834840,9.6127828
1047,114,Y,2883037624,9.610125413333332
1083,119,Y,2878843584,9.59614528
507,47,Y,2878340360,9.594467866666667
357,28,Y,2876553856,9.588512853333334
244,14,Y,2875162056,9.58387352
950,102,Y,2874454440,9.5815148
450,40,Y,2873288880,9.5776296
516,48,Y,2869293776,9.564312586666667
913,98,Y,2868813544,9.562711813333333
787,82,Y,2865189914,9.550633046666666
470,42,Y,2863227744,9.54409248
698,71,Y,2861059200,9.536864000000001
147,2,Y,2857116000,9.523719999999999
994,108,Y,2856974512,9.523248373333333
333,25,Y,2848505600,9.495018666666667
556,53,Y,2847427584,9.49142528
719,73,Y,2847312320,9.491041066666666
1002,109,Y,2842849368,9.47616456
631,62,Y,2839593688,9.465312293333334
1061,116,Y,2835577156,9.451923853333334
1062,116,Y,2834457392,9.448191306666667
824,87,Y,2834392352,9.447974506666666
424,37,Y,2833831160,9.446103866666666
641,64,Y,2833634816,9.445449386666667
463,41,Y,2832366632,9.441222106666666
613,60,Y,2829556072,9.431853573333333
402,34,Y,2820076432,9.400254773333334
1142,126,Y,2819574720,9.398582399999999
391,32,Y,2817042896,9.390142986666666
702,71,Y,2816833697,9.389445656666668
54,56,N,2816666640,9.3888888
254,15,Y,2816495659,9.388318863333334
307,22,Y,2816243856,9.38747952
362,29,Y,2813386560,9.3779552
667,67,Y,2812819032,9.37606344
246,14,Y,2808499600,9.361665333333333
173,5,Y,2808454431,9.36151477
335,25,Y,2806704480,9.3556816
1001,109,Y,2806289600,9.354298666666667
184,7,Y,2805923205,9.35307735
157,3,Y,2804809476,9.34936492
308,22,Y,2799447216,9.33149072
861,91,Y,2798627208,9.32875736
162,4,Y,2794310064,9.31436688
888,95,Y,2793258392,9.310861306666666
1027,112,Y,2791628424,9.30542808
992,108,Y,2791597552,9.305325173333333
1093,120,Y,2790593624,9.301978746666666
874,93,Y,2790516472,9.301721573333333
680,69,Y,2788060903,9.293536343333333
710,72,Y,2787055160,9.290183866666666
984,107,Y,2786282248,9.287607493333333
975,105,Y,2784221744,9.280739146666667
499,46,Y,2783576512,9.278588373333333
277,18,Y,2782411280,9.274704266666667
136,1,Y,2779747184,9.265823946666666
970,105,Y,2779237979,9.264126596666667
892,95,Y,2778447928,9.261493093333334
834,88,Y,2777136344,9.257121146666666
252,15,Y,2775624960,9.2520832
1151,127,Y,2775266670,9.2508889
327,24,Y,2775072032,9.250240106666666
413,35,Y,2770942864,9.236476213333333
535,50,Y,2769676944,9.23225648
681,69,Y,2767495800,9.224986
929,100,Y,2766602112,9.222007040000001
544,52,Y,2762622384,9.20874128
267,17,Y,2761822664,9.206075546666668
674,68,Y,2761274464,9.204248213333335
562,54,Y,2761095616,9.203652053333332
367,29,Y,2760892747,9.202975823333333
229,12,Y,2760387744,9.201292480000001
485,44,Y,2758403977,9.194679923333334
295,20,Y,2754314192,9.181047306666667
281,19,Y,2751999560,9.173331866666667
313,23,Y,2748484320,9.1616144
170,5,Y,2748086768,9.160289226666666
70,690,Y,2744942333,9.149807776666668
655,65,Y,2743485690,9.1449523
161,4,Y,2742377432,9.141258106666667
353,28,Y,2739982232,9.133274106666667
1039,113,Y,2737278655,9.124262183333332
676,68,Y,2734423048,9.114743493333332
699,71,Y,2734101174,9.113670579999999
855,90,Y,2731289144,9.104297146666667
213,10,Y,2730273600,9.100912
956,103,Y,2729713736,9.099045786666666
1034,113,Y,2728116388,9.093721293333333
169,5,Y,2724672960,9.082243199999999
243,14,Y,2723447441,9.078158136666667
278,18,Y,2722006704,9.07335568
296,21,Y,2719215336,9.06405112
187,7,Y,2718918236,9.063060786666668
1017,111,Y,2715808104,9.052693679999999
291,20,Y,2715719408,9.052398026666667
962,104,Y,2714922736,9.049742453333334
850,90,Y,2711766944,9.039223146666666
579,56,Y,2708134426,9.027114753333333
311,22,Y,2707074488,9.023581626666667
275,18,Y,2705833904,9.019446346666667
521,49,Y,2705163696,9.017212319999999
853,90,Y,2704797021,9.01599007
1035,113,Y,2699828768,8.999429226666667
1140,126,Y,2699598720,8.9986624
799,83,Y,2698160976,8.99386992
905,97,Y,2695346152,8.984487173333333
320,24,Y,2694413632,8.981378773333333
797,83,Y,2693344696,8.977815653333334
991,107,Y,2691696328,8.972321093333333
636,63,Y,2691614711,8.972049036666666
551,52,Y,2689884576,8.96628192
873,93,Y,2689446029,8.964820096666665
530,50,Y,2688449000,8.961496666666667
193,8,Y,2687183920,8.957279733333333
571,55,Y,2685817888,8.952726293333333
276,18,Y,2679037788,8.93012596
171,5,Y,2677238588,8.924128626666667
407,34,Y,2676366616,8.921222053333333
235,13,Y,2673372480,8.9112416
242,14,Y,2673113817,8.910379390000001
351,27,Y,2673041992,8.910139973333333
455,40,Y,2672271080,8.907570266666667
334,25,Y,2668692640,8.895642133333332
1099,121,Y,2668545136,8.895150453333333
757,78,Y,2667930784,8.893102613333333
678,68,Y,2667066128,8.890220426666668
452,40,Y,2666230024,8.887433413333333
358,28,Y,2662617120,8.875390399999999
1086,119,Y,2662181000,8.873936666666667
300,21,Y,2661010152,8.87003384
783,81,Y,2660535456,8.868451519999999
494,45,Y,2658136456,8.860454853333334
910,97,Y,2657888568,8.85962856
462,41,Y,2653994109,8.84664703
1024,112,Y,2653335952,8.844453173333333
812,85,Y,2651119088,8.837063626666666
627,62,Y,2650615360,8.835384533333333
705,72,Y,2649799256,8.832664186666667
858,91,Y,2649400480,8.831334933333332
928,100,Y,2648749440,8.829164800000001
1115,123,Y,2644055448,8.813518160000001
590,57,Y,2641776824,8.805922746666667
288,20,Y,2641495808,8.804986026666667
59,51,N,2640745824,8.80248608
454,40,Y,2639860048,8.799533493333334
723,74,Y,2639613432,8.79871144
894,95,Y,2639106728,8.797022426666667
176,6,Y,2635566328,8.785221093333332
219,11,Y,2635538976,8.78512992
152,3,Y,2633473424,8.778244746666667
763,79,Y,2632701944,8.775673146666668
1069,117,Y,2632133008,8.773776693333334
140,1,Y,2631965536,8.773218453333333
271,17,Y,2631741856,8.772472853333333
389,32,Y,2628775440,8.7625848
331,25,Y,2624925568,8.749751893333334
238,13,Y,2622875584,8.742918613333334
935,100,Y,2620201064,8.734003546666665
1066,117,Y,2619379680,8.7312656
261,16,Y,2618583968,8.728613226666667
1144,127,Y,2613242296,8.710807653333333
640,64,Y,2612852016,8.70950672
375,30,Y,2611917760,8.706392533333334
293,20,Y,2610345992,8.701153306666667
914,98,Y,2610193568,8.700645226666667
509,47,Y,2609424679,8.698082263333333
819,86,Y,2607616808,8.692056026666666
404,34,Y,2606365624,8.687885413333333
318,23,Y,2606119680,8.6870656
1103,121,Y,2604764792,8.682549306666667
553,53,Y,2602048552,8.673495173333333
753,78,Y,2601510112,8.671700373333334
200,9,Y,2601102728,8.670342426666666
836,88,Y,2599063152,8.66354384
1030,112,Y,2597307960,8.657693199999999
643,64,Y,2597288840,8.657629466666666
478,43,Y,2597099472,8.65699824
230,12,Y,2595841320,8.652804399999999
806,84,Y,2595279440,8.650931466666666
629,62,Y,2595103048,8.650343493333333
1004,109,Y,2595044128,8.650147093333334
204,9,Y,2593207896,8.64402632
151,2,Y,2591502735,8.63834245
435,38,Y,2590661112,8.63553704
341,26,Y,2588844184,8.629480613333333
960,104,Y,2587764104,8.625880346666667
266,17,Y,2585769926,8.619233086666666
227,12,Y,2583550312,8.611834373333334
876,93,Y,2581348504,8.604495013333334
314,23,Y,2578039200,8.593464
866,92,Y,2577351712,8.591172373333333
995,108,Y,2576052296,8.586840986666665
1009,110,Y,2575056648,8.58352216
514,48,Y,2575054824,8.58351608
164,4,Y,2574883200,8.582944000000001
808,85,Y,2574651024,8.58217008
1057,116,Y,2573936136,8.57978712
491,45,Y,2572877728,8.576259093333332
473,43,Y,2572191376,8.573971253333333
510,47,Y,2571329632,8.571098773333333
620,61,Y,2571110512,8.570368373333332
270,17,Y,2570815144,8.569383813333333
195,8,Y,2568815416,8.562718053333333
386,32,Y,2568597424,8.561991413333333
654,65,Y,2568082032,8.560273440000001
1014,110,Y,2566815200,8.556050666666666
1067,117,Y,2566239776,8.554132586666666
1139,126,Y,2564294640,8.547648800000001
767,79,Y,2563901368,8.546337893333334
493,45,Y,2561103232,8.537010773333334
872,93,Y,2559739144,8.532463813333333
908,97,Y,2556336728,8.521122426666667
572,55,Y,2554898904,8.51632968
522,49,Y,2551414496,8.504714986666666
421,36,Y,2551206992,8.504023306666667
709,72,Y,2550520944,8.50173648
393,33,Y,2549152472,8.497174906666666
611,60,Y,2547259624,8.490865413333333
581,56,Y,2545929880,8.486432933333333
141,1,Y,2544125456,8.480418186666666
356,28,Y,2541623376,8.47207792
423,36,Y,2540723208,8.46907736
1043,114,Y,2540670544,8.468901813333334
471,42,Y,2538511096,8.461703653333332
1148,127,Y,2536247096,8.454156986666666
774,80,Y,2535913224,8.45304408
632,63,Y,2527656096,8.42552032
712,73,Y,2522398776,8.40799592
53,44,N,2520789288,8.40263096
793,83,Y,2519556160,8.398520533333333
528,50,Y,2519072584,8.396908613333332
1063,116,Y,2518828928,8.396096426666666
688,70,Y,2516646656,8.388822186666667
587,57,Y,2513686827,8.37895609
437,38,Y,2513081448,8.37693816
453,40,Y,2512776944,8.375923146666667
639,63,Y,2512174192,8.373913973333332
189,7,Y,2511566336,8.371887786666667
134,0,Y,2510889496,8.369631653333332
837,88,Y,2510793408,8.36931136
740,76,Y,2508986567,8.363288556666665
339,26,Y,2507308536,8.35769512
418,36,Y,2503680968,8.345603226666666
691,70,Y,2501658224,8.338860746666667
340,26,Y,2501130248,8.337100826666667
1033,113,Y,2500461296,8.334870986666667
263,16,Y,2500424200,8.334747333333334
560,54,Y,2498013960,8.326713199999999
645,64,Y,2497749184,8.325830613333334
178,6,Y,2496674488,8.322248293333333
1081,119,Y,2496212867,8.320709556666667
1042,114,Y,2496122168,8.320407226666667
718,73,Y,2495395512,8.31798504
374,30,Y,2493785864,8.312619546666667
531,50,Y,2490065224,8.300217413333332
233,13,Y,2489824032,8.29941344
248,15,Y,2488413752,8.294712506666666
17,20,N,2485691144,8.285637146666666
700,71,Y,2485090977,8.28363659
517,48,Y,2483633256,8.27877752
981,106,Y,2483169200,8.277230666666666
788,82,Y,2482309920,8.2743664
725,74,Y,2480944321,8.269814403333333
515,48,Y,2478456360,8.261521199999999
1038,113,Y,2477777244,8.25925748
1041,114,Y,2477623480,8.258744933333332
777,81,Y,2477201232,8.257337439999999
420,36,Y,2475406672,8.251355573333333
215,10,Y,2475284640,8.2509488
251,15,Y,2471698467,8.238994889999999
543,51,Y,2471640552,8.23880184
268,17,Y,2470288024,8.234293413333333
1036,113,Y,2468636064,8.22878688
196,8,Y,2468408920,8.228029733333333
1006,109,Y,2466069048,8.22023016
743,76,Y,2461850824,8.206169413333333
993,108,Y,2460623368,8.202077893333334
319,23,Y,2459994240,8.199980799999999
524,49,Y,2458884032,8.196280106666666
966,104,Y,2458264968,8.194216560000001
401,34,Y,2457298800,8.190996
786,82,Y,2456795520,8.1893184
742,76,Y,2456774952,8.18924984
570,55,Y,2456390304,8.18796768
573,55,Y,2454803048,8.182676826666667
927,99,Y,2454552104,8.181840346666666
1134,125,Y,2454050400,8.180168
337,26,Y,2451935504,8.173118346666666
925,99,Y,2451406664,8.171355546666668
321,24,Y,2451149968,8.170499893333332
174,5,Y,2449400968,8.164669893333333
919,98,Y,2449171592,8.163905306666667
258,16,Y,2449112032,8.163706773333333
634,63,Y,2448230424,8.16076808
780,81,Y,2447286224,8.157620746666666
664,67,Y,2446574200,8.155247333333334
1084,119,Y,2445933376,8.153111253333334
733,75,Y,2445748560,8.1524952
906,97,Y,2444915624,8.149718746666666
48,63,N,2444433048,8.14811016
428,37,Y,2443955120,8.146517066666666
456,41,Y,2442179096,8.140596986666667
683,69,Y,2437992373,8.126641243333333
621,61,Y,2437318176,8.124393920000001
185,7,Y,2435713976,8.119046586666666
183,6,Y,2432102667,8.10700889
1122,124,Y,2431722596,8.105741986666667
460,41,Y,2431505912,8.105019706666667
708,72,Y,2430927832,8.103092773333334
368,30,Y,2430150608,8.100502026666668
660,66,Y,2428199168,8.093997226666666
472,43,Y,2428053104,8.093510346666667
1068,117,Y,2427895696,8.092985653333333
137,1,Y,2427893344,8.092977813333334
218,11,Y,2426233680,8.0874456
623,61,Y,2425945512,8.08648504
558,53,Y,2425448218,8.084827393333335
533,50,Y,2423402984,8.078009946666667
582,56,Y,2421982072,8.073273573333333
216,11,Y,2421934488,8.07311496
703,71,Y,2418429600,8.061432
835,88,Y,2418411944,8.061373146666668
172,5,Y,2416343384,8.054477946666665
1026,112,Y,2416181148,8.05393716
297,21,Y,2415699951,8.05233317
399,33,Y,2414547104,8.048490346666666
394,33,Y,2414534144,8.048447146666666
1040,114,Y,2411902808,8.039676026666667
1126,124,Y,2408205144,8.02735048
661,66,Y,2408037806,8.026792686666667
842,89,Y,2405893288,8.019644293333334
939,101,Y,2401523753,8.005079176666667
946,102,Y,2401335880,8.004452933333333
657,66,Y,2400778848,8.00259616
338,26,Y,2399919728,7.999732426666667
279,18,Y,2399870616,7.99956872
417,36,Y,2398141984,7.993806613333334
1090,120,Y,2398014472,7.993381573333333
325,24,Y,2397625799,7.992085996666666
1095,120,Y,2396995712,7.989985706666666
299,21,Y,2396907672,7.98969224
566,54,Y,2396872984,7.989576613333334
865,92,Y,2396749656,7.989165519999999
547,52,Y,2396196548,7.987321826666667
447,39,Y,2394516024,7.9817200800000006
696,71,Y,2392969763,7.976565876666666
933,100,Y,2392739472,7.97579824
1097,121,Y,2392376848,7.974589493333334
1064,117,Y,2389166360,7.963887866666666
545,52,Y,2389121555,7.963738516666667
1019,111,Y,2387823272,7.959410906666667
776,81,Y,2387679409,7.958931363333334
1032,113,Y,2386823512,7.956078373333334
796,83,Y,2386136488,7.953788293333333
372,30,Y,2385049512,7.95016504
467,42,Y,2384401038,7.94800346
624,62,Y,2382739816,7.942466053333333
409,35,Y,2379630024,7.93210008
101,93,N,2377277832,7.92425944
741,76,Y,2377121852,7.923739506666666
762,79,Y,2376914422,7.923048073333333
730,75,Y,2375384472,7.91794824
1150,127,Y,2373076424,7.910254746666667
800,84,Y,2372988360,7.9099612
150,2,Y,2372947680,7.9098256000000005
441,39,Y,2370905656,7.903018853333334
378,31,Y,2370836160,7.9027872
212,10,Y,2369405280,7.8980176
1029,112,Y,2369126880,7.8970896
309,22,Y,2368655040,7.8955168
272,18,Y,2368521666,7.89507222
810,85,Y,2366608120,7.888693733333334
804,84,Y,2362152888,7.873842960000001
469,42,Y,2361916944,7.87305648
392,33,Y,2361216231,7.87072077
580,56,Y,2355512392,7.851707973333333
940,101,Y,2354087872,7.846959573333333
926,99,Y,2352783416,7.8426113866666665
208,10,Y,2345501760,7.8183392000000005
459,41,Y,2345345080,7.817816933333334
801,84,Y,2344530120,7.8151003999999995
826,87,Y,2343697048,7.8123234933333325
427,37,Y,2342740128,7.809133760000001
617,61,Y,2341675120,7.805583733333334
416,36,Y,2340538992,7.80179664
813,85,Y,2340332776,7.801109253333334
1119,123,Y,2340113656,7.800378853333332
852,90,Y,2338242760,7.794142533333333
578,56,Y,2335853608,7.786178693333333
487,44,Y,2335669424,7.785564746666666
720,74,Y,2334450800,7.7815026666666665
253,15,Y,2333583930,7.778613099999999
532,50,Y,2332379632,7.774598773333333
838,88,Y,2331094512,7.770315040000001
1138,126,Y,2329981920,7.766606400000001
983,106,Y,2325664976,7.752216586666667
781,81,Y,2325028864,7.750096213333333
646,64,Y,2321594776,7.7386492533333335
541,51,Y,2320095672,7.73365224
312,23,Y,2317881600,7.726271999999999
458,41,Y,2316277752,7.72092584
188,7,Y,2316105632,7.720352106666667
779,81,Y,2313267680,7.710892266666666
345,27,Y,2311708952,7.7056965066666665
492,45,Y,2309480160,7.6982672
666,67,Y,2308522704,7.69507568
289,20,Y,2306323312,7.687744373333333
223,11,Y,2304692392,7.682307973333333
359,28,Y,2301771064,7.6725702133333336
671,67,Y,2300944296,7.6698143199999995
1049,115,Y,2299090952,7.663636506666667
468,42,Y,2298863312,7.6628777066666665
816,86,Y,2298697016,7.6623233866666665
564,54,Y,2297723359,7.659077863333333
996,108,Y,2295932421,7.65310807
755,78,Y,2295558872,7.651862906666667
342,26,Y,2295261864,7.65087288
986,107,Y,2294690241,7.64896747
408,35,Y,2289139984,7.630466613333334
306,22,Y,2288190992,7.627303306666667
247,14,Y,2285994944,7.619983146666668
214,10,Y,2285907639,7.61969213
231,12,Y,2284755752,7.615852506666666
976,106,Y,2283786192,7.612620639999999
663,66,Y,2282380126,7.6079337533333335
199,8,Y,2279006722,7.596689073333334
907,97,Y,2277900008,7.593000026666667
967,104,Y,2277747208,7.592490693333333
807,84,Y,2273531300,7.578437666666667
434,38,Y,2273380208,7.577934026666666
1050,115,Y,2272320304,7.5744010133333335
496,46,Y,2269838480,7.5661282666666665
1028,112,Y,2269666648,7.565555493333333
438,38,Y,2269438528,7.564795093333333
221,11,Y,2269289498,7.564298326666667
912,98,Y,2267855544,7.55951848
871,92,Y,2266997224,7.556657413333332
250,15,Y,2264451360,7.5481712000000005
518,48,Y,2263513384,7.545044613333333
429,37,Y,2262797456,7.542658186666666
1015,110,Y,2262514752,7.54171584
607,59,Y,2261995184,7.539983946666666
1131,125,Y,2260400640,7.5346687999999995
739,76,Y,2259000520,7.530001733333333
592,58,Y,2254941168,7.516470560000001
1127,124,Y,2254375200,7.514584
371,30,Y,2253689088,7.5122969600000005
952,103,Y,2251578352,7.5052611733333325
497,46,Y,2251002072,7.50334024
537,51,Y,2250550984,7.501836613333333
823,86,Y,2248393192,7.494643973333333
369,30,Y,2247726216,7.492420719999999
542,51,Y,2247166360,7.490554533333333
285,19,Y,2245546096,7.485153653333334
638,63,Y,2245036592,7.483455306666667
1113,123,Y,2244133880,7.480446266666667
897,96,Y,2241802576,7.472675253333333
650,65,Y,2241756480,7.472521599999999
373,30,Y,2239938504,7.46646168
839,88,Y,2236664416,7.455548053333333
129,0,Y,2236596488,7.455321626666667
760,79,Y,2230211048,7.4340368266666665
1087,119,Y,2226163048,7.420543493333333
600,59,Y,2225850976,7.419503253333333
1020,111,Y,2225461304,7.418204346666666
896,96,Y,2219875544,7.3995851466666664
1117,123,Y,2216068960,7.386896533333333
168,5,Y,2214341640,7.3811388
697,71,Y,2214042240,7.3801407999999995
679,68,Y,2212593448,7.375311493333333
843,89,Y,2212061904,7.37353968
591,57,Y,2211847336,7.372824453333333
563,54,Y,2207950584,7.35983528
205,9,Y,2207303192,7.357677306666667
1048,115,Y,2206639856,7.355466186666666
475,43,Y,2205343016,7.351143386666667
262,16,Y,2205072477,7.35024159
877,93,Y,2202237976,7.340793253333333
647,64,Y,2201148080,7.337160266666666
957,103,Y,2200005176,7.333350586666667
811,85,Y,2199722280,7.3324076
694,70,Y,2198549595,7.328498649999999
264,17,Y,2197928240,7.326427466666667
1123,124,Y,2196993224,7.323310746666667
841,89,Y,2195995888,7.319986293333333
818,86,Y,2195004248,7.316680826666666
635,63,Y,2193684640,7.312282133333333
593,58,Y,2193587824,7.311959413333333
677,68,Y,2187677304,7.29225768
904,97,Y,2185293808,7.284312693333334
922,99,Y,2183118845,7.277062816666667
867,92,Y,2182559656,7.275198853333334
159,3,Y,2176306184,7.254353946666667
601,59,Y,2176002224,7.253340746666667
483,44,Y,2174506990,7.248356633333334
548,52,Y,2173153832,7.243846106666667
805,84,Y,2171924512,7.239748373333334
237,13,Y,2169974880,7.2332496
584,57,Y,2169625464,7.23208488
918,98,Y,2168043771,7.226812570000001
180,6,Y,2166780764,7.222602546666666
949,102,Y,2164644640,7.2154821333333325
714,73,Y,2164260408,7.21420136
197,8,Y,2163074920,7.210249733333334
648,65,Y,2161216296,7.20405432
898,96,Y,2161161064,7.2038702133333326
226,12,Y,2157330216,7.191100720000001
415,35,Y,2156217272,7.187390906666667
431,37,Y,2155149544,7.183831813333333
202,9,Y,2154199840,7.180666133333332
523,49,Y,2153426168,7.178087226666667
637,63,Y,2151416176,7.171387253333333
474,43,Y,2148765168,7.16255056
938,101,Y,2148466816,7.161556053333333
1052,115,Y,2148400040,7.161333466666667
622,61,Y,2147117288,7.157057626666667
411,35,Y,2144058468,7.14686156
651,65,Y,2144047392,7.14682464
602,59,Y,2143551648,7.14517216
945,102,Y,2142779048,7.142596826666667
1011,110,Y,2140295736,7.134319120000001
920,99,Y,2139870344,7.132901146666666
732,75,Y,2139326896,7.1310896533333334
736,76,Y,2139235424,7.130784746666667
283,19,Y,2135432912,7.118109706666667
540,51,Y,2133725872,7.112419573333334
179,6,Y,2133345784,7.111152613333334
395,33,Y,2131182232,7.103940773333334
670,67,Y,2128995640,7.0966521333333334
1054,115,Y,2127936016,7.093120053333333
489,45,Y,2126141752,7.087139173333333
690,70,Y,2125335088,7.084450293333333
175,5,Y,2123934984,7.07978328
685,69,Y,2122848082,7.0761602733333335
803,84,Y,2121947344,7.073157813333333
951,102,Y,2121799664,7.072665546666666
978,106,Y,2121111288,7.07037096
1012,110,Y,2115874024,7.052913413333334
1007,109,Y,2115416772,7.05138924
809,85,Y,2114617536,7.04872512
900,96,Y,2110481064,7.034936880000001
642,64,Y,2108795168,7.029317226666667
280,19,Y,2108709199,7.029030663333333
977,106,Y,2105573993,7.0185799766666666
1102,121,Y,2104875523,7.016251743333333
1085,119,Y,2104158896,7.013862986666666
594,58,Y,2102595336,7.008651120000001
625,62,Y,2099553104,6.998510346666667
692,70,Y,2099490136,6.998300453333334
701,71,Y,2099160000,6.9972
177,6,Y,2098503550,6.995011833333334
502,46,Y,2092640017,6.975466723333333
737,76,Y,2090939488,6.969798293333334
282,19,Y,2089430928,6.96476976
500,46,Y,2089082688,6.96360896
1101,121,Y,2085587088,6.9519569599999995
520,49,Y,2080882744,6.936275813333332
658,66,Y,2077576368,6.925254560000001
326,24,Y,2075965664,6.919885546666666
1055,115,Y,2074479112,6.914930373333333
567,54,Y,2073899127,6.91299709
501,46,Y,2070222101,6.900740336666667
1000,109,Y,2069223168,6.89741056
930,100,Y,2066902776,6.88967592
236,13,Y,2065871464,6.886238213333333
284,19,Y,2065435336,6.884784453333332
1025,112,Y,2064520216,6.881734053333332
1044,114,Y,2060686824,6.868956079999999
1070,117,Y,2060160960,6.8672032
1098,121,Y,2059389448,6.864631493333333
439,38,Y,2057745174,6.85915058
192,8,Y,2056860960,6.8562031999999995
761,79,Y,2054652368,6.848841226666667
397,33,Y,2053542200,6.845140666666667
1135,125,Y,2053375680,6.8445856
778,81,Y,2052405176,6.841350586666667
412,35,Y,2046237016,6.820790053333334
1132,125,Y,2044243680,6.814145600000001
1013,110,Y,2041688484,6.8056282800000005
633,63,Y,2041364696,6.804548986666667
323,24,Y,2040628208,6.8020940266666665
186,7,Y,2036533248,6.78844416
583,56,Y,2036508056,6.788360186666667
576,56,Y,2034711960,6.782373199999999
1053,115,Y,2033973275,6.779910916666666
479,43,Y,2029280336,6.764267786666666
269,17,Y,2025530368,6.751767893333334
190,7,Y,2024090384,6.7469679466666665
585,57,Y,2022635632,6.742118773333333
652,65,Y,2021760352,6.739201173333334
304,22,Y,2020118728,6.733729093333333
526,49,Y,2017828795,6.726095983333333
596,58,Y,2016803408,6.722678026666666
1051,115,Y,2015923256,6.7197441866666665
1091,120,Y,2014751400,6.715838000000001
430,37,Y,2014628552,6.715428506666667
1111,122,Y,2011633168,6.705443893333333
1082,119,Y,2010093960,6.700313200000001
1120,124,Y,2009898656,6.699662186666666
410,35,Y,2002753488,6.675844960000001
662,66,Y,1998972088,6.663240293333334
869,92,Y,1998295573,6.660985243333334
414,35,Y,1995997914,6.65332638
316,23,Y,1994052000,6.64684
1045,114,Y,1988346872,6.627822906666666
512,48,Y,1985762068,6.619206893333334
419,36,Y,1984352824,6.614509413333333
538,51,Y,1982622792,6.60874264
198,8,Y,1981874568,6.60624856
1128,125,Y,1978683867,6.595612889999999
728,75,Y,1978420280,6.594734266666667
461,41,Y,1976991984,6.58997328
403,34,Y,1974324504,6.5810816800000005
738,76,Y,1972983728,6.576612426666667
1010,110,Y,1972329744,6.5744324800000005
958,103,Y,1969383896,6.564612986666667
759,78,Y,1968796128,6.562653760000001
565,54,Y,1964202969,6.547343229999999
1008,110,Y,1963535360,6.545117866666667
211,10,Y,1960692000,6.53564
1125,124,Y,1950080744,6.500269146666667
370,30,Y,1949878080,6.499593600000001
937,101,Y,1948213280,6.494044266666667
589,57,Y,1942354320,6.4745144
822,86,Y,1941523256,6.471744186666667
868,92,Y,1938454688,6.4615156266666665
941,101,Y,1937242264,6.457474213333334
588,57,Y,1929932880,6.433109600000001
756,78,Y,1929641040,6.4321368
1059,116,Y,1928530133,6.428433776666667
599,58,Y,1928128552,6.427095173333333
909,97,Y,1928075224,6.426917413333333
875,93,Y,1927754672,6.425848906666666
225,12,Y,1927248040,6.4241601333333325
228,12,Y,1926561152,6.421870506666667
901,96,Y,1921408600,6.404695333333334
432,38,Y,1919757104,6.399190346666667
764,79,Y,1919600176,6.398667253333333
1080,119,Y,1918646600,6.395488666666667
130,0,Y,1918222514,6.394075046666667
445,39,Y,1917314491,6.391048303333334
598,58,Y,1917053467,6.390178223333333
656,66,Y,1915814120,6.386047066666666
903,96,Y,1908508992,6.36169664
142,1,Y,1907783896,6.359279653333333
355,28,Y,1904688440,6.348961466666666
495,45,Y,1902781192,6.342603973333333
343,26,Y,1900995376,6.336651253333334
546,52,Y,1900544112,6.33514704
550,52,Y,1888346312,6.294487706666667
317,23,Y,1888095840,6.2936528
943,101,Y,1886605848,6.288686159999999
942,101,Y,1881589648,6.271965493333333
899,96,Y,1873299192,6.24433064
735,75,Y,1872310432,6.241034773333333
194,8,Y,1872047352,6.24015784
426,37,Y,1871510008,6.238366693333333
934,100,Y,1865821416,6.21940472
619,61,Y,1858090336,6.193634453333333
1116,123,Y,1854168784,6.180562613333334
1133,125,Y,1853671200,6.178904
525,49,Y,1850895824,6.169652746666666
916,98,Y,1849851632,6.166172106666667
630,62,Y,1842063024,6.14021008
433,38,Y,1840936616,6.1364553866666665
675,68,Y,1839620400,6.132068
921,99,Y,1830739424,6.102464746666667
982,106,Y,1829954360,6.099847866666667
988,107,Y,1829274880,6.097582933333333
953,103,Y,1824759600,6.0825320000000005
1065,117,Y,1822359032,6.074530106666667
549,52,Y,1818550384,6.061834613333334
527,49,Y,1816024792,6.053415973333333
936,101,Y,1815730080,6.0524336
207,9,Y,1814521000,6.048403333333333
604,59,Y,1804340040,6.0144668
568,55,Y,1802141664,6.00713888
844,89,Y,1784578624,5.948595413333333
398,33,Y,1780164424,5.933881413333333
915,98,Y,1776666456,5.92222152
1005,109,Y,1773708064,5.912360213333334
931,100,Y,1766622016,5.888740053333334
924,99,Y,1765122904,5.8837430133333335
879,93,Y,1765117600,5.8837253333333335
298,21,Y,1764014856,5.88004952
668,67,Y,1746874168,5.822913893333333
752,78,Y,1741474768,5.804915893333333
954,103,Y,1740063872,5.800212906666666
734,75,Y,1724838952,5.749463173333334
782,81,Y,1712339664,5.70779888
536,51,Y,1694531976,5.64843992
959,103,Y,1688114144,5.6270471466666665
731,75,Y,1684434856,5.614782853333333
1121,124,Y,1682725544,5.609085146666667
653,65,Y,1677561864,5.5918728799999995
626,62,Y,1654388000,5.514626666666667
360,29,Y,1641838080,5.4727936
618,61,Y,1629823576,5.432745253333334
1031,112,Y,1626404976,5.42134992
425,37,Y,1601156888,5.337189626666667
754,78,Y,1574157576,5.247191920000001
1124,124,Y,1565996960,5.219989866666666
498,46,Y,1545226336,5.150754453333333
848,90,Y,1517912608,5.0597086933333335
77,746,Y,1512441520,5.041471733333333
878,93,Y,1503413672,5.011378906666667
595,58,Y,1499541496,4.9984716533333335
476,43,Y,1499388200,4.997960666666667
606,59,Y,1480455128,4.934850426666667
955,103,Y,1440333616,4.801112053333333
561,54,Y,1343105872,4.477019573333333
77,744,Y,1291808952,4.30602984
77,750,Y,1086999408,3.62333136
78,753,Y,957986304,3.19328768
77,745,Y,874525056,2.91508352
118,1079,Y,850086992,2.833623306666667
118,1073,Y,819393784,2.7313126133333334
77,748,Y,764029624,2.5467654133333335
118,1072,Y,754824264,2.51608088
1,141,Y,716263152,2.38754384
87,828,Y,678273216,2.26091072
118,1075,Y,663526904,2.2117563466666668
77,747,Y,623372496,2.07790832
118,1074,Y,585472800,1.951576
80,768,Y,582447986,1.9414932866666668
25,329,Y,538569752,1.7952325066666668
77,749,Y,533872648,1.7795754933333334
80,769,Y,509025192,1.6967506399999999
77,751,Y,492833392,1.6427779733333334
43,475,Y,431318776,1.4377292533333335
33,393,Y,420552016,1.4018400533333333
84,805,Y,408844912,1.3628163733333334
103,957,Y,408507208,1.3616906933333335
116,1062,Y,406920240,1.3564008
98,914,Y,396101224,1.3203374133333332
76,736,Y,392575656,1.30858552
95,888,Y,387785984,1.2926199466666666
109,1000,Y,380900216,1.2696673866666666
80,772,Y,377638648,1.2587954933333332
25,333,Y,374333339,1.2477777966666668
14,242,Y,372332720,1.2411090666666666
58,592,Y,357972584,1.1932419466666666
60,613,Y,348009384,1.16003128
127,1151,Y,342639896,1.1421329866666667
37,428,Y,342453608,1.1415120266666667
118,1077,Y,339647720,1.1321590666666668
127,1147,Y,319561424,1.0652047466666668
52,546,Y,319181784,1.06393928
108,995,Y,312072320,1.0402410666666668
84,801,Y,309674232,1.03224744
127,1145,Y,304094680,1.0136489333333334
105,968,Y,303346672,1.0111555733333333
53,554,Y,281935200,0.939784
80,774,Y,281810576,0.9393685866666666
109,1001,Y,281020920,0.9367363999999999
105,975,Y,278584472,0.9286149066666668
80,770,Y,276281648,0.9209388266666667
121,1103,Y,256984104,0.85661368
83,795,Y,215595520,0.7186517333333333
7,188,Y,214297240,0.7143241333333333
80,771,Y,213813808,0.7127126933333333
124,1124,Y,206190200,0.6873006666666667
86,822,Y,199607736,0.66535912
108,996,Y,197416616,0.6580553866666666
20,290,Y,193482760,0.6449425333333333
96,898,Y,190546736,0.6351557866666666
43,472,Y,188972088,0.62990696
75,735,Y,181608776,0.6053625866666666
127,1149,Y,180171168,0.60057056
43,473,Y,176601336,0.58867112
39,443,Y,170533224,0.56844408
52,545,Y,169143848,0.5638128266666667
56,582,Y,168420512,0.5614017066666667
92,866,Y,166967400,0.556558
61,617,Y,164797224,0.54932408
90,851,Y,161960208,0.53986736
86,821,Y,161632608,0.5387753599999999
61,623,Y,159531088,0.5317702933333333
21,296,Y,156656360,0.5221878666666666
120,1089,Y,155037912,0.51679304
25,332,Y,154283976,0.51427992
87,825,Y,152828936,0.5094297866666666
58,593,Y,151259344,0.5041978133333334
108,998,Y,150876696,0.50292232
113,1037,Y,150671072,0.5022369066666666
80,775,Y,145125128,0.4837504266666666
7,187,Y,144716072,0.48238690666666667
118,1078,Y,143111200,0.47703733333333337
65,652,Y,143095840,0.47698613333333334
62,627,Y,142599671,0.4753322366666667
96,902,Y,142297000,0.4743233333333334
20,289,Y,141888248,0.47296082666666667
62,631,Y,141591848,0.4719728266666666
104,964,Y,141139160,0.4704638666666667
6,176,Y,139183160,0.46394386666666665
123,1116,Y,137094352,0.4569811733333333
56,577,Y,135953488,0.4531782933333333
20,288,Y,135737200,0.4524573333333334
76,738,Y,135615032,0.4520501066666667
95,889,Y,135224312,0.45074770666666664
17,270,Y,134297768,0.4476592266666667
37,425,Y,134122872,0.44707623999999996
109,1002,Y,134103336,0.44701112
39,441,Y,131682144,0.43894047999999997
56,578,Y,131551056,0.43850352
92,868,Y,131385920,0.43795306666666667
0,128,Y,131187200,0.43729066666666666
106,978,Y,129995384,0.4333179466666667
73,717,Y,129828528,0.43276176
61,621,Y,129038272,0.43012757333333335
118,1076,Y,128719432,0.4290647733333333
78,752,Y,127891696,0.42630565333333337
38,432,Y,127266464,0.42422154666666667
51,540,Y,127035632,0.42345210666666666
43,477,Y,126309992,0.4210333066666666
3,154,Y,126005520,0.4200184
39,447,Y,125894040,0.4196468
75,733,Y,124931432,0.4164381066666667
8,195,Y,122828720,0.4094290666666667
78,758,Y,122704456,0.4090148533333333
70,693,Y,122185920,0.4072864
43,478,Y,121940496,0.40646832000000005
40,450,Y,121589048,0.40529682666666667
6,179,Y,120304400,0.40101466666666663
88,838,Y,119257136,0.39752378666666666
99,927,Y,118866408,0.39622136
120,1093,Y,118414448,0.39471482666666663
3,157,Y,118003880,0.39334626666666667
116,1058,Y,117621952,0.39207317333333336
124,1120,Y,117526224,0.39175408
72,705,Y,117292296,0.39097432000000004
28,359,Y,116609600,0.38869866666666664
92,871,Y,116420488,0.3880682933333333
91,856,Y,116252880,0.3875096
8,197,Y,116159592,0.38719864000000004
40,455,Y,115543816,0.38514605333333335
70,688,Y,115535696,0.38511898666666666
62,624,Y,115123608,0.38374536
124,1125,Y,114997136,0.38332378666666667
25,335,Y,113947832,0.37982610666666666
99,921,Y,113460872,0.37820290666666667
21,298,Y,113033184,0.37677728
109,1004,Y,112772512,0.3759083733333333
20,294,Y,112747680,0.37582560000000004
127,1144,Y,112687104,0.37562368
127,1150,Y,111964208,0.3732140266666667
103,952,Y,111063016,0.37021005333333334
110,1009,Y,110779680,0.36926559999999997
20,292,Y,110192832,0.36730944
97,907,Y,110147272,0.3671575733333333
57,587,Y,108897624,0.36299208
67,664,Y,108590272,0.36196757333333335
37,429,Y,108510000,0.3617
62,628,Y,108373672,0.36124557333333335
8,196,Y,108326392,0.3610879733333333
57,588,Y,107368200,0.357894
66,659,Y,106360376,0.35453458666666665
108,993,Y,106059632,0.3535321066666667
74,722,Y,105721920,0.3524064
79,767,Y,105621192,0.35207064
6,180,Y,105302968,0.3510098933333333
6,181,Y,104989000,0.34996333333333335
99,926,Y,104058976,0.34686325333333334
93,876,Y,103909024,0.3463634133333333
9,206,Y,103652520,0.3455084
92,865,Y,103515808,0.3450526933333333
59,604,Y,103350800,0.3445026666666667
58,598,Y,103242648,0.34414216
108,997,Y,103209176,0.34403058666666664
57,591,Y,102341144,0.34113714666666667
21,299,Y,101950136,0.3398337866666667
87,830,Y,101914088,0.3397136266666667
56,579,Y,101868760,0.33956253333333336
99,922,Y,101751448,0.33917149333333335
102,950,Y,101490200,0.3383006666666667
106,983,Y,101150824,0.33716941333333333
76,737,Y,101080576,0.3369352533333333
120,1090,Y,100954216,0.33651405333333334
73,719,Y,100801856,0.33600618666666665
56,581,Y,100302776,0.33434258666666666
101,938,Y,100098352,0.33366117333333334
75,728,Y,99923560,0.3330785333333333
96,901,Y,99351072,0.33117024
93,872,Y,99301064,0.33100354666666665
52,548,Y,98907648,0.32969216
96,897,Y,98702640,0.3290088
12,227,Y,98597872,0.32865957333333334
92,869,Y,97501624,0.3250054133333333
72,710,Y,97449504,0.32483168
111,1017,Y,97017144,0.32339048
39,446,Y,96620064,0.32206688
120,1091,Y,96372400,0.3212413333333333
39,442,Y,96294820,0.3209827333333333
72,706,Y,96202304,0.32067434666666667
95,894,Y,95719544,0.3190651466666667
91,861,Y,95429920,0.3180997333333333
73,716,Y,94825640,0.31608546666666665
111,1021,Y,94491376,0.31497125333333337
75,731,Y,94337888,0.31445962666666666
86,818,Y,93775304,0.3125843466666667
99,925,Y,93629784,0.31209928
81,778,Y,93621120,0.3120704
78,755,Y,93467320,0.3115577333333333
114,1043,Y,93262400,0.3108746666666667
87,826,Y,93224344,0.31074781333333334
78,759,Y,93173248,0.31057749333333334
20,293,Y,92851576,0.30950525333333334
97,910,Y,92750120,0.30916706666666666
17,268,Y,92748040,0.30916013333333336
20,295,Y,92747896,0.30915965333333334
8,194,Y,92689664,0.3089655466666667
38,439,Y,92481368,0.3082712266666667
87,824,Y,92348328,0.30782776
113,1036,Y,91517952,0.30505983999999997
20,291,Y,91478792,0.3049293066666667
104,967,Y,91345280,0.30448426666666667
103,958,Y,90757240,0.30252413333333333
63,637,Y,89820400,0.29940133333333335
101,940,Y,89628608,0.2987620266666666
74,720,Y,89313448,0.2977114933333333
11,220,Y,89292656,0.2976421866666667
111,1016,Y,89258864,0.2975295466666667
65,649,Y,89054952,0.29684984000000003
107,986,Y,88854288,0.29618096
7,189,Y,88157408,0.29385802666666666
90,849,Y,87541936,0.2918064533333333
96,896,Y,87453664,0.2915122133333334
6,182,Y,87130928,0.29043642666666664
68,676,Y,86892912,0.28964303999999996
31,378,Y,86810984,0.28936994666666666
3,155,Y,86651392,0.28883797333333333
104,965,Y,86627544,0.28875848000000004
65,648,Y,85776736,0.2859224533333333
74,726,Y,85316400,0.284388
31,376,Y,85242072,0.28414024
43,474,Y,85199248,0.28399749333333335
93,874,Y,85034152,0.2834471733333333
61,619,Y,85000696,0.2833356533333333
76,739,Y,84469344,0.28156448
91,859,Y,84445360,0.28148453333333334
104,961,Y,84401680,0.2813389333333334
112,1029,Y,84327248,0.2810908266666667
33,394,Y,84027648,0.28009216
93,875,Y,83672832,0.27890944
96,900,Y,83274096,0.27758032
103,959,Y,83236968,0.27745655999999996
8,193,Y,83159672,0.2771989066666667
109,1003,Y,82980648,0.27660216
39,444,Y,82892976,0.27630992
25,331,Y,82745648,0.2758188266666667
38,434,Y,82697224,0.2756574133333333
86,823,Y,82528400,0.27509466666666665
47,504,Y,82251968,0.27417322666666666
46,502,Y,82221392,0.2740713066666667
81,782,Y,82189888,0.27396629333333333
6,183,Y,82182568,0.27394189333333335
61,622,Y,81876880,0.27292293333333334
91,857,Y,81667368,0.27222456
76,743,Y,81610008,0.27203336
7,185,Y,81547928,0.2718264266666667
119,1081,Y,81525120,0.2717504
61,616,Y,81458440,0.27152813333333337
44,487,Y,81167984,0.27055994666666666
111,1018,Y,81154944,0.27051648
70,695,Y,81141144,0.27047048
39,440,Y,80811832,0.2693727733333333
114,1046,Y,80727272,0.26909090666666663
92,864,Y,80574528,0.26858176
54,564,Y,80069992,0.2668999733333333
58,599,Y,80053280,0.26684426666666666
67,671,Y,79990984,0.2666366133333333
91,863,Y,79163120,0.26387706666666666
55,570,Y,79078808,0.26359602666666665
83,794,Y,78922448,0.26307482666666665
33,392,Y,78725152,0.26241717333333336
55,571,Y,78681392,0.26227130666666665
54,566,Y,78588016,0.26196005333333333
73,712,Y,78349976,0.2611665866666667
49,524,Y,78214272,0.26071424
30,373,Y,78125272,0.2604175733333334
32,387,Y,78111104,0.2603703466666667
105,970,Y,78091520,0.2603050666666667
30,371,Y,78054160,0.2601805333333333
90,855,Y,78017896,0.26005965333333336
56,580,Y,77951816,0.25983938666666667
111,1019,Y,77892840,0.2596428
66,656,Y,77835824,0.2594527466666667
84,800,Y,77832896,0.25944298666666665
108,994,Y,76813144,0.25604381333333337
104,960,Y,76682960,0.25560986666666663
103,955,Y,76644480,0.25548160000000003
70,691,Y,76605640,0.25535213333333334
22,306,Y,76373824,0.25457941333333334
27,348,Y,76279712,0.2542657066666667
100,931,Y,76130640,0.2537688
55,569,Y,75964184,0.2532139466666667
27,345,Y,75857984,0.25285994666666667
68,678,Y,75828128,0.25276042666666665
92,867,Y,75812512,0.2527083733333333
72,707,Y,75746136,0.25248712
97,906,Y,75639120,0.2521304
124,1127,Y,75300616,0.2510020533333333
116,1056,Y,74976160,0.2499205333333333
97,908,Y,74894936,0.24964978666666668
97,911,Y,74616536,0.24872178666666667
52,549,Y,74465360,0.24821786666666665
99,923,Y,74369088,0.24789696
21,302,Y,73990424,0.24663474666666665
120,1095,Y,73776896,0.24592298666666668
120,1094,Y,73682248,0.24560749333333332
112,1031,Y,73391120,0.24463706666666665
74,725,Y,73338400,0.2444613333333333
60,615,Y,73100464,0.24366821333333336
11,216,Y,72966488,0.24322162666666666
110,1010,Y,72917144,0.24305714666666667
98,915,Y,72871560,0.24290520000000002
109,1007,Y,72163288,0.24054429333333333
123,1113,Y,72151664,0.24050554666666668
31,382,Y,72147536,0.24049178666666668
78,754,Y,71859064,0.23953021333333332
55,574,Y,71615176,0.23871725333333332
95,895,Y,71402272,0.23800757333333333
74,721,Y,71396256,0.23798752
95,890,Y,71356120,0.23785373333333332
62,626,Y,71353448,0.23784482666666668
67,668,Y,71310960,0.23770319999999998
111,1023,Y,71298576,0.23766192
58,597,Y,71230792,0.23743597333333333
103,954,Y,71198904,0.23732968
76,740,Y,71173488,0.23724496000000003
93,873,Y,70797896,0.23599298666666665
31,381,Y,70748288,0.23582762666666665
25,330,Y,70727896,0.23575965333333332
88,837,Y,70692424,0.23564141333333333
79,763,Y,70556496,0.23518832
62,629,Y,70422920,0.23474306666666664
56,583,Y,69882304,0.2329410133333333
11,222,Y,69758336,0.23252778666666665
46,496,Y,69715152,0.23238384
86,817,Y,69595368,0.23198455999999998
54,563,Y,69568088,0.23189362666666669
100,930,Y,69420952,0.23140317333333335
75,730,Y,69333016,0.23111005333333332
107,991,Y,69312688,0.23104229333333332
96,903,Y,69207496,0.23069165333333333
88,835,Y,69048984,0.23016328
106,982,Y,69005800,0.23001933333333335
64,641,Y,68886224,0.22962074666666668
74,723,Y,68789416,0.22929805333333333
79,762,Y,68679608,0.22893202666666668
1,140,Y,68603104,0.22867701333333332
90,848,Y,68580176,0.22860058666666666
67,667,Y,68322576,0.22774192000000001
7,184,Y,68224392,0.22741464
124,1126,Y,68134352,0.22711450666666666
21,297,Y,67924648,0.22641549333333333
102,945,Y,67782296,0.22594098666666668
33,399,Y,67713104,0.22571034666666664
8,199,Y,67379456,0.22459818666666664
40,451,Y,67377080,0.22459026666666665
107,985,Y,67364312,0.22454770666666665
11,218,Y,67319816,0.22439938666666664
28,352,Y,67229368,0.22409789333333333
84,806,Y,67056240,0.2235208
30,374,Y,66739712,0.22246570666666665
66,660,Y,66715576,0.22238525333333334
107,988,Y,66690648,0.22230216000000003
107,987,Y,66065408,0.22021802666666668
100,932,Y,65784152,0.21928050666666665
113,1034,Y,65781328,0.21927109333333333
62,630,Y,65587904,0.21862634666666667
37,424,Y,65271944,0.2175731466666667
110,1011,Y,65205280,0.21735093333333333
31,383,Y,64743360,0.21581119999999998
103,956,Y,64696056,0.21565352
85,814,Y,64653576,0.21551192000000002
54,561,Y,64393008,0.21464335999999998
37,430,Y,64177608,0.21392536
86,820,Y,64119608,0.21373202666666666
119,1082,Y,64077680,0.21359226666666664
84,807,Y,64064672,0.21354890666666665
104,962,Y,63966992,0.2132233066666667
30,375,Y,63860424,0.21286808
66,663,Y,63706032,0.21235344
83,799,Y,63565024,0.21188341333333335
110,1008,Y,63289888,0.21096629333333333
46,503,Y,63258984,0.21086328
42,467,Y,62888376,0.20962792
57,585,Y,62785128,0.20928375999999999
43,476,Y,62349432,0.20783144
51,539,Y,61766504,0.20588834666666667
28,358,Y,61582816,0.20527605333333335
37,431,Y,61539560,0.20513186666666666
101,939,Y,61518536,0.20506178666666666
31,379,Y,61347072,0.20449024000000002
46,500,Y,61167728,0.20389242666666668
70,692,Y,61114760,0.20371586666666666
97,905,Y,60843200,0.20281066666666667
69,683,Y,60834848,0.2027828266666667
90,853,Y,60678112,0.20226037333333333
90,852,Y,60641712,0.20213904000000002
76,741,Y,60523464,0.20174488000000002
54,562,Y,60384328,0.20128109333333333
22,310,Y,60310832,0.20103610666666666
57,590,Y,60234096,0.20078031999999998
63,639,Y,60194592,0.20064864000000002
43,479,Y,60157960,0.2005265333333333
110,1013,Y,60059576,0.20019858666666668
17,264,Y,60032696,0.20010898666666666
102,946,Y,59931472,0.19977157333333334
87,827,Y,59458976,0.19819658666666667
59,607,Y,59341984,0.19780661333333333
110,1015,Y,59299024,0.19766341333333332
37,426,Y,59135624,0.19711874666666668
65,655,Y,58974240,0.1965808
81,776,Y,58770944,0.19590314666666667
95,893,Y,58740264,0.19580088
17,267,Y,58607824,0.19535941333333334
119,1087,Y,58579432,0.19526477333333334
40,453,Y,58534576,0.19511525333333332
73,713,Y,58485608,0.19495202666666667
100,935,Y,58409600,0.19469866666666666
58,596,Y,58243904,0.19414634666666666
55,568,Y,57935344,0.19311781333333333
98,917,Y,57909080,0.19303026666666667
102,947,Y,57677352,0.19225784
46,498,Y,57652648,0.19217549333333334
49,526,Y,57605496,0.19201832000000002
63,638,Y,57236888,0.19078962666666666
62,625,Y,57235952,0.19078650666666666
7,186,Y,57200424,0.19066808000000002
75,729,Y,56911936,0.18970645333333333
3,156,Y,56673256,0.18891085333333332
103,953,Y,56599504,0.18866501333333335
114,1044,Y,56533440,0.1884448
83,798,Y,56382272,0.18794090666666666
79,766,Y,56287488,0.18762496
31,380,Y,56225536,0.18741845333333335
58,594,Y,56220880,0.18740293333333333
11,221,Y,56154408,0.18718136
67,669,Y,55881952,0.18627317333333335
76,742,Y,55682144,0.18560714666666667
49,525,Y,55635256,0.18545085333333333
41,458,Y,55469368,0.18489789333333334
11,223,Y,55411800,0.184706
27,344,Y,55068520,0.18356173333333334
36,417,Y,54770208,0.18256736
106,976,Y,54705488,0.18235162666666666
33,398,Y,54693872,0.18231290666666666
114,1047,Y,54679536,0.18226512
51,543,Y,54612800,0.18204266666666669
38,436,Y,54497784,0.18165928
60,609,Y,54092584,0.18030861333333334
116,1060,Y,53914760,0.17971586666666667
114,1045,Y,53865088,0.17955029333333333
41,457,Y,53744544,0.17914848
3,158,Y,53570296,0.17856765333333333
86,816,Y,53244560,0.17748186666666665
11,219,Y,53099112,0.17699704
88,839,Y,52897256,0.17632418666666666
22,309,Y,52827736,0.17609245333333334
53,552,Y,52493752,0.17497917333333335
87,829,Y,52279480,0.17426493333333334
85,815,Y,52247096,0.17415698666666668
107,984,Y,52128952,0.17376317333333335
93,877,Y,51746568,0.17248856
120,1088,Y,51582960,0.1719432
84,804,Y,51558640,0.17186213333333333
101,941,Y,51427216,0.17142405333333333
14,245,Y,50838952,0.16946317333333333
102,948,Y,50754104,0.16918034666666668
41,461,Y,50463424,0.16821141333333334
63,634,Y,50414912,0.1680497066666667
111,1022,Y,50359168,0.16786389333333332
48,519,Y,50277664,0.16759221333333332
0,132,Y,50234448,0.16744816
101,942,Y,50196944,0.16732314666666667
9,202,Y,50133080,0.16711026666666665
86,819,Y,50107360,0.16702453333333334
32,389,Y,50045008,0.16681669333333335
40,452,Y,49881904,0.16627301333333333
28,355,Y,49688168,0.16562722666666668
38,435,Y,49384280,0.16461426666666668
37,427,Y,49328272,0.16442757333333333
78,756,Y,49089168,0.16363056
68,677,Y,48992872,0.16330957333333332
33,397,Y,48787896,0.16262632
121,1101,Y,48715664,0.16238554666666666
119,1084,Y,48638272,0.16212757333333333
51,537,Y,48342112,0.16114037333333334
127,1146,Y,48080296,0.16026765333333334
107,990,Y,47935632,0.15978544
83,793,Y,47648328,0.15882775999999998
69,680,Y,47553264,0.15851088
1,137,Y,47552664,0.15850888
48,516,Y,47116696,0.15705565333333332
54,567,Y,47095032,0.15698344
51,541,Y,46929288,0.15643096
75,732,Y,46905224,0.15635074666666668
7,190,Y,46888080,0.1562936
66,657,Y,46749560,0.15583186666666668
54,560,Y,46696128,0.15565376
11,217,Y,46676584,0.15558861333333335
79,765,Y,46639672,0.15546557333333333
87,831,Y,46380504,0.15460168
14,240,Y,46375320,0.1545844
52,551,Y,46364208,0.15454736000000002
40,448,Y,46337896,0.15445965333333334
58,595,Y,46300200,0.154334
68,674,Y,46029456,0.15343152
32,390,Y,45995296,0.15331765333333333
83,797,Y,45941816,0.15313938666666665
48,517,Y,45640776,0.15213592
121,1097,Y,45457616,0.15152538666666665
79,760,Y,45295736,0.15098578666666668
85,810,Y,45269448,0.15089816
80,773,Y,45207344,0.15069114666666666
9,200,Y,45190640,0.15063546666666666
28,353,Y,45003528,0.15001176
21,303,Y,44934464,0.14978154666666665
90,850,Y,44707416,0.14902472
51,538,Y,44614272,0.14871424
38,438,Y,44602816,0.14867605333333334
121,1098,Y,44310784,0.14770261333333334
64,643,Y,44302472,0.14767490666666666
69,684,Y,44132240,0.14710746666666666
17,266,Y,44111776,0.14703925333333334
108,999,Y,44019096,0.14673032
27,350,Y,43808776,0.14602925333333333
61,620,Y,43658720,0.14552906666666668
22,304,Y,43422864,0.14474288
55,575,Y,43313760,0.14437919999999999
52,544,Y,43238000,0.14412666666666665
102,951,Y,43126448,0.14375482666666667
12,231,Y,42928296,0.14309432
12,228,Y,42921296,0.14307098666666668
44,480,Y,42769104,0.14256368
3,153,Y,42742448,0.14247482666666667
100,934,Y,42666000,0.14221999999999999
27,349,Y,42417248,0.14139082666666666
78,757,Y,42409008,0.14136336
48,518,Y,42064536,0.14021512
65,651,Y,41998256,0.13999418666666666
124,1123,Y,41980496,0.13993498666666665
112,1024,Y,41799072,0.13933024
89,846,Y,41766264,0.13922088000000002
105,973,Y,41601856,0.13867285333333332
6,178,Y,41567544,0.13855848
59,600,Y,41461240,0.1382041333333333
72,708,Y,41449296,0.13816432
70,689,Y,41414968,0.13804989333333334
44,484,Y,41244224,0.13748074666666668
25,334,Y,41102144,0.13700714666666666
116,1063,Y,41009640,0.1366988
59,603,Y,40857392,0.13619130666666668
100,933,Y,40755656,0.13585218666666668
99,920,Y,40750136,0.13583378666666668
32,386,Y,40680056,0.13560018666666668
47,510,Y,40581648,0.13527216
0,135,Y,40484280,0.1349476
22,305,Y,40442008,0.13480669333333334
49,527,Y,40131688,0.13377229333333332
69,687,Y,40027552,0.13342517333333334
53,557,Y,40012648,0.13337549333333332
39,445,Y,39895776,0.13298591999999998
123,1115,Y,39693640,0.13231213333333333
69,682,Y,39658504,0.13219501333333333
123,1112,Y,39578000,0.13192666666666666
32,391,Y,39532416,0.13177472
114,1040,Y,39488112,0.13162704
63,635,Y,39477480,0.1315916
25,328,Y,39459224,0.13153074666666667
79,761,Y,39430344,0.13143448
88,836,Y,39310608,0.13103536
68,679,Y,39200664,0.13066888
66,662,Y,38992256,0.12997418666666666
14,244,Y,38765904,0.12921968
116,1057,Y,38280944,0.12760314666666667
49,523,Y,38258712,0.12752904
74,724,Y,38198576,0.12732858666666666
109,1005,Y,38031856,0.12677285333333332
60,614,Y,37913080,0.12637693333333333
73,718,Y,37825728,0.12608576
90,854,Y,37811712,0.12603904
57,584,Y,37570688,0.12523562666666666
63,633,Y,37531176,0.12510392
19,280,Y,37464960,0.1248832
119,1086,Y,36910680,0.1230356
27,346,Y,36685416,0.12228472000000001
46,501,Y,36582768,0.12194256
42,465,Y,36515216,0.12171738666666666
42,471,Y,36434800,0.12144933333333333
32,385,Y,36261216,0.12087071999999999
46,499,Y,35997168,0.11999056
9,204,Y,35954880,0.1198496
92,870,Y,35921328,0.11973776000000001
81,779,Y,35756248,0.11918749333333332
7,191,Y,35534600,0.11844866666666667
67,666,Y,35515576,0.11838525333333334
0,134,Y,35453200,0.11817733333333333
112,1027,Y,35088928,0.11696309333333334
104,966,Y,34881112,0.11627037333333333
111,1020,Y,34770720,0.1159024
28,357,Y,34650776,0.11550258666666667
42,468,Y,34647168,0.11549055999999999
54,565,Y,34616480,0.11538826666666667
108,992,Y,34485056,0.11495018666666666
95,892,Y,34398416,0.11466138666666667
19,282,Y,34269080,0.11423026666666668
102,949,Y,34263480,0.11421160000000001
52,547,Y,34247432,0.11415810666666666
98,912,Y,34072720,0.11357573333333335
79,764,Y,33975464,0.11325154666666666
35,412,Y,33671592,0.11223864000000001
17,269,Y,33669424,0.11223141333333335
91,860,Y,33655872,0.11218624
119,1083,Y,33618792,0.11206263999999999
47,511,Y,33478864,0.11159621333333333
56,576,Y,33226920,0.11075639999999999
127,1148,Y,33139512,0.11046503999999999
121,1096,Y,32895720,0.1096524
9,207,Y,32893896,0.10964632
16,263,Y,32842576,0.10947525333333333
6,177,Y,32728328,0.10909442666666667
99,924,Y,32712944,0.10904314666666667
51,542,Y,32645856,0.10881952
110,1014,Y,32525832,0.10841944
97,904,Y,32496016,0.10832005333333333
55,572,Y,32333968,0.10777989333333333
57,589,Y,32271600,0.107572
75,734,Y,32254256,0.10751418666666668
85,808,Y,32215384,0.10738461333333334
1,142,Y,32163896,0.10721298666666666
47,509,Y,32095120,0.10698373333333333
89,845,Y,32088848,0.10696282666666666
30,369,Y,31968312,0.10656104
12,230,Y,31798352,0.10599450666666665
105,969,Y,31778288,0.10592762666666666
83,792,Y,31727360,0.10575786666666667
32,384,Y,31706736,0.10568912
21,301,Y,31647792,0.10549264
112,1028,Y,31634632,0.10544877333333333
26,336,Y,31611712,0.10537237333333334
67,670,Y,31534272,0.10511424000000001
12,229,Y,31370672,0.10456890666666666
113,1033,Y,31349056,0.10449685333333333
83,796,Y,31310336,0.10436778666666666
17,265,Y,31291736,0.10430578666666666
97,909,Y,31133752,0.10377917333333335
9,201,Y,31111848,0.10370615999999999
52,550,Y,31097904,0.10365967999999999
64,644,Y,31012296,0.10337432
68,675,Y,30969408,0.10323136
100,929,Y,30964744,0.10321581333333334
123,1117,Y,30756208,0.10252069333333334
113,1038,Y,30701176,0.10233725333333332
53,558,Y,30670552,0.10223517333333335
98,913,Y,30609144,0.10203047999999999
123,1118,Y,30232888,0.10077629333333334
44,485,Y,30232304,0.10077434666666667
41,459,Y,30195872,0.10065290666666667
0,129,Y,30167016,0.10055672
119,1085,Y,30161568,0.10053855999999999
68,673,Y,30021272,0.10007090666666665
88,833,Y,29989056,0.09996352000000001
30,368,Y,29677288,0.09892429333333333
98,919,Y,29637480,0.0987916
81,777,Y,29389360,0.09796453333333333
93,879,Y,29365824,0.09788608000000001
123,1114,Y,29334192,0.09778064
40,449,Y,29323016,0.09774338666666665
124,1122,Y,29319048,0.09773016000000001
64,647,Y,29199480,0.0973316
115,1050,Y,28959544,0.09653181333333334
28,354,Y,28859688,0.09619896
106,980,Y,28813000,0.09604333333333334
48,515,Y,28516808,0.09505602666666667
45,492,Y,28501192,0.09500397333333334
84,802,Y,28348800,0.094496
110,1012,Y,28274512,0.09424837333333333
17,271,Y,28262320,0.09420773333333333
42,466,Y,27843536,0.09281178666666667
66,658,Y,27766280,0.09255426666666666
114,1041,Y,27728112,0.09242704
123,1119,Y,27713232,0.09237743999999999
14,246,Y,27542504,0.09180834666666667
113,1039,Y,27328488,0.09109496
1,138,Y,27027152,0.09009050666666667
8,198,Y,26972264,0.08990754666666666
35,414,Y,26928424,0.08976141333333333
24,326,Y,26912912,0.08970970666666667
36,419,Y,26711352,0.08903784
115,1055,Y,26569424,0.08856474666666667
49,520,Y,26495608,0.08831869333333334
96,899,Y,26468552,0.08822850666666666
8,192,Y,26390288,0.08796762666666666
95,891,Y,26331168,0.08777056
65,654,Y,26329528,0.08776509333333334
1,136,Y,26255272,0.08751757333333333
60,608,Y,26174560,0.08724853333333334
24,323,Y,26066464,0.08688821333333334
121,1099,Y,25973040,0.08657680000000001
89,841,Y,25956376,0.08652125333333333
36,420,Y,25880888,0.08626962666666667
48,514,Y,25777864,0.08592621333333333
19,281,Y,25661232,0.08553744
5,168,Y,25614528,0.08538176
26,337,Y,25386544,0.08462181333333334
74,727,Y,25247608,0.08415869333333333
45,493,Y,25230080,0.08410026666666666
53,555,Y,25139056,0.08379685333333334
65,653,Y,25097048,0.08365682666666667
98,918,Y,25052520,0.08350840000000001
68,672,Y,25044760,0.08348253333333333
94,885,Y,24963400,0.08321133333333333
72,711,Y,24937760,0.08312586666666666
21,300,Y,24869776,0.08289925333333333
106,977,Y,24806232,0.08268744
114,1042,Y,24711472,0.08237157333333334
48,513,Y,24596056,0.08198685333333333
35,411,Y,24350752,0.08116917333333333
112,1025,Y,24127192,0.08042397333333333
124,1121,Y,24030936,0.08010312
26,339,Y,23802624,0.07934208000000001
66,661,Y,23786616,0.07928872000000001
85,811,Y,23754368,0.07918122666666666
47,508,Y,23733688,0.07911229333333333
12,225,Y,23399464,0.07799821333333333
42,464,Y,22596152,0.07532050666666668
59,606,Y,22314608,0.07438202666666667
88,834,Y,21993192,0.07331064
53,553,Y,21985288,0.07328429333333333
70,694,Y,21828216,0.07276072
112,1030,Y,21801312,0.07267104
22,307,Y,21615928,0.07205309333333333
27,347,Y,21587232,0.07195744
22,311,Y,21239056,0.07079685333333334
105,971,Y,21180280,0.07060093333333334
81,783,Y,21111048,0.07037016
53,556,Y,20841256,0.06947085333333333
116,1061,Y,20688536,0.06896178666666668
12,226,Y,20588792,0.06862930666666667
55,573,Y,20407248,0.06802416
47,507,Y,20323568,0.06774522666666667
60,611,Y,20141472,0.06713824
109,1006,Y,20091128,0.06697042666666667
0,131,Y,20081512,0.06693837333333334
105,972,Y,20030240,0.06676746666666666
105,974,Y,20024840,0.06674946666666667
1,139,Y,19976728,0.06658909333333334
33,395,Y,19677456,0.06559152
35,413,Y,19466008,0.06488669333333334
107,989,Y,19218200,0.06406066666666667
69,685,Y,19197768,0.06399256
24,320,Y,19125920,0.06375306666666666
34,401,Y,19022608,0.06340869333333334
91,858,Y,18897696,0.06299231999999999
106,979,Y,18824928,0.06274976
116,1059,Y,18722072,0.062406906666666664
82,791,Y,18535152,0.06178384000000001
89,847,Y,18383848,0.06127949333333333
60,610,Y,18217120,0.060723733333333335
18,273,Y,18000360,0.060001200000000005
82,789,Y,17863688,0.05954562666666667
41,462,Y,17844736,0.05948245333333333
72,709,Y,17830288,0.05943429333333333
81,780,Y,17824352,0.059414506666666665
72,704,Y,17666464,0.05888821333333333
19,287,Y,17644328,0.05881442666666667
49,521,Y,17489544,0.05829848
101,936,Y,17103016,0.05701005333333334
113,1035,Y,17098288,0.05699429333333333
94,884,Y,16898240,0.056327466666666666
121,1102,Y,16673192,0.05557730666666666
27,351,Y,16645368,0.055484559999999995
44,483,Y,16602952,0.055343173333333336
63,632,Y,16575208,0.05525069333333333
94,880,Y,16560960,0.05520320000000001
38,433,Y,16516016,0.05505338666666667
46,497,Y,16497632,0.054992106666666665
44,482,Y,16414232,0.054714106666666665
89,842,Y,16327128,0.05442376
9,205,Y,15876728,0.05292242666666666
121,1100,Y,15697904,0.05232634666666666
81,781,Y,15604984,0.052016613333333336
64,646,Y,15494096,0.05164698666666667
85,812,Y,15125200,0.05041733333333334
18,277,Y,15120744,0.05040248
88,832,Y,15090248,0.05030082666666667
104,963,Y,15076232,0.050254106666666666
73,714,Y,15036496,0.05012165333333333
63,636,Y,14999944,0.04999981333333333
47,505,Y,14989056,0.04996352
16,261,Y,14917792,0.04972597333333333
69,681,Y,14682880,0.048942933333333334
73,715,Y,14650416,0.048834720000000005
44,481,Y,14509888,0.04836629333333334
36,418,Y,14465424,0.04821808
101,943,Y,14170480,0.04723493333333333
3,159,Y,14048440,0.046828133333333334
59,605,Y,13955176,0.046517253333333335
85,813,Y,13918992,0.046396639999999996
59,601,Y,13822456,0.04607485333333333
84,803,Y,13681920,0.0456064
101,937,Y,13579936,0.04526645333333333
69,686,Y,13505912,0.045019706666666666
34,403,Y,13461904,0.044873013333333336
23,318,Y,12684000,0.04228
24,322,Y,12281240,0.040937466666666665
24,327,Y,12274632,0.04091544
30,372,Y,12192936,0.040643120000000005
36,423,Y,12157608,0.040525359999999996
113,1032,Y,12110400,0.040368
14,241,Y,12030112,0.040100373333333335
100,928,Y,12012288,0.04004096
50,532,Y,11935264,0.03978421333333333
24,321,Y,11881872,0.03960624
13,237,Y,11536800,0.038456
112,1026,Y,11464224,0.03821408
19,286,Y,11386400,0.037954666666666664
1,143,Y,11331952,0.03777317333333333
93,878,Y,11297152,0.037657173333333335
3,152,Y,11171664,0.037238879999999995
60,612,Y,11068768,0.03689589333333333
5,171,Y,11043584,0.036811946666666664
23,317,Y,10952640,0.0365088
16,256,Y,10946208,0.036487359999999996
122,1105,Y,10748736,0.03582912
41,456,Y,10731976,0.03577325333333333
50,531,Y,10621448,0.03540482666666667
45,494,Y,10494528,0.03498176
122,1109,Y,10277616,0.03425872
48,512,Y,10229880,0.0340996
5,175,Y,10211000,0.034036666666666666
30,370,Y,10121312,0.033737706666666666
29,360,Y,9813600,0.032712000000000005
94,886,Y,9515592,0.03171864
13,232,Y,9492960,0.0316432
16,262,Y,9463128,0.03154376
106,981,Y,9448256,0.03149418666666667
67,665,Y,9445144,0.03148381333333333
44,486,Y,9343056,0.03114352
57,586,Y,9292400,0.030974666666666664
34,407,Y,9161216,0.030537386666666666
18,272,Y,9015080,0.030050266666666665
50,529,Y,8892232,0.029640773333333335
18,279,Y,8717280,0.029057600000000003
50,535,Y,8609216,0.028697386666666665
61,618,Y,8598640,0.028662133333333336
64,645,Y,8591432,0.028638106666666666
120,1092,Y,8538120,0.0284604
89,844,Y,8453784,0.02817928
50,528,Y,8446552,0.028155173333333335
50,530,Y,8404160,0.028013866666666668
89,840,Y,8384056,0.027946853333333334
53,559,Y,8314432,0.027714773333333335
59,602,Y,8097736,0.026992453333333333
65,650,Y,8091016,0.026970053333333334
122,1107,Y,7975200,0.026584
89,843,Y,7917480,0.0263916
82,790,Y,7913528,0.026378426666666666
16,258,Y,7908112,0.026360373333333336
47,506,Y,7692880,0.025642933333333333
122,1111,Y,7587264,0.025290879999999998
18,274,Y,7501072,0.02500357333333333
94,887,Y,7436008,0.02478669333333333
117,1067,Y,7305120,0.024350399999999998
10,215,Y,7236480,0.0241216
29,361,Y,7197600,0.023992
38,437,Y,7190920,0.023969733333333333
94,883,Y,7161168,0.02387056
18,275,Y,7018072,0.023393573333333334
32,388,Y,7015536,0.02338512
15,250,Y,6863040,0.0228768
2,145,Y,6852480,0.0228416
94,881,Y,6848728,0.022829093333333335
36,422,Y,6804616,0.022682053333333334
19,284,Y,6597296,0.021990986666666667
22,308,Y,6596832,0.02198944
34,404,Y,6570136,0.021900453333333333
9,203,Y,6553192,0.021843973333333332
0,133,Y,6543816,0.02181272
31,377,Y,6530888,0.021769626666666667
23,315,Y,6288480,0.0209616
23,319,Y,6196800,0.020656
85,809,Y,6136336,0.020454453333333334
24,325,Y,5968864,0.019896213333333336
26,338,Y,5936360,0.019787866666666667
82,786,Y,5839056,0.01946352
33,396,Y,5798480,0.019328266666666667
98,916,Y,5797888,0.019326293333333334
122,1108,Y,5776024,0.019253413333333334
14,243,Y,5741040,0.0191368
122,1106,Y,5730440,0.019101466666666667
29,364,Y,5729280,0.0190976
82,785,Y,5711176,0.019037253333333334
19,283,Y,5624192,0.018747306666666668
41,460,Y,5564888,0.018549626666666666
122,1110,Y,5465816,0.018219386666666667
40,454,Y,5428032,0.01809344
42,470,Y,5418552,0.018061840000000003
51,536,Y,5416176,0.01805392
29,365,Y,5302080,0.0176736
102,944,Y,5301744,0.01767248
16,259,Y,5172240,0.0172408
117,1065,Y,5155936,0.017186453333333334
117,1068,Y,5010240,0.016700800000000002
29,363,Y,4839360,0.0161312
34,406,Y,4825880,0.016086266666666668
29,366,Y,4810080,0.0160336
50,533,Y,4749504,0.01583168
50,534,Y,4610064,0.015366880000000001
26,341,Y,4578144,0.01526048
28,356,Y,4558736,0.015195786666666666
5,173,Y,4554552,0.015181839999999999
24,324,Y,4464736,0.014882453333333335
10,213,Y,4420800,0.014735999999999999
91,862,Y,4373384,0.014577946666666668
4,164,Y,4110432,0.01370144
45,488,Y,4078112,0.013593706666666667
15,252,Y,4011960,0.013373200000000002
35,409,Y,3957136,0.013190453333333333
16,257,Y,3955072,0.013183573333333334
4,163,Y,3926944,0.013089813333333334
29,362,Y,3894240,0.0129808
64,640,Y,3859704,0.012865679999999999
41,463,Y,3826592,0.012755306666666666
2,146,Y,3774720,0.012582399999999999
15,253,Y,3758880,0.0125296
115,1053,Y,3748440,0.0124948
34,405,Y,3736280,0.012454266666666667
12,224,Y,3693504,0.012311679999999998
115,1051,Y,3692672,0.012308906666666666
94,882,Y,3510248,0.011700826666666667
16,260,Y,3481512,0.01160504
34,402,Y,3451568,0.011505226666666667
45,491,Y,3451264,0.011504213333333334
13,239,Y,3391200,0.011304
119,1080,Y,3331600,0.011105333333333333
23,313,Y,3291360,0.0109712
14,247,Y,3227208,0.010757359999999999
42,469,Y,3214496,0.010714986666666667
2,144,Y,3115200,0.010384
10,212,Y,3040320,0.0101344
15,249,Y,3028800,0.010095999999999999
45,490,Y,2933456,0.009778186666666668
0,130,Y,2718416,0.009061386666666666
10,214,Y,2701920,0.0090064
10,209,Y,2692320,0.0089744
34,400,Y,2651744,0.008839146666666667
2,151,Y,2647200,0.008824
45,495,Y,2631888,0.00877296
4,160,Y,2466240,0.0082208
10,211,Y,2464320,0.0082144
29,367,Y,2456640,0.0081888
122,1104,Y,2433344,0.008111146666666668
36,421,Y,2378168,0.007927226666666667
10,210,Y,2345280,0.007817600000000001
26,342,Y,2325240,0.0077508
45,489,Y,2296360,0.007654533333333333
5,169,Y,2285536,0.007618453333333334
5,170,Y,2248376,0.0074945866666666664
126,1137,Y,2200320,0.0073344
10,208,Y,2196000,0.00732
5,172,Y,2193016,0.0073100533333333335
26,343,Y,2093088,0.006976960000000001
49,522,Y,2084328,0.00694776
71,698,Y,2081280,0.0069375999999999995
115,1049,Y,2059032,0.006863439999999999
15,248,Y,2004664,0.006682213333333334
19,285,Y,1947056,0.0064901866666666665
35,408,Y,1943728,0.006479093333333333
115,1048,Y,1889128,0.006297093333333333
64,642,Y,1802480,0.006008266666666666
125,1130,Y,1759472,0.005864906666666667
125,1131,Y,1712280,0.0057076
5,174,Y,1701216,0.00567072
82,784,Y,1697920,0.005659733333333333
4,161,Y,1672768,0.005575893333333333
117,1069,Y,1655032,0.005516773333333333
35,415,Y,1631168,0.005437226666666667
23,314,Y,1607520,0.0053584
71,696,Y,1584480,0.0052816
26,340,Y,1534024,0.005113413333333334
23,312,Y,1509600,0.005032
36,416,Y,1461632,0.0048721066666666665
18,278,Y,1458640,0.004862133333333333
18,276,Y,1448640,0.0048288
23,316,Y,1424640,0.0047488
125,1128,Y,1396776,0.00465592
115,1052,Y,1382744,0.004609146666666666
117,1066,Y,1342776,0.00447592
125,1134,Y,1303832,0.004346106666666667
15,251,Y,1227896,0.004092986666666667
125,1129,Y,1226880,0.0040896000000000005
82,787,Y,1188480,0.0039616
13,236,Y,1155360,0.0038512
117,1064,Y,1126752,0.0037558400000000003
13,238,Y,1092480,0.0036416
2,150,Y,1084800,0.003616
4,166,Y,1081544,0.0036051466666666664
117,1071,Y,1066560,0.0035552
71,701,Y,1055520,0.0035184
2,149,Y,1028160,0.0034272
13,233,Y,987256,0.003290853333333333
4,165,Y,953824,0.0031794133333333334
126,1139,Y,940800,0.003136
126,1141,Y,912000,0.00304
125,1133,Y,863520,0.0028784
126,1143,Y,809760,0.0026991999999999997
82,788,Y,778080,0.0025936
15,255,Y,777960,0.0025932
115,1054,Y,738752,0.0024625066666666665
4,167,Y,720000,0.0024000000000000002
71,703,Y,616320,0.0020543999999999996
4,162,Y,597120,0.0019904000000000002
13,235,Y,545184,0.00181728
71,699,Y,543840,0.0018128
71,702,Y,539520,0.0017984
2,148,Y,526080,0.0017536
126,1136,Y,526080,0.0017536
15,254,Y,525120,0.0017504
35,410,Y,517392,0.0017246400000000002
13,234,Y,384240,0.0012808
2,147,Y,350400,0.001168
117,1070,Y,318904,0.0010630133333333334
126,1140,Y,318720,0.0010624
71,700,Y,290880,9.696E-4
125,1132,Y,236160,7.872E-4
126,1138,Y,199680,6.656E-4
71,697,Y,62400,2.08E-4
126,1142,Y,53760,1.792E-4
125,1135,Y,0,0.0
