18,126,N,5442452488,18.141508293333334
126,107,N,5307662080,17.69220693333333
93,18,N,5244989127,17.48329709
876,93,Y,5183209784,17.277365946666666
107,988,Y,5136497176,17.121657253333332
92,38,N,1500509840,5.0016994666666665
38,94,N,1445939184,4.81979728
83,58,N,1415982896,4.719942986666667
94,37,N,1386272504,4.620908346666667
58,2,N,1335987008,4.453290026666667
37,427,Y,1335263744,4.450879146666667
868,92,Y,1333654944,4.44551648
71,91,N,1328998176,4.42999392
2,71,N,1281757656,4.27252552
72,67,N,1254490408,4.181634693333333
91,863,Y,1213055264,4.043517546666667
796,83,Y,1211193200,4.0373106666666665
27,31,N,1161279832,3.870932773333333
31,60,N,1077996968,3.593323226666666
67,27,N,1000625656,3.3354188533333335
706,72,Y,940241824,3.134139413333333
60,610,Y,931706976,3.10568992
45,16,N,858907568,2.8630252266666667
16,6,N,725326984,2.4177566133333337
17,20,N,701928416,2.339761386666667
488,45,Y,604389720,2.0146324
6,177,Y,603546200,2.0118206666666665
123,47,N,594847872,1.98282624
126,18,N,543066880,1.8102229333333335
20,62,N,518116032,1.72705344
107,126,N,517988232,1.72662744
18,93,N,500757256,1.6691908533333335
53,74,N,492661248,1.64220416
271,17,Y,460258704,1.53419568
1,125,N,455093562,1.51697854
62,627,Y,452126576,1.5070885866666666
74,123,N,451182400,1.5039413333333334
92,124,N,446409296,1.4880309866666668
38,92,N,439528288,1.4650942933333333
17,102,N,434283304,1.4476110133333333
93,876,Y,432338904,1.44112968
988,107,Y,427514696,1.4250489866666667
102,17,N,421305687,1.40435229
125,1,N,405769923,1.3525664099999999
94,38,N,403042280,1.3434742666666666
40,27,N,387045720,1.2901524
67,12,N,385737616,1.2857920533333334
111,9,N,382971336,1.27657112
12,79,N,367597920,1.2253264
9,66,N,367212792,1.22404264
66,41,N,366608136,1.2220271200000001
19,12,N,347489016,1.15829672
79,61,N,332830176,1.1094339199999999
13,40,N,326706416,1.0890213866666667
51,98,N,325767728,1.0858924266666667
34,101,N,323710560,1.0790351999999999
16,19,N,320792352,1.06930784
95,107,N,320787808,1.0692926933333333
124,1121,Y,317237304,1.0574576800000002
881,94,Y,315044624,1.0501487466666668
59,32,N,312565872,1.04188624
80,72,N,310190760,1.0339692
115,64,N,309952456,1.0331748533333334
126,69,N,309060936,1.0302031200000001
49,9,N,304770616,1.0159020533333334
555,53,Y,304006344,1.01335448
47,505,Y,300193560,1.0006452000000001
40,116,N,298200392,0.9940013066666666
5,68,N,298151272,0.9938375733333332
86,102,N,296221640,0.9874054666666666
1020,111,Y,296137152,0.98712384
41,463,Y,291616784,0.9720559466666667
64,13,N,290128232,0.9670941066666666
50,18,N,287272856,0.9575761866666666
111,86,N,284208200,0.9473606666666667
90,33,N,278265776,0.9275525866666667
61,621,Y,272779648,0.9092654933333333
10,71,N,272080456,0.9069348533333333
47,39,N,271713496,0.9057116533333333
75,103,N,267413472,0.8913782400000001
16,5,N,266977360,0.8899245333333333
39,22,N,266504568,0.88834856
73,95,N,265033048,0.8834434933333333
103,92,N,258493888,0.8616462933333333
117,30,N,258232296,0.86077432
33,117,N,253528808,0.8450960266666666
262,16,Y,245370272,0.8179009066666666
24,51,N,244064752,0.8135491733333333
12,225,Y,243062432,0.8102081066666665
99,90,N,240846680,0.8028222666666666
771,80,Y,239270144,0.7975671466666667
101,62,N,235980368,0.7866012266666667
81,24,N,235736960,0.7857898666666666
26,119,N,235704688,0.7856822933333334
69,684,Y,235090120,0.7836337333333334
58,83,N,233483752,0.7782791733333333
39,21,N,231651784,0.7721726133333333
107,989,Y,231302808,0.77100936
529,50,Y,231056544,0.7701884800000001
36,119,N,229662712,0.7655423733333333
60,10,N,228695864,0.7623195466666667
98,46,N,226561512,0.75520504
68,104,N,224040616,0.7468020533333333
9,42,N,223721336,0.7457377866666667
524,49,Y,223103432,0.7436781066666667
1048,115,Y,221404008,0.73801336
27,351,Y,221183872,0.7372795733333333
123,101,N,218927792,0.7297593066666667
45,49,N,218867944,0.7295598133333333
109,56,N,217203640,0.7240121333333334
20,291,Y,215072320,0.7169077333333334
116,36,N,214681048,0.7156034933333334
119,89,N,214331952,0.7144398399999999
9,39,N,213876168,0.7129205599999999
2,58,N,213278488,0.7109282933333333
23,73,N,211786896,0.70595632
117,17,N,211523440,0.7050781333333334
91,71,N,210469152,0.70156384
98,51,N,209088456,0.69696152
127,59,N,208221880,0.6940729333333334
1019,111,Y,207043376,0.6901445866666667
33,90,N,206064184,0.6868806133333333
62,70,N,204207192,0.68069064
49,97,N,203466824,0.6782227466666666
58,43,N,203191928,0.6773064266666666
42,124,N,202348976,0.6744965866666667
9,49,N,201847808,0.6728260266666667
53,117,N,201813440,0.6727114666666667
48,15,N,201390968,0.6713032266666666
495,45,Y,199290448,0.6643014933333333
107,89,N,198918352,0.6630611733333334
1116,123,Y,198110720,0.6603690666666667
57,66,N,197563672,0.6585455733333333
71,127,N,196991512,0.6566383733333334
89,107,N,196790384,0.6559679466666667
71,2,N,196690480,0.6556349333333333
102,58,N,196048224,0.65349408
22,26,N,195929496,0.65309832
52,24,N,195160600,0.6505353333333334
22,309,Y,194604312,0.64868104
108,10,N,193075419,0.64358473
101,123,N,192254832,0.64084944
97,98,N,191682848,0.6389428266666667
24,81,N,191514040,0.6383801333333333
31,27,N,191263064,0.6375435466666667
10,108,N,190643965,0.6354798833333333
49,10,N,188765680,0.6292189333333333
67,72,N,186287632,0.6209587733333333
59,51,N,186221624,0.6207387466666667
45,1,N,186146784,0.62048928
117,53,N,185449296,0.61816432
98,33,N,185226632,0.6174221066666666
37,75,N,184640736,0.6154691200000001
47,67,N,184256304,0.61418768
104,967,Y,183160120,0.6105337333333333
17,60,N,182884688,0.6096156266666666
7,83,N,181763816,0.6058793866666667
89,119,N,181079752,0.6035991733333333
30,23,N,177543776,0.5918125866666667
6,30,N,177010208,0.5900340266666667
60,89,N,176696848,0.5889894933333333
96,112,N,176192696,0.5873089866666668
40,13,N,175688000,0.5856266666666667
32,59,N,175535024,0.5851167466666666
46,105,N,174485504,0.5816183466666667
16,45,N,173882232,0.57960744
112,75,N,173593104,0.57864368
450,40,Y,171358568,0.5711952266666667
81,38,N,171214872,0.57071624
27,1,N,170314800,0.567716
78,43,N,169482080,0.5649402666666666
19,53,N,169211080,0.5640369333333334
101,93,N,169200704,0.5640023466666666
41,81,N,169163576,0.5638785866666667
923,99,Y,167177528,0.5572584266666667
781,81,Y,166955616,0.55651872
30,370,Y,166411984,0.5547066133333334
106,1,N,166158880,0.5538629333333333
121,53,N,166040088,0.55346696
69,126,N,165326832,0.5510894399999999
7,21,N,164345392,0.5478179733333333
102,86,N,164090864,0.5469695466666666
12,19,N,163469040,0.5448968000000001
124,92,N,162487960,0.5416265333333333
87,48,N,161727360,0.5390912
34,102,N,161582336,0.5386077866666666
115,112,N,161555520,0.5385184000000001
70,693,Y,161454288,0.5381809599999999
64,34,N,161221352,0.5374045066666667
14,65,N,161197624,0.5373254133333333
492,45,Y,160787576,0.5359585866666666
38,97,N,160520792,0.5350693066666667
58,99,N,159764096,0.5325469866666667
24,52,N,159552744,0.53184248
74,53,N,159424712,0.5314157066666667
81,85,N,158843344,0.5294778133333333
85,1,N,157720288,0.5257342933333333
6,16,N,157153088,0.5238436266666667
41,66,N,157132176,0.52377392
46,114,N,156971168,0.5232372266666667
119,36,N,156524496,0.52174832
27,67,N,155917912,0.5197263733333333
116,76,N,155913288,0.51971096
65,76,N,155784704,0.5192823466666666
12,109,N,155152464,0.51717488
92,868,Y,154960000,0.5165333333333333
40,21,N,154432048,0.5147734933333333
21,40,N,154115768,0.5137192266666667
84,41,N,154021456,0.5134048533333334
72,80,N,153626144,0.5120871466666667
46,499,Y,153453072,0.51151024
119,48,N,153107024,0.5103567466666667
85,100,N,153093232,0.5103107733333333
116,40,N,152948872,0.5098295733333333
405,34,Y,152556576,0.5085219200000001
56,73,N,152512736,0.5083757866666667
70,52,N,152449312,0.5081643733333333
21,39,N,152067000,0.5068900000000001
52,124,N,151887096,0.50629032
75,57,N,151755720,0.5058524
31,0,N,151355696,0.5045189866666666
76,61,N,151261408,0.5042046933333333
53,19,N,150455408,0.5015180266666667
65,14,N,150198896,0.5006629866666666
125,102,N,150175672,0.5005855733333333
68,5,N,150158376,0.50052792
16,0,N,149407504,0.4980250133333333
112,110,N,149252640,0.4975088
91,65,N,148506800,0.49502266666666667
85,4,N,147725800,0.4924193333333333
50,24,N,147363560,0.4912118666666666
52,57,N,147188408,0.4906280266666667
47,123,N,146822288,0.4894076266666667
106,5,N,146761064,0.48920354666666666
119,1080,Y,146652128,0.4888404266666667
4,85,N,146106912,0.48702303999999996
15,121,N,145764968,0.48588322666666667
105,5,N,145397128,0.4846570933333333
23,30,N,144853016,0.48284338666666665
3,28,N,144851304,0.48283768
2,35,N,144830840,0.48276946666666665
21,300,Y,144118064,0.48039354666666667
44,53,N,143932976,0.4797765866666667
318,23,Y,143894152,0.47964717333333334
67,47,N,143687288,0.47895762666666664
27,40,N,143664456,0.47888152
93,46,N,143503872,0.47834624
91,92,N,143330152,0.4777671733333333
1,45,N,143301592,0.4776719733333334
11,105,N,142812240,0.4760408
87,32,N,141420824,0.4714027466666667
62,20,N,141106720,0.47035573333333336
76,116,N,140934184,0.4697806133333334
427,37,Y,139841000,0.46613666666666664
49,45,N,139802048,0.4660068266666667
101,34,N,139756160,0.46585386666666667
57,99,N,139375776,0.46458592
18,64,N,139114672,0.46371557333333335
62,101,N,138879264,0.46293088
91,29,N,138649168,0.46216389333333335
65,91,N,138560552,0.4618685066666667
105,118,N,138111264,0.46037088
121,108,N,137915232,0.45971744
42,9,N,137596536,0.45865512
108,50,N,137528696,0.45842898666666665
32,110,N,137188072,0.45729357333333337
87,11,N,137048960,0.45682986666666664
77,30,N,136923880,0.4564129333333333
60,31,N,136763608,0.4558786933333333
35,55,N,136429168,0.4547638933333333
32,389,Y,136053440,0.4535114666666667
15,84,N,136031040,0.45343680000000003
105,121,N,136011944,0.4533731466666666
602,59,Y,135750368,0.45250122666666664
98,34,N,134815880,0.44938626666666664
97,56,N,134288400,0.447628
123,119,N,133903264,0.44634421333333335
23,50,N,133677352,0.4455911733333333
0,16,N,132609808,0.4420326933333333
702,71,Y,132057208,0.4401906933333333
66,9,N,131973584,0.4399119466666667
346,27,Y,131512720,0.43837573333333335
86,37,N,131310360,0.43770119999999996
15,48,N,131190336,0.43730112
25,21,N,131178176,0.4372605866666666
8,62,N,130973048,0.4365768266666667
116,78,N,130796736,0.43598912
5,26,N,130748040,0.4358268
66,57,N,130134160,0.43378053333333333
118,77,N,130131768,0.43377256
69,34,N,130032952,0.4334431733333333
0,14,N,129878480,0.4329282666666667
104,48,N,129798344,0.43266114666666666
105,46,N,129465824,0.43155274666666665
18,100,N,129280352,0.4309345066666667
97,49,N,129238240,0.43079413333333333
56,97,N,128748785,0.42916261666666666
99,14,N,128595008,0.42865002666666663
13,122,N,128538720,0.42846239999999997
83,796,Y,128447168,0.4281572266666667
90,99,N,128234568,0.42744856
79,4,N,128202048,0.42734015999999997
32,87,N,128104472,0.4270149066666667
100,47,N,127911760,0.42637253333333336
30,117,N,127803352,0.4260111733333334
90,855,Y,127602472,0.42534157333333333
14,123,N,127226248,0.4240874933333334
77,27,N,126526328,0.4217544266666666
4,115,N,126521344,0.4217378133333333
93,101,N,125946336,0.41982112000000005
61,15,N,125922672,0.41974224000000004
83,7,N,125842336,0.41947445333333333
52,76,N,125517408,0.41839136000000005
86,111,N,125329160,0.41776386666666665
77,118,N,125307208,0.41769069333333336
118,25,N,125276208,0.41758736
118,105,N,125212768,0.4173758933333333
26,35,N,124973808,0.41657936
10,60,N,124889680,0.4162989333333333
89,60,N,124853128,0.41617709333333336
1,85,N,124627072,0.41542357333333335
57,52,N,124373656,0.41457885333333333
36,19,N,123962384,0.41320794666666666
190,7,Y,123835032,0.41278343999999995
9,111,N,123623832,0.41207943999999996
25,118,N,123537768,0.41179256
19,41,N,123412344,0.41137448000000004
69,59,N,123298704,0.41099568
54,66,N,122999576,0.40999858666666666
75,112,N,122996512,0.4099883733333334
91,28,N,122734672,0.4091155733333333
111,87,N,121853752,0.40617917333333337
76,46,N,121654304,0.4055143466666667
66,54,N,121425488,0.40475162666666664
48,119,N,121016376,0.40338792
53,121,N,120987632,0.4032921066666667
59,55,N,120916640,0.4030554666666667
50,23,N,120886440,0.4029548
207,9,Y,120776448,0.40258816
123,74,N,120590528,0.4019684266666667
72,706,Y,120513720,0.4017124
111,120,N,120452536,0.40150845333333335
110,112,N,120254464,0.4008482133333333
48,87,N,119898208,0.3996606933333333
71,10,N,119843728,0.3994790933333333
43,96,N,119682200,0.3989406666666666
124,126,N,119642816,0.3988093866666667
51,538,Y,119537536,0.39845845333333335
34,69,N,119496256,0.39832085333333334
19,16,N,119257384,0.39752461333333333
20,31,N,118996352,0.39665450666666663
52,70,N,118926912,0.39642304
107,42,N,118722512,0.39574170666666664
10,49,N,118691496,0.39563832
43,58,N,118528400,0.39509466666666665
126,57,N,118490072,0.3949669066666666
25,111,N,118446928,0.3948230933333333
48,104,N,118415328,0.39471776
122,94,N,118400672,0.39466890666666665
51,59,N,118204288,0.3940142933333333
863,91,Y,117920824,0.39306941333333334
120,82,N,117790592,0.3926353066666667
61,20,N,117720120,0.3924004
32,114,N,117548800,0.3918293333333333
41,83,N,117479736,0.39159911999999997
17,90,N,117289120,0.39096373333333334
62,96,N,117190208,0.39063402666666663
109,12,N,117187008,0.39062336000000003
26,12,N,116511680,0.3883722666666667
610,60,Y,116401832,0.3880061066666667
76,52,N,116343960,0.38781319999999997
93,874,Y,116226480,0.38742160000000003
31,20,N,116173744,0.3872458133333333
110,23,N,115963088,0.38654362666666664
79,12,N,115832072,0.38610690666666664
109,103,N,115662728,0.38554242666666666
13,75,N,115662672,0.38554224
92,91,N,115500536,0.3850017866666667
124,42,N,115489208,0.3849640266666667
122,44,N,115477944,0.38492648
57,75,N,115424336,0.38474778666666665
84,93,N,115289152,0.38429717333333335
30,77,N,115196896,0.38398965333333335
106,86,N,115187272,0.38395757333333336
59,127,N,115115176,0.38371725333333334
96,10,N,115081640,0.3836054666666667
21,7,N,114987680,0.38329226666666666
111,25,N,114533440,0.3817781333333333
20,122,N,114465824,0.38155274666666666
107,95,N,114032320,0.38010773333333336
23,110,N,113947632,0.37982544
38,33,N,113845224,0.37948408
92,120,N,113714200,0.37904733333333335
88,79,N,113464088,0.3782136266666667
112,22,N,113354864,0.37784954666666665
78,84,N,113222928,0.37740976
6,7,N,113066192,0.3768873066666667
81,106,N,112996392,0.37665464
40,95,N,112981688,0.3766056266666667
71,700,Y,112811520,0.3760384
11,83,N,112658920,0.37552973333333334
121,15,N,112487400,0.374958
120,111,N,112427504,0.3747583466666667
43,78,N,112392264,0.37464088
104,64,N,112377544,0.37459181333333336
64,18,N,112219304,0.37406434666666666
20,17,N,112099840,0.3736661333333333
55,7,N,112024936,0.37341645333333334
99,57,N,111916024,0.3730534133333333
104,72,N,111821248,0.37273749333333334
55,35,N,111724976,0.37241658666666666
94,122,N,111544528,0.37181509333333335
92,103,N,110972152,0.36990717333333334
85,81,N,110885440,0.3696181333333333
10,96,N,110848208,0.36949402666666664
95,73,N,110833832,0.36944610666666666
112,96,N,110763584,0.3692119466666666
120,92,N,110675024,0.3689167466666667
102,34,N,110558568,0.36852856
103,75,N,110059664,0.36686554666666665
1,27,N,109828400,0.3660946666666667
29,91,N,109456632,0.36485544000000003
72,104,N,109323976,0.3644132533333333
122,71,N,109189616,0.36396538666666667
5,106,N,109032224,0.3634407466666667
5,16,N,108979488,0.36326496
61,76,N,108958976,0.3631965866666667
21,25,N,108790704,0.36263568
43,474,Y,108418560,0.3613952
80,127,N,108375472,0.36125157333333335
42,55,N,108155056,0.36051685333333333
50,108,N,107930456,0.35976818666666666
56,109,N,107872784,0.35957594666666665
86,106,N,107665896,0.35888632
304,22,Y,107449232,0.35816410666666665
36,3,N,107232592,0.35744197333333333
122,13,N,107123960,0.3570798666666667
53,44,N,107117328,0.35705776
36,116,N,106964248,0.35654749333333335
123,14,N,106963104,0.35654368
64,115,N,106649504,0.35549834666666663
25,72,N,106542152,0.3551405066666667
43,74,N,106322304,0.35440768
73,23,N,106294280,0.35431426666666666
98,97,N,106247584,0.3541586133333333
112,115,N,106121048,0.35373682666666667
1,106,N,105799160,0.35266386666666666
95,40,N,105747432,0.35249144
1066,117,Y,105405648,0.35135216
28,25,N,105402592,0.35134197333333334
27,77,N,105367752,0.35122584
0,110,N,105202736,0.35067578666666666
113,70,N,104948104,0.3498270133333333
5,105,N,104939280,0.3497976
24,50,N,104755160,0.3491838666666666
124,1127,Y,104664632,0.34888210666666664
94,35,N,104598312,0.34866104
108,121,N,104484496,0.34828165333333333
64,104,N,104460328,0.3482010933333333
1113,123,Y,104110800,0.347036
103,109,N,103846696,0.3461556533333333
119,26,N,103708472,0.34569490666666663
76,65,N,103698136,0.34566045333333334
35,67,N,103674160,0.34558053333333333
81,41,N,103591784,0.3453059466666667
96,43,N,103480920,0.3449364
101,50,N,103439816,0.34479938666666665
32,100,N,103406280,0.34468760000000004
125,1133,Y,103166640,0.3438888
37,86,N,103096424,0.3436547466666667
7,55,N,102968856,0.34322952
119,123,N,102911728,0.3430390933333334
60,63,N,102829712,0.34276570666666667
55,8,N,102822056,0.34274018666666667
947,102,Y,102485816,0.34161938666666664
84,15,N,102333296,0.34111098666666667
3,36,N,102075168,0.34025056
100,106,N,101686144,0.3389538133333333
83,41,N,101652376,0.3388412533333333
114,78,N,101612408,0.33870802666666666
82,120,N,101479200,0.338264
110,32,N,101408512,0.33802837333333335
122,20,N,101177568,0.33725856000000004
69,79,N,101169760,0.33723253333333336
981,106,Y,101145464,0.33715154666666663
38,81,N,101106840,0.3370228
41,84,N,101050416,0.33683472
127,120,N,100715888,0.33571962666666666
124,108,N,100624832,0.33541610666666666
127,44,N,100602872,0.33534290666666666
14,0,N,100579784,0.33526594666666665
49,113,N,100431928,0.3347730933333333
125,15,N,100285264,0.33428421333333336
94,72,N,100259968,0.33419989333333333
113,74,N,100198480,0.3339949333333333
21,90,N,100166208,0.33388735999999997
80,77,N,100006384,0.3333546133333333
35,26,N,99575152,0.3319171733333333
29,121,N,99461952,0.33153984
127,71,N,99424448,0.33141482666666666
14,99,N,99317920,0.33105973333333333
37,94,N,99277232,0.33092410666666666
7,6,N,99231944,0.3307731466666667
89,845,Y,99223872,0.33074623999999997
63,93,N,99159240,0.3305308
39,43,N,99047104,0.3301570133333333
105,11,N,98753072,0.32917690666666666
82,0,N,98734680,0.3291156
14,68,N,98556176,0.32852058666666667
120,6,N,98378048,0.32792682666666667
34,98,N,98312752,0.3277091733333333
89,83,N,98304472,0.32768157333333336
79,69,N,98201008,0.3273366933333333
77,85,N,98015872,0.32671957333333335
60,17,N,97967184,0.32655728
71,122,N,97859136,0.32619712
71,702,Y,97707432,0.32569144
106,81,N,97676376,0.32558792
30,84,N,97384976,0.32461658666666665
51,24,N,97240464,0.32413488
25,28,N,97071640,0.3235721333333333
55,59,N,96964960,0.32321653333333333
48,63,N,96901032,0.32300344
6,22,N,96892528,0.32297509333333335
11,87,N,96892112,0.3229737066666667
114,32,N,96702728,0.3223424266666666
89,113,N,96555136,0.32185045333333334
44,24,N,96545640,0.32181879999999996
110,0,N,96544680,0.3218156
35,94,N,96467360,0.32155786666666664
33,98,N,96367224,0.32122408
79,88,N,96142656,0.32047552
33,38,N,96127424,0.32042474666666665
34,64,N,95759744,0.31919914666666666
59,69,N,95507032,0.31835677333333334
30,6,N,95468968,0.31822989333333335
46,93,N,95326760,0.31775586666666666
108,124,N,95102688,0.31700896
0,82,N,95051376,0.31683792
26,22,N,95017208,0.31672402666666666
12,67,N,94690920,0.3156364
29,80,N,94671432,0.31557144000000004
45,78,N,94662392,0.3155413066666667
63,73,N,94616736,0.31538911999999997
22,112,N,94302944,0.3143431466666667
735,75,Y,94296400,0.31432133333333334
80,108,N,94253992,0.31417997333333336
65,3,N,94026288,0.31342095999999997
45,36,N,94010744,0.31336914666666665
73,56,N,93771264,0.31257088
73,116,N,93712608,0.31237536
37,61,N,93711744,0.31237248
29,103,N,93671232,0.31223744
124,52,N,93472288,0.3115742933333333
46,76,N,93260720,0.31086906666666664
87,111,N,93182368,0.31060789333333333
102,125,N,93111104,0.3103703466666667
15,125,N,92629896,0.30876632000000004
99,58,N,92358792,0.30786263999999997
54,3,N,92149392,0.30716464
551,52,Y,92042352,0.30680784
125,8,N,91784784,0.30594928
86,47,N,91358824,0.30452941333333333
336,26,Y,91343432,0.3044781066666667
108,80,N,91198080,0.3039936
74,113,N,90916744,0.3030558133333333
41,19,N,90842272,0.3028075733333333
55,42,N,90771120,0.3025704
22,39,N,90703496,0.30234498666666665
117,33,N,90633296,0.30211098666666664
100,18,N,90119752,0.3003991733333333
121,29,N,90061944,0.30020648
83,89,N,89913992,0.2997133066666666
18,50,N,89754549,0.29918183
36,45,N,89649656,0.29883218666666667
84,30,N,89522360,0.29840786666666663
120,127,N,89450480,0.2981682666666667
118,109,N,89372616,0.29790872
70,113,N,89121296,0.29707098666666665
452,40,Y,88758488,0.29586162666666665
39,47,N,88564688,0.2952156266666667
0,31,N,88141632,0.29380544
54,56,N,88045736,0.2934857866666667
88,42,N,87857160,0.2928572
113,49,N,87512456,0.29170818666666665
90,21,N,86896904,0.2896563466666667
70,31,N,86662976,0.28887658666666666
20,61,N,86661136,0.28887045333333333
58,102,N,86481944,0.28827314666666665
96,88,N,86410824,0.28803608
50,101,N,86402768,0.2880092266666667
4,79,N,86392832,0.2879761066666667
47,86,N,86342400,0.287808
100,928,Y,86324144,0.2877471466666667
31,70,N,85895608,0.2863186933333333
63,60,N,85454384,0.2848479466666667
24,44,N,85413072,0.28471024
100,85,N,84927608,0.28309202666666666
35,2,N,84835824,0.28278608
22,66,N,84289520,0.28096506666666665
125,51,N,84266824,0.28088941333333334
6,120,N,84110784,0.28036928
114,46,N,83603072,0.27867690666666667
93,84,N,83309728,0.2776990933333333
114,110,N,83298744,0.27766248
72,25,N,83138152,0.2771271733333333
115,65,N,83085080,0.27695026666666667
75,37,N,82717632,0.27572544
19,36,N,82387576,0.2746252533333333
180,6,Y,82225648,0.2740854933333333
75,13,N,82065680,0.27355226666666665
121,1096,Y,82053536,0.2735117866666667
125,1134,Y,81842256,0.27280752
17,117,N,81778712,0.27259570666666666
83,11,N,81691360,0.2723045333333334
47,100,N,81661792,0.27220597333333335
15,61,N,81176504,0.2705883466666667
66,22,N,81073328,0.27024442666666665
84,78,N,81041424,0.27013808
61,37,N,80659040,0.26886346666666666
67,35,N,80464760,0.2682158666666667
46,98,N,80425784,0.26808594666666663
96,62,N,79974056,0.26658018666666666
8,55,N,79867216,0.2662240533333333
13,64,N,79561264,0.2652042133333333
44,122,N,79395568,0.26465189333333333
100,32,N,79381736,0.2646057866666667
22,6,N,79306576,0.2643552533333333
28,91,N,79153744,0.26384581333333335
28,354,Y,78907776,0.26302591999999997
8,82,N,78438944,0.2614631466666667
29,118,N,78388264,0.2612942133333333
99,923,Y,78235360,0.26078453333333335
103,29,N,78200600,0.26066866666666666
718,73,Y,77931424,0.2597714133333333
90,17,N,77691024,0.25897008
121,105,N,77338128,0.25779376
44,69,N,77315200,0.25771733333333335
68,95,N,77286632,0.2576221066666667
68,90,N,77185640,0.2572854666666667
23,54,N,76809432,0.25603144
104,95,N,76344184,0.2544806133333333
85,77,N,76219640,0.2540654666666667
97,11,N,75772056,0.25257352
74,87,N,75723304,0.2524110133333334
57,126,N,75687168,0.25229056
63,113,N,75626168,0.25208722666666666
114,54,N,75540208,0.2518006933333333
115,4,N,75465776,0.2515525866666667
82,8,N,75442352,0.25147450666666665
829,87,Y,75427344,0.25142448
110,114,N,75140472,0.25046824
126,124,N,74989344,0.24996448
87,74,N,74769072,0.24923024000000002
66,657,Y,74682408,0.24894136
62,8,N,74497376,0.24832458666666665
761,79,Y,74229584,0.24743194666666668
26,5,N,73909424,0.24636474666666663
42,88,N,73779808,0.24593269333333334
69,44,N,73635568,0.24545189333333334
93,63,N,73530656,0.24510218666666667
56,54,N,73193536,0.24397845333333332
105,971,Y,73134008,0.24378002666666665
107,990,Y,72738360,0.24246120000000002
127,80,N,72428272,0.24142757333333334
43,39,N,72362032,0.24120677333333332
123,1115,Y,71901848,0.23967282666666664
72,94,N,71676408,0.23892136
78,45,N,71184968,0.23728322666666668
365,29,Y,71102040,0.2370068
99,2,N,71047552,0.23682517333333333
28,3,N,70763536,0.23587845333333332
56,3,N,70750312,0.23583437333333335
13,4,N,70748640,0.2358288
68,14,N,70599040,0.23533013333333336
73,63,N,70594352,0.23531450666666667
61,79,N,70574760,0.2352492
67,669,Y,70521424,0.23507141333333334
51,125,N,69746560,0.23248853333333333
78,116,N,69336848,0.2311228266666667
74,43,N,69270464,0.23090154666666668
65,115,N,69118288,0.2303942933333333
77,80,N,69056736,0.23018912
106,100,N,69013608,0.23004535999999998
116,1059,Y,68925432,0.22975144000000003
873,93,Y,68913984,0.22971328000000002
1,140,Y,68785032,0.22928343999999998
95,104,N,68667992,0.22889330666666666
4,103,N,68572904,0.22857634666666668
104,68,N,68448800,0.22816266666666665
3,65,N,68352512,0.22784170666666664
54,23,N,68170416,0.22723472
88,96,N,68110440,0.2270348
63,48,N,67368848,0.22456282666666666
54,114,N,67277816,0.22425938666666667
4,13,N,66699144,0.22233048
97,38,N,66615696,0.22205232
33,11,N,66396552,0.22132184
42,107,N,66375968,0.22125322666666666
113,1032,Y,66240592,0.22080197333333332
39,9,N,66076456,0.2202548533333333
56,583,Y,65901376,0.21967125333333332
28,115,N,65493752,0.21831250666666668
141,1,Y,65486984,0.21828994666666665
118,1072,Y,64796056,0.21598685333333334
325,24,Y,64731104,0.21577034666666667
33,392,Y,64730784,0.21576928
970,105,Y,64565200,0.21521733333333334
82,117,N,64402824,0.21467608
517,48,Y,64028576,0.21342858666666664
81,783,Y,63806040,0.2126868
117,1071,Y,63738288,0.21246096
177,6,Y,63346080,0.21115359999999997
64,645,Y,62947248,0.20982416
78,114,N,62927256,0.20975752
1059,116,Y,62916440,0.2097214666666667
685,69,Y,62758408,0.20919469333333332
119,1085,Y,62638760,0.20879586666666666
70,62,N,62578784,0.20859594666666667
82,7,N,62474584,0.20824861333333333
37,88,N,61729280,0.20576426666666664
115,28,N,61229440,0.20409813333333335
70,107,N,61194720,0.2039824
60,614,Y,61018080,0.2033936
1054,115,Y,60623512,0.20207837333333334
711,72,Y,60520984,0.20173661333333331
20,288,Y,60503256,0.20167751999999997
45,488,Y,60464736,0.20154912
687,69,Y,60310432,0.20103477333333333
845,89,Y,59668768,0.19889589333333332
90,68,N,59624056,0.19874685333333333
95,68,N,59473856,0.19824618666666668
116,73,N,59355232,0.19785077333333334
10,212,Y,59319536,0.19773178666666666
88,37,N,59259504,0.19753168
109,118,N,59134216,0.19711405333333334
574,55,Y,59032408,0.1967746933333333
2,99,N,58696320,0.1956544
51,8,N,58469240,0.19489746666666669
5,172,Y,57974696,0.19324898666666668
1138,126,Y,57914216,0.19304738666666665
388,32,Y,57685400,0.19228466666666666
117,82,N,57650024,0.19216674666666667
80,29,N,57305288,0.19101762666666666
12,26,N,57153408,0.19051136
1123,124,Y,57113024,0.19037674666666668
44,127,N,57027944,0.19009314666666666
8,125,N,56734272,0.18911424000000002
107,70,N,56228224,0.18742741333333332
113,63,N,56215896,0.18738632
3,56,N,55911704,0.1863723466666667
3,54,N,55717728,0.18572576
12,231,Y,55692336,0.18564112
29,362,Y,55685832,0.18561944
30,368,Y,55231600,0.18410533333333334
28,109,N,55215152,0.18405050666666667
1073,118,Y,55183360,0.18394453333333333
101,939,Y,55101440,0.18367146666666667
7,82,N,54850816,0.18283605333333333
103,4,N,54607280,0.18202426666666666
744,77,Y,54528144,0.18176048
17,271,Y,54245200,0.18081733333333333
78,754,Y,54203320,0.1806777333333333
39,445,Y,53950976,0.17983658666666666
66,660,Y,53609856,0.17869952
995,108,Y,53609704,0.17869901333333332
807,84,Y,53213856,0.17737951999999998
917,98,Y,53195016,0.17731672
51,536,Y,53086232,0.17695410666666667
92,867,Y,53069216,0.17689738666666666
55,573,Y,52979040,0.1765968
1096,121,Y,52970248,0.17656749333333335
1122,124,Y,52676376,0.17558792
58,599,Y,52662488,0.17554162666666667
42,466,Y,52661856,0.17553952
57,585,Y,51377016,0.17125672
55,574,Y,51315640,0.17105213333333333
646,64,Y,51298536,0.17099512
19,282,Y,50447672,0.16815890666666666
8,51,N,50233128,0.16744376
627,62,Y,49958816,0.16652938666666667
42,467,Y,49921376,0.16640458666666666
2,88,N,49739968,0.16579989333333334
1025,112,Y,49554552,0.16518184
930,100,Y,48581416,0.16193805333333333
15,249,Y,48558136,0.16186045333333332
11,97,N,48382368,0.16127456
24,322,Y,48197432,0.16065810666666666
36,420,Y,48128288,0.16042762666666666
75,733,Y,47796160,0.15932053333333332
43,473,Y,47784104,0.15928034666666668
1130,125,Y,47707464,0.15902488
88,2,N,47592440,0.15864146666666668
628,62,Y,47537480,0.15845826666666668
114,1044,Y,47376896,0.15792298666666668
857,91,Y,46912744,0.15637581333333334
682,69,Y,46907680,0.15635893333333334
651,65,Y,46805344,0.15601781333333334
78,758,Y,46786080,0.1559536
650,65,Y,46780376,0.15593458666666665
756,78,Y,46691272,0.15563757333333333
113,1037,Y,46414280,0.15471426666666666
67,666,Y,46389776,0.15463258666666668
75,732,Y,46375704,0.15458568
124,1122,Y,46088120,0.15362706666666667
166,4,Y,46007008,0.15335669333333332
28,356,Y,45798408,0.15266136
176,6,Y,45405096,0.15135032
74,721,Y,45221464,0.15073821333333334
499,46,Y,45220968,0.15073656000000002
10,210,Y,44669008,0.14889669333333333
107,987,Y,44472952,0.14824317333333334
118,1078,Y,44002080,0.1466736
1121,124,Y,43862040,0.1462068
624,62,Y,43683672,0.14561224
11,33,N,43555632,0.14518544
56,576,Y,43126728,0.14375576
225,12,Y,42758808,0.14252936
361,29,Y,42699440,0.14233146666666668
592,58,Y,42687440,0.14229146666666667
1133,125,Y,42407952,0.14135984
53,553,Y,42205584,0.14068528
257,16,Y,42181360,0.14060453333333334
806,84,Y,41994648,0.13998216000000002
26,336,Y,41928352,0.13976117333333332
545,52,Y,41849944,0.13949981333333333
112,1025,Y,41697728,0.13899242666666667
338,26,Y,41467552,0.13822517333333334
7,191,Y,40885056,0.13628352
382,31,Y,40841144,0.13613714666666665
118,29,N,40702808,0.13567602666666667
660,66,Y,40477096,0.13492365333333334
35,411,Y,40399344,0.13466448
367,29,Y,40385512,0.13461837333333335
861,91,Y,40372304,0.13457434666666665
974,105,Y,40313464,0.13437821333333333
53,555,Y,40107272,0.13369090666666666
1077,118,Y,39786152,0.13262050666666667
142,1,Y,39748704,0.13249568
453,40,Y,39746904,0.13248968
102,946,Y,39717472,0.13239157333333332
90,848,Y,39399528,0.13133176
86,822,Y,39165984,0.13055328
783,81,Y,39110432,0.13036810666666668
826,87,Y,39101320,0.13033773333333332
111,1022,Y,39084112,0.1302803733333333
588,57,Y,38973656,0.12991218666666668
113,89,N,38965000,0.12988333333333332
1003,109,Y,38952376,0.12984125333333332
247,14,Y,38711280,0.1290376
106,981,Y,38648032,0.12882677333333334
44,484,Y,38490408,0.12830136
109,28,N,38422176,0.12807392
666,67,Y,38268656,0.12756218666666666
43,472,Y,38258160,0.1275272
344,27,Y,38125320,0.1270844
236,13,Y,38013856,0.12671285333333335
111,1020,Y,37970808,0.12656936
39,447,Y,37905488,0.12635162666666666
368,30,Y,37882728,0.12627576
641,64,Y,37868808,0.12622936
191,7,Y,37848816,0.12616272
48,513,Y,37808400,0.126028
156,3,Y,37613656,0.12537885333333332
456,41,Y,37584616,0.12528205333333334
399,33,Y,37569232,0.12523077333333332
110,1008,Y,37493536,0.12497845333333334
26,343,Y,37471496,0.12490498666666668
108,995,Y,37398712,0.12466237333333334
112,1031,Y,37366520,0.12455506666666667
986,107,Y,37225360,0.12408453333333333
7,189,Y,37206560,0.12402186666666667
122,1104,Y,37143112,0.12381037333333332
23,316,Y,37114336,0.12371445333333334
16,262,Y,37024792,0.12341597333333333
419,36,Y,36785656,0.12261885333333332
106,978,Y,36771400,0.12257133333333334
748,77,Y,36737304,0.12245768000000001
437,38,Y,36737128,0.12245709333333332
621,61,Y,36685520,0.12228506666666666
50,529,Y,36491923,0.12163974333333333
463,41,Y,36380080,0.12126693333333334
683,69,Y,36361392,0.12120464
562,54,Y,36158224,0.12052741333333335
93,877,Y,36106896,0.12035632
449,40,Y,36075496,0.12025165333333333
40,450,Y,35979168,0.11993056
694,70,Y,35975328,0.11991776
103,959,Y,35907304,0.11969101333333333
734,75,Y,35899912,0.11966637333333333
1086,119,Y,35840792,0.11946930666666666
57,588,Y,35784552,0.11928183999999999
1061,116,Y,35691488,0.11897162666666666
309,22,Y,35643128,0.11881042666666668
1021,111,Y,35528936,0.11842978666666668
124,1126,Y,35490464,0.11830154666666666
97,910,Y,35479680,0.1182656
81,780,Y,35447008,0.11815669333333334
121,1103,Y,35421688,0.11807229333333333
123,1114,Y,35315768,0.11771922666666668
169,5,Y,35308096,0.11769365333333334
94,881,Y,35162808,0.11720935999999998
593,58,Y,35024896,0.11674965333333333
862,91,Y,34989648,0.11663216000000001
671,67,Y,34979176,0.11659725333333333
936,101,Y,34965440,0.11655146666666666
37,426,Y,34937784,0.11645928
505,47,Y,34920176,0.11640058666666667
137,1,Y,34883520,0.1162784
73,716,Y,34864456,0.11621485333333333
615,60,Y,34773568,0.11591189333333334
668,67,Y,34753240,0.11584413333333332
84,803,Y,34725752,0.11575250666666667
71,701,Y,34687984,0.11562661333333332
370,30,Y,34666808,0.11555602666666667
1150,127,Y,34608880,0.11536293333333333
467,42,Y,34592216,0.11530738666666668
284,19,Y,34560608,0.11520202666666668
35,412,Y,34530200,0.11510066666666667
299,21,Y,34525344,0.11508448000000002
30,372,Y,34287168,0.11429056
15,251,Y,34192184,0.11397394666666667
51,537,Y,34159544,0.11386514666666668
105,969,Y,34130736,0.11376912
80,769,Y,34087344,0.11362448
1068,117,Y,34071768,0.11357255999999999
99,925,Y,34029960,0.11343320000000001
22,311,Y,34013032,0.11337677333333332
583,56,Y,33943504,0.11314501333333334
815,85,Y,33933472,0.11311157333333333
649,65,Y,33902128,0.11300709333333334
17,270,Y,33811720,0.11270573333333332
14,247,Y,33789432,0.11263144
84,805,Y,33762608,0.11254202666666667
97,909,Y,33603920,0.11201306666666667
125,1130,Y,33590240,0.11196746666666667
885,94,Y,33572304,0.11190768
6,180,Y,33416280,0.1113876
474,43,Y,33363144,0.11121048000000001
58,596,Y,33303344,0.11101114666666667
99,927,Y,33264784,0.11088261333333334
124,1123,Y,33248832,0.11082944
320,24,Y,33248080,0.11082693333333335
759,78,Y,33228064,0.11076021333333334
38,438,Y,33213920,0.11071306666666668
94,883,Y,33207448,0.11069149333333335
119,1082,Y,33198224,0.11066074666666666
23,313,Y,33104184,0.11034727999999999
58,598,Y,33058616,0.11019538666666667
47,504,Y,33056576,0.11018858666666667
596,58,Y,33010896,0.11003632
113,1038,Y,32937184,0.10979061333333334
3,154,Y,32879760,0.10959920000000001
123,1113,Y,32829152,0.10943050666666666
49,524,Y,32769776,0.10923258666666667
48,517,Y,32723776,0.10907925333333333
976,106,Y,32714712,0.10904904000000001
85,815,Y,32712688,0.10904229333333333
213,10,Y,32695176,0.10898392000000001
103,955,Y,32496968,0.10832322666666667
1143,126,Y,32490712,0.10830237333333333
79,761,Y,32461776,0.10820592000000001
573,55,Y,32413144,0.10804381333333332
73,719,Y,32404672,0.10801557333333332
348,27,Y,32367744,0.10789248
30,369,Y,32330528,0.10776842666666665
6,176,Y,32314232,0.10771410666666667
65,654,Y,32298648,0.10766216
824,87,Y,32298496,0.10766165333333333
95,895,Y,32270240,0.10756746666666667
987,107,Y,32178704,0.10726234666666666
58,594,Y,32082232,0.10694077333333334
21,303,Y,32001648,0.10667216
266,17,Y,31943856,0.10647952
644,64,Y,31928744,0.10642914666666667
110,1010,Y,31910576,0.10636858666666665
83,795,Y,31908912,0.10636304
377,31,Y,31750096,0.10583365333333332
3,156,Y,31741872,0.10580624
1022,111,Y,31688880,0.10562959999999999
115,1048,Y,31654024,0.10551341333333335
841,89,Y,31643648,0.10547882666666666
126,1142,Y,31589216,0.10529738666666666
894,95,Y,31586920,0.10528973333333333
84,800,Y,31348968,0.10449655999999999
69,687,Y,31298848,0.10432949333333333
473,43,Y,31241936,0.10413978666666668
4,167,Y,31234584,0.10411528
1032,113,Y,31210608,0.10403536
10,208,Y,31195752,0.10398584
124,1120,Y,31109328,0.10369775999999999
968,105,Y,31103048,0.10367682666666667
851,90,Y,31075648,0.10358549333333332
971,105,Y,31024808,0.10341602666666667
1009,110,Y,30984040,0.10328013333333333
114,1041,Y,30966704,0.10322234666666667
52,544,Y,30920664,0.10306887999999999
116,1061,Y,30885904,0.10295301333333334
343,26,Y,30870288,0.10290096
362,29,Y,30859976,0.10286658666666666
73,717,Y,30849320,0.10283106666666667
516,48,Y,30744032,0.10248010666666667
462,41,Y,30733952,0.10244650666666667
684,69,Y,30720240,0.10240080000000001
1028,112,Y,30681432,0.10227144
1104,122,Y,30641056,0.10213685333333333
115,1054,Y,30598352,0.10199450666666668
104,961,Y,30590592,0.10196864
31,381,Y,30534600,0.101782
647,64,Y,30520376,0.10173458666666665
422,36,Y,30518240,0.10172746666666665
567,54,Y,30402688,0.10134229333333333
278,18,Y,30399480,0.1013316
87,829,Y,30378840,0.1012628
989,107,Y,30331272,0.10110423999999998
24,326,Y,30212880,0.10070960000000001
384,32,Y,30162728,0.10054242666666666
961,104,Y,30118048,0.10039349333333333
547,52,Y,30083480,0.10027826666666667
101,942,Y,30074016,0.10024672
21,298,Y,30072264,0.10024088
282,19,Y,30041616,0.10013871999999999
538,51,Y,30005864,0.10001954666666667
565,54,Y,29971384,0.09990461333333332
35,413,Y,29968272,0.09989424
323,24,Y,29894120,0.09964706666666667
108,997,Y,29800560,0.09933520000000001
1067,117,Y,29790448,0.09930149333333334
376,31,Y,29783104,0.09927701333333333
15,254,Y,29581696,0.09860565333333333
371,30,Y,29483240,0.09827746666666666
701,71,Y,29467648,0.09822549333333333
814,85,Y,29464488,0.09821496
17,264,Y,29426568,0.09808855999999999
100,930,Y,29399040,0.0979968
1001,109,Y,29366352,0.09788784
200,9,Y,29350352,0.09783450666666665
431,37,Y,29314184,0.09771394666666666
76,743,Y,29286264,0.09762088
38,439,Y,29212672,0.09737557333333334
45,495,Y,29166840,0.0972228
28,358,Y,29141016,0.09713672
1106,122,Y,29077104,0.09692368
60,615,Y,29074224,0.09691408
188,7,Y,29004776,0.09668258666666667
40,452,Y,28990312,0.09663437333333333
0,133,Y,28800760,0.09600253333333333
39,446,Y,28733856,0.09577951999999999
3,155,Y,28729368,0.09576456
49,525,Y,28677408,0.09559136
860,91,Y,28646440,0.09548813333333334
72,707,Y,28634120,0.09544706666666666
700,71,Y,28599224,0.09533074666666667
389,32,Y,28586832,0.09528943999999999
13,239,Y,28550208,0.09516735999999999
22,306,Y,28548320,0.09516106666666665
439,38,Y,28482968,0.09494322666666667
9,207,Y,28412056,0.09470685333333334
1097,121,Y,28352064,0.09450688
834,88,Y,28312784,0.09437594666666667
69,680,Y,28300672,0.09433557333333333
811,85,Y,28256872,0.09418957333333333
117,1066,Y,28232408,0.09410802666666666
111,1019,Y,28213072,0.09404357333333332
866,92,Y,28199464,0.09399821333333333
435,38,Y,28197032,0.09399010666666667
765,79,Y,28192696,0.09397565333333334
48,515,Y,28188488,0.09396162666666667
87,830,Y,28179304,0.09393101333333334
73,713,Y,28168240,0.09389413333333334
333,25,Y,28165168,0.09388389333333333
967,104,Y,28122328,0.09374109333333333
27,350,Y,28103952,0.09367984
270,17,Y,28070904,0.09356968
541,51,Y,27942736,0.09314245333333333
552,53,Y,27823856,0.09274618666666667
261,16,Y,27776000,0.09258666666666666
120,1095,Y,27770560,0.09256853333333334
288,20,Y,27768488,0.09256162666666667
245,14,Y,27706168,0.09235389333333334
640,64,Y,27683648,0.09227882666666666
73,715,Y,27671640,0.0922388
116,1057,Y,27651968,0.09217322666666666
410,35,Y,27614808,0.09204936
867,92,Y,27609280,0.09203093333333333
603,59,Y,27601832,0.09200610666666667
699,71,Y,27596944,0.09198981333333334
97,904,Y,27551184,0.09183728000000001
164,4,Y,27527544,0.09175848
381,31,Y,27506136,0.09168712000000001
1062,116,Y,27499120,0.09166373333333333
123,1116,Y,27498688,0.09166229333333334
1093,120,Y,27440808,0.09146936
123,1118,Y,27406696,0.09135565333333334
101,940,Y,27301568,0.09100522666666666
80,771,Y,27301432,0.09100477333333334
1,141,Y,27293408,0.09097802666666666
23,318,Y,27238784,0.09079594666666667
724,74,Y,27209184,0.09069727999999999
109,1004,Y,27200168,0.09066722666666667
0,131,Y,27188272,0.09062757333333334
1111,122,Y,27128064,0.09042688
554,53,Y,27110488,0.09036829333333334
124,1125,Y,27097744,0.09032581333333332
303,21,Y,27048736,0.09016245333333332
64,641,Y,27044192,0.09014730666666666
792,83,Y,26991232,0.08997077333333334
65,652,Y,26971624,0.08990541333333334
1026,112,Y,26954544,0.08984848000000001
19,283,Y,26945736,0.08981912
110,1011,Y,26919288,0.08973096
110,1013,Y,26874264,0.08958088
537,51,Y,26865992,0.08955330666666667
110,1009,Y,26824424,0.08941474666666667
291,20,Y,26819776,0.08939925333333333
16,260,Y,26771280,0.0892376
397,33,Y,26745408,0.08915136
76,742,Y,26726760,0.08908920000000001
351,27,Y,26693568,0.08897856
78,759,Y,26681208,0.08893736000000001
62,630,Y,26669912,0.08889970666666666
1037,113,Y,26667024,0.08889008000000001
27,346,Y,26663312,0.08887770666666667
82,789,Y,26651848,0.08883949333333332
34,400,Y,26629880,0.08876626666666666
69,686,Y,26598840,0.0886628
1034,113,Y,26567160,0.0885572
662,66,Y,26556632,0.08852210666666667
900,96,Y,26485152,0.08828384
103,953,Y,26475840,0.0882528
918,98,Y,26452208,0.08817402666666667
32,388,Y,26402928,0.08800976
883,94,Y,26368744,0.08789581333333334
464,42,Y,26362560,0.0878752
59,600,Y,26350752,0.08783584
832,88,Y,26349400,0.08783133333333333
913,98,Y,26317560,0.0877252
1044,114,Y,26300400,0.087668
54,564,Y,26242080,0.0874736
83,792,Y,26219664,0.08739888
120,1092,Y,26179344,0.08726447999999999
9,201,Y,26156328,0.08718775999999999
277,18,Y,26137096,0.08712365333333333
24,321,Y,26075832,0.08691944
74,727,Y,26052648,0.08684216
831,87,Y,26035016,0.08678338666666667
609,60,Y,25991208,0.08663736
34,405,Y,25925744,0.08641914666666667
652,65,Y,25920320,0.08640106666666666
109,1001,Y,25894904,0.08631634666666667
293,20,Y,25843160,0.08614386666666667
4,163,Y,25817280,0.08605760000000001
18,279,Y,25789632,0.08596544
86,818,Y,25776392,0.08592130666666667
396,33,Y,25740160,0.08580053333333335
542,51,Y,25678984,0.08559661333333334
41,456,Y,25676008,0.08558669333333332
877,93,Y,25646456,0.08548818666666666
55,571,Y,25607720,0.08535906666666666
317,23,Y,25392616,0.08464205333333333
75,731,Y,25391352,0.08463783999999999
69,685,Y,25377592,0.08459197333333333
448,40,Y,25373440,0.08457813333333333
670,67,Y,25351768,0.08450589333333333
185,7,Y,25334496,0.08444832
605,59,Y,25323280,0.08441093333333334
110,1015,Y,25309728,0.08436576
127,1146,Y,25308464,0.08436154666666668
148,2,Y,25283392,0.08427797333333333
38,434,Y,25253184,0.08417728000000001
14,241,Y,25248072,0.08416024
32,387,Y,25244992,0.08414997333333334
135,0,Y,25230128,0.08410042666666666
29,361,Y,25215832,0.08405277333333334
417,36,Y,25155288,0.08385096
56,582,Y,25134568,0.08378189333333333
76,736,Y,25133512,0.08377837333333334
50,533,Y,25128824,0.08376274666666667
94,880,Y,25112888,0.08370962666666666
263,16,Y,25100152,0.08366717333333333
983,106,Y,25098400,0.08366133333333334
789,82,Y,25005128,0.08335042666666667
513,48,Y,25002512,0.08334170666666667
626,62,Y,24957216,0.08319072
26,339,Y,24889304,0.08296434666666667
1132,125,Y,24880440,0.0829348
59,602,Y,24874952,0.08291650666666667
5,175,Y,24869960,0.08289986666666667
523,49,Y,24858000,0.08286
300,21,Y,24853488,0.08284496
122,1107,Y,24775536,0.08258512
21,297,Y,24709504,0.08236501333333333
927,99,Y,24682328,0.08227442666666666
544,52,Y,24658944,0.08219647999999999
408,35,Y,24657528,0.08219176
1102,121,Y,24643968,0.08214656000000001
256,16,Y,24591648,0.08197216
1085,119,Y,24570208,0.08190069333333333
65,650,Y,24558040,0.08186013333333333
2,151,Y,24503904,0.08167968
66,663,Y,24497808,0.08165936
281,19,Y,24494384,0.08164794666666667
840,89,Y,24404752,0.08134917333333333
62,626,Y,24398392,0.08132797333333333
14,240,Y,24345968,0.08115322666666666
205,9,Y,24338480,0.08112826666666666
59,603,Y,24301888,0.08100629333333333
112,1028,Y,24297208,0.08099069333333334
1060,116,Y,24289640,0.08096546666666667
55,570,Y,24281600,0.08093866666666667
3,159,Y,24243696,0.08081231999999999
392,33,Y,24192480,0.08064160000000001
51,540,Y,24162208,0.08054069333333333
447,39,Y,24159112,0.08053037333333334
48,516,Y,24149584,0.08049861333333333
879,93,Y,24145584,0.08048528
934,100,Y,24121400,0.08040466666666667
436,38,Y,24119624,0.08039874666666667
112,1026,Y,24114368,0.08038122666666667
1,137,Y,24108680,0.08036226666666667
489,45,Y,24107384,0.08035794666666667
458,41,Y,23998664,0.07999554666666667
693,70,Y,23986536,0.07995511999999999
1092,120,Y,23950472,0.07983490666666668
6,183,Y,23915952,0.07971984
260,16,Y,23909872,0.07969957333333333
75,735,Y,23897144,0.07965714666666666
1109,122,Y,23840840,0.07946946666666665
999,108,Y,23824888,0.07941629333333333
106,976,Y,23812800,0.079376
66,659,Y,23780864,0.07926954666666666
172,5,Y,23778328,0.07926109333333334
11,217,Y,23772928,0.07924309333333333
94,885,Y,23745320,0.07915106666666667
77,750,Y,23704376,0.07901458666666666
72,711,Y,23655648,0.07885216
112,1027,Y,23649872,0.07883290666666667
569,55,Y,23645368,0.07881789333333333
686,69,Y,23635920,0.07878639999999999
707,72,Y,23593336,0.07864445333333334
580,56,Y,23579032,0.07859677333333333
182,6,Y,23573104,0.07857701333333333
100,931,Y,23540616,0.07846872
0,134,Y,23514432,0.07838144
477,43,Y,23505016,0.07835005333333334
395,33,Y,23503456,0.07834485333333333
7,187,Y,23501352,0.07833783999999999
81,781,Y,23480888,0.07826962666666666
55,569,Y,23476192,0.07825397333333334
7,188,Y,23450208,0.07816735999999999
75,730,Y,23447368,0.07815789333333334
636,63,Y,23445976,0.07815325333333334
45,491,Y,23440592,0.07813530666666667
43,477,Y,23378496,0.07792832000000001
1004,109,Y,23370952,0.07790317333333333
723,74,Y,23343368,0.07781122666666666
24,325,Y,23293464,0.07764488
625,62,Y,23254224,0.07751408
118,1077,Y,23254208,0.07751402666666667
1147,127,Y,23204048,0.07734682666666666
586,57,Y,23192288,0.07730762666666667
56,581,Y,23185184,0.07728394666666667
45,490,Y,23164744,0.07721581333333333
8,197,Y,23141920,0.07713973333333334
87,824,Y,23128536,0.07709512
803,84,Y,23101952,0.07700650666666667
511,47,Y,23090096,0.07696698666666667
444,39,Y,23085624,0.07695208
1051,115,Y,23083984,0.07694661333333333
79,760,Y,23077784,0.07692594666666666
39,442,Y,23069904,0.07689968
443,39,Y,23065584,0.07688528
1000,109,Y,23056376,0.07685458666666667
553,53,Y,23051488,0.07683829333333334
1105,122,Y,23047008,0.07682336
539,51,Y,23043072,0.07681024
819,86,Y,23003440,0.07667813333333333
889,95,Y,22979072,0.07659690666666667
66,658,Y,22976480,0.07658826666666667
669,67,Y,22945728,0.07648576
899,96,Y,22923832,0.07641277333333334
21,299,Y,22910176,0.07636725333333333
632,63,Y,22902352,0.07634117333333333
62,628,Y,22895096,0.07631698666666667
4,160,Y,22889992,0.07629997333333333
363,29,Y,22868656,0.07622885333333333
159,3,Y,22866528,0.07622176
84,807,Y,22836424,0.07612141333333333
798,83,Y,22830944,0.07610314666666666
59,605,Y,22811816,0.07603938666666667
1118,123,Y,22803304,0.07601101333333334
61,622,Y,22770848,0.07590282666666666
713,73,Y,22764544,0.07588181333333334
314,23,Y,22747272,0.07582424
178,6,Y,22734896,0.07578298666666668
72,708,Y,22728032,0.07576010666666666
587,57,Y,22717968,0.07572656
36,422,Y,22673448,0.07557815999999999
95,890,Y,22663136,0.07554378666666667
52,547,Y,22652464,0.07550821333333334
305,22,Y,22636560,0.0754552
331,25,Y,22618048,0.07539349333333333
30,374,Y,22613400,0.075378
45,489,Y,22602712,0.07534237333333334
22,304,Y,22551000,0.07517
45,492,Y,22524504,0.07508168
778,81,Y,22516904,0.07505634666666666
1090,120,Y,22500200,0.07500066666666666
618,61,Y,22466256,0.07488752
79,765,Y,22459080,0.0748636
48,518,Y,22435936,0.07478645333333334
100,929,Y,22435800,0.074786
672,68,Y,22427984,0.07475994666666666
742,76,Y,22379896,0.07459965333333334
101,936,Y,22376712,0.07458904
74,726,Y,22367552,0.07455850666666666
903,96,Y,22343592,0.07447864
483,44,Y,22338032,0.07446010666666666
31,376,Y,22324568,0.07441522666666667
952,103,Y,22285272,0.07428424
743,76,Y,22279664,0.07426554666666667
1079,118,Y,22246688,0.07415562666666667
582,56,Y,22245472,0.07415157333333333
41,462,Y,22240616,0.07413538666666666
254,15,Y,22237392,0.07412464
12,230,Y,22236680,0.07412226666666667
820,86,Y,22225744,0.07408581333333333
766,79,Y,22217192,0.07405730666666667
661,66,Y,22191536,0.07397178666666666
31,380,Y,22185760,0.07395253333333333
173,5,Y,22167144,0.07389048000000001
42,465,Y,22166688,0.07388896
16,256,Y,22160024,0.07386674666666668
1052,115,Y,22151128,0.07383709333333334
115,1052,Y,22147376,0.07382458666666668
77,744,Y,22126256,0.07375418666666667
26,337,Y,22117040,0.07372346666666667
430,37,Y,22114712,0.07371570666666667
60,609,Y,22070488,0.07356829333333334
844,89,Y,22054176,0.07351392
78,756,Y,22050072,0.07350024000000001
0,135,Y,22049088,0.07349696
665,67,Y,22034632,0.07344877333333333
572,55,Y,22027152,0.07342384
31,379,Y,22016952,0.07338984
737,76,Y,22003944,0.07334648
709,72,Y,21986008,0.07328669333333333
89,841,Y,21966632,0.07322210666666666
979,106,Y,21963984,0.07321327999999999
224,12,Y,21939168,0.07313056
5,173,Y,21926424,0.07308808
126,1143,Y,21922520,0.07307506666666667
99,924,Y,21921992,0.07307330666666667
585,57,Y,21864816,0.07288272
442,39,Y,21864456,0.07288152
58,597,Y,21811344,0.07270448
847,89,Y,21805648,0.07268549333333334
75,734,Y,21803624,0.07267874666666667
57,590,Y,21798424,0.07266141333333333
110,1014,Y,21798304,0.07266101333333333
540,51,Y,21777480,0.07259159999999999
71,699,Y,21764856,0.07254952
904,97,Y,21719656,0.07239885333333333
66,662,Y,21701344,0.07233781333333333
125,1132,Y,21695088,0.07231696
955,103,Y,21650024,0.07216674666666666
50,530,Y,21647408,0.07215802666666667
20,293,Y,21613368,0.07204456
478,43,Y,21609248,0.07203082666666666
745,77,Y,21602624,0.07200874666666666
7,190,Y,21596008,0.07198669333333334
40,453,Y,21590472,0.07196824
37,430,Y,21567360,0.0718912
101,938,Y,21548656,0.07182885333333333
79,764,Y,21537704,0.07179234666666666
611,60,Y,21535792,0.07178597333333334
105,973,Y,21523664,0.07174554666666666
13,235,Y,21500656,0.07166885333333334
928,100,Y,21493152,0.07164384
85,809,Y,21483760,0.07161253333333334
65,649,Y,21482944,0.07160981333333333
729,75,Y,21477280,0.07159093333333333
55,568,Y,21476448,0.07158816
1141,126,Y,21453816,0.07151272
65,653,Y,21447448,0.07149149333333334
114,1042,Y,21435008,0.07145002666666667
102,949,Y,21418896,0.07139632
83,793,Y,21416648,0.07138882666666667
486,44,Y,21414752,0.07138250666666666
36,416,Y,21412064,0.07137354666666666
965,104,Y,21367616,0.07122538666666667
53,556,Y,21360256,0.07120085333333333
163,4,Y,21347008,0.07115669333333333
302,21,Y,21324472,0.07108157333333334
77,751,Y,21309752,0.07103250666666668
594,58,Y,21306792,0.07102264
791,82,Y,21306296,0.07102098666666666
818,86,Y,21292712,0.07097570666666667
84,801,Y,21238296,0.07079432
1039,113,Y,21234568,0.07078189333333333
676,68,Y,21187136,0.07062378666666667
68,672,Y,21183232,0.07061077333333333
240,14,Y,21182888,0.07060962666666666
106,982,Y,21176296,0.07058765333333333
74,723,Y,21173336,0.07057778666666667
81,779,Y,21165080,0.07055026666666667
125,1129,Y,21148584,0.07049528
17,266,Y,21147896,0.07049298666666667
111,1021,Y,21124808,0.07041602666666666
167,4,Y,21096480,0.0703216
46,502,Y,21073680,0.07024559999999999
44,482,Y,21036184,0.07012061333333333
848,90,Y,21035992,0.07011997333333334
874,93,Y,21011480,0.07003826666666667
85,814,Y,20989184,0.06996394666666667
655,65,Y,20969344,0.06989781333333334
250,15,Y,20960008,0.06986669333333334
412,35,Y,20959784,0.06986594666666666
890,95,Y,20953816,0.06984605333333334
63,637,Y,20943960,0.06981319999999999
1012,110,Y,20930936,0.06976978666666667
64,642,Y,20921280,0.0697376
884,94,Y,20898976,0.06966325333333333
1045,114,Y,20898704,0.06966234666666667
23,317,Y,20880960,0.06960319999999999
916,98,Y,20873896,0.06957965333333334
24,327,Y,20858952,0.06952984000000001
138,1,Y,20846616,0.06948872
1127,124,Y,20838008,0.06946002666666667
72,710,Y,20837072,0.06945690666666667
911,97,Y,20821360,0.06940453333333332
20,289,Y,20814128,0.06938042666666666
459,41,Y,20797064,0.06932354666666667
98,919,Y,20779536,0.06926512
122,1108,Y,20770144,0.06923381333333334
108,996,Y,20740600,0.06913533333333333
591,57,Y,20729152,0.06909717333333333
87,826,Y,20719552,0.06906517333333333
88,832,Y,20719448,0.06906482666666668
67,667,Y,20719208,0.06906402666666667
530,50,Y,20701448,0.06900482666666667
673,68,Y,20699272,0.06899757333333333
714,73,Y,20694992,0.06898330666666667
855,90,Y,20691240,0.0689708
275,18,Y,20689880,0.06896626666666666
123,1119,Y,20687728,0.06895909333333333
66,661,Y,20672024,0.06890674666666667
510,47,Y,20671072,0.06890357333333333
264,17,Y,20662640,0.06887546666666666
93,879,Y,20635568,0.06878522666666667
285,19,Y,20629464,0.06876488
50,531,Y,20616472,0.06872157333333333
7,185,Y,20597800,0.06865933333333334
88,834,Y,20595088,0.06865029333333333
43,475,Y,20568224,0.06856074666666667
59,606,Y,20561840,0.06853946666666666
35,408,Y,20557056,0.06852352
110,1012,Y,20555784,0.06851928
49,521,Y,20553240,0.0685108
89,843,Y,20506424,0.06835474666666666
321,24,Y,20496664,0.06832221333333334
68,676,Y,20491280,0.06830426666666667
87,828,Y,20460040,0.06820013333333334
19,287,Y,20447768,0.06815922666666667
8,196,Y,20441704,0.06813901333333333
23,314,Y,20424304,0.06808101333333333
154,3,Y,20389680,0.0679656
112,1024,Y,20369360,0.06789786666666667
210,10,Y,20367272,0.06789090666666667
127,1151,Y,20358464,0.06786154666666668
779,81,Y,20354088,0.06784696
114,1045,Y,20307368,0.06769122666666666
27,345,Y,20297368,0.06765789333333333
401,34,Y,20296248,0.06765416
124,1124,Y,20289296,0.06763098666666667
35,410,Y,20254144,0.06751381333333334
805,84,Y,20192128,0.06730709333333333
89,840,Y,20181960,0.0672732
931,100,Y,20177272,0.06725757333333333
0,129,Y,20163264,0.06721088
1080,119,Y,20146104,0.06715368
42,464,Y,20121584,0.06707194666666666
22,308,Y,20095416,0.06698472
112,1029,Y,20082800,0.06694266666666666
326,24,Y,20081168,0.06693722666666665
354,28,Y,20032904,0.06677634666666667
432,38,Y,20016744,0.06672248
53,558,Y,20016240,0.0667208
568,55,Y,20014216,0.06671405333333333
44,480,Y,20008368,0.06669456
147,2,Y,20001784,0.06667261333333334
809,85,Y,20000264,0.06666754666666667
787,82,Y,19978592,0.06659530666666667
1135,125,Y,19971416,0.06657138666666666
11,221,Y,19956800,0.06652266666666666
677,68,Y,19928296,0.06642765333333334
985,107,Y,19924240,0.06641413333333333
1064,117,Y,19921112,0.06640370666666667
26,341,Y,19910808,0.06636936
515,48,Y,19907032,0.06635677333333333
32,390,Y,19900776,0.06633592
966,104,Y,19899024,0.06633008
216,11,Y,19864408,0.06621469333333334
996,108,Y,19789808,0.06596602666666666
312,23,Y,19786784,0.06595594666666667
386,32,Y,19779856,0.06593285333333333
19,280,Y,19757984,0.06585994666666667
1100,121,Y,19747520,0.06582506666666667
28,357,Y,19745528,0.06581842666666667
475,43,Y,19731688,0.06577229333333334
531,50,Y,19712024,0.06570674666666666
105,974,Y,19689392,0.06563130666666667
41,461,Y,19667672,0.06555890666666667
732,75,Y,19663144,0.06554381333333334
328,25,Y,19658352,0.06552784
416,36,Y,19608024,0.06536008
13,234,Y,19598448,0.06532816
208,10,Y,19565296,0.06521765333333333
119,1087,Y,19563640,0.06521213333333334
703,71,Y,19553520,0.0651784
70,690,Y,19551232,0.06517077333333333
4,162,Y,19532104,0.06510701333333334
82,787,Y,19506896,0.06502298666666667
126,1141,Y,19474360,0.06491453333333333
653,65,Y,19457680,0.06485893333333334
52,551,Y,19455728,0.06485242666666667
241,14,Y,19438432,0.06479477333333333
69,681,Y,19410072,0.06470023999999999
369,30,Y,19406784,0.06468928
38,436,Y,19378240,0.06459413333333333
664,67,Y,19367272,0.06455757333333333
127,1145,Y,19358560,0.06452853333333333
578,56,Y,19347104,0.06449034666666666
192,8,Y,19333008,0.06444336
30,375,Y,19330280,0.06443426666666667
353,28,Y,19317760,0.06439253333333333
51,541,Y,19305832,0.06435277333333334
77,748,Y,19303216,0.06434405333333333
795,83,Y,19286352,0.06428784
161,4,Y,19267576,0.06422525333333333
272,18,Y,19263032,0.06421010666666667
103,954,Y,19239680,0.06413226666666667
111,1023,Y,19236696,0.06412232
122,1111,Y,19233848,0.06411282666666666
249,15,Y,19228368,0.06409456
12,227,Y,19214088,0.06404696
1075,118,Y,19206000,0.06402
82,784,Y,19195544,0.06398514666666667
90,854,Y,19193792,0.06397930666666667
20,294,Y,19163920,0.06387973333333334
106,977,Y,19156944,0.06385648000000001
14,243,Y,19151880,0.0638396
24,320,Y,19133584,0.06377861333333333
65,651,Y,19128400,0.06376133333333334
924,99,Y,19125144,0.06375048
22,305,Y,19104336,0.06368112
635,63,Y,19098208,0.06366069333333334
212,10,Y,19041160,0.06347053333333333
604,59,Y,19036032,0.06345344
994,108,Y,19034048,0.06344682666666666
428,37,Y,19030712,0.06343570666666666
227,12,Y,19002848,0.06334282666666666
1063,116,Y,18986264,0.06328754666666667
75,729,Y,18958096,0.06319365333333334
491,45,Y,18952128,0.06317376000000001
91,860,Y,18943496,0.06314498666666667
60,613,Y,18940736,0.06313578666666667
1031,112,Y,18938128,0.06312709333333333
102,944,Y,18933136,0.06311045333333333
15,255,Y,18912496,0.06304165333333334
206,9,Y,18908096,0.06302698666666666
536,51,Y,18867216,0.06289072
17,269,Y,18864088,0.06288029333333332
355,28,Y,18844856,0.06281618666666666
94,886,Y,18837536,0.06279178666666667
421,36,Y,18802464,0.06267488
1017,111,Y,18784496,0.06261498666666668
33,399,Y,18760520,0.06253506666666667
25,330,Y,18760424,0.06253474666666667
4,166,Y,18742904,0.06247634666666667
951,102,Y,18715968,0.06238656
67,668,Y,18712792,0.06237597333333333
24,324,Y,18701032,0.06233677333333333
60,611,Y,18697472,0.062324906666666666
251,15,Y,18690936,0.06230312
86,823,Y,18677336,0.06225778666666666
633,63,Y,18659424,0.06219808
232,13,Y,18653376,0.06217792
643,64,Y,18651520,0.06217173333333333
88,839,Y,18625144,0.062083813333333335
56,578,Y,18624328,0.06208109333333333
839,88,Y,18616944,0.062056480000000004
799,83,Y,18612848,0.06204282666666666
716,73,Y,18599496,0.06199832
1071,117,Y,18593184,0.06197728
125,1131,Y,18571248,0.06190415999999999
403,34,Y,18566024,0.06188674666666666
69,682,Y,18537736,0.06179245333333333
121,1100,Y,18537136,0.06179045333333333
1084,119,Y,18527112,0.061757040000000006
47,509,Y,18525120,0.0617504
108,994,Y,18524720,0.06174906666666667
77,749,Y,18521856,0.061739520000000006
519,48,Y,18511056,0.06170352
97,907,Y,18506424,0.061688080000000006
356,28,Y,18492000,0.06164
113,1033,Y,18490408,0.06163469333333333
30,371,Y,18489072,0.06163024
83,798,Y,18443408,0.06147802666666667
68,673,Y,18427128,0.06142376
577,56,Y,18406083,0.061353609999999996
34,403,Y,18370296,0.061234319999999995
126,1136,Y,18358640,0.06119546666666667
47,510,Y,18355704,0.06118568
119,1086,Y,18352856,0.06117618666666667
445,39,Y,18336208,0.06112069333333334
65,648,Y,18331352,0.06110450666666667
657,66,Y,18330552,0.06110184
96,897,Y,18329512,0.06109837333333334
54,567,Y,18329416,0.06109805333333333
1089,120,Y,18318320,0.06106106666666667
89,846,Y,18313640,0.06104546666666667
62,624,Y,18284952,0.06094984
102,948,Y,18282664,0.06094221333333333
201,9,Y,18260088,0.060866960000000005
53,557,Y,18244888,0.060816293333333334
708,72,Y,18242944,0.06080981333333334
1108,122,Y,18236504,0.06078834666666667
144,2,Y,18233792,0.06077930666666667
1144,127,Y,18231840,0.060772799999999995
498,46,Y,18203336,0.06067778666666667
525,49,Y,18176600,0.060588666666666666
113,1039,Y,18160600,0.06053533333333334
561,54,Y,18158928,0.060529759999999995
93,872,Y,18156464,0.06052154666666667
600,59,Y,18155408,0.06051802666666667
109,1000,Y,18148384,0.06049461333333333
11,216,Y,18142992,0.06047664
35,415,Y,18131424,0.06043808
470,42,Y,18128424,0.060428079999999995
100,932,Y,18125720,0.06041906666666667
768,80,Y,18124032,0.06041344
599,58,Y,18066704,0.06022234666666667
126,1140,Y,18059360,0.06019786666666666
102,947,Y,18057712,0.06019237333333334
221,11,Y,18056696,0.060188986666666666
143,1,Y,18046136,0.06015378666666667
101,943,Y,18026776,0.060089253333333335
352,28,Y,18024808,0.06008269333333333
950,102,Y,18019960,0.06006653333333334
891,95,Y,18018040,0.060060133333333335
440,39,Y,18016368,0.06005455999999999
929,100,Y,17989792,0.05996597333333333
1145,127,Y,17988232,0.059960773333333335
82,788,Y,17988024,0.05996008
755,78,Y,17986200,0.05995399999999999
63,635,Y,17955192,0.05985064
407,34,Y,17940392,0.059801306666666665
259,16,Y,17924352,0.059747839999999997
7,184,Y,17912640,0.05970879999999999
74,720,Y,17893488,0.05964496
118,1073,Y,17878688,0.059595626666666665
528,50,Y,17869328,0.05956442666666667
341,26,Y,17862376,0.059541253333333335
117,1067,Y,17856008,0.05952002666666666
485,44,Y,17847880,0.05949293333333334
991,107,Y,17819136,0.05939712
59,607,Y,17799040,0.05933013333333333
614,60,Y,17792776,0.05930925333333334
2,145,Y,17789200,0.05929733333333334
82,785,Y,17773824,0.05924608
821,86,Y,17766480,0.0592216
14,246,Y,17753112,0.05917703999999999
330,25,Y,17746928,0.059156426666666664
105,970,Y,17745784,0.059152613333333326
44,485,Y,17731664,0.05910554666666666
532,50,Y,17716752,0.05905584
1126,124,Y,17709680,0.059032266666666666
504,47,Y,17703512,0.05901170666666667
901,96,Y,17686984,0.05895661333333333
579,56,Y,17678336,0.05892778666666666
1016,111,Y,17676856,0.05892285333333334
103,958,Y,17673232,0.05891077333333333
1027,112,Y,17670984,0.05890328
95,888,Y,17666760,0.0588892
521,49,Y,17656992,0.05885664
33,394,Y,17638864,0.05879621333333333
1010,110,Y,17631792,0.05877264
1002,109,Y,17630584,0.05876861333333333
740,76,Y,17626288,0.05875429333333333
962,104,Y,17609904,0.05869968
102,950,Y,17609528,0.058698426666666664
606,59,Y,17606592,0.05868864
441,39,Y,17605176,0.05868392
833,88,Y,17599680,0.0586656
52,545,Y,17588424,0.05862807999999999
118,1075,Y,17548608,0.05849536
482,44,Y,17542232,0.05847410666666667
1,139,Y,17541216,0.058470720000000004
939,101,Y,17535656,0.05845218666666667
739,76,Y,17534544,0.05844848
92,869,Y,17526824,0.058422746666666664
25,328,Y,17523608,0.058412026666666665
88,838,Y,17518248,0.05839416
75,728,Y,17517224,0.05839074666666666
120,1094,Y,17517000,0.058390000000000004
535,50,Y,17499568,0.058331893333333336
909,97,Y,17499440,0.058331466666666665
56,577,Y,17494728,0.05831576
697,71,Y,17493528,0.05831176
113,1034,Y,17493248,0.05831082666666666
772,80,Y,17487744,0.05829248
468,42,Y,17480416,0.05826805333333333
33,398,Y,17453088,0.05817696
57,584,Y,17442632,0.05814210666666667
29,365,Y,17435392,0.05811797333333333
64,644,Y,17414912,0.058049706666666666
843,89,Y,17414640,0.0580488
654,65,Y,17407840,0.058026133333333334
895,95,Y,17405600,0.05801866666666666
730,75,Y,17401128,0.05800376
784,82,Y,17391648,0.05797216
424,37,Y,17374432,0.05791477333333333
623,61,Y,17365888,0.05788629333333333
152,3,Y,17365424,0.05788474666666667
943,101,Y,17364960,0.0578832
18,272,Y,17364776,0.057882586666666666
119,1084,Y,17364416,0.057881386666666666
433,38,Y,17347640,0.05782546666666667
6,181,Y,17345232,0.05781744
910,97,Y,17342288,0.05780762666666667
76,739,Y,17341632,0.05780544
322,24,Y,17340464,0.05780154666666667
4,164,Y,17336784,0.057789280000000005
48,519,Y,17324904,0.05774968
39,440,Y,17322000,0.05774000000000001
1023,111,Y,17317208,0.057724026666666664
980,106,Y,17315104,0.05771701333333333
186,7,Y,17311656,0.057705519999999996
97,908,Y,17309440,0.05769813333333333
46,500,Y,17307328,0.05769109333333333
512,48,Y,17284832,0.057616106666666674
238,13,Y,17284520,0.057615066666666666
49,527,Y,17281584,0.05760528
50,535,Y,17281528,0.05760509333333333
127,1147,Y,17281208,0.05760402666666667
64,646,Y,17281000,0.05760333333333334
136,1,Y,17278976,0.05759658666666667
36,417,Y,17270792,0.057569306666666674
466,42,Y,17257136,0.05752378666666667
89,847,Y,17215984,0.057386613333333336
719,73,Y,17201288,0.05733762666666666
837,88,Y,17190016,0.05730005333333334
43,478,Y,17186872,0.05728957333333333
393,33,Y,17172600,0.057242
99,926,Y,17161888,0.057206293333333325
576,56,Y,17153048,0.057176826666666666
31,378,Y,17146536,0.05715512
61,616,Y,17144912,0.05714970666666667
57,587,Y,17141056,0.05713685333333334
801,84,Y,17117008,0.05705669333333334
54,563,Y,17111472,0.05703824
226,12,Y,17103224,0.057010746666666674
27,347,Y,17098312,0.056994373333333334
29,363,Y,17085304,0.056951013333333335
12,229,Y,17083608,0.05694536
785,82,Y,17079984,0.05693328
1006,109,Y,17071592,0.05690530666666667
121,1102,Y,17070568,0.056901893333333335
119,1083,Y,17066096,0.05688698666666667
912,98,Y,17041136,0.05680378666666667
550,52,Y,17037976,0.056793253333333335
52,548,Y,17017592,0.05672530666666666
253,15,Y,17011896,0.05670632
80,773,Y,16998008,0.05666002666666666
9,205,Y,16995664,0.05665221333333334
337,26,Y,16994056,0.05664685333333333
705,72,Y,16990544,0.056635146666666664
307,22,Y,16990488,0.056634960000000005
728,75,Y,16983912,0.05661304
595,58,Y,16973704,0.05657901333333334
19,284,Y,16973576,0.056578586666666666
379,31,Y,16965024,0.056550079999999996
88,836,Y,16964712,0.05654904
45,493,Y,16959448,0.05653149333333333
822,86,Y,16950232,0.05650077333333334
319,23,Y,16947376,0.05649125333333333
1038,113,Y,16943136,0.05647712
231,12,Y,16932696,0.05644232
1078,118,Y,16931872,0.05643957333333334
8,192,Y,16896048,0.05632016
9,200,Y,16894488,0.05631496
1140,126,Y,16893328,0.05631109333333334
27,349,Y,16878352,0.05626117333333334
82,791,Y,16866128,0.05622042666666667
359,28,Y,16858976,0.05619658666666667
5,170,Y,16851432,0.056171439999999996
690,70,Y,16838248,0.056127493333333334
940,101,Y,16823624,0.056078746666666665
11,220,Y,16818600,0.056061999999999994
63,636,Y,16816072,0.05605357333333333
556,53,Y,16808680,0.05602893333333333
638,63,Y,16807514,0.05602504666666667
51,543,Y,16793112,0.055977040000000006
122,1110,Y,16791576,0.05597192
698,71,Y,16783824,0.055946079999999995
122,1105,Y,16782248,0.055940826666666665
98,917,Y,16758344,0.05586114666666667
329,25,Y,16754400,0.055847999999999995
817,86,Y,16753384,0.05584461333333333
898,96,Y,16735648,0.05578549333333334
91,861,Y,16710040,0.05570013333333334
1072,118,Y,16698760,0.05566253333333333
38,437,Y,16679896,0.05559965333333333
87,831,Y,16676928,0.055589759999999995
1101,121,Y,16672096,0.055573653333333334
15,248,Y,16668320,0.055561066666666666
1151,127,Y,16667928,0.05555976
5,168,Y,16661984,0.05553994666666666
543,51,Y,16652008,0.055506693333333336
237,13,Y,16641864,0.05547288
98,912,Y,16635504,0.055451679999999996
63,632,Y,16628760,0.0554292
434,38,Y,16622104,0.05540701333333334
49,526,Y,16618096,0.055393653333333334
17,267,Y,16617744,0.055392479999999994
70,694,Y,16604592,0.05534864
104,962,Y,16596664,0.055322213333333335
165,4,Y,16580112,0.05526704
116,1063,Y,16575000,0.05525000000000001
342,26,Y,16571808,0.055239359999999994
73,718,Y,16570648,0.05523549333333334
255,15,Y,16560904,0.05520301333333333
90,853,Y,16551176,0.05517058666666667
239,13,Y,16543472,0.05514490666666666
387,32,Y,16543136,0.05514378666666667
972,105,Y,16540728,0.055135760000000006
1041,114,Y,16536120,0.0551204
140,1,Y,16534624,0.05511541333333333
34,401,Y,16533952,0.055113173333333335
957,103,Y,16530176,0.05510058666666666
500,46,Y,16525568,0.05508522666666666
429,37,Y,16521752,0.055072506666666673
37,428,Y,16510112,0.05503370666666667
59,601,Y,16506008,0.055020026666666666
786,82,Y,16500928,0.055003093333333336
14,242,Y,16499592,0.054998639999999994
134,0,Y,16485208,0.05495069333333333
589,57,Y,16468344,0.05489448
64,643,Y,16460072,0.054866906666666666
91,862,Y,16448720,0.05482906666666666
1,142,Y,16447648,0.054825493333333336
1115,123,Y,16445008,0.05481669333333333
1110,122,Y,16438120,0.05479373333333334
1069,117,Y,16421208,0.05473736
96,898,Y,16416912,0.05472304
44,487,Y,16416088,0.054720293333333336
183,6,Y,16406816,0.05468938666666667
96,899,Y,16402360,0.05467453333333333
214,10,Y,16370424,0.054568080000000005
925,99,Y,16363496,0.05454498666666666
19,281,Y,16360744,0.054535813333333336
794,83,Y,16358744,0.05452914666666666
121,1097,Y,16353480,0.0545116
675,68,Y,16351344,0.05450448
460,41,Y,16347824,0.05449274666666666
61,623,Y,16347776,0.05449258666666666
1070,117,Y,16335296,0.05445098666666667
18,278,Y,16335256,0.054450853333333334
28,353,Y,16314008,0.05438002666666667
105,968,Y,16306976,0.05435658666666667
58,593,Y,16303328,0.05434442666666666
634,63,Y,16302640,0.054342133333333334
55,572,Y,16301176,0.05433725333333333
411,35,Y,16295960,0.05431986666666667
802,84,Y,16295104,0.05431701333333334
423,36,Y,16279304,0.054264346666666664
84,806,Y,16276184,0.054253946666666664
158,3,Y,16272448,0.054241493333333335
32,384,Y,16258096,0.054193653333333335
80,774,Y,16249032,0.05416343999999999
125,1135,Y,16238240,0.054127466666666665
50,532,Y,16237936,0.05412645333333333
83,799,Y,16234728,0.05411576
21,302,Y,16229104,0.05409701333333333
13,232,Y,16220608,0.054068693333333334
126,1138,Y,16214536,0.054048453333333336
107,984,Y,16212712,0.05404237333333334
631,62,Y,16203184,0.05401061333333333
79,762,Y,16201312,0.054004373333333335
4,165,Y,16200016,0.05400005333333333
27,348,Y,16197736,0.053992453333333336
937,101,Y,16188888,0.053962960000000004
721,74,Y,16173552,0.05391184
946,102,Y,16171520,0.05390506666666667
598,58,Y,16170096,0.05390032
109,1007,Y,16163952,0.05387984
71,697,Y,16158568,0.05386189333333333
564,54,Y,16150704,0.05383568
35,409,Y,16146808,0.05382269333333333
717,73,Y,16145160,0.053817199999999996
50,534,Y,16130920,0.05376973333333333
44,483,Y,16124800,0.053749333333333336
74,725,Y,16106400,0.053688
13,237,Y,16102536,0.05367512
117,1064,Y,16091712,0.05363904
88,833,Y,16089192,0.05363064
31,377,Y,16087040,0.05362346666666667
601,59,Y,16086112,0.05362037333333334
66,656,Y,16075960,0.05358653333333333
390,32,Y,16063480,0.05354493333333333
120,1089,Y,16059128,0.053530426666666665
919,98,Y,16057936,0.053526453333333335
1008,110,Y,16055712,0.05351904
9,203,Y,16054728,0.053515759999999996
56,579,Y,16050616,0.053502053333333334
45,494,Y,16050120,0.0535004
490,45,Y,16039392,0.05346464
187,7,Y,16038600,0.053461999999999996
23,315,Y,16037632,0.05345877333333333
65,655,Y,16016648,0.05338882666666667
92,870,Y,16011176,0.05337058666666667
287,19,Y,16011104,0.053370346666666665
313,23,Y,16000264,0.05333421333333333
960,104,Y,15997816,0.05332605333333334
93,873,Y,15987608,0.05329202666666667
63,639,Y,15978704,0.05326234666666667
88,835,Y,15977208,0.053257360000000004
869,92,Y,15972320,0.05324106666666666
680,69,Y,15967472,0.05322490666666667
115,1051,Y,15962992,0.053209973333333334
117,1065,Y,15959664,0.053198880000000004
864,92,Y,15952248,0.05317416
581,56,Y,15951184,0.05317061333333334
93,875,Y,15950104,0.05316701333333333
893,95,Y,15943088,0.053143626666666666
279,18,Y,15941288,0.05313762666666667
426,37,Y,15921936,0.053073119999999994
61,618,Y,15918720,0.0530624
77,745,Y,15917704,0.053059013333333335
39,441,Y,15917512,0.05305837333333333
162,4,Y,15915888,0.053052959999999996
118,1076,Y,15915512,0.05305170666666666
637,63,Y,15898824,0.052996079999999994
1128,125,Y,15888488,0.052961626666666664
1095,120,Y,15879040,0.05293013333333333
36,419,Y,15871992,0.052906640000000005
391,32,Y,15867976,0.05289325333333333
501,46,Y,15857408,0.05285802666666667
409,35,Y,15846760,0.05282253333333334
43,479,Y,15841536,0.052805120000000004
47,508,Y,15830072,0.05276690666666667
347,27,Y,15827088,0.05275696
887,94,Y,15826992,0.052756639999999994
757,78,Y,15825344,0.05275114666666667
26,338,Y,15807200,0.05269066666666667
50,528,Y,15790568,0.05263522666666666
37,425,Y,15784336,0.05261445333333333
608,60,Y,15776608,0.05258869333333333
267,17,Y,15770088,0.052566959999999996
12,224,Y,15751856,0.05250618666666666
0,132,Y,15751480,0.05250493333333334
52,549,Y,15715312,0.05238437333333334
780,81,Y,15705624,0.05235208
91,857,Y,15705120,0.052350400000000005
480,44,Y,15678160,0.05226053333333334
106,979,Y,15675400,0.05225133333333333
461,41,Y,15670216,0.052234053333333336
10,209,Y,15667536,0.05222512
310,22,Y,15665440,0.05221813333333333
1139,126,Y,15661184,0.05220394666666667
823,86,Y,15651304,0.05217101333333333
115,1049,Y,15640984,0.05213661333333333
1134,125,Y,15635560,0.052118533333333335
6,178,Y,15633624,0.05211208
27,344,Y,15619656,0.052065520000000004
41,460,Y,15614864,0.05204954666666666
197,8,Y,15586008,0.05195336
153,3,Y,15575832,0.05191944
345,27,Y,15574736,0.051915786666666665
89,842,Y,15548032,0.051826773333333326
37,424,Y,15546640,0.051822133333333326
120,1090,Y,15545400,0.051818
835,88,Y,15534960,0.051783199999999995
619,61,Y,15528016,0.051760053333333333
20,292,Y,15508192,0.05169397333333333
37,431,Y,15506320,0.05168773333333334
1088,120,Y,15501024,0.05167008
678,68,Y,15495672,0.051652239999999995
127,1144,Y,15494000,0.05164666666666667
149,2,Y,15487648,0.051625493333333335
29,367,Y,15483320,0.05161106666666667
82,790,Y,15481936,0.05160645333333333
738,76,Y,15480648,0.051602159999999994
107,991,Y,15477568,0.05159189333333333
16,258,Y,15471056,0.05157018666666666
22,307,Y,15468776,0.05156258666666666
103,957,Y,15456216,0.05152072
1119,123,Y,15449512,0.051498373333333326
86,817,Y,15431120,0.05143706666666666
645,64,Y,15427152,0.05142384
63,638,Y,15423560,0.05141186666666667
357,28,Y,15417640,0.05139213333333333
324,24,Y,15414960,0.0513832
1083,119,Y,15413408,0.05137802666666667
112,1030,Y,15398192,0.05132730666666666
109,1003,Y,15392640,0.051308799999999995
115,1050,Y,15369120,0.0512304
607,59,Y,15367240,0.05122413333333334
33,396,Y,15365432,0.051218106666666666
793,83,Y,15360880,0.05120293333333334
1015,110,Y,15354720,0.0511824
2,146,Y,15347528,0.051158426666666666
109,1002,Y,15345712,0.051152373333333334
46,496,Y,15344072,0.05114690666666666
1098,121,Y,15336760,0.05112253333333333
941,101,Y,15332144,0.051107146666666665
1011,110,Y,15318424,0.05106141333333333
22,310,Y,15285600,0.050952
1007,109,Y,15283240,0.05094413333333333
13,236,Y,15272600,0.05090866666666667
83,794,Y,15251952,0.05083984
18,274,Y,15237400,0.05079133333333333
198,8,Y,15223056,0.05074352000000001
311,22,Y,15218512,0.05072837333333334
39,443,Y,15218344,0.05072781333333333
94,884,Y,15205392,0.050684639999999996
998,108,Y,15201936,0.05067312
509,47,Y,15194816,0.05064938666666667
54,561,Y,15184544,0.05061514666666666
533,50,Y,15182096,0.050606986666666666
1142,126,Y,15180824,0.05060274666666667
667,67,Y,15177776,0.05059258666666667
16,257,Y,15177096,0.05059032
944,102,Y,15166960,0.05055653333333333
8,194,Y,15161680,0.050538933333333334
629,62,Y,15153456,0.05051152
81,782,Y,15144312,0.05048104
590,57,Y,15139824,0.05046608
14,245,Y,15135648,0.050452159999999996
613,60,Y,15125360,0.050417866666666665
13,233,Y,15125344,0.05041781333333333
116,1058,Y,15114000,0.05038
204,9,Y,15112304,0.05037434666666667
733,75,Y,15109536,0.05036512
32,385,Y,15105640,0.05035213333333333
103,952,Y,15105312,0.05035104
334,25,Y,15099648,0.05033216
747,77,Y,15099232,0.050330773333333335
1099,121,Y,15091064,0.050303546666666664
68,675,Y,15080936,0.05026978666666667
16,263,Y,15080232,0.05026744
80,770,Y,15076928,0.050256426666666666
126,1139,Y,15062856,0.05020952
95,889,Y,15058216,0.05019405333333333
145,2,Y,15057488,0.05019162666666666
36,421,Y,15052992,0.050176639999999995
289,20,Y,15052040,0.050173466666666666
2,150,Y,15047776,0.050159253333333334
420,36,Y,15047392,0.050157973333333335
47,507,Y,15043672,0.05014557333333333
597,58,Y,15043568,0.050145226666666674
98,918,Y,15032344,0.050107813333333334
788,82,Y,15030512,0.05010170666666666
52,546,Y,15024440,0.050081466666666664
1103,121,Y,15021576,0.05007192
16,259,Y,14974912,0.04991637333333333
758,78,Y,14971632,0.04990544
242,14,Y,14970760,0.04990253333333333
60,612,Y,14969872,0.04989957333333333
830,87,Y,14967096,0.04989032
978,106,Y,14962080,0.0498736
1029,112,Y,14957056,0.04985685333333333
813,85,Y,14949248,0.04983082666666667
926,99,Y,14940576,0.04980192
1065,117,Y,14926816,0.04975605333333333
121,1098,Y,14918104,0.04972701333333334
56,580,Y,14916816,0.04972272
681,69,Y,14915192,0.04971730666666667
1137,126,Y,14912600,0.049708666666666665
1120,124,Y,14911288,0.04970429333333333
74,722,Y,14909848,0.04969949333333333
658,66,Y,14900712,0.04966904
296,21,Y,14896848,0.04965616
29,360,Y,14878168,0.04959389333333334
243,14,Y,14865672,0.04955224
222,11,Y,14841904,0.04947301333333333
53,554,Y,14834744,0.049449146666666666
283,19,Y,14814896,0.04938298666666667
340,26,Y,14812384,0.04937461333333333
316,23,Y,14808184,0.04936061333333334
10,214,Y,14804880,0.049349599999999993
776,81,Y,14799840,0.0493328
1146,127,Y,14796264,0.049320880000000004
24,323,Y,14786320,0.04928773333333333
400,34,Y,14773096,0.04924365333333333
294,20,Y,14771128,0.049237093333333336
808,85,Y,14766528,0.049221759999999996
471,42,Y,14752728,0.04917576
98,913,Y,14747040,0.049156799999999994
1082,119,Y,14740624,0.049135413333333336
1125,124,Y,14730096,0.04910032
726,74,Y,14725720,0.04908573333333333
78,752,Y,14724808,0.04908269333333334
9,204,Y,14718848,0.04906282666666666
663,66,Y,14697656,0.048992186666666666
335,25,Y,14680576,0.04893525333333333
34,407,Y,14673200,0.048910666666666665
74,724,Y,14671704,0.04890568
96,903,Y,14664184,0.048880613333333336
828,87,Y,14662752,0.04887584
949,102,Y,14644696,0.048815653333333334
932,100,Y,14642216,0.04880738666666667
86,816,Y,14637056,0.048790186666666666
383,31,Y,14632016,0.04877338666666667
546,52,Y,14628824,0.04876274666666666
8,195,Y,14628800,0.04876266666666666
15,250,Y,14613304,0.04871101333333333
1043,114,Y,14606776,0.048689253333333335
53,552,Y,14601440,0.04867146666666666
108,998,Y,14598848,0.048662826666666666
1053,115,Y,14598720,0.0486624
518,48,Y,14594408,0.04864802666666667
80,768,Y,14592032,0.04864010666666667
77,746,Y,14590104,0.04863368
67,665,Y,14581536,0.04860512
88,837,Y,14567528,0.04855842666666667
48,512,Y,14565368,0.04855122666666667
1036,113,Y,14561680,0.04853893333333333
78,755,Y,14559088,0.048530293333333335
67,670,Y,14557752,0.04852584
769,80,Y,14529440,0.048431466666666666
44,481,Y,14517064,0.048390213333333335
116,1060,Y,14514088,0.04838029333333333
84,802,Y,14512120,0.048373733333333335
127,1148,Y,14510232,0.04836744
30,373,Y,14509400,0.04836466666666667
80,775,Y,14499384,0.048331280000000004
64,640,Y,14496144,0.04832048
53,559,Y,14492464,0.048308213333333336
117,1070,Y,14475680,0.04825226666666667
984,107,Y,14471376,0.048237920000000004
23,312,Y,14462312,0.04820770666666667
948,102,Y,14458792,0.048195973333333336
958,103,Y,14445152,0.04815050666666667
100,933,Y,14444536,0.048148453333333334
514,48,Y,14442520,0.04814173333333333
122,1109,Y,14440568,0.04813522666666667
54,562,Y,14435320,0.04811773333333333
451,40,Y,14400904,0.04800301333333334
54,566,Y,14390600,0.047968666666666666
120,1088,Y,14389016,0.04796338666666667
1129,125,Y,14384608,0.047948693333333334
2,147,Y,14370680,0.047902266666666665
1124,124,Y,14364912,0.04788304
280,19,Y,14347536,0.047825120000000006
10,213,Y,14337768,0.047792560000000005
215,10,Y,14337536,0.04779178666666667
28,355,Y,14329976,0.047766586666666666
116,1056,Y,14326944,0.04775648
973,105,Y,14322872,0.04774290666666667
42,470,Y,14312648,0.04770882666666667
36,418,Y,14297528,0.04765842666666667
880,94,Y,14286064,0.04762021333333333
750,77,Y,14285808,0.04761936
375,30,Y,14284176,0.04761392
76,738,Y,14280440,0.04760146666666667
5,169,Y,14271216,0.04757072
51,539,Y,14269272,0.04756424
295,20,Y,14260440,0.0475348
33,395,Y,14258504,0.04752834666666667
1057,116,Y,14252776,0.047509253333333334
620,61,Y,14248008,0.04749336
722,74,Y,14247312,0.047491040000000005
1107,122,Y,14236728,0.04745576
101,937,Y,14233040,0.04744346666666667
79,766,Y,14229512,0.04743170666666667
775,80,Y,14221968,0.04740656
308,22,Y,14218960,0.04739653333333333
85,810,Y,14205760,0.047352533333333335
93,878,Y,14204328,0.04734776
496,46,Y,14202320,0.04734106666666667
73,714,Y,14202016,0.04734005333333333
49,523,Y,14196192,0.047320640000000004
62,629,Y,14189312,0.04729770666666667
146,2,Y,14188584,0.04729528
87,825,Y,14182952,0.04727650666666666
20,295,Y,14170992,0.04723664
846,89,Y,14169552,0.04723184
170,5,Y,14168744,0.047229146666666666
494,45,Y,14156736,0.04718912
194,8,Y,14156520,0.0471884
810,85,Y,14151752,0.04717250666666666
767,79,Y,14150768,0.04716922666666667
945,102,Y,14149072,0.04716357333333333
111,1018,Y,14141912,0.04713970666666667
199,8,Y,14140024,0.04713341333333333
230,12,Y,14123736,0.04707912
40,449,Y,14103104,0.04701034666666667
902,96,Y,14100720,0.0470024
479,43,Y,14098096,0.046993653333333336
82,786,Y,14081600,0.04693866666666666
752,78,Y,14070064,0.046900213333333336
850,90,Y,14067200,0.046890666666666664
129,0,Y,14059224,0.046864079999999995
859,91,Y,14059056,0.04686352
315,23,Y,14058096,0.046860320000000004
37,429,Y,14030152,0.04676717333333333
1042,114,Y,14029600,0.04676533333333333
888,95,Y,14014680,0.046715599999999996
725,74,Y,14006560,0.04668853333333333
964,104,Y,14005488,0.046684960000000005
790,82,Y,14004600,0.046682
54,565,Y,13995712,0.04665237333333334
977,106,Y,13981712,0.04660570666666667
100,935,Y,13980304,0.04660101333333334
622,61,Y,13974864,0.04658288
51,542,Y,13966120,0.04655373333333333
938,101,Y,13964856,0.04654952
125,1128,Y,13955528,0.04651842666666667
265,17,Y,13955200,0.04651733333333333
97,906,Y,13939216,0.04646405333333333
79,767,Y,13938704,0.04646234666666667
42,471,Y,13935504,0.04645168
502,46,Y,13913176,0.04637725333333333
97,911,Y,13907503,0.046358343333333336
18,277,Y,13907168,0.04635722666666667
28,359,Y,13902744,0.04634248
1094,120,Y,13895816,0.04631938666666667
704,72,Y,13895672,0.046318906666666666
29,364,Y,13891304,0.04630434666666667
1055,115,Y,13888576,0.046295253333333335
217,11,Y,13885208,0.046284026666666665
40,448,Y,13885168,0.04628389333333333
548,52,Y,13877152,0.04625717333333333
121,1101,Y,13874080,0.04624693333333334
1,136,Y,13861872,0.046206239999999996
360,29,Y,13853472,0.04617824
854,90,Y,13853208,0.04617736
80,772,Y,13847072,0.046156906666666664
118,1074,Y,13793904,0.04597968
849,90,Y,13789208,0.045964026666666664
244,14,Y,13779760,0.04593253333333333
40,454,Y,13771264,0.04590421333333333
34,402,Y,13768800,0.045896
773,80,Y,13762824,0.04587608
32,391,Y,13761984,0.04587328
33,397,Y,13760080,0.04586693333333334
992,108,Y,13754976,0.045849919999999995
42,468,Y,13748144,0.045827146666666665
394,33,Y,13745872,0.045819573333333335
1047,114,Y,13719144,0.045730480000000004
174,5,Y,13717088,0.04572362666666667
374,30,Y,13716920,0.045723066666666666
60,608,Y,13704256,0.045680853333333334
114,1047,Y,13701048,0.04567016
62,625,Y,13692672,0.04564224
171,5,Y,13689632,0.04563210666666667
858,91,Y,13688640,0.0456288
1040,114,Y,13681608,0.04560536
1081,119,Y,13666896,0.04555632
40,455,Y,13664400,0.045548000000000005
358,28,Y,13662272,0.045540906666666665
38,432,Y,13656200,0.04552066666666667
58,592,Y,13648296,0.04549432
235,13,Y,13645488,0.04548496
43,476,Y,13640752,0.04546917333333333
32,386,Y,13627056,0.04542352
59,604,Y,13619080,0.045396933333333334
29,366,Y,13613856,0.04537952
3,152,Y,13611232,0.04537077333333333
710,72,Y,13603672,0.04534557333333333
969,105,Y,13599168,0.045330560000000006
11,223,Y,13594184,0.04531394666666667
126,1137,Y,13582896,0.045276319999999995
106,980,Y,13582112,0.04527370666666667
816,86,Y,13581856,0.045272853333333335
741,76,Y,13580816,0.04526938666666667
782,81,Y,13572568,0.04524189333333333
571,55,Y,13551472,0.04517157333333333
414,35,Y,13539128,0.04513042666666667
306,22,Y,13538008,0.045126693333333336
195,8,Y,13527936,0.04509312
472,43,Y,13524368,0.04508122666666666
160,4,Y,13523728,0.045079093333333334
18,275,Y,13520256,0.04506752
836,88,Y,13510632,0.04503544
39,444,Y,13509744,0.04503248
290,20,Y,13492864,0.044976213333333334
44,486,Y,13489072,0.04496357333333333
15,253,Y,13472264,0.044907546666666666
878,93,Y,13464704,0.04488234666666667
52,550,Y,13457536,0.04485845333333333
465,42,Y,13452384,0.04484128
116,1062,Y,13448520,0.044828400000000004
975,105,Y,13441760,0.044805866666666666
203,9,Y,13440480,0.0448016
61,617,Y,13419544,0.044731813333333335
68,677,Y,13417872,0.04472624
415,35,Y,13412040,0.0447068
298,21,Y,13407768,0.04469256
70,689,Y,13359888,0.044532959999999996
113,1035,Y,13349576,0.044498586666666666
10,211,Y,13345400,0.044484666666666665
754,78,Y,13327376,0.04442458666666667
21,296,Y,13310928,0.04436976
99,921,Y,13310264,0.04436754666666667
327,24,Y,13305480,0.0443516
111,1017,Y,13292832,0.044309440000000005
575,55,Y,13277968,0.044259893333333335
276,18,Y,13254320,0.044181066666666664
131,0,Y,13237760,0.044125866666666666
6,182,Y,13233640,0.04411213333333333
115,1055,Y,13199808,0.04399936
1024,112,Y,13189400,0.043964666666666666
46,497,Y,13185824,0.04395274666666667
114,1046,Y,13180408,0.04393469333333333
875,93,Y,13175096,0.043916986666666664
86,819,Y,13171072,0.043903573333333334
827,87,Y,13167208,0.043890693333333335
157,3,Y,13164912,0.04388304
942,101,Y,13161448,0.04387149333333334
715,73,Y,13152904,0.04384301333333333
959,103,Y,13152456,0.04384152
120,1093,Y,13149512,0.043831706666666664
122,1106,Y,13142408,0.043808026666666666
762,79,Y,13129648,0.043765493333333336
179,6,Y,13120192,0.04373397333333333
57,591,Y,13117768,0.043725893333333335
61,619,Y,13115872,0.04371957333333333
563,54,Y,13105808,0.04368602666666667
15,252,Y,13102184,0.04367394666666667
11,222,Y,13089464,0.04363154666666667
69,683,Y,13079472,0.043598239999999996
68,679,Y,13075176,0.04358392
150,2,Y,13062840,0.0435428
566,54,Y,13037544,0.04345848
764,79,Y,13036280,0.043454266666666665
109,1005,Y,13036080,0.0434536
5,171,Y,13034776,0.04344925333333333
76,741,Y,12988568,0.043295226666666665
100,934,Y,12976872,0.04325624
639,63,Y,12974560,0.04324853333333333
196,8,Y,12968032,0.04322677333333333
691,70,Y,12952064,0.043173546666666666
42,469,Y,12944400,0.043148
892,95,Y,12942168,0.04314056
800,84,Y,12939600,0.043132000000000004
12,226,Y,12930080,0.04310026666666667
107,986,Y,12927816,0.04309272
853,90,Y,12920096,0.04306698666666667
1131,125,Y,12918456,0.04306152
106,983,Y,12917480,0.04305826666666667
527,49,Y,12898720,0.042995733333333334
520,49,Y,12891920,0.042973066666666664
48,514,Y,12888512,0.04296170666666667
915,98,Y,12876584,0.04292194666666667
1005,109,Y,12868824,0.042896079999999996
218,11,Y,12863600,0.04287866666666666
70,691,Y,12843240,0.0428108
1030,112,Y,12818016,0.04272672
476,43,Y,12817912,0.04272637333333333
825,87,Y,12797296,0.04265765333333334
418,36,Y,12777560,0.042591866666666665
3,158,Y,12769784,0.04256594666666667
497,46,Y,12763824,0.04254608
1148,127,Y,12730168,0.04243389333333333
292,20,Y,12725320,0.04241773333333333
503,46,Y,12722952,0.04240984
72,704,Y,12722480,0.042408266666666666
55,575,Y,12710136,0.04236712
0,130,Y,12706016,0.042353386666666666
58,595,Y,12702520,0.04234173333333333
1056,116,Y,12700728,0.04233576
695,70,Y,12697688,0.042325626666666664
920,99,Y,12695152,0.04231717333333333
526,49,Y,12694344,0.042314479999999995
378,31,Y,12687688,0.04229229333333333
246,14,Y,12686992,0.04228997333333333
679,68,Y,12677040,0.042256800000000004
127,1150,Y,12671256,0.04223752
804,84,Y,12662384,0.04220794666666667
339,26,Y,12657416,0.042191386666666664
25,335,Y,12656344,0.04218781333333334
997,108,Y,12653008,0.042176693333333334
558,53,Y,12642648,0.04214216
404,34,Y,12641904,0.04213968
688,70,Y,12639760,0.04213253333333333
94,887,Y,12638768,0.042129226666666665
692,70,Y,12634848,0.04211616
871,92,Y,12618320,0.04206106666666667
117,1069,Y,12615288,0.04205096
736,76,Y,12612328,0.042041093333333335
111,1016,Y,12609048,0.04203016
90,850,Y,12602584,0.04200861333333333
746,77,Y,12575232,0.04191744
481,44,Y,12572880,0.0419096
954,103,Y,12565608,0.041885359999999996
16,261,Y,12558056,0.04186018666666667
350,27,Y,12513904,0.04171301333333333
990,107,Y,12506264,0.041687546666666665
1018,111,Y,12505856,0.041686186666666666
70,695,Y,12503216,0.04167738666666666
921,99,Y,12495352,0.04165117333333333
121,1099,Y,12474904,0.04158301333333333
36,423,Y,12474264,0.04158088
18,273,Y,12463560,0.041545200000000004
273,18,Y,12461168,0.04153722666666667
104,960,Y,12461048,0.041536826666666665
689,70,Y,12457032,0.041523439999999995
99,922,Y,12432136,0.041440453333333335
897,96,Y,12431704,0.04143901333333334
25,329,Y,12426048,0.04142016
838,88,Y,12423248,0.041410826666666664
72,709,Y,12397192,0.04132397333333333
77,747,Y,12392616,0.04130872
139,1,Y,12378048,0.04126016
233,13,Y,12377832,0.04125944
85,808,Y,12361096,0.04120365333333333
25,331,Y,12355360,0.041184533333333335
113,1036,Y,12350816,0.04116938666666667
67,664,Y,12348840,0.0411628
96,901,Y,12344208,0.04114736
117,1068,Y,12335216,0.041117386666666665
95,891,Y,12331456,0.04110485333333334
193,8,Y,12328744,0.04109581333333333
770,80,Y,12308544,0.04102848
151,2,Y,12307408,0.041024693333333334
76,740,Y,12305336,0.04101778666666667
268,17,Y,12304352,0.041014506666666666
86,820,Y,12290232,0.04096744
842,89,Y,12286600,0.04095533333333333
115,1053,Y,12285856,0.04095285333333333
8,198,Y,12248768,0.04082922666666666
274,18,Y,12244944,0.040816479999999995
896,96,Y,12237952,0.040793173333333335
85,812,Y,12224032,0.04074677333333333
81,778,Y,12222184,0.040740613333333335
455,40,Y,12209528,0.04069842666666667
696,71,Y,12204648,0.04068216
1149,127,Y,12191912,0.040639706666666664
46,503,Y,12178080,0.0405936
982,106,Y,12176392,0.04058797333333333
132,0,Y,12173704,0.04057901333333333
852,90,Y,12171440,0.04057146666666667
46,498,Y,12168528,0.040561759999999995
31,382,Y,12167616,0.04055872
211,10,Y,12160184,0.04053394666666667
23,319,Y,12155904,0.040519679999999995
584,57,Y,12150872,0.040502906666666665
17,268,Y,12150312,0.04050104
96,900,Y,12137528,0.040458426666666665
1076,118,Y,12132208,0.04044069333333333
17,265,Y,12123936,0.040413120000000004
1046,114,Y,12121920,0.040406399999999995
1033,113,Y,12110032,0.040366773333333335
62,631,Y,12098888,0.04032962666666667
774,80,Y,12097768,0.040325893333333335
1091,120,Y,12078328,0.04026109333333333
114,1040,Y,12078160,0.040260533333333334
18,276,Y,12069752,0.04023250666666667
90,849,Y,12065056,0.04021685333333334
1112,123,Y,12058496,0.04019498666666667
1074,118,Y,12048024,0.04016008
189,7,Y,12017904,0.04005968
777,81,Y,12015712,0.04005237333333333
1117,123,Y,12014856,0.040049520000000005
908,97,Y,12011576,0.04003858666666667
209,10,Y,11988464,0.03996154666666667
870,92,Y,11988280,0.03996093333333333
61,620,Y,11986440,0.0399548
812,85,Y,11982496,0.039941653333333334
385,32,Y,11968480,0.039894933333333334
4,161,Y,11968088,0.03989362666666667
70,688,Y,11959840,0.03986613333333333
114,1043,Y,11957032,0.03985677333333334
19,285,Y,11954088,0.03984696
438,38,Y,11953512,0.03984504
92,866,Y,11946488,0.039821626666666665
993,108,Y,11946176,0.039820586666666664
642,64,Y,11935848,0.03978616
1136,126,Y,11929480,0.039764933333333335
731,75,Y,11923864,0.03974621333333333
7,186,Y,11913480,0.0397116
38,435,Y,11909928,0.03969976
25,332,Y,11883360,0.0396112
91,858,Y,11882728,0.03960909333333333
659,66,Y,11878272,0.03959424
559,53,Y,11874616,0.03958205333333333
630,62,Y,11866224,0.03955408
71,703,Y,11860976,0.039536586666666665
90,852,Y,11860856,0.03953618666666667
258,16,Y,11842888,0.03947629333333333
648,65,Y,11840648,0.039468826666666665
1,143,Y,11833992,0.03944664
269,17,Y,11830648,0.039435493333333335
9,202,Y,11817640,0.039392133333333336
11,218,Y,11817280,0.039390933333333336
26,340,Y,11807400,0.039358
68,674,Y,11772288,0.039240960000000005
31,383,Y,11752808,0.03917602666666667
865,92,Y,11751312,0.03917104
89,844,Y,11734512,0.039115040000000004
133,0,Y,11728936,0.03909645333333333
332,25,Y,11728296,0.03909432
13,238,Y,11727192,0.039090639999999996
905,97,Y,11700384,0.03900128
413,35,Y,11691632,0.038972106666666666
95,893,Y,11671592,0.03890530666666667
366,29,Y,11663072,0.03887690666666667
457,41,Y,11656688,0.03885562666666667
20,290,Y,11654424,0.03884808
1014,110,Y,11642144,0.03880714666666667
79,763,Y,11628312,0.038761040000000004
123,1117,Y,11624136,0.038747119999999996
2,144,Y,11618480,0.038728266666666664
922,99,Y,11613512,0.038711706666666665
84,804,Y,11607728,0.03869242666666667
40,451,Y,11607288,0.038690959999999996
872,93,Y,11596360,0.03865453333333333
83,797,Y,11589232,0.03863077333333333
398,33,Y,11576608,0.03858869333333333
98,916,Y,11548912,0.038496373333333334
557,53,Y,11521672,0.03840557333333334
2,148,Y,11516928,0.03838976
506,47,Y,11502896,0.03834298666666667
487,44,Y,11498648,0.03832882666666667
406,34,Y,11479064,0.03826354666666667
727,74,Y,11464272,0.038214240000000003
155,3,Y,11462536,0.03820845333333333
97,905,Y,11449048,0.03816349333333333
92,864,Y,11433920,0.03811306666666667
493,45,Y,11425248,0.038084160000000006
85,811,Y,11420224,0.038067413333333334
1,138,Y,11412136,0.038040453333333335
128,0,Y,11378752,0.03792917333333333
181,6,Y,11344288,0.03781429333333333
1035,113,Y,11331160,0.03777053333333333
33,393,Y,11320912,0.03773637333333333
763,79,Y,11306600,0.03768866666666667
95,892,Y,11285760,0.037619200000000005
508,47,Y,11284672,0.03761557333333333
760,79,Y,11280016,0.037600053333333334
2,149,Y,11278472,0.037594906666666664
67,671,Y,11273672,0.03757890666666667
425,37,Y,11264096,0.03754698666666667
78,757,Y,11245992,0.03748664
25,334,Y,11235832,0.037452773333333335
372,30,Y,11226016,0.037420053333333335
91,856,Y,11222992,0.03740997333333333
54,560,Y,11220736,0.03740245333333333
90,851,Y,11168072,0.03722690666666666
49,520,Y,11167888,0.037226293333333334
57,589,Y,11155664,0.037185546666666666
104,966,Y,11138944,0.03712981333333334
102,945,Y,11135664,0.03711888
91,859,Y,11119560,0.0370652
749,77,Y,11103456,0.03701152
933,100,Y,11098392,0.036994639999999995
104,963,Y,11087856,0.036959519999999996
41,458,Y,11083952,0.03694650666666667
95,894,Y,11063176,0.03687725333333333
102,951,Y,11048024,0.03682674666666667
41,459,Y,11044008,0.03681336
914,98,Y,11037048,0.03679016
127,1149,Y,11004312,0.03668104
21,301,Y,11000464,0.03666821333333333
286,19,Y,10983072,0.03661024
656,66,Y,10981248,0.03660416
76,737,Y,10978720,0.03659573333333334
616,61,Y,10966304,0.03655434666666667
9,206,Y,10959376,0.03653125333333333
8,193,Y,10954632,0.036515439999999996
81,777,Y,10950432,0.03650144
402,34,Y,10914968,0.03638322666666667
1114,123,Y,10895448,0.03631816
12,228,Y,10893200,0.036310666666666665
484,44,Y,10891608,0.03630536
380,31,Y,10891352,0.03630450666666667
68,678,Y,10851320,0.03617106666666667
886,94,Y,10849752,0.036165840000000005
751,77,Y,10841664,0.03613888
64,647,Y,10836744,0.03612248
963,104,Y,10835632,0.03611877333333333
223,11,Y,10835064,0.03611688
220,11,Y,10833216,0.03611072
454,40,Y,10832752,0.03610917333333333
118,1079,Y,10826560,0.03608853333333333
28,352,Y,10792216,0.03597405333333333
81,776,Y,10777760,0.03592586666666667
14,244,Y,10775024,0.035916746666666666
71,696,Y,10767328,0.03589109333333333
168,5,Y,10763080,0.03587693333333333
73,712,Y,10762448,0.035874826666666665
96,902,Y,10761928,0.035873093333333335
19,286,Y,10759168,0.035863893333333334
907,97,Y,10744648,0.03581549333333333
38,433,Y,10742496,0.03580832
98,914,Y,10715856,0.03571952
120,1091,Y,10705008,0.035683360000000004
935,100,Y,10695128,0.035650426666666665
63,633,Y,10691808,0.035639359999999995
349,27,Y,10683064,0.035610213333333335
92,871,Y,10667872,0.03555957333333334
34,404,Y,10648656,0.03549552
3,157,Y,10623136,0.035410453333333335
446,39,Y,10617704,0.035392346666666664
953,103,Y,10607840,0.035359466666666665
219,11,Y,10598944,0.035329813333333335
522,49,Y,10598192,0.03532730666666667
175,5,Y,10596768,0.03532256
364,29,Y,10586544,0.03528848
8,199,Y,10558976,0.03519658666666667
674,68,Y,10548632,0.035162106666666665
71,698,Y,10536176,0.03512058666666666
228,12,Y,10535728,0.03511909333333334
49,522,Y,10534864,0.03511621333333333
856,91,Y,10518568,0.03506189333333333
108,993,Y,10487040,0.0349568
57,586,Y,10479584,0.03493194666666667
507,47,Y,10454128,0.034847093333333336
234,13,Y,10449880,0.03483293333333334
617,61,Y,10443504,0.03481168
184,7,Y,10436920,0.03478973333333333
72,705,Y,10433392,0.03477797333333334
882,94,Y,10409264,0.03469754666666666
534,50,Y,10300336,0.034334453333333334
797,83,Y,10269776,0.03423258666666666
109,1006,Y,10268400,0.034228
301,21,Y,10217504,0.03405834666666667
10,215,Y,10207680,0.034025599999999996
1013,110,Y,10189528,0.033965093333333335
108,999,Y,10174752,0.03391584
570,55,Y,10157336,0.03385778666666667
906,97,Y,10149960,0.0338332
549,52,Y,10141952,0.033806506666666666
34,406,Y,10141008,0.03380336
70,692,Y,10104160,0.03368053333333333
25,333,Y,9974872,0.03324957333333333
130,0,Y,9971840,0.03323946666666667
78,753,Y,9963152,0.03321050666666667
5,174,Y,9951440,0.03317146666666667
11,219,Y,9947520,0.0331584
101,941,Y,9909648,0.03303216
560,54,Y,9881144,0.03293714666666667
41,457,Y,9843120,0.0328104
0,128,Y,9830552,0.03276850666666667
105,975,Y,9799568,0.032665226666666665
1049,115,Y,9790712,0.03263570666666667
123,1112,Y,9789064,0.03263021333333334
229,12,Y,9774432,0.032581439999999996
753,78,Y,9762624,0.03254208
47,506,Y,9705504,0.03235168
297,21,Y,9701048,0.032336826666666665
47,511,Y,9685312,0.03228437333333333
612,60,Y,9659328,0.032197760000000006
956,103,Y,9659200,0.032197333333333335
1058,116,Y,9652296,0.03217432
26,342,Y,9645472,0.03215157333333333
35,414,Y,9641424,0.03213808
105,972,Y,9629608,0.03209869333333334
103,956,Y,9625536,0.03208512
1087,119,Y,9575368,0.031917893333333336
104,965,Y,9551328,0.03183776
92,865,Y,9539960,0.03179986666666666
248,15,Y,9491408,0.031638026666666666
104,964,Y,9487424,0.03162474666666666
63,634,Y,9485704,0.031619013333333335
469,42,Y,9481344,0.03160448
373,30,Y,9392968,0.03130989333333334
94,882,Y,9389824,0.03129941333333333
99,920,Y,9361328,0.031204426666666667
108,992,Y,9354888,0.03118296
96,896,Y,9343456,0.03114485333333333
712,73,Y,9304952,0.031016506666666666
252,15,Y,9292816,0.030976053333333337
107,985,Y,9262976,0.030876586666666667
720,74,Y,9202464,0.03067488
86,821,Y,9115240,0.030384133333333334
87,827,Y,9053640,0.0301788
46,501,Y,9017616,0.03005872
85,813,Y,8984784,0.02994928
202,9,Y,8716288,0.029054293333333335
1050,115,Y,8702208,0.02900736
119,1081,Y,8427512,0.028091706666666664
98,915,Y,8250120,0.0275004
6,179,Y,8230680,0.0274356
3,153,Y,8125872,0.02708624
