9,206,Y,9936148184,19.872296368
25,111,N,9902918784,19.805837568
118,25,N,9877597440,19.755194879999998
111,9,N,9804280344,19.608560688
1075,118,Y,9483171776,18.966343552
87,32,N,9221084584,18.442169168
48,87,N,9079362264,18.158724528
32,110,N,9006737984,18.013475968
516,48,Y,8727196912,17.454393824
110,1013,Y,8623375592,17.246751184
13,40,N,3870628008,7.741256016
126,107,N,3741877880,7.483755759999999
101,34,N,3663233120,7.32646624
34,64,N,3658016352,7.316032704
64,13,N,3617541224,7.235082448000001
942,101,Y,3237358536,6.474717072
40,452,Y,3198706648,6.397413296
107,986,Y,3050878480,6.10175696
1136,126,Y,3036256440,6.07251288
79,12,N,2299586248,4.599172496
105,46,N,2291254984,4.582509968
65,14,N,2262451768,4.524903536
73,63,N,2237165432,4.474330864
91,65,N,2138065760,4.27613152
23,73,N,2133511736,4.267023472
14,123,N,2119633160,4.23926632
46,98,N,2104752936,4.209505872
26,119,N,2023588904,4.047177808
45,49,N,2007793512,4.015587024
16,45,N,1974023880,3.94804776
5,105,N,1967153216,3.934306432
28,91,N,1860932736,3.721865472
12,26,N,1857058088,3.714116176
28,115,N,1808968640,3.6179372799999996
107,126,N,1802549752,3.605099504
115,65,N,1749598808,3.499197616
105,121,N,1744949032,3.489898064
119,123,N,1718173016,3.436346032
49,521,Y,1694173816,3.3883476320000003
4,85,N,1676374416,3.352748832
95,107,N,1674246192,3.348492384
63,634,Y,1668644344,3.337288688
9,111,N,1667859752,3.335719504
16,5,N,1654039064,3.308078128
40,13,N,1619012088,3.2380241759999997
109,28,N,1614621456,3.229242912
315,23,Y,1601380288,3.202760576
354,28,Y,1570921552,3.141843104
123,1119,Y,1567007640,3.13401528
106,5,N,1565375008,3.1307500160000004
32,87,N,1531348288,3.062696576
11,87,N,1516400368,3.032800736
12,109,N,1509030944,3.018061888
81,41,N,1451520144,2.903040288
83,11,N,1446024688,2.892049376
65,655,Y,1437467112,2.874934224
767,79,Y,1430042664,2.8600853280000003
110,32,N,1428434752,2.856869504
5,68,N,1421831328,2.8436626560000002
1000,109,Y,1418674632,2.837349264
124,92,N,1418618568,2.8372371359999997
97,49,N,1399272592,2.798545184
100,18,N,1392725832,2.785451664
27,1,N,1369621000,2.739242
118,1075,Y,1352467776,2.704935552
123,1116,Y,1351687368,2.703374736
111,25,N,1351226088,2.702452176
24,81,N,1328002968,2.6560059359999997
19,12,N,1310653328,2.6213066560000002
57,66,N,1308287768,2.616575536
93,18,N,1294958936,2.589917872
0,14,N,1293103704,2.586207408
86,37,N,1288760456,2.5775209119999998
87,48,N,1285700496,2.571400992
11,105,N,1276731256,2.5534625120000003
2,58,N,1274061256,2.548122512
29,121,N,1271992328,2.543984656
35,2,N,1263459976,2.526919952
85,100,N,1253697640,2.50739528
22,6,N,1244338904,2.4886778080000003
1,106,N,1241759976,2.483519952
106,86,N,1240964264,2.481928528
62,101,N,1236722528,2.473445056
13,64,N,1231464608,2.462929216
77,30,N,1228687760,2.45737552
121,105,N,1221444632,2.442889264
81,106,N,1218026624,2.436053248
11,97,N,1215592616,2.4311852320000003
50,108,N,1205054888,2.410109776
66,9,N,1200819688,2.401639376
32,59,N,1198313224,2.396626448
49,97,N,1190037416,2.380074832
94,35,N,1172752256,2.345504512
97,38,N,1169755928,2.339511856
72,94,N,1160875488,2.321750976
109,12,N,1159067104,2.318134208
87,74,N,1158876600,2.3177532000000003
25,118,N,1153459384,2.306918768
49,45,N,1149518016,2.299036032
110,0,N,1148417584,2.296835168
100,85,N,1146105768,2.292211536
10,49,N,1138061416,2.276122832
85,81,N,1137391104,2.274782208
74,43,N,1134856216,2.269712432
12,79,N,1132245312,2.264490624
121,53,N,1128587288,2.257174576
126,124,N,1127474104,2.254948208
53,117,N,1125536968,2.251073936
14,0,N,1120200504,2.240401008
76,116,N,1113313800,2.2266276
14,68,N,1108475992,2.216951984
32,100,N,1098826648,2.197653296
98,97,N,1092353704,2.184707408
261,16,Y,1090610376,2.181220752
4,103,N,1081596576,2.1631931520000003
26,22,N,1073816384,2.1476327680000002
19,16,N,1052837312,2.105674624
34,98,N,1050403256,2.1008065119999997
98,51,N,1049407000,2.098814
105,11,N,1037677632,2.0753552639999997
13,122,N,1028118984,2.056237968
30,6,N,1027204128,2.054408256
103,29,N,1018081336,2.036162672
101,50,N,1013302664,2.026605328
6,7,N,1012342400,2.0246848
96,10,N,1007033448,2.014066896
41,19,N,1004914496,2.009828992
85,4,N,1004016200,2.0080324
27,31,N,1001655864,2.003311728
0,110,N,995973696,1.991947392
66,22,N,985980288,1.971960576
38,94,N,982703048,1.9654060960000002
100,106,N,981259912,1.962519824
121,15,N,978256928,1.956513856
5,16,N,978157816,1.9563156320000001
48,63,N,977060888,1.954121776
206,9,Y,976596064,1.953192128
61,76,N,961962408,1.923924816
18,50,N,958967824,1.917935648
78,43,N,956356472,1.9127129440000001
21,40,N,953928344,1.907856688
9,49,N,947434784,1.8948695679999998
55,42,N,943719765,1.88743953
59,32,N,932651808,1.865303616
97,56,N,930814456,1.861628912
64,115,N,930250544,1.8605010880000001
97,11,N,929417792,1.8588355840000002
37,75,N,929256744,1.858513488
56,109,N,922703512,1.8454070239999998
39,9,N,919772248,1.839544496
38,97,N,919475936,1.8389518720000002
17,60,N,918350936,1.836701872
25,21,N,916608560,1.83321712
76,46,N,911314720,1.8226294399999998
31,27,N,908639672,1.8172793440000001
42,124,N,906038848,1.8120776960000002
96,112,N,903244088,1.8064881759999998
31,0,N,901765272,1.803530544
59,69,N,901279864,1.8025597279999999
124,108,N,899903792,1.7998075839999998
9,42,N,893784464,1.787568928
122,20,N,892155152,1.784310304
10,71,N,892043672,1.7840873439999998
111,120,N,885706664,1.771413328
45,1,N,876809080,1.7536181599999998
92,865,Y,875431544,1.750863088
68,14,N,873991904,1.747983808
91,71,N,870533664,1.741067328
27,77,N,870436120,1.74087224
86,102,N,868995568,1.737991136
102,17,N,867597648,1.735195296
33,117,N,865204088,1.7304081759999999
64,34,N,864342960,1.72868592
893,95,Y,859564112,1.719128224
6,16,N,856344376,1.7126887519999998
46,105,N,851685776,1.703371552
11,83,N,851049744,1.702099488
71,10,N,850545744,1.7010914879999999
68,5,N,848908144,1.697816288
116,40,N,848700096,1.697400192
58,595,Y,848648984,1.697297968
6,22,N,847829512,1.695659024
86,106,N,843393144,1.686786288
42,55,N,843263760,1.6865275200000003
41,81,N,843213432,1.686426864
84,30,N,843060520,1.68612104
41,83,N,838584048,1.677168096
98,33,N,838503768,1.677007536
22,39,N,837686544,1.6753730880000002
19,53,N,834732040,1.66946408
47,100,N,833077976,1.666155952
105,118,N,832392112,1.664784224
708,72,Y,830091512,1.660183024
81,38,N,827577160,1.65515432
120,6,N,825882328,1.651764656
61,15,N,823433776,1.646867552
30,84,N,820902448,1.641804896
68,95,N,820238136,1.6404762720000001
165,4,Y,818886992,1.6377739839999998
12,19,N,817736584,1.635473168
55,8,N,817171488,1.6343429760000001
56,54,N,815019464,1.630038928
92,38,N,814636888,1.6292737759999998
49,9,N,813115424,1.626230848
76,61,N,812788216,1.6255764320000001
1013,110,Y,811636520,1.62327304
108,10,N,811394160,1.6227883200000002
2,71,N,808146552,1.616293104
117,30,N,808113048,1.6162260960000001
99,57,N,806235992,1.612471984
123,101,N,806159008,1.6123180160000001
57,75,N,802312168,1.604624336
76,52,N,799872768,1.599745536
114,78,N,799111864,1.5982237279999998
60,17,N,798750176,1.597500352
3,28,N,797886664,1.5957733280000002
54,114,N,796211168,1.592422336
30,117,N,795935904,1.591871808
79,61,N,793779848,1.5875596959999998
71,91,N,793601200,1.5872023999999998
98,46,N,792870520,1.58574104
38,33,N,792435296,1.5848705920000001
1,45,N,787198000,1.5743960000000001
117,17,N,786831776,1.573663552
125,1,N,784992568,1.569985136
112,110,N,782128144,1.564256288
28,25,N,781100104,1.5622002080000001
53,19,N,780139480,1.56027896
8,82,N,779646800,1.5592936
40,116,N,778973512,1.557947024
0,16,N,777460248,1.554920496
61,79,N,777350640,1.55470128
167,4,Y,774857920,1.54971584
43,96,N,774780392,1.549560784
5,168,Y,774444608,1.548889216
48,516,Y,774196448,1.548392896
16,0,N,773289176,1.546578352
15,84,N,771486520,1.54297304
69,79,N,768057976,1.536115952
109,118,N,767104848,1.534209696
5,106,N,766519880,1.53303976
65,76,N,765689496,1.5313789919999998
106,100,N,765675960,1.53135192
77,27,N,764637720,1.5292754400000002
63,60,N,763420432,1.526840864
62,96,N,762310368,1.524620736
34,69,N,761861128,1.5237222559999999
48,104,N,760088056,1.5201761120000001
344,27,Y,758736624,1.517473248
82,0,N,756980880,1.51396176
108,992,Y,756660920,1.5133218400000001
797,83,Y,756488936,1.512977872
45,16,N,756436640,1.51287328
66,57,N,753432856,1.506865712
98,34,N,753379768,1.506759536
69,126,N,753260032,1.506520064
75,57,N,750920008,1.501840016
14,65,N,750902720,1.50180544
22,26,N,745498272,1.4909965440000001
33,38,N,745243112,1.490486224
1,27,N,744283648,1.488567296
46,76,N,744039424,1.488078848
116,76,N,741887608,1.483775216
120,92,N,739563560,1.47912712
15,48,N,738966392,1.477932784
120,111,N,738873344,1.4777466879999999
123,47,N,738350152,1.476700304
73,56,N,738304680,1.47660936
30,77,N,737381888,1.4747637759999999
83,41,N,737319936,1.474639872
70,52,N,735729816,1.471459632
111,86,N,735127440,1.47025488
878,93,Y,732814944,1.465629888
52,70,N,729880400,1.4597608
94,72,N,728385760,1.45677152
125,15,N,725798392,1.451596784
122,13,N,725631616,1.451263232
31,20,N,725571440,1.45114288
53,74,N,725384160,1.45076832
218,11,Y,724495360,1.44899072
112,22,N,724000080,1.44800016
103,75,N,723354584,1.446709168
81,24,N,723189144,1.446378288
80,72,N,723094232,1.446188464
4,79,N,722022480,1.44404496
58,2,N,721675976,1.443351952
120,82,N,721385104,1.442770208
43,473,Y,717492736,1.434985472
53,44,N,714765280,1.4295305600000001
15,125,N,713428728,1.426857456
21,7,N,711930856,1.423861712
113,70,N,709944880,1.41988976
101,123,N,709765824,1.419531648
127,120,N,708875064,1.417750128
74,53,N,708851120,1.41770224
52,76,N,708721808,1.417443616
30,23,N,708148488,1.416296976
72,80,N,706872416,1.4137448320000001
84,15,N,706840536,1.413681072
49,10,N,706037712,1.412075424
81,85,N,705629208,1.4112584160000001
41,458,Y,704484944,1.408969888
40,21,N,704074520,1.40814904
50,534,Y,702884256,1.405768512
112,115,N,702716432,1.405432864
44,53,N,700983672,1.401967344
117,53,N,700871208,1.401742416
73,23,N,700759600,1.4015191999999999
71,127,N,700597696,1.401195392
78,755,Y,699945288,1.399890576
83,58,N,699494000,1.398988
12,67,N,699208952,1.398417904
384,32,Y,698574744,1.397149488
94,38,N,698019256,1.396038512
18,126,N,696859840,1.39371968
43,58,N,696390768,1.392781536
67,47,N,694982280,1.38996456
1,85,N,690906288,1.381812576
92,103,N,690849408,1.3816988159999999
631,62,Y,690847096,1.381694192
587,57,Y,690176200,1.3803524
57,52,N,687591872,1.3751837439999999
74,113,N,687453632,1.374907264
48,15,N,686906672,1.373813344
7,190,Y,686298168,1.372596336
37,61,N,686241224,1.372482448
34,101,N,685977904,1.371955808
43,78,N,685746960,1.37149392
92,120,N,683936288,1.367872576
88,79,N,681792817,1.363585634
15,61,N,681374400,1.3627488
63,48,N,680742552,1.361485104
7,21,N,679559320,1.35911864
101,62,N,679044232,1.3580884640000002
42,107,N,678916256,1.357832512
85,77,N,678785112,1.3575702239999998
87,111,N,678115384,1.356230768
63,73,N,677419432,1.354838864
778,81,Y,676569240,1.3531384800000001
123,14,N,673057064,1.346114128
84,78,N,673035816,1.346071632
104,72,N,671644320,1.34328864
107,95,N,671204456,1.342408912
109,56,N,671076368,1.3421527359999998
65,91,N,671022760,1.34204552
361,29,Y,670622512,1.341245024
35,26,N,669221520,1.33844304
44,24,N,667164560,1.33432912
75,13,N,665803536,1.331607072
60,10,N,665504936,1.331009872
106,979,Y,662586528,1.325173056
84,41,N,660572536,1.321145072
72,104,N,658965488,1.317930976
0,31,N,658337272,1.316674544
107,70,N,657416568,1.3148331359999998
17,117,N,657380464,1.314760928
77,80,N,657149448,1.314298896
497,46,Y,656896968,1.313793936
123,119,N,656476424,1.312952848
13,4,N,655900176,1.311800352
119,36,N,653820880,1.3076417599999999
15,121,N,653506272,1.307012544
7,83,N,653363840,1.3067276799999998
116,78,N,652572336,1.305144672
6,30,N,652531240,1.3050624800000001
99,14,N,652399320,1.30479864
3,36,N,652291384,1.304582768
89,83,N,651893920,1.30378784
127,59,N,651799440,1.30359888
100,32,N,651717288,1.303434576
82,8,N,650076264,1.3001525280000001
78,84,N,649556648,1.299113296
66,41,N,649261064,1.298522128
56,73,N,649139776,1.298279552
119,48,N,646789040,1.2935780799999999
6,120,N,646654992,1.293309984
18,100,N,646248024,1.292496048
57,99,N,645999920,1.2919998400000001
79,4,N,645514872,1.291029744
55,59,N,645260472,1.290520944
111,87,N,645152184,1.290304368
86,111,N,644817560,1.28963512
104,48,N,644801928,1.289603856
117,1070,Y,643031680,1.28606336
47,123,N,642941664,1.2858833280000002
23,30,N,641870160,1.28374032
38,434,Y,641527240,1.2830544799999999
71,2,N,641354280,1.2827085599999999
45,78,N,640828976,1.281657952
86,47,N,640367456,1.280734912
112,96,N,639952424,1.279904848
83,7,N,639204000,1.278408
170,5,Y,638562208,1.277124416
79,69,N,637874963,1.275749926
126,69,N,637747296,1.275494592
95,68,N,636664016,1.273328032
16,6,N,635380032,1.270760064
38,92,N,634130496,1.268260992
49,113,N,633894256,1.2677885119999999
23,50,N,631603048,1.263206096
98,919,Y,631413064,1.2628261280000002
36,3,N,630987544,1.261975088
46,93,N,629471480,1.25894296
8,125,N,628143664,1.256287328
118,105,N,627219880,1.25443976
14,99,N,626320888,1.252641776
122,44,N,625786064,1.2515721279999998
21,25,N,625281552,1.250563104
36,19,N,624012792,1.2480255839999999
124,126,N,623035840,1.24607168
89,119,N,621340024,1.242680048
82,120,N,621159440,1.24231888
110,112,N,620967480,1.24193496
42,88,N,620416859,1.240833718
10,60,N,620372856,1.240745712
457,41,Y,620011040,1.2400220800000001
9,66,N,617744288,1.235488576
40,95,N,617273728,1.234547456
78,116,N,614755904,1.229511808
3,65,N,610351176,1.220702352
108,124,N,610236896,1.220473792
1,125,N,609432480,1.21886496
105,5,N,608379000,1.216758
85,1,N,608346728,1.216693456
35,94,N,607762952,1.215525904
0,82,N,607553536,1.2151070720000001
63,93,N,607415056,1.214830112
106,1,N,606378040,1.21275608
69,34,N,605925600,1.2118512
29,363,Y,605045376,1.2100907520000002
77,118,N,604702936,1.209405872
36,116,N,603837752,1.207675504
39,21,N,603427816,1.206855632
41,66,N,603145736,1.206291472
7,55,N,603108687,1.206217374
41,84,N,602390592,1.204781184
122,71,N,602176944,1.204353888
108,50,N,602101240,1.20420248
121,108,N,600699480,1.2013989600000001
96,43,N,600541536,1.201083072
75,103,N,597335592,1.1946711840000002
69,59,N,596603192,1.193206384
119,26,N,596162872,1.192325744
92,124,N,595091096,1.190182192
47,39,N,594739464,1.189478928
75,730,Y,594438664,1.188877328
340,26,Y,594254208,1.188508416
25,28,N,593824128,1.1876482560000001
43,74,N,593372536,1.1867450720000001
18,93,N,593217504,1.1864350080000001
102,86,N,591896792,1.183793584
107,89,N,591485056,1.182970112
36,119,N,589441160,1.17888232
121,29,N,589031488,1.1780629759999999
92,91,N,588581416,1.177162832
21,39,N,587559088,1.175118176
126,1140,Y,587077464,1.1741549279999999
74,87,N,586053392,1.172106784
103,4,N,585956616,1.171913232
8,55,N,583428448,1.166856896
16,19,N,582811728,1.1656234559999998
5,26,N,582663008,1.165326016
99,90,N,582098776,1.164197552
80,127,N,580526576,1.161053152
90,33,N,579704736,1.1594094719999999
22,112,N,575971512,1.151943024
52,57,N,574412944,1.148825888
115,112,N,574326840,1.14865368
90,17,N,573706400,1.1474128000000001
109,103,N,572124688,1.144249376
70,31,N,571806712,1.143613424
90,21,N,570129224,1.140258448
33,11,N,569358520,1.13871704
26,35,N,568935696,1.137871392
91,28,N,568694760,1.13738952
59,55,N,568499896,1.136999792
79,766,Y,566750176,1.133500352
93,63,N,564663864,1.129327728
51,541,Y,564116072,1.128232144
47,67,N,563023312,1.126046624
233,13,Y,560512064,1.121024128
50,23,N,559729576,1.119459152
53,121,N,559713024,1.119426048
64,104,N,559354312,1.118708624
97,98,N,558955168,1.117910336
19,41,N,558706320,1.11741264
87,11,N,558468256,1.116936512
91,92,N,558137952,1.1162759039999999
65,3,N,557232936,1.114465872
62,8,N,557133232,1.114266464
50,101,N,556455576,1.1129111520000001
38,81,N,554231048,1.108462096
55,7,N,554188848,1.108377696
37,86,N,553657408,1.1073148160000001
108,80,N,553386080,1.10677216
26,5,N,550951800,1.1019036
114,46,N,550351152,1.100702304
84,93,N,550124152,1.100248304
113,49,N,549518288,1.099036576
10,108,N,549256712,1.098513424
61,37,N,548373960,1.0967479199999999
10,96,N,547653856,1.0953077119999999
33,90,N,546596400,1.0931928
72,25,N,545901760,1.09180352
102,34,N,545752568,1.091505136
60,31,N,545427608,1.090855216
20,31,N,545254616,1.090509232
77,85,N,545237800,1.0904756
76,65,N,545074448,1.090148896
90,68,N,544603520,1.08920704
22,66,N,541894768,1.083789536
120,127,N,541669416,1.083338832
52,24,N,540129832,1.080259664
34,102,N,540117832,1.080235664
51,98,N,539903240,1.07980648
8,62,N,539065920,1.07813184
67,72,N,538782120,1.07756424
58,43,N,538460552,1.076921104
68,674,Y,537449376,1.074898752
60,63,N,536862200,1.0737244
93,84,N,536831792,1.073663584
70,62,N,535010144,1.070020288
78,114,N,533699584,1.067399168
54,66,N,533413824,1.066827648
115,1055,Y,532615160,1.06523032
36,45,N,532094816,1.064189632
55,35,N,531309328,1.0626186560000002
118,77,N,531288792,1.062577584
24,52,N,530311304,1.0606226079999999
69,44,N,530115360,1.0602307199999998
29,103,N,529754752,1.059509504
64,18,N,529591648,1.059183296
40,27,N,529502816,1.0590056319999999
88,37,N,529184440,1.05836888
127,80,N,527799728,1.055599456
13,75,N,526911368,1.0538227359999999
46,114,N,526891944,1.0537838880000001
100,47,N,526511280,1.05302256
39,22,N,526155032,1.052310064
21,90,N,525485176,1.050970352
35,67,N,524726504,1.049453008
973,105,Y,523000872,1.046001744
2,99,N,522654872,1.0453097439999999
581,56,Y,518597776,1.037195552
1014,110,Y,518219472,1.036438944
107,42,N,518165992,1.036331984
15,254,Y,517623616,1.0352472320000001
26,12,N,515736904,1.031473808
75,112,N,515435888,1.0308717760000001
67,12,N,515158832,1.030317664
27,67,N,513849408,1.027698816
82,117,N,513443432,1.026886864
104,64,N,513087984,1.026175968
17,90,N,512321608,1.024643216
115,4,N,510462288,1.0209245759999999
57,126,N,510374512,1.0207490240000001
75,37,N,510155880,1.02031176
88,96,N,508436512,1.016873024
18,273,Y,507853208,1.015706416
58,83,N,507583672,1.015167344
56,97,N,507061224,1.014122448
3,56,N,505883576,1.011767152
44,69,N,505262176,1.010524352
67,35,N,504841352,1.009682704
115,64,N,504020200,1.0080403999999998
106,81,N,503908256,1.007816512
42,9,N,503590320,1.0071806399999998
20,122,N,502523024,1.005046048
127,71,N,500390240,1.00078048
113,74,N,500108560,1.00021712
94,122,N,499192728,0.998385456
114,32,N,498305696,0.996611392
70,113,N,497609528,0.9952190559999999
112,75,N,497134272,0.994268544
39,47,N,496411120,0.9928222400000001
102,125,N,494908416,0.9898168319999999
67,27,N,493705560,0.9874111200000001
58,99,N,491850344,0.9837006880000001
56,3,N,491565904,0.983131808
124,42,N,490921112,0.981842224
58,102,N,490282696,0.980565392
109,1002,Y,490123368,0.9802467360000001
27,40,N,487623208,0.975246416
116,73,N,487486264,0.974972528
48,119,N,487483488,0.9749669759999999
51,8,N,486395736,0.9727914719999999
80,108,N,486273416,0.9725468319999999
95,73,N,486148040,0.97229608
4,115,N,485307432,0.9706148640000001
125,8,N,485287752,0.9705755039999999
31,60,N,484537256,0.969074512
119,89,N,484508392,0.9690167839999999
1,138,Y,482764112,0.965528224
125,102,N,482298488,0.9645969759999999
2,35,N,482015704,0.964031408
126,18,N,481801776,0.963603552
24,44,N,481683784,0.963367568
94,37,N,481673776,0.963347552
322,24,Y,480076600,0.9601531999999999
80,77,N,479809568,0.959619136
61,20,N,479349104,0.958698208
2,88,N,479254272,0.958508544
35,55,N,478839696,0.957679392
83,89,N,477932088,0.955864176
32,114,N,477633624,0.955267248
113,63,N,476430032,0.9528600640000001
70,107,N,475714496,0.951428992
19,36,N,474028416,0.948056832
116,36,N,472841888,0.945683776
93,101,N,472055504,0.944111008
20,61,N,470946240,0.94189248
68,676,Y,469960520,0.93992104
91,29,N,469713200,0.9394263999999999
31,70,N,469644200,0.9392884
89,107,N,469377240,0.93875448
43,39,N,468373920,0.93674784
570,55,Y,467211696,0.934423392
283,19,Y,466920096,0.9338401919999999
20,295,Y,465465152,0.930930304
79,88,N,464323264,0.9286465279999999
126,57,N,463988024,0.927976048
11,33,N,463454832,0.926909664
110,23,N,462140392,0.924280784
658,66,Y,461738440,0.9234768799999999
124,52,N,461566760,0.9231335199999999
448,40,Y,460777856,0.9215557120000001
17,102,N,459795216,0.919590432
108,997,Y,459589104,0.919178208
108,121,N,458990344,0.917980688
819,86,Y,457603920,0.9152078399999999
8,195,Y,457245144,0.914490288
20,17,N,455616376,0.911232752
114,54,N,455073816,0.9101476319999999
45,36,N,454373088,0.9087461760000001
39,43,N,454080360,0.9081607199999999
73,95,N,453273856,0.9065477120000001
24,50,N,452841232,0.9056824640000001
95,40,N,452073264,0.904146528
96,62,N,449333512,0.898667024
59,127,N,448982112,0.897964224
66,54,N,447113704,0.894227408
56,581,Y,446752032,0.8935040639999999
169,5,Y,446111168,0.892222336
54,23,N,443263488,0.8865269760000001
44,122,N,442531240,0.88506248
50,24,N,442453400,0.8849068
60,613,Y,442404232,0.884808464
90,99,N,441504552,0.883009104
103,92,N,438751504,0.8775030079999999
101,942,Y,437325984,0.874651968
104,95,N,437266872,0.8745337440000001
117,33,N,436960288,0.8739205760000001
45,492,Y,436668312,0.873336624
33,98,N,435815624,0.871631248
9,39,N,435326400,0.8706528
904,97,Y,433676400,0.8673527999999999
96,88,N,433557080,0.86711416
89,60,N,432556080,0.86511216
117,1065,Y,431576112,0.863152224
46,499,Y,431194248,0.862388496
68,90,N,428444976,0.856889952
20,62,N,427608032,0.855216064
59,51,N,426401240,0.85280248
99,2,N,425742984,0.851485968
154,3,Y,424669256,0.849338512
115,28,N,424160648,0.848321296
406,34,Y,423235888,0.846471776
71,122,N,422657352,0.845314704
28,3,N,422046064,0.844092128
23,110,N,421000816,0.8420016319999999
65,115,N,420593344,0.8411866880000001
60,89,N,419888568,0.839777136
118,109,N,419464368,0.8389287360000001
122,94,N,419279240,0.83855848
102,58,N,418763344,0.837526688
78,45,N,418638592,0.837277184
18,64,N,417961152,0.835922304
823,86,Y,415986744,0.831973488
37,94,N,415180688,0.830361376
103,109,N,413402152,0.826804304
23,54,N,410962464,0.821924928
28,109,N,410305440,0.82061088
71,702,Y,406934512,0.8138690239999999
24,51,N,406676568,0.8133531359999999
69,683,Y,404666928,0.809333856
52,124,N,402712000,0.805424
205,9,Y,401887360,0.80377472
4,13,N,401382688,0.802765376
37,88,N,401080168,0.802160336
371,30,Y,400999280,0.8019985599999999
259,16,Y,397383888,0.794767776
127,44,N,395270672,0.790541344
387,32,Y,394822704,0.789645408
131,0,Y,393908048,0.787816096
93,46,N,393126576,0.786253152
123,74,N,391458376,0.782916752
68,104,N,391362384,0.782724768
51,24,N,390033344,0.780066688
495,45,Y,389879432,0.779758864
29,91,N,389047584,0.778095168
44,127,N,388456408,0.7769128160000001
88,42,N,387808456,0.7756169119999999
125,51,N,385691128,0.771382256
25,72,N,382326544,0.764653088
51,125,N,381461200,0.7629224
74,123,N,380493760,0.76098752
159,3,Y,379059064,0.758118128
72,67,N,378960656,0.757921312
62,20,N,378506248,0.757012496
52,551,Y,374368808,0.748737616
50,18,N,371406528,0.742813056
7,6,N,371171696,0.742343392
126,1136,Y,370973632,0.741947264
17,20,N,370213088,0.740426176
7,82,N,368306488,0.7366129760000001
0,134,Y,368212416,0.736424832
104,68,N,365757880,0.7315157600000001
47,86,N,364592912,0.729185824
117,82,N,363533728,0.727067456
54,3,N,359122128,0.718244256
101,93,N,357231296,0.714462592
623,61,Y,355723952,0.711447904
17,268,Y,355249936,0.710499872
78,757,Y,354544032,0.709088064
22,310,Y,354349304,0.708698608
121,1100,Y,353798088,0.707596176
29,118,N,352669920,0.7053398399999999
421,36,Y,351119736,0.702239472
73,116,N,350468768,0.7009375360000001
1144,127,Y,348916072,0.697832144
110,114,N,347947792,0.6958955840000001
95,104,N,345758176,0.691516352
975,105,Y,345575912,0.691151824
118,29,N,343604328,0.687208656
51,59,N,343452792,0.686905584
116,1063,Y,342493488,0.684986976
80,29,N,341345176,0.6826903520000001
512,48,Y,341016512,0.682033024
4,165,Y,340963656,0.681927312
3,54,N,338354152,0.676708304
484,44,Y,337968296,0.675936592
432,38,Y,337254128,0.674508256
114,110,N,330714784,0.661429568
8,51,N,328900280,0.65780056
455,40,Y,325837384,0.651674768
452,40,Y,324325024,0.648650048
45,491,Y,323591408,0.647182816
62,70,N,322823976,0.645647952
63,113,N,321539608,0.643079216
175,5,Y,319489080,0.63897816
1072,118,Y,318485232,0.636970464
20,289,Y,313769760,0.62753952
88,2,N,313169616,0.626339232
141,1,Y,311939480,0.62387896
24,322,Y,311766744,0.6235334880000001
1115,123,Y,311399024,0.622798048
986,107,Y,310654392,0.621308784
13,236,Y,308949112,0.617898224
25,330,Y,305979552,0.611959104
745,77,Y,305748208,0.611496416
464,42,Y,304685296,0.609370592
89,113,N,304028240,0.60805648
57,587,Y,303621472,0.607242944
97,909,Y,300602576,0.601205152
49,523,Y,300556760,0.60111352
346,27,Y,299638880,0.59927776
870,92,Y,299303680,0.59860736
744,77,Y,298673080,0.5973461600000001
14,244,Y,297811856,0.595623712
82,7,N,291585664,0.583171328
1104,122,Y,291475032,0.5829500639999999
843,89,Y,291265280,0.5825305599999999
29,80,N,290895960,0.5817919199999999
576,56,Y,290846896,0.581693792
0,128,Y,287878496,0.5757569920000001
383,31,Y,285811400,0.5716228
736,76,Y,285706456,0.571412912
99,58,N,285306600,0.5706132
79,761,Y,284171311,0.568342622
54,56,N,279978440,0.55995688
110,1015,Y,279368600,0.5587372
673,68,Y,278512672,0.557025344
721,74,Y,277991504,0.555983008
5,171,Y,277356200,0.5547124
755,78,Y,274691624,0.549383248
417,36,Y,274474584,0.548949168
17,264,Y,273883416,0.547766832
87,825,Y,271015752,0.542031504
118,1072,Y,270609320,0.5412186400000001
161,4,Y,269928296,0.539856592
30,370,Y,269711952,0.5394239040000001
14,240,Y,268195296,0.536390592
900,96,Y,268003608,0.536007216
181,6,Y,267748760,0.53549752
105,969,Y,267218128,0.534436256
174,5,Y,267181344,0.534362688
863,91,Y,266823576,0.533647152
229,12,Y,266728640,0.53345728
477,43,Y,266509560,0.53301912
27,349,Y,266324288,0.532648576
414,35,Y,264237576,0.5284751520000001
1110,122,Y,264084768,0.5281695359999999
113,89,N,263859296,0.527718592
413,35,Y,263557144,0.527114288
804,84,Y,263036488,0.526072976
982,106,Y,259595664,0.519191328
933,100,Y,259168728,0.5183374559999999
27,347,Y,258016304,0.5160326080000001
347,27,Y,256518496,0.513036992
193,8,Y,254942960,0.50988592
46,498,Y,254441208,0.508882416
634,63,Y,253761360,0.50752272
319,23,Y,252506416,0.505012832
72,708,Y,251355592,0.502711184
1088,120,Y,251088488,0.502176976
992,108,Y,249940584,0.49988116799999993
1007,109,Y,249929928,0.49985985600000005
61,623,Y,249894608,0.499789216
83,797,Y,248330864,0.496661728
82,784,Y,248307224,0.49661444800000004
757,78,Y,248104920,0.49620984
72,704,Y,248070912,0.496141824
492,45,Y,247873184,0.49574636800000005
896,96,Y,246329344,0.492658688
101,939,Y,246301376,0.492602752
756,78,Y,246211984,0.49242396800000005
246,14,Y,245852352,0.491704704
918,98,Y,245535248,0.49107049599999997
87,826,Y,245453856,0.490907712
219,11,Y,245369264,0.490738528
103,952,Y,244205872,0.48841174400000004
109,1000,Y,243410248,0.486820496
93,876,Y,243367056,0.48673411200000005
11,221,Y,241158168,0.482316336
754,78,Y,238836424,0.477672848
69,682,Y,235473072,0.470946144
974,105,Y,234958184,0.46991636800000003
299,21,Y,233940816,0.467881632
1126,124,Y,233756728,0.46751345600000005
10,211,Y,233737856,0.46747571200000004
126,1142,Y,232399728,0.46479945600000006
39,441,Y,232055088,0.46411017600000004
321,24,Y,231163336,0.462326672
120,1093,Y,231127416,0.462254832
18,277,Y,230705728,0.461411456
228,12,Y,230107384,0.460214768
526,49,Y,229545696,0.459091392
1025,112,Y,229291904,0.458583808
865,92,Y,228847288,0.457694576
291,20,Y,227589392,0.455178784
6,179,Y,226945976,0.45389195200000004
333,25,Y,226536672,0.45307334400000004
148,2,Y,226468976,0.452937952
740,76,Y,226068648,0.45213729599999997
21,297,Y,223593184,0.447186368
308,22,Y,223372600,0.4467452
95,890,Y,222525376,0.445050752
44,481,Y,220565288,0.44113057600000005
26,342,Y,219235168,0.43847033599999996
85,813,Y,218889544,0.43777908800000004
820,86,Y,218812200,0.43762439999999997
110,1010,Y,217998464,0.43599692799999995
59,604,Y,216607680,0.43321536000000005
93,878,Y,215978984,0.431957968
837,88,Y,215756024,0.43151204800000004
260,16,Y,215641648,0.431283296
46,497,Y,215129096,0.43025819200000004
41,462,Y,214582808,0.42916561599999997
23,315,Y,214222488,0.428444976
37,431,Y,213724016,0.42744803200000003
217,11,Y,213597080,0.42719416
115,1052,Y,213350176,0.426700352
584,57,Y,213059800,0.4261196
32,386,Y,212666768,0.425333536
30,369,Y,212658632,0.42531726400000003
845,89,Y,211439352,0.422878704
373,30,Y,211183928,0.42236785600000004
37,424,Y,209530600,0.41906119999999997
585,57,Y,209395792,0.41879158399999994
31,377,Y,209386768,0.418773536
1003,109,Y,208354256,0.416708512
18,274,Y,207954672,0.415909344
0,135,Y,207416432,0.41483286399999997
17,270,Y,207254872,0.414509744
43,479,Y,206768984,0.413537968
68,679,Y,206512480,0.41302496
514,48,Y,205987760,0.41197552000000004
97,908,Y,205461752,0.410923504
702,71,Y,204493128,0.408986256
847,89,Y,204490984,0.408981968
747,77,Y,204258080,0.40851615999999996
79,767,Y,204164104,0.408328208
4,167,Y,204013672,0.40802734399999996
118,1077,Y,203679840,0.40735968
6,177,Y,203582712,0.407165424
1092,120,Y,203083768,0.406167536
120,1089,Y,202363880,0.40472776000000005
48,512,Y,202261952,0.404523904
1119,123,Y,202059088,0.404118176
16,261,Y,201834360,0.40366872
969,105,Y,201377456,0.40275491199999996
956,103,Y,200620568,0.401241136
46,500,Y,200107456,0.40021491200000003
103,955,Y,200005568,0.400011136
849,90,Y,199926312,0.39985262400000005
117,1066,Y,199794240,0.39958848
857,91,Y,199574792,0.39914958400000006
763,79,Y,199525808,0.399051616
521,49,Y,198624480,0.39724896000000004
655,65,Y,196781104,0.393562208
730,75,Y,195454272,0.39090854399999997
458,41,Y,194006752,0.388013504
1096,121,Y,193077488,0.38615497600000004
914,98,Y,192914184,0.385828368
75,729,Y,192236136,0.384472272
119,1087,Y,191427648,0.382855296
285,19,Y,191005184,0.382010368
786,82,Y,190743808,0.381487616
395,33,Y,190136432,0.380272864
1045,114,Y,189944272,0.379888544
48,513,Y,189626384,0.37925276799999996
16,256,Y,189597680,0.37919536
63,636,Y,189546656,0.379093312
1089,120,Y,188650216,0.377300432
40,448,Y,188306712,0.376613424
10,214,Y,187596776,0.37519355200000004
48,515,Y,187475640,0.37495128
442,39,Y,186827512,0.373655024
52,548,Y,186709064,0.37341812799999996
869,92,Y,186605688,0.373211376
47,506,Y,186529008,0.373058016
30,373,Y,186172848,0.372345696
37,425,Y,186046752,0.372093504
479,43,Y,185781016,0.371562032
1009,110,Y,185612736,0.371225472
75,728,Y,184939336,0.369878672
1131,125,Y,184709456,0.369418912
621,61,Y,184584688,0.369169376
111,1019,Y,184442448,0.36888489599999996
54,564,Y,184425072,0.368850144
4,161,Y,184378352,0.368756704
30,374,Y,184045056,0.36809011199999997
223,11,Y,183938232,0.367876464
652,65,Y,183022056,0.366044112
72,711,Y,182670448,0.36534089599999997
12,230,Y,182577616,0.365155232
83,792,Y,182323000,0.36464599999999997
761,79,Y,182210832,0.36442166400000003
28,354,Y,181499800,0.3629996
96,903,Y,181489168,0.362978336
152,3,Y,181434560,0.36286912
81,778,Y,181348984,0.36269796800000004
32,391,Y,181293144,0.362586288
1012,110,Y,180863016,0.36172603200000003
1002,109,Y,180794040,0.36158808
38,437,Y,180374968,0.360749936
499,46,Y,180348232,0.360696464
667,67,Y,179950216,0.359900432
197,8,Y,179860680,0.35972136
1116,123,Y,179430160,0.35886032
89,846,Y,179153200,0.35830639999999997
115,1051,Y,178574744,0.357149488
107,989,Y,178438888,0.356877776
919,98,Y,178352600,0.3567052
638,63,Y,177532280,0.35506456000000003
53,557,Y,175570424,0.351140848
1070,117,Y,175564448,0.351128896
10,209,Y,175440912,0.350881824
0,129,Y,175038024,0.35007604800000003
586,57,Y,174884952,0.34976990399999996
77,744,Y,174478080,0.34895616
733,75,Y,173942704,0.347885408
63,633,Y,173055240,0.34611048
879,93,Y,172606880,0.34521376
71,699,Y,172520216,0.345040432
96,897,Y,172440064,0.34488012799999995
3,156,Y,172279376,0.344558752
220,11,Y,171653808,0.343307616
3,159,Y,171422368,0.34284473600000004
19,280,Y,170911520,0.34182304
381,31,Y,170851472,0.34170294399999995
82,785,Y,170729168,0.341458336
232,13,Y,170584112,0.341168224
182,6,Y,170159744,0.340319488
45,489,Y,169438104,0.338876208
200,9,Y,168944464,0.33788892800000003
60,608,Y,168795672,0.337591344
23,316,Y,168565584,0.337131168
264,17,Y,168117472,0.33623494400000004
62,631,Y,167977144,0.335954288
886,94,Y,167875936,0.335751872
56,579,Y,167741592,0.335483184
120,1092,Y,167619712,0.335239424
89,840,Y,167292896,0.334585792
713,73,Y,166872176,0.33374435199999997
74,723,Y,166836280,0.33367256
534,50,Y,166804080,0.33360816
612,60,Y,166669696,0.33333939199999996
41,457,Y,166664368,0.333328736
87,831,Y,166179416,0.332358832
393,33,Y,166168736,0.332337472
68,672,Y,165982304,0.331964608
504,47,Y,165746608,0.331493216
470,42,Y,165740864,0.331481728
126,1137,Y,165646040,0.33129208
59,606,Y,165456600,0.33091319999999996
792,83,Y,165427816,0.330855632
87,828,Y,165300208,0.330600416
592,58,Y,165054944,0.330109888
82,786,Y,164874352,0.329748704
9,201,Y,164716384,0.329432768
121,1103,Y,164211648,0.328423296
104,967,Y,164185592,0.328371184
3,152,Y,164116064,0.328232128
103,956,Y,164105192,0.32821038399999997
685,69,Y,163851104,0.327702208
36,423,Y,163676064,0.32735212799999996
5,170,Y,163468512,0.326937024
122,1104,Y,163254544,0.326509088
80,775,Y,163138744,0.326277488
960,104,Y,162210704,0.324421408
596,58,Y,161435464,0.322870928
661,66,Y,161244800,0.3224896
100,934,Y,161057864,0.322115728
656,66,Y,160957664,0.321915328
52,547,Y,160698584,0.32139716799999996
591,57,Y,160305528,0.320611056
912,98,Y,160060096,0.320120192
44,483,Y,159998048,0.319996096
185,7,Y,159705153,0.319410306
286,19,Y,159663496,0.31932699200000003
121,1097,Y,159083616,0.318167232
1100,121,Y,158643488,0.317286976
629,62,Y,158505152,0.31701030399999997
201,9,Y,158435152,0.316870304
44,485,Y,157882888,0.315765776
645,64,Y,157634976,0.31526995199999996
608,60,Y,157391424,0.314782848
240,14,Y,157349384,0.31469876799999996
46,501,Y,157194800,0.31438960000000005
119,1081,Y,157020688,0.314041376
785,82,Y,156822336,0.313644672
1134,125,Y,156703816,0.313407632
887,94,Y,156552536,0.313105072
950,102,Y,156503064,0.313006128
769,80,Y,156419176,0.312838352
32,390,Y,156332656,0.31266531200000003
111,1022,Y,156108240,0.31221648
97,910,Y,155995288,0.311990576
550,52,Y,155984008,0.311968016
790,82,Y,155760840,0.31152167999999997
34,406,Y,155661008,0.31132201600000003
569,55,Y,155637464,0.311274928
460,41,Y,155281224,0.310562448
168,5,Y,155092872,0.310185744
18,272,Y,155013960,0.31002792
7,184,Y,154857064,0.309714128
962,104,Y,154813488,0.309626976
993,108,Y,154779376,0.309558752
12,228,Y,154469936,0.308939872
36,417,Y,154398288,0.308796576
123,1112,Y,154217224,0.30843444799999997
244,14,Y,154099624,0.308199248
105,975,Y,153870888,0.30774177599999997
23,318,Y,153833592,0.30766718400000004
92,870,Y,153719984,0.307439968
1093,120,Y,153643200,0.30728639999999996
17,267,Y,153178768,0.306357536
1060,116,Y,153125176,0.306250352
76,740,Y,152338192,0.304676384
57,590,Y,152274160,0.30454832
677,68,Y,152174624,0.30434924799999996
706,72,Y,152107512,0.304215024
70,691,Y,152074496,0.304148992
281,19,Y,152033920,0.30406784
363,29,Y,151736192,0.30347238400000004
510,47,Y,151677168,0.303354336
84,805,Y,151650304,0.303300608
910,97,Y,151521008,0.303042016
873,93,Y,151329520,0.30265904
114,1046,Y,151170928,0.30234185599999996
782,81,Y,151082000,0.302164
94,887,Y,151017224,0.302034448
19,283,Y,150958200,0.3019164
110,1014,Y,150889352,0.301778704
70,694,Y,150786464,0.301572928
34,405,Y,150731408,0.30146281599999997
523,49,Y,150390184,0.300780368
349,27,Y,150323640,0.30064727999999996
94,884,Y,150145528,0.300291056
6,181,Y,149636368,0.299272736
80,774,Y,149481344,0.298962688
25,333,Y,149410264,0.29882052800000003
21,300,Y,149107096,0.298214192
31,378,Y,149104776,0.298209552
407,34,Y,148734368,0.297468736
732,75,Y,148643528,0.297287056
453,40,Y,148481896,0.296963792
841,89,Y,148385448,0.296770896
28,358,Y,148151904,0.296303808
47,510,Y,148131096,0.29626219200000004
104,963,Y,148099856,0.296199712
12,225,Y,147866856,0.295733712
597,58,Y,147759136,0.29551827199999997
76,739,Y,147723680,0.29544736000000005
692,70,Y,147721384,0.29544276799999997
1037,113,Y,147693552,0.295387104
8,193,Y,147612408,0.295224816
225,12,Y,147556456,0.295112912
518,48,Y,147493984,0.29498796800000004
921,99,Y,147375040,0.29475007999999997
9,207,Y,146874800,0.2937496
680,69,Y,146772816,0.293545632
138,1,Y,146446992,0.292893984
116,1060,Y,146327712,0.292655424
34,401,Y,146207704,0.292415408
814,85,Y,146149584,0.292299168
194,8,Y,146017088,0.292034176
95,893,Y,145654008,0.291308016
547,52,Y,145612072,0.29122414399999996
451,40,Y,145510552,0.29102110400000003
126,1138,Y,145496912,0.29099382399999996
80,773,Y,145281536,0.290563072
63,632,Y,145183336,0.290366672
44,480,Y,145108872,0.290217744
37,426,Y,144905480,0.28981096
999,108,Y,144468040,0.28893608
103,958,Y,144367976,0.288735952
599,58,Y,144251616,0.288503232
11,218,Y,143916752,0.287833504
26,338,Y,143868392,0.287736784
105,971,Y,143709616,0.28741923199999997
348,27,Y,143373344,0.28674668799999997
80,771,Y,143307224,0.286614448
915,98,Y,143246120,0.28649224
263,16,Y,143185928,0.286371856
1024,112,Y,142624776,0.285249552
22,307,Y,142624128,0.285248256
243,14,Y,142587816,0.285175632
67,668,Y,142493208,0.28498641599999996
119,1085,Y,142144760,0.28428951999999996
114,1043,Y,141689504,0.28337900800000004
40,453,Y,141669256,0.283338512
63,637,Y,141381688,0.282763376
127,1146,Y,141357328,0.282714656
127,1145,Y,141046512,0.282093024
117,1071,Y,140979536,0.281959072
88,836,Y,140864104,0.281728208
749,77,Y,140630456,0.28126091200000003
473,43,Y,140574264,0.281148528
25,331,Y,140227344,0.280454688
1140,126,Y,140168848,0.28033769599999997
29,366,Y,140141072,0.280282144
62,625,Y,140120256,0.280240512
26,339,Y,140060304,0.28012060800000005
858,91,Y,139900368,0.279800736
36,420,Y,139499280,0.27899856
909,97,Y,139448104,0.278896208
916,98,Y,139152832,0.278305664
1055,115,Y,139135928,0.278271856
119,1080,Y,139098560,0.27819711999999996
1114,123,Y,138951776,0.277903552
35,413,Y,138885304,0.27777060800000003
663,66,Y,138777872,0.277555744
7,191,Y,138741280,0.27748256
4,160,Y,138637960,0.27727592
89,843,Y,138630552,0.27726110400000004
1062,116,Y,138482320,0.27696464
1038,113,Y,138391896,0.27678379200000003
1106,122,Y,138354424,0.276708848
87,827,Y,138171808,0.276343616
32,387,Y,138055536,0.276111072
1142,126,Y,137852608,0.27570521600000003
366,29,Y,137666880,0.27533376
77,749,Y,137580720,0.27516144
74,725,Y,137450464,0.274900928
70,690,Y,137284584,0.27456916800000003
6,178,Y,137197592,0.27439518399999996
1148,127,Y,136828784,0.273657568
27,344,Y,136609248,0.273218496
67,667,Y,136591808,0.27318361599999996
55,568,Y,136361632,0.272723264
144,2,Y,136345832,0.272691664
672,68,Y,136294352,0.272588704
125,1131,Y,136223008,0.272446016
105,968,Y,135926144,0.271852288
19,287,Y,135876920,0.27175383999999997
1141,126,Y,135865888,0.271731776
544,52,Y,135737288,0.271474576
272,18,Y,135656736,0.271313472
114,1041,Y,135604168,0.271208336
401,34,Y,135360320,0.27072064
323,24,Y,135179648,0.27035929599999997
620,61,Y,135167616,0.270335232
700,71,Y,135068736,0.270137472
818,86,Y,134964760,0.26992952000000003
84,804,Y,134832784,0.26966556799999997
341,26,Y,134832264,0.26966452799999996
153,3,Y,134792288,0.269584576
40,450,Y,134633376,0.269266752
940,101,Y,134347592,0.26869518400000003
29,361,Y,134110776,0.26822155200000003
374,30,Y,134033056,0.26806611199999997
664,67,Y,133926296,0.267852592
541,51,Y,133888392,0.267776784
488,45,Y,133814248,0.267628496
805,84,Y,133443304,0.26688660799999997
74,727,Y,133437280,0.26687456
92,866,Y,133134768,0.266269536
58,599,Y,133128728,0.266257456
428,37,Y,133099608,0.266199216
112,1028,Y,133077800,0.2661556
262,16,Y,132992200,0.2659844
350,27,Y,132952864,0.265905728
21,296,Y,132669096,0.26533819200000003
828,87,Y,132624648,0.26524929599999997
618,61,Y,132575032,0.26515006399999996
766,79,Y,132502472,0.26500494399999996
811,85,Y,132444224,0.264888448
13,235,Y,132443488,0.264886976
683,69,Y,132409792,0.264819584
61,617,Y,132285864,0.264571728
525,49,Y,132227712,0.264455424
822,86,Y,132182584,0.264365168
20,288,Y,131943760,0.26388752
327,24,Y,131934544,0.263869088
723,74,Y,131928800,0.2638576
546,52,Y,131816688,0.263633376
84,806,Y,131656944,0.263313888
545,52,Y,131619360,0.26323872
176,6,Y,131583664,0.263167328
784,82,Y,131512480,0.26302496000000003
102,946,Y,131469088,0.262938176
11,216,Y,131433632,0.262867264
63,639,Y,131365824,0.262731648
434,38,Y,131221384,0.262442768
772,80,Y,131150744,0.26230148799999997
120,1090,Y,131091504,0.262183008
8,198,Y,131000640,0.26200128
53,554,Y,130901760,0.26180352
28,357,Y,130673888,0.261347776
1041,114,Y,130546696,0.261093392
142,1,Y,130383824,0.260767648
509,47,Y,130331424,0.260662848
32,389,Y,130295216,0.260590432
356,28,Y,130210000,0.26042
58,592,Y,130196296,0.26039259200000003
9,200,Y,130150248,0.260300496
595,58,Y,130139464,0.260278928
114,1047,Y,130115752,0.260231504
682,69,Y,130114496,0.260228992
533,50,Y,130114280,0.26022856
862,91,Y,130046792,0.260093584
4,163,Y,129990104,0.259980208
78,754,Y,129973144,0.25994628799999997
295,20,Y,129832664,0.25966532800000003
71,700,Y,129793384,0.25958676799999997
71,698,Y,129732440,0.25946488
676,68,Y,129608096,0.259216192
300,21,Y,129328608,0.25865721599999997
1,137,Y,129321456,0.258642912
104,964,Y,129313944,0.258627888
1087,119,Y,129251256,0.25850251199999996
38,439,Y,128967616,0.257935232
118,1073,Y,128807848,0.257615696
444,39,Y,128725784,0.257451568
39,442,Y,128563832,0.257127664
578,56,Y,128465224,0.256930448
86,819,Y,128442696,0.256885392
1143,126,Y,128369832,0.256739664
399,33,Y,128347680,0.25669536
1,139,Y,128317408,0.25663481600000004
41,461,Y,128252856,0.256505712
21,299,Y,128105696,0.25621139200000004
640,64,Y,128095896,0.25619179200000003
297,21,Y,128058456,0.256116912
236,13,Y,127883296,0.255766592
538,51,Y,127881480,0.25576296
33,393,Y,127717440,0.25543488
600,59,Y,127714736,0.255429472
98,916,Y,127701400,0.2554028
101,943,Y,127604872,0.255209744
137,1,Y,127576016,0.255152032
190,7,Y,127565328,0.255130656
703,71,Y,127561040,0.25512208000000003
103,954,Y,127427216,0.25485443199999996
674,68,Y,127228232,0.254456464
803,84,Y,127151024,0.254302048
42,466,Y,126654792,0.25330958400000003
738,76,Y,126652016,0.253304032
91,860,Y,126547048,0.253094096
386,32,Y,126544048,0.25308809600000004
1,141,Y,126352880,0.25270576
125,1134,Y,126286288,0.252572576
971,105,Y,126266328,0.252532656
1001,109,Y,126190672,0.252381344
40,451,Y,126072800,0.2521456
22,308,Y,126061928,0.252123856
1139,126,Y,126051376,0.252102752
282,19,Y,125964464,0.251928928
52,544,Y,125865360,0.25173072
16,258,Y,125781272,0.251562544
273,18,Y,125671944,0.251343888
764,79,Y,125530568,0.251061136
19,282,Y,125475016,0.250950032
13,234,Y,125415232,0.250830464
171,5,Y,125393992,0.25078798399999996
77,746,Y,125311568,0.250623136
265,17,Y,125288832,0.250577664
35,410,Y,125262848,0.250525696
963,104,Y,125261808,0.250523616
57,589,Y,125218328,0.250436656
26,341,Y,124927632,0.249855264
289,20,Y,124892624,0.249785248
49,524,Y,124826824,0.249653648
47,507,Y,124735816,0.24947163200000003
906,97,Y,124725888,0.249451776
1118,123,Y,124584080,0.24916816000000003
1071,117,Y,124400944,0.24880188800000003
109,1001,Y,124380848,0.24876169599999998
795,83,Y,124180728,0.24836145599999998
277,18,Y,124135624,0.248271248
61,621,Y,124038776,0.24807755199999998
66,657,Y,124015576,0.24803115199999998
447,39,Y,124012760,0.24802552
11,222,Y,123918288,0.24783657600000003
995,108,Y,123868240,0.24773648
531,50,Y,123864768,0.247729536
16,263,Y,123853928,0.247707856
461,41,Y,123826248,0.247652496
79,762,Y,123792456,0.247584912
2,149,Y,123739120,0.24747824000000002
81,782,Y,123709360,0.24741872
1030,112,Y,123702152,0.247404304
3,155,Y,123694672,0.247389344
699,71,Y,123615064,0.247230128
183,6,Y,123589112,0.247178224
424,37,Y,123510112,0.24702022399999998
583,56,Y,123391416,0.246782832
980,106,Y,123382688,0.246765376
441,39,Y,123380272,0.246760544
3,154,Y,123361232,0.246722464
731,75,Y,123355680,0.24671136000000002
719,73,Y,123274256,0.246548512
78,756,Y,123273168,0.246546336
83,793,Y,123176344,0.24635268800000001
726,74,Y,122949816,0.24589963200000003
92,868,Y,122937736,0.24587547199999998
98,914,Y,122876472,0.245752944
13,233,Y,122829968,0.24565993600000002
43,472,Y,122828168,0.245656336
109,1003,Y,122782152,0.24556430399999998
325,24,Y,122774240,0.24554847999999999
598,58,Y,122762000,0.245524
1077,118,Y,122622856,0.24524571199999998
58,593,Y,122601832,0.245203664
748,77,Y,122588784,0.245177568
666,67,Y,122560480,0.24512096
1102,121,Y,122547400,0.2450948
127,1147,Y,122416536,0.244833072
52,546,Y,122391176,0.244782352
104,962,Y,122347632,0.24469526400000002
27,346,Y,122267056,0.24453411200000003
2,147,Y,122146360,0.24429272000000002
28,359,Y,122080248,0.244160496
901,96,Y,122012200,0.24402439999999997
50,530,Y,121997232,0.243994464
743,76,Y,121932984,0.243865968
59,607,Y,121852400,0.24370479999999997
120,1094,Y,121807232,0.243614464
157,3,Y,121801024,0.243602048
81,776,Y,121697200,0.24339439999999998
301,21,Y,121646920,0.24329384
116,1061,Y,121554776,0.243109552
86,821,Y,121447960,0.24289592000000002
997,108,Y,121293280,0.24258655999999998
94,883,Y,121087152,0.24217430399999998
29,360,Y,120893936,0.24178787200000001
722,74,Y,120860504,0.24172100800000001
61,619,Y,120680400,0.2413608
53,559,Y,120630944,0.241261888
130,0,Y,120569520,0.24113904
274,18,Y,120403920,0.24080784
1120,124,Y,120368672,0.240737344
491,45,Y,120285368,0.24057073599999998
758,78,Y,120206336,0.240412672
18,278,Y,120160360,0.24032072000000002
68,678,Y,120094024,0.24018804800000002
446,39,Y,120054000,0.240108
1063,116,Y,120004984,0.24000996800000002
192,8,Y,119997304,0.23999460800000003
75,732,Y,119942640,0.23988528000000003
894,95,Y,119880728,0.239761456
1064,117,Y,119853168,0.239706336
76,743,Y,119778840,0.23955767999999997
48,518,Y,119475904,0.238951808
0,131,Y,119467824,0.23893564799999997
146,2,Y,119445728,0.238891456
1108,122,Y,119422112,0.238844224
582,56,Y,119172952,0.238345904
21,301,Y,118873488,0.237746976
151,2,Y,118870248,0.23774049600000002
58,597,Y,118822736,0.23764547199999997
91,856,Y,118690200,0.23738040000000002
1065,117,Y,118668440,0.23733688
48,519,Y,118577728,0.23715545600000001
589,57,Y,118457048,0.23691409600000002
1117,123,Y,118407224,0.23681444799999998
998,108,Y,118169256,0.236338512
55,570,Y,118057144,0.236114288
644,64,Y,117991064,0.23598212799999999
625,62,Y,117981104,0.235962208
342,26,Y,117847824,0.235695648
1042,114,Y,117718336,0.23543667199999999
105,972,Y,117691208,0.23538241599999998
57,585,Y,117683360,0.23536672
18,276,Y,117661728,0.235323456
1026,112,Y,117599144,0.23519828799999998
21,303,Y,117596904,0.235193808
574,55,Y,117512592,0.235025184
952,103,Y,117469280,0.23493856000000002
1051,115,Y,117461640,0.23492328
627,62,Y,117430208,0.23486041600000002
493,45,Y,117375784,0.234751568
103,957,Y,117349776,0.23469955199999998
32,388,Y,117276096,0.234552192
186,7,Y,117234040,0.23446808
367,29,Y,117159288,0.23431857599999997
5,169,Y,117156544,0.234313088
979,106,Y,117152424,0.234304848
467,42,Y,117011984,0.234023968
28,353,Y,116947320,0.23389464
648,65,Y,116914320,0.23382863999999998
330,25,Y,116912576,0.233825152
57,586,Y,116868416,0.23373683199999998
119,1083,Y,116538832,0.23307766400000002
112,1024,Y,116524232,0.23304846399999998
34,403,Y,116505984,0.233011968
551,52,Y,116489104,0.232978208
55,571,Y,116412480,0.23282496
985,107,Y,116339360,0.23267872
1149,127,Y,116270352,0.23254070400000001
85,809,Y,116219960,0.23243992
66,658,Y,116178536,0.23235707199999997
79,765,Y,116100632,0.23220126400000002
116,1062,Y,116097352,0.23219470399999997
1005,109,Y,115981024,0.231962048
23,313,Y,115889984,0.231779968
13,237,Y,115869584,0.23173916800000002
40,455,Y,115731120,0.23146223999999999
30,372,Y,115727032,0.231454064
423,36,Y,115714080,0.23142816
39,443,Y,115638712,0.231277424
25,328,Y,115483944,0.23096788799999998
98,915,Y,115475376,0.23095075199999998
100,930,Y,115362568,0.230725136
29,362,Y,115274600,0.2305492
52,550,Y,115259032,0.230518064
724,74,Y,115177080,0.23035415999999997
16,262,Y,115164240,0.23032848
97,906,Y,115083896,0.230167792
65,649,Y,115044312,0.23008862400000002
56,578,Y,115035352,0.23007070400000001
12,229,Y,114915432,0.22983086399999997
19,285,Y,114867528,0.229735056
18,275,Y,114810336,0.229620672
105,973,Y,114751592,0.229503184
487,44,Y,114744256,0.229488512
486,44,Y,114711944,0.229423888
226,12,Y,114710568,0.229421136
607,59,Y,114688768,0.229377536
12,224,Y,114618768,0.229237536
99,925,Y,114616232,0.22923246400000002
68,677,Y,114597552,0.22919510399999998
102,951,Y,114383152,0.228766304
58,596,Y,114368624,0.228737248
125,1135,Y,114320320,0.22864064
298,21,Y,114193848,0.22838769599999997
779,81,Y,114158784,0.228317568
935,100,Y,113955976,0.227911952
98,913,Y,113837056,0.227674112
93,873,Y,113813368,0.227626736
247,14,Y,113736048,0.227472096
25,335,Y,113701392,0.22740278400000002
123,1114,Y,113695584,0.22739116799999998
6,180,Y,113687168,0.22737433599999998
227,12,Y,113653864,0.227307728
118,1079,Y,113590744,0.227181488
86,816,Y,113580992,0.227161984
1015,110,Y,113552184,0.22710436799999997
108,999,Y,113541752,0.227083504
84,801,Y,113437352,0.226874704
98,912,Y,113415432,0.22683086400000002
47,508,Y,113345840,0.22669168
117,1068,Y,113270704,0.226541408
780,81,Y,113168888,0.226337776
642,64,Y,113087472,0.226174944
114,1040,Y,113044640,0.22608927999999998
571,55,Y,113030144,0.226060288
1095,120,Y,112942656,0.22588531199999998
254,15,Y,112922864,0.225845728
376,31,Y,112890728,0.225781456
50,535,Y,112872808,0.22574561599999998
89,847,Y,112778272,0.22555654400000003
17,265,Y,112749656,0.22549931199999998
88,839,Y,112497760,0.22499552
988,107,Y,112459448,0.224918896
107,990,Y,112459368,0.224918736
955,103,Y,112457472,0.224914944
187,7,Y,112426720,0.22485344000000002
119,1084,Y,112411696,0.22482339199999998
21,302,Y,112403568,0.224807136
90,855,Y,112364352,0.224728704
237,13,Y,112318064,0.224636128
11,217,Y,112250400,0.22450080000000003
6,182,Y,112053856,0.22410771200000001
382,31,Y,112041120,0.22408224000000002
827,87,Y,111992696,0.22398539200000003
26,336,Y,111750752,0.22350150400000002
1018,111,Y,111672880,0.22334576
210,10,Y,111672104,0.22334420800000002
99,927,Y,111668168,0.22333633599999997
253,15,Y,111615360,0.22323072
377,31,Y,111508064,0.22301612799999998
681,69,Y,111413992,0.22282798399999998
1101,121,Y,111350960,0.22270192
66,659,Y,111248784,0.222497568
848,90,Y,111247704,0.222495408
123,1115,Y,111130088,0.22226017599999998
364,29,Y,111096328,0.222192656
947,102,Y,111060048,0.22212009600000002
502,46,Y,111009288,0.222018576
31,379,Y,110951192,0.221902384
654,65,Y,110890344,0.221780688
109,1004,Y,110819752,0.22163950400000001
945,102,Y,110811064,0.22162212800000003
866,92,Y,110563648,0.22112729599999997
33,396,Y,110556216,0.221112432
25,334,Y,110542648,0.22108529600000001
22,306,Y,110463800,0.2209276
189,7,Y,110448704,0.220897408
679,68,Y,110436344,0.22087268799999998
64,643,Y,110426296,0.22085259200000001
391,32,Y,110422992,0.220845984
122,1109,Y,110393792,0.22078758399999998
939,101,Y,110392568,0.22078513600000002
1066,117,Y,110342552,0.220685104
3,153,Y,110265504,0.220531008
124,1122,Y,110248520,0.22049703999999998
958,103,Y,110188304,0.220376608
560,54,Y,110182344,0.220364688
445,39,Y,110167800,0.22033560000000002
882,94,Y,110117784,0.220235568
67,670,Y,109921224,0.219842448
73,719,Y,109914424,0.219828848
86,817,Y,109563432,0.219126864
73,716,Y,109496352,0.218992704
11,220,Y,109399040,0.21879807999999998
54,562,Y,109373584,0.21874716800000002
49,520,Y,109338648,0.21867729600000002
864,92,Y,109332448,0.218664896
96,900,Y,109298752,0.218597504
1132,125,Y,109268752,0.21853750400000002
10,212,Y,109081800,0.21816359999999999
104,960,Y,108960824,0.21792164800000002
32,384,Y,108929136,0.217858272
213,10,Y,108882424,0.217764848
408,35,Y,108869704,0.21773940800000002
8,196,Y,108860264,0.217720528
104,965,Y,108779880,0.21755976
936,101,Y,108719088,0.21743817599999998
113,1037,Y,108518920,0.21703783999999998
172,5,Y,108482632,0.216965264
404,34,Y,108290224,0.216580448
801,84,Y,108289152,0.216578304
302,21,Y,108231464,0.216462928
860,91,Y,108130848,0.216261696
280,19,Y,108077304,0.216154608
669,67,Y,107994336,0.215988672
86,823,Y,107908320,0.21581664
331,25,Y,107899504,0.215799008
126,1143,Y,107890904,0.215781808
84,803,Y,107872912,0.215745824
95,895,Y,107770360,0.21554072
619,61,Y,107684240,0.21536848000000003
122,1110,Y,107658744,0.21531748799999997
1053,115,Y,107582760,0.21516552000000003
69,680,Y,107570432,0.21514086400000001
221,11,Y,107566560,0.21513311999999998
651,65,Y,107554416,0.21510883199999997
129,0,Y,107518104,0.215036208
73,713,Y,107319320,0.21463864
89,845,Y,107304888,0.214609776
966,104,Y,107290896,0.21458179200000002
28,356,Y,107237224,0.21447444799999998
88,834,Y,107222312,0.21444462399999997
204,9,Y,107212440,0.21442487999999998
854,90,Y,107076960,0.21415392
66,660,Y,107065584,0.21413116799999998
307,22,Y,107026056,0.214052112
124,1123,Y,107023920,0.21404784000000002
14,241,Y,106969640,0.21393928
57,591,Y,106940912,0.21388182400000003
710,72,Y,106905440,0.21381087999999998
310,22,Y,106888600,0.2137772
379,31,Y,106782856,0.213565712
1043,114,Y,106761088,0.213522176
57,584,Y,106736272,0.21347254400000001
6,176,Y,106649640,0.21329928
87,830,Y,106572360,0.21314471999999998
109,1007,Y,106414904,0.21282980799999998
611,60,Y,106409288,0.21281857599999998
856,91,Y,106372368,0.21274473600000002
5,175,Y,106219448,0.21243889600000002
412,35,Y,106200472,0.212400944
47,505,Y,106132840,0.21226567999999998
1097,121,Y,106104632,0.212209264
1082,119,Y,106067600,0.2121352
735,75,Y,106027856,0.21205571199999998
4,164,Y,105900640,0.21180128
500,46,Y,105813672,0.211627344
49,522,Y,105800520,0.21160104
474,43,Y,105797784,0.211595568
768,80,Y,105785136,0.21157027199999998
496,46,Y,105767896,0.21153579199999997
8,192,Y,105721696,0.211443392
639,63,Y,105638464,0.21127692800000003
112,1026,Y,105628376,0.21125675200000002
405,34,Y,105596432,0.21119286399999998
290,20,Y,105580576,0.211161152
7,186,Y,105547584,0.211095168
345,27,Y,105491384,0.21098276800000001
671,67,Y,105363520,0.21072704000000003
917,98,Y,105311664,0.210623328
20,292,Y,105224568,0.21044913599999998
335,25,Y,105197544,0.21039508799999998
836,88,Y,104937312,0.209874624
1073,118,Y,104936096,0.20987219199999999
68,673,Y,104851912,0.209703824
92,871,Y,104697688,0.209395376
51,540,Y,104683824,0.209367648
466,42,Y,104669416,0.20933883199999997
33,399,Y,104623744,0.20924748799999998
686,69,Y,104604648,0.209209296
389,32,Y,104580080,0.20916016
199,8,Y,104567280,0.20913456
45,495,Y,104567024,0.209134048
17,271,Y,104530840,0.20906167999999997
362,29,Y,104438744,0.20887748799999997
17,269,Y,104388248,0.20877649599999998
248,15,Y,104387400,0.20877479999999998
215,10,Y,104299144,0.20859828800000002
16,260,Y,104264992,0.20852998400000003
31,381,Y,104249896,0.20849979200000002
718,73,Y,104247904,0.208495808
105,970,Y,104222032,0.20844406399999998
127,1149,Y,104164264,0.208328528
996,108,Y,104156104,0.208312208
515,48,Y,104142176,0.208284352
106,983,Y,104117432,0.208234864
112,1031,Y,104097704,0.20819540800000003
2,151,Y,104046032,0.208092064
72,710,Y,104036384,0.208072768
195,8,Y,104031248,0.208062496
690,70,Y,103886592,0.207773184
16,259,Y,103843472,0.20768694399999998
97,904,Y,103813192,0.20762638400000002
111,1016,Y,103789544,0.207579088
471,42,Y,103719584,0.207439168
65,652,Y,103711552,0.207423104
653,65,Y,103706768,0.20741353599999998
880,94,Y,103639840,0.20727968
96,899,Y,103550728,0.207101456
27,350,Y,103538992,0.20707798400000002
268,17,Y,103532608,0.207065216
145,2,Y,103524480,0.20704896000000003
31,383,Y,103503352,0.20700670399999999
121,1101,Y,103445224,0.206890448
75,733,Y,103438976,0.20687795199999998
981,106,Y,103431344,0.206862688
9,202,Y,103378648,0.20675729599999998
35,411,Y,103377552,0.20675510400000002
95,892,Y,103344528,0.206689056
420,36,Y,103326352,0.20665270400000002
1113,123,Y,103288080,0.20657615999999998
116,1056,Y,103097904,0.206195808
57,588,Y,103062032,0.206124064
989,107,Y,103022472,0.206044944
224,12,Y,102934176,0.205868352
25,332,Y,102879008,0.20575801600000002
564,54,Y,102840784,0.20568156799999998
208,10,Y,102837800,0.2056756
17,266,Y,102821096,0.205642192
776,81,Y,102805120,0.20561024
65,651,Y,102800472,0.205600944
662,66,Y,102758400,0.2055168
948,102,Y,102719904,0.205439808
1059,116,Y,102625032,0.205250064
100,933,Y,102613984,0.205227968
74,721,Y,102572760,0.20514551999999997
802,84,Y,102540920,0.20508184
80,772,Y,102367712,0.20473542399999997
312,23,Y,102133864,0.20426772799999998
774,80,Y,102130072,0.20426014400000003
61,616,Y,102115624,0.204231248
552,53,Y,102085424,0.204170848
91,857,Y,102084840,0.20416968
184,7,Y,102078760,0.20415752
1098,121,Y,102008056,0.204016112
1103,121,Y,102005128,0.20401025600000003
106,976,Y,101896208,0.20379241600000003
84,807,Y,101845152,0.203690304
82,790,Y,101840480,0.20368096
48,517,Y,101679304,0.203358608
689,70,Y,101581040,0.20316208
60,609,Y,101574472,0.203148944
271,17,Y,101545024,0.20309004799999997
643,64,Y,101489416,0.202978832
613,60,Y,101480312,0.202960624
113,1038,Y,101445832,0.202891664
94,886,Y,101428552,0.202857104
1123,124,Y,101398104,0.202796208
120,1088,Y,101363504,0.202727008
720,74,Y,101336000,0.20267200000000002
13,232,Y,101305096,0.202610192
81,779,Y,101233320,0.20246664000000003
230,12,Y,101084800,0.2021696
58,594,Y,101067664,0.20213532799999998
852,90,Y,101047384,0.20209476799999998
573,55,Y,101010160,0.20202032
867,92,Y,100928112,0.201856224
115,1053,Y,100904704,0.201809408
15,252,Y,100895984,0.201791968
118,1078,Y,100852384,0.201704768
91,862,Y,100843800,0.2016876
23,312,Y,100786256,0.20157251199999998
85,815,Y,100776544,0.20155308800000002
128,0,Y,100719472,0.201438944
90,850,Y,100684840,0.20136968
108,994,Y,100629984,0.20125996799999998
91,861,Y,100569272,0.201138544
0,133,Y,100510776,0.20102155200000002
1050,115,Y,100503400,0.20100679999999999
121,1099,Y,100430096,0.200860192
44,484,Y,100394632,0.200789264
123,1117,Y,100385184,0.20077036799999998
872,93,Y,100360912,0.20072182400000002
81,781,Y,100339488,0.200678976
809,85,Y,100316056,0.200632112
30,368,Y,100295344,0.200590688
216,11,Y,100285920,0.20057183999999997
122,1111,Y,100281032,0.200562064
101,936,Y,100190872,0.20038174400000003
3,158,Y,100118552,0.200237104
63,635,Y,100115696,0.200231392
540,51,Y,100109856,0.20021971199999997
127,1151,Y,100086312,0.200172624
55,573,Y,100063192,0.20012638400000002
781,81,Y,100033664,0.200067328
113,1039,Y,99958168,0.19991633599999997
380,31,Y,99905760,0.19981152
868,92,Y,99734456,0.199468912
42,468,Y,99673840,0.19934768
126,1139,Y,99581592,0.199163184
239,13,Y,99577960,0.19915592000000001
51,538,Y,99545616,0.199091232
29,364,Y,99477240,0.19895448000000002
1145,127,Y,99471440,0.19894288
316,23,Y,99445784,0.198891568
207,9,Y,99366920,0.19873384
108,995,Y,99347584,0.198695168
111,1017,Y,99347056,0.19869411199999998
691,70,Y,99320736,0.19864147199999999
8,199,Y,99211944,0.19842388800000002
296,21,Y,99152016,0.19830403200000002
751,77,Y,99060664,0.198121328
375,30,Y,99037224,0.198074448
928,100,Y,98972016,0.197944032
234,13,Y,98969528,0.197939056
920,99,Y,98900416,0.19780083199999998
14,247,Y,98840208,0.19768041600000003
252,15,Y,98799400,0.19759880000000002
125,1128,Y,98781424,0.19756284799999999
69,686,Y,98734088,0.197468176
678,68,Y,98719312,0.197438624
30,371,Y,98716240,0.19743247999999997
11,223,Y,98674144,0.19734828799999998
1016,111,Y,98651072,0.197302144
106,982,Y,98640592,0.19728118400000003
459,41,Y,98626992,0.197253984
1078,118,Y,98529960,0.19705992
922,99,Y,98504472,0.197008944
1107,122,Y,98379896,0.196759792
111,1023,Y,98353936,0.19670787199999998
62,626,Y,98349408,0.196698816
173,5,Y,98315672,0.19663134399999999
946,102,Y,98310752,0.196621504
53,552,Y,98290832,0.19658166400000002
41,460,Y,98247696,0.196495392
1084,119,Y,98229152,0.196458304
45,493,Y,98221032,0.19644206400000003
231,12,Y,98168488,0.196336976
1036,113,Y,98013496,0.19602699199999998
825,87,Y,97835832,0.195671664
127,1144,Y,97792176,0.19558435200000002
641,64,Y,97784008,0.19556801599999998
897,96,Y,97711152,0.195422304
43,475,Y,97701320,0.19540264
9,205,Y,97701160,0.19540232000000002
1111,122,Y,97550480,0.19510096000000002
932,100,Y,97543056,0.195086112
436,38,Y,97536056,0.195072112
1121,124,Y,97525016,0.195050032
235,13,Y,97477720,0.19495544
77,745,Y,97464184,0.19492836800000002
450,40,Y,97463104,0.194926208
840,89,Y,97446368,0.19489273599999998
127,1150,Y,97427056,0.194854112
78,752,Y,97406392,0.194812784
67,664,Y,97346520,0.19469304
105,974,Y,97315440,0.19463088
64,646,Y,97259568,0.194519136
38,435,Y,97233776,0.194467552
39,444,Y,97186768,0.19437353599999999
794,83,Y,97149328,0.194298656
21,298,Y,97102640,0.19420527999999998
180,6,Y,97084408,0.194168816
104,961,Y,97048008,0.194096016
750,77,Y,97012952,0.194025904
575,55,Y,96999480,0.19399896
838,88,Y,96968440,0.19393688
68,675,Y,96961184,0.193922368
36,421,Y,96947352,0.193894704
88,838,Y,96930104,0.193860208
108,996,Y,96854304,0.193708608
125,1132,Y,96781832,0.193563664
74,726,Y,96755000,0.19351
771,80,Y,96714352,0.193428704
9,204,Y,96653880,0.19330776
2,145,Y,96627920,0.19325583999999998
71,701,Y,96607656,0.193215312
113,1034,Y,96582384,0.193164768
320,24,Y,96570000,0.19314
56,582,Y,96566064,0.193132128
47,509,Y,96562488,0.193124976
288,20,Y,96559936,0.193119872
783,81,Y,96552328,0.19310465599999999
746,77,Y,96480648,0.192961296
99,920,Y,96469592,0.192939184
1034,113,Y,96451840,0.19290368
358,28,Y,96412192,0.192824384
92,864,Y,96405224,0.192810448
590,57,Y,96402216,0.192804432
115,1050,Y,96362480,0.19272496
1146,127,Y,96315552,0.192631104
86,820,Y,96308608,0.192617216
75,731,Y,96204016,0.19240803199999998
11,219,Y,96180704,0.192361408
1125,124,Y,96147936,0.192295872
74,722,Y,96125664,0.192251328
419,36,Y,96114440,0.19222888
501,46,Y,96113040,0.19222608
98,917,Y,96111736,0.192223472
70,693,Y,96107192,0.192214384
1,136,Y,96049840,0.19209968
88,837,Y,96049712,0.192099424
972,105,Y,96032248,0.192064496
64,640,Y,95985208,0.191970416
1074,118,Y,95919272,0.191838544
438,38,Y,95872608,0.191745216
813,85,Y,95870912,0.191741824
99,924,Y,95787112,0.191574224
603,59,Y,95727992,0.191455984
27,351,Y,95694024,0.191388048
390,32,Y,95688696,0.19137739199999998
465,42,Y,95668856,0.191337712
122,1105,Y,95663104,0.191326208
22,305,Y,95650216,0.19130043200000002
90,852,Y,95642432,0.191284864
503,46,Y,95631032,0.19126206399999998
83,794,Y,95602352,0.191204704
851,90,Y,95487136,0.190974272
1076,118,Y,95433536,0.190867072
102,948,Y,95412624,0.190825248
53,556,Y,95397632,0.190795264
33,395,Y,95362680,0.19072536
33,397,Y,95319256,0.190638512
251,15,Y,95285328,0.190570656
370,30,Y,95257352,0.190514704
93,879,Y,95246016,0.190492032
113,1032,Y,95244568,0.190489136
610,60,Y,95231200,0.1904624
605,59,Y,95202552,0.190405104
787,82,Y,95140760,0.19028152
134,0,Y,95129376,0.190258752
13,238,Y,95084008,0.190168016
1044,114,Y,95073936,0.190147872
817,86,Y,95055344,0.190110688
29,367,Y,95045320,0.19009064
65,653,Y,95039248,0.190078496
147,2,Y,95015208,0.190030416
42,471,Y,94953184,0.189906368
332,25,Y,94945672,0.18989134400000002
56,583,Y,94922280,0.18984456
61,620,Y,94912488,0.189824976
709,72,Y,94893424,0.189786848
121,1102,Y,94823208,0.189646416
47,504,Y,94822712,0.189645424
266,17,Y,94822064,0.189644128
903,96,Y,94749792,0.189499584
567,54,Y,94687976,0.189375952
831,87,Y,94671264,0.189342528
12,231,Y,94668056,0.189336112
78,753,Y,94666504,0.189333008
968,105,Y,94601736,0.189203472
355,28,Y,94511376,0.18902275200000002
22,311,Y,94475088,0.188950176
85,812,Y,94445216,0.188890432
0,132,Y,94330056,0.18866011200000002
81,777,Y,94233824,0.18846764800000002
102,949,Y,94196472,0.188392944
15,253,Y,94118792,0.188237584
1127,124,Y,94108960,0.18821791999999998
196,8,Y,94035712,0.18807142400000001
38,432,Y,94016160,0.18803232
14,242,Y,93974208,0.187948416
51,539,Y,93831488,0.187662976
23,314,Y,93803232,0.187606464
1031,112,Y,93795656,0.187591312
67,669,Y,93785024,0.187570048
120,1091,Y,93761400,0.18752280000000002
24,323,Y,93748904,0.187497808
60,615,Y,93680432,0.187360864
37,428,Y,93667648,0.187335296
106,980,Y,93667600,0.1873352
43,478,Y,93635144,0.18727028799999998
67,666,Y,93626960,0.18725392
317,23,Y,93617664,0.187235328
65,654,Y,93590480,0.18718096
519,48,Y,93558656,0.187117312
548,52,Y,93477136,0.186954272
62,630,Y,93459704,0.18691940799999998
96,901,Y,93436824,0.186873648
255,15,Y,93413232,0.186826464
338,26,Y,93396240,0.18679248
80,770,Y,93370048,0.186740096
626,62,Y,93344224,0.18668844799999998
875,93,Y,93234536,0.18646907199999999
8,197,Y,93211312,0.186422624
242,14,Y,93196016,0.186392032
615,60,Y,93177168,0.18635433599999998
35,414,Y,93175200,0.1863504
257,16,Y,93156344,0.186312688
26,340,Y,93139312,0.186278624
106,977,Y,93089920,0.18617983999999999
907,97,Y,93061464,0.186122928
351,27,Y,93054408,0.18610881599999998
177,6,Y,93041240,0.18608248
51,537,Y,93031200,0.1860624
1081,119,Y,93006504,0.186013008
64,644,Y,92922512,0.185845024
454,40,Y,92911368,0.185822736
890,95,Y,92826672,0.185653344
752,78,Y,92737680,0.18547536
1058,116,Y,92714888,0.185429776
103,953,Y,92705296,0.185410592
211,10,Y,92676448,0.185352896
50,531,Y,92567392,0.185134784
100,935,Y,92564456,0.185128912
513,48,Y,92539728,0.185079456
93,872,Y,92511096,0.185022192
78,759,Y,92504136,0.185008272
7,188,Y,92487864,0.184975728
117,1069,Y,92424608,0.184849216
336,26,Y,92367784,0.18473556800000002
55,572,Y,92337256,0.184674512
222,11,Y,92306832,0.184613664
89,844,Y,92299544,0.184599088
52,545,Y,92191200,0.1843824
930,100,Y,92049960,0.18409992
359,28,Y,92001544,0.184003088
60,611,Y,91954424,0.183908848
810,85,Y,91934736,0.183869472
46,503,Y,91906536,0.183813072
883,94,Y,91901456,0.183802912
775,80,Y,91895200,0.1837904
88,833,Y,91858832,0.183717664
49,525,Y,91822056,0.183644112
72,709,Y,91780952,0.183561904
964,104,Y,91770576,0.18354115199999999
156,3,Y,91767360,0.18353472
70,695,Y,91710400,0.1834208
73,718,Y,91697184,0.183394368
1020,111,Y,91651200,0.1833024
816,86,Y,91624968,0.183249936
36,418,Y,91591096,0.183182192
647,64,Y,91577288,0.18315457599999999
577,56,Y,91559192,0.183118384
99,922,Y,91550296,0.183100592
100,931,Y,91545400,0.1830908
188,7,Y,91479584,0.182959168
238,13,Y,91458840,0.18291768
120,1095,Y,91437448,0.18287489599999998
133,0,Y,91434672,0.182869344
42,470,Y,91366096,0.18273219200000002
43,474,Y,91339600,0.1826792
20,294,Y,91317272,0.182634544
49,526,Y,91297504,0.182595008
1019,111,Y,91287864,0.18257572800000002
126,1141,Y,91282856,0.182565712
37,427,Y,91198888,0.182397776
41,463,Y,91143488,0.182286976
56,576,Y,91093144,0.182186288
94,885,Y,91086096,0.18217219199999998
115,1049,Y,91054672,0.182109344
85,814,Y,91043832,0.18208766399999998
20,293,Y,91033040,0.18206608
580,56,Y,91015656,0.182031312
256,16,Y,91002088,0.18200417600000002
927,99,Y,90973008,0.181946016
1122,124,Y,90932040,0.18186407999999998
15,248,Y,90885952,0.181771904
485,44,Y,90816328,0.181632656
431,37,Y,90786456,0.181572912
241,14,Y,90752416,0.18150483199999998
42,469,Y,90731272,0.181462544
468,42,Y,90656152,0.181312304
48,514,Y,90651320,0.18130264000000001
91,859,Y,90646048,0.181292096
443,39,Y,90634488,0.181268976
101,937,Y,90626760,0.18125352
6,183,Y,90612224,0.181224448
99,921,Y,90599336,0.181198672
482,44,Y,90594104,0.181188208
1032,113,Y,90577392,0.181154784
113,1033,Y,90576888,0.181153776
53,553,Y,90526496,0.181052992
108,993,Y,90479200,0.1809584
107,984,Y,90457136,0.18091427200000001
427,37,Y,90436504,0.180873008
489,45,Y,90387704,0.180775408
630,62,Y,90346040,0.18069207999999998
435,38,Y,90307408,0.180614816
20,291,Y,90279656,0.180559312
12,227,Y,90257144,0.180514288
895,95,Y,90197616,0.180395232
7,185,Y,90186016,0.180372032
665,67,Y,89949432,0.17989886400000002
527,49,Y,89873288,0.179746576
704,72,Y,89837944,0.179675888
46,502,Y,89835072,0.179670144
925,99,Y,89828600,0.1796572
1069,117,Y,89822432,0.17964486400000002
104,966,Y,89817576,0.179635152
90,854,Y,89720144,0.179440288
85,810,Y,89525816,0.17905163200000002
270,17,Y,89508504,0.17901700799999998
63,638,Y,89479360,0.17895872000000002
753,78,Y,89470656,0.17894131200000002
902,96,Y,89469224,0.178938448
76,742,Y,89455296,0.178910592
91,858,Y,89422488,0.178844976
15,251,Y,89393032,0.17878606400000002
372,30,Y,89386272,0.178772544
791,82,Y,89381040,0.17876208
293,20,Y,89377928,0.178755856
1004,109,Y,89356744,0.178713488
59,603,Y,89281616,0.178563232
267,17,Y,89262232,0.178524464
1027,112,Y,89224424,0.178448848
125,1129,Y,89173880,0.17834776000000002
98,918,Y,89109336,0.178218672
437,38,Y,89046712,0.178093424
85,808,Y,89042440,0.17808488
113,1035,Y,89002496,0.178004992
90,849,Y,88889056,0.177778112
24,324,Y,88864152,0.177728304
976,106,Y,88838856,0.177677712
539,51,Y,88837776,0.177675552
56,577,Y,88803664,0.17760732799999998
433,38,Y,88792856,0.177585712
24,326,Y,88765816,0.177531632
529,50,Y,88743568,0.177487136
37,429,Y,88724296,0.177448592
55,569,Y,88711224,0.177422448
304,22,Y,88648072,0.177296144
59,605,Y,88612104,0.177224208
737,76,Y,88570696,0.17714139199999998
1133,125,Y,88569296,0.17713859199999998
30,375,Y,88543144,0.177086288
961,104,Y,88538376,0.177076752
684,69,Y,88536184,0.177072368
478,43,Y,88513304,0.177026608
425,37,Y,88491848,0.176983696
385,32,Y,88392000,0.176784
773,80,Y,88344208,0.17668841600000001
532,50,Y,88269264,0.176538528
624,62,Y,88225696,0.17645139199999998
124,1126,Y,88187448,0.176374896
119,1082,Y,88150216,0.17630043199999998
77,747,Y,88142712,0.176285424
339,26,Y,88139440,0.17627888
861,91,Y,88111944,0.176223888
734,75,Y,88100800,0.17620159999999999
309,22,Y,88068048,0.17613609600000002
1052,115,Y,88062584,0.176125168
155,3,Y,88060912,0.176121824
84,800,Y,88050888,0.176101776
66,656,Y,88019360,0.17603872
3,157,Y,88014336,0.176028672
429,37,Y,88007232,0.176014464
4,166,Y,87994864,0.175989728
562,54,Y,87901904,0.175803808
1109,122,Y,87838128,0.175676256
35,412,Y,87771720,0.17554344
508,47,Y,87741376,0.175482752
116,1057,Y,87735128,0.17547025600000002
110,1011,Y,87616736,0.175233472
891,95,Y,87564112,0.175128224
876,93,Y,87543520,0.17508704
884,94,Y,87539840,0.17507968000000002
198,8,Y,87431264,0.174862528
178,6,Y,87348288,0.174696576
824,87,Y,87339224,0.174678448
978,106,Y,87337496,0.174674992
79,760,Y,87280248,0.174560496
123,1118,Y,87265648,0.174531296
555,53,Y,87172112,0.174344224
60,612,Y,87054296,0.174108592
10,213,Y,87045584,0.174091168
905,97,Y,86957200,0.1739144
506,47,Y,86877344,0.173754688
97,907,Y,86859744,0.173719488
402,34,Y,86769760,0.17353952
93,875,Y,86756392,0.173512784
1067,117,Y,86743656,0.173487312
808,85,Y,86736096,0.173472192
79,763,Y,86732520,0.17346504000000001
353,28,Y,86714648,0.173429296
360,29,Y,86705696,0.173411392
38,438,Y,86650400,0.1733008
24,327,Y,86641592,0.17328318399999998
121,1096,Y,86637856,0.173275712
61,622,Y,86565744,0.173131488
54,565,Y,86562040,0.17312408
1,142,Y,86550840,0.17310168
76,736,Y,86524992,0.173049984
37,430,Y,86503248,0.173006496
701,71,Y,86485416,0.172970832
96,896,Y,86448912,0.172897824
796,83,Y,86428144,0.172856288
924,99,Y,86414816,0.172829632
565,54,Y,86412472,0.172824944
94,881,Y,86304752,0.172609504
73,712,Y,86256136,0.17251227200000002
954,103,Y,86219288,0.17243857599999998
7,189,Y,86198712,0.172397424
116,1058,Y,86198152,0.172396304
83,799,Y,86124192,0.172248384
10,208,Y,86108656,0.172217312
67,665,Y,86045832,0.17209166399999998
25,329,Y,86009776,0.172019552
572,55,Y,85981504,0.171963008
604,59,Y,85943912,0.171887824
150,2,Y,85934072,0.171868144
558,53,Y,85902816,0.17180563199999999
90,848,Y,85867496,0.171734992
1010,110,Y,85850944,0.171701888
34,400,Y,85822432,0.171644864
728,75,Y,85817576,0.17163515199999999
668,67,Y,85788744,0.171577488
112,1029,Y,85755192,0.17151038400000002
97,905,Y,85702176,0.171404352
826,87,Y,85598008,0.171196016
568,55,Y,85574248,0.17114849599999998
66,661,Y,85545008,0.171090016
871,92,Y,85536552,0.17107310399999998
114,1042,Y,85530928,0.171061856
305,22,Y,85530368,0.171060736
55,575,Y,85519448,0.171038896
111,1020,Y,85516184,0.171032368
31,380,Y,85509664,0.171019328
832,88,Y,85505592,0.17101118399999998
1068,117,Y,85490520,0.17098104
42,464,Y,85464696,0.17092939199999999
58,598,Y,85454584,0.170909168
1091,120,Y,85418024,0.170836048
23,319,Y,85414952,0.170829904
923,99,Y,85411344,0.170822688
109,1006,Y,85322392,0.170644784
1124,124,Y,85309720,0.17061944
44,487,Y,85234184,0.17046836799999998
0,130,Y,85228208,0.170456416
800,84,Y,85175240,0.17035048
1046,114,Y,85101056,0.170202112
66,663,Y,85088816,0.170177632
530,50,Y,85067064,0.170134128
628,62,Y,85056472,0.170112944
505,47,Y,85034552,0.170069104
45,488,Y,85009944,0.170019888
112,1025,Y,85004328,0.170008656
8,194,Y,84899488,0.169798976
91,863,Y,84897496,0.169794992
10,210,Y,84892664,0.169785328
553,53,Y,84850344,0.169700688
554,53,Y,84813088,0.169626176
1079,118,Y,84790552,0.169581104
214,10,Y,84784152,0.169568304
742,76,Y,84762088,0.169524176
741,76,Y,84688768,0.169377536
16,257,Y,84660376,0.16932075200000002
409,35,Y,84614640,0.16922928
524,49,Y,84587408,0.169174816
53,558,Y,84567904,0.169135808
846,89,Y,84555896,0.169111792
27,348,Y,84526656,0.169053312
1130,125,Y,84519472,0.169038944
84,802,Y,84486632,0.168973264
23,317,Y,84461352,0.168922704
111,1021,Y,84433104,0.168866208
977,106,Y,84426184,0.168852368
50,532,Y,84364840,0.16872968000000002
329,25,Y,84310536,0.168621072
957,103,Y,84299168,0.168598336
498,46,Y,84297472,0.168594944
422,36,Y,84259976,0.168519952
1090,120,Y,84225584,0.16845116799999998
557,53,Y,84169912,0.168339824
5,174,Y,84152680,0.16830536000000001
10,215,Y,84146256,0.168292512
122,1108,Y,84141368,0.16828273600000002
411,35,Y,84108936,0.168217872
76,741,Y,84103512,0.168207024
1129,125,Y,84073648,0.168147296
44,482,Y,84066784,0.168133568
66,662,Y,84062936,0.168125872
1138,126,Y,84057296,0.168114592
136,1,Y,84042048,0.168084096
777,81,Y,84037320,0.16807464
5,172,Y,84031384,0.168062768
100,932,Y,83941304,0.167882608
650,65,Y,83902584,0.167805168
14,246,Y,83854720,0.16770944
69,681,Y,83848944,0.167697888
39,445,Y,83795240,0.16759048000000001
33,392,Y,83783760,0.16756752
51,542,Y,83781712,0.167563424
82,788,Y,83761568,0.167523136
483,44,Y,83738072,0.167476144
833,88,Y,83735456,0.167470912
64,642,Y,83707720,0.16741544
100,928,Y,83705552,0.167411104
76,737,Y,83672320,0.16734464
116,1059,Y,83653696,0.167307392
1112,123,Y,83616416,0.167232832
1008,110,Y,83558304,0.167116608
877,93,Y,83494024,0.166988048
1080,119,Y,83437896,0.16687579200000002
77,750,Y,83416416,0.166832832
45,490,Y,83411352,0.16682270400000002
18,279,Y,83361704,0.166723408
41,459,Y,83340208,0.166680416
258,16,Y,83335336,0.166670672
209,10,Y,83325176,0.166650352
970,105,Y,83310312,0.166620624
132,0,Y,83286056,0.166572112
934,100,Y,83258784,0.166517568
697,71,Y,83237400,0.1664748
92,869,Y,83166208,0.166332416
520,49,Y,83150664,0.166301328
73,714,Y,83107640,0.16621528
559,53,Y,82962408,0.165924816
19,284,Y,82960584,0.165921168
1049,115,Y,82882456,0.165764912
38,433,Y,82863368,0.165726736
839,88,Y,82805456,0.165610912
1035,113,Y,82804688,0.165609376
94,882,Y,82795856,0.165591712
24,320,Y,82729400,0.1654588
812,85,Y,82694392,0.165388784
114,1045,Y,82665160,0.16533032
121,1098,Y,82592008,0.165184016
1094,120,Y,82561464,0.165122928
59,602,Y,82544560,0.16508912
24,321,Y,82542400,0.16508479999999998
90,851,Y,82498584,0.164997168
33,398,Y,82443520,0.16488703999999998
112,1027,Y,82428496,0.16485699199999998
80,768,Y,82193896,0.164387792
953,103,Y,82154224,0.164308448
62,629,Y,82129592,0.164259184
830,87,Y,82121184,0.164242368
15,249,Y,82110768,0.164221536
617,61,Y,82062536,0.164125072
913,98,Y,82051664,0.164103328
114,1044,Y,82050728,0.164101456
65,650,Y,82039552,0.164079104
798,83,Y,81936960,0.16387392
108,998,Y,81935344,0.163870688
670,67,Y,81935128,0.163870256
123,1113,Y,81853512,0.16370702399999998
2,148,Y,81830648,0.163661296
649,65,Y,81738936,0.163477872
2,150,Y,81709664,0.163419328
938,101,Y,81708192,0.163416384
34,404,Y,81705200,0.16341039999999998
80,769,Y,81612248,0.163224496
110,1012,Y,81607792,0.163215584
694,70,Y,81582800,0.1631656
179,6,Y,81535752,0.163071504
95,888,Y,81531200,0.1630624
54,560,Y,81439680,0.16287936
439,38,Y,81439488,0.162878976
834,88,Y,81437296,0.162874592
36,416,Y,81405104,0.162810208
64,647,Y,81400656,0.162801312
71,697,Y,81382056,0.162764112
888,95,Y,81347568,0.16269513600000002
400,34,Y,81343464,0.16268692799999998
43,477,Y,81286520,0.16257304
314,23,Y,81266384,0.162532768
475,43,Y,81250736,0.162501472
2,144,Y,81200648,0.162401296
83,795,Y,81134696,0.16226939199999998
991,107,Y,81058584,0.16211716799999998
54,563,Y,80903152,0.16180630399999998
490,45,Y,80892176,0.161784352
43,476,Y,80803656,0.161607312
62,628,Y,80795280,0.16159056
88,835,Y,80755704,0.161511408
714,73,Y,80652568,0.161305136
716,73,Y,80617672,0.161235344
593,58,Y,80611816,0.161223632
202,9,Y,80492744,0.16098548799999998
908,97,Y,80474680,0.16094936
480,44,Y,80457336,0.160914672
1086,119,Y,80433872,0.160867744
378,31,Y,80418128,0.160836256
47,511,Y,80416784,0.16083356799999998
1028,112,Y,80396256,0.160792512
125,1130,Y,80378352,0.160756704
203,9,Y,80377104,0.16075420799999998
19,286,Y,80371472,0.160742944
44,486,Y,80355736,0.160711472
967,104,Y,80351584,0.160703168
762,79,Y,80258592,0.160517184
318,23,Y,80114864,0.16022972800000002
609,60,Y,80023328,0.160046656
67,671,Y,79956264,0.159912528
1011,110,Y,79954888,0.159909776
705,72,Y,79894272,0.159788544
119,1086,Y,79864752,0.159729504
476,43,Y,79825272,0.159650544
352,28,Y,79785736,0.159571472
855,90,Y,79773800,0.15954759999999998
566,54,Y,79699552,0.15939910399999999
139,1,Y,79691568,0.159383136
106,978,Y,79684720,0.15936944
388,32,Y,79660120,0.15932024
806,84,Y,79654840,0.15930968
324,24,Y,79577208,0.15915441600000002
42,467,Y,79557592,0.159115184
39,446,Y,79469624,0.158939248
122,1106,Y,79449232,0.158898464
284,19,Y,79421784,0.158843568
102,947,Y,79371512,0.158743024
549,52,Y,79351832,0.158703664
844,89,Y,79338224,0.158676448
62,624,Y,79294064,0.15858812800000002
83,798,Y,79288968,0.158577936
77,748,Y,79280480,0.15856096
842,89,Y,79244480,0.15848895999999998
944,102,Y,79202648,0.158405296
54,566,Y,79148864,0.158297728
89,841,Y,79137104,0.158274208
35,415,Y,79119464,0.158238928
328,25,Y,78898744,0.15779748799999999
1085,119,Y,78892376,0.157784752
74,720,Y,78858592,0.15771718399999998
96,902,Y,78853232,0.157706464
695,70,Y,78817656,0.157635312
74,724,Y,78785024,0.157570048
449,40,Y,78751856,0.157503712
36,419,Y,78747936,0.15749587199999998
81,780,Y,78721992,0.157443984
124,1120,Y,78697152,0.157394304
687,69,Y,78648480,0.15729696
556,53,Y,78621088,0.157242176
166,4,Y,78553400,0.1571068
1137,126,Y,78535944,0.157071888
1135,125,Y,78531064,0.15706212800000002
1083,119,Y,78462696,0.156925392
34,407,Y,78459864,0.156919728
602,59,Y,78202952,0.156405904
1099,121,Y,78153408,0.156306816
46,496,Y,78145576,0.15629115200000002
594,58,Y,78112280,0.15622456
1033,113,Y,78101184,0.15620236799999998
14,243,Y,78101096,0.15620219200000002
64,645,Y,78062608,0.15612521599999998
89,842,Y,78047472,0.156094944
33,394,Y,78024296,0.15604859199999999
472,43,Y,77973632,0.155947264
15,255,Y,77953128,0.15590625600000002
26,337,Y,77935744,0.155871488
115,1054,Y,77934112,0.155868224
81,783,Y,77927704,0.155855408
765,79,Y,77920312,0.15584062399999998
829,87,Y,77887728,0.155775456
1056,116,Y,77826896,0.155653792
95,889,Y,77807200,0.15561439999999999
101,940,Y,77803264,0.15560652800000002
118,1074,Y,77753896,0.155507792
7,187,Y,77746440,0.15549288
50,528,Y,77713544,0.155427088
614,60,Y,77708048,0.155416096
853,90,Y,77629712,0.15525942399999998
688,70,Y,77604288,0.155208576
334,25,Y,77563136,0.155126272
75,735,Y,77558408,0.155116816
269,17,Y,77539032,0.155078064
191,7,Y,77403752,0.15480750399999998
1105,122,Y,77376248,0.15475249600000002
481,44,Y,77352992,0.15470598400000002
759,78,Y,77316872,0.15463374400000002
725,74,Y,77299000,0.15459799999999999
135,0,Y,77292024,0.154584048
994,108,Y,77283744,0.154567488
111,1018,Y,77241888,0.15448377600000002
739,76,Y,77179432,0.154358864
127,1148,Y,77119584,0.154239168
9,203,Y,77117280,0.15423456000000002
911,97,Y,77077016,0.154154032
107,991,Y,76904000,0.153808
469,42,Y,76823264,0.153646528
859,91,Y,76700144,0.153400288
72,706,Y,76659392,0.15331878399999999
31,376,Y,76641560,0.15328312
693,70,Y,76634104,0.153268208
760,79,Y,76444896,0.152889792
72,705,Y,76377904,0.152755808
41,456,Y,76352800,0.1527056
931,100,Y,76175792,0.15235158399999998
793,83,Y,76129384,0.15225876800000002
77,751,Y,76064528,0.15212905599999998
71,696,Y,76046976,0.152093952
125,1133,Y,75984464,0.151968928
117,1067,Y,75843176,0.151686352
79,764,Y,75821992,0.151643984
983,106,Y,75790528,0.151581056
85,811,Y,75712048,0.151424096
94,880,Y,75692640,0.15138528
892,95,Y,75609848,0.15121969600000001
717,73,Y,75592560,0.15118512
711,72,Y,75587328,0.151174656
15,250,Y,75580240,0.15116047999999999
616,61,Y,75547104,0.151094208
158,3,Y,75500016,0.151000032
1022,111,Y,75365160,0.15073032
965,104,Y,75346448,0.150692896
885,94,Y,75330104,0.150660208
588,57,Y,75299832,0.150599664
303,21,Y,75285120,0.15057024
898,96,Y,75226000,0.150452
117,1064,Y,75156912,0.15031382399999998
110,1009,Y,75137384,0.150274768
70,692,Y,75136056,0.150272112
249,15,Y,75106512,0.150213024
106,981,Y,74930192,0.14986038399999999
102,950,Y,74854768,0.149709536
149,2,Y,74820488,0.149640976
39,447,Y,74725880,0.14945176000000002
124,1124,Y,74568240,0.14913648000000002
1023,111,Y,74566392,0.14913278400000002
250,15,Y,74557424,0.149114848
561,54,Y,74555264,0.149110528
107,985,Y,74552472,0.149104944
707,72,Y,74547440,0.14909488
698,71,Y,74535360,0.14907072
1047,114,Y,74523544,0.149047088
646,64,Y,74309272,0.14861854400000002
124,1125,Y,74201256,0.14840251200000001
50,529,Y,74189456,0.148378912
635,63,Y,74162792,0.148325584
637,63,Y,74092104,0.148184208
69,684,Y,74058240,0.14811648
606,59,Y,73966392,0.147932784
511,47,Y,73913200,0.1478264
4,162,Y,73887344,0.147774688
311,22,Y,73795008,0.14759001600000002
45,494,Y,73705368,0.147410736
82,787,Y,73625400,0.1472508
78,758,Y,73552584,0.147105168
24,325,Y,73533288,0.147066576
40,454,Y,73515872,0.147031744
160,4,Y,73513400,0.1470268
1039,113,Y,73500768,0.147001536
19,281,Y,73474968,0.146949936
1151,127,Y,73461360,0.14692272
1040,114,Y,73376080,0.14675216
99,926,Y,73289440,0.14657888
13,239,Y,73233104,0.146466208
69,685,Y,73213584,0.146427168
61,618,Y,73196056,0.146392112
31,382,Y,73186552,0.146373104
633,63,Y,73171224,0.146342448
32,385,Y,73171192,0.146342384
287,19,Y,73152296,0.146304592
949,102,Y,73149120,0.14629824
929,100,Y,73101608,0.146203216
162,4,Y,73075704,0.146151408
1006,109,Y,73060512,0.146121024
292,20,Y,72943360,0.14588672
959,103,Y,72890848,0.14578169600000002
107,988,Y,72829624,0.14565924800000002
874,93,Y,72825112,0.145650224
279,18,Y,72788520,0.14557704
60,614,Y,72775480,0.14555096
42,465,Y,72735680,0.14547136
535,50,Y,72700032,0.145400064
563,54,Y,72677328,0.145354656
368,30,Y,72663800,0.1453276
60,610,Y,72655528,0.145311056
398,33,Y,72653712,0.14530742400000002
49,527,Y,72612664,0.14522532800000001
1057,116,Y,72608400,0.1452168
522,49,Y,72551592,0.145103184
88,832,Y,72498864,0.144997728
799,83,Y,72495112,0.144990224
659,66,Y,72357512,0.144715024
984,107,Y,72342592,0.144685184
54,567,Y,72316352,0.144632704
71,703,Y,72241664,0.144483328
124,1127,Y,72226232,0.144452464
62,627,Y,72176032,0.144352064
990,107,Y,72138792,0.144277584
34,402,Y,72117392,0.144234784
38,436,Y,72093632,0.14418726399999998
789,82,Y,72010096,0.144020192
943,101,Y,72007952,0.144015904
396,33,Y,71954560,0.14390912
70,689,Y,71913808,0.14382761600000002
1061,116,Y,71908968,0.143817936
110,1008,Y,71901568,0.143803136
76,738,Y,71901048,0.143802096
65,648,Y,71820408,0.143640816
52,549,Y,71819800,0.1436396
727,74,Y,71786248,0.143572496
51,536,Y,71594328,0.143188656
90,853,Y,71578136,0.143156272
95,894,Y,71531272,0.143062544
313,23,Y,71418856,0.142837712
163,4,Y,71412232,0.142824464
101,941,Y,71282264,0.142564528
1,143,Y,71256016,0.142512032
96,898,Y,71117752,0.142235504
507,47,Y,71107952,0.142215904
537,51,Y,71103344,0.142206688
107,987,Y,71095728,0.142191456
926,99,Y,71043584,0.142087168
99,923,Y,71018008,0.14203601600000001
1048,115,Y,70921336,0.141842672
55,574,Y,70902536,0.141805072
337,26,Y,70700600,0.1414012
245,14,Y,70699472,0.141398944
27,345,Y,70696888,0.141393776
278,18,Y,70622336,0.14124467200000002
1017,111,Y,70549304,0.14109860800000001
1150,127,Y,70526248,0.141052496
50,533,Y,70480704,0.14096140799999998
164,4,Y,70372088,0.140744176
941,101,Y,70194504,0.140389008
636,63,Y,70192896,0.14038579199999998
109,1005,Y,70000096,0.140000192
14,245,Y,69996600,0.1399932
463,41,Y,69906216,0.139812432
850,90,Y,69757528,0.139515056
97,911,Y,69728096,0.13945619199999998
392,33,Y,69390744,0.138781488
54,561,Y,69323432,0.13864686399999998
835,88,Y,69308824,0.138617648
87,829,Y,69193432,0.138386864
462,41,Y,69165280,0.13833056
675,68,Y,69048528,0.138097056
140,1,Y,68945888,0.137891776
343,26,Y,68887912,0.13777582400000002
494,45,Y,68872640,0.13774528
113,1036,Y,68869768,0.137739536
69,687,Y,68849256,0.137698512
73,715,Y,68828640,0.13765728
369,30,Y,68619464,0.137238928
632,63,Y,68575688,0.137151376
660,66,Y,68443552,0.136887104
2,146,Y,68394816,0.136789632
1128,125,Y,68247904,0.136495808
103,959,Y,68247080,0.13649416
397,33,Y,68022824,0.136045648
712,73,Y,67993832,0.13598766399999998
410,35,Y,67946832,0.135893664
326,24,Y,67862296,0.135724592
729,75,Y,67820952,0.135641904
35,409,Y,67809208,0.13561841600000002
276,18,Y,67764736,0.135529472
430,37,Y,67749432,0.135498864
28,352,Y,67659416,0.135318832
86,822,Y,67657776,0.135315552
543,51,Y,67603808,0.135207616
1,140,Y,67547928,0.135095856
92,867,Y,67465704,0.134931408
118,1076,Y,67281864,0.134563728
357,28,Y,67262648,0.134525296
456,41,Y,67113720,0.13422744
715,73,Y,67088888,0.134177776
26,343,Y,67083040,0.13416608
657,66,Y,67067576,0.134135152
807,84,Y,67007560,0.13401512
102,945,Y,66960280,0.13392056
22,304,Y,66767320,0.13353464
83,796,Y,66756504,0.133513008
536,51,Y,66629272,0.133258544
143,1,Y,66567640,0.13313528
937,101,Y,66527968,0.13305593599999999
59,600,Y,66507400,0.1330148
212,10,Y,66445768,0.132891536
86,818,Y,66411440,0.13282288
440,39,Y,66175128,0.132350256
112,1030,Y,66087952,0.132175904
70,688,Y,65974928,0.131949856
517,48,Y,65909912,0.131819824
696,71,Y,65727960,0.13145592
64,641,Y,65674432,0.131348864
72,707,Y,65570456,0.131140912
56,580,Y,65317472,0.130634944
95,891,Y,65263384,0.13052676800000002
821,86,Y,65186072,0.130372144
306,22,Y,65009384,0.130018768
101,938,Y,64914392,0.129828784
115,1048,Y,64545584,0.129091168
1021,111,Y,64396424,0.12879284800000002
418,36,Y,64278248,0.128556496
87,824,Y,64254928,0.128509856
889,95,Y,64069312,0.128138624
415,35,Y,64020960,0.12804192
35,408,Y,63998656,0.127997312
951,102,Y,63898896,0.127797792
93,874,Y,63751984,0.127503968
899,96,Y,63710224,0.127420448
122,1107,Y,63633584,0.127267168
1054,115,Y,63523920,0.12704784
1147,127,Y,63522896,0.127045792
73,717,Y,63453072,0.126906144
601,59,Y,63424920,0.12684984
20,290,Y,63327624,0.126655248
770,80,Y,63259200,0.1265184
275,18,Y,63247504,0.126495008
53,555,Y,63177616,0.126355232
5,173,Y,63127360,0.12625472
100,929,Y,62640960,0.12528192
579,56,Y,62614848,0.125229696
36,422,Y,62521944,0.125043888
788,82,Y,62500128,0.125000256
39,440,Y,62381440,0.12476288
394,33,Y,62315048,0.124630096
124,1121,Y,61901280,0.12380256
294,20,Y,61737608,0.123475216
59,601,Y,61624064,0.12324812800000001
403,34,Y,61622992,0.123245984
102,944,Y,61578632,0.123157264
881,94,Y,60822664,0.121645328
82,791,Y,60572088,0.12114417599999999
12,226,Y,60493104,0.120986208
51,543,Y,60374984,0.120749968
22,309,Y,60337648,0.120675296
987,107,Y,60289816,0.120579632
75,734,Y,59723424,0.119446848
40,449,Y,59539512,0.119079024
426,37,Y,59487456,0.11897491200000002
28,355,Y,59404568,0.118809136
542,51,Y,59075392,0.118150784
93,877,Y,58607368,0.117214736
1029,112,Y,57955312,0.11591062399999999
528,50,Y,57791136,0.11558227200000001
815,85,Y,57492704,0.114985408
82,789,Y,57341184,0.114682368
622,61,Y,55684352,0.111368704
365,29,Y,55355032,0.110710064
416,36,Y,52518056,0.105036112
29,365,Y,52207336,0.10441467200000001
