109,12,N,29997753512,99.99251170666666
103,29,N,29996757028,99.98919009333333
22,112,N,29995368366,99.98456122
15,61,N,29994286826,99.98095608666667
124,108,N,29994096706,99.98032235333334
29,80,N,29993441366,99.97813788666666
12,79,N,29992957846,99.97652615333334
11,87,N,29988195892,99.96065297333332
54,23,N,29987070899,99.95690299666666
94,72,N,29987002653,99.95667551
124,42,N,29986701878,99.95567292666667
22,66,N,29986318012,99.95439337333333
10,71,N,29986151900,99.95383966666667
17,102,N,29985274327,99.95091442333333
80,29,N,29984932952,99.94977650666667
18,126,N,29983971372,99.94657124
38,94,N,29983563471,99.94521157
0,110,N,29980887970,99.93629323333333
112,96,N,29979444316,99.93148105333334
91,65,N,29979359364,99.93119788
52,24,N,29979355890,99.9311863
102,34,N,29979006099,99.93002033
125,15,N,29978564437,99.92854812333334
87,11,N,29976861198,99.92287066
8,82,N,29976583721,99.92194573666666
50,101,N,29976207480,99.9206916
67,35,N,29976175753,99.92058584333333
68,95,N,29974725839,99.91575279666667
34,98,N,29973342076,99.91114025333333
40,13,N,29970896219,99.90298739666666
30,117,N,29970892823,99.90297607666668
0,82,N,29970741104,99.90247034666668
54,3,N,29969337358,99.89779119333333
38,97,N,29968497889,99.89499296333332
65,3,N,29967757623,99.89252541
84,15,N,29967335908,99.89111969333334
36,116,N,29967072435,99.89024144999999
20,122,N,29966280598,99.88760199333333
17,60,N,29964057062,99.88019020666667
15,84,N,29963950404,99.87983468
77,30,N,29963629754,99.87876584666667
125,102,N,29963417683,99.87805894333334
58,102,N,29963129200,99.87709733333332
19,53,N,29961699460,99.87233153333334
118,25,N,29961297304,99.87099101333334
96,10,N,29961257623,99.87085874333333
119,26,N,29960811466,99.86937155333334
93,18,N,29959833572,99.86611190666666
90,21,N,29959316919,99.86438973
96,88,N,29959094077,99.86364692333333
64,18,N,29958260917,99.86086972333334
12,109,N,29957235395,99.85745131666667
71,127,N,29957115355,99.85705118333334
98,34,N,29956646066,99.85548688666667
40,116,N,29956483785,99.85494595
53,121,N,29955593287,99.85197762333333
79,12,N,29955431297,99.85143765666666
114,32,N,29955221119,99.85073706333333
84,41,N,29954533581,99.84844527
42,124,N,29954187220,99.84729073333334
103,4,N,29953452447,99.84484149000001
33,90,N,29953364041,99.84454680333333
25,118,N,29953279022,99.84426340666667
44,127,N,29953017391,99.84339130333333
73,95,N,29952801195,99.84267065
122,20,N,29952333359,99.84111119666666
49,10,N,29952290774,99.84096924666666
81,41,N,29950449739,99.83483246333333
112,22,N,29950187455,99.83395818333334
41,81,N,29949427916,99.83142638666666
81,24,N,29948209070,99.82736356666668
59,32,N,29947695847,99.82565282333333
127,44,N,29947582618,99.82527539333333
85,77,N,29947534415,99.82511471666666
29,103,N,29945947733,99.81982577666668
26,5,N,29945864463,99.81954821
32,114,N,29945689267,99.81896422333332
101,50,N,29945119674,99.81706557999999
75,13,N,29944985258,99.81661752666666
18,100,N,29944942318,99.81647439333334
29,121,N,29944765789,99.81588596333333
9,111,N,29944654438,99.81551479333334
108,50,N,29944406567,99.81468855666667
6,22,N,29942585772,99.80861924
102,125,N,29942212101,99.80737367
127,71,N,29940805443,99.80268481
91,71,N,29940430307,99.80143435666666
113,49,N,29940061828,99.80020609333333
42,9,N,29939856325,99.79952108333333
35,2,N,29939615484,99.79871828
115,64,N,29938532726,99.79510908666667
21,90,N,29938511373,99.79503790999999
102,17,N,29938349869,99.79449956333333
53,117,N,29938268176,99.79422725333333
6,16,N,29936066820,99.7868894
50,108,N,29936034719,99.78678239666667
19,41,N,29935921974,99.78640658
124,126,N,29935794601,99.78598200333333
111,9,N,29935483677,99.78494558999999
114,46,N,29934778464,99.78259487999999
120,82,N,29933681800,99.77893933333334
72,94,N,29933597278,99.77865759333334
117,33,N,29933198437,99.77732812333333
123,14,N,29931612831,99.77204277
3,65,N,29930950660,99.76983553333334
35,94,N,29930143680,99.76714559999999
23,30,N,29929819617,99.76606539000001
26,119,N,29928996558,99.76332186
88,96,N,29928986086,99.76328695333333
68,5,N,29927749582,99.75916527333332
121,15,N,29927710589,99.75903529666667
117,30,N,29926135068,99.75378356
48,15,N,29926120034,99.75373344666667
46,114,N,29925521380,99.75173793333333
69,126,N,29924749580,99.74916526666667
53,19,N,29924273117,99.74757705666667
70,31,N,29924050443,99.74683481
17,117,N,29923931040,99.7464368
110,0,N,29923794040,99.74598013333333
126,69,N,29923260168,99.74420056
4,103,N,29922402999,99.74134332999999
71,2,N,29922376159,99.74125386333334
14,123,N,29921334257,99.73778085666667
13,122,N,29920332747,99.73444248999999
77,27,N,29920124299,99.73374766333333
4,79,N,29919602644,99.73200881333332
60,10,N,29919496957,99.73165652333333
24,81,N,29918991726,99.72997242
1,85,N,29918978456,99.72992818666667
79,4,N,29918786866,99.72928955333333
100,18,N,29918626860,99.7287562
65,14,N,29917396352,99.72465450666667
45,78,N,29917270853,99.72423617666666
104,48,N,29916434245,99.72144748333334
36,3,N,29915538638,99.71846212666667
16,0,N,29915300808,99.71766936
67,27,N,29913761360,99.71253786666666
90,17,N,29913178829,99.71059609666668
65,115,N,29913168086,99.71056028666668
74,53,N,29912872722,99.70957574
57,126,N,29912774483,99.70924827666666
107,42,N,29912334896,99.70778298666667
9,42,N,29911204093,99.70401364333334
97,38,N,29910594728,99.70198242666667
18,64,N,29909882203,99.69960734333333
6,120,N,29909501012,99.69833670666667
2,58,N,29909134441,99.69711480333333
115,4,N,29908934345,99.69644781666666
24,52,N,29908249312,99.69416437333334
59,127,N,29908024270,99.69341423333333
110,23,N,29907417498,99.69139166
61,15,N,29907212865,99.69070955
122,44,N,29906966628,99.68988876
23,50,N,29906365951,99.68788650333333
28,115,N,29905817695,99.68605898333334
110,32,N,29904995462,99.68331820666667
51,125,N,29902392218,99.67464072666667
73,23,N,29902277358,99.67425786
22,6,N,29902168475,99.67389491666667
102,58,N,29901933174,99.67311058
76,116,N,29900728191,99.66909397
82,0,N,29900659649,99.66886549666667
24,51,N,29899711145,99.66570381666666
55,35,N,29899385131,99.66461710333333
34,102,N,29899074684,99.66358228
29,118,N,29898773836,99.66257945333334
94,35,N,29898592096,99.66197365333333
37,94,N,29897584491,99.65861497
13,40,N,29897449389,99.65816463
85,4,N,29896243646,99.65414548666666
108,124,N,29894534314,99.64844771333333
5,106,N,29894091385,99.64697128333333
16,6,N,29893206789,99.64402263
51,24,N,29893170745,99.64390248333333
32,59,N,29891520774,99.63840257999999
5,105,N,29891217486,99.63739162
10,49,N,29891007939,99.63669313
1,125,N,29890386300,99.634621
118,29,N,29889971393,99.63323797666666
64,115,N,29889611042,99.63203680666666
3,54,N,29889464312,99.63154770666667
3,36,N,29888906613,99.62968871
0,16,N,29887345103,99.62448367666667
127,59,N,29885521118,99.61840372666667
14,99,N,29884088417,99.61362805666667
50,23,N,29881809290,99.60603096666667
4,85,N,29880874248,99.60291416
5,26,N,29880814592,99.60271530666667
15,48,N,29880390235,99.60130078333333
30,23,N,29880099966,99.60033322000001
87,48,N,29879301295,99.59767098333333
14,65,N,29872573334,99.57524444666667
37,88,N,29872513017,99.57504338999999
66,9,N,29868882890,99.56294296666667
41,66,N,29867032567,99.55677522333333
120,6,N,29866537940,99.55512646666666
60,17,N,29861286623,99.53762207666666
94,37,N,29860983706,99.53661235333333
83,7,N,29860200061,99.53400020333333
107,126,N,29858894633,99.52964877666666
47,67,N,29858784265,99.52928088333334
63,113,N,29858307885,99.52769295
10,96,N,29857442741,99.52480913666668
105,46,N,29856677779,99.52225926333334
123,47,N,29855055009,99.51685003
105,5,N,29854888498,99.51629499333333
88,42,N,29853610619,99.51203539666666
71,10,N,29852947472,99.50982490666667
9,49,N,29851539303,99.50513101
104,64,N,29850563873,99.50187957666667
122,71,N,29849988991,99.49996330333335
41,19,N,29849244645,99.49748215000001
30,77,N,29849175621,99.49725207
95,73,N,29848913518,99.49637839333333
74,113,N,29848320710,99.49440236666666
95,68,N,29847770525,99.49256841666667
11,105,N,29847058668,99.49019556
31,70,N,29846456495,99.48818831666667
45,1,N,29845079543,99.48359847666667
90,33,N,29843428502,99.47809500666666
98,33,N,29842245089,99.47415029666666
119,36,N,29842233791,99.47411263666666
121,29,N,29840024673,99.46674891
7,83,N,29836956322,99.45652107333333
25,111,N,29835465584,99.45155194666667
91,28,N,29832446686,99.44148895333333
9,66,N,29830893456,99.43631152
13,75,N,29829410792,99.43136930666667
42,107,N,29828286716,99.42762238666667
126,57,N,29825444617,99.41814872333333
4,115,N,29823027205,99.41009068333332
17,90,N,29822303153,99.40767717666667
2,35,N,29822299806,99.40766602
46,98,N,29822104527,99.40701509
11,97,N,29821869593,99.40623197666667
98,46,N,29820277265,99.40092421666667
77,85,N,29818391967,99.39463989000001
105,11,N,29817546437,99.39182145666666
1,45,N,29816471870,99.38823956666667
88,2,N,29815107224,99.38369074666666
48,87,N,29814495169,99.38165056333334
100,32,N,29812922390,99.37640796666668
58,2,N,29812908750,99.3763625
44,122,N,29811621321,99.37207107
82,8,N,29809731612,99.36577204
94,38,N,29809513937,99.36504645666666
46,105,N,29805885461,99.35295153666667
33,98,N,29804796497,99.34932165666666
49,113,N,29803908283,99.34636094333334
115,65,N,29802860651,99.34286883666667
64,104,N,29798535720,99.3284524
116,76,N,29793841697,99.31280565666667
53,74,N,29791062496,99.30354165333334
28,91,N,29790425863,99.30141954333334
117,17,N,29789816647,99.29938882333333
42,88,N,29786386947,99.28795649
116,40,N,29782245305,99.27415101666666
29,91,N,29779915724,99.26638574666666
86,47,N,29779598505,99.26532835
47,123,N,29779410357,99.26470119000001
99,14,N,29777814275,99.25938091666666
32,110,N,29776892244,99.25630747999999
78,45,N,29776069128,99.25356375999999
62,101,N,29771923625,99.23974541666666
67,47,N,29764120079,99.21373359666667
121,53,N,29763231904,99.21077301333334
106,5,N,29762789918,99.20929972666667
48,119,N,29757445647,99.19148548999999
27,67,N,29756962335,99.18987445
108,10,N,29756310062,99.18770020666666
89,60,N,29752128471,99.17376157
113,74,N,29750961013,99.16987004333333
41,84,N,29750181042,99.16727014
8,125,N,29749774036,99.16591345333333
85,1,N,29746640833,99.15546944333333
10,108,N,29745330760,99.15110253333333
88,37,N,29745104511,99.15034837
113,63,N,29745096852,99.15032284
36,119,N,29739672862,99.13224287333333
23,110,N,29735798548,99.11932849333334
60,89,N,29728692275,99.09564091666667
66,22,N,29728251200,99.09417066666667
23,73,N,29725748482,99.08582827333333
48,104,N,29721352156,99.07117385333333
125,51,N,29718472533,99.06157511
66,41,N,29716810886,99.05603628666667
117,53,N,29714977340,99.04992446666667
96,112,N,29713883257,99.04627752333333
125,8,N,29712314324,99.04104774666666
116,36,N,29710045595,99.03348531666667
49,9,N,29707321180,99.02440393333333
7,82,N,29704047808,99.01349269333333
101,34,N,29702976315,99.00992105
64,13,N,29700679511,99.00226503666667
2,88,N,29697780006,98.99260002
125,1,N,29695104158,98.98368052666666
35,55,N,29685546712,98.95182237333333
5,68,N,29683451590,98.94483863333333
126,124,N,29669726780,98.89908926666666
47,86,N,29666601524,98.88867174666667
97,11,N,29665590410,98.88530136666667
65,91,N,29665316560,98.88438853333334
106,1,N,29660319507,98.86773169
10,60,N,29650688223,98.83562741
82,7,N,29650177903,98.83392634333333
1,106,N,29633779173,98.77926391
82,120,N,29627552733,98.75850911
27,77,N,29627301929,98.75767309666666
126,18,N,29622910506,98.74303502000001
109,28,N,29622886023,98.74295341
122,13,N,29622572564,98.74190854666666
126,107,N,29622211545,98.74070515
35,67,N,29610512989,98.70170996333333
2,99,N,29595893377,98.65297792333332
111,25,N,29591589974,98.63863324666666
71,122,N,29588742199,98.62914066333333
115,28,N,29581057279,98.60352426333333
99,2,N,29565105076,98.55035025333333
71,91,N,29561683282,98.53894427333333
15,125,N,29560305660,98.5343522
32,100,N,29557164417,98.52388139
101,62,N,29551425194,98.50475064666666
2,71,N,29544282240,98.4809408
34,101,N,29542865385,98.47621795
33,117,N,29538598258,98.46199419333334
119,48,N,29535708731,98.45236243666666
13,64,N,29472577673,98.24192557666666
23,54,N,29454307209,98.18102403
18,93,N,29337969752,97.79323250666667
91,29,N,29322745521,97.74248507
28,109,N,29200952679,97.33650893
15,121,N,29175561006,97.25187002
63,60,N,16109001722,53.696672406666664
92,120,N,11820501936,39.401673120000005
56,73,N,11590808206,38.63602735333333
93,101,N,11445295398,38.15098466
73,63,N,11244681537,37.48227179
123,101,N,10628950179,35.42983393
44,53,N,10029715422,33.432384739999996
92,38,N,9378983118,31.26327706
52,76,N,9349512568,31.165041893333335
78,116,N,9186974313,30.62324771
83,41,N,9117199936,30.39066645333333
55,59,N,9027323296,30.091077653333333
39,47,N,8906435329,29.68811776333333
43,96,N,8876812013,29.589373376666668
56,97,N,8861966680,29.539888933333337
80,127,N,8820728000,29.402426666666663
87,32,N,8762651312,29.208837706666667
51,59,N,8673810416,28.91270138666667
61,76,N,8610927576,28.703091920000002
20,17,N,8555007976,28.51669325333333
87,111,N,8523790504,28.412635013333333
109,56,N,8512768680,28.3758956
38,33,N,8411224320,28.0374144
92,124,N,8408232892,28.027442973333333
94,122,N,8401152380,28.00384126666667
86,111,N,8091636192,26.972120640000004
111,120,N,8084545008,26.948483359999997
31,27,N,8069633584,26.898778613333334
92,91,N,7959870864,26.532902879999998
43,74,N,7921931296,26.40643765333333
76,46,N,7847622968,26.158743226666665
30,6,N,7844464591,26.148215303333334
101,123,N,7815650718,26.05216906
55,42,N,7773063896,25.910212986666664
1005,109,Y,7759595456,25.86531818666667
97,98,N,7756173767,25.85391255666667
100,47,N,7646379736,25.487932453333332
76,65,N,7641583040,25.47194346666667
84,30,N,7594933138,25.31644379333333
81,38,N,7562910957,25.20970319
50,24,N,7523773667,25.079245556666667
118,105,N,7439891152,24.799637173333334
83,11,N,7334752240,24.449174133333333
93,46,N,7185627600,23.952092
57,99,N,7085911193,23.619703976666667
69,34,N,6901076494,23.003588313333335
86,102,N,6704564457,22.34854819
31,0,N,6703080800,22.34360266666667
69,59,N,6685910944,22.286369813333334
101,93,N,6564657128,21.882190426666668
79,69,N,6528446896,21.76148965333333
31,20,N,6524082545,21.746941816666666
45,49,N,6520396440,21.7346548
70,113,N,6467482120,21.558273733333333
120,127,N,6370680430,21.235601433333333
60,609,Y,6328116168,21.09372056
16,5,N,6261389792,20.871299306666664
21,40,N,6185666608,20.618888693333336
111,87,N,6151026696,20.503422320000002
107,95,N,6137333528,20.457778426666668
98,51,N,6111047768,20.37015922666667
21,25,N,6092063296,20.306877653333334
124,52,N,6034107304,20.113691013333334
72,67,N,5991727968,19.972426560000002
62,20,N,5923152928,19.743843093333332
37,86,N,5872430771,19.57476923666667
106,81,N,5815677709,19.385592363333334
62,96,N,5813547256,19.378490853333332
61,79,N,5766273136,19.220910453333335
20,62,N,5707310920,19.024369733333334
80,108,N,5687466832,18.958222773333333
97,49,N,5685180424,18.950601413333334
26,35,N,5667270503,18.890901676666665
38,92,N,5642995792,18.809985973333333
57,75,N,5580478944,18.601596479999998
63,48,N,5560839096,18.536130319999998
8,62,N,5536869708,18.456232359999998
43,78,N,5481291168,18.27097056
7,6,N,5478566633,18.261888776666666
127,120,N,5474694016,18.248980053333334
61,20,N,5418775455,18.06258485
85,81,N,5409251091,18.03083697
122,94,N,5390506016,17.968353386666667
56,109,N,5381885712,17.93961904
69,44,N,5336851648,17.789505493333333
72,80,N,5336252864,17.787509546666666
39,21,N,5317286168,17.724287226666664
31,60,N,5307186856,17.69062285333333
7,55,N,5301853240,17.672844133333335
27,1,N,5292784582,17.642615273333334
21,7,N,5275275192,17.58425064
90,68,N,5243204984,17.477349946666667
38,81,N,5241989496,17.47329832
72,104,N,5213809120,17.379363733333335
120,111,N,5209970352,17.36656784
44,24,N,5190477237,17.30159079
43,58,N,5185296988,17.284323293333333
58,83,N,5173434880,17.244782933333333
69,79,N,5133016952,17.110056506666666
86,37,N,5129019592,17.096731973333334
0,14,N,5073452240,16.911507466666666
80,77,N,5056202592,16.85400864
39,22,N,5051601904,16.838673013333334
45,16,N,5032199928,16.77399976
49,45,N,5030948208,16.76982736
37,61,N,4991444864,16.638149546666668
124,92,N,4969275304,16.564251013333333
7,21,N,4887561032,16.291870106666668
8,55,N,4865936632,16.21978877333333
78,114,N,4784254784,15.947515946666666
55,7,N,4765774784,15.885915946666668
70,62,N,4763233320,15.877444399999998
74,87,N,4741364504,15.804548346666666
103,92,N,4719095896,15.730319653333332
27,40,N,4714113922,15.713713073333333
73,116,N,4696263136,15.654210453333334
52,70,N,4695414007,15.651380023333333
106,100,N,4673070192,15.57690064
63,93,N,4667740600,15.559135333333332
57,66,N,4652906880,15.509689600000002
32,87,N,4647135072,15.490450240000001
112,110,N,4644681056,15.482270186666666
59,51,N,4641946080,15.4731536
78,43,N,4635562874,15.451876246666666
40,95,N,4625681864,15.418939546666666
86,106,N,4622748800,15.409162666666667
40,27,N,4608968731,15.363229103333333
6,30,N,4594174552,15.313915173333333
37,75,N,4591702768,15.305675893333333
68,90,N,4584662688,15.282208959999998
93,84,N,4583660864,15.278869546666668
78,84,N,4571985031,15.239950103333333
84,93,N,4545400441,15.151334803333333
96,62,N,4511661496,15.038871653333333
95,40,N,4510634056,15.035446853333333
13,4,N,4482033456,14.940111519999999
39,9,N,4476424738,14.921415793333335
54,66,N,4445651384,14.818837946666665
49,97,N,4434518408,14.781728026666666
433,38,Y,4408134896,14.693782986666667
54,114,N,4385890992,14.61963664
39,43,N,4383100144,14.610333813333334
24,50,N,4343119232,14.477064106666667
79,88,N,4321774680,14.4059156
65,76,N,4320963160,14.403210533333333
75,112,N,4283579176,14.278597253333333
99,90,N,4274517112,14.248390373333333
106,86,N,4257875056,14.192916853333335
432,38,Y,4246781104,14.155937013333334
53,44,N,4245490232,14.151634106666666
51,98,N,4213885992,14.04628664
20,31,N,4206617600,14.022058666666668
89,83,N,4176596376,13.921987920000001
25,28,N,4169246184,13.897487280000002
119,123,N,4165499680,13.884998933333334
89,107,N,4142881843,13.809606143333333
100,85,N,4117821168,13.72607056
22,26,N,4108290504,13.69430168
882,94,Y,4089926528,13.633088426666667
120,92,N,4081570108,13.605233693333332
66,57,N,4060736352,13.53578784
76,61,N,4060380560,13.534601866666668
25,21,N,4058638240,13.528794133333333
108,121,N,4037571423,13.458571410000001
46,93,N,4023905400,13.413018
61,37,N,3969872584,13.232908613333333
26,22,N,3964633065,13.21544355
118,77,N,3961491864,13.20497288
43,39,N,3953614768,13.178715893333335
14,0,N,3947033224,13.156777413333334
0,31,N,3923442799,13.078142663333333
103,75,N,3918799848,13.06266616
87,74,N,3905080584,13.01693528
62,8,N,3879781772,12.932605906666666
74,123,N,3878420688,12.92806896
75,37,N,3862906264,12.876354213333332
877,93,Y,3861119536,12.870398453333335
92,103,N,3843580936,12.811936453333333
680,69,Y,3831617496,12.77205832
60,31,N,3805683568,12.685611893333334
89,119,N,3798808880,12.662696266666668
885,94,Y,3783316056,12.61105352
52,124,N,3780972663,12.603242210000001
68,14,N,3750714856,12.502382853333332
121,108,N,3741634288,12.472114293333334
183,6,Y,3737798728,12.459329093333334
66,54,N,3725455768,12.418185893333334
604,59,Y,3719072424,12.396908080000001
14,68,N,3707497384,12.358324613333334
60,63,N,3695160384,12.317201279999999
8,51,N,3686362184,12.287873946666666
117,82,N,3663502288,12.211674293333333
181,6,Y,3645473565,12.15157855
28,3,N,3634995656,12.116652186666666
109,103,N,3632508776,12.108362586666667
112,115,N,3624284928,12.08094976
235,13,Y,3619332000,12.06444
24,44,N,3612533640,12.0417788
498,46,Y,3611128248,12.03709416
34,64,N,3610397664,12.03465888
59,69,N,3603415080,12.0113836
75,103,N,3586541352,11.95513784
59,55,N,3584792935,11.949309783333334
1107,122,Y,3560138864,11.867129546666666
85,100,N,3545211464,11.817371546666667
111,86,N,3530763424,11.769211413333332
884,94,Y,3522347040,11.741156799999999
40,21,N,3501460464,11.67153488
887,94,Y,3498247672,11.660825573333334
81,106,N,3497167160,11.657223866666666
487,44,Y,3479301721,11.597672403333334
562,54,Y,3472266880,11.574222933333333
50,18,N,3471472648,11.571575493333333
73,56,N,3470947144,11.569823813333334
391,32,Y,3465967088,11.553223626666668
58,99,N,3462874304,11.542914346666667
52,57,N,3448028640,11.4934288
103,109,N,3433344200,11.444480666666665
70,107,N,3431315003,11.437716676666666
27,31,N,3426725560,11.422418533333333
83,58,N,3414225303,11.38075101
70,52,N,3404395443,11.34798481
12,19,N,3399157960,11.330526533333334
99,57,N,3387257368,11.290857893333333
105,121,N,3373678424,11.245594746666667
12,67,N,3372589992,11.241966640000001
826,87,Y,3359404608,11.19801536
57,52,N,3353753152,11.179177173333334
123,119,N,3343546392,11.145154640000001
1111,122,Y,3338775840,11.1292528
28,25,N,3335902000,11.119673333333333
79,61,N,3333974064,11.11324688
68,104,N,3329938528,11.099795093333334
16,45,N,3317683184,11.058943946666666
55,8,N,3308081824,11.026939413333334
104,68,N,3304688624,11.015628746666668
540,51,Y,3303418648,11.011395493333334
970,105,Y,3295648977,10.98549659
95,107,N,3293824800,10.979416
279,18,Y,3290380896,10.96793632
5,16,N,3290078008,10.966926693333333
829,87,Y,3283208208,10.94402736
109,118,N,3282671856,10.94223952
1057,116,Y,3282343848,10.941146159999999
36,45,N,3280806833,10.936022776666666
114,110,N,3278789008,10.929296693333333
33,38,N,3273741656,10.912472186666665
320,24,Y,3255267592,10.850891973333333
56,3,N,3251974144,10.839913813333334
536,51,Y,3241967576,10.806558586666666
865,92,Y,3226070184,10.75356728
817,86,Y,3214928288,10.716427626666666
64,34,N,3208812480,10.696041600000001
123,74,N,3190526440,10.635088133333333
943,101,Y,3189807284,10.632690946666665
435,38,Y,3183576840,10.6119228
780,81,Y,3181274962,10.604249873333334
102,86,N,3175075272,10.58358424
89,113,N,3172713360,10.5757112
1092,120,Y,3171024760,10.570082533333332
915,98,Y,3167087562,10.55695854
165,4,Y,3163969440,10.546564799999999
1027,112,Y,3160621598,10.535405326666666
1,27,N,3154502488,10.515008293333333
880,94,Y,3149122856,10.497076186666666
349,27,Y,3148371087,10.49457029
47,100,N,3145461936,10.48487312
4,13,N,3142359960,10.4745332
867,92,Y,3127090096,10.423633653333333
121,105,N,3124939200,10.416464
42,55,N,3121399800,10.404666
1106,122,Y,3115748160,10.3858272
83,89,N,3110251416,10.36750472
84,78,N,3103434052,10.344780173333334
390,32,Y,3095266944,10.317556479999999
602,59,Y,3087967472,10.293224906666666
178,6,Y,3081903008,10.273010026666666
818,86,Y,3081889200,10.272964
182,6,Y,3060175793,10.200585976666666
273,18,Y,3058863248,10.196210826666666
784,82,Y,3054009488,10.180031626666667
107,70,N,3029070296,10.096900986666666
1145,127,Y,3025071152,10.083570506666668
443,39,Y,3022271360,10.074237866666666
179,6,Y,3012254320,10.040847733333333
36,19,N,3009358120,10.031193733333334
80,72,N,3008427232,10.028090773333332
110,112,N,2985212568,9.95070856
883,94,Y,2976229920,9.9207664
95,104,N,2960129392,9.867097973333333
63,73,N,2960033512,9.866778373333334
77,118,N,2954139872,9.847132906666667
1061,116,Y,2951990032,9.839966773333334
20,61,N,2946943320,9.8231444
16,19,N,2938389992,9.794633306666666
177,6,Y,2936309720,9.787699066666667
46,76,N,2932459312,9.774864373333333
75,57,N,2929705656,9.76568552
114,78,N,2924663664,9.74887888
876,93,Y,2922471152,9.741570506666667
871,92,Y,2916501360,9.7216712
12,26,N,2899616992,9.665389973333333
67,12,N,2896364056,9.654546853333333
936,101,Y,2895818552,9.652728506666666
534,50,Y,2894140704,9.64713568
854,90,Y,2893441128,9.64480376
266,17,Y,2891414744,9.638049146666667
90,99,N,2882792376,9.609307920000001
503,46,Y,2881561720,9.605205733333333
509,47,Y,2877333704,9.591112346666666
25,72,N,2875717664,9.585725546666666
1018,111,Y,2871238368,9.57079456
521,49,Y,2863191660,9.5439722
940,101,Y,2858010752,9.526702506666666
324,24,Y,2854847030,9.516156766666667
575,55,Y,2854275616,9.514252053333333
33,11,N,2831301256,9.437670853333334
21,39,N,2829462680,9.431542266666666
1117,123,Y,2823851576,9.412838586666666
600,59,Y,2822904400,9.409681333333333
971,105,Y,2820845040,9.4028168
93,63,N,2818680330,9.3956011
496,46,Y,2817896528,9.392988426666667
81,85,N,2813564440,9.378548133333334
711,72,Y,2810811440,9.369371466666667
1120,124,Y,2807503424,9.358344746666667
938,101,Y,2805669640,9.352232133333334
91,92,N,2803510904,9.345036346666667
776,81,Y,2799503632,9.331678773333334
1116,123,Y,2787005008,9.290016693333333
72,25,N,2781868608,9.27289536
683,69,Y,2777348260,9.257827533333334
34,69,N,2775158568,9.25052856
952,103,Y,2773118456,9.243728186666667
114,54,N,2772963264,9.24321088
19,12,N,2765136016,9.217120053333334
528,50,Y,2762154672,9.20718224
855,90,Y,2760671944,9.202239813333334
112,75,N,2758224800,9.194082666666667
104,72,N,2756742912,9.18914304
76,52,N,2753570728,9.178569093333333
686,69,Y,2746557808,9.155192693333333
569,55,Y,2742889064,9.142963546666667
554,53,Y,2738257552,9.127525173333334
1093,120,Y,2726940352,9.089801173333335
624,62,Y,2722860864,9.07620288
97,56,N,2719691800,9.065639333333333
473,43,Y,2709042072,9.03014024
437,38,Y,2705374712,9.017915706666667
601,59,Y,2704018600,9.013395333333333
886,94,Y,2695489440,8.9849648
802,84,Y,2689803676,8.966012253333332
506,47,Y,2685285688,8.950952293333334
813,85,Y,2681447728,8.938159093333335
1122,124,Y,2680189296,8.93396432
875,93,Y,2677749032,8.925830106666668
524,49,Y,2676671896,8.922239653333333
934,100,Y,2676567416,8.921891386666667
535,50,Y,2676121904,8.920406346666667
319,23,Y,2669992320,8.899974400000001
861,91,Y,2668421360,8.894737866666667
1127,124,Y,2666217664,8.887392213333333
793,83,Y,2663928544,8.879761813333333
539,51,Y,2663423776,8.878079253333333
572,55,Y,2660482824,8.86827608
533,50,Y,2660072528,8.866908426666667
237,13,Y,2658781016,8.862603386666667
1108,122,Y,2653795120,8.845983733333334
213,10,Y,2647911353,8.826371176666667
376,31,Y,2643105320,8.810351066666666
942,101,Y,2639367096,8.79789032
972,105,Y,2637989136,8.79329712
1058,116,Y,2636859224,8.789530746666667
523,49,Y,2633749328,8.779164426666666
937,101,Y,2630746152,8.769153840000001
189,7,Y,2628228720,8.760762399999999
290,20,Y,2627211896,8.757372986666667
163,4,Y,2624410080,8.748033600000001
327,24,Y,2623786740,8.7459558
110,114,N,2621656232,8.738854106666667
982,106,Y,2621006248,8.736687493333333
622,61,Y,2616826800,8.722756
478,43,Y,2612667662,8.708892206666667
199,8,Y,2608151456,8.693838186666666
1017,111,Y,2606996224,8.689987413333334
869,92,Y,2606429216,8.688097386666668
1063,116,Y,2603991488,8.679971626666665
768,80,Y,2599862592,8.66620864
630,62,Y,2596213016,8.654043386666666
388,32,Y,2593573440,8.6452448
709,72,Y,2586618152,8.622060506666667
629,62,Y,2585419904,8.618066346666668
614,60,Y,2580083896,8.600279653333333
1059,116,Y,2576921840,8.589739466666666
1114,123,Y,2574849840,8.5828328
74,43,N,2570973040,8.569910133333334
387,32,Y,2570388608,8.567962026666667
557,53,Y,2570042468,8.566808226666666
531,50,Y,2561467688,8.538225626666666
559,53,Y,2558509552,8.528365173333333
859,91,Y,2555016816,8.51672272
864,92,Y,2552443681,8.508145603333334
167,4,Y,2550112320,8.5003744
573,55,Y,2548616384,8.495387946666668
1045,114,Y,2546716816,8.489056053333334
752,78,Y,2543022602,8.476742006666667
18,50,N,2542865120,8.476217066666667
501,46,Y,2540860384,8.469534613333334
488,45,Y,2528514472,8.428381573333334
100,106,N,2527196608,8.423988693333333
17,20,N,2525859488,8.419531626666666
62,70,N,2522056363,8.406854543333333
911,97,Y,2518837672,8.396125573333334
44,69,N,2518046968,8.393489893333333
407,34,Y,2515920304,8.386401013333334
939,101,Y,2513567126,8.378557086666667
305,22,Y,2511539496,8.37179832
770,80,Y,2511067144,8.370223813333332
263,16,Y,2510177272,8.367257573333333
721,74,Y,2502036304,8.340121013333333
765,79,Y,2499334408,8.331114693333333
916,98,Y,2492497840,8.308326133333335
162,4,Y,2489898912,8.299663039999999
269,17,Y,2489802848,8.299342826666667
241,14,Y,2481175536,8.27058512
930,100,Y,2480775424,8.269251413333334
1094,120,Y,2478742104,8.26247368
386,32,Y,2476137957,8.25379319
1150,127,Y,2474994880,8.249982933333333
233,13,Y,2469119040,8.230396800000001
265,17,Y,2468458912,8.228196373333335
238,13,Y,2461095840,8.2036528
116,73,N,2456128136,8.187093786666665
19,36,N,2456064848,8.186882826666666
932,100,Y,2455564720,8.185215733333333
1091,120,Y,2454894760,8.182982533333332
30,84,N,2454555408,8.18185136
326,24,Y,2454211142,8.180703806666667
325,24,Y,2450028904,8.166763013333334
140,1,Y,2448894564,8.16298188
234,13,Y,2446556192,8.155187306666667
297,21,Y,2443745128,8.145817093333333
35,26,N,2442627392,8.142091306666668
777,81,Y,2439061960,8.130206533333334
1112,123,Y,2430623576,8.102078586666666
1109,122,Y,2427141600,8.090472
831,87,Y,2425181208,8.08393736
26,12,N,2419216472,8.064054906666666
427,37,Y,2413420200,8.044734
920,99,Y,2409858624,8.03286208
965,104,Y,2409803072,8.032676906666666
136,1,Y,2408569635,8.02856545
139,1,Y,2405326816,8.017756053333333
738,76,Y,2405219134,8.017397113333333
323,24,Y,2404120760,8.013735866666668
1149,127,Y,2403865904,8.012886346666667
672,68,Y,2397519312,7.9917310399999995
381,31,Y,2397482568,7.99160856
412,35,Y,2389690341,7.96563447
479,43,Y,2388202024,7.960673413333333
379,31,Y,2386139628,7.95379876
402,34,Y,2385794104,7.952647013333333
694,70,Y,2384566024,7.948553413333332
51,8,N,2378940336,7.9298011200000005
704,72,Y,2374462776,7.91487592
212,10,Y,2370676800,7.902256
619,61,Y,2368921616,7.896405386666666
98,97,N,2363736552,7.87912184
77,80,N,2361428304,7.87142768
781,81,Y,2360103184,7.867010613333333
56,54,N,2359641760,7.865472533333333
631,62,Y,2358974512,7.863248373333333
346,27,Y,2357822344,7.859407813333333
209,10,Y,2356207864,7.854026213333333
541,51,Y,2355583936,7.851946453333333
791,82,Y,2346604320,7.8220144000000005
603,59,Y,2345262664,7.817542213333334
45,36,N,2344664472,7.81554824
88,79,N,2341907200,7.806357333333333
655,65,Y,2336742008,7.789140026666666
874,93,Y,2333579808,7.77859936
810,85,Y,2333305040,7.777683466666667
825,87,Y,2332661056,7.775536853333333
807,84,Y,2332339187,7.774463956666667
923,99,Y,2331908232,7.773027439999999
232,13,Y,2324262240,7.7475407999999995
1088,120,Y,2320822952,7.736076506666667
47,39,N,2320033856,7.733446186666666
278,18,Y,2315529600,7.718432
667,67,Y,2314556944,7.715189813333333
755,78,Y,2312952400,7.709841333333333
607,59,Y,2311895080,7.7063169333333335
763,79,Y,2311675648,7.705585493333333
921,99,Y,2311118080,7.703726933333334
107,89,N,2310025672,7.700085573333333
978,106,Y,2309890816,7.699636053333333
639,63,Y,2309755032,7.69918344
258,16,Y,2308812056,7.696040186666667
558,53,Y,2308172624,7.693908746666667
185,7,Y,2308092640,7.693642133333334
947,102,Y,2306429120,7.688097066666668
526,49,Y,2306165480,7.687218266666666
764,79,Y,2305369536,7.68456512
981,106,Y,2303666448,7.67888816
1062,116,Y,2302041904,7.673473013333333
609,60,Y,2300185544,7.667285146666666
702,71,Y,2296795328,7.655984426666667
19,16,N,2293784656,7.645948853333333
1060,116,Y,2288268688,7.627562293333333
1139,126,Y,2280096480,7.6003216
180,6,Y,2277721280,7.592404266666667
1020,111,Y,2276596896,7.588656320000001
676,68,Y,2275679016,7.58559672
198,8,Y,2267478400,7.558261333333334
684,69,Y,2261596496,7.538654986666667
133,0,Y,2260729512,7.53576504
894,95,Y,2260179432,7.53393144
888,95,Y,2259768808,7.532562693333333
950,102,Y,2258370616,7.527902053333333
444,39,Y,2254444888,7.514816293333333
605,59,Y,2254090568,7.513635226666667
1077,118,Y,2253191023,7.510636743333333
1033,113,Y,2252257488,7.5075249600000005
860,91,Y,2249630792,7.4987693066666665
272,18,Y,2247789888,7.492632959999999
1016,111,Y,2247072160,7.490240533333334
459,41,Y,2242964915,7.476549716666667
858,91,Y,2241048624,7.47016208
919,98,Y,2238407008,7.461356693333333
188,7,Y,2233457616,7.44485872
1113,123,Y,2233437584,7.444791946666666
187,7,Y,2228038488,7.42679496
292,20,Y,2226428848,7.421429493333333
816,86,Y,2224087296,7.413624319999999
789,82,Y,2216314840,7.387716133333333
1041,114,Y,2216017096,7.386723653333334
1071,117,Y,2215851360,7.3861712
270,17,Y,2215577752,7.385259173333333
701,71,Y,2215212000,7.38404
868,92,Y,2214446336,7.381487786666667
678,68,Y,2211176176,7.3705872533333325
542,51,Y,2210570432,7.368568106666666
988,107,Y,2207663344,7.358877813333334
462,41,Y,2203327856,7.3444261866666665
822,86,Y,2201468992,7.338229973333334
406,34,Y,2200963800,7.336545999999999
6,7,N,2197753112,7.325843706666666
1023,111,Y,2196384264,7.32128088
553,53,Y,2196189864,7.32063288
351,27,Y,2192178260,7.307260866666667
1126,124,Y,2190571850,7.301906166666666
54,56,N,2189436696,7.29812232
620,61,Y,2187175240,7.290584133333333
628,62,Y,2183469016,7.278230053333333
439,38,Y,2181656560,7.272188533333333
852,90,Y,2179769992,7.265899973333332
933,100,Y,2177870832,7.259569439999999
695,70,Y,2174918635,7.249728783333333
979,106,Y,2174325072,7.24775024
803,84,Y,2173588912,7.245296373333334
590,57,Y,2169945640,7.233152133333333
801,84,Y,2168735136,7.229117120000001
757,78,Y,2168539392,7.22846464
502,46,Y,2167357760,7.224525866666667
504,47,Y,2165597880,7.2186596000000005
720,74,Y,2164063456,7.213544853333333
239,13,Y,2163559568,7.211865226666666
650,65,Y,2161960664,7.206535546666666
1128,125,Y,2161340160,7.204467200000001
118,109,N,2156996482,7.189988273333333
274,18,Y,2151295912,7.170986373333334
1040,114,Y,2146076688,7.1535889599999996
247,14,Y,2146042560,7.153475199999999
760,79,Y,2145857608,7.152858693333333
652,65,Y,2145533872,7.151779573333333
363,29,Y,2145210240,7.1507008
766,79,Y,2142945696,7.1431523199999996
613,60,Y,2141697672,7.13899224
255,15,Y,2141502499,7.138341663333334
168,5,Y,2140088288,7.133627626666667
1148,127,Y,2135687340,7.1189578000000004
555,53,Y,2134458485,7.1148616166666665
1066,117,Y,2134317600,7.114392
193,8,Y,2134104208,7.113680693333333
82,117,N,2133223760,7.110745866666666
452,40,Y,2130824144,7.102747146666667
375,30,Y,2128686222,7.09562074
578,56,Y,2124237576,7.08079192
11,83,N,2123500184,7.078333946666667
1146,127,Y,2121248320,7.070827733333333
438,38,Y,2120210864,7.067369546666667
890,95,Y,2119105920,7.063686399999999
447,39,Y,2118501672,7.06167224
469,42,Y,2118135095,7.060450316666667
342,26,Y,2115877008,7.05292336
928,100,Y,2115210464,7.050701546666667
149,2,Y,2111376816,7.037922720000001
725,74,Y,2111357280,7.0378576
606,59,Y,2107929416,7.026431386666666
511,47,Y,2107599856,7.025332853333334
907,97,Y,2107018980,7.0233966
202,9,Y,2105764144,7.019213813333333
615,60,Y,2104209840,7.0140328
812,85,Y,2102682472,7.008941573333333
442,39,Y,2101943512,7.006478373333333
219,11,Y,2097915864,6.9930528800000005
863,91,Y,2097581000,6.991936666666667
276,18,Y,2097067248,6.9902241599999995
468,42,Y,2097049896,6.99016632
544,52,Y,2095936912,6.986456373333333
144,2,Y,2095228320,6.9840944
809,85,Y,2092750264,6.975834213333333
464,42,Y,2091803384,6.972677946666667
429,37,Y,2091731680,6.972438933333333
1104,122,Y,2091689384,6.972297946666667
48,63,N,2091056192,6.970187306666667
3,28,N,2089832720,6.966109066666666
543,51,Y,2089251664,6.964172213333334
900,96,Y,2088183320,6.960611066666667
441,39,Y,2087863551,6.95954517
785,82,Y,2087493024,6.95831008
58,43,N,2085022464,6.95007488
741,76,Y,2084423144,6.948077146666666
261,16,Y,2082763550,6.942545166666666
844,89,Y,2081661112,6.938870373333334
772,80,Y,2080337512,6.934458373333334
385,32,Y,2080238476,6.934128253333334
529,50,Y,2074299280,6.914330933333333
113,89,N,2066102272,6.8870075733333325
3,56,N,2065699425,6.885664750000001
413,35,Y,2062948782,6.876495940000001
941,101,Y,2062495976,6.874986586666666
134,0,Y,2061787992,6.87262664
11,33,N,2060703600,6.869012
552,53,Y,2060002272,6.866674239999999
160,4,Y,2056898784,6.85632928
130,0,Y,2054997600,6.849992
811,85,Y,2054406390,6.8480213
374,30,Y,2052437168,6.841457226666667
799,83,Y,2051825064,6.83941688
849,90,Y,2050577941,6.835259803333334
173,5,Y,2049728768,6.832429226666667
1036,113,Y,2049499488,6.83166496
41,83,N,2048690282,6.828967606666667
176,6,Y,2042928352,6.8097611733333325
131,0,Y,2039611800,6.798706
244,14,Y,2037337792,6.791125973333334
396,33,Y,2033150088,6.77716696
735,75,Y,2031816008,6.772720026666666
753,78,Y,2028942328,6.763141093333333
949,102,Y,2028085064,6.760283546666666
184,7,Y,2025142704,6.750475679999999
384,32,Y,2024410640,6.748035466666667
546,52,Y,2022895144,6.742983813333334
617,61,Y,2020905592,6.736351973333334
448,40,Y,2019553216,6.731844053333333
484,44,Y,2018761424,6.729204746666667
398,33,Y,2016377848,6.721259493333333
175,5,Y,2015566184,6.718553946666667
782,81,Y,2014368000,6.71456
431,37,Y,2010284342,6.700947806666667
197,8,Y,2009772304,6.699241013333333
691,70,Y,2006779000,6.689263333333334
873,93,Y,2005618848,6.68539616
1105,122,Y,2004090720,6.6803024
1135,125,Y,2003546880,6.6784896
980,106,Y,2001890016,6.67296672
155,3,Y,2001677184,6.67225728
104,95,N,1999001072,6.663336906666667
697,71,Y,1995566400,6.6518880000000005
530,50,Y,1995465160,6.651550533333333
248,15,Y,1993278240,6.6442608
1132,125,Y,1989567640,6.631892133333333
377,31,Y,1989549270,6.631830900000001
779,81,Y,1989532576,6.631775253333333
1147,127,Y,1988451408,6.62817136
800,84,Y,1987959192,6.62653064
551,52,Y,1985486624,6.618288746666668
399,33,Y,1984129336,6.613764453333333
425,37,Y,1977134712,6.59044904
300,21,Y,1976082224,6.5869407466666665
510,47,Y,1975919376,6.5863979200000005
253,15,Y,1973950633,6.579835443333333
143,1,Y,1973651680,6.5788389333333335
434,38,Y,1972194048,6.57398016
371,30,Y,1972051216,6.573504053333333
625,62,Y,1972013586,6.573378620000001
186,7,Y,1970548344,6.568494480000001
329,25,Y,1970312176,6.567707253333334
537,51,Y,1969504016,6.565013386666667
395,33,Y,1969348640,6.564495466666667
951,102,Y,1967493592,6.558311973333334
1034,113,Y,1966787768,6.555959226666666
358,28,Y,1965712224,6.552374079999999
485,44,Y,1965696608,6.552322026666666
474,43,Y,1963570768,6.5452358933333326
169,5,Y,1959192120,6.5306404
1039,113,Y,1955857088,6.5195236266666665
640,64,Y,1950200008,6.500666693333333
722,74,Y,1949280418,6.4976013933333325
475,43,Y,1948289648,6.494298826666666
677,68,Y,1947814264,6.4927142133333335
302,21,Y,1945918176,6.486393919999999
944,102,Y,1945705040,6.485683466666667
420,36,Y,1940816728,6.469389093333334
1097,121,Y,1940714224,6.469047413333333
454,40,Y,1940350936,6.467836453333334
291,20,Y,1938085192,6.4602839733333335
744,77,Y,1936324643,6.454415476666667
929,100,Y,1935988616,6.453295386666667
577,56,Y,1933967456,6.446558186666667
389,32,Y,1930772720,6.435909066666666
340,26,Y,1928486568,6.42828856
22,39,N,1928401152,6.428003840000001
161,4,Y,1928255520,6.4275184
481,44,Y,1926687096,6.42229032
119,89,N,1926617608,6.422058693333334
674,68,Y,1924300440,6.414334800000001
471,42,Y,1923406560,6.4113552
493,45,Y,1922347392,6.407824639999999
1119,123,Y,1920800864,6.402669546666667
769,80,Y,1918192088,6.393973626666667
267,17,Y,1917851872,6.392839573333334
67,72,N,1915329640,6.384432133333333
570,55,Y,1912354016,6.374513386666666
913,98,Y,1912108349,6.373694496666666
410,35,Y,1911595968,6.37198656
191,7,Y,1909752856,6.3658428533333336
872,93,Y,1905355568,6.351185226666667
638,63,Y,1904641324,6.348804413333334
1110,122,Y,1902382560,6.3412752
794,83,Y,1902144968,6.340483226666667
275,18,Y,1901236816,6.337456053333333
172,5,Y,1900559416,6.335198053333333
271,17,Y,1899369532,6.331231773333333
866,92,Y,1897837112,6.326123706666667
843,89,Y,1892941344,6.30980448
115,112,N,1890710736,6.30236912
254,15,Y,1888686720,6.295622400000001
508,47,Y,1887909264,6.29303088
382,31,Y,1887143576,6.290478586666666
1001,109,Y,1887047256,6.29015752
9,39,N,1885611144,6.285370479999999
1022,111,Y,1885489784,6.2849659466666665
1056,116,Y,1883928352,6.279761173333333
1144,127,Y,1882187304,6.2739576800000005
848,90,Y,1878872960,6.262909866666666
486,44,Y,1876504872,6.25501624
1136,126,Y,1871988480,6.2399616
436,38,Y,1871345584,6.237818613333333
1043,114,Y,1870566984,6.23522328
879,93,Y,1870523104,6.235077013333333
797,83,Y,1869810544,6.232701813333334
515,48,Y,1869527184,6.23175728
1124,124,Y,1868556168,6.22852056
250,15,Y,1865759520,6.2191984
99,58,N,1864987688,6.216625626666667
367,29,Y,1864755840,6.2158527999999995
774,80,Y,1860243648,6.20081216
901,96,Y,1859043822,6.19681274
517,48,Y,1857943816,6.193146053333334
786,82,Y,1857378720,6.1912624
834,88,Y,1856024832,6.18674944
594,58,Y,1854347272,6.1811575733333335
798,83,Y,1854331784,6.1811059466666665
113,70,N,1853952700,6.179842333333333
477,43,Y,1852965384,6.17655128
582,56,Y,1852560320,6.175201066666667
673,68,Y,1852201344,6.17400448
595,58,Y,1851814776,6.17271592
445,39,Y,1851618424,6.172061413333333
236,13,Y,1849154280,6.1638475999999995
850,90,Y,1848924000,6.16308
717,73,Y,1848192352,6.1606411733333335
196,8,Y,1848062184,6.16020728
482,44,Y,1847928776,6.159762586666666
146,2,Y,1847224512,6.15741504
419,36,Y,1846993208,6.156644026666667
458,41,Y,1846732592,6.1557753066666665
294,20,Y,1845130344,6.1504344799999995
995,108,Y,1843324368,6.1444145599999995
1025,112,Y,1843257272,6.144190906666667
210,10,Y,1842191080,6.140636933333334
289,20,Y,1841777568,6.13925856
621,61,Y,1841522224,6.138407413333334
1143,126,Y,1840787040,6.135956800000001
819,86,Y,1838771296,6.129237653333333
461,41,Y,1838619848,6.128732826666667
665,67,Y,1838559392,6.128531306666667
170,5,Y,1837403792,6.124679306666667
380,31,Y,1836999615,6.12333205
893,95,Y,1836986872,6.1232895733333335
216,11,Y,1836312896,6.121042986666667
1080,119,Y,1835862064,6.119540213333333
775,80,Y,1834881174,6.11627058
105,118,N,1834610184,6.11536728
910,97,Y,1833520008,6.11173336
935,100,Y,1833395816,6.111319386666667
470,42,Y,1831083824,6.103612746666666
137,1,Y,1830468744,6.10156248
497,46,Y,1824423672,6.08141224
588,57,Y,1822225184,6.074083946666667
985,107,Y,1819019355,6.063397849999999
1038,113,Y,1817876136,6.05958712
299,21,Y,1817613224,6.058710746666667
466,42,Y,1817167560,6.0572252
1009,110,Y,1815349280,6.0511642666666665
494,45,Y,1814514064,6.048380213333333
451,40,Y,1811301416,6.037671386666667
719,73,Y,1810586232,6.03528744
714,73,Y,1807238288,6.024127626666666
685,69,Y,1806872968,6.022909893333334
1074,118,Y,1805776552,6.019255173333334
969,105,Y,1805225776,6.017419253333333
918,98,Y,1805041000,6.016803333333334
1140,126,Y,1802289120,6.0076304
171,5,Y,1802205144,6.0073504799999995
315,23,Y,1801232160,6.0041072
1065,117,Y,1797460944,5.991536480000001
787,82,Y,1797261600,5.9908719999999995
783,81,Y,1793015728,5.976719093333333
1019,111,Y,1792729543,5.975765143333334
838,88,Y,1791640856,5.972136186666667
301,21,Y,1791196008,5.97065336
1134,125,Y,1788417600,5.961392
215,10,Y,1787043360,5.9568112
925,99,Y,1785940960,5.953136533333334
661,66,Y,1783293112,5.944310373333334
729,75,Y,1783152104,5.943840346666667
556,53,Y,1782581842,5.941939473333333
208,10,Y,1780780320,5.9359344
229,12,Y,1779285688,5.930952293333333
500,46,Y,1778176536,5.92725512
670,67,Y,1778035592,5.926785306666667
958,103,Y,1776791360,5.922637866666667
567,54,Y,1775873608,5.919578693333333
1151,127,Y,1775126856,5.917089519999999
740,76,Y,1772472416,5.908241386666667
618,61,Y,1771354472,5.904514906666666
649,65,Y,1770354232,5.9011807733333335
96,43,N,1770076392,5.90025464
814,85,Y,1769038032,5.89679344
1095,120,Y,1768268728,5.894229093333333
699,71,Y,1767726720,5.8924224
712,73,Y,1767527104,5.891757013333334
465,42,Y,1765226447,5.884088156666667
164,4,Y,1764775704,5.88258568
641,64,Y,1763901012,5.87967004
788,82,Y,1762652640,5.8755087999999995
778,81,Y,1759920020,5.8664000666666665
318,23,Y,1757903040,5.8596768
688,70,Y,1757481000,5.85827
612,60,Y,1756153368,5.853844560000001
991,107,Y,1755661755,5.85220585
693,70,Y,1755318544,5.851061813333333
839,88,Y,1753084304,5.843614346666667
635,63,Y,1753021346,5.843404486666667
417,36,Y,1749667128,5.83222376
823,86,Y,1748644680,5.8288156
264,17,Y,1746458864,5.8215295466666666
400,34,Y,1746031264,5.820104213333333
626,62,Y,1744630536,5.81543512
749,77,Y,1743353992,5.811179973333333
211,10,Y,1742219520,5.8073984
456,41,Y,1737676864,5.792256213333333
682,69,Y,1736671720,5.788905733333333
1137,126,Y,1735112160,5.7837072
192,8,Y,1734389432,5.781298106666666
623,61,Y,1733686856,5.778956186666666
339,26,Y,1731009984,5.77003328
1130,125,Y,1728589440,5.7619648
841,89,Y,1727188749,5.7572958299999994
837,88,Y,1726530446,5.755101486666667
767,79,Y,1725849472,5.752831573333333
627,62,Y,1719451720,5.731505733333334
368,30,Y,1719105120,5.7303504
948,102,Y,1717729584,5.72576528
736,76,Y,1717577600,5.725258666666667
240,14,Y,1716464312,5.721547706666667
1002,109,Y,1715092184,5.716973946666667
889,95,Y,1714721560,5.715738533333333
959,103,Y,1714371216,5.71457072
277,18,Y,1712934472,5.709781573333333
739,76,Y,1710538489,5.701794963333334
403,34,Y,1707361360,5.691204533333334
891,95,Y,1707073501,5.690245003333334
1125,124,Y,1706839208,5.689464026666666
632,63,Y,1706495688,5.68831896
881,94,Y,1703825280,5.6794176
961,104,Y,1703498066,5.6783268866666665
851,90,Y,1702907712,5.67635904
246,14,Y,1701677600,5.672258666666666
580,56,Y,1701416632,5.671388773333334
409,35,Y,1700492768,5.668309226666667
426,37,Y,1695438167,5.651460556666667
334,25,Y,1694954602,5.6498486733333335
643,64,Y,1694807960,5.649359866666667
574,55,Y,1694324736,5.64774912
833,88,Y,1694186600,5.647288666666666
1046,114,Y,1693679496,5.6455983199999995
642,64,Y,1690889760,5.6362992
792,83,Y,1689525456,5.63175152
723,74,Y,1687150576,5.623835253333334
975,105,Y,1686789707,5.622632356666666
862,91,Y,1684799640,5.6159988
708,72,Y,1684115384,5.613717946666666
428,37,Y,1683351824,5.611172746666666
226,12,Y,1682356784,5.607855946666667
827,87,Y,1682271496,5.607571653333333
648,65,Y,1682094296,5.606980986666667
463,41,Y,1677873960,5.5929132
830,87,Y,1676554976,5.588516586666667
1042,114,Y,1676023376,5.586744586666667
700,71,Y,1675196160,5.5839872
832,88,Y,1674872136,5.58290712
758,78,Y,1672781110,5.575937033333334
647,64,Y,1672745152,5.575817173333333
230,12,Y,1671250704,5.57083568
690,70,Y,1670872691,5.569575636666666
946,102,Y,1666574824,5.555249413333333
157,3,Y,1665709971,5.55236657
897,96,Y,1662036160,5.540120533333334
356,28,Y,1661197632,5.53732544
129,0,Y,1660503888,5.5350129599999995
696,71,Y,1660439839,5.534799463333333
200,9,Y,1660197872,5.533992906666667
337,26,Y,1659793400,5.532644666666667
404,34,Y,1659458485,5.5315282833333335
840,89,Y,1656421328,5.521404426666667
205,9,Y,1655395952,5.5179865066666665
713,73,Y,1654044608,5.513482026666667
645,64,Y,1653486704,5.511622346666667
724,74,Y,1653438856,5.511462853333334
914,98,Y,1652394280,5.507980933333333
397,33,Y,1651101071,5.503670236666667
1028,112,Y,1648995560,5.496651866666666
1014,110,Y,1646895576,5.48965192
898,96,Y,1645955712,5.48651904
408,35,Y,1645880544,5.48626848
284,19,Y,1645491304,5.484971013333333
525,49,Y,1645008264,5.48336088
706,72,Y,1644336480,5.481121600000001
116,78,N,1643546808,5.47848936
304,22,Y,1642308320,5.474361066666667
585,57,Y,1637973376,5.459911253333334
561,54,Y,1637313208,5.4577106933333335
679,68,Y,1636869872,5.456232906666666
154,3,Y,1633930128,5.446433760000001
495,45,Y,1631378664,5.43792888
392,33,Y,1630485416,5.4349513866666666
904,97,Y,1627731290,5.425770966666667
449,40,Y,1627700992,5.425669973333333
771,80,Y,1626945672,5.42315224
664,67,Y,1625944856,5.419816186666666
1078,118,Y,1625759728,5.419199093333334
1070,117,Y,1625125312,5.417084373333333
1141,126,Y,1623646560,5.4121552
222,11,Y,1623396496,5.411321653333333
460,41,Y,1622231832,5.40743944
352,28,Y,1621373375,5.404577916666667
1012,110,Y,1619583584,5.398611946666667
333,25,Y,1618640544,5.39546848
150,2,Y,1617321600,5.391072
480,44,Y,1615624445,5.385414816666667
1015,110,Y,1614840272,5.382800906666667
903,96,Y,1612423600,5.374745333333333
309,22,Y,1609655984,5.365519946666667
671,67,Y,1606535662,5.355118873333333
698,71,Y,1600095840,5.3336528
260,16,Y,1599892823,5.332976076666666
828,87,Y,1599106984,5.3303566133333335
520,49,Y,1598970120,5.3299004
361,29,Y,1598277600,5.327592
989,107,Y,1596558360,5.3218612
657,66,Y,1595868072,5.31956024
1055,115,Y,1595577616,5.318592053333333
656,66,Y,1595069016,5.31689672
707,72,Y,1594611528,5.31537176
424,37,Y,1592060320,5.306867733333333
457,41,Y,1591041976,5.303473253333333
1083,119,Y,1588540018,5.295133393333333
174,5,Y,1588255840,5.2941861333333335
372,30,Y,1587352424,5.291174746666667
214,10,Y,1586792160,5.2893072
998,108,Y,1585910176,5.286367253333333
1054,115,Y,1584826360,5.282754533333334
249,15,Y,1581166080,5.2705535999999995
259,16,Y,1577253288,5.25751096
955,103,Y,1576952512,5.256508373333333
421,36,Y,1575867752,5.252892506666667
681,69,Y,1575230802,5.25076934
221,11,Y,1574560350,5.2485345
597,58,Y,1574554096,5.248513653333333
651,65,Y,1572948760,5.243162533333334
331,25,Y,1571085336,5.2369511200000005
1047,114,Y,1570565648,5.235218826666667
705,72,Y,1570347296,5.234490986666667
336,26,Y,1569832741,5.232775803333333
344,27,Y,1569396704,5.231322346666667
845,89,Y,1566781408,5.222604693333333
1067,117,Y,1563782888,5.212609626666667
658,66,Y,1563606136,5.212020453333333
992,108,Y,1563041928,5.210139760000001
153,3,Y,1560911664,5.20303888
1035,113,Y,1559185192,5.197283973333333
974,105,Y,1557087480,5.1902916
583,56,Y,1555901720,5.186339066666667
669,67,Y,1554887392,5.182957973333333
322,24,Y,1554322600,5.181075333333333
756,78,Y,1554019585,5.180065283333334
666,67,Y,1553928504,5.17976168
990,107,Y,1553207720,5.177359066666667
716,73,Y,1552950072,5.17650024
1079,118,Y,1552676304,5.1755876800000005
795,83,Y,1551936064,5.173120213333333
659,66,Y,1551905752,5.1730191733333335
905,97,Y,1549701928,5.165673093333333
195,8,Y,1549615248,5.16538416
566,54,Y,1545259680,5.1508656
634,63,Y,1543796232,5.14598744
430,37,Y,1543402928,5.144676426666667
743,76,Y,1543106440,5.143688133333333
737,76,Y,1542667632,5.14222544
242,14,Y,1537525128,5.12508376
563,54,Y,1536018488,5.120061626666667
128,0,Y,1535853360,5.1195112
207,9,Y,1534275632,5.114252106666667
896,96,Y,1533655856,5.1121861866666665
310,22,Y,1531793504,5.105978346666666
224,12,Y,1529971592,5.099905306666667
805,84,Y,1528796928,5.09598976
908,97,Y,1528661848,5.095539493333334
564,54,Y,1527703320,5.0923444
963,104,Y,1527295888,5.090986293333334
141,1,Y,1527190424,5.090634746666667
922,99,Y,1527097640,5.090325466666667
548,52,Y,1524015374,5.080051246666667
317,23,Y,1523977042,5.079923473333333
492,45,Y,1523768248,5.079227493333334
976,106,Y,1521552424,5.071841413333333
703,71,Y,1521097920,5.0703264
483,44,Y,1519325040,5.0644168
660,66,Y,1517922785,5.059742616666667
1129,125,Y,1517509240,5.058364133333333
347,27,Y,1515526128,5.05175376
1004,109,Y,1515186304,5.050621013333333
489,45,Y,1514690488,5.048968293333333
692,70,Y,1512649120,5.042163733333333
663,66,Y,1511536040,5.038453466666667
653,65,Y,1510627592,5.035425306666666
499,46,Y,1509519656,5.031732186666667
156,3,Y,1508963848,5.0298794933333335
912,98,Y,1506437912,5.021459706666667
1064,117,Y,1506144984,5.0204832800000005
1089,120,Y,1503349472,5.011164906666667
360,29,Y,1499873280,4.9995776
288,20,Y,1498484392,4.994947973333334
296,21,Y,1497650376,4.99216792
675,68,Y,1497571936,4.991906453333334
414,35,Y,1496270256,4.98756752
135,0,Y,1495095848,4.983652826666667
1099,121,Y,1494374480,4.981248266666666
596,58,Y,1494318072,4.98106024
892,95,Y,1492345312,4.9744843733333335
1051,115,Y,1491802272,4.97267424
306,22,Y,1490167248,4.96722416
220,11,Y,1487296728,4.95765576
245,14,Y,1486718040,4.9557268
341,26,Y,1484318392,4.9477279733333335
476,43,Y,1484140032,4.94713344
527,49,Y,1482869736,4.94289912
796,83,Y,1482823552,4.942745173333334
383,31,Y,1482241912,4.940806373333333
348,27,Y,1481860464,4.93953488
1044,114,Y,1479916528,4.9330550933333335
565,54,Y,1478815424,4.929384746666667
257,16,Y,1478248936,4.927496453333333
967,104,Y,1478238700,4.927462333333334
954,103,Y,1478227616,4.927425386666666
142,1,Y,1475559416,4.9185313866666664
507,47,Y,1473306393,4.91102131
610,60,Y,1472461016,4.908203386666667
316,23,Y,1472185920,4.9072864
715,73,Y,1470044767,4.900149223333333
330,25,Y,1469909256,4.89969752
906,97,Y,1469132984,4.897109946666667
973,105,Y,1467782200,4.892607333333333
532,50,Y,1465783352,4.885944506666666
357,28,Y,1464875384,4.882917946666667
355,28,Y,1464191808,4.88063936
145,2,Y,1463680280,4.878934266666667
151,2,Y,1460898240,4.8696608
1082,119,Y,1460115312,4.86705104
394,33,Y,1459418352,4.8647278400000005
1133,125,Y,1455249600,4.8508320000000005
1068,117,Y,1453119360,4.843731200000001
1087,119,Y,1450943048,4.836476826666666
364,29,Y,1448441280,4.8281376
467,42,Y,1446977888,4.823259626666666
108,80,N,1443198533,4.810661776666667
977,106,Y,1442606168,4.808687226666667
654,65,Y,1441899696,4.80633232
491,45,Y,1441568883,4.8052296100000005
902,96,Y,1441349208,4.80449736
353,28,Y,1436977608,4.78992536
956,103,Y,1434674344,4.782247813333333
262,16,Y,1434620928,4.782069760000001
581,56,Y,1434245912,4.780819706666667
350,27,Y,1433428928,4.778096426666667
252,15,Y,1432991520,4.7766384
1096,121,Y,1432613992,4.775379973333333
190,7,Y,1428523624,4.761745413333333
1013,110,Y,1427886387,4.75962129
313,23,Y,1427682240,4.7589407999999995
1084,119,Y,1425152840,4.750509466666666
750,77,Y,1421454320,4.738181066666667
878,93,Y,1420825864,4.7360862133333335
746,77,Y,1420171192,4.733903973333333
1031,112,Y,1420001064,4.7333368799999995
280,19,Y,1416181520,4.720605066666667
710,72,Y,1415548048,4.718493493333333
945,102,Y,1413637472,4.712124906666667
194,8,Y,1412853952,4.709513173333333
804,84,Y,1412412824,4.708042746666666
1102,121,Y,1404752184,4.68250728
308,22,Y,1404174952,4.680583173333333
369,30,Y,1399324120,4.664413733333333
917,98,Y,1397882352,4.65960784
806,84,Y,1397311184,4.6577039466666665
668,67,Y,1394113616,4.647045386666666
560,54,Y,1390281576,4.63427192
147,2,Y,1390071360,4.6335712000000004
335,25,Y,1389984328,4.633281093333333
359,28,Y,1388975752,4.629919173333334
282,19,Y,1387270616,4.624235386666667
1086,119,Y,1386133352,4.620444506666667
204,9,Y,1381933336,4.606444453333333
366,29,Y,1381318560,4.6043952
295,20,Y,1380487176,4.601623920000001
345,27,Y,1378985096,4.596616986666667
251,15,Y,1378273920,4.5942464
731,75,Y,1378153840,4.593846133333333
516,48,Y,1377681464,4.592271546666667
166,4,Y,1377553998,4.59184666
373,30,Y,1375946280,4.5864876
821,86,Y,1375549376,4.585164586666666
490,45,Y,1374028324,4.580094413333334
687,69,Y,1373582928,4.57860976
1008,110,Y,1372092872,4.573642906666667
450,40,Y,1370772016,4.569240053333333
225,12,Y,1368764976,4.56254992
1073,118,Y,1367617448,4.5587248266666665
742,76,Y,1363059504,4.54353168
1049,115,Y,1361022776,4.536742586666667
748,77,Y,1360849864,4.536166213333334
579,56,Y,1359812752,4.532709173333333
138,1,Y,1357371680,4.524572266666667
549,52,Y,1353003280,4.510010933333334
589,57,Y,1351605176,4.505350586666667
586,57,Y,1347952960,4.493176533333333
293,20,Y,1347584512,4.491948373333334
732,75,Y,1346815693,4.489385643333333
354,28,Y,1346780864,4.489269546666667
964,104,Y,1346149792,4.487165973333333
455,40,Y,1343463304,4.478211013333333
159,3,Y,1342817016,4.47605672
1142,126,Y,1342758778,4.475862593333333
957,103,Y,1342072608,4.47357536
966,104,Y,1341642224,4.472140746666667
633,63,Y,1340631064,4.468770213333333
268,17,Y,1339637336,4.465457786666667
857,91,Y,1337831128,4.459437093333333
365,29,Y,1336076160,4.453587199999999
747,77,Y,1333956027,4.44652009
287,19,Y,1333114733,4.443715776666666
1026,112,Y,1329199328,4.430664426666667
148,2,Y,1328953920,4.429846400000001
790,82,Y,1328240648,4.427468826666667
472,43,Y,1326735616,4.422452053333333
422,36,Y,1326200632,4.420668773333333
571,55,Y,1325703832,4.419012773333334
592,58,Y,1324003216,4.413344053333333
718,73,Y,1323830280,4.4127676
815,85,Y,1322444982,4.40814994
1000,109,Y,1321987080,4.4066236000000005
1006,109,Y,1321414032,4.40471344
1101,121,Y,1320680400,4.402268
1121,124,Y,1320643352,4.402144506666667
997,108,Y,1319694552,4.39898184
835,88,Y,1317677344,4.392257813333334
842,89,Y,1315644376,4.385481253333333
847,89,Y,1315198584,4.38399528
608,60,Y,1311453056,4.371510186666667
644,64,Y,1308489128,4.361630426666667
411,35,Y,1307213640,4.3573788
1076,118,Y,1305024536,4.350081786666666
962,104,Y,1304804840,4.349349466666666
518,48,Y,1304604144,4.3486804800000005
127,80,N,1302330296,4.3411009866666666
453,40,Y,1302239008,4.340796693333333
616,61,Y,1301556160,4.338520533333334
1100,121,Y,1300641784,4.335472613333334
926,99,Y,1300352208,4.33450736
899,96,Y,1292054725,4.306849083333334
314,23,Y,1287455040,4.291516799999999
824,87,Y,1286282632,4.287608773333333
545,52,Y,1286020109,4.286733696666667
637,63,Y,1284148808,4.2804960266666665
158,3,Y,1283498936,4.278329786666666
591,57,Y,1281610976,4.272036586666666
568,55,Y,1280179032,4.26726344
1032,113,Y,1278056960,4.260189866666667
401,34,Y,1276303544,4.254345146666667
201,9,Y,1272705592,4.242351973333333
338,26,Y,1272411832,4.2413727733333335
405,34,Y,1269325183,4.231083943333333
984,107,Y,1268782736,4.229275786666667
312,23,Y,1262215680,4.2073856
370,30,Y,1262083984,4.206946613333333
285,19,Y,1259991024,4.19997008
931,100,Y,1255894216,4.186314053333334
203,9,Y,1251639016,4.172130053333333
996,108,Y,1249579168,4.165263893333333
983,106,Y,1244371680,4.1479056
773,80,Y,1244162904,4.14720968
1123,124,Y,1243279192,4.1442639733333335
636,63,Y,1242236736,4.14078912
953,103,Y,1238132104,4.127107013333333
223,11,Y,1234101576,4.11367192
228,12,Y,1233535779,4.11178593
1029,112,Y,1233319768,4.1110658933333335
446,39,Y,1232801144,4.109337146666666
727,74,Y,1232534472,4.1084482399999995
968,105,Y,1231418680,4.104728933333333
1007,109,Y,1224978832,4.083262773333334
547,52,Y,1223156872,4.077189573333333
1072,118,Y,1222981488,4.07660496
1138,126,Y,1222448317,4.074827723333333
519,48,Y,1221610208,4.072034026666667
152,3,Y,1220526152,4.0684205066666665
1053,115,Y,1217939656,4.059798853333333
218,11,Y,1217078504,4.056928346666667
416,36,Y,1217033824,4.0567794133333335
909,97,Y,1212576592,4.041921973333333
321,24,Y,1212545808,4.04181936
689,70,Y,1211148144,4.03716048
761,79,Y,1209845776,4.032819253333334
415,35,Y,1207134208,4.023780693333333
514,48,Y,1206905875,4.023019583333333
1075,118,Y,1204173280,4.013910933333333
759,78,Y,1200263312,4.0008777066666665
745,77,Y,1200251200,4.000837333333333
762,79,Y,1198853408,3.996178026666666
994,108,Y,1198554496,3.995181653333333
853,90,Y,1198126224,3.9937540799999995
1103,121,Y,1192265144,3.9742171466666663
646,64,Y,1189674424,3.9655814133333336
870,92,Y,1188527328,3.9617577600000002
1024,112,Y,1185027392,3.9500913066666663
754,78,Y,1181602952,3.938676506666667
418,36,Y,1181327044,3.9377568133333334
587,57,Y,1180072976,3.9335765866666663
332,25,Y,1179354920,3.9311830666666667
856,91,Y,1177840968,3.92613656
132,0,Y,1176940120,3.923133733333333
423,36,Y,1173601480,3.912004933333333
256,16,Y,1173443080,3.9114769333333332
512,48,Y,1171858792,3.9061959733333333
522,49,Y,1168765376,3.895884586666667
281,19,Y,1165902016,3.8863400533333334
584,57,Y,1163213096,3.877376986666667
440,39,Y,1162125136,3.8737504533333333
1010,110,Y,1160981152,3.8699371733333336
1069,117,Y,1160161883,3.867206276666667
576,56,Y,1159798093,3.8659936433333333
599,58,Y,1159052848,3.863509493333334
343,26,Y,1148528592,3.82842864
393,33,Y,1140477792,3.8015926399999995
924,99,Y,1136137728,3.78712576
505,47,Y,1131611160,3.7720372
1037,113,Y,1128035144,3.7601171466666665
733,75,Y,1126592536,3.755308453333334
286,19,Y,1122670752,3.74223584
1048,115,Y,1121902336,3.739674453333333
960,104,Y,1120243448,3.734144826666667
243,14,Y,1120006246,3.7333541533333334
1115,123,Y,1117303184,3.7243439466666666
999,108,Y,1116455040,3.7215168
1098,121,Y,1115670160,3.718900533333333
217,11,Y,1112556888,3.70852296
895,95,Y,1108437712,3.694792373333333
1011,110,Y,1107741040,3.692470133333333
538,51,Y,1106048912,3.686829706666667
846,89,Y,1105544392,3.685147973333333
820,86,Y,1105447176,3.68482392
362,29,Y,1104696000,3.68232
611,60,Y,1103378072,3.677926906666667
730,75,Y,1102186768,3.6739558933333334
836,88,Y,1101470704,3.6715690133333334
328,25,Y,1086480728,3.6216024266666667
206,9,Y,1082861696,3.6095389866666667
808,85,Y,1082118466,3.6070615533333337
283,19,Y,1080951016,3.6031700533333337
1118,123,Y,1076531760,3.5884392000000003
726,74,Y,1073004968,3.576683226666667
1052,115,Y,1069574640,3.5652488000000004
987,107,Y,1067602976,3.558676586666667
1050,115,Y,1064252760,3.5475092
231,12,Y,1060369728,3.5345657599999996
298,21,Y,1059479504,3.5315983466666667
307,22,Y,1057453736,3.5248457866666665
1030,112,Y,1048835032,3.496116773333333
550,52,Y,1047316208,3.4910540266666663
993,108,Y,1040488032,3.4682934399999996
662,66,Y,1040098152,3.46699384
513,48,Y,1016737840,3.3891261333333333
1021,111,Y,1002873880,3.3429129333333334
227,12,Y,999130688,3.3304356266666666
378,31,Y,986906280,3.2896875999999997
1081,119,Y,980816264,3.2693875466666666
1131,125,Y,976348416,3.25449472
1003,109,Y,971559664,3.238532213333333
734,75,Y,969531474,3.23177158
986,107,Y,963640496,3.212134986666667
598,58,Y,955319936,3.184399786666667
927,99,Y,942329168,3.141097226666666
751,77,Y,934743368,3.1158112266666667
1090,120,Y,932329752,3.10776584
311,22,Y,915022584,3.0500752799999997
728,75,Y,889793096,2.965976986666667
303,21,Y,885845640,2.9528188
1085,119,Y,882434792,2.9414493066666667
101,943,Y,875443384,2.9181446133333333
593,58,Y,833136656,2.777122186666667
93,875,Y,768458040,2.5615268
93,877,Y,699601456,2.3320048533333333
101,942,Y,699362688,2.3312089599999997
101,939,Y,611107392,2.03702464
101,940,Y,591256168,1.9708538933333333
101,941,Y,589115592,1.96371864
101,936,Y,575861424,1.91953808
109,1005,Y,541920520,1.8064017333333335
101,938,Y,490006520,1.6333550666666665
8,194,Y,478741680,1.5958056000000003
123,1114,Y,477366136,1.5912204533333334
84,801,Y,476684168,1.5889472266666667
113,1033,Y,468174000,1.5605799999999999
123,1117,Y,439153096,1.4638436533333334
93,872,Y,422058160,1.4068605333333333
119,1086,Y,403676088,1.3455869599999999
101,937,Y,401222944,1.3374098133333334
93,878,Y,388897056,1.2963235199999998
93,879,Y,384405192,1.28135064
123,1113,Y,382647744,1.27549248
95,891,Y,342329800,1.1410993333333332
123,1118,Y,341281864,1.1376062133333333
75,733,Y,333193960,1.1106465333333333
30,375,Y,325919336,1.0863977866666665
45,489,Y,305405376,1.0180179200000001
110,1014,Y,276494200,0.9216473333333333
79,764,Y,258035240,0.8601174666666666
93,873,Y,249724976,0.8324165866666667
74,722,Y,243168336,0.8105611199999999
93,876,Y,237390792,0.7913026400000001
123,1116,Y,208728120,0.6957604000000001
46,502,Y,205698592,0.6856619733333333
56,583,Y,164860000,0.5495333333333333
46,496,Y,164534760,0.5484492
37,427,Y,160678488,0.53559496
80,768,Y,155158112,0.5171937066666666
86,818,Y,154523624,0.5150787466666666
12,229,Y,154031496,0.51343832
123,1119,Y,142078120,0.4735937333333333
8,197,Y,141242376,0.47080791999999994
84,805,Y,139029128,0.4634304266666667
70,691,Y,139015136,0.46338378666666663
75,735,Y,136759480,0.4558649333333334
56,576,Y,134071072,0.4469035733333333
92,865,Y,131809880,0.43936626666666667
46,498,Y,130930128,0.43643375999999995
39,444,Y,129994736,0.4333157866666667
66,656,Y,127748616,0.42582872000000005
85,813,Y,126869200,0.42289733333333335
75,731,Y,121421272,0.4047375733333333
75,730,Y,117167288,0.39055762666666666
92,867,Y,115645256,0.3854841866666667
20,293,Y,114803192,0.38267730666666666
95,892,Y,113845832,0.37948610666666666
116,1061,Y,113057552,0.37685850666666665
96,902,Y,112834024,0.3761134133333333
99,925,Y,112103160,0.37367720000000004
106,982,Y,110182608,0.36727536
114,1045,Y,109011176,0.36337058666666666
21,298,Y,105508120,0.35169373333333337
61,623,Y,105078440,0.35026146666666663
73,714,Y,104353344,0.34784448
103,958,Y,104095440,0.34698480000000004
99,923,Y,102242352,0.34080784
118,1075,Y,101866592,0.33955530666666667
55,569,Y,101563280,0.33854426666666665
37,430,Y,100965056,0.3365501866666667
109,1002,Y,100779128,0.33593042666666667
20,295,Y,100463192,0.33487730666666665
40,453,Y,99443296,0.33147765333333334
62,625,Y,99305672,0.33101890666666667
8,193,Y,95093432,0.31697810666666665
70,692,Y,94938536,0.31646178666666663
70,694,Y,94637336,0.3154577866666667
51,538,Y,94023576,0.31341192
72,711,Y,92794024,0.30931341333333334
62,630,Y,92368376,0.3078945866666667
61,622,Y,92004120,0.30668039999999996
70,695,Y,91710440,0.30570146666666664
103,956,Y,91589688,0.30529896
104,963,Y,91463456,0.30487818666666666
124,1125,Y,89712760,0.2990425333333333
123,1115,Y,89264760,0.2975492
67,669,Y,89238456,0.29746152
20,290,Y,88890008,0.29630002666666666
72,709,Y,87618448,0.2920614933333333
70,688,Y,87414832,0.29138277333333334
7,184,Y,86896616,0.2896553866666667
66,663,Y,86787856,0.2892928533333333
80,774,Y,86730288,0.28910096
92,871,Y,86641176,0.28880392
124,1123,Y,85623888,0.28541296
103,957,Y,84937296,0.28312432
39,445,Y,83950224,0.27983408
27,345,Y,83771432,0.27923810666666665
65,654,Y,83652648,0.27884216
106,977,Y,83067304,0.2768910133333333
46,497,Y,82818272,0.27606090666666666
3,152,Y,81476720,0.27158906666666666
20,292,Y,81336288,0.27112095999999997
97,911,Y,81296680,0.2709889333333333
58,594,Y,81082600,0.2702753333333333
73,713,Y,80942520,0.2698084
80,770,Y,80434736,0.2681157866666667
6,182,Y,79782664,0.26594221333333334
72,704,Y,79537208,0.2651240266666667
46,501,Y,79363712,0.26454570666666666
74,725,Y,79307288,0.2643576266666667
96,899,Y,78491600,0.2616386666666667
84,807,Y,78344432,0.26114810666666666
103,959,Y,77878440,0.25959479999999996
91,862,Y,77589816,0.25863272
25,330,Y,77345192,0.25781730666666663
74,724,Y,76319864,0.25439954666666664
57,588,Y,75985320,0.25328439999999997
39,443,Y,75703296,0.25234432
121,1098,Y,75694288,0.25231429333333333
90,850,Y,75666608,0.25222202666666665
3,153,Y,75543216,0.25181072
83,797,Y,75422688,0.25140896
103,954,Y,75218872,0.25072957333333334
91,859,Y,74793672,0.24931224000000002
17,265,Y,74668728,0.24889576000000002
56,581,Y,74215000,0.24738333333333334
108,994,Y,74090632,0.24696877333333334
52,551,Y,73733272,0.24577757333333333
95,890,Y,73427456,0.24475818666666668
39,441,Y,73409392,0.24469797333333335
107,989,Y,73130000,0.24376666666666666
96,897,Y,73085032,0.24361677333333331
56,578,Y,72594928,0.24198309333333334
116,1062,Y,72328736,0.24109578666666667
87,824,Y,72264800,0.24088266666666666
104,962,Y,71929696,0.23976565333333333
104,966,Y,71809136,0.23936378666666666
40,449,Y,71430568,0.23810189333333334
80,769,Y,71279568,0.23759856
48,514,Y,70605856,0.23535285333333333
69,685,Y,70471296,0.23490432
27,344,Y,70341472,0.23447157333333335
8,195,Y,70250960,0.2341698666666667
68,676,Y,69913712,0.23304570666666669
120,1092,Y,69883320,0.2329444
114,1044,Y,69722456,0.23240818666666668
17,267,Y,69660192,0.23220063999999999
33,394,Y,69560112,0.23186703999999997
66,661,Y,69506328,0.23168776
56,579,Y,69407912,0.23135970666666666
37,429,Y,69312448,0.23104149333333332
60,612,Y,69225216,0.23075072
109,1001,Y,68845616,0.22948538666666668
120,1093,Y,68263144,0.22754381333333334
61,620,Y,67936520,0.22645506666666665
38,432,Y,67839656,0.22613218666666665
57,586,Y,67124176,0.2237472533333333
73,712,Y,67039024,0.2234634133333333
37,426,Y,66955624,0.22318541333333333
103,953,Y,66903560,0.2230118666666667
1,140,Y,66293120,0.22097706666666667
86,823,Y,66196664,0.22065554666666665
31,381,Y,65389216,0.21796405333333332
86,816,Y,65347024,0.21782341333333333
65,651,Y,65140464,0.21713487999999997
39,440,Y,64187240,0.21395746666666668
61,616,Y,64053832,0.21351277333333335
7,187,Y,63421472,0.21140490666666667
79,767,Y,62839624,0.20946541333333332
78,756,Y,62800320,0.2093344
39,446,Y,62760272,0.20920090666666666
24,323,Y,62452872,0.20817624
39,442,Y,62372704,0.20790901333333336
109,1006,Y,62269304,0.20756434666666665
54,563,Y,62070680,0.20690226666666667
39,447,Y,61465408,0.20488469333333334
118,1077,Y,61350696,0.20450232000000002
49,526,Y,61310904,0.20436968
97,907,Y,61161616,0.2038720533333333
28,355,Y,60877352,0.20292450666666667
21,296,Y,60861624,0.20287208
22,305,Y,60551144,0.2018371466666667
11,223,Y,60365112,0.20121703999999999
113,1037,Y,60101192,0.20033730666666666
74,721,Y,59852096,0.19950698666666666
109,1003,Y,59830360,0.19943453333333333
44,480,Y,59559984,0.19853328
25,335,Y,59462208,0.19820736000000003
54,562,Y,59314792,0.19771597333333332
31,382,Y,59282928,0.19760976000000002
76,739,Y,59256048,0.19752016
104,960,Y,58982088,0.19660696000000003
8,198,Y,58963408,0.19654469333333335
28,354,Y,58739200,0.19579733333333332
43,478,Y,58725864,0.19575288
53,552,Y,58605864,0.19535287999999998
8,196,Y,58584344,0.19528114666666668
98,912,Y,58568960,0.19522986666666667
25,333,Y,58410792,0.19470264
43,479,Y,58396816,0.19465605333333333
90,855,Y,58107176,0.19369058666666666
38,439,Y,58085896,0.19361965333333334
120,1089,Y,58083464,0.19361154666666666
107,987,Y,57822320,0.19274106666666665
107,984,Y,57377960,0.19125986666666667
109,1000,Y,57288856,0.19096285333333332
107,986,Y,56884624,0.18961541333333332
86,820,Y,56781616,0.18927205333333333
37,425,Y,56773696,0.18924565333333332
40,451,Y,56542040,0.18847346666666667
108,998,Y,56397120,0.1879904
73,718,Y,56326032,0.18775344
21,303,Y,56307952,0.18769317333333335
65,655,Y,56090168,0.18696722666666665
124,1121,Y,55964448,0.18654816
0,130,Y,55900856,0.18633618666666665
54,560,Y,55772688,0.18590895999999998
59,607,Y,55688712,0.18562904
104,967,Y,55592944,0.18530981333333335
19,284,Y,55104976,0.18368325333333332
58,595,Y,55089632,0.18363210666666666
33,396,Y,54909048,0.18303016
50,533,Y,54814456,0.18271485333333332
113,1034,Y,54725744,0.18241914666666667
20,288,Y,54658816,0.18219605333333333
7,186,Y,54567416,0.18189138666666668
83,799,Y,54318016,0.18106005333333333
12,228,Y,54308880,0.1810296
7,190,Y,54202024,0.18067341333333334
91,856,Y,54159264,0.18053088
25,328,Y,54123016,0.18041005333333332
22,308,Y,54083736,0.18027912000000001
105,975,Y,53765552,0.17921850666666667
72,710,Y,53728296,0.17909432
62,629,Y,53575872,0.17858624
62,627,Y,53561480,0.17853826666666667
95,893,Y,53474088,0.17824696
97,910,Y,53435168,0.17811722666666668
120,1090,Y,53429584,0.17809861333333332
46,503,Y,53347240,0.17782413333333336
52,548,Y,53184360,0.1772812
61,617,Y,53153528,0.17717842666666667
84,800,Y,53022512,0.17674170666666666
52,544,Y,52839536,0.17613178666666668
19,283,Y,52602704,0.17534234666666668
11,219,Y,52481328,0.17493776
74,720,Y,52444184,0.17481394666666666
56,580,Y,52234336,0.17411445333333334
59,601,Y,52225664,0.17408554666666665
127,1150,Y,51999264,0.17333088000000002
91,857,Y,51955440,0.1731848
54,566,Y,51939384,0.17313128
65,652,Y,51927880,0.17309293333333334
110,1008,Y,51640008,0.17213336
107,988,Y,51434184,0.17144727999999998
70,689,Y,51315144,0.17105047999999998
103,952,Y,51180048,0.17060016
33,393,Y,50839832,0.16946610666666667
6,183,Y,50726464,0.16908821333333335
74,726,Y,50615296,0.16871765333333333
59,603,Y,50577640,0.16859213333333334
61,618,Y,50535552,0.16845184
102,945,Y,50262984,0.16754328
92,869,Y,50059480,0.16686493333333333
56,582,Y,50020928,0.16673642666666666
3,159,Y,49875280,0.16625093333333332
116,1057,Y,49828672,0.16609557333333333
28,359,Y,49734064,0.16578021333333334
47,509,Y,49624808,0.16541602666666666
21,299,Y,49538000,0.16512666666666667
17,270,Y,49484336,0.16494778666666668
77,744,Y,49457000,0.16485666666666668
73,717,Y,49403648,0.16467882666666667
65,650,Y,49151680,0.16383893333333333
65,648,Y,49119896,0.16373298666666666
58,597,Y,49089264,0.16363088
78,753,Y,49057616,0.16352538666666666
99,927,Y,49018736,0.16339578666666668
46,500,Y,48723624,0.16241208000000001
40,450,Y,48288744,0.16096248000000002
57,584,Y,48275832,0.16091944
6,176,Y,48190032,0.16063344
8,192,Y,48116328,0.16038776000000002
92,864,Y,48114000,0.16038
40,454,Y,47966808,0.15988936
17,269,Y,47881872,0.15960624
100,929,Y,47690144,0.15896714666666667
107,985,Y,47688144,0.15896048
74,723,Y,47651848,0.15883949333333333
62,631,Y,47540184,0.15846728
87,830,Y,47438392,0.15812797333333334
0,129,Y,47426056,0.15808685333333333
66,657,Y,47078992,0.15692997333333333
76,740,Y,47037760,0.15679253333333334
53,555,Y,47023488,0.15674496000000002
55,571,Y,47002384,0.15667461333333332
118,1074,Y,46871440,0.15623813333333333
118,1078,Y,46589328,0.15529776
61,619,Y,46573624,0.15524541333333333
79,766,Y,46551976,0.15517325333333334
103,955,Y,46511272,0.15503757333333335
65,653,Y,46509264,0.15503088
47,507,Y,46493568,0.15497856
28,353,Y,46438416,0.15479472
22,304,Y,46403176,0.15467725333333332
84,804,Y,46250640,0.1541688
106,976,Y,46238528,0.15412842666666665
37,428,Y,46178904,0.15392967999999999
81,776,Y,46176896,0.15392298666666665
93,874,Y,46127624,0.15375874666666667
54,567,Y,46051480,0.15350493333333332
119,1084,Y,45837104,0.15279034666666666
95,894,Y,45422680,0.15140893333333333
92,870,Y,45363464,0.15121154666666667
59,600,Y,45276496,0.15092165333333332
69,683,Y,45257952,0.15085984
37,431,Y,44864848,0.14954949333333334
7,185,Y,44569392,0.14856464
116,1063,Y,44208456,0.14736152
68,672,Y,43858464,0.14619488
75,732,Y,43743424,0.14581141333333333
57,589,Y,43726224,0.14575408
84,802,Y,43706032,0.14568677333333335
43,476,Y,43576752,0.14525584
111,1016,Y,43551072,0.14517024
87,827,Y,43347840,0.1444928
27,351,Y,43214040,0.1440468
16,256,Y,43199224,0.14399741333333335
81,777,Y,43194296,0.14398098666666667
104,965,Y,42988528,0.14329509333333332
31,379,Y,42765920,0.14255306666666667
40,448,Y,42565440,0.14188479999999998
94,884,Y,42491520,0.1416384
72,705,Y,42290672,0.14096890666666667
28,356,Y,42231328,0.14077109333333332
99,924,Y,41987248,0.13995749333333335
32,388,Y,41578040,0.13859346666666666
62,624,Y,41409952,0.13803317333333334
114,1040,Y,41392520,0.13797506666666667
20,294,Y,41337880,0.13779293333333334
27,348,Y,41232632,0.13744210666666665
48,519,Y,41200896,0.13733631999999998
21,302,Y,41058648,0.13686216
105,974,Y,40616336,0.13538778666666668
38,437,Y,40341720,0.1344724
127,1148,Y,40183784,0.13394594666666668
58,592,Y,40171640,0.13390546666666667
96,900,Y,39998864,0.13332954666666666
88,839,Y,39987400,0.13329133333333334
59,602,Y,39899336,0.13299778666666665
110,1013,Y,39888784,0.13296261333333334
61,621,Y,39828728,0.13276242666666668
69,680,Y,39763568,0.13254522666666665
69,684,Y,39475176,0.13158392
63,635,Y,38947792,0.12982597333333332
87,828,Y,38794920,0.1293164
80,775,Y,38770280,0.12923426666666668
6,179,Y,38685104,0.12895034666666666
108,995,Y,38604976,0.12868325333333333
78,752,Y,38552632,0.12850877333333333
25,329,Y,38533032,0.12844344
17,266,Y,38521808,0.12840602666666667
92,868,Y,38516688,0.12838896
106,981,Y,38317352,0.12772450666666668
28,357,Y,38285968,0.12761989333333332
78,755,Y,38247776,0.12749258666666666
112,1031,Y,38154664,0.12718221333333332
22,309,Y,38079296,0.12693098666666666
88,832,Y,37889144,0.12629714666666667
30,374,Y,37873344,0.12624448
95,888,Y,37855024,0.12618341333333333
60,614,Y,37792880,0.12597626666666667
38,435,Y,37755536,0.12585178666666666
0,128,Y,37678816,0.12559605333333335
45,493,Y,37584376,0.12528125333333334
30,371,Y,37569920,0.12523306666666667
89,840,Y,37482704,0.12494234666666666
90,848,Y,37463536,0.12487845333333333
3,155,Y,37416192,0.12472064
22,306,Y,37403936,0.12467978666666667
83,794,Y,37372496,0.12457498666666666
43,473,Y,37281328,0.12427109333333333
84,803,Y,37241120,0.12413706666666666
85,809,Y,37160328,0.12386776000000001
55,575,Y,37036880,0.12345626666666666
75,728,Y,37013120,0.12337706666666667
14,241,Y,36939424,0.12313141333333334
127,1151,Y,36856784,0.12285594666666666
72,707,Y,36773152,0.12257717333333333
83,798,Y,36758096,0.12252698666666666
79,763,Y,36440144,0.12146714666666668
97,905,Y,36418504,0.12139501333333334
57,585,Y,36413680,0.12137893333333334
77,750,Y,36404688,0.12134896
21,297,Y,36370704,0.12123568
12,230,Y,36198728,0.12066242666666667
111,1023,Y,36176736,0.12058912000000001
49,523,Y,35872704,0.11957567999999999
54,565,Y,35802088,0.11934029333333332
52,545,Y,35643824,0.11881274666666666
36,419,Y,35608992,0.11869663999999999
3,157,Y,35585576,0.11861858666666666
127,1146,Y,35450456,0.11816818666666666
68,674,Y,35415640,0.11805213333333332
62,628,Y,35409720,0.1180324
6,181,Y,35189864,0.11729954666666667
1,137,Y,35063176,0.11687725333333335
0,131,Y,34905040,0.11635013333333333
41,462,Y,34803712,0.11601237333333334
57,590,Y,34552592,0.11517530666666667
87,831,Y,34181696,0.11393898666666666
7,191,Y,34162440,0.1138748
107,991,Y,34090528,0.11363509333333333
38,434,Y,34079784,0.11359928
30,372,Y,33770080,0.11256693333333333
6,180,Y,33715792,0.11238597333333333
80,772,Y,33680856,0.11226952
63,637,Y,33629176,0.11209725333333333
58,596,Y,33617600,0.11205866666666668
116,1060,Y,33616232,0.11205410666666667
43,474,Y,33605128,0.11201709333333333
51,537,Y,33457416,0.11152472000000001
40,455,Y,33404992,0.11134997333333332
55,570,Y,33381720,0.11127240000000001
120,1095,Y,33154264,0.11051421333333332
121,1103,Y,33077816,0.11025938666666667
40,452,Y,33072368,0.11024122666666666
8,199,Y,33029112,0.11009704000000001
9,201,Y,32948320,0.10982773333333333
20,289,Y,32803112,0.10934370666666667
121,1102,Y,32697600,0.108992
21,300,Y,32671808,0.10890602666666666
99,922,Y,32577704,0.10859234666666666
67,670,Y,32399760,0.10799920000000002
94,883,Y,32347600,0.10782533333333333
53,557,Y,32326560,0.10775520000000001
95,895,Y,32297200,0.10765733333333333
0,134,Y,32169912,0.10723304
32,386,Y,32110920,0.1070364
48,518,Y,32036064,0.10678688000000001
63,638,Y,31968576,0.10656191999999999
62,626,Y,31913272,0.10637757333333334
122,1111,Y,31822896,0.10607632
30,369,Y,31645192,0.10548397333333334
20,291,Y,31610240,0.10536746666666666
116,1056,Y,31601776,0.10533925333333333
119,1080,Y,31598504,0.10532834666666666
81,779,Y,31583568,0.10527856000000001
47,510,Y,31540856,0.10513618666666666
90,849,Y,31311432,0.10437144
57,591,Y,31296248,0.10432082666666667
25,331,Y,31245512,0.10415170666666666
106,979,Y,31226544,0.10408848
30,368,Y,31216520,0.10405506666666667
67,671,Y,30963880,0.10321293333333333
73,716,Y,30773032,0.10257677333333334
33,392,Y,30642136,0.10214045333333333
26,337,Y,30614696,0.10204898666666667
78,758,Y,30601568,0.10200522666666667
105,973,Y,30453704,0.10151234666666666
72,708,Y,30365904,0.10121967999999999
76,738,Y,30325592,0.10108530666666667
112,1028,Y,30259584,0.10086527999999999
98,913,Y,30194456,0.10064818666666667
119,1087,Y,30154120,0.10051373333333333
114,1042,Y,29899168,0.09966389333333334
114,1046,Y,29845784,0.09948594666666667
88,838,Y,29837672,0.09945890666666667
85,814,Y,29731200,0.09910400000000001
100,930,Y,29704488,0.09901496
67,667,Y,29664432,0.09888144000000001
86,821,Y,29546512,0.09848837333333332
9,204,Y,29537416,0.09845805333333334
60,615,Y,29523792,0.09841264
43,477,Y,29482824,0.09827607999999999
1,136,Y,29412760,0.09804253333333335
43,475,Y,29405968,0.09801989333333334
51,541,Y,29335872,0.09778624000000001
109,1004,Y,29304680,0.09768226666666668
33,399,Y,29247032,0.09749010666666667
37,424,Y,29239248,0.09746416000000001
67,666,Y,29223384,0.09741128
100,932,Y,29102360,0.09700786666666666
64,643,Y,29059928,0.09686642666666667
110,1015,Y,28900000,0.09633333333333333
123,1112,Y,28741744,0.09580581333333334
32,387,Y,28741312,0.09580437333333333
6,178,Y,28606560,0.0953552
100,934,Y,28492672,0.09497557333333334
38,438,Y,28383544,0.09461181333333334
34,400,Y,28307568,0.09435856000000001
96,903,Y,28295096,0.09431698666666667
35,412,Y,28292624,0.09430874666666667
9,202,Y,28284480,0.0942816
58,599,Y,28223224,0.09407741333333333
104,961,Y,28203744,0.09401248000000001
19,281,Y,28152232,0.09384077333333334
31,376,Y,27989024,0.09329674666666667
51,536,Y,27942192,0.09314064
50,535,Y,27851520,0.0928384
124,1126,Y,27806456,0.09268818666666667
113,1036,Y,27684192,0.09228064
106,978,Y,27675704,0.09225234666666667
111,1018,Y,27673648,0.09224549333333333
44,486,Y,27429432,0.09143144
89,844,Y,27424280,0.09141426666666667
79,761,Y,27373944,0.09124648
119,1082,Y,27330480,0.09110159999999999
66,659,Y,27323656,0.09107885333333333
109,1007,Y,27303560,0.09101186666666666
86,817,Y,27136672,0.09045557333333333
113,1038,Y,26965336,0.08988445333333334
116,1059,Y,26810064,0.08936688
84,806,Y,26797872,0.08932624
3,156,Y,26673872,0.08891290666666667
119,1081,Y,26668528,0.08889509333333334
77,749,Y,26628848,0.08876282666666666
42,468,Y,26577640,0.08859213333333332
79,765,Y,26506152,0.08835384
18,272,Y,26496104,0.08832034666666666
72,706,Y,26458936,0.08819645333333333
110,1012,Y,26415816,0.08805272
11,222,Y,26397216,0.08799072000000001
11,220,Y,26369240,0.08789746666666667
118,1073,Y,26348432,0.08782810666666666
105,971,Y,26319288,0.08773096000000001
94,882,Y,26235360,0.0874512
47,511,Y,26219192,0.08739730666666666
63,632,Y,26016392,0.08672130666666666
78,757,Y,25927632,0.08642543999999999
9,206,Y,25513352,0.08504450666666667
60,608,Y,25370992,0.08456997333333333
96,898,Y,25358280,0.0845276
68,678,Y,25307272,0.08435757333333334
124,1122,Y,25297304,0.08432434666666667
81,781,Y,25099344,0.08366448
105,968,Y,25071328,0.08357109333333333
28,358,Y,25031176,0.08343725333333334
113,1035,Y,24776696,0.08258898666666667
97,906,Y,24754336,0.08251445333333333
17,264,Y,24710688,0.08236896
121,1096,Y,24626736,0.08208912
70,693,Y,24591048,0.08197016
120,1091,Y,24553672,0.08184557333333334
68,677,Y,24504936,0.08168312
28,352,Y,24353964,0.08117988
77,747,Y,24320288,0.08106762666666667
31,377,Y,24307904,0.08102634666666667
114,1041,Y,24238496,0.08079498666666667
118,1072,Y,24220584,0.08073527999999999
89,841,Y,24091200,0.080304
24,325,Y,24077296,0.08025765333333335
36,418,Y,23956848,0.07985616000000001
115,1053,Y,23882504,0.07960834666666666
64,641,Y,23792656,0.07930885333333333
19,287,Y,23747960,0.07915986666666666
77,745,Y,23718136,0.07906045333333334
70,690,Y,23577600,0.078592
124,1120,Y,23524112,0.07841370666666667
53,559,Y,23442576,0.07814191999999999
51,543,Y,23382792,0.07794264
111,1022,Y,23298728,0.07766242666666667
69,682,Y,23290408,0.07763469333333334
50,528,Y,23103464,0.07701154666666667
81,783,Y,23028128,0.07676042666666667
120,1094,Y,23020584,0.07673527999999999
9,207,Y,22913576,0.07637858666666666
0,133,Y,22808552,0.07602850666666666
9,205,Y,22759088,0.07586362666666667
42,466,Y,22735136,0.07578378666666666
49,521,Y,22653704,0.07551234666666667
88,837,Y,22533720,0.07511240000000001
78,759,Y,22523968,0.07507989333333334
41,463,Y,22440288,0.07480096
118,1076,Y,22170120,0.0739004
112,1030,Y,21910752,0.07303584
120,1088,Y,21767176,0.07255725333333334
59,604,Y,21755864,0.07251954666666667
75,734,Y,21474680,0.07158226666666667
100,935,Y,21408360,0.0713612
25,334,Y,21404600,0.07134866666666667
80,771,Y,21300872,0.07100290666666667
99,921,Y,21220328,0.07073442666666667
47,504,Y,21196048,0.07065349333333333
111,1020,Y,21142376,0.07047458666666667
35,411,Y,21062400,0.070208
36,416,Y,21050280,0.0701676
2,144,Y,21039840,0.0701328
63,633,Y,20973912,0.06991304
60,611,Y,20954784,0.06984928
68,673,Y,20931504,0.06977168
43,472,Y,20925992,0.06975330666666667
114,1047,Y,20900832,0.06966944
32,384,Y,20883944,0.06961314666666667
31,380,Y,20860800,0.069536
102,948,Y,20664624,0.06888208
63,636,Y,20551144,0.06850381333333333
6,177,Y,20534008,0.06844669333333334
118,1079,Y,20485128,0.06828376
91,863,Y,20414600,0.06804866666666666
75,729,Y,20322832,0.06774277333333334
27,347,Y,20312792,0.06770930666666666
89,843,Y,20300832,0.06766944
127,1147,Y,20298968,0.06766322666666666
26,339,Y,20247608,0.06749202666666666
14,247,Y,20198576,0.06732858666666666
33,395,Y,20197240,0.06732413333333334
110,1009,Y,20036648,0.06678882666666666
68,679,Y,20026336,0.06675445333333332
122,1108,Y,20001304,0.06667101333333333
5,169,Y,19996040,0.06665346666666666
78,754,Y,19964224,0.06654741333333333
87,829,Y,19894696,0.06631565333333334
122,1110,Y,19893600,0.066312
55,573,Y,19887656,0.06629218666666666
105,969,Y,19882568,0.06627522666666667
57,587,Y,19879432,0.06626477333333333
111,1019,Y,19817616,0.06605872
51,539,Y,19797416,0.06599138666666667
42,470,Y,19710400,0.06570133333333333
26,338,Y,19504896,0.06501632
26,340,Y,19333576,0.06444525333333333
69,681,Y,19233384,0.06411128
107,990,Y,19205856,0.06401952000000001
110,1011,Y,19178256,0.06392752
66,660,Y,19067088,0.06355696
85,808,Y,19042232,0.06347410666666667
94,880,Y,18865560,0.06288519999999999
41,459,Y,18849184,0.06283061333333333
51,542,Y,18720448,0.062401493333333335
36,420,Y,18669632,0.06223210666666667
15,254,Y,18562080,0.06187360000000001
14,242,Y,18536744,0.06178914666666666
92,866,Y,18408952,0.06136317333333333
48,516,Y,18342352,0.06114117333333334
26,341,Y,18274160,0.06091386666666667
58,593,Y,18197712,0.06065904
0,132,Y,17879536,0.059598453333333336
64,642,Y,17643240,0.058810799999999996
119,1085,Y,17560712,0.058535706666666666
47,505,Y,17530936,0.05843645333333333
4,163,Y,17289480,0.0576316
115,1049,Y,17161776,0.05720592000000001
42,467,Y,17079432,0.05693144000000001
83,792,Y,17039864,0.056799546666666666
108,993,Y,17011320,0.056704399999999995
102,946,Y,16874136,0.05624712
99,926,Y,16871712,0.05623904
7,189,Y,16841440,0.05613813333333334
19,280,Y,16835432,0.05611810666666667
98,917,Y,16816896,0.05605632
94,887,Y,16807200,0.056024000000000004
56,577,Y,16786176,0.055953920000000004
79,760,Y,16785728,0.055952426666666666
100,928,Y,16773336,0.05591112
59,606,Y,16766504,0.05588834666666667
11,216,Y,16756920,0.0558564
117,1071,Y,16755360,0.055851200000000004
60,610,Y,16720200,0.055734000000000006
127,1145,Y,16706456,0.05568818666666667
77,748,Y,16613200,0.05537733333333333
59,605,Y,16589320,0.055297733333333335
83,795,Y,16574320,0.05524773333333334
94,885,Y,16548976,0.055163253333333336
51,540,Y,16366328,0.05455442666666666
96,896,Y,16363920,0.054546399999999995
90,851,Y,16328752,0.05442917333333333
3,154,Y,16325200,0.05441733333333334
122,1105,Y,16302240,0.0543408
34,406,Y,16296272,0.05432090666666667
112,1024,Y,16271968,0.05423989333333333
115,1048,Y,16185904,0.05395301333333333
52,547,Y,16025184,0.053417280000000004
67,664,Y,15992848,0.05330949333333334
16,258,Y,15826336,0.05275445333333333
9,203,Y,15781112,0.052603706666666666
97,909,Y,15482048,0.05160682666666667
13,238,Y,15445112,0.05148370666666666
26,342,Y,15443800,0.05147933333333333
49,520,Y,15363688,0.05121229333333333
1,142,Y,15273552,0.05091183999999999
71,703,Y,15236368,0.05078789333333334
14,244,Y,15083912,0.05027970666666667
90,853,Y,15069896,0.05023298666666667
87,826,Y,14980448,0.04993482666666667
83,796,Y,14922872,0.04974290666666666
82,784,Y,14903520,0.0496784
3,158,Y,14826208,0.049420693333333335
122,1107,Y,14814240,0.049380799999999996
81,782,Y,14753176,0.04917725333333334
41,460,Y,14631080,0.048770266666666666
86,822,Y,14624464,0.04874821333333333
55,572,Y,14595496,0.04865165333333333
0,135,Y,14534976,0.04844992
18,273,Y,14488288,0.048294293333333335
1,139,Y,14309592,0.04769864
85,815,Y,14298208,0.04766069333333333
112,1025,Y,14283568,0.047611893333333336
4,167,Y,14282880,0.0476096
94,881,Y,14261160,0.0475372
71,702,Y,14228952,0.04742984
31,378,Y,14186064,0.047286879999999996
31,383,Y,14145152,0.04715050666666666
38,433,Y,14144848,0.047149493333333334
9,200,Y,14027608,0.04675869333333334
60,613,Y,14019224,0.04673074666666666
97,908,Y,14014136,0.046713786666666667
11,217,Y,13921560,0.0464052
76,741,Y,13836848,0.046122826666666665
49,524,Y,13752608,0.04584202666666667
53,554,Y,13640776,0.045469253333333334
46,499,Y,13613080,0.045376933333333334
14,245,Y,13431392,0.04477130666666667
63,639,Y,13408152,0.04469384
47,506,Y,13345272,0.04448424
106,983,Y,13301344,0.04433781333333333
38,436,Y,13261624,0.04420541333333333
86,819,Y,13191680,0.04397226666666667
24,320,Y,13106904,0.04368968
91,860,Y,13069528,0.04356509333333333
82,785,Y,13060896,0.043536319999999996
52,549,Y,13038608,0.04346202666666667
55,568,Y,12906400,0.043021333333333335
122,1106,Y,12838816,0.042796053333333334
117,1068,Y,12781440,0.0426048
83,793,Y,12709304,0.042364346666666663
88,835,Y,12632784,0.04210928
7,188,Y,12625016,0.04208338666666667
121,1097,Y,12513736,0.04171245333333334
105,970,Y,12412920,0.0413764
33,398,Y,12410352,0.041367839999999996
77,751,Y,12387752,0.041292506666666666
121,1099,Y,12270512,0.04090170666666667
30,370,Y,12267824,0.04089274666666667
89,847,Y,12220656,0.04073552
66,658,Y,12215024,0.04071674666666667
100,931,Y,12208792,0.04069597333333333
112,1026,Y,12191488,0.04063829333333333
27,346,Y,12174752,0.040582506666666664
24,326,Y,12121336,0.04040445333333333
34,404,Y,12108504,0.04036168
4,164,Y,12107440,0.04035813333333334
114,1043,Y,12098208,0.04032736
73,719,Y,12080152,0.040267173333333336
53,556,Y,12070856,0.040236186666666666
85,810,Y,12019608,0.04006536
76,736,Y,11996696,0.039988986666666664
116,1058,Y,11943832,0.03981277333333333
82,790,Y,11853768,0.03951256
98,915,Y,11823640,0.03941213333333333
91,861,Y,11712760,0.03904253333333333
11,218,Y,11651256,0.03883752
113,1032,Y,11610360,0.0387012
49,522,Y,11551624,0.038505413333333335
32,391,Y,11535312,0.03845104
85,812,Y,11519736,0.03839912
88,836,Y,11477696,0.03825898666666667
121,1101,Y,11477016,0.03825672
64,645,Y,11440384,0.03813461333333333
54,564,Y,11371488,0.03790496
25,332,Y,11247704,0.03749234666666667
98,919,Y,11168104,0.03722701333333333
22,310,Y,11125360,0.037084533333333336
82,791,Y,11093280,0.0369776
27,349,Y,11021680,0.036738933333333335
90,852,Y,10956976,0.03652325333333333
124,1127,Y,10945152,0.036483840000000003
98,916,Y,10934432,0.03644810666666667
2,147,Y,10845528,0.03615176
127,1149,Y,10835144,0.03611714666666667
33,397,Y,10779504,0.03593168
76,742,Y,10649832,0.03549944
95,889,Y,10645736,0.03548578666666667
58,598,Y,10639392,0.03546464
21,301,Y,10597504,0.035325013333333335
4,162,Y,10572960,0.0352432
49,527,Y,10555920,0.0351864
81,778,Y,10551216,0.03517072
100,933,Y,10549760,0.03516586666666667
13,233,Y,10542912,0.03514304
44,487,Y,10470656,0.03490218666666667
99,920,Y,10367160,0.034557199999999996
112,1027,Y,10164376,0.03388125333333333
73,715,Y,10156416,0.03385472
41,458,Y,10105952,0.033686506666666664
32,389,Y,10090856,0.033636186666666665
16,260,Y,10087544,0.03362514666666667
41,461,Y,10083520,0.03361173333333334
74,727,Y,10011832,0.033372773333333335
27,350,Y,9997376,0.03332458666666667
90,854,Y,9933744,0.03311248
17,271,Y,9903848,0.03301282666666667
13,232,Y,9824640,0.0327488
24,327,Y,9756520,0.03252173333333333
115,1055,Y,9716392,0.032387973333333334
44,481,Y,9679600,0.03226533333333333
23,316,Y,9419040,0.0313968
44,482,Y,9400168,0.031333893333333335
122,1104,Y,9353656,0.031178853333333336
76,743,Y,9303088,0.031010293333333334
34,402,Y,9294680,0.030982266666666664
50,531,Y,9203760,0.0306792
117,1070,Y,9107040,0.0303568
10,208,Y,9054720,0.0301824
82,786,Y,8993448,0.029978159999999997
45,491,Y,8957184,0.02985728
104,964,Y,8704032,0.02901344
10,209,Y,8684640,0.0289488
71,697,Y,8634720,0.0287824
97,904,Y,8577408,0.02859136
2,150,Y,8531040,0.0284368
16,262,Y,8520640,0.028402133333333336
14,240,Y,8519912,0.028399706666666667
23,317,Y,8459040,0.0281968
82,789,Y,8384360,0.027947866666666668
55,574,Y,8377144,0.027923813333333332
23,312,Y,8239200,0.027464
69,686,Y,8187912,0.027293039999999998
12,226,Y,8146776,0.02715592
106,980,Y,8124560,0.02708186666666667
108,999,Y,8052512,0.026841706666666666
126,1137,Y,7938240,0.0264608
41,456,Y,7864600,0.02621533333333333
5,175,Y,7804952,0.026016506666666668
66,662,Y,7795424,0.02598474666666667
89,845,Y,7783710,0.0259457
44,483,Y,7747264,0.025824213333333335
44,485,Y,7727232,0.025757440000000003
124,1124,Y,7715032,0.025716773333333335
42,464,Y,7516480,0.025054933333333335
102,950,Y,7508832,0.02502944
102,944,Y,7473520,0.024911733333333335
2,145,Y,7416960,0.0247232
42,471,Y,7343784,0.024479280000000003
121,1100,Y,7311904,0.024373013333333332
79,762,Y,7307880,0.024359600000000002
119,1083,Y,7243120,0.024143733333333334
122,1109,Y,7165920,0.023886400000000002
13,237,Y,7139520,0.0237984
14,246,Y,7041408,0.02347136
88,834,Y,7040864,0.023469546666666667
108,997,Y,7031888,0.023439626666666668
32,385,Y,6898496,0.02299498666666667
117,1065,Y,6884064,0.02294688
63,634,Y,6874160,0.022913866666666664
42,469,Y,6713792,0.022379306666666668
30,373,Y,6666416,0.02222138666666667
2,151,Y,6638880,0.0221296
68,675,Y,6506896,0.021689653333333333
102,947,Y,6480448,0.021601493333333333
111,1017,Y,6478960,0.021596533333333334
126,1142,Y,6444000,0.02148
81,780,Y,6426704,0.021422346666666668
54,561,Y,6394256,0.02131418666666667
126,1143,Y,6363360,0.0212112
94,886,Y,6250560,0.0208352
64,640,Y,6217336,0.020724453333333333
126,1139,Y,6209760,0.0206992
50,530,Y,6165232,0.020550773333333335
102,949,Y,6164176,0.020547253333333335
45,490,Y,6117920,0.020393066666666668
15,253,Y,6080160,0.0202672
34,407,Y,6048928,0.020163093333333333
64,647,Y,6037568,0.020125226666666666
108,992,Y,6022656,0.02007552
12,227,Y,5937024,0.019790079999999998
1,138,Y,5766592,0.019221973333333333
5,174,Y,5730304,0.019101013333333333
111,1021,Y,5713528,0.019045093333333332
45,492,Y,5572936,0.018576453333333333
32,390,Y,5467960,0.018226533333333333
76,737,Y,5457904,0.01819301333333333
113,1039,Y,5374640,0.017915466666666668
47,508,Y,5362832,0.017876106666666666
48,515,Y,5352288,0.01784096
126,1140,Y,5349120,0.0178304
64,644,Y,5333888,0.017779626666666666
44,484,Y,5262544,0.017541813333333333
82,787,Y,5256480,0.017521600000000002
1,143,Y,5218048,0.017393493333333333
65,649,Y,5099584,0.016998613333333336
35,410,Y,5088144,0.01696048
82,788,Y,5078936,0.016929786666666665
117,1066,Y,5057560,0.016858533333333335
48,517,Y,5052592,0.016841973333333333
5,173,Y,5049296,0.016830986666666665
126,1136,Y,4946400,0.016488
2,146,Y,4929600,0.016432
26,336,Y,4918472,0.016394906666666667
96,901,Y,4854224,0.016180746666666666
16,257,Y,4845128,0.01615042666666667
115,1054,Y,4722824,0.015742746666666668
41,457,Y,4642120,0.015473733333333333
15,252,Y,4627680,0.0154256
15,255,Y,4609072,0.015363573333333332
89,842,Y,4604960,0.015349866666666665
18,277,Y,4601400,0.015338
15,249,Y,4595632,0.015318773333333334
53,553,Y,4574504,0.015248346666666667
127,1144,Y,4538816,0.015129386666666668
52,550,Y,4488072,0.014960240000000001
45,495,Y,4473592,0.014911973333333333
71,701,Y,4456968,0.014856560000000001
36,423,Y,4419216,0.01473072
24,321,Y,4404400,0.014681333333333333
50,534,Y,4391528,0.014638426666666666
13,235,Y,4380200,0.014600666666666668
19,286,Y,4362984,0.01454328
34,401,Y,4275712,0.014252373333333332
49,525,Y,4252544,0.014175146666666668
15,251,Y,4183680,0.013945599999999999
19,282,Y,4167880,0.013892933333333333
125,1130,Y,4153440,0.0138448
15,250,Y,4117552,0.013725173333333333
102,951,Y,4007560,0.013358533333333332
45,488,Y,3960216,0.013200719999999999
26,343,Y,3942480,0.0131416
22,311,Y,3924272,0.013080906666666666
16,263,Y,3896264,0.012987546666666665
105,972,Y,3886728,0.01295576
5,170,Y,3884600,0.012948666666666667
89,846,Y,3869080,0.012896933333333334
69,687,Y,3708312,0.012361039999999998
1,141,Y,3666616,0.012222053333333333
12,231,Y,3642496,0.012141653333333334
5,172,Y,3628600,0.012095333333333335
16,261,Y,3616264,0.012054213333333333
50,532,Y,3593744,0.011979146666666668
18,274,Y,3510352,0.011701173333333334
67,665,Y,3503248,0.011677493333333334
115,1051,Y,3462632,0.011542106666666668
18,276,Y,3408400,0.011361333333333333
77,746,Y,3379352,0.011264506666666667
117,1067,Y,3303248,0.011010826666666666
18,275,Y,3233760,0.0107792
18,279,Y,3201928,0.010673093333333335
71,699,Y,3171840,0.0105728
24,324,Y,3159712,0.010532373333333333
42,465,Y,3144072,0.01048024
125,1131,Y,3115200,0.010384
112,1029,Y,3087008,0.010290026666666665
110,1010,Y,3071848,0.010239493333333334
45,494,Y,3055344,0.01018448
12,224,Y,3012600,0.010042
35,409,Y,2926560,0.0097552
22,307,Y,2913144,0.00971048
2,148,Y,2887680,0.0096256
4,165,Y,2883560,0.009611866666666666
4,161,Y,2876640,0.0095888
52,546,Y,2871224,0.009570746666666666
67,668,Y,2869296,0.009564320000000001
98,914,Y,2832648,0.00944216
19,285,Y,2737280,0.009124266666666667
85,811,Y,2736600,0.009122
13,239,Y,2730064,0.009100213333333333
91,858,Y,2715464,0.009051546666666667
17,268,Y,2629120,0.008763733333333334
87,825,Y,2609288,0.008697626666666666
14,243,Y,2497552,0.008325173333333333
117,1069,Y,2450880,0.008169599999999999
35,414,Y,2373224,0.007910746666666666
24,322,Y,2342928,0.00780976
5,171,Y,2317392,0.00772464
50,529,Y,2314600,0.007715333333333334
36,421,Y,2199312,0.0073310400000000005
12,225,Y,2173000,0.007243333333333333
23,319,Y,2160000,0.0072
35,413,Y,2137472,0.007124906666666667
18,278,Y,2114656,0.007048853333333333
71,696,Y,2094016,0.006980053333333334
10,213,Y,2050560,0.0068352
125,1128,Y,2037120,0.0067904
80,773,Y,2025592,0.006751973333333334
10,211,Y,2016960,0.0067231999999999995
23,318,Y,1926720,0.0064224
13,236,Y,1925280,0.006417600000000001
71,700,Y,1923840,0.006412800000000001
108,996,Y,1872384,0.00624128
117,1064,Y,1862408,0.0062080266666666665
88,833,Y,1811056,0.006036853333333334
35,408,Y,1784128,0.005947093333333334
10,215,Y,1761600,0.005872
4,160,Y,1751856,0.00583952
15,248,Y,1687680,0.0056256
35,415,Y,1668704,0.0055623466666666664
29,366,Y,1636320,0.0054544
98,918,Y,1536016,0.0051200533333333334
10,212,Y,1533600,0.005112
16,259,Y,1510592,0.005035306666666666
5,168,Y,1507760,0.005025866666666667
23,315,Y,1499520,0.0049984
29,363,Y,1424640,0.0047488
34,403,Y,1413744,0.00471248
125,1133,Y,1363200,0.004543999999999999
2,149,Y,1346880,0.0044896
29,365,Y,1338608,0.004462026666666666
71,698,Y,1232640,0.004108799999999999
4,166,Y,1212960,0.0040432
126,1138,Y,1163520,0.0038784
36,417,Y,1141064,0.0038035466666666664
23,314,Y,1111680,0.0037056
13,234,Y,1021824,0.0034060799999999997
53,558,Y,1014920,0.003383066666666667
126,1141,Y,1009920,0.0033664000000000003
48,513,Y,993704,0.003312346666666667
115,1052,Y,934616,0.0031153866666666667
125,1129,Y,931568,0.0031052266666666667
64,646,Y,918928,0.0030630933333333334
34,405,Y,905264,0.0030175466666666666
10,214,Y,904320,0.0030144
29,364,Y,795840,0.0026528000000000003
10,210,Y,780480,0.0026016
48,512,Y,683536,0.0022784533333333333
36,422,Y,681968,0.0022732266666666665
23,313,Y,613440,0.0020448000000000003
29,362,Y,611520,0.0020384
125,1135,Y,533760,0.0017791999999999999
29,367,Y,533688,0.00177896
125,1134,Y,479040,0.0015968
115,1050,Y,407784,0.00135928
11,221,Y,336376,0.0011212533333333334
125,1132,Y,289920,9.664E-4
29,361,Y,276480,9.216E-4
29,360,Y,254400,8.48E-4
