101,34,N,3326024408,6.652048816000001
13,40,N,3282174232,6.564348464
34,64,N,3217196648,6.4343932960000005
64,13,N,3210908944,6.4218178880000005
942,101,Y,3137173952,6.274347903999999
40,452,Y,3127488928,6.254977856000001
26,119,N,1521833352,3.043666704
79,12,N,1429998880,2.85999776
119,123,N,1402073032,2.804146064
12,26,N,1380084352,2.760168704
16,45,N,1338749992,2.677499984
767,79,Y,1317399272,2.6347985439999997
123,1116,Y,1289582424,2.579164848
45,49,N,1135746520,2.27149304
261,16,Y,919011688,1.838023376
49,521,Y,914108696,1.8282173919999998
50,108,N,764380864,1.528761728
40,13,N,744911832,1.489823664
93,18,N,726417496,1.4528349919999999
66,22,N,720478648,1.440957296
62,101,N,703562224,1.407124448
18,50,N,702834968,1.405669936
57,66,N,700672504,1.401345008
22,6,N,684742936,1.369485872
6,7,N,684234296,1.368468592
101,50,N,667281472,1.334562944
105,46,N,662311984,1.324623968
878,93,Y,658001824,1.316003648
108,992,Y,656459200,1.3129184
50,534,Y,620690688,1.2413813759999999
631,62,Y,617865944,1.2357318880000001
7,190,Y,603483408,1.206966816
587,57,Y,599383640,1.19876728
109,12,N,549059384,1.098118768
13,122,N,547608616,1.095217232
46,98,N,529809904,1.059619808
98,51,N,499652928,0.999305856
122,20,N,498764664,0.997529328
5,68,N,472270296,0.9445405920000001
51,541,Y,460261536,0.920523072
56,109,N,435846176,0.871692352
973,105,Y,431025040,0.8620500799999999
5,16,N,429497736,0.8589954719999999
12,79,N,421674744,0.843349488
16,5,N,411025272,0.822050544
20,295,Y,404465032,0.808930064
448,40,Y,399742608,0.799485216
95,107,N,374922496,0.749844992
68,95,N,368207224,0.736414448
107,126,N,364192520,0.72838504
10,49,N,361432568,0.722865136
101,942,Y,360123416,0.720246832
77,30,N,353884712,0.707769424
64,34,N,352197856,0.7043957120000001
30,6,N,345751088,0.691502176
45,78,N,339976616,0.679953232
71,10,N,339052064,0.6781041280000001
34,101,N,327838240,0.65567648
3,56,N,327607008,0.655214016
11,87,N,325371184,0.650742368
123,101,N,325019128,0.650038256
13,64,N,322349528,0.644699056
45,16,N,319137104,0.638274208
259,16,Y,318134800,0.6362696
111,120,N,317699784,0.635399568
154,3,Y,308552392,0.617104784
19,53,N,306962504,0.613925008
79,766,Y,305814176,0.611628352
122,71,N,303250824,0.6065016480000001
126,1140,Y,300587560,0.6011751200000001
55,59,N,294074456,0.588148912
48,104,N,290629072,0.581258144
22,26,N,285291872,0.570583744
68,14,N,281480368,0.5629607360000001
53,44,N,279336280,0.55867256
6,16,N,278487208,0.556974416
25,21,N,277958808,0.555917616
46,76,N,274418192,0.548836384
40,95,N,268383192,0.536766384
14,65,N,265890032,0.531780064
87,111,N,265828024,0.531656048
84,30,N,265480456,0.5309609120000001
95,68,N,263235096,0.526470192
49,45,N,262347056,0.524694112
452,40,Y,259544608,0.519089216
1,45,N,255561320,0.51112264
78,757,Y,253651352,0.507302704
12,19,N,252141032,0.504282064
84,78,N,249768176,0.49953635199999996
16,0,N,249304224,0.498608448
31,27,N,248172160,0.49634431999999995
14,244,Y,244635192,0.489270384
38,94,N,243723160,0.48744632
76,52,N,243607544,0.487215088
59,69,N,242809872,0.48561974399999996
1104,122,Y,242172000,0.484344
49,10,N,241677664,0.483355328
30,84,N,241286416,0.482572832
49,523,Y,237631328,0.47526265599999995
175,5,Y,234405032,0.46881006399999997
108,10,N,230359968,0.46071993599999994
78,43,N,228088088,0.456176176
16,19,N,226492448,0.452984896
20,31,N,225974648,0.45194929599999994
44,69,N,224024936,0.448049872
91,92,N,220034448,0.44006889600000004
99,57,N,216892392,0.433784784
455,40,Y,214813560,0.42962712000000003
85,4,N,214202720,0.42840543999999997
27,77,N,213403400,0.4268068
27,1,N,213145136,0.426290272
8,55,N,213072968,0.426145936
119,48,N,212201592,0.424403184
24,81,N,212189176,0.42437835199999996
4,103,N,206916184,0.413832368
108,50,N,206723648,0.41344729599999996
48,63,N,205215104,0.410430208
21,7,N,204175960,0.40835192
66,57,N,203004696,0.40600939199999997
69,79,N,202791144,0.40558228799999996
41,81,N,202186432,0.404372864
87,48,N,202181824,0.40436364799999996
117,30,N,202105696,0.404211392
34,69,N,201804912,0.403609824
0,128,Y,199749352,0.399498704
106,1,N,199415104,0.39883020799999996
81,41,N,199267152,0.39853430400000006
61,79,N,198925120,0.39785024
41,83,N,198037448,0.39607489599999995
804,84,Y,197931616,0.39586323199999995
57,75,N,197921088,0.395842176
11,105,N,193963896,0.38792779200000005
94,72,N,193757048,0.38751409600000003
99,14,N,193507928,0.38701585600000005
69,126,N,193232984,0.386465968
75,13,N,193122560,0.38624512
120,92,N,192964472,0.385928944
53,117,N,192608440,0.38521688
76,116,N,192517600,0.3850352
181,6,Y,192475976,0.384951952
100,85,N,192275584,0.384551168
71,91,N,192184544,0.38436908799999997
57,52,N,191906960,0.38381392000000003
1,125,N,191894176,0.383788352
81,38,N,189482992,0.378965984
106,5,N,189043336,0.378086672
30,117,N,188854040,0.37770808
7,83,N,188190496,0.376380992
31,0,N,187162296,0.374324592
44,53,N,186391168,0.372782336
77,118,N,185045480,0.37009095999999997
65,76,N,184379584,0.36875916799999997
21,40,N,183297416,0.366594832
0,110,N,182239832,0.36447966400000004
47,39,N,182064176,0.364128352
83,7,N,182016792,0.36403358399999997
76,61,N,181942760,0.36388552
15,121,N,181361872,0.362723744
58,99,N,180648832,0.361297664
120,82,N,179715312,0.35943062400000003
53,19,N,179611696,0.359223392
39,22,N,178506224,0.357012448
65,14,N,178122072,0.356244144
47,123,N,177486848,0.354973696
10,71,N,177108912,0.354217824
65,91,N,175314504,0.350629008
120,6,N,174981872,0.34996374399999997
27,31,N,174868640,0.34973728000000004
26,35,N,174752816,0.349505632
6,120,N,173402168,0.346804336
74,87,N,172745744,0.34549148799999996
67,47,N,172210144,0.34442028799999996
83,58,N,171997072,0.343994144
94,38,N,171645080,0.34329016
15,125,N,170977024,0.34195404799999995
32,87,N,170673640,0.34134728000000003
43,74,N,170260656,0.340521312
17,117,N,169976952,0.339953904
22,66,N,169579928,0.339159856
492,45,Y,168545384,0.33709076800000004
84,15,N,168451312,0.33690262400000004
79,4,N,168294064,0.336588128
98,46,N,167630656,0.335261312
92,91,N,167561504,0.335123008
333,25,Y,167382720,0.33476543999999997
4,85,N,167214344,0.33442868800000003
78,84,N,167205328,0.334410656
45,1,N,166558920,0.33311784
33,90,N,165989224,0.331978448
113,49,N,165904016,0.33180803200000003
10,211,Y,165417496,0.330834992
101,123,N,165329720,0.33065944
2,71,N,165236056,0.330472112
0,16,N,164737928,0.329475856
123,14,N,164647360,0.32929472000000004
122,13,N,163809904,0.32761980799999996
39,21,N,162974328,0.325948656
117,17,N,161646504,0.323293008
125,102,N,161479808,0.322959616
58,2,N,160809912,0.321619824
15,84,N,160765856,0.321531712
5,106,N,160292640,0.32058528000000003
67,35,N,160275424,0.320550848
125,15,N,159635408,0.319270816
40,27,N,158184168,0.31636833599999997
92,120,N,157561360,0.31512272
106,86,N,157375400,0.3147508
61,15,N,157279672,0.31455934399999996
121,108,N,157191320,0.31438264
103,75,N,156228640,0.31245728
59,32,N,156015424,0.31203084799999997
85,100,N,155911904,0.311823808
48,15,N,154313040,0.30862607999999997
82,0,N,153774488,0.307548976
104,48,N,153745768,0.307491536
95,40,N,153702904,0.307405808
96,112,N,153610864,0.307221728
9,111,N,152969456,0.305938912
45,492,Y,152126160,0.30425232
85,77,N,152020384,0.304040768
111,25,N,151959416,0.30391883199999997
6,177,Y,151766784,0.303533568
60,17,N,151066584,0.302133168
12,109,N,150852584,0.301705168
105,121,N,150828184,0.301656368
20,61,N,150545344,0.301090688
84,93,N,150093360,0.30018672
49,9,N,149305728,0.298611456
40,21,N,149296320,0.29859264
217,11,Y,149130376,0.298260752
97,11,N,149028368,0.298056736
98,33,N,148787456,0.297574912
12,67,N,148658280,0.29731656
21,297,Y,148553312,0.297106624
100,47,N,148538976,0.297077952
16,6,N,148180992,0.29636198399999997
15,61,N,148041256,0.296082512
14,68,N,147488632,0.29497726399999996
50,23,N,147283440,0.29456688000000003
60,63,N,147198712,0.294397424
1,27,N,147058720,0.29411744
43,96,N,146786520,0.29357304
57,99,N,146465792,0.292931584
69,682,Y,145919120,0.29183823999999997
5,105,N,145846432,0.291692864
10,60,N,145010016,0.290020032
89,113,N,144997000,0.28999400000000003
116,76,N,144980712,0.28996142399999997
101,62,N,143873848,0.287747696
308,22,Y,143098320,0.28619664
982,106,Y,142942904,0.28588580799999996
61,76,N,142696376,0.285392752
30,77,N,142567384,0.285134768
7,55,N,142481320,0.28496264000000004
7,21,N,142444200,0.2848884
90,21,N,142368208,0.284736416
52,57,N,142188528,0.284377056
21,25,N,141772096,0.283544192
86,111,N,141741320,0.28348264
23,50,N,141630704,0.283261408
105,5,N,141581208,0.283162416
35,94,N,141460880,0.28292176
91,71,N,141335592,0.282671184
76,65,N,141323104,0.282646208
78,116,N,141317136,0.282634272
116,40,N,141026856,0.282053712
92,38,N,140627384,0.28125476800000004
104,95,N,140509824,0.281019648
120,1089,Y,140394584,0.28078916800000003
120,127,N,139812520,0.27962504
174,5,Y,139751280,0.27950255999999996
103,952,Y,139594000,0.279188
63,636,Y,139527000,0.279054
127,120,N,137543968,0.27508793600000003
124,92,N,137531480,0.27506295999999997
291,20,Y,137443792,0.274887584
117,53,N,137278192,0.274556384
69,34,N,137189408,0.27437881599999997
17,60,N,136735144,0.273470288
28,25,N,136610120,0.27322024
68,5,N,136446536,0.27289307199999996
8,62,N,136228016,0.272456032
114,78,N,135937744,0.271875488
46,105,N,135176136,0.270352272
52,76,N,134794000,0.269588
47,100,N,134067568,0.268135136
42,88,N,133886968,0.267773936
933,100,Y,133711128,0.26742225599999997
52,70,N,133594536,0.26718907199999997
27,349,Y,133567008,0.26713401600000003
120,111,N,133307048,0.266614096
70,52,N,133262632,0.266525264
82,8,N,133229168,0.266458336
121,15,N,133088032,0.266176064
747,77,Y,132366200,0.2647324
50,101,N,132194112,0.264388224
90,68,N,131389104,0.262778208
17,90,N,131360240,0.26272048
71,2,N,131205920,0.26241184
19,12,N,131130440,0.26226088000000003
19,16,N,131083736,0.262167472
106,81,N,130860520,0.26172104
126,1142,Y,130747392,0.261494784
79,61,N,130618448,0.261236896
124,108,N,130511328,0.261022656
33,11,N,130261904,0.26052380799999997
6,30,N,130133312,0.260266624
83,11,N,129854032,0.259708064
125,1,N,129832688,0.259665376
32,59,N,129643800,0.2592876
0,31,N,129320088,0.258640176
80,77,N,129174968,0.258349936
88,79,N,129125040,0.25825008
18,93,N,128996256,0.25799251199999995
100,32,N,128946464,0.257892928
79,69,N,128912048,0.257824096
87,74,N,128460880,0.25692176
110,0,N,128377288,0.256754576
90,33,N,128232968,0.256465936
119,36,N,128213000,0.256426
477,43,Y,127969768,0.255939536
107,42,N,127900880,0.25580176
74,53,N,127836712,0.255673424
121,105,N,127684008,0.255368016
20,122,N,127289432,0.25457886399999996
105,11,N,127261368,0.254522736
100,18,N,126407624,0.252815248
2,99,N,125639712,0.251279424
112,110,N,125636008,0.25127201600000004
19,41,N,125624616,0.251249232
14,0,N,125562272,0.251124544
14,99,N,125482208,0.25096441599999997
119,89,N,125440792,0.250881584
56,73,N,125263288,0.250526576
75,103,N,125116544,0.250233088
95,73,N,124832008,0.249664016
127,44,N,124360832,0.248721664
38,92,N,124216696,0.24843339199999998
81,106,N,123974336,0.247948672
32,114,N,123543192,0.247086384
97,49,N,123519904,0.247039808
114,46,N,123275752,0.246551504
72,104,N,123179448,0.24635889600000002
86,106,N,122176240,0.24435248
37,61,N,122126040,0.24425207999999998
30,23,N,122115080,0.24423015999999997
104,72,N,121820168,0.243640336
86,37,N,121573576,0.24314715199999998
1,106,N,120938208,0.241876416
77,85,N,120872792,0.24174558399999999
53,74,N,120717728,0.241435456
93,878,Y,120691352,0.241382704
197,8,Y,120443808,0.24088761600000003
16,261,Y,120066312,0.240132624
25,111,N,120047160,0.24009432
86,47,N,119780928,0.239561856
118,77,N,119731072,0.239462144
79,767,Y,119494904,0.23898980799999997
35,26,N,119397688,0.238795376
51,98,N,119381608,0.238763216
116,36,N,119376104,0.23875220800000002
123,47,N,119142696,0.238285392
96,10,N,119021552,0.238043104
43,479,Y,119015808,0.23803161600000003
77,27,N,118999544,0.23799908800000003
71,122,N,118885984,0.23777196799999997
48,119,N,118712736,0.23742547199999997
52,548,Y,118696584,0.237393168
1116,123,Y,118551768,0.237103536
34,98,N,118476344,0.23695268799999997
79,88,N,118233432,0.236466864
92,124,N,118133432,0.23626686400000002
113,70,N,117979944,0.235959888
70,31,N,117785848,0.235571696
23,30,N,117716064,0.23543212800000002
109,103,N,117641304,0.23528260799999998
50,24,N,117181152,0.234362304
127,71,N,117084120,0.23416824
67,27,N,116826760,0.23365352
118,105,N,116525040,0.23305008
9,42,N,116476968,0.232953936
87,32,N,116430856,0.23286171199999997
36,3,N,116032944,0.23206588800000003
26,12,N,115958368,0.23191673599999998
55,7,N,115927280,0.23185456000000002
442,39,Y,115687192,0.23137438400000002
74,43,N,115591912,0.231183824
50,18,N,115451856,0.23090371199999998
15,48,N,115406232,0.230812464
91,65,N,115296656,0.230593312
21,90,N,115277680,0.23055536
21,39,N,114735752,0.229471504
94,35,N,114345776,0.22869155200000002
37,86,N,114266856,0.228533712
39,43,N,113920320,0.22784063999999998
61,20,N,113692448,0.22738489599999998
24,51,N,113595632,0.227191264
74,113,N,113439200,0.22687839999999998
113,63,N,113106616,0.22621323200000001
52,551,Y,112863384,0.22572676800000002
102,17,N,112528520,0.22505704
223,11,Y,112433992,0.22486798400000002
76,46,N,112390224,0.22478044800000002
35,2,N,112353712,0.224707424
845,89,Y,112141408,0.224282816
67,12,N,112119048,0.224238096
94,122,N,111737512,0.22347502400000002
117,82,N,111730928,0.22346185600000001
48,87,N,111641072,0.223282144
36,116,N,111579264,0.22315852800000002
24,52,N,111554456,0.223108912
82,117,N,111460552,0.22292110399999998
58,102,N,111430520,0.22286103999999998
44,24,N,111224232,0.222448464
97,98,N,111066320,0.22213264000000002
102,34,N,110379504,0.22075900799999998
31,20,N,110352752,0.22070550400000002
122,44,N,110086440,0.22017288
103,92,N,110021632,0.22004326400000002
126,57,N,109850344,0.219700688
72,80,N,109841152,0.219682304
70,107,N,109582816,0.21916563200000003
24,44,N,109478120,0.21895624
110,112,N,109377776,0.218755552
55,8,N,109335776,0.21867155200000002
59,127,N,109270608,0.218541216
72,711,Y,109125488,0.218250976
44,127,N,109049328,0.218098656
104,64,N,108732432,0.217464864
110,114,N,108588112,0.21717622400000003
72,94,N,108521680,0.21704336
26,5,N,108460976,0.216921952
0,14,N,108160560,0.21632112
43,78,N,107836344,0.21567268799999997
111,87,N,107446568,0.214893136
73,95,N,107338264,0.21467652799999998
119,26,N,107146496,0.214292992
88,96,N,106902520,0.21380504
42,124,N,106654544,0.213309088
36,119,N,106431144,0.212862288
90,99,N,106359784,0.212719568
46,114,N,106281056,0.21256211199999997
47,67,N,106241304,0.212482608
97,56,N,105895648,0.21179129600000002
58,83,N,105776720,0.21155344
81,24,N,105756416,0.211512832
10,108,N,105748176,0.21149635200000003
667,67,Y,105722104,0.211444208
54,66,N,105457232,0.210914464
19,36,N,105392864,0.210785728
26,22,N,105326712,0.210653424
87,11,N,105134384,0.21026876800000002
121,53,N,105062296,0.210124592
60,10,N,104958352,0.209916704
62,96,N,104954824,0.20990964800000003
2,58,N,104891608,0.20978321599999997
125,8,N,104780512,0.20956102399999998
25,72,N,104656216,0.209312432
25,28,N,104647888,0.209295776
75,57,N,104622928,0.209245856
94,37,N,104546592,0.209093184
71,127,N,104508712,0.209017424
69,44,N,104117808,0.20823561599999998
122,1104,Y,103905344,0.20781068800000002
62,20,N,103810752,0.207621504
65,3,N,103630960,0.20726192
96,43,N,103425880,0.20685176
112,22,N,103403104,0.206806208
123,119,N,103360344,0.206720688
38,33,N,103360032,0.206720064
77,80,N,103266424,0.20653284800000002
49,97,N,103226784,0.206453568
127,80,N,103158488,0.206316976
116,78,N,102921696,0.205843392
27,67,N,102767016,0.205534032
3,28,N,102589248,0.20517849600000002
105,118,N,102464736,0.20492947199999997
112,96,N,102455416,0.20491083200000001
73,116,N,102156296,0.20431259200000002
73,63,N,102019616,0.204039232
73,56,N,102000144,0.204000288
36,19,N,101993408,0.20398681600000002
38,81,N,101827760,0.20365551999999998
108,124,N,101799024,0.203598048
14,123,N,101636272,0.203272544
89,119,N,101249848,0.20249969599999998
91,28,N,100656552,0.201313104
61,37,N,100454304,0.200908608
92,103,N,100433688,0.200867376
46,93,N,100222768,0.20044553599999998
17,20,N,100214280,0.20042856
45,36,N,100165104,0.20033020799999998
52,24,N,100052496,0.200104992
118,1077,Y,99987528,0.199975056
90,17,N,99833312,0.19966662400000001
910,97,Y,99684016,0.19936803199999997
68,104,N,99494896,0.19898979199999997
40,116,N,99212224,0.19842444799999998
51,125,N,98965392,0.19793078400000003
80,127,N,98463536,0.196927072
82,120,N,98373176,0.196746352
107,95,N,98318784,0.196637568
5,26,N,98308816,0.19661763200000001
96,88,N,98306720,0.19661344000000003
80,108,N,98142304,0.196284608
23,73,N,98063072,0.196126144
41,84,N,98014328,0.19602865599999997
35,55,N,97872552,0.195745104
814,85,Y,97836856,0.195673712
86,102,N,97620352,0.19524070400000001
9,39,N,97604232,0.195208464
51,8,N,97541704,0.19508340799999999
457,41,Y,97531616,0.195063232
63,48,N,97162152,0.194324304
60,89,N,97008304,0.194016608
3,54,N,96735344,0.193470688
127,59,N,96726328,0.193452656
6,22,N,96680952,0.193361904
18,126,N,96608816,0.193217632
0,82,N,96381272,0.192762544
110,32,N,96378032,0.192756064
59,51,N,96343080,0.19268616
3,36,N,96272224,0.19254444799999998
38,97,N,96031416,0.192062832
115,64,N,95989504,0.19197900799999998
43,58,N,95860784,0.191721568
62,8,N,95541624,0.19108324799999998
49,113,N,95526120,0.19105223999999998
55,35,N,95409920,0.19081984
53,121,N,95329264,0.19065852800000002
7,184,Y,95296744,0.190593488
8,125,N,95020936,0.190041872
126,107,N,94841352,0.189682704
115,65,N,94504624,0.189009248
43,39,N,93928904,0.187857808
108,80,N,93747648,0.18749529599999998
44,122,N,93741320,0.18748264
28,91,N,93686112,0.187372224
111,86,N,93600824,0.187201648
64,104,N,93414784,0.186829568
32,100,N,93175424,0.186350848
63,60,N,93125616,0.186251232
78,114,N,92778344,0.185556688
54,23,N,92763872,0.185527744
103,29,N,92754224,0.185508448
32,110,N,92736760,0.18547352
87,825,Y,92578864,0.185157728
93,84,N,92534288,0.18506857599999998
63,93,N,92488576,0.184977152
33,117,N,92298368,0.184596736
11,83,N,92291672,0.184583344
240,14,Y,92289088,0.18457817599999998
20,17,N,91870424,0.183740848
33,38,N,91681920,0.18336384
102,58,N,91641120,0.18328223999999999
18,64,N,91521120,0.18304224000000002
115,112,N,91504336,0.183008672
521,49,Y,91060536,0.182121072
30,369,Y,91031096,0.18206219199999998
39,47,N,90864288,0.181728576
104,967,Y,90826984,0.181653968
20,62,N,90687928,0.181375856
88,37,N,90358192,0.180716384
109,56,N,90356320,0.18071264
73,23,N,90258864,0.180517728
80,72,N,90159256,0.18031851200000001
346,27,Y,90090016,0.180180032
84,41,N,89588432,0.179176864
64,115,N,89378200,0.17875639999999998
4,79,N,89195016,0.178390032
121,1103,Y,89190512,0.178381024
111,9,N,89076488,0.178152976
64,18,N,89034024,0.178068048
66,9,N,89018240,0.17803648
27,40,N,88663240,0.17732647999999998
22,39,N,88613592,0.177227184
93,101,N,88556600,0.1771132
83,41,N,88343968,0.176687936
102,86,N,88066264,0.176132528
113,74,N,88029824,0.17605964799999999
22,112,N,87889392,0.175778784
126,69,N,87772888,0.175545776
124,52,N,87505776,0.17501155200000001
321,24,Y,87481640,0.17496328
99,58,N,87328080,0.17465616
69,59,N,86962808,0.173925616
124,126,N,86961024,0.173922048
85,81,N,86924512,0.173849024
29,121,N,86835832,0.173671664
9,49,N,86760048,0.17352009599999998
28,3,N,86643840,0.17328768
612,60,Y,86581656,0.17316331199999999
39,9,N,86536936,0.17307387200000002
89,107,N,86522968,0.173045936
117,33,N,86404800,0.17280959999999998
59,55,N,86278600,0.17255720000000002
23,54,N,86185760,0.17237152
29,103,N,85912312,0.171824624
592,58,Y,85906680,0.17181336
8,82,N,85504008,0.17100801599999998
99,90,N,85253904,0.17050780799999998
54,3,N,85178936,0.170357872
66,41,N,85095472,0.17019094399999998
55,42,N,85024424,0.170048848
112,115,N,84816592,0.169633184
93,46,N,84656848,0.169313696
93,63,N,84644560,0.16928912000000002
10,96,N,84481544,0.168963088
112,75,N,84443112,0.168886224
78,45,N,84318928,0.168637856
40,453,Y,83988128,0.167976256
75,112,N,83944768,0.167889536
83,89,N,83838888,0.167677776
34,102,N,83623792,0.167247584
41,19,N,83614320,0.16722863999999998
56,97,N,83566744,0.167133488
42,9,N,83506400,0.16701280000000002
28,115,N,83469192,0.166938384
82,785,Y,83455304,0.166910608
72,25,N,83043560,0.16608712
114,32,N,82945832,0.165891664
1037,113,Y,82780688,0.165561376
102,125,N,82774816,0.165549632
109,28,N,82713528,0.165427056
98,97,N,82571584,0.165143168
108,121,N,82489160,0.16497832
89,83,N,82250944,0.164501888
36,45,N,82213720,0.16442744
29,91,N,82188144,0.16437628799999998
121,29,N,81739240,0.16347848
393,33,Y,81623176,0.163246352
11,97,N,81604688,0.16320937600000002
25,118,N,81518408,0.163036816
1002,109,Y,81467272,0.162934544
98,34,N,81316624,0.16263324799999998
66,54,N,81244168,0.162488336
126,18,N,81223400,0.1624468
72,67,N,81210128,0.162420256
28,109,N,81179416,0.162358832
42,55,N,80978592,0.161957184
24,50,N,80926280,0.16185256
57,587,Y,80886272,0.161772544
35,67,N,80743952,0.161487904
51,24,N,80662864,0.161325728
100,106,N,80662608,0.161325216
81,85,N,80605112,0.16121022399999999
92,868,Y,80506432,0.161012864
124,42,N,80348648,0.160697296
123,74,N,80318128,0.160636256
118,25,N,79915848,0.159831696
122,94,N,79272896,0.158545792
114,54,N,78767664,0.157535328
31,378,Y,78631144,0.157262288
9,66,N,78498048,0.156996096
13,4,N,78400616,0.15680123199999998
591,57,Y,77990736,0.155981472
25,333,Y,77898536,0.155797072
18,100,N,77663752,0.155327504
96,62,N,77485336,0.154970672
31,60,N,77365768,0.154731536
12,228,Y,77250208,0.154500416
31,70,N,77227464,0.15445492800000002
92,870,Y,77155560,0.15431112
2,88,N,76875752,0.153751504
63,633,Y,76859744,0.153719488
4,13,N,76701280,0.15340256
37,75,N,76632008,0.153264016
65,115,N,76557784,0.153115568
42,107,N,76301304,0.152602608
6,181,Y,75905496,0.15181099199999998
67,72,N,75631128,0.151262256
13,75,N,75278384,0.150556768
11,222,Y,75192072,0.150384144
54,114,N,75109768,0.15021953600000001
33,98,N,74776368,0.149552736
97,38,N,74717312,0.14943462400000002
41,66,N,74683200,0.1493664
103,4,N,74418984,0.14883796800000001
8,51,N,74217136,0.148434272
118,109,N,74047888,0.14809577599999998
68,90,N,73956000,0.147912
125,51,N,73833976,0.147667952
107,89,N,73640968,0.147281936
107,70,N,73635848,0.147271696
115,28,N,73614664,0.147229328
887,94,Y,73511456,0.147022912
3,65,N,73333032,0.146666064
106,100,N,73242976,0.146485952
1,85,N,73240960,0.14648192000000002
516,48,Y,73121480,0.14624296
63,73,N,73089848,0.146179696
818,86,Y,73074752,0.14614950399999999
37,88,N,72815736,0.14563147199999998
544,52,Y,72755856,0.14551171200000002
101,93,N,72727888,0.145455776
29,80,N,72451712,0.144903424
89,843,Y,72292328,0.14458465599999998
109,118,N,72281032,0.144562064
262,16,Y,72238440,0.14447688
17,102,N,72215648,0.144431296
91,856,Y,71963944,0.143927888
803,84,Y,71568488,0.143136976
7,6,N,71413280,0.14282656
82,7,N,71368144,0.142736288
68,674,Y,71301544,0.142603088
117,1071,Y,71122752,0.142245504
88,42,N,71025944,0.142051888
77,749,Y,70955280,0.14191056
35,410,Y,70953584,0.141907168
348,27,Y,70719456,0.141438912
663,66,Y,70646936,0.14129387200000001
6,178,Y,69859568,0.139719136
23,110,N,69366960,0.13873392
1118,123,Y,69247584,0.138495168
104,68,N,68980672,0.13796134399999999
52,124,N,68952968,0.137905936
103,109,N,68873504,0.13774700799999998
95,104,N,68002056,0.13600411199999998
70,62,N,67707992,0.13541598400000002
63,113,N,67512128,0.13502425599999998
57,126,N,67377928,0.134755856
58,43,N,67133464,0.134266928
11,33,N,67107720,0.13421544000000002
110,23,N,66788944,0.133577888
786,82,Y,66645008,0.13329001599999998
107,989,Y,66634912,0.13326982399999998
37,94,N,66622056,0.133244112
40,448,Y,66224992,0.132449984
992,108,Y,66164072,0.13232814399999998
743,76,Y,66056416,0.132112832
534,50,Y,65881360,0.13176272
61,619,Y,65806648,0.13161329600000002
102,946,Y,65752472,0.13150494399999998
76,740,Y,65207456,0.130414912
91,29,N,64992624,0.129985248
75,37,N,64847864,0.129695728
27,346,Y,64663384,0.129326768
2,35,N,64242496,0.128484992
618,61,Y,63771520,0.12754304
62,631,Y,63671200,0.1273424
14,240,Y,63647712,0.12729542400000002
83,797,Y,63634312,0.127268624
919,98,Y,63486312,0.126972624
70,113,N,63330144,0.126660288
60,31,N,63256504,0.126513008
778,81,Y,63207528,0.126415056
116,73,N,63155128,0.126310256
126,124,N,62302848,0.124605696
85,1,N,62269616,0.12453923199999999
228,12,Y,62229488,0.124458976
29,118,N,62178424,0.124356848
74,123,N,61784728,0.123569456
1,138,Y,61498960,0.12299792000000001
82,786,Y,61426280,0.12285256
114,110,N,61365720,0.12273144000000001
51,59,N,60783184,0.121566368
1014,110,Y,60744472,0.121488944
44,483,Y,60590048,0.12118009599999999
78,754,Y,60539856,0.12107971199999999
962,104,Y,60445312,0.120890624
484,44,Y,60211136,0.120422272
142,1,Y,60154552,0.120309104
110,1014,Y,59782952,0.119565904
190,7,Y,59767152,0.11953430400000001
85,813,Y,59499440,0.11899888
89,60,N,59428448,0.11885689599999999
493,45,Y,59321248,0.118642496
99,2,N,59136032,0.118272064
13,237,Y,59127248,0.118254496
80,29,N,59112056,0.118224112
16,258,Y,58826344,0.11765268799999999
4,115,N,58709288,0.117418576
115,4,N,58604848,0.11720969599999999
40,451,Y,58516024,0.11703204799999999
822,86,Y,58396064,0.116792128
56,3,N,58350840,0.11670167999999999
780,81,Y,58284552,0.116569104
88,836,Y,58000760,0.11600152
518,48,Y,57660088,0.115320176
62,625,Y,57419272,0.114838544
295,20,Y,57294504,0.114589008
21,303,Y,57182968,0.114365936
828,87,Y,56493800,0.1129876
7,191,Y,56284680,0.11256936000000001
504,47,Y,56192560,0.11238512
52,544,Y,55971384,0.111942768
350,27,Y,55729680,0.11145936000000001
1120,124,Y,55606272,0.111212544
88,2,N,55449848,0.11089969599999999
598,58,Y,55007888,0.11001577600000001
62,70,N,54867320,0.10973464000000001
81,776,Y,54475960,0.10895192000000001
68,678,Y,54180888,0.108361776
7,82,N,54147296,0.10829459200000001
54,56,N,54026520,0.10805304
116,1062,Y,53981880,0.10796376
47,86,N,53890624,0.10778124800000001
349,27,Y,53506080,0.10701216000000001
35,411,Y,53505376,0.10701075199999999
117,1068,Y,53345616,0.106691232
790,82,Y,53090648,0.106181296
81,779,Y,52517960,0.10503591999999999
56,54,N,52513216,0.105026432
342,26,Y,52476736,0.10495347199999999
34,406,Y,52215560,0.10443112000000002
995,108,Y,52191656,0.104383312
541,51,Y,52084088,0.104168176
244,14,Y,52037696,0.10407539199999999
578,56,Y,51810776,0.10362155199999999
63,639,Y,51519312,0.103038624
167,4,Y,50685152,0.101370304
92,865,Y,50650128,0.10130025599999999
86,819,Y,50637008,0.10127401600000001
619,61,Y,50339600,0.10067920000000001
231,12,Y,49843936,0.099687872
110,1010,Y,49638456,0.09927691200000001
1005,109,Y,49570552,0.09914110400000001
104,964,Y,49272280,0.09854455999999999
94,887,Y,48970888,0.097941776
749,77,Y,48600088,0.097200176
105,973,Y,48515456,0.097030912
886,94,Y,48433960,0.09686792
112,1026,Y,48433280,0.09686656
13,235,Y,48308536,0.096617072
692,70,Y,47566712,0.095133424
113,89,N,47549528,0.095099056
61,617,Y,47477128,0.094954256
1098,121,Y,47339456,0.094678912
37,424,Y,47117016,0.094234032
412,35,Y,46755064,0.093510128
1102,121,Y,46599120,0.09319824
1108,122,Y,46325896,0.092651792
87,828,Y,46253616,0.092507232
11,217,Y,46053872,0.092107744
894,95,Y,45972456,0.091944912
1001,109,Y,45699448,0.091398896
299,21,Y,45642144,0.091284288
1064,117,Y,45592656,0.09118531199999999
355,28,Y,45370384,0.090740768
53,557,Y,45093736,0.090187472
71,702,Y,44840064,0.089680128
757,78,Y,44761608,0.089523216
574,55,Y,44514504,0.08902900799999999
47,507,Y,44491520,0.08898304
836,88,Y,44386984,0.088773968
122,1109,Y,44279704,0.08855940799999999
49,524,Y,44057016,0.088114032
57,586,Y,44049024,0.088098048
65,651,Y,43693144,0.087386288
34,403,Y,43663832,0.087327664
91,859,Y,43515760,0.08703152
109,1003,Y,43377408,0.086754816
848,90,Y,43319608,0.086639216
879,93,Y,43282696,0.086565392
988,107,Y,43220024,0.086440048
625,62,Y,43184560,0.08636912000000001
751,77,Y,43164120,0.08632824
935,100,Y,43103072,0.086206144
265,17,Y,43032504,0.086065008
68,677,Y,42934800,0.0858696
116,1061,Y,42841096,0.085682192
738,76,Y,42534952,0.085069904
33,397,Y,42492696,0.084985392
486,44,Y,42474336,0.084948672
320,24,Y,42348080,0.08469616
25,330,Y,42331936,0.084663872
1095,120,Y,42327432,0.084654864
76,743,Y,42285272,0.084570544
865,92,Y,42276912,0.084553824
998,108,Y,42017176,0.084034352
825,87,Y,41999656,0.08399931199999999
909,97,Y,41985688,0.083971376
732,75,Y,41493848,0.082987696
916,98,Y,41277512,0.082555024
84,807,Y,41249600,0.0824992
3,154,Y,41220440,0.08244088
664,67,Y,41140576,0.082281152
39,442,Y,40939992,0.081879984
95,895,Y,40808800,0.0816176
19,280,Y,40775312,0.081550624
75,732,Y,40617808,0.081235616
769,80,Y,40592464,0.081184928
1140,126,Y,40494344,0.08098868799999999
114,1047,Y,40461048,0.080922096
14,247,Y,40217120,0.08043424
1082,119,Y,40093184,0.080186368
246,14,Y,40072896,0.080145792
533,50,Y,39958560,0.07991712
87,831,Y,39884960,0.07976992
127,1147,Y,39766688,0.07953337599999999
87,827,Y,39694880,0.07938976
19,283,Y,39667696,0.079335392
540,51,Y,39431208,0.078862416
653,65,Y,39429784,0.078859568
3,152,Y,39278904,0.078557808
17,265,Y,39249488,0.078498976
1103,121,Y,39246648,0.07849329599999999
69,680,Y,39150904,0.078301808
1013,110,Y,39039048,0.078078096
104,963,Y,39008480,0.07801696
523,49,Y,38987712,0.077975424
304,22,Y,38960088,0.077920176
974,105,Y,38910712,0.077821424
67,666,Y,38835392,0.07767078399999999
1110,122,Y,38833496,0.077666992
968,105,Y,38711032,0.077422064
381,31,Y,38690608,0.077381216
19,282,Y,38686008,0.077372016
81,777,Y,38653136,0.077306272
8,192,Y,38486152,0.076972304
1144,127,Y,38405168,0.07681033599999999
764,79,Y,38298880,0.07659776
22,308,Y,38232760,0.07646552
137,1,Y,38150112,0.076300224
93,876,Y,38141320,0.07628264
880,94,Y,38024912,0.076049824
11,223,Y,37977656,0.075955312
88,833,Y,37924088,0.075848176
766,79,Y,37913192,0.075826384
989,107,Y,37761880,0.07552376
996,108,Y,37679512,0.075359024
118,29,N,37675232,0.075350464
16,259,Y,37617288,0.075234576
1148,127,Y,37362704,0.07472540800000001
724,74,Y,37292824,0.07458564799999999
153,3,Y,37269096,0.074538192
1092,120,Y,37135120,0.07427024
221,11,Y,37132680,0.07426536
298,21,Y,36897976,0.073795952
122,1111,Y,36717296,0.07343459199999999
327,24,Y,36651344,0.07330268799999999
928,100,Y,36615016,0.073230032
40,455,Y,36572640,0.07314528000000001
666,67,Y,36312312,0.072624624
28,357,Y,36284288,0.072568576
969,105,Y,36244360,0.07248871999999999
59,606,Y,36067000,0.072134
211,10,Y,36045456,0.07209091200000001
1044,114,Y,36023384,0.072046768
14,242,Y,35999592,0.07199918400000001
177,6,Y,35957648,0.071915296
860,91,Y,35909392,0.071818784
68,672,Y,35906640,0.07181328
111,1016,Y,35847584,0.07169516799999999
109,1002,Y,35826512,0.071653024
373,30,Y,35720320,0.07144064
795,83,Y,35694688,0.07138937599999999
99,920,Y,35563256,0.071126512
58,595,Y,35547952,0.071095904
10,214,Y,35454640,0.07090927999999999
98,916,Y,35334936,0.070669872
377,31,Y,35191744,0.07038348800000001
20,293,Y,34990472,0.069980944
375,30,Y,34977392,0.069954784
420,36,Y,34764392,0.069528784
26,339,Y,34729360,0.06945872
45,493,Y,34723528,0.06944705600000001
27,347,Y,34649144,0.069298288
222,11,Y,34553368,0.069106736
4,160,Y,34533144,0.069066288
125,1128,Y,34492552,0.06898510399999999
755,78,Y,34462656,0.068925312
186,7,Y,34376608,0.068753216
785,82,Y,34359312,0.068718624
3,157,Y,34319840,0.06863968
471,42,Y,34319648,0.068639296
7,186,Y,34280680,0.06856136
851,90,Y,34252480,0.06850495999999999
823,86,Y,34229800,0.0684596
128,0,Y,34224216,0.068448432
3,153,Y,34184368,0.068368736
839,88,Y,34100024,0.068200048
17,267,Y,34009384,0.068018768
366,29,Y,34007536,0.068015072
16,263,Y,33901344,0.067802688
69,683,Y,33666360,0.06733272
110,1013,Y,33611768,0.067223536
99,927,Y,33603024,0.06720604799999999
1122,124,Y,33479864,0.06695972800000001
907,97,Y,33377648,0.066755296
8,198,Y,33155112,0.066310224
575,55,Y,33095272,0.066190544
84,804,Y,33020936,0.066041872
69,686,Y,32945920,0.06589184000000001
47,505,Y,32923688,0.065847376
950,102,Y,32921184,0.065842368
75,728,Y,32903384,0.065806768
580,56,Y,32899352,0.065798704
60,611,Y,32878688,0.065757376
524,49,Y,32876456,0.065752912
77,747,Y,32850168,0.065700336
54,562,Y,32846976,0.065693952
676,68,Y,32677672,0.06535534400000001
108,994,Y,32620232,0.065240464
108,996,Y,32518264,0.06503652800000001
129,0,Y,32370304,0.064740608
977,106,Y,32307872,0.064615744
57,584,Y,32303936,0.064607872
1066,117,Y,32295992,0.064591984
242,14,Y,32289424,0.06457884800000001
723,74,Y,32167928,0.064335856
819,86,Y,32092976,0.064185952
496,46,Y,32076168,0.064152336
91,861,Y,32071304,0.06414260799999999
9,203,Y,32060920,0.06412184
3,156,Y,32060216,0.06412043199999999
1016,111,Y,31888048,0.063776096
1089,120,Y,31860096,0.063720192
152,3,Y,31846152,0.063692304
6,180,Y,31807000,0.063614
8,196,Y,31805912,0.063611824
18,278,Y,31733048,0.063466096
72,709,Y,31690280,0.06338056
111,1017,Y,31685208,0.063370416
64,646,Y,31642656,0.063285312
339,26,Y,31538080,0.06307615999999999
10,212,Y,31523560,0.06304712
562,54,Y,31325328,0.062650656
1151,127,Y,31282920,0.06256584
84,801,Y,31274696,0.062549392
46,497,Y,31261008,0.062522016
5,172,Y,31247552,0.062495103999999996
127,1145,Y,31209944,0.062419888
94,881,Y,31203296,0.062406592000000004
100,928,Y,31165040,0.062330079999999996
323,24,Y,31162008,0.062324015999999996
971,105,Y,31146696,0.062293392
820,86,Y,31068272,0.062136544
701,71,Y,31046144,0.062092288
144,2,Y,31002984,0.062005967999999995
116,1058,Y,30996608,0.061993216000000004
1063,116,Y,30799104,0.061598207999999995
383,31,Y,30677192,0.061354384000000005
27,351,Y,30634072,0.061268144
376,31,Y,30622576,0.061245152
27,350,Y,30538256,0.061076512000000006
626,62,Y,30536992,0.061073984
784,82,Y,30458648,0.060917296
60,612,Y,30398376,0.060796752
1003,109,Y,30366536,0.060733072000000006
11,218,Y,30339872,0.06067974400000001
103,958,Y,30267192,0.060534384000000004
207,9,Y,30201064,0.060402128
361,29,Y,30184208,0.060368415999999994
796,83,Y,30163008,0.060326016
421,36,Y,30147800,0.0602956
111,1019,Y,30128856,0.060257712000000005
709,72,Y,30027624,0.060055248
641,64,Y,29961584,0.059923168
39,443,Y,29956728,0.059913456000000004
1124,124,Y,29886880,0.059773759999999995
829,87,Y,29681864,0.059363728000000004
4,161,Y,29567328,0.059134656
648,65,Y,29562072,0.059124144000000003
745,77,Y,29557504,0.059115008000000004
570,55,Y,29553584,0.059107167999999995
15,249,Y,29509600,0.0590192
997,108,Y,29486200,0.0589724
453,40,Y,29464032,0.058928064
96,900,Y,29456856,0.05891371199999999
123,1118,Y,29443880,0.05888776
359,28,Y,29420632,0.058841264000000004
285,19,Y,29418600,0.0588372
317,23,Y,29367744,0.058735487999999995
5,175,Y,29342704,0.05868540800000001
41,461,Y,29329496,0.058658992
872,93,Y,29266688,0.058533376
113,1033,Y,29261872,0.058523744
39,441,Y,29234096,0.058468192
42,470,Y,29155832,0.058311664
812,85,Y,29134528,0.058269056
603,59,Y,29127680,0.05825536
36,418,Y,29079208,0.058158416000000004
719,73,Y,29074048,0.058148095999999996
44,487,Y,29037112,0.058074224
582,56,Y,29009792,0.058019584000000006
198,8,Y,28902256,0.057804511999999995
79,761,Y,28841728,0.057683455999999994
1091,120,Y,28804384,0.057608768
114,1040,Y,28765176,0.057530352
21,302,Y,28693976,0.057387952
454,40,Y,28672000,0.057344000000000006
640,64,Y,28653800,0.05730760000000001
1007,109,Y,28612584,0.05722516799999999
86,821,Y,28566320,0.05713264
11,221,Y,28562592,0.057125183999999996
573,55,Y,28444848,0.056889696000000003
363,29,Y,28396080,0.056792159999999994
22,307,Y,28355264,0.056710528
89,847,Y,28327752,0.056655504
31,379,Y,28318584,0.056637167999999995
753,78,Y,28261920,0.056523840000000006
90,855,Y,28205416,0.056410832
57,590,Y,28188520,0.05637704
893,95,Y,28091584,0.056183168000000006
74,727,Y,28089504,0.056179007999999996
525,49,Y,28051048,0.056102096000000004
1030,112,Y,27978176,0.055956352
16,262,Y,27939960,0.05587992
1142,126,Y,27888304,0.055776608000000005
372,30,Y,27829280,0.05565856
451,40,Y,27818248,0.055636496
19,287,Y,27764336,0.055528672
952,103,Y,27747856,0.055495711999999996
954,103,Y,27743400,0.0554868
331,25,Y,27736232,0.055472464
65,654,Y,27717712,0.055435424
431,37,Y,27713640,0.05542728
24,322,Y,27598464,0.055196928
639,63,Y,27595216,0.055190432
302,21,Y,27571232,0.055142463999999995
111,1021,Y,27565568,0.055131136000000004
171,5,Y,27562016,0.055124031999999996
1053,115,Y,27522976,0.055045951999999995
380,31,Y,27499840,0.05499968
0,132,Y,27451904,0.054903808
1145,127,Y,27448712,0.05489742400000001
920,99,Y,27447000,0.054894000000000005
23,313,Y,27268024,0.054536048
461,41,Y,27219512,0.054439023999999996
297,21,Y,27205280,0.054410560000000004
1,142,Y,27123000,0.054246
553,53,Y,27123000,0.054246
284,19,Y,27041616,0.054083232
81,783,Y,26995576,0.053991152
254,15,Y,26991168,0.053982336
12,231,Y,26953592,0.053907184000000004
967,104,Y,26886072,0.053772144
787,82,Y,26855968,0.053711936
63,637,Y,26850400,0.05370079999999999
10,208,Y,26814624,0.053629248
67,664,Y,26760928,0.053521856
264,17,Y,26751008,0.053502016
568,55,Y,26664616,0.053329232000000004
1084,119,Y,26657256,0.053314512
104,962,Y,26646136,0.053292271999999995
981,106,Y,26641824,0.053283648
50,530,Y,26589568,0.053179135999999995
68,676,Y,26571112,0.053142224
63,634,Y,26523672,0.053047344
21,299,Y,26508456,0.053016912
1109,122,Y,26479056,0.052958111999999995
126,1136,Y,26476488,0.052952976000000006
12,227,Y,26465160,0.05293032
121,1096,Y,26443808,0.052887616
557,53,Y,26394272,0.05278854400000001
445,39,Y,26386536,0.052773072
52,546,Y,26380928,0.052761856
519,48,Y,26368736,0.052737472
168,5,Y,26357832,0.052715664
51,537,Y,26346840,0.05269368000000001
22,305,Y,26312096,0.052624192
113,1034,Y,26256320,0.05251264
176,6,Y,26252064,0.052504128000000004
31,381,Y,26094896,0.052189792
84,805,Y,26087112,0.052174224
1,136,Y,26083048,0.052166096
432,38,Y,26049128,0.052098255999999996
201,9,Y,25993184,0.051986368
86,820,Y,25941832,0.051883663999999996
226,12,Y,25896128,0.051792256
475,43,Y,25891424,0.051782848000000006
730,75,Y,25891416,0.051782832
1042,114,Y,25888584,0.051777168
599,58,Y,25863952,0.051727904
681,69,Y,25841520,0.051683040000000006
81,782,Y,25840976,0.051681952
809,85,Y,25814792,0.05162958399999999
789,82,Y,25806768,0.051613536
303,21,Y,25786448,0.051572896
16,256,Y,25734328,0.051468656
58,592,Y,25697792,0.051395583999999994
83,795,Y,25576040,0.051152079999999996
495,45,Y,25561680,0.05112336000000001
114,1042,Y,25545920,0.05109184
156,3,Y,25529048,0.051058096000000004
702,71,Y,25499720,0.05099944
706,72,Y,25496144,0.050992288
34,401,Y,25436072,0.050872144
196,8,Y,25352552,0.050705103999999994
79,763,Y,25347232,0.050694464
42,467,Y,25310232,0.050620464000000004
1113,123,Y,25305608,0.050611216
98,913,Y,25297888,0.050595776
15,252,Y,25285376,0.050570752
79,762,Y,25262064,0.050524128
120,1088,Y,25260136,0.050520272
868,92,Y,25243216,0.050486432
18,272,Y,25230744,0.050461488
939,101,Y,25132224,0.050264448
204,9,Y,25072880,0.05014576
852,90,Y,25060784,0.050121568000000005
882,94,Y,25056616,0.050113231999999994
58,598,Y,25033752,0.050067504
47,508,Y,25016288,0.050032576
39,445,Y,25013944,0.050027888
711,72,Y,24996840,0.049993680000000006
91,862,Y,24986352,0.049972704
3,155,Y,24961104,0.049922208
28,359,Y,24954608,0.049909216000000006
18,273,Y,24926960,0.049853919999999996
941,101,Y,24907464,0.049814928
119,1081,Y,24891256,0.049782512
97,906,Y,24856840,0.049713679999999996
20,292,Y,24853880,0.049707760000000004
97,910,Y,24846704,0.049693408
41,460,Y,24837072,0.049674143999999996
843,89,Y,24822936,0.049645872
779,81,Y,24815912,0.049631824
867,92,Y,24785320,0.04957064
24,321,Y,24766848,0.049533696
80,770,Y,24757672,0.049515344
367,29,Y,24757600,0.0495152
460,41,Y,24708208,0.049416416
497,46,Y,24704856,0.049409712
652,65,Y,24698216,0.049396432
861,91,Y,24689288,0.049378575999999993
1027,112,Y,24685832,0.049371663999999996
1107,122,Y,24658352,0.049316704
50,531,Y,24641736,0.049283472
682,69,Y,24633208,0.049266416
99,922,Y,24595008,0.049190015999999996
1114,123,Y,24567344,0.049134687999999996
109,1007,Y,24532408,0.049064816
1,139,Y,24526808,0.049053615999999994
805,84,Y,24505584,0.049011168
7,187,Y,24488968,0.04897793600000001
48,519,Y,24476328,0.048952656000000004
44,481,Y,24467248,0.048934496
387,32,Y,24458448,0.048916895999999994
108,995,Y,24451192,0.048902384
548,52,Y,24439288,0.04887857600000001
671,67,Y,24431616,0.048863232000000006
115,1051,Y,24415168,0.048830336
854,90,Y,24413400,0.0488268
53,559,Y,24370192,0.048740384000000005
119,1087,Y,24368352,0.048736704
80,771,Y,24357728,0.048715456
583,56,Y,24355568,0.048711136
906,97,Y,24353792,0.048707584
123,1114,Y,24345880,0.04869176
36,421,Y,24270712,0.048541424
1000,109,Y,24264592,0.048529184
5,174,Y,24240200,0.0484804
610,60,Y,24202112,0.048404223999999996
668,67,Y,24150816,0.048301632
36,423,Y,24136688,0.048273376
51,540,Y,24076688,0.048153376000000005
93,875,Y,24060056,0.048120112
856,91,Y,24046800,0.0480936
424,37,Y,23950968,0.047901936
617,61,Y,23931056,0.047862112
1057,116,Y,23911664,0.047823328000000005
214,10,Y,23909432,0.047818863999999996
272,18,Y,23904432,0.047808864
66,657,Y,23884944,0.047769887999999996
532,50,Y,23868040,0.04773608
2,147,Y,23827120,0.04765424
124,1124,Y,23819464,0.047638928
43,477,Y,23803552,0.047607104
1023,111,Y,23787512,0.047575024
922,99,Y,23754640,0.04750928
43,472,Y,23749808,0.047499616
88,832,Y,23743888,0.047487776
360,29,Y,23672536,0.047345072
869,92,Y,23658704,0.047317408
563,54,Y,23652088,0.047304176
36,417,Y,23631952,0.047263904
378,31,Y,23595672,0.047191343999999996
203,9,Y,23573848,0.047147695999999996
88,837,Y,23502696,0.047005392
28,358,Y,23483952,0.046967904
605,59,Y,23445304,0.046890608
63,635,Y,23437992,0.046875984
282,19,Y,23378552,0.046757104
188,7,Y,23357896,0.046715792
43,475,Y,23307896,0.046615791999999996
116,1059,Y,23303064,0.046606128
71,696,Y,23265064,0.046530128000000004
335,25,Y,23264352,0.046528704
26,337,Y,23258016,0.046516032
797,83,Y,23247952,0.046495904
479,43,Y,23220816,0.046441632000000004
985,107,Y,23213224,0.046426448
125,1129,Y,23166360,0.04633272
136,1,Y,23152704,0.046305408
101,937,Y,23138184,0.046276368
93,874,Y,23089216,0.046178432
74,721,Y,23069192,0.046138384
41,457,Y,23067304,0.046134608
106,977,Y,23041808,0.046083616
109,1000,Y,23005592,0.046011184
456,41,Y,23004512,0.046009023999999996
36,419,Y,23000568,0.046001136
661,66,Y,22989616,0.045979232
85,810,Y,22960400,0.0459208
726,74,Y,22949896,0.045899792
172,5,Y,22948472,0.045896944
59,605,Y,22945712,0.045891424
85,814,Y,22930120,0.04586024
22,310,Y,22924600,0.0458492
75,733,Y,22922920,0.04584584
816,86,Y,22921960,0.04584392
44,485,Y,22904712,0.045809424
88,835,Y,22902232,0.045804464
901,96,Y,22899680,0.04579936
29,361,Y,22892960,0.04578592
970,105,Y,22888528,0.045777056
95,889,Y,22877752,0.045755504
312,23,Y,22859416,0.045718832
100,934,Y,22857632,0.045715264
74,723,Y,22846256,0.045692512000000005
48,518,Y,22843456,0.045686912
110,1015,Y,22823216,0.045646432
80,774,Y,22778520,0.04555704
100,933,Y,22776280,0.04555256
45,494,Y,22748768,0.045497536
17,270,Y,22731352,0.045462704
106,976,Y,22689632,0.045379264
69,684,Y,22629968,0.045259936
85,812,Y,22628864,0.045257728
112,1025,Y,22602648,0.045205296
117,1070,Y,22597456,0.045194912
791,82,Y,22585304,0.045170608
1083,119,Y,22572904,0.045145808
510,47,Y,22545424,0.045090848
71,701,Y,22539976,0.045079952
18,275,Y,22529752,0.045059504
2,144,Y,22528352,0.045056703999999996
31,377,Y,22509752,0.045019504
1134,125,Y,22508432,0.045016864000000004
194,8,Y,22500264,0.045000528
351,27,Y,22496952,0.044993904
674,68,Y,22485000,0.044969999999999996
15,251,Y,22478728,0.044957456
1115,123,Y,22470512,0.044941023999999996
75,729,Y,22464856,0.044929712
597,58,Y,22464560,0.04492912
310,22,Y,22453288,0.044906576000000004
413,35,Y,22435080,0.04487016
558,53,Y,22431568,0.044863136
102,951,Y,22351752,0.044703504
686,69,Y,22345624,0.044691248
104,965,Y,22316896,0.044633792
114,1046,Y,22293800,0.0445876
405,34,Y,22265696,0.044531391999999996
100,930,Y,22242072,0.044484143999999996
81,778,Y,22236336,0.044472672
103,953,Y,22228016,0.044456032
38,434,Y,22195496,0.044390992
161,4,Y,22161080,0.04432216
1071,117,Y,22157448,0.044314896
1040,114,Y,22153520,0.044307040000000006
30,374,Y,22145928,0.044291856
76,742,Y,22142352,0.044284704
1072,118,Y,22114456,0.044228912
1100,121,Y,22074728,0.044149456
111,1020,Y,22057224,0.044114448
1088,120,Y,22047512,0.044095024
108,999,Y,22017864,0.044035728
18,276,Y,22012760,0.04402552
925,99,Y,22008648,0.044017296000000004
62,630,Y,21998736,0.043997471999999996
775,80,Y,21988760,0.04397752
444,39,Y,21968696,0.043937392
133,0,Y,21945776,0.043891552
33,393,Y,21935184,0.043870368
41,462,Y,21929768,0.043859536
80,769,Y,21917904,0.043835808000000004
78,753,Y,21903432,0.043806864
46,503,Y,21887288,0.043774576
43,473,Y,21884744,0.043769487999999995
269,17,Y,21877304,0.043754608
158,3,Y,21844600,0.0436892
95,893,Y,21812216,0.043624432
13,234,Y,21792520,0.043585040000000005
74,725,Y,21755144,0.043510288
106,980,Y,21747904,0.043495808
51,542,Y,21733064,0.043466128
54,560,Y,21697912,0.043395824
488,45,Y,21685072,0.043370144
72,706,Y,21672344,0.043344688
708,72,Y,21611920,0.04322384
119,1085,Y,21602936,0.043205872
509,47,Y,21595576,0.043191152
345,27,Y,21591904,0.043183808
192,8,Y,21591792,0.043183584
439,38,Y,21568632,0.043137264
470,42,Y,21539280,0.043078559999999995
73,719,Y,21521096,0.043042192
1073,118,Y,21517952,0.043035904
107,990,Y,21516376,0.043032752
82,790,Y,21510824,0.043021648
118,1075,Y,21498584,0.042997168
655,65,Y,21491264,0.042982528
487,44,Y,21467736,0.042935472
841,89,Y,21467336,0.042934672
37,425,Y,21456184,0.042912368
52,550,Y,21407504,0.042815007999999995
105,974,Y,21392096,0.042784192
7,185,Y,21388800,0.0427776
106,982,Y,21386392,0.042772784
27,348,Y,21385256,0.042770512000000004
1034,113,Y,21377632,0.042755264
4,166,Y,21368832,0.042737664
530,50,Y,21353456,0.042706912
5,169,Y,21349400,0.0426988
1031,112,Y,21327552,0.042655104
1043,114,Y,21325312,0.042650624
25,331,Y,21318704,0.042637408
467,42,Y,21308248,0.042616496
99,924,Y,21307656,0.042615311999999995
1099,121,Y,21254536,0.042509071999999995
358,28,Y,21237912,0.042475823999999995
564,54,Y,21217744,0.042435488
47,511,Y,21205024,0.042410048
371,30,Y,21186968,0.042373936
511,47,Y,21161936,0.042323872
714,73,Y,21156856,0.042313711999999996
90,853,Y,21151376,0.042302752
94,884,Y,21148800,0.0422976
945,102,Y,21143280,0.04228656
330,25,Y,21125896,0.042251791999999996
107,986,Y,21118872,0.042237744
45,490,Y,21118840,0.04223768
49,525,Y,21098568,0.042197136
8,194,Y,21098344,0.042196688
386,32,Y,21096168,0.042192336000000004
10,215,Y,21086096,0.042172192000000004
768,80,Y,21065312,0.042130624
434,38,Y,21038976,0.042077952
392,33,Y,21030248,0.042060496
114,1041,Y,20995928,0.041991856
215,10,Y,20991984,0.041983968
36,420,Y,20991680,0.04198336
555,53,Y,20987520,0.04197504
551,52,Y,20987440,0.04197488
1069,117,Y,20967688,0.041935376
147,2,Y,20959048,0.041918096
55,570,Y,20944048,0.041888096
61,621,Y,20935176,0.041870352
58,599,Y,20919072,0.041838144
64,643,Y,20903040,0.04180608
72,710,Y,20901088,0.041802175999999996
120,1095,Y,20900688,0.041801376
792,83,Y,20898080,0.04179616
550,52,Y,20896568,0.041793136
23,312,Y,20890472,0.041780944
978,106,Y,20884136,0.041768272
125,1135,Y,20859552,0.041719104
586,57,Y,20855600,0.0417112
88,834,Y,20841352,0.041682704
33,395,Y,20841064,0.041682128
37,426,Y,20838320,0.04167664
84,806,Y,20833608,0.041667216
28,352,Y,20813360,0.04162672
90,848,Y,20763192,0.041526384
74,722,Y,20758584,0.041517168
842,89,Y,20748704,0.041497408
929,100,Y,20722752,0.041445504
23,316,Y,20701312,0.041402624000000006
105,969,Y,20698120,0.04139624
616,61,Y,20679752,0.041359504
12,225,Y,20664944,0.041329888
1139,126,Y,20652976,0.041305952
253,15,Y,20640672,0.041281344000000005
685,69,Y,20634336,0.041268672
309,22,Y,20630816,0.041261632
73,716,Y,20622456,0.041244912
8,199,Y,20612952,0.041225904
98,917,Y,20605024,0.041210048
131,0,Y,20557128,0.041114256
765,79,Y,20541640,0.04108328
441,39,Y,20530944,0.041061888000000005
99,921,Y,20522760,0.04104552
166,4,Y,20492304,0.040984608
581,56,Y,20491320,0.04098264
847,89,Y,20487816,0.040975632000000005
538,51,Y,20480488,0.040960976
1010,110,Y,20479304,0.040958608
64,644,Y,20477992,0.040955984
120,1092,Y,20476448,0.040952896
899,96,Y,20447312,0.040894624
39,446,Y,20443224,0.040886448
293,20,Y,20441872,0.040883744
600,59,Y,20375728,0.040751456
57,591,Y,20366848,0.040733696
1097,121,Y,20346536,0.040693072000000004
94,883,Y,20318032,0.040636064
585,57,Y,20307400,0.0406148
898,96,Y,20306352,0.040612704
103,955,Y,20278312,0.040556624
1150,127,Y,20269024,0.040538048
98,919,Y,20266624,0.040533248
80,775,Y,20251256,0.040502512
46,496,Y,20230576,0.040461152
53,552,Y,20230440,0.04046088
62,629,Y,20220928,0.040441856
877,93,Y,20219912,0.040439824
251,15,Y,20211024,0.040422047999999995
762,79,Y,20199648,0.040399296
771,80,Y,20191824,0.040383648
65,655,Y,20150280,0.04030056
61,620,Y,20130664,0.040261328
512,48,Y,20123936,0.040247872
0,131,Y,20123328,0.040246656
288,20,Y,20111504,0.040223008
121,1098,Y,20102352,0.040204704
834,88,Y,20076960,0.040153919999999996
0,134,Y,20076304,0.040152608
752,78,Y,20069976,0.040139952
89,845,Y,20065312,0.040130624
98,914,Y,20060064,0.040120128
224,12,Y,20056560,0.04011312
122,1108,Y,20025376,0.040050752
81,780,Y,20015640,0.04003128
24,320,Y,19987920,0.03997584
109,1005,Y,19959024,0.039918048
606,59,Y,19952592,0.039905183999999996
155,3,Y,19944272,0.039888544
243,14,Y,19941720,0.03988344
693,70,Y,19937440,0.03987488
966,104,Y,19935704,0.039871408
93,873,Y,19935344,0.039870688
61,616,Y,19922368,0.039844736
99,925,Y,19909064,0.039818128
32,388,Y,19905360,0.03981072
844,89,Y,19898800,0.0397976
37,431,Y,19896896,0.039793792
157,3,Y,19891376,0.039782752
946,102,Y,19881608,0.039763216
32,386,Y,19873560,0.03974712
61,622,Y,19859144,0.039718288
11,219,Y,19841280,0.03968256
61,618,Y,19818432,0.039636864
873,93,Y,19780552,0.039561104
824,87,Y,19771184,0.039542368
636,63,Y,19757160,0.03951432
633,63,Y,19735000,0.03947
100,935,Y,19730416,0.039460832
139,1,Y,19717152,0.039434304
1009,110,Y,19707760,0.03941552
964,104,Y,19681944,0.039363888
159,3,Y,19641032,0.039282064
97,907,Y,19631312,0.039262623999999996
24,323,Y,19620040,0.03924008
1080,119,Y,19614768,0.039229536
92,866,Y,19597712,0.039195424
93,872,Y,19572296,0.039144592
29,360,Y,19568464,0.039136928
70,689,Y,19554320,0.03910864
742,76,Y,19539632,0.039079263999999996
120,1090,Y,19537720,0.03907544
1077,118,Y,19531536,0.039063072
101,941,Y,19526520,0.039053040000000004
800,84,Y,19505080,0.03901016
42,465,Y,19503192,0.039006384
127,1149,Y,19479632,0.038959264
83,793,Y,19468464,0.038936928
46,500,Y,19438960,0.03887792
127,1151,Y,19436712,0.038873424000000004
35,408,Y,19423088,0.038846175999999996
855,90,Y,19395920,0.03879184
247,14,Y,19390472,0.038780944
1129,125,Y,19369624,0.038739248
38,436,Y,19347000,0.038694
1125,124,Y,19337152,0.038674304
15,250,Y,19332656,0.038665312
527,49,Y,19328264,0.038656527999999996
165,4,Y,19325056,0.038650112
48,512,Y,19306808,0.038613615999999996
90,854,Y,19300400,0.038600800000000005
123,1115,Y,19288184,0.038576368
102,949,Y,19284120,0.038568240000000004
696,71,Y,19271008,0.038542016
77,751,Y,19269160,0.03853832
125,1133,Y,19262416,0.038524832
849,90,Y,19262320,0.03852464
41,459,Y,19251696,0.038503392000000004
67,667,Y,19248336,0.038496671999999996
1032,113,Y,19239176,0.038478352
713,73,Y,19213712,0.038427424
72,704,Y,19204120,0.038408239999999996
21,301,Y,19183840,0.03836768
34,405,Y,19172240,0.03834448
267,17,Y,19167800,0.0383356
601,59,Y,19156072,0.038312144
566,54,Y,19153168,0.038306336
837,88,Y,19151432,0.038302864
6,176,Y,19144320,0.03828864
678,68,Y,19124712,0.038249424
1105,122,Y,19121104,0.038242208
913,98,Y,19116104,0.038232208
79,760,Y,19101576,0.038203152
117,1069,Y,19101040,0.03820208
107,985,Y,19099264,0.038198528
0,135,Y,19095168,0.038190336
777,81,Y,19091312,0.038182624
707,72,Y,19090832,0.038181664
115,1054,Y,19088080,0.03817616
1128,125,Y,19086936,0.038173872
1049,115,Y,19053264,0.038106528
943,101,Y,19052408,0.038104816
798,83,Y,19043032,0.038086064
699,71,Y,19038200,0.0380764
64,642,Y,19037608,0.038075216
84,803,Y,19024616,0.038049231999999995
1036,113,Y,19017968,0.038035936
189,7,Y,18998496,0.037996992
123,1112,Y,18993056,0.037986112
502,46,Y,18978232,0.037956463999999995
352,28,Y,18965792,0.037931584
76,738,Y,18955136,0.037910272
105,968,Y,18951840,0.03790368
1006,109,Y,18932400,0.0378648
647,64,Y,18919760,0.03783952
43,478,Y,18917360,0.037834719999999995
110,1011,Y,18911800,0.0378236
122,1106,Y,18889520,0.03777904
70,695,Y,18888208,0.037776416
266,17,Y,18885760,0.03777152
1121,124,Y,18883928,0.037767855999999995
884,94,Y,18853816,0.037707632
113,1037,Y,18849792,0.037699584
399,33,Y,18809616,0.037619231999999996
118,1078,Y,18795312,0.037590623999999996
1048,115,Y,18787344,0.037574688
301,21,Y,18781320,0.03756264
680,69,Y,18765376,0.037530752
1112,123,Y,18755552,0.037511104
1011,110,Y,18749328,0.037498656
98,912,Y,18729256,0.037458512
407,34,Y,18719840,0.037439679999999996
111,1023,Y,18713312,0.037426624
38,435,Y,18694872,0.037389744
55,574,Y,18677864,0.037355728000000005
1068,117,Y,18666456,0.037332912
140,1,Y,18651168,0.037302336000000005
102,948,Y,18634416,0.037268832
774,80,Y,18622272,0.037244544
565,54,Y,18619680,0.03723936
975,105,Y,18602928,0.037205856
287,19,Y,18600304,0.037200607999999996
1132,125,Y,18593632,0.037187264000000005
963,104,Y,18584944,0.037169888
24,325,Y,18577432,0.037154864
1055,115,Y,18572856,0.037145712000000004
23,317,Y,18560800,0.0371216
96,899,Y,18560136,0.037120272
33,399,Y,18542248,0.037084496
35,412,Y,18537400,0.0370748
70,692,Y,18528768,0.037057536
250,15,Y,18509880,0.03701976
30,370,Y,18501088,0.037002176
124,1125,Y,18500312,0.037000624
59,603,Y,18475560,0.036951120000000004
95,892,Y,18475432,0.036950864
117,1066,Y,18465808,0.036931616
52,545,Y,18434736,0.036869472
4,164,Y,18420648,0.036841296
607,59,Y,18412632,0.036825264
689,70,Y,18388712,0.036777423999999996
5,170,Y,18375656,0.036751312
66,658,Y,18350408,0.036700816
8,195,Y,18344528,0.036689056000000005
1093,120,Y,18337096,0.036674191999999994
20,291,Y,18334784,0.036669568
651,65,Y,18300592,0.036601184
127,1146,Y,18282616,0.036565232
113,1032,Y,18279816,0.036559632
148,2,Y,18275040,0.03655008
245,14,Y,18264888,0.036529776
863,91,Y,18232528,0.036465055999999996
810,85,Y,18219992,0.036439984
56,578,Y,18200224,0.036400448
672,68,Y,18198280,0.03639656
932,100,Y,18163608,0.036327216
104,966,Y,18163240,0.03632648
119,1084,Y,18161056,0.036322112000000004
77,748,Y,18160808,0.036321616
55,569,Y,18157312,0.036314624000000004
278,18,Y,18157248,0.036314496
30,372,Y,18151088,0.036302176
122,1105,Y,18148712,0.036297423999999995
236,13,Y,18137752,0.036275504
704,72,Y,18128184,0.036256368
41,458,Y,18126120,0.036252240000000005
178,6,Y,18123272,0.036246544
902,96,Y,18121664,0.036243328000000005
113,1036,Y,18106120,0.03621224
628,62,Y,18105376,0.036210752
911,97,Y,18102792,0.036205584
1015,110,Y,18093080,0.036186159999999995
615,60,Y,18074184,0.036148368
635,63,Y,18070824,0.036141648
750,77,Y,18067288,0.036134576
96,897,Y,18058736,0.036117472000000005
870,92,Y,18052720,0.03610544
96,902,Y,18049568,0.036099136
70,691,Y,18047032,0.036094064
31,383,Y,18046008,0.036092016
1086,119,Y,18044048,0.036088096
654,65,Y,18026824,0.036053648
30,375,Y,18026656,0.036053312000000004
938,101,Y,18018848,0.036037696
94,885,Y,18012872,0.036025744
86,823,Y,18008560,0.03601712
514,48,Y,18005296,0.036010592
459,41,Y,17998392,0.035996784
26,342,Y,17977720,0.035955440000000005
116,1060,Y,17967392,0.035934784
117,1067,Y,17948648,0.035897296
13,236,Y,17943488,0.035886976
584,57,Y,17931408,0.035862816
26,336,Y,17918112,0.035836224
613,60,Y,17864048,0.035728096
112,1031,Y,17863504,0.035727008
1079,118,Y,17856448,0.035712896
14,246,Y,17851496,0.035702991999999996
48,514,Y,17845256,0.035690512
404,34,Y,17838320,0.035676639999999996
756,78,Y,17808792,0.035617584
107,987,Y,17767728,0.035535456
31,380,Y,17762440,0.03552488
105,972,Y,17739752,0.035479503999999995
124,1120,Y,17739648,0.035479296
109,1006,Y,17730920,0.03546184
370,30,Y,17728880,0.03545776
191,7,Y,17723992,0.035447984
638,63,Y,17696512,0.035393023999999995
332,25,Y,17689312,0.035378624
114,1043,Y,17680056,0.035360112
324,24,Y,17679696,0.035359391999999996
78,755,Y,17679664,0.035359328
656,66,Y,17668792,0.035337584
68,679,Y,17658280,0.03531656
97,909,Y,17658224,0.035316448
150,2,Y,17653176,0.035306352
54,563,Y,17650336,0.035300672
86,822,Y,17630400,0.0352608
744,77,Y,17626448,0.035252896000000006
859,91,Y,17626208,0.035252416
60,613,Y,17625680,0.035251359999999995
388,32,Y,17623856,0.035247712
328,25,Y,17621384,0.035242768
6,179,Y,17608088,0.035216175999999995
419,36,Y,17607136,0.035214272
116,1056,Y,17582096,0.035164192
357,28,Y,17575224,0.035150448
402,34,Y,17548664,0.035097328
758,78,Y,17536024,0.035072048
831,87,Y,17527920,0.03505584
429,37,Y,17517656,0.035035312
44,484,Y,17504808,0.035009616
21,296,Y,17504208,0.035008416
13,238,Y,17481856,0.034963712
124,1123,Y,17467024,0.034934048
984,107,Y,17458056,0.034916112
66,659,Y,17456960,0.03491392
67,668,Y,17443416,0.034886832
71,703,Y,17427536,0.034855072
94,886,Y,17426808,0.034853616
122,1110,Y,17426608,0.034853216
17,268,Y,17414560,0.03482912
74,726,Y,17405904,0.034811808
554,53,Y,17397344,0.034794688000000004
40,450,Y,17393696,0.034787392
289,20,Y,17386336,0.034772672000000004
340,26,Y,17380792,0.034761584
116,1063,Y,17380352,0.034760703999999996
127,1150,Y,17372432,0.034744864
138,1,Y,17339200,0.0346784
37,429,Y,17334512,0.034669024
529,50,Y,17312920,0.03462584
921,99,Y,17308640,0.03461728
965,104,Y,17304944,0.034609888
552,53,Y,17292640,0.03458528
1058,116,Y,17273784,0.034547568
114,1044,Y,17262448,0.034524896
871,92,Y,17249368,0.034498736
135,0,Y,17242872,0.034485744
391,32,Y,17237832,0.034475663999999996
21,298,Y,17232288,0.034464576
5,168,Y,17229232,0.034458464
776,81,Y,17225816,0.034451631999999996
41,456,Y,17208872,0.034417744
338,26,Y,17195536,0.034391072
8,197,Y,17188344,0.034376688
58,596,Y,17182736,0.034365472
895,95,Y,17179440,0.034358879999999994
642,64,Y,17178848,0.034357696
49,527,Y,17170184,0.034340367999999996
89,842,Y,17166120,0.03433224
208,10,Y,17164464,0.034328928
76,741,Y,17150088,0.034300176
385,32,Y,17137376,0.034274752
410,35,Y,17123120,0.03424624
75,730,Y,17121936,0.034243872
415,35,Y,17116304,0.034232608
38,439,Y,17095328,0.034190656
121,1099,Y,17094912,0.034189824
438,38,Y,17062240,0.03412448
1141,126,Y,17047384,0.034094768000000004
650,65,Y,17006928,0.034013856
936,101,Y,17005344,0.034010688000000004
227,12,Y,17000904,0.034001808
322,24,Y,17000816,0.034001632
65,652,Y,16974096,0.033948192
6,182,Y,16971960,0.033943919999999995
341,26,Y,16968600,0.0339372
237,13,Y,16963368,0.033926736
114,1045,Y,16963328,0.033926656
78,756,Y,16951312,0.033902624
279,18,Y,16944400,0.033888800000000004
33,396,Y,16944232,0.033888464
57,585,Y,16925664,0.033851328
1052,115,Y,16922224,0.033844448
9,204,Y,16908808,0.033817616
960,104,Y,16899976,0.033799952
857,91,Y,16896376,0.033792752
88,839,Y,16880208,0.033760416
234,13,Y,16878608,0.033757216
90,852,Y,16846440,0.03369288
44,482,Y,16841656,0.033683312
38,437,Y,16838528,0.033677056
119,1086,Y,16806352,0.033612704
1056,116,Y,16789664,0.033579328
953,103,Y,16786216,0.033572432
62,626,Y,16758536,0.033517071999999995
1127,124,Y,16745352,0.033490704
80,773,Y,16737576,0.033475151999999994
90,850,Y,16736408,0.033472816
62,624,Y,16734144,0.033468288
665,67,Y,16714280,0.03342856
891,95,Y,16709128,0.033418256
235,13,Y,16695568,0.033391136
93,879,Y,16674504,0.033349008
99,926,Y,16669736,0.033339471999999995
200,9,Y,16663256,0.033326512
716,73,Y,16643984,0.033287968
948,102,Y,16639624,0.033279248
17,264,Y,16619088,0.033238175999999994
637,63,Y,16618992,0.033237984
400,34,Y,16618632,0.033237263999999996
473,43,Y,16616720,0.03323344
66,663,Y,16608824,0.033217647999999995
46,501,Y,16603016,0.033206031999999996
572,55,Y,16600584,0.033201168
464,42,Y,16590544,0.033181088
42,464,Y,16588024,0.033176048
763,79,Y,16565128,0.033130256
347,27,Y,16561880,0.03312376
401,34,Y,16547968,0.033095936
90,849,Y,16527408,0.033054816
112,1024,Y,16509840,0.03301968
93,877,Y,16503400,0.033006799999999996
104,960,Y,16492320,0.032984639999999996
1131,125,Y,16484168,0.032968336
3,159,Y,16480904,0.032961808
218,11,Y,16473720,0.03294744
184,7,Y,16469264,0.032938528
722,74,Y,16467848,0.032935696
67,665,Y,16455648,0.032911296
542,51,Y,16453680,0.032907360000000004
61,623,Y,16449976,0.032899951999999996
630,62,Y,16447960,0.03289592
67,670,Y,16440544,0.032881088
255,15,Y,16436904,0.032873808
353,28,Y,16436864,0.032873728000000005
280,19,Y,16435424,0.032870848
2,150,Y,16428160,0.03285632
71,698,Y,16402280,0.032804559999999997
86,817,Y,16399424,0.032798848
53,558,Y,16393384,0.032786768
1047,114,Y,16388520,0.03277704
1021,111,Y,16380656,0.032761312
125,1134,Y,16372864,0.032745728
80,772,Y,16365704,0.032731408
120,1091,Y,16365344,0.032730688
56,581,Y,16361616,0.032723232000000005
127,1144,Y,16356384,0.032712768
1087,119,Y,16354384,0.032708768
183,6,Y,16343832,0.032687664000000005
914,98,Y,16342240,0.03268448
480,44,Y,16335816,0.032671632
500,46,Y,16331216,0.032662432
229,12,Y,16324592,0.032649184
1045,114,Y,16312648,0.032625296
248,15,Y,16311168,0.032622336
116,1057,Y,16296552,0.032593104
930,100,Y,16294240,0.032588479999999996
1059,116,Y,16290392,0.032580784
1050,115,Y,16281016,0.032562032000000005
669,67,Y,16274344,0.032548688
462,41,Y,16272152,0.032544304
56,576,Y,16266912,0.032533824
45,488,Y,16266032,0.032532064
64,640,Y,16251712,0.032503424
325,24,Y,16250664,0.032501327999999996
888,95,Y,16248136,0.032496272
112,1028,Y,16241584,0.032483168
54,567,Y,16226608,0.032453216
501,46,Y,16215152,0.032430304
51,539,Y,16208816,0.032417632
435,38,Y,16200528,0.032401056
213,10,Y,16193608,0.032387216
748,77,Y,16192376,0.032384751999999996
146,2,Y,16190256,0.032380512
60,614,Y,16189136,0.032378272
101,943,Y,16181256,0.032362511999999996
897,96,Y,16162376,0.032324752
817,86,Y,16156336,0.032312672
108,998,Y,16153312,0.032306624
319,23,Y,16151704,0.032303408
127,1148,Y,16148408,0.032296816
81,781,Y,16145296,0.032290592
334,25,Y,16138352,0.032276704
206,9,Y,16134240,0.03226848
866,92,Y,16116464,0.032232928
38,432,Y,16111848,0.032223696
14,241,Y,16110152,0.032220304000000005
210,10,Y,16106984,0.032213967999999996
180,6,Y,16106224,0.032212448
249,15,Y,16105248,0.032210496
50,532,Y,16105160,0.03221032
182,6,Y,16063032,0.032126064
737,76,Y,16057320,0.03211464
428,37,Y,16052496,0.032104992
47,504,Y,16041344,0.032082688
28,353,Y,16029872,0.032059744
4,163,Y,16015560,0.03203112
115,1048,Y,15998256,0.031996512000000005
77,744,Y,15988608,0.031977216
238,13,Y,15977440,0.03195488
42,471,Y,15953328,0.031906656
83,792,Y,15943400,0.0318868
115,1053,Y,15942208,0.031884416
49,526,Y,15933392,0.031866784
111,1018,Y,15918440,0.03183688
972,105,Y,15916816,0.031833632
124,1122,Y,15888952,0.031777904
100,929,Y,15875064,0.031750128
691,70,Y,15853000,0.031706
517,48,Y,15836752,0.031673504
65,653,Y,15833232,0.031666464000000005
912,98,Y,15826448,0.031652896
22,306,Y,15805952,0.031611904
60,608,Y,15805496,0.031610992
34,407,Y,15803832,0.031607664
577,56,Y,15799912,0.031599824000000006
961,104,Y,15799776,0.031599552
624,62,Y,15792672,0.031585343999999994
95,894,Y,15789648,0.031579296
73,713,Y,15759288,0.031518576
103,957,Y,15756256,0.031512512
561,54,Y,15755008,0.031510016
811,85,Y,15748008,0.031496016
102,944,Y,15716472,0.031432944
48,513,Y,15715336,0.031430672
12,230,Y,15705120,0.03141024
0,133,Y,15698808,0.031397616
115,1050,Y,15693776,0.031387552
440,39,Y,15692856,0.031385712
42,466,Y,15686520,0.03137304
1033,113,Y,15681992,0.031363984
199,8,Y,15681896,0.031363791999999995
4,167,Y,15676792,0.031353584
103,954,Y,15663288,0.031326576
56,579,Y,15654304,0.031308608
169,5,Y,15650912,0.031301824
202,9,Y,15637120,0.03127424
9,206,Y,15627072,0.031254144
65,648,Y,15615904,0.031231808000000003
344,27,Y,15615624,0.031231248
494,45,Y,15605200,0.0312104
543,51,Y,15588624,0.031177248
465,42,Y,15587808,0.031175616
305,22,Y,15585840,0.031171680000000004
230,12,Y,15575216,0.031150432000000002
9,200,Y,15574936,0.031149872
257,16,Y,15562904,0.031125808
1017,111,Y,15560440,0.03112088
976,106,Y,15559968,0.031119935999999997
522,49,Y,15548432,0.031096864
414,35,Y,15536768,0.031073536
483,44,Y,15531792,0.031063583999999998
833,88,Y,15529944,0.031059888
999,108,Y,15527224,0.031054448
649,65,Y,15516040,0.03103208
121,1102,Y,15510264,0.031020528
411,35,Y,15492048,0.030984096
40,454,Y,15490728,0.030981455999999997
290,20,Y,15478296,0.030956591999999998
614,60,Y,15472768,0.030945536000000003
4,165,Y,15461512,0.030923023999999997
731,75,Y,15458112,0.030916224
118,1074,Y,15452000,0.030904
406,34,Y,15448472,0.030896944
86,818,Y,15448304,0.030896608
121,1101,Y,15444264,0.030888528
126,1141,Y,15433864,0.030867728
185,7,Y,15429720,0.030859440000000002
980,106,Y,15420784,0.030841567999999996
55,568,Y,15420120,0.03084024
0,129,Y,15418704,0.030837408
90,851,Y,15408272,0.030816543999999998
78,752,Y,15406920,0.03081384
917,98,Y,15392824,0.030785648
29,362,Y,15385504,0.030771008
729,75,Y,15377440,0.03075488
697,71,Y,15376344,0.030752687999999997
32,391,Y,15373960,0.03074792
560,54,Y,15370920,0.03074184
369,30,Y,15367856,0.030735712000000002
44,480,Y,15367152,0.030734304
621,61,Y,15366928,0.030733855999999997
515,48,Y,15334544,0.030669087999999997
505,47,Y,15332168,0.030664336000000004
761,79,Y,15321272,0.030642544
3,158,Y,15312856,0.030625712
63,632,Y,15308944,0.030617888
35,414,Y,15304488,0.030608976
389,32,Y,15298680,0.03059736
329,25,Y,15294488,0.030588976
45,495,Y,15292440,0.030584880000000002
490,45,Y,15288560,0.03057712
27,345,Y,15283288,0.030566575999999998
117,1064,Y,15260592,0.030521184
80,768,Y,15259792,0.030519584000000002
99,923,Y,15252976,0.030505951999999996
121,1100,Y,15251816,0.030503632
1135,125,Y,15248616,0.030497232
759,78,Y,15248416,0.030496831999999998
119,1080,Y,15225944,0.030451888
728,75,Y,15223896,0.030447792
56,582,Y,15218728,0.030437455999999998
219,11,Y,15213296,0.030426592000000002
684,69,Y,15201448,0.030402896
675,68,Y,15200816,0.030401632
1111,122,Y,15196480,0.030392960000000004
590,57,Y,15194368,0.030388736
22,311,Y,15187320,0.03037464
559,53,Y,15187144,0.030374287999999996
821,86,Y,15173992,0.030347984
55,571,Y,15170640,0.030341279999999998
994,108,Y,15164128,0.030328256
931,100,Y,15157520,0.03031504
109,1001,Y,15149096,0.030298191999999998
34,402,Y,15145488,0.030290976
673,68,Y,15140856,0.030281712
277,18,Y,15140680,0.03028136
547,52,Y,15130864,0.030261728
735,75,Y,15121656,0.030243312
118,1073,Y,15118160,0.03023632
354,28,Y,15074992,0.030149984
611,60,Y,15074376,0.030148752
927,99,Y,15064480,0.03012896
853,90,Y,15063680,0.03012736
507,47,Y,15063288,0.030126576
85,809,Y,15062968,0.030125936
73,714,Y,15051632,0.030103264
103,959,Y,15029440,0.030058880000000003
443,39,Y,15029104,0.030058208
85,808,Y,15012456,0.030024912
1038,113,Y,15006672,0.030013343999999997
105,971,Y,14998504,0.029997008
46,502,Y,14994440,0.02998888
458,41,Y,14981048,0.029962096
94,882,Y,14977992,0.029955983999999998
721,74,Y,14969208,0.029938416
783,81,Y,14968072,0.029936144
627,62,Y,14966192,0.029932384
82,787,Y,14958768,0.029917536
662,66,Y,14954064,0.029908128
390,32,Y,14953472,0.029906943999999998
336,26,Y,14946120,0.02989224
260,16,Y,14941864,0.029883728000000002
17,269,Y,14918184,0.029836368
123,1119,Y,14914480,0.02982896
760,79,Y,14907624,0.029815248000000003
450,40,Y,14883640,0.029767280000000004
49,522,Y,14879696,0.029759392
313,23,Y,14861440,0.029722880000000004
110,1009,Y,14854008,0.029708015999999997
82,784,Y,14849328,0.029698656
718,73,Y,14831712,0.029663424
1133,125,Y,14828504,0.029657008000000002
162,4,Y,14825976,0.029651952000000002
108,997,Y,14818464,0.029636928
446,39,Y,14817936,0.029635871999999997
11,220,Y,14812120,0.029624239999999996
57,589,Y,14805304,0.029610607999999997
83,799,Y,14797640,0.029595279999999998
119,1082,Y,14795616,0.029591232
827,87,Y,14794512,0.029589024000000002
1119,123,Y,14790304,0.029580608
1022,111,Y,14790264,0.029580528000000002
86,816,Y,14789856,0.029579712
485,44,Y,14786248,0.029572496
712,73,Y,14782936,0.029565872
60,609,Y,14759848,0.029519696
8,193,Y,14747216,0.029494432
274,18,Y,14741256,0.029482512
657,66,Y,14736576,0.029473152
78,758,Y,14734216,0.029468432
10,213,Y,14731008,0.029462016
89,844,Y,14726128,0.029452256
25,332,Y,14724272,0.029448544
26,341,Y,14722312,0.029444624
101,939,Y,14705488,0.029410976000000002
113,1038,Y,14693832,0.029387663999999997
813,85,Y,14675464,0.029350928
45,489,Y,14673920,0.02934784
187,7,Y,14663376,0.029326751999999998
296,21,Y,14659728,0.029319456
258,16,Y,14652392,0.029304784
52,549,Y,14651104,0.029302208
695,70,Y,14650264,0.029300528
87,830,Y,14614904,0.029229807999999996
91,857,Y,14607000,0.029213999999999997
71,697,Y,14601032,0.029202063999999996
569,55,Y,14591288,0.029182576000000002
5,173,Y,14573000,0.029146000000000002
1067,117,Y,14548544,0.029097088
18,277,Y,14546440,0.029092879999999998
46,498,Y,14542992,0.029085984
20,290,Y,14542320,0.029084640000000002
160,4,Y,14525016,0.029050031999999996
29,363,Y,14515896,0.029031792
876,93,Y,14515152,0.029030304
48,517,Y,14511752,0.029023504000000002
427,37,Y,14511080,0.029022159999999998
717,73,Y,14503408,0.029006816
643,64,Y,14499968,0.028999936
164,4,Y,14495128,0.028990256000000002
88,838,Y,14485376,0.028970752
466,42,Y,14474776,0.028949552
596,58,Y,14472656,0.028945312
1106,122,Y,14472264,0.028944528
620,61,Y,14471720,0.02894344
16,257,Y,14461056,0.028922112
106,983,Y,14460344,0.028920687999999996
96,898,Y,14453280,0.02890656
56,577,Y,14450104,0.028900208
68,673,Y,14440576,0.028881152
30,373,Y,14430104,0.028860208000000002
947,102,Y,14422368,0.028844736000000003
97,911,Y,14418984,0.028837968000000002
903,96,Y,14398088,0.028796176
58,594,Y,14388256,0.028776512
740,76,Y,14385712,0.028771424000000004
528,50,Y,14383664,0.028767327999999998
17,271,Y,14371352,0.028742703999999997
986,107,Y,14361464,0.028722928
29,364,Y,14341184,0.028682368
98,918,Y,14324440,0.02864888
1081,119,Y,14305736,0.028611472000000002
263,16,Y,14304144,0.028608288000000003
1046,114,Y,14288040,0.028576079999999997
1146,127,Y,14287272,0.028574544
95,891,Y,14275800,0.028551599999999996
54,565,Y,14267056,0.028534112
987,107,Y,14265200,0.0285304
84,802,Y,14263288,0.028526575999999998
1004,109,Y,14241832,0.028483664
123,1113,Y,14234944,0.028469888000000002
1060,116,Y,14233240,0.028466480000000002
239,13,Y,14203680,0.028407360000000003
1085,119,Y,14203192,0.028406384
364,29,Y,14197664,0.028395328
43,474,Y,14191432,0.028382864
474,43,Y,14185136,0.028370272
25,335,Y,14181312,0.028362624
87,826,Y,14178432,0.028356864
91,863,Y,14140232,0.028280463999999998
105,970,Y,14136104,0.028272208
110,1012,Y,14128200,0.0282564
1054,115,Y,14123152,0.028246304
53,554,Y,14110928,0.028221856000000003
535,50,Y,14110736,0.028221471999999997
374,30,Y,14106480,0.02821296
120,1093,Y,14088928,0.028177855999999998
526,49,Y,14085720,0.02817144
98,915,Y,14066584,0.028133168
546,52,Y,14061712,0.028123424
307,22,Y,14058040,0.028116079999999998
77,745,Y,14057544,0.028115088
56,583,Y,14050288,0.028100576000000002
602,59,Y,14043144,0.028086288
472,43,Y,14012040,0.02802408
23,319,Y,14010648,0.028021296
955,103,Y,14000832,0.028001664
102,950,Y,13996224,0.027992448
990,107,Y,13978752,0.027957504
59,600,Y,13962832,0.027925664000000003
29,367,Y,13962784,0.027925568
25,329,Y,13960288,0.027920576
1062,116,Y,13954128,0.027908256
1149,127,Y,13945744,0.027891488000000002
270,17,Y,13944824,0.027889647999999996
588,57,Y,13942688,0.027885376000000003
63,638,Y,13939384,0.027878768
30,368,Y,13935936,0.027871872
141,1,Y,13928208,0.027856416
14,243,Y,13908904,0.027817808000000003
69,681,Y,13908184,0.027816368
690,70,Y,13907768,0.027815536000000002
918,98,Y,13907072,0.027814144000000002
1025,112,Y,13905272,0.027810544
42,469,Y,13899584,0.027799168
537,51,Y,13891576,0.027783152000000002
44,486,Y,13889744,0.027779487999999998
91,858,Y,13889696,0.027779392
12,224,Y,13882752,0.027765504000000003
72,705,Y,13878952,0.027757904000000003
799,83,Y,13860920,0.02772184
50,529,Y,13852256,0.027704512
13,232,Y,13834480,0.02766896
58,597,Y,13824160,0.02764832
89,840,Y,13820192,0.027640384
741,76,Y,13819200,0.0276384
256,16,Y,13809192,0.027618384
2,145,Y,13804544,0.027609088
482,44,Y,13799920,0.027599839999999997
19,285,Y,13799328,0.027598656000000003
130,0,Y,13796480,0.02759296
362,29,Y,13795496,0.027590991999999998
890,95,Y,13789984,0.027579968
53,555,Y,13760248,0.027520496
595,58,Y,13758800,0.027517600000000003
772,80,Y,13748160,0.027496319999999998
104,961,Y,13743728,0.027487456000000004
212,10,Y,13738760,0.027477520000000002
95,888,Y,13733456,0.027466912000000003
520,49,Y,13715800,0.027431599999999997
35,409,Y,13710888,0.027421776
33,398,Y,13692328,0.027384656
1012,110,Y,13689656,0.027379312
84,800,Y,13669608,0.027339216000000003
1090,120,Y,13652208,0.027304416
958,103,Y,13647296,0.027294592
37,430,Y,13630304,0.027260608
398,33,Y,13619616,0.027239232000000002
926,99,Y,13618776,0.027237551999999998
838,88,Y,13613344,0.027226688000000002
51,543,Y,13607736,0.027215471999999997
24,326,Y,13595232,0.027190464
1041,114,Y,13579936,0.027159872
89,846,Y,13572920,0.02714584
134,0,Y,13567360,0.027134719999999998
64,641,Y,13557224,0.027114448
91,860,Y,13548736,0.027097472
48,516,Y,13546120,0.027092240000000004
66,660,Y,13543880,0.02708776
337,26,Y,13526008,0.027052016
112,1029,Y,13517288,0.027034576
83,794,Y,13502104,0.027004208000000002
18,279,Y,13493976,0.026987952
896,96,Y,13475072,0.026950144
75,735,Y,13441352,0.026882704000000004
273,18,Y,13428376,0.026856751999999998
78,759,Y,13424896,0.026849791999999997
36,416,Y,13418688,0.026837376000000003
39,440,Y,13413368,0.026826736
923,99,Y,13412848,0.026825696
754,78,Y,13409504,0.026819008000000002
85,815,Y,13386008,0.026772016
609,60,Y,13370240,0.02674048
781,81,Y,13364384,0.026728768
5,171,Y,13356496,0.026712992
694,70,Y,13338128,0.026676256000000002
12,226,Y,13336200,0.0266724
875,93,Y,13335736,0.026671471999999998
306,22,Y,13319608,0.026639216
677,68,Y,13302752,0.026605504000000002
733,75,Y,13302728,0.026605456
16,260,Y,13299576,0.026599152
536,51,Y,13283672,0.026567344
951,102,Y,13268440,0.02653688
725,74,Y,13261640,0.02652328
31,376,Y,13248864,0.026497727999999998
39,444,Y,13233736,0.026467472
25,334,Y,13227872,0.026455744
900,96,Y,13213424,0.026426848
468,42,Y,13205096,0.026410192
72,707,Y,13198176,0.026396352
422,36,Y,13197744,0.026395488
905,97,Y,13189920,0.02637984
87,824,Y,13179232,0.026358464
727,74,Y,13167992,0.026335984
300,21,Y,13167744,0.026335488
24,324,Y,13167024,0.026334048000000002
75,734,Y,13152352,0.026304703999999998
632,63,Y,13148920,0.02629784
132,0,Y,13146464,0.026292927999999997
658,66,Y,13143424,0.026286848
76,736,Y,13140784,0.026281568
71,700,Y,13126840,0.02625368
4,162,Y,13123984,0.026247968000000003
508,47,Y,13115912,0.026231824
885,94,Y,13113976,0.026227952000000002
92,864,Y,13106752,0.026213504
126,1139,Y,13104680,0.02620936
904,97,Y,13103312,0.026206624
66,661,Y,13101960,0.02620392
103,956,Y,13093624,0.026187248
125,1132,Y,13091632,0.026183263999999998
476,43,Y,13091064,0.026182128
1019,111,Y,13089088,0.026178175999999997
1074,118,Y,13085848,0.026171696
1,141,Y,13084280,0.02616856
25,328,Y,13082376,0.026164752
35,413,Y,13074736,0.026149472000000003
97,908,Y,13069200,0.0261384
549,52,Y,13064744,0.026129488
89,841,Y,13064400,0.026128799999999997
117,1065,Y,13056928,0.026113855999999998
481,44,Y,13047000,0.026094
418,36,Y,13040680,0.02608136
145,2,Y,13028384,0.026056768
94,880,Y,13025496,0.026050992
503,46,Y,13020648,0.026041296000000002
73,718,Y,13019392,0.026038784
2,148,Y,12998616,0.025997232
959,103,Y,12989184,0.025978368
67,669,Y,12988976,0.025977952
806,84,Y,12979248,0.025958496
14,245,Y,12946648,0.025893295999999996
991,107,Y,12940744,0.025881488
1,137,Y,12930456,0.025860912
343,26,Y,12925552,0.025851104
29,366,Y,12910832,0.025821664
7,189,Y,12907512,0.025815024
28,355,Y,12903320,0.025806640000000002
19,284,Y,12901200,0.0258024
34,400,Y,12889744,0.025779488
1008,110,Y,12883440,0.025766880000000002
32,390,Y,12880592,0.025761184
15,253,Y,12876848,0.025753696
539,51,Y,12872592,0.025745184
107,991,Y,12864256,0.025728512000000002
58,593,Y,12864128,0.025728255999999998
36,422,Y,12859000,0.025717999999999998
937,101,Y,12853376,0.025706752000000003
1020,111,Y,12842064,0.025684128
13,233,Y,12841520,0.02568304
73,712,Y,12833448,0.025666896
430,37,Y,12833400,0.0256668
92,867,Y,12828640,0.02565728
1147,127,Y,12820304,0.025640608
576,56,Y,12809344,0.025618688
276,18,Y,12805280,0.02561056
124,1121,Y,12800544,0.025601087999999998
87,829,Y,12776096,0.025552191999999998
734,75,Y,12775952,0.025551904
252,15,Y,12773896,0.025547792
608,60,Y,12762104,0.025524208
703,71,Y,12759800,0.0255196
54,564,Y,12759304,0.025518608
957,103,Y,12751656,0.025503312
15,255,Y,12748616,0.025497231999999998
102,945,Y,12736104,0.025472208
801,84,Y,12730096,0.025460192
83,796,Y,12729072,0.025458144000000002
125,1130,Y,12726688,0.025453376
793,83,Y,12725992,0.025451983999999997
101,938,Y,12709064,0.025418127999999998
72,708,Y,12707032,0.025414064000000004
124,1127,Y,12705544,0.025411088
43,476,Y,12705104,0.025410207999999997
9,202,Y,12701400,0.0254028
835,88,Y,12673296,0.025346591999999998
55,573,Y,12672192,0.025344384
112,1027,Y,12657408,0.025314815999999997
17,266,Y,12643464,0.025286928
69,685,Y,12641504,0.025283008000000003
883,94,Y,12636880,0.02527376
20,288,Y,12635256,0.025270512
710,72,Y,12628848,0.025257695999999996
102,947,Y,12622432,0.025244864
9,201,Y,12620824,0.025241648000000002
108,993,Y,12619240,0.025238479999999997
1026,112,Y,12594464,0.025188928
64,647,Y,12588064,0.025176128
47,509,Y,12579232,0.025158464
0,130,Y,12577920,0.025155840000000002
499,46,Y,12576032,0.025152064000000002
993,108,Y,12573256,0.025146512
55,575,Y,12567064,0.025134128
62,628,Y,12566064,0.025132128
874,93,Y,12545872,0.025091744
634,63,Y,12537536,0.025075072
1130,125,Y,12524560,0.02504912
124,1126,Y,12521608,0.025043216
956,103,Y,12520640,0.02504128
73,717,Y,12514712,0.025029423999999998
119,1083,Y,12506472,0.025012944000000002
92,869,Y,12505264,0.025010528
356,28,Y,12503696,0.025007392000000003
83,798,Y,12484544,0.024969088
163,4,Y,12472968,0.024945936000000002
118,1076,Y,12471304,0.024942608
436,38,Y,12469168,0.024938336000000002
417,36,Y,12459472,0.024918944000000002
42,468,Y,12448992,0.024897983999999998
940,101,Y,12447448,0.024894896
193,8,Y,12437760,0.024875519999999998
6,183,Y,12430760,0.02486152
101,936,Y,12424496,0.024848992000000004
126,1138,Y,12419616,0.024839232000000003
28,354,Y,12418424,0.024836847999999998
37,428,Y,12409048,0.024818095999999998
368,30,Y,12404112,0.024808224
1075,118,Y,12384152,0.024768304
746,77,Y,12383320,0.02476664
56,580,Y,12382920,0.02476584
96,901,Y,12380168,0.024760336
55,572,Y,12379656,0.024759312000000002
29,365,Y,12357784,0.024715567999999997
384,32,Y,12351280,0.02470256
82,788,Y,12336144,0.024672288
463,41,Y,12331712,0.024663424
491,45,Y,12331632,0.024663263999999997
28,356,Y,12330872,0.024661744
924,99,Y,12330456,0.024660912
1065,117,Y,12322432,0.024644864000000002
109,1004,Y,12322256,0.024644511999999997
9,205,Y,12318176,0.024636352000000004
1123,124,Y,12313072,0.024626144
33,394,Y,12287840,0.024575680000000003
934,100,Y,12283304,0.024566608000000004
18,274,Y,12280848,0.024561696
126,1143,Y,12267872,0.024535744
225,12,Y,12246168,0.024492336
209,10,Y,12243056,0.024486111999999997
807,84,Y,12240720,0.02448144
2,146,Y,12235720,0.02447144
531,50,Y,12231944,0.024463888
644,64,Y,12213400,0.024426800000000002
670,67,Y,12211552,0.024423103999999998
286,19,Y,12205912,0.024411824
107,988,Y,12201568,0.024403136
113,1039,Y,12196976,0.024393952
513,48,Y,12193200,0.0243864
60,615,Y,12174560,0.02434912
646,64,Y,12167792,0.024335584
659,66,Y,12166432,0.024332864
1137,126,Y,12162136,0.024324272
39,447,Y,12160240,0.024320480000000002
408,35,Y,12145216,0.024290432
195,8,Y,12142512,0.024285024000000002
97,905,Y,12127608,0.024255216
397,33,Y,12123784,0.024247568
74,724,Y,12120528,0.024241056
92,871,Y,12103448,0.024206896
112,1030,Y,12082352,0.024164704
469,42,Y,12071248,0.024142496
679,68,Y,12059520,0.024119039999999998
179,6,Y,12039696,0.024079392
683,69,Y,12026008,0.024052016
858,91,Y,12022224,0.024044448
983,106,Y,12018464,0.024036928
66,656,Y,12015288,0.024030576
1024,112,Y,12013864,0.024027727999999998
794,83,Y,12005376,0.024010752
76,739,Y,12005312,0.024010624
82,789,Y,11995232,0.023990464
31,382,Y,11994008,0.023988016
27,344,Y,11985104,0.023970208
283,19,Y,11984976,0.023969952
122,1107,Y,11944224,0.023888448
74,720,Y,11940616,0.023881232
1117,123,Y,11913912,0.023827823999999997
38,433,Y,11905720,0.02381144
77,750,Y,11884144,0.023768288
881,94,Y,11883904,0.023767807999999998
318,23,Y,11868024,0.023736048
889,95,Y,11858264,0.023716528
1051,115,Y,11853344,0.023706688
23,315,Y,11846432,0.023692864
30,371,Y,11845624,0.023691247999999998
908,97,Y,11835472,0.023670944
396,33,Y,11830888,0.023661776
1096,121,Y,11830360,0.02366072
326,24,Y,11823000,0.023646
97,904,Y,11797432,0.023594864
13,239,Y,11786640,0.02357328
1078,118,Y,11776608,0.023553216000000002
1061,116,Y,11775040,0.02355008
594,58,Y,11764816,0.023529631999999998
105,975,Y,11762272,0.023524544
1028,112,Y,11758168,0.023516336000000002
830,87,Y,11757776,0.023515552000000002
60,610,Y,11746240,0.02349248
45,491,Y,11737416,0.023474832
121,1097,Y,11715504,0.023431008
76,737,Y,11714744,0.023429488
7,188,Y,11701592,0.023403184
62,627,Y,11694304,0.023388607999999998
1136,126,Y,11693840,0.02338768
32,385,Y,11681248,0.023362496
41,463,Y,11680736,0.023361472
59,607,Y,11676152,0.023352304
281,19,Y,11676016,0.023352031999999998
19,281,Y,11669552,0.023339104
143,1,Y,11660816,0.023321632000000002
736,76,Y,11656456,0.023312912
604,59,Y,11649016,0.023298032
788,82,Y,11640960,0.02328192
26,338,Y,11615032,0.023230064
571,55,Y,11612024,0.023224048
115,1055,Y,11608496,0.023216992
33,392,Y,11598608,0.023197216
51,536,Y,11584424,0.023168848
37,427,Y,11568928,0.023137856000000002
10,210,Y,11551448,0.023102896
802,84,Y,11538152,0.023076304
26,340,Y,11511920,0.02302384
832,88,Y,11491552,0.022983104
70,688,Y,11484232,0.022968464
79,765,Y,11478840,0.02295768
2,149,Y,11471880,0.02294376
409,35,Y,11471456,0.022942912
110,1008,Y,11470816,0.022941632
79,764,Y,11460328,0.022920656
623,61,Y,11459440,0.02291888
96,903,Y,11419224,0.022838448
38,438,Y,11415360,0.022830720000000002
316,23,Y,11410312,0.022820623999999998
498,46,Y,11398312,0.022796624
506,47,Y,11384864,0.022769728
556,53,Y,11379464,0.022758928
9,207,Y,11378520,0.02275704
170,5,Y,11372760,0.02274552
67,671,Y,11342536,0.022685072
292,20,Y,11337072,0.022674144
173,5,Y,11324528,0.022649056
720,74,Y,11319472,0.022638944
11,216,Y,11310216,0.022620432
314,23,Y,11304080,0.022608160000000002
85,811,Y,11297432,0.022594864
826,87,Y,11292032,0.022584064
425,37,Y,11242472,0.022484944
944,102,Y,11215816,0.022431632
403,34,Y,11207640,0.02241528
268,17,Y,11182912,0.022365824
241,14,Y,11171760,0.022343520000000002
23,318,Y,11112208,0.022224416
426,37,Y,11111664,0.022223328
10,209,Y,11103256,0.022206512
579,56,Y,11063656,0.022127312
100,931,Y,11033128,0.022066256
115,1052,Y,11030336,0.022060672
782,81,Y,11020912,0.022041823999999998
15,254,Y,10994376,0.021988752
645,64,Y,10989464,0.021978928000000002
54,566,Y,10982600,0.0219652
64,645,Y,10981744,0.021963488
149,2,Y,10981680,0.021963359999999998
15,248,Y,10968984,0.021937968000000002
66,662,Y,10956264,0.021912528
120,1094,Y,10928472,0.021856944
629,62,Y,10917112,0.021834224
95,890,Y,10910448,0.021820896
70,694,Y,10878944,0.021757888
75,731,Y,10869008,0.021738016
232,13,Y,10861416,0.021722832
715,73,Y,10859904,0.021719808
32,387,Y,10854856,0.021709712
205,9,Y,10780024,0.021560048
892,95,Y,10771832,0.021543664
35,415,Y,10763144,0.021526288
106,981,Y,10754896,0.021509792
449,40,Y,10735416,0.021470832
275,18,Y,10723368,0.021446736
437,38,Y,10704368,0.021408736
46,499,Y,10699744,0.021399487999999998
698,71,Y,10686136,0.021372272
47,506,Y,10683392,0.021366784
862,91,Y,10681272,0.021362544
271,17,Y,10671680,0.02134336
53,556,Y,10667128,0.021334256
21,300,Y,10635784,0.021271568
123,1117,Y,10622680,0.021245359999999998
949,102,Y,10621776,0.021243552
864,92,Y,10619872,0.021239743999999998
32,384,Y,10593856,0.021187712
48,515,Y,10585520,0.02117104
59,602,Y,10582408,0.021164816
840,89,Y,10575232,0.021150464
51,538,Y,10574824,0.021149648
70,693,Y,10557320,0.02111464
773,80,Y,10556640,0.021113279999999998
126,1137,Y,10518448,0.021036896
850,90,Y,10517048,0.021034096000000002
22,309,Y,10516632,0.021033264
54,561,Y,10512632,0.021025264000000002
700,71,Y,10507552,0.021015104
70,690,Y,10497648,0.020995296
20,294,Y,10493216,0.020986432
59,604,Y,10492344,0.020984688
107,984,Y,10478304,0.020956608
1039,113,Y,10408456,0.020816912
96,896,Y,10376472,0.020752944
73,715,Y,10374696,0.020749392000000002
52,547,Y,10371272,0.020742543999999998
118,1072,Y,10364296,0.020728591999999997
315,23,Y,10322680,0.02064536
687,69,Y,10305520,0.02061104
50,533,Y,10302424,0.020604848
593,58,Y,10299280,0.02059856
808,85,Y,10271944,0.020543888
1,140,Y,10257984,0.020515968
423,36,Y,10256216,0.020512432
47,510,Y,10237752,0.020475504
24,327,Y,10217784,0.020435568
395,33,Y,10217744,0.020435487999999998
365,29,Y,10217336,0.020434672
1126,124,Y,10206016,0.020412032
394,33,Y,10193936,0.020387872
82,791,Y,10184024,0.020368048
705,72,Y,10169240,0.02033848
71,699,Y,10160392,0.020320784
50,528,Y,10156552,0.020313104000000002
1035,113,Y,10156056,0.020312112
622,61,Y,10153592,0.020307184000000002
447,39,Y,10137504,0.020275008
1029,112,Y,10071672,0.020143344
49,520,Y,10054792,0.020109584
106,978,Y,10046600,0.0200932
34,404,Y,10036328,0.020072655999999998
23,314,Y,10003144,0.020006288
1094,120,Y,9989240,0.01997848
1101,121,Y,9982632,0.019965264
294,20,Y,9977056,0.019954112
32,389,Y,9937472,0.019874944
69,687,Y,9921584,0.019843167999999998
846,89,Y,9863648,0.019727296000000002
382,31,Y,9849792,0.019699584
915,98,Y,9785008,0.019570016
1,143,Y,9777456,0.019554912
12,229,Y,9770144,0.019540288
233,13,Y,9755312,0.019510624
1143,126,Y,9751016,0.019502032000000002
101,940,Y,9715608,0.019431215999999998
50,535,Y,9667944,0.019335888000000002
20,289,Y,9622592,0.019245184000000002
77,746,Y,9619888,0.019239776
311,22,Y,9618360,0.01923672
57,588,Y,9616376,0.019232752000000002
660,66,Y,9563000,0.019126
379,31,Y,9552984,0.019105968
433,38,Y,9515488,0.019030975999999998
53,553,Y,9494360,0.01898872
1138,126,Y,9483480,0.018966959999999998
59,601,Y,9433152,0.018866304
111,1022,Y,9328152,0.018656304
220,11,Y,9326560,0.01865312
589,57,Y,9321488,0.018642976
545,52,Y,9185584,0.018371168
688,70,Y,9158768,0.018317536
19,286,Y,9136712,0.018273424
26,343,Y,9121952,0.018243904000000002
478,43,Y,9102280,0.018204559999999998
979,106,Y,9081360,0.01816272
739,76,Y,9063824,0.018127648
151,2,Y,9049376,0.018098752
68,675,Y,8974544,0.017949088000000002
567,54,Y,8939664,0.017879328
40,449,Y,8875888,0.017751776
106,979,Y,8836432,0.017672864
1018,111,Y,8796344,0.017592688
118,1079,Y,8753408,0.017506815999999998
416,36,Y,8746240,0.01749248
125,1131,Y,8742360,0.01748472
489,45,Y,8741576,0.017483152000000002
22,304,Y,8667656,0.017335312
216,11,Y,8624792,0.017249584
1076,118,Y,8580592,0.017161184000000003
65,650,Y,8349008,0.016698016
1070,117,Y,8315392,0.016630784000000003
113,1035,Y,8258576,0.016517152
770,80,Y,8247416,0.016494831999999997
815,85,Y,8196448,0.016392896
115,1049,Y,8052936,0.016105872
65,649,Y,8040888,0.016081776
100,932,Y,7601376,0.015202752000000002
2,151,Y,5915352,0.011830704
