124,42,N,29839235451,99.46411817
48,119,N,29819247479,99.39749159666667
102,17,N,29812207401,99.37402467000001
17,102,N,29789397483,99.29799161
108,10,N,29782107696,99.27369232
125,1,N,29772376679,99.24125559666666
4,103,N,29750537060,99.16845686666666
90,17,N,29734190838,99.11396945999999
42,124,N,29717737043,99.05912347666667
17,90,N,29707330940,99.02443646666667
29,121,N,29697432524,98.99144174666667
36,119,N,29696215005,98.98738335
4,115,N,29694662311,98.98220770333333
121,29,N,29683077693,98.94359231
0,82,N,29680308934,98.93436311333333
18,100,N,29672461237,98.90820412333333
115,4,N,29667391907,98.89130635666666
119,48,N,29664492635,98.88164211666667
1,125,N,29636470163,98.78823387666667
96,10,N,29633497263,98.77832421000001
10,96,N,29626076847,98.75358949000001
10,108,N,29624509603,98.74836534333333
103,4,N,29619953251,98.73317750333334
100,18,N,29615078420,98.71692806666667
107,42,N,29606611988,98.68870662666667
125,8,N,29603906916,98.67968972
106,1,N,29593327004,98.64442334666667
103,29,N,29590880970,98.6362699
11,97,N,29578063742,98.59354580666667
82,0,N,29539931303,98.46643767666666
8,125,N,29533487668,98.44495889333334
42,107,N,29515951552,98.38650517333333
119,36,N,29510960663,98.36986887666667
1,106,N,29498659294,98.32886431333333
97,11,N,29479111791,98.26370597
29,103,N,29466997333,98.22332444333334
26,119,N,18166884651,60.556282169999996
55,42,N,17839031584,59.46343861333333
92,124,N,17197647348,57.32549116
60,17,N,16640217702,55.467392339999996
45,1,N,16560421306,55.20140435333334
20,17,N,15619875151,52.066250503333336
108,124,N,15499862644,51.666208813333334
89,119,N,15487490676,51.62496892
91,29,N,15463178309,51.54392769666667
117,17,N,14036698292,46.788994306666666
49,10,N,13998377791,46.66125930333334
95,107,N,13703264373,45.67754791
123,119,N,13573687696,45.245625653333335
52,124,N,13505816788,45.01938929333333
85,4,N,13335452475,44.451508249999996
50,108,N,13083420092,43.61140030666667
60,10,N,12847834578,42.826115259999995
9,42,N,12411803879,41.372679596666664
27,1,N,12346524110,41.15508036666667
15,125,N,12216898698,40.72299566
124,108,N,12215490984,40.71830328
75,103,N,12137368596,40.45789532
71,10,N,12057228270,40.1907609
88,42,N,12025798461,40.08599487
121,108,N,12021154063,40.070513543333334
12,79,N,12014269728,40.04756576
80,108,N,11951438827,39.838129423333335
109,12,N,11282548560,37.6084952
15,121,N,11024039998,36.74679999333333
53,121,N,10576274962,35.25424987333333
112,96,N,10539308088,35.13102696
3,36,N,10362801058,34.542670193333336
68,90,N,10206313379,34.02104459666667
55,8,N,10204938310,34.016461033333336
85,1,N,10203703096,34.01234365333333
62,8,N,10029274706,33.430915686666665
1001,109,Y,9953525296,33.178417653333334
92,103,N,9876934152,32.92311384
51,125,N,9876177633,32.92059211
120,82,N,9651468096,32.17156032
79,765,Y,9631944592,32.10648197333333
79,4,N,9414290648,31.380968826666667
38,92,N,9295498714,30.984995713333337
86,102,N,9096809856,30.32269952
126,18,N,8987163680,29.957212266666666
83,11,N,8765359560,29.2178652
15,48,N,8672236080,28.9074536
34,102,N,8643598008,28.81199336
124,92,N,8507620552,28.358735173333333
102,125,N,8366626712,27.888755706666668
21,90,N,8272525320,27.575084399999998
89,107,N,8229827816,27.432759386666667
47,100,N,8146401857,27.154672856666668
105,121,N,7925444921,26.418149736666667
56,97,N,7814893004,26.049643346666667
63,48,N,7789715249,25.965717496666667
14,0,N,7772714854,25.909049513333333
116,36,N,7730342528,25.767808426666665
99,90,N,7575991288,25.253304293333333
13,4,N,7434771771,24.78257257
104,48,N,7419842496,24.73280832
80,29,N,7417255082,24.724183606666667
87,48,N,7404383950,24.681279833333335
126,124,N,7390700136,24.635667119999997
118,29,N,7297398203,24.324660676666667
45,36,N,7280366400,24.267888000000003
117,82,N,7270320783,24.23440261
7,55,N,7224299520,24.080998400000002
58,102,N,7198197360,23.9939912
110,0,N,7196872725,23.98957575
88,96,N,7064245581,23.54748527
82,8,N,6982261248,23.27420416
35,26,N,6847726384,22.82575461333333
63,60,N,6787368032,22.624560106666667
92,91,N,6730911766,22.436372553333335
109,103,N,6709657805,22.365526016666667
38,97,N,6510418398,21.701394660000002
107,126,N,6485614672,21.618715573333333
43,96,N,6473438574,21.57812858
124,52,N,6348311584,21.161038613333332
93,18,N,6309597686,21.031992286666668
31,0,N,6266434648,20.888115493333334
8,82,N,6242854116,20.80951372
30,117,N,6224097136,20.746990453333332
108,121,N,6221678352,20.73892784
85,100,N,6196160257,20.653867523333332
65,115,N,6191149960,20.637166533333335
62,96,N,6189534176,20.631780586666668
68,5,N,6178616616,20.59538872
47,123,N,6152038736,20.506795786666668
36,45,N,6137572744,20.458575813333333
70,107,N,6098321483,20.327738276666665
125,102,N,6055919768,20.186399226666666
5,16,N,6008250120,20.0275004
87,11,N,5990178797,19.96726265666667
89,60,N,5915606904,19.71868968
5,106,N,5903584272,19.67861424
126,107,N,5898279688,19.66093229333333
91,92,N,5825859208,19.419530693333336
61,15,N,5760771360,19.202571199999998
7,82,N,5760286645,19.200955483333335
48,15,N,5714077672,19.046925573333333
45,49,N,5651700328,18.839001093333334
32,100,N,5583339004,18.611130013333334
49,97,N,5567714451,18.55904817
49,45,N,5554636912,18.515456373333333
64,18,N,5540574104,18.468580346666666
77,85,N,5443251152,18.144170506666665
16,0,N,5431555390,18.105184633333334
64,115,N,5416396016,18.054653386666665
22,26,N,5375873040,17.9195768
33,90,N,5312452336,17.708174453333335
39,47,N,5264996293,17.549987643333335
24,51,N,5250400056,17.50133352
91,71,N,5207370652,17.357902173333333
112,115,N,5203655821,17.345519403333334
66,57,N,5146314192,17.15438064
35,55,N,5127226155,17.090753850000002
107,89,N,5108298560,17.027661866666666
33,38,N,5094265120,16.980883733333332
1,85,N,5050241928,16.83413976
86,106,N,5016682560,16.7222752
84,15,N,5007838224,16.692794080000002
53,117,N,5003307672,16.67769224
57,75,N,5001018768,16.67006256
52,24,N,4976560800,16.588536
103,92,N,4960564000,16.535213333333335
81,85,N,4925076040,16.41692013333333
99,57,N,4920005720,16.400019066666665
97,49,N,4917719072,16.39239690666667
6,30,N,4907718928,16.359063093333333
106,100,N,4892564752,16.308549173333333
124,126,N,4870635608,16.235452026666668
467,42,Y,4852612168,16.175373893333333
50,18,N,4837040720,16.12346906666667
33,11,N,4823868608,16.079562026666665
465,42,Y,4819905576,16.06635192
105,11,N,4818453608,16.061512026666666
39,9,N,4802115584,16.007051946666667
77,80,N,4785247317,15.950824390000001
364,29,Y,4663409072,15.544696906666665
61,20,N,4662685264,15.542284213333332
40,27,N,4660509680,15.535032266666668
57,52,N,4629315592,15.431051973333334
19,36,N,4626989480,15.423298266666666
1134,125,Y,4620640392,15.402134640000002
65,14,N,4604743280,15.349144266666666
464,42,Y,4590561960,15.3018732
471,42,Y,4575352032,15.251173439999999
83,89,N,4571959440,15.2398648
101,123,N,4558552320,15.195174399999999
62,20,N,4552388216,15.174627386666668
28,115,N,4536540672,15.121802240000001
81,38,N,4527269824,15.090899413333334
72,80,N,4516165072,15.053883573333332
79,88,N,4483935832,14.946452773333332
9,49,N,4470047192,14.900157306666667
4,85,N,4459531000,14.865103333333332
990,107,Y,4418781408,14.729271360000002
81,106,N,4365225928,14.550753093333332
5,68,N,4356524992,14.521749973333334
76,65,N,4349050648,14.496835493333332
37,88,N,4343141984,14.477139946666668
14,123,N,4283136792,14.27712264
33,117,N,4282199952,14.273999840000002
16,6,N,4264920544,14.216401813333333
65,91,N,4241866880,14.139556266666666
86,47,N,4191196270,13.970654233333333
119,89,N,4170890344,13.902967813333333
57,99,N,4143447169,13.811490563333335
118,105,N,4142472144,13.80824048
10,60,N,4135825637,13.786085456666667
56,109,N,4130772775,13.769242583333332
264,17,Y,4076375589,13.58791863
266,17,Y,4063796162,13.545987206666666
76,52,N,4056448880,13.521496266666666
32,87,N,4023649353,13.412164509999998
1080,119,Y,4020258112,13.400860373333334
42,55,N,4015607136,13.38535712
10,49,N,4004391125,13.347970416666666
1124,124,Y,3998996216,13.329987386666668
120,92,N,3992521688,13.308405626666667
270,17,Y,3961649854,13.205499513333333
14,65,N,3955071496,13.183571653333335
674,68,Y,3954182288,13.180607626666665
70,62,N,3950791320,13.169304400000001
1,45,N,3950310608,13.167702026666667
49,9,N,3937160889,13.123869630000002
360,29,Y,3934172336,13.113907786666667
13,64,N,3921111160,13.070370533333334
28,91,N,3911967896,13.039892986666668
466,42,Y,3911465800,13.038219333333334
23,50,N,3902031416,13.006771386666665
123,14,N,3900147072,13.000490240000001
74,53,N,3894439808,12.981466026666666
367,29,Y,3873225824,12.910752746666669
113,49,N,3872171584,12.907238613333332
78,45,N,3859966200,12.866553999999999
434,38,Y,3852915058,12.843050193333333
470,42,Y,3838832792,12.796109306666667
1083,119,Y,3833112600,12.777042
269,17,Y,3830223072,12.767410239999998
98,97,N,3797976477,12.65992159
26,5,N,3790593944,12.635313146666666
111,120,N,3775991936,12.586639786666668
1085,119,Y,3769212072,12.564040239999999
271,17,Y,3757594928,12.525316426666667
69,79,N,3756148144,12.520493813333333
73,95,N,3748726008,12.49575336
31,27,N,3748620592,12.495401973333333
468,42,Y,3747904896,12.49301632
125,15,N,3747395792,12.491319306666666
100,85,N,3720658472,12.402194906666667
102,86,N,3695793176,12.319310586666667
363,29,Y,3694414904,12.314716346666668
24,52,N,3694297520,12.314325066666667
1127,124,Y,3690994416,12.30331472
38,33,N,3671570200,12.238567333333334
40,13,N,3669750384,12.23250128
9,39,N,3666610752,12.22203584
2,71,N,3655962584,12.186541946666667
1082,119,Y,3631985802,12.10661934
92,120,N,3628810200,12.096034
5,105,N,3627083928,12.09027976
987,107,Y,3621658808,12.072196026666667
19,53,N,3598883400,11.996278
85,81,N,3596699864,11.988999546666665
361,29,Y,3586314424,11.954381413333333
31,60,N,3585771012,11.952570040000001
1084,119,Y,3574855816,11.916186053333334
89,83,N,3559958024,11.866526746666667
29,362,Y,3537572920,11.791909733333334
73,56,N,3527853264,11.75951088
111,87,N,3525031248,11.75010416
110,112,N,3524768664,11.74922888
52,76,N,3518758280,11.729194266666667
13,40,N,3510229136,11.700763786666666
71,91,N,3507227520,11.6907584
60,89,N,3502922816,11.676409386666666
37,86,N,3502917104,11.676390346666667
17,60,N,3502498392,11.67499464
362,29,Y,3501984048,11.673280160000001
208,10,Y,3493462312,11.644874373333334
8,62,N,3476804572,11.589348573333332
417,36,Y,3469094072,11.563646906666666
58,83,N,3461155742,11.537185806666667
7,83,N,3460656120,11.535520400000001
105,118,N,3446946226,11.489820753333333
1123,124,Y,3421823061,11.40607687
101,50,N,3410709888,11.36903296
96,62,N,3408368048,11.361226826666666
469,42,Y,3407209768,11.357365893333334
39,21,N,3401199064,11.337330213333335
41,81,N,3398988240,11.3299608
957,103,Y,3383944336,11.279814453333334
40,116,N,3378131424,11.26043808
24,81,N,3370036032,11.23345344
958,103,Y,3364978168,11.216593893333334
69,126,N,3359295472,11.197651573333333
22,112,N,3358282416,11.19427472
111,86,N,3348837896,11.162792986666666
418,36,Y,3348491584,11.161638613333333
268,17,Y,3343420334,11.144734446666666
55,7,N,3338897798,11.129659326666665
92,38,N,3328390280,11.094634266666667
955,103,Y,3312567799,11.041892663333334
80,77,N,3306982068,11.02327356
789,82,Y,3304779374,11.015931246666668
100,106,N,3300191224,11.000637413333333
1086,119,Y,3297250368,10.99083456
25,21,N,3296987976,10.98995992
210,10,Y,3286338056,10.954460186666665
57,126,N,3281126648,10.937088826666667
20,31,N,3281049608,10.936832026666666
111,9,N,3274375320,10.9145844
67,27,N,3272105568,10.90701856
86,37,N,3262993144,10.876643813333335
199,8,Y,3252476951,10.841589836666667
785,82,Y,3249487328,10.831624426666666
122,13,N,3248947976,10.829826586666666
64,34,N,3247522491,10.82507497
267,17,Y,3242836984,10.809456613333333
98,51,N,3229054056,10.76351352
113,89,N,3228714176,10.762380586666668
8,55,N,3227375560,10.757918533333333
64,13,N,3221175240,10.7372508
106,86,N,3218002088,10.726673626666667
77,27,N,3209934312,10.699781040000001
72,104,N,3203810380,10.679367933333333
47,39,N,3200412872,10.668042906666667
121,15,N,3171450160,10.571500533333333
30,373,Y,3165145592,10.550485306666667
136,1,Y,3129691384,10.432304613333333
194,8,Y,3105017624,10.350058746666667
980,106,Y,3103209064,10.344030213333333
81,24,N,3100910208,10.33636736
11,33,N,3096919056,10.32306352
27,67,N,3095674814,10.318916046666667
926,99,Y,3093270100,10.310900333333334
115,112,N,3093163776,10.31054592
46,105,N,3092387976,10.30795992
101,62,N,3088929984,10.29643328
1081,119,Y,3088489808,10.294966026666668
40,95,N,3087959584,10.293198613333333
953,103,Y,3076734256,10.255780853333334
104,95,N,3069328776,10.23109592
140,1,Y,3062181144,10.20727048
117,33,N,3061325720,10.204419066666667
137,1,Y,3059132336,10.197107786666667
59,32,N,3058987648,10.196625493333332
21,40,N,3054815072,10.182716906666666
959,103,Y,3037003312,10.123344373333333
122,20,N,3032080067,10.106933556666666
64,104,N,3028499072,10.094996906666667
811,85,Y,3023663656,10.078878853333334
115,64,N,3020351784,10.06783928
62,101,N,3004926860,10.016422866666666
113,70,N,3001720024,10.005733413333333
73,63,N,2999095538,9.996985126666667
2,88,N,2996542384,9.988474613333333
141,1,Y,2985954120,9.9531804
2,58,N,2980563008,9.935210026666667
1098,121,Y,2961656095,9.872186983333334
108,80,N,2956990560,9.8566352
366,29,Y,2950235592,9.83411864
98,34,N,2927893104,9.75964368
68,95,N,2924481232,9.748270773333335
76,61,N,2916626528,9.722088426666668
197,8,Y,2902380768,9.674602559999999
1132,125,Y,2900200128,9.66733376
99,14,N,2898339840,9.661132799999999
850,90,Y,2891488440,9.638294799999999
24,50,N,2879251672,9.597505573333333
5,26,N,2867405704,9.558019013333334
994,108,Y,2866241072,9.554136906666667
12,109,N,2864777092,9.549256973333334
365,29,Y,2861124984,9.53708328
952,103,Y,2859653888,9.532179626666666
954,103,Y,2857050791,9.523502636666667
117,53,N,2855546424,9.51848808
160,4,Y,2855039658,9.51679886
1120,124,Y,2851735816,9.505786053333333
38,94,N,2847196528,9.490655093333334
512,48,Y,2845663088,9.485543626666667
204,9,Y,2842693760,9.475645866666667
55,35,N,2835905728,9.453019093333333
21,7,N,2834790248,9.449300826666667
196,8,Y,2830057896,9.43352632
790,82,Y,2819425208,9.398084026666668
27,31,N,2817862296,9.39287432
123,47,N,2816407608,9.38802536
997,108,Y,2814878296,9.382927653333335
1135,125,Y,2814828952,9.382763173333334
213,10,Y,2811054916,9.370183053333333
88,79,N,2806501012,9.355003373333332
1121,124,Y,2792800088,9.309333626666666
34,101,N,2791568763,9.30522921
143,1,Y,2790288152,9.300960506666666
70,31,N,2789545560,9.2984852
291,20,Y,2787405880,9.291352933333332
34,64,N,2782498576,9.274995253333334
118,77,N,2763756576,9.21252192
16,45,N,2763626200,9.212087333333335
98,33,N,2759597352,9.198657840000001
94,38,N,2757981040,9.193270133333334
61,79,N,2757506712,9.19168904
49,113,N,2757203536,9.190678453333332
139,1,Y,2752202664,9.174008879999999
214,10,Y,2735054632,9.116848773333333
51,540,Y,2732567440,9.108558133333332
1126,124,Y,2721051592,9.070171973333334
14,99,N,2714744224,9.049147413333333
104,64,N,2712363818,9.041212726666666
74,123,N,2708978904,9.02992968
570,55,Y,2707250912,9.024169706666667
78,43,N,2706366184,9.021220613333334
93,63,N,2697884272,8.992947573333334
83,7,N,2696281776,8.98760592
1122,124,Y,2696149872,8.98716624
1087,119,Y,2689435688,8.964785626666668
138,1,Y,2687366392,8.957887973333333
63,93,N,2686352440,8.954508133333333
105,5,N,2682705272,8.942350906666666
20,62,N,2680798296,8.93599432
108,50,N,2679035176,8.930117253333334
82,117,N,2672357664,8.90785888
209,10,Y,2672046616,8.906822053333334
28,3,N,2670428352,8.90142784
1128,125,Y,2667278584,8.890928613333333
17,117,N,2664196048,8.880653493333334
46,76,N,2648616072,8.82872024
986,107,Y,2647691904,8.82563968
41,83,N,2644302640,8.814342133333334
20,61,N,2641492776,8.804975919999999
123,101,N,2640965104,8.803217013333335
847,89,Y,2635146193,8.783820643333334
988,107,Y,2633366888,8.777889626666667
69,34,N,2632835680,8.776118933333334
861,91,Y,2631489240,8.7716308
29,80,N,2625961099,8.753203663333334
47,86,N,2625322976,8.751076586666667
61,76,N,2622403936,8.741346453333334
38,81,N,2617944296,8.726480986666667
31,70,N,2616186720,8.7206224
90,33,N,2613104696,8.710348986666666
422,36,Y,2612502536,8.708341786666667
127,80,N,2605571840,8.685239466666667
51,8,N,2601871944,8.67290648
78,84,N,2585321264,8.617737546666666
121,105,N,2585003832,8.61667944
109,56,N,2583859120,8.612863733333333
1125,124,Y,2569964376,8.566547920000001
53,19,N,2565326528,8.551088426666666
87,32,N,2564579040,8.5485968
142,1,Y,2561355864,8.53785288
550,52,Y,2558412048,8.52804016
96,88,N,2558380464,8.52793488
161,4,Y,2555644056,8.51881352
77,118,N,2552474896,8.508249653333333
34,98,N,2546914425,8.489714750000001
212,10,Y,2543906736,8.47968912
97,56,N,2539795728,8.46598576
37,75,N,2536196664,8.45398888
998,108,Y,2532098621,8.440328736666666
164,4,Y,2530911880,8.436372933333333
1099,121,Y,2527718224,8.425727413333334
195,8,Y,2527050176,8.423500586666668
163,4,Y,2522338768,8.407795893333333
416,36,Y,2516405490,8.388018299999999
109,118,N,2515858453,8.386194843333334
11,105,N,2506313976,8.354379920000001
574,55,Y,2498381392,8.327937973333334
103,75,N,2486338912,8.287796373333334
211,10,Y,2481049600,8.270165333333333
2,99,N,2478549608,8.261832026666667
113,74,N,2477753200,8.259177333333332
846,89,Y,2469265920,8.2308864
218,11,Y,2467618656,8.225395520000001
993,108,Y,2460297520,8.200991733333334
95,68,N,2452988128,8.176627093333334
572,55,Y,2452576048,8.175253493333333
1096,121,Y,2449018299,8.16339433
849,90,Y,2446988686,8.156628953333334
215,10,Y,2445588111,8.15196037
118,109,N,2444607392,8.148691306666667
83,58,N,2443003336,8.143344453333333
23,110,N,2432773464,8.109244879999999
59,51,N,2428950408,8.09650136
198,8,Y,2424791936,8.082639786666666
290,20,Y,2424289832,8.080966106666667
104,72,N,2418662536,8.062208453333334
809,85,Y,2414992848,8.04997616
896,96,Y,2414414064,8.04804688
33,98,N,2411517824,8.038392746666666
989,107,Y,2410487232,8.03495744
101,93,N,2407289208,8.02429736
956,103,Y,2407238088,8.02412696
20,122,N,2406396480,8.0213216
840,89,Y,2406188360,8.020627866666667
787,82,Y,2405535936,8.01845312
18,64,N,2404660112,8.015533706666666
30,77,N,2401138518,8.00379506
999,108,Y,2401036335,8.00345445
114,110,N,2397765632,7.992552106666667
57,66,N,2396553325,7.988511083333333
62,70,N,2382780424,7.942601413333334
31,20,N,2379861752,7.932872506666666
25,118,N,2379191064,7.93063688
1133,125,Y,2373558704,7.911862346666666
162,4,Y,2369392464,7.89797488
901,96,Y,2366513320,7.888377733333334
419,36,Y,2365423992,7.8847466399999995
902,96,Y,2357351928,7.85783976
254,15,Y,2356710664,7.855702213333333
50,101,N,2354456544,7.84818848
423,36,Y,2351095040,7.836983466666666
166,4,Y,2345077016,7.816923386666666
16,5,N,2339950264,7.799834213333333
67,47,N,2338559208,7.79519736
13,75,N,2337687776,7.792292586666667
193,8,Y,2334620192,7.782067306666667
3,65,N,2333855208,7.779517360000001
1129,125,Y,2323710904,7.745703013333332
47,511,Y,2322810184,7.742700613333334
107,95,N,2321537960,7.738459866666666
56,73,N,2315974981,7.719916603333334
79,12,N,2315288712,7.71762904
995,108,Y,2292428904,7.64142968
70,113,N,2291697104,7.6389903466666675
75,112,N,2282294512,7.607648373333334
6,120,N,2281461144,7.604870480000001
112,22,N,2280585600,7.601951999999999
984,107,Y,2280194984,7.600649946666667
85,77,N,2273230152,7.57743384
40,21,N,2270401608,7.568005360000001
784,82,Y,2270317600,7.567725333333334
11,87,N,2264450928,7.5481697599999995
29,91,N,2264109832,7.547032773333333
514,48,Y,2263002352,7.543341173333333
1131,125,Y,2261572544,7.538575146666666
112,75,N,2256965520,7.523218399999999
532,50,Y,2254966680,7.516555599999999
23,30,N,2253472552,7.511575173333333
68,14,N,2252974744,7.509915813333333
45,16,N,2251946136,7.506487119999999
985,107,Y,2247195248,7.490650826666667
791,82,Y,2241019880,7.470066266666667
119,123,N,2240198016,7.467326720000001
75,13,N,2240139984,7.4671332800000005
626,62,Y,2224983560,7.416611866666667
127,120,N,2221993608,7.40664536
123,1115,Y,2220787272,7.40262424
96,112,N,2210872472,7.369574906666666
59,69,N,2210788831,7.369296103333333
48,87,N,2207415799,7.358052663333334
265,17,Y,2198081744,7.326939146666667
167,4,Y,2196349504,7.321165013333333
48,104,N,2189456384,7.298187946666666
788,82,Y,2187982576,7.293275253333334
94,35,N,2186990648,7.289968826666667
944,102,Y,2186558296,7.288527653333333
122,71,N,2174558773,7.2485292433333335
18,126,N,2171155904,7.237186346666667
27,77,N,2169716408,7.2323880266666665
41,19,N,2162786760,7.209289200000001
635,63,Y,2161957888,7.206526293333333
126,57,N,2158306304,7.194354346666667
102,34,N,2158130736,7.19376912
848,90,Y,2156690584,7.1889686133333335
515,48,Y,2156117359,7.187057863333333
60,31,N,2152597164,7.17532388
272,18,Y,2149275392,7.164251306666666
83,41,N,2147771864,7.159239546666667
522,49,Y,2144320872,7.1477362399999995
104,68,N,2138479056,7.12826352
854,90,Y,2134090536,7.1136351200000005
609,60,Y,2132243504,7.1074783466666664
76,46,N,2128989208,7.096630693333333
533,50,Y,2128002064,7.093340213333334
786,82,Y,2123637530,7.078791766666667
110,32,N,2123062376,7.0768745866666665
949,102,Y,2118956280,7.0631876
910,97,Y,2118784259,7.062614196666667
992,108,Y,2117431280,7.058104266666667
610,60,Y,2116760496,7.05586832
9,111,N,2116023032,7.053410106666666
32,110,N,2106214344,7.02071448
65,76,N,2103296072,7.010986906666666
25,111,N,2098533336,6.99511112
117,30,N,2095937048,6.986456826666666
490,45,Y,2091964136,6.973213786666667
29,118,N,2085534896,6.951782986666667
65,3,N,2084437784,6.948125946666667
15,61,N,2081492864,6.938309546666667
165,4,Y,2080036896,6.93345632
10,71,N,2075849936,6.919499786666666
991,107,Y,2075281544,6.917605146666666
808,85,Y,2066564880,6.8885496
32,59,N,2061780016,6.872600053333333
867,92,Y,2053662328,6.845541093333334
842,89,Y,2050191152,6.833970506666668
524,49,Y,2033354792,6.777849306666667
101,34,N,2031488496,6.7716283200000005
775,80,Y,2026627504,6.7554250133333325
76,116,N,2025666358,6.752221193333334
611,60,Y,2024301744,6.74767248
87,111,N,2021262424,6.737541413333334
43,58,N,2019214072,6.7307135733333325
837,88,Y,2017303368,6.7243445600000005
21,39,N,2016081136,6.720270453333334
74,87,N,2012177464,6.707258213333334
255,15,Y,2011085704,6.703619013333334
982,106,Y,2006106776,6.687022586666666
909,97,Y,2004633728,6.682112426666667
66,9,N,2004589072,6.6819635733333325
615,60,Y,1997168744,6.657229146666667
841,89,Y,1996741504,6.6558050133333335
52,70,N,1992549280,6.641830933333333
0,110,N,1992541408,6.6418046933333335
88,2,N,1991585592,6.638618640000001
855,90,Y,1989722968,6.6324098933333335
93,84,N,1988891624,6.629638746666666
112,110,N,1985937168,6.619790559999999
1,27,N,1978442648,6.594808826666666
79,69,N,1977964459,6.593214863333334
97,98,N,1977514848,6.59171616
35,67,N,1974359504,6.581198346666667
519,48,Y,1970964552,6.56988184
59,55,N,1969549264,6.5651642133333326
277,18,Y,1968651776,6.562172586666666
18,93,N,1967403544,6.558011813333334
996,108,Y,1966175320,6.553917733333334
11,83,N,1963144672,6.543815573333333
127,71,N,1955573128,6.518577093333333
571,55,Y,1953623720,6.512079066666667
39,43,N,1953359032,6.511196773333333
106,5,N,1953199557,6.510665190000001
14,68,N,1952284216,6.507614053333333
126,69,N,1945528582,6.485095273333333
107,70,N,1941212360,6.470707866666666
221,11,Y,1939993512,6.46664504
769,80,Y,1935831712,6.4527723733333335
28,25,N,1934546856,6.448489520000001
978,106,Y,1930874312,6.436247706666667
899,96,Y,1930094032,6.433646773333333
12,26,N,1925961880,6.419872933333333
60,63,N,1922851408,6.409504693333333
420,36,Y,1920188248,6.400627493333333
124,1127,Y,1917716280,6.3923876
573,55,Y,1917694456,6.392314853333334
103,109,N,1916379144,6.38793048
1130,125,Y,1916248207,6.387494023333333
53,74,N,1914918670,6.383062233333334
95,40,N,1913307272,6.3776909066666665
55,59,N,1911377424,6.3712580800000005
2,35,N,1908541090,6.361803633333333
843,89,Y,1905370672,6.351235573333333
928,100,Y,1902408616,6.341362053333334
676,68,Y,1899454032,6.33151344
612,60,Y,1898635712,6.328785706666666
79,61,N,1897112616,6.32370872
871,92,Y,1894475816,6.314919386666666
983,106,Y,1884445380,6.2814846
100,32,N,1883562368,6.278541226666666
42,9,N,1880251952,6.267506506666666
935,100,Y,1879072312,6.263574373333333
50,23,N,1875365016,6.2512167199999995
851,90,Y,1874102002,6.247006673333334
252,15,Y,1872329720,6.241099066666667
43,39,N,1871644600,6.238815333333333
17,20,N,1870758344,6.235861146666666
61,37,N,1866720712,6.222402373333334
84,78,N,1865601504,6.21867168
54,3,N,1863682308,6.21227436
219,11,Y,1861115800,6.203719333333333
507,47,Y,1856520520,6.188401733333333
338,26,Y,1849056888,6.16352296
960,104,Y,1847698400,6.158994666666667
637,63,Y,1844114136,6.14704712
46,98,N,1840159320,6.1338644
518,48,Y,1837886136,6.12628712
99,2,N,1835921480,6.119738266666666
86,111,N,1833749952,6.11249984
52,57,N,1830980928,6.10326976
36,19,N,1830602576,6.102008586666666
513,48,Y,1827504248,6.091680826666666
495,45,Y,1827258369,6.09086123
491,45,Y,1826541088,6.088470293333334
844,89,Y,1821651576,6.072171920000001
835,88,Y,1819688728,6.065629093333333
75,57,N,1818052880,6.060176266666667
94,881,Y,1817328208,6.057760693333333
105,46,N,1816288856,6.054296186666667
37,61,N,1811975636,6.039918786666667
575,55,Y,1811769232,6.039230773333333
275,18,Y,1810673352,6.035577839999999
845,89,Y,1810210464,6.03403488
905,97,Y,1810000448,6.033334826666667
44,24,N,1809163240,6.030544133333334
44,53,N,1803291960,6.0109732
897,96,Y,1796625096,5.988750319999999
492,45,Y,1792861296,5.97620432
46,93,N,1792186896,5.97395632
120,111,N,1790590056,5.96863352
903,96,Y,1788931640,5.963105466666667
517,48,Y,1785550792,5.951835973333333
516,48,Y,1782839544,5.94279848
222,11,Y,1781729036,5.939096786666666
866,92,Y,1779992464,5.9333082133333335
839,88,Y,1778319704,5.927732346666667
976,106,Y,1776289184,5.920963946666666
488,45,Y,1774269152,5.914230506666667
94,37,N,1772599460,5.908664866666666
63,73,N,1767482200,5.891607333333333
4,79,N,1766366776,5.887889253333333
25,28,N,1761156328,5.870521093333333
1102,121,Y,1758988736,5.863295786666667
613,60,Y,1758936608,5.863122026666667
812,85,Y,1757123680,5.857078933333333
97,38,N,1755364112,5.851213706666666
27,40,N,1751740312,5.839134373333333
192,8,Y,1751598192,5.83866064
217,11,Y,1749140344,5.830467813333334
106,81,N,1748257752,5.82752584
127,59,N,1747243033,5.824143443333334
628,62,Y,1744328848,5.814429493333333
84,30,N,1743347288,5.811157626666667
80,72,N,1741388344,5.804627813333333
933,100,Y,1740125976,5.80041992
80,127,N,1738920592,5.796401973333333
30,23,N,1737104960,5.790349866666666
154,3,Y,1734457616,5.781525386666667
852,90,Y,1733947776,5.77982592
68,104,N,1733103512,5.777011706666666
51,24,N,1732620976,5.775403253333334
818,86,Y,1730643192,5.76881064
392,33,Y,1728055400,5.7601846666666665
77,30,N,1724839256,5.749464186666667
18,50,N,1721045864,5.736819546666667
3,28,N,1715580120,5.7186004
51,98,N,1714653542,5.715511806666667
223,11,Y,1708995456,5.69665152
1097,121,Y,1708071824,5.693572746666667
120,127,N,1705113992,5.683713306666666
36,3,N,1704347256,5.68115752
765,79,Y,1700135624,5.667118746666667
858,91,Y,1695470952,5.6515698400000005
91,65,N,1693524784,5.645082613333333
113,63,N,1689727568,5.632425226666666
950,102,Y,1688657928,5.62885976
82,7,N,1687652624,5.625508746666666
633,63,Y,1686942098,5.623140326666666
25,72,N,1679198584,5.5973286133333335
934,100,Y,1674139944,5.58046648
1031,112,Y,1672519808,5.575066026666667
421,36,Y,1671835592,5.572785306666667
870,92,Y,1671376576,5.571255253333334
74,113,N,1667626688,5.558755626666667
82,120,N,1666691424,5.55563808
100,47,N,1666017104,5.553390346666666
251,15,Y,1661625448,5.538751493333334
75,37,N,1661465464,5.538218213333333
66,41,N,1657341608,5.5244720266666665
9,66,N,1652721000,5.50907
627,62,Y,1648416277,5.494720923333333
110,23,N,1643039728,5.476799093333334
220,11,Y,1640437368,5.46812456
45,78,N,1639077280,5.463590933333333
1049,115,Y,1636393592,5.4546453066666665
74,43,N,1636032792,5.4534426400000005
7,6,N,1633200008,5.444000026666666
54,23,N,1632728832,5.442429440000001
0,31,N,1631815200,5.4393839999999996
1052,115,Y,1631022672,5.43674224
346,27,Y,1626877352,5.422924506666667
123,74,N,1620693760,5.402312533333333
653,65,Y,1620140930,5.400469766666666
300,21,Y,1618133136,5.39377712
114,32,N,1617320176,5.3910672533333335
3,56,N,1617131608,5.3904386933333335
95,73,N,1614863133,5.38287711
32,114,N,1605557736,5.35185912
1053,115,Y,1603481248,5.344937493333333
53,44,N,1601160936,5.33720312
279,18,Y,1597906176,5.32635392
907,97,Y,1592887760,5.309625866666667
859,91,Y,1592697744,5.30899248
187,7,Y,1592236992,5.30745664
773,80,Y,1592189664,5.307298879999999
249,15,Y,1587975360,5.2932512
1101,121,Y,1587819368,5.292731226666667
554,53,Y,1586347160,5.287823866666667
87,74,N,1585197664,5.283992213333334
59,127,N,1584254584,5.280848613333333
951,102,Y,1579841824,5.266139413333333
253,15,Y,1576180064,5.2539335466666675
929,100,Y,1575818280,5.2527276
904,97,Y,1566351856,5.221172853333334
946,102,Y,1566019424,5.220064746666667
663,66,Y,1564038472,5.213461573333333
930,100,Y,1560233849,5.200779496666667
614,60,Y,1554724256,5.182414186666667
4,13,N,1553888264,5.179627546666667
42,88,N,1551955408,5.173184693333333
900,96,Y,1548447392,5.161491306666666
1048,115,Y,1548414385,5.161381283333333
981,106,Y,1547241656,5.157472186666666
121,53,N,1542479584,5.141598613333334
250,15,Y,1541166952,5.137223173333334
489,45,Y,1541002904,5.1366763466666665
1030,112,Y,1540673408,5.135578026666667
67,665,Y,1537116552,5.12372184
1100,121,Y,1536757440,5.1225248
1067,117,Y,1535961192,5.11987064
248,15,Y,1533799480,5.112664933333334
19,41,N,1528498320,5.0949944
73,23,N,1527304096,5.0910136533333334
977,106,Y,1521452520,5.0715084
569,55,Y,1521027696,5.07009232
948,102,Y,1519809648,5.066032160000001
1066,117,Y,1517490744,5.05830248
37,94,N,1514493732,5.04831244
813,85,Y,1512143224,5.040477413333333
947,102,Y,1510415832,5.03471944
71,2,N,1507527904,5.025093013333334
19,16,N,1506311064,5.0210368800000005
295,20,Y,1503450936,5.01150312
124,1123,Y,1502222624,5.007408746666667
810,85,Y,1501579488,5.00526496
525,49,Y,1501317232,5.004390773333333
772,80,Y,1499400232,4.998000773333333
7,21,N,1499356400,4.997854666666666
21,25,N,1498831944,4.99610648
535,50,Y,1497580080,4.9919336
608,60,Y,1497084896,4.990282986666666
12,19,N,1496737208,4.9891240266666665
54,56,N,1494444272,4.9814809066666665
73,116,N,1493015048,4.976716826666667
521,49,Y,1492749712,4.975832373333333
44,122,N,1489170336,4.96390112
132,0,Y,1489081504,4.963605013333333
46,114,N,1487974056,4.95991352
394,33,Y,1487333488,4.957778293333334
1136,126,Y,1487053320,4.9568444000000005
90,68,N,1486204798,4.954015993333334
98,46,N,1485316432,4.951054773333333
70,52,N,1484106152,4.947020506666667
124,1126,Y,1483970024,4.946566746666667
932,100,Y,1483757137,4.945857123333333
81,41,N,1483315800,4.944386
13,122,N,1478200448,4.927334826666667
58,43,N,1478179336,4.927264453333334
72,94,N,1475650520,4.9188350666666665
636,63,Y,1473170990,4.910569966666667
1023,111,Y,1473053016,4.91017672
865,92,Y,1472816424,4.90938808
69,59,N,1472075680,4.906918933333333
205,9,Y,1470834240,4.9027807999999995
273,18,Y,1469138336,4.897127786666667
67,35,N,1468130036,4.893766786666666
34,69,N,1466017968,4.8867265600000005
441,39,Y,1465065144,4.88355048
1054,115,Y,1464586656,4.88195552
116,40,N,1463251464,4.87750488
276,18,Y,1461712344,4.87237448
91,28,N,1457888584,4.859628613333333
172,5,Y,1455048024,4.85016008
931,100,Y,1454607048,4.84869016
770,80,Y,1454199416,4.847331386666666
37,430,Y,1451206661,4.837355536666667
88,37,N,1450677056,4.835590186666667
511,47,Y,1447578256,4.825260853333333
639,63,Y,1444181432,4.813938106666667
111,25,N,1442697760,4.808992533333333
63,113,N,1441478088,4.8049269599999995
23,73,N,1440058320,4.8001944
26,35,N,1434473040,4.7815768
89,113,N,1431990256,4.773300853333334
493,45,Y,1429826912,4.7660897066666665
760,79,Y,1429343064,4.76447688
557,53,Y,1427921456,4.759738186666667
115,28,N,1425749582,4.752498606666666
558,53,Y,1424027216,4.746757386666667
409,35,Y,1422251200,4.740837333333333
119,26,N,1421894888,4.739649626666666
203,9,Y,1420485088,4.734950293333333
620,61,Y,1419135952,4.730453173333333
292,20,Y,1418797568,4.729325226666667
114,78,N,1412342024,4.707806746666667
16,19,N,1409652728,4.698842426666667
274,18,Y,1407535048,4.691783493333333
624,62,Y,1406349592,4.687831973333333
39,22,N,1403518736,4.678395786666667
632,63,Y,1403086000,4.6769533333333335
1051,115,Y,1402145872,4.673819573333334
353,28,Y,1400070728,4.666902426666667
906,97,Y,1398869448,4.66289816
1065,117,Y,1398672464,4.6622415466666665
945,102,Y,1397303624,4.657678746666667
908,97,Y,1397181976,4.657273253333334
94,72,N,1395632096,4.652106986666666
1050,115,Y,1395545488,4.651818293333333
555,53,Y,1393940448,4.64646816
911,97,Y,1393153704,4.64384568
43,78,N,1392763304,4.642544346666667
834,88,Y,1390676440,4.635588133333333
625,62,Y,1389620944,4.632069813333333
1114,123,Y,1389127568,4.630425226666667
814,85,Y,1387532440,4.625108133333333
496,46,Y,1387478288,4.624927626666667
184,7,Y,1385597080,4.618656933333333
647,64,Y,1383849368,4.612831226666667
1058,116,Y,1379272432,4.597574773333333
631,62,Y,1374967848,4.58322616
35,2,N,1371247610,4.570825366666666
28,109,N,1371242320,4.570807733333333
6,22,N,1371210312,4.570701039999999
559,53,Y,1369848632,4.566162106666667
95,104,N,1369789384,4.565964613333334
1069,117,Y,1369455104,4.564850346666667
58,2,N,1368375128,4.561250426666667
124,1121,Y,1366130336,4.553767786666667
629,62,Y,1364529704,4.548432346666666
703,71,Y,1364093328,4.54697776
30,6,N,1364028288,4.54676096
356,28,Y,1364024304,4.54674768
815,85,Y,1360285288,4.534284293333333
48,63,N,1359292640,4.530975466666667
1070,117,Y,1355369992,4.517899973333334
116,76,N,1354574296,4.515247653333334
1103,121,Y,1354433456,4.514778186666667
128,0,Y,1353731888,4.512439626666667
546,52,Y,1351990944,4.50663648
207,9,Y,1351032693,4.50344231
622,61,Y,1350858264,4.50286088
66,22,N,1349234592,4.49744864
526,49,Y,1347328000,4.491093333333334
509,47,Y,1345800352,4.486001173333333
857,91,Y,1344841048,4.482803493333333
216,11,Y,1344544376,4.481814586666666
853,90,Y,1343045152,4.476817173333333
868,92,Y,1337680856,4.458936186666667
84,93,N,1336446240,4.4548208
794,83,Y,1332020992,4.440069973333333
67,72,N,1330333896,4.43444632
673,68,Y,1327131080,4.423770266666667
130,0,Y,1325378872,4.417929573333333
523,49,Y,1324842296,4.416140986666667
1055,115,Y,1324772104,4.415907013333333
864,92,Y,1323844640,4.412815466666667
527,49,Y,1320010496,4.400034986666667
1118,123,Y,1318884152,4.396280506666667
240,14,Y,1316760688,4.389202293333333
50,24,N,1316567696,4.388558986666666
824,87,Y,1314655008,4.38218336
838,88,Y,1313997136,4.379990453333334
108,993,Y,1313801832,4.37933944
124,1125,Y,1310325608,4.3677520266666665
158,3,Y,1306977568,4.356591893333333
1140,126,Y,1306901842,4.356339473333333
890,95,Y,1299758960,4.3325298666666665
1068,117,Y,1298494016,4.328313386666666
893,95,Y,1296552240,4.3218408
114,46,N,1291947232,4.3064907733333335
672,68,Y,1287339152,4.291130506666667
186,7,Y,1287165976,4.290553253333333
623,61,Y,1286190024,4.28730008
115,65,N,1282476984,4.27492328
127,44,N,1279211584,4.264038613333334
869,92,Y,1277224336,4.257414453333333
120,6,N,1275966344,4.253221146666666
924,99,Y,1274735944,4.249119813333333
43,74,N,1273971224,4.2465707466666665
860,91,Y,1273864328,4.246214426666667
116,78,N,1271615384,4.238717946666667
450,40,Y,1271528808,4.23842936
679,68,Y,1270091512,4.233638373333334
568,55,Y,1266015303,4.22005101
71,127,N,1263617776,4.212059253333333
147,2,Y,1262458880,4.208196266666667
71,122,N,1260029304,4.20009768
135,0,Y,1255689320,4.185631066666667
116,1058,Y,1255151372,4.183837906666667
8,51,N,1253438232,4.17812744
6,7,N,1251340792,4.1711359733333335
979,106,Y,1248609504,4.16203168
96,43,N,1248451936,4.161506453333334
334,25,Y,1246634464,4.155448213333333
460,41,Y,1246143928,4.1538130933333335
382,31,Y,1242749576,4.142498586666667
51,59,N,1240173184,4.133910613333333
1113,123,Y,1236158992,4.120529973333333
54,66,N,1234726328,4.115754426666666
103,952,Y,1231048144,4.103493813333333
534,50,Y,1230579368,4.101931226666667
1064,117,Y,1228771960,4.095906533333333
888,95,Y,1227192400,4.090641333333334
22,66,N,1225547176,4.085157253333334
411,35,Y,1225498056,4.08499352
862,91,Y,1224407632,4.081358773333333
116,73,N,1222626600,4.075422
246,14,Y,1217623352,4.058744506666667
22,39,N,1215613216,4.052044053333334
131,0,Y,1214482824,4.04827608
175,5,Y,1213065464,4.0435515466666665
359,28,Y,1211792713,4.039309043333334
1071,117,Y,1209734648,4.032448826666666
134,0,Y,1209248313,4.03082771
698,71,Y,1208809272,4.0293642400000005
118,25,N,1207854312,4.02618104
1092,120,Y,1205425312,4.018084373333333
288,20,Y,1199830688,3.999435626666667
23,54,N,1199417376,3.99805792
542,51,Y,1198020120,3.9934004
336,26,Y,1197744960,3.9924832
1138,126,Y,1197571496,3.9919049866666665
693,70,Y,1196177960,3.9872598666666668
1143,126,Y,1193011480,3.976704933333333
72,67,N,1191905312,3.9730177066666665
71,701,Y,1190942816,3.9698093866666664
99,58,N,1190602616,3.968675386666667
677,68,Y,1187972856,3.9599095199999996
895,95,Y,1187306408,3.957688026666667
22,6,N,1181909647,3.9396988233333334
278,18,Y,1179644273,3.932147576666667
863,91,Y,1179414016,3.931380053333333
531,50,Y,1173668160,3.9122272
1137,126,Y,1173370520,3.9112350666666664
796,83,Y,1169273728,3.897579093333333
148,2,Y,1167966800,3.8932226666666665
540,51,Y,1167927144,3.8930904799999997
41,84,N,1166875928,3.889586426666667
1016,111,Y,1163512272,3.8783742400000003
1039,113,Y,1163221768,3.8774058933333335
638,63,Y,1162828040,3.876093466666666
189,7,Y,1162656016,3.875520053333333
102,58,N,1161116712,3.8703890400000005
494,45,Y,1160291632,3.8676387733333333
398,33,Y,1157443512,3.85814504
399,33,Y,1152666536,3.8422217866666664
528,50,Y,1151549520,3.8384983999999998
404,34,Y,1149587752,3.8319591733333334
768,80,Y,1146798568,3.822661893333333
19,12,N,1145607168,3.8186905600000003
823,86,Y,1144824672,3.81608224
26,22,N,1143853384,3.8128446133333336
551,52,Y,1141072240,3.803574133333333
354,28,Y,1140320168,3.8010672266666665
833,88,Y,1138516792,3.7950559733333336
78,116,N,1138179144,3.7939304799999998
30,84,N,1130523512,3.768411706666667
395,33,Y,1130026856,3.7667561866666666
26,12,N,1126820128,3.7560670933333333
124,1120,Y,1121146992,3.7371566400000003
652,65,Y,1119487864,3.7316262133333336
144,2,Y,1119237120,3.7307904
761,79,Y,1118204784,3.7273492800000003
688,70,Y,1110167376,3.70055792
56,3,N,1109265541,3.6975518033333334
520,49,Y,1107427352,3.6914245066666664
11,219,Y,1106934752,3.689782506666667
619,61,Y,1106235504,3.68745168
12,67,N,1105523864,3.685079546666667
93,46,N,1105206968,3.684023226666667
640,64,Y,1104996664,3.6833222133333337
1115,123,Y,1103681920,3.6789397333333334
616,61,Y,1098037528,3.660125093333334
190,7,Y,1096890424,3.6563014133333334
1073,118,Y,1094247832,3.6474927733333335
1027,112,Y,1092534544,3.6417818133333335
1141,126,Y,1091787912,3.63929304
90,99,N,1091729392,3.6390979733333335
579,56,Y,1090609480,3.6353649333333333
556,53,Y,1087657808,3.6255260266666665
898,96,Y,1087049120,3.6234970666666664
530,50,Y,1086926040,3.6230868
243,14,Y,1086623096,3.622076986666667
245,14,Y,1086585432,3.62195144
289,20,Y,1086199608,3.62066536
0,16,N,1085721608,3.6190720266666663
749,77,Y,1084953912,3.61651304
133,0,Y,1084134664,3.613782213333333
925,99,Y,1079921112,3.59973704
545,52,Y,1077109008,3.59036336
44,127,N,1076557240,3.5885241333333333
56,54,N,1076342016,3.58780672
72,25,N,1075806112,3.586020373333333
438,38,Y,1075122168,3.58374056
541,51,Y,1074554640,3.5818488000000004
1077,118,Y,1072993008,3.5766433600000003
396,33,Y,1071369304,3.5712310133333336
122,94,N,1067197256,3.557324186666667
380,31,Y,1066695672,3.5556522399999997
308,22,Y,1064269968,3.54756656
242,14,Y,1064239208,3.547464026666667
47,67,N,1061706360,3.5390211999999996
234,13,Y,1060752584,3.5358419466666664
303,21,Y,1060570200,3.5352340000000004
427,37,Y,1057325952,3.52441984
586,57,Y,1057021283,3.5234042766666667
822,86,Y,1055458496,3.5181949866666664
351,27,Y,1055369256,3.5178975199999996
597,58,Y,1054968474,3.5165615800000003
821,86,Y,1054538856,3.5151295200000003
153,3,Y,1054498704,3.51499568
1095,120,Y,1054012416,3.5133747200000003
771,80,Y,1053685552,3.5122851733333333
831,87,Y,1050227984,3.5007599466666663
302,21,Y,1049253624,3.4975120800000004
549,52,Y,1048472384,3.4949079466666664
746,77,Y,1047499328,3.4916644266666665
795,83,Y,1046400648,3.4880021599999997
529,50,Y,1045895664,3.48631888
508,47,Y,1043620160,3.4787338666666665
15,84,N,1042455704,3.4748523466666668
718,73,Y,1041529168,3.4717638933333337
157,3,Y,1040003496,3.46667832
783,81,Y,1039916152,3.466387173333333
747,77,Y,1035109520,3.450365066666667
1012,110,Y,1034538432,3.44846144
402,34,Y,1033077952,3.4435931733333334
6,178,Y,1030575112,3.435250373333333
923,99,Y,1029899392,3.4329979733333333
343,26,Y,1027268952,3.42422984
728,75,Y,1025137640,3.4171254666666666
630,62,Y,1024357616,3.414525386666667
66,54,N,1023797563,3.4126585433333334
675,68,Y,1023757840,3.412526133333333
643,64,Y,1022975937,3.4099197900000005
651,65,Y,1021825032,3.4060834399999997
1075,118,Y,1020764176,3.402547253333333
539,51,Y,1016763888,3.38921296
90,21,N,1013967248,3.3798908266666663
159,3,Y,1012350328,3.3745010933333335
41,66,N,1009881968,3.366273226666667
1026,112,Y,1008478496,3.361594986666667
716,73,Y,1008416504,3.3613883466666667
93,101,N,1008330336,3.36110112
433,38,Y,1008189224,3.3606307466666667
444,39,Y,1007129928,3.35709976
337,26,Y,1006981456,3.356604853333333
1142,126,Y,1005749856,3.35249952
44,69,N,1004617408,3.3487246933333332
344,27,Y,1004065912,3.346886373333333
817,86,Y,1003683512,3.3456117066666664
1038,113,Y,1003215000,3.3440499999999997
774,80,Y,1002507304,3.341691013333333
377,31,Y,1002315240,3.3410507999999997
124,1124,Y,1001700064,3.339000213333333
381,31,Y,1001534848,3.3384494933333335
961,104,Y,1001435544,3.33811848
649,65,Y,999957032,3.3331901066666667
425,37,Y,999735776,3.3324525866666668
963,104,Y,998714760,3.3290491999999996
6,16,N,996706656,3.32235552
1139,126,Y,995873744,3.3195791466666664
778,81,Y,995103952,3.317013173333333
731,75,Y,994197856,3.3139928533333336
352,28,Y,993339360,3.3111311999999997
654,65,Y,993205976,3.310686586666667
305,22,Y,992866912,3.3095563733333333
1056,116,Y,990841664,3.3028055466666664
968,105,Y,990706864,3.3023562133333337
737,76,Y,990508168,3.301693893333333
536,51,Y,989557384,3.2985246133333335
1019,111,Y,989344840,3.2978161333333333
1029,112,Y,988898136,3.29632712
237,13,Y,987359504,3.291198346666667
820,86,Y,983812056,3.27937352
836,88,Y,983265224,3.2775507466666665
583,56,Y,979549080,3.2651635999999997
1025,112,Y,979188536,3.2639617866666666
296,21,Y,978581832,3.26193944
355,28,Y,978025480,3.2600849333333333
1117,123,Y,977950360,3.2598345333333336
109,1001,Y,976914520,3.2563817333333334
713,73,Y,976148775,3.2538292500000003
125,51,N,975523296,3.2517443200000002
379,31,Y,975509432,3.2516981066666664
537,51,Y,975496128,3.25165376
387,32,Y,975398856,3.25132952
919,98,Y,974547416,3.2484913866666667
258,16,Y,974441600,3.2481386666666667
35,94,N,973188296,3.243960986666666
320,24,Y,973029832,3.2434327733333332
832,88,Y,972253152,3.24084384
92,865,Y,970211992,3.234039973333333
881,94,Y,968849656,3.2294988533333333
1008,110,Y,967614053,3.2253801766666665
414,35,Y,966590760,3.2219692
538,51,Y,966478130,3.2215937666666665
792,83,Y,966315944,3.2210531466666663
109,28,N,965913648,3.2197121600000003
408,35,Y,965419104,3.21806368
793,83,Y,964786160,3.2159538666666667
453,40,Y,962703554,3.2090118466666664
644,64,Y,961311168,3.20437056
655,65,Y,961235696,3.204118986666667
342,26,Y,960650072,3.2021669066666667
407,34,Y,960372768,3.20124256
299,21,Y,958901632,3.1963387733333333
306,22,Y,958717336,3.1957244533333333
67,12,N,958628792,3.1954293066666666
892,95,Y,956008928,3.1866964266666664
225,12,Y,950965480,3.1698849333333334
0,14,N,950222200,3.1674073333333332
916,98,Y,949767016,3.1658900533333334
642,64,Y,949162664,3.1638755466666666
122,44,N,946447592,3.1548253066666665
819,86,Y,946312080,3.1543736000000004
891,95,Y,945720464,3.152401546666667
129,0,Y,944452832,3.148176106666667
451,40,Y,942064176,3.14021392
764,79,Y,941388936,3.13796312
1032,113,Y,941025208,3.136750693333333
826,87,Y,940615936,3.135386453333333
504,47,Y,939063320,3.130211066666667
340,26,Y,938414360,3.128047866666667
49,524,Y,935414272,3.1180475733333335
293,20,Y,934448317,3.1148277233333332
146,2,Y,932606896,3.1086896533333332
339,26,Y,932383874,3.1079462466666667
889,95,Y,932108064,3.10702688
754,78,Y,929906000,3.099686666666667
439,38,Y,929662096,3.098873653333333
452,40,Y,929034448,3.0967814933333333
962,104,Y,923305328,3.0776844266666665
405,34,Y,921099856,3.0703328533333334
124,1122,Y,919117720,3.0637257333333334
1088,120,Y,918960160,3.063200533333333
202,9,Y,917534600,3.0584486666666666
375,30,Y,917513480,3.058378266666667
734,75,Y,916007800,3.0533593333333333
756,78,Y,915802784,3.0526759466666666
345,27,Y,914362320,3.0478744
92,871,Y,913269592,3.0442319733333334
1018,111,Y,908742480,3.0291416
383,31,Y,905668256,3.0188941866666665
942,101,Y,899899192,2.9996639733333335
152,3,Y,898810376,2.9960345866666667
426,37,Y,898251080,2.9941702666666665
971,105,Y,896920616,2.9897353866666667
156,3,Y,896094584,2.9869819466666665
155,3,Y,896052080,2.9868402666666665
329,25,Y,894378120,2.9812604
1059,116,Y,893992848,2.9799761599999997
766,79,Y,892955552,2.976518506666667
763,79,Y,892205777,2.9740192566666668
349,27,Y,892076184,2.97358728
965,104,Y,891922104,2.97307368
964,104,Y,891207831,2.97069277
745,77,Y,890177944,2.967259813333333
174,5,Y,886871952,2.95623984
437,38,Y,885862376,2.952874586666667
185,7,Y,885361056,2.95120352
581,56,Y,885200912,2.9506697066666665
168,5,Y,885113280,2.9503776
1094,120,Y,884092840,2.9469761333333335
1060,116,Y,882484984,2.9416166133333332
974,105,Y,881631408,2.93877136
972,105,Y,879278992,2.9309299733333334
729,75,Y,878877760,2.9295925333333335
321,24,Y,877976504,2.9265883466666667
1089,120,Y,876573872,2.9219129066666665
735,75,Y,875524504,2.918415013333333
474,43,Y,874885864,2.916286213333333
970,105,Y,874457392,2.914857973333333
732,75,Y,873799944,2.91266648
690,70,Y,873347256,2.91115752
478,43,Y,873066688,2.9102222933333333
506,47,Y,865851920,2.8861730666666663
641,64,Y,865065936,2.88355312
730,75,Y,864500440,2.881668133333333
260,16,Y,863339864,2.8777995466666666
54,114,N,862102408,2.8736746933333333
294,20,Y,861960336,2.87320112
750,77,Y,859780840,2.8659361333333333
1076,118,Y,859762920,2.8658764
257,16,Y,859473512,2.8649117066666667
1037,113,Y,859116928,2.8637230933333333
1106,122,Y,856376208,2.85458736
24,44,N,856134320,2.8537810666666665
328,25,Y,850821784,2.836072613333333
188,7,Y,850313920,2.8343797333333334
593,58,Y,850152096,2.83384032
709,72,Y,849173832,2.83057944
400,34,Y,847178319,2.82392773
1024,112,Y,846488252,2.8216275066666667
376,31,Y,846145568,2.820485226666667
310,22,Y,845828413,2.819428043333333
201,9,Y,845206928,2.8173564266666666
348,27,Y,845165904,2.81721968
875,93,Y,844820699,2.8160689966666665
341,26,Y,844103280,2.8136775999999997
1061,116,Y,843761992,2.812539973333333
1028,112,Y,842734664,2.809115546666667
975,105,Y,839167288,2.797224293333333
1021,111,Y,837653008,2.7921766933333334
1116,123,Y,837524808,2.79174936
973,105,Y,836741504,2.7891383466666664
200,9,Y,836338664,2.7877955466666666
110,114,N,835285768,2.784285893333333
358,28,Y,835058232,2.78352744
397,33,Y,834786360,2.7826212
393,33,Y,834537144,2.78179048
936,101,Y,834494240,2.7816474666666666
1011,110,Y,832896864,2.77632288
169,5,Y,830032256,2.766774186666667
744,77,Y,829877744,2.7662591466666666
717,73,Y,828439664,2.7614655466666664
694,70,Y,827821040,2.7594034666666665
401,34,Y,827294576,2.757648586666667
177,6,Y,824524632,2.74841544
115,1051,Y,824517696,2.7483923199999998
576,56,Y,823527128,2.7450904266666667
816,86,Y,823094912,2.7436497066666665
645,64,Y,822204200,2.7406806666666665
543,51,Y,819891544,2.732971813333333
84,41,N,817830346,2.7261011533333335
699,71,Y,817595832,2.72531944
825,87,Y,817485768,2.72495256
510,47,Y,817244928,2.72414976
695,70,Y,817045704,2.72348568
429,37,Y,816978440,2.7232614666666666
696,71,Y,815665664,2.7188855466666664
743,76,Y,814988176,2.7166272533333333
103,954,Y,814912736,2.7163757866666667
388,32,Y,814066136,2.7135537866666666
78,114,N,813363096,2.71121032
236,13,Y,813087856,2.7102928533333333
894,95,Y,812899248,2.70966416
751,77,Y,812510168,2.7083672266666667
691,70,Y,812190960,2.7073032
830,87,Y,812026936,2.7067564533333335
697,71,Y,809202120,2.6973404
150,2,Y,809100280,2.6970009333333334
588,57,Y,808788480,2.6959616
448,40,Y,807887016,2.69295672
95,889,Y,807190888,2.690636293333333
567,54,Y,805483904,2.684946346666667
1010,110,Y,803891597,2.6796386566666666
678,68,Y,802085352,2.67361784
415,35,Y,801501680,2.671672266666667
281,19,Y,801358472,2.671194906666667
740,76,Y,801336592,2.6711219733333333
350,27,Y,798959584,2.6631986133333334
701,71,Y,797373320,2.6579110666666668
969,105,Y,794152104,2.64717368
238,13,Y,792884195,2.6429473166666666
700,71,Y,792547272,2.64182424
1079,118,Y,789768863,2.632562876666667
1090,120,Y,788803840,2.6293461333333332
1036,113,Y,787206576,2.62402192
357,28,Y,786857368,2.6228578933333333
1119,123,Y,786313792,2.6210459733333336
149,2,Y,785932944,2.61977648
1072,118,Y,785660931,2.61886977
171,5,Y,784314792,2.61438264
599,58,Y,781618080,2.6053936
966,104,Y,778353384,2.59451128
582,56,Y,778041328,2.5934710933333336
634,63,Y,777008232,2.59002744
738,76,Y,776612336,2.588707786666667
828,87,Y,776188312,2.5872943733333336
607,59,Y,776118328,2.5870610933333333
206,9,Y,776080744,2.586935813333333
723,74,Y,772153790,2.5738459666666667
378,31,Y,770261808,2.56753936
733,75,Y,769364048,2.5645468266666667
577,56,Y,769097032,2.5636567733333333
412,35,Y,767808152,2.5593605066666667
580,56,Y,766770192,2.55590064
233,13,Y,766556464,2.555188213333333
36,116,N,766321736,2.554405786666667
689,70,Y,766312192,2.5543739733333335
239,13,Y,765406184,2.5513539466666666
191,7,Y,764792344,2.5493078133333333
1105,122,Y,762909136,2.5430304533333334
1007,109,Y,762897440,2.542991466666667
56,581,Y,760803456,2.53601152
767,79,Y,760725152,2.5357505066666666
1091,120,Y,760417088,2.5347236266666666
235,13,Y,759197512,2.530658373333333
297,21,Y,757176384,2.52392128
776,81,Y,756355096,2.5211836533333334
879,93,Y,756110016,2.52036672
432,38,Y,755422344,2.51807448
232,13,Y,753009424,2.5100314133333335
578,56,Y,752756936,2.5091897866666666
548,52,Y,752122928,2.5070764266666665
715,73,Y,749908928,2.4996964266666666
781,81,Y,749899296,2.49966432
829,87,Y,746021760,2.4867391999999997
347,27,Y,742801464,2.47600488
430,37,Y,742720008,2.47573336
69,44,N,742079584,2.4735986133333334
390,32,Y,742051904,2.4735063466666665
686,69,Y,741371472,2.47123824
798,83,Y,741182896,2.4706096533333333
403,34,Y,740268864,2.46756288
552,53,Y,738627344,2.4620911466666664
1078,118,Y,736617680,2.4553922666666663
721,74,Y,731774976,2.43924992
1014,110,Y,729571696,2.4319056533333336
874,93,Y,729527912,2.4317597066666665
921,99,Y,728255496,2.4275183200000003
413,35,Y,725437032,2.41812344
502,46,Y,724943640,2.4164788
324,24,Y,724404024,2.41468008
917,98,Y,722251080,2.4075036
435,38,Y,721682064,2.40560688
443,39,Y,721341328,2.4044710933333335
646,64,Y,721164344,2.4038811466666665
241,14,Y,720851464,2.4028382133333337
373,30,Y,719285536,2.397618453333333
11,223,Y,718125688,2.3937522933333333
739,76,Y,717885184,2.3929506133333334
119,1080,Y,717332376,2.39110792
424,37,Y,716731488,2.38910496
742,76,Y,716280272,2.3876009066666666
807,84,Y,716078688,2.38692896
806,84,Y,715730928,2.38576976
940,101,Y,715271280,2.3842375999999996
262,16,Y,714243688,2.3808122933333333
298,21,Y,713456872,2.378189573333333
553,53,Y,712799656,2.375998853333333
19,287,Y,712780224,2.37593408
758,78,Y,711163032,2.37054344
385,32,Y,710954048,2.369846826666667
309,22,Y,709885496,2.3662849866666664
173,5,Y,709695664,2.3656522133333335
100,935,Y,709370192,2.364567306666667
777,81,Y,705092520,2.3503084
941,101,Y,704928984,2.3497632800000003
762,79,Y,702661333,2.3422044433333333
1093,120,Y,700644360,2.3354812
759,78,Y,698948008,2.329826693333333
304,22,Y,697589032,2.3252967733333336
584,57,Y,697502408,2.3250080266666666
108,992,Y,697041704,2.3234723466666667
391,32,Y,696427880,2.3214262666666667
410,35,Y,696265496,2.3208849866666665
595,58,Y,695564600,2.3185486666666666
80,770,Y,694124600,2.3137486666666667
477,43,Y,693840568,2.3128018933333334
1015,110,Y,693335344,2.3111178133333334
719,73,Y,691619528,2.3053984266666667
827,87,Y,689512160,2.2983738666666667
1062,116,Y,688818344,2.2960611466666667
683,69,Y,688509000,2.29503
386,32,Y,687964344,2.2932144799999996
927,99,Y,687944048,2.293146826666667
256,16,Y,687341128,2.2911370933333335
285,19,Y,684058968,2.2801965600000003
702,71,Y,682634392,2.2754479733333333
661,66,Y,681504047,2.2716801566666667
456,41,Y,680684920,2.2689497333333333
856,91,Y,679751952,2.26583984
406,34,Y,678992304,2.26330768
94,122,N,677618384,2.2587279466666663
726,74,Y,677531896,2.2584396533333333
151,2,Y,677223376,2.2574112533333333
389,32,Y,676529872,2.255099573333333
602,59,Y,674207448,2.24735816
259,16,Y,674064248,2.2468808266666667
371,30,Y,674015152,2.2467171733333333
782,81,Y,672976072,2.2432535733333334
449,40,Y,670396864,2.2346562133333334
319,23,Y,670172904,2.23390968
244,14,Y,668273520,2.2275784
878,93,Y,667895920,2.2263197333333333
1006,109,Y,667021968,2.22340656
318,23,Y,666358120,2.2211937333333336
617,61,Y,665896952,2.2196565066666665
1013,110,Y,665219248,2.2173974933333334
1035,113,Y,664522048,2.215073493333333
1074,118,Y,664323408,2.21441136
741,76,Y,664003744,2.213345813333333
327,24,Y,663361960,2.2112065333333333
1112,123,Y,662544688,2.2084822933333337
648,65,Y,661206072,2.20402024
447,39,Y,659330765,2.1977692166666665
714,73,Y,658678576,2.1955952533333334
547,52,Y,657557232,2.19185744
939,101,Y,656759568,2.18919856
29,363,Y,656534144,2.1884471466666664
325,24,Y,656002912,2.1866763733333334
1047,114,Y,655375896,2.1845863199999997
621,61,Y,654714608,2.1823820266666667
618,61,Y,652197760,2.173992533333333
748,77,Y,648007696,2.1600256533333333
937,101,Y,647604600,2.1586819999999998
442,39,Y,647076176,2.1569205866666668
62,625,Y,646135064,2.1537835466666664
446,39,Y,640883392,2.1362779733333332
1004,109,Y,640752120,2.1358404
90,855,Y,640747992,2.13582664
108,995,Y,640171856,2.1339061866666666
799,83,Y,638306176,2.1276872533333333
662,66,Y,638159264,2.1271975466666664
596,58,Y,637633472,2.1254449066666665
472,43,Y,637089048,2.12363016
145,2,Y,635320376,2.1177345866666664
445,39,Y,634945512,2.11648504
938,101,Y,633433552,2.1114451733333333
967,104,Y,631490808,2.1049693599999997
712,73,Y,631440504,2.10480168
682,69,Y,631389863,2.104632876666667
1150,127,Y,630071128,2.1002370933333334
656,66,Y,629764600,2.0992153333333334
314,23,Y,627073360,2.0902445333333333
592,58,Y,624342840,2.0811428
58,99,N,622729320,2.0757643999999997
170,5,Y,621241792,2.070805973333333
311,22,Y,620799472,2.0693315733333333
1,143,Y,619039232,2.063464106666667
500,46,Y,618452200,2.0615073333333336
316,23,Y,616348152,2.05449384
428,37,Y,616092736,2.0536424533333335
370,30,Y,615720368,2.0524012266666665
280,19,Y,614374424,2.0479147466666667
70,690,Y,614348704,2.0478290133333332
108,997,Y,614016616,2.0467220533333332
544,52,Y,613683024,2.0456100800000003
498,46,Y,612305400,2.041018
322,24,Y,612247016,2.0408233866666667
436,38,Y,611395584,2.03798528
45,488,Y,610709256,2.03569752
114,54,N,610236992,2.0341233066666664
912,98,Y,610082096,2.033606986666667
877,93,Y,608317304,2.0277243466666666
312,23,Y,608120424,2.02706808
27,345,Y,607465272,2.02488424
11,221,Y,607449064,2.0248302133333334
1002,109,Y,607250720,2.0241690666666665
374,30,Y,605923600,2.0197453333333333
1145,127,Y,605071968,2.0169065600000002
680,69,Y,603953928,2.01317976
505,47,Y,603803432,2.0126781066666664
76,742,Y,603439048,2.0114634933333333
301,21,Y,602527792,2.008425973333333
440,39,Y,601960016,2.006533386666667
665,67,Y,601834800,2.006116
914,98,Y,599982056,1.9999401866666666
797,83,Y,599468008,1.9982266933333332
479,43,Y,598546536,1.9951551200000002
97,906,Y,598195840,1.9939861333333333
384,32,Y,596540090,1.9884669666666668
594,58,Y,596238200,1.9874606666666665
685,69,Y,593888248,1.9796274933333333
1020,111,Y,592008968,1.9733632266666665
873,93,Y,591871216,1.9729040533333333
943,101,Y,591775536,1.9725851199999997
261,16,Y,591092768,1.9703092266666666
326,24,Y,590425760,1.9680858666666665
499,46,Y,589270480,1.9642349333333333
52,549,Y,588492784,1.9616426133333333
1044,114,Y,588343024,1.9611434133333334
27,348,Y,588219720,1.9607324
287,19,Y,587051200,1.9568373333333333
802,84,Y,586351616,1.9545053866666666
1022,111,Y,586239800,1.9541326666666667
1009,110,Y,585270976,1.9509032533333335
918,98,Y,584723544,1.94907848
598,58,Y,584667256,1.9488908533333336
684,69,Y,584510488,1.9483682933333333
589,57,Y,583533216,1.9451107200000002
880,94,Y,583235008,1.9441166933333334
1033,113,Y,581807504,1.9393583466666666
307,22,Y,581467408,1.9382246933333334
780,81,Y,581282440,1.9376081333333333
93,873,Y,580654576,1.9355152533333333
108,999,Y,579780488,1.9326016266666666
323,24,Y,579110640,1.9303687999999999
431,37,Y,578341824,1.92780608
587,57,Y,578125464,1.92708488
1003,109,Y,577326968,1.9244232266666668
885,94,Y,576162912,1.92054304
284,19,Y,574931584,1.9164386133333333
454,40,Y,574867344,1.91622448
650,65,Y,570941472,1.90313824
63,636,Y,569457040,1.8981901333333333
263,16,Y,568619488,1.895398293333333
1057,116,Y,568058424,1.8935280799999998
566,54,Y,567168256,1.8905608533333333
24,322,Y,565598648,1.8853288266666668
92,868,Y,563172392,1.8772413066666667
1046,114,Y,561574448,1.8719148266666665
681,69,Y,561310728,1.87103576
805,84,Y,559591592,1.8653053066666667
711,72,Y,559011712,1.8633723733333334
475,43,Y,558459936,1.8615331200000003
482,44,Y,556324744,1.8544158133333333
473,43,Y,556206632,1.8540221066666667
92,870,Y,556077824,1.8535927466666668
52,551,Y,555071672,1.8502389066666667
913,98,Y,554814472,1.8493815733333332
603,59,Y,554009200,1.8466973333333334
126,1138,Y,553382352,1.8446078399999999
724,74,Y,552545352,1.8418178399999998
1000,109,Y,552399632,1.8413321066666666
29,366,Y,552143928,1.8404797600000002
80,775,Y,550959544,1.8365318133333333
669,67,Y,548114936,1.8270497866666666
330,25,Y,546969760,1.8232325333333335
604,59,Y,546639256,1.8221308533333334
114,1044,Y,546089624,1.8202987466666667
15,249,Y,544316360,1.8143878666666664
657,66,Y,543775480,1.8125849333333333
725,74,Y,543381896,1.8112729866666666
29,365,Y,543116992,1.8103899733333335
704,72,Y,541639496,1.8054649866666668
779,81,Y,541165704,1.8038856799999998
77,750,Y,539664856,1.7988828533333334
1144,127,Y,539587528,1.7986250933333332
585,57,Y,539151256,1.7971708533333333
65,653,Y,537057976,1.7901932533333336
476,43,Y,535097128,1.7836570933333333
497,46,Y,534726080,1.7824202666666666
692,70,Y,533904440,1.7796814666666667
85,813,Y,533415965,1.7780532166666667
76,738,Y,533237792,1.7774593066666666
107,988,Y,532859224,1.7761974133333334
1034,113,Y,531938008,1.7731266933333334
282,19,Y,528535824,1.76178608
664,67,Y,527552736,1.75850912
51,536,Y,527343304,1.7578110133333336
4,166,Y,526098984,1.75366328
331,25,Y,525187088,1.7506236266666666
804,84,Y,524543096,1.7484769866666667
1111,122,Y,523390200,1.744634
106,980,Y,522389600,1.7412986666666668
922,99,Y,520125800,1.7337526666666665
52,548,Y,519772360,1.7325745333333333
247,14,Y,519206176,1.7306872533333333
666,67,Y,518657288,1.7288576266666669
915,98,Y,518086536,1.72695512
1017,111,Y,517352536,1.7245084533333332
89,842,Y,517018136,1.7233937866666666
1109,122,Y,513092384,1.7103079466666666
229,12,Y,512727248,1.7090908266666667
455,40,Y,512478704,1.7082623466666664
872,93,Y,510392952,1.70130984
591,57,Y,510025640,1.7000854666666665
755,78,Y,509702048,1.6990068266666665
29,360,Y,508940456,1.6964681866666669
1104,122,Y,508693512,1.69564504
283,19,Y,508640912,1.6954697066666666
1043,114,Y,508380088,1.6946002933333333
121,1101,Y,508134832,1.6937827733333335
14,245,Y,508034960,1.6934498666666666
562,54,Y,507556264,1.6918542133333332
606,59,Y,507085136,1.6902837866666667
3,54,N,505014720,1.6833824000000002
668,67,Y,504023984,1.6800799466666665
103,957,Y,503797408,1.6793246933333332
52,544,Y,502849048,1.6761634933333331
706,72,Y,502662608,1.6755420266666667
103,955,Y,502237568,1.6741252266666666
29,364,Y,500572664,1.6685755466666667
1005,109,Y,500411632,1.6680387733333333
107,990,Y,499979896,1.6665996533333334
115,1048,Y,496932288,1.65644096
4,160,Y,493172088,1.6439069600000003
108,994,Y,490420184,1.6347339466666666
68,674,Y,487809992,1.6260333066666668
687,69,Y,485453952,1.6181798399999998
81,782,Y,485319264,1.61773088
920,99,Y,481648976,1.6054965866666666
708,72,Y,481440928,1.6048030933333333
1151,127,Y,480626872,1.6020895733333331
485,44,Y,478564000,1.5952133333333334
286,19,Y,477256352,1.5908545066666668
114,1047,Y,475437816,1.58479272
720,74,Y,474970920,1.5832364
33,399,Y,473907240,1.5796907999999998
53,554,Y,472865576,1.5762185866666667
707,72,Y,472274192,1.5742473066666665
29,367,Y,470475152,1.5682505066666668
601,59,Y,469270208,1.5642340266666666
1063,116,Y,467924696,1.5597489866666667
333,25,Y,467329240,1.5577641333333332
49,527,Y,466997952,1.55665984
722,74,Y,466940944,1.5564698133333335
108,998,Y,466739336,1.5557977866666666
590,57,Y,465371336,1.5512377866666667
107,987,Y,464719392,1.54906464
101,941,Y,463846944,1.54615648
107,989,Y,463561968,1.54520656
4,167,Y,463412528,1.5447084266666666
85,809,Y,462351736,1.5411724533333333
1148,127,Y,457759984,1.5258666133333332
481,44,Y,457462952,1.5248765066666665
121,1100,Y,457349680,1.5244989333333334
52,546,Y,455299440,1.5176648
1146,127,Y,453174696,1.51058232
876,93,Y,452765720,1.5092190666666667
46,497,Y,452596136,1.5086537866666667
66,658,Y,452030200,1.5067673333333333
4,162,Y,451951872,1.50650624
48,514,Y,451714464,1.50571488
92,869,Y,451406656,1.5046888533333334
91,860,Y,451224584,1.5040819466666668
50,533,Y,450698312,1.5023277066666667
11,220,Y,446653528,1.4888450933333333
85,815,Y,446280768,1.48760256
727,74,Y,445640944,1.4854698133333333
99,926,Y,444229704,1.48076568
126,1140,Y,442016120,1.4733870666666666
752,78,Y,440916592,1.4697219733333333
315,23,Y,440866632,1.46955544
1041,114,Y,440691032,1.4689701066666667
97,905,Y,440664560,1.4688818666666668
1147,127,Y,439544232,1.46514744
10,213,Y,439255264,1.4641842133333332
107,991,Y,438919056,1.46306352
503,46,Y,438408360,1.4613612
103,956,Y,436867504,1.4562250133333332
671,67,Y,436469552,1.4548985066666666
103,958,Y,436313880,1.4543796
46,500,Y,435828984,1.45276328
107,985,Y,435778264,1.4525942133333334
126,1141,Y,435616320,1.4520544
127,1146,Y,435488312,1.4516277066666667
31,377,Y,435232080,1.4507736
230,12,Y,433640888,1.4454696266666667
91,863,Y,432909448,1.4430314933333335
753,78,Y,431576192,1.4385873066666668
1149,127,Y,430785968,1.4359532266666668
126,1137,Y,430249120,1.4341637333333335
109,1007,Y,429479608,1.4315986933333333
224,12,Y,429149016,1.4304967199999998
757,78,Y,428674600,1.4289153333333333
105,971,Y,428048480,1.4268282666666667
459,41,Y,425072704,1.4169090133333333
313,23,Y,424810096,1.4160336533333333
480,44,Y,423106464,1.41035488
82,788,Y,423048240,1.4101607999999999
10,214,Y,420852376,1.4028412533333332
9,204,Y,420531896,1.4017729866666666
17,271,Y,419522048,1.3984068266666667
92,864,Y,419111016,1.39703672
64,644,Y,418691624,1.3956387466666667
369,30,Y,417982064,1.3932735466666668
49,521,Y,417670048,1.3922334933333333
179,6,Y,417421488,1.39140496
118,1074,Y,417034208,1.3901140266666667
97,910,Y,415471032,1.38490344
11,217,Y,415324944,1.3844164799999998
120,1093,Y,414898096,1.3829936533333334
96,901,Y,414857560,1.3828585333333334
335,25,Y,413816392,1.3793879733333334
10,212,Y,413298888,1.3776629599999999
228,12,Y,413261200,1.3775373333333334
332,25,Y,413228800,1.3774293333333334
89,845,Y,412310672,1.3743689066666667
11,222,Y,412291544,1.3743051466666667
89,847,Y,411796040,1.3726534666666668
705,72,Y,409898688,1.36632896
17,267,Y,406319296,1.3543976533333333
18,275,Y,404076888,1.3469229600000001
178,6,Y,403395144,1.34465048
18,277,Y,403098736,1.3436624533333335
103,953,Y,402271368,1.34090456
126,1136,Y,398393800,1.3279793333333334
89,843,Y,398300808,1.32766936
15,255,Y,398192320,1.3273077333333332
49,520,Y,396770448,1.32256816
18,276,Y,396632904,1.32210968
103,959,Y,396257976,1.32085992
10,211,Y,395966536,1.3198884533333333
368,30,Y,393802024,1.3126734133333333
121,1103,Y,392996272,1.3099875733333333
659,66,Y,392887560,1.3096252
710,72,Y,392166968,1.3072232266666668
126,1142,Y,391637680,1.3054589333333333
561,54,Y,391552352,1.3051745066666667
1,140,Y,390881808,1.3029393599999999
605,59,Y,390441888,1.3014729600000001
17,265,Y,390001664,1.3000055466666667
121,1099,Y,389599656,1.2986655200000001
11,216,Y,389251136,1.2975037866666668
4,163,Y,388726888,1.2957562933333333
49,525,Y,388409712,1.29469904
107,986,Y,388364104,1.2945470133333332
92,866,Y,387907544,1.2930251466666667
564,54,Y,386967352,1.2898911733333334
317,23,Y,386963408,1.2898780266666667
463,41,Y,386618960,1.2887298666666667
64,643,Y,386472496,1.2882416533333334
105,972,Y,386113720,1.2870457333333334
20,291,Y,385790016,1.28596672
24,320,Y,385351200,1.284504
50,528,Y,385157488,1.2838582933333333
33,392,Y,384755304,1.28251768
82,787,Y,383839432,1.2794647733333333
89,844,Y,383601760,1.2786725333333333
113,1038,Y,383027800,1.2767593333333334
121,1096,Y,382735024,1.2757834133333332
11,218,Y,381016352,1.2700545066666666
120,1094,Y,380251784,1.2675059466666667
0,134,Y,378379880,1.2612662666666667
85,811,Y,377409928,1.2580330933333332
8,199,Y,377111304,1.25703768
81,776,Y,376819136,1.2560637866666666
736,76,Y,376716200,1.2557206666666665
101,942,Y,376662472,1.2555415733333333
227,12,Y,375535960,1.2517865333333333
115,1054,Y,373592920,1.2453097333333334
560,54,Y,372981010,1.2432700333333333
52,550,Y,372435258,1.24145086
183,6,Y,371980560,1.2399352000000001
563,54,Y,371977216,1.2399240533333333
79,761,Y,371833616,1.2394453866666666
81,781,Y,371610456,1.23870152
110,1012,Y,370793784,1.23597928
83,795,Y,370217048,1.2340568266666665
89,840,Y,369447648,1.2314921600000002
1,137,Y,369443744,1.2314791466666668
82,785,Y,369307208,1.2310240266666665
67,666,Y,369297240,1.2309908
92,867,Y,369239032,1.2307967733333334
107,984,Y,368879920,1.2295997333333333
457,41,Y,368373992,1.2279133066666665
77,744,Y,366620320,1.2220677333333334
33,395,Y,366341776,1.2211392533333334
95,888,Y,365946240,1.2198208
18,274,Y,364858152,1.21619384
18,279,Y,364055800,1.2135193333333334
96,900,Y,362866000,1.2095533333333333
48,516,Y,362725432,1.2090847733333334
667,67,Y,362563512,1.20854504
48,518,Y,362150216,1.2071673866666668
10,210,Y,362076144,1.20692048
231,12,Y,361066584,1.20355528
38,438,Y,361066288,1.2035542933333334
32,390,Y,360461568,1.20153856
97,908,Y,359939032,1.1997967733333332
181,6,Y,359646712,1.1988223733333332
38,434,Y,359209415,1.1973647166666668
1045,114,Y,358555184,1.1951839466666665
42,465,Y,357122664,1.1904088800000001
801,84,Y,357101864,1.1903395466666666
34,401,Y,355350112,1.1845003733333332
115,1053,Y,355251720,1.1841724
45,491,Y,354413880,1.1813795999999999
95,892,Y,353381560,1.1779385333333332
38,433,Y,353185624,1.1772854133333333
4,164,Y,353050616,1.1768353866666665
88,837,Y,352217304,1.17405768
501,46,Y,352215560,1.1740518666666666
62,626,Y,352028704,1.1734290133333334
80,771,Y,351115752,1.17038584
50,532,Y,350549056,1.1684968533333333
97,909,Y,349581128,1.1652704266666667
108,996,Y,349367576,1.1645585866666668
97,904,Y,347335656,1.15778552
36,419,Y,346114264,1.1537142133333333
88,836,Y,345670600,1.1522353333333335
119,1087,Y,345352072,1.1511735733333333
8,194,Y,345125048,1.1504168266666666
1108,122,Y,345007472,1.1500249066666666
52,545,Y,344927808,1.14975936
4,161,Y,344715088,1.1490502933333333
95,895,Y,343526304,1.14508768
600,59,Y,343137320,1.1437910666666666
17,264,Y,343118392,1.1437279733333332
483,44,Y,342885264,1.14295088
33,393,Y,342852344,1.1428411466666666
8,195,Y,342779880,1.1425996
121,1098,Y,341831768,1.1394392266666666
1107,122,Y,341436568,1.1381218933333332
1110,122,Y,340716664,1.1357222133333333
17,270,Y,340611112,1.1353703733333333
565,54,Y,340425456,1.13475152
10,209,Y,340312216,1.1343740533333333
1,139,Y,340191368,1.1339712266666666
16,259,Y,340011920,1.1333730666666666
91,862,Y,339860024,1.1328667466666666
13,236,Y,338805088,1.1293502933333333
118,1073,Y,338620704,1.1287356800000001
803,84,Y,336797024,1.1226567466666666
80,772,Y,336317176,1.1210572533333332
82,790,Y,336128816,1.1204293866666666
64,647,Y,335612648,1.1187088266666667
461,41,Y,335420448,1.11806816
77,746,Y,335417480,1.1180582666666665
29,361,Y,335320200,1.117734
62,630,Y,334542440,1.1151414666666666
96,903,Y,334445520,1.1148184
883,94,Y,334181096,1.1139369866666666
13,239,Y,333429656,1.1114321866666668
17,269,Y,333373984,1.1112466133333334
76,743,Y,332654368,1.1088478933333332
1,136,Y,332275720,1.1075857333333332
2,150,Y,332054488,1.1068482933333335
17,268,Y,331253344,1.1041778133333333
93,875,Y,330555440,1.1018514666666666
81,780,Y,329950928,1.0998364266666667
487,44,Y,329905552,1.0996851733333333
372,30,Y,329663568,1.09887856
80,773,Y,328844667,1.09614889
117,1069,Y,327782168,1.0926072266666667
660,66,Y,327086016,1.09028672
65,654,Y,326765488,1.0892182933333332
115,1055,Y,326598888,1.08866296
50,531,Y,325628024,1.0854267466666667
89,841,Y,325517208,1.08505736
84,800,Y,325286320,1.0842877333333334
47,509,Y,324848224,1.0828274133333333
18,272,Y,324487760,1.0816258666666667
106,977,Y,324357792,1.08119264
15,254,Y,324250344,1.08083448
96,902,Y,323973088,1.0799102933333333
97,907,Y,323028824,1.0767627466666667
50,534,Y,322781112,1.07593704
1042,114,Y,322620832,1.0754027733333333
86,817,Y,322252304,1.0741743466666667
117,1070,Y,322106200,1.0736873333333334
85,810,Y,321804224,1.0726807466666666
57,584,Y,321313248,1.07104416
20,295,Y,321209032,1.0706967733333332
76,741,Y,320819520,1.0693984
49,522,Y,320658480,1.0688616
61,619,Y,320456536,1.0681884533333332
74,724,Y,320442816,1.06814272
226,12,Y,320434616,1.0681153866666666
91,858,Y,319654880,1.0655162666666667
82,789,Y,319333184,1.0644439466666666
10,208,Y,319042520,1.0634750666666666
45,492,Y,318587208,1.0619573599999999
25,328,Y,318180280,1.0606009333333333
117,1068,Y,317958688,1.0598622933333333
96,898,Y,317695080,1.0589836
115,1052,Y,317498576,1.0583285866666667
21,302,Y,316887296,1.0562909866666665
119,1083,Y,316825736,1.0560857866666666
887,94,Y,316583776,1.0552792533333335
670,67,Y,316049728,1.0534990933333332
98,918,Y,315645352,1.0521511733333333
38,439,Y,315087112,1.0502903733333333
20,294,Y,314856208,1.0495206933333332
41,460,Y,314434952,1.0481165066666667
70,688,Y,314113080,1.0470435999999999
62,624,Y,314047256,1.0468241866666668
6,180,Y,313741304,1.0458043466666667
117,1066,Y,313509584,1.0450319466666667
64,640,Y,312495232,1.0416507733333333
24,323,Y,312445552,1.0414851733333332
98,913,Y,311892368,1.0396412266666666
9,207,Y,311703136,1.0390104533333333
119,1084,Y,311679520,1.0389317333333334
110,1008,Y,311348880,1.0378296
47,507,Y,310750232,1.0358341066666668
48,517,Y,310647520,1.0354917333333333
32,389,Y,310443968,1.0348132266666668
182,6,Y,309893536,1.0329784533333335
104,962,Y,309705016,1.0323500533333334
45,490,Y,309560664,1.03186888
115,1049,Y,308762584,1.0292086133333334
658,66,Y,308586608,1.0286220266666666
117,1071,Y,307664640,1.0255488
8,198,Y,306711984,1.02237328
120,1092,Y,306034408,1.0201146933333334
106,978,Y,305796320,1.0193210666666668
85,814,Y,305152864,1.0171762133333333
90,848,Y,304677440,1.0155914666666666
33,396,Y,304473912,1.01491304
61,616,Y,304106032,1.0136867733333335
120,1088,Y,304055728,1.0135190933333333
100,932,Y,303724016,1.0124133866666667
78,752,Y,303667968,1.01222656
126,1139,Y,303311992,1.0110399733333335
100,928,Y,302970368,1.0099012266666667
50,530,Y,302908336,1.0096944533333334
97,911,Y,302841704,1.0094723466666666
90,854,Y,302730808,1.0091026933333334
1040,114,Y,302478352,1.0082611733333333
70,693,Y,302380456,1.0079348533333332
48,513,Y,301783680,1.0059456
91,861,Y,301757744,1.0058591466666666
120,1091,Y,301668688,1.0055622933333332
109,1003,Y,301427680,1.0047589333333333
886,94,Y,299534048,0.9984468266666666
80,769,Y,299253840,0.9975128
117,1065,Y,299185920,0.9972864
109,1004,Y,297920440,0.9930681333333333
111,1019,Y,297824424,0.9927480799999999
65,652,Y,297380904,0.99126968
96,899,Y,296940288,0.9898009600000001
60,609,Y,296696952,0.9889898399999999
1,142,Y,295502904,0.9850096799999999
83,794,Y,294988176,0.9832939199999999
118,1077,Y,294948840,0.9831628
119,1085,Y,293925888,0.97975296
85,808,Y,293905392,0.97968464
34,402,Y,293199304,0.9773310133333333
65,648,Y,292976584,0.9765886133333334
20,292,Y,292856968,0.9761898933333334
86,821,Y,292212184,0.9740406133333334
24,321,Y,292159208,0.9738640266666666
100,929,Y,292153640,0.9738454666666667
36,418,Y,289430904,0.96476968
71,697,Y,289334880,0.9644496
117,1067,Y,289056560,0.9635218666666667
37,427,Y,288944600,0.9631486666666667
24,325,Y,288925288,0.9630842933333333
39,440,Y,288782640,0.9626087999999999
119,1082,Y,288385792,0.9612859733333333
123,1116,Y,287652528,0.95884176
79,764,Y,287439904,0.9581330133333333
73,717,Y,286975704,0.95658568
22,306,Y,286935392,0.9564513066666667
36,417,Y,286766760,0.9558891999999999
15,251,Y,284639264,0.9487975466666666
126,1143,Y,284560032,0.94853344
8,193,Y,284274808,0.9475826933333333
75,733,Y,283593048,0.94531016
65,655,Y,282246008,0.9408200266666666
47,508,Y,281986535,0.9399551166666668
0,130,Y,281919536,0.9397317866666666
79,767,Y,281480760,0.9382692
53,555,Y,281227784,0.9374259466666667
50,535,Y,280946808,0.93648936
15,252,Y,280894280,0.9363142666666666
33,394,Y,280440120,0.9348004
40,448,Y,280290080,0.9343002666666665
105,975,Y,280080856,0.9336028533333334
42,471,Y,279700840,0.9323361333333333
76,737,Y,279569650,0.9318988333333333
62,629,Y,279480416,0.9316013866666667
91,859,Y,279357112,0.9311903733333333
79,760,Y,279018632,0.9300621066666668
24,327,Y,278913760,0.9297125333333333
110,1011,Y,278689264,0.9289642133333333
800,84,Y,278572912,0.9285763733333334
80,774,Y,278048760,0.9268291999999999
63,632,Y,277663416,0.9255447199999999
63,635,Y,277445920,0.9248197333333332
85,812,Y,277062448,0.9235414933333334
462,41,Y,276868944,0.9228964799999999
27,344,Y,276589712,0.9219657066666667
50,529,Y,275721744,0.91907248
27,346,Y,275609872,0.9186995733333333
0,131,Y,275275736,0.9175857866666667
109,1002,Y,274954768,0.9165158933333334
95,891,Y,274803592,0.9160119733333333
91,856,Y,274583888,0.9152796266666667
180,6,Y,274351370,0.9145045666666667
9,201,Y,274304568,0.9143485599999999
46,499,Y,273474880,0.9115829333333334
48,515,Y,273203448,0.91067816
60,615,Y,273150104,0.9105003466666668
42,466,Y,272869072,0.9095635733333333
47,504,Y,272741256,0.9091375199999999
74,726,Y,272269928,0.9075664266666666
882,94,Y,271676536,0.9055884533333333
113,1036,Y,271293336,0.90431112
69,685,Y,270736000,0.9024533333333332
33,397,Y,270195992,0.9006533066666665
90,853,Y,269688704,0.8989623466666667
59,602,Y,269414808,0.89804936
93,879,Y,268820384,0.8960679466666667
102,946,Y,268763568,0.89587856
82,791,Y,268744736,0.8958157866666667
46,498,Y,268523240,0.8950774666666667
96,897,Y,268473760,0.8949125333333333
82,786,Y,268388381,0.8946279366666667
105,968,Y,268183992,0.89394664
7,185,Y,267899800,0.8929993333333334
63,638,Y,267748296,0.8924943200000001
4,165,Y,267742040,0.8924734666666666
90,851,Y,267118280,0.8903942666666667
21,298,Y,267107832,0.8903594399999999
55,570,Y,265984056,0.88661352
88,833,Y,265654912,0.8855163733333332
60,613,Y,264902000,0.8830066666666667
63,639,Y,263628984,0.87876328
68,672,Y,263435064,0.8781168799999999
31,380,Y,263180224,0.8772674133333334
71,698,Y,263106496,0.8770216533333333
117,1064,Y,262997568,0.87665856
23,316,Y,262505520,0.8750184
28,356,Y,262159952,0.8738665066666667
87,826,Y,261818136,0.87272712
57,588,Y,261776752,0.8725891733333333
13,235,Y,261550280,0.8718342666666666
44,485,Y,261537496,0.8717916533333333
176,6,Y,261402400,0.8713413333333333
93,874,Y,261401088,0.8713369599999999
67,669,Y,261109536,0.8703651200000001
31,376,Y,260973280,0.8699109333333334
23,319,Y,260680824,0.86893608
37,425,Y,260404656,0.8680155199999999
30,374,Y,260243296,0.8674776533333333
53,556,Y,259726104,0.8657536800000001
77,751,Y,259561056,0.86520352
119,1081,Y,259446040,0.8648201333333333
83,796,Y,258823072,0.8627435733333333
31,381,Y,258750416,0.8625013866666666
77,749,Y,258747704,0.8624923466666666
123,1114,Y,258728264,0.8624275466666667
95,890,Y,258542368,0.8618078933333334
73,713,Y,258321016,0.8610700533333333
75,729,Y,258317776,0.8610592533333332
88,832,Y,257825160,0.8594172000000001
34,406,Y,257719280,0.8590642666666667
57,589,Y,257638984,0.8587966133333333
46,496,Y,257412640,0.8580421333333332
102,948,Y,257027232,0.85675744
9,200,Y,256299400,0.8543313333333333
121,1102,Y,256179008,0.8539300266666666
1,141,Y,255798592,0.8526619733333334
8,192,Y,255758472,0.85252824
42,470,Y,254762104,0.8492070133333333
105,969,Y,254753472,0.84917824
104,964,Y,253635976,0.8454532533333333
109,1006,Y,253389904,0.8446330133333334
62,628,Y,253297256,0.8443241866666666
112,1028,Y,252591576,0.84197192
42,467,Y,252588600,0.8419619999999999
106,982,Y,252551424,0.84183808
18,273,Y,252283720,0.8409457333333333
8,196,Y,251984424,0.83994808
102,951,Y,251913752,0.8397125066666667
81,779,Y,251851328,0.8395044266666667
38,437,Y,251744520,0.8391483999999999
16,258,Y,251533568,0.8384452266666667
33,398,Y,251465096,0.8382169866666668
39,444,Y,251130712,0.8371023733333334
38,435,Y,251099128,0.8369970933333334
28,359,Y,251081720,0.8369390666666667
88,839,Y,250797632,0.8359921066666667
3,154,Y,250465464,0.8348848799999999
5,174,Y,249507536,0.8316917866666668
52,547,Y,249381400,0.8312713333333333
27,347,Y,249312496,0.8310416533333334
2,146,Y,248913696,0.82971232
30,368,Y,248897024,0.8296567466666667
100,931,Y,248392544,0.8279751466666667
98,917,Y,248031280,0.8267709333333333
99,924,Y,246792384,0.8226412799999999
42,469,Y,246537624,0.82179208
100,930,Y,245970536,0.8199017866666667
24,326,Y,245915272,0.8197175733333333
79,762,Y,245869576,0.8195652533333333
78,756,Y,245021472,0.81673824
72,704,Y,244877144,0.8162571466666667
3,153,Y,244596368,0.8153212266666666
48,512,Y,244415632,0.8147187733333333
884,94,Y,244192728,0.81397576
56,583,Y,244045816,0.8134860533333333
38,432,Y,243701744,0.8123391466666666
56,580,Y,243176272,0.8105875733333333
87,829,Y,243070160,0.8102338666666666
113,1037,Y,242671768,0.8089058933333334
28,352,Y,242301344,0.8076711466666667
486,44,Y,241716616,0.8057220533333332
3,158,Y,240463672,0.8015455733333333
32,391,Y,239983688,0.7999456266666667
0,132,Y,239468240,0.7982274666666668
27,351,Y,239429600,0.7980986666666667
82,784,Y,239347400,0.7978246666666666
90,850,Y,239292568,0.7976418933333334
118,1076,Y,239210512,0.7973683733333334
15,248,Y,238942368,0.7964745599999999
118,1075,Y,238825928,0.7960864266666666
5,175,Y,238736656,0.7957888533333334
17,266,Y,238667928,0.79555976
104,966,Y,238216720,0.7940557333333333
70,691,Y,237534400,0.7917813333333334
10,215,Y,237485104,0.7916170133333335
104,960,Y,237000608,0.7900020266666666
119,1086,Y,236642432,0.7888081066666667
58,592,Y,236439864,0.78813288
15,250,Y,236236120,0.7874537333333333
56,579,Y,236092120,0.7869737333333333
9,206,Y,235901856,0.78633952
113,1035,Y,235758792,0.7858626400000001
62,627,Y,235100856,0.78366952
73,712,Y,234955816,0.7831860533333334
89,846,Y,234683456,0.7822781866666666
36,416,Y,234214760,0.7807158666666667
22,307,Y,234158848,0.7805294933333333
49,526,Y,234131608,0.7804386933333334
34,405,Y,233642928,0.77880976
115,1050,Y,232408040,0.7746934666666667
484,44,Y,231828040,0.7727601333333334
106,983,Y,231779032,0.7725967733333333
20,289,Y,231655488,0.7721849599999999
102,947,Y,231489064,0.7716302133333334
77,745,Y,231140384,0.7704679466666667
3,156,Y,230992096,0.7699736533333333
91,857,Y,230849416,0.7694980533333333
118,1078,Y,230840632,0.7694687733333334
71,699,Y,230682424,0.7689414133333333
68,675,Y,230659640,0.7688654666666667
120,1090,Y,230644440,0.7688148
30,375,Y,230611568,0.7687052266666666
86,818,Y,230561288,0.7685376266666667
101,936,Y,230511200,0.7683706666666666
111,1021,Y,230419096,0.7680636533333334
105,970,Y,230045728,0.7668190933333333
83,799,Y,229774024,0.7659134133333334
61,623,Y,229734368,0.7657812266666667
26,337,Y,229223112,0.76407704
121,1097,Y,229152792,0.76384264
23,318,Y,228876056,0.7629201866666667
60,614,Y,228615344,0.7620511466666667
98,914,Y,228555568,0.7618518933333334
100,934,Y,228226848,0.76075616
113,1033,Y,227874688,0.7595822933333334
111,1023,Y,227322248,0.7577408266666666
22,304,Y,227109088,0.7570302933333334
123,1117,Y,227058360,0.7568612
61,620,Y,226842752,0.7561425066666667
75,732,Y,226815264,0.75605088
13,234,Y,226395608,0.7546520266666666
55,568,Y,225807696,0.75269232
38,436,Y,225796592,0.7526553066666667
120,1089,Y,225729560,0.7524318666666666
19,285,Y,225591502,0.7519716733333334
48,519,Y,225449448,0.75149816
65,649,Y,225385608,0.75128536
71,700,Y,224592808,0.7486426933333333
73,718,Y,224389408,0.7479646933333334
86,823,Y,224322048,0.74774016
61,622,Y,223963424,0.7465447466666666
23,317,Y,223951608,0.74650536
105,974,Y,223862512,0.7462083733333333
76,739,Y,223623384,0.74541128
8,197,Y,223295088,0.7443169599999999
42,468,Y,223210080,0.7440336
70,695,Y,223130160,0.7437672000000001
110,1014,Y,222974776,0.7432492533333332
70,689,Y,222456376,0.7415212533333333
125,1133,Y,222382328,0.7412744266666667
73,714,Y,222312168,0.7410405600000001
26,342,Y,222267648,0.74089216
36,423,Y,221246984,0.7374899466666667
71,702,Y,221223240,0.7374108
60,610,Y,220792832,0.7359761066666667
1,138,Y,220579848,0.73526616
58,595,Y,220320128,0.7344004266666666
74,723,Y,220078928,0.7335964266666667
5,171,Y,219522352,0.7317411733333333
5,168,Y,219425584,0.7314186133333334
100,933,Y,219012480,0.7300416
93,876,Y,218864752,0.7295491733333334
64,645,Y,218843808,0.72947936
118,1079,Y,218654056,0.7288468533333333
77,748,Y,217896568,0.7263218933333333
0,135,Y,217781264,0.7259375466666667
123,1119,Y,217494840,0.7249828
111,1022,Y,217050360,0.7235012
9,202,Y,216832557,0.72277519
56,577,Y,216787168,0.7226238933333333
26,339,Y,216493808,0.7216460266666667
69,682,Y,216485040,0.7216168000000001
30,372,Y,216359608,0.7211986933333333
45,494,Y,215828512,0.7194283733333333
14,242,Y,215810928,0.71936976
25,331,Y,215780704,0.7192690133333333
28,353,Y,215740632,0.71913544
3,152,Y,215710776,0.71903592
51,537,Y,215660416,0.7188680533333334
90,849,Y,215035912,0.7167863733333333
55,574,Y,214806992,0.7160233066666666
84,802,Y,214371696,0.7145723199999999
102,944,Y,214318480,0.7143949333333334
67,670,Y,214284352,0.7142811733333333
34,400,Y,213689712,0.71229904
12,227,Y,213542496,0.71180832
111,1018,Y,213431216,0.7114373866666667
88,834,Y,212598952,0.7086631733333334
3,155,Y,212358360,0.7078612
81,778,Y,212221192,0.7074039733333333
49,523,Y,212211522,0.70737174
60,612,Y,212024472,0.70674824
43,479,Y,211336304,0.7044543466666666
39,447,Y,210783736,0.7026124533333333
113,1039,Y,210244120,0.7008137333333333
18,278,Y,210176128,0.7005870933333334
62,631,Y,209699520,0.6989984
55,573,Y,209563912,0.6985463733333334
20,290,Y,209140080,0.6971336
101,940,Y,209123280,0.6970776
61,621,Y,208828840,0.6960961333333333
63,634,Y,208098048,0.69366016
31,382,Y,207910912,0.6930363733333333
61,617,Y,207782752,0.6926091733333333
32,384,Y,207649720,0.6921657333333333
43,478,Y,206934128,0.6897804266666666
80,768,Y,206514952,0.6883831733333333
75,735,Y,206508296,0.6883609866666667
116,1061,Y,206471736,0.68823912
109,1005,Y,206051600,0.6868386666666667
16,260,Y,206023880,0.6867462666666667
59,603,Y,205553520,0.6851784
83,792,Y,205440824,0.6848027466666666
87,830,Y,205049232,0.68349744
7,189,Y,205029496,0.6834316533333333
98,912,Y,204989008,0.6832966933333333
36,421,Y,204848752,0.6828291733333334
87,825,Y,204827736,0.68275912
21,297,Y,204609840,0.6820328
125,1135,Y,204525264,0.6817508800000001
34,403,Y,204266088,0.6808869599999999
127,1148,Y,203955296,0.6798509866666667
125,1128,Y,203355232,0.6778507733333333
53,552,Y,203295808,0.6776526933333333
57,586,Y,203241168,0.6774705599999999
90,852,Y,203220008,0.6774000266666667
106,976,Y,203183256,0.67727752
78,753,Y,203093000,0.6769766666666667
458,41,Y,202900960,0.6763365333333333
125,1131,Y,202856000,0.6761866666666666
69,684,Y,202744320,0.6758143999999999
13,238,Y,202724432,0.6757481066666667
36,422,Y,202295600,0.6743186666666666
58,597,Y,202277184,0.67425728
13,237,Y,201373080,0.6712435999999999
65,651,Y,201366881,0.6712229366666667
12,225,Y,200750976,0.66916992
7,187,Y,200451168,0.66817056
83,797,Y,199934152,0.6664471733333334
55,571,Y,199905760,0.6663525333333333
60,608,Y,199055096,0.6635169866666667
34,407,Y,198893344,0.6629778133333333
123,1112,Y,198874192,0.6629139733333334
116,1062,Y,198671144,0.6622371466666667
5,170,Y,198460072,0.6615335733333333
13,232,Y,198149864,0.6604995466666667
2,144,Y,198146192,0.6604873066666667
15,253,Y,197811440,0.6593714666666667
77,747,Y,197746856,0.6591561866666666
16,256,Y,197325848,0.6577528266666667
64,641,Y,197261200,0.6575373333333333
102,950,Y,197173656,0.6572455199999999
93,878,Y,197144056,0.6571468533333333
40,449,Y,196846584,0.65615528
86,820,Y,196822600,0.6560753333333333
114,1040,Y,196460056,0.6548668533333333
14,247,Y,196456312,0.6548543733333334
74,721,Y,196259104,0.6541970133333334
68,673,Y,195829680,0.6527656
22,305,Y,195167824,0.6505594133333333
93,877,Y,194967872,0.6498929066666667
53,557,Y,194834512,0.6494483733333333
110,1013,Y,194560168,0.6485338933333333
104,963,Y,194426144,0.6480871466666667
0,133,Y,194419168,0.6480638933333334
69,686,Y,194258264,0.6475275466666667
28,354,Y,194110104,0.64703368
75,734,Y,194074416,0.6469147199999999
21,299,Y,193790056,0.6459668533333334
106,979,Y,193669520,0.6455650666666667
6,179,Y,193647384,0.64549128
113,1032,Y,193365336,0.64455112
24,324,Y,192953040,0.6431768
116,1056,Y,192302320,0.6410077333333333
95,893,Y,192113704,0.6403790133333334
125,1132,Y,191830032,0.63943344
47,506,Y,191686448,0.6389548266666666
127,1144,Y,191605832,0.6386861066666667
86,822,Y,191478808,0.6382626933333333
109,1000,Y,191374192,0.6379139733333333
19,284,Y,191009760,0.6366992
27,349,Y,190815392,0.6360513066666666
2,151,Y,190193224,0.6339774133333334
23,313,Y,189976232,0.6332541066666667
61,618,Y,189967232,0.6332241066666666
114,1043,Y,189887720,0.6329590666666667
46,501,Y,189758576,0.6325285866666667
32,386,Y,189555192,0.63185064
58,598,Y,189325632,0.63108544
93,872,Y,189058632,0.63019544
68,679,Y,188608456,0.6286948533333334
13,233,Y,187725840,0.6257528
125,1129,Y,187632936,0.6254431199999999
79,766,Y,187598824,0.6253294133333334
125,1130,Y,187429696,0.6247656533333333
68,677,Y,187242096,0.62414032
106,981,Y,187119208,0.6237306933333333
70,694,Y,186968904,0.62322968
66,656,Y,186848904,0.6228296799999999
86,819,Y,186784512,0.62261504
101,943,Y,186718136,0.6223937866666667
22,310,Y,186199616,0.6206653866666667
58,593,Y,186051808,0.6201726933333334
110,1009,Y,185704920,0.6190164
26,340,Y,185592336,0.61864112
105,973,Y,185388872,0.6179629066666666
120,1095,Y,184935320,0.6164510666666667
81,777,Y,184731776,0.6157725866666667
125,1134,Y,184677752,0.6155925066666667
43,474,Y,184544104,0.6151470133333333
22,311,Y,184391240,0.6146374666666666
69,687,Y,184311840,0.6143728
21,301,Y,184268472,0.61422824
83,793,Y,183921136,0.6130704533333333
101,937,Y,183752368,0.6125078933333333
59,606,Y,183721672,0.6124055733333333
78,754,Y,183680784,0.61226928
102,945,Y,183627592,0.6120919733333333
54,561,Y,183581528,0.6119384266666666
127,1151,Y,183543208,0.6118106933333334
44,483,Y,183279976,0.6109332533333334
104,965,Y,182874104,0.6095803466666666
76,740,Y,182498632,0.6083287733333334
66,657,Y,182257472,0.6075249066666667
39,441,Y,182080312,0.6069343733333333
5,173,Y,181875832,0.6062527733333333
87,831,Y,181043280,0.6034776000000001
59,605,Y,181019512,0.6033983733333333
127,1145,Y,180097808,0.6003260266666667
64,646,Y,179870608,0.5995686933333333
83,798,Y,179497224,0.59832408
69,680,Y,179477232,0.59825744
45,493,Y,179465544,0.59821848
46,502,Y,179384800,0.5979493333333333
67,668,Y,179083552,0.5969451733333333
35,409,Y,178682920,0.5956097333333333
75,730,Y,178575960,0.5952532
63,633,Y,178569080,0.5952302666666667
99,925,Y,178546208,0.5951540266666667
123,1118,Y,178328216,0.5944273866666666
16,263,Y,178232608,0.5941086933333334
30,370,Y,178197856,0.5939928533333333
59,607,Y,178157896,0.5938596533333333
37,426,Y,177313664,0.5910455466666666
110,1010,Y,177203688,0.59067896
44,487,Y,176941520,0.5898050666666667
56,576,Y,176495864,0.5883195466666667
58,599,Y,176440528,0.5881350933333332
26,338,Y,176218656,0.5873955200000001
31,378,Y,175836968,0.5861232266666666
94,883,Y,175805688,0.58601896
32,387,Y,175619656,0.5853988533333333
98,915,Y,175496912,0.5849897066666667
22,308,Y,174778640,0.5825954666666666
3,159,Y,174723504,0.58241168
40,454,Y,174677456,0.5822581866666666
28,355,Y,174534160,0.5817805333333333
6,183,Y,174513616,0.5817120533333333
71,703,Y,174111232,0.5803707733333333
12,230,Y,174019664,0.5800655466666667
75,731,Y,173848768,0.5794958933333334
22,309,Y,173848720,0.5794957333333333
87,824,Y,173521232,0.5784041066666666
87,827,Y,173372968,0.5779098933333333
20,293,Y,173327888,0.5777596266666667
65,650,Y,173305256,0.5776841866666667
45,489,Y,172999760,0.5766658666666666
43,473,Y,172618744,0.5753958133333333
26,341,Y,172551640,0.5751721333333334
0,128,Y,172049536,0.5734984533333334
101,938,Y,171977160,0.5732572
68,678,Y,171929600,0.5730986666666666
88,835,Y,171843088,0.5728102933333333
114,1045,Y,171525704,0.5717523466666666
112,1027,Y,171377440,0.5712581333333333
51,541,Y,171364960,0.5712165333333333
59,604,Y,171291800,0.5709726666666667
87,828,Y,171141904,0.5704730133333333
74,727,Y,171043576,0.5701452533333333
19,283,Y,170687424,0.56895808
114,1046,Y,170527624,0.5684254133333334
72,711,Y,170071896,0.5669063200000001
118,1072,Y,169917424,0.5663914133333333
72,709,Y,169799760,0.5659992
26,336,Y,169685680,0.5656189333333334
102,949,Y,169378528,0.5645950933333334
84,804,Y,169301488,0.5643382933333333
47,505,Y,169110216,0.56370072
112,1030,Y,168613384,0.5620446133333333
23,312,Y,168505600,0.5616853333333333
34,404,Y,168382128,0.56127376
40,453,Y,168339832,0.5611327733333333
42,464,Y,168320328,0.56106776
64,642,Y,168300040,0.5610001333333333
35,408,Y,168137072,0.5604569066666666
3,157,Y,167711240,0.5590374666666666
71,696,Y,167607336,0.55869112
46,503,Y,167245128,0.55748376
98,919,Y,167240896,0.5574696533333334
9,203,Y,167117272,0.5570575733333334
116,1063,Y,167109720,0.5570324
74,725,Y,167001104,0.5566703466666666
55,575,Y,165829544,0.5527651466666667
116,1057,Y,165494048,0.5516468266666666
44,482,Y,165138632,0.5504621066666666
45,495,Y,165027288,0.55009096
101,939,Y,164852104,0.5495070133333333
104,961,Y,164726576,0.5490885866666666
79,763,Y,164632320,0.5487744
74,722,Y,164298808,0.5476626933333334
25,330,Y,164142288,0.54714096
51,538,Y,163341864,0.5444728799999999
110,1015,Y,163263872,0.5442129066666667
43,472,Y,162997184,0.5433239466666666
73,719,Y,161679784,0.5389326133333333
127,1149,Y,160080704,0.5336023466666667
23,315,Y,160007712,0.53335904
14,246,Y,159896472,0.53298824
95,894,Y,159846248,0.5328208266666666
111,1016,Y,159619800,0.5320659999999999
96,896,Y,159578672,0.5319289066666667
81,783,Y,159415536,0.5313851199999999
31,383,Y,159232096,0.5307736533333334
12,228,Y,158891384,0.5296379466666666
9,205,Y,158793464,0.5293115466666667
114,1041,Y,158765064,0.52921688
57,591,Y,158656800,0.528856
12,224,Y,158458696,0.5281956533333333
44,486,Y,158095448,0.5269848266666667
16,261,Y,157625160,0.5254171999999999
57,585,Y,157561848,0.52520616
72,710,Y,157092264,0.52364088
54,562,Y,156771496,0.5225716533333333
99,922,Y,156652704,0.52217568
39,443,Y,156545544,0.52181848
122,1109,Y,156034904,0.5201163466666667
70,692,Y,156019704,0.52006568
57,587,Y,155804592,0.51934864
78,757,Y,155786288,0.5192876266666667
78,758,Y,155747416,0.5191580533333333
20,288,Y,155686464,0.51895488
39,446,Y,155675752,0.5189191733333334
37,429,Y,155592024,0.5186400800000001
112,1024,Y,155442224,0.5181407466666667
21,300,Y,155385464,0.5179515466666667
19,280,Y,155301224,0.5176707466666666
2,149,Y,154903320,0.5163443999999999
25,334,Y,154696608,0.51565536
75,728,Y,154358968,0.5145298933333333
39,442,Y,153446104,0.5114870133333334
76,736,Y,153342376,0.5111412533333334
98,916,Y,153305840,0.5110194666666666
69,683,Y,153246104,0.5108203466666666
116,1059,Y,152930848,0.5097694933333333
88,838,Y,152558120,0.5085270666666667
99,921,Y,152034168,0.50678056
122,1111,Y,150552097,0.5018403233333333
0,129,Y,149777976,0.49925992
104,967,Y,149523416,0.4984113866666666
32,388,Y,149218416,0.49739472
78,755,Y,149027656,0.49675885333333336
78,759,Y,148868280,0.4962276
6,176,Y,147933512,0.49311170666666665
40,450,Y,147371728,0.4912390933333333
19,282,Y,146830880,0.4894362666666667
55,572,Y,145944992,0.48648330666666667
73,716,Y,145902776,0.48634258666666663
57,590,Y,145722264,0.48574088
66,659,Y,145551056,0.4851701866666666
14,241,Y,145543912,0.4851463733333334
94,880,Y,145458304,0.48486101333333337
94,882,Y,145384720,0.48461573333333335
84,806,Y,145300720,0.48433573333333335
60,611,Y,145243672,0.4841455733333333
36,420,Y,145193960,0.48397986666666665
28,357,Y,144935144,0.48311714666666666
54,563,Y,144790416,0.48263472
72,706,Y,144645248,0.48215082666666664
56,578,Y,143825584,0.47941861333333335
72,707,Y,143236088,0.47745362666666663
41,462,Y,143113688,0.4770456266666666
37,424,Y,142986416,0.47662138666666665
122,1106,Y,142654320,0.4755144
58,594,Y,142174784,0.4739159466666667
41,463,Y,141840456,0.47280152000000003
72,705,Y,141576168,0.47192056
44,480,Y,141037552,0.4701251733333333
53,559,Y,140523016,0.46841005333333335
27,350,Y,140318632,0.4677287733333334
56,582,Y,140159160,0.4671972
66,663,Y,140008632,0.46669544
54,567,Y,139976752,0.46658917333333333
54,566,Y,139533096,0.46511032
51,543,Y,139074808,0.46358269333333335
72,708,Y,138845616,0.46281871999999996
35,410,Y,138743952,0.46247984000000003
58,596,Y,138016008,0.46005335999999997
7,186,Y,137850840,0.4595028
7,188,Y,137398272,0.45799424
14,244,Y,137334104,0.4577803466666666
111,1020,Y,137008456,0.4566948533333334
47,510,Y,136666448,0.45555482666666663
122,1108,Y,136334816,0.4544493866666667
116,1060,Y,135919464,0.45306488
35,412,Y,135485290,0.4516176333333333
54,564,Y,135360608,0.45120202666666664
35,415,Y,134638200,0.448794
55,569,Y,134354896,0.4478496533333333
23,314,Y,133999048,0.44666349333333333
32,385,Y,133971208,0.4465706933333333
51,542,Y,133749944,0.4458331466666666
66,662,Y,133746320,0.4458210666666667
43,477,Y,132672280,0.44224093333333336
30,369,Y,132101688,0.44033896
41,461,Y,132042776,0.44014258666666667
69,681,Y,131609544,0.43869848
37,431,Y,131445048,0.43815015999999996
19,281,Y,131356000,0.43785333333333337
99,923,Y,131142776,0.4371425866666666
35,414,Y,131097160,0.4369905333333334
5,172,Y,130694032,0.43564677333333335
59,601,Y,130224912,0.43408304
43,475,Y,129515168,0.4317172266666666
5,169,Y,129377240,0.4312574666666667
14,240,Y,129169072,0.4305635733333334
112,1031,Y,128522536,0.4284084533333334
25,329,Y,127411824,0.42470608
16,257,Y,126218584,0.42072861333333333
28,358,Y,126182216,0.42060738666666664
94,887,Y,126176592,0.42058864
127,1147,Y,125864000,0.4195466666666666
31,379,Y,125758752,0.41919584
112,1029,Y,125640688,0.4188022933333333
7,190,Y,125073176,0.41691058666666664
122,1107,Y,124976744,0.4165891466666667
39,445,Y,124448120,0.4148270666666667
37,428,Y,123853928,0.4128464266666666
21,303,Y,123697856,0.4123261866666667
122,1105,Y,123433040,0.41144346666666665
26,343,Y,122321632,0.4077387733333333
59,600,Y,121642056,0.40547352000000003
53,558,Y,121336872,0.40445624
25,332,Y,120712704,0.40237568
41,456,Y,118110704,0.39370234666666665
43,476,Y,117931664,0.39310554666666664
41,457,Y,117768032,0.3925601066666667
68,676,Y,117490864,0.39163621333333337
73,715,Y,116655376,0.38885125333333337
14,243,Y,116391928,0.38797309333333335
40,452,Y,116152936,0.38717645333333334
99,920,Y,115966224,0.38655408
54,565,Y,115262984,0.38420994666666664
44,481,Y,115165280,0.38388426666666664
41,459,Y,114979216,0.3832640533333333
16,262,Y,114874656,0.38291552
127,1150,Y,114857976,0.38285991999999996
12,231,Y,114488016,0.38162672
35,411,Y,114267008,0.38089002666666666
123,1113,Y,114266136,0.38088712
40,451,Y,113242056,0.37747352
94,885,Y,111888496,0.37296165333333337
30,371,Y,110756928,0.36918976000000003
25,333,Y,110169512,0.36723170666666666
35,413,Y,110000296,0.36666765333333334
67,671,Y,109971960,0.3665732
2,148,Y,108727024,0.36242341333333333
6,181,Y,108210408,0.36070135999999997
84,807,Y,107347976,0.35782658666666667
63,637,Y,107121392,0.35707130666666664
74,720,Y,106823640,0.35607880000000003
2,147,Y,106459152,0.35486384
6,177,Y,106232616,0.35410872
2,145,Y,104946200,0.34982066666666667
67,667,Y,104022920,0.34674306666666665
114,1042,Y,103996256,0.34665418666666664
12,229,Y,102893280,0.3429776
44,484,Y,102831560,0.34277186666666665
7,191,Y,102640688,0.34213562666666664
67,664,Y,101781728,0.3392724266666667
19,286,Y,101466920,0.3382230666666667
53,553,Y,101012104,0.3367070133333333
99,927,Y,100772952,0.33590984
122,1110,Y,100728856,0.33576285333333333
40,455,Y,100601080,0.3353369333333333
66,661,Y,100456000,0.33485333333333334
122,1104,Y,99083944,0.33027981333333334
21,296,Y,97720816,0.32573605333333333
51,539,Y,97453512,0.32484504000000003
84,803,Y,95418384,0.31806128
12,226,Y,95359696,0.31786565333333333
94,884,Y,93379288,0.31126429333333333
25,335,Y,91941072,0.30647024
41,458,Y,91717224,0.30572408
84,801,Y,91049112,0.30349704
112,1025,Y,89114632,0.29704877333333335
113,1034,Y,87725448,0.29241816
86,816,Y,87374520,0.29124839999999996
112,1026,Y,83140984,0.27713661333333334
66,660,Y,83053256,0.27684418666666666
7,184,Y,79825328,0.26608442666666665
111,1017,Y,78455960,0.26151986666666666
84,805,Y,69695704,0.23231901333333332
94,886,Y,65890736,0.21963578666666667
6,182,Y,59314736,0.19771578666666667
54,560,Y,55958280,0.1865276
