26,5,N,29925994358,99.75331452666667
77,30,N,29925077684,99.75025894666668
99,14,N,29922568792,99.74189597333334
23,50,N,29914683771,99.71561257
100,32,N,29893063254,99.64354417999999
35,2,N,29887975992,99.62658664
102,34,N,29885684070,99.61894690000001
4,85,N,29884011487,99.61337162333334
103,29,N,29876200735,99.58733578333333
99,2,N,29875946673,99.58648891
13,122,N,29875476569,99.58492189666667
104,48,N,29871699838,99.57233279333333
47,123,N,29857460612,99.52486870666667
79,12,N,29856992799,99.52330933
27,67,N,29845756675,99.48585558333333
2,99,N,29844436080,99.48145360000001
57,126,N,29843794287,99.47931429
91,71,N,29843214130,99.47738043333332
101,50,N,29841139324,99.47046441333333
16,0,N,29840711810,99.46903936666666
2,71,N,29835011382,99.45003794
36,119,N,29834482027,99.44827342333333
124,42,N,29832899035,99.44299678333334
75,13,N,29827100518,99.42366839333333
87,11,N,29824128860,99.41376286666667
11,87,N,29823507158,99.41169052666666
44,127,N,29818435577,99.39478525666667
123,47,N,29816235308,99.38745102666667
114,32,N,29809608378,99.36536126
76,116,N,29806048632,99.35349543999999
34,98,N,29805233062,99.35077687333333
53,117,N,29804694867,99.34898289
50,108,N,29804519838,99.34839946
12,79,N,29804464281,99.34821427
2,58,N,29803643374,99.34547791333334
37,88,N,29800898050,99.33632683333333
0,82,N,29799556368,99.33185456
103,4,N,29797669556,99.32556518666667
49,10,N,29797331217,99.32443739
107,126,N,29794135991,99.31378663666666
78,45,N,29791016619,99.30338873
67,47,N,29790321299,99.30107099666667
111,9,N,29788853672,99.29617890666667
66,9,N,29788241232,99.29413744
60,10,N,29786507567,99.28835855666667
125,15,N,29784038603,99.28012867666666
74,113,N,29779180056,99.26393352000001
53,19,N,29774933908,99.24977969333332
122,44,N,29772421154,99.24140384666667
22,112,N,29770490106,99.23496702
117,30,N,29770379273,99.23459757666667
79,4,N,29769354622,99.23118207333333
81,41,N,29767052086,99.22350695333333
124,108,N,29766893204,99.22297734666667
30,23,N,29762569148,99.20856382666666
105,46,N,29761635854,99.20545284666666
94,35,N,29760031393,99.20010464333333
17,90,N,29756814827,99.18938275666666
52,24,N,29756708842,99.18902947333333
7,83,N,29754544467,99.18181489
47,86,N,29754300371,99.18100123666666
105,5,N,29752920299,99.17640099666667
73,95,N,29751884760,99.1729492
68,5,N,29751810239,99.17270079666667
113,74,N,29750591886,99.16863962
29,80,N,29745411383,99.15137127666667
24,81,N,29745007979,99.15002659666666
109,12,N,29744066873,99.14688957666667
40,13,N,29742971312,99.14323770666667
48,15,N,29741687533,99.13895844333334
33,98,N,29741675424,99.13891808000001
19,53,N,29739058170,99.1301939
127,44,N,29737336979,99.12445659666666
0,110,N,29736345104,99.12115034666667
58,102,N,29735697752,99.11899250666667
32,100,N,29731699705,99.10566568333333
17,117,N,29726348555,99.08782851666666
101,62,N,29725609930,99.08536643333333
59,32,N,29722392828,99.07464276
118,29,N,29721143779,99.07047926333334
14,99,N,29720819973,99.06939991
41,19,N,29720127390,99.0670913
104,64,N,29720010782,99.06670260666667
108,10,N,29714437923,99.04812641000001
100,18,N,29714373581,99.04791193666667
117,33,N,29713091611,99.04363870333334
73,23,N,29712467052,99.04155684
41,66,N,29711821715,99.03940571666666
96,10,N,29710158642,99.03386214
124,126,N,29708750970,99.0291699
80,29,N,29708013635,99.02671211666667
106,5,N,29701158071,99.00386023666667
116,40,N,29696498464,98.98832821333333
120,82,N,29691095049,98.97031683
69,126,N,29690107797,98.96702599
84,15,N,29687822351,98.95940783666667
118,25,N,29687410670,98.95803556666667
25,118,N,29686972935,98.95657645
83,7,N,29686725881,98.95575293666667
10,96,N,29685063935,98.95021311666666
10,108,N,29683487073,98.94495691
65,14,N,29683064583,98.94354861
105,11,N,29680596437,98.93532145666667
41,81,N,29680344435,98.93448145
117,17,N,29679432919,98.93144306333333
110,32,N,29676574833,98.92191611
31,70,N,29674420913,98.91473637666667
13,40,N,29673030232,98.91010077333333
113,49,N,29672074391,98.90691463666667
97,38,N,29670278136,98.90092712
40,116,N,29666421952,98.88807317333334
38,94,N,29662978508,98.87659502666666
5,106,N,29662073958,98.87357986
71,10,N,29660858434,98.86952811333333
35,67,N,29659176977,98.86392325666667
70,31,N,29657327709,98.85775903
18,64,N,29654592938,98.84864312666667
37,94,N,29650731188,98.83577062666666
6,120,N,29649152541,98.83050847
32,59,N,29648376337,98.82792112333333
94,38,N,29646440716,98.82146905333333
58,2,N,29645442914,98.81814304666666
26,119,N,29640451937,98.80150645666667
15,121,N,29636404419,98.78801473
74,53,N,29636004045,98.78668015
72,94,N,29628114500,98.76038166666666
5,26,N,29627002381,98.75667460333334
67,35,N,29622426864,98.74142288
113,63,N,29621410593,98.73803531
95,73,N,29616143576,98.72047858666667
91,65,N,29614160864,98.71386954666667
18,126,N,29613614093,98.71204697666667
42,107,N,29613300282,98.71100094
30,117,N,29613260523,98.71086841
121,53,N,29611971339,98.70657113
12,109,N,29608649865,98.69549955
5,105,N,29608159431,98.69386476999999
64,13,N,29605387762,98.68462587333333
24,52,N,29604210032,98.68070010666666
45,1,N,29603392654,98.67797551333334
22,66,N,29601270742,98.67090247333333
35,94,N,29599227990,98.6640933
97,11,N,29598831012,98.66277004
88,96,N,29598463125,98.66154375
7,82,N,29592909190,98.64303063333332
85,1,N,29592078185,98.64026061666667
62,101,N,29591430175,98.63810058333333
42,124,N,29589257722,98.63085907333333
67,27,N,29588547354,98.62849118
15,84,N,29588464357,98.62821452333334
126,57,N,29587182842,98.62394280666666
98,33,N,29576552806,98.58850935333334
1,85,N,29575229865,98.58409955
91,28,N,29573254089,98.57751363
127,71,N,29571468167,98.57156055666667
88,42,N,29568725101,98.56241700333334
2,88,N,29567633877,98.55877959
19,41,N,29565883884,98.55294628
29,91,N,29562940480,98.54313493333333
77,27,N,29562456404,98.54152134666667
88,2,N,29561988072,98.53996024
10,49,N,29561009847,98.53669949
87,48,N,29559704916,98.53234972
1,125,N,29558435767,98.52811922333333
66,22,N,29556222926,98.52074308666666
114,46,N,29556070024,98.52023341333333
119,48,N,29554677192,98.51559064
55,35,N,29553877063,98.51292354333333
22,6,N,29546484307,98.48828102333333
65,115,N,29546047611,98.48682536999999
119,26,N,29541004086,98.47001362
110,23,N,29540931651,98.46977217
29,121,N,29537683326,98.45894442000001
25,111,N,29535803660,98.45267886666666
82,7,N,29535101461,98.45033820333333
84,41,N,29532430892,98.44143630666666
17,102,N,29529059435,98.43019811666667
46,105,N,29528337411,98.42779137
47,67,N,29523445628,98.41148542666667
81,24,N,29519352252,98.39784084
14,65,N,29516212818,98.38737606
82,8,N,29515123735,98.38374578333332
68,95,N,29514488588,98.38162862666667
121,15,N,29505194991,98.35064997
82,120,N,29504692730,98.34897576666667
60,17,N,29501135980,98.33711993333333
5,68,N,29499951036,98.33317012
108,124,N,29490599871,98.30199956999999
28,91,N,29488292221,98.29430740333333
94,72,N,29483415158,98.27805052666668
71,127,N,29483259297,98.27753098999999
46,114,N,29481002108,98.27000702666666
16,6,N,29471618010,98.2387267
3,65,N,29469469155,98.23156385
101,34,N,29467142169,98.22380723
8,125,N,29464554070,98.21518023333333
122,13,N,29462363990,98.20787996666667
48,87,N,29461904214,98.20634738
111,25,N,29460494413,98.20164804333334
98,34,N,29458318547,98.19439515666667
107,42,N,29453602190,98.17867396666666
64,104,N,29453316864,98.17772287999999
117,53,N,29452869206,98.17623068666667
71,2,N,29450620178,98.16873392666666
61,15,N,29448702185,98.16234061666667
98,46,N,29448244516,98.16081505333332
48,104,N,29445507351,98.15169116999999
15,125,N,29443905916,98.14635305333333
82,0,N,29443124463,98.14374821
0,16,N,29441740851,98.13913617
46,98,N,29441080104,98.13693368
48,119,N,29440279137,98.13426378999999
94,37,N,29440208904,98.13402968
34,102,N,29433462793,98.11154264333334
110,0,N,29432671770,98.1089059
8,82,N,29431881913,98.10627304333333
32,114,N,29421770064,98.07256688
33,90,N,29419295871,98.06431957000001
85,77,N,29410016728,98.03338909333334
54,23,N,29404930904,98.01643634666667
102,17,N,29403870733,98.01290244333333
9,66,N,29402788046,98.00929348666668
42,9,N,29402302189,98.00767396333333
29,103,N,29401901734,98.00633911333333
45,78,N,29396917642,97.98972547333334
50,23,N,29392570283,97.97523427666667
53,121,N,29391608026,97.97202675333332
54,3,N,29390284450,97.96761483333334
64,115,N,29380453056,97.93484352
102,58,N,29379550583,97.93183527666667
115,4,N,29379419369,97.93139789666667
51,125,N,29376064393,97.92021464333334
35,55,N,29375761245,97.91920415
21,90,N,29374484093,97.91494697666666
112,96,N,29370078876,97.90026292
86,47,N,29364011437,97.88003812333334
44,122,N,29357822876,97.85940958666667
33,117,N,29357769137,97.85923045666667
90,17,N,29354113524,97.84704508
29,118,N,29352665238,97.84221746
51,24,N,29351219397,97.83739799
1,45,N,29348283757,97.82761252333333
6,22,N,29347872316,97.82624105333333
20,122,N,29347863026,97.82621008666666
71,122,N,29335578480,97.7852616
53,74,N,29334167561,97.78055853666666
60,89,N,29329758952,97.76586317333333
71,91,N,29326014606,97.75338202
4,115,N,29322172182,97.74057393999999
125,1,N,29321785858,97.73928619333333
23,30,N,29319466204,97.73155401333334
3,36,N,29319030410,97.73010136666667
27,77,N,29297913090,97.6597103
77,85,N,29297550452,97.65850150666667
38,97,N,29281815931,97.60605310333334
95,68,N,29269000720,97.56333573333333
4,79,N,29260910609,97.53636869666667
11,97,N,29255219023,97.51739674333334
96,88,N,29253139917,97.51046638999999
93,18,N,29247587027,97.49195675666667
9,49,N,29243075123,97.47691707666667
18,100,N,29239435958,97.46478652666667
63,113,N,29238516807,97.46172269
65,3,N,29224757489,97.41585829666667
13,75,N,29219973385,97.39991128333332
120,6,N,29218031457,97.39343819
116,76,N,29211386434,97.37128811333334
36,116,N,29207340896,97.35780298666667
115,64,N,29205097957,97.35032652333334
28,109,N,29202571442,97.34190480666666
85,4,N,29196630725,97.32210241666667
96,112,N,29186999483,97.28999827666667
66,41,N,29186740095,97.28913365
34,101,N,29173764227,97.24588075666666
112,22,N,29172619068,97.24206356
30,77,N,29172329395,97.24109798333333
116,36,N,29170702174,97.23567391333333
122,20,N,29151498873,97.17166291
24,51,N,29149164045,97.16388015
90,33,N,29148171635,97.16057211666667
49,9,N,29144354708,97.14784902666666
125,102,N,29121455567,97.07151855666667
11,105,N,29117785313,97.05928437666667
2,35,N,29111500716,97.03833572
64,18,N,29108517500,97.02839166666666
102,125,N,29104183623,97.01394541
6,16,N,29098037791,96.99345930333332
127,59,N,29091396213,96.97132071
115,65,N,29075122939,96.91707646333333
13,64,N,29071718608,96.90572869333334
9,42,N,29062927113,96.87642371
28,115,N,29055184158,96.85061386
126,18,N,29050071587,96.83357195666666
10,71,N,29039910573,96.79970191
119,36,N,29032549206,96.77516402
15,48,N,29022669235,96.74223078333334
42,88,N,29019671149,96.73223716333334
32,110,N,29007589093,96.69196364333334
123,14,N,29004003893,96.68001297666666
23,73,N,28987319574,96.62439858
90,21,N,28953245265,96.51081755
88,37,N,28950736524,96.50245508
125,51,N,28947287780,96.49095926666666
15,61,N,28939448288,96.46482762666668
9,111,N,28934639005,96.44879668333334
41,84,N,28902392793,96.34130931
50,101,N,28833852477,96.11284159
109,28,N,28780040250,95.9334675
89,60,N,28750061001,95.83353667
4,103,N,28739198373,95.79732790999999
106,1,N,28689520872,95.63173624
18,93,N,28672430067,95.57476688999999
3,54,N,28671672956,95.57224318666667
23,54,N,28668665347,95.56221782333333
17,60,N,28668070963,95.56023654333333
108,50,N,28602511219,95.34170406333334
126,107,N,28555596365,95.18532121666667
23,110,N,28542811281,95.14270427
65,91,N,28512776364,95.04258788
115,28,N,28480692861,94.93564287000001
126,124,N,28479208487,94.93069495666666
126,69,N,28427087444,94.75695814666668
36,3,N,28345415627,94.48471875666667
1,106,N,28339710534,94.46570178
125,8,N,28315950167,94.38650055666666
14,123,N,28306460561,94.35486853666667
59,127,N,28289461969,94.29820656333334
122,71,N,28146185762,93.82061920666666
121,29,N,28137596470,93.79198823333333
91,29,N,27937896133,93.12632044333333
10,60,N,27567454758,91.89151586
49,113,N,27102826373,90.34275457666666
21,25,N,6262111254,20.87370418
80,77,N,5585711607,18.61903869
31,27,N,5493553976,18.311846586666665
56,97,N,5458705330,18.195684433333334
61,76,N,4696772016,15.65590672
44,24,N,4537854360,15.1261812
118,77,N,4192134443,13.973781476666666
39,21,N,4132916568,13.77638856
56,109,N,3927451222,13.091504073333333
76,65,N,3916077024,13.05359008
67,12,N,3886837696,12.956125653333334
83,41,N,3813301280,12.711004266666666
44,53,N,3758163128,12.527210426666665
93,84,N,3738035984,12.460119946666667
76,52,N,3565132408,11.883774693333333
7,21,N,3528698224,11.762327413333333
93,63,N,3498368775,11.66122925
84,30,N,3486311824,11.621039413333333
73,116,N,3432111776,11.440372586666667
92,38,N,3388120867,11.293736223333333
16,19,N,3335070672,11.11690224
74,123,N,3318920000,11.063066666666668
28,25,N,3200912336,10.669707786666667
54,66,N,3159364912,10.531216373333335
103,109,N,3145659310,10.485531033333332
57,66,N,3130775912,10.435919706666667
52,76,N,3118874464,10.396248213333333
31,0,N,3076662592,10.255541973333333
89,119,N,3063582056,10.211940186666666
72,80,N,3042537328,10.141791093333334
43,58,N,3032524720,10.108415733333333
12,19,N,3012907592,10.043025306666667
92,120,N,3010782824,10.035942746666667
19,12,N,2998674072,9.99558024
120,127,N,2958951237,9.86317079
21,40,N,2952623008,9.842076693333333
86,111,N,2946280688,9.820935626666667
97,98,N,2934730544,9.782435146666666
86,37,N,2844880456,9.482934853333333
45,49,N,2823363024,9.41121008
87,32,N,2770988896,9.236629653333333
45,16,N,2764290096,9.21430032
40,21,N,2760341312,9.201137706666666
68,14,N,2754771776,9.182572586666666
92,124,N,2734743701,9.115812336666666
78,116,N,2661564752,8.871882506666667
37,61,N,2661270744,8.87090248
326,24,Y,2631064256,8.770214186666667
112,110,N,2629342416,8.764474719999999
118,105,N,2616039560,8.720131866666666
49,97,N,2612246448,8.70748816
50,18,N,2609156557,8.697188523333335
39,22,N,2581560369,8.605201229999999
25,28,N,2559693504,8.53231168
72,67,N,2558341427,8.527804756666667
57,99,N,2532479272,8.441597573333333
80,108,N,2493181632,8.31060544
50,24,N,2483936648,8.279788826666666
14,0,N,2475731576,8.252438586666667
122,94,N,2447369856,8.15789952
89,83,N,2441038688,8.136795626666666
40,27,N,2434613632,8.115378773333333
100,85,N,2411174344,8.037247813333332
24,50,N,2402451456,8.00817152
81,38,N,2391292912,7.9709763733333325
72,104,N,2383048392,7.94349464
114,110,N,2365542088,7.8851402933333326
0,14,N,2358793760,7.862645866666666
27,1,N,2348067136,7.826890453333333
57,52,N,2345791173,7.81930391
56,73,N,2342819936,7.809399786666667
83,58,N,2330946928,7.769823093333334
0,31,N,2285967272,7.619890906666667
20,61,N,2270470392,7.56823464
39,9,N,2235408384,7.45136128
63,93,N,2230156500,7.433855
120,111,N,2225749088,7.419163626666666
75,37,N,2212427567,7.3747585566666665
75,57,N,2209818176,7.366060586666667
86,106,N,2206082723,7.353609076666667
63,48,N,2193065696,7.3102189866666665
109,118,N,2179924512,7.26641504
123,101,N,2177100648,7.257002160000001
46,93,N,2174127312,7.247091040000001
52,124,N,2172913352,7.243044506666667
90,68,N,2172781096,7.242603653333333
93,101,N,2163961011,7.2132033700000004
69,34,N,2159296688,7.197655626666667
43,96,N,2132547992,7.1084933066666665
20,17,N,2131791640,7.105972133333334
107,95,N,2129552248,7.098507493333334
39,47,N,2125312360,7.0843745333333334
6,30,N,2124706825,7.082356083333333
111,86,N,2119933424,7.066444746666667
66,57,N,2116974896,7.056582986666666
84,93,N,2098739312,6.995797706666666
63,60,N,2092609648,6.975365493333334
70,113,N,2083253768,6.944179226666666
104,72,N,2083131729,6.94377243
100,47,N,2080025656,6.9334188533333325
65,76,N,2064546112,6.881820373333333
105,121,N,2060260040,6.867533466666667
68,104,N,2055996040,6.853320133333334
19,16,N,2047738904,6.8257963466666665
78,43,N,2043908112,6.81302704
105,118,N,2033066567,6.776888556666667
89,107,N,2025941331,6.75313777
121,105,N,2023918920,6.7463964
87,74,N,2023357184,6.744523946666667
47,100,N,2012092336,6.706974453333333
33,38,N,2011260984,6.70420328
57,75,N,2002759306,6.675864353333333
1075,118,Y,1988525920,6.628419733333334
69,59,N,1979349520,6.597831733333333
106,81,N,1951617448,6.505391493333333
73,56,N,1949846792,6.499489306666667
95,40,N,1947818768,6.492729226666667
800,84,Y,1946740808,6.489136026666667
19,36,N,1941416136,6.471387119999999
55,42,N,1939248544,6.464161813333333
26,12,N,1938221048,6.460736826666667
76,46,N,1936103144,6.453677146666667
53,44,N,1930490728,6.434969093333333
27,40,N,1922853136,6.409510453333334
55,7,N,1912568944,6.375229813333333
37,86,N,1905774208,6.3525806933333335
72,25,N,1902476040,6.3415868
3,28,N,1895260120,6.317533733333333
30,84,N,1891455819,6.30485273
565,54,Y,1889224856,6.297416186666667
102,86,N,1880362680,6.2678756
56,3,N,1864903328,6.216344426666667
115,112,N,1863315720,6.2110524
80,72,N,1855002112,6.183340373333333
80,127,N,1833443491,6.1114783033333335
36,19,N,1827139976,6.0904665866666665
61,79,N,1825052904,6.083509680000001
108,121,N,1813327448,6.044424826666667
1032,113,Y,1800048776,6.000162586666667
75,112,N,1787300318,5.957667726666667
3,56,N,1786365888,5.95455296
38,33,N,1781283968,5.937613226666667
54,56,N,1774112744,5.913709146666666
25,72,N,1773447928,5.911493093333333
507,47,Y,1768280768,5.894269226666666
27,31,N,1766451168,5.88817056
26,22,N,1763243472,5.87747824
119,123,N,1760730272,5.869100906666667
346,27,Y,1759214392,5.864047973333333
70,52,N,1758918584,5.863061946666667
487,44,Y,1758494888,5.861649626666667
770,80,Y,1757705280,5.8590176000000005
111,87,N,1739621616,5.798738719999999
45,36,N,1736221256,5.787404186666667
110,112,N,1734902592,5.78300864
426,37,Y,1731342472,5.771141573333334
106,100,N,1729709096,5.765696986666667
59,69,N,1725864912,5.75288304
780,81,Y,1717570664,5.725235546666667
1003,109,Y,1717497808,5.724992693333333
21,7,N,1715083392,5.7169446399999995
101,123,N,1713655328,5.712184426666667
1078,118,Y,1710884592,5.702948640000001
85,100,N,1710204104,5.700680346666666
47,39,N,1708102103,5.693673676666667
1074,118,Y,1707876136,5.6929204533333335
1077,118,Y,1705576392,5.68525464
995,108,Y,1702736984,5.675789946666667
85,81,N,1701850952,5.672836506666667
48,63,N,1700224200,5.667414
56,54,N,1699164560,5.663881866666666
30,6,N,1698606480,5.6620216
16,5,N,1695357520,5.6511917333333335
26,35,N,1685995088,5.6199836266666665
20,31,N,1681304746,5.604349153333334
31,60,N,1679413968,5.59804656
54,114,N,1664206760,5.547355866666667
155,3,Y,1658677384,5.528924613333333
582,56,Y,1655101344,5.51700448
114,78,N,1647469040,5.491563466666666
87,111,N,1646662360,5.488874533333334
124,92,N,1645044706,5.483482353333334
22,26,N,1639306152,5.464353839999999
101,93,N,1636507274,5.4550242466666665
120,92,N,1633873878,5.44624626
92,91,N,1632485352,5.44161784
121,108,N,1625706520,5.4190217333333335
320,24,Y,1623946664,5.413155546666667
106,86,N,1622562160,5.408540533333333
78,114,N,1614303792,5.38101264
99,57,N,1610882320,5.369607733333334
278,18,Y,1609506240,5.3650208
144,2,Y,1604934720,5.3497824
280,19,Y,1596250224,5.32083408
127,120,N,1592238528,5.30746176
332,25,Y,1592186400,5.307288000000001
61,20,N,1591279520,5.304265066666667
516,48,Y,1582646672,5.275488906666666
31,20,N,1574040712,5.246802373333334
577,56,Y,1573961192,5.246537306666667
86,102,N,1573740168,5.24580056
35,26,N,1572513296,5.241710986666667
111,120,N,1570005504,5.23335168
944,102,Y,1568550816,5.22850272
81,85,N,1567913688,5.22637896
43,78,N,1556288056,5.187626853333334
709,72,Y,1554528560,5.181761866666667
94,122,N,1552859288,5.176197626666667
657,66,Y,1548399888,5.16133296
160,4,Y,1546588800,5.155296
62,20,N,1545778136,5.152593786666667
43,39,N,1543262496,5.144208320000001
93,46,N,1541378744,5.137929146666666
97,56,N,1540959584,5.136531946666667
55,8,N,1539979240,5.133264133333333
124,52,N,1538489296,5.128297653333334
1090,120,Y,1537723256,5.125744186666667
92,103,N,1532813208,5.10937736
1037,113,Y,1531782314,5.105941046666667
62,96,N,1529762476,5.099208253333333
1002,109,Y,1529617536,5.09872512
69,79,N,1509399512,5.031331706666667
123,119,N,1509317472,5.03105824
70,107,N,1505347451,5.017824836666667
322,24,Y,1504493141,5.0149771366666664
103,75,N,1502068048,5.006893493333334
4,13,N,1494202982,4.980676606666667
971,105,Y,1485710976,4.95236992
112,115,N,1480939276,4.936464253333334
63,73,N,1478380152,4.92793384
147,2,Y,1471237152,4.90412384
1079,118,Y,1468337272,4.894457573333334
462,41,Y,1468291800,4.894305999999999
18,50,N,1467838192,4.892793973333333
34,64,N,1465634888,4.8854496266666665
1148,127,Y,1464138816,4.88046272
25,21,N,1459947112,4.866490373333334
61,37,N,1457246888,4.857489626666666
249,15,Y,1455885120,4.8529504
51,98,N,1455844528,4.852815093333334
974,105,Y,1453549384,4.845164613333333
11,83,N,1452729504,4.84243168
97,49,N,1452522800,4.841742666666667
234,13,Y,1449145512,4.83048504
248,15,Y,1447413240,4.8247108
46,76,N,1442798960,4.809329866666666
69,44,N,1439598851,4.798662836666667
484,44,Y,1431963136,4.773210453333333
878,93,Y,1429807320,4.7660244
1105,122,Y,1428784320,4.7626144
287,19,Y,1424519224,4.7483974133333335
52,70,N,1421083048,4.736943493333333
774,80,Y,1419180608,4.730602026666666
95,104,N,1418044432,4.726814773333333
12,67,N,1415934000,4.71978
99,90,N,1415815328,4.719384426666666
133,0,Y,1410249648,4.70083216
5,16,N,1409668688,4.698895626666666
746,77,Y,1407596600,4.691988666666667
44,69,N,1403655248,4.678850826666666
1113,123,Y,1400366504,4.6678883466666665
367,29,Y,1399407312,4.66469104
861,91,Y,1399349064,4.66449688
95,107,N,1399031584,4.663438613333333
103,92,N,1398495528,4.66165176
668,67,Y,1393794976,4.645983253333333
456,41,Y,1392253906,4.640846353333333
929,100,Y,1389037784,4.630125946666666
951,102,Y,1383119016,4.61039672
242,14,Y,1379452192,4.598173973333333
75,103,N,1379334184,4.597780613333334
970,105,Y,1379108640,4.5970287999999995
82,117,N,1376408240,4.5880274666666665
148,2,Y,1374097152,4.58032384
52,57,N,1371950456,4.573168186666667
605,59,Y,1370755376,4.569184586666666
554,53,Y,1367845000,4.5594833333333336
853,90,Y,1362488336,4.541627786666667
482,44,Y,1361530608,4.53843536
91,92,N,1360656352,4.535521173333333
807,84,Y,1348828752,4.49609584
60,63,N,1348112152,4.493707173333333
240,14,Y,1346782736,4.489275786666667
750,77,Y,1345152352,4.483841173333333
803,84,Y,1344706192,4.482353973333334
1034,113,Y,1344578248,4.481927493333333
485,44,Y,1337883160,4.459610533333333
83,11,N,1336886246,4.456287486666667
58,83,N,1336340576,4.454468586666667
875,93,Y,1335959672,4.453198906666667
345,27,Y,1326538888,4.421796293333333
904,97,Y,1326382312,4.421274373333333
641,64,Y,1323411856,4.411372853333333
8,62,N,1321765440,4.4058848
118,109,N,1321485640,4.4049521333333335
74,87,N,1320658576,4.402195253333333
264,17,Y,1314561520,4.381871733333333
822,86,Y,1314136448,4.380454826666667
164,4,Y,1313742240,4.3791408
257,16,Y,1313519768,4.378399226666667
368,30,Y,1313446736,4.3781557866666665
351,27,Y,1313343592,4.377811973333333
1021,111,Y,1310838336,4.3694611199999995
296,21,Y,1310421692,4.368072306666667
910,97,Y,1307040496,4.356801653333333
486,44,Y,1305328920,4.3510964
60,31,N,1305268184,4.350893946666667
1130,125,Y,1304051261,4.3468375366666665
76,61,N,1302814448,4.342714826666667
40,95,N,1302192256,4.340640853333333
744,77,Y,1302109008,4.34036336
43,74,N,1294316696,4.314388986666667
127,80,N,1293606080,4.312020266666667
743,76,Y,1290925184,4.303083946666667
906,97,Y,1290396664,4.301322213333333
79,61,N,1289585232,4.29861744
78,84,N,1286546520,4.288488399999999
681,69,Y,1281414472,4.271381573333334
51,59,N,1281099216,4.27033072
435,38,Y,1276607576,4.2553585866666666
79,88,N,1271195000,4.237316666666667
443,39,Y,1268638928,4.228796426666666
980,106,Y,1267533480,4.2251116
116,73,N,1264904008,4.216346693333333
7,6,N,1263710216,4.212367386666667
109,103,N,1257972920,4.193243066666667
365,29,Y,1257119040,4.1903968
277,18,Y,1256976480,4.1899216
1073,118,Y,1256817648,4.189392160000001
156,3,Y,1256475832,4.188252773333334
324,24,Y,1252699176,4.17566392
712,73,Y,1251200536,4.170668453333334
284,19,Y,1248589344,4.16196448
671,67,Y,1246731400,4.155771333333334
33,11,N,1244803278,4.14934426
1094,120,Y,1244358719,4.147862396666667
481,44,Y,1240916352,4.136387839999999
991,107,Y,1240491536,4.134971786666667
969,105,Y,1238907936,4.12969312
153,3,Y,1234222224,4.11407408
8,51,N,1233768888,4.11256296
179,6,Y,1232940016,4.109800053333333
526,49,Y,1232270104,4.107567013333333
376,31,Y,1232211048,4.107370159999999
107,89,N,1231747488,4.10582496
442,39,Y,1231519464,4.10506488
706,72,Y,1229039720,4.096799066666667
976,106,Y,1227764976,4.09254992
502,46,Y,1227102808,4.090342693333334
1015,110,Y,1219144032,4.06381344
1057,116,Y,1216103752,4.053679173333333
438,38,Y,1214053280,4.046844266666667
336,26,Y,1211734344,4.03911448
1059,116,Y,1210450872,4.03483624
549,52,Y,1210129456,4.0337648533333335
187,7,Y,1209273704,4.030912346666667
519,48,Y,1209216512,4.030721706666666
675,68,Y,1206712176,4.02237392
966,104,Y,1205697624,4.01899208
202,9,Y,1203665408,4.012218026666667
975,105,Y,1203019824,4.01006608
838,88,Y,1202761768,4.009205893333333
77,80,N,1201977640,4.006592133333333
538,51,Y,1200292049,4.000973496666667
7,55,N,1198511256,3.99503752
1004,109,Y,1197764528,3.9925484266666666
49,45,N,1197150440,3.9905014666666667
369,30,Y,1196644400,3.9888146666666664
98,97,N,1196433616,3.9881120533333334
916,98,Y,1193892128,3.9796404266666667
11,33,N,1191179144,3.9705971466666665
73,63,N,1187227808,3.957426026666667
909,97,Y,1186339520,3.9544650666666668
42,55,N,1183795728,3.94598576
1045,114,Y,1175411472,3.91803824
266,17,Y,1175116848,3.91705616
808,85,Y,1170197664,3.90065888
24,44,N,1170142312,3.900474373333333
530,50,Y,1168221760,3.8940725333333335
302,21,Y,1163055488,3.8768516266666664
505,47,Y,1162954048,3.8765134933333334
391,32,Y,1159692720,3.8656424
648,65,Y,1157979216,3.8599307200000004
518,48,Y,1155302488,3.8510082933333334
151,2,Y,1154242720,3.847475733333333
452,40,Y,1153898232,3.8463274399999996
58,99,N,1153761504,3.84587168
528,50,Y,1152817552,3.842725173333333
1001,109,Y,1151457928,3.8381930933333335
715,73,Y,1151429512,3.838098373333333
68,90,N,1148573568,3.8285785599999995
371,30,Y,1145124184,3.8170806133333333
544,52,Y,1144319672,3.814398906666667
359,28,Y,1142373823,3.807912743333333
589,57,Y,1141482256,3.8049408533333335
736,76,Y,1141295872,3.8043195733333333
493,45,Y,1140698064,3.8023268800000003
262,16,Y,1140584320,3.801947733333334
437,38,Y,1137967600,3.793225333333333
1128,125,Y,1135472415,3.78490805
393,33,Y,1135068880,3.7835629333333336
347,27,Y,1134999184,3.7833306133333333
397,33,Y,1134399592,3.7813319733333337
38,81,N,1132624032,3.77541344
223,11,Y,1130775488,3.7692516266666662
532,50,Y,1129612664,3.7653755466666667
1066,117,Y,1129248960,3.7641632
113,70,N,1128497240,3.7616574666666667
99,58,N,1126286192,3.754287306666667
14,68,N,1124270496,3.74756832
309,22,Y,1120596128,3.735320426666667
123,74,N,1117902968,3.7263432266666667
38,92,N,1116427544,3.721425146666667
771,80,Y,1115483041,3.7182768033333335
96,62,N,1112972792,3.7099093066666664
328,25,Y,1109560768,3.698535893333333
826,87,Y,1109006040,3.6966868
881,94,Y,1106891040,3.6896367999999997
132,0,Y,1105222520,3.6840750666666664
497,46,Y,1102247720,3.6741590666666664
444,39,Y,1101038776,3.670129253333333
520,49,Y,1101011480,3.670038266666667
340,26,Y,1098966208,3.6632206933333333
190,7,Y,1098520304,3.6617343466666665
907,97,Y,1097506336,3.658354453333333
261,16,Y,1097199296,3.6573309866666666
329,25,Y,1087812336,3.62604112
1116,123,Y,1087208896,3.6240296533333334
535,50,Y,1086721920,3.6224064
890,95,Y,1084096560,3.6136552
533,50,Y,1083807408,3.61269136
98,51,N,1083455664,3.61151888
250,15,Y,1083198272,3.610660906666667
968,105,Y,1081662984,3.60554328
263,16,Y,1079530864,3.5984362133333336
634,63,Y,1079422344,3.5980744799999997
62,70,N,1079063440,3.596878133333333
36,45,N,1076945678,3.5898189266666667
170,5,Y,1076014144,3.586713813333333
174,5,Y,1075256199,3.5841873300000002
457,41,Y,1072538336,3.5751277866666666
343,26,Y,1072239392,3.5741313066666667
265,17,Y,1071561536,3.5718717866666667
295,20,Y,1071523096,3.5717436533333333
777,81,Y,1070841600,3.5694719999999998
251,15,Y,1069707360,3.5656912
74,43,N,1069167592,3.563891973333334
81,106,N,1068566264,3.5618875466666666
454,40,Y,1065660119,3.5522003966666666
152,3,Y,1065271928,3.550906426666667
753,78,Y,1062715432,3.542384773333333
20,62,N,1062705548,3.5423518266666667
327,24,Y,1062352840,3.5411761333333334
254,15,Y,1061791680,3.5393056
70,62,N,1061490328,3.538301093333333
79,69,N,1061484128,3.5382804266666663
550,52,Y,1059863784,3.53287928
67,72,N,1059373528,3.5312450933333337
895,95,Y,1058446376,3.5281545866666666
59,55,N,1058300776,3.5276692533333334
1124,124,Y,1056969360,3.5232312
212,10,Y,1056114240,3.5203808000000003
436,38,Y,1055864448,3.5195481600000003
911,97,Y,1050736511,3.5024550366666665
246,14,Y,1049001136,3.496670453333333
604,59,Y,1048803216,3.49601072
708,72,Y,1048456512,3.49485504
449,40,Y,1047545592,3.4918186400000004
1020,111,Y,1047234928,3.4907830933333335
1033,113,Y,1047196144,3.490653813333333
552,53,Y,1046410816,3.4880360533333334
1111,122,Y,1043856000,3.47952
946,102,Y,1043624160,3.4787472
269,17,Y,1042148152,3.4738271733333335
809,85,Y,1037001688,3.4566722933333334
798,83,Y,1036524512,3.455081706666667
555,53,Y,1033450560,3.4448352
207,9,Y,1033297088,3.444323626666667
868,92,Y,1032851672,3.4428389066666667
12,26,N,1032830736,3.44276912
64,34,N,1032518072,3.4417269066666667
511,47,Y,1031987808,3.43995936
953,103,Y,1030331456,3.434438186666667
274,18,Y,1030068632,3.433562106666667
735,75,Y,1029438704,3.4314623466666667
455,40,Y,1029181168,3.430603893333333
570,55,Y,1028957200,3.429857333333333
741,76,Y,1027792032,3.42597344
271,17,Y,1027460440,3.4248681333333337
236,13,Y,1027390672,3.424635573333333
113,89,N,1024959720,3.4165323999999995
490,45,Y,1022210296,3.4073676533333335
529,50,Y,1021049496,3.40349832
653,65,Y,1020009056,3.4000301866666667
244,14,Y,1019187792,3.39729264
721,74,Y,1018668080,3.3955602666666667
660,66,Y,1016308488,3.3876949599999997
84,78,N,1015564384,3.385214613333333
892,95,Y,1013385424,3.3779514133333333
785,82,Y,1013331368,3.377771226666667
755,78,Y,1011668312,3.3722277066666666
620,61,Y,1010798905,3.369329683333333
1134,125,Y,1010336992,3.3677899733333336
1089,120,Y,1009955936,3.366519786666667
933,100,Y,1009773112,3.3659103733333335
378,31,Y,1008034856,3.3601161866666667
737,76,Y,1007315632,3.357718773333333
1064,117,Y,1003416480,3.3447216
1051,115,Y,1002350424,3.34116808
685,69,Y,1002286812,3.3409560400000005
100,106,N,999947848,3.3331594933333335
194,8,Y,999401688,3.33133896
1048,115,Y,997872776,3.326242586666667
176,6,Y,996829344,3.3227644799999996
268,17,Y,994004160,3.3133472
420,36,Y,993417504,3.31139168
667,67,Y,993233056,3.310776853333333
377,31,Y,993197416,3.3106580533333334
109,56,N,992322600,3.307742
489,45,Y,987790288,3.2926342933333332
1118,123,Y,987102080,3.2903402666666666
642,64,Y,987052176,3.29017392
932,100,Y,985956480,3.2865216000000004
824,87,Y,985485600,3.284952
864,92,Y,983407664,3.2780255466666666
716,73,Y,982937408,3.276458026666667
747,77,Y,982095320,3.273651066666667
523,49,Y,981481688,3.2716056266666667
866,92,Y,981478904,3.2715963466666667
705,72,Y,981380296,3.271267653333333
1122,124,Y,980869056,3.26956352
146,2,Y,979985232,3.2666174399999997
912,98,Y,979142296,3.263807653333333
131,0,Y,978213304,3.2607110133333332
41,83,N,973761744,3.2458724799999996
938,101,Y,972230856,3.24076952
958,103,Y,969263880,3.2308796
1069,117,Y,968479200,3.2282640000000002
512,48,Y,966080944,3.220269813333333
227,12,Y,965993560,3.2199785333333333
992,108,Y,963432576,3.21144192
469,42,Y,963005472,3.21001824
317,23,Y,962092800,3.206976
1076,118,Y,961776264,3.2059208800000003
306,22,Y,961650016,3.2055000533333335
1082,119,Y,961615008,3.20538336
941,101,Y,960343200,3.201144
845,89,Y,960165424,3.2005514133333337
1009,110,Y,958128512,3.193761706666667
767,79,Y,958078584,3.1935952800000003
451,40,Y,958075656,3.19358552
827,87,Y,958020280,3.1934009333333333
394,33,Y,957632688,3.19210896
887,94,Y,957415680,3.1913856
1012,110,Y,955075200,3.1835839999999997
396,33,Y,953969488,3.1798982933333333
813,85,Y,953629880,3.178766266666667
506,47,Y,952999656,3.1766655200000002
348,27,Y,952411200,3.1747039999999997
62,8,N,951193080,3.1706435999999996
90,99,N,950572040,3.1685734666666665
8,55,N,949762272,3.1658742400000004
1070,117,Y,949747200,3.1658239999999997
433,38,Y,947850984,3.15950328
231,12,Y,947843504,3.1594783466666665
470,42,Y,947821296,3.1594043199999997
702,71,Y,946948191,3.15649397
611,60,Y,946073752,3.153579173333333
37,75,N,945502680,3.1516756
829,87,Y,944059112,3.1468637066666667
880,94,Y,941031360,3.1367712
475,43,Y,939077000,3.1302566666666665
751,77,Y,938796272,3.129320906666667
579,56,Y,935939080,3.1197969333333333
841,89,Y,935417152,3.1180571733333333
723,74,Y,934869504,3.11623168
855,90,Y,934850904,3.11616968
897,96,Y,932458248,3.10819416
480,44,Y,931216224,3.10405408
724,74,Y,930884675,3.1029489166666666
786,82,Y,930874560,3.1029152
253,15,Y,930201776,3.1006725866666667
446,39,Y,929863136,3.0995437866666666
999,108,Y,927476794,3.0915893133333334
739,76,Y,926040432,3.08680144
337,26,Y,923676200,3.0789206666666664
948,102,Y,923591536,3.0786384533333333
360,29,Y,918505336,3.061684453333333
228,12,Y,918145112,3.060483706666667
959,103,Y,913419008,3.0447300266666666
569,55,Y,913203896,3.0440129866666665
229,12,Y,911860824,3.03953608
494,45,Y,911836392,3.0394546399999998
463,41,Y,911240472,3.03746824
39,43,N,910466304,3.03488768
135,0,Y,908368944,3.02789648
561,54,Y,908315592,3.02771864
333,25,Y,907973520,3.0265784
373,30,Y,903650288,3.012167626666667
112,75,N,903274544,3.0109151466666666
362,29,Y,902518472,3.0083949066666666
108,80,N,901384104,3.0046136800000003
531,50,Y,901297512,3.00432504
402,34,Y,899353024,2.9978434133333334
799,83,Y,898659136,2.9955304533333336
617,61,Y,898365648,2.99455216
1,27,N,898009240,2.9933641333333334
1067,117,Y,895352640,2.9845088
720,74,Y,895019144,2.983397146666667
321,24,Y,893357328,2.97785776
633,63,Y,891754104,2.97251368
872,93,Y,891108584,2.970361946666667
430,37,Y,890146200,2.967154
927,99,Y,889776999,2.96592333
683,69,Y,889629424,2.9654314133333335
805,84,Y,889079000,2.9635966666666667
400,34,Y,888929584,2.963098613333333
562,54,Y,888344312,2.9611477066666665
383,31,Y,888332184,2.96110728
1091,120,Y,887996320,2.9599877333333335
560,54,Y,887349600,2.9578320000000002
172,5,Y,886516784,2.9550559466666666
731,75,Y,886489768,2.954965893333333
344,27,Y,882302992,2.9410099733333332
1053,115,Y,877796720,2.925989066666667
32,87,N,877433568,2.92477856
465,42,Y,876613808,2.922046026666667
802,84,Y,876526200,2.921754
950,102,Y,875844504,2.91948168
83,89,N,875700760,2.9190025333333334
820,86,Y,875190368,2.9173012266666665
1127,124,Y,875056376,2.9168545866666666
1081,119,Y,874173568,2.9139118933333332
352,28,Y,874071616,2.913572053333333
553,53,Y,874012112,2.9133737066666665
408,35,Y,871953696,2.90651232
551,52,Y,871832024,2.9061067466666666
893,95,Y,871533288,2.90511096
491,45,Y,868985264,2.8966175466666666
1063,116,Y,867226608,2.89075536
77,118,N,861400044,2.87133348
220,11,Y,860384792,2.8679493066666666
726,74,Y,860212352,2.8673745066666667
232,13,Y,860122680,2.8670755999999997
1041,114,Y,859566864,2.8652228799999997
936,101,Y,859437488,2.864791626666667
55,59,N,858799240,2.8626641333333334
748,77,Y,858305584,2.8610186133333335
791,82,Y,854985600,2.849952
623,61,Y,853395080,2.8446502666666666
136,1,Y,853367656,2.8445588533333335
270,17,Y,853325312,2.8444177066666665
16,45,N,852927056,2.8430901866666667
1061,116,Y,852823436,2.8427447866666666
818,86,Y,848944152,2.82981384
846,89,Y,843149592,2.81049864
781,81,Y,842754320,2.809181066666667
883,94,Y,842677440,2.8089248
763,79,Y,842165656,2.8072188533333335
514,48,Y,842087808,2.80695936
719,73,Y,841554256,2.8051808533333333
978,106,Y,839126192,2.7970873066666666
688,70,Y,838196080,2.793986933333333
88,79,N,836133008,2.787110026666667
331,25,Y,835637520,2.7854584
772,80,Y,835356272,2.7845209066666667
943,101,Y,835103656,2.7836788533333334
1114,123,Y,834383816,2.7812793866666667
1055,115,Y,832960320,2.7765344
319,23,Y,832312320,2.7743744
662,66,Y,831601440,2.7720048
885,94,Y,831417472,2.771391573333333
1106,122,Y,830083936,2.7669464533333334
639,63,Y,829306352,2.764354506666667
1143,126,Y,827320416,2.75773472
165,4,Y,825869496,2.75289832
483,44,Y,825845440,2.7528181333333333
169,5,Y,824805136,2.7493504533333333
1135,125,Y,824379955,2.747933183333333
59,51,N,823555656,2.74518552
399,33,Y,823395056,2.7446501866666666
13,4,N,823088824,2.743629413333333
429,37,Y,822597968,2.7419932266666667
714,73,Y,821185504,2.7372850133333335
208,10,Y,821004000,2.7366800000000002
17,20,N,820252024,2.7341734133333335
1146,127,Y,820121232,2.73373744
635,63,Y,818353656,2.72784552
713,73,Y,818132120,2.7271070666666666
361,29,Y,817942560,2.7264752
209,10,Y,817917600,2.726392
461,41,Y,817191672,2.72397224
267,17,Y,815747040,2.7191568
921,99,Y,815429816,2.7180993866666667
28,3,N,813322840,2.7110761333333335
206,9,Y,813207640,2.710692133333333
472,43,Y,813059297,2.710197656666667
159,3,Y,811270400,2.704234666666667
534,50,Y,810633120,2.7021104
1046,114,Y,810096472,2.700321573333333
812,85,Y,808748704,2.6958290133333334
1110,122,Y,808380000,2.6946000000000003
356,28,Y,807971472,2.69323824
559,53,Y,806255520,2.6875184
638,63,Y,806065504,2.6868850133333333
392,33,Y,805903936,2.6863464533333334
788,82,Y,805319760,2.6843992
339,26,Y,804218016,2.68072672
441,39,Y,803187344,2.6772911466666667
380,31,Y,802487112,2.67495704
711,72,Y,801370640,2.671235466666667
661,66,Y,801113480,2.6703782666666664
323,24,Y,800753760,2.6691792
1129,125,Y,800600160,2.6686672000000002
279,18,Y,800087376,2.66695792
171,5,Y,800040210,2.6668007
801,84,Y,799554904,2.6651830133333334
1126,124,Y,799504848,2.66501616
636,63,Y,796348528,2.6544950933333333
128,0,Y,793185624,2.64395208
956,103,Y,791466816,2.63822272
130,0,Y,791005096,2.6366836533333333
1147,127,Y,787675344,2.62558448
217,11,Y,787600416,2.6253347199999997
651,65,Y,787466800,2.6248893333333334
21,39,N,786678216,2.6222607200000003
854,90,Y,785377446,2.6179248200000003
388,32,Y,785018888,2.616729626666667
884,94,Y,784241280,2.6141376000000003
656,66,Y,783999456,2.61333152
218,11,Y,783764624,2.6125487466666666
847,89,Y,782989168,2.609963893333333
749,77,Y,782781672,2.60927224
537,51,Y,782613824,2.6087127466666664
828,87,Y,781981928,2.6066064266666666
318,23,Y,781209120,2.6040304
107,70,N,781151248,2.6038374933333333
870,92,Y,779719240,2.5990641333333335
578,56,Y,779537360,2.5984578666666667
104,68,N,779371704,2.59790568
1151,127,Y,778550400,2.595168
567,54,Y,777431824,2.5914394133333336
104,95,N,776660136,2.58886712
293,20,Y,775743648,2.5858121599999997
51,8,N,774939720,2.5831323999999998
775,80,Y,774395960,2.5813198666666666
186,7,Y,772147360,2.573824533333333
1109,122,Y,770696640,2.5689888
1117,123,Y,770574288,2.5685809600000002
857,91,Y,770233520,2.5674450666666666
654,65,Y,768468952,2.5615631733333335
354,28,Y,768144880,2.560482933333333
422,36,Y,767764832,2.5592161066666668
503,46,Y,767493064,2.5583102133333333
624,62,Y,766885877,2.5562862566666666
665,67,Y,765997392,2.55332464
154,3,Y,765921792,2.55307264
515,48,Y,765299152,2.5509971733333336
877,93,Y,764132472,2.54710824
372,30,Y,762664540,2.5422151333333334
914,98,Y,761149256,2.5371641866666668
998,108,Y,760553544,2.53517848
143,1,Y,758535761,2.528452536666667
412,35,Y,757911456,2.5263715199999996
1104,122,Y,757745600,2.525818666666667
150,2,Y,757118400,2.523728
191,7,Y,756775920,2.5225864000000002
979,106,Y,756538176,2.52179392
355,28,Y,755979984,2.51993328
757,78,Y,755098160,2.5169938666666667
1071,117,Y,753727056,2.51242352
738,76,Y,752404928,2.5080164266666665
468,42,Y,750898428,2.50299476
162,4,Y,750870024,2.50290008
691,70,Y,750771571,2.5025719033333336
335,25,Y,750051840,2.5001728
924,99,Y,749702720,2.4990090666666664
1150,127,Y,748702392,2.49567464
647,64,Y,747994664,2.4933155466666665
434,38,Y,747856904,2.4928563466666667
1092,120,Y,747542416,2.4918080533333336
787,82,Y,747183360,2.4906112
644,64,Y,746258488,2.4875282933333334
814,85,Y,746225823,2.48741941
1050,115,Y,744711165,2.48237055
832,88,Y,743725728,2.4790857600000002
459,41,Y,741345880,2.4711529333333333
488,45,Y,740278640,2.4675954666666664
410,35,Y,740174328,2.46724776
703,71,Y,739516320,2.4650544
139,1,Y,738619088,2.4620636266666667
1107,122,Y,738489120,2.4616303999999998
1030,112,Y,737951520,2.4598384
558,53,Y,737811840,2.4593727999999997
773,80,Y,736942016,2.4564733866666666
34,69,N,736077664,2.453592213333333
769,80,Y,735671472,2.4522382400000002
581,56,Y,735463320,2.4515444
458,41,Y,735411208,2.4513706933333332
1131,125,Y,734968800,2.449896
583,56,Y,732432744,2.44144248
919,98,Y,732315016,2.4410500533333335
797,83,Y,731335448,2.4377848266666664
928,100,Y,730317200,2.434390666666667
955,103,Y,727450616,2.4248353866666665
882,94,Y,727348288,2.4244942933333333
298,21,Y,726339446,2.421131486666667
508,47,Y,726207234,2.42069078
710,72,Y,724834992,2.41611664
823,86,Y,724136416,2.413788053333333
609,60,Y,724069848,2.4135661600000002
163,4,Y,722833920,2.4094463999999998
588,57,Y,722318560,2.407728533333333
673,68,Y,721959776,2.4065325866666667
386,32,Y,721611360,2.4053712000000003
6,7,N,721476600,2.404922
276,18,Y,721155784,2.4038526133333336
479,43,Y,721134256,2.403780853333333
285,19,Y,721006720,2.4033557333333335
831,87,Y,719110168,2.3970338933333335
282,19,Y,718679256,2.39559752
313,23,Y,717636000,2.39212
1132,125,Y,717634600,2.3921153333333334
305,22,Y,717238696,2.3907956533333334
286,19,Y,715350272,2.3845009066666667
374,30,Y,713557032,2.37852344
358,28,Y,713034184,2.376780613333333
1096,121,Y,712740000,2.3758
200,9,Y,712364984,2.374549946666667
364,29,Y,712224480,2.3740816000000002
676,68,Y,711367728,2.37122576
252,15,Y,710541008,2.368470026666667
300,21,Y,710173642,2.3672454733333335
499,46,Y,709489792,2.3649659733333337
1083,119,Y,709268448,2.3642281599999997
1039,113,Y,709035968,2.3634532266666666
432,38,Y,707956712,2.359855706666667
1072,118,Y,706922584,2.356408613333333
876,93,Y,706622992,2.3554099733333334
149,2,Y,706297440,2.3543248
134,0,Y,705112208,2.3503740266666666
157,3,Y,703229176,2.3440972533333335
224,12,Y,702446360,2.3414878666666668
375,30,Y,700953104,2.3365103466666666
1099,121,Y,700952784,2.33650928
985,107,Y,699169208,2.3305640266666665
501,46,Y,699167936,2.3305597866666665
166,4,Y,698580480,2.3286016
201,9,Y,696539892,2.32179964
167,4,Y,695588640,2.3186288
954,103,Y,695277480,2.3175916
1080,119,Y,691149624,2.3038320800000003
256,16,Y,690023736,2.30007912
1054,115,Y,689872608,2.29957536
385,32,Y,688777768,2.2959258933333335
275,18,Y,688489920,2.2949664000000003
894,95,Y,688386480,2.2946215999999997
844,89,Y,688061784,2.29353928
595,58,Y,685762520,2.2858750666666667
1024,112,Y,685234528,2.284115093333333
666,67,Y,684226784,2.2807559466666665
226,12,Y,682818608,2.2760620266666667
1052,115,Y,681298600,2.2709953333333335
740,76,Y,680650736,2.2688357866666666
417,36,Y,680635504,2.2687850133333334
379,31,Y,680363760,2.2678792
684,69,Y,679706392,2.2656879733333333
1098,121,Y,679117192,2.2637239733333336
792,83,Y,678178464,2.26059488
862,91,Y,677423120,2.2580770666666665
722,74,Y,677134584,2.2571152800000003
947,102,Y,676730264,2.2557675466666667
341,26,Y,676446568,2.2548218933333333
949,102,Y,675871664,2.2529055466666668
1088,120,Y,675103896,2.2503463200000002
543,51,Y,674579416,2.2485980533333336
758,78,Y,674319904,2.2477330133333333
203,9,Y,673396738,2.244655793333333
1119,123,Y,673297840,2.2443261333333333
500,46,Y,673211592,2.2440386400000003
1068,117,Y,673142880,2.2438096
545,52,Y,672938640,2.2431288
1017,111,Y,672920752,2.243069173333333
886,94,Y,672324960,2.2410832
730,75,Y,672046544,2.2401551466666665
679,68,Y,671409568,2.2380318933333334
937,101,Y,670393144,2.2346438133333333
677,68,Y,670282080,2.2342736
421,36,Y,669277112,2.2309237066666667
616,61,Y,668694104,2.228980346666667
423,36,Y,665002928,2.2166764266666665
448,40,Y,664972088,2.2165736266666665
742,76,Y,663977912,2.2132597066666664
1062,116,Y,663441936,2.21147312
793,83,Y,662480912,2.2082697066666666
836,88,Y,661944128,2.206480426666667
338,26,Y,659585952,2.19861984
447,39,Y,659485200,2.198284
255,15,Y,659302080,2.1976736
672,68,Y,659076480,2.1969216
419,36,Y,659011544,2.1967051466666665
395,33,Y,658233600,2.194112
292,20,Y,658039056,2.19346352
614,60,Y,654782352,2.18260784
439,38,Y,652459400,2.1748646666666667
830,87,Y,652054480,2.1735149333333332
670,67,Y,649718200,2.1657273333333333
382,31,Y,648308360,2.1610278666666667
116,78,N,647510000,2.1583666666666668
281,19,Y,646907912,2.1563597066666667
840,89,Y,646657744,2.1555258133333335
905,97,Y,644796056,2.1493201866666665
839,88,Y,644359136,2.1478637866666666
789,82,Y,643532640,2.1451088
235,13,Y,642644784,2.14214928
1084,119,Y,642235048,2.1407834933333336
0,133,Y,641972648,2.139908826666667
9,39,N,640635792,2.13545264
699,71,Y,640560960,2.1352032
733,75,Y,640084248,2.13361416
926,99,Y,639560392,2.131867973333333
622,61,Y,638650248,2.12883416
22,39,N,638172336,2.12724112
835,88,Y,637587872,2.1252929066666666
790,82,Y,636904552,2.1230151733333336
795,83,Y,636068272,2.1202275733333336
290,20,Y,634995832,2.116652773333333
988,107,Y,634157560,2.1138585333333335
237,13,Y,634125600,2.113752
89,113,N,633761072,2.1125369066666666
652,65,Y,633390064,2.111300213333333
566,54,Y,631378232,2.1045941066666667
1144,127,Y,631321472,2.104404906666667
934,100,Y,630162616,2.100542053333333
193,8,Y,628984336,2.0966144533333333
908,97,Y,628796968,2.095989893333333
972,105,Y,628170720,2.0939024
185,7,Y,627371896,2.091239653333333
825,87,Y,626471496,2.08823832
1043,114,Y,625866280,2.0862209333333332
996,108,Y,625510368,2.08503456
962,104,Y,624326648,2.081088826666667
289,20,Y,623682944,2.0789431466666666
935,100,Y,622586424,2.07528808
58,43,N,622172320,2.0739077333333333
965,104,Y,622152640,2.0738421333333332
96,43,N,620312040,2.0677068
450,40,Y,620232792,2.0674426400000003
664,67,Y,619644893,2.065482976666667
981,106,Y,619060848,2.06353616
330,25,Y,616727952,2.0557598400000003
626,62,Y,616275472,2.054251573333333
663,66,Y,615728944,2.052429813333333
1058,116,Y,615276872,2.0509229066666665
546,52,Y,614745584,2.0491519466666666
913,98,Y,612818200,2.042727333333333
997,108,Y,611612544,2.03870848
158,3,Y,611208744,2.03736248
925,99,Y,610153009,2.0338433633333333
1019,111,Y,609830192,2.0327673066666665
686,69,Y,609203416,2.0306780533333333
183,6,Y,609158800,2.030529333333333
590,57,Y,607783584,2.02594528
687,69,Y,607701800,2.0256726666666665
674,68,Y,605000808,2.01666936
957,103,Y,604312112,2.0143737066666665
406,34,Y,604005656,2.013352186666667
541,51,Y,603547976,2.0118265866666665
779,81,Y,603476656,2.0115888533333335
188,7,Y,602449840,2.0081661333333334
521,49,Y,602322816,2.00774272
291,20,Y,601510038,2.00503346
205,9,Y,601193498,2.0039783266666666
117,82,N,599888000,1.9996266666666664
1031,112,Y,598641728,1.9954724266666668
504,47,Y,598373256,1.9945775200000002
587,57,Y,598102472,1.9936749066666666
811,85,Y,596711184,1.98903728
510,47,Y,595548000,1.98516
727,74,Y,595169040,1.9838968
431,37,Y,591183096,1.9706103199999998
424,37,Y,590553208,1.9685106933333336
632,63,Y,590420520,1.9680684
357,28,Y,589517504,1.9650583466666667
593,58,Y,586902184,1.9563406133333332
608,60,Y,586841760,1.9561392
387,32,Y,585833736,1.9527791199999998
794,83,Y,585508816,1.9516960533333332
243,14,Y,585268664,1.9508955466666664
923,99,Y,584649240,1.9488307999999999
398,33,Y,584360256,1.94786752
557,53,Y,583247504,1.9441583466666665
874,93,Y,582385152,1.94128384
575,55,Y,582183864,1.9406128799999998
445,39,Y,581735136,1.9391171200000001
1056,116,Y,580511648,1.9350388266666667
247,14,Y,580432960,1.9347765333333333
310,22,Y,579777560,1.9325918666666668
576,56,Y,579370304,1.9312343466666666
961,104,Y,577436368,1.9247878933333333
599,58,Y,577243920,1.9241464
613,60,Y,577006776,1.92335592
689,70,Y,576735272,1.9224509066666666
225,12,Y,576364792,1.9212159733333334
427,37,Y,575874776,1.9195825866666665
272,18,Y,575705520,1.9190184
211,10,Y,574364160,1.9145472000000001
219,11,Y,574109280,1.9136975999999999
977,106,Y,573306096,1.9110203199999998
759,78,Y,572121768,1.90707256
495,45,Y,571644672,1.90548224
137,1,Y,571019984,1.9033999466666667
598,58,Y,570821704,1.9027390133333333
967,104,Y,567730000,1.8924333333333334
1086,119,Y,567562272,1.8918742400000002
1025,112,Y,567373824,1.89124608
888,95,Y,564786112,1.8826203733333335
768,80,Y,562782672,1.8759422399999999
66,54,N,561093864,1.87031288
473,43,Y,560669064,1.86889688
513,48,Y,559988264,1.8666275466666666
299,21,Y,559601304,1.8653376799999999
548,52,Y,558170480,1.8605682666666667
1112,123,Y,557422168,1.8580738933333334
939,101,Y,557267928,1.85755976
643,64,Y,557219864,1.8573995466666666
1137,126,Y,557073584,1.8569119466666666
1044,114,Y,556132872,1.8537762400000002
366,29,Y,553383840,1.8446128
628,62,Y,552887440,1.8429581333333334
1108,122,Y,552637920,1.8421264
428,37,Y,552255376,1.8408512533333334
754,78,Y,551111072,1.8370369066666665
982,106,Y,550122296,1.8337409866666667
547,52,Y,547387960,1.8246265333333334
615,60,Y,546610584,1.82203528
963,104,Y,545682728,1.8189424266666667
649,65,Y,545576968,1.8185898933333333
856,91,Y,545049000,1.81683
1085,119,Y,544635928,1.8154530933333333
177,6,Y,543407664,1.81135888
308,22,Y,542107336,1.8070244533333335
625,62,Y,541472600,1.8049086666666665
964,104,Y,540038904,1.80012968
476,43,Y,539096384,1.7969879466666667
690,70,Y,538827808,1.7960926933333332
682,69,Y,537569104,1.7918970133333334
889,95,Y,537238352,1.7907945066666666
1060,116,Y,537038512,1.7901283733333333
498,46,Y,536739480,1.7891316000000002
734,75,Y,536465488,1.7882182933333335
467,42,Y,535398808,1.7846626933333332
1027,112,Y,535270261,1.7842342033333334
199,8,Y,534621408,1.78207136
258,16,Y,534331712,1.7811057066666667
114,54,N,534144400,1.7804813333333331
745,77,Y,533008592,1.7766953066666666
403,34,Y,532921592,1.7764053066666667
796,83,Y,532383158,1.7746105266666665
580,56,Y,531393032,1.7713101066666668
918,98,Y,530409328,1.7680310933333332
304,22,Y,530288440,1.7676281333333332
241,14,Y,529839784,1.7661326133333333
542,51,Y,529468832,1.7648961066666666
478,43,Y,528702024,1.7623400800000002
586,57,Y,527838120,1.7594604
230,12,Y,527324056,1.7577468533333334
591,57,Y,526621456,1.7554048533333335
776,81,Y,523333272,1.74444424
863,91,Y,522615280,1.7420509333333334
764,79,Y,522087952,1.7402931733333336
563,54,Y,519309488,1.7310316266666668
782,81,Y,518832256,1.7294408533333332
342,26,Y,518207728,1.7273590933333334
1065,117,Y,517874880,1.7262495999999998
180,6,Y,517330296,1.72443432
717,73,Y,516597048,1.72199016
303,21,Y,515266672,1.7175555733333334
867,92,Y,508639032,1.6954634400000002
819,86,Y,505230104,1.6841003466666666
522,49,Y,505062664,1.6835422133333333
873,93,Y,504151888,1.6805062933333332
987,107,Y,503985008,1.6799500266666667
173,5,Y,502483904,1.6749463466666665
760,79,Y,500826640,1.6694221333333332
214,10,Y,500409600,1.6680319999999997
852,90,Y,500321600,1.6677386666666665
584,57,Y,499454192,1.6648473066666665
1138,126,Y,499452848,1.6648428266666668
215,10,Y,499228800,1.664096
765,79,Y,497643032,1.6588101066666665
678,68,Y,497535848,1.6584528266666665
752,78,Y,495445592,1.6514853066666668
283,19,Y,494993752,1.6499791733333335
1029,112,Y,494045432,1.6468181066666667
119,89,N,493480376,1.6449345866666667
704,72,Y,491122872,1.6370762399999998
810,85,Y,490121040,1.6337368
414,35,Y,488302648,1.6276754933333333
312,23,Y,487633920,1.6254464
945,102,Y,486954168,1.62318056
1040,114,Y,486680472,1.6222682400000001
1097,121,Y,486505800,1.621686
655,65,Y,485944848,1.61981616
471,42,Y,485484296,1.6182809866666668
610,60,Y,484599528,1.6153317600000001
630,62,Y,484550632,1.6151687733333333
692,70,Y,484114208,1.6137140266666665
585,57,Y,484015640,1.6133854666666665
1139,126,Y,483998088,1.61332696
984,107,Y,483055440,1.6101847999999999
175,5,Y,482132160,1.6071072
899,96,Y,480095592,1.60031864
1006,109,Y,479311048,1.5977034933333332
573,55,Y,478023696,1.59341232
411,35,Y,477806376,1.5926879200000001
1010,110,Y,477092240,1.5903074666666666
145,2,Y,476175688,1.5872522933333335
650,65,Y,475818080,1.5860602666666668
363,29,Y,475598880,1.5853296
903,96,Y,475390576,1.5846352533333334
994,108,Y,473497280,1.5783242666666666
192,8,Y,473438312,1.5781277066666666
197,8,Y,473382824,1.5779427466666667
384,32,Y,471404960,1.5713498666666665
596,58,Y,471271960,1.5709065333333334
762,79,Y,469675240,1.5655841333333333
460,41,Y,468544272,1.56181424
607,59,Y,467826392,1.5594213066666667
983,106,Y,466992664,1.5566422133333333
1013,110,Y,466174432,1.5539147733333334
940,101,Y,465661488,1.55220496
196,8,Y,464515888,1.5483862933333334
315,23,Y,464060640,1.5468688
556,53,Y,463918816,1.5463960533333332
314,23,Y,463847360,1.5461578666666667
842,89,Y,462698552,1.5423285066666668
1123,124,Y,462244016,1.5408133866666667
1038,113,Y,462182808,1.54060936
621,61,Y,460869336,1.5362311199999998
297,21,Y,460516848,1.53505616
233,13,Y,459416640,1.5313888
381,31,Y,459378272,1.5312609066666667
817,86,Y,458692256,1.5289741866666666
640,64,Y,458585280,1.5286176
900,96,Y,458141600,1.5271386666666666
527,49,Y,457735112,1.5257837066666666
816,86,Y,457395337,1.5246511233333333
182,6,Y,456716616,1.52238872
784,82,Y,456502080,1.5216736
110,114,N,456430984,1.5214366133333335
496,46,Y,455711104,1.5190370133333333
325,24,Y,455280008,1.5176000266666667
695,70,Y,455033832,1.51677944
1095,120,Y,454506264,1.51502088
594,58,Y,454113136,1.5137104533333332
141,1,Y,453283584,1.5109452799999998
311,22,Y,453071872,1.5102395733333334
334,25,Y,452865592,1.5095519733333334
571,55,Y,452450648,1.5081688266666666
390,32,Y,452104168,1.5070138933333332
756,78,Y,450497992,1.5016599733333333
680,69,Y,449381240,1.4979374666666667
1028,112,Y,448976280,1.4965876
1140,126,Y,447452160,1.4915072
1005,109,Y,447338968,1.4911298933333335
418,36,Y,445964384,1.4865479466666667
783,81,Y,445433896,1.4847796533333335
316,23,Y,445161120,1.4838704
415,35,Y,444297600,1.480992
142,1,Y,442789192,1.4759639733333334
601,59,Y,442723384,1.4757446133333332
849,90,Y,442300168,1.4743338933333334
637,63,Y,441256000,1.4708533333333333
409,35,Y,441189416,1.4706313866666665
349,27,Y,440570400,1.4685679999999999
1093,120,Y,439357608,1.4645253599999999
161,4,Y,437662968,1.45887656
990,107,Y,437413288,1.4580442933333333
416,36,Y,435198032,1.4506601066666667
540,51,Y,434437360,1.4481245333333332
848,90,Y,433867312,1.4462243733333333
629,62,Y,433818096,1.44606032
1047,114,Y,432543952,1.4418131733333335
858,91,Y,432010232,1.4400341066666666
850,90,Y,431751992,1.4391733066666668
603,59,Y,430521032,1.4350701066666667
1120,124,Y,430273688,1.4342456266666666
1049,115,Y,429719096,1.4323969866666666
915,98,Y,429283696,1.4309456533333333
1026,112,Y,429191208,1.43063736
453,40,Y,428122824,1.42707608
952,103,Y,425974640,1.4199154666666667
404,34,Y,425125112,1.4170837066666668
564,54,Y,424449696,1.41483232
405,34,Y,423955888,1.4131862933333332
568,55,Y,421687992,1.40562664
1042,114,Y,421344224,1.4044807466666667
658,66,Y,420853728,1.40284576
238,13,Y,420852480,1.4028416
1136,126,Y,420290000,1.4009666666666667
891,95,Y,419479152,1.39826384
942,101,Y,419266568,1.3975552266666667
869,92,Y,417528368,1.3917612266666668
901,96,Y,417472672,1.3915755733333333
184,7,Y,417402856,1.3913428533333332
307,22,Y,417233056,1.3907768533333333
696,71,Y,416567632,1.3885587733333333
697,71,Y,416129280,1.3870976
631,62,Y,415627776,1.38542592
597,58,Y,414954344,1.3831811466666666
259,16,Y,414521192,1.3817373066666665
973,105,Y,414327632,1.3810921066666668
294,20,Y,413909408,1.3796980266666667
1102,121,Y,413209176,1.37736392
920,99,Y,411627928,1.3720930933333333
960,104,Y,411354688,1.3711822933333333
698,71,Y,410786880,1.3692895999999999
1022,111,Y,409460488,1.3648682933333334
1011,110,Y,409021456,1.3634048533333334
843,89,Y,408774776,1.3625825866666668
1036,113,Y,408525120,1.3617504
1018,111,Y,408123992,1.3604133066666666
1014,110,Y,408019272,1.36006424
930,100,Y,406543960,1.3551465333333335
407,34,Y,405982608,1.3532753599999998
1008,110,Y,405893760,1.3529792
1007,109,Y,404910520,1.3497017333333332
1133,125,Y,404078400,1.3469280000000001
517,48,Y,403839576,1.34613192
922,99,Y,403313208,1.34437736
1100,121,Y,402370560,1.3412352
732,75,Y,401966624,1.3398887466666667
539,51,Y,401737416,1.33912472
701,71,Y,401723520,1.3390784
804,84,Y,400851776,1.3361725866666667
221,11,Y,400346608,1.3344886933333333
288,20,Y,398858320,1.3295277333333333
778,81,Y,398792072,1.3293069066666667
222,11,Y,397902904,1.3263430133333334
1141,126,Y,394009440,1.3133648
834,88,Y,393777600,1.312592
239,13,Y,393502560,1.3116752
140,1,Y,393493664,1.3116455466666666
1149,127,Y,392940480,1.3098016000000001
646,64,Y,392303288,1.3076776266666665
592,58,Y,392299368,1.30766456
896,96,Y,392196224,1.3073207466666668
389,32,Y,391258560,1.3041952
806,84,Y,388563688,1.2952122933333334
694,70,Y,385218720,1.2840624
989,107,Y,384230368,1.2807678933333333
815,85,Y,382550464,1.2751682133333333
1000,109,Y,382112432,1.2737081066666667
865,92,Y,379768712,1.2658957066666667
700,71,Y,379693072,1.2656435733333333
761,79,Y,377784512,1.2592817066666666
851,90,Y,374438672,1.2481289066666668
401,34,Y,373239168,1.24413056
509,47,Y,371134792,1.2371159733333332
833,88,Y,368832136,1.2294404533333334
618,61,Y,368660072,1.2288669066666666
464,42,Y,367311000,1.22437
425,37,Y,367309944,1.22436648
645,64,Y,366298560,1.2209952
210,10,Y,366209968,1.2206998933333333
536,51,Y,365660216,1.2188673866666666
574,55,Y,365328952,1.2177631733333332
370,30,Y,364756584,1.21585528
725,74,Y,364077128,1.2135904266666668
837,88,Y,362268400,1.2075613333333335
917,98,Y,359101856,1.1970061866666666
729,75,Y,358164864,1.19388288
524,49,Y,355865312,1.1862177066666666
860,91,Y,355662616,1.1855420533333332
181,6,Y,354784960,1.1826165333333334
707,72,Y,353141032,1.1771367733333333
474,43,Y,349240600,1.1641353333333333
659,66,Y,348481056,1.16160352
492,45,Y,346913336,1.1563777866666667
1101,121,Y,346796256,1.15598752
86,823,Y,344431680,1.1481056
129,0,Y,340710264,1.1357008800000001
466,42,Y,339590704,1.1319690133333333
669,67,Y,339526120,1.1317537333333334
1016,111,Y,335028024,1.11676008
859,91,Y,332694064,1.1089802133333333
1103,121,Y,331819320,1.1060644
138,1,Y,331579048,1.1052634933333332
213,10,Y,331055112,1.10351704
728,75,Y,328414864,1.0947162133333335
612,60,Y,326447760,1.0881592
189,7,Y,324619080,1.0820636
216,11,Y,324478880,1.0815962666666668
931,100,Y,324166472,1.0805549066666666
600,59,Y,323475320,1.0782510666666667
178,6,Y,323369696,1.0778989866666666
273,18,Y,321004800,1.070016
572,55,Y,317580816,1.05860272
871,92,Y,314740608,1.04913536
1087,119,Y,310147144,1.0338238133333333
1145,127,Y,309862408,1.0328746933333335
1035,113,Y,309191008,1.0306366933333333
245,14,Y,308514120,1.0283804
198,8,Y,308122968,1.02707656
902,96,Y,307474480,1.0249149333333334
766,79,Y,306581568,1.02193856
413,35,Y,299376712,0.9979223733333333
879,93,Y,297442736,0.9914757866666667
353,28,Y,297417184,0.9913906133333334
1142,126,Y,296901576,0.9896719199999999
168,5,Y,296695680,0.9889856
821,86,Y,292872008,0.9762400266666668
898,96,Y,292116056,0.9737201866666666
195,8,Y,290939520,0.9697984
101,936,Y,289481624,0.9649387466666666
127,1146,Y,286241752,0.9541391733333333
718,73,Y,285804496,0.9526816533333333
477,43,Y,283613936,0.9453797866666667
350,27,Y,282315672,0.94105224
525,49,Y,282248312,0.9408277066666667
301,21,Y,281408464,0.9380282133333334
1125,124,Y,277467464,0.9248915466666667
1115,123,Y,275458192,0.9181939733333333
693,70,Y,274655120,0.9155170666666667
627,62,Y,268017776,0.8933925866666667
204,9,Y,262693856,0.8756461866666667
602,59,Y,260694400,0.8689813333333333
1023,111,Y,260117952,0.86705984
619,61,Y,259412008,0.8647066933333333
986,107,Y,254668808,0.8488960266666666
440,39,Y,249900248,0.8330008266666666
993,108,Y,249082536,0.83027512
1121,124,Y,247361200,0.8245373333333333
59,603,Y,221532840,0.7384428000000001
43,474,Y,213577480,0.7119249333333333
260,16,Y,207639832,0.6921327733333333
59,605,Y,173390464,0.5779682133333334
606,59,Y,171728760,0.5724292
114,1047,Y,159704496,0.53234832
25,333,Y,152409504,0.50803168
62,631,Y,142279976,0.47426658666666666
57,587,Y,135705064,0.45235021333333336
107,986,Y,110139232,0.3671307733333333
107,985,Y,96273096,0.32091032
92,868,Y,87867416,0.2928913866666667
80,773,Y,84468680,0.28156226666666667
68,672,Y,78414824,0.26138274666666667
28,352,Y,78040832,0.26013610666666664
20,294,Y,76011104,0.2533703466666667
104,967,Y,75275992,0.2509199733333333
99,920,Y,75272488,0.25090829333333337
62,628,Y,74823344,0.24941114666666664
93,876,Y,73515824,0.24505274666666668
113,1032,Y,71811760,0.23937253333333333
95,894,Y,69210248,0.23070082666666666
8,194,Y,67705400,0.22568466666666667
56,579,Y,67140928,0.22380309333333331
58,599,Y,66645472,0.22215157333333332
41,456,Y,65631784,0.2187726133333333
56,583,Y,63350112,0.21116704
80,768,Y,62747952,0.20915984
99,922,Y,62375544,0.20791848
120,1093,Y,59711456,0.19903818666666667
8,192,Y,59448928,0.19816309333333332
76,743,Y,57296096,0.19098698666666666
26,343,Y,56781704,0.18927234666666667
99,925,Y,56265320,0.18755106666666665
81,779,Y,54808264,0.18269421333333333
75,733,Y,54418384,0.18139461333333334
32,387,Y,54394272,0.18131424
76,742,Y,53661024,0.17887008
17,269,Y,53535144,0.17845048
61,617,Y,53451304,0.17817101333333332
65,648,Y,52960848,0.17653616
72,707,Y,52737400,0.17579133333333335
76,739,Y,52476184,0.17492061333333334
58,593,Y,52401920,0.17467306666666668
105,968,Y,52005968,0.17335322666666667
78,752,Y,51899800,0.17299933333333334
30,374,Y,51321456,0.17107152
81,781,Y,51197976,0.17065992
107,991,Y,50929016,0.16976338666666665
63,633,Y,50732048,0.16910682666666665
76,738,Y,50418592,0.16806197333333334
70,695,Y,49883824,0.16627941333333332
104,966,Y,49743384,0.16581128
6,176,Y,49644464,0.16548154666666667
38,438,Y,49635784,0.16545261333333333
119,1084,Y,49396512,0.16465504
123,1113,Y,49100568,0.16366856
110,1015,Y,48953992,0.16317997333333334
81,780,Y,48940744,0.16313581333333332
109,1003,Y,48852472,0.16284157333333332
118,1076,Y,48380640,0.1612688
72,708,Y,48185488,0.16061829333333333
5,170,Y,48047512,0.16015837333333333
95,890,Y,47929112,0.15976370666666667
8,193,Y,47827232,0.15942410666666668
50,533,Y,47750880,0.15916960000000002
97,909,Y,47724480,0.15908160000000002
109,1000,Y,47391880,0.15797293333333334
16,261,Y,47355360,0.1578512
86,816,Y,47100088,0.15700029333333335
75,735,Y,47094720,0.1569824
25,332,Y,46994656,0.15664885333333334
119,1083,Y,46642656,0.15547552
31,379,Y,46612640,0.15537546666666666
47,508,Y,46534648,0.15511549333333333
118,1078,Y,46447016,0.15482338666666665
78,753,Y,45708696,0.15236232
12,225,Y,45640136,0.15213378666666666
46,496,Y,44503808,0.14834602666666666
25,331,Y,44411864,0.14803954666666666
119,1087,Y,44386232,0.14795410666666667
40,449,Y,44384088,0.14794696
95,893,Y,44376232,0.14792077333333334
70,691,Y,44294776,0.1476492533333333
98,913,Y,44045624,0.14681874666666667
92,870,Y,43956016,0.14652005333333332
65,650,Y,43936792,0.14645597333333332
43,472,Y,43784176,0.14594725333333333
8,195,Y,43319920,0.14439973333333334
31,383,Y,43251176,0.14417058666666668
14,242,Y,43138312,0.14379437333333334
57,591,Y,43039544,0.14346514666666665
40,448,Y,42794240,0.14264746666666667
83,798,Y,42767592,0.14255864000000001
52,550,Y,42655552,0.14218517333333333
37,427,Y,42551128,0.14183709333333333
61,621,Y,42452376,0.14150791999999998
80,774,Y,42405496,0.14135165333333333
20,289,Y,42158112,0.14052704
27,348,Y,42157456,0.1405248533333333
31,381,Y,42135968,0.14045322666666665
73,715,Y,41996576,0.13998858666666666
112,1028,Y,41865888,0.13955296
26,337,Y,41653744,0.13884581333333332
118,1074,Y,41366944,0.13788981333333333
118,1079,Y,41135312,0.13711770666666667
114,1045,Y,40915496,0.13638498666666668
96,899,Y,40788472,0.13596157333333334
20,290,Y,40711448,0.13570482666666667
124,1120,Y,40262480,0.13420826666666666
68,677,Y,40078032,0.13359343999999998
43,477,Y,39758480,0.13252826666666667
6,182,Y,39720920,0.13240306666666668
49,526,Y,39696432,0.13232144
26,339,Y,39558416,0.13186138666666666
38,435,Y,39455416,0.13151805333333336
120,1089,Y,39385920,0.1312864
106,983,Y,38919640,0.12973213333333333
106,982,Y,38905424,0.12968474666666668
107,990,Y,38778368,0.12926122666666667
77,750,Y,38634032,0.12878010666666667
62,625,Y,38595312,0.12865104
21,296,Y,38548208,0.12849402666666668
103,956,Y,38535824,0.12845274666666667
112,1025,Y,38435672,0.12811890666666667
27,350,Y,38429864,0.12809954666666667
9,206,Y,38326232,0.12775410666666667
84,804,Y,37849472,0.12616490666666666
113,1033,Y,37587768,0.12529256
103,954,Y,37581176,0.12527058666666666
96,897,Y,37574944,0.12524981333333335
59,604,Y,37541736,0.12513912
90,854,Y,37357176,0.12452392000000001
84,803,Y,37195128,0.12398376
45,493,Y,37119256,0.12373085333333333
118,1075,Y,37084176,0.12361392000000002
16,258,Y,37005672,0.12335224
8,196,Y,36935416,0.12311805333333334
31,376,Y,36916088,0.12305362666666665
43,476,Y,36910800,0.123036
17,266,Y,36734224,0.12244741333333334
25,328,Y,36320408,0.12106802666666666
20,295,Y,35871504,0.11957168
116,1056,Y,35868368,0.11956122666666666
64,646,Y,35722272,0.11907424
102,947,Y,35459408,0.11819802666666666
44,484,Y,35276040,0.1175868
95,895,Y,35123608,0.11707869333333334
30,369,Y,34940944,0.11646981333333334
100,929,Y,34798512,0.11599504
26,341,Y,34798200,0.11599399999999999
120,1090,Y,34740400,0.11580133333333334
104,962,Y,34700432,0.11566810666666666
45,495,Y,34687632,0.11562544
63,634,Y,34508288,0.11502762666666666
43,479,Y,34496808,0.11498935999999998
91,861,Y,34314648,0.11438216
127,1147,Y,34288424,0.11429474666666667
31,382,Y,34163472,0.11387824
12,229,Y,34113032,0.11371010666666667
119,1086,Y,33974440,0.11324813333333332
3,155,Y,33884144,0.11294714666666666
105,974,Y,33836936,0.11278978666666667
76,736,Y,33810272,0.11270090666666667
75,729,Y,33571000,0.11190333333333333
97,907,Y,33566832,0.11188943999999999
52,545,Y,33453968,0.11151322666666666
63,637,Y,33378880,0.11126293333333333
63,635,Y,33261880,0.11087293333333333
113,1036,Y,33210344,0.11070114666666667
78,759,Y,33183288,0.11061096000000001
21,300,Y,33158416,0.11052805333333333
122,1105,Y,32911680,0.10970559999999999
25,330,Y,32900400,0.109668
24,326,Y,32816680,0.10938893333333334
56,582,Y,32786368,0.10928789333333334
27,351,Y,32733632,0.10911210666666665
125,1130,Y,32687520,0.1089584
104,960,Y,32553792,0.10851264
118,1073,Y,32468128,0.10822709333333333
49,521,Y,32418944,0.10806314666666668
99,927,Y,32182712,0.10727570666666666
48,516,Y,32176920,0.1072564
77,746,Y,32124560,0.10708186666666666
22,307,Y,32043480,0.1068116
43,475,Y,31945096,0.10648365333333334
37,430,Y,31911880,0.10637293333333334
21,298,Y,31748808,0.10582936000000001
39,440,Y,31660128,0.10553375999999999
80,771,Y,31584928,0.10528309333333334
98,919,Y,31572704,0.10524234666666667
55,569,Y,31553840,0.10517946666666668
85,808,Y,31511704,0.10503901333333333
68,679,Y,31462888,0.10487629333333333
31,377,Y,31457904,0.10485968
92,864,Y,31327128,0.10442375999999999
56,580,Y,31208536,0.10402845333333333
94,884,Y,31140960,0.1038032
40,455,Y,31011624,0.10337207999999999
54,567,Y,31009480,0.10336493333333334
26,338,Y,30972056,0.10324018666666666
62,624,Y,30852512,0.10284170666666667
28,354,Y,30833696,0.10277898666666667
72,710,Y,30792432,0.10264144
99,926,Y,30661344,0.10220448
33,395,Y,30627384,0.10209127999999999
59,601,Y,30599984,0.10199994666666666
86,822,Y,30569008,0.10189669333333334
27,344,Y,30469496,0.10156498666666666
46,497,Y,30346096,0.10115365333333334
80,772,Y,30289816,0.10096605333333333
100,935,Y,30264464,0.10088154666666665
108,994,Y,30183272,0.10061090666666665
94,882,Y,30148320,0.1004944
112,1031,Y,30110728,0.10036909333333334
37,426,Y,29772960,0.09924319999999999
81,778,Y,29771000,0.09923666666666667
56,581,Y,29753872,0.09917957333333333
127,1151,Y,29659968,0.09886656
46,502,Y,29637896,0.09879298666666667
60,612,Y,29526264,0.09842087999999999
61,620,Y,29490216,0.09830072
111,1017,Y,29268584,0.09756194666666666
20,288,Y,29082720,0.0969424
41,462,Y,29042512,0.09680837333333334
96,903,Y,29023872,0.09674624
96,901,Y,28862320,0.09620773333333334
7,187,Y,28741552,0.09580517333333333
33,394,Y,28521600,0.09507199999999999
46,499,Y,28517816,0.09505938666666668
96,900,Y,28478552,0.09492850666666666
39,441,Y,28340208,0.09446736
37,429,Y,28333504,0.09444501333333333
60,609,Y,28318896,0.09439632
96,896,Y,28316296,0.09438765333333334
48,518,Y,28170024,0.09390008
1,142,Y,28119872,0.09373290666666666
104,961,Y,28084584,0.09361528000000001
92,866,Y,28083032,0.09361010666666666
34,405,Y,28008056,0.09336018666666666
61,622,Y,27999232,0.09333077333333334
22,304,Y,27979472,0.09326490666666666
46,501,Y,27916152,0.09305384
116,1059,Y,27889016,0.09296338666666666
103,957,Y,27816112,0.09272037333333333
72,705,Y,27776920,0.09258973333333334
93,874,Y,27736832,0.09245610666666666
111,1021,Y,27722792,0.09240930666666666
24,320,Y,27574936,0.09191645333333333
57,585,Y,27524368,0.09174789333333333
51,539,Y,27464104,0.09154701333333333
87,825,Y,27387368,0.09129122666666667
112,1026,Y,27301656,0.09100551999999999
86,820,Y,27298192,0.09099397333333333
37,425,Y,27246464,0.09082154666666667
123,1118,Y,27153040,0.09051013333333333
72,711,Y,27139712,0.09046570666666667
56,576,Y,27054456,0.09018152
109,1005,Y,26869792,0.08956597333333333
1,139,Y,26816424,0.08938808
33,396,Y,26414624,0.08804874666666666
103,958,Y,26390648,0.08796882666666667
68,674,Y,26340664,0.08780221333333334
116,1060,Y,26298016,0.08766005333333333
50,535,Y,26246400,0.087488
87,827,Y,26216000,0.08738666666666667
78,757,Y,26205648,0.08735216
15,248,Y,26145912,0.08715304
101,941,Y,25977968,0.08659322666666666
65,652,Y,25939120,0.08646373333333333
120,1092,Y,25731144,0.08577048
70,690,Y,25671008,0.08557002666666666
58,598,Y,25639624,0.08546541333333334
92,865,Y,25595768,0.08531922666666666
83,792,Y,25520648,0.08506882666666667
124,1124,Y,25404048,0.08468016
109,1001,Y,25401024,0.08467008
31,378,Y,25396136,0.08465378666666666
97,911,Y,25310088,0.08436696
41,459,Y,25240104,0.08413368
43,478,Y,25169680,0.08389893333333333
104,965,Y,25100368,0.08366789333333334
59,607,Y,25012512,0.08337504
99,924,Y,24806936,0.08268978666666667
17,264,Y,24802040,0.08267346666666667
95,889,Y,24777848,0.08259282666666667
63,638,Y,24766440,0.0825548
97,905,Y,24678024,0.08226008
76,740,Y,24671984,0.08223994666666667
19,287,Y,24632928,0.08210976
87,830,Y,24614464,0.08204821333333333
51,538,Y,24602648,0.08200882666666667
21,299,Y,24582440,0.08194146666666667
36,420,Y,24532208,0.08177402666666667
21,302,Y,24480888,0.08160296
127,1144,Y,24391168,0.08130389333333334
51,541,Y,24336744,0.08112248
47,507,Y,24308504,0.08102834666666667
67,668,Y,24263104,0.08087701333333333
14,246,Y,24235528,0.08078509333333334
100,930,Y,24223616,0.08074538666666667
36,416,Y,24166808,0.08055602666666667
93,875,Y,24150768,0.08050256
109,1002,Y,24100520,0.08033506666666666
33,398,Y,24098688,0.08032896
59,602,Y,24065880,0.0802196
119,1085,Y,24060448,0.08020149333333333
96,898,Y,23896632,0.07965544000000001
58,595,Y,23864736,0.07954912
64,642,Y,23841392,0.07947130666666667
111,1020,Y,23737792,0.07912597333333334
29,364,Y,23690880,0.0789696
100,928,Y,23602240,0.07867413333333334
66,661,Y,23571912,0.07857304
98,915,Y,23502720,0.0783424
64,644,Y,23502208,0.07834069333333334
70,693,Y,23478096,0.07826032
7,188,Y,23472752,0.07824250666666667
73,714,Y,23445192,0.07815064
111,1022,Y,23335776,0.07778592
39,445,Y,23220560,0.07740186666666667
79,763,Y,23205184,0.07735061333333333
45,489,Y,23176680,0.0772556
98,917,Y,23145728,0.07715242666666668
86,818,Y,23132072,0.07710690666666667
15,255,Y,23103360,0.0770112
123,1114,Y,23016304,0.07672101333333334
83,793,Y,22980496,0.07660165333333334
113,1039,Y,22968344,0.07656114666666668
89,845,Y,22923744,0.07641248
32,391,Y,22917424,0.07639141333333332
33,397,Y,22865536,0.07621845333333332
24,327,Y,22848624,0.07616208000000001
69,680,Y,22723408,0.07574469333333333
109,1004,Y,22630088,0.07543362666666667
57,589,Y,22609056,0.07536351999999999
77,751,Y,22586144,0.07528714666666667
3,159,Y,22521416,0.07507138666666667
19,281,Y,22500760,0.07500253333333333
73,716,Y,22407680,0.07469226666666666
53,554,Y,22370400,0.074568
89,844,Y,22137320,0.07379106666666667
96,902,Y,22107768,0.07369256
39,444,Y,22030464,0.07343488
3,154,Y,22024744,0.07341581333333333
44,480,Y,21814016,0.07271338666666666
100,932,Y,21757272,0.07252424
50,532,Y,21683520,0.07227839999999999
7,185,Y,21650392,0.07216797333333333
24,325,Y,21646984,0.07215661333333333
73,718,Y,21606880,0.07202293333333333
116,1061,Y,21602720,0.07200906666666666
123,1116,Y,21577512,0.07192504
57,584,Y,21559696,0.07186565333333333
90,848,Y,21505256,0.07168418666666666
55,570,Y,21484072,0.07161357333333333
104,964,Y,21476008,0.07158669333333334
12,224,Y,21465888,0.07155296
89,846,Y,21397960,0.07132653333333333
103,952,Y,21373400,0.07124466666666666
70,692,Y,21372072,0.07124024
108,995,Y,21365224,0.07121741333333333
7,184,Y,21307816,0.07102605333333334
112,1027,Y,21284888,0.07094962666666667
54,565,Y,21231392,0.07077130666666667
7,190,Y,21087488,0.07029162666666666
74,727,Y,21084800,0.07028266666666667
27,349,Y,21023512,0.07007837333333333
31,380,Y,21004904,0.07001634666666666
47,504,Y,20998824,0.06999608
12,228,Y,20968160,0.06989386666666667
15,253,Y,20942880,0.0698096
122,1110,Y,20931640,0.06977213333333333
74,720,Y,20925944,0.06975314666666665
90,852,Y,20732616,0.06910872
125,1131,Y,20730600,0.069102
20,292,Y,20720640,0.0690688
100,933,Y,20718624,0.06906208
46,498,Y,20636288,0.06878762666666666
110,1014,Y,20571864,0.06857288
6,180,Y,20538536,0.06846178666666668
113,1037,Y,20524664,0.06841554666666666
78,756,Y,20433464,0.06811154666666666
73,713,Y,20418272,0.06806090666666667
106,977,Y,20334632,0.06778210666666666
30,370,Y,20316152,0.06772050666666667
118,1077,Y,20236800,0.067456
94,886,Y,20183520,0.06727839999999999
27,345,Y,20102200,0.06700733333333334
11,218,Y,19985752,0.06661917333333334
99,921,Y,19967136,0.06655712
88,838,Y,19957976,0.06652658666666666
54,562,Y,19900688,0.06633562666666666
48,519,Y,19887544,0.06629181333333334
44,487,Y,19879968,0.06626656
28,357,Y,19874400,0.066248
122,1104,Y,19850280,0.06616760000000001
109,1006,Y,19782016,0.06594005333333333
119,1082,Y,19632704,0.06544234666666666
61,623,Y,19597120,0.06532373333333334
0,128,Y,19577160,0.0652572
22,305,Y,19494728,0.06498242666666666
88,835,Y,19424616,0.06474872000000001
6,181,Y,19380472,0.06460157333333333
41,460,Y,19283184,0.06427727999999999
13,238,Y,19232328,0.06410776
68,676,Y,19159408,0.06386469333333333
77,747,Y,19106552,0.06368850666666667
89,840,Y,19050112,0.06350037333333333
54,561,Y,19048656,0.06349552
116,1062,Y,19034896,0.06344965333333334
11,220,Y,18997920,0.0633264
65,653,Y,18889592,0.06296530666666666
127,1150,Y,18881472,0.06293823999999999
116,1063,Y,18810704,0.06270234666666667
55,568,Y,18795376,0.06265125333333332
11,217,Y,18788344,0.06262781333333334
84,801,Y,18780736,0.06260245333333334
80,769,Y,18742896,0.06247632
41,461,Y,18742216,0.062474053333333335
69,687,Y,18714112,0.062380373333333336
36,417,Y,18680232,0.06226743999999999
42,466,Y,18675344,0.06225114666666667
60,613,Y,18632544,0.06210848
63,636,Y,18587720,0.061959066666666666
77,749,Y,18443920,0.06147973333333333
116,1057,Y,18440552,0.061468506666666665
120,1091,Y,18367688,0.061225626666666665
33,392,Y,18357600,0.061191999999999996
97,906,Y,18343416,0.06114471999999999
15,250,Y,18300000,0.061
30,375,Y,18252904,0.06084301333333333
52,551,Y,18241904,0.060806346666666664
7,189,Y,18239592,0.060798639999999994
107,987,Y,18235064,0.060783546666666674
95,891,Y,18216384,0.06072128
38,433,Y,18209544,0.060698480000000006
13,235,Y,18189120,0.0606304
4,161,Y,18178488,0.06059496
79,760,Y,18175768,0.06058589333333333
77,745,Y,18146552,0.060488506666666664
102,944,Y,18080304,0.06026768
97,908,Y,17921176,0.05973725333333333
114,1043,Y,17889904,0.05963301333333334
33,393,Y,17838616,0.059462053333333334
4,165,Y,17836320,0.059454400000000004
55,572,Y,17823016,0.05941005333333333
93,878,Y,17794328,0.05931442666666667
103,955,Y,17793296,0.05931098666666667
4,166,Y,17723184,0.059077279999999996
52,544,Y,17702576,0.05900858666666667
0,134,Y,17701168,0.059003893333333335
77,748,Y,17653832,0.05884610666666666
74,723,Y,17644592,0.058815306666666664
94,883,Y,17560032,0.05853344
101,939,Y,17542496,0.058474986666666666
15,252,Y,17507448,0.05835816
42,469,Y,17394224,0.057980746666666666
41,463,Y,17355840,0.0578528
67,665,Y,17283768,0.05761256
65,654,Y,17271144,0.05757047999999999
92,867,Y,17224872,0.05741624000000001
124,1122,Y,17158840,0.05719613333333333
58,592,Y,17130872,0.05710290666666667
38,437,Y,17077768,0.05692589333333334
18,277,Y,17064600,0.056882
42,470,Y,17040672,0.05680224
121,1097,Y,17033552,0.056778506666666666
84,800,Y,17012600,0.05670866666666667
60,611,Y,16987792,0.056625973333333336
110,1009,Y,16946272,0.05648757333333333
102,951,Y,16911968,0.056373226666666665
0,130,Y,16774208,0.05591402666666667
16,257,Y,16745936,0.05581978666666667
20,291,Y,16630560,0.055435200000000004
35,414,Y,16610424,0.05536808
28,359,Y,16608616,0.055362053333333335
19,282,Y,16576032,0.055253439999999994
38,436,Y,16545528,0.05515176000000001
41,457,Y,16521368,0.05507122666666667
76,741,Y,16435408,0.05478469333333333
51,543,Y,16365072,0.05455024000000001
108,999,Y,16357272,0.054524239999999995
70,694,Y,16334416,0.05444805333333333
39,447,Y,16283216,0.05427738666666667
81,783,Y,16275704,0.05425234666666666
81,782,Y,16246176,0.05415392
49,522,Y,16237456,0.054124853333333334
22,308,Y,16236008,0.05412002666666667
89,843,Y,16212096,0.05404032
64,640,Y,16133368,0.053777893333333326
90,851,Y,16078960,0.053596533333333335
118,1072,Y,16055040,0.0535168
43,473,Y,16035856,0.053452853333333335
18,278,Y,16034400,0.053448
75,734,Y,16033256,0.05344418666666667
25,335,Y,16030160,0.05343386666666666
1,141,Y,15971544,0.05323848
111,1016,Y,15969912,0.05323304
85,813,Y,15956856,0.05318952
90,855,Y,15944984,0.05314994666666666
37,431,Y,15943696,0.053145653333333334
122,1111,Y,15876912,0.052923040000000005
8,197,Y,15704496,0.052348320000000004
50,530,Y,15600728,0.052002426666666664
53,552,Y,15528640,0.051762133333333335
57,586,Y,15411336,0.05137112
83,799,Y,15384080,0.051280266666666664
41,458,Y,15357128,0.05119042666666667
100,931,Y,15334776,0.05111592
78,754,Y,15250952,0.05083650666666666
46,500,Y,15235664,0.05078554666666667
69,681,Y,15203448,0.05067816
14,240,Y,15201120,0.0506704
51,540,Y,15171704,0.05057234666666667
11,221,Y,15133216,0.050444053333333336
24,324,Y,15082176,0.05027392000000001
79,766,Y,15048232,0.05016077333333333
80,775,Y,15036280,0.05012093333333333
18,275,Y,14991360,0.0499712
21,297,Y,14957120,0.04985706666666667
36,421,Y,14942448,0.049808160000000004
108,992,Y,14828936,0.04942978666666667
39,443,Y,14592136,0.04864045333333333
57,590,Y,14576632,0.048588773333333335
44,483,Y,14572504,0.04857501333333333
69,685,Y,14472104,0.04824034666666667
83,796,Y,14456584,0.04818861333333333
81,776,Y,14452536,0.04817512
15,249,Y,14434200,0.048114000000000004
27,347,Y,14329984,0.04776661333333333
12,227,Y,14271856,0.04757285333333334
94,881,Y,14260800,0.047535999999999995
24,321,Y,14209184,0.04736394666666666
6,183,Y,14195688,0.04731896
22,309,Y,14097848,0.04699282666666667
120,1088,Y,14024040,0.046746800000000005
12,231,Y,14014912,0.04671637333333333
89,841,Y,13986640,0.04662213333333333
11,222,Y,13974816,0.04658272
93,879,Y,13973136,0.04657712
68,673,Y,13950528,0.04650176
63,639,Y,13906400,0.04635466666666666
115,1048,Y,13895688,0.04631896
72,709,Y,13838728,0.046129093333333336
14,247,Y,13789416,0.04596472
79,764,Y,13758464,0.04586154666666667
125,1135,Y,13752480,0.0458416
35,409,Y,13736280,0.045787600000000005
2,146,Y,13724600,0.04574866666666667
106,979,Y,13667896,0.04555965333333333
87,828,Y,13621904,0.045406346666666667
86,821,Y,13573776,0.04524592
3,158,Y,13468104,0.04489368
3,153,Y,13444232,0.044814106666666666
5,174,Y,13416408,0.04472136
125,1134,Y,13371840,0.0445728
94,885,Y,13367992,0.04455997333333333
0,131,Y,13367472,0.04455824
79,767,Y,13353064,0.04451021333333333
108,996,Y,13330536,0.04443512
61,619,Y,13328256,0.04442752
105,970,Y,13322944,0.04440981333333333
40,454,Y,13272520,0.04424173333333333
101,943,Y,13241880,0.0441396
49,520,Y,13144464,0.04381488
70,688,Y,13112816,0.04370938666666666
56,577,Y,12969848,0.04323282666666667
20,293,Y,12946264,0.04315421333333334
66,660,Y,12918832,0.04306277333333333
18,276,Y,12918808,0.04306269333333333
6,179,Y,12913088,0.04304362666666667
45,490,Y,12905632,0.043018773333333336
86,819,Y,12880704,0.04293568
105,975,Y,12875096,0.04291698666666667
25,334,Y,12840432,0.04280144
90,850,Y,12802688,0.04267562666666667
122,1108,Y,12687840,0.0422928
116,1058,Y,12655352,0.04218450666666666
113,1034,Y,12652848,0.04217616
53,553,Y,12650416,0.04216805333333334
34,407,Y,12648272,0.04216090666666667
112,1024,Y,12647880,0.0421596
16,263,Y,12631176,0.04210392
102,946,Y,12628464,0.04209488
84,805,Y,12608192,0.04202730666666667
75,730,Y,12557928,0.041859759999999996
85,814,Y,12549416,0.041831386666666664
106,981,Y,12512416,0.041708053333333335
12,230,Y,12488640,0.0416288
34,401,Y,12451104,0.04150368
111,1023,Y,12404976,0.041349920000000005
95,892,Y,12387904,0.04129301333333334
110,1011,Y,12381600,0.041271999999999996
78,755,Y,12251152,0.04083717333333333
101,938,Y,12238376,0.04079458666666667
24,322,Y,12226320,0.0407544
101,940,Y,12116496,0.040388320000000005
8,199,Y,12105232,0.04035077333333333
127,1145,Y,12074304,0.040247679999999994
52,547,Y,12043112,0.04014370666666667
58,596,Y,12011064,0.040036880000000004
24,323,Y,11992744,0.03997581333333333
25,329,Y,11958328,0.03986109333333333
18,274,Y,11952144,0.03984048
123,1115,Y,11946704,0.03982234666666667
75,728,Y,11940752,0.03980250666666667
90,849,Y,11894672,0.03964890666666667
34,400,Y,11877024,0.03959008
19,284,Y,11852112,0.03950704
39,446,Y,11851912,0.03950637333333333
102,950,Y,11849112,0.03949704
73,719,Y,11796720,0.0393224
85,809,Y,11677576,0.03892525333333333
40,450,Y,11652880,0.038842933333333336
64,647,Y,11645840,0.03881946666666666
5,169,Y,11598368,0.038661226666666666
7,186,Y,11586880,0.03862293333333334
67,667,Y,11536432,0.03845477333333334
75,731,Y,11499712,0.03833237333333333
3,152,Y,11492520,0.0383084
11,216,Y,11415904,0.03805301333333333
5,168,Y,11348400,0.037828
69,683,Y,11337000,0.037790000000000004
127,1148,Y,11332808,0.037776026666666664
112,1029,Y,11326304,0.03775434666666667
107,988,Y,11231328,0.03743776
28,356,Y,11214096,0.03738032
15,254,Y,11211360,0.0373712
73,717,Y,11192120,0.037307066666666666
87,824,Y,11137568,0.037125226666666664
50,534,Y,11067840,0.036892799999999996
80,770,Y,11052704,0.036842346666666664
21,301,Y,10969976,0.036566586666666664
46,503,Y,10912384,0.03637461333333333
55,575,Y,10892024,0.03630674666666667
37,424,Y,10883008,0.03627669333333333
69,686,Y,10840744,0.036135813333333336
105,969,Y,10833152,0.03611050666666667
94,887,Y,10830240,0.0361008
67,666,Y,10809888,0.036032959999999996
68,675,Y,10710760,0.035702533333333335
48,513,Y,10676504,0.035588346666666666
58,597,Y,10629032,0.03543010666666667
32,384,Y,10601368,0.03533789333333333
112,1030,Y,10548392,0.03516130666666667
124,1127,Y,10526400,0.035087999999999994
113,1038,Y,10511640,0.035038799999999995
34,406,Y,10504168,0.03501389333333333
55,571,Y,10434224,0.03478074666666667
67,664,Y,10429152,0.034763840000000004
50,529,Y,10402184,0.034673946666666663
42,465,Y,10376456,0.034588186666666666
123,1117,Y,10318272,0.03439424
47,511,Y,10268104,0.034227013333333334
1,137,Y,10257088,0.03419029333333334
30,372,Y,10162344,0.03387448
92,869,Y,10152472,0.03384157333333333
22,310,Y,10102952,0.03367650666666666
77,744,Y,10074528,0.03358176
40,453,Y,10052448,0.033508159999999995
98,912,Y,10028400,0.033428
90,853,Y,10022088,0.03340696
44,485,Y,9998040,0.033326800000000004
14,244,Y,9946592,0.03315530666666667
26,336,Y,9899064,0.03299688
79,765,Y,9878392,0.03292797333333333
125,1133,Y,9832800,0.032776
106,978,Y,9829152,0.03276384
87,831,Y,9810000,0.0327
69,684,Y,9671328,0.03223776
23,317,Y,9668424,0.03222808
56,578,Y,9487968,0.031626560000000005
26,342,Y,9481072,0.031603573333333336
91,856,Y,9475944,0.03158648
92,871,Y,9466496,0.031554986666666666
62,629,Y,9461336,0.031537786666666665
122,1109,Y,9443176,0.03147725333333334
60,615,Y,9385168,0.03128389333333333
67,671,Y,9332576,0.031108586666666667
19,283,Y,9325776,0.03108592
85,811,Y,9322656,0.03107552
23,315,Y,9321992,0.031073306666666665
30,371,Y,9286144,0.030953813333333337
88,834,Y,9279344,0.030931146666666666
50,531,Y,9276392,0.03092130666666667
1,136,Y,9253152,0.030843839999999997
73,712,Y,9234520,0.030781733333333332
120,1094,Y,9228752,0.030762506666666665
66,663,Y,9224184,0.03074728
93,877,Y,9182352,0.03060784
78,758,Y,9177256,0.03059085333333333
114,1041,Y,9177248,0.030590826666666668
34,402,Y,9144936,0.03048312
21,303,Y,9135936,0.03045312
11,219,Y,9072488,0.030241626666666667
117,1066,Y,9060000,0.0302
29,367,Y,9045128,0.030150426666666667
7,191,Y,8864664,0.02954888
122,1107,Y,8857440,0.0295248
34,404,Y,8820000,0.0294
9,204,Y,8746384,0.029154613333333333
115,1054,Y,8734256,0.029114186666666667
17,271,Y,8712368,0.029041226666666666
49,524,Y,8698560,0.0289952
59,600,Y,8683312,0.028944373333333332
39,442,Y,8566736,0.02855578666666667
64,643,Y,8526216,0.02842072
18,273,Y,8443632,0.02814544
28,353,Y,8387144,0.02795714666666667
54,560,Y,8349888,0.02783296
83,794,Y,8349848,0.027832826666666668
101,942,Y,8284160,0.027613866666666667
53,556,Y,8275200,0.027584
83,797,Y,8259592,0.027531973333333334
126,1142,Y,8252640,0.0275088
66,657,Y,8233880,0.027446266666666663
114,1040,Y,8145984,0.027153280000000002
36,423,Y,8137256,0.027124186666666668
103,953,Y,8048048,0.026826826666666668
102,949,Y,8032800,0.026776
19,285,Y,8030208,0.02676736
70,689,Y,8023280,0.026744266666666665
104,963,Y,8001824,0.026672746666666663
13,237,Y,7937280,0.026457599999999998
15,251,Y,7843680,0.0261456
18,272,Y,7825400,0.026084666666666666
50,528,Y,7821880,0.026072933333333333
120,1095,Y,7814824,0.02604941333333333
17,268,Y,7800232,0.02600077333333333
79,761,Y,7751080,0.025836933333333333
113,1035,Y,7745768,0.02581922666666667
2,144,Y,7693768,0.025645893333333336
1,138,Y,7615384,0.02538461333333333
30,368,Y,7609976,0.02536658666666667
119,1081,Y,7562224,0.025207413333333335
16,262,Y,7550776,0.025169253333333332
17,267,Y,7519384,0.025064613333333336
84,807,Y,7469656,0.024898853333333335
14,241,Y,7468544,0.024895146666666666
61,618,Y,7467752,0.024892506666666665
44,482,Y,7373256,0.024577520000000002
66,656,Y,7366016,0.02455338666666667
94,880,Y,7354080,0.024513600000000003
74,726,Y,7351272,0.024504239999999997
28,355,Y,7338856,0.024462853333333333
40,451,Y,7302760,0.024342533333333333
109,1007,Y,7171352,0.023904506666666665
91,863,Y,7168976,0.023896586666666664
111,1018,Y,7086248,0.023620826666666667
108,997,Y,7071968,0.023573226666666666
99,923,Y,7062024,0.02354008
54,563,Y,7036728,0.02345576
9,202,Y,7014640,0.023382133333333336
72,704,Y,7007872,0.023359573333333335
47,509,Y,6967696,0.023225653333333332
36,419,Y,6950392,0.023167973333333335
58,594,Y,6934272,0.023114239999999998
2,149,Y,6892376,0.022974586666666665
114,1046,Y,6863896,0.022879653333333333
6,177,Y,6852576,0.02284192
23,314,Y,6759840,0.022532800000000002
86,817,Y,6753648,0.02251216
64,645,Y,6743752,0.022479173333333335
108,993,Y,6690256,0.022300853333333332
19,286,Y,6643840,0.02214613333333333
29,360,Y,6615448,0.02205149333333333
69,682,Y,6567232,0.021890773333333332
29,362,Y,6567104,0.021890346666666664
105,973,Y,6566136,0.02188712
98,918,Y,6564960,0.0218832
117,1064,Y,6555432,0.02185144
79,762,Y,6540544,0.021801813333333333
91,860,Y,6520400,0.021734666666666666
91,857,Y,6481904,0.021606346666666665
35,411,Y,6438240,0.0214608
60,614,Y,6408528,0.02136176
40,452,Y,6401592,0.02133864
82,787,Y,6345120,0.0211504
121,1096,Y,6340656,0.02113552
66,662,Y,6307320,0.0210244
71,699,Y,6295200,0.020984000000000003
13,234,Y,6283200,0.020944
82,786,Y,6265920,0.0208864
64,641,Y,6240480,0.0208016
52,548,Y,6185184,0.020617279999999998
3,156,Y,6175536,0.02058512
106,980,Y,6108416,0.020361386666666665
23,316,Y,6108000,0.02036
102,948,Y,6070096,0.020233653333333334
23,319,Y,6040800,0.020136
72,706,Y,6014456,0.02004818666666667
44,481,Y,5965160,0.019883866666666666
1,140,Y,5954360,0.01984786666666667
48,512,Y,5935896,0.019786320000000003
10,208,Y,5929440,0.0197648
125,1128,Y,5884200,0.019614
22,311,Y,5879256,0.01959752
121,1099,Y,5855336,0.01951778666666667
45,488,Y,5821872,0.01940624
87,826,Y,5797032,0.01932344
22,306,Y,5781472,0.019271573333333333
48,515,Y,5737888,0.019126293333333332
63,632,Y,5714584,0.019048613333333332
48,514,Y,5697664,0.018992213333333334
33,399,Y,5666672,0.018888906666666667
10,214,Y,5657280,0.018857600000000002
124,1126,Y,5625800,0.018752666666666667
54,564,Y,5623248,0.018744160000000003
26,340,Y,5610528,0.01870176
62,630,Y,5576368,0.018587893333333334
52,546,Y,5555296,0.018517653333333335
45,494,Y,5487496,0.018291653333333335
83,795,Y,5463544,0.018211813333333333
27,346,Y,5460048,0.01820016
44,486,Y,5444584,0.018148613333333334
67,670,Y,5432264,0.01810754666666667
125,1129,Y,5417280,0.0180576
57,588,Y,5363816,0.017879386666666667
28,358,Y,5352880,0.017842933333333335
65,651,Y,5349696,0.01783232
87,829,Y,5334568,0.017781893333333333
55,574,Y,5327160,0.0177572
114,1044,Y,5325480,0.017751600000000003
66,659,Y,5307984,0.017693280000000002
65,649,Y,5284120,0.017613733333333333
126,1141,Y,5255648,0.017518826666666668
68,678,Y,5232104,0.017440346666666665
49,525,Y,5183296,0.017277653333333334
60,608,Y,5165496,0.01721832
47,505,Y,5087720,0.016959066666666668
93,873,Y,5060400,0.016867999999999998
12,226,Y,5029168,0.016763893333333335
23,318,Y,5028480,0.016761599999999998
5,172,Y,5015656,0.016718853333333332
71,697,Y,4955520,0.0165184
53,555,Y,4913824,0.016379413333333336
54,566,Y,4885704,0.01628568
51,537,Y,4884912,0.016283040000000002
34,403,Y,4876696,0.016255653333333335
126,1136,Y,4840784,0.016135946666666668
115,1052,Y,4826696,0.01608898666666667
74,722,Y,4794776,0.015982586666666666
37,428,Y,4788272,0.015960906666666667
117,1067,Y,4734240,0.0157808
29,365,Y,4689600,0.015632
9,205,Y,4689392,0.015631306666666667
105,972,Y,4679912,0.015599706666666666
55,573,Y,4674440,0.015581466666666667
36,422,Y,4628720,0.015429066666666666
17,265,Y,4605248,0.015350826666666668
4,164,Y,4579680,0.0152656
100,934,Y,4576800,0.015255999999999999
0,132,Y,4563736,0.015212453333333334
23,312,Y,4533880,0.015112933333333333
74,724,Y,4526968,0.015089893333333333
49,523,Y,4519736,0.015065786666666666
0,135,Y,4502776,0.015009253333333333
126,1137,Y,4497600,0.014992
108,998,Y,4485288,0.01495096
126,1143,Y,4478880,0.0149296
2,145,Y,4461976,0.014873253333333333
47,510,Y,4399352,0.014664506666666667
61,616,Y,4393304,0.014644346666666665
105,971,Y,4388160,0.0146272
38,432,Y,4380824,0.014602746666666668
66,658,Y,4372768,0.014575893333333334
98,916,Y,4369008,0.014563360000000001
2,150,Y,4360640,0.014535466666666667
53,557,Y,4346472,0.01448824
2,148,Y,4340520,0.014468400000000001
121,1102,Y,4303680,0.0143456
115,1055,Y,4297496,0.014324986666666668
16,256,Y,4275960,0.0142532
123,1112,Y,4197424,0.013991413333333333
32,390,Y,4196160,0.0139872
110,1010,Y,4147808,0.013826026666666666
4,167,Y,4112640,0.0137088
60,610,Y,4110896,0.013702986666666667
115,1053,Y,4095512,0.013651706666666666
97,904,Y,3999360,0.013331199999999998
42,468,Y,3990296,0.013300986666666667
51,542,Y,3964472,0.013214906666666668
45,492,Y,3953024,0.013176746666666666
29,361,Y,3911040,0.013036800000000001
65,655,Y,3907000,0.013023333333333335
35,413,Y,3893848,0.012979493333333333
30,373,Y,3867840,0.0128928
88,832,Y,3858440,0.012861466666666665
103,959,Y,3813368,0.012711226666666667
97,910,Y,3812888,0.012709626666666666
9,200,Y,3754312,0.012514373333333332
6,178,Y,3743024,0.012476746666666667
11,223,Y,3710256,0.01236752
115,1050,Y,3659056,0.012196853333333334
81,777,Y,3637496,0.012124986666666667
29,366,Y,3632736,0.01210912
93,872,Y,3618784,0.012062613333333333
106,976,Y,3614096,0.012046986666666667
13,233,Y,3610560,0.0120352
126,1140,Y,3573120,0.0119104
95,888,Y,3562672,0.011875573333333334
117,1069,Y,3546240,0.011820800000000001
8,198,Y,3525968,0.011753226666666667
2,151,Y,3497760,0.0116592
14,243,Y,3442912,0.011476373333333333
127,1149,Y,3442584,0.011475280000000001
121,1100,Y,3403200,0.011344
82,785,Y,3402240,0.0113408
91,858,Y,3387672,0.01129224
117,1068,Y,3312960,0.0110432
53,558,Y,3287400,0.010958
4,163,Y,3233760,0.0107792
125,1132,Y,3230400,0.010768
122,1106,Y,3224640,0.0107488
82,791,Y,3200640,0.0106688
5,175,Y,3180480,0.0106016
18,279,Y,3180480,0.0106016
23,313,Y,3128160,0.0104272
1,143,Y,3100192,0.010333973333333333
62,626,Y,3089928,0.01029976
38,434,Y,3069336,0.01023112
71,696,Y,3069120,0.0102304
52,549,Y,3053352,0.01017784
51,536,Y,3026424,0.01008808
48,517,Y,3020232,0.01006744
75,732,Y,3020016,0.010066720000000001
82,789,Y,3015360,0.0100512
82,784,Y,3014400,0.010048
13,236,Y,3013440,0.0100448
4,160,Y,2961120,0.0098704
2,147,Y,2945632,0.009818773333333334
124,1123,Y,2937760,0.009792533333333332
74,721,Y,2929504,0.009765013333333334
85,810,Y,2895352,0.009651173333333334
107,984,Y,2884616,0.009615386666666666
53,559,Y,2862856,0.009542853333333334
89,842,Y,2845064,0.009483546666666667
111,1019,Y,2768208,0.00922736
3,157,Y,2754184,0.009180613333333332
10,211,Y,2737440,0.0091248
126,1138,Y,2728320,0.0090944
115,1049,Y,2700136,0.009000453333333333
10,212,Y,2692176,0.00897392
110,1008,Y,2678352,0.00892784
45,491,Y,2661768,0.00887256
32,388,Y,2650880,0.008836266666666665
82,788,Y,2640000,0.0088
117,1070,Y,2635312,0.008784373333333333
88,837,Y,2634136,0.008780453333333334
71,701,Y,2619840,0.0087328
124,1125,Y,2618840,0.008729466666666666
119,1080,Y,2589736,0.008632453333333333
36,418,Y,2583744,0.00861248
115,1051,Y,2566712,0.008555706666666666
110,1012,Y,2562976,0.008543253333333334
114,1042,Y,2516320,0.008387733333333333
88,833,Y,2515872,0.00838624
35,410,Y,2514896,0.008382986666666667
82,790,Y,2494560,0.0083152
0,129,Y,2478496,0.008261653333333334
19,280,Y,2459520,0.008198400000000002
42,467,Y,2423392,0.008077973333333334
35,408,Y,2411944,0.008039813333333333
74,725,Y,2402160,0.0080072
71,702,Y,2396160,0.0079872
121,1098,Y,2363336,0.007877786666666666
13,232,Y,2350384,0.007834613333333334
76,737,Y,2329320,0.0077644
67,669,Y,2309904,0.0076996799999999995
9,207,Y,2305440,0.0076847999999999994
101,937,Y,2295168,0.00765056
13,239,Y,2236800,0.007456000000000001
16,259,Y,2123256,0.00707752
49,527,Y,2091648,0.006972159999999999
117,1065,Y,2069760,0.0068992
88,836,Y,2042792,0.0068093066666666665
84,802,Y,2008976,0.006696586666666666
5,173,Y,1985944,0.006619813333333334
47,506,Y,1976560,0.006588533333333333
10,215,Y,1966136,0.006553786666666666
88,839,Y,1956712,0.006522373333333333
5,171,Y,1899632,0.006332106666666667
38,439,Y,1882400,0.006274666666666666
91,859,Y,1875344,0.006251146666666666
85,812,Y,1863224,0.006210746666666666
91,862,Y,1840920,0.0061364
123,1119,Y,1824592,0.006081973333333334
98,914,Y,1751832,0.0058394399999999996
126,1139,Y,1716480,0.0057216
71,698,Y,1698672,0.00566224
117,1071,Y,1561440,0.0052048
102,945,Y,1456824,0.00485608
35,412,Y,1456320,0.0048544
110,1013,Y,1441408,0.004804693333333334
71,703,Y,1439040,0.0047967999999999995
17,270,Y,1427856,0.00475952
9,203,Y,1380376,0.004601253333333334
10,209,Y,1370912,0.004569706666666667
107,989,Y,1342064,0.0044735466666666664
85,815,Y,1321472,0.004404906666666666
29,363,Y,1282840,0.004276133333333334
42,471,Y,1280840,0.004269466666666667
14,245,Y,1254152,0.004180506666666667
16,260,Y,1239328,0.004131093333333333
42,464,Y,1192648,0.003975493333333333
4,162,Y,1189440,0.0039648
89,847,Y,1187520,0.0039584
124,1121,Y,1172600,0.003908666666666666
121,1101,Y,1103944,0.0036798133333333337
59,606,Y,1066376,0.003554586666666667
32,386,Y,1064480,0.0035482666666666663
10,210,Y,1037760,0.0034591999999999995
62,627,Y,1011504,0.00337168
9,201,Y,800536,0.002668453333333333
35,415,Y,768168,0.00256056
32,385,Y,742952,0.0024765066666666666
121,1103,Y,720160,0.002400533333333333
84,806,Y,481856,0.0016061866666666666
10,213,Y,427200,0.001424
71,700,Y,408960,0.0013632
32,389,Y,309120,0.0010304
