108,10,N,28220967661,94.06989220333334
10,108,N,28193496396,93.97832132
125,1,N,28075339364,93.58446454666667
1,125,N,28047658028,93.49219342666667
17,102,N,27978482450,93.26160816666666
102,17,N,27851465229,92.83821743
89,60,N,25627282187,85.42427395666667
96,10,N,24493961037,81.64653679
49,10,N,24397449426,81.32483142
60,10,N,24215225308,80.71741769333333
34,102,N,23768643974,79.22881324666666
80,108,N,23611151817,78.70383939
50,108,N,22718240463,75.72746821
71,10,N,22648808933,75.49602977666666
121,108,N,22431590081,74.77196693666667
124,108,N,21261323439,70.87107813
45,1,N,20865761275,69.55253758333333
60,17,N,20373926161,67.91308720333333
27,1,N,20091208135,66.97069378333333
86,102,N,20014483840,66.71494613333333
51,125,N,19905114248,66.35038082666667
15,125,N,19867575546,66.22525182
112,96,N,19416623882,64.72207960666667
8,125,N,19398543828,64.66181276
58,102,N,19359602126,64.53200708666667
45,49,N,19277540484,64.25846828
115,112,N,19189387750,63.96462583333333
117,17,N,18971519577,63.23839859
29,80,N,18895030081,62.98343360333334
85,1,N,18819372849,62.73124283
63,60,N,17687534719,58.958449063333326
17,60,N,17533914082,58.44638027333333
97,49,N,17297968090,57.65989363333334
43,96,N,17229255727,57.430852423333334
9,49,N,17204956585,57.349855283333326
102,125,N,17150380319,57.167934396666666
83,89,N,17137788684,57.125962279999996
90,17,N,16998504917,56.66168305666667
88,96,N,16982219869,56.60739956333334
31,60,N,16481955242,54.93985080666667
32,59,N,16325465560,54.41821853333333
20,17,N,16301227781,54.33742593666666
62,96,N,16284164583,54.280548610000004
113,49,N,15890057735,52.96685911666666
68,104,N,15812518107,52.70839369
106,1,N,15652487234,52.17495744666667
2,71,N,15040583081,50.13527693666666
36,45,N,15034834070,50.11611356666666
4,85,N,14857506979,49.52502326333333
39,43,N,14836507469,49.455024896666664
104,64,N,14138728754,47.12909584666667
109,56,N,14115456130,47.05152043333333
40,27,N,13610550635,45.36850211666666
56,73,N,13442021432,44.806738106666664
3,36,N,13402410072,44.67470024
111,86,N,13311176113,44.37058704333333
105,121,N,13295181676,44.317272253333336
72,80,N,13259547135,44.19849045
79,88,N,13215557723,44.051859076666666
12,109,N,13186670216,43.955567386666665
56,97,N,12950873741,43.16957913666667
75,112,N,12901120088,43.003733626666666
49,45,N,12893164357,42.97721452333334
125,102,N,12880328209,42.934427363333334
87,32,N,12788147352,42.62715784
22,112,N,12770529588,42.568431960000005
64,34,N,12763852896,42.54617632
77,80,N,12702679936,42.34226645333333
1,45,N,12673963517,42.24654505666667
16,45,N,12584463107,41.948210356666664
79,12,N,12577246000,41.92415333333334
91,71,N,12514923552,41.71641184
119,89,N,12500808157,41.66936052333333
78,45,N,12486103901,41.62034633666667
23,50,N,12369112433,41.230374776666665
24,50,N,12330850811,41.102836036666666
98,97,N,12314825331,41.049417770000005
30,117,N,12301157047,41.00385682333334
896,96,Y,12278519259,40.92839753
24,51,N,12232771496,40.77590498666667
612,60,Y,12130225103,40.43408367666667
614,60,Y,11984246198,39.94748732666666
73,63,N,11946950103,39.82316701
898,96,Y,11920058190,39.7335273
48,15,N,11887917267,39.62639089
122,71,N,11858098760,39.52699586666667
67,27,N,11656314123,38.85438041
92,124,N,11613201275,38.710670916666665
98,34,N,11591361208,38.63787069333333
98,51,N,11587701595,38.62567198333333
73,23,N,11533056536,38.443521786666665
521,49,Y,11506312527,38.35437509
8,62,N,11475870060,38.2529002
53,121,N,11461913489,38.206378296666664
11,87,N,11460185536,38.200618453333334
613,60,Y,11457270993,38.19090331
901,96,Y,11437544739,38.125149130000004
609,60,Y,11392105247,37.973684156666664
608,60,Y,11363012881,37.87670960333333
93,63,N,11280156935,37.600523116666665
62,8,N,11264425812,37.54808604
611,60,Y,11223401660,37.41133886666667
15,121,N,11198979512,37.32993170666667
520,49,Y,11188645631,37.29548543666667
29,121,N,11145881576,37.152938586666664
59,51,N,11143154266,37.14384755333333
31,27,N,11139833022,37.132776740000004
110,112,N,11125069373,37.08356457666667
995,108,Y,11121826267,37.072754223333334
82,8,N,11088382174,36.96127391333333
64,13,N,11058461336,36.861537786666666
610,60,Y,11011361335,36.704537783333336
127,71,N,10975213738,36.58404579333333
72,104,N,10909981440,36.366604800000005
220,11,Y,10894320412,36.31440137333333
55,8,N,10893496024,36.31165341333333
526,49,Y,10887846991,36.292823303333336
66,9,N,10877836064,36.25945354666666
64,115,N,10873647995,36.24549331666667
525,49,Y,10861392629,36.20464209666667
10,60,N,10859158901,36.197196336666664
101,34,N,10846525232,36.15508410666667
763,79,Y,10734515263,35.781717543333336
524,49,Y,10722239275,35.74079758333333
38,97,N,10692039397,35.640131323333335
527,49,Y,10680176299,35.600587663333336
903,96,Y,10601705915,35.33901971666666
402,34,Y,10552097458,35.17365819333334
121,15,N,10550551435,35.16850478333333
37,86,N,10517082512,35.05694170666666
69,34,N,10492017316,34.97339105333334
107,89,N,10488407544,34.96135848
101,50,N,10484374412,34.947914706666666
38,81,N,10478110536,34.92703512
78,43,N,10477650764,34.925502546666664
897,96,Y,10476163367,34.92054455666667
106,86,N,10462854133,34.87618044333333
998,108,Y,10453892866,34.846309553333334
615,60,Y,10444937548,34.816458493333336
7,83,N,10339230520,34.46410173333334
902,96,Y,10331701433,34.439004776666664
994,108,Y,10312786341,34.375954469999996
47,86,N,10272589668,34.24196556
523,49,Y,10227540663,34.09180221
993,108,Y,10187447635,33.95815878333333
37,88,N,10141916392,33.80638797333334
900,96,Y,10130381906,33.767939686666665
82,0,N,10067745881,33.55915293666666
80,72,N,9958717000,33.19572333333333
522,49,Y,9946143007,33.153810023333335
61,15,N,9936767418,33.12255806
111,9,N,9913852301,33.04617433666667
363,29,Y,9777667442,32.592224806666664
23,313,Y,9748221840,32.4940728
48,63,N,9740182225,32.46727408333333
77,27,N,9725253825,32.41751275
83,58,N,9697520624,32.325068746666666
59,603,Y,9693467984,32.31155994666667
18,50,N,9516250832,31.720836106666667
997,108,Y,9505709357,31.685697856666668
101,62,N,9496012093,31.65337364333333
11,97,N,9450456506,31.501521686666667
13,75,N,9408976142,31.36325380666667
117,82,N,9385614762,31.28538254
996,108,Y,9362906653,31.209688843333332
27,31,N,9355822215,31.186074050000002
999,108,Y,9345422957,31.151409856666668
41,66,N,9308763425,31.02921141666667
34,64,N,9297067936,30.990226453333335
137,1,Y,9262529872,30.87509957333333
74,53,N,9245269752,30.81756584
0,31,N,9210214435,30.700714783333332
992,108,Y,9201071059,30.670236863333333
1068,117,Y,9171092016,30.57030672
39,9,N,9032830380,30.1094346
85,77,N,8974551699,29.91517233
126,124,N,8932350535,29.774501783333335
84,15,N,8916107076,29.72035692
899,96,Y,8911603945,29.705346483333333
81,41,N,8909842600,29.699475333333332
58,43,N,8837002605,29.45667535
46,98,N,8763438418,29.211461393333334
10,49,N,8669409300,28.898031000000003
210,10,Y,8662243842,28.87414614
1025,112,Y,8654012920,28.84670973333333
65,91,N,8559709744,28.53236581333333
77,85,N,8544386317,28.48128772333333
0,110,N,8535652256,28.452174186666667
12,79,N,8516454432,28.38818144
115,65,N,8238690392,27.462301306666664
213,10,Y,8231174568,27.43724856
70,31,N,8125223670,27.0840789
50,101,N,8110434506,27.034781686666665
493,45,Y,8094296249,26.980987496666664
19,16,N,8036284495,26.787614983333334
675,68,Y,8024591709,26.74863903
209,10,Y,7943521064,26.47840354666667
214,10,Y,7931759640,26.439198800000003
1036,113,Y,7833368038,26.11122679333333
208,10,Y,7819679966,26.065599886666668
53,117,N,7818471231,26.061570769999996
488,45,Y,7733711767,25.779039223333335
28,3,N,7683347592,25.61115864
75,732,Y,7621597328,25.405324426666663
100,85,N,7611958500,25.373195
25,111,N,7553349098,25.177830326666665
14,68,N,7509932344,25.033107813333334
81,24,N,7504431176,25.014770586666668
36,19,N,7494024872,24.980082906666667
30,77,N,7464854568,24.88284856
212,10,Y,7380711112,24.602370373333333
112,115,N,7333136120,24.443787066666665
81,85,N,7322055743,24.406852476666664
215,10,Y,7317119000,24.390396666666668
20,31,N,7307992489,24.359974963333332
5,106,N,7291553037,24.30517679
43,74,N,7233135176,24.11045058666667
82,117,N,7213413851,24.04471283666667
52,124,N,7197454750,23.99151583333333
1031,112,Y,7195153217,23.983844056666666
211,10,Y,7185721785,23.95240595
491,45,Y,7136211299,23.787370996666667
97,98,N,7123959123,23.74653041
492,45,Y,7110689529,23.70229843
118,77,N,7083380147,23.611267156666667
268,17,Y,7072675824,23.57558608
494,45,Y,7015530448,23.385101493333334
440,39,Y,7011884016,23.37294672
48,104,N,6969402272,23.231340906666667
74,113,N,6939674333,23.132247776666667
495,45,Y,6933647326,23.112157753333335
267,17,Y,6921980341,23.073267803333334
68,90,N,6891447480,22.9714916
2,58,N,6834935331,22.78311777
104,965,Y,6805945608,22.68648536
407,34,Y,6786856232,22.62285410666667
489,45,Y,6786402065,22.621340216666667
271,17,Y,6763727790,22.5457593
140,1,Y,6751987200,22.506624
114,78,N,6749059393,22.496864643333332
86,37,N,6725808152,22.419360506666667
13,122,N,6722600250,22.4086675
266,17,Y,6702610626,22.342035420000002
33,117,N,6689470175,22.298233916666664
21,90,N,6623297312,22.077657706666667
74,43,N,6606714560,22.022381866666667
61,20,N,6594897887,21.982992956666667
432,38,Y,6559644144,21.86548048
120,111,N,6553219777,21.844065923333332
1,27,N,6485665472,21.618884906666665
702,71,Y,6450844078,21.502813593333332
247,14,Y,6443818379,21.47939459666667
112,1031,Y,6428579648,21.42859882666667
115,64,N,6419308680,21.3976956
40,116,N,6410125776,21.36708592
21,40,N,6406659152,21.355530506666668
42,9,N,6371463495,21.23821165
104,48,N,6326992360,21.089974533333333
265,17,Y,6316468856,21.054896186666667
102,34,N,6295098864,20.98366288
102,58,N,6257700272,20.859000906666665
490,45,Y,6214484840,20.714949466666667
104,963,Y,6206619352,20.688731173333334
110,1010,Y,6186609888,20.62203296
76,52,N,6185362064,20.61787354666667
27,40,N,6173205904,20.577353013333333
269,17,Y,6149716920,20.499056399999997
47,39,N,6137264862,20.45754954
23,30,N,6136042552,20.45347517333333
264,17,Y,6119117240,20.397057466666666
10,96,N,6106425112,20.35475037333333
33,98,N,6083004105,20.27668035
60,614,Y,6063688760,20.212295866666665
20,62,N,6054320272,20.181067573333333
59,127,N,6036448221,20.12149407
703,71,Y,6029493944,20.098313146666666
52,24,N,6005851552,20.019505173333332
103,4,N,5950631679,19.83543893
89,83,N,5940391710,19.8013057
41,83,N,5932827064,19.776090213333333
66,661,Y,5929832504,19.766108346666666
270,17,Y,5893192717,19.643975723333334
184,7,Y,5891722280,19.639074266666668
142,1,Y,5877819801,19.59273267
136,1,Y,5803418080,19.344726933333334
126,69,N,5789984590,19.299948633333333
43,58,N,5782433480,19.27477826666667
698,71,Y,5779756600,19.265855333333334
63,48,N,5769046762,19.23015587333333
80,77,N,5764051008,19.21350336
125,15,N,5743811112,19.14603704
359,28,Y,5687098472,18.956994906666665
116,36,N,5648597438,18.828658126666667
141,1,Y,5645258114,18.817527046666665
35,2,N,5639242664,18.797475546666668
70,113,N,5632971136,18.77657045333333
1128,125,Y,5615016128,18.716720426666665
33,90,N,5602029267,18.673430890000002
43,78,N,5560812023,18.536040076666666
534,50,Y,5545778240,18.485927466666666
840,89,Y,5536635456,18.45545152
95,40,N,5524856616,18.41618872
123,101,N,5517165685,18.390552283333335
98,33,N,5508159808,18.360532693333333
19,53,N,5494772691,18.31590897
121,1098,Y,5474914920,18.2497164
16,260,Y,5469081952,18.230273173333334
165,4,Y,5465442000,18.21814
112,22,N,5462162360,18.207207866666668
701,71,Y,5434867902,18.11622634
70,62,N,5421061480,18.070204933333333
103,75,N,5420744000,18.069146666666665
87,111,N,5404831771,18.016105903333333
84,78,N,5381452968,17.93817656
22,39,N,5360087904,17.86695968
59,32,N,5342788096,17.809293653333334
139,1,Y,5315305224,17.71768408
700,71,Y,5311568077,17.705226923333335
541,51,Y,5310696608,17.702322026666668
1133,125,Y,5275005925,17.583353083333332
113,63,N,5271536544,17.57178848
14,65,N,5261911792,17.539705973333334
77,30,N,5256867736,17.522892453333334
119,36,N,5250945968,17.50315322666667
0,82,N,5246943138,17.48981046
13,40,N,5241380784,17.47126928
1134,125,Y,5227448968,17.42482989333333
1135,125,Y,5226777652,17.422592173333335
947,102,Y,5222961677,17.409872256666667
41,81,N,5219121777,17.39707259
38,94,N,5189282824,17.297609413333333
81,106,N,5172441232,17.241470773333333
69,126,N,5165151180,17.2171706
946,102,Y,5154833209,17.182777363333336
32,100,N,5154697392,17.182324639999997
138,1,Y,5147090504,17.156968346666666
99,2,N,5135556813,17.11852271
99,58,N,5108223588,17.02741196
118,105,N,5103718760,17.012395866666665
57,99,N,5101577898,17.00525966
1129,125,Y,5066301704,16.887672346666665
18,93,N,5056142560,16.853808533333332
532,50,Y,5042848241,16.809494136666668
46,105,N,5022430304,16.74143434666667
634,63,Y,5016873413,16.722911376666666
120,82,N,5016803558,16.72267852666667
6,16,N,5015677091,16.718923636666666
1028,112,Y,5007898168,16.692993893333334
67,47,N,5006157708,16.68719236
539,51,Y,4992003016,16.640010053333334
143,1,Y,4989429600,16.631432
198,8,Y,4985111660,16.617038866666668
36,119,N,4980974568,16.60324856
82,120,N,4970592416,16.568641386666666
696,71,Y,4963339989,16.54446663
115,4,N,4958290221,16.52763407
116,78,N,4923615032,16.41205010666667
1131,125,Y,4906321856,16.35440618666667
26,119,N,4903500896,16.345002986666668
34,98,N,4901816728,16.339389093333335
1130,125,Y,4900468299,16.33489433
949,102,Y,4897847356,16.326157853333335
1029,112,Y,4890953400,16.303178
72,67,N,4873276732,16.244255773333332
117,33,N,4872473645,16.241578816666667
34,101,N,4866183832,16.220612773333336
117,30,N,4852869376,16.176231253333334
76,61,N,4835858265,16.11952755
1132,125,Y,4825323643,16.08441214333333
100,18,N,4813616208,16.04538736
40,13,N,4792391816,15.974639386666666
909,97,Y,4768421528,15.894738426666667
543,51,Y,4759640727,15.865469090000001
4,79,N,4758402177,15.861340590000001
33,38,N,4755891688,15.852972293333334
944,102,Y,4747506144,15.82502048
948,102,Y,4733295208,15.777650693333333
86,111,N,4729419967,15.764733223333332
1033,113,Y,4726925365,15.756417883333334
124,42,N,4715623505,15.718745016666666
15,84,N,4711688808,15.705629360000001
18,64,N,4672562840,15.575209466666667
529,50,Y,4667211948,15.55737316
536,51,Y,4661405361,15.538017870000001
345,27,Y,4659523320,15.5317444
100,106,N,4654241600,15.514138666666666
844,89,Y,4651130696,15.503768986666666
104,72,N,4645880200,15.486267333333334
69,59,N,4636974168,15.456580559999999
910,97,Y,4628265744,15.427552480000001
31,20,N,4612528168,15.375093893333332
123,14,N,4605440352,15.35146784
87,48,N,4598339019,15.327796730000001
639,63,Y,4594854452,15.316181506666668
945,102,Y,4590646192,15.302153973333333
15,61,N,4590088008,15.30029336
1100,121,Y,4578289848,15.26096616
537,51,Y,4565515996,15.218386653333333
773,80,Y,4543484795,15.144949316666667
15,48,N,4536933136,15.123110453333332
92,91,N,4510472248,15.034907493333332
81,38,N,4508313312,15.02771104
531,50,Y,4494258576,14.980861919999999
29,91,N,4481383152,14.93794384
194,8,Y,4479048385,14.930161283333335
120,127,N,4461746878,14.872489593333333
950,102,Y,4455352346,14.851174486666666
192,8,Y,4451533024,14.838443413333332
809,85,Y,4447495797,14.82498599
1026,112,Y,4446164394,14.82054798
122,20,N,4444175784,14.813919280000002
42,88,N,4433850808,14.779502693333333
8,82,N,4431305535,14.771018450000001
108,121,N,4431177987,14.77059329
697,71,Y,4425555700,14.751852333333334
126,107,N,4422786176,14.742620586666666
699,71,Y,4416728624,14.722428746666665
94,38,N,4401730728,14.672435759999999
4,115,N,4398389816,14.661299386666668
7,55,N,4386725448,14.62241816
637,63,Y,4385001124,14.616670413333333
38,33,N,4380709024,14.602363413333332
814,85,Y,4376815320,14.5893844
61,76,N,4372242984,14.57414328
75,37,N,4370903126,14.569677086666665
92,38,N,4370695240,14.568984133333332
108,50,N,4368605895,14.56201965
951,102,Y,4359042888,14.530142960000001
9,111,N,4353438920,14.511463066666666
528,50,Y,4339036450,14.463454833333333
1030,112,Y,4325432073,14.41810691
421,36,Y,4324947400,14.416491333333333
542,51,Y,4324679622,14.415598739999998
635,63,Y,4310355976,14.367853253333331
123,119,N,4296951642,14.32317214
811,85,Y,4296203466,14.32067822
95,73,N,4293431496,14.31143832
405,34,Y,4291891853,14.306306176666666
94,122,N,4273375928,14.244586426666666
27,67,N,4271858688,14.23952896
42,55,N,4266272055,14.22090685
5,105,N,4261336224,14.204454080000001
847,89,Y,4257566428,14.191888093333333
127,59,N,4252233479,14.174111596666666
400,34,Y,4251586586,14.171955286666666
199,8,Y,4250952560,14.169841866666665
10,71,N,4243842056,14.146140186666667
44,24,N,4238962888,14.129876293333332
406,34,Y,4236731712,14.122439040000001
35,94,N,4231750664,14.105835546666668
71,2,N,4230360920,14.101203066666667
24,81,N,4230126912,14.10042304
123,47,N,4225942290,14.086474299999999
195,8,Y,4222326446,14.074421486666665
42,124,N,4221688600,14.072295333333335
14,0,N,4210011424,14.033371413333334
64,18,N,4208839880,14.029466266666665
379,31,Y,4206009265,14.020030883333334
114,46,N,4200425840,14.001419466666668
55,35,N,4199096112,13.99698704
1024,112,Y,4198241186,13.994137286666666
62,101,N,4195140056,13.983800186666667
638,63,Y,4194573031,13.981910103333334
76,65,N,4190433824,13.968112746666666
772,80,Y,4187635857,13.95878619
633,63,Y,4186845301,13.956151003333334
193,8,Y,4180420128,13.93473376
62,20,N,4171378749,13.90459583
818,86,Y,4170517040,13.901723466666665
196,8,Y,4164128438,13.880428126666667
54,23,N,4162448864,13.874829546666668
60,31,N,4161226424,13.870754746666666
65,648,Y,4149800496,13.83266832
18,100,N,4145336552,13.817788506666668
79,69,N,4141338296,13.804460986666667
908,97,Y,4139714872,13.799049573333333
636,63,Y,4136506441,13.788354803333332
1124,124,Y,4136402864,13.788009546666666
120,92,N,4125089568,13.75029856
61,79,N,4115148424,13.717161413333335
770,80,Y,4100682200,13.668940666666668
28,91,N,4099656760,13.665522533333332
202,9,Y,4097487742,13.658292473333333
94,37,N,4094141384,13.647137946666666
35,55,N,4076349781,13.587832603333332
121,29,N,4075110338,13.583701126666666
1037,113,Y,4066964995,13.556549983333333
627,62,Y,4050602155,13.502007183333333
26,22,N,4043696400,13.478988
106,81,N,4041417980,13.471393266666668
57,52,N,4040587968,13.468626559999999
58,83,N,4035156128,13.450520426666667
101,123,N,4025753384,13.419177946666666
1,106,N,4019130576,13.39710192
905,97,Y,4008032673,13.36010891
1101,121,Y,4004409184,13.348030613333334
61,37,N,4002337744,13.341125813333331
69,79,N,3998958216,13.329860720000001
53,74,N,3993455288,13.311517626666665
810,85,Y,3969183323,13.230611076666667
813,85,Y,3968966624,13.229888746666665
60,89,N,3968821656,13.22940552
37,61,N,3960875856,13.20291952
538,51,Y,3959507744,13.198359146666666
12,67,N,3959348518,13.197828393333333
124,126,N,3956250044,13.187500146666666
93,101,N,3955380832,13.184602773333335
50,23,N,3949923056,13.166410186666667
808,85,Y,3946517549,13.155058496666665
632,63,Y,3945282780,13.1509426
108,124,N,3945240784,13.150802613333335
350,27,Y,3937860320,13.126201066666669
841,89,Y,3936600256,13.122000853333333
35,67,N,3923612400,13.078708
535,50,Y,3919887336,13.06629112
774,80,Y,3905697832,13.018992773333332
84,93,N,3900856133,13.002853776666667
40,21,N,3899985640,12.999952133333334
57,66,N,3884900400,12.949668
116,1059,Y,3878903376,12.92967792
540,51,Y,3876076780,12.920255933333333
119,48,N,3874721776,12.915739253333333
50,24,N,3869071552,12.896905173333334
20,122,N,3868150168,12.893833893333333
33,11,N,3862061048,12.873536826666667
904,97,Y,3861261198,12.87087066
906,97,Y,3858260939,12.860869796666666
5,68,N,3855499960,12.851666533333333
121,53,N,3847508360,12.825027866666666
59,69,N,3845537824,12.818459413333333
197,8,Y,3842024613,12.806748709999999
92,120,N,3832687814,12.775626046666666
30,23,N,3828443016,12.761476720000001
1103,121,Y,3828296440,12.760988133333335
383,31,Y,3826775941,12.755919803333333
20,61,N,3822397152,12.74132384
478,43,Y,3822314704,12.741049013333333
96,62,N,3820652960,12.735509866666666
103,92,N,3816878736,12.722929120000002
1097,121,Y,3814766824,12.715889413333334
348,27,Y,3811056120,12.703520400000002
34,69,N,3797115256,12.657050853333333
775,80,Y,3796456434,12.654854779999999
381,31,Y,3791799232,12.639330773333333
90,33,N,3791321120,12.637737066666666
1032,113,Y,3789185461,12.630618203333333
110,0,N,3785674388,12.618914626666665
845,89,Y,3779554205,12.598514016666668
1027,112,Y,3778180912,12.593936373333333
58,2,N,3777951432,12.59317144
1121,124,Y,3775935781,12.586452603333335
126,18,N,3767226096,12.557420320000002
1123,124,Y,3761456260,12.538187533333334
1066,117,Y,3749644614,12.49881538
21,39,N,3746890963,12.489636543333333
46,76,N,3742895352,12.47631784
401,34,Y,3742700279,12.475667596666666
17,117,N,3742490112,12.47496704
32,87,N,3741979976,12.473266586666666
95,107,N,3735134944,12.450449813333334
846,89,Y,3734415325,12.448051083333333
380,31,Y,3733306008,12.444353360000001
54,66,N,3733173888,12.44391296
44,53,N,3732068416,12.440228053333334
77,745,Y,3726353376,12.42117792
203,9,Y,3721646531,12.405488436666667
16,5,N,3718992016,12.396640053333334
51,24,N,3718020560,12.393401866666668
1064,117,Y,3717000465,12.390001550000001
1098,121,Y,3706072568,12.353575226666667
980,106,Y,3701951984,12.339839946666666
816,86,Y,3696054840,12.3201828
60,609,Y,3692664320,12.308881066666668
843,89,Y,3689853805,12.299512683333333
6,30,N,3687361296,12.29120432
84,41,N,3682368520,12.274561733333334
106,5,N,3669233800,12.230779333333333
53,19,N,3663545520,12.2118184
30,84,N,3659161344,12.19720448
32,110,N,3657580216,12.191934053333334
14,99,N,3656100800,12.187002666666666
812,85,Y,3651585837,12.17195279
349,27,Y,3648041096,12.160136986666666
48,87,N,3640479928,12.134933093333334
819,86,Y,3634202568,12.11400856
103,29,N,3633444929,12.111483096666667
631,62,Y,3632480386,12.108267953333334
769,80,Y,3629247432,12.097491439999999
625,62,Y,3624768773,12.082562576666668
1067,117,Y,3621883408,12.072944693333334
823,86,Y,3619420280,12.064734266666667
127,80,N,3614382536,12.047941786666666
83,7,N,3613192749,12.04397583
376,31,Y,3607381306,12.024604353333332
200,9,Y,3605301288,12.01767096
79,4,N,3603553944,12.01184648
123,74,N,3594497384,11.981657946666667
19,36,N,3593316567,11.97772189
44,122,N,3592688208,11.97562736
377,31,Y,3592379637,11.97459879
915,98,Y,3589863596,11.966211986666666
5,26,N,3581501449,11.938338163333333
1096,121,Y,3573045136,11.910150453333333
907,97,Y,3570408568,11.901361893333332
52,70,N,3570097760,11.900325866666666
99,90,N,3567922472,11.893074906666666
13,64,N,3561312168,11.871040559999999
109,12,N,3560092344,11.86697448
78,84,N,3557307752,11.857692506666668
1034,113,Y,3551892096,11.83964032
5,16,N,3545893072,11.819643573333332
842,89,Y,3537424698,11.79141566
25,72,N,3529092264,11.763640879999999
24,44,N,3527455552,11.758185173333334
822,86,Y,3523047992,11.743493306666666
8,55,N,3519810849,11.73270283
85,4,N,3519426824,11.731422746666667
404,34,Y,3515811656,11.719372186666668
31,0,N,3507739232,11.692464106666666
1038,113,Y,3485224581,11.61741527
1039,113,Y,3484702368,11.61567456
378,31,Y,3477242648,11.590808826666667
44,69,N,3476261400,11.587538
70,52,N,3474044976,11.58014992
252,15,Y,3472440349,11.574801163333333
116,40,N,3463774207,11.545914023333333
13,4,N,3457731919,11.525773063333332
79,61,N,3457419093,11.52473031
251,15,Y,3456076792,11.520255973333333
96,112,N,3455960445,11.519868149999999
7,21,N,3450381952,11.501273173333333
1127,124,Y,3448569672,11.49523224
73,56,N,3448485208,11.494950693333333
1035,113,Y,3448339691,11.494465636666666
76,116,N,3445065744,11.48355248
0,14,N,3443373608,11.477912026666667
815,85,Y,3443103695,11.477012316666666
473,43,Y,3439295531,11.464318436666666
1122,124,Y,3432612088,11.442040293333333
351,27,Y,3420496472,11.401654906666666
124,92,N,3413357400,11.377858
55,59,N,3411625768,11.372085893333333
28,115,N,3410198500,11.367328333333333
93,84,N,3404351015,11.347836716666666
911,97,Y,3400408248,11.33469416
87,11,N,3399901680,11.3330056
111,120,N,3397425509,11.324751696666667
530,50,Y,3395948808,11.31982936
74,123,N,3395097816,11.31699272
51,98,N,3392519528,11.308398426666667
43,476,Y,3384931224,11.283104080000001
366,29,Y,3384571437,11.28190479
817,86,Y,3382474288,11.274914293333334
403,34,Y,3374036480,11.246788266666668
65,14,N,3371182280,11.237274266666667
113,74,N,3368164088,11.227213626666668
624,62,Y,3364391592,11.21463864
423,36,Y,3358620000,11.1954
53,44,N,3356884960,11.189616533333334
107,95,N,3356791104,11.18930368
41,84,N,3350474328,11.16824776
96,43,N,3340018408,11.133394693333333
14,123,N,3336096548,11.120321826666666
54,56,N,3325198784,11.083995946666667
55,42,N,3316517736,11.055059120000001
6,120,N,3315390328,11.051301093333334
768,80,Y,3311917584,11.039725279999999
249,15,Y,3306751808,11.022506026666665
755,78,Y,3292011984,10.97337328
66,41,N,3291973200,10.973244
94,72,N,3289306664,10.964355546666667
344,27,Y,3288044509,10.960148363333333
68,5,N,3287213432,10.957378106666667
55,7,N,3281378256,10.93792752
477,43,Y,3281184192,10.937280639999999
37,94,N,3277268160,10.9242272
821,86,Y,3274705672,10.915685573333334
382,31,Y,3273886576,10.912955253333333
295,20,Y,3270140296,10.900467653333333
49,9,N,3258751200,10.862504000000001
533,50,Y,3256361504,10.854538346666667
100,47,N,3255600408,10.852001360000001
820,86,Y,3244613048,10.815376826666668
834,88,Y,3241494168,10.80498056
118,29,N,3241016424,10.80338808
39,47,N,3231570688,10.771902293333333
626,62,Y,3219858224,10.732860746666667
125,8,N,3215482992,10.718276640000001
56,109,N,3214196712,10.713989040000001
1065,117,Y,3210136607,10.700455356666666
347,27,Y,3195384505,10.651281683333332
205,9,Y,3193714672,10.645715573333334
52,57,N,3182936616,10.609788720000001
97,38,N,3181443640,10.604812133333333
206,9,Y,3170181281,10.567270936666667
255,15,Y,3164771384,10.549237946666667
0,16,N,3159058800,10.530196
11,105,N,3148054688,10.493515626666666
49,97,N,3147320352,10.49106784
88,37,N,3146331768,10.48777256
65,3,N,3137335632,10.45778544
19,41,N,3123146680,10.410488933333333
913,98,Y,3122801736,10.40933912
75,57,N,3118213060,10.394043533333333
1053,115,Y,3116915244,10.38971748
479,43,Y,3116761451,10.389204836666668
63,113,N,3114892656,10.38297552
17,20,N,3114689992,10.382299973333334
26,5,N,3112570248,10.37523416
1125,124,Y,3111315216,10.37105072
39,444,Y,3106957568,10.356525226666667
97,56,N,3104040760,10.346802533333333
80,127,N,3084518103,10.281727009999999
288,20,Y,3079218437,10.264061456666667
592,58,Y,3075443936,10.251479786666666
1126,124,Y,3072138696,10.24046232
102,86,N,3066129784,10.220432613333333
66,54,N,3065946664,10.219822213333334
122,13,N,3062381984,10.207939946666666
57,75,N,3051994872,10.17331624
84,30,N,3047181848,10.157272826666667
918,98,Y,3046146760,10.153822533333333
117,53,N,3041845944,10.13948648
472,43,Y,3040668520,10.135561733333333
201,9,Y,3039409616,10.131365386666667
47,67,N,3029573440,10.098578133333334
1049,115,Y,3026021368,10.086737893333334
629,62,Y,3025355897,10.084519656666666
1070,117,Y,3015393856,10.051312853333332
25,21,N,3013118808,10.04372936
937,101,Y,2999633592,9.99877864
11,83,N,2999562112,9.998540373333334
1051,115,Y,2996858453,9.989528176666667
107,126,N,2994319832,9.981066106666667
85,81,N,2991449944,9.971499813333333
110,23,N,2986897144,9.956323813333332
647,64,Y,2981571968,9.938573226666666
204,9,Y,2981407822,9.938026073333333
26,35,N,2975227362,9.91742454
599,58,Y,2974790191,9.915967303333334
99,14,N,2974773902,9.915913006666667
346,27,Y,2972811885,9.90937295
105,46,N,2968539912,9.89513304
1119,123,Y,2961913240,9.873044133333334
515,48,Y,2956511000,9.855036666666667
89,119,N,2950575976,9.835253253333333
1071,117,Y,2948922743,9.829742476666667
17,90,N,2943399392,9.811331306666666
87,74,N,2943316072,9.811053573333334
1099,121,Y,2942050144,9.806833813333334
90,99,N,2936585016,9.78861672
83,41,N,2936505816,9.78835272
59,55,N,2936224904,9.787416346666667
21,7,N,2933786336,9.779287786666666
65,76,N,2930141816,9.767139386666667
361,29,Y,2927753347,9.759177823333333
21,25,N,2923139576,9.743798586666665
785,82,Y,2920994728,9.736649093333332
25,28,N,2916926048,9.723086826666668
114,32,N,2910259520,9.700865066666667
7,82,N,2907086544,9.690288480000001
250,15,Y,2890356448,9.634521493333335
111,87,N,2888703736,9.629012453333333
146,2,Y,2886864752,9.622882506666667
771,80,Y,2885847720,9.6194924
105,5,N,2883101664,9.610338879999999
105,118,N,2882766416,9.609221386666666
3,56,N,2873259792,9.57753264
47,123,N,2872929144,9.57643048
23,54,N,2870006304,9.56668768
1069,117,Y,2860888831,9.536296103333333
64,644,Y,2854540128,9.51513376
497,46,Y,2852976528,9.50992176
72,25,N,2850677032,9.502256773333333
6,22,N,2843409720,9.4780324
628,62,Y,2843020344,9.47673448
51,8,N,2836883780,9.456279266666668
1,85,N,2832208493,9.440694976666666
836,88,Y,2832185136,9.44061712
90,21,N,2831686512,9.43895504
110,32,N,2823398208,9.411327360000001
85,100,N,2822392395,9.40797465
24,52,N,2818524144,9.395080479999999
100,32,N,2812521648,9.37507216
107,42,N,2806312616,9.354375386666666
1054,115,Y,2806186880,9.353956266666668
116,73,N,2799446768,9.331489226666667
91,65,N,2794535336,9.315117786666667
52,76,N,2792845160,9.309483866666666
38,92,N,2791849224,9.30616408
44,127,N,2790144440,9.300481466666668
47,100,N,2787633000,9.292110000000001
150,2,Y,2778881285,9.262937616666667
77,118,N,2777169120,9.2572304
476,43,Y,2776948520,9.256495066666668
119,26,N,2772739016,9.242463386666666
914,98,Y,2771987894,9.239959646666666
39,21,N,2769797440,9.232658133333334
60,63,N,2764830792,9.216102639999999
976,106,Y,2757820760,9.192735866666666
95,68,N,2741293723,9.137645743333334
474,43,Y,2736327638,9.121092126666666
917,98,Y,2735494896,9.11831632
833,88,Y,2733507240,9.1116908
62,70,N,2726769208,9.089230693333333
113,70,N,2724742096,9.082473653333334
99,57,N,2715984088,9.053280293333334
475,43,Y,2715370648,9.051235493333333
78,116,N,2708196848,9.027322826666667
94,35,N,2702601136,9.008670453333334
978,106,Y,2698001372,8.993337906666667
107,70,N,2693570904,8.97856968
27,77,N,2689098984,8.96366328
122,44,N,2687575456,8.958584853333333
839,88,Y,2685971131,8.953237103333333
116,76,N,2683537336,8.945124453333333
46,93,N,2678806504,8.929355013333334
93,18,N,2673353776,8.911179253333334
76,46,N,2673089240,8.910297466666666
75,103,N,2665166644,8.883888813333334
19,12,N,2655684456,8.85228152
29,103,N,2650161720,8.833872399999999
16,0,N,2645978173,8.819927243333334
104,68,N,2631958976,8.773196586666666
597,58,Y,2629185752,8.763952506666667
67,72,N,2621714376,8.739047919999999
290,20,Y,2620681272,8.73560424
120,6,N,2618709231,8.72903077
66,57,N,2616508528,8.721695093333333
42,107,N,2614959472,8.716531573333333
853,90,Y,2612887928,8.709626426666667
67,35,N,2612723040,8.7090768
114,110,N,2609673416,8.698911386666666
1102,121,Y,2609480232,8.69826744
207,9,Y,2606205160,8.687350533333333
65,115,N,2595992080,8.653306933333333
979,106,Y,2593748944,8.645829813333334
747,77,Y,2593626816,8.64542272
2,35,N,2592918184,8.643060613333335
86,106,N,2590217880,8.6340596
2,88,N,2588471208,8.62823736
127,120,N,2577714344,8.592381146666666
43,39,N,2574215656,8.580718853333332
982,106,Y,2572207062,8.57402354
92,103,N,2571125784,8.57041928
118,25,N,2565714248,8.552380826666667
593,58,Y,2562649432,8.542164773333333
422,36,Y,2560602944,8.535343146666667
28,25,N,2555860584,8.51953528
64,104,N,2547545408,8.491818026666667
72,94,N,2547256616,8.490855386666667
68,14,N,2543997256,8.479990853333334
1120,124,Y,2542218211,8.474060703333333
45,16,N,2536927032,8.45642344
34,405,Y,2533384864,8.444616213333333
9,66,N,2532593216,8.441977386666668
54,3,N,2530591657,8.435305523333334
837,88,Y,2529755072,8.432516906666667
149,2,Y,2529470392,8.431567973333333
45,78,N,2526544536,8.42181512
23,73,N,2524441016,8.414803386666666
51,59,N,2521244080,8.404146933333333
9,42,N,2518431192,8.39477064
437,38,Y,2516934200,8.389780666666667
105,11,N,2514929032,8.383096773333333
1040,114,Y,2512040208,8.373467360000001
759,78,Y,2511318790,8.371062633333333
595,58,Y,2511241608,8.37080536
254,15,Y,2510926304,8.369754346666666
93,46,N,2509820392,8.366067973333333
30,6,N,2509743696,8.36581232
71,91,N,2505582496,8.351941653333334
39,22,N,2504604592,8.348681973333333
98,46,N,2503068744,8.34356248
838,88,Y,2497826020,8.326086733333334
48,119,N,2493143465,8.310478216666667
31,70,N,2492519664,8.308398879999999
1052,115,Y,2491499849,8.304999496666667
704,72,Y,2491045184,8.303483946666667
939,101,Y,2490571328,8.301904426666667
54,114,N,2489483560,8.298278533333333
912,98,Y,2488507656,8.295025520000001
162,4,Y,2486131680,8.2871056
73,95,N,2485790464,8.285968213333334
12,26,N,2482401928,8.274673093333334
304,22,Y,2481063312,8.27021104
753,78,Y,2480877016,8.269590053333333
65,649,Y,2474928416,8.249761386666666
41,19,N,2464553921,8.215179736666666
596,58,Y,2455703098,8.185676993333333
32,114,N,2455166312,8.183887706666667
253,15,Y,2451439704,8.171465679999999
89,107,N,2447845232,8.159484106666667
90,68,N,2439472360,8.131574533333334
848,90,Y,2438701560,8.1290052
832,88,Y,2437636824,8.12545608
50,18,N,2431605680,8.105352266666667
983,106,Y,2430184504,8.100615013333332
125,51,N,2429034248,8.096780826666667
571,55,Y,2427427704,8.09142568
965,104,Y,2424684872,8.082282906666666
757,78,Y,2423773111,8.079243703333333
360,29,Y,2416194352,8.053981173333332
916,98,Y,2415452984,8.051509946666666
594,58,Y,2414040676,8.046802253333334
119,123,N,2413901669,8.046338896666667
365,29,Y,2413347355,8.044491183333333
1048,115,Y,2409279512,8.030931706666667
598,58,Y,2406117944,8.020393146666667
101,93,N,2406073848,8.02024616
752,78,Y,2395812581,7.986041936666667
80,29,N,2395311432,7.98437144
145,2,Y,2392008968,7.973363226666668
326,24,Y,2390552240,7.968507466666666
849,90,Y,2388857848,7.962859493333334
289,20,Y,2386808576,7.956028586666666
367,29,Y,2382876319,7.942921063333333
227,12,Y,2378351320,7.927837733333333
362,29,Y,2376039824,7.920132746666667
764,79,Y,2373318741,7.911062470000001
835,88,Y,2373145907,7.9104863566666666
23,110,N,2369295624,7.89765208
871,92,Y,2367856997,7.892856656666666
294,20,Y,2366602360,7.888674533333333
856,91,Y,2360647416,7.868824720000001
730,75,Y,2352304208,7.841014026666667
919,98,Y,2344897240,7.816324133333333
71,122,N,2343887960,7.812959866666666
112,75,N,2343252880,7.810842933333334
578,56,Y,2341604775,7.80534925
943,101,Y,2340558971,7.801863236666666
111,25,N,2337951992,7.793173306666666
113,89,N,2336335306,7.7877843533333335
293,20,Y,2335561316,7.785204386666667
75,13,N,2334035272,7.780117573333333
109,103,N,2332848564,7.77616188
22,6,N,2329239524,7.764131746666666
121,105,N,2328926232,7.76308744
70,107,N,2325461478,7.75153826
1142,126,Y,2324451856,7.748172853333333
122,94,N,2318240048,7.727466826666666
12,19,N,2311269904,7.704233013333334
327,24,Y,2307709619,7.692365396666667
18,126,N,2307425496,7.69141832
419,36,Y,2306445176,7.6881505866666675
22,26,N,2301773504,7.672578346666667
7,6,N,2300474104,7.668247013333334
166,4,Y,2297792176,7.659307253333333
691,70,Y,2289801424,7.632671413333333
126,57,N,2287978800,7.626595999999999
603,59,Y,2287057152,7.62352384
95,104,N,2285852776,7.619509253333333
71,127,N,2282473096,7.608243653333334
1110,122,Y,2278669272,7.59556424
323,24,Y,2276298608,7.587662026666667
67,12,N,2276182056,7.58727352
57,126,N,2275052713,7.583509043333334
728,75,Y,2266936360,7.556454533333333
428,37,Y,2264576487,7.54858829
144,2,Y,2263661304,7.54553768
630,62,Y,2259982672,7.533275573333334
325,24,Y,2259395384,7.531317946666667
91,28,N,2257974720,7.5265824
714,73,Y,2250177232,7.500590773333333
870,92,Y,2249908521,7.49969507
74,87,N,2246380480,7.487934933333333
420,36,Y,2236014376,7.453381253333332
124,52,N,2235436168,7.451453893333333
582,56,Y,2233429957,7.4447665233333336
49,113,N,2228183032,7.4272767733333325
706,72,Y,2223384714,7.41128238
88,79,N,2222145272,7.407150906666667
373,30,Y,2216976384,7.38992128
1140,126,Y,2212807624,7.376025413333333
108,80,N,2204009224,7.346697413333334
96,88,N,2195841912,7.31947304
425,37,Y,2193274519,7.310915063333333
112,110,N,2191192584,7.3039752799999995
744,77,Y,2185650832,7.285502773333333
16,19,N,2184908056,7.283026853333334
35,26,N,2183023120,7.276743733333333
9,39,N,2182691464,7.275638213333334
320,24,Y,2182620208,7.275400693333333
1108,122,Y,2179328120,7.264427066666666
56,3,N,2171868056,7.239560186666667
936,101,Y,2168178129,7.22726043
8,51,N,2166971640,7.2232388
291,20,Y,2166102553,7.220341843333333
261,16,Y,2158387888,7.194626293333334
940,101,Y,2146977616,7.156592053333332
248,15,Y,2146542016,7.155140053333334
758,78,Y,2143500760,7.145002533333333
941,101,Y,2140654376,7.135514586666666
754,78,Y,2140071192,7.13357064
733,75,Y,2138730726,7.12910242
91,858,Y,2137614256,7.125380853333334
4,13,N,2135936584,7.119788613333333
959,103,Y,2135343393,7.11781131
989,107,Y,2125601591,7.085338636666667
260,16,Y,2125439800,7.084799333333333
292,20,Y,2124634792,7.082115973333333
66,22,N,2119317080,7.064390266666666
938,101,Y,2119148733,7.06382911
445,39,Y,2113481008,7.044936693333333
756,78,Y,2110794288,7.035980960000001
859,91,Y,2110326411,7.0344213700000005
3,54,N,2108567024,7.028556746666667
91,92,N,2104187632,7.013958773333333
875,93,Y,2102225928,7.007419759999999
869,92,Y,2098347404,6.994491346666666
191,7,Y,2094613776,6.98204592
417,36,Y,2092599469,6.975331563333333
83,11,N,2089560440,6.965201466666667
888,95,Y,2089272208,6.964240693333333
1016,111,Y,2088915576,6.963051920000001
729,75,Y,2084351168,6.9478372266666675
734,75,Y,2083442552,6.944808506666666
151,2,Y,2081150712,6.937169040000001
577,56,Y,2076119928,6.92039976
11,33,N,2075567472,6.91855824
583,56,Y,2073428648,6.9114288266666675
745,77,Y,2072276832,6.907589440000001
642,64,Y,2071308989,6.904363296666667
682,69,Y,2070112891,6.900376303333333
73,116,N,2068905912,6.89635304
63,93,N,2066692832,6.888976106666666
148,2,Y,2066454555,6.88818185
3,65,N,2064172064,6.880573546666667
37,429,Y,2059307784,6.86435928
1012,110,Y,2054105920,6.847019733333333
160,4,Y,2053914032,6.8463801066666665
36,3,N,2052875760,6.8429192
163,4,Y,2049187049,6.830623496666667
69,44,N,2048310888,6.82770296
109,28,N,2047668840,6.8255628
1021,111,Y,2046429968,6.821433226666667
324,24,Y,2042073555,6.80691185
6,7,N,2034344056,6.7811468533333334
861,91,Y,2033599960,6.7786665333333325
104,95,N,2032989848,6.776632826666666
26,12,N,2028279416,6.760931386666667
310,22,Y,2026468264,6.754894213333333
695,70,Y,2025969502,6.7532316733333335
878,93,Y,2022255776,6.740852586666667
16,6,N,2021072672,6.736908906666667
715,73,Y,2017019296,6.7233976533333335
418,36,Y,2012734312,6.709114373333333
3,28,N,2010672440,6.702241466666667
91,856,Y,2009321152,6.6977371733333335
37,75,N,2006330928,6.687769759999999
514,48,Y,2003673280,6.678910933333333
46,114,N,2001633792,6.67211264
2,99,N,1999092632,6.663642106666668
91,29,N,1993334384,6.644447946666666
256,16,Y,1991601320,6.638671066666666
275,18,Y,1991443913,6.638146376666667
685,69,Y,1989420160,6.631400533333333
1022,111,Y,1986470904,6.62156968
688,70,Y,1985175968,6.617253226666667
1104,122,Y,1984116925,6.613723083333333
427,37,Y,1983093195,6.61031065
868,92,Y,1979113352,6.597044506666666
1078,118,Y,1977623624,6.592078746666667
1019,111,Y,1976544451,6.588481503333334
1150,127,Y,1971166872,6.57055624
424,37,Y,1964586391,6.548621303333333
321,24,Y,1964510192,6.548367306666666
977,106,Y,1964057392,6.546857973333334
620,61,Y,1961409624,6.538032080000001
789,82,Y,1959203112,6.5306770400000005
981,106,Y,1958519272,6.528397573333333
110,114,N,1954688168,6.515627226666666
1118,123,Y,1951982440,6.506608133333333
886,94,Y,1946062768,6.486875893333334
554,53,Y,1942377696,6.47459232
780,81,Y,1939211432,6.464038106666667
786,82,Y,1938590168,6.461967226666666
88,42,N,1935157472,6.450524906666668
1011,110,Y,1934807247,6.449357490000001
78,114,N,1924168784,6.413895946666667
850,90,Y,1922916640,6.409722133333333
784,82,Y,1922227368,6.40742456
316,23,Y,1921588393,6.405294643333333
751,77,Y,1920006384,6.40002128
319,23,Y,1919275543,6.397585143333333
161,4,Y,1909043734,6.363479113333333
707,72,Y,1905007467,6.35002489
109,118,N,1904054376,6.34684792
807,84,Y,1902880785,6.34293595
512,48,Y,1902561872,6.341872906666667
694,70,Y,1901537512,6.338458373333333
516,48,Y,1896853230,6.322844099999999
88,2,N,1896173336,6.320577786666666
90,853,Y,1895088608,6.316962026666667
731,75,Y,1887869309,6.292897696666666
519,48,Y,1887837032,6.292790106666667
600,59,Y,1875313421,6.251044736666667
510,47,Y,1874667144,6.24889048
263,16,Y,1874226040,6.247420133333334
874,93,Y,1869610144,6.2320338133333335
147,2,Y,1862415744,6.20805248
322,24,Y,1860827864,6.202759546666667
508,47,Y,1859688913,6.198963043333333
114,54,N,1857630576,6.192101920000001
735,75,Y,1851454064,6.171513546666667
29,118,N,1845067504,6.150225013333333
750,77,Y,1841837336,6.139457786666667
1148,127,Y,1839094672,6.130315573333334
313,23,Y,1837600752,6.12533584
579,56,Y,1836626920,6.1220897333333335
364,29,Y,1835663448,6.1188781599999995
1050,115,Y,1835556864,6.1185228799999996
1109,122,Y,1834129786,6.113765953333333
447,39,Y,1833577872,6.11192624
446,39,Y,1831486794,6.10495598
25,118,N,1827293261,6.090977536666667
640,64,Y,1825109474,6.083698246666667
854,90,Y,1824545979,6.08181993
858,91,Y,1819343708,6.064479026666667
1062,116,Y,1816715960,6.055719866666666
1055,115,Y,1814254536,6.04751512
575,55,Y,1809747200,6.032490666666666
517,48,Y,1804871016,6.016236719999999
454,40,Y,1803717760,6.012392533333333
433,38,Y,1802262685,6.007542283333334
1015,110,Y,1802119240,6.0070641333333334
217,11,Y,1802066619,6.00688873
441,39,Y,1798654008,5.99551336
68,95,N,1795799040,5.9859968
1149,127,Y,1795333648,5.984445493333333
86,47,N,1794297224,5.9809907466666665
308,22,Y,1794208568,5.980695226666667
1073,118,Y,1794081304,5.980271013333334
677,68,Y,1791274296,5.97091432
430,37,Y,1788055198,5.960183993333333
167,4,Y,1785060280,5.950200933333334
1147,127,Y,1784870632,5.949568773333333
732,75,Y,1784740184,5.949133946666667
746,77,Y,1783934752,5.946449173333333
231,12,Y,1783764768,5.94588256
863,91,Y,1780809104,5.936030346666667
45,36,N,1779520304,5.9317343466666665
449,40,Y,1777835120,5.9261170666666665
641,64,Y,1768065304,5.893551013333333
689,70,Y,1767835600,5.892785333333333
952,103,Y,1764415616,5.8813853866666665
1075,118,Y,1764052067,5.880173556666667
725,74,Y,1763888176,5.879627253333333
1145,127,Y,1763300208,5.87766736
426,37,Y,1761463480,5.871544933333333
277,18,Y,1759098288,5.86366096
1017,111,Y,1751177096,5.837256986666667
1081,119,Y,1745665976,5.818886586666667
718,73,Y,1745019960,5.8167332
368,30,Y,1744718728,5.815729093333333
794,83,Y,1738916987,5.796389956666666
1060,116,Y,1737755280,5.7925176
106,100,N,1735604816,5.785349386666667
309,22,Y,1733965227,5.77988409
453,40,Y,1733475984,5.77825328
787,82,Y,1732620630,5.7754021
506,47,Y,1729568989,5.765229963333334
392,33,Y,1728895752,5.76298584
872,93,Y,1724302932,5.74767644
258,16,Y,1721074240,5.736914133333333
128,0,Y,1718218871,5.727396236666666
22,66,N,1714243240,5.714144133333334
82,7,N,1710610584,5.70203528
307,22,Y,1709617560,5.6987252
36,116,N,1707907016,5.693023386666667
955,103,Y,1707283120,5.6909437333333335
470,42,Y,1706650720,5.688835733333334
705,72,Y,1706543816,5.688479386666667
646,64,Y,1705314848,5.684382826666667
431,37,Y,1704542064,5.68180688
1087,119,Y,1703290240,5.677634133333333
1059,116,Y,1697562848,5.658542826666666
94,885,Y,1696462728,5.6548757599999995
760,79,Y,1694276872,5.647589573333334
1144,127,Y,1694063258,5.646877526666667
605,59,Y,1691620152,5.63873384
668,67,Y,1691285168,5.637617226666667
873,93,Y,1690917768,5.63639256
1151,127,Y,1690903776,5.63634592
793,83,Y,1688084160,5.6269472
499,46,Y,1685533144,5.618443813333333
683,69,Y,1683167760,5.6105592
471,42,Y,1680274552,5.600915173333333
127,44,N,1677920032,5.593066773333334
104,967,Y,1677885200,5.592950666666666
396,33,Y,1675414720,5.584715733333334
622,61,Y,1674330856,5.581102853333333
507,47,Y,1672308984,5.57436328
984,107,Y,1672058592,5.57352864
957,103,Y,1671660808,5.572202693333334
115,28,N,1669947904,5.566493013333333
862,91,Y,1669050432,5.5635014400000005
1146,127,Y,1668270424,5.560901413333333
91,862,Y,1665311112,5.55103704
444,39,Y,1656726816,5.522422720000001
644,64,Y,1655408944,5.518029813333333
987,107,Y,1655230016,5.517433386666667
669,67,Y,1654926352,5.516421173333334
314,23,Y,1654233040,5.514110133333333
63,73,N,1647937368,5.49312456
257,16,Y,1647145240,5.490484133333333
511,47,Y,1645646646,5.48548882
97,11,N,1644586152,5.48195384
230,12,Y,1643868384,5.4795612799999995
855,90,Y,1640913160,5.469710533333334
513,48,Y,1637992024,5.4599734133333335
690,70,Y,1637544912,5.45848304
852,90,Y,1636539160,5.4551305333333335
606,59,Y,1633638304,5.445461013333333
398,33,Y,1629610968,5.432036559999999
416,36,Y,1628495744,5.4283191466666665
305,22,Y,1626150896,5.4205029866666665
1008,110,Y,1625655872,5.418852906666666
4,103,N,1624262792,5.414209306666667
40,95,N,1621315440,5.4043848
448,40,Y,1618913096,5.396376986666667
442,39,Y,1615321192,5.384403973333334
661,66,Y,1614876264,5.38292088
259,16,Y,1613246056,5.377486853333333
934,100,Y,1612544272,5.375147573333333
710,72,Y,1612356384,5.37452128
788,82,Y,1610357056,5.3678568533333335
1080,119,Y,1609933248,5.36644416
942,101,Y,1605294136,5.350980453333333
1082,119,Y,1603107880,5.343692933333333
864,92,Y,1602586056,5.34195352
791,82,Y,1601734440,5.3391148
692,70,Y,1599448640,5.3314954666666665
394,33,Y,1598994915,5.32998305
181,6,Y,1595805456,5.31935152
296,21,Y,1594621315,5.315404383333333
602,59,Y,1594279656,5.31426552
581,56,Y,1590585880,5.301952933333333
153,3,Y,1590526280,5.301754266666666
716,73,Y,1586909648,5.289698826666667
684,69,Y,1577792936,5.259309786666667
797,83,Y,1575577816,5.251926053333333
102,950,Y,1575246072,5.25082024
429,37,Y,1574275327,5.2475844233333335
721,74,Y,1573648800,5.245496
443,39,Y,1569991472,5.233304906666667
221,11,Y,1569197344,5.230657813333333
38,433,Y,1567386112,5.224620373333334
104,961,Y,1566023336,5.220077786666667
36,420,Y,1561756248,5.20585416
749,77,Y,1561672520,5.2055750666666665
574,55,Y,1559183712,5.197279040000001
1020,111,Y,1558915328,5.196384426666667
332,25,Y,1558292464,5.194308213333334
1047,114,Y,1555416694,5.184722313333333
1074,118,Y,1555353296,5.184510986666667
767,79,Y,1554159608,5.180532026666667
933,100,Y,1554003661,5.180012203333333
662,66,Y,1553178216,5.1772607200000005
665,67,Y,1549681368,5.16560456
1013,110,Y,1546852597,5.156175323333334
103,109,N,1545335720,5.151119066666666
680,69,Y,1544923141,5.149743803333333
372,30,Y,1543260384,5.14420128
177,6,Y,1542319416,5.14106472
893,95,Y,1541928136,5.139760453333333
712,73,Y,1537132384,5.1237746133333335
621,61,Y,1535808302,5.119361006666667
986,107,Y,1533876285,5.11292095
58,99,N,1533071952,5.11023984
601,59,Y,1529025984,5.09675328
851,90,Y,1526906860,5.089689533333333
505,47,Y,1525525496,5.085084986666667
456,41,Y,1523288736,5.07762912
439,38,Y,1519575336,5.06525112
1085,119,Y,1514347592,5.047825306666667
681,69,Y,1512781742,5.042605806666667
411,35,Y,1511314800,5.037716
504,47,Y,1509016352,5.030054506666667
67,670,Y,1508391072,5.02797024
273,18,Y,1508146200,5.027154
297,21,Y,1505401576,5.0180052533333335
569,55,Y,1502115760,5.007052533333333
122,1107,Y,1501153080,5.0038436
164,4,Y,1496784112,4.989280373333333
670,67,Y,1496642848,4.988809493333333
616,61,Y,1495002168,4.98334056
576,56,Y,1494735403,4.9824513433333335
1106,122,Y,1491461224,4.971537413333333
276,18,Y,1490327432,4.9677581066666665
518,48,Y,1490194744,4.967315813333333
798,83,Y,1488852824,4.9628427466666665
1105,122,Y,1486912491,4.95637497
604,59,Y,1482855584,4.942851946666667
371,30,Y,1482599568,4.94199856
928,100,Y,1480865064,4.93621688
866,92,Y,1475198248,4.917327493333333
1107,122,Y,1474542536,4.915141786666666
170,5,Y,1472627440,4.908758133333333
876,93,Y,1472531911,4.908439703333333
717,73,Y,1472185160,4.907283866666667
953,103,Y,1470287920,4.900959733333334
451,40,Y,1462014603,4.87338201
860,91,Y,1460894138,4.869647126666667
790,82,Y,1459736169,4.8657872300000005
568,55,Y,1451787808,4.839292693333333
52,551,Y,1451414280,4.8380475999999994
879,93,Y,1449284584,4.830948613333334
89,113,N,1448544720,4.8284823999999995
617,61,Y,1447456280,4.824854266666667
748,77,Y,1442767992,4.80922664
1014,110,Y,1441578712,4.805262373333333
10,210,Y,1441098576,4.80366192
315,23,Y,1440141104,4.800470346666667
824,87,Y,1438627968,4.79542656
742,76,Y,1432973752,4.776579173333333
334,25,Y,1430766312,4.76922104
667,67,Y,1430138124,4.76712708
686,69,Y,1429992176,4.766640586666666
299,21,Y,1427534976,4.7584499199999994
890,95,Y,1425398835,4.75132945
282,19,Y,1425180160,4.750600533333333
877,93,Y,1424732843,4.749109476666667
607,59,Y,1420957328,4.736524426666667
713,73,Y,1416321176,4.7210705866666665
830,87,Y,1415953288,4.719844293333334
766,79,Y,1415554152,4.71851384
369,30,Y,1405915680,4.6863856
708,72,Y,1403395393,4.677984643333334
89,841,Y,1401630736,4.672102453333333
154,3,Y,1400509920,4.6683664
792,83,Y,1399983947,4.666613156666666
318,23,Y,1396939672,4.6564655733333336
1139,126,Y,1394806434,4.64935478
796,83,Y,1392443848,4.641479493333334
828,87,Y,1392056728,4.640189093333333
544,52,Y,1388256600,4.627522
3,153,Y,1385822560,4.619408533333334
1018,111,Y,1382505896,4.608352986666667
333,25,Y,1381821643,4.606072143333333
460,41,Y,1381682048,4.6056068266666665
10,208,Y,1381260112,4.604200373333334
779,81,Y,1377922616,4.5930753866666665
235,13,Y,1376593477,4.588644923333334
693,70,Y,1376496896,4.588322986666666
312,23,Y,1372661872,4.575539573333334
974,105,Y,1371823712,4.572745706666667
459,41,Y,1371770712,4.572569039999999
465,42,Y,1371347200,4.571157333333333
408,35,Y,1370992328,4.569974426666667
954,103,Y,1368901448,4.563004826666667
971,105,Y,1368809296,4.562697653333333
509,47,Y,1367988120,4.5599604000000005
159,3,Y,1367514856,4.558382853333334
645,64,Y,1365092104,4.550307013333333
935,100,Y,1364917624,4.549725413333333
79,763,Y,1362408408,4.54136136
659,66,Y,1362144032,4.540480106666667
10,214,Y,1360086888,4.53362296
894,95,Y,1358342345,4.527807816666667
932,100,Y,1356458528,4.521528426666667
972,105,Y,1354886368,4.516287893333333
1046,114,Y,1354092064,4.513640213333334
801,84,Y,1353239344,4.510797813333333
10,212,Y,1351704921,4.50568307
618,61,Y,1351422656,4.504742186666666
274,18,Y,1350422128,4.501407093333333
1116,123,Y,1347281539,4.490938463333333
762,79,Y,1338655120,4.462183733333333
1137,126,Y,1338592568,4.461975226666667
1086,119,Y,1337521064,4.458403546666666
799,83,Y,1336904120,4.456347066666667
56,54,N,1336491824,4.454972746666667
726,74,Y,1336053568,4.453511893333333
563,54,Y,1335566808,4.45188936
301,21,Y,1332098424,4.4403280800000005
687,69,Y,1329690504,4.432301679999999
1111,122,Y,1328522832,4.42840944
229,12,Y,1326374065,4.421246883333333
658,66,Y,1325929488,4.41976496
963,104,Y,1322322904,4.4077430133333335
1138,126,Y,1322156432,4.407188106666666
118,109,N,1320139560,4.4004652
94,884,Y,1318435944,4.39478648
51,540,Y,1313611000,4.378703333333334
572,55,Y,1312562256,4.37520752
300,21,Y,1308874896,4.36291632
1090,120,Y,1308731928,4.36243976
22,311,Y,1308414552,4.36138184
10,213,Y,1308383240,4.3612774666666665
41,459,Y,1305347624,4.351158746666667
825,87,Y,1302968280,4.3432276
134,0,Y,1302709592,4.342365306666666
397,33,Y,1298529712,4.328432373333333
452,40,Y,1298477458,4.328258193333333
580,56,Y,1297459656,4.32486552
666,67,Y,1297367583,4.3245586099999995
152,3,Y,1291928384,4.306427946666667
1004,109,Y,1291787512,4.305958373333333
968,105,Y,1291361648,4.304538826666667
590,57,Y,1289769080,4.299230266666667
435,38,Y,1289656600,4.298855333333333
286,19,Y,1288949232,4.2964974400000004
117,1064,Y,1287609632,4.292032106666667
1043,114,Y,1287281352,4.290937840000001
1076,118,Y,1285588872,4.28529624
804,84,Y,1284023408,4.280078026666667
262,16,Y,1283640024,4.27880008
895,95,Y,1283590978,4.278636593333333
929,100,Y,1283012275,4.276707583333334
709,72,Y,1278759640,4.262532133333333
302,21,Y,1277891048,4.259636826666666
438,38,Y,1276917776,4.256392586666666
1045,114,Y,1276075640,4.253585466666666
1009,110,Y,1275748168,4.252493893333333
781,81,Y,1273308519,4.24436173
565,54,Y,1273272328,4.244241093333334
739,76,Y,1272308768,4.241029226666667
133,0,Y,1269811856,4.232706186666666
723,74,Y,1269217952,4.230726506666667
573,55,Y,1267984432,4.226614773333334
546,52,Y,1267672856,4.225576186666666
1084,119,Y,1267481440,4.224938133333334
1136,126,Y,1267099408,4.223664693333333
233,13,Y,1265252824,4.2175094133333335
237,13,Y,1263695240,4.212317466666667
765,79,Y,1259426208,4.198087360000001
436,38,Y,1259214216,4.19738072
168,5,Y,1258711112,4.1957037066666665
450,40,Y,1258041833,4.193472776666667
331,25,Y,1256259407,4.187531356666667
158,3,Y,1256034264,4.186780880000001
399,33,Y,1255680504,4.1856016799999995
10,209,Y,1254658544,4.1821951466666665
455,40,Y,1254459600,4.181532000000001
219,11,Y,1252071936,4.17357312
719,73,Y,1247909744,4.159699146666666
483,44,Y,1247064088,4.156880293333334
1023,111,Y,1246418360,4.154727866666667
228,12,Y,1245276270,4.1509209
619,61,Y,1243253144,4.144177146666666
481,44,Y,1240841912,4.1361397066666665
988,107,Y,1239313920,4.1310464
155,3,Y,1238162776,4.1272092533333335
239,13,Y,1236353696,4.121178986666667
501,46,Y,1236234616,4.1207820533333335
272,18,Y,1233333176,4.111110586666666
1063,116,Y,1231736368,4.105787893333333
500,46,Y,1229292096,4.09764032
930,100,Y,1225688816,4.085629386666667
4,165,Y,1224986992,4.083289973333333
172,5,Y,1223526824,4.078422746666667
48,518,Y,1222609016,4.075363386666667
216,11,Y,1220406480,4.0680216
778,81,Y,1217935480,4.059784933333333
643,64,Y,1217841992,4.059473306666667
857,91,Y,1216719040,4.055730133333333
171,5,Y,1213073520,4.0435784
132,0,Y,1212471544,4.041571813333333
414,35,Y,1212256352,4.040854506666667
1083,119,Y,1212223514,4.040745046666667
925,99,Y,1209105326,4.030351086666667
1143,126,Y,1209101120,4.030337066666666
225,12,Y,1208924904,4.02974968
570,55,Y,1207496760,4.0249892
664,67,Y,1206992040,4.023306799999999
467,42,Y,1205266848,4.01755616
352,28,Y,1202508761,4.008362536666667
656,66,Y,1201711144,4.005703813333334
180,6,Y,1197449224,3.9914974133333336
958,103,Y,1197175360,3.9905845333333336
660,66,Y,1196072128,3.9869070933333335
1077,118,Y,1194762328,3.9825410933333334
803,84,Y,1194150280,3.9805009333333334
22,305,Y,1193590736,3.978635786666666
931,100,Y,1192245504,3.9741516800000003
727,74,Y,1188884824,3.962949413333333
985,107,Y,1187715832,3.959052773333333
389,32,Y,1183331232,3.94443744
123,1116,Y,1182951832,3.943172773333333
236,13,Y,1181698827,3.93899609
222,11,Y,1178871592,3.929571973333333
34,402,Y,1178384600,3.927948666666667
238,13,Y,1177431872,3.9247729066666666
157,3,Y,1176135528,3.92045176
303,21,Y,1173580360,3.9119345333333335
130,0,Y,1171288824,3.90429608
1141,126,Y,1170459024,3.90153008
466,42,Y,1169519384,3.8983979466666665
551,52,Y,1167133880,3.890446266666667
278,18,Y,1164635724,3.8821190800000003
806,84,Y,1163178536,3.8772617866666663
37,425,Y,1160493320,3.8683110666666667
1079,118,Y,1160278896,3.8675963200000005
117,1068,Y,1159910160,3.8663672000000004
175,5,Y,1158763688,3.8625456266666665
743,76,Y,1158655400,3.862184666666667
185,7,Y,1155325536,3.85108512
415,35,Y,1155086190,3.8502873
283,19,Y,1150863336,3.83621112
711,72,Y,1149981632,3.8332721066666666
385,32,Y,1149064984,3.8302166133333335
795,83,Y,1149009528,3.8300317600000002
169,5,Y,1147854576,3.82618192
0,131,Y,1145514368,3.8183812266666664
776,81,Y,1143433816,3.811446053333333
317,23,Y,1143098040,3.8103268000000003
1010,110,Y,1131773400,3.772578
69,687,Y,1129755008,3.7658500266666666
45,494,Y,1127232264,3.75744088
125,1128,Y,1125723816,3.75241272
1044,114,Y,1123964696,3.746548986666667
17,271,Y,1123700128,3.745667093333333
487,44,Y,1121838999,3.73946333
783,81,Y,1120635750,3.7354525
395,33,Y,1117284344,3.7242811466666663
287,19,Y,1116577560,3.7219252000000003
174,5,Y,1116352600,3.7211753333333335
671,67,Y,1116031666,3.720105553333333
50,529,Y,1115547800,3.7184926666666667
486,44,Y,1114784328,3.7159477599999997
337,26,Y,1113525064,3.7117502133333335
28,109,N,1112671400,3.7089046666666667
800,84,Y,1112621004,3.70873668
189,7,Y,1112115320,3.7070510666666667
964,104,Y,1111779512,3.7059317066666666
503,46,Y,1110682808,3.702276026666667
10,211,Y,1107710954,3.692369846666667
93,872,Y,1107465904,3.6915530133333334
306,22,Y,1107323320,3.691077733333333
232,13,Y,1104818816,3.682729386666667
218,11,Y,1102208648,3.6740288266666665
3,158,Y,1098976232,3.663254106666667
434,38,Y,1098479312,3.6615977066666665
9,200,Y,1094765528,3.6492184266666663
156,3,Y,1093599848,3.645332826666667
14,247,Y,1093050592,3.643501973333333
560,54,Y,1092367368,3.6412245599999995
311,22,Y,1090588200,3.635294
674,68,Y,1087136104,3.6237870133333336
623,61,Y,1084490784,3.61496928
17,270,Y,1083993607,3.6133120233333336
10,215,Y,1083519840,3.6117327999999995
891,95,Y,1073998440,3.5799947999999997
496,46,Y,1072654360,3.5755145333333336
921,99,Y,1070829096,3.56943032
651,65,Y,1069125128,3.5637504266666666
927,99,Y,1063018520,3.5433950666666667
892,95,Y,1062533680,3.541778933333333
391,32,Y,1061190480,3.5373016
1092,120,Y,1060628520,3.5354284
663,66,Y,1060263616,3.5342120533333334
17,269,Y,1059287176,3.5309572533333333
55,573,Y,1058769096,3.52923032
549,52,Y,1057984448,3.5266148266666666
11,220,Y,1054962024,3.5165400800000004
1115,123,Y,1050375984,3.5012532800000002
387,32,Y,1048537400,3.4951246666666664
653,65,Y,1048405080,3.4946836
562,54,Y,1048207824,3.49402608
1112,123,Y,1046083437,3.4869447900000003
1057,116,Y,1045357952,3.4845265066666666
502,46,Y,1044014272,3.4800475733333336
330,25,Y,1042054928,3.4735164266666665
552,53,Y,1041594552,3.4719818399999998
80,768,Y,1040777824,3.469259413333333
1058,116,Y,1040521840,3.4684061333333336
559,53,Y,1039139501,3.4637983366666667
589,57,Y,1037728200,3.459094
234,13,Y,1035205384,3.4506846133333333
648,65,Y,1035130568,3.450435226666667
131,0,Y,1035038933,3.450129776666667
1,137,Y,1033240824,3.4441360800000003
33,392,Y,1032476032,3.4415867733333334
926,99,Y,1029924912,3.4330830399999996
353,28,Y,1029405264,3.43135088
1041,114,Y,1028584976,3.428616586666667
1117,123,Y,1028335968,3.42778656
190,7,Y,1026370624,3.421235413333333
1003,109,Y,1021763800,3.405879333333333
47,507,Y,1021182664,3.403942213333333
69,685,Y,1020984640,3.403282133333333
186,7,Y,1020283692,3.4009456399999998
17,268,Y,1019574416,3.3985813866666668
342,26,Y,1018401780,3.3946726000000003
63,634,Y,1016658056,3.3888601866666668
865,92,Y,1016111008,3.387036693333333
461,41,Y,1011813161,3.3727105366666668
498,46,Y,1011145744,3.3704858133333335
183,6,Y,1010581340,3.3686044666666666
555,53,Y,1009832736,3.36610912
558,53,Y,1009724240,3.3657474666666665
298,21,Y,1008757276,3.3625242533333335
485,44,Y,1008322456,3.3610748533333332
8,197,Y,1007113664,3.357045546666667
135,0,Y,1004793888,3.34931296
722,74,Y,1004417981,3.348059936666667
129,0,Y,1001867440,3.3395581333333335
1056,116,Y,999587296,3.3319576533333333
17,265,Y,997775544,3.32591848
56,580,Y,997111496,3.323704986666667
409,35,Y,996946208,3.3231540266666664
1088,120,Y,995351496,3.3178383200000003
724,74,Y,994066180,3.313553933333333
457,41,Y,992186751,3.3072891700000002
740,76,Y,991105504,3.303685013333333
1061,116,Y,989368984,3.2978966133333336
545,52,Y,988777120,3.2959237333333338
484,44,Y,988355456,3.2945181866666666
556,53,Y,987156800,3.290522666666667
85,815,Y,986002888,3.2866762933333336
741,76,Y,983990344,3.2799678133333336
679,68,Y,983667496,3.278891653333333
390,32,Y,983252651,3.277508836666667
584,57,Y,980869728,3.26956576
358,28,Y,979982472,3.2666082399999996
173,5,Y,978676600,3.262255333333333
867,92,Y,978422352,3.2614078400000004
111,1023,Y,978179776,3.2605992533333334
1091,120,Y,976344601,3.254482003333333
45,493,Y,974348896,3.247829653333333
386,32,Y,972342008,3.241140026666667
77,751,Y,971985920,3.2399530666666667
960,104,Y,969505527,3.23168509
782,81,Y,969503600,3.231678666666667
548,52,Y,969088488,3.2302949599999997
805,84,Y,968640472,3.2288015733333335
375,30,Y,968232336,3.22744112
826,87,Y,967992048,3.22664016
55,569,Y,965832592,3.2194419733333333
182,6,Y,964099464,3.21366488
374,30,Y,963155576,3.2105185866666663
678,68,Y,962257344,3.20752448
990,107,Y,960144496,3.2004816533333336
281,19,Y,957546952,3.1918231733333338
341,26,Y,957229464,3.19076488
329,25,Y,956428232,3.188094106666667
370,30,Y,955028704,3.183429013333333
1072,118,Y,953968144,3.1798938133333334
43,477,Y,953667640,3.178892133333333
90,854,Y,953477952,3.17825984
355,28,Y,950806728,3.1693557599999997
889,95,Y,949734967,3.1657832233333334
17,267,Y,946871768,3.156239226666667
561,54,Y,945271024,3.1509034133333333
967,104,Y,944870896,3.1495696533333333
761,79,Y,943410536,3.144701786666667
586,57,Y,943370944,3.1445698133333333
93,874,Y,943186992,3.14395664
393,33,Y,942841688,3.142805626666666
27,345,Y,942425104,3.1414170133333337
17,266,Y,942303104,3.1410103466666666
413,35,Y,940999600,3.1366653333333336
969,105,Y,940709526,3.13569842
777,81,Y,937620256,3.1254008533333337
657,66,Y,936454936,3.1215164533333333
923,99,Y,935799384,3.11933128
463,41,Y,935664507,3.11888169
9,202,Y,932341989,3.10780663
1006,109,Y,931463552,3.1048785066666666
553,53,Y,931148936,3.1038297866666666
68,675,Y,930624632,3.1020821066666664
880,94,Y,926866056,3.08955352
962,104,Y,923512616,3.0783753866666665
1114,123,Y,922596040,3.0753201333333333
557,53,Y,921394200,3.071314
178,6,Y,917712360,3.0590412000000002
652,65,Y,917662416,3.05887472
24,321,Y,916913813,3.0563793766666665
49,526,Y,916289800,3.0542993333333333
15,251,Y,915640024,3.0521334133333333
1095,120,Y,914385448,3.047951493333333
113,1035,Y,914370664,3.0479022133333333
547,52,Y,910456128,3.03485376
96,903,Y,907499968,3.0249998933333333
673,68,Y,906523776,3.0217459200000003
924,99,Y,905281656,3.01760552
125,1133,Y,902802512,3.0093417066666666
328,25,Y,900791656,3.0026388533333335
1094,120,Y,900650840,3.002169466666667
96,901,Y,897055608,2.99018536
587,57,Y,894920424,2.98306808
343,26,Y,894685496,2.9822849866666665
279,18,Y,893334144,2.97778048
966,104,Y,892288392,2.97429464
1113,123,Y,890991384,2.96997128
75,733,Y,889789600,2.9659653333333336
462,41,Y,881116105,2.937053683333333
354,28,Y,878133288,2.9271109600000003
2,151,Y,878121864,2.92707288
125,1131,Y,872698840,2.9089961333333334
649,65,Y,872139010,2.9071300333333334
103,954,Y,869028928,2.896763093333333
101,938,Y,865752200,2.8858406666666667
25,334,Y,863162016,2.87720672
35,409,Y,861836168,2.8727872266666665
119,1083,Y,861318384,2.87106128
187,7,Y,861298672,2.8709955733333334
970,105,Y,860930416,2.8697680533333334
102,951,Y,860074768,2.8669158933333336
567,54,Y,859445256,2.86481752
676,68,Y,856149928,2.8538330933333333
18,278,Y,855580672,2.8519355733333334
49,524,Y,855463864,2.851546213333333
245,14,Y,853557520,2.8451917333333334
285,19,Y,853473672,2.8449122399999998
49,525,Y,853044176,2.843480586666667
176,6,Y,852730720,2.842435733333333
105,968,Y,851853048,2.83951016
338,26,Y,851400672,2.83800224
13,237,Y,850285568,2.8342852266666667
30,374,Y,846198904,2.8206630133333332
13,235,Y,843788152,2.8126271733333335
60,608,Y,842323216,2.8077440533333333
975,105,Y,841263336,2.80421112
1089,120,Y,839380224,2.7979340799999997
991,107,Y,838966016,2.7965533866666665
335,25,Y,838823328,2.79607776
71,703,Y,836433296,2.7881109866666667
82,784,Y,836136288,2.7871209599999998
49,527,Y,834217416,2.78072472
112,1027,Y,832749024,2.77583008
1,136,Y,832600896,2.77533632
1093,120,Y,832559560,2.775198533333333
585,57,Y,832291568,2.7743052266666663
125,1130,Y,832045360,2.7734845333333333
82,789,Y,831225600,2.770752
654,65,Y,830907304,2.769691013333333
53,552,Y,830697456,2.76899152
17,264,Y,828957016,2.763190053333333
1002,109,Y,827003040,2.7566767999999997
29,363,Y,822921352,2.7430711733333335
96,902,Y,819024280,2.7300809333333333
28,352,Y,818287352,2.7276245066666664
41,462,Y,817757120,2.7258570666666664
412,35,Y,817542232,2.7251407733333335
34,407,Y,816442600,2.7214753333333332
60,611,Y,814313136,2.71437712
71,702,Y,813999384,2.71333128
1,140,Y,811184296,2.703947653333333
956,103,Y,808055016,2.69351672
564,54,Y,807461184,2.69153728
469,42,Y,804863832,2.6828794400000002
46,496,Y,804754592,2.6825153066666667
100,933,Y,803439912,2.67813304
39,440,Y,803144784,2.67714928
46,502,Y,801347024,2.6711567466666666
588,57,Y,800474512,2.6682483733333333
102,948,Y,799332312,2.66444104
482,44,Y,798274408,2.6609146933333334
356,28,Y,797968336,2.659894453333333
1,142,Y,795878520,2.6529284
882,94,Y,795813520,2.652711733333333
39,445,Y,794798944,2.6493298133333334
71,698,Y,793155296,2.6438509866666666
112,1025,Y,792373136,2.6412437866666667
179,6,Y,791955144,2.6398504799999998
118,1074,Y,791504560,2.6383485333333336
720,74,Y,790616720,2.635389066666667
34,404,Y,790173904,2.6339130133333333
33,398,Y,787810600,2.6260353333333333
566,54,Y,787017256,2.6233908533333334
920,99,Y,783583632,2.61194544
881,94,Y,783326016,2.61108672
340,26,Y,779581792,2.5986059733333335
1,138,Y,776830728,2.58943576
737,76,Y,776583176,2.5886105866666664
738,76,Y,775942248,2.5864741600000003
73,712,Y,775152568,2.583841893333333
49,521,Y,774424232,2.5814141066666667
71,700,Y,773809368,2.57936456
125,1135,Y,771685152,2.57228384
1007,109,Y,770218304,2.5673943466666667
38,432,Y,768355968,2.56118656
224,12,Y,768310400,2.5610346666666666
384,32,Y,767571912,2.5585730399999997
9,204,Y,767227976,2.557426586666667
1005,109,Y,765901312,2.553004373333333
1,139,Y,765444568,2.5514818933333334
62,631,Y,764035576,2.5467852533333337
96,898,Y,762245896,2.540819653333333
49,523,Y,762192592,2.5406419733333334
96,896,Y,761686272,2.53895424
21,297,Y,760972328,2.5365744266666668
2,150,Y,760937728,2.5364590933333333
188,7,Y,760240152,2.53413384
44,487,Y,759117312,2.53039104
410,35,Y,758570400,2.528568
31,379,Y,757917856,2.5263928533333333
922,99,Y,757080887,2.5236029566666667
7,184,Y,756254656,2.5208488533333333
458,41,Y,753516205,2.5117206833333334
284,19,Y,752050448,2.5068348266666667
125,1129,Y,749227432,2.4974247733333335
16,257,Y,748563392,2.4952113066666666
83,793,Y,748360736,2.494535786666667
827,87,Y,746540968,2.4884698933333333
102,945,Y,744932064,2.4831068800000002
100,935,Y,744498240,2.4816608000000002
96,897,Y,744040720,2.4801357333333334
60,612,Y,742949997,2.47649999
468,42,Y,742018760,2.4733958666666664
60,613,Y,741121384,2.4704046133333333
3,152,Y,740649960,2.4688332
59,607,Y,740301312,2.46767104
102,949,Y,739258648,2.4641954933333334
802,84,Y,738856904,2.4628563466666664
5,171,Y,737942096,2.4598069866666665
223,11,Y,736789168,2.455963893333333
0,134,Y,735791923,2.452639743333333
40,454,Y,735004656,2.45001552
655,65,Y,734222552,2.4474085066666666
357,28,Y,728475503,2.4282516766666666
1,143,Y,727477632,2.42492544
68,673,Y,727404072,2.42468024
45,491,Y,726843712,2.422812373333333
243,14,Y,726767736,2.42255912
2,146,Y,725332472,2.4177749066666667
30,368,Y,724611784,2.4153726133333335
550,52,Y,724278904,2.414263013333333
88,835,Y,718710584,2.3957019466666667
51,538,Y,717683992,2.3922799733333333
96,900,Y,716994248,2.3899808266666667
85,808,Y,716942944,2.389809813333333
464,42,Y,715303840,2.384346133333333
105,972,Y,715126808,2.3837560266666666
94,883,Y,713923392,2.3797446399999997
7,186,Y,711698200,2.3723273333333332
388,32,Y,710451256,2.3681708533333334
21,303,Y,708677336,2.362257786666667
113,1036,Y,705669632,2.352232106666667
34,403,Y,704916448,2.3497214933333335
85,814,Y,704330216,2.347767386666667
71,697,Y,702860456,2.3428681866666667
226,12,Y,701316328,2.3377210933333332
24,323,Y,700995584,2.3366519466666666
78,759,Y,699138720,2.3304624
68,678,Y,698457344,2.3281911466666667
736,76,Y,697589544,2.3252984800000003
96,899,Y,697339336,2.3244644533333334
102,946,Y,696743616,2.32247872
242,14,Y,696044192,2.3201473066666667
28,359,Y,692847832,2.3094927733333335
125,1134,Y,688017128,2.2933904266666665
71,699,Y,687544920,2.2918164
102,947,Y,685790968,2.2859698933333332
83,798,Y,684892272,2.2829742399999997
86,823,Y,682546152,2.27515384
1000,109,Y,681816408,2.2727213600000002
336,26,Y,681085368,2.27028456
117,1066,Y,679987008,2.2666233599999996
116,1063,Y,678321696,2.26107232
88,836,Y,678003920,2.2600130666666667
58,596,Y,677908472,2.2596949066666667
831,87,Y,675893752,2.2529791733333333
85,810,Y,675877560,2.2529252
2,148,Y,675553072,2.2518435733333333
19,287,Y,674994536,2.249981786666667
79,761,Y,673589832,2.2452994399999997
27,349,Y,673552792,2.245175973333333
887,94,Y,672988472,2.2432949066666668
123,1112,Y,671767168,2.239223893333333
20,295,Y,671366312,2.2378877066666667
1001,109,Y,671233408,2.2374446933333334
40,448,Y,671223616,2.2374120533333333
93,877,Y,666846256,2.2228208533333333
94,886,Y,665718240,2.2190608000000003
58,599,Y,665411776,2.218039253333333
85,809,Y,662686248,2.2089541599999998
15,252,Y,662472448,2.2082414933333334
78,758,Y,660630688,2.202102293333333
64,647,Y,659398704,2.19799568
885,94,Y,658354448,2.1945148266666665
31,383,Y,657827608,2.1927586933333334
9,206,Y,653082728,2.176942426666667
85,811,Y,651836608,2.172788693333333
98,912,Y,649423400,2.1647446666666665
480,44,Y,648690848,2.1623028266666666
27,344,Y,646073456,2.1535781866666666
90,849,Y,645941760,2.1531392
49,520,Y,644189456,2.1472981866666667
114,1046,Y,643774496,2.1459149866666665
591,57,Y,642794136,2.1426471200000003
89,845,Y,641017352,2.1367245066666665
13,233,Y,640593176,2.135310586666667
884,94,Y,640061080,2.133536933333333
86,818,Y,639964568,2.1332152266666666
115,1053,Y,639413976,2.13137992
123,1115,Y,639312456,2.1310415199999997
88,832,Y,639263128,2.130877093333333
11,222,Y,639102560,2.130341866666667
97,910,Y,638738440,2.1291281333333334
6,179,Y,638588704,2.128629013333333
961,104,Y,637660344,2.12553448
126,1140,Y,635227584,2.11742528
106,981,Y,634571576,2.115238586666667
36,421,Y,633745248,2.11248416
33,393,Y,633389320,2.1112977333333336
117,1069,Y,633389312,2.1112977066666665
113,1039,Y,631303720,2.1043457333333335
89,840,Y,630831160,2.1027705333333335
23,315,Y,630525016,2.1017500533333333
49,522,Y,629811928,2.0993730933333334
20,288,Y,629799784,2.0993326133333334
280,19,Y,627907792,2.0930259733333334
104,964,Y,627523144,2.0917438133333333
31,377,Y,625520032,2.0850667733333337
78,756,Y,625276088,2.0842536266666665
63,632,Y,622584256,2.075280853333333
58,598,Y,621927880,2.073092933333333
99,926,Y,621635192,2.0721173066666667
650,65,Y,621627368,2.0720912266666667
60,615,Y,621481904,2.0716063466666665
57,591,Y,620772920,2.0692430666666666
88,837,Y,620338600,2.067795333333333
13,232,Y,620019424,2.066731413333333
1042,114,Y,619471272,2.06490424
106,976,Y,619104872,2.0636829066666666
37,424,Y,618326432,2.0610881066666664
1,141,Y,616705848,2.05568616
973,105,Y,616617272,2.0553909066666667
107,984,Y,616273008,2.05424336
829,87,Y,614780080,2.0492669333333335
8,196,Y,613676560,2.0455885333333335
73,719,Y,611873536,2.039578453333333
28,354,Y,611366512,2.0378883733333333
83,796,Y,611361888,2.03787296
102,944,Y,611162424,2.03720808
87,828,Y,611003400,2.036678
90,848,Y,610716472,2.0357215733333334
34,401,Y,610631496,2.03543832
7,190,Y,610392536,2.0346417866666666
51,541,Y,609603456,2.0320115199999997
70,690,Y,607280408,2.024268026666667
34,400,Y,606619456,2.022064853333333
51,539,Y,606517480,2.021724933333333
82,791,Y,606390944,2.0213031466666664
39,442,Y,604768347,2.01589449
53,554,Y,603930632,2.0131021066666666
71,696,Y,603608072,2.0120269066666667
60,610,Y,602583904,2.0086130133333335
58,592,Y,602167264,2.0072242133333336
123,1113,Y,601054176,2.00351392
51,542,Y,600902536,2.0030084533333334
20,289,Y,599920456,1.9997348533333335
45,488,Y,599540256,1.99846752
30,373,Y,598992880,1.9966429333333333
58,597,Y,598710968,1.9957032266666668
127,1146,Y,596948040,1.9898268000000001
66,657,Y,593808224,1.979360746666667
62,629,Y,593081160,1.9769372
79,766,Y,592930128,1.9764337600000002
52,544,Y,589126720,1.9637557333333333
117,1065,Y,588849040,1.9628301333333333
58,594,Y,588151160,1.9605038666666668
91,860,Y,586897096,1.9563236533333335
8,192,Y,585174640,1.9505821333333333
109,1007,Y,583983208,1.9466106933333334
125,1132,Y,583383864,1.94461288
59,600,Y,582601392,1.9420046400000002
56,576,Y,581715344,1.9390511466666667
89,846,Y,579328552,1.9310951733333335
29,360,Y,576892120,1.9229737333333334
672,68,Y,576487704,1.9216256800000002
240,14,Y,576270280,1.9209009333333333
3,159,Y,575487432,1.91829144
123,1119,Y,573396576,1.91132192
21,302,Y,572814544,1.9093818133333333
65,652,Y,571948136,1.9064937866666667
62,627,Y,570735288,1.90245096
88,833,Y,569584432,1.8986147733333334
15,249,Y,568824528,1.89608176
106,980,Y,567818336,1.8927277866666667
48,515,Y,567076448,1.8902548266666666
2,149,Y,566959848,1.8898661600000002
89,843,Y,566311184,1.8877039466666665
78,753,Y,565909288,1.8863642933333333
89,842,Y,565572960,1.8852432
16,256,Y,564441736,1.8814724533333334
241,14,Y,564114288,1.8803809599999999
8,194,Y,563366048,1.8778868266666664
58,595,Y,563303600,1.8776786666666667
70,694,Y,563125008,1.87708336
5,175,Y,562421880,1.8747395999999998
12,230,Y,561576832,1.8719227733333332
72,704,Y,561296024,1.8709867466666665
121,1103,Y,560666816,1.8688893866666667
61,618,Y,560262424,1.8675414133333332
78,757,Y,560247648,1.86749216
31,380,Y,560211144,1.86737048
63,639,Y,560122536,1.8670751199999998
76,740,Y,557879376,1.8595979200000001
107,989,Y,556008616,1.8533620533333333
45,490,Y,554995716,1.84998572
90,855,Y,554167288,1.8472242933333334
89,847,Y,553826824,1.8460894133333332
67,665,Y,553685736,1.8456191199999998
92,866,Y,553398976,1.8446632533333334
117,1070,Y,552056936,1.8401897866666665
45,492,Y,551871440,1.8395714666666667
103,958,Y,551311536,1.83770512
883,94,Y,550555808,1.8351860266666666
106,978,Y,550154280,1.8338476
85,812,Y,549271040,1.8309034666666668
38,436,Y,548278752,1.82759584
33,395,Y,548191152,1.8273038400000001
113,1038,Y,548099880,1.8269996
87,830,Y,547853328,1.8261777600000002
2,144,Y,547309208,1.8243640266666667
86,822,Y,546939544,1.8231318133333334
67,669,Y,546846256,1.8228208533333334
111,1021,Y,546805840,1.8226861333333333
37,426,Y,546130136,1.8204337866666667
31,381,Y,545321768,1.8177392266666665
99,925,Y,545222040,1.8174068
44,482,Y,544501184,1.8150039466666668
123,1114,Y,544196400,1.8139880000000002
33,397,Y,544111648,1.8137054933333334
55,572,Y,543884384,1.8129479466666667
12,231,Y,541510824,1.8050360800000003
109,1003,Y,540048144,1.8001604800000002
69,686,Y,539579656,1.7985988533333335
116,1056,Y,537879680,1.7929322666666667
20,292,Y,537844616,1.7928153866666667
9,205,Y,536833768,1.7894458933333333
6,177,Y,535469480,1.7848982666666666
86,819,Y,534536416,1.7817880533333335
113,1033,Y,534324920,1.7810830666666666
77,744,Y,533774784,1.77924928
9,203,Y,533388768,1.7779625600000002
52,545,Y,532795648,1.7759854933333332
84,800,Y,532777544,1.7759251466666668
117,1071,Y,531979896,1.7732663199999998
2,147,Y,531858648,1.77286216
100,930,Y,531676400,1.7722546666666665
64,641,Y,531313288,1.7710442933333335
35,415,Y,530188752,1.76729584
20,293,Y,530071240,1.7669041333333333
118,1078,Y,528544128,1.76181376
116,1060,Y,528029976,1.7600999199999998
24,322,Y,526810416,1.75603472
106,979,Y,526701360,1.7556711999999999
75,728,Y,525784864,1.7526162133333332
15,250,Y,524991440,1.7499714666666666
20,291,Y,524781616,1.7492720533333332
76,743,Y,524453192,1.7481773066666668
244,14,Y,524163776,1.7472125866666668
90,850,Y,524090336,1.7469677866666664
77,748,Y,523680528,1.7456017599999998
28,357,Y,523449264,1.7448308799999999
11,221,Y,523164152,1.7438805066666667
38,437,Y,523113320,1.7437110666666664
63,638,Y,522657544,1.7421918133333332
35,411,Y,522222896,1.7407429866666668
45,495,Y,522220432,1.7407347733333332
29,362,Y,522214232,1.7407141066666667
15,254,Y,521672184,1.7389072799999998
28,356,Y,521275696,1.7375856533333334
44,481,Y,520941112,1.7364703733333333
20,290,Y,520617640,1.7353921333333335
48,512,Y,520533848,1.7351128266666669
98,915,Y,520487808,1.7349593600000002
31,376,Y,520386104,1.7346203466666668
41,456,Y,519465237,1.73155079
115,1052,Y,518284320,1.7276144
122,1109,Y,518027752,1.7267591733333334
58,593,Y,516678592,1.7222619733333333
31,382,Y,516402832,1.7213427733333335
30,375,Y,516074488,1.7202482933333332
53,556,Y,515792184,1.71930728
67,671,Y,515739496,1.7191316533333334
59,606,Y,515630272,1.7187675733333334
2,145,Y,515279824,1.7175994133333334
88,839,Y,515253384,1.7175112799999999
78,752,Y,514604472,1.71534824
100,932,Y,513933680,1.7131122666666665
12,226,Y,513823376,1.7127445866666666
47,506,Y,513629064,1.71209688
63,633,Y,512778064,1.7092602133333332
55,570,Y,512305616,1.7076853866666666
77,747,Y,512154528,1.70718176
98,918,Y,511372024,1.7045734133333335
120,1090,Y,511346112,1.7044870399999998
51,543,Y,510553000,1.7018433333333332
83,792,Y,509854728,1.6995157600000002
78,755,Y,508527720,1.6950923999999998
22,310,Y,507891296,1.6929709866666667
95,892,Y,507009600,1.690032
86,821,Y,506240160,1.6874672
82,786,Y,506123472,1.68707824
63,635,Y,505982936,1.6866097866666665
33,399,Y,505512688,1.6850422933333336
8,193,Y,505455232,1.6848507733333333
119,1087,Y,505059296,1.6835309866666666
89,844,Y,504816640,1.6827221333333333
23,312,Y,504472600,1.6815753333333332
47,505,Y,503598360,1.6786611999999999
12,225,Y,502275872,1.6742529066666667
98,919,Y,502123632,1.67374544
24,327,Y,500595608,1.6686520266666667
48,519,Y,499584568,1.6652818933333333
87,825,Y,499433520,1.6647783999999999
14,241,Y,498573672,1.66191224
70,689,Y,498277632,1.66092544
126,1142,Y,497609888,1.6586996266666667
95,890,Y,495291072,1.65097024
83,797,Y,495041400,1.6501379999999999
18,276,Y,495007360,1.6500245333333334
117,1067,Y,494530976,1.6484365866666666
69,682,Y,494467744,1.6482258133333334
82,785,Y,494456376,1.64818792
101,940,Y,494338816,1.6477960533333331
88,838,Y,494306576,1.6476885866666666
50,528,Y,494134552,1.6471151733333336
105,975,Y,492941560,1.6431385333333333
67,664,Y,492800360,1.6426678666666668
97,911,Y,491713120,1.6390437333333334
101,942,Y,491430936,1.63810312
127,1148,Y,491122928,1.6370764266666666
99,922,Y,489796832,1.6326561066666665
72,709,Y,489730520,1.6324350666666667
62,624,Y,488909128,1.6296970933333332
6,178,Y,488606168,1.6286872266666665
26,337,Y,488141232,1.62713744
90,851,Y,487959544,1.6265318133333335
24,325,Y,486926856,1.6230895200000002
45,489,Y,486919408,1.6230646933333333
95,889,Y,486010824,1.62003608
62,626,Y,485692096,1.6189736533333332
31,378,Y,485621912,1.6187397066666669
114,1041,Y,485535936,1.61845312
79,765,Y,485362752,1.61787584
34,406,Y,485227896,1.61742632
106,982,Y,485013240,1.6167108
71,701,Y,484712992,1.6157099733333333
100,931,Y,484330600,1.6144353333333332
15,255,Y,483632240,1.6121074666666666
15,248,Y,483418840,1.6113961333333333
126,1136,Y,482837256,1.6094575199999999
8,199,Y,482203352,1.6073445066666667
6,181,Y,480780736,1.6026024533333332
85,813,Y,479971976,1.5999065866666666
72,708,Y,479486600,1.598288666666667
19,282,Y,479433936,1.5981131199999998
112,1029,Y,478133328,1.59377776
63,637,Y,477743776,1.5924792533333332
23,316,Y,476703056,1.5890101866666666
93,878,Y,476017523,1.5867250766666667
83,799,Y,474845824,1.5828194133333335
339,26,Y,474613776,1.58204592
55,568,Y,474433584,1.58144528
116,1062,Y,474209328,1.58069776
61,617,Y,471704064,1.57234688
37,427,Y,471464752,1.5715491733333333
113,1037,Y,471333736,1.5711124533333332
101,941,Y,470613832,1.5687127733333335
29,361,Y,470504264,1.5683475466666665
115,1050,Y,470233904,1.5674463466666666
118,1073,Y,469641736,1.5654724533333335
121,1102,Y,468926640,1.5630887999999998
107,985,Y,468852776,1.5628425866666666
126,1139,Y,468600568,1.5620018933333333
75,730,Y,468358352,1.5611945066666668
88,834,Y,468313472,1.5610449066666667
106,977,Y,468195976,1.5606532533333333
53,555,Y,467547288,1.55849096
25,335,Y,467433352,1.5581111733333333
81,783,Y,467079232,1.5569307733333333
32,387,Y,466703520,1.5556784000000001
16,258,Y,466580944,1.5552698133333334
20,294,Y,465058472,1.5501949066666667
4,163,Y,464936520,1.5497884
122,1106,Y,464646360,1.5488212
46,497,Y,463931136,1.54643712
77,746,Y,463682160,1.5456071999999998
91,863,Y,463266568,1.5442218933333334
42,467,Y,462811216,1.5427040533333334
76,736,Y,462373048,1.5412434933333334
83,795,Y,462212552,1.5407085066666666
112,1028,Y,461713768,1.5390458933333333
97,908,Y,461288912,1.5376297066666667
13,238,Y,459765928,1.5325530933333333
116,1061,Y,459445064,1.5314835466666665
9,207,Y,459406736,1.5313557866666667
47,511,Y,459131968,1.5304398933333332
115,1048,Y,458538928,1.5284630933333332
24,326,Y,458401960,1.5280065333333335
37,431,Y,458391640,1.5279721333333334
126,1137,Y,457917568,1.5263918933333334
43,473,Y,457789064,1.5259635466666666
75,734,Y,457726240,1.5257541333333333
68,677,Y,457605984,1.52535328
24,320,Y,457443560,1.5248118666666666
81,779,Y,457269640,1.5242321333333333
40,449,Y,456816568,1.5227218933333333
62,630,Y,456394824,1.52131608
79,760,Y,456033792,1.52011264
118,1076,Y,455400752,1.5180025066666667
40,452,Y,455250736,1.5175024533333332
66,658,Y,454183992,1.5139466400000001
109,1004,Y,453508144,1.5116938133333333
122,1105,Y,453296696,1.5109889866666666
98,913,Y,453077280,1.5102575999999999
73,716,Y,452670992,1.5089033066666666
120,1095,Y,451913392,1.5063779733333333
0,129,Y,451879768,1.5062658933333335
66,663,Y,451875848,1.5062528266666666
92,864,Y,451472888,1.5049096266666666
81,780,Y,450554304,1.50184768
126,1143,Y,450537952,1.5017931733333334
113,1034,Y,449915832,1.49971944
106,983,Y,449714712,1.49904904
0,133,Y,449438456,1.4981281866666667
56,582,Y,449103504,1.49701168
54,565,Y,448981192,1.4966039733333334
12,227,Y,448703000,1.4956766666666665
86,816,Y,448667976,1.4955599199999998
124,1124,Y,447590568,1.4919685599999999
3,155,Y,447086472,1.49028824
112,1030,Y,446390168,1.4879672266666666
56,583,Y,446222784,1.48740928
40,450,Y,446141528,1.4871384266666665
54,560,Y,445058808,1.4835293600000001
24,324,Y,444853448,1.4828448266666667
55,571,Y,444289920,1.4809664
35,412,Y,444240400,1.4808013333333334
70,691,Y,444131856,1.48043952
30,369,Y,442621896,1.47540632
107,988,Y,442581360,1.4752712
97,907,Y,442513456,1.4750448533333334
75,731,Y,441968656,1.4732288533333333
55,575,Y,441782800,1.4726093333333334
61,619,Y,441766576,1.4725552533333333
39,443,Y,441742032,1.47247344
32,385,Y,441728680,1.4724289333333334
69,680,Y,441459704,1.4715323466666665
27,350,Y,441380072,1.4712669066666666
43,478,Y,441203336,1.4706777866666667
69,683,Y,441116656,1.4703888533333334
95,895,Y,440761776,1.46920592
8,195,Y,440643696,1.46881232
13,239,Y,439960080,1.4665336
84,804,Y,439569312,1.46523104
12,224,Y,439126112,1.4637537066666666
81,776,Y,439087920,1.4636263999999999
91,859,Y,439016672,1.4633889066666665
101,943,Y,438935520,1.4631184
97,904,Y,438808312,1.4626943733333333
112,1024,Y,438538720,1.4617957333333333
100,934,Y,437913152,1.4597105066666667
0,130,Y,437549880,1.4584996
36,416,Y,437421208,1.4580706933333334
18,274,Y,437343688,1.4578122933333333
81,777,Y,436987768,1.4566258933333334
11,218,Y,436290768,1.4543025600000001
126,1138,Y,435871568,1.4529052266666667
54,567,Y,435326632,1.4510887733333333
8,198,Y,435300928,1.4510030933333333
115,1051,Y,435135224,1.4504507466666667
77,749,Y,434137392,1.44712464
64,645,Y,433462336,1.4448744533333333
27,351,Y,433454760,1.4448492
64,642,Y,433410336,1.44470112
104,966,Y,432995664,1.44331888
41,460,Y,432498648,1.4416621600000001
64,643,Y,432466656,1.4415555199999999
6,180,Y,432240184,1.4408006133333333
83,794,Y,431751600,1.4391720000000001
111,1018,Y,431725904,1.4390863466666668
122,1108,Y,431571096,1.43857032
53,559,Y,431390072,1.4379669066666667
115,1055,Y,431277392,1.4375913066666666
36,418,Y,431201520,1.4373384
23,319,Y,430876784,1.4362559466666667
105,971,Y,430088680,1.4336289333333334
16,262,Y,430088632,1.4336287733333333
65,653,Y,429932256,1.4331075199999999
30,372,Y,429777776,1.4325925866666667
7,189,Y,429674360,1.4322478666666667
6,182,Y,429197712,1.4306590399999999
122,1111,Y,428997872,1.4299929066666666
84,801,Y,428758648,1.4291954933333333
27,346,Y,428567328,1.42855776
246,14,Y,428493405,1.42831135
95,893,Y,428299704,1.42766568
41,461,Y,427958800,1.4265293333333333
40,455,Y,427913216,1.4263773866666667
120,1094,Y,427900552,1.4263351733333334
32,384,Y,427866264,1.42622088
46,501,Y,427275952,1.4242531733333332
5,174,Y,427195992,1.42398664
124,1121,Y,427091800,1.4236393333333333
98,914,Y,427039440,1.4234648
22,308,Y,426507832,1.4216927733333333
4,167,Y,426278592,1.42092864
120,1092,Y,426207128,1.4206904266666667
21,296,Y,426091376,1.4203045866666666
119,1080,Y,425119680,1.4170656
70,692,Y,425005296,1.4166843199999999
67,668,Y,423659840,1.4121994666666666
5,169,Y,423560424,1.41186808
69,681,Y,422696824,1.4089894133333332
93,873,Y,422608056,1.40869352
84,807,Y,422439248,1.4081308266666668
54,566,Y,422348304,1.40782768
48,513,Y,421730456,1.4057681866666667
46,499,Y,421639224,1.40546408
98,916,Y,421072744,1.4035758133333334
13,236,Y,420956776,1.4031892533333332
80,774,Y,420860616,1.40286872
33,394,Y,420700208,1.4023340266666666
32,388,Y,419897336,1.3996577866666666
19,281,Y,419852200,1.3995073333333334
25,330,Y,419458848,1.3981961600000001
82,790,Y,419342440,1.3978081333333332
35,414,Y,419184456,1.39728152
111,1016,Y,418335144,1.39445048
37,428,Y,417809280,1.3926976
40,451,Y,417619160,1.3920638666666667
6,183,Y,417214528,1.3907150933333332
82,788,Y,416250496,1.3875016533333333
52,549,Y,416229424,1.3874314133333332
15,253,Y,416024072,1.3867469066666667
100,928,Y,415825464,1.38608488
51,536,Y,415480888,1.3849362933333333
61,616,Y,415322616,1.3844087200000001
116,1058,Y,415311520,1.3843717333333334
30,371,Y,414899976,1.38299992
16,263,Y,414694960,1.3823165333333334
36,422,Y,414551792,1.3818393066666668
56,577,Y,413842376,1.3794745866666667
84,806,Y,413487864,1.37829288
69,684,Y,413463064,1.3782102133333334
4,164,Y,412978248,1.37659416
53,558,Y,412595744,1.3753191466666668
103,955,Y,411977888,1.3732596266666666
114,1047,Y,411966136,1.3732204533333334
14,245,Y,411927656,1.3730921866666668
22,304,Y,411865344,1.3728844800000002
33,396,Y,410793200,1.3693106666666666
78,754,Y,409964664,1.36654888
22,307,Y,409893456,1.36631152
26,341,Y,409711792,1.3657059733333334
127,1145,Y,409531432,1.3651047733333332
5,172,Y,409332672,1.36444224
111,1020,Y,409214120,1.3640470666666666
101,937,Y,408538840,1.3617961333333333
123,1117,Y,408257704,1.3608590133333331
54,562,Y,407750648,1.3591688266666668
116,1057,Y,407715200,1.3590506666666666
18,279,Y,407591416,1.3586380533333333
124,1122,Y,407525488,1.3584182933333333
97,909,Y,407353696,1.3578456533333334
55,574,Y,406849672,1.3561655733333333
43,479,Y,406606376,1.3553545866666667
81,781,Y,406574496,1.35524832
27,347,Y,406066144,1.3535538133333334
122,1104,Y,406017296,1.3533909866666667
80,772,Y,405828600,1.352762
7,191,Y,405577520,1.3519250666666667
7,188,Y,404884232,1.3496141066666667
62,628,Y,404779000,1.3492633333333333
108,992,Y,404582576,1.3486085866666668
84,802,Y,404526712,1.3484223733333334
5,173,Y,404109560,1.3470318666666667
70,693,Y,404015024,1.3467167466666667
19,283,Y,403639064,1.3454635466666667
3,157,Y,403371648,1.34457216
70,688,Y,403079984,1.3435999466666666
52,548,Y,402789960,1.3426331999999999
119,1084,Y,402761648,1.3425388266666667
107,987,Y,402721840,1.3424061333333335
43,474,Y,402501656,1.3416721866666668
28,358,Y,402334552,1.3411151733333333
87,829,Y,402321352,1.3410711733333334
7,187,Y,402158000,1.3405266666666666
19,284,Y,401625512,1.3387517066666668
114,1040,Y,401314432,1.3377147733333334
52,546,Y,400299704,1.3343323466666666
63,636,Y,400269424,1.3342314133333333
84,803,Y,400251432,1.33417144
9,201,Y,399293824,1.3309794133333335
28,355,Y,398948768,1.3298292266666667
99,927,Y,398650040,1.3288334666666668
121,1101,Y,398228312,1.3274277066666667
27,348,Y,397268000,1.3242266666666667
0,128,Y,397150160,1.3238338666666667
3,156,Y,397131360,1.3237712000000001
93,875,Y,396934904,1.3231163466666667
52,550,Y,396917640,1.3230587999999999
64,640,Y,396697048,1.3223234933333332
67,666,Y,396412088,1.3213736266666667
36,423,Y,396323096,1.3210769866666667
14,246,Y,396104792,1.3203493066666667
36,419,Y,396041624,1.3201387466666668
112,1026,Y,395650448,1.3188348266666667
70,695,Y,395241568,1.3174718933333334
127,1150,Y,394793288,1.3159776266666665
86,817,Y,393968888,1.3132296266666665
99,923,Y,393669840,1.3122328
109,1002,Y,393311584,1.3110386133333334
56,581,Y,393009344,1.3100311466666668
99,921,Y,392760408,1.30920136
92,871,Y,392644080,1.3088136000000001
43,472,Y,392066720,1.3068890666666666
124,1125,Y,391831504,1.3061050133333334
14,244,Y,391781472,1.30593824
64,646,Y,391389752,1.3046325066666666
44,480,Y,391302784,1.3043426133333333
50,535,Y,390929176,1.3030972533333334
7,185,Y,390734648,1.3024488266666667
48,516,Y,390516168,1.30172056
109,1005,Y,390011376,1.30003792
57,586,Y,389693712,1.2989790399999999
115,1054,Y,389644968,1.2988165600000001
0,132,Y,388662680,1.2955422666666667
29,367,Y,388571896,1.2952396533333335
127,1149,Y,387877984,1.2929266133333335
92,870,Y,387494880,1.2916496
113,1032,Y,387282856,1.2909428533333334
18,273,Y,386760296,1.2892009866666667
42,471,Y,386564688,1.28854896
82,787,Y,386348000,1.2878266666666667
95,894,Y,385378496,1.2845949866666666
118,1075,Y,384628120,1.2820937333333333
72,707,Y,383725048,1.2790834933333333
72,706,Y,383116640,1.2770554666666667
94,881,Y,382745568,1.2758185599999998
51,537,Y,382604616,1.27534872
115,1049,Y,382462824,1.27487608
123,1118,Y,382265976,1.27421992
94,880,Y,381636976,1.2721232533333333
40,453,Y,381025224,1.27008408
91,857,Y,380680992,1.2689366400000002
61,620,Y,380465368,1.2682178933333332
119,1086,Y,380088040,1.2669601333333333
95,891,Y,379888368,1.26629456
32,390,Y,379787200,1.2659573333333334
61,623,Y,379464736,1.2648824533333334
23,318,Y,379238112,1.26412704
21,301,Y,379109784,1.26369928
3,154,Y,378978960,1.2632632
21,299,Y,378948040,1.2631601333333333
32,389,Y,378713152,1.2623771733333333
80,773,Y,378557336,1.2618577866666667
65,651,Y,378543936,1.26181312
53,557,Y,378474488,1.2615816266666666
98,917,Y,378138432,1.26046144
65,650,Y,377971472,1.2599049066666665
111,1022,Y,377456648,1.2581888266666668
47,508,Y,377153928,1.25717976
127,1144,Y,377142784,1.2571426133333334
73,717,Y,377100104,1.2570003466666666
76,739,Y,377030560,1.2567685333333334
119,1082,Y,376838056,1.2561268533333332
44,483,Y,375676944,1.25225648
80,770,Y,375585488,1.2519516266666666
59,604,Y,375149480,1.2504982666666666
103,959,Y,375040176,1.25013392
59,601,Y,374544256,1.2484808533333334
95,888,Y,374250096,1.2475003199999999
38,434,Y,374202392,1.2473413066666665
22,306,Y,373895768,1.2463192266666665
32,391,Y,373679472,1.2455982399999999
118,1072,Y,373464000,1.24488
103,956,Y,373065528,1.24355176
47,509,Y,372773872,1.2425795733333334
21,298,Y,372741312,1.24247104
67,667,Y,372333016,1.2411100533333335
107,991,Y,371992192,1.2399739733333333
5,168,Y,371964248,1.2398808266666668
18,275,Y,371613256,1.2387108533333333
44,486,Y,371514680,1.2383822666666666
11,216,Y,370391064,1.23463688
12,229,Y,370108232,1.2336941066666667
80,771,Y,369446880,1.2314896
57,587,Y,369246368,1.2308212266666667
76,737,Y,368738280,1.2291276
5,170,Y,368376872,1.2279229066666666
72,710,Y,368304640,1.2276821333333334
42,470,Y,368018768,1.2267292266666667
122,1110,Y,367687400,1.2256246666666666
72,711,Y,367618992,1.22539664
74,726,Y,366692176,1.2223072533333335
101,939,Y,366584712,1.22194904
97,906,Y,366448240,1.2214941333333333
110,1014,Y,365689096,1.2189636533333332
90,852,Y,365437072,1.2181235733333333
35,408,Y,365182176,1.21727392
121,1097,Y,364834752,1.21611584
103,952,Y,364642280,1.2154742666666667
37,430,Y,364543976,1.2151465866666666
120,1091,Y,363657072,1.21219024
56,579,Y,362824736,1.2094157866666666
26,340,Y,362793488,1.2093116266666668
26,343,Y,362777488,1.2092582933333333
110,1011,Y,362496464,1.2083215466666666
105,970,Y,362174488,1.2072482933333333
99,924,Y,361878728,1.2062624266666666
86,820,Y,361838752,1.2061291733333332
14,243,Y,361601120,1.2053370666666667
110,1008,Y,361466608,1.2048886933333331
120,1093,Y,361019056,1.2033968533333332
74,723,Y,360849944,1.2028331466666666
124,1127,Y,360764112,1.20254704
21,300,Y,360587768,1.2019592266666668
25,328,Y,360255928,1.2008530933333335
121,1096,Y,359858032,1.1995267733333335
54,563,Y,359630176,1.1987672533333333
19,286,Y,359361960,1.1978732
47,510,Y,359078272,1.1969275733333333
30,370,Y,358653592,1.1955119733333333
87,826,Y,358027560,1.1934251999999999
107,986,Y,358003592,1.1933453066666666
26,338,Y,357597728,1.1919924266666666
50,531,Y,357519720,1.1917324
59,605,Y,357116544,1.19038848
92,867,Y,357057800,1.1901926666666667
13,234,Y,356809112,1.1893637066666667
26,339,Y,356792648,1.1893088266666667
73,713,Y,356705312,1.1890177066666667
62,625,Y,356302664,1.1876755466666666
108,997,Y,356116632,1.18705544
104,962,Y,356001624,1.18667208
50,533,Y,355455032,1.1848501066666666
26,342,Y,355303096,1.1843436533333334
87,824,Y,355202008,1.1840066933333333
101,936,Y,354880080,1.1829336
66,659,Y,354209543,1.1806984766666666
127,1147,Y,353515792,1.1783859733333335
16,261,Y,352667472,1.17555824
75,729,Y,352605368,1.1753512266666666
65,655,Y,352393528,1.1746450933333332
114,1043,Y,352296496,1.1743216533333334
73,715,Y,351577560,1.1719252
109,1000,Y,350725088,1.1690836266666667
74,720,Y,350636344,1.1687878133333334
109,1006,Y,350561624,1.1685387466666668
108,996,Y,350462016,1.16820672
76,741,Y,350216232,1.16738744
54,564,Y,350034392,1.1667813066666666
42,468,Y,349575808,1.1652526933333334
91,861,Y,349326096,1.16442032
65,654,Y,349082768,1.1636092266666667
110,1012,Y,348372736,1.1612424533333334
43,475,Y,348130200,1.160434
46,498,Y,347788736,1.1592957866666667
41,458,Y,347218816,1.1573960533333334
66,656,Y,346827800,1.1560926666666667
93,876,Y,346770368,1.1559012266666666
124,1120,Y,346596360,1.1553212
57,584,Y,346582048,1.1552734933333333
59,602,Y,344623528,1.1487450933333334
35,410,Y,344311272,1.14770424
36,417,Y,344171253,1.1472375099999998
41,463,Y,344038792,1.1467959733333333
97,905,Y,343836160,1.1461205333333333
16,259,Y,343298512,1.1443283733333334
44,485,Y,343143560,1.1438118666666668
107,990,Y,342832712,1.1427757066666666
92,869,Y,342565128,1.14188376
114,1045,Y,341953504,1.1398450133333333
66,662,Y,341396760,1.1379892
73,714,Y,341342720,1.1378090666666667
72,705,Y,340903192,1.1363439733333334
84,805,Y,340677776,1.1355925866666667
23,317,Y,340634536,1.1354484533333333
76,742,Y,339905768,1.1330192266666668
100,929,Y,339740128,1.1324670933333332
57,588,Y,339699464,1.1323315466666666
39,447,Y,339581128,1.1319370933333333
4,166,Y,339493440,1.1316448
121,1100,Y,338872784,1.1295759466666666
61,621,Y,337855352,1.1261845066666667
25,331,Y,337065944,1.1235531466666666
66,660,Y,336942008,1.1231400266666667
103,953,Y,336592152,1.1219738400000001
56,578,Y,336438672,1.12146224
119,1081,Y,336341072,1.1211369066666668
81,778,Y,336198608,1.1206620266666667
26,336,Y,335568504,1.11856168
39,446,Y,335422368,1.11807456
23,314,Y,335410464,1.11803488
29,364,Y,335068608,1.11689536
108,994,Y,335036672,1.1167889066666667
110,1009,Y,334415600,1.1147186666666666
77,750,Y,333874912,1.1129163733333332
6,176,Y,333588288,1.11196096
39,441,Y,333390472,1.1113015733333333
48,517,Y,333276952,1.1109231733333333
80,769,Y,332892600,1.109642
25,333,Y,332287272,1.10762424
92,865,Y,331916152,1.1063871733333333
0,135,Y,331771784,1.1059059466666668
14,242,Y,331217720,1.1040590666666668
127,1151,Y,330483888,1.10161296
44,484,Y,329996160,1.0999872000000002
32,386,Y,329585760,1.0986192000000001
108,995,Y,329279408,1.0975980266666665
42,465,Y,328374104,1.0945803466666666
38,439,Y,327752256,1.09250752
74,725,Y,327512560,1.0917085333333334
28,353,Y,327300768,1.09100256
19,285,Y,327032504,1.0901083466666666
57,585,Y,326358200,1.0878606666666668
73,718,Y,325780464,1.08593488
46,500,Y,325472512,1.0849083733333333
38,438,Y,325019432,1.0833981066666667
41,457,Y,324590448,1.08196816
74,722,Y,322864624,1.0762154133333333
18,277,Y,322725368,1.0757512266666667
80,775,Y,321728112,1.07242704
25,329,Y,321664856,1.0722161866666666
19,280,Y,321463280,1.0715442666666666
12,228,Y,320382128,1.0679404266666666
108,993,Y,319837088,1.0661236266666667
105,974,Y,319172960,1.0639098666666666
103,957,Y,317962288,1.0598742933333334
109,1001,Y,317906192,1.0596873066666668
25,332,Y,317507240,1.0583574666666666
110,1013,Y,317420024,1.0580667466666667
68,674,Y,316259224,1.0541974133333334
22,309,Y,316210120,1.0540337333333334
48,514,Y,315656128,1.0521870933333333
4,160,Y,315628344,1.0520944799999998
111,1017,Y,314574520,1.0485817333333334
61,622,Y,313574008,1.0452466933333333
120,1088,Y,313569096,1.0452303200000002
38,435,Y,312773248,1.0425774933333334
87,831,Y,312496576,1.0416552533333334
87,827,Y,311659024,1.0388634133333332
119,1085,Y,311461728,1.0382057599999999
18,272,Y,311008584,1.03669528
74,727,Y,311001104,1.0366703466666667
94,882,Y,310885784,1.0362859466666667
124,1123,Y,310658952,1.0355298400000001
118,1079,Y,309609544,1.0320318133333335
114,1042,Y,309278488,1.0309282933333335
53,553,Y,309097328,1.0303244266666667
79,764,Y,309012704,1.0300423466666666
114,1044,Y,308855368,1.0295178933333333
4,162,Y,308770624,1.0292354133333335
126,1141,Y,308691264,1.02897088
42,464,Y,308675992,1.0289199733333334
94,887,Y,306862008,1.02287336
57,589,Y,306806688,1.02268896
4,161,Y,306661176,1.02220392
35,413,Y,305106896,1.0170229866666667
108,998,Y,304870512,1.01623504
68,679,Y,304806992,1.0160233066666666
50,530,Y,304252544,1.0141751466666666
92,868,Y,304112576,1.0137085866666666
68,676,Y,302865088,1.0095502933333333
104,960,Y,302194104,1.00731368
47,504,Y,301213296,1.00404432
76,738,Y,300405152,1.0013505066666666
93,879,Y,298896368,0.9963212266666667
68,672,Y,297223400,0.9907446666666666
46,503,Y,295563520,0.9852117333333333
75,735,Y,295316272,0.9843875733333334
118,1077,Y,295274336,0.9842477866666666
111,1019,Y,294761344,0.9825378133333333
50,532,Y,294737840,0.9824594666666667
74,724,Y,294707824,0.9823594133333333
14,240,Y,293662224,0.9788740799999999
50,534,Y,293313728,0.9777124266666666
42,466,Y,292741584,0.97580528
11,223,Y,292417384,0.9747246133333334
120,1089,Y,290613856,0.9687128533333333
57,590,Y,290548840,0.9684961333333334
79,762,Y,289026296,0.9634209866666666
52,547,Y,288634544,0.9621151466666666
74,721,Y,285939432,0.9531314399999999
42,469,Y,282282936,0.94094312
11,219,Y,280383960,0.9346132
81,782,Y,277701800,0.9256726666666666
54,561,Y,277216152,0.92405384
124,1126,Y,277208184,0.9240272799999999
99,920,Y,274776592,0.9159219733333333
105,969,Y,273501512,0.9116717066666666
79,767,Y,273288696,0.91096232
110,1015,Y,273185896,0.9106196533333333
105,973,Y,268904184,0.8963472800000001
29,366,Y,268074104,0.8935803466666666
11,217,Y,265048840,0.8834961333333333
108,999,Y,258482848,0.8616094933333334
29,365,Y,257319088,0.8577302933333333
121,1099,Y,250914672,0.83638224
