42,124,N,29951773681,99.83924560333334
10,108,N,29949018940,99.83006313333334
125,1,N,29944000920,99.8133364
36,119,N,29941656787,99.80552262333333
18,100,N,29939387602,99.79795867333333
17,102,N,29937587657,99.79195885666667
102,17,N,29924190153,99.74730051
82,0,N,29916716879,99.72238959666667
107,42,N,29916213260,99.72071086666666
100,18,N,29916008865,99.72002955
29,103,N,29916005914,99.72001971333333
124,42,N,29912944247,99.70981415666667
108,10,N,29912433725,99.70811241666667
97,11,N,29910803342,99.70267780666666
121,29,N,29904907704,99.68302568
125,8,N,29890026295,99.63342098333334
96,10,N,29880251534,99.60083844666666
11,97,N,29877724064,99.59241354666666
4,115,N,29876188194,99.58729398
0,82,N,29866160989,99.55386996333333
8,125,N,29865379267,99.55126422333333
4,103,N,29862877847,99.54292615666667
103,29,N,29858666594,99.52888864666667
48,119,N,29851901640,99.50633880000001
1,106,N,29851134085,99.50378028333333
1,125,N,29844286137,99.48095379
10,96,N,29836344577,99.45448192333333
119,36,N,29814101502,99.38033834
119,48,N,29807763943,99.35921314333333
103,4,N,29797295167,99.32431722333334
17,90,N,29793814603,99.31271534333334
106,1,N,29793334068,99.31111356
115,4,N,29776739939,99.25579979666666
42,107,N,29767489834,99.22496611333334
29,121,N,29715080634,99.05026878
90,17,N,29714506382,99.04835460666666
49,10,N,24651455181,82.17151727000001
27,1,N,24175809866,80.58603288666667
60,10,N,24057646337,80.19215445666667
45,1,N,23171469978,77.23823326
71,10,N,22947358124,76.49119374666667
60,17,N,21815041822,72.71680607333333
112,96,N,21207022443,70.69007481
117,17,N,20910827390,69.70275796666667
15,125,N,20071794316,66.90598105333333
9,42,N,19324213700,64.41404566666667
20,17,N,19228601126,64.09533708666667
89,119,N,19072767849,63.57589283
85,4,N,18739441744,62.464805813333335
55,42,N,18700471494,62.334904980000005
15,121,N,18578801304,61.929337679999996
53,121,N,17857904236,59.52634745333333
26,119,N,17570527218,58.56842406
95,107,N,17443239163,58.14413054333334
88,42,N,16880163654,56.26721218
75,103,N,16654935010,55.51645003333333
85,1,N,16587520831,55.291736103333335
50,108,N,15950993300,53.16997766666667
3,36,N,15826259077,52.75419692333333
63,60,N,15676531091,52.25510363666667
92,124,N,15317020734,51.05673578
123,119,N,15185051879,50.616839596666665
34,102,N,14978006296,49.92668765333333
102,125,N,14947583652,49.825278839999996
47,100,N,14890310342,49.63436780666667
56,97,N,14401031619,48.00343873
97,49,N,14202097736,47.34032578666667
79,4,N,14132272849,47.107576163333334
85,100,N,13998131684,46.660438946666666
121,108,N,13776953070,45.9231769
88,96,N,13747306995,45.82435665
86,102,N,13591225096,45.30408365333333
80,108,N,13578942306,45.26314102
126,18,N,13384731555,44.61577185
120,82,N,13240280955,44.13426985
51,125,N,13167569453,43.891898176666665
14,0,N,13156092906,43.85364302
92,103,N,12981092690,43.27030896666667
91,29,N,12859994790,42.8666493
43,96,N,12655001368,42.18333789333333
45,49,N,12515604788,41.71868262666666
86,106,N,12195306184,40.65102061333333
105,121,N,12149766003,40.499220009999995
110,0,N,11947139515,39.82379838333333
112,75,N,11946855797,39.82285265666667
17,60,N,11891175296,39.637250986666665
62,8,N,11732385430,39.107951433333334
62,96,N,11718215830,39.06071943333333
89,60,N,11684180637,38.94726879
108,124,N,11277837519,37.59279173
104,48,N,11277447915,37.591493050000004
93,18,N,11275532144,37.585107146666665
49,97,N,11221268038,37.404226793333336
30,117,N,11196841955,37.32280651666667
118,29,N,11142533368,37.141777893333334
21,90,N,11108100160,37.02700053333333
75,13,N,11037365179,36.79121726333333
48,15,N,10785077067,35.95025689
80,29,N,10782642880,35.94214293333333
32,100,N,10702405700,35.67468566666667
13,4,N,10670458504,35.56819501333333
13,122,N,10598855809,35.32951936333333
63,48,N,10578446760,35.2614892
89,107,N,10453444308,34.84481436
31,0,N,10426595000,34.75531666666667
87,48,N,10422373050,34.7412435
106,100,N,10421115900,34.737053
109,103,N,10343716511,34.479055036666665
36,45,N,10317267456,34.39089152
5,106,N,10311022318,34.37007439333333
83,11,N,10246314670,34.15438223333334
9,49,N,10148124079,33.82708026333333
73,63,N,10130689438,33.76896479333333
55,8,N,10051777994,33.505926646666666
15,48,N,10016257768,33.38752589333333
58,102,N,10014413857,33.38137952333333
68,90,N,9984035656,33.280118853333335
116,36,N,9877456258,32.92485419333334
117,82,N,9853917931,32.846393103333334
1028,112,Y,9833346192,32.77782064
10,60,N,9814375694,32.71458564666666
113,49,N,9591092199,31.970307329999997
124,108,N,9533989885,31.779966283333334
126,107,N,9497529984,31.658433279999997
77,85,N,9436728616,31.455762053333338
87,11,N,9309137580,31.0304586
84,15,N,9300924200,31.003080666666666
31,60,N,9175871344,30.586237813333334
52,124,N,9106737200,30.355790666666664
61,15,N,9010194263,30.033980876666668
65,115,N,8815389241,29.384630803333334
38,97,N,8765426568,29.218088559999998
64,18,N,8648900144,28.829667146666665
50,18,N,8630519841,28.76839947
81,85,N,8563960320,28.546534400000002
40,27,N,8535085548,28.45028516
82,8,N,8495762024,28.319206746666666
49,45,N,8486683246,28.288944153333333
16,0,N,8485132792,28.283775973333334
91,71,N,8452766635,28.175888783333335
8,82,N,8302803528,27.67601176
38,92,N,8271939896,27.573132986666664
105,11,N,8167726068,27.225753559999998
112,115,N,8166376020,27.221253400000002
1,85,N,8056953163,26.856510543333336
108,121,N,8035087856,26.783626186666666
7,82,N,7942492569,26.47497523
45,36,N,7884702941,26.282343136666668
60,89,N,7883495497,26.278318323333334
74,53,N,7848871637,26.162905456666667
10,49,N,7831291056,26.10430352
83,89,N,7827525242,26.09175080666667
122,1111,Y,7820589655,26.068632183333335
75,112,N,7735232432,25.784108106666665
209,10,Y,7727717456,25.759058186666667
117,53,N,7684039744,25.613465813333335
70,107,N,7680352266,25.60117422
98,97,N,7564551091,25.215170303333334
79,88,N,7551788861,25.17262953666667
111,9,N,7526989498,25.089964993333336
16,45,N,7518472280,25.061574266666664
35,26,N,7465969176,24.88656392
64,115,N,7341355523,24.471185076666664
99,90,N,7320140368,24.40046789333333
127,71,N,7304899510,24.349665033333334
33,90,N,7230420400,24.10140133333333
78,45,N,7177238263,23.924127543333334
126,124,N,7092726304,23.642421013333333
67,27,N,6994646627,23.315488756666667
210,10,Y,6939315560,23.131051866666667
35,55,N,6935037800,23.116792666666665
37,86,N,6899145118,22.99715039333333
143,1,Y,6885494768,22.951649226666667
61,20,N,6866237223,22.88745741
111,86,N,6816377626,22.721258753333334
19,36,N,6803390091,22.67796697
215,10,Y,6741865344,22.472884479999998
212,10,Y,6650237608,22.167458693333334
101,123,N,6647150328,22.15716776
142,1,Y,6619502795,22.065009316666668
118,105,N,6603264249,22.010880829999998
81,106,N,6558626312,21.862087706666667
65,14,N,6549011176,21.830037253333334
214,10,Y,6538818729,21.79606243
100,85,N,6507868711,21.692895703333335
28,115,N,6502212280,21.674040933333334
76,52,N,6485230976,21.617436586666667
107,89,N,6455679888,21.51893296
73,95,N,6432487088,21.44162362666667
33,117,N,6385283848,21.284279493333333
37,88,N,6385018392,21.28339464
62,20,N,6369906128,21.233020426666666
124,126,N,6349653024,21.16551008
125,15,N,6346869136,21.156230453333333
211,10,Y,6336194080,21.120646933333333
4,85,N,6308947504,21.029825013333333
39,9,N,6293023560,20.9767452
33,11,N,6283429576,20.944765253333333
53,117,N,6282604885,20.942016283333334
7,55,N,6262854512,20.876181706666667
101,62,N,6246273064,20.82091021333333
32,87,N,6225790124,20.752633746666664
110,112,N,6206449107,20.68816369
107,126,N,6171882608,20.572942026666666
14,65,N,6150841104,20.50280368
77,80,N,6107883688,20.359612293333335
64,34,N,6091110821,20.30370273666667
68,5,N,6072608768,20.242029226666666
901,96,Y,6064908163,20.216360543333334
120,92,N,6059030982,20.19676994
213,10,Y,6049304744,20.164349146666666
70,113,N,6049229794,20.164099313333335
609,60,Y,6039716960,20.132389866666667
123,47,N,6033580464,20.11193488
14,123,N,6030540741,20.10180247
105,118,N,6024975321,20.08325107
22,26,N,6022048936,20.073496453333334
47,123,N,5976936268,19.923120893333333
141,1,Y,5966363152,19.887877173333333
265,17,Y,5946891888,19.822972959999998
91,92,N,5926046368,19.753487893333332
140,1,Y,5888192033,19.627306776666668
19,53,N,5866981063,19.556603543333335
22,112,N,5850677912,19.502259706666667
137,1,Y,5835992618,19.453308726666666
268,17,Y,5834171875,19.447239583333335
31,27,N,5799380532,19.33126844
56,109,N,5770326384,19.23442128
100,106,N,5760046458,19.200154859999998
101,50,N,5749106660,19.163688866666668
115,112,N,5704224906,19.01408302
125,102,N,5688619872,18.96206624
5,105,N,5669051472,18.89683824
89,83,N,5621888384,18.73962794666667
111,87,N,5596291902,18.654306339999998
366,29,Y,5580058327,18.60019442333333
72,80,N,5574171288,18.58057096
40,13,N,5547468608,18.491562026666667
8,62,N,5508934425,18.36311475
57,75,N,5504551187,18.34850395666667
269,17,Y,5496642416,18.322141386666665
1,45,N,5483215268,18.277384226666666
266,17,Y,5469585188,18.231950626666666
71,91,N,5466489944,18.221633146666665
2,71,N,5464483339,18.21494446333333
615,60,Y,5463135880,18.210452933333332
362,29,Y,5451008240,18.170027466666667
23,50,N,5447874152,18.159580506666668
92,120,N,5431724288,18.105747626666666
34,98,N,5423233632,18.07744544
67,47,N,5420085864,18.066952880000002
33,38,N,5402099864,18.006999546666666
271,17,Y,5401759317,18.00586439
123,101,N,5394528576,17.98176192
138,1,Y,5393961981,17.97987327
49,9,N,5362486152,17.87495384
26,5,N,5342724288,17.809080960000003
101,34,N,5340212728,17.80070909333333
119,89,N,5287094208,17.62364736
124,92,N,5239393256,17.464644186666668
46,105,N,5233925568,17.446418559999998
72,104,N,5187335704,17.291119013333333
93,63,N,5181284920,17.27094973333333
69,79,N,5161295045,17.20431681666667
363,29,Y,5143386584,17.144621946666668
65,76,N,5142197048,17.140656826666667
1071,117,Y,5122797632,17.075992106666664
208,10,Y,5119417280,17.064724266666666
66,9,N,5116813096,17.056043653333333
898,96,Y,5107890248,17.026300826666667
264,17,Y,5094040072,16.980133573333333
77,27,N,5087160266,16.95720088666667
13,75,N,5056521928,16.855073093333335
367,29,Y,5039416562,16.798055206666668
115,64,N,5028002120,16.760007066666667
270,17,Y,5024066928,16.74688976
27,31,N,5020736888,16.735789626666666
139,1,Y,5019732456,16.73244152
69,126,N,4934821288,16.449404293333334
64,13,N,4922790712,16.409302373333333
53,44,N,4909367400,16.364558000000002
121,15,N,4878633800,16.262112666666667
98,51,N,4870043224,16.233477413333333
99,14,N,4859279704,16.197599013333335
59,32,N,4857456686,16.191522286666668
5,68,N,4828370056,16.094566853333333
82,117,N,4824392086,16.081306953333332
103,92,N,4821041152,16.070137173333332
1130,125,Y,4813709472,16.04569824
611,60,Y,4810204021,16.034013403333333
364,29,Y,4796215688,15.987385626666667
65,91,N,4794707368,15.982357893333333
7,83,N,4793735136,15.97911712
52,70,N,4787469720,15.9582324
73,56,N,4786594584,15.955315279999999
46,93,N,4785116704,15.950389013333332
365,29,Y,4781073412,15.936911373333334
13,64,N,4777728007,15.925760023333332
85,81,N,4768048600,15.893495333333332
96,62,N,4762732881,15.87577627
8,55,N,4757499790,15.858332633333333
111,120,N,4748940984,15.829803279999998
808,85,Y,4736892205,15.789640683333333
117,33,N,4736338104,15.78779368
70,62,N,4731180176,15.770600586666667
5,16,N,4728122584,15.760408613333333
17,117,N,4718519680,15.728398933333334
38,33,N,4706195688,15.687318959999999
57,99,N,4683269864,15.610899546666667
470,42,Y,4679885599,15.599618663333334
360,29,Y,4673002902,15.57667634
361,29,Y,4662954384,15.54318128
47,86,N,4652472872,15.508242906666666
113,89,N,4637630656,15.458768853333332
10,71,N,4616211288,15.387370959999998
136,1,Y,4598541300,15.328470999999999
109,56,N,4570424960,15.234749866666666
122,20,N,4566698976,15.22232992
87,111,N,4534650808,15.115502693333333
122,13,N,4528843104,15.096143679999999
96,88,N,4509694488,15.03231496
1134,125,Y,4505997143,15.019990476666667
613,60,Y,4493986528,14.979955093333333
109,118,N,4490696633,14.968988776666666
103,75,N,4486760496,14.955868319999999
118,77,N,4469900536,14.899668453333334
39,47,N,4465094608,14.883648693333335
903,96,Y,4457458780,14.858195933333334
50,101,N,4434615476,14.782051586666666
57,126,N,4434038400,14.780128000000001
87,32,N,4428375392,14.761251306666667
68,95,N,4426868408,14.756228026666667
222,11,Y,4425602912,14.752009706666666
34,101,N,4422150464,14.740501546666668
81,38,N,4420898848,14.736329493333333
88,79,N,4418558344,14.728527813333333
896,96,Y,4407619200,14.692063999999998
70,31,N,4378255033,14.594183443333334
39,21,N,4371824608,14.572748693333335
24,81,N,4362071440,14.540238133333332
118,109,N,4360671880,14.535572933333333
11,105,N,4356484616,14.521615386666667
38,81,N,4355535328,14.518451093333335
92,91,N,4354427520,14.5147584
61,79,N,4352451326,14.508171086666666
608,60,Y,4352395832,14.507986106666667
267,17,Y,4339579317,14.465264389999998
1131,125,Y,4335808648,14.452695493333334
120,111,N,4323944432,14.413148106666668
526,49,Y,4321474848,14.40491616
13,40,N,4307862296,14.359540986666666
20,61,N,4294328592,14.31442864
955,103,Y,4293496312,14.311654373333333
24,51,N,4293106232,14.310354106666667
59,55,N,4288259904,14.29419968
83,7,N,4286936000,14.289786666666668
468,42,Y,4281713992,14.272379973333333
24,50,N,4267807472,14.226024906666668
193,8,Y,4263419552,14.211398506666667
610,60,Y,4260468688,14.201562293333334
98,33,N,4240006492,14.133354973333335
90,33,N,4201532712,14.005109039999999
104,64,N,4193237872,13.977459573333334
1102,121,Y,4185228952,13.950763173333334
11,33,N,4184463592,13.948211973333333
69,34,N,4177216504,13.924055013333334
162,4,Y,4177163656,13.923878853333333
12,79,N,4169697536,13.898991786666667
105,5,N,4157712016,13.859040053333333
28,3,N,4157620680,13.8587356
106,86,N,4137000752,13.790002506666665
63,93,N,4128724264,13.762414213333333
30,77,N,4125449280,13.7514976
58,83,N,4117691049,13.72563683
814,85,Y,4106921736,13.689739119999999
123,14,N,4101733712,13.672445706666666
33,98,N,4085925206,13.619750686666668
53,19,N,4082576769,13.608589230000002
933,100,Y,4073839832,13.579466106666665
1133,125,Y,4073318120,13.577727066666668
25,111,N,4059100122,13.53033374
117,30,N,4057280352,13.52426784
41,81,N,4054980677,13.516602256666665
116,73,N,4052628160,13.508760533333334
45,16,N,4052177195,13.507257316666665
44,53,N,4049673221,13.498910736666666
466,42,Y,4047007600,13.490025333333334
121,105,N,4042275880,13.474252933333334
614,60,Y,4023144166,13.410480553333334
25,118,N,4013691288,13.37897096
34,64,N,4009257762,13.36419254
60,31,N,3996346912,13.321156373333334
1135,125,Y,3991240544,13.304135146666669
62,101,N,3980466463,13.268221543333333
20,31,N,3977020128,13.25673376
42,55,N,3976882168,13.256273893333335
104,95,N,3976329942,13.25443314
76,61,N,3972987264,13.24329088
78,43,N,3971711753,13.239039176666667
899,96,Y,3963542328,13.21180776
2,88,N,3949974984,13.16658328
122,71,N,3928926142,13.096420473333334
77,118,N,3928248285,13.09416095
18,126,N,3922954928,13.076516426666668
199,8,Y,3916575928,13.055253093333333
1132,125,Y,3912872752,13.042909173333333
65,3,N,3912031648,13.040105493333334
15,61,N,3893278168,12.977593893333333
94,38,N,3884078472,12.94692824
167,4,Y,3881967736,12.939892453333332
815,85,Y,3875564874,12.918549579999999
164,4,Y,3873581369,12.911937896666666
612,60,Y,3865605304,12.885351013333333
114,110,N,3861407248,12.871357493333333
81,24,N,3840301745,12.801005816666667
196,8,Y,3839947384,12.799824613333332
92,38,N,3834187248,12.78062416
1081,119,Y,3815251216,12.717504053333334
897,96,Y,3805652184,12.68550728
25,21,N,3804051456,12.68017152
946,102,Y,3800020088,12.666733626666668
95,68,N,3799108632,12.66369544
652,65,Y,3795936160,12.653120533333334
417,36,Y,3794041976,12.646806586666667
953,103,Y,3785054616,12.616848720000002
5,26,N,3781999384,12.606664613333333
956,103,Y,3780885928,12.602953093333333
954,103,Y,3771852480,12.5728416
37,75,N,3770088040,12.566960133333332
524,49,Y,3759625955,12.532086516666666
192,8,Y,3757046094,12.523486980000001
68,14,N,3754666085,12.515553616666667
249,15,Y,3753291896,12.510972986666665
66,57,N,3738853072,12.462843573333334
0,31,N,3734856625,12.449522083333333
3,65,N,3729406338,12.431354460000001
18,50,N,3728148876,12.427162919999999
1084,119,Y,3726907040,12.423023466666667
108,80,N,3725390424,12.41796808
51,8,N,3724271624,12.414238746666667
958,103,Y,3716231536,12.387438453333335
32,59,N,3714474059,12.381580196666667
59,69,N,3714374168,12.381247226666666
932,100,Y,3705295296,12.35098432
85,77,N,3701532680,12.338442266666666
76,65,N,3697293056,12.324310186666667
55,35,N,3695456120,12.318187066666667
31,20,N,3695341920,12.3178064
930,100,Y,3693755269,12.312517563333333
56,73,N,3689015504,12.296718346666667
163,4,Y,3677927428,12.259758093333334
165,4,Y,3673319696,12.244398986666667
982,106,Y,3669300674,12.231002246666666
931,100,Y,3653949416,12.179831386666667
1080,119,Y,3650854848,12.16951616
110,32,N,3647299864,12.157666213333334
80,72,N,3642705904,12.142353013333333
101,93,N,3631385888,12.104619626666667
31,70,N,3628877192,12.096257306666667
29,118,N,3624538640,12.081795466666668
27,77,N,3624331543,12.081105143333334
108,50,N,3613049120,12.043497066666667
21,7,N,3609176384,12.030587946666667
80,77,N,3597113992,11.990379973333333
28,91,N,3591552048,11.97184016
112,110,N,3581085136,11.936950453333333
952,103,Y,3579033840,11.9301128
23,30,N,3576875496,11.92291832
957,103,Y,3575768718,11.91922906
119,1084,Y,3568666616,11.895555386666667
105,46,N,3567286920,11.8909564
1082,119,Y,3550123144,11.833743813333333
59,51,N,3546409392,11.82136464
74,123,N,3527570832,11.758569439999999
48,87,N,3523980152,11.746600506666667
87,74,N,3518601794,11.728672646666666
1085,119,Y,3508658504,11.695528346666666
43,39,N,3505339552,11.684465173333333
523,49,Y,3501650768,11.672169226666666
999,108,Y,3501245824,11.670819413333334
979,106,Y,3499971056,11.666570186666666
40,116,N,3499478080,11.664926933333334
251,15,Y,3499068784,11.663562613333333
467,42,Y,3489323344,11.631077813333333
74,87,N,3486399984,11.62133328
994,108,Y,3477978648,11.59326216
64,104,N,3475427816,11.584759386666667
465,42,Y,3474726872,11.582422906666668
976,106,Y,3457509936,11.52503312
23,110,N,3455941112,11.519803706666666
947,102,Y,3448884384,11.49628128
813,85,Y,3443285680,11.477618933333334
104,68,N,3442595360,11.475317866666666
490,45,Y,3437502760,11.458342533333333
1129,125,Y,3432701344,11.442337813333333
86,37,N,3428212432,11.427374773333334
160,4,Y,3423301336,11.411004453333334
51,98,N,3417295584,11.39098528
68,104,N,3407511760,11.358372533333332
98,34,N,3407339204,11.357797346666667
520,49,Y,3397996968,11.32665656
1049,115,Y,3397607936,11.325359786666667
127,120,N,3396317934,11.32105978
959,103,Y,3395255832,11.31751944
996,108,Y,3393000592,11.310001973333334
29,80,N,3383339608,11.277798693333335
810,85,Y,3380707440,11.2690248
55,7,N,3377017560,11.2567252
12,26,N,3364839110,11.216130366666667
900,96,Y,3361189816,11.203966053333334
791,82,Y,3357884034,11.19294678
62,70,N,3350607712,11.168692373333332
161,4,Y,3346234880,11.154116266666666
78,84,N,3344812376,11.149374586666665
1128,125,Y,3340354864,11.134516213333333
88,37,N,3339561043,11.131870143333334
104,72,N,3335842792,11.119475973333333
995,108,Y,3333963024,11.11321008
277,18,Y,3330410903,11.101369676666668
1054,115,Y,3329825800,11.099419333333334
40,21,N,3325810111,11.086033703333333
785,82,Y,3320339040,11.0677968
48,104,N,3318035184,11.06011728
11,87,N,3308607360,11.0286912
126,69,N,3298427968,10.994759893333333
166,4,Y,3297714680,10.992382266666667
1097,121,Y,3291180296,10.970600986666666
984,107,Y,3286772065,10.955906883333332
35,67,N,3284656624,10.948855413333334
32,110,N,3278969568,10.92989856
1083,119,Y,3277504200,10.925014
992,108,Y,3272628368,10.908761226666666
375,30,Y,3261529144,10.871763813333333
516,48,Y,3260764768,10.869215893333333
30,84,N,3260542072,10.868473573333333
789,82,Y,3256011096,10.85337032
24,52,N,3244719624,10.81573208
469,42,Y,3242670912,10.808903039999999
113,74,N,3242527376,10.808424586666666
1120,124,Y,3231045848,10.770152826666667
76,116,N,3220426480,10.734754933333333
60,63,N,3215513464,10.718378213333333
29,91,N,3210640888,10.702136293333334
126,57,N,3206134288,10.687114293333334
464,42,Y,3203148312,10.67716104
86,111,N,3202460232,10.67486744
471,42,Y,3190599720,10.6353324
1125,124,Y,3190468280,10.634894266666667
418,36,Y,3190334072,10.634446906666668
809,85,Y,3170040848,10.566802826666667
103,109,N,3168515712,10.56171904
906,97,Y,3158110288,10.527034293333333
25,28,N,3157958824,10.526529413333334
20,62,N,3147226512,10.49075504
421,36,Y,3146817880,10.489392933333333
422,36,Y,3143790368,10.479301226666667
86,47,N,3143655488,10.478851626666668
423,36,Y,3142272936,10.47424312
116,40,N,3135877225,10.452924083333333
40,95,N,3135770336,10.452567786666666
109,12,N,3133424621,10.444748736666666
981,106,Y,3129460273,10.431534243333333
840,89,Y,3127303560,10.4243452
12,109,N,3126027957,10.42009319
948,102,Y,3125198200,10.417327333333333
37,61,N,3124504864,10.415016213333333
9,111,N,3116065744,10.386885813333334
1123,124,Y,3115590864,10.38530288
844,89,Y,3113468167,10.378227223333333
97,56,N,3113456416,10.378188053333332
1086,119,Y,3110461232,10.368204106666665
48,63,N,3110455389,10.36818463
988,107,Y,3108873536,10.362911786666666
787,82,Y,3104177560,10.347258533333333
993,108,Y,3091328392,10.304427973333333
990,107,Y,3090291920,10.300973066666666
39,43,N,3089487936,10.29829312
18,64,N,3088078673,10.293595576666666
991,107,Y,3085638160,10.285460533333334
1087,119,Y,3082937624,10.276458746666666
96,112,N,3077567617,10.258558723333334
111,25,N,3076069928,10.253566426666668
16,5,N,3070202264,10.234007546666666
198,8,Y,3063659296,10.212197653333334
79,61,N,3063423272,10.211410906666666
1055,115,Y,3052113432,10.17371144
416,36,Y,3049744242,10.16581414
1101,121,Y,3049200416,10.164001386666667
254,15,Y,3044603032,10.148676773333333
492,45,Y,3043507721,10.145025736666668
47,39,N,3035019688,10.116732293333333
127,80,N,3029258296,10.097527653333334
129,0,Y,3018324989,10.061083296666666
786,82,Y,3017338456,10.057794853333334
21,40,N,3015516160,10.051720533333333
61,37,N,3008696963,10.028989876666666
904,97,Y,3004018056,10.01339352
41,83,N,2993742648,9.97914216
63,73,N,2993333760,9.9777792
1051,115,Y,2992973664,9.97657888
19,16,N,2990457368,9.968191226666667
11,83,N,2989521856,9.965072853333332
49,113,N,2986515202,9.955050673333334
100,32,N,2983948224,9.946494079999999
195,8,Y,2979925712,9.933085706666667
219,11,Y,2972465200,9.908217333333333
123,74,N,2971810488,9.90603496
43,78,N,2970984600,9.903281999999999
521,49,Y,2968401408,9.89467136
119,123,N,2968275728,9.894252426666666
12,67,N,2968150544,9.893835146666667
217,11,Y,2963760392,9.879201306666667
274,18,Y,2961135382,9.870451273333334
515,48,Y,2959710096,9.86570032
527,49,Y,2955988216,9.853294053333334
107,95,N,2953390232,9.844634106666666
106,81,N,2949888704,9.832962346666667
1029,112,Y,2943894096,9.812980320000001
985,107,Y,2939465568,9.798218559999999
83,58,N,2937727680,9.7924256
1121,124,Y,2936323368,9.78774456
52,57,N,2927714984,9.759049946666666
75,57,N,2923766896,9.745889653333334
519,48,Y,2922866200,9.742887333333334
835,88,Y,2922458413,9.741528043333334
841,89,Y,2915797568,9.719325226666667
44,483,Y,2909334000,9.69778
987,107,Y,2908882280,9.696274266666666
788,82,Y,2905183520,9.683945066666666
983,106,Y,2904739840,9.682466133333334
57,66,N,2895468216,9.65156072
97,38,N,2891135672,9.637118906666666
929,100,Y,2879244704,9.597482346666666
21,39,N,2879023376,9.596744586666667
419,36,Y,2878696753,9.595655843333335
81,41,N,2877657360,9.5921912
934,100,Y,2876727160,9.589090533333334
997,108,Y,2876408867,9.588029556666665
221,11,Y,2874647936,9.582159786666667
279,18,Y,2873806256,9.579354186666666
978,106,Y,2870048320,9.566827733333334
54,3,N,2867201088,9.55733696
69,59,N,2861206664,9.537355546666666
4,79,N,2855295992,9.517653306666666
23,73,N,2853610160,9.512033866666666
114,32,N,2847324288,9.491080960000001
83,41,N,2837716112,9.459053706666666
3,56,N,2832556264,9.441854213333334
98,46,N,2824976336,9.416587786666666
43,74,N,2824004200,9.413347333333332
94,35,N,2818947168,9.39649056
935,100,Y,2814800805,9.38266935
77,30,N,2810282040,9.3676068
7,21,N,2809583928,9.36527976
790,82,Y,2808206144,9.360687146666667
1124,124,Y,2807624471,9.358748236666667
902,96,Y,2802935424,9.34311808
26,35,N,2800669144,9.335563813333334
55,59,N,2798470832,9.328236106666667
27,40,N,2793052480,9.310174933333332
839,88,Y,2786874464,9.289581546666668
910,97,Y,2781310880,9.271036266666668
1122,124,Y,2780466600,9.268222
843,89,Y,2779082096,9.263606986666668
61,76,N,2776440698,9.254802326666667
905,97,Y,2775453896,9.251512986666667
43,58,N,2774629680,9.2487656
928,100,Y,2771478120,9.2382604
74,113,N,2768201312,9.227337706666667
1098,121,Y,2764746744,9.21582248
50,23,N,2760875104,9.202917013333334
115,28,N,2759625968,9.198753226666668
93,101,N,2752253928,9.17417976
41,19,N,2750449832,9.168166106666668
79,69,N,2746968936,9.15656312
998,108,Y,2742972048,9.143240160000001
132,0,Y,2742971304,9.14323768
980,106,Y,2741228624,9.137428746666666
273,18,Y,2740273776,9.13424592
949,102,Y,2735078008,9.116926693333333
518,48,Y,2731932384,9.106441279999999
37,94,N,2727768368,9.092561226666666
97,98,N,2727213745,9.090712483333334
30,23,N,2726155680,9.0871856
909,97,Y,2725545274,9.085150913333333
80,127,N,2725217440,9.084058133333334
91,65,N,2723785264,9.079284213333333
14,68,N,2722694240,9.075647466666666
525,49,Y,2720921880,9.0697396
570,55,Y,2710103192,9.033677306666666
1127,124,Y,2709073104,9.03024368
493,45,Y,2707125160,9.023750533333333
977,106,Y,2704940176,9.016467253333333
495,45,Y,2703760024,9.012533413333333
34,69,N,2703295456,9.010984853333333
252,15,Y,2701438528,9.004795093333334
908,97,Y,2701280840,9.004269466666667
1065,117,Y,2695564032,8.98521344
1099,121,Y,2687774144,8.959247146666668
569,55,Y,2682297528,8.94099176
517,48,Y,2682064896,8.94021632
84,93,N,2681636325,8.938787750000001
2,58,N,2677350048,8.92450016
784,82,Y,2674696800,8.915656
349,27,Y,2673373536,8.91124512
52,76,N,2667373208,8.891244026666667
842,89,Y,2663808696,8.87936232
512,48,Y,2656023032,8.853410106666667
36,19,N,2655801024,8.85267008
837,88,Y,2650630416,8.83543472
989,107,Y,2648358557,8.827861856666667
27,67,N,2644457120,8.814857066666667
63,113,N,2643988018,8.813293393333334
847,89,Y,2640733360,8.802444533333334
494,45,Y,2639128296,8.79709432
406,34,Y,2638698688,8.795662293333335
420,36,Y,2632866174,8.77622058
630,62,Y,2630990528,8.769968426666667
2,99,N,2630400944,8.768003146666667
75,37,N,2628723776,8.762412586666667
241,14,Y,2626720448,8.755734826666666
42,9,N,2623514880,8.7450496
491,45,Y,2617342128,8.72447376
346,27,Y,2613335336,8.711117786666666
811,85,Y,2613297888,8.71099296
216,11,Y,2609684752,8.698949173333332
944,102,Y,2607857552,8.692858506666665
513,48,Y,2606692048,8.688973493333334
46,76,N,2604849975,8.68283325
100,47,N,2598820970,8.662736566666666
250,15,Y,2595683040,8.6522768
439,38,Y,2588240416,8.627468053333333
113,1036,Y,2576322592,8.587741973333333
637,63,Y,2575852936,8.586176453333334
851,90,Y,2574143624,8.580478746666667
95,104,N,2569407964,8.564693213333333
951,102,Y,2569224352,8.564081173333333
36,3,N,2568241288,8.560804293333334
113,70,N,2565123832,8.550412773333333
632,63,Y,2549477392,8.498257973333333
106,5,N,2546697704,8.488992346666667
911,97,Y,2546604664,8.488682213333334
70,52,N,2545449090,8.4848303
53,74,N,2543422360,8.478074533333334
73,116,N,2538750829,8.462502763333333
522,49,Y,2538416760,8.4613892
57,52,N,2537685216,8.458950719999999
20,122,N,2535903648,8.45301216
205,9,Y,2530301912,8.434339706666668
6,30,N,2523278469,8.41092823
15,250,Y,2522842072,8.409473573333333
6,120,N,2517409984,8.391366613333332
128,0,Y,2514687624,8.382292080000001
514,48,Y,2510426496,8.36808832
102,34,N,2502778608,8.34259536
197,8,Y,2489877311,8.299591036666666
79,12,N,2484729472,8.282431573333334
0,16,N,2474962496,8.249874986666667
278,18,Y,2457651272,8.192170906666666
4,13,N,2452686775,8.175622583333334
986,107,Y,2452242368,8.174141226666666
1096,121,Y,2449899160,8.166330533333333
218,11,Y,2448980229,8.16326743
272,18,Y,2448906000,8.16302
51,24,N,2444381424,8.14793808
67,72,N,2442461584,8.141538613333333
72,67,N,2440303784,8.134345946666667
769,80,Y,2438596728,8.128655760000001
82,120,N,2435001168,8.11667056
194,8,Y,2429214616,8.097382053333334
17,20,N,2428788744,8.09596248
3,28,N,2426892128,8.089640426666666
489,45,Y,2423989072,8.079963573333334
845,89,Y,2422154448,8.073848159999999
635,63,Y,2420019768,8.06673256
345,27,Y,2418115141,8.060383803333334
834,88,Y,2416992736,8.056642453333334
112,22,N,2416643736,8.055479120000001
253,15,Y,2411090744,8.036969146666667
838,88,Y,2408554136,8.028513786666666
28,25,N,2404952016,8.016506719999999
700,71,Y,2404674831,8.01558277
58,43,N,2404328608,8.014428693333334
46,98,N,2401804008,8.00601336
1048,115,Y,2401048872,8.00349624
694,70,Y,2395301243,7.984337476666667
713,73,Y,2385438760,7.951462533333334
113,63,N,2382735472,7.942451573333334
907,97,Y,2382728445,7.94242815
248,15,Y,2373401651,7.911338836666666
93,84,N,2370229360,7.900764533333334
90,68,N,2367522696,7.8917423200000005
866,92,Y,2364724088,7.882413626666667
133,0,Y,2361580464,7.87193488
1103,121,Y,2359298288,7.864327626666667
127,59,N,2355933568,7.853111893333334
275,18,Y,2350035608,7.8334520266666665
276,18,Y,2349393764,7.831312546666666
130,0,Y,2346066744,7.82022248
679,68,Y,2344308704,7.814362346666667
761,79,Y,2334630304,7.782101013333333
44,122,N,2334115792,7.780385973333333
1,27,N,2327936168,7.759787226666667
870,92,Y,2322537368,7.741791226666667
67,35,N,2320126584,7.7337552800000005
46,114,N,2319176568,7.73058856
93,46,N,2318666304,7.728887680000001
134,0,Y,2316610088,7.722033626666666
74,43,N,2314877304,7.716257679999999
47,67,N,2314086472,7.7136215733333335
114,46,N,2310731600,7.702438666666667
477,43,Y,2309147402,7.697158006666667
16,19,N,2303770248,7.679234159999999
121,53,N,2301844534,7.672815113333334
1050,115,Y,2299484289,7.66494763
94,72,N,2295760448,7.652534826666667
59,127,N,2287080472,7.623601573333333
135,0,Y,2282804630,7.609348766666667
1066,117,Y,2282735560,7.6091185333333335
115,65,N,2281087496,7.6036249866666665
220,11,Y,2280938528,7.603128426666666
18,93,N,2280772496,7.602574986666667
95,40,N,2280612968,7.602043226666666
56,3,N,2272920328,7.576401093333334
846,89,Y,2269678952,7.565596506666666
131,0,Y,2269507216,7.565024053333333
1100,121,Y,2268466328,7.5615544266666666
84,78,N,2266765496,7.555884986666666
50,24,N,2260843768,7.536145893333333
44,127,N,2259003296,7.530010986666667
488,45,Y,2258959736,7.529865786666666
771,80,Y,2258365696,7.527885653333333
120,127,N,2258165380,7.527217933333333
107,70,N,2256318144,7.52106048
624,62,Y,2252736552,7.509121840000001
347,27,Y,2251113560,7.5037118666666665
96,43,N,2247057984,7.49019328
35,2,N,2245538860,7.485129533333333
223,11,Y,2241771104,7.472570346666667
41,84,N,2241188083,7.470626943333333
950,102,Y,2240612963,7.468709876666667
773,80,Y,2240333696,7.467778986666667
1035,113,Y,2237810704,7.459369013333333
729,75,Y,2237321248,7.457737493333333
114,78,N,2236889120,7.456297066666667
1068,117,Y,2228233896,7.4274463200000005
377,31,Y,2223416128,7.411387093333334
625,62,Y,2219997032,7.3999901066666665
859,91,Y,2214298712,7.380995706666667
99,57,N,2213172608,7.377242026666667
857,91,Y,2212558024,7.375193413333333
2,35,N,2212516672,7.375055573333333
9,66,N,2210191424,7.367304746666667
71,2,N,2208868984,7.362896613333334
110,23,N,2208800400,7.362668
828,87,Y,2203972144,7.346573813333333
51,59,N,2196360984,7.321203279999999
73,23,N,2195676411,7.318921370000001
54,66,N,2195017243,7.316724143333333
580,56,Y,2194850752,7.316169173333334
869,92,Y,2188302564,7.294341880000001
99,2,N,2183972504,7.279908346666667
832,88,Y,2183139456,7.27713152
812,85,Y,2181628544,7.272095146666667
575,55,Y,2178846224,7.262820746666667
379,31,Y,2176093928,7.253646426666667
820,86,Y,2163459960,7.211533200000001
1032,113,Y,2161596440,7.205321466666667
84,30,N,2152305838,7.174352793333333
14,99,N,2148382328,7.161274426666667
1053,115,Y,2147107368,7.15702456
201,9,Y,2146215447,7.1540514900000005
39,22,N,2142348751,7.141162503333333
573,55,Y,2141585480,7.1386182666666675
118,25,N,2139272752,7.1309091733333325
6,22,N,2137196622,7.12398874
99,58,N,2135484000,7.11828
203,9,Y,2135311096,7.117703653333334
21,25,N,2135086232,7.116954106666666
98,913,Y,2133975904,7.113253013333333
38,94,N,2130595272,7.10198424
72,94,N,2128345368,7.09448456
572,55,Y,2126610384,7.0887012799999995
819,86,Y,2120963696,7.069878986666667
52,24,N,2114373376,7.047911253333333
638,63,Y,2111061734,7.036872446666667
1014,110,Y,2109496872,7.03165624
852,90,Y,2107400520,7.0246684
574,55,Y,2106200568,7.02066856
19,12,N,2105315991,7.01771997
119,26,N,2104240200,7.014133999999999
89,113,N,2102904208,7.009680693333334
8,51,N,2102764544,7.009215146666667
1136,126,Y,2101877864,7.006259546666667
30,6,N,2096333264,6.987777546666667
1091,120,Y,2095787600,6.985958666666667
291,20,Y,2093596888,6.978656293333334
431,37,Y,2092001320,6.9733377333333335
255,15,Y,2085680920,6.952269733333333
639,63,Y,2080169552,6.933898506666666
42,88,N,2077327552,6.924425173333333
701,71,Y,2073558582,6.91186194
1052,115,Y,2072219489,6.907398296666667
58,2,N,2063639536,6.878798453333333
12,19,N,2061173568,6.87057856
76,46,N,2057732188,6.859107293333333
703,71,Y,2057429135,6.858097116666667
152,3,Y,2054930120,6.849767066666666
848,90,Y,2051246160,6.8374872
174,5,Y,2051066320,6.836887733333333
94,37,N,2047886544,6.8262884800000005
0,110,N,2045892112,6.819640373333333
633,63,Y,2045839816,6.819466053333334
836,88,Y,2044706824,6.815689413333334
1146,127,Y,2041983472,6.806611573333334
818,86,Y,2041974840,6.806582799999999
853,90,Y,2037839328,6.792797759999999
207,9,Y,2027544400,6.758481333333332
32,114,N,2020295764,6.7343192133333325
15,84,N,2015484848,6.718282826666666
1067,117,Y,2013370272,6.71123424
72,25,N,2012998288,6.709994293333334
84,41,N,2008248504,6.694161680000001
850,90,Y,2005174336,6.683914453333334
860,91,Y,2001743664,6.672478880000001
634,63,Y,1997067400,6.656891333333332
449,40,Y,1994682136,6.648940453333334
945,102,Y,1993547817,6.64515939
288,20,Y,1992730208,6.642434026666668
636,63,Y,1991020200,6.636734
476,43,Y,1989191720,6.630639066666667
534,50,Y,1987206608,6.624022026666666
116,78,N,1984857368,6.6161912266666665
35,94,N,1984677732,6.6155924399999995
775,80,Y,1982068432,6.606894773333333
717,73,Y,1973351824,6.577839413333334
1126,124,Y,1970719016,6.569063386666667
728,75,Y,1966658992,6.555529973333334
95,73,N,1957186402,6.523954673333334
91,28,N,1950802656,6.5026755199999995
122,94,N,1943483392,6.478277973333333
66,41,N,1940799472,6.469331573333334
1064,117,Y,1937349120,6.457830400000001
556,53,Y,1935701936,6.452339786666666
528,50,Y,1935199504,6.4506650133333325
1031,112,Y,1934349720,6.4478324
531,50,Y,1933880560,6.446268533333334
78,116,N,1932883984,6.4429466133333335
849,90,Y,1926484384,6.421614613333333
376,31,Y,1924505320,6.415017733333333
864,92,Y,1924273984,6.414246613333334
629,62,Y,1923543920,6.411813066666666
856,91,Y,1920174736,6.4005824533333335
1056,116,Y,1914892102,6.382973673333334
699,71,Y,1913594496,6.378648319999999
9,39,N,1911877112,6.372923706666667
1070,117,Y,1908574304,6.3619143466666666
1025,112,Y,1906693504,6.3556450133333335
116,76,N,1900041944,6.333473146666667
22,39,N,1899575408,6.331918026666666
54,23,N,1892781280,6.309270933333333
568,55,Y,1891177130,6.303923766666666
45,78,N,1890764768,6.302549226666667
204,9,Y,1890441280,6.301470933333333
400,34,Y,1889791016,6.299303386666668
1143,126,Y,1881576248,6.271920826666667
82,7,N,1873632400,6.245441333333333
533,50,Y,1873280200,6.244267333333333
292,20,Y,1871064336,6.23688112
294,20,Y,1870611712,6.235372373333333
822,86,Y,1866017776,6.220059253333334
937,101,Y,1864576168,6.215253893333333
750,77,Y,1861909680,6.2063656
966,104,Y,1861463528,6.204878426666666
22,6,N,1860680544,6.20226848
399,33,Y,1857964728,6.19321576
772,80,Y,1856759976,6.18919992
66,22,N,1855493072,6.184976906666666
125,51,N,1855315437,6.18438479
865,92,Y,1854760760,6.182535866666666
1142,126,Y,1851637736,6.172125786666666
529,50,Y,1851416379,6.171387930000001
19,41,N,1847656464,6.15885488
102,86,N,1846984736,6.156615786666666
833,88,Y,1839813000,6.13271
159,3,Y,1837685536,6.125618453333334
831,87,Y,1835358584,6.117861946666666
824,87,Y,1829918876,6.099729586666667
1138,126,Y,1829700219,6.09900073
1069,117,Y,1828463952,6.09487984
627,62,Y,1827883456,6.092944853333333
1116,123,Y,1827028272,6.09009424
23,54,N,1826470976,6.088236586666667
571,55,Y,1824568077,6.08189359
71,122,N,1821518240,6.071727466666667
109,28,N,1819628312,6.065427706666666
94,122,N,1819152928,6.063843093333333
25,72,N,1818295744,6.060985813333334
620,61,Y,1814995464,6.04998488
71,127,N,1814492792,6.048309306666667
1022,111,Y,1813395136,6.044650453333333
405,34,Y,1811306992,6.037689973333333
348,27,Y,1808370080,6.027900266666666
124,52,N,1808244456,6.02748152
382,31,Y,1807442352,6.02480784
372,30,Y,1800658360,6.002194533333333
855,90,Y,1798941624,5.99647208
579,56,Y,1798382597,5.994608656666667
1090,120,Y,1798105184,5.993683946666667
698,71,Y,1796979008,5.989930026666666
674,68,Y,1796874456,5.98958152
90,99,N,1795337328,5.98445776
768,80,Y,1791782232,5.97260744
642,64,Y,1790758880,5.969196266666667
626,62,Y,1789991584,5.966638613333333
964,104,Y,1788632552,5.962108506666667
41,66,N,1786074776,5.953582586666667
26,12,N,1784966504,5.9498883466666665
479,43,Y,1782064512,5.94021504
385,32,Y,1780533848,5.935112826666666
6,7,N,1780286968,5.934289893333333
202,9,Y,1778505256,5.928350853333334
429,37,Y,1778025704,5.9267523466666665
646,64,Y,1771556456,5.905188186666667
510,47,Y,1765331352,5.88443784
36,116,N,1764735032,5.882450106666667
381,31,Y,1763647696,5.878825653333333
862,91,Y,1763289056,5.877630186666667
1026,112,Y,1761744464,5.872481546666666
54,56,N,1751463080,5.838210266666667
505,47,Y,1746877192,5.822923973333333
715,73,Y,1740244840,5.800816133333334
968,105,Y,1735050712,5.7835023733333335
677,68,Y,1734913680,5.7830456
650,65,Y,1732576168,5.775253893333334
206,9,Y,1732288744,5.7742958133333335
583,56,Y,1730013408,5.76671136
868,92,Y,1725388776,5.75129592
774,80,Y,1718661240,5.7288708
200,9,Y,1712324024,5.7077467466666665
310,22,Y,1711404144,5.70468048
594,58,Y,1706166048,5.68722016
378,31,Y,1703284768,5.677615893333334
716,73,Y,1702790856,5.67596952
153,3,Y,1701305472,5.67101824
290,20,Y,1701158256,5.67052752
535,50,Y,1699748440,5.665828133333333
44,69,N,1697215720,5.657385733333333
829,87,Y,1695880590,5.652935299999999
651,65,Y,1691779816,5.639266053333333
6,16,N,1689484536,5.631615119999999
1141,126,Y,1688367976,5.627893253333333
689,70,Y,1686373488,5.62124496
719,73,Y,1685830966,5.619436553333333
1137,126,Y,1685274056,5.617580186666666
263,16,Y,1673574980,5.578583266666667
93,879,Y,1673246064,5.57748688
770,80,Y,1671930576,5.57310192
478,43,Y,1666456720,5.5548557333333335
383,31,Y,1665242048,5.550806826666667
397,33,Y,1663594464,5.545314879999999
555,53,Y,1663489928,5.544966426666666
412,35,Y,1663470952,5.544903173333333
242,14,Y,1663460432,5.544868106666667
28,109,N,1656970560,5.5232352
350,27,Y,1654540808,5.515136026666666
532,50,Y,1652934656,5.5097821866666665
647,64,Y,1650334040,5.501113466666667
530,50,Y,1645065128,5.483550426666667
969,105,Y,1641104384,5.470347946666667
344,27,Y,1639408669,5.464695563333334
24,44,N,1626689208,5.42229736
185,7,Y,1625732400,5.4191080000000005
539,51,Y,1623990208,5.413300693333333
408,35,Y,1621543808,5.405146026666666
1020,111,Y,1620103064,5.400343546666667
289,20,Y,1618260288,5.39420096
44,24,N,1616436560,5.388121866666666
233,13,Y,1614411104,5.3813703466666665
733,75,Y,1611235664,5.370785546666667
764,79,Y,1610221376,5.367404586666667
448,40,Y,1604476960,5.348256533333333
102,58,N,1601398008,5.33799336
67,12,N,1599250113,5.33083371
678,68,Y,1599174873,5.33058291
1092,120,Y,1592813456,5.309378186666667
120,6,N,1590296144,5.3009871466666665
672,68,Y,1589079303,5.29693101
734,75,Y,1585637064,5.28545688
878,93,Y,1583532960,5.2784432
433,38,Y,1582393312,5.2746443733333335
924,99,Y,1581498592,5.271661973333333
867,92,Y,1580715832,5.269052773333334
643,64,Y,1579348408,5.264494693333333
960,104,Y,1578201000,5.26067
432,38,Y,1575384680,5.251282266666666
749,77,Y,1574784952,5.249283173333334
157,3,Y,1571104632,5.23701544
702,71,Y,1568245224,5.22748408
511,47,Y,1562737872,5.20912624
540,51,Y,1560456664,5.201522213333333
1015,110,Y,1559996016,5.19998672
767,79,Y,1559471008,5.1982366933333335
858,91,Y,1558900024,5.196333413333333
1075,118,Y,1555739560,5.185798533333333
1113,123,Y,1553210400,5.177368
340,26,Y,1552510520,5.175035066666666
816,86,Y,1552492256,5.174974186666667
1057,116,Y,1549232368,5.164107893333333
158,3,Y,1548586216,5.161954053333333
863,91,Y,1543917512,5.146391706666667
649,65,Y,1543248080,5.144160266666667
506,47,Y,1538786566,5.129288553333334
747,77,Y,1538368912,5.127896373333334
854,90,Y,1537473424,5.124911413333334
16,6,N,1535867784,5.11955928
874,93,Y,1534489624,5.1149654133333335
127,44,N,1531239776,5.104132586666667
817,86,Y,1526690736,5.088969120000001
830,87,Y,1525217792,5.084059306666667
823,86,Y,1524446728,5.081489093333333
187,7,Y,1523637064,5.078790213333333
760,79,Y,1521499256,5.071664186666667
409,35,Y,1519734592,5.065781973333333
692,70,Y,1517730960,5.0591032
1008,110,Y,1517291114,5.057637046666667
0,14,N,1513111264,5.043704213333333
640,64,Y,1512997776,5.04332592
88,2,N,1512871336,5.042904453333334
731,75,Y,1512316328,5.041054426666667
66,54,N,1510164592,5.033881973333333
245,14,Y,1507950888,5.026502959999999
1117,123,Y,1507930456,5.026434853333334
507,47,Y,1504984264,5.016614213333334
744,77,Y,1503787544,5.012625146666667
1114,123,Y,1503052216,5.010174053333333
509,47,Y,1502760944,5.009203146666667
380,31,Y,1501698832,5.005662773333333
793,83,Y,1499465464,4.998218213333333
404,34,Y,1495960480,4.986534933333334
1007,109,Y,1495349463,4.98449821
582,56,Y,1494173656,4.980578853333333
351,27,Y,1494079816,4.980266053333334
22,66,N,1490258583,4.9675286100000005
90,21,N,1488662048,4.962206826666667
190,7,Y,1488138960,4.9604632
78,114,N,1487774788,4.959249293333333
395,33,Y,1487703688,4.959012293333333
826,87,Y,1486219992,4.954066640000001
732,75,Y,1486072864,4.953576213333333
451,40,Y,1482711880,4.942372933333333
762,79,Y,1482653240,4.942177466666667
1140,126,Y,1482363416,4.941211386666667
873,93,Y,1477451752,4.924839173333333
191,7,Y,1477291734,4.92430578
861,91,Y,1475272752,4.91757584
1094,120,Y,1475037688,4.916792293333333
240,14,Y,1473708718,4.912362393333333
893,95,Y,1473624048,4.91208016
114,54,N,1473262896,4.91087632
730,75,Y,1469423376,4.8980779199999995
723,74,Y,1467698366,4.892327886666667
450,40,Y,1467278832,4.89092944
293,20,Y,1463627736,4.87875912
696,71,Y,1460812232,4.869374106666666
673,68,Y,1460468280,4.8682276
628,62,Y,1460067424,4.866891413333333
156,3,Y,1460029192,4.866763973333333
318,23,Y,1458672840,4.862242800000001
283,19,Y,1457541464,4.858471546666666
296,21,Y,1453663696,4.845545653333334
576,56,Y,1451968928,4.839896426666666
552,53,Y,1450982040,4.8366068
1112,123,Y,1444906840,4.816356133333334
440,39,Y,1440497960,4.801659866666666
1030,112,Y,1439795912,4.799319706666667
1139,126,Y,1437685320,4.7922844
26,22,N,1435887320,4.786291066666667
578,56,Y,1435743712,4.785812373333333
1006,109,Y,1434120904,4.780403013333333
337,26,Y,1432095745,4.773652483333334
295,20,Y,1430202320,4.767341066666667
388,32,Y,1429031312,4.763437706666666
256,16,Y,1428732504,4.76244168
453,40,Y,1426445520,4.7548184000000004
794,83,Y,1426417264,4.754724213333334
537,51,Y,1426173880,4.753912933333333
543,51,Y,1426110088,4.753700293333334
916,98,Y,1425794224,4.752647413333333
155,3,Y,1424198477,4.747328256666666
504,47,Y,1424175200,4.747250666666666
807,84,Y,1421993136,4.739977120000001
1024,112,Y,1420135968,4.73378656
889,95,Y,1418143952,4.727146506666666
746,77,Y,1413649912,4.712166373333333
798,83,Y,1412917928,4.709726426666667
581,56,Y,1412635160,4.708783866666667
891,95,Y,1411246848,4.704156159999999
1039,113,Y,1408385303,4.694617676666667
1078,118,Y,1406249944,4.687499813333333
619,61,Y,1405544232,4.685147440000001
745,77,Y,1400824524,4.66941508
225,12,Y,1398946456,4.663154853333333
971,105,Y,1398749152,4.662497173333334
170,5,Y,1397913184,4.659710613333334
122,44,N,1397875808,4.659586026666666
714,73,Y,1396775120,4.6559170666666665
962,104,Y,1395798512,4.652661706666667
688,70,Y,1392996440,4.6433214666666665
149,2,Y,1391797968,4.63932656
184,7,Y,1388726288,4.629087626666667
171,5,Y,1388718496,4.629061653333333
326,24,Y,1387247216,4.624157386666667
618,61,Y,1386211464,4.62070488
1027,112,Y,1384253872,4.614179573333333
892,95,Y,1382335824,4.60778608
1076,118,Y,1382049614,4.606832046666667
169,5,Y,1381968296,4.606560986666667
426,37,Y,1381446232,4.6048207733333335
871,92,Y,1379243592,4.59747864
154,3,Y,1376396938,4.587989793333333
718,73,Y,1376102976,4.58700992
780,81,Y,1375743152,4.585810506666667
631,62,Y,1375109240,4.583697466666667
358,28,Y,1373536880,4.578456266666667
693,70,Y,1373452336,4.578174453333333
1019,111,Y,1372700648,4.575668826666666
644,64,Y,1372240256,4.574134186666667
303,21,Y,1371630248,4.5721008266666665
1018,111,Y,1371273320,4.570911066666667
758,78,Y,1369959128,4.566530426666667
894,95,Y,1369647968,4.565493226666666
1088,120,Y,1365738992,4.552463306666667
641,64,Y,1362605880,4.542019600000001
888,95,Y,1356975340,4.523251133333334
1118,123,Y,1355836936,4.5194564533333335
300,21,Y,1355215760,4.517385866666666
876,93,Y,1353997800,4.513326
797,83,Y,1352298600,4.507662
172,5,Y,1350457528,4.501525093333333
536,51,Y,1350117856,4.5003928533333335
1111,122,Y,1348085968,4.493619893333333
877,93,Y,1347720912,4.49240304
697,71,Y,1344948192,4.48316064
339,26,Y,1336424176,4.454747253333333
676,68,Y,1336221184,4.454070613333334
975,105,Y,1335937144,4.453123813333333
394,33,Y,1333943504,4.446478346666667
402,34,Y,1333348080,4.4444935999999995
799,83,Y,1331050744,4.436835813333333
10,215,Y,1327886624,4.426288746666667
1058,116,Y,1326656200,4.4221873333333335
359,28,Y,1324842680,4.416142266666666
1009,110,Y,1324752232,4.415840773333334
338,26,Y,1320712095,4.40237365
1073,118,Y,1320441320,4.401471066666667
675,68,Y,1320401952,4.40133984
262,16,Y,1318801158,4.39600386
508,47,Y,1317884712,4.39294904
1095,120,Y,1317701424,4.39233808
297,21,Y,1317687448,4.3922914933333335
343,26,Y,1316514176,4.388380586666667
392,33,Y,1315839808,4.386132693333334
558,53,Y,1315218816,4.38406272
655,65,Y,1315197960,4.3839932
7,6,N,1313716248,4.37905416
151,2,Y,1312283520,4.3742784
69,44,N,1310812640,4.369375466666667
821,86,Y,1309533777,4.36511259
54,114,N,1306051427,4.353504756666666
925,99,Y,1304561528,4.348538426666667
1151,127,Y,1304479760,4.348265866666667
616,61,Y,1302591160,4.341970533333334
890,95,Y,1302234000,4.3407800000000005
484,44,Y,1301837792,4.339459306666667
751,77,Y,1300501688,4.335005626666667
357,28,Y,1299670744,4.332235813333334
557,53,Y,1298864184,4.32954728
243,14,Y,1298044600,4.326815333333334
970,105,Y,1295662104,4.31887368
554,53,Y,1295443288,4.318144293333334
913,98,Y,1295104032,4.317013439999999
669,67,Y,1294189104,4.31396368
237,13,Y,1292326920,4.3077564
474,43,Y,1291170792,4.30390264
1001,109,Y,1290073808,4.300246026666667
967,104,Y,1288084400,4.293614666666667
965,104,Y,1281838280,4.272794266666667
443,39,Y,1280755104,4.26918368
1077,118,Y,1280616944,4.268723146666667
792,83,Y,1279211888,4.2640396266666665
396,33,Y,1279072360,4.263574533333333
336,26,Y,1277797872,4.25932624
1119,123,Y,1274398960,4.247996533333334
1033,113,Y,1274051344,4.246837813333333
577,56,Y,1269910424,4.233034746666667
1072,118,Y,1267446312,4.22482104
645,64,Y,1267315984,4.224386613333333
666,67,Y,1266850312,4.222834373333333
341,26,Y,1266386616,4.22128872
186,7,Y,1264476192,4.21492064
755,78,Y,1263552024,4.21184008
1034,113,Y,1263401776,4.211339253333334
1063,116,Y,1255930752,4.186435840000001
238,13,Y,1254843888,4.18281296
306,22,Y,1253429624,4.178098746666667
410,35,Y,1253422912,4.178076373333333
441,39,Y,1252469104,4.174897013333333
621,61,Y,1251490984,4.171636613333334
1017,111,Y,1249376840,4.1645894666666665
189,7,Y,1248407842,4.1613594733333334
1036,113,Y,1247068392,4.15689464
384,32,Y,1245331592,4.1511053066666666
45,493,Y,1244629760,4.148765866666667
825,87,Y,1244513760,4.1483792
623,61,Y,1244237504,4.147458346666666
648,65,Y,1243041608,4.143472026666667
97,911,Y,1242506352,4.14168784
963,104,Y,1240531424,4.135104746666666
29,362,Y,1238236248,4.12745416
10,212,Y,1236883792,4.122945973333334
342,26,Y,1236400520,4.121335066666667
311,22,Y,1236191128,4.120637093333333
974,105,Y,1234606776,4.11535592
247,14,Y,1230223384,4.100744613333333
1059,116,Y,1229933224,4.099777413333333
368,30,Y,1229145480,4.0971516
919,98,Y,1228151200,4.093837333333333
592,58,Y,1226956016,4.089853386666667
593,58,Y,1221988440,4.0732948
335,25,Y,1221889952,4.072966506666666
60,608,Y,1218562096,4.0618736533333335
1115,123,Y,1214581256,4.048604186666667
912,98,Y,1213956344,4.046521146666667
737,76,Y,1212893760,4.0429791999999996
763,79,Y,1209327496,4.031091653333333
777,81,Y,1208731040,4.029103466666667
446,39,Y,1206892000,4.022973333333334
1149,127,Y,1206362008,4.021206693333333
961,104,Y,1206189400,4.020631333333333
436,38,Y,1204610500,4.015368333333334
779,81,Y,1203075672,4.01025224
1013,110,Y,1202631840,4.0087728
783,81,Y,1199906808,3.99968936
654,65,Y,1199450120,3.9981670666666664
236,13,Y,1195089640,3.9836321333333333
553,53,Y,1189769048,3.9658968266666665
287,19,Y,1185926272,3.9530875733333333
1147,127,Y,1185485640,3.9516188
1016,111,Y,1185366552,3.95122184
872,93,Y,1185115280,3.950384266666666
720,74,Y,1182102744,3.9403424800000004
401,34,Y,1182037720,3.9401257333333337
695,70,Y,1181572144,3.9385738133333335
690,70,Y,1177947984,3.92649328
403,34,Y,1176779416,3.9225980533333336
319,23,Y,1174037400,3.9134580000000003
398,33,Y,1173827040,3.9127568000000004
391,32,Y,1170038783,3.9001292766666666
598,58,Y,1169417368,3.8980578933333336
538,51,Y,1168553296,3.8951776533333335
354,28,Y,1163963680,3.8798789333333334
42,465,Y,1163374304,3.8779143466666666
796,83,Y,1162336880,3.874456266666667
1105,122,Y,1159108384,3.8636946133333336
1079,118,Y,1157773816,3.859246053333333
681,69,Y,1156281312,3.85427104
244,14,Y,1153623360,3.8454112
691,70,Y,1152521728,3.841739093333333
307,22,Y,1152112528,3.8403750933333334
680,69,Y,1151876456,3.839588186666667
1004,109,Y,1151872376,3.839574586666666
188,7,Y,1151411758,3.8380391933333335
302,21,Y,1149449856,3.83149952
393,33,Y,1149319624,3.831065413333333
415,35,Y,1149296786,3.8309892866666666
766,79,Y,1147137328,3.8237910933333334
390,32,Y,1145786344,3.8192878133333332
936,101,Y,1145734672,3.8191155733333337
938,101,Y,1143667656,3.81222552
1061,116,Y,1142769032,3.809230106666667
472,43,Y,1142344560,3.8078152
1062,116,Y,1140919304,3.8030643466666665
827,87,Y,1140297512,3.8009917066666667
795,83,Y,1139625440,3.7987514666666664
411,35,Y,1139085016,3.796950053333333
781,81,Y,1136480384,3.7882679466666667
1074,118,Y,1136448536,3.788161786666667
387,32,Y,1136353912,3.787846373333333
550,52,Y,1136104776,3.7870159200000004
1042,114,Y,1135476232,3.7849207733333334
232,13,Y,1134122414,3.7804080466666665
1011,110,Y,1133765864,3.7792195466666665
435,38,Y,1132325400,3.7744180000000003
107,991,Y,1130825280,3.7694176
10,214,Y,1128914512,3.763048373333333
305,22,Y,1125702952,3.7523431733333332
923,99,Y,1121874904,3.7395830133333336
765,79,Y,1121760576,3.73920192
353,28,Y,1120526208,3.73508736
941,101,Y,1119886144,3.7329538133333333
600,59,Y,1119454560,3.7315151999999996
103,956,Y,1118445608,3.728152026666667
442,39,Y,1117049928,3.72349976
407,34,Y,1116859032,3.7228634400000002
352,28,Y,1114409928,3.7146997600000002
756,78,Y,1112965352,3.7098845066666666
1023,111,Y,1112719648,3.7090654933333336
748,77,Y,1111612872,3.70537624
725,74,Y,1111398816,3.70466272
942,101,Y,1111167464,3.703891546666667
541,51,Y,1110280464,3.70093488
10,209,Y,1109692600,3.6989753333333333
10,208,Y,1109389504,3.6979650133333335
427,37,Y,1108942776,3.69647592
617,61,Y,1108280568,3.69426856
1037,113,Y,1108170512,3.693901706666667
542,51,Y,1108122840,3.6937428000000003
437,38,Y,1107216136,3.6907204533333333
607,59,Y,1105971040,3.6865701333333334
1010,110,Y,1105611872,3.6853729066666667
282,19,Y,1101648144,3.67216048
915,98,Y,1098841768,3.662805893333333
235,13,Y,1096571720,3.6552390666666663
754,78,Y,1094177752,3.647259173333333
1005,109,Y,1092890392,3.642967973333333
1060,116,Y,1091449456,3.638164853333333
559,53,Y,1091232920,3.6374430666666666
757,78,Y,1083338824,3.6111294133333334
301,21,Y,1082604000,3.60868
895,95,Y,1078137992,3.5937933066666665
325,24,Y,1076295464,3.5876515466666667
1046,114,Y,1074999816,3.58333272
496,46,Y,1074506536,3.5816884533333337
4,166,Y,1074295400,3.5809846666666667
90,850,Y,1073679672,3.57893224
10,211,Y,1071124136,3.5704137866666668
168,5,Y,1069000352,3.563334506666667
445,39,Y,1068449608,3.5614986933333337
914,98,Y,1068243648,3.5608121600000002
355,28,Y,1067806640,3.5593554666666667
548,52,Y,1067585040,3.5586168000000002
622,61,Y,1067444600,3.558148666666667
879,93,Y,1063638792,3.54546264
596,58,Y,1061582760,3.5386092000000002
428,37,Y,1060603328,3.5353444266666667
973,105,Y,1060552016,3.5351733866666666
585,57,Y,1060299096,3.53433032
1003,109,Y,1059922128,3.53307376
434,38,Y,1058851464,3.5295048799999997
425,37,Y,1057154064,3.52384688
321,24,Y,1055860240,3.519534133333333
246,14,Y,1054988808,3.51662936
712,73,Y,1053930312,3.5131010400000005
475,43,Y,1053456688,3.5115222933333334
473,43,Y,1052261072,3.5075369066666666
304,22,Y,1051110600,3.503702
588,57,Y,1048749848,3.4958328266666663
590,57,Y,1048419640,3.4947321333333337
454,40,Y,1046622088,3.488740293333333
1089,120,Y,1042338758,3.474462526666667
234,13,Y,1040938224,3.4697940800000002
444,39,Y,1040612669,3.4687088966666666
259,16,Y,1038227936,3.4607597866666664
74,721,Y,1037785920,3.4592864
503,46,Y,1035171512,3.4505717066666666
147,2,Y,1029079088,3.4302636266666666
943,101,Y,1027658112,3.4255270400000004
369,30,Y,1026283920,3.4209464
972,105,Y,1025790440,3.4193014666666666
1038,113,Y,1025465184,3.41821728
705,72,Y,1022864800,3.409549333333333
356,28,Y,1022422240,3.408074133333333
308,22,Y,1022351176,3.407837253333333
430,37,Y,1019968400,3.399894666666667
499,46,Y,1016539016,3.3884633866666665
738,76,Y,1015154376,3.38384792
173,5,Y,1014482000,3.3816066666666664
284,19,Y,1010290184,3.3676339466666665
7,184,Y,1009518584,3.3650619466666662
1045,114,Y,1009049568,3.36349856
918,98,Y,1008526232,3.3617541066666665
939,101,Y,1008514200,3.3617139999999996
424,37,Y,1008251960,3.3608398666666663
606,59,Y,1007592552,3.3586418399999998
544,52,Y,1006924200,3.356414
1093,120,Y,1005559408,3.3518646933333334
1012,110,Y,1003825888,3.3460862933333333
926,99,Y,1002953592,3.3431786400000005
782,81,Y,998396832,3.32798944
595,58,Y,997659525,3.32553175
927,99,Y,990853240,3.302844133333333
280,19,Y,985955672,3.2865189066666667
483,44,Y,985698416,3.285661386666667
113,1033,Y,984824282,3.2827476066666668
413,35,Y,984557472,3.2818582399999996
940,101,Y,984294304,3.2809810133333333
389,32,Y,981585560,3.271951866666667
668,67,Y,980001752,3.2666725066666666
599,58,Y,979930248,3.26643416
323,24,Y,978961056,3.26320352
329,25,Y,978737288,3.2624576266666665
759,78,Y,978722672,3.262408906666667
604,59,Y,978618552,3.2620618400000003
285,19,Y,977641272,3.2588042400000004
281,19,Y,977218440,3.2573947999999997
309,22,Y,973879736,3.2462657866666667
776,81,Y,973309464,3.24436488
312,23,Y,972794248,3.242647493333333
58,99,N,971324016,3.23774672
438,38,Y,969348952,3.231163173333333
498,46,Y,968194128,3.2273137600000004
584,57,Y,966622256,3.2220741866666667
100,930,Y,961574856,3.20524952
17,266,Y,959083744,3.1969458133333335
1002,109,Y,958419848,3.1947328266666664
144,2,Y,955988624,3.1866287466666665
549,52,Y,954127960,3.1804265333333332
721,74,Y,954100427,3.180334756666667
589,57,Y,952778296,3.1759276533333334
103,955,Y,952732352,3.175774506666667
671,67,Y,951086088,3.1702869600000003
653,65,Y,948782752,3.1626091733333332
545,52,Y,946684048,3.1556134933333335
145,2,Y,944934411,3.1497813700000004
1,138,Y,944217488,3.1473916266666664
597,58,Y,944119312,3.147064373333333
1021,111,Y,943588952,3.1452965066666665
322,24,Y,941214464,3.137381546666667
455,40,Y,938562577,3.1285419233333336
752,78,Y,937936592,3.1264553066666667
414,35,Y,937821032,3.1260701066666665
3,54,N,933577520,3.1119250666666667
146,2,Y,929285827,3.097619423333333
805,84,Y,928834596,3.09611532
447,39,Y,928436192,3.0947873066666665
239,13,Y,927004600,3.090015333333333
261,16,Y,925858128,3.08619376
683,69,Y,921302976,3.07100992
148,2,Y,920509624,3.0683654133333333
726,74,Y,920430728,3.0681024266666665
328,25,Y,917781144,3.05927048
875,93,Y,917414944,3.0580498133333336
920,99,Y,916362392,3.0545413066666667
260,16,Y,910845722,3.0361524066666665
150,2,Y,908785320,3.0292844
107,990,Y,901789418,3.0059647266666665
370,30,Y,900339216,3.00113072
452,40,Y,897059904,2.99019968
374,30,Y,896349032,2.987830106666667
10,213,Y,894651328,2.982171093333333
551,52,Y,893810800,2.979369333333333
917,98,Y,893093440,2.976978133333333
1148,127,Y,891454096,2.971513653333333
603,59,Y,890132592,2.96710864
121,1097,Y,887372480,2.9579082666666667
320,24,Y,885776624,2.9525887466666667
313,23,Y,883621864,2.9454062133333334
753,78,Y,880876296,2.93625432
60,615,Y,880085336,2.933617786666667
921,99,Y,877814112,2.92604704
28,357,Y,875757736,2.9191924533333333
386,32,Y,875281760,2.917605866666667
1106,122,Y,874230480,2.9141016
49,527,Y,873545032,2.9118167733333333
17,268,Y,870607344,2.90202448
110,114,N,868811872,2.8960395733333333
330,25,Y,864009748,2.880032493333333
298,21,Y,861746824,2.8724894133333336
371,30,Y,861108821,2.870362736666667
108,993,Y,859690848,2.8656361599999998
561,54,Y,858196680,2.8606556000000003
324,24,Y,858159672,2.86053224
77,748,Y,858069174,2.8602305799999996
10,210,Y,856397000,2.8546566666666666
667,67,Y,855119788,2.850399293333333
228,12,Y,854772456,2.84924152
803,84,Y,853274304,2.84424768
670,67,Y,852825728,2.842752426666667
739,76,Y,852684616,2.8422820533333333
500,46,Y,852577696,2.8419256533333335
711,72,Y,851592648,2.83864216
316,23,Y,851029144,2.8367638133333335
91,860,Y,848758416,2.8291947200000003
56,54,N,845328632,2.8177621066666667
1104,122,Y,842934176,2.8097805866666667
258,16,Y,842326368,2.80775456
685,69,Y,841658280,2.8055276
175,5,Y,841470616,2.8049020533333335
735,75,Y,841354552,2.8045151733333333
662,66,Y,840994608,2.80331536
63,632,Y,840712656,2.80237552
710,72,Y,838905848,2.7963528266666664
587,57,Y,838889792,2.7962993066666666
108,992,Y,837593946,2.79197982
1107,122,Y,837160672,2.7905355733333335
29,363,Y,835363880,2.7845462666666667
230,12,Y,827563392,2.75854464
800,84,Y,827148504,2.75716168
586,57,Y,826249880,2.7541662666666666
17,271,Y,825831496,2.7527716533333333
60,611,Y,825748600,2.7524953333333335
286,19,Y,824779944,2.74926648
231,12,Y,824670200,2.7489006666666667
373,30,Y,823836160,2.7461205333333334
502,46,Y,822134152,2.7404471733333335
722,74,Y,821354416,2.7378480533333334
112,1028,Y,821015856,2.73671952
334,25,Y,820466728,2.7348890933333334
299,21,Y,818547992,2.7284933066666666
1108,122,Y,818399384,2.7279979466666666
226,12,Y,818257616,2.7275253866666667
664,67,Y,817839088,2.726130293333333
660,66,Y,811593000,2.70531
1041,114,Y,811357056,2.70452352
591,57,Y,810888728,2.7029624266666668
922,99,Y,809654264,2.6988475466666664
314,23,Y,806450848,2.688169493333333
88,839,Y,805990696,2.6866356533333335
1040,114,Y,804182736,2.68060912
118,1076,Y,803942568,2.67980856
257,16,Y,800163336,2.66721112
743,76,Y,799392424,2.6646414133333334
547,52,Y,798519648,2.66173216
661,66,Y,796437176,2.6547905866666666
665,67,Y,795868824,2.65289608
1044,114,Y,795526960,2.6517565333333333
1047,114,Y,792303152,2.6410105066666665
11,217,Y,789934184,2.6331139466666666
601,59,Y,789319893,2.63106631
1109,122,Y,782708632,2.6090287733333333
687,69,Y,778509744,2.59503248
115,1055,Y,776243864,2.5874795466666667
77,750,Y,775312200,2.584374
778,81,Y,773415240,2.5780508
11,221,Y,767626184,2.5587539466666667
315,23,Y,764089736,2.5469657866666666
122,1105,Y,756265936,2.5208864533333335
60,609,Y,753000048,2.51000016
104,961,Y,751838440,2.5061281333333336
60,612,Y,748823016,2.49607672
17,269,Y,748155960,2.4938531999999998
1000,109,Y,747337552,2.4911251733333333
104,962,Y,746359648,2.4878654933333335
605,59,Y,744881200,2.4829373333333336
3,157,Y,742834239,2.47611413
457,41,Y,742371608,2.474572026666667
11,219,Y,736744256,2.4558141866666667
659,66,Y,736100424,2.45366808
89,844,Y,735843352,2.4528111733333335
736,76,Y,731571600,2.4385719999999997
33,394,Y,727997368,2.4266578933333336
564,54,Y,727418424,2.42472808
706,72,Y,724199112,2.41399704
127,1144,Y,723212928,2.41070976
333,25,Y,721942496,2.4064749866666664
71,703,Y,721695508,2.4056516933333336
332,25,Y,720015208,2.400050693333333
49,520,Y,718960264,2.3965342133333336
107,984,Y,717131080,2.3904369333333335
41,456,Y,716599824,2.38866608
602,59,Y,713078048,2.3769268266666668
107,988,Y,711307536,2.37102512
801,84,Y,710656048,2.3688534933333334
97,910,Y,710008744,2.366695813333333
107,986,Y,707054408,2.356848026666667
704,72,Y,705225824,2.3507527466666667
1145,127,Y,705114976,2.3503832533333333
331,25,Y,704595528,2.34865176
802,84,Y,703641216,2.3454707200000002
727,74,Y,701723712,2.33907904
29,366,Y,699348616,2.3311620533333333
462,41,Y,696325176,2.32108392
29,365,Y,695544928,2.3184830933333336
103,958,Y,694087840,2.3136261333333334
117,1068,Y,691866544,2.3062218133333334
97,907,Y,690284224,2.300947413333333
487,44,Y,690217072,2.3007235733333333
11,216,Y,687338048,2.2911268266666664
456,41,Y,686056752,2.28685584
682,69,Y,684251280,2.2808376000000004
117,1071,Y,679137536,2.263791786666667
458,41,Y,678888552,2.26296184
1150,127,Y,677394912,2.25798304
82,785,Y,676864296,2.2562143199999998
686,69,Y,673879336,2.246264453333333
806,84,Y,672980136,2.24326712
1043,114,Y,670427072,2.2347569066666666
49,522,Y,668376304,2.2279210133333334
486,44,Y,667593496,2.2253116533333333
887,94,Y,666647296,2.2221576533333334
71,697,Y,664756256,2.215854186666667
60,613,Y,663650568,2.21216856
53,555,Y,661100832,2.20366944
804,84,Y,659143488,2.19714496
80,773,Y,657442712,2.1914757066666666
55,571,Y,657173640,2.1905788
46,502,Y,655259384,2.184197946666667
684,69,Y,653999016,2.17999672
560,54,Y,652068264,2.17356088
103,953,Y,651617856,2.1720595200000004
707,72,Y,649483872,2.16494624
89,841,Y,647635568,2.1587852266666667
56,580,Y,646625384,2.1554179466666668
327,24,Y,646532224,2.1551074133333334
482,44,Y,644883496,2.1496116533333334
481,44,Y,644454976,2.1481832533333334
97,909,Y,640808336,2.1360277866666664
742,76,Y,639963928,2.133213093333333
31,379,Y,639803472,2.13267824
224,12,Y,639262648,2.1308754933333334
1144,127,Y,638874384,2.12958128
563,54,Y,637514736,2.12504912
94,880,Y,636585224,2.1219507466666667
724,74,Y,636183688,2.120612293333333
29,360,Y,635577880,2.1185929333333333
18,279,Y,634126272,2.11375424
4,164,Y,633388536,2.11129512
49,523,Y,632551637,2.1085054566666668
317,23,Y,632493586,2.108311953333333
11,220,Y,631918344,2.10639448
97,905,Y,630285800,2.1009526666666667
17,265,Y,627684576,2.09228192
91,861,Y,626792752,2.0893091733333335
1,143,Y,624965392,2.0832179733333334
463,41,Y,623093376,2.07697792
4,163,Y,623087048,2.0769568266666667
85,815,Y,618971864,2.0632395466666664
89,845,Y,618811488,2.06270496
97,906,Y,612313992,2.0410466400000002
85,813,Y,612243464,2.0408115466666668
103,952,Y,611077816,2.036926053333333
49,521,Y,609549808,2.031832693333333
1,142,Y,609377056,2.0312568533333333
71,701,Y,608563824,2.02854608
33,397,Y,607875808,2.0262526933333334
565,54,Y,607047960,2.0234932
18,276,Y,606636224,2.0221207466666664
4,160,Y,605565520,2.018551733333333
18,277,Y,605117230,2.0170574333333335
227,12,Y,605076432,2.01692144
11,222,Y,603778968,2.01259656
92,864,Y,603752480,2.0125082666666665
103,954,Y,602961144,2.00987048
9,207,Y,602031288,2.00677096
562,54,Y,601725552,2.00575184
48,519,Y,601369624,2.0045654133333333
881,94,Y,601036080,2.0034536
29,361,Y,601003776,2.00334592
18,272,Y,600416544,2.00138848
119,1081,Y,598766792,1.9958893066666668
708,72,Y,598750576,1.9958352533333334
57,590,Y,594969216,1.98323072
125,1134,Y,594833432,1.9827781066666668
119,1085,Y,594635112,1.98211704
81,777,Y,593397376,1.9779912533333333
11,218,Y,592831600,1.9761053333333334
741,76,Y,592343445,1.97447815
29,367,Y,592201480,1.9740049333333332
107,985,Y,592065696,1.97355232
49,524,Y,592056776,1.9735225866666668
119,1083,Y,591839120,1.9727970666666668
108,999,Y,590718952,1.9690631733333332
117,1069,Y,589194032,1.9639801066666667
17,270,Y,589174952,1.9639165066666666
89,846,Y,588848280,1.9628276
93,874,Y,588100962,1.96033654
108,996,Y,586971136,1.9565704533333332
1110,122,Y,586379240,1.9545974666666668
181,6,Y,586027728,1.95342576
49,525,Y,585883888,1.9529462933333332
48,518,Y,584989328,1.9499644266666667
29,364,Y,584488712,1.9482957066666668
124,1123,Y,583999384,1.9466646133333334
45,495,Y,583144168,1.9438138933333335
124,1120,Y,582737048,1.9424568266666669
61,616,Y,580235680,1.9341189333333335
567,54,Y,579333448,1.9311114933333335
4,162,Y,578107216,1.9270240533333334
709,72,Y,577852464,1.9261748799999998
107,987,Y,573749472,1.9124982400000001
103,959,Y,570701520,1.9023384
883,94,Y,570126728,1.9004224266666667
82,787,Y,569900800,1.8996693333333332
183,6,Y,569669512,1.8988983733333333
658,66,Y,567973176,1.8932439200000002
485,44,Y,566995464,1.88998488
656,66,Y,565718896,1.8857296533333334
4,167,Y,565420272,1.8847342400000002
740,76,Y,564325176,1.8810839199999998
9,204,Y,563526176,1.8784205866666668
501,46,Y,563267744,1.8775591466666668
4,161,Y,562183624,1.8739454133333333
89,843,Y,561718696,1.8723956533333332
117,1066,Y,561161696,1.8705389866666668
67,664,Y,560923208,1.8697440266666667
657,66,Y,558607568,1.8620252266666668
546,52,Y,558574160,1.8619138666666666
480,44,Y,558314599,1.8610486633333332
121,1099,Y,556626408,1.85542136
32,388,Y,554187904,1.8472930133333332
28,354,Y,553668976,1.8455632533333333
82,790,Y,551526176,1.8384205866666665
71,696,Y,549830976,1.8327699199999998
118,1078,Y,548880160,1.8296005333333334
45,489,Y,548389336,1.8279644533333332
92,869,Y,547969688,1.8265656266666666
71,698,Y,547210384,1.8240346133333336
107,989,Y,547104352,1.8236811733333333
45,494,Y,546464536,1.8215484533333333
17,267,Y,545403792,1.81801264
117,1065,Y,545195872,1.8173195733333334
38,439,Y,545039960,1.8167998666666667
8,198,Y,543732752,1.8124425066666667
121,1102,Y,543699392,1.8123313066666666
89,840,Y,541640624,1.8054687466666668
461,41,Y,540351600,1.8011719999999998
42,466,Y,538759160,1.7958638666666666
52,551,Y,538436200,1.7947873333333333
38,432,Y,538317928,1.7943930933333334
108,997,Y,538315808,1.7943860266666667
108,995,Y,537294480,1.7909815999999998
884,94,Y,536449040,1.7881634666666666
9,201,Y,535763240,1.7858774666666668
90,853,Y,535509912,1.7850330399999998
51,543,Y,534977808,1.7832593599999997
85,814,Y,534911328,1.7830377599999998
36,418,Y,534859008,1.7828633600000001
114,1042,Y,534485960,1.7816198666666667
70,692,Y,533285224,1.7776174133333333
79,760,Y,532166312,1.7738877066666665
92,868,Y,530610600,1.7687020000000002
78,759,Y,529483568,1.7649452266666668
85,812,Y,528980784,1.7632692799999998
82,786,Y,528655760,1.7621858666666668
48,517,Y,528175088,1.7605836266666668
117,1064,Y,527516776,1.7583892533333332
33,399,Y,526942688,1.7564756266666666
15,254,Y,525557040,1.7518568
91,857,Y,524593840,1.7486461333333334
103,957,Y,524268728,1.7475624266666667
117,1070,Y,521917720,1.7397257333333331
8,193,Y,520942024,1.7364734133333333
115,1048,Y,520674296,1.7355809866666665
38,438,Y,519816144,1.73272048
45,488,Y,519807544,1.7326918133333333
126,1141,Y,518409984,1.72803328
28,356,Y,518091896,1.7269729866666665
9,202,Y,517665520,1.7255517333333334
33,392,Y,516100008,1.72033336
15,249,Y,515381624,1.717938746666667
1,140,Y,514860816,1.7162027199999998
0,134,Y,514821984,1.7160732800000003
178,6,Y,513626808,1.71208936
97,908,Y,513559752,1.71186584
92,866,Y,513001056,1.7100035199999999
39,445,Y,512664264,1.7088808800000002
60,610,Y,512624800,1.7087493333333332
71,700,Y,511824728,1.7060824266666668
48,514,Y,511549824,1.70516608
8,199,Y,511073120,1.7035770666666665
123,1116,Y,510839800,1.7027993333333336
77,749,Y,508732120,1.6957737333333334
109,1007,Y,507672400,1.6922413333333335
48,513,Y,506516608,1.6883886933333334
91,856,Y,506197728,1.68732576
36,416,Y,505821192,1.68607064
96,902,Y,504373984,1.6812466133333333
123,1112,Y,504315664,1.6810522133333332
1,139,Y,501985816,1.6732860533333334
48,515,Y,501244208,1.6708140266666667
11,223,Y,501061456,1.6702048533333334
18,275,Y,501039848,1.6701328266666666
41,457,Y,498670904,1.6622363466666668
64,640,Y,498573080,1.6619102666666667
1,136,Y,498339656,1.6611321866666668
82,784,Y,497638880,1.6587962666666667
62,626,Y,497336408,1.6577880266666667
73,714,Y,496693608,1.65564536
880,94,Y,495783552,1.65261184
85,808,Y,494430784,1.6481026133333334
42,470,Y,494408680,1.6480289333333331
566,54,Y,494315608,1.6477186933333332
180,6,Y,494126136,1.6470871200000001
124,1124,Y,493165696,1.6438856533333335
47,507,Y,490280736,1.63426912
82,789,Y,489261937,1.6308731233333331
497,46,Y,489236976,1.63078992
83,794,Y,489169960,1.6305665333333335
53,556,Y,488317064,1.6277235466666669
82,791,Y,487811312,1.626037706666667
65,651,Y,487388368,1.6246278933333334
108,998,Y,487380816,1.62460272
65,652,Y,487057144,1.6235238133333334
87,824,Y,486858896,1.6228629866666666
124,1121,Y,485044048,1.6168134933333336
179,6,Y,484799841,1.61599947
113,1032,Y,484489568,1.6149652266666668
69,686,Y,483856688,1.6128556266666667
85,810,Y,483129656,1.6104321866666667
460,41,Y,482755072,1.6091835733333333
19,281,Y,482688224,1.6089607466666667
86,823,Y,481952648,1.6065088266666665
35,413,Y,481801008,1.6060033599999999
17,264,Y,481513064,1.6050435466666666
60,614,Y,481325080,1.6044169333333334
50,529,Y,481048704,1.60349568
92,870,Y,480840568,1.6028018933333332
123,1119,Y,479201504,1.5973383466666669
53,557,Y,479045355,1.5968178499999999
100,932,Y,478215816,1.5940527199999999
50,534,Y,476912624,1.5897087466666668
101,939,Y,476635728,1.58878576
18,273,Y,475044608,1.5834820266666667
7,185,Y,474995632,1.5833187733333334
77,746,Y,474284976,1.5809499200000001
26,343,Y,472887344,1.5762911466666667
663,66,Y,472413280,1.5747109333333331
0,128,Y,472390304,1.5746343466666666
13,236,Y,470473088,1.5682436266666666
119,1087,Y,469345640,1.5644854666666665
116,1063,Y,467844424,1.5594814133333332
47,509,Y,467671392,1.5589046400000002
459,41,Y,467532920,1.5584430666666667
49,526,Y,465565672,1.5518855733333332
882,94,Y,464715920,1.5490530666666666
47,511,Y,464638736,1.5487957866666668
89,842,Y,464085248,1.5469508266666665
100,935,Y,464035112,1.5467837066666668
885,94,Y,462906648,1.54302216
89,847,Y,462864856,1.5428828533333332
15,248,Y,462778704,1.54259568
55,573,Y,462460288,1.5415342933333334
106,981,Y,460621024,1.5354034133333334
88,833,Y,460445432,1.5348181066666666
886,94,Y,459057392,1.5301913066666668
50,535,Y,458458536,1.52819512
30,375,Y,458209272,1.52736424
106,982,Y,457976136,1.5265871199999999
48,516,Y,457947576,1.52649192
90,854,Y,457826792,1.5260893066666665
15,253,Y,457796328,1.52598776
14,246,Y,456054840,1.5201828000000002
115,1050,Y,455417200,1.5180573333333334
42,468,Y,454995496,1.5166516533333334
9,200,Y,453170368,1.5105678933333333
8,196,Y,452549976,1.50849992
0,131,Y,451753544,1.5058451466666667
70,694,Y,451742792,1.5058093066666667
115,1054,Y,451424456,1.5047481866666668
118,1074,Y,451396648,1.5046554933333334
79,762,Y,448942272,1.49647424
1,137,Y,448745736,1.49581912
126,1136,Y,448543520,1.4951450666666666
42,469,Y,448377600,1.494592
24,326,Y,448272736,1.4942424533333334
95,893,Y,448199616,1.49399872
5,174,Y,448127192,1.4937573066666665
36,420,Y,444839072,1.4827969066666666
118,1075,Y,444795539,1.4826517966666666
121,1103,Y,444618840,1.4820628
0,129,Y,444277144,1.4809238133333333
120,1092,Y,444184920,1.4806164
63,637,Y,443819024,1.4793967466666667
91,859,Y,442685408,1.4756180266666667
120,1091,Y,442608520,1.4753617333333333
20,292,Y,442569592,1.4752319733333332
108,994,Y,441596576,1.4719885866666667
62,630,Y,440035624,1.4667854133333333
91,862,Y,439665984,1.46555328
0,132,Y,439618928,1.4653964266666666
97,904,Y,437472696,1.45824232
126,1138,Y,437250152,1.4575005066666666
53,553,Y,437235536,1.4574517866666665
182,6,Y,436990896,1.4566363199999999
63,638,Y,436639896,1.45546632
81,780,Y,435005728,1.4500190933333335
116,1057,Y,434890440,1.4496348
80,770,Y,434472344,1.4482411466666667
100,934,Y,434314488,1.4477149599999999
19,285,Y,433346184,1.44448728
55,570,Y,432591272,1.4419709066666666
87,830,Y,431799968,1.4393332266666665
118,1079,Y,431032344,1.43677448
79,761,Y,430515064,1.4350502133333334
81,781,Y,429896488,1.4329882933333333
36,421,Y,429563552,1.4318785066666668
80,771,Y,429444104,1.4314803466666666
115,1049,Y,429378024,1.43126008
92,865,Y,429342024,1.43114008
48,512,Y,428076920,1.4269230666666668
119,1086,Y,427979280,1.4265976
59,600,Y,427858728,1.42619576
124,1125,Y,427260152,1.4242005066666668
100,933,Y,427048456,1.4234948533333334
113,1034,Y,426538136,1.4217937866666668
96,899,Y,424976328,1.4165877599999999
125,1129,Y,424528592,1.4150953066666667
57,584,Y,422927552,1.4097585066666667
121,1101,Y,422600642,1.4086688066666666
64,646,Y,422535216,1.40845072
61,622,Y,421182256,1.4039408533333333
45,492,Y,420935408,1.4031180266666667
38,435,Y,420236472,1.40078824
18,278,Y,419615240,1.3987174666666666
90,849,Y,419378088,1.39792696
80,774,Y,418654888,1.3955162933333332
100,931,Y,418496128,1.3949870933333335
63,634,Y,418484704,1.3949490133333333
104,964,Y,417820400,1.3927346666666667
50,532,Y,417081576,1.39027192
109,1004,Y,416909520,1.3896984
118,1077,Y,416879952,1.38959984
75,731,Y,416465607,1.38821869
27,347,Y,416373888,1.38791296
115,1052,Y,416249921,1.3874997366666666
70,695,Y,416226672,1.38742224
176,6,Y,415688576,1.3856285866666667
229,12,Y,415330712,1.3844357066666666
80,769,Y,415015624,1.3833854133333334
126,1140,Y,414519184,1.3817306133333334
47,504,Y,414469992,1.38156664
33,395,Y,414463592,1.3815453066666668
3,153,Y,414182712,1.38060904
119,1080,Y,413327320,1.3777577333333335
86,816,Y,412916064,1.37638688
50,528,Y,412598448,1.37532816
42,471,Y,412472048,1.3749068266666666
23,313,Y,412038160,1.3734605333333334
19,283,Y,411998648,1.3733288266666666
59,606,Y,411594448,1.3719814933333332
86,821,Y,411380360,1.3712678666666667
20,289,Y,410528024,1.3684267466666666
4,165,Y,410499280,1.3683309333333333
123,1118,Y,410353528,1.3678450933333333
21,303,Y,410307168,1.36769056
106,978,Y,408668848,1.3622294933333332
102,949,Y,408307088,1.3610236266666667
67,668,Y,407459480,1.3581982666666668
15,252,Y,407372928,1.3579097599999999
88,837,Y,407226768,1.35742256
87,826,Y,406930744,1.3564358133333332
56,577,Y,406791272,1.3559709066666668
27,348,Y,405707912,1.3523597066666666
91,858,Y,405292032,1.3509734400000002
20,290,Y,404723608,1.3490786933333334
106,977,Y,402902728,1.3430090933333334
72,705,Y,402351632,1.3411721066666666
115,1051,Y,402321184,1.3410706133333334
90,851,Y,401532744,1.3384424799999999
36,423,Y,400813736,1.3360457866666666
91,863,Y,400588128,1.3352937599999999
31,377,Y,400219256,1.3340641866666665
34,406,Y,400123776,1.3337459200000001
50,531,Y,399767232,1.33255744
42,464,Y,399478504,1.3315950133333334
85,811,Y,398521344,1.32840448
68,676,Y,398141328,1.32713776
30,368,Y,397308240,1.3243608
64,643,Y,397255048,1.3241834933333334
33,396,Y,397111032,1.32370344
69,685,Y,395559568,1.3185318933333334
113,1039,Y,395356104,1.31785368
67,669,Y,394523856,1.31507952
68,672,Y,394493585,1.3149786166666666
109,1003,Y,394404144,1.31468048
88,835,Y,394361800,1.3145393333333333
73,715,Y,394170048,1.31390016
18,274,Y,393583880,1.3119462666666666
118,1072,Y,393129464,1.3104315466666667
45,491,Y,392632144,1.3087738133333333
22,306,Y,392022984,1.30674328
13,233,Y,391590944,1.3053031466666667
8,195,Y,391419088,1.3047302933333333
19,280,Y,391094448,1.30364816
80,768,Y,391062984,1.30354328
36,422,Y,390138600,1.300462
51,540,Y,389639992,1.2987999733333333
124,1126,Y,389590920,1.2986364
83,797,Y,389255568,1.2975185599999999
88,836,Y,389253848,1.2975128266666667
40,455,Y,389119176,1.29706392
47,505,Y,388408336,1.2946944533333333
126,1142,Y,388367256,1.29455752
109,1001,Y,387947104,1.2931570133333334
102,947,Y,387757152,1.29252384
110,1013,Y,387434368,1.2914478933333333
8,197,Y,387382944,1.29127648
106,979,Y,387086128,1.2902870933333332
102,944,Y,387069240,1.2902308
31,382,Y,386290136,1.2876337866666667
83,798,Y,385519376,1.2850645866666666
71,699,Y,384044512,1.2801483733333334
24,323,Y,384026976,1.28008992
90,852,Y,384005168,1.2800172266666667
118,1073,Y,383202792,1.2773426399999999
20,294,Y,382786320,1.2759544
83,793,Y,382697696,1.2756589866666666
27,349,Y,382501624,1.2750054133333333
0,133,Y,382379400,1.2745980000000001
3,152,Y,382002760,1.2733425333333332
126,1139,Y,381947480,1.2731582666666665
105,975,Y,381356808,1.27118936
8,194,Y,381269344,1.2708978133333333
9,203,Y,380663200,1.2688773333333334
13,237,Y,380428872,1.26809624
33,393,Y,380332920,1.2677764
126,1137,Y,379605808,1.2653526933333332
65,650,Y,379394984,1.2646499466666667
37,427,Y,379110080,1.2637002666666666
27,346,Y,377382120,1.2579404
81,779,Y,377249240,1.2574974666666667
3,156,Y,376528496,1.2550949866666665
83,792,Y,376515040,1.2550501333333333
20,291,Y,375986248,1.2532874933333333
70,690,Y,375746704,1.2524890133333333
0,135,Y,375462752,1.2515425066666668
30,372,Y,375382640,1.2512754666666668
123,1117,Y,374899648,1.2496654933333333
121,1098,Y,374562472,1.2485415733333334
21,300,Y,374425856,1.2480861866666666
56,576,Y,373699128,1.24566376
62,628,Y,373664080,1.2455469333333333
121,1096,Y,373337504,1.2444583466666668
58,593,Y,373174480,1.2439149333333333
34,404,Y,371822728,1.2394090933333335
33,398,Y,371818096,1.2393936533333334
69,683,Y,371751112,1.2391703733333335
31,381,Y,371157160,1.2371905333333333
95,888,Y,370732688,1.2357756266666666
80,775,Y,370571584,1.2352386133333333
31,376,Y,370563588,1.23521196
31,383,Y,370366624,1.2345554133333334
13,234,Y,370160592,1.23386864
119,1082,Y,369905536,1.2330184533333333
101,938,Y,369900104,1.2330003466666666
14,245,Y,369118736,1.2303957866666666
64,644,Y,368551072,1.2285035733333334
26,337,Y,368298264,1.22766088
73,717,Y,367718880,1.2257296000000002
87,828,Y,367351872,1.22450624
99,924,Y,367031432,1.2234381066666666
64,647,Y,366321064,1.2210702133333333
62,629,Y,365992088,1.2199736266666668
61,620,Y,365398312,1.2179943733333334
113,1038,Y,365376200,1.2179206666666667
38,437,Y,365148896,1.2171629866666667
85,809,Y,364918328,1.2163944266666666
125,1131,Y,364442736,1.21480912
0,130,Y,364145760,1.2138192
44,487,Y,364117888,1.2137262933333333
120,1095,Y,363979952,1.2132665066666666
56,578,Y,363678264,1.21226088
70,691,Y,363350024,1.2111667466666667
50,530,Y,363221202,1.2107373399999999
68,674,Y,363017760,1.2100592000000001
105,969,Y,362944296,1.20981432
32,391,Y,362929520,1.2097650666666666
70,693,Y,362461856,1.2082061866666667
44,485,Y,362380216,1.2079340533333334
96,896,Y,361306232,1.2043541066666668
90,855,Y,361260936,1.20420312
98,919,Y,361223720,1.2040790666666668
95,889,Y,360521944,1.2017398133333332
77,745,Y,359531800,1.1984393333333332
38,433,Y,359462704,1.1982090133333334
125,1132,Y,359459880,1.1981996
63,635,Y,358634576,1.1954485866666666
59,601,Y,357593816,1.1919793866666666
32,385,Y,357538992,1.19179664
101,942,Y,357480256,1.1916008533333333
63,639,Y,357087592,1.1902919733333333
86,819,Y,356599160,1.1886638666666667
88,834,Y,356236376,1.1874545866666668
14,240,Y,355933032,1.1864434400000001
55,574,Y,355850000,1.1861666666666666
95,894,Y,355762496,1.1858749866666667
32,390,Y,355710144,1.18570048
9,205,Y,355225776,1.18408592
74,720,Y,355043144,1.1834771466666667
46,497,Y,354733216,1.1824440533333334
101,941,Y,354439480,1.1814649333333334
71,702,Y,354115472,1.1803849066666667
93,878,Y,353708840,1.1790294666666665
98,914,Y,353265272,1.1775509066666667
120,1094,Y,352342492,1.1744749733333333
42,467,Y,351931888,1.1731062933333334
98,918,Y,351454160,1.1715138666666667
21,297,Y,351123456,1.17041152
9,206,Y,350341616,1.1678053866666667
55,575,Y,349231472,1.1641049066666667
101,940,Y,348986888,1.1632896266666666
16,261,Y,348956336,1.1631877866666667
109,1005,Y,348889680,1.1629656
14,241,Y,348604624,1.1620154133333334
40,448,Y,348577776,1.16192592
53,552,Y,348425584,1.1614186133333333
106,980,Y,348345952,1.1611531733333333
76,737,Y,347368768,1.1578958933333332
34,400,Y,347109928,1.1570330933333333
38,434,Y,347038096,1.1567936533333334
117,1067,Y,346757952,1.15585984
104,966,Y,346303160,1.1543438666666666
99,923,Y,345935000,1.1531166666666668
88,832,Y,345347024,1.1511567466666668
22,309,Y,344939088,1.14979696
125,1135,Y,344449072,1.1481635733333333
8,192,Y,343584440,1.1452814666666666
105,971,Y,343408408,1.1446946933333333
20,293,Y,343160352,1.14386784
93,876,Y,342931216,1.1431040533333334
34,401,Y,342717304,1.1423910133333333
36,417,Y,342683864,1.1422795466666666
96,903,Y,342643504,1.1421450133333333
55,572,Y,342354896,1.1411829866666667
115,1053,Y,342327136,1.1410904533333333
46,498,Y,341059680,1.1368656
72,704,Y,340527928,1.1350930933333332
56,581,Y,339705856,1.1323528533333334
92,867,Y,339607552,1.1320251733333333
87,831,Y,339543408,1.1318113600000002
59,604,Y,339369872,1.1312329066666666
3,158,Y,339037064,1.1301235466666666
64,641,Y,339009832,1.1300327733333333
73,712,Y,338930064,1.12976688
61,618,Y,338748088,1.1291602933333333
15,255,Y,337664480,1.1255482666666667
75,728,Y,337225192,1.1240839733333334
75,733,Y,336976760,1.1232558666666665
50,533,Y,336694520,1.1223150666666668
93,877,Y,336686208,1.12228736
77,747,Y,336252640,1.1208421333333334
177,6,Y,335277296,1.1175909866666667
80,772,Y,335242312,1.1174743733333334
86,822,Y,334942312,1.1164743733333333
81,778,Y,334858296,1.11619432
95,892,Y,334795272,1.11598424
73,716,Y,333951704,1.1131723466666668
67,665,Y,333683392,1.1122779733333332
79,767,Y,332675312,1.1089177066666667
116,1059,Y,332437720,1.1081257333333334
102,950,Y,332082472,1.1069415733333334
55,568,Y,331643592,1.10547864
72,711,Y,331235432,1.1041181066666665
113,1035,Y,331230280,1.1041009333333334
111,1022,Y,330977896,1.1032596533333332
64,642,Y,330912552,1.10304184
122,1104,Y,330381024,1.1012700800000002
79,764,Y,330362584,1.1012086133333332
79,765,Y,330129704,1.1004323466666668
69,680,Y,330046064,1.1001535466666668
51,539,Y,329772544,1.0992418133333333
100,929,Y,329668952,1.0988965066666667
94,886,Y,329637656,1.0987921866666666
34,407,Y,329628056,1.0987601866666667
77,751,Y,329460288,1.09820096
105,970,Y,329272888,1.0975762933333333
125,1128,Y,329213704,1.0973790133333332
124,1127,Y,328661392,1.0955379733333332
20,295,Y,328289000,1.0942966666666667
46,503,Y,328156416,1.0938547200000002
83,795,Y,327651776,1.0921725866666667
87,829,Y,327370984,1.0912366133333333
83,799,Y,327250776,1.09083592
79,763,Y,326505024,1.0883500799999999
109,1000,Y,326367152,1.0878905066666666
27,344,Y,326239440,1.0874648
68,675,Y,326215600,1.0873853333333334
70,688,Y,326063688,1.08687896
38,436,Y,326014315,1.0867143833333335
110,1015,Y,325804688,1.0860156266666667
123,1113,Y,325730416,1.0857680533333334
81,783,Y,325395072,1.08465024
68,679,Y,324520448,1.0817348266666666
98,912,Y,324274592,1.0809153066666668
110,1014,Y,324100192,1.0803339733333335
126,1143,Y,323627544,1.0787584799999999
65,655,Y,323479480,1.0782649333333334
47,510,Y,323306368,1.0776878933333334
40,453,Y,323233520,1.0774450666666666
125,1133,Y,323206216,1.0773540533333335
105,968,Y,323068720,1.0768957333333333
22,304,Y,322419008,1.0747300266666668
22,310,Y,322221176,1.0740705866666667
101,936,Y,322205296,1.0740176533333332
102,946,Y,321990664,1.0733022133333334
63,636,Y,321798792,1.07266264
81,776,Y,320936536,1.0697884533333333
120,1089,Y,320793752,1.0693125066666667
61,621,Y,320405464,1.0680182133333334
1,141,Y,320377192,1.0679239733333334
30,369,Y,319385160,1.0646172
65,648,Y,317669976,1.05889992
53,554,Y,316562184,1.0552072799999999
24,325,Y,316078912,1.0535963733333333
28,352,Y,315885464,1.0529515466666668
104,965,Y,315799864,1.0526662133333333
86,820,Y,315480552,1.05160184
52,548,Y,315397224,1.05132408
104,967,Y,315280512,1.0509350400000002
2,144,Y,315223728,1.05074576
86,817,Y,314864120,1.0495470666666666
88,838,Y,314766048,1.04922016
13,232,Y,314694536,1.0489817866666669
24,321,Y,313634464,1.0454482133333334
106,983,Y,313152712,1.0438423733333333
96,900,Y,312110640,1.0403688
98,916,Y,311821464,1.03940488
95,891,Y,311807304,1.03935768
61,617,Y,311415000,1.0380500000000001
116,1062,Y,310881968,1.0362732266666668
102,945,Y,310718016,1.03572672
47,506,Y,310208048,1.0340268266666666
31,380,Y,309360728,1.0312024266666668
116,1058,Y,309018504,1.03006168
111,1020,Y,308567224,1.0285574133333333
51,541,Y,308216088,1.02738696
111,1016,Y,307279832,1.0242661066666667
22,305,Y,306783528,1.02261176
23,315,Y,306694160,1.0223138666666667
40,454,Y,306692904,1.02230968
27,351,Y,306391960,1.0213065333333333
27,345,Y,306311208,1.02103736
98,915,Y,306249152,1.0208305066666665
83,796,Y,305616400,1.0187213333333334
90,848,Y,305304888,1.01768296
23,316,Y,304415976,1.01471992
6,180,Y,303923192,1.0130773066666665
65,654,Y,303486360,1.0116212
57,591,Y,303287832,1.01095944
111,1021,Y,302974576,1.0099152533333333
61,623,Y,302643544,1.0088118133333335
7,190,Y,302339088,1.00779696
125,1130,Y,302258896,1.0075296533333333
116,1056,Y,301997136,1.00665712
52,545,Y,301623304,1.0054110133333334
39,442,Y,301034832,1.00344944
68,677,Y,301013296,1.0033776533333334
5,171,Y,300478864,1.0015962133333334
58,592,Y,299674872,0.9989162399999999
63,633,Y,299566080,0.9985535999999999
65,649,Y,299556855,0.9985228500000001
76,738,Y,299154816,0.99718272
19,287,Y,298799616,0.9959987199999999
62,631,Y,298474104,0.9949136799999999
106,976,Y,298317520,0.9943917333333333
31,378,Y,298264712,0.9942157066666667
114,1040,Y,298255072,0.9941835733333333
110,1011,Y,298169688,0.99389896
30,370,Y,297881192,0.9929373066666667
66,661,Y,297648008,0.9921600266666667
39,441,Y,297501352,0.9916711733333333
36,419,Y,297263616,0.99087872
35,412,Y,297066056,0.9902201866666667
47,508,Y,296934816,0.98978272
21,296,Y,296768504,0.9892283466666667
5,172,Y,296693144,0.9889771466666667
121,1100,Y,296405440,0.9880181333333333
41,458,Y,296235784,0.9874526133333333
114,1046,Y,295894288,0.9863142933333333
37,426,Y,295646928,0.9854897600000001
116,1061,Y,295587712,0.9852923733333333
68,673,Y,295375240,0.9845841333333334
120,1088,Y,295091944,0.9836398133333334
52,550,Y,294362432,0.9812081066666667
21,298,Y,294185520,0.9806184000000001
34,403,Y,294120776,0.9804025866666667
45,490,Y,293886888,0.9796229599999999
92,871,Y,293819664,0.97939888
51,536,Y,293638448,0.9787948266666667
40,452,Y,293577272,0.9785909066666666
113,1037,Y,293528208,0.9784273600000001
105,972,Y,293429952,0.9780998399999999
68,678,Y,293263088,0.9775436266666666
124,1122,Y,293185744,0.9772858133333333
43,477,Y,293077040,0.9769234666666666
55,569,Y,292345240,0.9744841333333334
109,1006,Y,292297616,0.9743253866666666
44,484,Y,291900080,0.9730002666666666
37,428,Y,291830048,0.9727668266666666
75,732,Y,291790088,0.9726336266666666
75,729,Y,291737384,0.9724579466666666
62,625,Y,291518736,0.97172912
99,920,Y,291413280,0.9713776000000001
74,722,Y,291375904,0.9712530133333332
30,371,Y,290872824,0.96957608
5,173,Y,290643296,0.9688109866666665
53,559,Y,290165024,0.9672167466666666
54,566,Y,289102760,0.9636758666666667
28,355,Y,288848624,0.9628287466666666
127,1146,Y,288721264,0.9624042133333334
24,320,Y,288289152,0.96096384
87,827,Y,288143712,0.9604790400000001
73,719,Y,287859552,0.95953184
96,897,Y,287512160,0.9583738666666666
105,974,Y,287156496,0.9571883200000001
96,901,Y,286220576,0.9540685866666667
5,170,Y,286001552,0.9533385066666668
114,1045,Y,284372832,0.9479094400000001
32,387,Y,284154880,0.9471829333333333
100,928,Y,283652728,0.9455090933333333
59,605,Y,283651056,0.9455035199999999
40,450,Y,283567952,0.9452265066666666
12,230,Y,283470640,0.9449021333333333
102,948,Y,283395904,0.9446530133333334
6,177,Y,283393632,0.9446454400000001
59,607,Y,282679184,0.9422639466666667
34,405,Y,281568656,0.9385621866666668
81,782,Y,281396504,0.9379883466666668
82,788,Y,281347976,0.9378265866666667
111,1017,Y,281273744,0.9375791466666666
95,890,Y,281132328,0.93710776
101,943,Y,280128504,0.93376168
74,727,Y,280115312,0.9337177066666668
109,1002,Y,280100424,0.93366808
67,666,Y,280001208,0.93333736
99,921,Y,279731432,0.9324381066666667
14,243,Y,278413568,0.9280452266666666
73,713,Y,278260824,0.92753608
73,718,Y,278210016,0.92736672
76,743,Y,277966496,0.9265549866666667
112,1029,Y,277675800,0.9255859999999999
19,282,Y,277182616,0.9239420533333333
14,244,Y,276359544,0.9211984799999999
7,191,Y,276174608,0.9205820266666667
5,175,Y,275927928,0.9197597599999999
93,873,Y,275343056,0.9178101866666667
61,619,Y,275265824,0.9175527466666666
67,667,Y,275120120,0.9170670666666667
21,299,Y,274892040,0.9163068
44,481,Y,274522296,0.91507432
25,329,Y,274520456,0.9150681866666667
39,446,Y,273460760,0.9115358666666666
110,1012,Y,273460336,0.9115344533333334
27,350,Y,273170456,0.9105681866666666
7,186,Y,273047168,0.9101572266666667
114,1041,Y,273019384,0.9100646133333332
112,1031,Y,272589032,0.9086301066666667
57,585,Y,272370016,0.9079000533333332
72,709,Y,272187936,0.9072931200000001
56,582,Y,272139824,0.9071327466666665
123,1115,Y,272014504,0.9067150133333334
2,149,Y,271344872,0.9044829066666666
23,314,Y,270806880,0.9026896
28,359,Y,270659976,0.90219992
35,410,Y,270545760,0.9018191999999999
3,155,Y,270534904,0.9017830133333333
2,147,Y,269932848,0.8997761599999999
78,758,Y,269777304,0.8992576800000001
120,1090,Y,269425120,0.8980837333333334
21,302,Y,268754824,0.8958494133333333
16,259,Y,268674448,0.8955814933333334
86,818,Y,268557624,0.8951920800000001
26,336,Y,268475720,0.8949190666666668
25,328,Y,268474504,0.8949150133333333
12,228,Y,267981736,0.8932724533333334
12,231,Y,267286528,0.8909550933333333
110,1009,Y,266412592,0.8880419733333333
75,735,Y,266270752,0.8875691733333333
101,937,Y,265400312,0.8846677066666666
32,389,Y,264377011,0.8812567033333333
74,724,Y,264194792,0.8806493066666667
78,755,Y,263123352,0.87707784
120,1093,Y,262321464,0.8744048799999999
16,260,Y,261049976,0.8701665866666666
15,251,Y,260420016,0.8680667200000001
93,872,Y,260400288,0.86800096
34,402,Y,260387176,0.8679572533333334
22,308,Y,260325472,0.8677515733333333
13,238,Y,259551640,0.8651721333333332
12,229,Y,258909616,0.8630320533333333
72,710,Y,258622096,0.8620736533333333
76,741,Y,257493672,0.8583122400000001
110,1010,Y,257071344,0.85690448
114,1043,Y,256473128,0.8549104266666666
123,1114,Y,256465712,0.8548857066666667
56,579,Y,256452824,0.8548427466666666
25,334,Y,255896448,0.8529881600000001
99,922,Y,255767064,0.85255688
122,1107,Y,255498152,0.8516605066666667
127,1148,Y,255417424,0.8513914133333333
41,459,Y,254982032,0.8499401066666668
69,684,Y,254321408,0.8477380266666665
96,898,Y,254097328,0.8469910933333333
84,807,Y,253886408,0.8462880266666667
70,689,Y,252925216,0.8430840533333332
69,687,Y,252701152,0.8423371733333334
19,284,Y,251750792,0.8391693066666668
41,461,Y,251712384,0.83904128
104,960,Y,251439176,0.8381305866666666
95,895,Y,251142400,0.8371413333333333
46,499,Y,250491904,0.8349730133333334
52,549,Y,249740864,0.8324695466666667
94,881,Y,248934840,0.8297828
37,424,Y,248064264,0.8268808799999999
44,486,Y,247976864,0.8265895466666666
75,734,Y,247898528,0.8263284266666667
3,154,Y,247792536,0.8259751200000001
72,706,Y,247426904,0.8247563466666666
35,415,Y,247351736,0.8245057866666667
14,247,Y,246771232,0.8225707733333334
14,242,Y,246627256,0.8220908533333333
122,1106,Y,246567248,0.8218908266666667
78,753,Y,246528064,0.8217602133333333
54,561,Y,246434456,0.8214481866666666
59,603,Y,246273008,0.8209100266666667
35,408,Y,245422696,0.8180756533333333
69,681,Y,245210088,0.8173669600000001
25,335,Y,244901792,0.8163393066666667
105,973,Y,244346592,0.8144886400000001
127,1147,Y,244051992,0.81350664
94,884,Y,243984656,0.8132821866666667
24,322,Y,243849536,0.8128317866666667
37,429,Y,243849088,0.8128302933333333
23,319,Y,243233952,0.8107798399999999
69,682,Y,243233776,0.8107792533333333
93,875,Y,242611752,0.80870584
74,723,Y,242610032,0.8087001066666667
74,725,Y,242532624,0.8084420800000001
57,589,Y,242490088,0.8083002933333333
94,882,Y,242294728,0.8076490933333333
52,546,Y,241588088,0.8052936266666666
112,1030,Y,241498544,0.8049951466666667
111,1019,Y,241224456,0.8040815200000001
65,653,Y,241055144,0.8035171466666666
87,825,Y,241035360,0.8034512
51,542,Y,241012496,0.8033749866666667
78,752,Y,240539664,0.80179888
66,656,Y,239866576,0.7995552533333333
16,257,Y,239444992,0.7981499733333333
5,168,Y,238972032,0.7965734400000001
20,288,Y,238550496,0.79516832
41,460,Y,238345952,0.7944865066666665
98,917,Y,237987096,0.7932903200000001
43,476,Y,237815368,0.7927178933333332
84,803,Y,237725760,0.7924192
114,1044,Y,237568384,0.7918946133333333
57,586,Y,237282632,0.7909421066666666
76,742,Y,236797144,0.7893238133333332
122,1109,Y,236459080,0.7881969333333334
26,342,Y,235910308,0.7863676933333332
39,444,Y,235845520,0.7861517333333333
74,726,Y,235709640,0.7856988
51,538,Y,235603880,0.7853462666666666
28,353,Y,235087448,0.7836248266666667
76,740,Y,235021400,0.7834046666666667
46,500,Y,235014112,0.7833803733333333
102,951,Y,233917136,0.7797237866666666
127,1151,Y,233782456,0.7792748533333334
62,624,Y,233666416,0.7788880533333333
79,766,Y,233504352,0.77834784
25,330,Y,233179784,0.7772659466666667
59,602,Y,232872648,0.77624216
22,307,Y,232842312,0.77614104
13,239,Y,232728480,0.7757616
6,182,Y,232073752,0.7735791733333333
54,564,Y,231981816,0.77327272
35,409,Y,231941160,0.7731372000000001
54,560,Y,231817944,0.77272648
28,358,Y,230779184,0.7692639466666666
58,595,Y,230099960,0.7669998666666666
99,925,Y,230060720,0.7668690666666667
7,189,Y,229765432,0.7658847733333333
5,169,Y,229609488,0.7653649600000001
66,658,Y,229465136,0.7648837866666667
23,312,Y,228510032,0.7617001066666667
84,806,Y,228217664,0.7607255466666667
104,963,Y,228160832,0.7605361066666667
25,331,Y,228114896,0.7603829866666667
35,411,Y,227945120,0.7598170666666667
127,1149,Y,227314952,0.7577165066666667
26,341,Y,226877504,0.7562583466666667
67,671,Y,226121584,0.7537386133333334
54,562,Y,225933104,0.7531103466666667
57,588,Y,225386360,0.7512878666666667
112,1027,Y,224935704,0.74978568
62,627,Y,224375616,0.74791872
52,547,Y,223416120,0.7447204
7,187,Y,222019488,0.74006496
16,258,Y,221984520,0.7399484
16,262,Y,221749592,0.7391653066666667
37,425,Y,220779088,0.7359302933333334
40,449,Y,219832416,0.73277472
44,480,Y,218565760,0.7285525333333334
76,736,Y,218105296,0.7270176533333333
3,159,Y,217820776,0.7260692533333333
94,885,Y,217448304,0.72482768
46,496,Y,217423840,0.7247461333333334
39,447,Y,217124088,0.72374696
99,927,Y,216533440,0.7217781333333334
23,317,Y,215835304,0.7194510133333334
26,339,Y,215534832,0.71844944
52,544,Y,215426760,0.7180892
78,757,Y,214884784,0.7162826133333333
19,286,Y,214098280,0.7136609333333334
13,235,Y,213334456,0.7111148533333334
12,225,Y,212563766,0.7085458866666666
111,1023,Y,212376992,0.7079233066666667
77,744,Y,211794416,0.7059813866666667
26,338,Y,211488136,0.7049604533333333
67,670,Y,211028984,0.7034299466666667
44,482,Y,210652992,0.70217664
127,1150,Y,210179624,0.7005987466666667
39,443,Y,209654616,0.69884872
66,659,Y,209153616,0.69717872
84,804,Y,209137616,0.6971253866666667
22,311,Y,208955128,0.6965170933333333
57,587,Y,208812720,0.6960424
94,887,Y,207636208,0.6921206933333334
54,567,Y,206973960,0.6899132
26,340,Y,206325728,0.6877524266666667
78,756,Y,205933640,0.6864454666666667
32,384,Y,205843832,0.6861461066666666
58,599,Y,205428448,0.6847614933333334
116,1060,Y,204527264,0.6817575466666667
2,148,Y,203731736,0.6791057866666667
112,1026,Y,203256152,0.6775205066666666
56,583,Y,203019032,0.6767301066666667
66,660,Y,202841680,0.6761389333333334
112,1024,Y,202155480,0.6738516
43,474,Y,202027216,0.6734240533333333
32,386,Y,201623432,0.6720781066666667
64,645,Y,200621208,0.6687373600000001
41,463,Y,200580144,0.66860048
16,263,Y,200363758,0.6678791933333333
35,414,Y,198692024,0.6623067466666667
25,333,Y,198565520,0.6618850666666667
16,256,Y,198039328,0.6601310933333333
43,478,Y,197664992,0.6588833066666666
66,663,Y,197458680,0.6581956
30,374,Y,196537872,0.65512624
58,598,Y,194866384,0.6495546133333333
127,1145,Y,194758904,0.6491963466666667
66,662,Y,194502816,0.64834272
84,802,Y,193810744,0.6460358133333334
66,657,Y,193785920,0.6459530666666667
76,739,Y,193652760,0.6455092
21,301,Y,193117808,0.6437260266666667
37,430,Y,193117712,0.6437257066666667
58,594,Y,192111312,0.64037104
43,479,Y,189831360,0.6327712
58,596,Y,188897192,0.6296573066666666
54,565,Y,188655624,0.62885208
24,324,Y,187628872,0.6254295733333334
78,754,Y,186981920,0.6232730666666667
114,1047,Y,185737568,0.6191252266666667
12,224,Y,185333088,0.6177769599999999
23,318,Y,185171992,0.6172399733333334
84,805,Y,185083384,0.6169446133333334
7,188,Y,184617064,0.6153902133333333
40,451,Y,182537528,0.6084584266666667
122,1110,Y,181398128,0.6046604266666666
37,431,Y,180550896,0.60183632
12,227,Y,179787856,0.5992928533333333
94,883,Y,179244832,0.5974827733333333
58,597,Y,178757224,0.5958574133333333
30,373,Y,178127248,0.5937574933333334
6,181,Y,177531256,0.5917708533333333
2,151,Y,177106384,0.5903546133333333
112,1025,Y,174832136,0.5827737866666667
43,473,Y,174593920,0.5819797333333333
46,501,Y,174008944,0.5800298133333334
75,730,Y,170269080,0.5675636000000001
110,1008,Y,169594912,0.5653163733333333
43,472,Y,165727440,0.5524247999999999
122,1108,Y,165555072,0.55185024
84,801,Y,164881232,0.5496041066666667
6,178,Y,163417448,0.5447248266666667
53,558,Y,162565568,0.5418852266666667
25,332,Y,161061889,0.5368729633333333
2,150,Y,160473216,0.53491072
51,537,Y,158701464,0.52900488
39,440,Y,156931192,0.5231039733333334
111,1018,Y,155398040,0.5179934666666667
72,707,Y,154992608,0.5166420266666667
72,708,Y,153442648,0.5114754933333333
6,183,Y,150142240,0.5004741333333333
12,226,Y,146313264,0.48771088
41,462,Y,145877672,0.48625890666666666
2,145,Y,142660768,0.47553589333333335
6,176,Y,138219328,0.46073109333333334
6,179,Y,136714680,0.4557156
99,926,Y,135765552,0.45255184000000004
2,146,Y,132345520,0.44115173333333335
24,327,Y,130207624,0.43402541333333333
84,800,Y,127302992,0.42434330666666664
43,475,Y,122701872,0.40900624
54,563,Y,113001288,0.37667096
